==========================================================
Clamp-GT Task 1
Job: 1016833 | Date: Fri May  1 12:14:40 AM EDT 2026 | Host: n0091
==========================================================
Fri May  1 00:14:45 2026       
+-----------------------------------------------------------------------------------------+
| NVIDIA-SMI 570.211.01             Driver Version: 570.211.01     CUDA Version: 12.8     |
|-----------------------------------------+------------------------+----------------------+
| GPU  Name                 Persistence-M | Bus-Id          Disp.A | Volatile Uncorr. ECC |
| Fan  Temp   Perf          Pwr:Usage/Cap |           Memory-Usage | GPU-Util  Compute M. |
|                                         |                        |               MIG M. |
|=========================================+========================+======================|
|   0  NVIDIA A100-SXM4-80GB          On  |   00000000:01:00.0 Off |                   On |
| N/A   47C    P0            190W /  500W |   37003MiB /  81920MiB |     N/A      Default |
|                                         |                        |              Enabled |
+-----------------------------------------+------------------------+----------------------+
|   1  NVIDIA A100-SXM4-80GB          On  |   00000000:41:00.0 Off |                   On |
| N/A   39C    P0            179W /  500W |   37003MiB /  81920MiB |     N/A      Default |
|                                         |                        |              Enabled |
+-----------------------------------------+------------------------+----------------------+
|   2  NVIDIA A100-SXM4-80GB          On  |   00000000:81:00.0 Off |                   On |
| N/A   42C    P0            167W /  500W |    5232MiB /  81920MiB |     N/A      Default |
|                                         |                        |              Enabled |
+-----------------------------------------+------------------------+----------------------+
|   3  NVIDIA A100-SXM4-80GB          On  |   00000000:C1:00.0 Off |                   On |
| N/A   39C    P0            161W /  500W |   37003MiB /  81920MiB |     N/A      Default |
|                                         |                        |              Enabled |
+-----------------------------------------+------------------------+----------------------+

+-----------------------------------------------------------------------------------------+
| MIG devices:                                                                            |
+------------------+----------------------------------+-----------+-----------------------+
| GPU  GI  CI  MIG |                     Memory-Usage |        Vol|        Shared         |
|      ID  ID  Dev |                       BAR1-Usage | SM     Unc| CE ENC  DEC  OFA  JPG |
|                  |                                  |        ECC|                       |
|==================+==================================+===========+=======================|
|  3    5   0   0  |              53MiB / 19968MiB    | 28      0 |  2   0    1    0    0 |
|                  |                 0MiB / 32767MiB  |           |                       |
+------------------+----------------------------------+-----------+-----------------------+
                                                                                         
+-----------------------------------------------------------------------------------------+
| Processes:                                                                              |
|  GPU   GI   CI              PID   Type   Process name                        GPU Memory |
|        ID   ID                                                               Usage      |
|=========================================================================================|
|    0    1    0          4162874      C   python3                               36812MiB |
|    1    1    0            83956      C   python3                               36812MiB |
|    2    3    0           253486      C   python3                                1038MiB |
|    2    2    0          4109630      C   python                                 3998MiB |
+-----------------------------------------------------------------------------------------+
1.12.1
True
NVIDIA A100-SXM4-80GB MIG 2g.20gb
Dataset: minesweeper | sgformer
==========================================================
Starting mlp_gt GT Sweep for:
python main.py --model sgformer --dataset minesweeper             --hidden_channels 256 --layers 3 --num_heads 1     --lr 0.01 --weight_decay 5e-4 --dropout 0.3     --use_graph --use_act --alpha 0.5 --use_residual --use_bn --graph_weight 0.5     --epochs 1000             --metric rocauc             --runs 5 --device 0
Result dir: mlp_gt/results_full_clamp
==========================================================
Running GT Baseline (no reg)...
Namespace(aggregate='add', alpha=0.5, attention='gcn', beta=-1.0, bn=False, cpu=False, data_dir='../data/', dataset='minesweeper', device=0, dim_inner=256, display_step=100, dropout=0.3, epochs=1000, global_dropout=None, global_layers=2, gnn='gcn', graph_weight=0.5, hidden_channels=256, hops=10, in_dropout=0.0, jk=False, label_num_per_class=20, lambda_val=0.5, layers=3, ln=False, local_gnn_type='GCN', local_layers=7, lr=0.01, metric='rocauc', mlp_epochs=500, mlp_reg=False, model='sgformer', model_dir='./model/', n_heads=1, num_centroids=4096, num_heads=1, oracle_reg=False, pe_types='RWSE', pre_linear=False, pre_ln=False, rand_split=False, rand_split_class=False, reg_start_epoch=10, reg_update_freq=5, res=False, result_dir='mlp_gt/results_full_clamp', runs=5, save_model=False, save_result=False, seed=42, test_num=1000, train_prop=0.5, use_act=True, use_bn=True, use_graph=True, use_reg=False, use_residual=True, use_weight=False, valid_num=500, valid_prop=0.25, weight_decay=0.0005)
minesweeper
dataset minesweeper | num nodes 10000 | num edge 39402 | num node feats 7 | num classes 2
MODEL: SGFormer(
  (trans_conv): TransConv(
    (convs): ModuleList(
      (0): TransConvLayer(
        (Wk): Linear(in_features=256, out_features=256, bias=True)
        (Wq): Linear(in_features=256, out_features=256, bias=True)
      )
      (1): TransConvLayer(
        (Wk): Linear(in_features=256, out_features=256, bias=True)
        (Wq): Linear(in_features=256, out_features=256, bias=True)
      )
      (2): TransConvLayer(
        (Wk): Linear(in_features=256, out_features=256, bias=True)
        (Wq): Linear(in_features=256, out_features=256, bias=True)
      )
    )
    (fcs): ModuleList(
      (0): Linear(in_features=7, out_features=256, bias=True)
    )
    (bns): ModuleList(
      (0): LayerNorm((256,), eps=1e-05, elementwise_affine=True)
      (1): LayerNorm((256,), eps=1e-05, elementwise_affine=True)
      (2): LayerNorm((256,), eps=1e-05, elementwise_affine=True)
      (3): LayerNorm((256,), eps=1e-05, elementwise_affine=True)
    )
  )
  (gnn): GCN(
    (convs): ModuleList(
      (0): GCNConv(7, 256)
      (1): GCNConv(256, 256)
      (2): GCNConv(256, 256)
    )
    (bns): ModuleList(
      (0): BatchNorm1d(256, eps=1e-05, momentum=0.1, affine=True, track_running_stats=True)
      (1): BatchNorm1d(256, eps=1e-05, momentum=0.1, affine=True, track_running_stats=True)
    )
  )
  (fc): Linear(in_features=256, out_features=2, bias=True)
)
Epoch: 00, Loss: 0.6479, Train: 58.28%, Valid: 56.22%, Test: 57.72%, Best Valid: 56.22%, Best Test: 57.72%
Epoch: 100, Loss: 0.3899, Train: 78.21%, Valid: 74.06%, Test: 72.97%, Best Valid: 74.61%, Best Test: 74.17%
Epoch: 200, Loss: 0.3671, Train: 81.66%, Valid: 76.80%, Test: 76.06%, Best Valid: 78.66%, Best Test: 78.19%
Epoch: 300, Loss: 0.3546, Train: 84.33%, Valid: 78.00%, Test: 77.49%, Best Valid: 79.73%, Best Test: 79.39%
Epoch: 400, Loss: 0.3628, Train: 84.50%, Valid: 77.40%, Test: 77.41%, Best Valid: 80.16%, Best Test: 79.44%
Epoch: 500, Loss: 0.3367, Train: 86.70%, Valid: 79.24%, Test: 78.73%, Best Valid: 80.38%, Best Test: 79.44%
Epoch: 600, Loss: 0.3289, Train: 88.43%, Valid: 79.92%, Test: 78.90%, Best Valid: 80.49%, Best Test: 79.54%
Epoch: 700, Loss: 0.3246, Train: 88.33%, Valid: 80.06%, Test: 78.69%, Best Valid: 81.05%, Best Test: 79.64%
Epoch: 800, Loss: 0.3238, Train: 87.42%, Valid: 77.30%, Test: 76.60%, Best Valid: 81.05%, Best Test: 79.64%
Epoch: 900, Loss: 0.3206, Train: 88.61%, Valid: 78.31%, Test: 76.98%, Best Valid: 81.05%, Best Test: 79.64%
Run 01:
Highest Train: 90.27
Highest Valid: 81.05
Highest Test: 80.03
Chosen epoch: 624
Final Train: 87.87
Final Test: 79.64
Epoch: 00, Loss: 1.1936, Train: 57.57%, Valid: 59.60%, Test: 58.13%, Best Valid: 59.60%, Best Test: 58.13%
Epoch: 100, Loss: 0.4330, Train: 76.57%, Valid: 75.40%, Test: 76.04%, Best Valid: 75.58%, Best Test: 76.13%
Epoch: 200, Loss: 0.3969, Train: 76.35%, Valid: 73.65%, Test: 73.07%, Best Valid: 77.47%, Best Test: 77.91%
Epoch: 300, Loss: 0.3886, Train: 80.31%, Valid: 76.08%, Test: 76.83%, Best Valid: 78.84%, Best Test: 80.06%
Epoch: 400, Loss: 0.3716, Train: 82.43%, Valid: 78.72%, Test: 79.68%, Best Valid: 78.98%, Best Test: 79.75%
Epoch: 500, Loss: 0.3595, Train: 84.63%, Valid: 78.91%, Test: 80.32%, Best Valid: 79.77%, Best Test: 80.95%
Epoch: 600, Loss: 0.3500, Train: 85.48%, Valid: 78.39%, Test: 78.75%, Best Valid: 80.16%, Best Test: 80.98%
Epoch: 700, Loss: 0.3433, Train: 86.54%, Valid: 78.62%, Test: 78.73%, Best Valid: 80.37%, Best Test: 81.53%
Epoch: 800, Loss: 0.3367, Train: 87.06%, Valid: 78.08%, Test: 79.21%, Best Valid: 80.37%, Best Test: 81.53%
Epoch: 900, Loss: 0.3309, Train: 87.59%, Valid: 80.05%, Test: 80.61%, Best Valid: 80.55%, Best Test: 81.71%
Run 02:
Highest Train: 89.23
Highest Valid: 80.55
Highest Test: 81.81
Chosen epoch: 884
Final Train: 88.37
Final Test: 81.71
Epoch: 00, Loss: 1.8990, Train: 58.15%, Valid: 58.36%, Test: 59.31%, Best Valid: 58.36%, Best Test: 59.31%
Epoch: 100, Loss: 0.4263, Train: 76.20%, Valid: 72.94%, Test: 72.53%, Best Valid: 73.21%, Best Test: 72.99%
Epoch: 200, Loss: 0.3942, Train: 79.06%, Valid: 75.61%, Test: 74.23%, Best Valid: 76.93%, Best Test: 76.24%
Epoch: 300, Loss: 0.3764, Train: 82.22%, Valid: 77.47%, Test: 77.39%, Best Valid: 78.00%, Best Test: 77.92%
Epoch: 400, Loss: 0.3742, Train: 82.66%, Valid: 77.47%, Test: 76.29%, Best Valid: 78.58%, Best Test: 78.84%
Epoch: 500, Loss: 0.3756, Train: 84.62%, Valid: 77.89%, Test: 78.67%, Best Valid: 79.09%, Best Test: 79.47%
Epoch: 600, Loss: 0.3441, Train: 86.77%, Valid: 78.71%, Test: 78.64%, Best Valid: 79.45%, Best Test: 79.77%
Epoch: 700, Loss: 0.3270, Train: 87.96%, Valid: 79.53%, Test: 79.97%, Best Valid: 79.82%, Best Test: 80.28%
Epoch: 800, Loss: 0.3308, Train: 87.40%, Valid: 78.78%, Test: 77.98%, Best Valid: 80.29%, Best Test: 79.15%
Epoch: 900, Loss: 0.3210, Train: 88.82%, Valid: 79.16%, Test: 78.46%, Best Valid: 80.29%, Best Test: 79.15%
Run 03:
Highest Train: 89.44
Highest Valid: 80.32
Highest Test: 80.28
Chosen epoch: 978
Final Train: 89.44
Final Test: 79.28
Epoch: 00, Loss: 1.2351, Train: 62.25%, Valid: 58.35%, Test: 60.01%, Best Valid: 58.35%, Best Test: 60.01%
Epoch: 100, Loss: 0.4217, Train: 75.97%, Valid: 73.85%, Test: 74.45%, Best Valid: 74.16%, Best Test: 74.75%
Epoch: 200, Loss: 0.3952, Train: 78.96%, Valid: 75.65%, Test: 76.68%, Best Valid: 77.58%, Best Test: 78.43%
Epoch: 300, Loss: 0.3730, Train: 82.13%, Valid: 77.84%, Test: 79.07%, Best Valid: 78.07%, Best Test: 79.50%
Epoch: 400, Loss: 0.3647, Train: 84.31%, Valid: 78.41%, Test: 79.92%, Best Valid: 78.61%, Best Test: 79.63%
Epoch: 500, Loss: 0.3618, Train: 85.05%, Valid: 78.34%, Test: 79.57%, Best Valid: 79.15%, Best Test: 80.67%
Epoch: 600, Loss: 0.3394, Train: 85.56%, Valid: 77.89%, Test: 78.97%, Best Valid: 79.63%, Best Test: 80.85%
Epoch: 700, Loss: 0.3353, Train: 87.15%, Valid: 78.14%, Test: 79.87%, Best Valid: 79.68%, Best Test: 81.04%
Epoch: 800, Loss: 0.3242, Train: 88.70%, Valid: 79.97%, Test: 81.58%, Best Valid: 79.97%, Best Test: 81.58%
Epoch: 900, Loss: 0.3298, Train: 86.70%, Valid: 78.88%, Test: 80.39%, Best Valid: 80.09%, Best Test: 81.16%
Run 04:
Highest Train: 89.83
Highest Valid: 80.09
Highest Test: 81.58
Chosen epoch: 828
Final Train: 88.51
Final Test: 81.16
Epoch: 00, Loss: 2.1596, Train: 60.36%, Valid: 60.73%, Test: 59.56%, Best Valid: 60.73%, Best Test: 59.56%
Epoch: 100, Loss: 0.4359, Train: 75.86%, Valid: 75.48%, Test: 73.51%, Best Valid: 75.48%, Best Test: 73.51%
Epoch: 200, Loss: 0.4075, Train: 79.97%, Valid: 77.60%, Test: 76.20%, Best Valid: 78.49%, Best Test: 77.75%
Epoch: 300, Loss: 0.3857, Train: 73.57%, Valid: 70.17%, Test: 68.26%, Best Valid: 79.17%, Best Test: 78.76%
Epoch: 400, Loss: 0.3748, Train: 81.49%, Valid: 77.26%, Test: 76.61%, Best Valid: 79.56%, Best Test: 79.02%
Epoch: 500, Loss: 0.3798, Train: 82.23%, Valid: 77.85%, Test: 77.05%, Best Valid: 79.56%, Best Test: 79.02%
Epoch: 600, Loss: 0.3649, Train: 82.90%, Valid: 77.10%, Test: 76.00%, Best Valid: 80.28%, Best Test: 79.29%
Epoch: 700, Loss: 0.3510, Train: 84.75%, Valid: 78.20%, Test: 77.86%, Best Valid: 80.94%, Best Test: 80.07%
Epoch: 800, Loss: 0.3409, Train: 86.58%, Valid: 78.51%, Test: 77.65%, Best Valid: 80.94%, Best Test: 80.07%
Epoch: 900, Loss: 0.3363, Train: 88.11%, Valid: 80.09%, Test: 79.57%, Best Valid: 80.94%, Best Test: 80.07%
Run 05:
Highest Train: 88.62
Highest Valid: 80.94
Highest Test: 80.22
Chosen epoch: 636
Final Train: 86.01
Final Test: 80.07
All runs:
Highest Train: 89.48 ± 0.62
Highest Test: 80.79 ± 0.84
Highest Valid: 80.59 ± 0.41
  Final Train: 88.04 ± 1.27
   Final Test: 80.37 ± 1.03
Saving results to mlp_gt/results_full_clamp/minesweeper/sgformer.csv

Running with MLP-GT Regularization (lambda=0.01)...
Namespace(aggregate='add', alpha=0.5, attention='gcn', beta=-1.0, bn=False, cpu=False, data_dir='../data/', dataset='minesweeper', device=0, dim_inner=256, display_step=100, dropout=0.3, epochs=1000, global_dropout=None, global_layers=2, gnn='gcn', graph_weight=0.5, hidden_channels=256, hops=10, in_dropout=0.0, jk=False, label_num_per_class=20, lambda_val=0.01, layers=3, ln=False, local_gnn_type='GCN', local_layers=7, lr=0.01, metric='rocauc', mlp_epochs=500, mlp_reg=True, model='sgformer', model_dir='./model/', n_heads=1, num_centroids=4096, num_heads=1, oracle_reg=False, pe_types='RWSE', pre_linear=False, pre_ln=False, rand_split=False, rand_split_class=False, reg_start_epoch=10, reg_update_freq=5, res=False, result_dir='mlp_gt/results_full_clamp', runs=5, save_model=False, save_result=False, seed=42, test_num=1000, train_prop=0.5, use_act=True, use_bn=True, use_graph=True, use_reg=True, use_residual=True, use_weight=False, valid_num=500, valid_prop=0.25, weight_decay=0.0005)
minesweeper
dataset minesweeper | num nodes 10000 | num edge 39402 | num node feats 7 | num classes 2
MODEL: SGFormer(
  (trans_conv): TransConv(
    (convs): ModuleList(
      (0): TransConvLayer(
        (Wk): Linear(in_features=256, out_features=256, bias=True)
        (Wq): Linear(in_features=256, out_features=256, bias=True)
      )
      (1): TransConvLayer(
        (Wk): Linear(in_features=256, out_features=256, bias=True)
        (Wq): Linear(in_features=256, out_features=256, bias=True)
      )
      (2): TransConvLayer(
        (Wk): Linear(in_features=256, out_features=256, bias=True)
        (Wq): Linear(in_features=256, out_features=256, bias=True)
      )
    )
    (fcs): ModuleList(
      (0): Linear(in_features=7, out_features=256, bias=True)
    )
    (bns): ModuleList(
      (0): LayerNorm((256,), eps=1e-05, elementwise_affine=True)
      (1): LayerNorm((256,), eps=1e-05, elementwise_affine=True)
      (2): LayerNorm((256,), eps=1e-05, elementwise_affine=True)
      (3): LayerNorm((256,), eps=1e-05, elementwise_affine=True)
    )
  )
  (gnn): GCN(
    (convs): ModuleList(
      (0): GCNConv(7, 256)
      (1): GCNConv(256, 256)
      (2): GCNConv(256, 256)
    )
    (bns): ModuleList(
      (0): BatchNorm1d(256, eps=1e-05, momentum=0.1, affine=True, track_running_stats=True)
      (1): BatchNorm1d(256, eps=1e-05, momentum=0.1, affine=True, track_running_stats=True)
    )
  )
  (fc): Linear(in_features=256, out_features=2, bias=True)
)
Pre-training MLP for 500 epochs to generate co-occurrence matrix...
MLP pre-training complete. Penalty matrix frozen.
Epoch: 00, Loss: 0.6555, Train: 58.43%, Valid: 56.33%, Test: 57.81%, Best Valid: 56.33%, Best Test: 57.81%
Epoch: 100, Loss: 0.3962, Train: 77.51%, Valid: 74.21%, Test: 73.23%, Best Valid: 74.76%, Best Test: 74.00%
Epoch: 200, Loss: 0.3732, Train: 82.42%, Valid: 77.25%, Test: 77.41%, Best Valid: 78.28%, Best Test: 77.97%
Epoch: 300, Loss: 0.3552, Train: 84.75%, Valid: 78.20%, Test: 77.78%, Best Valid: 79.12%, Best Test: 78.49%
Epoch: 400, Loss: 0.3462, Train: 84.97%, Valid: 77.90%, Test: 76.66%, Best Valid: 80.43%, Best Test: 79.61%
Epoch: 500, Loss: 0.3335, Train: 86.45%, Valid: 78.67%, Test: 78.57%, Best Valid: 80.43%, Best Test: 79.61%
Epoch: 600, Loss: 0.3325, Train: 87.76%, Valid: 79.60%, Test: 78.71%, Best Valid: 80.45%, Best Test: 79.70%
Epoch: 700, Loss: 0.3313, Train: 88.28%, Valid: 79.17%, Test: 78.22%, Best Valid: 80.79%, Best Test: 79.59%
Epoch: 800, Loss: 0.3244, Train: 88.71%, Valid: 79.39%, Test: 78.28%, Best Valid: 80.79%, Best Test: 79.59%
Epoch: 900, Loss: 0.3218, Train: 89.47%, Valid: 78.88%, Test: 78.60%, Best Valid: 80.79%, Best Test: 79.59%
Run 01:
Highest Train: 90.16
Highest Valid: 80.79
Highest Test: 80.15
Chosen epoch: 668
Final Train: 88.51
Final Test: 79.59
Pre-training MLP for 500 epochs to generate co-occurrence matrix...
MLP pre-training complete. Penalty matrix frozen.
Epoch: 00, Loss: 1.4374, Train: 57.03%, Valid: 55.86%, Test: 58.12%, Best Valid: 55.86%, Best Test: 58.12%
Epoch: 100, Loss: 0.4388, Train: 74.97%, Valid: 73.69%, Test: 74.55%, Best Valid: 73.79%, Best Test: 74.59%
Epoch: 200, Loss: 0.3994, Train: 79.54%, Valid: 76.89%, Test: 78.07%, Best Valid: 77.62%, Best Test: 78.83%
Epoch: 300, Loss: 0.3821, Train: 82.41%, Valid: 78.47%, Test: 79.41%, Best Valid: 78.90%, Best Test: 80.40%
Epoch: 400, Loss: 0.3776, Train: 82.47%, Valid: 78.85%, Test: 80.05%, Best Valid: 79.51%, Best Test: 81.30%
Epoch: 500, Loss: 0.3669, Train: 80.54%, Valid: 75.70%, Test: 76.05%, Best Valid: 79.55%, Best Test: 80.70%
Epoch: 600, Loss: 0.3494, Train: 86.41%, Valid: 78.72%, Test: 79.73%, Best Valid: 80.13%, Best Test: 80.78%
Epoch: 700, Loss: 0.3465, Train: 87.29%, Valid: 79.69%, Test: 80.75%, Best Valid: 80.18%, Best Test: 80.98%
Epoch: 800, Loss: 0.3493, Train: 87.28%, Valid: 79.83%, Test: 80.77%, Best Valid: 80.37%, Best Test: 81.68%
Epoch: 900, Loss: 0.3318, Train: 88.39%, Valid: 79.76%, Test: 80.14%, Best Valid: 80.37%, Best Test: 81.68%
Run 02:
Highest Train: 89.33
Highest Valid: 80.76
Highest Test: 82.44
Chosen epoch: 919
Final Train: 88.24
Final Test: 82.44
Pre-training MLP for 500 epochs to generate co-occurrence matrix...
MLP pre-training complete. Penalty matrix frozen.
Epoch: 00, Loss: 1.5660, Train: 57.44%, Valid: 54.69%, Test: 56.47%, Best Valid: 54.69%, Best Test: 56.47%
Epoch: 100, Loss: 0.4272, Train: 75.80%, Valid: 72.31%, Test: 71.77%, Best Valid: 72.41%, Best Test: 72.10%
Epoch: 200, Loss: 0.4014, Train: 80.13%, Valid: 76.60%, Test: 75.33%, Best Valid: 77.44%, Best Test: 77.22%
Epoch: 300, Loss: 0.3800, Train: 82.31%, Valid: 77.91%, Test: 77.06%, Best Valid: 78.56%, Best Test: 78.35%
Epoch: 400, Loss: 0.3753, Train: 82.48%, Valid: 76.86%, Test: 76.00%, Best Valid: 78.83%, Best Test: 78.70%
Epoch: 500, Loss: 0.3622, Train: 83.40%, Valid: 76.26%, Test: 76.11%, Best Valid: 78.97%, Best Test: 78.93%
Epoch: 600, Loss: 0.3562, Train: 85.94%, Valid: 78.93%, Test: 78.72%, Best Valid: 79.24%, Best Test: 79.42%
Epoch: 700, Loss: 0.3653, Train: 87.14%, Valid: 78.13%, Test: 78.38%, Best Valid: 79.73%, Best Test: 79.53%
Epoch: 800, Loss: 0.3345, Train: 87.61%, Valid: 79.11%, Test: 77.46%, Best Valid: 80.13%, Best Test: 79.29%
Epoch: 900, Loss: 0.3317, Train: 88.33%, Valid: 79.62%, Test: 79.86%, Best Valid: 80.33%, Best Test: 79.83%
Run 03:
Highest Train: 89.39
Highest Valid: 80.42
Highest Test: 80.03
Chosen epoch: 935
Final Train: 89.39
Final Test: 79.29
Pre-training MLP for 500 epochs to generate co-occurrence matrix...
MLP pre-training complete. Penalty matrix frozen.
Epoch: 00, Loss: 1.2750, Train: 58.10%, Valid: 56.68%, Test: 56.88%, Best Valid: 56.68%, Best Test: 56.88%
Epoch: 100, Loss: 0.4242, Train: 77.44%, Valid: 75.45%, Test: 76.06%, Best Valid: 75.47%, Best Test: 76.08%
Epoch: 200, Loss: 0.3974, Train: 79.63%, Valid: 75.66%, Test: 76.59%, Best Valid: 77.30%, Best Test: 78.64%
Epoch: 300, Loss: 0.3867, Train: 75.82%, Valid: 71.72%, Test: 72.86%, Best Valid: 77.99%, Best Test: 79.24%
Epoch: 400, Loss: 0.3652, Train: 83.82%, Valid: 77.24%, Test: 78.80%, Best Valid: 78.61%, Best Test: 79.82%
Epoch: 500, Loss: 0.3534, Train: 85.85%, Valid: 78.55%, Test: 80.24%, Best Valid: 78.78%, Best Test: 80.28%
Epoch: 600, Loss: 0.3469, Train: 86.84%, Valid: 78.32%, Test: 80.39%, Best Valid: 79.35%, Best Test: 80.72%
Epoch: 700, Loss: 0.3323, Train: 87.79%, Valid: 78.59%, Test: 80.32%, Best Valid: 79.35%, Best Test: 80.72%
Epoch: 800, Loss: 0.3288, Train: 87.62%, Valid: 78.20%, Test: 79.90%, Best Valid: 79.45%, Best Test: 81.02%
Epoch: 900, Loss: 0.3768, Train: 85.38%, Valid: 75.83%, Test: 76.91%, Best Valid: 79.45%, Best Test: 81.02%
Run 04:
Highest Train: 89.66
Highest Valid: 79.48
Highest Test: 81.28
Chosen epoch: 993
Final Train: 89.66
Final Test: 80.65
Pre-training MLP for 500 epochs to generate co-occurrence matrix...
MLP pre-training complete. Penalty matrix frozen.
Epoch: 00, Loss: 3.7998, Train: 58.18%, Valid: 56.69%, Test: 58.43%, Best Valid: 56.69%, Best Test: 58.43%
Epoch: 100, Loss: 0.4423, Train: 76.41%, Valid: 75.72%, Test: 74.28%, Best Valid: 75.76%, Best Test: 74.35%
Epoch: 200, Loss: 0.4081, Train: 79.73%, Valid: 77.43%, Test: 76.10%, Best Valid: 78.02%, Best Test: 76.72%
Epoch: 300, Loss: 0.3909, Train: 80.52%, Valid: 77.29%, Test: 75.84%, Best Valid: 79.12%, Best Test: 78.07%
Epoch: 400, Loss: 0.3857, Train: 81.37%, Valid: 77.57%, Test: 76.59%, Best Valid: 79.80%, Best Test: 79.21%
Epoch: 500, Loss: 0.3713, Train: 83.76%, Valid: 79.03%, Test: 78.59%, Best Valid: 80.07%, Best Test: 79.51%
Epoch: 600, Loss: 0.3685, Train: 85.67%, Valid: 79.76%, Test: 79.02%, Best Valid: 80.44%, Best Test: 79.90%
Epoch: 700, Loss: 0.3533, Train: 86.85%, Valid: 80.02%, Test: 79.82%, Best Valid: 80.49%, Best Test: 79.68%
Epoch: 800, Loss: 0.3477, Train: 86.01%, Valid: 78.76%, Test: 78.10%, Best Valid: 80.49%, Best Test: 79.68%
Epoch: 900, Loss: 0.3412, Train: 84.76%, Valid: 76.08%, Test: 75.45%, Best Valid: 80.49%, Best Test: 79.68%
Run 05:
Highest Train: 88.58
Highest Valid: 80.49
Highest Test: 80.49
Chosen epoch: 666
Final Train: 86.25
Final Test: 79.68
All runs:
Highest Train: 89.42 ± 0.57
Highest Test: 80.88 ± 1.00
Highest Valid: 80.39 ± 0.53
  Final Train: 88.41 ± 1.34
   Final Test: 80.33 ± 1.29
Saving results to mlp_gt/results_full_clamp/minesweeper/sgformer.csv

Running with MLP-GT Regularization (lambda=0.1)...
Namespace(aggregate='add', alpha=0.5, attention='gcn', beta=-1.0, bn=False, cpu=False, data_dir='../data/', dataset='minesweeper', device=0, dim_inner=256, display_step=100, dropout=0.3, epochs=1000, global_dropout=None, global_layers=2, gnn='gcn', graph_weight=0.5, hidden_channels=256, hops=10, in_dropout=0.0, jk=False, label_num_per_class=20, lambda_val=0.1, layers=3, ln=False, local_gnn_type='GCN', local_layers=7, lr=0.01, metric='rocauc', mlp_epochs=500, mlp_reg=True, model='sgformer', model_dir='./model/', n_heads=1, num_centroids=4096, num_heads=1, oracle_reg=False, pe_types='RWSE', pre_linear=False, pre_ln=False, rand_split=False, rand_split_class=False, reg_start_epoch=10, reg_update_freq=5, res=False, result_dir='mlp_gt/results_full_clamp', runs=5, save_model=False, save_result=False, seed=42, test_num=1000, train_prop=0.5, use_act=True, use_bn=True, use_graph=True, use_reg=True, use_residual=True, use_weight=False, valid_num=500, valid_prop=0.25, weight_decay=0.0005)
minesweeper
dataset minesweeper | num nodes 10000 | num edge 39402 | num node feats 7 | num classes 2
MODEL: SGFormer(
  (trans_conv): TransConv(
    (convs): ModuleList(
      (0): TransConvLayer(
        (Wk): Linear(in_features=256, out_features=256, bias=True)
        (Wq): Linear(in_features=256, out_features=256, bias=True)
      )
      (1): TransConvLayer(
        (Wk): Linear(in_features=256, out_features=256, bias=True)
        (Wq): Linear(in_features=256, out_features=256, bias=True)
      )
      (2): TransConvLayer(
        (Wk): Linear(in_features=256, out_features=256, bias=True)
        (Wq): Linear(in_features=256, out_features=256, bias=True)
      )
    )
    (fcs): ModuleList(
      (0): Linear(in_features=7, out_features=256, bias=True)
    )
    (bns): ModuleList(
      (0): LayerNorm((256,), eps=1e-05, elementwise_affine=True)
      (1): LayerNorm((256,), eps=1e-05, elementwise_affine=True)
      (2): LayerNorm((256,), eps=1e-05, elementwise_affine=True)
      (3): LayerNorm((256,), eps=1e-05, elementwise_affine=True)
    )
  )
  (gnn): GCN(
    (convs): ModuleList(
      (0): GCNConv(7, 256)
      (1): GCNConv(256, 256)
      (2): GCNConv(256, 256)
    )
    (bns): ModuleList(
      (0): BatchNorm1d(256, eps=1e-05, momentum=0.1, affine=True, track_running_stats=True)
      (1): BatchNorm1d(256, eps=1e-05, momentum=0.1, affine=True, track_running_stats=True)
    )
  )
  (fc): Linear(in_features=256, out_features=2, bias=True)
)
Pre-training MLP for 500 epochs to generate co-occurrence matrix...
MLP pre-training complete. Penalty matrix frozen.
Epoch: 00, Loss: 0.7139, Train: 58.42%, Valid: 56.32%, Test: 57.81%, Best Valid: 56.32%, Best Test: 57.81%
Epoch: 100, Loss: 0.4327, Train: 79.09%, Valid: 75.82%, Test: 74.82%, Best Valid: 75.82%, Best Test: 74.82%
Epoch: 200, Loss: 0.4092, Train: 82.79%, Valid: 76.80%, Test: 76.40%, Best Valid: 78.39%, Best Test: 77.98%
Epoch: 300, Loss: 0.3898, Train: 85.78%, Valid: 79.87%, Test: 79.76%, Best Valid: 79.87%, Best Test: 79.76%
Epoch: 400, Loss: 0.3851, Train: 87.14%, Valid: 79.01%, Test: 78.53%, Best Valid: 79.87%, Best Test: 79.76%
Epoch: 500, Loss: 0.3649, Train: 87.77%, Valid: 78.92%, Test: 78.21%, Best Valid: 79.87%, Best Test: 79.76%
Epoch: 600, Loss: 0.3618, Train: 88.64%, Valid: 78.91%, Test: 78.35%, Best Valid: 80.34%, Best Test: 79.81%
Epoch: 700, Loss: 0.3552, Train: 88.94%, Valid: 79.47%, Test: 77.82%, Best Valid: 80.55%, Best Test: 79.54%
Epoch: 800, Loss: 0.3475, Train: 89.21%, Valid: 78.60%, Test: 78.20%, Best Valid: 80.55%, Best Test: 79.54%
Epoch: 900, Loss: 0.3598, Train: 89.15%, Valid: 79.66%, Test: 78.84%, Best Valid: 80.55%, Best Test: 79.54%
Run 01:
Highest Train: 90.40
Highest Valid: 80.55
Highest Test: 79.91
Chosen epoch: 613
Final Train: 88.97
Final Test: 79.54
Pre-training MLP for 500 epochs to generate co-occurrence matrix...
MLP pre-training complete. Penalty matrix frozen.
Epoch: 00, Loss: 1.6546, Train: 56.94%, Valid: 55.79%, Test: 58.43%, Best Valid: 55.79%, Best Test: 58.43%
Epoch: 100, Loss: 0.4763, Train: 75.23%, Valid: 74.09%, Test: 74.71%, Best Valid: 74.13%, Best Test: 75.01%
Epoch: 200, Loss: 0.4346, Train: 80.63%, Valid: 77.88%, Test: 79.13%, Best Valid: 78.10%, Best Test: 79.48%
Epoch: 300, Loss: 0.4223, Train: 81.74%, Valid: 77.75%, Test: 78.37%, Best Valid: 78.94%, Best Test: 80.47%
Epoch: 400, Loss: 0.4074, Train: 83.18%, Valid: 78.36%, Test: 79.62%, Best Valid: 79.11%, Best Test: 81.09%
Epoch: 500, Loss: 0.3932, Train: 84.28%, Valid: 78.69%, Test: 79.12%, Best Valid: 79.48%, Best Test: 80.97%
Epoch: 600, Loss: 0.3972, Train: 85.00%, Valid: 79.28%, Test: 79.53%, Best Valid: 80.20%, Best Test: 81.46%
Epoch: 700, Loss: 0.4207, Train: 84.15%, Valid: 78.43%, Test: 79.39%, Best Valid: 80.25%, Best Test: 81.11%
Epoch: 800, Loss: 0.3783, Train: 87.66%, Valid: 79.77%, Test: 81.70%, Best Valid: 80.33%, Best Test: 81.47%
Epoch: 900, Loss: 0.3657, Train: 85.17%, Valid: 76.55%, Test: 76.61%, Best Valid: 80.70%, Best Test: 81.04%
Run 02:
Highest Train: 89.34
Highest Valid: 80.70
Highest Test: 82.30
Chosen epoch: 877
Final Train: 87.88
Final Test: 81.04
Pre-training MLP for 500 epochs to generate co-occurrence matrix...
MLP pre-training complete. Penalty matrix frozen.
Epoch: 00, Loss: 2.0142, Train: 57.76%, Valid: 55.10%, Test: 56.61%, Best Valid: 55.10%, Best Test: 56.61%
Epoch: 100, Loss: 0.4673, Train: 76.16%, Valid: 72.72%, Test: 72.42%, Best Valid: 72.72%, Best Test: 72.42%
Epoch: 200, Loss: 0.4409, Train: 80.57%, Valid: 76.65%, Test: 76.02%, Best Valid: 77.35%, Best Test: 77.63%
Epoch: 300, Loss: 0.4158, Train: 81.49%, Valid: 76.84%, Test: 75.77%, Best Valid: 78.53%, Best Test: 78.30%
Epoch: 400, Loss: 0.4060, Train: 83.79%, Valid: 77.69%, Test: 78.09%, Best Valid: 78.83%, Best Test: 79.39%
Epoch: 500, Loss: 0.3889, Train: 85.06%, Valid: 78.76%, Test: 78.39%, Best Valid: 79.13%, Best Test: 79.15%
Epoch: 600, Loss: 0.3959, Train: 85.88%, Valid: 77.91%, Test: 78.10%, Best Valid: 79.46%, Best Test: 79.77%
Epoch: 700, Loss: 0.3727, Train: 87.36%, Valid: 79.51%, Test: 79.21%, Best Valid: 80.22%, Best Test: 80.00%
Epoch: 800, Loss: 0.3683, Train: 87.32%, Valid: 79.58%, Test: 79.55%, Best Valid: 80.44%, Best Test: 79.03%
Epoch: 900, Loss: 0.3686, Train: 87.96%, Valid: 80.30%, Test: 78.34%, Best Valid: 80.71%, Best Test: 79.78%
Run 03:
Highest Train: 89.52
Highest Valid: 80.74
Highest Test: 80.25
Chosen epoch: 947
Final Train: 88.98
Final Test: 80.23
Pre-training MLP for 500 epochs to generate co-occurrence matrix...
MLP pre-training complete. Penalty matrix frozen.
Epoch: 00, Loss: 1.3943, Train: 60.45%, Valid: 59.62%, Test: 60.97%, Best Valid: 59.62%, Best Test: 60.97%
Epoch: 100, Loss: 0.4620, Train: 77.10%, Valid: 75.18%, Test: 75.89%, Best Valid: 75.28%, Best Test: 75.95%
Epoch: 200, Loss: 0.4301, Train: 79.25%, Valid: 75.71%, Test: 76.43%, Best Valid: 77.45%, Best Test: 78.52%
Epoch: 300, Loss: 0.4083, Train: 81.12%, Valid: 76.53%, Test: 77.42%, Best Valid: 78.31%, Best Test: 79.41%
Epoch: 400, Loss: 0.3962, Train: 84.32%, Valid: 78.38%, Test: 79.75%, Best Valid: 78.83%, Best Test: 80.30%
Epoch: 500, Loss: 0.3944, Train: 85.54%, Valid: 78.67%, Test: 79.83%, Best Valid: 78.96%, Best Test: 80.36%
Epoch: 600, Loss: 0.3818, Train: 85.71%, Valid: 77.90%, Test: 79.94%, Best Valid: 79.26%, Best Test: 80.38%
Epoch: 700, Loss: 0.3645, Train: 87.20%, Valid: 77.92%, Test: 79.70%, Best Valid: 79.41%, Best Test: 81.09%
Epoch: 800, Loss: 0.3663, Train: 86.72%, Valid: 78.94%, Test: 80.81%, Best Valid: 79.74%, Best Test: 80.87%
Epoch: 900, Loss: 0.3584, Train: 88.21%, Valid: 79.38%, Test: 80.54%, Best Valid: 79.74%, Best Test: 80.87%
Run 04:
Highest Train: 89.38
Highest Valid: 79.74
Highest Test: 81.58
Chosen epoch: 783
Final Train: 88.21
Final Test: 80.87
Pre-training MLP for 500 epochs to generate co-occurrence matrix...
MLP pre-training complete. Penalty matrix frozen.
Epoch: 00, Loss: 3.6853, Train: 61.68%, Valid: 61.13%, Test: 61.10%, Best Valid: 61.13%, Best Test: 61.10%
Epoch: 100, Loss: 0.4784, Train: 75.77%, Valid: 75.40%, Test: 73.66%, Best Valid: 75.63%, Best Test: 73.86%
Epoch: 200, Loss: 0.4494, Train: 77.05%, Valid: 75.06%, Test: 73.39%, Best Valid: 77.86%, Best Test: 76.44%
Epoch: 300, Loss: 0.4279, Train: 80.47%, Valid: 77.37%, Test: 76.29%, Best Valid: 78.93%, Best Test: 78.03%
Epoch: 400, Loss: 0.4250, Train: 80.69%, Valid: 77.17%, Test: 76.22%, Best Valid: 79.36%, Best Test: 78.72%
Epoch: 500, Loss: 0.4064, Train: 82.71%, Valid: 77.84%, Test: 77.11%, Best Valid: 79.84%, Best Test: 79.39%
Epoch: 600, Loss: 0.3995, Train: 78.49%, Valid: 72.74%, Test: 71.60%, Best Valid: 79.84%, Best Test: 79.39%
Epoch: 700, Loss: 0.3842, Train: 85.66%, Valid: 79.02%, Test: 78.68%, Best Valid: 80.07%, Best Test: 79.32%
Epoch: 800, Loss: 0.3835, Train: 83.51%, Valid: 76.94%, Test: 75.66%, Best Valid: 80.20%, Best Test: 79.86%
Epoch: 900, Loss: 0.3729, Train: 87.20%, Valid: 79.86%, Test: 79.83%, Best Valid: 80.76%, Best Test: 80.06%
Run 05:
Highest Train: 88.39
Highest Valid: 80.76
Highest Test: 80.10
Chosen epoch: 877
Final Train: 87.66
Final Test: 80.06
All runs:
Highest Train: 89.41 ± 0.71
Highest Test: 80.83 ± 1.05
Highest Valid: 80.50 ± 0.43
  Final Train: 88.34 ± 0.62
   Final Test: 80.35 ± 0.61
Saving results to mlp_gt/results_full_clamp/minesweeper/sgformer.csv

Running with MLP-GT Regularization (lambda=0.2)...
Namespace(aggregate='add', alpha=0.5, attention='gcn', beta=-1.0, bn=False, cpu=False, data_dir='../data/', dataset='minesweeper', device=0, dim_inner=256, display_step=100, dropout=0.3, epochs=1000, global_dropout=None, global_layers=2, gnn='gcn', graph_weight=0.5, hidden_channels=256, hops=10, in_dropout=0.0, jk=False, label_num_per_class=20, lambda_val=0.2, layers=3, ln=False, local_gnn_type='GCN', local_layers=7, lr=0.01, metric='rocauc', mlp_epochs=500, mlp_reg=True, model='sgformer', model_dir='./model/', n_heads=1, num_centroids=4096, num_heads=1, oracle_reg=False, pe_types='RWSE', pre_linear=False, pre_ln=False, rand_split=False, rand_split_class=False, reg_start_epoch=10, reg_update_freq=5, res=False, result_dir='mlp_gt/results_full_clamp', runs=5, save_model=False, save_result=False, seed=42, test_num=1000, train_prop=0.5, use_act=True, use_bn=True, use_graph=True, use_reg=True, use_residual=True, use_weight=False, valid_num=500, valid_prop=0.25, weight_decay=0.0005)
minesweeper
dataset minesweeper | num nodes 10000 | num edge 39402 | num node feats 7 | num classes 2
MODEL: SGFormer(
  (trans_conv): TransConv(
    (convs): ModuleList(
      (0): TransConvLayer(
        (Wk): Linear(in_features=256, out_features=256, bias=True)
        (Wq): Linear(in_features=256, out_features=256, bias=True)
      )
      (1): TransConvLayer(
        (Wk): Linear(in_features=256, out_features=256, bias=True)
        (Wq): Linear(in_features=256, out_features=256, bias=True)
      )
      (2): TransConvLayer(
        (Wk): Linear(in_features=256, out_features=256, bias=True)
        (Wq): Linear(in_features=256, out_features=256, bias=True)
      )
    )
    (fcs): ModuleList(
      (0): Linear(in_features=7, out_features=256, bias=True)
    )
    (bns): ModuleList(
      (0): LayerNorm((256,), eps=1e-05, elementwise_affine=True)
      (1): LayerNorm((256,), eps=1e-05, elementwise_affine=True)
      (2): LayerNorm((256,), eps=1e-05, elementwise_affine=True)
      (3): LayerNorm((256,), eps=1e-05, elementwise_affine=True)
    )
  )
  (gnn): GCN(
    (convs): ModuleList(
      (0): GCNConv(7, 256)
      (1): GCNConv(256, 256)
      (2): GCNConv(256, 256)
    )
    (bns): ModuleList(
      (0): BatchNorm1d(256, eps=1e-05, momentum=0.1, affine=True, track_running_stats=True)
      (1): BatchNorm1d(256, eps=1e-05, momentum=0.1, affine=True, track_running_stats=True)
    )
  )
  (fc): Linear(in_features=256, out_features=2, bias=True)
)
Pre-training MLP for 500 epochs to generate co-occurrence matrix...
MLP pre-training complete. Penalty matrix frozen.
Epoch: 00, Loss: 0.7788, Train: 58.39%, Valid: 56.28%, Test: 57.78%, Best Valid: 56.28%, Best Test: 57.78%
Epoch: 100, Loss: 0.4768, Train: 78.02%, Valid: 74.64%, Test: 73.92%, Best Valid: 74.64%, Best Test: 73.92%
Epoch: 200, Loss: 0.4473, Train: 81.71%, Valid: 76.40%, Test: 76.14%, Best Valid: 78.26%, Best Test: 77.41%
Epoch: 300, Loss: 0.4259, Train: 83.97%, Valid: 77.47%, Test: 77.15%, Best Valid: 79.20%, Best Test: 78.71%
Epoch: 400, Loss: 0.4088, Train: 86.50%, Valid: 78.11%, Test: 77.52%, Best Valid: 79.97%, Best Test: 78.90%
Epoch: 500, Loss: 0.3995, Train: 86.48%, Valid: 76.98%, Test: 76.22%, Best Valid: 80.34%, Best Test: 79.03%
Epoch: 600, Loss: 0.3960, Train: 84.41%, Valid: 74.61%, Test: 73.17%, Best Valid: 80.34%, Best Test: 79.03%
Epoch: 700, Loss: 0.3901, Train: 86.81%, Valid: 77.80%, Test: 77.35%, Best Valid: 80.35%, Best Test: 79.51%
Epoch: 800, Loss: 0.3832, Train: 88.90%, Valid: 80.60%, Test: 78.99%, Best Valid: 80.81%, Best Test: 79.20%
Epoch: 900, Loss: 0.3901, Train: 89.20%, Valid: 79.03%, Test: 78.19%, Best Valid: 80.81%, Best Test: 79.20%
Run 01:
Highest Train: 90.46
Highest Valid: 80.81
Highest Test: 79.68
Chosen epoch: 799
Final Train: 89.21
Final Test: 79.20
Pre-training MLP for 500 epochs to generate co-occurrence matrix...
MLP pre-training complete. Penalty matrix frozen.
Epoch: 00, Loss: 1.5609, Train: 60.83%, Valid: 60.73%, Test: 62.64%, Best Valid: 60.73%, Best Test: 62.64%
Epoch: 100, Loss: 0.5138, Train: 77.00%, Valid: 75.67%, Test: 76.53%, Best Valid: 75.67%, Best Test: 76.53%
Epoch: 200, Loss: 0.4767, Train: 79.91%, Valid: 77.17%, Test: 77.63%, Best Valid: 77.73%, Best Test: 78.90%
Epoch: 300, Loss: 0.4558, Train: 81.54%, Valid: 78.01%, Test: 79.00%, Best Valid: 78.94%, Best Test: 80.36%
Epoch: 400, Loss: 0.4434, Train: 83.47%, Valid: 78.87%, Test: 80.05%, Best Valid: 79.54%, Best Test: 80.63%
Epoch: 500, Loss: 0.4251, Train: 84.60%, Valid: 79.12%, Test: 79.95%, Best Valid: 80.18%, Best Test: 81.18%
Epoch: 600, Loss: 0.4245, Train: 84.44%, Valid: 77.56%, Test: 77.10%, Best Valid: 80.51%, Best Test: 81.94%
Epoch: 700, Loss: 0.4111, Train: 87.39%, Valid: 79.41%, Test: 79.85%, Best Valid: 80.69%, Best Test: 81.85%
Epoch: 800, Loss: 0.4074, Train: 86.81%, Valid: 79.49%, Test: 80.48%, Best Valid: 80.69%, Best Test: 81.85%
Epoch: 900, Loss: 0.4018, Train: 88.01%, Valid: 79.27%, Test: 78.78%, Best Valid: 80.82%, Best Test: 80.87%
Run 02:
Highest Train: 89.53
Highest Valid: 81.23
Highest Test: 82.62
Chosen epoch: 944
Final Train: 89.29
Final Test: 82.62
Pre-training MLP for 500 epochs to generate co-occurrence matrix...
MLP pre-training complete. Penalty matrix frozen.
Epoch: 00, Loss: 2.0199, Train: 56.37%, Valid: 54.08%, Test: 55.79%, Best Valid: 54.08%, Best Test: 55.79%
Epoch: 100, Loss: 0.5169, Train: 75.79%, Valid: 72.22%, Test: 71.84%, Best Valid: 72.35%, Best Test: 72.18%
Epoch: 200, Loss: 0.4827, Train: 79.79%, Valid: 76.14%, Test: 75.71%, Best Valid: 76.83%, Best Test: 76.77%
Epoch: 300, Loss: 0.4588, Train: 82.27%, Valid: 77.70%, Test: 77.49%, Best Valid: 77.89%, Best Test: 77.78%
Epoch: 400, Loss: 0.4396, Train: 82.07%, Valid: 76.73%, Test: 76.33%, Best Valid: 78.87%, Best Test: 78.55%
Epoch: 500, Loss: 0.4395, Train: 85.14%, Valid: 78.72%, Test: 78.62%, Best Valid: 79.11%, Best Test: 78.78%
Epoch: 600, Loss: 0.4715, Train: 84.47%, Valid: 78.51%, Test: 79.02%, Best Valid: 79.35%, Best Test: 79.35%
Epoch: 700, Loss: 0.4047, Train: 85.73%, Valid: 78.83%, Test: 77.23%, Best Valid: 79.55%, Best Test: 78.35%
Epoch: 800, Loss: 0.4047, Train: 86.17%, Valid: 78.63%, Test: 77.24%, Best Valid: 79.92%, Best Test: 79.71%
Epoch: 900, Loss: 0.3978, Train: 87.52%, Valid: 78.36%, Test: 77.67%, Best Valid: 80.50%, Best Test: 79.68%
Run 03:
Highest Train: 89.19
Highest Valid: 80.50
Highest Test: 80.27
Chosen epoch: 805
Final Train: 88.17
Final Test: 79.68
Pre-training MLP for 500 epochs to generate co-occurrence matrix...
MLP pre-training complete. Penalty matrix frozen.
Epoch: 00, Loss: 1.2955, Train: 60.66%, Valid: 58.84%, Test: 59.48%, Best Valid: 58.84%, Best Test: 59.48%
Epoch: 100, Loss: 0.5093, Train: 77.70%, Valid: 75.45%, Test: 76.25%, Best Valid: 75.46%, Best Test: 76.31%
Epoch: 200, Loss: 0.4764, Train: 77.13%, Valid: 73.81%, Test: 74.21%, Best Valid: 76.57%, Best Test: 77.73%
Epoch: 300, Loss: 0.4625, Train: 81.27%, Valid: 76.49%, Test: 77.75%, Best Valid: 78.06%, Best Test: 79.62%
Epoch: 400, Loss: 0.4500, Train: 83.11%, Valid: 77.65%, Test: 78.45%, Best Valid: 78.72%, Best Test: 80.29%
Epoch: 500, Loss: 0.4398, Train: 83.00%, Valid: 77.29%, Test: 78.62%, Best Valid: 79.06%, Best Test: 80.22%
Epoch: 600, Loss: 0.4198, Train: 86.48%, Valid: 78.52%, Test: 79.95%, Best Valid: 79.06%, Best Test: 80.68%
Epoch: 700, Loss: 0.4086, Train: 85.05%, Valid: 77.86%, Test: 79.62%, Best Valid: 79.06%, Best Test: 80.68%
Epoch: 800, Loss: 0.4100, Train: 86.73%, Valid: 77.54%, Test: 79.45%, Best Valid: 79.56%, Best Test: 80.88%
Epoch: 900, Loss: 0.3859, Train: 87.95%, Valid: 77.01%, Test: 79.06%, Best Valid: 79.56%, Best Test: 80.88%
Run 04:
Highest Train: 89.49
Highest Valid: 79.66
Highest Test: 81.14
Chosen epoch: 948
Final Train: 89.49
Final Test: 80.87
Pre-training MLP for 500 epochs to generate co-occurrence matrix...
MLP pre-training complete. Penalty matrix frozen.
Epoch: 00, Loss: 4.3519, Train: 60.32%, Valid: 58.93%, Test: 60.06%, Best Valid: 58.93%, Best Test: 60.06%
Epoch: 100, Loss: 0.5287, Train: 76.45%, Valid: 75.88%, Test: 74.19%, Best Valid: 75.90%, Best Test: 74.32%
Epoch: 200, Loss: 0.4878, Train: 79.85%, Valid: 77.17%, Test: 76.18%, Best Valid: 77.66%, Best Test: 76.53%
Epoch: 300, Loss: 0.4670, Train: 80.34%, Valid: 77.36%, Test: 76.39%, Best Valid: 79.00%, Best Test: 78.65%
Epoch: 400, Loss: 0.4572, Train: 82.65%, Valid: 78.52%, Test: 78.24%, Best Valid: 80.24%, Best Test: 79.65%
Epoch: 500, Loss: 0.4498, Train: 81.83%, Valid: 77.42%, Test: 77.52%, Best Valid: 80.24%, Best Test: 79.65%
Epoch: 600, Loss: 0.4403, Train: 84.88%, Valid: 79.22%, Test: 79.46%, Best Valid: 80.24%, Best Test: 79.65%
Epoch: 700, Loss: 0.4206, Train: 86.26%, Valid: 80.34%, Test: 79.75%, Best Valid: 80.68%, Best Test: 80.60%
Epoch: 800, Loss: 0.4151, Train: 86.43%, Valid: 79.51%, Test: 79.00%, Best Valid: 80.68%, Best Test: 80.60%
Epoch: 900, Loss: 0.4135, Train: 86.70%, Valid: 78.37%, Test: 77.82%, Best Valid: 80.68%, Best Test: 80.28%
Run 05:
Highest Train: 88.37
Highest Valid: 80.68
Highest Test: 80.67
Chosen epoch: 803
Final Train: 87.47
Final Test: 80.28
All runs:
Highest Train: 89.41 ± 0.75
Highest Test: 80.87 ± 1.11
Highest Valid: 80.58 ± 0.58
  Final Train: 88.72 ± 0.87
   Final Test: 80.53 ± 1.33
Saving results to mlp_gt/results_full_clamp/minesweeper/sgformer.csv

Running with MLP-GT Regularization (lambda=0.4)...
Namespace(aggregate='add', alpha=0.5, attention='gcn', beta=-1.0, bn=False, cpu=False, data_dir='../data/', dataset='minesweeper', device=0, dim_inner=256, display_step=100, dropout=0.3, epochs=1000, global_dropout=None, global_layers=2, gnn='gcn', graph_weight=0.5, hidden_channels=256, hops=10, in_dropout=0.0, jk=False, label_num_per_class=20, lambda_val=0.4, layers=3, ln=False, local_gnn_type='GCN', local_layers=7, lr=0.01, metric='rocauc', mlp_epochs=500, mlp_reg=True, model='sgformer', model_dir='./model/', n_heads=1, num_centroids=4096, num_heads=1, oracle_reg=False, pe_types='RWSE', pre_linear=False, pre_ln=False, rand_split=False, rand_split_class=False, reg_start_epoch=10, reg_update_freq=5, res=False, result_dir='mlp_gt/results_full_clamp', runs=5, save_model=False, save_result=False, seed=42, test_num=1000, train_prop=0.5, use_act=True, use_bn=True, use_graph=True, use_reg=True, use_residual=True, use_weight=False, valid_num=500, valid_prop=0.25, weight_decay=0.0005)
minesweeper
dataset minesweeper | num nodes 10000 | num edge 39402 | num node feats 7 | num classes 2
MODEL: SGFormer(
  (trans_conv): TransConv(
    (convs): ModuleList(
      (0): TransConvLayer(
        (Wk): Linear(in_features=256, out_features=256, bias=True)
        (Wq): Linear(in_features=256, out_features=256, bias=True)
      )
      (1): TransConvLayer(
        (Wk): Linear(in_features=256, out_features=256, bias=True)
        (Wq): Linear(in_features=256, out_features=256, bias=True)
      )
      (2): TransConvLayer(
        (Wk): Linear(in_features=256, out_features=256, bias=True)
        (Wq): Linear(in_features=256, out_features=256, bias=True)
      )
    )
    (fcs): ModuleList(
      (0): Linear(in_features=7, out_features=256, bias=True)
    )
    (bns): ModuleList(
      (0): LayerNorm((256,), eps=1e-05, elementwise_affine=True)
      (1): LayerNorm((256,), eps=1e-05, elementwise_affine=True)
      (2): LayerNorm((256,), eps=1e-05, elementwise_affine=True)
      (3): LayerNorm((256,), eps=1e-05, elementwise_affine=True)
    )
  )
  (gnn): GCN(
    (convs): ModuleList(
      (0): GCNConv(7, 256)
      (1): GCNConv(256, 256)
      (2): GCNConv(256, 256)
    )
    (bns): ModuleList(
      (0): BatchNorm1d(256, eps=1e-05, momentum=0.1, affine=True, track_running_stats=True)
      (1): BatchNorm1d(256, eps=1e-05, momentum=0.1, affine=True, track_running_stats=True)
    )
  )
  (fc): Linear(in_features=256, out_features=2, bias=True)
)
Pre-training MLP for 500 epochs to generate co-occurrence matrix...
MLP pre-training complete. Penalty matrix frozen.
Epoch: 00, Loss: 0.9087, Train: 58.34%, Valid: 56.22%, Test: 57.73%, Best Valid: 56.22%, Best Test: 57.73%
Epoch: 100, Loss: 0.5659, Train: 76.94%, Valid: 73.55%, Test: 72.16%, Best Valid: 73.73%, Best Test: 72.99%
Epoch: 200, Loss: 0.5504, Train: 81.49%, Valid: 76.02%, Test: 75.42%, Best Valid: 77.70%, Best Test: 76.88%
Epoch: 300, Loss: 0.5089, Train: 84.67%, Valid: 78.14%, Test: 77.85%, Best Valid: 78.83%, Best Test: 77.86%
Epoch: 400, Loss: 0.4843, Train: 85.21%, Valid: 78.05%, Test: 77.59%, Best Valid: 79.91%, Best Test: 78.64%
Epoch: 500, Loss: 0.4763, Train: 85.45%, Valid: 76.41%, Test: 74.90%, Best Valid: 79.97%, Best Test: 79.03%
Epoch: 600, Loss: 0.4981, Train: 87.26%, Valid: 78.89%, Test: 78.61%, Best Valid: 80.19%, Best Test: 79.18%
Epoch: 700, Loss: 0.4750, Train: 89.00%, Valid: 79.22%, Test: 78.23%, Best Valid: 80.85%, Best Test: 79.30%
Epoch: 800, Loss: 0.4571, Train: 89.02%, Valid: 79.13%, Test: 78.72%, Best Valid: 80.85%, Best Test: 79.30%
Epoch: 900, Loss: 0.4482, Train: 89.51%, Valid: 79.12%, Test: 78.46%, Best Valid: 80.85%, Best Test: 79.30%
Run 01:
Highest Train: 90.34
Highest Valid: 80.85
Highest Test: 79.76
Chosen epoch: 651
Final Train: 87.98
Final Test: 79.30
Pre-training MLP for 500 epochs to generate co-occurrence matrix...
MLP pre-training complete. Penalty matrix frozen.
Epoch: 00, Loss: 1.8283, Train: 57.20%, Valid: 56.18%, Test: 58.26%, Best Valid: 56.18%, Best Test: 58.26%
Epoch: 100, Loss: 0.6277, Train: 75.86%, Valid: 74.34%, Test: 75.57%, Best Valid: 74.34%, Best Test: 75.57%
Epoch: 200, Loss: 0.5805, Train: 78.79%, Valid: 76.00%, Test: 76.29%, Best Valid: 78.15%, Best Test: 79.32%
Epoch: 300, Loss: 0.5593, Train: 81.25%, Valid: 77.61%, Test: 78.60%, Best Valid: 78.67%, Best Test: 80.15%
Epoch: 400, Loss: 0.5267, Train: 82.22%, Valid: 77.54%, Test: 78.40%, Best Valid: 79.66%, Best Test: 81.13%
Epoch: 500, Loss: 0.5125, Train: 84.68%, Valid: 79.26%, Test: 80.37%, Best Valid: 79.75%, Best Test: 81.17%
Epoch: 600, Loss: 0.5138, Train: 86.05%, Valid: 79.80%, Test: 80.98%, Best Valid: 80.18%, Best Test: 81.25%
Epoch: 700, Loss: 0.4891, Train: 86.98%, Valid: 77.84%, Test: 78.81%, Best Valid: 80.18%, Best Test: 81.25%
Epoch: 800, Loss: 0.5009, Train: 86.91%, Valid: 79.05%, Test: 80.00%, Best Valid: 80.32%, Best Test: 81.82%
Epoch: 900, Loss: 0.4901, Train: 88.16%, Valid: 79.06%, Test: 80.69%, Best Valid: 80.32%, Best Test: 81.82%
Run 02:
Highest Train: 89.17
Highest Valid: 80.95
Highest Test: 82.02
Chosen epoch: 950
Final Train: 88.63
Final Test: 82.02
Pre-training MLP for 500 epochs to generate co-occurrence matrix...
MLP pre-training complete. Penalty matrix frozen.
Epoch: 00, Loss: 1.7405, Train: 57.71%, Valid: 55.56%, Test: 57.49%, Best Valid: 55.56%, Best Test: 57.49%
Epoch: 100, Loss: 0.6112, Train: 77.13%, Valid: 73.89%, Test: 73.67%, Best Valid: 73.89%, Best Test: 73.67%
Epoch: 200, Loss: 0.5741, Train: 81.15%, Valid: 76.87%, Test: 76.58%, Best Valid: 77.45%, Best Test: 77.78%
Epoch: 300, Loss: 0.5493, Train: 82.65%, Valid: 77.66%, Test: 77.31%, Best Valid: 78.35%, Best Test: 78.09%
Epoch: 400, Loss: 0.5211, Train: 83.76%, Valid: 77.65%, Test: 77.77%, Best Valid: 78.92%, Best Test: 78.50%
Epoch: 500, Loss: 0.5205, Train: 85.74%, Valid: 78.70%, Test: 78.55%, Best Valid: 79.34%, Best Test: 79.31%
Epoch: 600, Loss: 0.5026, Train: 83.12%, Valid: 75.72%, Test: 74.72%, Best Valid: 79.67%, Best Test: 78.98%
Epoch: 700, Loss: 0.4781, Train: 87.76%, Valid: 79.60%, Test: 79.51%, Best Valid: 80.14%, Best Test: 80.05%
Epoch: 800, Loss: 0.4713, Train: 87.93%, Valid: 80.21%, Test: 79.48%, Best Valid: 80.21%, Best Test: 79.48%
Epoch: 900, Loss: 0.4526, Train: 84.29%, Valid: 73.48%, Test: 72.32%, Best Valid: 80.30%, Best Test: 79.86%
Run 03:
Highest Train: 89.85
Highest Valid: 80.33
Highest Test: 80.65
Chosen epoch: 967
Final Train: 89.64
Final Test: 79.99
Pre-training MLP for 500 epochs to generate co-occurrence matrix...
MLP pre-training complete. Penalty matrix frozen.
Epoch: 00, Loss: 2.1081, Train: 62.01%, Valid: 61.19%, Test: 61.96%, Best Valid: 61.19%, Best Test: 61.96%
Epoch: 100, Loss: 0.6258, Train: 76.02%, Valid: 73.85%, Test: 74.58%, Best Valid: 73.94%, Best Test: 74.79%
Epoch: 200, Loss: 0.5759, Train: 78.67%, Valid: 75.82%, Test: 76.18%, Best Valid: 76.97%, Best Test: 77.79%
Epoch: 300, Loss: 0.5411, Train: 80.90%, Valid: 76.13%, Test: 77.44%, Best Valid: 78.06%, Best Test: 79.45%
Epoch: 400, Loss: 0.5475, Train: 84.11%, Valid: 77.87%, Test: 79.90%, Best Valid: 78.76%, Best Test: 80.20%
Epoch: 500, Loss: 0.5498, Train: 84.72%, Valid: 77.79%, Test: 79.87%, Best Valid: 78.76%, Best Test: 80.20%
Epoch: 600, Loss: 0.5109, Train: 85.61%, Valid: 77.27%, Test: 78.64%, Best Valid: 78.76%, Best Test: 80.20%
Epoch: 700, Loss: 0.4937, Train: 83.58%, Valid: 75.74%, Test: 76.66%, Best Valid: 78.76%, Best Test: 80.20%
Epoch: 800, Loss: 0.4830, Train: 86.62%, Valid: 77.51%, Test: 78.56%, Best Valid: 78.76%, Best Test: 80.20%
Epoch: 900, Loss: 0.4643, Train: 86.81%, Valid: 77.24%, Test: 77.82%, Best Valid: 79.00%, Best Test: 80.06%
Run 04:
Highest Train: 89.18
Highest Valid: 79.08
Highest Test: 80.66
Chosen epoch: 962
Final Train: 88.99
Final Test: 80.48
Pre-training MLP for 500 epochs to generate co-occurrence matrix...
MLP pre-training complete. Penalty matrix frozen.
Epoch: 00, Loss: 3.6458, Train: 57.37%, Valid: 57.58%, Test: 57.10%, Best Valid: 57.58%, Best Test: 57.10%
Epoch: 100, Loss: 0.6263, Train: 77.03%, Valid: 76.40%, Test: 74.84%, Best Valid: 76.40%, Best Test: 74.84%
Epoch: 200, Loss: 0.5787, Train: 79.18%, Valid: 76.71%, Test: 75.98%, Best Valid: 78.29%, Best Test: 77.25%
Epoch: 300, Loss: 0.5609, Train: 81.33%, Valid: 77.81%, Test: 76.86%, Best Valid: 79.00%, Best Test: 78.20%
Epoch: 400, Loss: 0.5501, Train: 82.97%, Valid: 78.43%, Test: 77.89%, Best Valid: 79.49%, Best Test: 78.83%
Epoch: 500, Loss: 0.5119, Train: 84.09%, Valid: 78.74%, Test: 77.47%, Best Valid: 80.00%, Best Test: 78.91%
Epoch: 600, Loss: 0.5287, Train: 84.70%, Valid: 78.61%, Test: 77.54%, Best Valid: 80.29%, Best Test: 79.13%
Epoch: 700, Loss: 0.4916, Train: 84.92%, Valid: 77.77%, Test: 76.90%, Best Valid: 80.29%, Best Test: 79.13%
Epoch: 800, Loss: 0.4901, Train: 86.43%, Valid: 78.98%, Test: 77.93%, Best Valid: 80.31%, Best Test: 78.87%
Epoch: 900, Loss: 0.4767, Train: 87.59%, Valid: 79.11%, Test: 78.53%, Best Valid: 80.44%, Best Test: 80.13%
Run 05:
Highest Train: 88.65
Highest Valid: 80.44
Highest Test: 80.21
Chosen epoch: 874
Final Train: 87.81
Final Test: 80.13
All runs:
Highest Train: 89.44 ± 0.66
Highest Test: 80.66 ± 0.85
Highest Valid: 80.33 ± 0.75
  Final Train: 88.61 ± 0.75
   Final Test: 80.39 ± 1.01
Saving results to mlp_gt/results_full_clamp/minesweeper/sgformer.csv

GT sweep completed!
==========================================================
Task 1 completed at: Fri May  1 12:40:47 AM EDT 2026
==========================================================
