==========================================================
Clamp-GT Task 0
Job: 1016833 | Date: Thu Apr 30 11:23:16 PM EDT 2026 | Host: n0001
==========================================================
Thu Apr 30 23:23:18 2026       
+-----------------------------------------------------------------------------------------+
| NVIDIA-SMI 570.211.01             Driver Version: 570.211.01     CUDA Version: 12.8     |
|-----------------------------------------+------------------------+----------------------+
| GPU  Name                 Persistence-M | Bus-Id          Disp.A | Volatile Uncorr. ECC |
| Fan  Temp   Perf          Pwr:Usage/Cap |           Memory-Usage | GPU-Util  Compute M. |
|                                         |                        |               MIG M. |
|=========================================+========================+======================|
|   0  NVIDIA A100-SXM4-80GB          On  |   00000000:01:00.0 Off |                   On |
| N/A   37C    P0             84W /  500W |    1337MiB /  81920MiB |     N/A      Default |
|                                         |                        |              Enabled |
+-----------------------------------------+------------------------+----------------------+
|   1  NVIDIA A100-SXM4-80GB          On  |   00000000:41:00.0 Off |                   On |
| N/A   34C    P0             71W /  500W |    4687MiB /  81920MiB |     N/A      Default |
|                                         |                        |              Enabled |
+-----------------------------------------+------------------------+----------------------+
|   2  NVIDIA A100-SXM4-80GB          On  |   00000000:81:00.0 Off |                   On |
| N/A   40C    P0            128W /  500W |   17452MiB /  81920MiB |     N/A      Default |
|                                         |                        |              Enabled |
+-----------------------------------------+------------------------+----------------------+
|   3  NVIDIA A100-SXM4-80GB          On  |   00000000:C1:00.0 Off |                   On |
| N/A   39C    P0            179W /  500W |   13022MiB /  81920MiB |     N/A      Default |
|                                         |                        |              Enabled |
+-----------------------------------------+------------------------+----------------------+

+-----------------------------------------------------------------------------------------+
| MIG devices:                                                                            |
+------------------+----------------------------------+-----------+-----------------------+
| GPU  GI  CI  MIG |                     Memory-Usage |        Vol|        Shared         |
|      ID  ID  Dev |                       BAR1-Usage | SM     Unc| CE ENC  DEC  OFA  JPG |
|                  |                                  |        ECC|                       |
|==================+==================================+===========+=======================|
|  0    5   0   0  |              53MiB / 19968MiB    | 28      0 |  2   0    1    0    0 |
|                  |                 0MiB / 32767MiB  |           |                       |
+------------------+----------------------------------+-----------+-----------------------+
                                                                                         
+-----------------------------------------------------------------------------------------+
| Processes:                                                                              |
|  GPU   GI   CI              PID   Type   Process name                        GPU Memory |
|        ID   ID                                                               Usage      |
|=========================================================================================|
|    1    1    0          1988638      C   python                                 4496MiB |
|    2    2    0          1952877      C   python                                  768MiB |
|    2    3    0          1959382      C   python                                16488MiB |
|    3    5    0          1960087      C   python                                 7736MiB |
|    3    1    0          1983037      C   python                                 5090MiB |
+-----------------------------------------------------------------------------------------+
1.12.1
True
NVIDIA A100-SXM4-80GB MIG 2g.20gb
Dataset: minesweeper | polynormer
==========================================================
Starting mlp_gt GT Sweep for:
python main.py --model polynormer --dataset minesweeper             --hidden_channels 128 --local_layers 2 --global_layers 2 --num_heads 4     --lr 0.01 --weight_decay 5e-4 --dropout 0.3 --epochs 1000             --metric rocauc             --runs 5 --device 0
Result dir: mlp_gt/results_full_clamp
==========================================================
Running GT Baseline (no reg)...
Namespace(aggregate='add', alpha=0.5, attention='gcn', beta=-1.0, bn=False, cpu=False, data_dir='../data/', dataset='minesweeper', device=0, dim_inner=128, display_step=100, dropout=0.3, epochs=1000, global_dropout=None, global_layers=2, gnn='gcn', graph_weight=0.8, hidden_channels=128, hops=10, in_dropout=0.0, jk=False, label_num_per_class=20, lambda_val=0.5, layers=1, ln=False, local_gnn_type='GCN', local_layers=2, lr=0.01, metric='rocauc', mlp_epochs=500, mlp_reg=False, model='polynormer', model_dir='./model/', n_heads=4, num_centroids=4096, num_heads=4, oracle_reg=False, pe_types='RWSE', pre_linear=False, pre_ln=False, rand_split=False, rand_split_class=False, reg_start_epoch=10, reg_update_freq=5, res=False, result_dir='mlp_gt/results_full_clamp', runs=5, save_model=False, save_result=False, seed=42, test_num=1000, train_prop=0.5, use_act=False, use_bn=False, use_graph=False, use_reg=False, use_residual=False, use_weight=False, valid_num=500, valid_prop=0.25, weight_decay=0.0005)
minesweeper
dataset minesweeper | num nodes 10000 | num edge 39402 | num node feats 7 | num classes 2
MODEL: Polynormer(
  (h_lins): ModuleList(
    (0): Linear(in_features=512, out_features=512, bias=True)
    (1): Linear(in_features=512, out_features=512, bias=True)
  )
  (local_convs): ModuleList(
    (0): GATConv(512, 128, heads=4)
    (1): GATConv(512, 128, heads=4)
  )
  (lins): ModuleList(
    (0): Linear(in_features=512, out_features=512, bias=True)
    (1): Linear(in_features=512, out_features=512, bias=True)
  )
  (lns): ModuleList(
    (0): LayerNorm((512,), eps=1e-05, elementwise_affine=True)
    (1): LayerNorm((512,), eps=1e-05, elementwise_affine=True)
  )
  (lin_in): Linear(in_features=7, out_features=512, bias=True)
  (ln): LayerNorm((512,), eps=1e-05, elementwise_affine=True)
  (global_attn): GlobalAttn(
    (h_lins): ModuleList(
      (0): Linear(in_features=512, out_features=512, bias=True)
      (1): Linear(in_features=512, out_features=512, bias=True)
    )
    (k_lins): ModuleList(
      (0): Linear(in_features=512, out_features=512, bias=True)
      (1): Linear(in_features=512, out_features=512, bias=True)
    )
    (v_lins): ModuleList(
      (0): Linear(in_features=512, out_features=512, bias=True)
      (1): Linear(in_features=512, out_features=512, bias=True)
    )
    (lns): ModuleList(
      (0): LayerNorm((512,), eps=1e-05, elementwise_affine=True)
      (1): LayerNorm((512,), eps=1e-05, elementwise_affine=True)
    )
    (lin_out): Linear(in_features=512, out_features=512, bias=True)
  )
  (pred_local): Linear(in_features=512, out_features=2, bias=True)
  (pred_global): Linear(in_features=512, out_features=2, bias=True)
)
Epoch: 00, Loss: 0.6220, Train: 59.14%, Valid: 56.92%, Test: 58.89%, Best Valid: 56.92%, Best Test: 58.89%
Epoch: 100, Loss: 0.2906, Train: 92.02%, Valid: 89.07%, Test: 89.87%, Best Valid: 89.12%, Best Test: 89.82%
Epoch: 200, Loss: 0.2846, Train: 92.40%, Valid: 88.63%, Test: 89.30%, Best Valid: 89.21%, Best Test: 89.83%
Epoch: 300, Loss: 0.2683, Train: 93.12%, Valid: 88.83%, Test: 89.67%, Best Valid: 89.21%, Best Test: 89.83%
Epoch: 400, Loss: 0.2600, Train: 94.02%, Valid: 88.55%, Test: 89.08%, Best Valid: 89.21%, Best Test: 89.83%
Epoch: 500, Loss: 0.2512, Train: 94.22%, Valid: 88.45%, Test: 89.06%, Best Valid: 89.21%, Best Test: 89.83%
Epoch: 600, Loss: 0.2480, Train: 94.70%, Valid: 88.00%, Test: 88.86%, Best Valid: 89.21%, Best Test: 89.83%
Epoch: 700, Loss: 0.2450, Train: 95.14%, Valid: 88.23%, Test: 88.59%, Best Valid: 89.21%, Best Test: 89.83%
Epoch: 800, Loss: 0.2401, Train: 95.75%, Valid: 87.76%, Test: 88.41%, Best Valid: 89.21%, Best Test: 89.83%
Epoch: 900, Loss: 0.2407, Train: 95.92%, Valid: 87.46%, Test: 88.69%, Best Valid: 89.21%, Best Test: 89.83%
Run 01:
Highest Train: 96.44
Highest Valid: 89.21
Highest Test: 90.10
Chosen epoch: 107
Final Train: 92.04
Final Test: 89.83
Epoch: 00, Loss: 0.6058, Train: 55.85%, Valid: 54.73%, Test: 54.82%, Best Valid: 54.73%, Best Test: 54.82%
Epoch: 100, Loss: 0.2999, Train: 91.24%, Valid: 90.60%, Test: 90.26%, Best Valid: 90.60%, Best Test: 90.26%
Epoch: 200, Loss: 0.2884, Train: 91.83%, Valid: 90.23%, Test: 89.60%, Best Valid: 90.73%, Best Test: 90.41%
Epoch: 300, Loss: 0.2712, Train: 93.22%, Valid: 90.11%, Test: 89.57%, Best Valid: 90.73%, Best Test: 90.41%
Epoch: 400, Loss: 0.2684, Train: 93.76%, Valid: 89.61%, Test: 89.08%, Best Valid: 90.73%, Best Test: 90.41%
Epoch: 500, Loss: 0.2577, Train: 94.47%, Valid: 89.22%, Test: 88.80%, Best Valid: 90.73%, Best Test: 90.41%
Epoch: 600, Loss: 0.2533, Train: 95.20%, Valid: 88.89%, Test: 88.09%, Best Valid: 90.73%, Best Test: 90.41%
Epoch: 700, Loss: 0.2417, Train: 95.61%, Valid: 88.67%, Test: 88.30%, Best Valid: 90.73%, Best Test: 90.41%
Epoch: 800, Loss: 0.2437, Train: 96.09%, Valid: 88.44%, Test: 88.25%, Best Valid: 90.73%, Best Test: 90.41%
Epoch: 900, Loss: 0.2325, Train: 96.45%, Valid: 88.68%, Test: 88.19%, Best Valid: 90.73%, Best Test: 90.41%
Run 02:
Highest Train: 96.98
Highest Valid: 90.73
Highest Test: 90.47
Chosen epoch: 133
Final Train: 91.63
Final Test: 90.41
Epoch: 00, Loss: 0.7858, Train: 53.87%, Valid: 52.16%, Test: 51.17%, Best Valid: 52.16%, Best Test: 51.17%
Epoch: 100, Loss: 0.2970, Train: 91.27%, Valid: 89.52%, Test: 90.38%, Best Valid: 89.70%, Best Test: 90.51%
Epoch: 200, Loss: 0.2835, Train: 91.99%, Valid: 89.63%, Test: 90.26%, Best Valid: 89.97%, Best Test: 90.50%
Epoch: 300, Loss: 0.2756, Train: 92.55%, Valid: 89.83%, Test: 90.15%, Best Valid: 90.20%, Best Test: 90.39%
Epoch: 400, Loss: 0.2729, Train: 93.34%, Valid: 89.13%, Test: 90.06%, Best Valid: 90.20%, Best Test: 90.39%
Epoch: 500, Loss: 0.2676, Train: 93.76%, Valid: 89.34%, Test: 89.50%, Best Valid: 90.20%, Best Test: 90.39%
Epoch: 600, Loss: 0.2581, Train: 94.12%, Valid: 89.51%, Test: 89.50%, Best Valid: 90.20%, Best Test: 90.39%
Epoch: 700, Loss: 0.2550, Train: 94.50%, Valid: 88.93%, Test: 89.55%, Best Valid: 90.20%, Best Test: 90.39%
Epoch: 800, Loss: 0.2579, Train: 94.32%, Valid: 89.06%, Test: 89.59%, Best Valid: 90.20%, Best Test: 90.39%
Epoch: 900, Loss: 0.2472, Train: 95.14%, Valid: 88.56%, Test: 89.30%, Best Valid: 90.20%, Best Test: 90.39%
Run 03:
Highest Train: 95.49
Highest Valid: 90.20
Highest Test: 90.70
Chosen epoch: 255
Final Train: 92.31
Final Test: 90.39
Epoch: 00, Loss: 0.6527, Train: 57.83%, Valid: 59.10%, Test: 59.96%, Best Valid: 59.10%, Best Test: 59.96%
Epoch: 100, Loss: 0.2930, Train: 91.56%, Valid: 89.00%, Test: 89.78%, Best Valid: 89.49%, Best Test: 89.71%
Epoch: 200, Loss: 0.2754, Train: 92.76%, Valid: 89.00%, Test: 90.39%, Best Valid: 89.61%, Best Test: 90.07%
Epoch: 300, Loss: 0.2645, Train: 93.23%, Valid: 89.03%, Test: 90.08%, Best Valid: 89.61%, Best Test: 90.07%
Epoch: 400, Loss: 0.2570, Train: 93.94%, Valid: 89.02%, Test: 90.08%, Best Valid: 89.61%, Best Test: 90.07%
Epoch: 500, Loss: 0.2562, Train: 94.27%, Valid: 88.28%, Test: 89.42%, Best Valid: 89.61%, Best Test: 90.07%
Epoch: 600, Loss: 0.2503, Train: 94.94%, Valid: 87.77%, Test: 89.10%, Best Valid: 89.61%, Best Test: 90.07%
Epoch: 700, Loss: 0.2514, Train: 95.39%, Valid: 87.92%, Test: 89.39%, Best Valid: 89.61%, Best Test: 90.07%
Epoch: 800, Loss: 0.2449, Train: 95.61%, Valid: 87.67%, Test: 89.11%, Best Valid: 89.61%, Best Test: 90.07%
Epoch: 900, Loss: 0.2423, Train: 95.69%, Valid: 87.68%, Test: 88.82%, Best Valid: 89.61%, Best Test: 90.07%
Run 04:
Highest Train: 96.37
Highest Valid: 89.61
Highest Test: 90.57
Chosen epoch: 132
Final Train: 92.23
Final Test: 90.07
Epoch: 00, Loss: 0.7348, Train: 57.23%, Valid: 57.97%, Test: 56.23%, Best Valid: 57.97%, Best Test: 56.23%
Epoch: 100, Loss: 0.3019, Train: 91.43%, Valid: 90.27%, Test: 90.14%, Best Valid: 90.43%, Best Test: 90.09%
Epoch: 200, Loss: 0.2777, Train: 92.53%, Valid: 89.83%, Test: 90.02%, Best Valid: 90.52%, Best Test: 90.17%
Epoch: 300, Loss: 0.2675, Train: 93.66%, Valid: 89.83%, Test: 89.81%, Best Valid: 90.52%, Best Test: 90.17%
Epoch: 400, Loss: 0.2581, Train: 94.58%, Valid: 89.53%, Test: 89.71%, Best Valid: 90.52%, Best Test: 90.17%
Epoch: 500, Loss: 0.2420, Train: 95.56%, Valid: 88.94%, Test: 89.14%, Best Valid: 90.52%, Best Test: 90.17%
Epoch: 600, Loss: 0.2427, Train: 96.11%, Valid: 89.07%, Test: 89.28%, Best Valid: 90.52%, Best Test: 90.17%
Epoch: 700, Loss: 0.2330, Train: 96.41%, Valid: 89.00%, Test: 89.12%, Best Valid: 90.52%, Best Test: 90.17%
Epoch: 800, Loss: 0.2310, Train: 96.71%, Valid: 88.80%, Test: 88.64%, Best Valid: 90.52%, Best Test: 90.17%
Epoch: 900, Loss: 0.2264, Train: 96.89%, Valid: 88.82%, Test: 88.76%, Best Valid: 90.52%, Best Test: 90.17%
Run 05:
Highest Train: 97.55
Highest Valid: 90.52
Highest Test: 90.50
Chosen epoch: 147
Final Train: 92.13
Final Test: 90.17
All runs:
Highest Train: 96.56 ± 0.77
Highest Test: 90.47 ± 0.23
Highest Valid: 90.05 ± 0.64
  Final Train: 92.07 ± 0.27
   Final Test: 90.17 ± 0.24
Saving results to mlp_gt/results_full_clamp/minesweeper/polynormer.csv

Running with MLP-GT Regularization (lambda=0.01)...
Namespace(aggregate='add', alpha=0.5, attention='gcn', beta=-1.0, bn=False, cpu=False, data_dir='../data/', dataset='minesweeper', device=0, dim_inner=128, display_step=100, dropout=0.3, epochs=1000, global_dropout=None, global_layers=2, gnn='gcn', graph_weight=0.8, hidden_channels=128, hops=10, in_dropout=0.0, jk=False, label_num_per_class=20, lambda_val=0.01, layers=1, ln=False, local_gnn_type='GCN', local_layers=2, lr=0.01, metric='rocauc', mlp_epochs=500, mlp_reg=True, model='polynormer', model_dir='./model/', n_heads=4, num_centroids=4096, num_heads=4, oracle_reg=False, pe_types='RWSE', pre_linear=False, pre_ln=False, rand_split=False, rand_split_class=False, reg_start_epoch=10, reg_update_freq=5, res=False, result_dir='mlp_gt/results_full_clamp', runs=5, save_model=False, save_result=False, seed=42, test_num=1000, train_prop=0.5, use_act=False, use_bn=False, use_graph=False, use_reg=True, use_residual=False, use_weight=False, valid_num=500, valid_prop=0.25, weight_decay=0.0005)
minesweeper
dataset minesweeper | num nodes 10000 | num edge 39402 | num node feats 7 | num classes 2
MODEL: Polynormer(
  (h_lins): ModuleList(
    (0): Linear(in_features=512, out_features=512, bias=True)
    (1): Linear(in_features=512, out_features=512, bias=True)
  )
  (local_convs): ModuleList(
    (0): GATConv(512, 128, heads=4)
    (1): GATConv(512, 128, heads=4)
  )
  (lins): ModuleList(
    (0): Linear(in_features=512, out_features=512, bias=True)
    (1): Linear(in_features=512, out_features=512, bias=True)
  )
  (lns): ModuleList(
    (0): LayerNorm((512,), eps=1e-05, elementwise_affine=True)
    (1): LayerNorm((512,), eps=1e-05, elementwise_affine=True)
  )
  (lin_in): Linear(in_features=7, out_features=512, bias=True)
  (ln): LayerNorm((512,), eps=1e-05, elementwise_affine=True)
  (global_attn): GlobalAttn(
    (h_lins): ModuleList(
      (0): Linear(in_features=512, out_features=512, bias=True)
      (1): Linear(in_features=512, out_features=512, bias=True)
    )
    (k_lins): ModuleList(
      (0): Linear(in_features=512, out_features=512, bias=True)
      (1): Linear(in_features=512, out_features=512, bias=True)
    )
    (v_lins): ModuleList(
      (0): Linear(in_features=512, out_features=512, bias=True)
      (1): Linear(in_features=512, out_features=512, bias=True)
    )
    (lns): ModuleList(
      (0): LayerNorm((512,), eps=1e-05, elementwise_affine=True)
      (1): LayerNorm((512,), eps=1e-05, elementwise_affine=True)
    )
    (lin_out): Linear(in_features=512, out_features=512, bias=True)
  )
  (pred_local): Linear(in_features=512, out_features=2, bias=True)
  (pred_global): Linear(in_features=512, out_features=2, bias=True)
)
Pre-training MLP for 500 epochs to generate co-occurrence matrix...
MLP pre-training complete. Penalty matrix frozen.
Epoch: 00, Loss: 0.6248, Train: 57.40%, Valid: 55.54%, Test: 57.14%, Best Valid: 55.54%, Best Test: 57.14%
Epoch: 100, Loss: 0.2886, Train: 91.86%, Valid: 88.88%, Test: 89.68%, Best Valid: 89.00%, Best Test: 89.86%
Epoch: 200, Loss: 0.2772, Train: 92.55%, Valid: 88.81%, Test: 89.67%, Best Valid: 89.07%, Best Test: 89.87%
Epoch: 300, Loss: 0.2759, Train: 93.34%, Valid: 88.36%, Test: 89.83%, Best Valid: 89.07%, Best Test: 89.87%
Epoch: 400, Loss: 0.2690, Train: 94.03%, Valid: 88.22%, Test: 88.79%, Best Valid: 89.07%, Best Test: 89.87%
Epoch: 500, Loss: 0.2543, Train: 94.45%, Valid: 88.41%, Test: 89.19%, Best Valid: 89.07%, Best Test: 89.87%
Epoch: 600, Loss: 0.2499, Train: 94.91%, Valid: 88.05%, Test: 88.65%, Best Valid: 89.07%, Best Test: 89.87%
Epoch: 700, Loss: 0.2446, Train: 95.53%, Valid: 88.08%, Test: 88.65%, Best Valid: 89.07%, Best Test: 89.87%
Epoch: 800, Loss: 0.2364, Train: 95.69%, Valid: 87.55%, Test: 88.91%, Best Valid: 89.07%, Best Test: 89.87%
Epoch: 900, Loss: 0.2356, Train: 96.27%, Valid: 87.83%, Test: 88.79%, Best Valid: 89.07%, Best Test: 89.87%
Run 01:
Highest Train: 96.97
Highest Valid: 89.07
Highest Test: 90.01
Chosen epoch: 169
Final Train: 92.45
Final Test: 89.87
Pre-training MLP for 500 epochs to generate co-occurrence matrix...
MLP pre-training complete. Penalty matrix frozen.
Epoch: 00, Loss: 0.7122, Train: 58.05%, Valid: 56.04%, Test: 56.66%, Best Valid: 56.04%, Best Test: 56.66%
Epoch: 100, Loss: 0.3020, Train: 90.90%, Valid: 90.13%, Test: 89.59%, Best Valid: 90.17%, Best Test: 89.26%
Epoch: 200, Loss: 0.2851, Train: 92.18%, Valid: 89.86%, Test: 89.69%, Best Valid: 90.48%, Best Test: 90.08%
Epoch: 300, Loss: 0.2759, Train: 93.03%, Valid: 89.91%, Test: 89.66%, Best Valid: 90.48%, Best Test: 90.08%
Epoch: 400, Loss: 0.2634, Train: 94.09%, Valid: 89.40%, Test: 89.18%, Best Valid: 90.48%, Best Test: 90.08%
Epoch: 500, Loss: 0.2556, Train: 95.04%, Valid: 89.32%, Test: 89.31%, Best Valid: 90.48%, Best Test: 90.08%
Epoch: 600, Loss: 0.2459, Train: 95.92%, Valid: 89.15%, Test: 88.76%, Best Valid: 90.48%, Best Test: 90.08%
Epoch: 700, Loss: 0.2435, Train: 96.35%, Valid: 88.94%, Test: 88.12%, Best Valid: 90.48%, Best Test: 90.08%
Epoch: 800, Loss: 0.2317, Train: 96.81%, Valid: 88.53%, Test: 88.26%, Best Valid: 90.48%, Best Test: 90.08%
Epoch: 900, Loss: 0.2378, Train: 97.15%, Valid: 88.37%, Test: 88.01%, Best Valid: 90.48%, Best Test: 90.08%
Run 02:
Highest Train: 97.59
Highest Valid: 90.48
Highest Test: 90.29
Chosen epoch: 107
Final Train: 91.43
Final Test: 90.08
Pre-training MLP for 500 epochs to generate co-occurrence matrix...
MLP pre-training complete. Penalty matrix frozen.
Epoch: 00, Loss: 0.7631, Train: 64.32%, Valid: 62.17%, Test: 61.66%, Best Valid: 62.17%, Best Test: 61.66%
Epoch: 100, Loss: 0.2962, Train: 91.39%, Valid: 90.02%, Test: 90.54%, Best Valid: 90.13%, Best Test: 90.60%
Epoch: 200, Loss: 0.2897, Train: 91.82%, Valid: 89.97%, Test: 90.70%, Best Valid: 90.22%, Best Test: 90.74%
Epoch: 300, Loss: 0.2778, Train: 92.68%, Valid: 89.76%, Test: 90.45%, Best Valid: 90.22%, Best Test: 90.74%
Epoch: 400, Loss: 0.2618, Train: 93.85%, Valid: 89.21%, Test: 89.37%, Best Valid: 90.22%, Best Test: 90.74%
Epoch: 500, Loss: 0.2588, Train: 94.73%, Valid: 89.11%, Test: 89.37%, Best Valid: 90.22%, Best Test: 90.74%
Epoch: 600, Loss: 0.2480, Train: 95.22%, Valid: 88.31%, Test: 89.17%, Best Valid: 90.22%, Best Test: 90.74%
Epoch: 700, Loss: 0.2381, Train: 95.58%, Valid: 88.84%, Test: 89.52%, Best Valid: 90.22%, Best Test: 90.74%
Epoch: 800, Loss: 0.2347, Train: 96.20%, Valid: 87.73%, Test: 88.50%, Best Valid: 90.22%, Best Test: 90.74%
Epoch: 900, Loss: 0.2325, Train: 96.18%, Valid: 88.62%, Test: 89.10%, Best Valid: 90.22%, Best Test: 90.74%
Run 03:
Highest Train: 97.15
Highest Valid: 90.22
Highest Test: 90.88
Chosen epoch: 114
Final Train: 91.53
Final Test: 90.74
Pre-training MLP for 500 epochs to generate co-occurrence matrix...
MLP pre-training complete. Penalty matrix frozen.
Epoch: 00, Loss: 0.5956, Train: 44.44%, Valid: 48.48%, Test: 47.31%, Best Valid: 48.48%, Best Test: 47.31%
Epoch: 100, Loss: 0.2915, Train: 91.89%, Valid: 89.18%, Test: 89.67%, Best Valid: 89.61%, Best Test: 89.75%
Epoch: 200, Loss: 0.2730, Train: 93.07%, Valid: 88.98%, Test: 89.63%, Best Valid: 89.61%, Best Test: 89.75%
Epoch: 300, Loss: 0.2679, Train: 93.96%, Valid: 88.63%, Test: 89.67%, Best Valid: 89.61%, Best Test: 89.75%
Epoch: 400, Loss: 0.2558, Train: 94.83%, Valid: 88.73%, Test: 89.47%, Best Valid: 89.61%, Best Test: 89.75%
Epoch: 500, Loss: 0.2536, Train: 95.00%, Valid: 88.66%, Test: 89.26%, Best Valid: 89.61%, Best Test: 89.75%
Epoch: 600, Loss: 0.2428, Train: 95.42%, Valid: 88.12%, Test: 88.73%, Best Valid: 89.61%, Best Test: 89.75%
Epoch: 700, Loss: 0.2415, Train: 95.73%, Valid: 88.48%, Test: 89.09%, Best Valid: 89.61%, Best Test: 89.75%
Epoch: 800, Loss: 0.2350, Train: 96.42%, Valid: 88.26%, Test: 88.67%, Best Valid: 89.61%, Best Test: 89.75%
Epoch: 900, Loss: 0.2359, Train: 96.36%, Valid: 88.22%, Test: 88.70%, Best Valid: 89.61%, Best Test: 89.75%
Run 04:
Highest Train: 96.80
Highest Valid: 89.61
Highest Test: 90.20
Chosen epoch: 72
Final Train: 91.70
Final Test: 89.75
Pre-training MLP for 500 epochs to generate co-occurrence matrix...
MLP pre-training complete. Penalty matrix frozen.
Epoch: 00, Loss: 0.8485, Train: 48.51%, Valid: 49.89%, Test: 46.96%, Best Valid: 49.89%, Best Test: 46.96%
Epoch: 100, Loss: 0.2980, Train: 91.59%, Valid: 90.11%, Test: 90.22%, Best Valid: 90.37%, Best Test: 89.99%
Epoch: 200, Loss: 0.2828, Train: 92.52%, Valid: 90.08%, Test: 90.07%, Best Valid: 90.50%, Best Test: 90.02%
Epoch: 300, Loss: 0.2733, Train: 93.20%, Valid: 90.03%, Test: 90.02%, Best Valid: 90.50%, Best Test: 90.02%
Epoch: 400, Loss: 0.2627, Train: 94.14%, Valid: 89.43%, Test: 89.85%, Best Valid: 90.50%, Best Test: 90.02%
Epoch: 500, Loss: 0.2542, Train: 94.79%, Valid: 88.69%, Test: 89.66%, Best Valid: 90.50%, Best Test: 90.02%
Epoch: 600, Loss: 0.2536, Train: 95.35%, Valid: 88.79%, Test: 89.61%, Best Valid: 90.50%, Best Test: 90.02%
Epoch: 700, Loss: 0.2466, Train: 96.06%, Valid: 88.60%, Test: 89.08%, Best Valid: 90.50%, Best Test: 90.02%
Epoch: 800, Loss: 0.2362, Train: 96.32%, Valid: 88.53%, Test: 89.33%, Best Valid: 90.50%, Best Test: 90.02%
Epoch: 900, Loss: 0.2293, Train: 96.63%, Valid: 88.80%, Test: 89.62%, Best Valid: 90.50%, Best Test: 90.02%
Run 05:
Highest Train: 97.20
Highest Valid: 90.50
Highest Test: 90.42
Chosen epoch: 150
Final Train: 91.87
Final Test: 90.02
All runs:
Highest Train: 97.14 ± 0.29
Highest Test: 90.36 ± 0.33
Highest Valid: 89.98 ± 0.62
  Final Train: 91.80 ± 0.40
   Final Test: 90.09 ± 0.39
Saving results to mlp_gt/results_full_clamp/minesweeper/polynormer.csv

Running with MLP-GT Regularization (lambda=0.1)...
Namespace(aggregate='add', alpha=0.5, attention='gcn', beta=-1.0, bn=False, cpu=False, data_dir='../data/', dataset='minesweeper', device=0, dim_inner=128, display_step=100, dropout=0.3, epochs=1000, global_dropout=None, global_layers=2, gnn='gcn', graph_weight=0.8, hidden_channels=128, hops=10, in_dropout=0.0, jk=False, label_num_per_class=20, lambda_val=0.1, layers=1, ln=False, local_gnn_type='GCN', local_layers=2, lr=0.01, metric='rocauc', mlp_epochs=500, mlp_reg=True, model='polynormer', model_dir='./model/', n_heads=4, num_centroids=4096, num_heads=4, oracle_reg=False, pe_types='RWSE', pre_linear=False, pre_ln=False, rand_split=False, rand_split_class=False, reg_start_epoch=10, reg_update_freq=5, res=False, result_dir='mlp_gt/results_full_clamp', runs=5, save_model=False, save_result=False, seed=42, test_num=1000, train_prop=0.5, use_act=False, use_bn=False, use_graph=False, use_reg=True, use_residual=False, use_weight=False, valid_num=500, valid_prop=0.25, weight_decay=0.0005)
minesweeper
dataset minesweeper | num nodes 10000 | num edge 39402 | num node feats 7 | num classes 2
MODEL: Polynormer(
  (h_lins): ModuleList(
    (0): Linear(in_features=512, out_features=512, bias=True)
    (1): Linear(in_features=512, out_features=512, bias=True)
  )
  (local_convs): ModuleList(
    (0): GATConv(512, 128, heads=4)
    (1): GATConv(512, 128, heads=4)
  )
  (lins): ModuleList(
    (0): Linear(in_features=512, out_features=512, bias=True)
    (1): Linear(in_features=512, out_features=512, bias=True)
  )
  (lns): ModuleList(
    (0): LayerNorm((512,), eps=1e-05, elementwise_affine=True)
    (1): LayerNorm((512,), eps=1e-05, elementwise_affine=True)
  )
  (lin_in): Linear(in_features=7, out_features=512, bias=True)
  (ln): LayerNorm((512,), eps=1e-05, elementwise_affine=True)
  (global_attn): GlobalAttn(
    (h_lins): ModuleList(
      (0): Linear(in_features=512, out_features=512, bias=True)
      (1): Linear(in_features=512, out_features=512, bias=True)
    )
    (k_lins): ModuleList(
      (0): Linear(in_features=512, out_features=512, bias=True)
      (1): Linear(in_features=512, out_features=512, bias=True)
    )
    (v_lins): ModuleList(
      (0): Linear(in_features=512, out_features=512, bias=True)
      (1): Linear(in_features=512, out_features=512, bias=True)
    )
    (lns): ModuleList(
      (0): LayerNorm((512,), eps=1e-05, elementwise_affine=True)
      (1): LayerNorm((512,), eps=1e-05, elementwise_affine=True)
    )
    (lin_out): Linear(in_features=512, out_features=512, bias=True)
  )
  (pred_local): Linear(in_features=512, out_features=2, bias=True)
  (pred_global): Linear(in_features=512, out_features=2, bias=True)
)
Pre-training MLP for 500 epochs to generate co-occurrence matrix...
MLP pre-training complete. Penalty matrix frozen.
Epoch: 00, Loss: 0.6804, Train: 57.46%, Valid: 55.54%, Test: 57.28%, Best Valid: 55.54%, Best Test: 57.28%
Epoch: 100, Loss: 0.3243, Train: 91.49%, Valid: 88.77%, Test: 89.41%, Best Valid: 89.24%, Best Test: 89.79%
Epoch: 200, Loss: 0.3006, Train: 92.85%, Valid: 88.99%, Test: 89.71%, Best Valid: 89.40%, Best Test: 89.95%
Epoch: 300, Loss: 0.2918, Train: 93.42%, Valid: 88.84%, Test: 89.86%, Best Valid: 89.40%, Best Test: 89.95%
Epoch: 400, Loss: 0.2899, Train: 93.97%, Valid: 88.27%, Test: 89.33%, Best Valid: 89.40%, Best Test: 89.95%
Epoch: 500, Loss: 0.2780, Train: 94.61%, Valid: 88.11%, Test: 89.01%, Best Valid: 89.40%, Best Test: 89.95%
Epoch: 600, Loss: 0.2795, Train: 94.82%, Valid: 88.01%, Test: 89.13%, Best Valid: 89.40%, Best Test: 89.95%
Epoch: 700, Loss: 0.2723, Train: 95.15%, Valid: 88.22%, Test: 89.15%, Best Valid: 89.40%, Best Test: 89.95%
Epoch: 800, Loss: 0.2634, Train: 95.91%, Valid: 88.30%, Test: 88.74%, Best Valid: 89.40%, Best Test: 89.95%
Epoch: 900, Loss: 0.2531, Train: 96.30%, Valid: 87.90%, Test: 88.78%, Best Valid: 89.40%, Best Test: 89.95%
Run 01:
Highest Train: 96.87
Highest Valid: 89.40
Highest Test: 90.07
Chosen epoch: 194
Final Train: 92.68
Final Test: 89.95
Pre-training MLP for 500 epochs to generate co-occurrence matrix...
MLP pre-training complete. Penalty matrix frozen.
Epoch: 00, Loss: 0.7757, Train: 57.96%, Valid: 55.95%, Test: 56.56%, Best Valid: 55.95%, Best Test: 56.56%
Epoch: 100, Loss: 0.3442, Train: 90.02%, Valid: 89.28%, Test: 89.63%, Best Valid: 90.01%, Best Test: 89.69%
Epoch: 200, Loss: 0.3112, Train: 92.40%, Valid: 89.99%, Test: 89.96%, Best Valid: 90.63%, Best Test: 90.38%
Epoch: 300, Loss: 0.2885, Train: 93.75%, Valid: 89.55%, Test: 89.71%, Best Valid: 90.63%, Best Test: 90.38%
Epoch: 400, Loss: 0.2862, Train: 95.07%, Valid: 89.05%, Test: 89.02%, Best Valid: 90.63%, Best Test: 90.38%
Epoch: 500, Loss: 0.2743, Train: 95.92%, Valid: 88.42%, Test: 88.34%, Best Valid: 90.63%, Best Test: 90.38%
Epoch: 600, Loss: 0.2650, Train: 96.38%, Valid: 87.89%, Test: 87.52%, Best Valid: 90.63%, Best Test: 90.38%
Epoch: 700, Loss: 0.2462, Train: 97.02%, Valid: 88.24%, Test: 87.64%, Best Valid: 90.63%, Best Test: 90.38%
Epoch: 800, Loss: 0.2493, Train: 97.54%, Valid: 87.75%, Test: 87.69%, Best Valid: 90.63%, Best Test: 90.38%
Epoch: 900, Loss: 0.2334, Train: 97.42%, Valid: 88.19%, Test: 87.64%, Best Valid: 90.63%, Best Test: 90.38%
Run 02:
Highest Train: 98.10
Highest Valid: 90.63
Highest Test: 90.57
Chosen epoch: 132
Final Train: 91.56
Final Test: 90.38
Pre-training MLP for 500 epochs to generate co-occurrence matrix...
MLP pre-training complete. Penalty matrix frozen.
Epoch: 00, Loss: 0.8311, Train: 64.67%, Valid: 62.36%, Test: 62.02%, Best Valid: 62.36%, Best Test: 62.02%
Epoch: 100, Loss: 0.3287, Train: 91.25%, Valid: 90.02%, Test: 90.65%, Best Valid: 90.21%, Best Test: 90.94%
Epoch: 200, Loss: 0.3160, Train: 91.82%, Valid: 89.88%, Test: 90.52%, Best Valid: 90.21%, Best Test: 90.94%
Epoch: 300, Loss: 0.3061, Train: 92.54%, Valid: 89.78%, Test: 90.35%, Best Valid: 90.24%, Best Test: 90.66%
Epoch: 400, Loss: 0.2993, Train: 93.02%, Valid: 89.24%, Test: 89.67%, Best Valid: 90.24%, Best Test: 90.66%
Epoch: 500, Loss: 0.2836, Train: 94.04%, Valid: 89.45%, Test: 89.38%, Best Valid: 90.24%, Best Test: 90.66%
Epoch: 600, Loss: 0.2777, Train: 94.89%, Valid: 88.93%, Test: 89.05%, Best Valid: 90.24%, Best Test: 90.66%
Epoch: 700, Loss: 0.2763, Train: 95.10%, Valid: 89.01%, Test: 89.09%, Best Valid: 90.24%, Best Test: 90.66%
Epoch: 800, Loss: 0.2660, Train: 95.79%, Valid: 88.92%, Test: 88.80%, Best Valid: 90.24%, Best Test: 90.66%
Epoch: 900, Loss: 0.2686, Train: 95.87%, Valid: 88.80%, Test: 88.95%, Best Valid: 90.24%, Best Test: 90.66%
Run 03:
Highest Train: 96.69
Highest Valid: 90.24
Highest Test: 90.94
Chosen epoch: 289
Final Train: 92.15
Final Test: 90.66
Pre-training MLP for 500 epochs to generate co-occurrence matrix...
MLP pre-training complete. Penalty matrix frozen.
Epoch: 00, Loss: 0.6487, Train: 44.24%, Valid: 48.13%, Test: 46.98%, Best Valid: 48.13%, Best Test: 46.98%
Epoch: 100, Loss: 0.3206, Train: 91.87%, Valid: 89.12%, Test: 89.76%, Best Valid: 89.37%, Best Test: 89.69%
Epoch: 200, Loss: 0.3025, Train: 92.97%, Valid: 88.93%, Test: 89.79%, Best Valid: 89.48%, Best Test: 89.98%
Epoch: 300, Loss: 0.2929, Train: 93.42%, Valid: 88.95%, Test: 89.78%, Best Valid: 89.48%, Best Test: 89.98%
Epoch: 400, Loss: 0.2829, Train: 94.38%, Valid: 88.93%, Test: 89.66%, Best Valid: 89.48%, Best Test: 89.98%
Epoch: 500, Loss: 0.2718, Train: 95.01%, Valid: 88.78%, Test: 89.28%, Best Valid: 89.48%, Best Test: 89.98%
Epoch: 600, Loss: 0.2700, Train: 95.52%, Valid: 88.11%, Test: 89.41%, Best Valid: 89.48%, Best Test: 89.98%
Epoch: 700, Loss: 0.2607, Train: 96.17%, Valid: 88.55%, Test: 89.58%, Best Valid: 89.48%, Best Test: 89.98%
Epoch: 800, Loss: 0.2539, Train: 96.64%, Valid: 88.05%, Test: 88.83%, Best Valid: 89.48%, Best Test: 89.98%
Epoch: 900, Loss: 0.2468, Train: 97.01%, Valid: 87.50%, Test: 88.37%, Best Valid: 89.48%, Best Test: 89.98%
Run 04:
Highest Train: 97.44
Highest Valid: 89.48
Highest Test: 90.13
Chosen epoch: 146
Final Train: 92.13
Final Test: 89.98
Pre-training MLP for 500 epochs to generate co-occurrence matrix...
MLP pre-training complete. Penalty matrix frozen.
Epoch: 00, Loss: 0.9241, Train: 47.99%, Valid: 49.45%, Test: 46.43%, Best Valid: 49.45%, Best Test: 46.43%
Epoch: 100, Loss: 0.3259, Train: 91.62%, Valid: 90.34%, Test: 90.15%, Best Valid: 90.46%, Best Test: 90.16%
Epoch: 200, Loss: 0.3122, Train: 92.05%, Valid: 90.30%, Test: 89.89%, Best Valid: 90.61%, Best Test: 90.20%
Epoch: 300, Loss: 0.2964, Train: 93.20%, Valid: 90.14%, Test: 90.30%, Best Valid: 90.61%, Best Test: 90.20%
Epoch: 400, Loss: 0.2866, Train: 94.23%, Valid: 89.84%, Test: 89.61%, Best Valid: 90.61%, Best Test: 90.20%
Epoch: 500, Loss: 0.2918, Train: 94.76%, Valid: 89.25%, Test: 89.74%, Best Valid: 90.61%, Best Test: 90.20%
Epoch: 600, Loss: 0.2654, Train: 95.73%, Valid: 89.09%, Test: 89.38%, Best Valid: 90.61%, Best Test: 90.20%
Epoch: 700, Loss: 0.2667, Train: 95.67%, Valid: 89.11%, Test: 89.20%, Best Valid: 90.61%, Best Test: 90.20%
Epoch: 800, Loss: 0.2518, Train: 96.55%, Valid: 88.57%, Test: 88.64%, Best Valid: 90.61%, Best Test: 90.20%
Epoch: 900, Loss: 0.2501, Train: 97.00%, Valid: 88.47%, Test: 88.96%, Best Valid: 90.61%, Best Test: 90.20%
Run 05:
Highest Train: 97.29
Highest Valid: 90.61
Highest Test: 90.51
Chosen epoch: 116
Final Train: 91.78
Final Test: 90.20
All runs:
Highest Train: 97.28 ± 0.55
Highest Test: 90.44 ± 0.36
Highest Valid: 90.07 ± 0.60
  Final Train: 92.06 ± 0.43
   Final Test: 90.23 ± 0.29
Saving results to mlp_gt/results_full_clamp/minesweeper/polynormer.csv

Running with MLP-GT Regularization (lambda=0.2)...
Namespace(aggregate='add', alpha=0.5, attention='gcn', beta=-1.0, bn=False, cpu=False, data_dir='../data/', dataset='minesweeper', device=0, dim_inner=128, display_step=100, dropout=0.3, epochs=1000, global_dropout=None, global_layers=2, gnn='gcn', graph_weight=0.8, hidden_channels=128, hops=10, in_dropout=0.0, jk=False, label_num_per_class=20, lambda_val=0.2, layers=1, ln=False, local_gnn_type='GCN', local_layers=2, lr=0.01, metric='rocauc', mlp_epochs=500, mlp_reg=True, model='polynormer', model_dir='./model/', n_heads=4, num_centroids=4096, num_heads=4, oracle_reg=False, pe_types='RWSE', pre_linear=False, pre_ln=False, rand_split=False, rand_split_class=False, reg_start_epoch=10, reg_update_freq=5, res=False, result_dir='mlp_gt/results_full_clamp', runs=5, save_model=False, save_result=False, seed=42, test_num=1000, train_prop=0.5, use_act=False, use_bn=False, use_graph=False, use_reg=True, use_residual=False, use_weight=False, valid_num=500, valid_prop=0.25, weight_decay=0.0005)
minesweeper
dataset minesweeper | num nodes 10000 | num edge 39402 | num node feats 7 | num classes 2
MODEL: Polynormer(
  (h_lins): ModuleList(
    (0): Linear(in_features=512, out_features=512, bias=True)
    (1): Linear(in_features=512, out_features=512, bias=True)
  )
  (local_convs): ModuleList(
    (0): GATConv(512, 128, heads=4)
    (1): GATConv(512, 128, heads=4)
  )
  (lins): ModuleList(
    (0): Linear(in_features=512, out_features=512, bias=True)
    (1): Linear(in_features=512, out_features=512, bias=True)
  )
  (lns): ModuleList(
    (0): LayerNorm((512,), eps=1e-05, elementwise_affine=True)
    (1): LayerNorm((512,), eps=1e-05, elementwise_affine=True)
  )
  (lin_in): Linear(in_features=7, out_features=512, bias=True)
  (ln): LayerNorm((512,), eps=1e-05, elementwise_affine=True)
  (global_attn): GlobalAttn(
    (h_lins): ModuleList(
      (0): Linear(in_features=512, out_features=512, bias=True)
      (1): Linear(in_features=512, out_features=512, bias=True)
    )
    (k_lins): ModuleList(
      (0): Linear(in_features=512, out_features=512, bias=True)
      (1): Linear(in_features=512, out_features=512, bias=True)
    )
    (v_lins): ModuleList(
      (0): Linear(in_features=512, out_features=512, bias=True)
      (1): Linear(in_features=512, out_features=512, bias=True)
    )
    (lns): ModuleList(
      (0): LayerNorm((512,), eps=1e-05, elementwise_affine=True)
      (1): LayerNorm((512,), eps=1e-05, elementwise_affine=True)
    )
    (lin_out): Linear(in_features=512, out_features=512, bias=True)
  )
  (pred_local): Linear(in_features=512, out_features=2, bias=True)
  (pred_global): Linear(in_features=512, out_features=2, bias=True)
)
Pre-training MLP for 500 epochs to generate co-occurrence matrix...
MLP pre-training complete. Penalty matrix frozen.
Epoch: 00, Loss: 0.7423, Train: 56.96%, Valid: 55.04%, Test: 56.87%, Best Valid: 55.04%, Best Test: 56.87%
Epoch: 100, Loss: 0.3454, Train: 91.59%, Valid: 89.03%, Test: 89.51%, Best Valid: 89.03%, Best Test: 89.51%
Epoch: 200, Loss: 0.3376, Train: 92.54%, Valid: 88.98%, Test: 89.66%, Best Valid: 89.41%, Best Test: 89.82%
Epoch: 300, Loss: 0.3358, Train: 92.93%, Valid: 88.76%, Test: 89.59%, Best Valid: 89.41%, Best Test: 89.82%
Epoch: 400, Loss: 0.3193, Train: 93.34%, Valid: 88.61%, Test: 89.73%, Best Valid: 89.41%, Best Test: 89.82%
Epoch: 500, Loss: 0.3027, Train: 94.32%, Valid: 88.50%, Test: 89.17%, Best Valid: 89.41%, Best Test: 89.82%
Epoch: 600, Loss: 0.3013, Train: 94.75%, Valid: 89.05%, Test: 89.25%, Best Valid: 89.41%, Best Test: 89.82%
Epoch: 700, Loss: 0.3011, Train: 95.17%, Valid: 88.47%, Test: 89.25%, Best Valid: 89.41%, Best Test: 89.82%
Epoch: 800, Loss: 0.2933, Train: 95.30%, Valid: 88.25%, Test: 88.63%, Best Valid: 89.41%, Best Test: 89.82%
Epoch: 900, Loss: 0.2888, Train: 95.65%, Valid: 88.08%, Test: 89.01%, Best Valid: 89.41%, Best Test: 89.82%
Run 01:
Highest Train: 95.92
Highest Valid: 89.41
Highest Test: 90.18
Chosen epoch: 184
Final Train: 92.47
Final Test: 89.82
Pre-training MLP for 500 epochs to generate co-occurrence matrix...
MLP pre-training complete. Penalty matrix frozen.
Epoch: 00, Loss: 0.8462, Train: 57.81%, Valid: 55.77%, Test: 56.38%, Best Valid: 55.77%, Best Test: 56.38%
Epoch: 100, Loss: 0.3595, Train: 90.89%, Valid: 90.19%, Test: 89.79%, Best Valid: 90.25%, Best Test: 89.60%
Epoch: 200, Loss: 0.3475, Train: 91.83%, Valid: 89.73%, Test: 89.74%, Best Valid: 90.57%, Best Test: 90.02%
Epoch: 300, Loss: 0.3397, Train: 93.05%, Valid: 90.00%, Test: 89.56%, Best Valid: 90.57%, Best Test: 90.02%
Epoch: 400, Loss: 0.3178, Train: 94.42%, Valid: 89.29%, Test: 88.53%, Best Valid: 90.57%, Best Test: 90.02%
Epoch: 500, Loss: 0.2999, Train: 95.38%, Valid: 89.02%, Test: 88.79%, Best Valid: 90.57%, Best Test: 90.02%
Epoch: 600, Loss: 0.2906, Train: 96.24%, Valid: 88.47%, Test: 87.92%, Best Valid: 90.57%, Best Test: 90.02%
Epoch: 700, Loss: 0.2834, Train: 96.61%, Valid: 88.97%, Test: 87.91%, Best Valid: 90.57%, Best Test: 90.02%
Epoch: 800, Loss: 0.2738, Train: 97.00%, Valid: 88.14%, Test: 87.03%, Best Valid: 90.57%, Best Test: 90.02%
Epoch: 900, Loss: 0.2640, Train: 97.38%, Valid: 87.89%, Test: 87.51%, Best Valid: 90.57%, Best Test: 90.02%
Run 02:
Highest Train: 97.70
Highest Valid: 90.57
Highest Test: 90.16
Chosen epoch: 145
Final Train: 91.88
Final Test: 90.02
Pre-training MLP for 500 epochs to generate co-occurrence matrix...
MLP pre-training complete. Penalty matrix frozen.
Epoch: 00, Loss: 0.9067, Train: 64.05%, Valid: 61.66%, Test: 61.46%, Best Valid: 61.66%, Best Test: 61.46%
Epoch: 100, Loss: 0.3521, Train: 91.34%, Valid: 89.99%, Test: 90.65%, Best Valid: 90.13%, Best Test: 90.59%
Epoch: 200, Loss: 0.3393, Train: 92.20%, Valid: 89.98%, Test: 90.51%, Best Valid: 90.19%, Best Test: 90.59%
Epoch: 300, Loss: 0.3345, Train: 93.08%, Valid: 89.68%, Test: 89.73%, Best Valid: 90.19%, Best Test: 90.59%
Epoch: 400, Loss: 0.3140, Train: 93.93%, Valid: 89.38%, Test: 89.41%, Best Valid: 90.19%, Best Test: 90.59%
Epoch: 500, Loss: 0.3056, Train: 94.75%, Valid: 88.94%, Test: 88.64%, Best Valid: 90.19%, Best Test: 90.59%
Epoch: 600, Loss: 0.2994, Train: 95.50%, Valid: 88.58%, Test: 88.62%, Best Valid: 90.19%, Best Test: 90.59%
Epoch: 700, Loss: 0.2851, Train: 95.96%, Valid: 89.05%, Test: 89.25%, Best Valid: 90.19%, Best Test: 90.59%
Epoch: 800, Loss: 0.2849, Train: 96.44%, Valid: 88.19%, Test: 88.80%, Best Valid: 90.19%, Best Test: 90.59%
Epoch: 900, Loss: 0.2758, Train: 97.08%, Valid: 88.25%, Test: 88.75%, Best Valid: 90.19%, Best Test: 90.59%
Run 03:
Highest Train: 97.37
Highest Valid: 90.19
Highest Test: 90.74
Chosen epoch: 177
Final Train: 91.80
Final Test: 90.59
Pre-training MLP for 500 epochs to generate co-occurrence matrix...
MLP pre-training complete. Penalty matrix frozen.
Epoch: 00, Loss: 0.7077, Train: 43.89%, Valid: 47.66%, Test: 46.54%, Best Valid: 47.66%, Best Test: 46.54%
Epoch: 100, Loss: 0.3513, Train: 91.60%, Valid: 89.00%, Test: 89.54%, Best Valid: 89.26%, Best Test: 89.75%
Epoch: 200, Loss: 0.3434, Train: 91.93%, Valid: 87.98%, Test: 89.03%, Best Valid: 89.49%, Best Test: 90.02%
Epoch: 300, Loss: 0.3152, Train: 93.70%, Valid: 88.96%, Test: 89.93%, Best Valid: 89.49%, Best Test: 90.02%
Epoch: 400, Loss: 0.3084, Train: 94.49%, Valid: 88.66%, Test: 89.37%, Best Valid: 89.49%, Best Test: 90.02%
Epoch: 500, Loss: 0.2976, Train: 94.89%, Valid: 88.78%, Test: 89.81%, Best Valid: 89.49%, Best Test: 90.02%
Epoch: 600, Loss: 0.2877, Train: 95.66%, Valid: 88.50%, Test: 89.13%, Best Valid: 89.49%, Best Test: 90.02%
Epoch: 700, Loss: 0.2858, Train: 96.01%, Valid: 88.02%, Test: 89.06%, Best Valid: 89.49%, Best Test: 90.02%
Epoch: 800, Loss: 0.2763, Train: 96.67%, Valid: 88.20%, Test: 88.86%, Best Valid: 89.49%, Best Test: 90.02%
Epoch: 900, Loss: 0.2722, Train: 96.51%, Valid: 88.43%, Test: 89.18%, Best Valid: 89.49%, Best Test: 90.02%
Run 04:
Highest Train: 97.42
Highest Valid: 89.49
Highest Test: 90.35
Chosen epoch: 170
Final Train: 92.28
Final Test: 90.02
Pre-training MLP for 500 epochs to generate co-occurrence matrix...
MLP pre-training complete. Penalty matrix frozen.
Epoch: 00, Loss: 1.0081, Train: 47.86%, Valid: 49.30%, Test: 46.27%, Best Valid: 49.30%, Best Test: 46.27%
Epoch: 100, Loss: 0.3552, Train: 91.44%, Valid: 90.07%, Test: 90.06%, Best Valid: 90.23%, Best Test: 89.98%
Epoch: 200, Loss: 0.3425, Train: 92.01%, Valid: 90.32%, Test: 90.20%, Best Valid: 90.58%, Best Test: 90.41%
Epoch: 300, Loss: 0.3313, Train: 92.37%, Valid: 89.83%, Test: 90.25%, Best Valid: 90.58%, Best Test: 90.41%
Epoch: 400, Loss: 0.3272, Train: 93.40%, Valid: 90.09%, Test: 90.07%, Best Valid: 90.58%, Best Test: 90.41%
Epoch: 500, Loss: 0.3174, Train: 93.75%, Valid: 90.21%, Test: 89.93%, Best Valid: 90.58%, Best Test: 90.41%
Epoch: 600, Loss: 0.3178, Train: 94.48%, Valid: 89.39%, Test: 89.89%, Best Valid: 90.58%, Best Test: 90.41%
Epoch: 700, Loss: 0.3030, Train: 94.87%, Valid: 89.66%, Test: 89.95%, Best Valid: 90.58%, Best Test: 90.41%
Epoch: 800, Loss: 0.2927, Train: 95.46%, Valid: 89.22%, Test: 89.69%, Best Valid: 90.58%, Best Test: 90.41%
Epoch: 900, Loss: 0.2918, Train: 95.99%, Valid: 89.22%, Test: 88.91%, Best Valid: 90.58%, Best Test: 90.41%
Run 05:
Highest Train: 96.30
Highest Valid: 90.58
Highest Test: 90.56
Chosen epoch: 123
Final Train: 91.66
Final Test: 90.41
All runs:
Highest Train: 96.94 ± 0.78
Highest Test: 90.40 ± 0.25
Highest Valid: 90.05 ± 0.57
  Final Train: 92.02 ± 0.34
   Final Test: 90.17 ± 0.32
Saving results to mlp_gt/results_full_clamp/minesweeper/polynormer.csv

Running with MLP-GT Regularization (lambda=0.4)...
Namespace(aggregate='add', alpha=0.5, attention='gcn', beta=-1.0, bn=False, cpu=False, data_dir='../data/', dataset='minesweeper', device=0, dim_inner=128, display_step=100, dropout=0.3, epochs=1000, global_dropout=None, global_layers=2, gnn='gcn', graph_weight=0.8, hidden_channels=128, hops=10, in_dropout=0.0, jk=False, label_num_per_class=20, lambda_val=0.4, layers=1, ln=False, local_gnn_type='GCN', local_layers=2, lr=0.01, metric='rocauc', mlp_epochs=500, mlp_reg=True, model='polynormer', model_dir='./model/', n_heads=4, num_centroids=4096, num_heads=4, oracle_reg=False, pe_types='RWSE', pre_linear=False, pre_ln=False, rand_split=False, rand_split_class=False, reg_start_epoch=10, reg_update_freq=5, res=False, result_dir='mlp_gt/results_full_clamp', runs=5, save_model=False, save_result=False, seed=42, test_num=1000, train_prop=0.5, use_act=False, use_bn=False, use_graph=False, use_reg=True, use_residual=False, use_weight=False, valid_num=500, valid_prop=0.25, weight_decay=0.0005)
minesweeper
dataset minesweeper | num nodes 10000 | num edge 39402 | num node feats 7 | num classes 2
MODEL: Polynormer(
  (h_lins): ModuleList(
    (0): Linear(in_features=512, out_features=512, bias=True)
    (1): Linear(in_features=512, out_features=512, bias=True)
  )
  (local_convs): ModuleList(
    (0): GATConv(512, 128, heads=4)
    (1): GATConv(512, 128, heads=4)
  )
  (lins): ModuleList(
    (0): Linear(in_features=512, out_features=512, bias=True)
    (1): Linear(in_features=512, out_features=512, bias=True)
  )
  (lns): ModuleList(
    (0): LayerNorm((512,), eps=1e-05, elementwise_affine=True)
    (1): LayerNorm((512,), eps=1e-05, elementwise_affine=True)
  )
  (lin_in): Linear(in_features=7, out_features=512, bias=True)
  (ln): LayerNorm((512,), eps=1e-05, elementwise_affine=True)
  (global_attn): GlobalAttn(
    (h_lins): ModuleList(
      (0): Linear(in_features=512, out_features=512, bias=True)
      (1): Linear(in_features=512, out_features=512, bias=True)
    )
    (k_lins): ModuleList(
      (0): Linear(in_features=512, out_features=512, bias=True)
      (1): Linear(in_features=512, out_features=512, bias=True)
    )
    (v_lins): ModuleList(
      (0): Linear(in_features=512, out_features=512, bias=True)
      (1): Linear(in_features=512, out_features=512, bias=True)
    )
    (lns): ModuleList(
      (0): LayerNorm((512,), eps=1e-05, elementwise_affine=True)
      (1): LayerNorm((512,), eps=1e-05, elementwise_affine=True)
    )
    (lin_out): Linear(in_features=512, out_features=512, bias=True)
  )
  (pred_local): Linear(in_features=512, out_features=2, bias=True)
  (pred_global): Linear(in_features=512, out_features=2, bias=True)
)
Pre-training MLP for 500 epochs to generate co-occurrence matrix...
MLP pre-training complete. Penalty matrix frozen.
Epoch: 00, Loss: 0.8660, Train: 56.76%, Valid: 54.91%, Test: 56.82%, Best Valid: 54.91%, Best Test: 56.82%
Epoch: 100, Loss: 0.4145, Train: 91.32%, Valid: 88.59%, Test: 89.16%, Best Valid: 88.82%, Best Test: 89.11%
Epoch: 200, Loss: 0.3973, Train: 92.49%, Valid: 89.02%, Test: 90.03%, Best Valid: 89.20%, Best Test: 89.65%
Epoch: 300, Loss: 0.4002, Train: 93.12%, Valid: 88.75%, Test: 89.78%, Best Valid: 89.20%, Best Test: 89.65%
Epoch: 400, Loss: 0.3695, Train: 93.60%, Valid: 88.79%, Test: 89.46%, Best Valid: 89.20%, Best Test: 89.65%
Epoch: 500, Loss: 0.3673, Train: 93.89%, Valid: 88.54%, Test: 89.20%, Best Valid: 89.20%, Best Test: 89.65%
Epoch: 600, Loss: 0.3648, Train: 94.12%, Valid: 87.98%, Test: 88.60%, Best Valid: 89.20%, Best Test: 89.65%
Epoch: 700, Loss: 0.3546, Train: 95.10%, Valid: 88.00%, Test: 88.72%, Best Valid: 89.20%, Best Test: 89.65%
Epoch: 800, Loss: 0.3341, Train: 95.28%, Valid: 88.06%, Test: 88.60%, Best Valid: 89.20%, Best Test: 89.65%
Epoch: 900, Loss: 0.3303, Train: 95.62%, Valid: 88.31%, Test: 88.49%, Best Valid: 89.20%, Best Test: 89.65%
Run 01:
Highest Train: 96.24
Highest Valid: 89.20
Highest Test: 90.10
Chosen epoch: 146
Final Train: 92.12
Final Test: 89.65
Pre-training MLP for 500 epochs to generate co-occurrence matrix...
MLP pre-training complete. Penalty matrix frozen.
Epoch: 00, Loss: 0.9872, Train: 57.54%, Valid: 55.52%, Test: 56.13%, Best Valid: 55.52%, Best Test: 56.13%
Epoch: 100, Loss: 0.4409, Train: 90.88%, Valid: 89.93%, Test: 89.40%, Best Valid: 90.31%, Best Test: 89.71%
Epoch: 200, Loss: 0.4101, Train: 91.69%, Valid: 90.23%, Test: 89.84%, Best Valid: 90.47%, Best Test: 89.82%
Epoch: 300, Loss: 0.3901, Train: 93.21%, Valid: 89.77%, Test: 89.51%, Best Valid: 90.55%, Best Test: 90.18%
Epoch: 400, Loss: 0.3613, Train: 94.53%, Valid: 89.03%, Test: 88.93%, Best Valid: 90.55%, Best Test: 90.18%
Epoch: 500, Loss: 0.3502, Train: 95.26%, Valid: 88.89%, Test: 88.64%, Best Valid: 90.55%, Best Test: 90.18%
Epoch: 600, Loss: 0.3488, Train: 95.84%, Valid: 88.70%, Test: 88.32%, Best Valid: 90.55%, Best Test: 90.18%
Epoch: 700, Loss: 0.3305, Train: 96.47%, Valid: 88.38%, Test: 88.24%, Best Valid: 90.55%, Best Test: 90.18%
Epoch: 800, Loss: 0.3196, Train: 96.76%, Valid: 87.93%, Test: 87.37%, Best Valid: 90.55%, Best Test: 90.18%
Epoch: 900, Loss: 0.3076, Train: 97.29%, Valid: 87.49%, Test: 86.82%, Best Valid: 90.55%, Best Test: 90.18%
Run 02:
Highest Train: 97.93
Highest Valid: 90.55
Highest Test: 90.18
Chosen epoch: 226
Final Train: 92.21
Final Test: 90.18
Pre-training MLP for 500 epochs to generate co-occurrence matrix...
MLP pre-training complete. Penalty matrix frozen.
Epoch: 00, Loss: 1.0578, Train: 63.17%, Valid: 60.48%, Test: 60.50%, Best Valid: 60.48%, Best Test: 60.50%
Epoch: 100, Loss: 0.4136, Train: 91.26%, Valid: 89.92%, Test: 90.47%, Best Valid: 90.05%, Best Test: 90.54%
Epoch: 200, Loss: 0.3953, Train: 92.16%, Valid: 90.10%, Test: 90.57%, Best Valid: 90.21%, Best Test: 90.60%
Epoch: 300, Loss: 0.4056, Train: 92.59%, Valid: 89.68%, Test: 89.88%, Best Valid: 90.21%, Best Test: 90.60%
Epoch: 400, Loss: 0.3832, Train: 93.54%, Valid: 89.56%, Test: 89.71%, Best Valid: 90.21%, Best Test: 90.60%
Epoch: 500, Loss: 0.3776, Train: 94.17%, Valid: 89.37%, Test: 89.48%, Best Valid: 90.21%, Best Test: 90.60%
Epoch: 600, Loss: 0.3734, Train: 94.46%, Valid: 88.89%, Test: 89.26%, Best Valid: 90.21%, Best Test: 90.60%
Epoch: 700, Loss: 0.3535, Train: 95.21%, Valid: 88.76%, Test: 88.99%, Best Valid: 90.21%, Best Test: 90.60%
Epoch: 800, Loss: 0.3490, Train: 95.50%, Valid: 88.43%, Test: 89.20%, Best Valid: 90.21%, Best Test: 90.60%
Epoch: 900, Loss: 0.3345, Train: 95.87%, Valid: 88.64%, Test: 89.00%, Best Valid: 90.21%, Best Test: 90.60%
Run 03:
Highest Train: 96.56
Highest Valid: 90.21
Highest Test: 90.74
Chosen epoch: 166
Final Train: 91.89
Final Test: 90.60
Pre-training MLP for 500 epochs to generate co-occurrence matrix...
MLP pre-training complete. Penalty matrix frozen.
Epoch: 00, Loss: 0.8256, Train: 43.42%, Valid: 47.10%, Test: 46.06%, Best Valid: 47.10%, Best Test: 46.06%
Epoch: 100, Loss: 0.4091, Train: 91.79%, Valid: 88.85%, Test: 89.48%, Best Valid: 89.33%, Best Test: 89.66%
Epoch: 200, Loss: 0.3875, Train: 92.80%, Valid: 88.69%, Test: 89.79%, Best Valid: 89.43%, Best Test: 90.11%
Epoch: 300, Loss: 0.3760, Train: 93.77%, Valid: 88.64%, Test: 89.81%, Best Valid: 89.43%, Best Test: 90.11%
Epoch: 400, Loss: 0.3582, Train: 94.55%, Valid: 88.73%, Test: 89.52%, Best Valid: 89.43%, Best Test: 90.11%
Epoch: 500, Loss: 0.3487, Train: 95.23%, Valid: 88.12%, Test: 89.12%, Best Valid: 89.43%, Best Test: 90.11%
Epoch: 600, Loss: 0.3311, Train: 96.29%, Valid: 87.94%, Test: 89.23%, Best Valid: 89.43%, Best Test: 90.11%
Epoch: 700, Loss: 0.3446, Train: 96.23%, Valid: 88.25%, Test: 89.15%, Best Valid: 89.43%, Best Test: 90.11%
Epoch: 800, Loss: 0.3265, Train: 96.64%, Valid: 87.98%, Test: 88.83%, Best Valid: 89.43%, Best Test: 90.11%
Epoch: 900, Loss: 0.3059, Train: 97.40%, Valid: 87.12%, Test: 88.45%, Best Valid: 89.43%, Best Test: 90.11%
Run 04:
Highest Train: 97.46
Highest Valid: 89.43
Highest Test: 90.24
Chosen epoch: 173
Final Train: 92.56
Final Test: 90.11
Pre-training MLP for 500 epochs to generate co-occurrence matrix...
MLP pre-training complete. Penalty matrix frozen.
Epoch: 00, Loss: 1.1761, Train: 47.81%, Valid: 49.21%, Test: 46.18%, Best Valid: 49.21%, Best Test: 46.18%
Epoch: 100, Loss: 0.4312, Train: 91.22%, Valid: 90.14%, Test: 89.90%, Best Valid: 90.23%, Best Test: 89.98%
Epoch: 200, Loss: 0.4225, Train: 92.24%, Valid: 90.11%, Test: 90.18%, Best Valid: 90.56%, Best Test: 89.88%
Epoch: 300, Loss: 0.3869, Train: 93.17%, Valid: 90.24%, Test: 90.20%, Best Valid: 90.56%, Best Test: 89.88%
Epoch: 400, Loss: 0.3759, Train: 94.07%, Valid: 89.85%, Test: 89.93%, Best Valid: 90.56%, Best Test: 89.88%
Epoch: 500, Loss: 0.3612, Train: 94.71%, Valid: 89.74%, Test: 89.61%, Best Valid: 90.56%, Best Test: 89.88%
Epoch: 600, Loss: 0.3411, Train: 95.64%, Valid: 89.31%, Test: 89.17%, Best Valid: 90.56%, Best Test: 89.88%
Epoch: 700, Loss: 0.3426, Train: 96.23%, Valid: 88.89%, Test: 89.19%, Best Valid: 90.56%, Best Test: 89.88%
Epoch: 800, Loss: 0.3261, Train: 96.80%, Valid: 88.47%, Test: 88.54%, Best Valid: 90.56%, Best Test: 89.88%
Epoch: 900, Loss: 0.3176, Train: 97.12%, Valid: 88.27%, Test: 88.52%, Best Valid: 90.56%, Best Test: 89.88%
Run 05:
Highest Train: 97.72
Highest Valid: 90.56
Highest Test: 90.48
Chosen epoch: 112
Final Train: 91.40
Final Test: 89.88
All runs:
Highest Train: 97.18 ± 0.74
Highest Test: 90.35 ± 0.26
Highest Valid: 89.99 ± 0.64
  Final Train: 92.04 ± 0.43
   Final Test: 90.09 ± 0.36
Saving results to mlp_gt/results_full_clamp/minesweeper/polynormer.csv

GT sweep completed!
==========================================================
Task 0 completed at: Thu Apr 30 11:55:24 PM EDT 2026
==========================================================
