==========================================================
MLP-GT Full Sweep | Task 3
Job: 1011972 | Date: Tue Apr 28 08:00:50 AM EDT 2026 | Host: n0001
==========================================================
Tue Apr 28 08:00:56 2026       
+-----------------------------------------------------------------------------------------+
| NVIDIA-SMI 570.211.01             Driver Version: 570.211.01     CUDA Version: 12.8     |
|-----------------------------------------+------------------------+----------------------+
| GPU  Name                 Persistence-M | Bus-Id          Disp.A | Volatile Uncorr. ECC |
| Fan  Temp   Perf          Pwr:Usage/Cap |           Memory-Usage | GPU-Util  Compute M. |
|                                         |                        |               MIG M. |
|=========================================+========================+======================|
|   0  NVIDIA A100-SXM4-80GB          On  |   00000000:01:00.0 Off |                   On |
| N/A   33C    P0            105W /  500W |    6667MiB /  81920MiB |     N/A      Default |
|                                         |                        |              Enabled |
+-----------------------------------------+------------------------+----------------------+
|   1  NVIDIA A100-SXM4-80GB          On  |   00000000:41:00.0 Off |                   On |
| N/A   37C    P0            147W /  500W |    3651MiB /  81920MiB |     N/A      Default |
|                                         |                        |              Enabled |
+-----------------------------------------+------------------------+----------------------+
|   2  NVIDIA A100-SXM4-80GB          On  |   00000000:81:00.0 Off |                   On |
| N/A   33C    P0             79W /  500W |     541MiB /  81920MiB |     N/A      Default |
|                                         |                        |              Enabled |
+-----------------------------------------+------------------------+----------------------+
|   3  NVIDIA A100-SXM4-80GB          On  |   00000000:C1:00.0 Off |                   On |
| N/A   25C    P0             49W /  500W |     185MiB /  81920MiB |     N/A      Default |
|                                         |                        |              Enabled |
+-----------------------------------------+------------------------+----------------------+

+-----------------------------------------------------------------------------------------+
| MIG devices:                                                                            |
+------------------+----------------------------------+-----------+-----------------------+
| GPU  GI  CI  MIG |                     Memory-Usage |        Vol|        Shared         |
|      ID  ID  Dev |                       BAR1-Usage | SM     Unc| CE ENC  DEC  OFA  JPG |
|                  |                                  |        ECC|                       |
|==================+==================================+===========+=======================|
|  3    5   0   0  |              53MiB / 19968MiB    | 28      0 |  2   0    1    0    0 |
|                  |                 0MiB / 32767MiB  |           |                       |
+------------------+----------------------------------+-----------+-----------------------+
                                                                                         
+-----------------------------------------------------------------------------------------+
| Processes:                                                                              |
|  GPU   GI   CI              PID   Type   Process name                        GPU Memory |
|        ID   ID                                                               Usage      |
|=========================================================================================|
|    0    1    0           498705      C   python                                 6476MiB |
|    1    1    0           564678      C   python                                 3460MiB |
|    2    2    0           588668      C   python                                  312MiB |
+-----------------------------------------------------------------------------------------+
1.12.1
True
NVIDIA A100-SXM4-80GB MIG 2g.20gb
Model: polynormer | Dataset: amazon-ratings
Split flags: 
==========================================================
Starting mlp_gt GT Sweep for:
python main.py --model polynormer --dataset amazon-ratings         --hidden_channels 128 --local_layers 2 --global_layers 2 --num_heads 4         --lr 0.01 --weight_decay 5e-4 --dropout 0.3 --epochs 1000         --runs 5 --device 0         
Result dir: mlp_gt/results_full
==========================================================
Running GT Baseline (no reg)...
Namespace(aggregate='add', alpha=0.5, attention='gcn', beta=-1.0, bn=False, cpu=False, data_dir='../data/', dataset='amazon-ratings', device=0, dim_inner=128, display_step=100, dropout=0.3, epochs=1000, global_dropout=None, global_layers=2, gnn='gcn', graph_weight=0.8, hidden_channels=128, hops=10, in_dropout=0.0, jk=False, label_num_per_class=20, lambda_val=0.5, layers=1, ln=False, local_gnn_type='GCN', local_layers=2, lr=0.01, metric='acc', mlp_epochs=500, mlp_reg=False, model='polynormer', model_dir='./model/', n_heads=4, num_centroids=4096, num_heads=4, oracle_reg=False, pe_types='RWSE', pre_linear=False, pre_ln=False, rand_split=False, rand_split_class=False, reg_start_epoch=10, reg_update_freq=5, res=False, result_dir='mlp_gt/results_full', runs=5, save_model=False, save_result=False, seed=42, test_num=1000, train_prop=0.5, use_act=False, use_bn=False, use_graph=False, use_reg=False, use_residual=False, use_weight=False, valid_num=500, valid_prop=0.25, weight_decay=0.0005)
amazon-ratings
dataset amazon-ratings | num nodes 24492 | num edge 93050 | num node feats 300 | num classes 5
MODEL: Polynormer(
  (h_lins): ModuleList(
    (0): Linear(in_features=512, out_features=512, bias=True)
    (1): Linear(in_features=512, out_features=512, bias=True)
  )
  (local_convs): ModuleList(
    (0): GATConv(512, 128, heads=4)
    (1): GATConv(512, 128, heads=4)
  )
  (lins): ModuleList(
    (0): Linear(in_features=512, out_features=512, bias=True)
    (1): Linear(in_features=512, out_features=512, bias=True)
  )
  (lns): ModuleList(
    (0): LayerNorm((512,), eps=1e-05, elementwise_affine=True)
    (1): LayerNorm((512,), eps=1e-05, elementwise_affine=True)
  )
  (lin_in): Linear(in_features=300, out_features=512, bias=True)
  (ln): LayerNorm((512,), eps=1e-05, elementwise_affine=True)
  (global_attn): GlobalAttn(
    (h_lins): ModuleList(
      (0): Linear(in_features=512, out_features=512, bias=True)
      (1): Linear(in_features=512, out_features=512, bias=True)
    )
    (k_lins): ModuleList(
      (0): Linear(in_features=512, out_features=512, bias=True)
      (1): Linear(in_features=512, out_features=512, bias=True)
    )
    (v_lins): ModuleList(
      (0): Linear(in_features=512, out_features=512, bias=True)
      (1): Linear(in_features=512, out_features=512, bias=True)
    )
    (lns): ModuleList(
      (0): LayerNorm((512,), eps=1e-05, elementwise_affine=True)
      (1): LayerNorm((512,), eps=1e-05, elementwise_affine=True)
    )
    (lin_out): Linear(in_features=512, out_features=512, bias=True)
  )
  (pred_local): Linear(in_features=512, out_features=5, bias=True)
  (pred_global): Linear(in_features=512, out_features=5, bias=True)
)
Epoch: 00, Loss: 1.6563, Train: 36.79%, Valid: 36.78%, Test: 36.80%, Best Valid: 36.78%, Best Test: 36.80%
Epoch: 100, Loss: 1.3252, Train: 43.79%, Valid: 41.84%, Test: 41.86%, Best Valid: 41.96%, Best Test: 41.56%
Epoch: 200, Loss: 1.2995, Train: 44.18%, Valid: 42.81%, Test: 42.53%, Best Valid: 42.81%, Best Test: 42.53%
Epoch: 300, Loss: 1.1444, Train: 52.74%, Valid: 44.08%, Test: 44.36%, Best Valid: 44.13%, Best Test: 44.28%
Epoch: 400, Loss: 1.0588, Train: 57.72%, Valid: 44.34%, Test: 43.20%, Best Valid: 46.10%, Best Test: 45.79%
Epoch: 500, Loss: 0.7354, Train: 79.36%, Valid: 49.26%, Test: 48.59%, Best Valid: 49.26%, Best Test: 48.59%
Epoch: 600, Loss: 1.2660, Train: 46.14%, Valid: 40.94%, Test: 41.58%, Best Valid: 49.26%, Best Test: 48.59%
Epoch: 700, Loss: 0.9805, Train: 63.25%, Valid: 44.52%, Test: 45.14%, Best Valid: 49.26%, Best Test: 48.59%
Epoch: 800, Loss: 1.0805, Train: 58.77%, Valid: 44.37%, Test: 46.14%, Best Valid: 49.26%, Best Test: 48.59%
Epoch: 900, Loss: 0.7912, Train: 75.56%, Valid: 46.22%, Test: 47.22%, Best Valid: 49.26%, Best Test: 48.59%
Run 01:
Highest Train: 83.99
Highest Valid: 49.26
Highest Test: 49.68
Chosen epoch: 500
Final Train: 79.36
Final Test: 48.59
Epoch: 00, Loss: 1.6506, Train: 36.79%, Valid: 36.78%, Test: 36.80%, Best Valid: 36.78%, Best Test: 36.80%
Epoch: 100, Loss: 1.3549, Train: 39.34%, Valid: 37.61%, Test: 37.38%, Best Valid: 39.60%, Best Test: 39.25%
Epoch: 200, Loss: 1.3163, Train: 42.77%, Valid: 40.41%, Test: 39.88%, Best Valid: 41.86%, Best Test: 41.19%
Epoch: 300, Loss: 1.3554, Train: 42.00%, Valid: 40.57%, Test: 40.21%, Best Valid: 43.33%, Best Test: 42.19%
Epoch: 400, Loss: 1.1522, Train: 53.42%, Valid: 43.75%, Test: 42.90%, Best Valid: 44.05%, Best Test: 43.57%
Epoch: 500, Loss: 1.0038, Train: 61.64%, Valid: 46.35%, Test: 45.89%, Best Valid: 46.35%, Best Test: 45.89%
Epoch: 600, Loss: 1.2703, Train: 45.86%, Valid: 38.92%, Test: 38.22%, Best Valid: 46.35%, Best Test: 45.89%
Epoch: 700, Loss: 0.9568, Train: 65.53%, Valid: 44.70%, Test: 43.82%, Best Valid: 46.81%, Best Test: 47.04%
Epoch: 800, Loss: 0.8691, Train: 71.76%, Valid: 46.17%, Test: 45.73%, Best Valid: 47.62%, Best Test: 47.69%
Epoch: 900, Loss: 1.0989, Train: 50.65%, Valid: 35.80%, Test: 36.29%, Best Valid: 48.06%, Best Test: 47.92%
Run 02:
Highest Train: 77.32
Highest Valid: 48.06
Highest Test: 48.46
Chosen epoch: 883
Final Train: 76.75
Final Test: 47.92
Epoch: 00, Loss: 1.7235, Train: 36.79%, Valid: 36.78%, Test: 36.80%, Best Valid: 36.78%, Best Test: 36.80%
Epoch: 100, Loss: 1.3523, Train: 41.45%, Valid: 40.88%, Test: 40.34%, Best Valid: 40.88%, Best Test: 40.34%
Epoch: 200, Loss: 1.3287, Train: 43.17%, Valid: 41.97%, Test: 42.27%, Best Valid: 42.22%, Best Test: 41.91%
Epoch: 300, Loss: 1.2568, Train: 45.67%, Valid: 42.07%, Test: 41.74%, Best Valid: 43.77%, Best Test: 43.52%
Epoch: 400, Loss: 1.0946, Train: 56.06%, Valid: 46.09%, Test: 46.02%, Best Valid: 46.19%, Best Test: 45.89%
Epoch: 500, Loss: 0.9139, Train: 68.46%, Valid: 45.26%, Test: 46.46%, Best Valid: 48.11%, Best Test: 47.22%
Epoch: 600, Loss: 0.9240, Train: 68.99%, Valid: 47.20%, Test: 47.25%, Best Valid: 48.47%, Best Test: 48.00%
Epoch: 700, Loss: 1.3592, Train: 40.70%, Valid: 38.90%, Test: 38.51%, Best Valid: 49.18%, Best Test: 49.83%
Epoch: 800, Loss: 1.0554, Train: 60.12%, Valid: 45.42%, Test: 45.29%, Best Valid: 49.18%, Best Test: 49.83%
Epoch: 900, Loss: 0.7681, Train: 77.18%, Valid: 48.34%, Test: 48.86%, Best Valid: 49.22%, Best Test: 49.31%
Run 03:
Highest Train: 87.21
Highest Valid: 49.81
Highest Test: 50.51
Chosen epoch: 957
Final Train: 83.82
Final Test: 50.43
Epoch: 00, Loss: 1.6578, Train: 36.79%, Valid: 36.78%, Test: 36.80%, Best Valid: 36.78%, Best Test: 36.80%
Epoch: 100, Loss: 1.3380, Train: 41.97%, Valid: 40.76%, Test: 39.90%, Best Valid: 41.29%, Best Test: 40.94%
Epoch: 200, Loss: 1.2983, Train: 43.25%, Valid: 40.99%, Test: 40.75%, Best Valid: 42.54%, Best Test: 41.01%
Epoch: 300, Loss: 1.1778, Train: 51.95%, Valid: 42.56%, Test: 41.84%, Best Valid: 45.03%, Best Test: 44.78%
Epoch: 400, Loss: 0.8837, Train: 69.42%, Valid: 46.59%, Test: 46.87%, Best Valid: 47.69%, Best Test: 47.46%
Epoch: 500, Loss: 1.2797, Train: 44.41%, Valid: 42.12%, Test: 42.01%, Best Valid: 49.31%, Best Test: 48.95%
Epoch: 600, Loss: 0.9111, Train: 67.77%, Valid: 47.59%, Test: 46.71%, Best Valid: 49.31%, Best Test: 48.95%
Epoch: 700, Loss: 0.7195, Train: 78.44%, Valid: 49.52%, Test: 49.26%, Best Valid: 49.52%, Best Test: 49.26%
Epoch: 800, Loss: 1.0593, Train: 58.88%, Valid: 45.24%, Test: 45.65%, Best Valid: 49.52%, Best Test: 49.26%
Epoch: 900, Loss: 1.0473, Train: 64.66%, Valid: 43.31%, Test: 42.04%, Best Valid: 49.52%, Best Test: 49.26%
Run 04:
Highest Train: 81.23
Highest Valid: 49.52
Highest Test: 49.26
Chosen epoch: 700
Final Train: 78.44
Final Test: 49.26
Epoch: 00, Loss: 1.6927, Train: 36.79%, Valid: 36.78%, Test: 36.80%, Best Valid: 36.78%, Best Test: 36.80%
Epoch: 100, Loss: 1.3607, Train: 40.49%, Valid: 39.54%, Test: 39.10%, Best Valid: 39.74%, Best Test: 38.62%
Epoch: 200, Loss: 1.3332, Train: 40.06%, Valid: 38.85%, Test: 38.82%, Best Valid: 42.10%, Best Test: 41.94%
Epoch: 300, Loss: 1.3070, Train: 43.88%, Valid: 41.73%, Test: 41.76%, Best Valid: 42.36%, Best Test: 40.98%
Epoch: 400, Loss: 1.2672, Train: 44.26%, Valid: 40.03%, Test: 40.05%, Best Valid: 44.78%, Best Test: 43.85%
Epoch: 500, Loss: 1.1035, Train: 56.52%, Valid: 45.93%, Test: 45.91%, Best Valid: 46.20%, Best Test: 45.57%
Epoch: 600, Loss: 0.9205, Train: 69.78%, Valid: 47.59%, Test: 46.87%, Best Valid: 49.60%, Best Test: 47.62%
Epoch: 700, Loss: 0.7513, Train: 80.59%, Valid: 48.05%, Test: 48.82%, Best Valid: 49.60%, Best Test: 47.62%
Epoch: 800, Loss: 0.7797, Train: 78.15%, Valid: 48.52%, Test: 48.85%, Best Valid: 50.22%, Best Test: 50.27%
Epoch: 900, Loss: 1.3523, Train: 42.81%, Valid: 40.34%, Test: 40.65%, Best Valid: 50.22%, Best Test: 50.27%
Run 05:
Highest Train: 87.56
Highest Valid: 50.22
Highest Test: 50.47
Chosen epoch: 750
Final Train: 86.13
Final Test: 50.27
All runs:
Highest Train: 83.46 ± 4.29
Highest Test: 49.67 ± 0.86
Highest Valid: 49.37 ± 0.82
  Final Train: 80.90 ± 3.92
   Final Test: 49.29 ± 1.08
Saving results to mlp_gt/results_full/amazon-ratings/polynormer.csv

Running with MLP-GT Regularization (lambda=0.01)...
Namespace(aggregate='add', alpha=0.5, attention='gcn', beta=-1.0, bn=False, cpu=False, data_dir='../data/', dataset='amazon-ratings', device=0, dim_inner=128, display_step=100, dropout=0.3, epochs=1000, global_dropout=None, global_layers=2, gnn='gcn', graph_weight=0.8, hidden_channels=128, hops=10, in_dropout=0.0, jk=False, label_num_per_class=20, lambda_val=0.01, layers=1, ln=False, local_gnn_type='GCN', local_layers=2, lr=0.01, metric='acc', mlp_epochs=500, mlp_reg=True, model='polynormer', model_dir='./model/', n_heads=4, num_centroids=4096, num_heads=4, oracle_reg=False, pe_types='RWSE', pre_linear=False, pre_ln=False, rand_split=False, rand_split_class=False, reg_start_epoch=10, reg_update_freq=5, res=False, result_dir='mlp_gt/results_full', runs=5, save_model=False, save_result=False, seed=42, test_num=1000, train_prop=0.5, use_act=False, use_bn=False, use_graph=False, use_reg=True, use_residual=False, use_weight=False, valid_num=500, valid_prop=0.25, weight_decay=0.0005)
amazon-ratings
dataset amazon-ratings | num nodes 24492 | num edge 93050 | num node feats 300 | num classes 5
MODEL: Polynormer(
  (h_lins): ModuleList(
    (0): Linear(in_features=512, out_features=512, bias=True)
    (1): Linear(in_features=512, out_features=512, bias=True)
  )
  (local_convs): ModuleList(
    (0): GATConv(512, 128, heads=4)
    (1): GATConv(512, 128, heads=4)
  )
  (lins): ModuleList(
    (0): Linear(in_features=512, out_features=512, bias=True)
    (1): Linear(in_features=512, out_features=512, bias=True)
  )
  (lns): ModuleList(
    (0): LayerNorm((512,), eps=1e-05, elementwise_affine=True)
    (1): LayerNorm((512,), eps=1e-05, elementwise_affine=True)
  )
  (lin_in): Linear(in_features=300, out_features=512, bias=True)
  (ln): LayerNorm((512,), eps=1e-05, elementwise_affine=True)
  (global_attn): GlobalAttn(
    (h_lins): ModuleList(
      (0): Linear(in_features=512, out_features=512, bias=True)
      (1): Linear(in_features=512, out_features=512, bias=True)
    )
    (k_lins): ModuleList(
      (0): Linear(in_features=512, out_features=512, bias=True)
      (1): Linear(in_features=512, out_features=512, bias=True)
    )
    (v_lins): ModuleList(
      (0): Linear(in_features=512, out_features=512, bias=True)
      (1): Linear(in_features=512, out_features=512, bias=True)
    )
    (lns): ModuleList(
      (0): LayerNorm((512,), eps=1e-05, elementwise_affine=True)
      (1): LayerNorm((512,), eps=1e-05, elementwise_affine=True)
    )
    (lin_out): Linear(in_features=512, out_features=512, bias=True)
  )
  (pred_local): Linear(in_features=512, out_features=5, bias=True)
  (pred_global): Linear(in_features=512, out_features=5, bias=True)
)
Pre-training MLP for 500 epochs to generate co-occurrence matrix...
MLP pre-training complete. Penalty matrix frozen.
Epoch: 00, Loss: 1.6730, Train: 36.79%, Valid: 36.78%, Test: 36.80%, Best Valid: 36.78%, Best Test: 36.80%
Epoch: 100, Loss: 1.3218, Train: 43.21%, Valid: 41.25%, Test: 41.55%, Best Valid: 41.25%, Best Test: 41.55%
Epoch: 200, Loss: 1.2109, Train: 50.47%, Valid: 43.05%, Test: 42.43%, Best Valid: 43.75%, Best Test: 44.19%
Epoch: 300, Loss: 1.0891, Train: 58.29%, Valid: 43.82%, Test: 43.00%, Best Valid: 45.58%, Best Test: 45.75%
Epoch: 400, Loss: 1.3116, Train: 46.89%, Valid: 42.53%, Test: 42.92%, Best Valid: 47.00%, Best Test: 47.22%
Epoch: 500, Loss: 1.0222, Train: 62.80%, Valid: 45.71%, Test: 45.81%, Best Valid: 47.00%, Best Test: 47.22%
Epoch: 600, Loss: 0.7522, Train: 79.42%, Valid: 47.79%, Test: 48.06%, Best Valid: 48.60%, Best Test: 49.40%
Epoch: 700, Loss: 0.8235, Train: 74.50%, Valid: 46.45%, Test: 46.63%, Best Valid: 48.60%, Best Test: 49.40%
Epoch: 800, Loss: 0.7369, Train: 80.18%, Valid: 46.87%, Test: 47.15%, Best Valid: 49.34%, Best Test: 48.11%
Epoch: 900, Loss: 1.2258, Train: 49.45%, Valid: 43.51%, Test: 43.77%, Best Valid: 49.34%, Best Test: 48.11%
Run 01:
Highest Train: 82.18
Highest Valid: 49.34
Highest Test: 49.40
Chosen epoch: 743
Final Train: 80.57
Final Test: 48.11
Pre-training MLP for 500 epochs to generate co-occurrence matrix...
MLP pre-training complete. Penalty matrix frozen.
Epoch: 00, Loss: 1.6105, Train: 36.79%, Valid: 36.78%, Test: 36.80%, Best Valid: 36.78%, Best Test: 36.80%
Epoch: 100, Loss: 1.3479, Train: 42.50%, Valid: 40.62%, Test: 40.21%, Best Valid: 40.67%, Best Test: 40.72%
Epoch: 200, Loss: 1.3192, Train: 44.04%, Valid: 42.02%, Test: 42.07%, Best Valid: 42.02%, Best Test: 42.07%
Epoch: 300, Loss: 1.2798, Train: 47.14%, Valid: 41.68%, Test: 41.71%, Best Valid: 43.41%, Best Test: 42.79%
Epoch: 400, Loss: 1.2059, Train: 51.71%, Valid: 43.54%, Test: 43.57%, Best Valid: 45.44%, Best Test: 45.06%
Epoch: 500, Loss: 1.0020, Train: 61.43%, Valid: 44.21%, Test: 43.03%, Best Valid: 46.82%, Best Test: 46.48%
Epoch: 600, Loss: 1.1516, Train: 55.17%, Valid: 43.85%, Test: 44.03%, Best Valid: 47.23%, Best Test: 45.50%
Epoch: 700, Loss: 0.9087, Train: 69.91%, Valid: 46.91%, Test: 47.07%, Best Valid: 47.43%, Best Test: 47.82%
Epoch: 800, Loss: 1.2974, Train: 46.13%, Valid: 41.47%, Test: 41.42%, Best Valid: 48.83%, Best Test: 48.62%
Epoch: 900, Loss: 1.0700, Train: 62.11%, Valid: 44.11%, Test: 45.17%, Best Valid: 48.83%, Best Test: 48.62%
Run 02:
Highest Train: 84.66
Highest Valid: 49.04
Highest Test: 50.04
Chosen epoch: 970
Final Train: 78.20
Final Test: 48.23
Pre-training MLP for 500 epochs to generate co-occurrence matrix...
MLP pre-training complete. Penalty matrix frozen.
Epoch: 00, Loss: 1.7320, Train: 36.79%, Valid: 36.78%, Test: 36.80%, Best Valid: 36.78%, Best Test: 36.80%
Epoch: 100, Loss: 1.3486, Train: 41.64%, Valid: 41.11%, Test: 41.04%, Best Valid: 41.48%, Best Test: 40.99%
Epoch: 200, Loss: 1.3060, Train: 44.48%, Valid: 42.20%, Test: 42.23%, Best Valid: 42.74%, Best Test: 42.54%
Epoch: 300, Loss: 1.1773, Train: 52.02%, Valid: 45.11%, Test: 45.22%, Best Valid: 45.11%, Best Test: 45.22%
Epoch: 400, Loss: 1.2630, Train: 48.00%, Valid: 42.99%, Test: 43.23%, Best Valid: 47.28%, Best Test: 46.07%
Epoch: 500, Loss: 0.8975, Train: 66.39%, Valid: 46.12%, Test: 46.32%, Best Valid: 47.84%, Best Test: 47.54%
Epoch: 600, Loss: 0.8368, Train: 73.46%, Valid: 48.06%, Test: 48.06%, Best Valid: 48.70%, Best Test: 48.47%
Epoch: 700, Loss: 1.3712, Train: 41.73%, Valid: 39.70%, Test: 40.44%, Best Valid: 49.35%, Best Test: 49.14%
Epoch: 800, Loss: 1.2959, Train: 44.97%, Valid: 41.71%, Test: 42.02%, Best Valid: 49.35%, Best Test: 49.14%
Epoch: 900, Loss: 1.1979, Train: 51.18%, Valid: 44.39%, Test: 44.62%, Best Valid: 49.35%, Best Test: 49.14%
Run 03:
Highest Train: 83.46
Highest Valid: 49.35
Highest Test: 49.24
Chosen epoch: 648
Final Train: 82.33
Final Test: 49.14
Pre-training MLP for 500 epochs to generate co-occurrence matrix...
MLP pre-training complete. Penalty matrix frozen.
Epoch: 00, Loss: 1.6942, Train: 36.79%, Valid: 36.78%, Test: 36.80%, Best Valid: 36.78%, Best Test: 36.80%
Epoch: 100, Loss: 1.3584, Train: 41.24%, Valid: 40.03%, Test: 39.62%, Best Valid: 40.85%, Best Test: 40.93%
Epoch: 200, Loss: 1.3315, Train: 42.86%, Valid: 40.50%, Test: 40.36%, Best Valid: 42.09%, Best Test: 41.48%
Epoch: 300, Loss: 1.3274, Train: 43.39%, Valid: 41.45%, Test: 41.01%, Best Valid: 42.51%, Best Test: 41.19%
Epoch: 400, Loss: 1.2283, Train: 49.07%, Valid: 43.20%, Test: 42.32%, Best Valid: 43.51%, Best Test: 42.59%
Epoch: 500, Loss: 1.0779, Train: 58.90%, Valid: 45.71%, Test: 45.70%, Best Valid: 45.71%, Best Test: 45.70%
Epoch: 600, Loss: 1.0028, Train: 62.98%, Valid: 44.67%, Test: 45.91%, Best Valid: 46.58%, Best Test: 47.07%
Epoch: 700, Loss: 1.2140, Train: 50.69%, Valid: 43.36%, Test: 43.38%, Best Valid: 47.61%, Best Test: 47.87%
Epoch: 800, Loss: 0.9499, Train: 68.32%, Valid: 46.46%, Test: 47.33%, Best Valid: 47.61%, Best Test: 47.87%
Epoch: 900, Loss: 1.0031, Train: 64.48%, Valid: 45.37%, Test: 45.29%, Best Valid: 48.62%, Best Test: 48.44%
Run 04:
Highest Train: 80.44
Highest Valid: 48.85
Highest Test: 48.96
Chosen epoch: 929
Final Train: 79.11
Final Test: 48.88
Pre-training MLP for 500 epochs to generate co-occurrence matrix...
MLP pre-training complete. Penalty matrix frozen.
Epoch: 00, Loss: 1.6363, Train: 36.79%, Valid: 36.78%, Test: 36.80%, Best Valid: 36.78%, Best Test: 36.80%
Epoch: 100, Loss: 1.3586, Train: 42.80%, Valid: 41.60%, Test: 41.16%, Best Valid: 41.60%, Best Test: 41.16%
Epoch: 200, Loss: 1.3209, Train: 43.43%, Valid: 41.40%, Test: 40.42%, Best Valid: 42.22%, Best Test: 41.12%
Epoch: 300, Loss: 1.3377, Train: 42.91%, Valid: 40.67%, Test: 40.60%, Best Valid: 43.15%, Best Test: 43.30%
Epoch: 400, Loss: 1.2104, Train: 50.11%, Valid: 42.82%, Test: 42.59%, Best Valid: 46.06%, Best Test: 46.06%
Epoch: 500, Loss: 1.0555, Train: 64.30%, Valid: 47.35%, Test: 46.91%, Best Valid: 47.53%, Best Test: 47.43%
Epoch: 600, Loss: 0.7522, Train: 73.56%, Valid: 45.61%, Test: 46.46%, Best Valid: 49.22%, Best Test: 48.90%
Epoch: 700, Loss: 1.0137, Train: 63.87%, Valid: 46.24%, Test: 46.73%, Best Valid: 49.22%, Best Test: 48.90%
Epoch: 800, Loss: 0.9470, Train: 66.92%, Valid: 47.48%, Test: 47.23%, Best Valid: 49.22%, Best Test: 48.90%
Epoch: 900, Loss: 0.7855, Train: 77.30%, Valid: 47.35%, Test: 48.37%, Best Valid: 49.22%, Best Test: 48.90%
Run 05:
Highest Train: 84.44
Highest Valid: 49.70
Highest Test: 50.09
Chosen epoch: 918
Final Train: 81.99
Final Test: 49.76
All runs:
Highest Train: 83.03 ± 1.75
Highest Test: 49.55 ± 0.50
Highest Valid: 49.26 ± 0.33
  Final Train: 80.44 ± 1.79
   Final Test: 48.83 ± 0.68
Saving results to mlp_gt/results_full/amazon-ratings/polynormer.csv

Running with MLP-GT Regularization (lambda=0.1)...
Namespace(aggregate='add', alpha=0.5, attention='gcn', beta=-1.0, bn=False, cpu=False, data_dir='../data/', dataset='amazon-ratings', device=0, dim_inner=128, display_step=100, dropout=0.3, epochs=1000, global_dropout=None, global_layers=2, gnn='gcn', graph_weight=0.8, hidden_channels=128, hops=10, in_dropout=0.0, jk=False, label_num_per_class=20, lambda_val=0.1, layers=1, ln=False, local_gnn_type='GCN', local_layers=2, lr=0.01, metric='acc', mlp_epochs=500, mlp_reg=True, model='polynormer', model_dir='./model/', n_heads=4, num_centroids=4096, num_heads=4, oracle_reg=False, pe_types='RWSE', pre_linear=False, pre_ln=False, rand_split=False, rand_split_class=False, reg_start_epoch=10, reg_update_freq=5, res=False, result_dir='mlp_gt/results_full', runs=5, save_model=False, save_result=False, seed=42, test_num=1000, train_prop=0.5, use_act=False, use_bn=False, use_graph=False, use_reg=True, use_residual=False, use_weight=False, valid_num=500, valid_prop=0.25, weight_decay=0.0005)
amazon-ratings
dataset amazon-ratings | num nodes 24492 | num edge 93050 | num node feats 300 | num classes 5
MODEL: Polynormer(
  (h_lins): ModuleList(
    (0): Linear(in_features=512, out_features=512, bias=True)
    (1): Linear(in_features=512, out_features=512, bias=True)
  )
  (local_convs): ModuleList(
    (0): GATConv(512, 128, heads=4)
    (1): GATConv(512, 128, heads=4)
  )
  (lins): ModuleList(
    (0): Linear(in_features=512, out_features=512, bias=True)
    (1): Linear(in_features=512, out_features=512, bias=True)
  )
  (lns): ModuleList(
    (0): LayerNorm((512,), eps=1e-05, elementwise_affine=True)
    (1): LayerNorm((512,), eps=1e-05, elementwise_affine=True)
  )
  (lin_in): Linear(in_features=300, out_features=512, bias=True)
  (ln): LayerNorm((512,), eps=1e-05, elementwise_affine=True)
  (global_attn): GlobalAttn(
    (h_lins): ModuleList(
      (0): Linear(in_features=512, out_features=512, bias=True)
      (1): Linear(in_features=512, out_features=512, bias=True)
    )
    (k_lins): ModuleList(
      (0): Linear(in_features=512, out_features=512, bias=True)
      (1): Linear(in_features=512, out_features=512, bias=True)
    )
    (v_lins): ModuleList(
      (0): Linear(in_features=512, out_features=512, bias=True)
      (1): Linear(in_features=512, out_features=512, bias=True)
    )
    (lns): ModuleList(
      (0): LayerNorm((512,), eps=1e-05, elementwise_affine=True)
      (1): LayerNorm((512,), eps=1e-05, elementwise_affine=True)
    )
    (lin_out): Linear(in_features=512, out_features=512, bias=True)
  )
  (pred_local): Linear(in_features=512, out_features=5, bias=True)
  (pred_global): Linear(in_features=512, out_features=5, bias=True)
)
Pre-training MLP for 500 epochs to generate co-occurrence matrix...
MLP pre-training complete. Penalty matrix frozen.
Epoch: 00, Loss: 1.8221, Train: 36.79%, Valid: 36.78%, Test: 36.80%, Best Valid: 36.78%, Best Test: 36.80%
Epoch: 100, Loss: 1.4821, Train: 40.63%, Valid: 40.45%, Test: 39.21%, Best Valid: 40.45%, Best Test: 39.21%
Epoch: 200, Loss: 1.3978, Train: 45.66%, Valid: 43.03%, Test: 42.64%, Best Valid: 43.03%, Best Test: 42.64%
Epoch: 300, Loss: 1.3102, Train: 51.98%, Valid: 44.55%, Test: 43.61%, Best Valid: 44.59%, Best Test: 44.11%
Epoch: 400, Loss: 1.0698, Train: 65.26%, Valid: 46.07%, Test: 46.15%, Best Valid: 46.71%, Best Test: 46.94%
Epoch: 500, Loss: 0.9951, Train: 68.35%, Valid: 45.91%, Test: 46.06%, Best Valid: 47.26%, Best Test: 47.41%
Epoch: 600, Loss: 0.7707, Train: 80.68%, Valid: 47.95%, Test: 48.26%, Best Valid: 49.01%, Best Test: 49.94%
Epoch: 700, Loss: 0.7818, Train: 80.70%, Valid: 48.41%, Test: 48.08%, Best Valid: 49.01%, Best Test: 49.94%
Epoch: 800, Loss: 1.3641, Train: 49.78%, Valid: 43.92%, Test: 43.49%, Best Valid: 49.57%, Best Test: 49.24%
Epoch: 900, Loss: 1.5288, Train: 45.00%, Valid: 40.80%, Test: 41.27%, Best Valid: 49.57%, Best Test: 49.24%
Run 01:
Highest Train: 84.09
Highest Valid: 49.57
Highest Test: 50.01
Chosen epoch: 705
Final Train: 82.57
Final Test: 49.24
Pre-training MLP for 500 epochs to generate co-occurrence matrix...
MLP pre-training complete. Penalty matrix frozen.
Epoch: 00, Loss: 1.7540, Train: 36.79%, Valid: 36.78%, Test: 36.80%, Best Valid: 36.78%, Best Test: 36.80%
Epoch: 100, Loss: 1.4594, Train: 43.41%, Valid: 40.88%, Test: 41.27%, Best Valid: 40.96%, Best Test: 41.09%
Epoch: 200, Loss: 1.4527, Train: 42.86%, Valid: 40.72%, Test: 40.63%, Best Valid: 42.51%, Best Test: 42.10%
Epoch: 300, Loss: 1.3053, Train: 52.27%, Valid: 42.30%, Test: 42.12%, Best Valid: 44.80%, Best Test: 44.37%
Epoch: 400, Loss: 1.0916, Train: 61.94%, Valid: 45.06%, Test: 45.60%, Best Valid: 46.15%, Best Test: 46.73%
Epoch: 500, Loss: 1.3748, Train: 46.18%, Valid: 41.73%, Test: 41.04%, Best Valid: 47.74%, Best Test: 48.11%
Epoch: 600, Loss: 1.2630, Train: 54.21%, Valid: 40.63%, Test: 39.88%, Best Valid: 47.74%, Best Test: 48.11%
Epoch: 700, Loss: 1.2154, Train: 56.94%, Valid: 45.24%, Test: 45.08%, Best Valid: 47.74%, Best Test: 48.11%
Epoch: 800, Loss: 0.8083, Train: 78.65%, Valid: 48.16%, Test: 47.66%, Best Valid: 48.46%, Best Test: 49.18%
Epoch: 900, Loss: 1.2865, Train: 53.80%, Valid: 44.11%, Test: 44.37%, Best Valid: 48.49%, Best Test: 48.49%
Run 02:
Highest Train: 81.32
Highest Valid: 48.49
Highest Test: 50.09
Chosen epoch: 801
Final Train: 78.85
Final Test: 48.49
Pre-training MLP for 500 epochs to generate co-occurrence matrix...
MLP pre-training complete. Penalty matrix frozen.
Epoch: 00, Loss: 1.8864, Train: 36.79%, Valid: 36.78%, Test: 36.80%, Best Valid: 36.78%, Best Test: 36.80%
Epoch: 100, Loss: 1.4816, Train: 40.87%, Valid: 39.83%, Test: 39.96%, Best Valid: 40.76%, Best Test: 40.80%
Epoch: 200, Loss: 1.4929, Train: 38.27%, Valid: 37.25%, Test: 37.78%, Best Valid: 43.20%, Best Test: 42.69%
Epoch: 300, Loss: 1.2546, Train: 53.67%, Valid: 44.68%, Test: 45.22%, Best Valid: 45.27%, Best Test: 45.48%
Epoch: 400, Loss: 0.9821, Train: 71.44%, Valid: 47.92%, Test: 48.16%, Best Valid: 48.42%, Best Test: 48.15%
Epoch: 500, Loss: 1.4568, Train: 41.92%, Valid: 39.96%, Test: 40.00%, Best Valid: 49.88%, Best Test: 49.11%
Epoch: 600, Loss: 1.3388, Train: 49.04%, Valid: 43.79%, Test: 42.72%, Best Valid: 49.88%, Best Test: 49.11%
Epoch: 700, Loss: 1.0452, Train: 65.59%, Valid: 47.18%, Test: 46.46%, Best Valid: 49.88%, Best Test: 49.11%
Epoch: 800, Loss: 1.1859, Train: 58.28%, Valid: 43.97%, Test: 44.28%, Best Valid: 49.88%, Best Test: 49.11%
Epoch: 900, Loss: 1.2351, Train: 55.12%, Valid: 44.08%, Test: 44.60%, Best Valid: 49.88%, Best Test: 49.11%
Run 03:
Highest Train: 78.59
Highest Valid: 49.88
Highest Test: 49.75
Chosen epoch: 429
Final Train: 78.12
Final Test: 49.11
Pre-training MLP for 500 epochs to generate co-occurrence matrix...
MLP pre-training complete. Penalty matrix frozen.
Epoch: 00, Loss: 1.8452, Train: 36.79%, Valid: 36.78%, Test: 36.80%, Best Valid: 36.78%, Best Test: 36.80%
Epoch: 100, Loss: 1.4834, Train: 41.77%, Valid: 40.52%, Test: 40.72%, Best Valid: 40.65%, Best Test: 40.27%
Epoch: 200, Loss: 1.4364, Train: 43.82%, Valid: 41.55%, Test: 41.38%, Best Valid: 42.15%, Best Test: 41.65%
Epoch: 300, Loss: 1.3929, Train: 46.15%, Valid: 42.82%, Test: 42.23%, Best Valid: 43.03%, Best Test: 42.20%
Epoch: 400, Loss: 1.3691, Train: 48.61%, Valid: 43.10%, Test: 42.02%, Best Valid: 45.22%, Best Test: 44.83%
Epoch: 500, Loss: 1.4452, Train: 42.16%, Valid: 39.49%, Test: 38.80%, Best Valid: 47.87%, Best Test: 46.84%
Epoch: 600, Loss: 1.1888, Train: 62.26%, Valid: 46.63%, Test: 45.52%, Best Valid: 47.87%, Best Test: 46.84%
Epoch: 700, Loss: 0.9330, Train: 71.04%, Valid: 47.97%, Test: 47.40%, Best Valid: 48.90%, Best Test: 47.38%
Epoch: 800, Loss: 0.7607, Train: 81.85%, Valid: 49.35%, Test: 48.93%, Best Valid: 49.70%, Best Test: 49.57%
Epoch: 900, Loss: 0.8529, Train: 77.14%, Valid: 48.34%, Test: 47.26%, Best Valid: 50.53%, Best Test: 50.09%
Run 04:
Highest Train: 85.67
Highest Valid: 50.53
Highest Test: 50.09
Chosen epoch: 811
Final Train: 83.96
Final Test: 50.09
Pre-training MLP for 500 epochs to generate co-occurrence matrix...
MLP pre-training complete. Penalty matrix frozen.
Epoch: 00, Loss: 1.7821, Train: 36.79%, Valid: 36.78%, Test: 36.80%, Best Valid: 36.78%, Best Test: 36.80%
Epoch: 100, Loss: 1.4790, Train: 41.17%, Valid: 40.27%, Test: 39.70%, Best Valid: 41.48%, Best Test: 40.32%
Epoch: 200, Loss: 1.4129, Train: 43.79%, Valid: 41.43%, Test: 41.43%, Best Valid: 42.82%, Best Test: 42.01%
Epoch: 300, Loss: 1.3389, Train: 48.51%, Valid: 41.91%, Test: 41.50%, Best Valid: 44.65%, Best Test: 43.03%
Epoch: 400, Loss: 1.1059, Train: 63.16%, Valid: 46.79%, Test: 46.06%, Best Valid: 46.79%, Best Test: 46.06%
Epoch: 500, Loss: 1.3084, Train: 50.91%, Valid: 44.55%, Test: 44.05%, Best Valid: 48.88%, Best Test: 46.74%
Epoch: 600, Loss: 0.9682, Train: 70.59%, Valid: 46.53%, Test: 45.45%, Best Valid: 48.88%, Best Test: 46.74%
Epoch: 700, Loss: 0.8019, Train: 80.09%, Valid: 48.47%, Test: 46.87%, Best Valid: 50.73%, Best Test: 48.23%
Epoch: 800, Loss: 0.9579, Train: 71.89%, Valid: 47.54%, Test: 47.10%, Best Valid: 50.73%, Best Test: 48.23%
Epoch: 900, Loss: 0.6339, Train: 87.26%, Valid: 50.37%, Test: 49.13%, Best Valid: 50.87%, Best Test: 49.62%
Run 05:
Highest Train: 87.85
Highest Valid: 50.87
Highest Test: 50.14
Chosen epoch: 894
Final Train: 86.89
Final Test: 49.62
All runs:
Highest Train: 83.50 ± 3.64
Highest Test: 50.01 ± 0.16
Highest Valid: 49.87 ± 0.93
  Final Train: 82.08 ± 3.64
   Final Test: 49.31 ± 0.60
Saving results to mlp_gt/results_full/amazon-ratings/polynormer.csv

Running with MLP-GT Regularization (lambda=0.2)...
Namespace(aggregate='add', alpha=0.5, attention='gcn', beta=-1.0, bn=False, cpu=False, data_dir='../data/', dataset='amazon-ratings', device=0, dim_inner=128, display_step=100, dropout=0.3, epochs=1000, global_dropout=None, global_layers=2, gnn='gcn', graph_weight=0.8, hidden_channels=128, hops=10, in_dropout=0.0, jk=False, label_num_per_class=20, lambda_val=0.2, layers=1, ln=False, local_gnn_type='GCN', local_layers=2, lr=0.01, metric='acc', mlp_epochs=500, mlp_reg=True, model='polynormer', model_dir='./model/', n_heads=4, num_centroids=4096, num_heads=4, oracle_reg=False, pe_types='RWSE', pre_linear=False, pre_ln=False, rand_split=False, rand_split_class=False, reg_start_epoch=10, reg_update_freq=5, res=False, result_dir='mlp_gt/results_full', runs=5, save_model=False, save_result=False, seed=42, test_num=1000, train_prop=0.5, use_act=False, use_bn=False, use_graph=False, use_reg=True, use_residual=False, use_weight=False, valid_num=500, valid_prop=0.25, weight_decay=0.0005)
amazon-ratings
dataset amazon-ratings | num nodes 24492 | num edge 93050 | num node feats 300 | num classes 5
MODEL: Polynormer(
  (h_lins): ModuleList(
    (0): Linear(in_features=512, out_features=512, bias=True)
    (1): Linear(in_features=512, out_features=512, bias=True)
  )
  (local_convs): ModuleList(
    (0): GATConv(512, 128, heads=4)
    (1): GATConv(512, 128, heads=4)
  )
  (lins): ModuleList(
    (0): Linear(in_features=512, out_features=512, bias=True)
    (1): Linear(in_features=512, out_features=512, bias=True)
  )
  (lns): ModuleList(
    (0): LayerNorm((512,), eps=1e-05, elementwise_affine=True)
    (1): LayerNorm((512,), eps=1e-05, elementwise_affine=True)
  )
  (lin_in): Linear(in_features=300, out_features=512, bias=True)
  (ln): LayerNorm((512,), eps=1e-05, elementwise_affine=True)
  (global_attn): GlobalAttn(
    (h_lins): ModuleList(
      (0): Linear(in_features=512, out_features=512, bias=True)
      (1): Linear(in_features=512, out_features=512, bias=True)
    )
    (k_lins): ModuleList(
      (0): Linear(in_features=512, out_features=512, bias=True)
      (1): Linear(in_features=512, out_features=512, bias=True)
    )
    (v_lins): ModuleList(
      (0): Linear(in_features=512, out_features=512, bias=True)
      (1): Linear(in_features=512, out_features=512, bias=True)
    )
    (lns): ModuleList(
      (0): LayerNorm((512,), eps=1e-05, elementwise_affine=True)
      (1): LayerNorm((512,), eps=1e-05, elementwise_affine=True)
    )
    (lin_out): Linear(in_features=512, out_features=512, bias=True)
  )
  (pred_local): Linear(in_features=512, out_features=5, bias=True)
  (pred_global): Linear(in_features=512, out_features=5, bias=True)
)
Pre-training MLP for 500 epochs to generate co-occurrence matrix...
MLP pre-training complete. Penalty matrix frozen.
Epoch: 00, Loss: 1.9877, Train: 36.79%, Valid: 36.78%, Test: 36.80%, Best Valid: 36.78%, Best Test: 36.80%
Epoch: 100, Loss: 1.5893, Train: 43.56%, Valid: 41.84%, Test: 41.30%, Best Valid: 41.86%, Best Test: 41.30%
Epoch: 200, Loss: 1.5421, Train: 45.53%, Valid: 42.63%, Test: 42.41%, Best Valid: 43.61%, Best Test: 43.03%
Epoch: 300, Loss: 1.3373, Train: 54.60%, Valid: 44.21%, Test: 44.52%, Best Valid: 45.48%, Best Test: 45.19%
Epoch: 400, Loss: 1.4236, Train: 59.63%, Valid: 43.18%, Test: 44.24%, Best Valid: 48.33%, Best Test: 48.83%
Epoch: 500, Loss: 1.5655, Train: 41.52%, Valid: 37.37%, Test: 37.71%, Best Valid: 49.67%, Best Test: 49.70%
Epoch: 600, Loss: 0.8489, Train: 80.79%, Valid: 48.65%, Test: 49.13%, Best Valid: 49.67%, Best Test: 49.70%
Epoch: 700, Loss: 0.8025, Train: 83.24%, Valid: 48.15%, Test: 49.40%, Best Valid: 49.67%, Best Test: 49.70%
Epoch: 800, Loss: 1.1742, Train: 66.93%, Valid: 46.94%, Test: 47.10%, Best Valid: 49.67%, Best Test: 49.70%
Epoch: 900, Loss: 1.1069, Train: 68.29%, Valid: 47.64%, Test: 46.84%, Best Valid: 49.98%, Best Test: 49.31%
Run 01:
Highest Train: 85.54
Highest Valid: 50.37
Highest Test: 50.51
Chosen epoch: 941
Final Train: 84.94
Final Test: 49.06
Pre-training MLP for 500 epochs to generate co-occurrence matrix...
MLP pre-training complete. Penalty matrix frozen.
Epoch: 00, Loss: 1.9135, Train: 36.79%, Valid: 36.78%, Test: 36.80%, Best Valid: 36.78%, Best Test: 36.80%
Epoch: 100, Loss: 1.5943, Train: 42.23%, Valid: 40.37%, Test: 40.65%, Best Valid: 41.19%, Best Test: 41.38%
Epoch: 200, Loss: 1.5163, Train: 46.64%, Valid: 43.00%, Test: 42.90%, Best Valid: 43.00%, Best Test: 42.90%
Epoch: 300, Loss: 1.4369, Train: 53.36%, Valid: 40.58%, Test: 41.63%, Best Valid: 47.10%, Best Test: 46.58%
Epoch: 400, Loss: 0.9902, Train: 67.72%, Valid: 44.19%, Test: 42.45%, Best Valid: 48.69%, Best Test: 48.75%
Epoch: 500, Loss: 1.4875, Train: 40.79%, Valid: 34.82%, Test: 34.69%, Best Valid: 49.03%, Best Test: 48.47%
Epoch: 600, Loss: 1.5001, Train: 41.53%, Valid: 35.49%, Test: 35.75%, Best Valid: 49.03%, Best Test: 48.47%
Epoch: 700, Loss: 1.0726, Train: 65.12%, Valid: 45.06%, Test: 45.75%, Best Valid: 49.03%, Best Test: 48.47%
Epoch: 800, Loss: 0.8820, Train: 78.71%, Valid: 49.22%, Test: 48.90%, Best Valid: 49.76%, Best Test: 49.49%
Epoch: 900, Loss: 0.6989, Train: 85.13%, Valid: 48.02%, Test: 49.63%, Best Valid: 50.58%, Best Test: 50.86%
Run 02:
Highest Train: 90.05
Highest Valid: 50.58
Highest Test: 51.25
Chosen epoch: 890
Final Train: 89.03
Final Test: 50.86
Pre-training MLP for 500 epochs to generate co-occurrence matrix...
MLP pre-training complete. Penalty matrix frozen.
Epoch: 00, Loss: 2.0578, Train: 36.79%, Valid: 36.78%, Test: 36.80%, Best Valid: 36.78%, Best Test: 36.80%
Epoch: 100, Loss: 1.5955, Train: 42.54%, Valid: 40.94%, Test: 41.07%, Best Valid: 41.71%, Best Test: 41.34%
Epoch: 200, Loss: 1.5040, Train: 45.69%, Valid: 42.01%, Test: 41.86%, Best Valid: 43.52%, Best Test: 42.51%
Epoch: 300, Loss: 1.1663, Train: 64.91%, Valid: 47.49%, Test: 48.28%, Best Valid: 47.49%, Best Test: 48.28%
Epoch: 400, Loss: 1.1482, Train: 65.61%, Valid: 47.62%, Test: 47.82%, Best Valid: 49.31%, Best Test: 48.83%
Epoch: 500, Loss: 1.0510, Train: 71.74%, Valid: 43.93%, Test: 43.18%, Best Valid: 50.02%, Best Test: 49.47%
Epoch: 600, Loss: 1.6152, Train: 42.50%, Valid: 40.62%, Test: 41.27%, Best Valid: 51.09%, Best Test: 50.56%
Epoch: 700, Loss: 1.5538, Train: 44.55%, Valid: 40.76%, Test: 40.68%, Best Valid: 51.09%, Best Test: 50.56%
Epoch: 800, Loss: 1.3373, Train: 54.56%, Valid: 45.32%, Test: 44.80%, Best Valid: 51.09%, Best Test: 50.56%
Epoch: 900, Loss: 1.1243, Train: 67.98%, Valid: 46.97%, Test: 47.89%, Best Valid: 51.09%, Best Test: 50.56%
Run 03:
Highest Train: 89.93
Highest Valid: 51.09
Highest Test: 50.61
Chosen epoch: 541
Final Train: 89.36
Final Test: 50.56
Pre-training MLP for 500 epochs to generate co-occurrence matrix...
MLP pre-training complete. Penalty matrix frozen.
Epoch: 00, Loss: 2.0129, Train: 36.79%, Valid: 36.78%, Test: 36.80%, Best Valid: 36.78%, Best Test: 36.80%
Epoch: 100, Loss: 1.6112, Train: 41.70%, Valid: 41.22%, Test: 41.11%, Best Valid: 41.47%, Best Test: 40.93%
Epoch: 200, Loss: 1.5609, Train: 43.53%, Valid: 41.89%, Test: 40.99%, Best Valid: 42.74%, Best Test: 42.09%
Epoch: 300, Loss: 1.4464, Train: 48.83%, Valid: 44.10%, Test: 42.63%, Best Valid: 44.49%, Best Test: 43.02%
Epoch: 400, Loss: 1.1729, Train: 61.27%, Valid: 44.70%, Test: 44.29%, Best Valid: 46.28%, Best Test: 45.93%
Epoch: 500, Loss: 0.9678, Train: 75.80%, Valid: 47.38%, Test: 46.09%, Best Valid: 48.88%, Best Test: 48.13%
Epoch: 600, Loss: 1.1014, Train: 69.30%, Valid: 47.04%, Test: 46.68%, Best Valid: 50.06%, Best Test: 49.06%
Epoch: 700, Loss: 1.3872, Train: 46.18%, Valid: 31.24%, Test: 31.80%, Best Valid: 50.63%, Best Test: 50.29%
Epoch: 800, Loss: 1.5626, Train: 44.93%, Valid: 41.24%, Test: 41.32%, Best Valid: 50.63%, Best Test: 50.29%
Epoch: 900, Loss: 1.1369, Train: 65.69%, Valid: 45.32%, Test: 45.79%, Best Valid: 50.63%, Best Test: 50.29%
Run 04:
Highest Train: 88.41
Highest Valid: 50.63
Highest Test: 50.29
Chosen epoch: 680
Final Train: 86.71
Final Test: 50.29
Pre-training MLP for 500 epochs to generate co-occurrence matrix...
MLP pre-training complete. Penalty matrix frozen.
Epoch: 00, Loss: 1.9441, Train: 36.79%, Valid: 36.78%, Test: 36.80%, Best Valid: 36.78%, Best Test: 36.80%
Epoch: 100, Loss: 1.6262, Train: 40.63%, Valid: 40.21%, Test: 39.70%, Best Valid: 41.92%, Best Test: 40.73%
Epoch: 200, Loss: 1.5759, Train: 45.16%, Valid: 41.16%, Test: 41.35%, Best Valid: 43.54%, Best Test: 42.56%
Epoch: 300, Loss: 1.3533, Train: 55.50%, Valid: 45.32%, Test: 44.37%, Best Valid: 45.68%, Best Test: 45.61%
Epoch: 400, Loss: 1.0267, Train: 69.63%, Valid: 43.93%, Test: 45.14%, Best Valid: 48.78%, Best Test: 48.05%
Epoch: 500, Loss: 1.0171, Train: 73.85%, Valid: 47.71%, Test: 47.35%, Best Valid: 48.83%, Best Test: 46.97%
Epoch: 600, Loss: 1.5879, Train: 42.73%, Valid: 40.57%, Test: 40.26%, Best Valid: 50.17%, Best Test: 49.88%
Epoch: 700, Loss: 1.5731, Train: 44.71%, Valid: 43.03%, Test: 42.33%, Best Valid: 50.17%, Best Test: 49.88%
Epoch: 800, Loss: 1.3734, Train: 54.56%, Valid: 44.98%, Test: 44.95%, Best Valid: 50.17%, Best Test: 49.88%
Epoch: 900, Loss: 1.4121, Train: 52.35%, Valid: 44.70%, Test: 44.36%, Best Valid: 50.17%, Best Test: 49.88%
Run 05:
Highest Train: 83.37
Highest Valid: 50.17
Highest Test: 49.88
Chosen epoch: 519
Final Train: 82.26
Final Test: 49.88
All runs:
Highest Train: 87.46 ± 2.92
Highest Test: 50.51 ± 0.50
Highest Valid: 50.57 ± 0.34
  Final Train: 86.46 ± 2.96
   Final Test: 50.13 ± 0.70
Saving results to mlp_gt/results_full/amazon-ratings/polynormer.csv

Running with MLP-GT Regularization (lambda=0.4)...
Namespace(aggregate='add', alpha=0.5, attention='gcn', beta=-1.0, bn=False, cpu=False, data_dir='../data/', dataset='amazon-ratings', device=0, dim_inner=128, display_step=100, dropout=0.3, epochs=1000, global_dropout=None, global_layers=2, gnn='gcn', graph_weight=0.8, hidden_channels=128, hops=10, in_dropout=0.0, jk=False, label_num_per_class=20, lambda_val=0.4, layers=1, ln=False, local_gnn_type='GCN', local_layers=2, lr=0.01, metric='acc', mlp_epochs=500, mlp_reg=True, model='polynormer', model_dir='./model/', n_heads=4, num_centroids=4096, num_heads=4, oracle_reg=False, pe_types='RWSE', pre_linear=False, pre_ln=False, rand_split=False, rand_split_class=False, reg_start_epoch=10, reg_update_freq=5, res=False, result_dir='mlp_gt/results_full', runs=5, save_model=False, save_result=False, seed=42, test_num=1000, train_prop=0.5, use_act=False, use_bn=False, use_graph=False, use_reg=True, use_residual=False, use_weight=False, valid_num=500, valid_prop=0.25, weight_decay=0.0005)
amazon-ratings
dataset amazon-ratings | num nodes 24492 | num edge 93050 | num node feats 300 | num classes 5
MODEL: Polynormer(
  (h_lins): ModuleList(
    (0): Linear(in_features=512, out_features=512, bias=True)
    (1): Linear(in_features=512, out_features=512, bias=True)
  )
  (local_convs): ModuleList(
    (0): GATConv(512, 128, heads=4)
    (1): GATConv(512, 128, heads=4)
  )
  (lins): ModuleList(
    (0): Linear(in_features=512, out_features=512, bias=True)
    (1): Linear(in_features=512, out_features=512, bias=True)
  )
  (lns): ModuleList(
    (0): LayerNorm((512,), eps=1e-05, elementwise_affine=True)
    (1): LayerNorm((512,), eps=1e-05, elementwise_affine=True)
  )
  (lin_in): Linear(in_features=300, out_features=512, bias=True)
  (ln): LayerNorm((512,), eps=1e-05, elementwise_affine=True)
  (global_attn): GlobalAttn(
    (h_lins): ModuleList(
      (0): Linear(in_features=512, out_features=512, bias=True)
      (1): Linear(in_features=512, out_features=512, bias=True)
    )
    (k_lins): ModuleList(
      (0): Linear(in_features=512, out_features=512, bias=True)
      (1): Linear(in_features=512, out_features=512, bias=True)
    )
    (v_lins): ModuleList(
      (0): Linear(in_features=512, out_features=512, bias=True)
      (1): Linear(in_features=512, out_features=512, bias=True)
    )
    (lns): ModuleList(
      (0): LayerNorm((512,), eps=1e-05, elementwise_affine=True)
      (1): LayerNorm((512,), eps=1e-05, elementwise_affine=True)
    )
    (lin_out): Linear(in_features=512, out_features=512, bias=True)
  )
  (pred_local): Linear(in_features=512, out_features=5, bias=True)
  (pred_global): Linear(in_features=512, out_features=5, bias=True)
)
Pre-training MLP for 500 epochs to generate co-occurrence matrix...
MLP pre-training complete. Penalty matrix frozen.
Epoch: 00, Loss: 2.3190, Train: 36.79%, Valid: 36.78%, Test: 36.80%, Best Valid: 36.78%, Best Test: 36.80%
Epoch: 100, Loss: 1.8680, Train: 42.34%, Valid: 41.29%, Test: 41.52%, Best Valid: 41.50%, Best Test: 41.19%
Epoch: 200, Loss: 1.7430, Train: 48.39%, Valid: 42.09%, Test: 42.84%, Best Valid: 43.57%, Best Test: 43.15%
Epoch: 300, Loss: 1.3401, Train: 57.96%, Valid: 44.88%, Test: 44.59%, Best Valid: 46.68%, Best Test: 46.19%
Epoch: 400, Loss: 1.9215, Train: 42.90%, Valid: 40.55%, Test: 40.91%, Best Valid: 48.54%, Best Test: 48.08%
Epoch: 500, Loss: 1.6515, Train: 53.92%, Valid: 43.70%, Test: 44.54%, Best Valid: 48.54%, Best Test: 48.08%
Epoch: 600, Loss: 1.5070, Train: 58.23%, Valid: 46.07%, Test: 45.63%, Best Valid: 49.13%, Best Test: 49.09%
Epoch: 700, Loss: 0.9374, Train: 81.63%, Valid: 49.22%, Test: 49.55%, Best Valid: 50.17%, Best Test: 49.81%
Epoch: 800, Loss: 1.5314, Train: 57.32%, Valid: 46.06%, Test: 46.30%, Best Valid: 51.40%, Best Test: 50.84%
Epoch: 900, Loss: 2.1823, Train: 36.97%, Valid: 36.88%, Test: 36.86%, Best Valid: 51.40%, Best Test: 50.84%
Run 01:
Highest Train: 86.24
Highest Valid: 51.40
Highest Test: 51.36
Chosen epoch: 710
Final Train: 84.20
Final Test: 50.84
Pre-training MLP for 500 epochs to generate co-occurrence matrix...
MLP pre-training complete. Penalty matrix frozen.
Epoch: 00, Loss: 2.2324, Train: 36.79%, Valid: 36.78%, Test: 36.80%, Best Valid: 36.78%, Best Test: 36.80%
Epoch: 100, Loss: 1.8852, Train: 41.24%, Valid: 39.87%, Test: 40.14%, Best Valid: 41.60%, Best Test: 41.48%
Epoch: 200, Loss: 1.7224, Train: 45.40%, Valid: 42.01%, Test: 41.92%, Best Valid: 43.33%, Best Test: 43.18%
Epoch: 300, Loss: 1.5829, Train: 57.66%, Valid: 44.59%, Test: 45.76%, Best Valid: 45.78%, Best Test: 46.10%
Epoch: 400, Loss: 1.0598, Train: 76.02%, Valid: 48.39%, Test: 48.26%, Best Valid: 49.03%, Best Test: 48.69%
Epoch: 500, Loss: 0.9963, Train: 74.44%, Valid: 47.51%, Test: 47.15%, Best Valid: 49.98%, Best Test: 49.34%
Epoch: 600, Loss: 0.9838, Train: 81.34%, Valid: 49.49%, Test: 49.31%, Best Valid: 49.98%, Best Test: 49.34%
Epoch: 700, Loss: 1.4461, Train: 61.81%, Valid: 45.79%, Test: 45.84%, Best Valid: 50.87%, Best Test: 49.39%
Epoch: 800, Loss: 0.9363, Train: 82.60%, Valid: 50.02%, Test: 50.06%, Best Valid: 50.87%, Best Test: 49.39%
Epoch: 900, Loss: 1.1049, Train: 76.30%, Valid: 49.35%, Test: 48.98%, Best Valid: 50.87%, Best Test: 49.39%
Run 02:
Highest Train: 88.79
Highest Valid: 51.25
Highest Test: 50.94
Chosen epoch: 945
Final Train: 88.07
Final Test: 50.37
Pre-training MLP for 500 epochs to generate co-occurrence matrix...
MLP pre-training complete. Penalty matrix frozen.
Epoch: 00, Loss: 2.4008, Train: 36.79%, Valid: 36.78%, Test: 36.80%, Best Valid: 36.78%, Best Test: 36.80%
Epoch: 100, Loss: 1.8975, Train: 42.43%, Valid: 41.30%, Test: 41.35%, Best Valid: 41.30%, Best Test: 41.35%
Epoch: 200, Loss: 1.7907, Train: 45.67%, Valid: 42.89%, Test: 42.61%, Best Valid: 43.10%, Best Test: 43.26%
Epoch: 300, Loss: 1.4905, Train: 58.99%, Valid: 46.19%, Test: 46.56%, Best Valid: 46.51%, Best Test: 46.17%
Epoch: 400, Loss: 1.6048, Train: 55.65%, Valid: 45.52%, Test: 45.70%, Best Valid: 49.49%, Best Test: 47.87%
Epoch: 500, Loss: 1.8216, Train: 46.04%, Valid: 42.28%, Test: 42.81%, Best Valid: 50.35%, Best Test: 50.40%
Epoch: 600, Loss: 1.2222, Train: 72.49%, Valid: 45.86%, Test: 46.22%, Best Valid: 50.35%, Best Test: 50.40%
Epoch: 700, Loss: 1.8713, Train: 41.40%, Valid: 39.46%, Test: 40.21%, Best Valid: 51.46%, Best Test: 50.84%
Epoch: 800, Loss: 1.3086, Train: 68.04%, Valid: 48.37%, Test: 47.90%, Best Valid: 51.46%, Best Test: 50.84%
Epoch: 900, Loss: 1.8490, Train: 46.84%, Valid: 41.73%, Test: 41.83%, Best Valid: 51.46%, Best Test: 50.84%
Run 03:
Highest Train: 89.49
Highest Valid: 51.46
Highest Test: 51.28
Chosen epoch: 645
Final Train: 88.31
Final Test: 50.84
Pre-training MLP for 500 epochs to generate co-occurrence matrix...
MLP pre-training complete. Penalty matrix frozen.
Epoch: 00, Loss: 2.3484, Train: 36.79%, Valid: 36.78%, Test: 36.80%, Best Valid: 36.78%, Best Test: 36.80%
Epoch: 100, Loss: 1.9299, Train: 41.16%, Valid: 40.62%, Test: 40.31%, Best Valid: 40.62%, Best Test: 40.31%
Epoch: 200, Loss: 1.8749, Train: 43.21%, Valid: 41.68%, Test: 41.17%, Best Valid: 42.05%, Best Test: 41.60%
Epoch: 300, Loss: 1.8471, Train: 44.76%, Valid: 42.38%, Test: 41.65%, Best Valid: 42.46%, Best Test: 41.79%
Epoch: 400, Loss: 1.8053, Train: 48.42%, Valid: 43.03%, Test: 43.23%, Best Valid: 43.79%, Best Test: 42.97%
Epoch: 500, Loss: 1.5956, Train: 54.37%, Valid: 45.48%, Test: 45.45%, Best Valid: 45.60%, Best Test: 45.06%
Epoch: 600, Loss: 2.0184, Train: 36.83%, Valid: 36.80%, Test: 36.78%, Best Valid: 47.20%, Best Test: 46.30%
Epoch: 700, Loss: 1.7515, Train: 46.73%, Valid: 43.07%, Test: 43.10%, Best Valid: 47.20%, Best Test: 46.30%
Epoch: 800, Loss: 1.5913, Train: 54.85%, Valid: 45.65%, Test: 45.37%, Best Valid: 47.20%, Best Test: 46.30%
Epoch: 900, Loss: 1.4732, Train: 56.66%, Valid: 44.83%, Test: 44.41%, Best Valid: 47.54%, Best Test: 47.62%
Run 04:
Highest Train: 69.90
Highest Valid: 48.75
Highest Test: 48.47
Chosen epoch: 981
Final Train: 67.64
Final Test: 48.13
Pre-training MLP for 500 epochs to generate co-occurrence matrix...
MLP pre-training complete. Penalty matrix frozen.
Epoch: 00, Loss: 2.2681, Train: 36.79%, Valid: 36.78%, Test: 36.80%, Best Valid: 36.78%, Best Test: 36.80%
Epoch: 100, Loss: 1.9095, Train: 40.85%, Valid: 39.88%, Test: 39.69%, Best Valid: 41.97%, Best Test: 40.98%
Epoch: 200, Loss: 1.8323, Train: 41.78%, Valid: 39.77%, Test: 39.74%, Best Valid: 43.05%, Best Test: 42.38%
Epoch: 300, Loss: 1.8658, Train: 44.30%, Valid: 41.73%, Test: 40.80%, Best Valid: 46.15%, Best Test: 44.08%
Epoch: 400, Loss: 1.4532, Train: 62.32%, Valid: 46.95%, Test: 46.58%, Best Valid: 47.87%, Best Test: 47.79%
Epoch: 500, Loss: 1.8986, Train: 44.49%, Valid: 42.07%, Test: 41.89%, Best Valid: 49.18%, Best Test: 48.23%
Epoch: 600, Loss: 1.0206, Train: 78.53%, Valid: 50.17%, Test: 48.93%, Best Valid: 50.17%, Best Test: 48.93%
Epoch: 700, Loss: 1.6246, Train: 52.99%, Valid: 44.39%, Test: 44.47%, Best Valid: 50.17%, Best Test: 48.93%
Epoch: 800, Loss: 1.5489, Train: 54.96%, Valid: 40.41%, Test: 39.57%, Best Valid: 50.17%, Best Test: 48.93%
Epoch: 900, Loss: 1.4569, Train: 60.16%, Valid: 46.69%, Test: 46.25%, Best Valid: 50.17%, Best Test: 48.93%
Run 05:
Highest Train: 79.47
Highest Valid: 50.17
Highest Test: 49.22
Chosen epoch: 600
Final Train: 78.53
Final Test: 48.93
All runs:
Highest Train: 82.78 ± 8.21
Highest Test: 50.26 ± 1.32
Highest Valid: 50.61 ± 1.16
  Final Train: 81.35 ± 8.63
   Final Test: 49.82 ± 1.23
Saving results to mlp_gt/results_full/amazon-ratings/polynormer.csv

GT sweep completed!
==========================================================
Task 3 (polynormer / amazon-ratings) completed at: Tue Apr 28 09:13:56 AM EDT 2026
==========================================================
