==========================================================
MLP-GT Full Sweep | Task 28
Job: 1011972 | Date: Tue Apr 28 08:06:21 AM EDT 2026 | Host: n0091
==========================================================
Tue Apr 28 08:06:24 2026       
+-----------------------------------------------------------------------------------------+
| NVIDIA-SMI 570.211.01             Driver Version: 570.211.01     CUDA Version: 12.8     |
|-----------------------------------------+------------------------+----------------------+
| GPU  Name                 Persistence-M | Bus-Id          Disp.A | Volatile Uncorr. ECC |
| Fan  Temp   Perf          Pwr:Usage/Cap |           Memory-Usage | GPU-Util  Compute M. |
|                                         |                        |               MIG M. |
|=========================================+========================+======================|
|   0  NVIDIA A100-SXM4-80GB          On  |   00000000:01:00.0 Off |                   On |
| N/A   34C    P0             89W /  500W |     923MiB /  81920MiB |     N/A      Default |
|                                         |                        |              Enabled |
+-----------------------------------------+------------------------+----------------------+
|   1  NVIDIA A100-SXM4-80GB          On  |   00000000:41:00.0 Off |                   On |
| N/A   28C    P0             82W /  500W |     689MiB /  81920MiB |     N/A      Default |
|                                         |                        |              Enabled |
+-----------------------------------------+------------------------+----------------------+
|   2  NVIDIA A100-SXM4-80GB          On  |   00000000:81:00.0 Off |                   On |
| N/A   27C    P0             51W /  500W |     185MiB /  81920MiB |     N/A      Default |
|                                         |                        |              Enabled |
+-----------------------------------------+------------------------+----------------------+
|   3  NVIDIA A100-SXM4-80GB          On  |   00000000:C1:00.0 Off |                   On |
| N/A   25C    P0             52W /  500W |     185MiB /  81920MiB |     N/A      Default |
|                                         |                        |              Enabled |
+-----------------------------------------+------------------------+----------------------+

+-----------------------------------------------------------------------------------------+
| MIG devices:                                                                            |
+------------------+----------------------------------+-----------+-----------------------+
| GPU  GI  CI  MIG |                     Memory-Usage |        Vol|        Shared         |
|      ID  ID  Dev |                       BAR1-Usage | SM     Unc| CE ENC  DEC  OFA  JPG |
|                  |                                  |        ECC|                       |
|==================+==================================+===========+=======================|
|  1    5   0   0  |              53MiB / 19968MiB    | 28      0 |  2   0    1    0    0 |
|                  |                 0MiB / 32767MiB  |           |                       |
+------------------+----------------------------------+-----------+-----------------------+
                                                                                         
+-----------------------------------------------------------------------------------------+
| Processes:                                                                              |
|  GPU   GI   CI              PID   Type   Process name                        GPU Memory |
|        ID   ID                                                               Usage      |
|=========================================================================================|
|    0    1    0           665824      C   python                                  732MiB |
+-----------------------------------------------------------------------------------------+
1.12.1
True
NVIDIA A100-SXM4-80GB MIG 2g.20gb
Model: sgformer | Dataset: cora
Split flags: --rand_split_class --valid_num 500 --test_num 1000 --seed 123
==========================================================
Starting mlp_gt GT Sweep for:
python main.py --model sgformer --dataset cora         --hidden_channels 256 --layers 3 --num_heads 1         --lr 0.01 --weight_decay 5e-4 --dropout 0.3         --use_graph --use_act --alpha 0.5 --use_residual --use_bn --graph_weight 0.5         --epochs 1000         --runs 5 --device 0         --rand_split_class --valid_num 500 --test_num 1000 --seed 123
Result dir: mlp_gt/results_full
==========================================================
Running GT Baseline (no reg)...
Namespace(aggregate='add', alpha=0.5, attention='gcn', beta=-1.0, bn=False, cpu=False, data_dir='../data/', dataset='cora', device=0, dim_inner=256, display_step=100, dropout=0.3, epochs=1000, global_dropout=None, global_layers=2, gnn='gcn', graph_weight=0.5, hidden_channels=256, hops=10, in_dropout=0.0, jk=False, label_num_per_class=20, lambda_val=0.5, layers=3, ln=False, local_gnn_type='GCN', local_layers=7, lr=0.01, metric='acc', mlp_epochs=500, mlp_reg=False, model='sgformer', model_dir='./model/', n_heads=1, num_centroids=4096, num_heads=1, oracle_reg=False, pe_types='RWSE', pre_linear=False, pre_ln=False, rand_split=False, rand_split_class=True, reg_start_epoch=10, reg_update_freq=5, res=False, result_dir='mlp_gt/results_full', runs=5, save_model=False, save_result=False, seed=123, test_num=1000, train_prop=0.5, use_act=True, use_bn=True, use_graph=True, use_reg=False, use_residual=True, use_weight=False, valid_num=500, valid_prop=0.25, weight_decay=0.0005)
cora
Num nodes: 2708
train:torch.Size([140]), valid:torch.Size([500]), test:torch.Size([1000])
dataset cora | num nodes 2708 | num edge 10556 | num node feats 1433 | num classes 7
MODEL: SGFormer(
  (trans_conv): TransConv(
    (convs): ModuleList(
      (0): TransConvLayer(
        (Wk): Linear(in_features=256, out_features=256, bias=True)
        (Wq): Linear(in_features=256, out_features=256, bias=True)
      )
      (1): TransConvLayer(
        (Wk): Linear(in_features=256, out_features=256, bias=True)
        (Wq): Linear(in_features=256, out_features=256, bias=True)
      )
      (2): TransConvLayer(
        (Wk): Linear(in_features=256, out_features=256, bias=True)
        (Wq): Linear(in_features=256, out_features=256, bias=True)
      )
    )
    (fcs): ModuleList(
      (0): Linear(in_features=1433, out_features=256, bias=True)
    )
    (bns): ModuleList(
      (0): LayerNorm((256,), eps=1e-05, elementwise_affine=True)
      (1): LayerNorm((256,), eps=1e-05, elementwise_affine=True)
      (2): LayerNorm((256,), eps=1e-05, elementwise_affine=True)
      (3): LayerNorm((256,), eps=1e-05, elementwise_affine=True)
    )
  )
  (gnn): GCN(
    (convs): ModuleList(
      (0): GCNConv(1433, 256)
      (1): GCNConv(256, 256)
      (2): GCNConv(256, 256)
    )
    (bns): ModuleList(
      (0): BatchNorm1d(256, eps=1e-05, momentum=0.1, affine=True, track_running_stats=True)
      (1): BatchNorm1d(256, eps=1e-05, momentum=0.1, affine=True, track_running_stats=True)
    )
  )
  (fc): Linear(in_features=256, out_features=7, bias=True)
)
Epoch: 00, Loss: 2.0103, Train: 89.29%, Valid: 46.00%, Test: 47.60%, Best Valid: 46.00%, Best Test: 47.60%
Epoch: 100, Loss: 0.0010, Train: 99.29%, Valid: 73.00%, Test: 74.00%, Best Valid: 75.00%, Best Test: 78.00%
Epoch: 200, Loss: 0.0029, Train: 100.00%, Valid: 70.40%, Test: 72.40%, Best Valid: 75.40%, Best Test: 74.70%
Epoch: 300, Loss: 0.0024, Train: 100.00%, Valid: 71.00%, Test: 74.60%, Best Valid: 75.40%, Best Test: 74.70%
Epoch: 400, Loss: 0.0163, Train: 100.00%, Valid: 69.60%, Test: 74.20%, Best Valid: 75.40%, Best Test: 74.70%
Epoch: 500, Loss: 0.0050, Train: 100.00%, Valid: 70.80%, Test: 72.10%, Best Valid: 75.40%, Best Test: 74.70%
Epoch: 600, Loss: 0.0016, Train: 100.00%, Valid: 66.80%, Test: 70.80%, Best Valid: 75.40%, Best Test: 74.70%
Epoch: 700, Loss: 0.0041, Train: 100.00%, Valid: 71.20%, Test: 71.30%, Best Valid: 75.40%, Best Test: 74.70%
Epoch: 800, Loss: 0.0095, Train: 100.00%, Valid: 72.20%, Test: 73.30%, Best Valid: 75.40%, Best Test: 74.70%
Epoch: 900, Loss: 0.0137, Train: 100.00%, Valid: 69.00%, Test: 72.50%, Best Valid: 75.40%, Best Test: 74.70%
Run 01:
Highest Train: 100.00
Highest Valid: 75.40
Highest Test: 78.10
Chosen epoch: 189
Final Train: 100.00
Final Test: 74.70
Epoch: 00, Loss: 2.6623, Train: 90.00%, Valid: 42.80%, Test: 42.20%, Best Valid: 42.80%, Best Test: 42.20%
Epoch: 100, Loss: 0.0008, Train: 100.00%, Valid: 76.80%, Test: 80.10%, Best Valid: 77.40%, Best Test: 80.40%
Epoch: 200, Loss: 0.0011, Train: 100.00%, Valid: 72.80%, Test: 73.80%, Best Valid: 77.40%, Best Test: 80.40%
Epoch: 300, Loss: 0.0689, Train: 100.00%, Valid: 72.80%, Test: 73.40%, Best Valid: 77.40%, Best Test: 80.40%
Epoch: 400, Loss: 0.0078, Train: 100.00%, Valid: 67.40%, Test: 69.40%, Best Valid: 77.40%, Best Test: 80.40%
Epoch: 500, Loss: 0.0017, Train: 100.00%, Valid: 69.20%, Test: 72.80%, Best Valid: 77.40%, Best Test: 80.40%
Epoch: 600, Loss: 0.0019, Train: 100.00%, Valid: 68.40%, Test: 70.30%, Best Valid: 77.40%, Best Test: 80.40%
Epoch: 700, Loss: 0.0027, Train: 100.00%, Valid: 65.40%, Test: 64.20%, Best Valid: 77.40%, Best Test: 80.40%
Epoch: 800, Loss: 0.0018, Train: 100.00%, Valid: 70.20%, Test: 72.00%, Best Valid: 77.40%, Best Test: 80.40%
Epoch: 900, Loss: 0.0067, Train: 100.00%, Valid: 69.60%, Test: 72.80%, Best Valid: 77.40%, Best Test: 80.40%
Run 02:
Highest Train: 100.00
Highest Valid: 77.40
Highest Test: 80.60
Chosen epoch: 90
Final Train: 100.00
Final Test: 80.40
Epoch: 00, Loss: 2.8347, Train: 74.29%, Valid: 34.40%, Test: 33.60%, Best Valid: 34.40%, Best Test: 33.60%
Epoch: 100, Loss: 0.0005, Train: 100.00%, Valid: 79.40%, Test: 81.60%, Best Valid: 80.00%, Best Test: 80.40%
Epoch: 200, Loss: 0.0007, Train: 100.00%, Valid: 75.00%, Test: 80.00%, Best Valid: 80.00%, Best Test: 80.40%
Epoch: 300, Loss: 0.0015, Train: 100.00%, Valid: 70.80%, Test: 71.20%, Best Valid: 80.00%, Best Test: 80.40%
Epoch: 400, Loss: 0.0080, Train: 100.00%, Valid: 72.00%, Test: 72.90%, Best Valid: 80.00%, Best Test: 80.40%
Epoch: 500, Loss: 0.0020, Train: 99.29%, Valid: 56.40%, Test: 58.60%, Best Valid: 80.00%, Best Test: 80.40%
Epoch: 600, Loss: 0.0033, Train: 99.29%, Valid: 66.40%, Test: 66.70%, Best Valid: 80.00%, Best Test: 80.40%
Epoch: 700, Loss: 0.0027, Train: 100.00%, Valid: 66.60%, Test: 68.60%, Best Valid: 80.00%, Best Test: 80.40%
Epoch: 800, Loss: 0.0021, Train: 99.29%, Valid: 67.00%, Test: 67.30%, Best Valid: 80.00%, Best Test: 80.40%
Epoch: 900, Loss: 0.0012, Train: 100.00%, Valid: 71.20%, Test: 71.80%, Best Valid: 80.00%, Best Test: 80.40%
Run 03:
Highest Train: 100.00
Highest Valid: 80.00
Highest Test: 81.70
Chosen epoch: 54
Final Train: 100.00
Final Test: 80.40
Epoch: 00, Loss: 2.6021, Train: 78.57%, Valid: 33.20%, Test: 34.90%, Best Valid: 33.20%, Best Test: 34.90%
Epoch: 100, Loss: 0.0006, Train: 100.00%, Valid: 75.60%, Test: 75.10%, Best Valid: 75.60%, Best Test: 75.10%
Epoch: 200, Loss: 0.0107, Train: 98.57%, Valid: 66.20%, Test: 69.50%, Best Valid: 75.80%, Best Test: 75.00%
Epoch: 300, Loss: 0.0013, Train: 100.00%, Valid: 73.40%, Test: 76.90%, Best Valid: 75.80%, Best Test: 75.00%
Epoch: 400, Loss: 0.0042, Train: 100.00%, Valid: 69.00%, Test: 70.10%, Best Valid: 75.80%, Best Test: 75.00%
Epoch: 500, Loss: 0.0027, Train: 100.00%, Valid: 69.40%, Test: 67.90%, Best Valid: 75.80%, Best Test: 75.00%
Epoch: 600, Loss: 0.0044, Train: 100.00%, Valid: 68.60%, Test: 72.70%, Best Valid: 75.80%, Best Test: 75.00%
Epoch: 700, Loss: 0.0044, Train: 100.00%, Valid: 66.60%, Test: 68.60%, Best Valid: 75.80%, Best Test: 75.00%
Epoch: 800, Loss: 0.0060, Train: 100.00%, Valid: 66.40%, Test: 65.70%, Best Valid: 75.80%, Best Test: 75.00%
Epoch: 900, Loss: 0.0062, Train: 100.00%, Valid: 71.40%, Test: 77.00%, Best Valid: 75.80%, Best Test: 75.00%
Run 04:
Highest Train: 100.00
Highest Valid: 75.80
Highest Test: 78.10
Chosen epoch: 102
Final Train: 100.00
Final Test: 75.00
Epoch: 00, Loss: 2.8989, Train: 62.14%, Valid: 22.40%, Test: 22.20%, Best Valid: 22.40%, Best Test: 22.20%
Epoch: 100, Loss: 0.0020, Train: 100.00%, Valid: 80.40%, Test: 81.70%, Best Valid: 81.60%, Best Test: 82.20%
Epoch: 200, Loss: 0.0217, Train: 100.00%, Valid: 75.40%, Test: 76.30%, Best Valid: 81.60%, Best Test: 82.20%
Epoch: 300, Loss: 0.0045, Train: 100.00%, Valid: 70.00%, Test: 70.70%, Best Valid: 81.60%, Best Test: 82.20%
Epoch: 400, Loss: 0.0077, Train: 99.29%, Valid: 64.80%, Test: 62.60%, Best Valid: 81.60%, Best Test: 82.20%
Epoch: 500, Loss: 0.0053, Train: 100.00%, Valid: 65.80%, Test: 67.50%, Best Valid: 81.60%, Best Test: 82.20%
Epoch: 600, Loss: 0.0033, Train: 100.00%, Valid: 69.00%, Test: 72.10%, Best Valid: 81.60%, Best Test: 82.20%
Epoch: 700, Loss: 0.0148, Train: 100.00%, Valid: 60.80%, Test: 64.40%, Best Valid: 81.60%, Best Test: 82.20%
Epoch: 800, Loss: 0.0020, Train: 100.00%, Valid: 68.60%, Test: 69.00%, Best Valid: 81.60%, Best Test: 82.20%
Epoch: 900, Loss: 0.0058, Train: 100.00%, Valid: 65.80%, Test: 67.40%, Best Valid: 81.60%, Best Test: 82.20%
Run 05:
Highest Train: 100.00
Highest Valid: 81.60
Highest Test: 82.80
Chosen epoch: 56
Final Train: 100.00
Final Test: 82.20
All runs:
Highest Train: 100.00 ± 0.00
Highest Test: 80.26 ± 2.12
Highest Valid: 78.04 ± 2.69
  Final Train: 100.00 ± 0.00
   Final Test: 78.54 ± 3.45
Saving results to mlp_gt/results_full/cora/sgformer.csv

Running with MLP-GT Regularization (lambda=0.01)...
Namespace(aggregate='add', alpha=0.5, attention='gcn', beta=-1.0, bn=False, cpu=False, data_dir='../data/', dataset='cora', device=0, dim_inner=256, display_step=100, dropout=0.3, epochs=1000, global_dropout=None, global_layers=2, gnn='gcn', graph_weight=0.5, hidden_channels=256, hops=10, in_dropout=0.0, jk=False, label_num_per_class=20, lambda_val=0.01, layers=3, ln=False, local_gnn_type='GCN', local_layers=7, lr=0.01, metric='acc', mlp_epochs=500, mlp_reg=True, model='sgformer', model_dir='./model/', n_heads=1, num_centroids=4096, num_heads=1, oracle_reg=False, pe_types='RWSE', pre_linear=False, pre_ln=False, rand_split=False, rand_split_class=True, reg_start_epoch=10, reg_update_freq=5, res=False, result_dir='mlp_gt/results_full', runs=5, save_model=False, save_result=False, seed=123, test_num=1000, train_prop=0.5, use_act=True, use_bn=True, use_graph=True, use_reg=True, use_residual=True, use_weight=False, valid_num=500, valid_prop=0.25, weight_decay=0.0005)
cora
Num nodes: 2708
train:torch.Size([140]), valid:torch.Size([500]), test:torch.Size([1000])
dataset cora | num nodes 2708 | num edge 10556 | num node feats 1433 | num classes 7
MODEL: SGFormer(
  (trans_conv): TransConv(
    (convs): ModuleList(
      (0): TransConvLayer(
        (Wk): Linear(in_features=256, out_features=256, bias=True)
        (Wq): Linear(in_features=256, out_features=256, bias=True)
      )
      (1): TransConvLayer(
        (Wk): Linear(in_features=256, out_features=256, bias=True)
        (Wq): Linear(in_features=256, out_features=256, bias=True)
      )
      (2): TransConvLayer(
        (Wk): Linear(in_features=256, out_features=256, bias=True)
        (Wq): Linear(in_features=256, out_features=256, bias=True)
      )
    )
    (fcs): ModuleList(
      (0): Linear(in_features=1433, out_features=256, bias=True)
    )
    (bns): ModuleList(
      (0): LayerNorm((256,), eps=1e-05, elementwise_affine=True)
      (1): LayerNorm((256,), eps=1e-05, elementwise_affine=True)
      (2): LayerNorm((256,), eps=1e-05, elementwise_affine=True)
      (3): LayerNorm((256,), eps=1e-05, elementwise_affine=True)
    )
  )
  (gnn): GCN(
    (convs): ModuleList(
      (0): GCNConv(1433, 256)
      (1): GCNConv(256, 256)
      (2): GCNConv(256, 256)
    )
    (bns): ModuleList(
      (0): BatchNorm1d(256, eps=1e-05, momentum=0.1, affine=True, track_running_stats=True)
      (1): BatchNorm1d(256, eps=1e-05, momentum=0.1, affine=True, track_running_stats=True)
    )
  )
  (fc): Linear(in_features=256, out_features=7, bias=True)
)
Pre-training MLP for 500 epochs to generate co-occurrence matrix...
MLP pre-training complete. Penalty matrix frozen.
Epoch: 00, Loss: 2.0413, Train: 92.86%, Valid: 49.00%, Test: 48.30%, Best Valid: 49.00%, Best Test: 48.30%
Epoch: 100, Loss: 0.0011, Train: 100.00%, Valid: 71.60%, Test: 75.20%, Best Valid: 76.60%, Best Test: 78.10%
Epoch: 200, Loss: 0.0030, Train: 100.00%, Valid: 68.20%, Test: 68.40%, Best Valid: 76.60%, Best Test: 78.10%
Epoch: 300, Loss: 0.0275, Train: 99.29%, Valid: 68.80%, Test: 71.20%, Best Valid: 76.60%, Best Test: 78.10%
Epoch: 400, Loss: 0.0014, Train: 100.00%, Valid: 74.80%, Test: 76.30%, Best Valid: 76.60%, Best Test: 78.10%
Epoch: 500, Loss: 0.0017, Train: 100.00%, Valid: 70.60%, Test: 75.40%, Best Valid: 76.60%, Best Test: 78.10%
Epoch: 600, Loss: 0.0018, Train: 100.00%, Valid: 70.60%, Test: 76.00%, Best Valid: 76.60%, Best Test: 78.10%
Epoch: 700, Loss: 0.0038, Train: 100.00%, Valid: 68.80%, Test: 73.50%, Best Valid: 76.60%, Best Test: 78.10%
Epoch: 800, Loss: 0.0021, Train: 100.00%, Valid: 70.00%, Test: 73.30%, Best Valid: 76.60%, Best Test: 78.10%
Epoch: 900, Loss: 0.0044, Train: 100.00%, Valid: 72.80%, Test: 72.60%, Best Valid: 76.60%, Best Test: 78.10%
Run 01:
Highest Train: 100.00
Highest Valid: 76.60
Highest Test: 78.90
Chosen epoch: 58
Final Train: 100.00
Final Test: 78.10
Pre-training MLP for 500 epochs to generate co-occurrence matrix...
MLP pre-training complete. Penalty matrix frozen.
Epoch: 00, Loss: 2.5029, Train: 80.71%, Valid: 39.80%, Test: 40.30%, Best Valid: 39.80%, Best Test: 40.30%
Epoch: 100, Loss: 0.0007, Train: 100.00%, Valid: 76.40%, Test: 80.20%, Best Valid: 76.80%, Best Test: 79.60%
Epoch: 200, Loss: 0.0011, Train: 100.00%, Valid: 73.40%, Test: 74.10%, Best Valid: 77.20%, Best Test: 80.30%
Epoch: 300, Loss: 0.0015, Train: 100.00%, Valid: 70.60%, Test: 72.80%, Best Valid: 77.20%, Best Test: 80.30%
Epoch: 400, Loss: 0.0012, Train: 100.00%, Valid: 72.40%, Test: 73.80%, Best Valid: 77.20%, Best Test: 80.30%
Epoch: 500, Loss: 0.0083, Train: 100.00%, Valid: 65.80%, Test: 68.80%, Best Valid: 77.20%, Best Test: 80.30%
Epoch: 600, Loss: 0.0037, Train: 100.00%, Valid: 72.60%, Test: 74.80%, Best Valid: 77.20%, Best Test: 80.30%
Epoch: 700, Loss: 0.0023, Train: 100.00%, Valid: 67.60%, Test: 69.50%, Best Valid: 77.20%, Best Test: 80.30%
Epoch: 800, Loss: 0.0028, Train: 100.00%, Valid: 68.80%, Test: 72.90%, Best Valid: 77.20%, Best Test: 80.30%
Epoch: 900, Loss: 0.0034, Train: 100.00%, Valid: 70.80%, Test: 72.70%, Best Valid: 77.20%, Best Test: 80.30%
Run 02:
Highest Train: 100.00
Highest Valid: 77.20
Highest Test: 80.30
Chosen epoch: 109
Final Train: 100.00
Final Test: 80.30
Pre-training MLP for 500 epochs to generate co-occurrence matrix...
MLP pre-training complete. Penalty matrix frozen.
Epoch: 00, Loss: 2.8319, Train: 82.86%, Valid: 32.60%, Test: 31.70%, Best Valid: 32.60%, Best Test: 31.70%
Epoch: 100, Loss: 0.0008, Train: 100.00%, Valid: 72.60%, Test: 77.10%, Best Valid: 76.00%, Best Test: 77.50%
Epoch: 200, Loss: 0.0248, Train: 97.86%, Valid: 53.00%, Test: 50.70%, Best Valid: 76.00%, Best Test: 77.50%
Epoch: 300, Loss: 0.0012, Train: 100.00%, Valid: 70.00%, Test: 74.60%, Best Valid: 76.00%, Best Test: 77.50%
Epoch: 400, Loss: 0.0025, Train: 100.00%, Valid: 68.40%, Test: 70.30%, Best Valid: 76.00%, Best Test: 77.50%
Epoch: 500, Loss: 0.0014, Train: 100.00%, Valid: 70.00%, Test: 73.50%, Best Valid: 76.00%, Best Test: 77.50%
Epoch: 600, Loss: 0.0027, Train: 99.29%, Valid: 58.80%, Test: 60.40%, Best Valid: 76.00%, Best Test: 77.50%
Epoch: 700, Loss: 0.0360, Train: 100.00%, Valid: 70.60%, Test: 72.80%, Best Valid: 76.00%, Best Test: 77.50%
Epoch: 800, Loss: 0.0010, Train: 100.00%, Valid: 67.40%, Test: 71.60%, Best Valid: 76.00%, Best Test: 77.50%
Epoch: 900, Loss: 0.0018, Train: 100.00%, Valid: 64.80%, Test: 70.60%, Best Valid: 76.00%, Best Test: 77.50%
Run 03:
Highest Train: 100.00
Highest Valid: 76.00
Highest Test: 79.90
Chosen epoch: 9
Final Train: 100.00
Final Test: 77.50
Pre-training MLP for 500 epochs to generate co-occurrence matrix...
MLP pre-training complete. Penalty matrix frozen.
Epoch: 00, Loss: 2.7217, Train: 76.43%, Valid: 33.40%, Test: 34.20%, Best Valid: 33.40%, Best Test: 34.20%
Epoch: 100, Loss: 0.0012, Train: 100.00%, Valid: 80.20%, Test: 81.20%, Best Valid: 81.60%, Best Test: 82.40%
Epoch: 200, Loss: 0.0299, Train: 100.00%, Valid: 71.20%, Test: 72.60%, Best Valid: 81.60%, Best Test: 82.40%
Epoch: 300, Loss: 0.0019, Train: 100.00%, Valid: 62.20%, Test: 63.60%, Best Valid: 81.60%, Best Test: 82.40%
Epoch: 400, Loss: 0.0071, Train: 100.00%, Valid: 69.40%, Test: 72.90%, Best Valid: 81.60%, Best Test: 82.40%
Epoch: 500, Loss: 0.0019, Train: 100.00%, Valid: 66.60%, Test: 66.80%, Best Valid: 81.60%, Best Test: 82.40%
Epoch: 600, Loss: 0.0159, Train: 100.00%, Valid: 69.80%, Test: 72.60%, Best Valid: 81.60%, Best Test: 82.40%
Epoch: 700, Loss: 0.0192, Train: 100.00%, Valid: 68.40%, Test: 70.70%, Best Valid: 81.60%, Best Test: 82.40%
Epoch: 800, Loss: 0.0733, Train: 93.57%, Valid: 50.80%, Test: 55.80%, Best Valid: 81.60%, Best Test: 82.40%
Epoch: 900, Loss: 0.0055, Train: 100.00%, Valid: 72.60%, Test: 76.10%, Best Valid: 81.60%, Best Test: 82.40%
Run 04:
Highest Train: 100.00
Highest Valid: 81.60
Highest Test: 82.40
Chosen epoch: 60
Final Train: 100.00
Final Test: 82.40
Pre-training MLP for 500 epochs to generate co-occurrence matrix...
MLP pre-training complete. Penalty matrix frozen.
Epoch: 00, Loss: 3.0491, Train: 69.29%, Valid: 28.60%, Test: 31.60%, Best Valid: 28.60%, Best Test: 31.60%
Epoch: 100, Loss: 0.0004, Train: 100.00%, Valid: 75.40%, Test: 80.40%, Best Valid: 79.00%, Best Test: 80.70%
Epoch: 200, Loss: 0.0011, Train: 100.00%, Valid: 75.80%, Test: 79.50%, Best Valid: 79.00%, Best Test: 80.70%
Epoch: 300, Loss: 0.0016, Train: 100.00%, Valid: 70.00%, Test: 71.30%, Best Valid: 79.00%, Best Test: 80.70%
Epoch: 400, Loss: 0.0010, Train: 100.00%, Valid: 71.60%, Test: 74.50%, Best Valid: 79.00%, Best Test: 80.70%
Epoch: 500, Loss: 0.0155, Train: 95.71%, Valid: 55.20%, Test: 51.40%, Best Valid: 79.00%, Best Test: 80.70%
Epoch: 600, Loss: 0.0062, Train: 100.00%, Valid: 66.40%, Test: 69.60%, Best Valid: 79.00%, Best Test: 80.70%
Epoch: 700, Loss: 0.0019, Train: 100.00%, Valid: 70.60%, Test: 70.90%, Best Valid: 79.00%, Best Test: 80.70%
Epoch: 800, Loss: 0.0047, Train: 100.00%, Valid: 70.80%, Test: 72.20%, Best Valid: 79.00%, Best Test: 80.70%
Epoch: 900, Loss: 0.0035, Train: 100.00%, Valid: 69.60%, Test: 70.60%, Best Valid: 79.00%, Best Test: 80.70%
Run 05:
Highest Train: 100.00
Highest Valid: 79.00
Highest Test: 81.00
Chosen epoch: 29
Final Train: 100.00
Final Test: 80.70
All runs:
Highest Train: 100.00 ± 0.00
Highest Test: 80.50 ± 1.31
Highest Valid: 78.08 ± 2.27
  Final Train: 100.00 ± 0.00
   Final Test: 79.80 ± 2.00
Saving results to mlp_gt/results_full/cora/sgformer.csv

Running with MLP-GT Regularization (lambda=0.1)...
Namespace(aggregate='add', alpha=0.5, attention='gcn', beta=-1.0, bn=False, cpu=False, data_dir='../data/', dataset='cora', device=0, dim_inner=256, display_step=100, dropout=0.3, epochs=1000, global_dropout=None, global_layers=2, gnn='gcn', graph_weight=0.5, hidden_channels=256, hops=10, in_dropout=0.0, jk=False, label_num_per_class=20, lambda_val=0.1, layers=3, ln=False, local_gnn_type='GCN', local_layers=7, lr=0.01, metric='acc', mlp_epochs=500, mlp_reg=True, model='sgformer', model_dir='./model/', n_heads=1, num_centroids=4096, num_heads=1, oracle_reg=False, pe_types='RWSE', pre_linear=False, pre_ln=False, rand_split=False, rand_split_class=True, reg_start_epoch=10, reg_update_freq=5, res=False, result_dir='mlp_gt/results_full', runs=5, save_model=False, save_result=False, seed=123, test_num=1000, train_prop=0.5, use_act=True, use_bn=True, use_graph=True, use_reg=True, use_residual=True, use_weight=False, valid_num=500, valid_prop=0.25, weight_decay=0.0005)
cora
Num nodes: 2708
train:torch.Size([140]), valid:torch.Size([500]), test:torch.Size([1000])
dataset cora | num nodes 2708 | num edge 10556 | num node feats 1433 | num classes 7
MODEL: SGFormer(
  (trans_conv): TransConv(
    (convs): ModuleList(
      (0): TransConvLayer(
        (Wk): Linear(in_features=256, out_features=256, bias=True)
        (Wq): Linear(in_features=256, out_features=256, bias=True)
      )
      (1): TransConvLayer(
        (Wk): Linear(in_features=256, out_features=256, bias=True)
        (Wq): Linear(in_features=256, out_features=256, bias=True)
      )
      (2): TransConvLayer(
        (Wk): Linear(in_features=256, out_features=256, bias=True)
        (Wq): Linear(in_features=256, out_features=256, bias=True)
      )
    )
    (fcs): ModuleList(
      (0): Linear(in_features=1433, out_features=256, bias=True)
    )
    (bns): ModuleList(
      (0): LayerNorm((256,), eps=1e-05, elementwise_affine=True)
      (1): LayerNorm((256,), eps=1e-05, elementwise_affine=True)
      (2): LayerNorm((256,), eps=1e-05, elementwise_affine=True)
      (3): LayerNorm((256,), eps=1e-05, elementwise_affine=True)
    )
  )
  (gnn): GCN(
    (convs): ModuleList(
      (0): GCNConv(1433, 256)
      (1): GCNConv(256, 256)
      (2): GCNConv(256, 256)
    )
    (bns): ModuleList(
      (0): BatchNorm1d(256, eps=1e-05, momentum=0.1, affine=True, track_running_stats=True)
      (1): BatchNorm1d(256, eps=1e-05, momentum=0.1, affine=True, track_running_stats=True)
    )
  )
  (fc): Linear(in_features=256, out_features=7, bias=True)
)
Pre-training MLP for 500 epochs to generate co-occurrence matrix...
MLP pre-training complete. Penalty matrix frozen.
Epoch: 00, Loss: 2.2232, Train: 91.43%, Valid: 33.80%, Test: 35.90%, Best Valid: 33.80%, Best Test: 35.90%
Epoch: 100, Loss: 0.0014, Train: 100.00%, Valid: 75.60%, Test: 77.80%, Best Valid: 77.40%, Best Test: 79.30%
Epoch: 200, Loss: 0.0020, Train: 100.00%, Valid: 71.60%, Test: 73.50%, Best Valid: 77.40%, Best Test: 79.30%
Epoch: 300, Loss: 0.0016, Train: 100.00%, Valid: 70.00%, Test: 71.30%, Best Valid: 77.40%, Best Test: 79.30%
Epoch: 400, Loss: 0.0113, Train: 81.43%, Valid: 53.40%, Test: 59.00%, Best Valid: 77.40%, Best Test: 79.30%
Epoch: 500, Loss: 0.0019, Train: 100.00%, Valid: 72.00%, Test: 76.00%, Best Valid: 77.40%, Best Test: 79.30%
Epoch: 600, Loss: 0.0020, Train: 100.00%, Valid: 73.00%, Test: 76.00%, Best Valid: 77.40%, Best Test: 79.30%
Epoch: 700, Loss: 0.0128, Train: 98.57%, Valid: 64.60%, Test: 65.50%, Best Valid: 77.40%, Best Test: 79.30%
Epoch: 800, Loss: 0.0013, Train: 100.00%, Valid: 71.60%, Test: 74.80%, Best Valid: 77.40%, Best Test: 79.30%
Epoch: 900, Loss: 0.0014, Train: 100.00%, Valid: 66.80%, Test: 69.70%, Best Valid: 77.40%, Best Test: 79.30%
Run 01:
Highest Train: 100.00
Highest Valid: 77.40
Highest Test: 79.60
Chosen epoch: 78
Final Train: 100.00
Final Test: 79.30
Pre-training MLP for 500 epochs to generate co-occurrence matrix...
MLP pre-training complete. Penalty matrix frozen.
Epoch: 00, Loss: 2.8966, Train: 68.57%, Valid: 26.80%, Test: 32.10%, Best Valid: 26.80%, Best Test: 32.10%
Epoch: 100, Loss: 0.0008, Train: 100.00%, Valid: 78.60%, Test: 79.90%, Best Valid: 78.60%, Best Test: 80.00%
Epoch: 200, Loss: 0.0007, Train: 100.00%, Valid: 73.40%, Test: 77.30%, Best Valid: 78.60%, Best Test: 80.00%
Epoch: 300, Loss: 0.0030, Train: 100.00%, Valid: 68.40%, Test: 72.60%, Best Valid: 78.60%, Best Test: 80.00%
Epoch: 400, Loss: 0.0025, Train: 100.00%, Valid: 70.60%, Test: 74.90%, Best Valid: 78.60%, Best Test: 80.00%
Epoch: 500, Loss: 0.0011, Train: 100.00%, Valid: 71.40%, Test: 73.90%, Best Valid: 78.60%, Best Test: 80.00%
Epoch: 600, Loss: 0.0097, Train: 100.00%, Valid: 70.00%, Test: 72.80%, Best Valid: 78.60%, Best Test: 80.00%
Epoch: 700, Loss: 0.0028, Train: 100.00%, Valid: 65.20%, Test: 67.80%, Best Valid: 78.60%, Best Test: 80.00%
Epoch: 800, Loss: 0.0016, Train: 100.00%, Valid: 71.60%, Test: 74.40%, Best Valid: 78.60%, Best Test: 80.00%
Epoch: 900, Loss: 0.0050, Train: 100.00%, Valid: 65.40%, Test: 64.40%, Best Valid: 78.60%, Best Test: 80.00%
Run 02:
Highest Train: 100.00
Highest Valid: 78.60
Highest Test: 80.50
Chosen epoch: 89
Final Train: 100.00
Final Test: 80.00
Pre-training MLP for 500 epochs to generate co-occurrence matrix...
MLP pre-training complete. Penalty matrix frozen.
Epoch: 00, Loss: 3.0572, Train: 78.57%, Valid: 25.80%, Test: 23.70%, Best Valid: 25.80%, Best Test: 23.70%
Epoch: 100, Loss: 0.0006, Train: 100.00%, Valid: 78.40%, Test: 82.50%, Best Valid: 79.20%, Best Test: 82.00%
Epoch: 200, Loss: 0.0013, Train: 100.00%, Valid: 74.60%, Test: 75.60%, Best Valid: 79.20%, Best Test: 82.00%
Epoch: 300, Loss: 0.0016, Train: 100.00%, Valid: 70.00%, Test: 71.50%, Best Valid: 79.20%, Best Test: 82.00%
Epoch: 400, Loss: 0.0073, Train: 100.00%, Valid: 72.60%, Test: 72.20%, Best Valid: 79.20%, Best Test: 82.00%
Epoch: 500, Loss: 0.0033, Train: 100.00%, Valid: 73.00%, Test: 74.40%, Best Valid: 79.20%, Best Test: 82.00%
Epoch: 600, Loss: 0.0058, Train: 100.00%, Valid: 68.40%, Test: 66.90%, Best Valid: 79.20%, Best Test: 82.00%
Epoch: 700, Loss: 0.0063, Train: 100.00%, Valid: 67.40%, Test: 67.10%, Best Valid: 79.20%, Best Test: 82.00%
Epoch: 800, Loss: 0.0817, Train: 91.43%, Valid: 56.60%, Test: 57.80%, Best Valid: 79.20%, Best Test: 82.00%
Epoch: 900, Loss: 0.0027, Train: 100.00%, Valid: 71.20%, Test: 72.50%, Best Valid: 79.20%, Best Test: 82.00%
Run 03:
Highest Train: 100.00
Highest Valid: 79.20
Highest Test: 82.80
Chosen epoch: 75
Final Train: 100.00
Final Test: 82.00
Pre-training MLP for 500 epochs to generate co-occurrence matrix...
MLP pre-training complete. Penalty matrix frozen.
Epoch: 00, Loss: 3.0561, Train: 77.14%, Valid: 35.00%, Test: 33.70%, Best Valid: 35.00%, Best Test: 33.70%
Epoch: 100, Loss: 0.0008, Train: 100.00%, Valid: 78.20%, Test: 80.50%, Best Valid: 79.00%, Best Test: 80.20%
Epoch: 200, Loss: 0.0072, Train: 100.00%, Valid: 70.80%, Test: 73.80%, Best Valid: 79.40%, Best Test: 79.50%
Epoch: 300, Loss: 0.0015, Train: 100.00%, Valid: 74.20%, Test: 77.40%, Best Valid: 79.40%, Best Test: 79.50%
Epoch: 400, Loss: 0.0012, Train: 100.00%, Valid: 70.00%, Test: 73.90%, Best Valid: 79.40%, Best Test: 79.50%
Epoch: 500, Loss: 0.0036, Train: 100.00%, Valid: 64.80%, Test: 68.10%, Best Valid: 79.40%, Best Test: 79.50%
Epoch: 600, Loss: 0.0050, Train: 100.00%, Valid: 63.00%, Test: 60.30%, Best Valid: 79.40%, Best Test: 79.50%
Epoch: 700, Loss: 0.0120, Train: 95.71%, Valid: 55.60%, Test: 57.50%, Best Valid: 79.40%, Best Test: 79.50%
Epoch: 800, Loss: 0.0019, Train: 100.00%, Valid: 70.00%, Test: 72.80%, Best Valid: 79.40%, Best Test: 79.50%
Epoch: 900, Loss: 0.0062, Train: 100.00%, Valid: 69.80%, Test: 71.10%, Best Valid: 79.40%, Best Test: 79.50%
Run 04:
Highest Train: 100.00
Highest Valid: 79.40
Highest Test: 81.00
Chosen epoch: 127
Final Train: 100.00
Final Test: 79.50
Pre-training MLP for 500 epochs to generate co-occurrence matrix...
MLP pre-training complete. Penalty matrix frozen.
Epoch: 00, Loss: 3.1714, Train: 79.29%, Valid: 33.80%, Test: 36.70%, Best Valid: 33.80%, Best Test: 36.70%
Epoch: 100, Loss: 0.0006, Train: 100.00%, Valid: 78.40%, Test: 80.30%, Best Valid: 80.40%, Best Test: 80.30%
Epoch: 200, Loss: 0.0016, Train: 100.00%, Valid: 73.00%, Test: 74.00%, Best Valid: 80.40%, Best Test: 80.30%
Epoch: 300, Loss: 0.0037, Train: 100.00%, Valid: 72.80%, Test: 73.20%, Best Valid: 80.40%, Best Test: 80.30%
Epoch: 400, Loss: 0.0025, Train: 100.00%, Valid: 68.80%, Test: 72.50%, Best Valid: 80.40%, Best Test: 80.30%
Epoch: 500, Loss: 0.0026, Train: 100.00%, Valid: 71.40%, Test: 73.60%, Best Valid: 80.40%, Best Test: 80.30%
Epoch: 600, Loss: 0.0024, Train: 100.00%, Valid: 70.00%, Test: 76.60%, Best Valid: 80.40%, Best Test: 80.30%
Epoch: 700, Loss: 0.0071, Train: 99.29%, Valid: 67.00%, Test: 67.10%, Best Valid: 80.40%, Best Test: 80.30%
Epoch: 800, Loss: 0.0049, Train: 100.00%, Valid: 69.60%, Test: 69.60%, Best Valid: 80.40%, Best Test: 80.30%
Epoch: 900, Loss: 0.0133, Train: 100.00%, Valid: 70.40%, Test: 75.00%, Best Valid: 80.40%, Best Test: 80.30%
Run 05:
Highest Train: 100.00
Highest Valid: 80.40
Highest Test: 81.40
Chosen epoch: 83
Final Train: 100.00
Final Test: 80.30
All runs:
Highest Train: 100.00 ± 0.00
Highest Test: 81.06 ± 1.18
Highest Valid: 79.00 ± 1.10
  Final Train: 100.00 ± 0.00
   Final Test: 80.22 ± 1.07
Saving results to mlp_gt/results_full/cora/sgformer.csv

Running with MLP-GT Regularization (lambda=0.2)...
Namespace(aggregate='add', alpha=0.5, attention='gcn', beta=-1.0, bn=False, cpu=False, data_dir='../data/', dataset='cora', device=0, dim_inner=256, display_step=100, dropout=0.3, epochs=1000, global_dropout=None, global_layers=2, gnn='gcn', graph_weight=0.5, hidden_channels=256, hops=10, in_dropout=0.0, jk=False, label_num_per_class=20, lambda_val=0.2, layers=3, ln=False, local_gnn_type='GCN', local_layers=7, lr=0.01, metric='acc', mlp_epochs=500, mlp_reg=True, model='sgformer', model_dir='./model/', n_heads=1, num_centroids=4096, num_heads=1, oracle_reg=False, pe_types='RWSE', pre_linear=False, pre_ln=False, rand_split=False, rand_split_class=True, reg_start_epoch=10, reg_update_freq=5, res=False, result_dir='mlp_gt/results_full', runs=5, save_model=False, save_result=False, seed=123, test_num=1000, train_prop=0.5, use_act=True, use_bn=True, use_graph=True, use_reg=True, use_residual=True, use_weight=False, valid_num=500, valid_prop=0.25, weight_decay=0.0005)
cora
Num nodes: 2708
train:torch.Size([140]), valid:torch.Size([500]), test:torch.Size([1000])
dataset cora | num nodes 2708 | num edge 10556 | num node feats 1433 | num classes 7
MODEL: SGFormer(
  (trans_conv): TransConv(
    (convs): ModuleList(
      (0): TransConvLayer(
        (Wk): Linear(in_features=256, out_features=256, bias=True)
        (Wq): Linear(in_features=256, out_features=256, bias=True)
      )
      (1): TransConvLayer(
        (Wk): Linear(in_features=256, out_features=256, bias=True)
        (Wq): Linear(in_features=256, out_features=256, bias=True)
      )
      (2): TransConvLayer(
        (Wk): Linear(in_features=256, out_features=256, bias=True)
        (Wq): Linear(in_features=256, out_features=256, bias=True)
      )
    )
    (fcs): ModuleList(
      (0): Linear(in_features=1433, out_features=256, bias=True)
    )
    (bns): ModuleList(
      (0): LayerNorm((256,), eps=1e-05, elementwise_affine=True)
      (1): LayerNorm((256,), eps=1e-05, elementwise_affine=True)
      (2): LayerNorm((256,), eps=1e-05, elementwise_affine=True)
      (3): LayerNorm((256,), eps=1e-05, elementwise_affine=True)
    )
  )
  (gnn): GCN(
    (convs): ModuleList(
      (0): GCNConv(1433, 256)
      (1): GCNConv(256, 256)
      (2): GCNConv(256, 256)
    )
    (bns): ModuleList(
      (0): BatchNorm1d(256, eps=1e-05, momentum=0.1, affine=True, track_running_stats=True)
      (1): BatchNorm1d(256, eps=1e-05, momentum=0.1, affine=True, track_running_stats=True)
    )
  )
  (fc): Linear(in_features=256, out_features=7, bias=True)
)
Pre-training MLP for 500 epochs to generate co-occurrence matrix...
MLP pre-training complete. Penalty matrix frozen.
Epoch: 00, Loss: 2.4253, Train: 90.71%, Valid: 24.60%, Test: 24.70%, Best Valid: 24.60%, Best Test: 24.70%
Epoch: 100, Loss: 0.2478, Train: 98.57%, Valid: 69.00%, Test: 66.70%, Best Valid: 75.20%, Best Test: 77.80%
Epoch: 200, Loss: 0.0069, Train: 100.00%, Valid: 63.20%, Test: 59.60%, Best Valid: 75.20%, Best Test: 77.80%
Epoch: 300, Loss: 0.0133, Train: 96.43%, Valid: 51.40%, Test: 53.50%, Best Valid: 75.20%, Best Test: 77.80%
Epoch: 400, Loss: 0.0016, Train: 100.00%, Valid: 71.40%, Test: 73.70%, Best Valid: 75.20%, Best Test: 77.80%
Epoch: 500, Loss: 0.0049, Train: 92.86%, Valid: 54.40%, Test: 54.50%, Best Valid: 75.20%, Best Test: 77.80%
Epoch: 600, Loss: 0.0025, Train: 100.00%, Valid: 73.80%, Test: 75.50%, Best Valid: 75.60%, Best Test: 74.90%
Epoch: 700, Loss: 0.0378, Train: 100.00%, Valid: 71.80%, Test: 74.30%, Best Valid: 75.60%, Best Test: 74.90%
Epoch: 800, Loss: 0.0304, Train: 100.00%, Valid: 67.20%, Test: 64.80%, Best Valid: 75.60%, Best Test: 74.90%
Epoch: 900, Loss: 0.0051, Train: 100.00%, Valid: 70.00%, Test: 71.30%, Best Valid: 75.60%, Best Test: 74.90%
Run 01:
Highest Train: 100.00
Highest Valid: 75.60
Highest Test: 77.90
Chosen epoch: 592
Final Train: 100.00
Final Test: 74.90
Pre-training MLP for 500 epochs to generate co-occurrence matrix...
MLP pre-training complete. Penalty matrix frozen.
Epoch: 00, Loss: 2.9597, Train: 88.57%, Valid: 26.40%, Test: 30.50%, Best Valid: 26.40%, Best Test: 30.50%
Epoch: 100, Loss: 0.0008, Train: 100.00%, Valid: 78.20%, Test: 80.50%, Best Valid: 78.40%, Best Test: 80.20%
Epoch: 200, Loss: 0.0029, Train: 100.00%, Valid: 71.60%, Test: 74.80%, Best Valid: 78.40%, Best Test: 80.20%
Epoch: 300, Loss: 0.0026, Train: 100.00%, Valid: 70.40%, Test: 71.80%, Best Valid: 78.40%, Best Test: 80.20%
Epoch: 400, Loss: 0.0182, Train: 100.00%, Valid: 67.80%, Test: 69.10%, Best Valid: 78.40%, Best Test: 80.20%
Epoch: 500, Loss: 0.0072, Train: 100.00%, Valid: 68.20%, Test: 69.60%, Best Valid: 78.40%, Best Test: 80.20%
Epoch: 600, Loss: 0.0113, Train: 100.00%, Valid: 63.80%, Test: 67.60%, Best Valid: 78.40%, Best Test: 80.20%
Epoch: 700, Loss: 0.0020, Train: 100.00%, Valid: 70.80%, Test: 74.00%, Best Valid: 78.40%, Best Test: 80.20%
Epoch: 800, Loss: 0.0182, Train: 100.00%, Valid: 69.60%, Test: 72.00%, Best Valid: 78.40%, Best Test: 80.20%
Epoch: 900, Loss: 0.0391, Train: 97.14%, Valid: 66.20%, Test: 67.30%, Best Valid: 78.40%, Best Test: 80.20%
Run 02:
Highest Train: 100.00
Highest Valid: 78.40
Highest Test: 81.00
Chosen epoch: 96
Final Train: 100.00
Final Test: 80.20
Pre-training MLP for 500 epochs to generate co-occurrence matrix...
MLP pre-training complete. Penalty matrix frozen.
Epoch: 00, Loss: 3.3493, Train: 78.57%, Valid: 28.60%, Test: 25.40%, Best Valid: 28.60%, Best Test: 25.40%
Epoch: 100, Loss: 0.0007, Train: 100.00%, Valid: 78.20%, Test: 81.30%, Best Valid: 78.60%, Best Test: 81.60%
Epoch: 200, Loss: 0.0016, Train: 100.00%, Valid: 76.60%, Test: 78.10%, Best Valid: 78.60%, Best Test: 81.60%
Epoch: 300, Loss: 0.0026, Train: 100.00%, Valid: 70.00%, Test: 73.00%, Best Valid: 78.60%, Best Test: 81.60%
Epoch: 400, Loss: 0.0460, Train: 100.00%, Valid: 72.40%, Test: 74.20%, Best Valid: 78.60%, Best Test: 81.60%
Epoch: 500, Loss: 0.0014, Train: 100.00%, Valid: 71.60%, Test: 73.50%, Best Valid: 78.60%, Best Test: 81.60%
Epoch: 600, Loss: 0.0176, Train: 97.86%, Valid: 66.20%, Test: 70.10%, Best Valid: 78.60%, Best Test: 81.60%
Epoch: 700, Loss: 0.0027, Train: 100.00%, Valid: 73.80%, Test: 74.30%, Best Valid: 78.60%, Best Test: 81.60%
Epoch: 800, Loss: 0.0035, Train: 100.00%, Valid: 70.60%, Test: 73.20%, Best Valid: 78.60%, Best Test: 81.60%
Epoch: 900, Loss: 0.0041, Train: 100.00%, Valid: 66.00%, Test: 68.60%, Best Valid: 78.60%, Best Test: 81.60%
Run 03:
Highest Train: 100.00
Highest Valid: 78.60
Highest Test: 81.90
Chosen epoch: 86
Final Train: 100.00
Final Test: 81.60
Pre-training MLP for 500 epochs to generate co-occurrence matrix...
MLP pre-training complete. Penalty matrix frozen.
Epoch: 00, Loss: 3.4049, Train: 78.57%, Valid: 33.00%, Test: 32.50%, Best Valid: 33.00%, Best Test: 32.50%
Epoch: 100, Loss: 0.0016, Train: 100.00%, Valid: 78.20%, Test: 80.30%, Best Valid: 80.00%, Best Test: 82.00%
Epoch: 200, Loss: 0.0054, Train: 100.00%, Valid: 72.80%, Test: 75.60%, Best Valid: 80.00%, Best Test: 82.00%
Epoch: 300, Loss: 0.0012, Train: 100.00%, Valid: 71.40%, Test: 72.00%, Best Valid: 80.00%, Best Test: 82.00%
Epoch: 400, Loss: 0.0024, Train: 100.00%, Valid: 73.40%, Test: 75.40%, Best Valid: 80.00%, Best Test: 82.00%
Epoch: 500, Loss: 0.0085, Train: 100.00%, Valid: 69.40%, Test: 71.70%, Best Valid: 80.00%, Best Test: 82.00%
Epoch: 600, Loss: 0.0255, Train: 100.00%, Valid: 67.60%, Test: 71.20%, Best Valid: 80.00%, Best Test: 82.00%
Epoch: 700, Loss: 0.0101, Train: 100.00%, Valid: 72.00%, Test: 72.60%, Best Valid: 80.00%, Best Test: 82.00%
Epoch: 800, Loss: 0.0028, Train: 100.00%, Valid: 72.20%, Test: 75.00%, Best Valid: 80.00%, Best Test: 82.00%
Epoch: 900, Loss: 0.0031, Train: 100.00%, Valid: 71.00%, Test: 74.00%, Best Valid: 80.00%, Best Test: 82.00%
Run 04:
Highest Train: 100.00
Highest Valid: 80.00
Highest Test: 82.30
Chosen epoch: 79
Final Train: 100.00
Final Test: 82.00
Pre-training MLP for 500 epochs to generate co-occurrence matrix...
MLP pre-training complete. Penalty matrix frozen.
Epoch: 00, Loss: 3.4210, Train: 75.00%, Valid: 29.00%, Test: 31.00%, Best Valid: 29.00%, Best Test: 31.00%
Epoch: 100, Loss: 0.0007, Train: 100.00%, Valid: 76.40%, Test: 80.80%, Best Valid: 77.40%, Best Test: 79.80%
Epoch: 200, Loss: 0.0018, Train: 100.00%, Valid: 73.40%, Test: 74.80%, Best Valid: 77.80%, Best Test: 80.40%
Epoch: 300, Loss: 0.0014, Train: 98.57%, Valid: 64.00%, Test: 67.30%, Best Valid: 77.80%, Best Test: 80.40%
Epoch: 400, Loss: 0.0028, Train: 100.00%, Valid: 71.00%, Test: 70.90%, Best Valid: 77.80%, Best Test: 80.40%
Epoch: 500, Loss: 0.0047, Train: 100.00%, Valid: 66.20%, Test: 68.80%, Best Valid: 77.80%, Best Test: 80.40%
Epoch: 600, Loss: 0.0035, Train: 99.29%, Valid: 70.80%, Test: 69.60%, Best Valid: 77.80%, Best Test: 80.40%
Epoch: 700, Loss: 0.0027, Train: 100.00%, Valid: 69.00%, Test: 74.30%, Best Valid: 77.80%, Best Test: 80.40%
Epoch: 800, Loss: 0.0011, Train: 100.00%, Valid: 70.20%, Test: 71.00%, Best Valid: 77.80%, Best Test: 80.40%
Epoch: 900, Loss: 0.0023, Train: 100.00%, Valid: 68.60%, Test: 67.90%, Best Valid: 77.80%, Best Test: 80.40%
Run 05:
Highest Train: 100.00
Highest Valid: 77.80
Highest Test: 81.20
Chosen epoch: 120
Final Train: 100.00
Final Test: 80.40
All runs:
Highest Train: 100.00 ± 0.00
Highest Test: 80.86 ± 1.74
Highest Valid: 78.08 ± 1.60
  Final Train: 100.00 ± 0.00
   Final Test: 79.82 ± 2.86
Saving results to mlp_gt/results_full/cora/sgformer.csv

Running with MLP-GT Regularization (lambda=0.4)...
Namespace(aggregate='add', alpha=0.5, attention='gcn', beta=-1.0, bn=False, cpu=False, data_dir='../data/', dataset='cora', device=0, dim_inner=256, display_step=100, dropout=0.3, epochs=1000, global_dropout=None, global_layers=2, gnn='gcn', graph_weight=0.5, hidden_channels=256, hops=10, in_dropout=0.0, jk=False, label_num_per_class=20, lambda_val=0.4, layers=3, ln=False, local_gnn_type='GCN', local_layers=7, lr=0.01, metric='acc', mlp_epochs=500, mlp_reg=True, model='sgformer', model_dir='./model/', n_heads=1, num_centroids=4096, num_heads=1, oracle_reg=False, pe_types='RWSE', pre_linear=False, pre_ln=False, rand_split=False, rand_split_class=True, reg_start_epoch=10, reg_update_freq=5, res=False, result_dir='mlp_gt/results_full', runs=5, save_model=False, save_result=False, seed=123, test_num=1000, train_prop=0.5, use_act=True, use_bn=True, use_graph=True, use_reg=True, use_residual=True, use_weight=False, valid_num=500, valid_prop=0.25, weight_decay=0.0005)
cora
Num nodes: 2708
train:torch.Size([140]), valid:torch.Size([500]), test:torch.Size([1000])
dataset cora | num nodes 2708 | num edge 10556 | num node feats 1433 | num classes 7
MODEL: SGFormer(
  (trans_conv): TransConv(
    (convs): ModuleList(
      (0): TransConvLayer(
        (Wk): Linear(in_features=256, out_features=256, bias=True)
        (Wq): Linear(in_features=256, out_features=256, bias=True)
      )
      (1): TransConvLayer(
        (Wk): Linear(in_features=256, out_features=256, bias=True)
        (Wq): Linear(in_features=256, out_features=256, bias=True)
      )
      (2): TransConvLayer(
        (Wk): Linear(in_features=256, out_features=256, bias=True)
        (Wq): Linear(in_features=256, out_features=256, bias=True)
      )
    )
    (fcs): ModuleList(
      (0): Linear(in_features=1433, out_features=256, bias=True)
    )
    (bns): ModuleList(
      (0): LayerNorm((256,), eps=1e-05, elementwise_affine=True)
      (1): LayerNorm((256,), eps=1e-05, elementwise_affine=True)
      (2): LayerNorm((256,), eps=1e-05, elementwise_affine=True)
      (3): LayerNorm((256,), eps=1e-05, elementwise_affine=True)
    )
  )
  (gnn): GCN(
    (convs): ModuleList(
      (0): GCNConv(1433, 256)
      (1): GCNConv(256, 256)
      (2): GCNConv(256, 256)
    )
    (bns): ModuleList(
      (0): BatchNorm1d(256, eps=1e-05, momentum=0.1, affine=True, track_running_stats=True)
      (1): BatchNorm1d(256, eps=1e-05, momentum=0.1, affine=True, track_running_stats=True)
    )
  )
  (fc): Linear(in_features=256, out_features=7, bias=True)
)
Pre-training MLP for 500 epochs to generate co-occurrence matrix...
MLP pre-training complete. Penalty matrix frozen.
Epoch: 00, Loss: 2.8295, Train: 85.00%, Valid: 14.60%, Test: 15.20%, Best Valid: 14.60%, Best Test: 15.20%
Epoch: 100, Loss: 0.0032, Train: 100.00%, Valid: 74.00%, Test: 76.10%, Best Valid: 75.40%, Best Test: 77.50%
Epoch: 200, Loss: 0.0073, Train: 97.86%, Valid: 64.60%, Test: 67.20%, Best Valid: 75.40%, Best Test: 77.50%
Epoch: 300, Loss: 0.0049, Train: 100.00%, Valid: 69.40%, Test: 72.00%, Best Valid: 75.40%, Best Test: 77.50%
Epoch: 400, Loss: 0.0031, Train: 100.00%, Valid: 72.80%, Test: 71.50%, Best Valid: 75.40%, Best Test: 77.50%
Epoch: 500, Loss: 0.0022, Train: 100.00%, Valid: 73.00%, Test: 74.30%, Best Valid: 75.40%, Best Test: 77.50%
Epoch: 600, Loss: 0.0035, Train: 100.00%, Valid: 71.20%, Test: 72.90%, Best Valid: 75.40%, Best Test: 77.50%
Epoch: 700, Loss: 0.0019, Train: 50.71%, Valid: 20.40%, Test: 21.80%, Best Valid: 75.40%, Best Test: 77.50%
Epoch: 800, Loss: 0.0026, Train: 100.00%, Valid: 69.60%, Test: 72.60%, Best Valid: 75.40%, Best Test: 77.50%
Epoch: 900, Loss: 0.0033, Train: 100.00%, Valid: 69.80%, Test: 73.60%, Best Valid: 75.40%, Best Test: 77.50%
Run 01:
Highest Train: 100.00
Highest Valid: 75.40
Highest Test: 78.00
Chosen epoch: 28
Final Train: 100.00
Final Test: 77.50
Pre-training MLP for 500 epochs to generate co-occurrence matrix...
MLP pre-training complete. Penalty matrix frozen.
Epoch: 00, Loss: 3.5729, Train: 84.29%, Valid: 18.60%, Test: 22.80%, Best Valid: 18.60%, Best Test: 22.80%
Epoch: 100, Loss: 0.0033, Train: 100.00%, Valid: 76.20%, Test: 80.70%, Best Valid: 80.00%, Best Test: 80.50%
Epoch: 200, Loss: 0.0050, Train: 100.00%, Valid: 66.60%, Test: 70.10%, Best Valid: 80.00%, Best Test: 80.50%
Epoch: 300, Loss: 0.0109, Train: 99.29%, Valid: 65.80%, Test: 65.80%, Best Valid: 80.00%, Best Test: 80.50%
Epoch: 400, Loss: 0.0033, Train: 100.00%, Valid: 70.20%, Test: 72.00%, Best Valid: 80.00%, Best Test: 80.50%
Epoch: 500, Loss: 0.0016, Train: 100.00%, Valid: 69.40%, Test: 72.60%, Best Valid: 80.00%, Best Test: 80.50%
Epoch: 600, Loss: 0.0057, Train: 100.00%, Valid: 69.00%, Test: 74.20%, Best Valid: 80.00%, Best Test: 80.50%
Epoch: 700, Loss: 0.0022, Train: 100.00%, Valid: 63.00%, Test: 64.90%, Best Valid: 80.00%, Best Test: 80.50%
Epoch: 800, Loss: 0.0230, Train: 87.14%, Valid: 45.20%, Test: 43.10%, Best Valid: 80.00%, Best Test: 80.50%
Epoch: 900, Loss: 0.0150, Train: 100.00%, Valid: 73.00%, Test: 75.70%, Best Valid: 80.00%, Best Test: 80.50%
Run 02:
Highest Train: 100.00
Highest Valid: 80.00
Highest Test: 81.60
Chosen epoch: 58
Final Train: 100.00
Final Test: 80.50
Pre-training MLP for 500 epochs to generate co-occurrence matrix...
MLP pre-training complete. Penalty matrix frozen.
Epoch: 00, Loss: 3.8229, Train: 68.57%, Valid: 23.80%, Test: 22.30%, Best Valid: 23.80%, Best Test: 22.30%
Epoch: 100, Loss: 0.0010, Train: 100.00%, Valid: 77.40%, Test: 81.50%, Best Valid: 78.20%, Best Test: 81.50%
Epoch: 200, Loss: 0.0013, Train: 100.00%, Valid: 76.20%, Test: 79.10%, Best Valid: 78.20%, Best Test: 81.50%
Epoch: 300, Loss: 0.0021, Train: 100.00%, Valid: 72.00%, Test: 75.20%, Best Valid: 78.20%, Best Test: 81.50%
Epoch: 400, Loss: 0.0017, Train: 100.00%, Valid: 68.40%, Test: 69.60%, Best Valid: 78.20%, Best Test: 81.50%
Epoch: 500, Loss: 0.0021, Train: 100.00%, Valid: 73.00%, Test: 75.90%, Best Valid: 78.20%, Best Test: 81.50%
Epoch: 600, Loss: 0.0019, Train: 100.00%, Valid: 70.60%, Test: 74.70%, Best Valid: 78.20%, Best Test: 81.50%
Epoch: 700, Loss: 0.0177, Train: 100.00%, Valid: 65.40%, Test: 65.90%, Best Valid: 78.20%, Best Test: 81.50%
Epoch: 800, Loss: 0.0016, Train: 100.00%, Valid: 70.60%, Test: 73.50%, Best Valid: 78.20%, Best Test: 81.50%
Epoch: 900, Loss: 0.0051, Train: 100.00%, Valid: 69.40%, Test: 71.10%, Best Valid: 78.20%, Best Test: 81.50%
Run 03:
Highest Train: 100.00
Highest Valid: 78.20
Highest Test: 81.90
Chosen epoch: 54
Final Train: 100.00
Final Test: 81.50
Pre-training MLP for 500 epochs to generate co-occurrence matrix...
MLP pre-training complete. Penalty matrix frozen.
Epoch: 00, Loss: 4.0052, Train: 73.57%, Valid: 27.60%, Test: 25.40%, Best Valid: 27.60%, Best Test: 25.40%
Epoch: 100, Loss: 0.0013, Train: 100.00%, Valid: 75.60%, Test: 79.90%, Best Valid: 80.00%, Best Test: 81.80%
Epoch: 200, Loss: 0.0038, Train: 100.00%, Valid: 71.80%, Test: 75.20%, Best Valid: 80.00%, Best Test: 81.80%
Epoch: 300, Loss: 0.0021, Train: 100.00%, Valid: 71.40%, Test: 74.20%, Best Valid: 80.00%, Best Test: 81.80%
Epoch: 400, Loss: 0.0032, Train: 100.00%, Valid: 71.60%, Test: 72.20%, Best Valid: 80.00%, Best Test: 81.80%
Epoch: 500, Loss: 0.0096, Train: 100.00%, Valid: 70.20%, Test: 70.30%, Best Valid: 80.00%, Best Test: 81.80%
Epoch: 600, Loss: 0.0054, Train: 99.29%, Valid: 64.40%, Test: 64.00%, Best Valid: 80.00%, Best Test: 81.80%
Epoch: 700, Loss: 0.0066, Train: 100.00%, Valid: 68.20%, Test: 71.30%, Best Valid: 80.00%, Best Test: 81.80%
Epoch: 800, Loss: 0.0041, Train: 100.00%, Valid: 70.00%, Test: 74.30%, Best Valid: 80.00%, Best Test: 81.80%
Epoch: 900, Loss: 0.0018, Train: 100.00%, Valid: 69.40%, Test: 74.50%, Best Valid: 80.00%, Best Test: 81.80%
Run 04:
Highest Train: 100.00
Highest Valid: 80.00
Highest Test: 82.20
Chosen epoch: 32
Final Train: 100.00
Final Test: 81.80
Pre-training MLP for 500 epochs to generate co-occurrence matrix...
MLP pre-training complete. Penalty matrix frozen.
Epoch: 00, Loss: 4.0961, Train: 77.86%, Valid: 14.40%, Test: 15.10%, Best Valid: 14.40%, Best Test: 15.10%
Epoch: 100, Loss: 0.0003, Train: 100.00%, Valid: 76.60%, Test: 80.70%, Best Valid: 76.80%, Best Test: 80.70%
Epoch: 200, Loss: 0.0017, Train: 100.00%, Valid: 73.60%, Test: 76.50%, Best Valid: 76.80%, Best Test: 80.70%
Epoch: 300, Loss: 0.0087, Train: 96.43%, Valid: 67.80%, Test: 70.00%, Best Valid: 76.80%, Best Test: 80.70%
Epoch: 400, Loss: 0.0012, Train: 100.00%, Valid: 71.00%, Test: 71.00%, Best Valid: 76.80%, Best Test: 80.70%
Epoch: 500, Loss: 0.0066, Train: 100.00%, Valid: 68.40%, Test: 72.80%, Best Valid: 76.80%, Best Test: 80.70%
Epoch: 600, Loss: 0.0064, Train: 100.00%, Valid: 71.60%, Test: 75.20%, Best Valid: 76.80%, Best Test: 80.70%
Epoch: 700, Loss: 0.0069, Train: 95.71%, Valid: 49.00%, Test: 47.80%, Best Valid: 76.80%, Best Test: 80.70%
Epoch: 800, Loss: 0.0158, Train: 100.00%, Valid: 69.20%, Test: 70.30%, Best Valid: 76.80%, Best Test: 80.70%
Epoch: 900, Loss: 0.0018, Train: 100.00%, Valid: 69.60%, Test: 71.50%, Best Valid: 76.80%, Best Test: 80.70%
Run 05:
Highest Train: 100.00
Highest Valid: 76.80
Highest Test: 80.90
Chosen epoch: 96
Final Train: 100.00
Final Test: 80.70
All runs:
Highest Train: 100.00 ± 0.00
Highest Test: 80.92 ± 1.70
Highest Valid: 78.08 ± 2.01
  Final Train: 100.00 ± 0.00
   Final Test: 80.40 ± 1.71
Saving results to mlp_gt/results_full/cora/sgformer.csv

GT sweep completed!
==========================================================
Task 28 (sgformer / cora) completed at: Tue Apr 28 08:15:35 AM EDT 2026
==========================================================
