==========================================================
MLP-GT Full Sweep | Task 2
Job: 1011972 | Date: Tue Apr 28 08:00:50 AM EDT 2026 | Host: n0001
==========================================================
Tue Apr 28 08:00:56 2026       
+-----------------------------------------------------------------------------------------+
| NVIDIA-SMI 570.211.01             Driver Version: 570.211.01     CUDA Version: 12.8     |
|-----------------------------------------+------------------------+----------------------+
| GPU  Name                 Persistence-M | Bus-Id          Disp.A | Volatile Uncorr. ECC |
| Fan  Temp   Perf          Pwr:Usage/Cap |           Memory-Usage | GPU-Util  Compute M. |
|                                         |                        |               MIG M. |
|=========================================+========================+======================|
|   0  NVIDIA A100-SXM4-80GB          On  |   00000000:01:00.0 Off |                   On |
| N/A   33C    P0            105W /  500W |    6667MiB /  81920MiB |     N/A      Default |
|                                         |                        |              Enabled |
+-----------------------------------------+------------------------+----------------------+
|   1  NVIDIA A100-SXM4-80GB          On  |   00000000:41:00.0 Off |                   On |
| N/A   37C    P0            147W /  500W |    3651MiB /  81920MiB |     N/A      Default |
|                                         |                        |              Enabled |
+-----------------------------------------+------------------------+----------------------+
|   2  NVIDIA A100-SXM4-80GB          On  |   00000000:81:00.0 Off |                   On |
| N/A   33C    P0             79W /  500W |     541MiB /  81920MiB |     N/A      Default |
|                                         |                        |              Enabled |
+-----------------------------------------+------------------------+----------------------+
|   3  NVIDIA A100-SXM4-80GB          On  |   00000000:C1:00.0 Off |                   On |
| N/A   25C    P0             49W /  500W |     185MiB /  81920MiB |     N/A      Default |
|                                         |                        |              Enabled |
+-----------------------------------------+------------------------+----------------------+

+-----------------------------------------------------------------------------------------+
| MIG devices:                                                                            |
+------------------+----------------------------------+-----------+-----------------------+
| GPU  GI  CI  MIG |                     Memory-Usage |        Vol|        Shared         |
|      ID  ID  Dev |                       BAR1-Usage | SM     Unc| CE ENC  DEC  OFA  JPG |
|                  |                                  |        ECC|                       |
|==================+==================================+===========+=======================|
|  2    3   0   0  |              53MiB / 19968MiB    | 28      0 |  2   0    1    0    0 |
|                  |                 0MiB / 32767MiB  |           |                       |
+------------------+----------------------------------+-----------+-----------------------+
                                                                                         
+-----------------------------------------------------------------------------------------+
| Processes:                                                                              |
|  GPU   GI   CI              PID   Type   Process name                        GPU Memory |
|        ID   ID                                                               Usage      |
|=========================================================================================|
|    0    1    0           498705      C   python                                 6476MiB |
|    1    1    0           564678      C   python                                 3460MiB |
+-----------------------------------------------------------------------------------------+
1.12.1
True
NVIDIA A100-SXM4-80GB MIG 2g.20gb
Model: polynormer | Dataset: pubmed
Split flags: --rand_split_class --valid_num 500 --test_num 1000 --seed 123
==========================================================
Starting mlp_gt GT Sweep for:
python main.py --model polynormer --dataset pubmed         --hidden_channels 128 --local_layers 2 --global_layers 2 --num_heads 4         --lr 0.01 --weight_decay 5e-4 --dropout 0.3 --epochs 1000         --runs 5 --device 0         --rand_split_class --valid_num 500 --test_num 1000 --seed 123
Result dir: mlp_gt/results_full
==========================================================
Running GT Baseline (no reg)...
Namespace(aggregate='add', alpha=0.5, attention='gcn', beta=-1.0, bn=False, cpu=False, data_dir='../data/', dataset='pubmed', device=0, dim_inner=128, display_step=100, dropout=0.3, epochs=1000, global_dropout=None, global_layers=2, gnn='gcn', graph_weight=0.8, hidden_channels=128, hops=10, in_dropout=0.0, jk=False, label_num_per_class=20, lambda_val=0.5, layers=1, ln=False, local_gnn_type='GCN', local_layers=2, lr=0.01, metric='acc', mlp_epochs=500, mlp_reg=False, model='polynormer', model_dir='./model/', n_heads=4, num_centroids=4096, num_heads=4, oracle_reg=False, pe_types='RWSE', pre_linear=False, pre_ln=False, rand_split=False, rand_split_class=True, reg_start_epoch=10, reg_update_freq=5, res=False, result_dir='mlp_gt/results_full', runs=5, save_model=False, save_result=False, seed=123, test_num=1000, train_prop=0.5, use_act=False, use_bn=False, use_graph=False, use_reg=False, use_residual=False, use_weight=False, valid_num=500, valid_prop=0.25, weight_decay=0.0005)
pubmed
Num nodes: 19717
train:torch.Size([60]), valid:torch.Size([500]), test:torch.Size([1000])
dataset pubmed | num nodes 19717 | num edge 88648 | num node feats 500 | num classes 3
MODEL: Polynormer(
  (h_lins): ModuleList(
    (0): Linear(in_features=512, out_features=512, bias=True)
    (1): Linear(in_features=512, out_features=512, bias=True)
  )
  (local_convs): ModuleList(
    (0): GATConv(512, 128, heads=4)
    (1): GATConv(512, 128, heads=4)
  )
  (lins): ModuleList(
    (0): Linear(in_features=512, out_features=512, bias=True)
    (1): Linear(in_features=512, out_features=512, bias=True)
  )
  (lns): ModuleList(
    (0): LayerNorm((512,), eps=1e-05, elementwise_affine=True)
    (1): LayerNorm((512,), eps=1e-05, elementwise_affine=True)
  )
  (lin_in): Linear(in_features=500, out_features=512, bias=True)
  (ln): LayerNorm((512,), eps=1e-05, elementwise_affine=True)
  (global_attn): GlobalAttn(
    (h_lins): ModuleList(
      (0): Linear(in_features=512, out_features=512, bias=True)
      (1): Linear(in_features=512, out_features=512, bias=True)
    )
    (k_lins): ModuleList(
      (0): Linear(in_features=512, out_features=512, bias=True)
      (1): Linear(in_features=512, out_features=512, bias=True)
    )
    (v_lins): ModuleList(
      (0): Linear(in_features=512, out_features=512, bias=True)
      (1): Linear(in_features=512, out_features=512, bias=True)
    )
    (lns): ModuleList(
      (0): LayerNorm((512,), eps=1e-05, elementwise_affine=True)
      (1): LayerNorm((512,), eps=1e-05, elementwise_affine=True)
    )
    (lin_out): Linear(in_features=512, out_features=512, bias=True)
  )
  (pred_local): Linear(in_features=512, out_features=3, bias=True)
  (pred_global): Linear(in_features=512, out_features=3, bias=True)
)
Epoch: 00, Loss: 1.1063, Train: 33.33%, Valid: 41.80%, Test: 38.80%, Best Valid: 41.80%, Best Test: 38.80%
Epoch: 100, Loss: 0.0008, Train: 100.00%, Valid: 73.40%, Test: 68.10%, Best Valid: 75.00%, Best Test: 70.90%
Epoch: 200, Loss: 0.0013, Train: 100.00%, Valid: 67.20%, Test: 63.20%, Best Valid: 75.20%, Best Test: 71.10%
Epoch: 300, Loss: 0.0004, Train: 100.00%, Valid: 70.80%, Test: 68.70%, Best Valid: 75.20%, Best Test: 71.10%
Epoch: 400, Loss: 0.0018, Train: 100.00%, Valid: 57.20%, Test: 55.10%, Best Valid: 75.20%, Best Test: 71.10%
Epoch: 500, Loss: 0.0005, Train: 100.00%, Valid: 68.40%, Test: 65.90%, Best Valid: 75.20%, Best Test: 71.10%
Epoch: 600, Loss: 0.0006, Train: 100.00%, Valid: 69.60%, Test: 72.10%, Best Valid: 75.20%, Best Test: 71.10%
Epoch: 700, Loss: 0.0014, Train: 100.00%, Valid: 66.20%, Test: 69.80%, Best Valid: 75.20%, Best Test: 71.10%
Epoch: 800, Loss: 0.0010, Train: 100.00%, Valid: 63.60%, Test: 64.60%, Best Valid: 75.20%, Best Test: 71.10%
Epoch: 900, Loss: 0.0006, Train: 100.00%, Valid: 67.00%, Test: 67.30%, Best Valid: 75.20%, Best Test: 71.10%
Run 01:
Highest Train: 100.00
Highest Valid: 75.20
Highest Test: 73.20
Chosen epoch: 178
Final Train: 100.00
Final Test: 71.10
Epoch: 00, Loss: 1.1276, Train: 33.33%, Valid: 35.00%, Test: 39.70%, Best Valid: 35.00%, Best Test: 39.70%
Epoch: 100, Loss: 0.0231, Train: 100.00%, Valid: 70.80%, Test: 65.90%, Best Valid: 72.20%, Best Test: 69.60%
Epoch: 200, Loss: 0.0007, Train: 100.00%, Valid: 71.00%, Test: 72.70%, Best Valid: 75.60%, Best Test: 75.70%
Epoch: 300, Loss: 0.0010, Train: 100.00%, Valid: 64.60%, Test: 62.60%, Best Valid: 75.60%, Best Test: 75.70%
Epoch: 400, Loss: 0.0033, Train: 100.00%, Valid: 66.00%, Test: 63.20%, Best Valid: 75.60%, Best Test: 75.70%
Epoch: 500, Loss: 0.0008, Train: 100.00%, Valid: 70.40%, Test: 66.70%, Best Valid: 75.60%, Best Test: 75.70%
Epoch: 600, Loss: 0.0008, Train: 100.00%, Valid: 69.80%, Test: 66.20%, Best Valid: 75.60%, Best Test: 75.70%
Epoch: 700, Loss: 0.0173, Train: 100.00%, Valid: 71.60%, Test: 72.40%, Best Valid: 75.60%, Best Test: 75.70%
Epoch: 800, Loss: 0.0085, Train: 100.00%, Valid: 69.80%, Test: 67.20%, Best Valid: 75.60%, Best Test: 75.70%
Epoch: 900, Loss: 0.0037, Train: 100.00%, Valid: 72.80%, Test: 70.60%, Best Valid: 75.60%, Best Test: 75.70%
Run 02:
Highest Train: 100.00
Highest Valid: 75.60
Highest Test: 76.50
Chosen epoch: 112
Final Train: 100.00
Final Test: 75.70
Epoch: 00, Loss: 1.1253, Train: 33.33%, Valid: 35.00%, Test: 39.70%, Best Valid: 35.00%, Best Test: 39.70%
Epoch: 100, Loss: 0.0103, Train: 100.00%, Valid: 69.20%, Test: 66.60%, Best Valid: 72.40%, Best Test: 69.50%
Epoch: 200, Loss: 0.0035, Train: 100.00%, Valid: 69.00%, Test: 66.40%, Best Valid: 73.60%, Best Test: 68.00%
Epoch: 300, Loss: 0.0011, Train: 100.00%, Valid: 72.00%, Test: 71.90%, Best Valid: 76.20%, Best Test: 74.00%
Epoch: 400, Loss: 0.0005, Train: 100.00%, Valid: 72.20%, Test: 69.90%, Best Valid: 76.80%, Best Test: 73.50%
Epoch: 500, Loss: 0.0008, Train: 100.00%, Valid: 69.20%, Test: 69.40%, Best Valid: 76.80%, Best Test: 73.50%
Epoch: 600, Loss: 0.0008, Train: 100.00%, Valid: 66.60%, Test: 67.90%, Best Valid: 76.80%, Best Test: 73.50%
Epoch: 700, Loss: 0.0010, Train: 100.00%, Valid: 67.80%, Test: 64.50%, Best Valid: 76.80%, Best Test: 73.50%
Epoch: 800, Loss: 0.0013, Train: 100.00%, Valid: 70.00%, Test: 70.20%, Best Valid: 76.80%, Best Test: 73.50%
Epoch: 900, Loss: 0.0002, Train: 100.00%, Valid: 71.80%, Test: 68.10%, Best Valid: 76.80%, Best Test: 73.50%
Run 03:
Highest Train: 100.00
Highest Valid: 76.80
Highest Test: 75.30
Chosen epoch: 316
Final Train: 100.00
Final Test: 73.50
Epoch: 00, Loss: 1.0852, Train: 33.33%, Valid: 23.20%, Test: 21.50%, Best Valid: 23.20%, Best Test: 21.50%
Epoch: 100, Loss: 0.1679, Train: 100.00%, Valid: 70.60%, Test: 69.10%, Best Valid: 74.80%, Best Test: 74.90%
Epoch: 200, Loss: 0.0006, Train: 100.00%, Valid: 68.80%, Test: 66.00%, Best Valid: 74.80%, Best Test: 74.90%
Epoch: 300, Loss: 0.0007, Train: 100.00%, Valid: 68.60%, Test: 66.50%, Best Valid: 74.80%, Best Test: 74.90%
Epoch: 400, Loss: 0.0003, Train: 100.00%, Valid: 71.40%, Test: 67.60%, Best Valid: 74.80%, Best Test: 74.90%
Epoch: 500, Loss: 0.0006, Train: 100.00%, Valid: 70.00%, Test: 69.20%, Best Valid: 74.80%, Best Test: 74.90%
Epoch: 600, Loss: 0.0003, Train: 100.00%, Valid: 66.40%, Test: 65.30%, Best Valid: 74.80%, Best Test: 74.90%
Epoch: 700, Loss: 0.0013, Train: 100.00%, Valid: 66.60%, Test: 67.30%, Best Valid: 74.80%, Best Test: 74.90%
Epoch: 800, Loss: 0.0108, Train: 100.00%, Valid: 65.60%, Test: 63.00%, Best Valid: 74.80%, Best Test: 74.90%
Epoch: 900, Loss: 0.0004, Train: 100.00%, Valid: 67.60%, Test: 68.20%, Best Valid: 74.80%, Best Test: 74.90%
Run 04:
Highest Train: 100.00
Highest Valid: 74.80
Highest Test: 74.90
Chosen epoch: 15
Final Train: 98.33
Final Test: 74.90
Epoch: 00, Loss: 1.1045, Train: 33.33%, Valid: 23.20%, Test: 21.50%, Best Valid: 23.20%, Best Test: 21.50%
Epoch: 100, Loss: 0.0007, Train: 100.00%, Valid: 71.80%, Test: 68.60%, Best Valid: 74.00%, Best Test: 72.60%
Epoch: 200, Loss: 0.0016, Train: 100.00%, Valid: 70.60%, Test: 68.10%, Best Valid: 74.00%, Best Test: 72.60%
Epoch: 300, Loss: 0.0015, Train: 96.67%, Valid: 70.40%, Test: 67.20%, Best Valid: 76.00%, Best Test: 71.30%
Epoch: 400, Loss: 0.0006, Train: 100.00%, Valid: 71.60%, Test: 69.90%, Best Valid: 76.00%, Best Test: 71.30%
Epoch: 500, Loss: 0.0025, Train: 100.00%, Valid: 68.80%, Test: 68.70%, Best Valid: 76.00%, Best Test: 71.30%
Epoch: 600, Loss: 0.0008, Train: 100.00%, Valid: 65.60%, Test: 62.60%, Best Valid: 76.00%, Best Test: 71.30%
Epoch: 700, Loss: 0.0004, Train: 100.00%, Valid: 67.60%, Test: 64.00%, Best Valid: 76.00%, Best Test: 71.30%
Epoch: 800, Loss: 0.0019, Train: 100.00%, Valid: 69.20%, Test: 69.80%, Best Valid: 76.00%, Best Test: 71.30%
Epoch: 900, Loss: 0.0015, Train: 100.00%, Valid: 66.80%, Test: 64.70%, Best Valid: 76.00%, Best Test: 71.30%
Run 05:
Highest Train: 100.00
Highest Valid: 76.00
Highest Test: 75.60
Chosen epoch: 211
Final Train: 100.00
Final Test: 71.30
All runs:
Highest Train: 100.00 ± 0.00
Highest Test: 75.10 ± 1.21
Highest Valid: 75.68 ± 0.77
  Final Train: 99.67 ± 0.75
   Final Test: 73.30 ± 2.07
Saving results to mlp_gt/results_full/pubmed/polynormer.csv

Running with MLP-GT Regularization (lambda=0.01)...
Namespace(aggregate='add', alpha=0.5, attention='gcn', beta=-1.0, bn=False, cpu=False, data_dir='../data/', dataset='pubmed', device=0, dim_inner=128, display_step=100, dropout=0.3, epochs=1000, global_dropout=None, global_layers=2, gnn='gcn', graph_weight=0.8, hidden_channels=128, hops=10, in_dropout=0.0, jk=False, label_num_per_class=20, lambda_val=0.01, layers=1, ln=False, local_gnn_type='GCN', local_layers=2, lr=0.01, metric='acc', mlp_epochs=500, mlp_reg=True, model='polynormer', model_dir='./model/', n_heads=4, num_centroids=4096, num_heads=4, oracle_reg=False, pe_types='RWSE', pre_linear=False, pre_ln=False, rand_split=False, rand_split_class=True, reg_start_epoch=10, reg_update_freq=5, res=False, result_dir='mlp_gt/results_full', runs=5, save_model=False, save_result=False, seed=123, test_num=1000, train_prop=0.5, use_act=False, use_bn=False, use_graph=False, use_reg=True, use_residual=False, use_weight=False, valid_num=500, valid_prop=0.25, weight_decay=0.0005)
pubmed
Num nodes: 19717
train:torch.Size([60]), valid:torch.Size([500]), test:torch.Size([1000])
dataset pubmed | num nodes 19717 | num edge 88648 | num node feats 500 | num classes 3
MODEL: Polynormer(
  (h_lins): ModuleList(
    (0): Linear(in_features=512, out_features=512, bias=True)
    (1): Linear(in_features=512, out_features=512, bias=True)
  )
  (local_convs): ModuleList(
    (0): GATConv(512, 128, heads=4)
    (1): GATConv(512, 128, heads=4)
  )
  (lins): ModuleList(
    (0): Linear(in_features=512, out_features=512, bias=True)
    (1): Linear(in_features=512, out_features=512, bias=True)
  )
  (lns): ModuleList(
    (0): LayerNorm((512,), eps=1e-05, elementwise_affine=True)
    (1): LayerNorm((512,), eps=1e-05, elementwise_affine=True)
  )
  (lin_in): Linear(in_features=500, out_features=512, bias=True)
  (ln): LayerNorm((512,), eps=1e-05, elementwise_affine=True)
  (global_attn): GlobalAttn(
    (h_lins): ModuleList(
      (0): Linear(in_features=512, out_features=512, bias=True)
      (1): Linear(in_features=512, out_features=512, bias=True)
    )
    (k_lins): ModuleList(
      (0): Linear(in_features=512, out_features=512, bias=True)
      (1): Linear(in_features=512, out_features=512, bias=True)
    )
    (v_lins): ModuleList(
      (0): Linear(in_features=512, out_features=512, bias=True)
      (1): Linear(in_features=512, out_features=512, bias=True)
    )
    (lns): ModuleList(
      (0): LayerNorm((512,), eps=1e-05, elementwise_affine=True)
      (1): LayerNorm((512,), eps=1e-05, elementwise_affine=True)
    )
    (lin_out): Linear(in_features=512, out_features=512, bias=True)
  )
  (pred_local): Linear(in_features=512, out_features=3, bias=True)
  (pred_global): Linear(in_features=512, out_features=3, bias=True)
)
Pre-training MLP for 500 epochs to generate co-occurrence matrix...
MLP pre-training complete. Penalty matrix frozen.
Epoch: 00, Loss: 1.1396, Train: 33.33%, Valid: 41.80%, Test: 38.80%, Best Valid: 41.80%, Best Test: 38.80%
Epoch: 100, Loss: 0.0037, Train: 100.00%, Valid: 71.80%, Test: 69.20%, Best Valid: 77.00%, Best Test: 75.80%
Epoch: 200, Loss: 0.0011, Train: 100.00%, Valid: 71.20%, Test: 68.80%, Best Valid: 77.00%, Best Test: 75.80%
Epoch: 300, Loss: 0.0003, Train: 100.00%, Valid: 68.20%, Test: 67.50%, Best Valid: 77.00%, Best Test: 75.80%
Epoch: 400, Loss: 0.0212, Train: 100.00%, Valid: 71.80%, Test: 68.90%, Best Valid: 77.00%, Best Test: 75.80%
Epoch: 500, Loss: 0.0012, Train: 100.00%, Valid: 67.40%, Test: 68.60%, Best Valid: 77.00%, Best Test: 75.80%
Epoch: 600, Loss: 0.0004, Train: 100.00%, Valid: 69.80%, Test: 66.60%, Best Valid: 77.00%, Best Test: 75.80%
Epoch: 700, Loss: 0.0003, Train: 100.00%, Valid: 72.20%, Test: 69.20%, Best Valid: 77.00%, Best Test: 75.80%
Epoch: 800, Loss: 0.0016, Train: 100.00%, Valid: 70.80%, Test: 68.10%, Best Valid: 77.00%, Best Test: 75.80%
Epoch: 900, Loss: 0.0004, Train: 100.00%, Valid: 70.80%, Test: 68.50%, Best Valid: 77.00%, Best Test: 75.80%
Run 01:
Highest Train: 100.00
Highest Valid: 77.00
Highest Test: 76.50
Chosen epoch: 20
Final Train: 100.00
Final Test: 75.80
Pre-training MLP for 500 epochs to generate co-occurrence matrix...
MLP pre-training complete. Penalty matrix frozen.
Epoch: 00, Loss: 1.0933, Train: 33.33%, Valid: 35.00%, Test: 39.70%, Best Valid: 35.00%, Best Test: 39.70%
Epoch: 100, Loss: 0.0009, Train: 100.00%, Valid: 72.80%, Test: 73.00%, Best Valid: 74.80%, Best Test: 72.70%
Epoch: 200, Loss: 0.0024, Train: 100.00%, Valid: 73.40%, Test: 72.50%, Best Valid: 75.80%, Best Test: 77.30%
Epoch: 300, Loss: 0.0005, Train: 100.00%, Valid: 71.60%, Test: 72.00%, Best Valid: 75.80%, Best Test: 77.30%
Epoch: 400, Loss: 0.1775, Train: 95.00%, Valid: 72.60%, Test: 73.10%, Best Valid: 75.80%, Best Test: 77.30%
Epoch: 500, Loss: 0.0032, Train: 100.00%, Valid: 72.40%, Test: 71.50%, Best Valid: 76.80%, Best Test: 74.50%
Epoch: 600, Loss: 0.0027, Train: 100.00%, Valid: 72.20%, Test: 68.60%, Best Valid: 76.80%, Best Test: 74.50%
Epoch: 700, Loss: 0.0006, Train: 100.00%, Valid: 63.60%, Test: 65.20%, Best Valid: 76.80%, Best Test: 74.50%
Epoch: 800, Loss: 0.0026, Train: 100.00%, Valid: 67.80%, Test: 66.10%, Best Valid: 76.80%, Best Test: 74.50%
Epoch: 900, Loss: 0.0017, Train: 100.00%, Valid: 71.80%, Test: 70.70%, Best Valid: 76.80%, Best Test: 74.50%
Run 02:
Highest Train: 100.00
Highest Valid: 76.80
Highest Test: 77.30
Chosen epoch: 461
Final Train: 100.00
Final Test: 74.50
Pre-training MLP for 500 epochs to generate co-occurrence matrix...
MLP pre-training complete. Penalty matrix frozen.
Epoch: 00, Loss: 1.1670, Train: 33.33%, Valid: 41.80%, Test: 38.80%, Best Valid: 41.80%, Best Test: 38.80%
Epoch: 100, Loss: 0.0944, Train: 98.33%, Valid: 74.40%, Test: 69.60%, Best Valid: 77.80%, Best Test: 76.80%
Epoch: 200, Loss: 0.0002, Train: 100.00%, Valid: 70.60%, Test: 68.40%, Best Valid: 77.80%, Best Test: 76.80%
Epoch: 300, Loss: 0.0004, Train: 100.00%, Valid: 71.40%, Test: 66.80%, Best Valid: 77.80%, Best Test: 76.80%
Epoch: 400, Loss: 0.0005, Train: 100.00%, Valid: 71.60%, Test: 68.70%, Best Valid: 77.80%, Best Test: 76.80%
Epoch: 500, Loss: 0.0017, Train: 100.00%, Valid: 71.20%, Test: 67.20%, Best Valid: 77.80%, Best Test: 76.80%
Epoch: 600, Loss: 0.0003, Train: 100.00%, Valid: 71.20%, Test: 67.50%, Best Valid: 77.80%, Best Test: 76.80%
Epoch: 700, Loss: 0.0019, Train: 100.00%, Valid: 71.20%, Test: 70.60%, Best Valid: 77.80%, Best Test: 76.80%
Epoch: 800, Loss: 0.0009, Train: 100.00%, Valid: 71.40%, Test: 66.70%, Best Valid: 77.80%, Best Test: 76.80%
Epoch: 900, Loss: 0.0080, Train: 100.00%, Valid: 70.60%, Test: 67.20%, Best Valid: 77.80%, Best Test: 76.80%
Run 03:
Highest Train: 100.00
Highest Valid: 77.80
Highest Test: 76.80
Chosen epoch: 21
Final Train: 100.00
Final Test: 76.80
Pre-training MLP for 500 epochs to generate co-occurrence matrix...
MLP pre-training complete. Penalty matrix frozen.
Epoch: 00, Loss: 1.1709, Train: 61.67%, Valid: 40.40%, Test: 39.00%, Best Valid: 40.40%, Best Test: 39.00%
Epoch: 100, Loss: 0.0005, Train: 100.00%, Valid: 71.00%, Test: 72.60%, Best Valid: 75.80%, Best Test: 75.90%
Epoch: 200, Loss: 0.0012, Train: 100.00%, Valid: 70.80%, Test: 70.00%, Best Valid: 75.80%, Best Test: 75.90%
Epoch: 300, Loss: 0.0038, Train: 100.00%, Valid: 72.40%, Test: 71.40%, Best Valid: 75.80%, Best Test: 75.90%
Epoch: 400, Loss: 0.0004, Train: 100.00%, Valid: 70.60%, Test: 67.90%, Best Valid: 75.80%, Best Test: 75.90%
Epoch: 500, Loss: 0.0022, Train: 100.00%, Valid: 61.80%, Test: 60.60%, Best Valid: 75.80%, Best Test: 75.90%
Epoch: 600, Loss: 0.0009, Train: 100.00%, Valid: 64.40%, Test: 65.40%, Best Valid: 75.80%, Best Test: 75.90%
Epoch: 700, Loss: 0.0048, Train: 100.00%, Valid: 67.20%, Test: 65.60%, Best Valid: 75.80%, Best Test: 75.90%
Epoch: 800, Loss: 0.0001, Train: 100.00%, Valid: 68.80%, Test: 68.60%, Best Valid: 75.80%, Best Test: 75.90%
Epoch: 900, Loss: 0.0009, Train: 100.00%, Valid: 68.20%, Test: 67.60%, Best Valid: 75.80%, Best Test: 75.90%
Run 04:
Highest Train: 100.00
Highest Valid: 75.80
Highest Test: 75.90
Chosen epoch: 11
Final Train: 98.33
Final Test: 75.90
Pre-training MLP for 500 epochs to generate co-occurrence matrix...
MLP pre-training complete. Penalty matrix frozen.
Epoch: 00, Loss: 1.1158, Train: 33.33%, Valid: 35.00%, Test: 39.70%, Best Valid: 35.00%, Best Test: 39.70%
Epoch: 100, Loss: 0.0012, Train: 100.00%, Valid: 73.20%, Test: 69.80%, Best Valid: 78.20%, Best Test: 75.70%
Epoch: 200, Loss: 0.0013, Train: 100.00%, Valid: 72.40%, Test: 70.10%, Best Valid: 78.20%, Best Test: 75.70%
Epoch: 300, Loss: 0.2004, Train: 100.00%, Valid: 68.40%, Test: 68.40%, Best Valid: 78.20%, Best Test: 75.70%
Epoch: 400, Loss: 0.0004, Train: 100.00%, Valid: 66.60%, Test: 67.40%, Best Valid: 78.20%, Best Test: 75.70%
Epoch: 500, Loss: 0.0017, Train: 100.00%, Valid: 72.80%, Test: 72.20%, Best Valid: 78.20%, Best Test: 75.70%
Epoch: 600, Loss: 0.0013, Train: 100.00%, Valid: 69.60%, Test: 69.20%, Best Valid: 78.20%, Best Test: 75.70%
Epoch: 700, Loss: 0.0011, Train: 100.00%, Valid: 70.40%, Test: 66.80%, Best Valid: 78.20%, Best Test: 75.70%
Epoch: 800, Loss: 0.0002, Train: 100.00%, Valid: 71.00%, Test: 70.20%, Best Valid: 78.20%, Best Test: 75.70%
Epoch: 900, Loss: 0.0022, Train: 100.00%, Valid: 67.80%, Test: 65.80%, Best Valid: 78.20%, Best Test: 75.70%
Run 05:
Highest Train: 100.00
Highest Valid: 78.20
Highest Test: 76.10
Chosen epoch: 18
Final Train: 100.00
Final Test: 75.70
All runs:
Highest Train: 100.00 ± 0.00
Highest Test: 76.52 ± 0.56
Highest Valid: 77.12 ± 0.93
  Final Train: 99.67 ± 0.75
   Final Test: 75.74 ± 0.82
Saving results to mlp_gt/results_full/pubmed/polynormer.csv

Running with MLP-GT Regularization (lambda=0.1)...
Namespace(aggregate='add', alpha=0.5, attention='gcn', beta=-1.0, bn=False, cpu=False, data_dir='../data/', dataset='pubmed', device=0, dim_inner=128, display_step=100, dropout=0.3, epochs=1000, global_dropout=None, global_layers=2, gnn='gcn', graph_weight=0.8, hidden_channels=128, hops=10, in_dropout=0.0, jk=False, label_num_per_class=20, lambda_val=0.1, layers=1, ln=False, local_gnn_type='GCN', local_layers=2, lr=0.01, metric='acc', mlp_epochs=500, mlp_reg=True, model='polynormer', model_dir='./model/', n_heads=4, num_centroids=4096, num_heads=4, oracle_reg=False, pe_types='RWSE', pre_linear=False, pre_ln=False, rand_split=False, rand_split_class=True, reg_start_epoch=10, reg_update_freq=5, res=False, result_dir='mlp_gt/results_full', runs=5, save_model=False, save_result=False, seed=123, test_num=1000, train_prop=0.5, use_act=False, use_bn=False, use_graph=False, use_reg=True, use_residual=False, use_weight=False, valid_num=500, valid_prop=0.25, weight_decay=0.0005)
pubmed
Num nodes: 19717
train:torch.Size([60]), valid:torch.Size([500]), test:torch.Size([1000])
dataset pubmed | num nodes 19717 | num edge 88648 | num node feats 500 | num classes 3
MODEL: Polynormer(
  (h_lins): ModuleList(
    (0): Linear(in_features=512, out_features=512, bias=True)
    (1): Linear(in_features=512, out_features=512, bias=True)
  )
  (local_convs): ModuleList(
    (0): GATConv(512, 128, heads=4)
    (1): GATConv(512, 128, heads=4)
  )
  (lins): ModuleList(
    (0): Linear(in_features=512, out_features=512, bias=True)
    (1): Linear(in_features=512, out_features=512, bias=True)
  )
  (lns): ModuleList(
    (0): LayerNorm((512,), eps=1e-05, elementwise_affine=True)
    (1): LayerNorm((512,), eps=1e-05, elementwise_affine=True)
  )
  (lin_in): Linear(in_features=500, out_features=512, bias=True)
  (ln): LayerNorm((512,), eps=1e-05, elementwise_affine=True)
  (global_attn): GlobalAttn(
    (h_lins): ModuleList(
      (0): Linear(in_features=512, out_features=512, bias=True)
      (1): Linear(in_features=512, out_features=512, bias=True)
    )
    (k_lins): ModuleList(
      (0): Linear(in_features=512, out_features=512, bias=True)
      (1): Linear(in_features=512, out_features=512, bias=True)
    )
    (v_lins): ModuleList(
      (0): Linear(in_features=512, out_features=512, bias=True)
      (1): Linear(in_features=512, out_features=512, bias=True)
    )
    (lns): ModuleList(
      (0): LayerNorm((512,), eps=1e-05, elementwise_affine=True)
      (1): LayerNorm((512,), eps=1e-05, elementwise_affine=True)
    )
    (lin_out): Linear(in_features=512, out_features=512, bias=True)
  )
  (pred_local): Linear(in_features=512, out_features=3, bias=True)
  (pred_global): Linear(in_features=512, out_features=3, bias=True)
)
Pre-training MLP for 500 epochs to generate co-occurrence matrix...
MLP pre-training complete. Penalty matrix frozen.
Epoch: 00, Loss: 1.2411, Train: 33.33%, Valid: 41.80%, Test: 38.80%, Best Valid: 41.80%, Best Test: 38.80%
Epoch: 100, Loss: 0.0009, Train: 100.00%, Valid: 70.00%, Test: 67.40%, Best Valid: 76.60%, Best Test: 77.40%
Epoch: 200, Loss: 0.0008, Train: 100.00%, Valid: 75.20%, Test: 72.20%, Best Valid: 76.60%, Best Test: 77.40%
Epoch: 300, Loss: 0.0009, Train: 100.00%, Valid: 73.40%, Test: 71.50%, Best Valid: 76.60%, Best Test: 77.40%
Epoch: 400, Loss: 0.0007, Train: 100.00%, Valid: 70.00%, Test: 67.30%, Best Valid: 76.60%, Best Test: 77.40%
Epoch: 500, Loss: 0.0056, Train: 100.00%, Valid: 68.20%, Test: 66.40%, Best Valid: 76.60%, Best Test: 77.40%
Epoch: 600, Loss: 0.0001, Train: 100.00%, Valid: 72.20%, Test: 68.10%, Best Valid: 76.60%, Best Test: 77.40%
Epoch: 700, Loss: 0.0944, Train: 100.00%, Valid: 60.40%, Test: 58.60%, Best Valid: 76.60%, Best Test: 77.40%
Epoch: 800, Loss: 0.0001, Train: 100.00%, Valid: 65.40%, Test: 65.10%, Best Valid: 76.60%, Best Test: 77.40%
Epoch: 900, Loss: 0.0022, Train: 100.00%, Valid: 70.40%, Test: 66.60%, Best Valid: 76.60%, Best Test: 77.40%
Run 01:
Highest Train: 100.00
Highest Valid: 76.60
Highest Test: 77.40
Chosen epoch: 12
Final Train: 100.00
Final Test: 77.40
Pre-training MLP for 500 epochs to generate co-occurrence matrix...
MLP pre-training complete. Penalty matrix frozen.
Epoch: 00, Loss: 1.1908, Train: 33.33%, Valid: 35.00%, Test: 39.70%, Best Valid: 35.00%, Best Test: 39.70%
Epoch: 100, Loss: 0.0028, Train: 100.00%, Valid: 73.60%, Test: 74.10%, Best Valid: 75.60%, Best Test: 74.50%
Epoch: 200, Loss: 0.0008, Train: 100.00%, Valid: 68.00%, Test: 67.00%, Best Valid: 75.60%, Best Test: 74.50%
Epoch: 300, Loss: 0.0012, Train: 100.00%, Valid: 69.20%, Test: 68.40%, Best Valid: 75.60%, Best Test: 74.50%
Epoch: 400, Loss: 0.0050, Train: 100.00%, Valid: 65.20%, Test: 65.30%, Best Valid: 75.60%, Best Test: 74.50%
Epoch: 500, Loss: 0.0016, Train: 100.00%, Valid: 62.80%, Test: 59.10%, Best Valid: 75.60%, Best Test: 74.50%
Epoch: 600, Loss: 0.0028, Train: 100.00%, Valid: 70.80%, Test: 70.40%, Best Valid: 75.60%, Best Test: 74.50%
Epoch: 700, Loss: 0.0155, Train: 100.00%, Valid: 66.40%, Test: 66.20%, Best Valid: 75.60%, Best Test: 74.50%
Epoch: 800, Loss: 0.0008, Train: 100.00%, Valid: 67.60%, Test: 65.70%, Best Valid: 75.60%, Best Test: 74.50%
Epoch: 900, Loss: 0.0095, Train: 100.00%, Valid: 68.00%, Test: 66.30%, Best Valid: 75.60%, Best Test: 74.50%
Run 02:
Highest Train: 100.00
Highest Valid: 75.60
Highest Test: 76.70
Chosen epoch: 23
Final Train: 100.00
Final Test: 74.50
Pre-training MLP for 500 epochs to generate co-occurrence matrix...
MLP pre-training complete. Penalty matrix frozen.
Epoch: 00, Loss: 1.2710, Train: 33.33%, Valid: 41.80%, Test: 38.80%, Best Valid: 41.80%, Best Test: 38.80%
Epoch: 100, Loss: 0.0013, Train: 100.00%, Valid: 74.00%, Test: 72.10%, Best Valid: 75.80%, Best Test: 74.70%
Epoch: 200, Loss: 0.0018, Train: 100.00%, Valid: 72.00%, Test: 71.90%, Best Valid: 75.80%, Best Test: 74.70%
Epoch: 300, Loss: 0.0004, Train: 100.00%, Valid: 65.20%, Test: 61.40%, Best Valid: 75.80%, Best Test: 74.70%
Epoch: 400, Loss: 0.0701, Train: 100.00%, Valid: 70.00%, Test: 68.40%, Best Valid: 75.80%, Best Test: 74.70%
Epoch: 500, Loss: 0.0140, Train: 100.00%, Valid: 67.80%, Test: 65.60%, Best Valid: 75.80%, Best Test: 74.70%
Epoch: 600, Loss: 0.0003, Train: 100.00%, Valid: 67.40%, Test: 63.60%, Best Valid: 75.80%, Best Test: 74.70%
Epoch: 700, Loss: 0.0015, Train: 100.00%, Valid: 71.60%, Test: 68.80%, Best Valid: 75.80%, Best Test: 74.70%
Epoch: 800, Loss: 0.0903, Train: 98.33%, Valid: 66.00%, Test: 64.50%, Best Valid: 75.80%, Best Test: 74.70%
Epoch: 900, Loss: 0.0032, Train: 100.00%, Valid: 68.20%, Test: 63.50%, Best Valid: 75.80%, Best Test: 74.70%
Run 03:
Highest Train: 100.00
Highest Valid: 75.80
Highest Test: 76.20
Chosen epoch: 17
Final Train: 100.00
Final Test: 74.70
Pre-training MLP for 500 epochs to generate co-occurrence matrix...
MLP pre-training complete. Penalty matrix frozen.
Epoch: 00, Loss: 1.2753, Train: 51.67%, Valid: 47.00%, Test: 43.30%, Best Valid: 47.00%, Best Test: 43.30%
Epoch: 100, Loss: 0.0007, Train: 100.00%, Valid: 73.40%, Test: 71.40%, Best Valid: 74.40%, Best Test: 73.40%
Epoch: 200, Loss: 0.0009, Train: 100.00%, Valid: 69.80%, Test: 71.60%, Best Valid: 74.60%, Best Test: 71.80%
Epoch: 300, Loss: 0.0006, Train: 100.00%, Valid: 72.20%, Test: 70.30%, Best Valid: 74.60%, Best Test: 71.80%
Epoch: 400, Loss: 0.0010, Train: 100.00%, Valid: 70.80%, Test: 71.10%, Best Valid: 74.60%, Best Test: 71.80%
Epoch: 500, Loss: 0.0018, Train: 100.00%, Valid: 69.40%, Test: 70.00%, Best Valid: 74.60%, Best Test: 71.80%
Epoch: 600, Loss: 0.0007, Train: 100.00%, Valid: 71.40%, Test: 70.50%, Best Valid: 74.60%, Best Test: 71.80%
Epoch: 700, Loss: 0.0004, Train: 100.00%, Valid: 74.80%, Test: 69.80%, Best Valid: 75.60%, Best Test: 70.50%
Epoch: 800, Loss: 0.0050, Train: 100.00%, Valid: 69.20%, Test: 68.70%, Best Valid: 76.40%, Best Test: 71.10%
Epoch: 900, Loss: 0.0016, Train: 100.00%, Valid: 68.60%, Test: 67.80%, Best Valid: 76.40%, Best Test: 71.10%
Run 04:
Highest Train: 100.00
Highest Valid: 76.40
Highest Test: 74.60
Chosen epoch: 757
Final Train: 100.00
Final Test: 71.10
Pre-training MLP for 500 epochs to generate co-occurrence matrix...
MLP pre-training complete. Penalty matrix frozen.
Epoch: 00, Loss: 1.2152, Train: 33.33%, Valid: 35.00%, Test: 39.70%, Best Valid: 35.00%, Best Test: 39.70%
Epoch: 100, Loss: 0.0007, Train: 100.00%, Valid: 73.80%, Test: 73.80%, Best Valid: 77.00%, Best Test: 75.40%
Epoch: 200, Loss: 0.0179, Train: 100.00%, Valid: 70.00%, Test: 66.60%, Best Valid: 77.00%, Best Test: 75.40%
Epoch: 300, Loss: 0.0012, Train: 100.00%, Valid: 71.20%, Test: 68.40%, Best Valid: 77.00%, Best Test: 75.40%
Epoch: 400, Loss: 0.0012, Train: 100.00%, Valid: 70.00%, Test: 68.00%, Best Valid: 77.00%, Best Test: 75.40%
Epoch: 500, Loss: 0.0016, Train: 98.33%, Valid: 62.40%, Test: 63.80%, Best Valid: 77.00%, Best Test: 75.40%
Epoch: 600, Loss: 0.0002, Train: 100.00%, Valid: 70.60%, Test: 66.20%, Best Valid: 77.00%, Best Test: 75.40%
Epoch: 700, Loss: 0.0807, Train: 98.33%, Valid: 65.40%, Test: 67.20%, Best Valid: 77.00%, Best Test: 75.40%
Epoch: 800, Loss: 0.0002, Train: 100.00%, Valid: 68.40%, Test: 66.20%, Best Valid: 77.00%, Best Test: 75.40%
Epoch: 900, Loss: 0.0012, Train: 100.00%, Valid: 71.20%, Test: 67.90%, Best Valid: 77.00%, Best Test: 75.40%
Run 05:
Highest Train: 100.00
Highest Valid: 77.00
Highest Test: 76.40
Chosen epoch: 57
Final Train: 100.00
Final Test: 75.40
All runs:
Highest Train: 100.00 ± 0.00
Highest Test: 76.26 ± 1.03
Highest Valid: 76.28 ± 0.58
  Final Train: 100.00 ± 0.00
   Final Test: 74.62 ± 2.28
Saving results to mlp_gt/results_full/pubmed/polynormer.csv

Running with MLP-GT Regularization (lambda=0.2)...
Namespace(aggregate='add', alpha=0.5, attention='gcn', beta=-1.0, bn=False, cpu=False, data_dir='../data/', dataset='pubmed', device=0, dim_inner=128, display_step=100, dropout=0.3, epochs=1000, global_dropout=None, global_layers=2, gnn='gcn', graph_weight=0.8, hidden_channels=128, hops=10, in_dropout=0.0, jk=False, label_num_per_class=20, lambda_val=0.2, layers=1, ln=False, local_gnn_type='GCN', local_layers=2, lr=0.01, metric='acc', mlp_epochs=500, mlp_reg=True, model='polynormer', model_dir='./model/', n_heads=4, num_centroids=4096, num_heads=4, oracle_reg=False, pe_types='RWSE', pre_linear=False, pre_ln=False, rand_split=False, rand_split_class=True, reg_start_epoch=10, reg_update_freq=5, res=False, result_dir='mlp_gt/results_full', runs=5, save_model=False, save_result=False, seed=123, test_num=1000, train_prop=0.5, use_act=False, use_bn=False, use_graph=False, use_reg=True, use_residual=False, use_weight=False, valid_num=500, valid_prop=0.25, weight_decay=0.0005)
pubmed
Num nodes: 19717
train:torch.Size([60]), valid:torch.Size([500]), test:torch.Size([1000])
dataset pubmed | num nodes 19717 | num edge 88648 | num node feats 500 | num classes 3
MODEL: Polynormer(
  (h_lins): ModuleList(
    (0): Linear(in_features=512, out_features=512, bias=True)
    (1): Linear(in_features=512, out_features=512, bias=True)
  )
  (local_convs): ModuleList(
    (0): GATConv(512, 128, heads=4)
    (1): GATConv(512, 128, heads=4)
  )
  (lins): ModuleList(
    (0): Linear(in_features=512, out_features=512, bias=True)
    (1): Linear(in_features=512, out_features=512, bias=True)
  )
  (lns): ModuleList(
    (0): LayerNorm((512,), eps=1e-05, elementwise_affine=True)
    (1): LayerNorm((512,), eps=1e-05, elementwise_affine=True)
  )
  (lin_in): Linear(in_features=500, out_features=512, bias=True)
  (ln): LayerNorm((512,), eps=1e-05, elementwise_affine=True)
  (global_attn): GlobalAttn(
    (h_lins): ModuleList(
      (0): Linear(in_features=512, out_features=512, bias=True)
      (1): Linear(in_features=512, out_features=512, bias=True)
    )
    (k_lins): ModuleList(
      (0): Linear(in_features=512, out_features=512, bias=True)
      (1): Linear(in_features=512, out_features=512, bias=True)
    )
    (v_lins): ModuleList(
      (0): Linear(in_features=512, out_features=512, bias=True)
      (1): Linear(in_features=512, out_features=512, bias=True)
    )
    (lns): ModuleList(
      (0): LayerNorm((512,), eps=1e-05, elementwise_affine=True)
      (1): LayerNorm((512,), eps=1e-05, elementwise_affine=True)
    )
    (lin_out): Linear(in_features=512, out_features=512, bias=True)
  )
  (pred_local): Linear(in_features=512, out_features=3, bias=True)
  (pred_global): Linear(in_features=512, out_features=3, bias=True)
)
Pre-training MLP for 500 epochs to generate co-occurrence matrix...
MLP pre-training complete. Penalty matrix frozen.
Epoch: 00, Loss: 1.3540, Train: 33.33%, Valid: 41.80%, Test: 38.80%, Best Valid: 41.80%, Best Test: 38.80%
Epoch: 100, Loss: 0.0010, Train: 100.00%, Valid: 66.20%, Test: 62.50%, Best Valid: 76.00%, Best Test: 73.20%
Epoch: 200, Loss: 0.0010, Train: 100.00%, Valid: 71.40%, Test: 69.60%, Best Valid: 76.00%, Best Test: 73.20%
Epoch: 300, Loss: 0.0005, Train: 100.00%, Valid: 71.80%, Test: 69.80%, Best Valid: 76.00%, Best Test: 73.20%
Epoch: 400, Loss: 0.0007, Train: 100.00%, Valid: 73.80%, Test: 70.60%, Best Valid: 76.00%, Best Test: 73.20%
Epoch: 500, Loss: 0.0006, Train: 100.00%, Valid: 74.00%, Test: 70.80%, Best Valid: 76.00%, Best Test: 73.20%
Epoch: 600, Loss: 0.0008, Train: 100.00%, Valid: 65.80%, Test: 65.80%, Best Valid: 76.00%, Best Test: 73.20%
Epoch: 700, Loss: 0.0009, Train: 100.00%, Valid: 66.40%, Test: 66.20%, Best Valid: 76.00%, Best Test: 73.20%
Epoch: 800, Loss: 0.0004, Train: 100.00%, Valid: 70.80%, Test: 68.20%, Best Valid: 76.00%, Best Test: 73.20%
Epoch: 900, Loss: 0.0070, Train: 100.00%, Valid: 66.40%, Test: 65.30%, Best Valid: 76.00%, Best Test: 73.20%
Run 01:
Highest Train: 100.00
Highest Valid: 76.00
Highest Test: 74.90
Chosen epoch: 15
Final Train: 100.00
Final Test: 73.20
Pre-training MLP for 500 epochs to generate co-occurrence matrix...
MLP pre-training complete. Penalty matrix frozen.
Epoch: 00, Loss: 1.2990, Train: 33.33%, Valid: 35.00%, Test: 39.70%, Best Valid: 35.00%, Best Test: 39.70%
Epoch: 100, Loss: 0.0043, Train: 100.00%, Valid: 73.80%, Test: 73.60%, Best Valid: 74.80%, Best Test: 75.40%
Epoch: 200, Loss: 0.8213, Train: 93.33%, Valid: 59.20%, Test: 59.50%, Best Valid: 74.80%, Best Test: 75.40%
Epoch: 300, Loss: 0.0007, Train: 100.00%, Valid: 70.00%, Test: 69.30%, Best Valid: 74.80%, Best Test: 75.40%
Epoch: 400, Loss: 0.0012, Train: 100.00%, Valid: 67.60%, Test: 67.20%, Best Valid: 74.80%, Best Test: 75.40%
Epoch: 500, Loss: 0.0032, Train: 100.00%, Valid: 68.80%, Test: 66.00%, Best Valid: 74.80%, Best Test: 75.40%
Epoch: 600, Loss: 0.0011, Train: 100.00%, Valid: 70.00%, Test: 66.20%, Best Valid: 74.80%, Best Test: 75.40%
Epoch: 700, Loss: 0.0150, Train: 100.00%, Valid: 69.60%, Test: 67.60%, Best Valid: 74.80%, Best Test: 75.40%
Epoch: 800, Loss: 0.0009, Train: 100.00%, Valid: 68.00%, Test: 69.30%, Best Valid: 74.80%, Best Test: 75.40%
Epoch: 900, Loss: 0.0006, Train: 100.00%, Valid: 72.60%, Test: 72.60%, Best Valid: 74.80%, Best Test: 75.40%
Run 02:
Highest Train: 100.00
Highest Valid: 74.80
Highest Test: 76.30
Chosen epoch: 22
Final Train: 100.00
Final Test: 75.40
Pre-training MLP for 500 epochs to generate co-occurrence matrix...
MLP pre-training complete. Penalty matrix frozen.
Epoch: 00, Loss: 1.3865, Train: 33.33%, Valid: 41.80%, Test: 38.80%, Best Valid: 41.80%, Best Test: 38.80%
Epoch: 100, Loss: 0.0006, Train: 100.00%, Valid: 67.20%, Test: 66.90%, Best Valid: 78.60%, Best Test: 77.30%
Epoch: 200, Loss: 0.0026, Train: 100.00%, Valid: 65.40%, Test: 65.30%, Best Valid: 78.60%, Best Test: 77.30%
Epoch: 300, Loss: 0.0179, Train: 100.00%, Valid: 72.00%, Test: 70.70%, Best Valid: 78.60%, Best Test: 77.30%
Epoch: 400, Loss: 0.0005, Train: 100.00%, Valid: 69.40%, Test: 67.40%, Best Valid: 78.60%, Best Test: 77.30%
Epoch: 500, Loss: 0.2074, Train: 63.33%, Valid: 50.20%, Test: 48.30%, Best Valid: 78.60%, Best Test: 77.30%
Epoch: 600, Loss: 0.0015, Train: 100.00%, Valid: 68.20%, Test: 68.10%, Best Valid: 78.60%, Best Test: 77.30%
Epoch: 700, Loss: 0.1045, Train: 100.00%, Valid: 68.80%, Test: 69.80%, Best Valid: 78.60%, Best Test: 77.30%
Epoch: 800, Loss: 0.0020, Train: 100.00%, Valid: 70.20%, Test: 68.10%, Best Valid: 78.60%, Best Test: 77.30%
Epoch: 900, Loss: 0.0007, Train: 100.00%, Valid: 66.20%, Test: 66.80%, Best Valid: 78.60%, Best Test: 77.30%
Run 03:
Highest Train: 100.00
Highest Valid: 78.60
Highest Test: 77.30
Chosen epoch: 16
Final Train: 100.00
Final Test: 77.30
Pre-training MLP for 500 epochs to generate co-occurrence matrix...
MLP pre-training complete. Penalty matrix frozen.
Epoch: 00, Loss: 1.3912, Train: 36.67%, Valid: 41.80%, Test: 38.90%, Best Valid: 41.80%, Best Test: 38.90%
Epoch: 100, Loss: 0.0003, Train: 100.00%, Valid: 72.80%, Test: 73.80%, Best Valid: 76.00%, Best Test: 74.90%
Epoch: 200, Loss: 0.0005, Train: 100.00%, Valid: 72.40%, Test: 71.40%, Best Valid: 76.00%, Best Test: 74.90%
Epoch: 300, Loss: 0.0008, Train: 100.00%, Valid: 67.00%, Test: 63.40%, Best Valid: 76.00%, Best Test: 74.90%
Epoch: 400, Loss: 0.0012, Train: 100.00%, Valid: 64.80%, Test: 64.90%, Best Valid: 76.00%, Best Test: 74.90%
Epoch: 500, Loss: 0.0926, Train: 100.00%, Valid: 60.00%, Test: 57.20%, Best Valid: 76.00%, Best Test: 74.90%
Epoch: 600, Loss: 0.0007, Train: 100.00%, Valid: 66.60%, Test: 63.70%, Best Valid: 76.00%, Best Test: 74.90%
Epoch: 700, Loss: 0.0321, Train: 100.00%, Valid: 69.80%, Test: 64.00%, Best Valid: 76.00%, Best Test: 74.90%
Epoch: 800, Loss: 0.1068, Train: 100.00%, Valid: 65.80%, Test: 65.50%, Best Valid: 76.00%, Best Test: 74.90%
Epoch: 900, Loss: 0.0021, Train: 100.00%, Valid: 66.20%, Test: 64.50%, Best Valid: 76.00%, Best Test: 74.90%
Run 04:
Highest Train: 100.00
Highest Valid: 76.00
Highest Test: 75.80
Chosen epoch: 20
Final Train: 100.00
Final Test: 74.90
Pre-training MLP for 500 epochs to generate co-occurrence matrix...
MLP pre-training complete. Penalty matrix frozen.
Epoch: 00, Loss: 1.3257, Train: 41.67%, Valid: 39.60%, Test: 44.00%, Best Valid: 39.60%, Best Test: 44.00%
Epoch: 100, Loss: 0.0007, Train: 100.00%, Valid: 73.60%, Test: 72.60%, Best Valid: 77.20%, Best Test: 74.90%
Epoch: 200, Loss: 0.0009, Train: 100.00%, Valid: 75.00%, Test: 73.80%, Best Valid: 77.20%, Best Test: 74.90%
Epoch: 300, Loss: 0.0314, Train: 100.00%, Valid: 69.60%, Test: 70.00%, Best Valid: 77.20%, Best Test: 74.90%
Epoch: 400, Loss: 0.0007, Train: 100.00%, Valid: 71.40%, Test: 70.20%, Best Valid: 77.20%, Best Test: 74.90%
Epoch: 500, Loss: 0.0286, Train: 100.00%, Valid: 64.40%, Test: 63.50%, Best Valid: 77.20%, Best Test: 74.90%
Epoch: 600, Loss: 0.0007, Train: 100.00%, Valid: 64.60%, Test: 65.40%, Best Valid: 77.20%, Best Test: 74.90%
Epoch: 700, Loss: 0.0359, Train: 100.00%, Valid: 68.60%, Test: 68.80%, Best Valid: 77.20%, Best Test: 74.90%
Epoch: 800, Loss: 0.0003, Train: 100.00%, Valid: 67.60%, Test: 68.10%, Best Valid: 77.20%, Best Test: 74.90%
Epoch: 900, Loss: 0.0004, Train: 100.00%, Valid: 70.60%, Test: 69.00%, Best Valid: 77.20%, Best Test: 74.90%
Run 05:
Highest Train: 100.00
Highest Valid: 77.20
Highest Test: 75.20
Chosen epoch: 84
Final Train: 100.00
Final Test: 74.90
All runs:
Highest Train: 100.00 ± 0.00
Highest Test: 75.90 ± 0.95
Highest Valid: 76.52 ± 1.44
  Final Train: 100.00 ± 0.00
   Final Test: 75.14 ± 1.47
Saving results to mlp_gt/results_full/pubmed/polynormer.csv

Running with MLP-GT Regularization (lambda=0.4)...
Namespace(aggregate='add', alpha=0.5, attention='gcn', beta=-1.0, bn=False, cpu=False, data_dir='../data/', dataset='pubmed', device=0, dim_inner=128, display_step=100, dropout=0.3, epochs=1000, global_dropout=None, global_layers=2, gnn='gcn', graph_weight=0.8, hidden_channels=128, hops=10, in_dropout=0.0, jk=False, label_num_per_class=20, lambda_val=0.4, layers=1, ln=False, local_gnn_type='GCN', local_layers=2, lr=0.01, metric='acc', mlp_epochs=500, mlp_reg=True, model='polynormer', model_dir='./model/', n_heads=4, num_centroids=4096, num_heads=4, oracle_reg=False, pe_types='RWSE', pre_linear=False, pre_ln=False, rand_split=False, rand_split_class=True, reg_start_epoch=10, reg_update_freq=5, res=False, result_dir='mlp_gt/results_full', runs=5, save_model=False, save_result=False, seed=123, test_num=1000, train_prop=0.5, use_act=False, use_bn=False, use_graph=False, use_reg=True, use_residual=False, use_weight=False, valid_num=500, valid_prop=0.25, weight_decay=0.0005)
pubmed
Num nodes: 19717
train:torch.Size([60]), valid:torch.Size([500]), test:torch.Size([1000])
dataset pubmed | num nodes 19717 | num edge 88648 | num node feats 500 | num classes 3
MODEL: Polynormer(
  (h_lins): ModuleList(
    (0): Linear(in_features=512, out_features=512, bias=True)
    (1): Linear(in_features=512, out_features=512, bias=True)
  )
  (local_convs): ModuleList(
    (0): GATConv(512, 128, heads=4)
    (1): GATConv(512, 128, heads=4)
  )
  (lins): ModuleList(
    (0): Linear(in_features=512, out_features=512, bias=True)
    (1): Linear(in_features=512, out_features=512, bias=True)
  )
  (lns): ModuleList(
    (0): LayerNorm((512,), eps=1e-05, elementwise_affine=True)
    (1): LayerNorm((512,), eps=1e-05, elementwise_affine=True)
  )
  (lin_in): Linear(in_features=500, out_features=512, bias=True)
  (ln): LayerNorm((512,), eps=1e-05, elementwise_affine=True)
  (global_attn): GlobalAttn(
    (h_lins): ModuleList(
      (0): Linear(in_features=512, out_features=512, bias=True)
      (1): Linear(in_features=512, out_features=512, bias=True)
    )
    (k_lins): ModuleList(
      (0): Linear(in_features=512, out_features=512, bias=True)
      (1): Linear(in_features=512, out_features=512, bias=True)
    )
    (v_lins): ModuleList(
      (0): Linear(in_features=512, out_features=512, bias=True)
      (1): Linear(in_features=512, out_features=512, bias=True)
    )
    (lns): ModuleList(
      (0): LayerNorm((512,), eps=1e-05, elementwise_affine=True)
      (1): LayerNorm((512,), eps=1e-05, elementwise_affine=True)
    )
    (lin_out): Linear(in_features=512, out_features=512, bias=True)
  )
  (pred_local): Linear(in_features=512, out_features=3, bias=True)
  (pred_global): Linear(in_features=512, out_features=3, bias=True)
)
Pre-training MLP for 500 epochs to generate co-occurrence matrix...
MLP pre-training complete. Penalty matrix frozen.
Epoch: 00, Loss: 1.5796, Train: 33.33%, Valid: 41.80%, Test: 38.80%, Best Valid: 41.80%, Best Test: 38.80%
Epoch: 100, Loss: 0.0042, Train: 100.00%, Valid: 70.40%, Test: 66.30%, Best Valid: 77.80%, Best Test: 76.60%
Epoch: 200, Loss: 0.0012, Train: 100.00%, Valid: 68.00%, Test: 64.80%, Best Valid: 77.80%, Best Test: 76.60%
Epoch: 300, Loss: 0.0034, Train: 100.00%, Valid: 71.20%, Test: 67.10%, Best Valid: 77.80%, Best Test: 76.60%
Epoch: 400, Loss: 0.0010, Train: 100.00%, Valid: 72.20%, Test: 68.00%, Best Valid: 77.80%, Best Test: 76.60%
Epoch: 500, Loss: 0.0014, Train: 100.00%, Valid: 71.60%, Test: 68.90%, Best Valid: 77.80%, Best Test: 76.60%
Epoch: 600, Loss: 0.0027, Train: 100.00%, Valid: 65.60%, Test: 62.40%, Best Valid: 77.80%, Best Test: 76.60%
Epoch: 700, Loss: 0.0009, Train: 100.00%, Valid: 66.20%, Test: 65.50%, Best Valid: 77.80%, Best Test: 76.60%
Epoch: 800, Loss: 0.0128, Train: 100.00%, Valid: 69.00%, Test: 68.80%, Best Valid: 77.80%, Best Test: 76.60%
Epoch: 900, Loss: 0.0008, Train: 100.00%, Valid: 74.20%, Test: 71.00%, Best Valid: 77.80%, Best Test: 76.60%
Run 01:
Highest Train: 100.00
Highest Valid: 77.80
Highest Test: 76.60
Chosen epoch: 21
Final Train: 100.00
Final Test: 76.60
Pre-training MLP for 500 epochs to generate co-occurrence matrix...
MLP pre-training complete. Penalty matrix frozen.
Epoch: 00, Loss: 1.5155, Train: 33.33%, Valid: 35.00%, Test: 39.70%, Best Valid: 35.00%, Best Test: 39.70%
Epoch: 100, Loss: 0.0014, Train: 100.00%, Valid: 70.20%, Test: 70.50%, Best Valid: 76.60%, Best Test: 73.70%
Epoch: 200, Loss: 0.0011, Train: 100.00%, Valid: 71.60%, Test: 72.90%, Best Valid: 76.60%, Best Test: 73.70%
Epoch: 300, Loss: 0.0172, Train: 100.00%, Valid: 71.00%, Test: 70.20%, Best Valid: 76.60%, Best Test: 73.70%
Epoch: 400, Loss: 0.0009, Train: 100.00%, Valid: 71.00%, Test: 67.70%, Best Valid: 76.60%, Best Test: 73.70%
Epoch: 500, Loss: 0.0003, Train: 100.00%, Valid: 67.00%, Test: 66.10%, Best Valid: 76.60%, Best Test: 73.70%
Epoch: 600, Loss: 0.0006, Train: 100.00%, Valid: 65.40%, Test: 63.30%, Best Valid: 76.60%, Best Test: 73.70%
Epoch: 700, Loss: 0.0011, Train: 100.00%, Valid: 67.00%, Test: 65.40%, Best Valid: 76.60%, Best Test: 73.70%
Epoch: 800, Loss: 0.3978, Train: 100.00%, Valid: 71.00%, Test: 72.40%, Best Valid: 76.60%, Best Test: 73.70%
Epoch: 900, Loss: 0.0004, Train: 100.00%, Valid: 70.20%, Test: 71.10%, Best Valid: 76.60%, Best Test: 73.70%
Run 02:
Highest Train: 100.00
Highest Valid: 76.60
Highest Test: 75.80
Chosen epoch: 22
Final Train: 100.00
Final Test: 73.70
Pre-training MLP for 500 epochs to generate co-occurrence matrix...
MLP pre-training complete. Penalty matrix frozen.
Epoch: 00, Loss: 1.6176, Train: 33.33%, Valid: 41.80%, Test: 38.80%, Best Valid: 41.80%, Best Test: 38.80%
Epoch: 100, Loss: 0.0001, Train: 100.00%, Valid: 67.00%, Test: 66.50%, Best Valid: 77.20%, Best Test: 74.80%
Epoch: 200, Loss: 0.0008, Train: 100.00%, Valid: 72.20%, Test: 68.70%, Best Valid: 77.20%, Best Test: 74.80%
Epoch: 300, Loss: 0.0005, Train: 100.00%, Valid: 73.60%, Test: 70.40%, Best Valid: 77.20%, Best Test: 74.80%
Epoch: 400, Loss: 0.0295, Train: 100.00%, Valid: 66.80%, Test: 66.60%, Best Valid: 77.20%, Best Test: 74.80%
Epoch: 500, Loss: 0.0013, Train: 100.00%, Valid: 70.20%, Test: 65.90%, Best Valid: 77.20%, Best Test: 74.80%
Epoch: 600, Loss: 0.0010, Train: 100.00%, Valid: 63.80%, Test: 63.00%, Best Valid: 77.20%, Best Test: 74.80%
Epoch: 700, Loss: 0.0007, Train: 100.00%, Valid: 66.80%, Test: 66.00%, Best Valid: 77.20%, Best Test: 74.80%
Epoch: 800, Loss: 0.0014, Train: 100.00%, Valid: 66.60%, Test: 62.70%, Best Valid: 77.20%, Best Test: 74.80%
Epoch: 900, Loss: 0.0035, Train: 100.00%, Valid: 71.80%, Test: 71.20%, Best Valid: 77.20%, Best Test: 74.80%
Run 03:
Highest Train: 100.00
Highest Valid: 77.20
Highest Test: 76.00
Chosen epoch: 58
Final Train: 100.00
Final Test: 74.80
Pre-training MLP for 500 epochs to generate co-occurrence matrix...
MLP pre-training complete. Penalty matrix frozen.
Epoch: 00, Loss: 1.6231, Train: 33.33%, Valid: 41.80%, Test: 38.80%, Best Valid: 41.80%, Best Test: 38.80%
Epoch: 100, Loss: 0.0051, Train: 100.00%, Valid: 72.60%, Test: 69.60%, Best Valid: 76.80%, Best Test: 73.70%
Epoch: 200, Loss: 0.0032, Train: 100.00%, Valid: 65.60%, Test: 64.70%, Best Valid: 76.80%, Best Test: 73.70%
Epoch: 300, Loss: 0.1301, Train: 100.00%, Valid: 63.00%, Test: 63.70%, Best Valid: 76.80%, Best Test: 73.70%
Epoch: 400, Loss: 0.0008, Train: 100.00%, Valid: 70.80%, Test: 68.30%, Best Valid: 76.80%, Best Test: 73.70%
Epoch: 500, Loss: 0.0002, Train: 100.00%, Valid: 69.20%, Test: 66.60%, Best Valid: 76.80%, Best Test: 73.70%
Epoch: 600, Loss: 0.0026, Train: 100.00%, Valid: 71.80%, Test: 68.50%, Best Valid: 76.80%, Best Test: 73.70%
Epoch: 700, Loss: 0.0007, Train: 100.00%, Valid: 66.00%, Test: 63.70%, Best Valid: 76.80%, Best Test: 73.70%
Epoch: 800, Loss: 0.0011, Train: 100.00%, Valid: 69.20%, Test: 68.00%, Best Valid: 76.80%, Best Test: 73.70%
Epoch: 900, Loss: 0.0059, Train: 100.00%, Valid: 70.60%, Test: 71.10%, Best Valid: 76.80%, Best Test: 73.70%
Run 04:
Highest Train: 100.00
Highest Valid: 76.80
Highest Test: 74.50
Chosen epoch: 10
Final Train: 95.00
Final Test: 73.70
Pre-training MLP for 500 epochs to generate co-occurrence matrix...
MLP pre-training complete. Penalty matrix frozen.
Epoch: 00, Loss: 1.5466, Train: 35.00%, Valid: 41.80%, Test: 38.80%, Best Valid: 41.80%, Best Test: 38.80%
Epoch: 100, Loss: 0.0008, Train: 100.00%, Valid: 72.40%, Test: 70.30%, Best Valid: 77.20%, Best Test: 75.40%
Epoch: 200, Loss: 0.0003, Train: 100.00%, Valid: 71.80%, Test: 69.20%, Best Valid: 77.20%, Best Test: 75.40%
Epoch: 300, Loss: 0.0129, Train: 100.00%, Valid: 70.80%, Test: 70.60%, Best Valid: 77.20%, Best Test: 75.40%
Epoch: 400, Loss: 0.0022, Train: 100.00%, Valid: 71.80%, Test: 69.60%, Best Valid: 77.20%, Best Test: 75.40%
Epoch: 500, Loss: 0.0003, Train: 100.00%, Valid: 69.20%, Test: 67.00%, Best Valid: 77.20%, Best Test: 75.40%
Epoch: 600, Loss: 0.0354, Train: 100.00%, Valid: 72.60%, Test: 66.70%, Best Valid: 77.20%, Best Test: 75.40%
Epoch: 700, Loss: 0.0008, Train: 100.00%, Valid: 69.80%, Test: 66.50%, Best Valid: 77.20%, Best Test: 75.40%
Epoch: 800, Loss: 0.0005, Train: 100.00%, Valid: 66.20%, Test: 66.70%, Best Valid: 77.20%, Best Test: 75.40%
Epoch: 900, Loss: 0.0004, Train: 100.00%, Valid: 62.80%, Test: 63.70%, Best Valid: 77.20%, Best Test: 75.40%
Run 05:
Highest Train: 100.00
Highest Valid: 77.20
Highest Test: 76.20
Chosen epoch: 76
Final Train: 100.00
Final Test: 75.40
All runs:
Highest Train: 100.00 ± 0.00
Highest Test: 75.82 ± 0.79
Highest Valid: 77.12 ± 0.46
  Final Train: 99.00 ± 2.24
   Final Test: 74.84 ± 1.23
Saving results to mlp_gt/results_full/pubmed/polynormer.csv

GT sweep completed!
==========================================================
Task 2 (polynormer / pubmed) completed at: Tue Apr 28 08:52:32 AM EDT 2026
==========================================================
