==========================================================
MLP-GT Full Sweep | Task 37
Job: 1011972 | Date: Tue Apr 28 08:37:25 AM EDT 2026 | Host: n0001
==========================================================
Tue Apr 28 08:37:29 2026       
+-----------------------------------------------------------------------------------------+
| NVIDIA-SMI 570.211.01             Driver Version: 570.211.01     CUDA Version: 12.8     |
|-----------------------------------------+------------------------+----------------------+
| GPU  Name                 Persistence-M | Bus-Id          Disp.A | Volatile Uncorr. ECC |
| Fan  Temp   Perf          Pwr:Usage/Cap |           Memory-Usage | GPU-Util  Compute M. |
|                                         |                        |               MIG M. |
|=========================================+========================+======================|
|   0  NVIDIA A100-SXM4-80GB          On  |   00000000:01:00.0 Off |                   On |
| N/A   42C    P0            142W /  500W |   12123MiB /  81920MiB |     N/A      Default |
|                                         |                        |              Enabled |
+-----------------------------------------+------------------------+----------------------+
|   1  NVIDIA A100-SXM4-80GB          On  |   00000000:41:00.0 Off |                   On |
| N/A   44C    P0            172W /  500W |    6954MiB /  81920MiB |     N/A      Default |
|                                         |                        |              Enabled |
+-----------------------------------------+------------------------+----------------------+
|   2  NVIDIA A100-SXM4-80GB          On  |   00000000:81:00.0 Off |                   On |
| N/A   43C    P0            139W /  500W |    3380MiB /  81920MiB |     N/A      Default |
|                                         |                        |              Enabled |
+-----------------------------------------+------------------------+----------------------+
|   3  NVIDIA A100-SXM4-80GB          On  |   00000000:C1:00.0 Off |                   On |
| N/A   35C    P0            133W /  500W |    4278MiB /  81920MiB |     N/A      Default |
|                                         |                        |              Enabled |
+-----------------------------------------+------------------------+----------------------+

+-----------------------------------------------------------------------------------------+
| MIG devices:                                                                            |
+------------------+----------------------------------+-----------+-----------------------+
| GPU  GI  CI  MIG |                     Memory-Usage |        Vol|        Shared         |
|      ID  ID  Dev |                       BAR1-Usage | SM     Unc| CE ENC  DEC  OFA  JPG |
|                  |                                  |        ECC|                       |
|==================+==================================+===========+=======================|
|  0    5   0   0  |              53MiB / 19968MiB    | 28      0 |  2   0    1    0    0 |
|                  |                 0MiB / 32767MiB  |           |                       |
+------------------+----------------------------------+-----------+-----------------------+
                                                                                         
+-----------------------------------------------------------------------------------------+
| Processes:                                                                              |
|  GPU   GI   CI              PID   Type   Process name                        GPU Memory |
|        ID   ID                                                               Usage      |
|=========================================================================================|
|    1    1    0           598790      C   python                                 3460MiB |
|    1    5    0           603248      C   python                                 3298MiB |
|    2    2    0           602615      C   python                                  350MiB |
|    2    3    0           602666      C   python                                 2834MiB |
|    3    5    0           602219      C   python                                 4088MiB |
+-----------------------------------------------------------------------------------------+
1.12.1
True
NVIDIA A100-SXM4-80GB MIG 2g.20gb
Model: sgformer | Dataset: coauthor-cs
Split flags: --rand_split_class --valid_num 500 --test_num 1000 --seed 123
==========================================================
Starting mlp_gt GT Sweep for:
python main.py --model sgformer --dataset coauthor-cs         --hidden_channels 256 --layers 3 --num_heads 1         --lr 0.01 --weight_decay 5e-4 --dropout 0.3         --use_graph --use_act --alpha 0.5 --use_residual --use_bn --graph_weight 0.5         --epochs 1000         --runs 5 --device 0         --rand_split_class --valid_num 500 --test_num 1000 --seed 123
Result dir: mlp_gt/results_full
==========================================================
Running GT Baseline (no reg)...
Namespace(aggregate='add', alpha=0.5, attention='gcn', beta=-1.0, bn=False, cpu=False, data_dir='../data/', dataset='coauthor-cs', device=0, dim_inner=256, display_step=100, dropout=0.3, epochs=1000, global_dropout=None, global_layers=2, gnn='gcn', graph_weight=0.5, hidden_channels=256, hops=10, in_dropout=0.0, jk=False, label_num_per_class=20, lambda_val=0.5, layers=3, ln=False, local_gnn_type='GCN', local_layers=7, lr=0.01, metric='acc', mlp_epochs=500, mlp_reg=False, model='sgformer', model_dir='./model/', n_heads=1, num_centroids=4096, num_heads=1, oracle_reg=False, pe_types='RWSE', pre_linear=False, pre_ln=False, rand_split=False, rand_split_class=True, reg_start_epoch=10, reg_update_freq=5, res=False, result_dir='mlp_gt/results_full', runs=5, save_model=False, save_result=False, seed=123, test_num=1000, train_prop=0.5, use_act=True, use_bn=True, use_graph=True, use_reg=False, use_residual=True, use_weight=False, valid_num=500, valid_prop=0.25, weight_decay=0.0005)
coauthor-cs
train:torch.Size([300]), valid:torch.Size([500]), test:torch.Size([1000])
dataset coauthor-cs | num nodes 18333 | num edge 163788 | num node feats 6805 | num classes 15
MODEL: SGFormer(
  (trans_conv): TransConv(
    (convs): ModuleList(
      (0): TransConvLayer(
        (Wk): Linear(in_features=256, out_features=256, bias=True)
        (Wq): Linear(in_features=256, out_features=256, bias=True)
      )
      (1): TransConvLayer(
        (Wk): Linear(in_features=256, out_features=256, bias=True)
        (Wq): Linear(in_features=256, out_features=256, bias=True)
      )
      (2): TransConvLayer(
        (Wk): Linear(in_features=256, out_features=256, bias=True)
        (Wq): Linear(in_features=256, out_features=256, bias=True)
      )
    )
    (fcs): ModuleList(
      (0): Linear(in_features=6805, out_features=256, bias=True)
    )
    (bns): ModuleList(
      (0): LayerNorm((256,), eps=1e-05, elementwise_affine=True)
      (1): LayerNorm((256,), eps=1e-05, elementwise_affine=True)
      (2): LayerNorm((256,), eps=1e-05, elementwise_affine=True)
      (3): LayerNorm((256,), eps=1e-05, elementwise_affine=True)
    )
  )
  (gnn): GCN(
    (convs): ModuleList(
      (0): GCNConv(6805, 256)
      (1): GCNConv(256, 256)
      (2): GCNConv(256, 256)
    )
    (bns): ModuleList(
      (0): BatchNorm1d(256, eps=1e-05, momentum=0.1, affine=True, track_running_stats=True)
      (1): BatchNorm1d(256, eps=1e-05, momentum=0.1, affine=True, track_running_stats=True)
    )
  )
  (fc): Linear(in_features=256, out_features=15, bias=True)
)
Epoch: 00, Loss: 2.8356, Train: 29.67%, Valid: 14.40%, Test: 16.70%, Best Valid: 14.40%, Best Test: 16.70%
Epoch: 100, Loss: 0.0029, Train: 100.00%, Valid: 85.80%, Test: 85.70%, Best Valid: 85.80%, Best Test: 85.70%
Epoch: 200, Loss: 0.0060, Train: 100.00%, Valid: 63.80%, Test: 67.50%, Best Valid: 86.40%, Best Test: 85.60%
Epoch: 300, Loss: 0.0198, Train: 100.00%, Valid: 82.00%, Test: 81.70%, Best Valid: 86.40%, Best Test: 85.60%
Epoch: 400, Loss: 0.0111, Train: 99.33%, Valid: 80.00%, Test: 82.40%, Best Valid: 86.60%, Best Test: 87.00%
Epoch: 500, Loss: 0.0031, Train: 100.00%, Valid: 87.20%, Test: 84.90%, Best Valid: 87.20%, Best Test: 84.90%
Epoch: 600, Loss: 0.0603, Train: 61.33%, Valid: 32.80%, Test: 30.80%, Best Valid: 87.20%, Best Test: 84.90%
Epoch: 700, Loss: 0.0024, Train: 100.00%, Valid: 84.80%, Test: 84.90%, Best Valid: 87.20%, Best Test: 84.90%
Epoch: 800, Loss: 0.0031, Train: 100.00%, Valid: 84.40%, Test: 85.50%, Best Valid: 87.20%, Best Test: 84.90%
Epoch: 900, Loss: 0.0051, Train: 99.67%, Valid: 76.60%, Test: 79.60%, Best Valid: 87.20%, Best Test: 84.90%
Run 01:
Highest Train: 100.00
Highest Valid: 87.20
Highest Test: 88.00
Chosen epoch: 500
Final Train: 100.00
Final Test: 84.90
Epoch: 00, Loss: 3.9639, Train: 10.00%, Valid: 1.80%, Test: 3.30%, Best Valid: 1.80%, Best Test: 3.30%
Epoch: 100, Loss: 0.0051, Train: 100.00%, Valid: 87.80%, Test: 88.90%, Best Valid: 88.20%, Best Test: 88.60%
Epoch: 200, Loss: 0.0084, Train: 100.00%, Valid: 86.80%, Test: 88.60%, Best Valid: 89.00%, Best Test: 89.80%
Epoch: 300, Loss: 0.0034, Train: 99.67%, Valid: 83.80%, Test: 84.10%, Best Valid: 89.00%, Best Test: 89.80%
Epoch: 400, Loss: 0.0079, Train: 100.00%, Valid: 87.60%, Test: 88.60%, Best Valid: 89.40%, Best Test: 88.50%
Epoch: 500, Loss: 0.0044, Train: 100.00%, Valid: 89.20%, Test: 88.70%, Best Valid: 89.60%, Best Test: 88.50%
Epoch: 600, Loss: 0.0117, Train: 100.00%, Valid: 68.60%, Test: 71.20%, Best Valid: 89.60%, Best Test: 88.50%
Epoch: 700, Loss: 0.0053, Train: 100.00%, Valid: 83.60%, Test: 84.30%, Best Valid: 89.60%, Best Test: 88.50%
Epoch: 800, Loss: 0.0039, Train: 100.00%, Valid: 84.40%, Test: 86.90%, Best Valid: 89.60%, Best Test: 88.50%
Epoch: 900, Loss: 0.0033, Train: 100.00%, Valid: 86.20%, Test: 87.70%, Best Valid: 89.60%, Best Test: 88.50%
Run 02:
Highest Train: 100.00
Highest Valid: 89.60
Highest Test: 90.30
Chosen epoch: 478
Final Train: 100.00
Final Test: 88.50
Epoch: 00, Loss: 3.5081, Train: 11.00%, Valid: 5.80%, Test: 5.10%, Best Valid: 5.80%, Best Test: 5.10%
Epoch: 100, Loss: 0.0030, Train: 99.33%, Valid: 85.40%, Test: 83.90%, Best Valid: 85.80%, Best Test: 83.10%
Epoch: 200, Loss: 0.0014, Train: 100.00%, Valid: 88.20%, Test: 88.60%, Best Valid: 89.60%, Best Test: 87.90%
Epoch: 300, Loss: 0.0018, Train: 100.00%, Valid: 85.40%, Test: 87.60%, Best Valid: 89.60%, Best Test: 87.90%
Epoch: 400, Loss: 0.0090, Train: 100.00%, Valid: 83.20%, Test: 81.00%, Best Valid: 89.60%, Best Test: 87.90%
Epoch: 500, Loss: 0.0140, Train: 90.67%, Valid: 68.20%, Test: 62.60%, Best Valid: 89.60%, Best Test: 87.90%
Epoch: 600, Loss: 0.0026, Train: 100.00%, Valid: 82.20%, Test: 83.40%, Best Valid: 89.60%, Best Test: 87.90%
Epoch: 700, Loss: 0.0231, Train: 100.00%, Valid: 72.00%, Test: 75.50%, Best Valid: 89.60%, Best Test: 87.90%
Epoch: 800, Loss: 0.0048, Train: 100.00%, Valid: 82.40%, Test: 82.70%, Best Valid: 89.60%, Best Test: 87.90%
Epoch: 900, Loss: 0.0064, Train: 99.00%, Valid: 79.40%, Test: 80.60%, Best Valid: 89.60%, Best Test: 87.90%
Run 03:
Highest Train: 100.00
Highest Valid: 89.60
Highest Test: 90.00
Chosen epoch: 181
Final Train: 100.00
Final Test: 87.90
Epoch: 00, Loss: 3.7378, Train: 45.00%, Valid: 14.60%, Test: 15.30%, Best Valid: 14.60%, Best Test: 15.30%
Epoch: 100, Loss: 0.0061, Train: 100.00%, Valid: 86.20%, Test: 88.00%, Best Valid: 87.20%, Best Test: 87.60%
Epoch: 200, Loss: 0.0036, Train: 100.00%, Valid: 88.80%, Test: 89.50%, Best Valid: 89.80%, Best Test: 90.80%
Epoch: 300, Loss: 0.0090, Train: 100.00%, Valid: 86.40%, Test: 87.20%, Best Valid: 89.80%, Best Test: 90.80%
Epoch: 400, Loss: 0.0025, Train: 100.00%, Valid: 83.00%, Test: 81.30%, Best Valid: 89.80%, Best Test: 90.80%
Epoch: 500, Loss: 0.0034, Train: 100.00%, Valid: 81.20%, Test: 77.00%, Best Valid: 89.80%, Best Test: 90.80%
Epoch: 600, Loss: 0.0029, Train: 100.00%, Valid: 83.60%, Test: 85.20%, Best Valid: 89.80%, Best Test: 90.80%
Epoch: 700, Loss: 0.0057, Train: 99.67%, Valid: 79.20%, Test: 78.70%, Best Valid: 89.80%, Best Test: 90.80%
Epoch: 800, Loss: 0.0075, Train: 100.00%, Valid: 72.00%, Test: 76.50%, Best Valid: 89.80%, Best Test: 90.80%
Epoch: 900, Loss: 0.0252, Train: 85.00%, Valid: 41.60%, Test: 49.90%, Best Valid: 89.80%, Best Test: 90.80%
Run 04:
Highest Train: 100.00
Highest Valid: 89.80
Highest Test: 91.10
Chosen epoch: 160
Final Train: 100.00
Final Test: 90.80
Epoch: 00, Loss: 3.7718, Train: 43.67%, Valid: 20.80%, Test: 19.30%, Best Valid: 20.80%, Best Test: 19.30%
Epoch: 100, Loss: 0.0028, Train: 99.33%, Valid: 85.00%, Test: 85.30%, Best Valid: 85.80%, Best Test: 84.80%
Epoch: 200, Loss: 0.0017, Train: 100.00%, Valid: 82.40%, Test: 83.00%, Best Valid: 88.40%, Best Test: 88.50%
Epoch: 300, Loss: 0.0078, Train: 100.00%, Valid: 85.00%, Test: 86.50%, Best Valid: 90.20%, Best Test: 89.60%
Epoch: 400, Loss: 0.0360, Train: 100.00%, Valid: 80.60%, Test: 85.50%, Best Valid: 90.20%, Best Test: 89.60%
Epoch: 500, Loss: 0.0179, Train: 100.00%, Valid: 81.40%, Test: 82.30%, Best Valid: 90.20%, Best Test: 89.60%
Epoch: 600, Loss: 0.0044, Train: 100.00%, Valid: 79.20%, Test: 77.80%, Best Valid: 90.20%, Best Test: 89.60%
Epoch: 700, Loss: 0.0130, Train: 100.00%, Valid: 83.20%, Test: 83.20%, Best Valid: 90.20%, Best Test: 89.60%
Epoch: 800, Loss: 0.0060, Train: 99.67%, Valid: 78.20%, Test: 77.60%, Best Valid: 90.20%, Best Test: 89.60%
Epoch: 900, Loss: 0.0031, Train: 100.00%, Valid: 82.20%, Test: 80.80%, Best Valid: 90.20%, Best Test: 89.60%
Run 05:
Highest Train: 100.00
Highest Valid: 90.20
Highest Test: 90.50
Chosen epoch: 234
Final Train: 100.00
Final Test: 89.60
All runs:
Highest Train: 100.00 ± 0.00
Highest Test: 89.98 ± 1.18
Highest Valid: 89.28 ± 1.19
  Final Train: 100.00 ± 0.00
   Final Test: 88.34 ± 2.22
Saving results to mlp_gt/results_full/coauthor-cs/sgformer.csv

Running with MLP-GT Regularization (lambda=0.01)...
Namespace(aggregate='add', alpha=0.5, attention='gcn', beta=-1.0, bn=False, cpu=False, data_dir='../data/', dataset='coauthor-cs', device=0, dim_inner=256, display_step=100, dropout=0.3, epochs=1000, global_dropout=None, global_layers=2, gnn='gcn', graph_weight=0.5, hidden_channels=256, hops=10, in_dropout=0.0, jk=False, label_num_per_class=20, lambda_val=0.01, layers=3, ln=False, local_gnn_type='GCN', local_layers=7, lr=0.01, metric='acc', mlp_epochs=500, mlp_reg=True, model='sgformer', model_dir='./model/', n_heads=1, num_centroids=4096, num_heads=1, oracle_reg=False, pe_types='RWSE', pre_linear=False, pre_ln=False, rand_split=False, rand_split_class=True, reg_start_epoch=10, reg_update_freq=5, res=False, result_dir='mlp_gt/results_full', runs=5, save_model=False, save_result=False, seed=123, test_num=1000, train_prop=0.5, use_act=True, use_bn=True, use_graph=True, use_reg=True, use_residual=True, use_weight=False, valid_num=500, valid_prop=0.25, weight_decay=0.0005)
coauthor-cs
train:torch.Size([300]), valid:torch.Size([500]), test:torch.Size([1000])
dataset coauthor-cs | num nodes 18333 | num edge 163788 | num node feats 6805 | num classes 15
MODEL: SGFormer(
  (trans_conv): TransConv(
    (convs): ModuleList(
      (0): TransConvLayer(
        (Wk): Linear(in_features=256, out_features=256, bias=True)
        (Wq): Linear(in_features=256, out_features=256, bias=True)
      )
      (1): TransConvLayer(
        (Wk): Linear(in_features=256, out_features=256, bias=True)
        (Wq): Linear(in_features=256, out_features=256, bias=True)
      )
      (2): TransConvLayer(
        (Wk): Linear(in_features=256, out_features=256, bias=True)
        (Wq): Linear(in_features=256, out_features=256, bias=True)
      )
    )
    (fcs): ModuleList(
      (0): Linear(in_features=6805, out_features=256, bias=True)
    )
    (bns): ModuleList(
      (0): LayerNorm((256,), eps=1e-05, elementwise_affine=True)
      (1): LayerNorm((256,), eps=1e-05, elementwise_affine=True)
      (2): LayerNorm((256,), eps=1e-05, elementwise_affine=True)
      (3): LayerNorm((256,), eps=1e-05, elementwise_affine=True)
    )
  )
  (gnn): GCN(
    (convs): ModuleList(
      (0): GCNConv(6805, 256)
      (1): GCNConv(256, 256)
      (2): GCNConv(256, 256)
    )
    (bns): ModuleList(
      (0): BatchNorm1d(256, eps=1e-05, momentum=0.1, affine=True, track_running_stats=True)
      (1): BatchNorm1d(256, eps=1e-05, momentum=0.1, affine=True, track_running_stats=True)
    )
  )
  (fc): Linear(in_features=256, out_features=15, bias=True)
)
Pre-training MLP for 500 epochs to generate co-occurrence matrix...
MLP pre-training complete. Penalty matrix frozen.
Epoch: 00, Loss: 2.7998, Train: 49.67%, Valid: 41.00%, Test: 38.20%, Best Valid: 41.00%, Best Test: 38.20%
Epoch: 100, Loss: 0.0120, Train: 95.67%, Valid: 75.20%, Test: 75.80%, Best Valid: 85.00%, Best Test: 85.30%
Epoch: 200, Loss: 0.3369, Train: 92.67%, Valid: 71.00%, Test: 70.50%, Best Valid: 88.80%, Best Test: 88.50%
Epoch: 300, Loss: 0.0046, Train: 99.67%, Valid: 61.40%, Test: 63.80%, Best Valid: 88.80%, Best Test: 88.50%
Epoch: 400, Loss: 0.0096, Train: 95.67%, Valid: 54.20%, Test: 60.10%, Best Valid: 88.80%, Best Test: 88.50%
Epoch: 500, Loss: 0.0026, Train: 100.00%, Valid: 86.40%, Test: 86.20%, Best Valid: 88.80%, Best Test: 88.50%
Epoch: 600, Loss: 0.0035, Train: 100.00%, Valid: 83.80%, Test: 85.20%, Best Valid: 88.80%, Best Test: 88.50%
Epoch: 700, Loss: 0.0212, Train: 98.33%, Valid: 80.80%, Test: 82.10%, Best Valid: 88.80%, Best Test: 88.50%
Epoch: 800, Loss: 0.0043, Train: 100.00%, Valid: 84.00%, Test: 84.90%, Best Valid: 88.80%, Best Test: 88.50%
Epoch: 900, Loss: 0.0036, Train: 100.00%, Valid: 83.80%, Test: 83.80%, Best Valid: 88.80%, Best Test: 88.50%
Run 01:
Highest Train: 100.00
Highest Valid: 88.80
Highest Test: 89.30
Chosen epoch: 113
Final Train: 100.00
Final Test: 88.50
Pre-training MLP for 500 epochs to generate co-occurrence matrix...
MLP pre-training complete. Penalty matrix frozen.
Epoch: 00, Loss: 4.0971, Train: 34.33%, Valid: 13.00%, Test: 12.60%, Best Valid: 13.00%, Best Test: 12.60%
Epoch: 100, Loss: 0.0036, Train: 98.67%, Valid: 80.20%, Test: 80.20%, Best Valid: 80.20%, Best Test: 80.20%
Epoch: 200, Loss: 0.0040, Train: 100.00%, Valid: 87.40%, Test: 86.40%, Best Valid: 87.80%, Best Test: 86.70%
Epoch: 300, Loss: 0.0193, Train: 100.00%, Valid: 86.20%, Test: 87.20%, Best Valid: 88.20%, Best Test: 88.50%
Epoch: 400, Loss: 0.0246, Train: 99.67%, Valid: 84.20%, Test: 82.80%, Best Valid: 88.20%, Best Test: 88.50%
Epoch: 500, Loss: 0.0041, Train: 100.00%, Valid: 81.80%, Test: 81.70%, Best Valid: 88.20%, Best Test: 88.50%
Epoch: 600, Loss: 0.0023, Train: 100.00%, Valid: 79.80%, Test: 79.60%, Best Valid: 88.20%, Best Test: 88.50%
Epoch: 700, Loss: 0.0022, Train: 100.00%, Valid: 81.20%, Test: 82.00%, Best Valid: 88.20%, Best Test: 88.50%
Epoch: 800, Loss: 0.0119, Train: 100.00%, Valid: 81.80%, Test: 83.10%, Best Valid: 88.20%, Best Test: 88.50%
Epoch: 900, Loss: 0.0398, Train: 98.33%, Valid: 66.60%, Test: 64.10%, Best Valid: 88.20%, Best Test: 88.50%
Run 02:
Highest Train: 100.00
Highest Valid: 88.20
Highest Test: 88.50
Chosen epoch: 280
Final Train: 100.00
Final Test: 88.50
Pre-training MLP for 500 epochs to generate co-occurrence matrix...
MLP pre-training complete. Penalty matrix frozen.
Epoch: 00, Loss: 3.3794, Train: 30.67%, Valid: 30.40%, Test: 30.40%, Best Valid: 30.40%, Best Test: 30.40%
Epoch: 100, Loss: 0.0044, Train: 98.33%, Valid: 77.80%, Test: 78.10%, Best Valid: 78.20%, Best Test: 77.00%
Epoch: 200, Loss: 0.0030, Train: 100.00%, Valid: 86.60%, Test: 86.10%, Best Valid: 89.00%, Best Test: 88.20%
Epoch: 300, Loss: 0.0022, Train: 100.00%, Valid: 87.20%, Test: 88.60%, Best Valid: 89.00%, Best Test: 88.20%
Epoch: 400, Loss: 0.0150, Train: 100.00%, Valid: 82.80%, Test: 83.60%, Best Valid: 89.00%, Best Test: 88.20%
Epoch: 500, Loss: 0.0034, Train: 100.00%, Valid: 81.80%, Test: 83.30%, Best Valid: 89.00%, Best Test: 88.20%
Epoch: 600, Loss: 0.0019, Train: 100.00%, Valid: 84.00%, Test: 85.20%, Best Valid: 89.00%, Best Test: 88.20%
Epoch: 700, Loss: 0.0082, Train: 100.00%, Valid: 75.40%, Test: 80.80%, Best Valid: 89.00%, Best Test: 88.20%
Epoch: 800, Loss: 0.0095, Train: 89.00%, Valid: 51.40%, Test: 52.80%, Best Valid: 89.00%, Best Test: 88.20%
Epoch: 900, Loss: 0.0036, Train: 100.00%, Valid: 86.60%, Test: 87.00%, Best Valid: 89.00%, Best Test: 88.20%
Run 03:
Highest Train: 100.00
Highest Valid: 89.00
Highest Test: 88.80
Chosen epoch: 187
Final Train: 100.00
Final Test: 88.20
Pre-training MLP for 500 epochs to generate co-occurrence matrix...
MLP pre-training complete. Penalty matrix frozen.
Epoch: 00, Loss: 3.4344, Train: 23.33%, Valid: 20.80%, Test: 19.10%, Best Valid: 20.80%, Best Test: 19.10%
Epoch: 100, Loss: 0.0048, Train: 99.67%, Valid: 84.60%, Test: 85.50%, Best Valid: 84.60%, Best Test: 84.40%
Epoch: 200, Loss: 0.0018, Train: 100.00%, Valid: 83.20%, Test: 81.60%, Best Valid: 88.60%, Best Test: 87.10%
Epoch: 300, Loss: 0.0032, Train: 100.00%, Valid: 88.40%, Test: 88.20%, Best Valid: 89.60%, Best Test: 89.00%
Epoch: 400, Loss: 0.0026, Train: 100.00%, Valid: 84.00%, Test: 85.60%, Best Valid: 89.60%, Best Test: 89.00%
Epoch: 500, Loss: 0.0035, Train: 100.00%, Valid: 84.80%, Test: 87.10%, Best Valid: 89.60%, Best Test: 89.00%
Epoch: 600, Loss: 0.0035, Train: 99.67%, Valid: 76.40%, Test: 75.70%, Best Valid: 89.60%, Best Test: 89.00%
Epoch: 700, Loss: 0.0103, Train: 100.00%, Valid: 81.40%, Test: 82.00%, Best Valid: 89.60%, Best Test: 89.00%
Epoch: 800, Loss: 0.0042, Train: 100.00%, Valid: 81.00%, Test: 79.10%, Best Valid: 89.60%, Best Test: 89.00%
Epoch: 900, Loss: 0.0113, Train: 99.33%, Valid: 72.20%, Test: 77.00%, Best Valid: 89.60%, Best Test: 89.00%
Run 04:
Highest Train: 100.00
Highest Valid: 89.60
Highest Test: 91.20
Chosen epoch: 271
Final Train: 100.00
Final Test: 89.00
Pre-training MLP for 500 epochs to generate co-occurrence matrix...
MLP pre-training complete. Penalty matrix frozen.
Epoch: 00, Loss: 3.6862, Train: 34.67%, Valid: 37.60%, Test: 30.40%, Best Valid: 37.60%, Best Test: 30.40%
Epoch: 100, Loss: 0.0139, Train: 99.33%, Valid: 87.00%, Test: 87.90%, Best Valid: 87.00%, Best Test: 87.90%
Epoch: 200, Loss: 0.0018, Train: 100.00%, Valid: 85.80%, Test: 86.20%, Best Valid: 88.80%, Best Test: 88.40%
Epoch: 300, Loss: 0.0042, Train: 100.00%, Valid: 84.80%, Test: 87.40%, Best Valid: 88.80%, Best Test: 88.40%
Epoch: 400, Loss: 0.0045, Train: 100.00%, Valid: 81.00%, Test: 80.40%, Best Valid: 89.00%, Best Test: 88.90%
Epoch: 500, Loss: 0.0338, Train: 98.67%, Valid: 78.40%, Test: 78.10%, Best Valid: 89.00%, Best Test: 88.90%
Epoch: 600, Loss: 0.0050, Train: 100.00%, Valid: 86.60%, Test: 85.90%, Best Valid: 89.00%, Best Test: 88.90%
Epoch: 700, Loss: 0.0040, Train: 100.00%, Valid: 86.80%, Test: 86.30%, Best Valid: 89.00%, Best Test: 88.90%
Epoch: 800, Loss: 0.0024, Train: 100.00%, Valid: 85.60%, Test: 86.20%, Best Valid: 89.00%, Best Test: 88.90%
Epoch: 900, Loss: 0.1193, Train: 22.33%, Valid: 11.60%, Test: 11.20%, Best Valid: 89.00%, Best Test: 88.90%
Run 05:
Highest Train: 100.00
Highest Valid: 89.00
Highest Test: 89.80
Chosen epoch: 367
Final Train: 100.00
Final Test: 88.90
All runs:
Highest Train: 100.00 ± 0.00
Highest Test: 89.52 ± 1.06
Highest Valid: 88.92 ± 0.50
  Final Train: 100.00 ± 0.00
   Final Test: 88.62 ± 0.33
Saving results to mlp_gt/results_full/coauthor-cs/sgformer.csv

Running with MLP-GT Regularization (lambda=0.1)...
Namespace(aggregate='add', alpha=0.5, attention='gcn', beta=-1.0, bn=False, cpu=False, data_dir='../data/', dataset='coauthor-cs', device=0, dim_inner=256, display_step=100, dropout=0.3, epochs=1000, global_dropout=None, global_layers=2, gnn='gcn', graph_weight=0.5, hidden_channels=256, hops=10, in_dropout=0.0, jk=False, label_num_per_class=20, lambda_val=0.1, layers=3, ln=False, local_gnn_type='GCN', local_layers=7, lr=0.01, metric='acc', mlp_epochs=500, mlp_reg=True, model='sgformer', model_dir='./model/', n_heads=1, num_centroids=4096, num_heads=1, oracle_reg=False, pe_types='RWSE', pre_linear=False, pre_ln=False, rand_split=False, rand_split_class=True, reg_start_epoch=10, reg_update_freq=5, res=False, result_dir='mlp_gt/results_full', runs=5, save_model=False, save_result=False, seed=123, test_num=1000, train_prop=0.5, use_act=True, use_bn=True, use_graph=True, use_reg=True, use_residual=True, use_weight=False, valid_num=500, valid_prop=0.25, weight_decay=0.0005)
coauthor-cs
train:torch.Size([300]), valid:torch.Size([500]), test:torch.Size([1000])
dataset coauthor-cs | num nodes 18333 | num edge 163788 | num node feats 6805 | num classes 15
MODEL: SGFormer(
  (trans_conv): TransConv(
    (convs): ModuleList(
      (0): TransConvLayer(
        (Wk): Linear(in_features=256, out_features=256, bias=True)
        (Wq): Linear(in_features=256, out_features=256, bias=True)
      )
      (1): TransConvLayer(
        (Wk): Linear(in_features=256, out_features=256, bias=True)
        (Wq): Linear(in_features=256, out_features=256, bias=True)
      )
      (2): TransConvLayer(
        (Wk): Linear(in_features=256, out_features=256, bias=True)
        (Wq): Linear(in_features=256, out_features=256, bias=True)
      )
    )
    (fcs): ModuleList(
      (0): Linear(in_features=6805, out_features=256, bias=True)
    )
    (bns): ModuleList(
      (0): LayerNorm((256,), eps=1e-05, elementwise_affine=True)
      (1): LayerNorm((256,), eps=1e-05, elementwise_affine=True)
      (2): LayerNorm((256,), eps=1e-05, elementwise_affine=True)
      (3): LayerNorm((256,), eps=1e-05, elementwise_affine=True)
    )
  )
  (gnn): GCN(
    (convs): ModuleList(
      (0): GCNConv(6805, 256)
      (1): GCNConv(256, 256)
      (2): GCNConv(256, 256)
    )
    (bns): ModuleList(
      (0): BatchNorm1d(256, eps=1e-05, momentum=0.1, affine=True, track_running_stats=True)
      (1): BatchNorm1d(256, eps=1e-05, momentum=0.1, affine=True, track_running_stats=True)
    )
  )
  (fc): Linear(in_features=256, out_features=15, bias=True)
)
Pre-training MLP for 500 epochs to generate co-occurrence matrix...
MLP pre-training complete. Penalty matrix frozen.
Epoch: 00, Loss: 3.0493, Train: 50.00%, Valid: 49.00%, Test: 43.40%, Best Valid: 49.00%, Best Test: 43.40%
Epoch: 100, Loss: 0.0127, Train: 99.67%, Valid: 85.20%, Test: 83.50%, Best Valid: 85.20%, Best Test: 83.50%
Epoch: 200, Loss: 0.0027, Train: 100.00%, Valid: 84.80%, Test: 86.10%, Best Valid: 88.80%, Best Test: 86.40%
Epoch: 300, Loss: 0.0074, Train: 100.00%, Valid: 70.40%, Test: 74.90%, Best Valid: 88.80%, Best Test: 86.40%
Epoch: 400, Loss: 0.0037, Train: 100.00%, Valid: 84.20%, Test: 85.70%, Best Valid: 88.80%, Best Test: 86.40%
Epoch: 500, Loss: 0.0046, Train: 99.33%, Valid: 81.80%, Test: 83.90%, Best Valid: 88.80%, Best Test: 86.40%
Epoch: 600, Loss: 0.0099, Train: 99.33%, Valid: 78.80%, Test: 80.90%, Best Valid: 88.80%, Best Test: 86.40%
Epoch: 700, Loss: 0.0346, Train: 98.00%, Valid: 76.40%, Test: 76.10%, Best Valid: 88.80%, Best Test: 86.40%
Epoch: 800, Loss: 0.0170, Train: 100.00%, Valid: 78.80%, Test: 79.00%, Best Valid: 88.80%, Best Test: 86.40%
Epoch: 900, Loss: 0.0050, Train: 100.00%, Valid: 84.60%, Test: 87.00%, Best Valid: 88.80%, Best Test: 86.40%
Run 01:
Highest Train: 100.00
Highest Valid: 88.80
Highest Test: 89.30
Chosen epoch: 118
Final Train: 100.00
Final Test: 86.40
Pre-training MLP for 500 epochs to generate co-occurrence matrix...
MLP pre-training complete. Penalty matrix frozen.
Epoch: 00, Loss: 4.1990, Train: 29.00%, Valid: 16.80%, Test: 16.70%, Best Valid: 16.80%, Best Test: 16.70%
Epoch: 100, Loss: 0.0051, Train: 100.00%, Valid: 86.60%, Test: 87.30%, Best Valid: 86.60%, Best Test: 87.30%
Epoch: 200, Loss: 0.0057, Train: 100.00%, Valid: 83.00%, Test: 84.80%, Best Valid: 88.00%, Best Test: 88.50%
Epoch: 300, Loss: 0.0070, Train: 97.67%, Valid: 81.00%, Test: 82.10%, Best Valid: 89.00%, Best Test: 90.70%
Epoch: 400, Loss: 0.0021, Train: 100.00%, Valid: 83.60%, Test: 84.20%, Best Valid: 89.00%, Best Test: 90.70%
Epoch: 500, Loss: 0.0024, Train: 100.00%, Valid: 84.80%, Test: 84.00%, Best Valid: 89.00%, Best Test: 90.70%
Epoch: 600, Loss: 0.0040, Train: 86.00%, Valid: 51.40%, Test: 55.90%, Best Valid: 89.00%, Best Test: 90.70%
Epoch: 700, Loss: 0.0030, Train: 100.00%, Valid: 84.80%, Test: 85.90%, Best Valid: 89.00%, Best Test: 90.70%
Epoch: 800, Loss: 0.0073, Train: 98.00%, Valid: 79.60%, Test: 83.50%, Best Valid: 89.00%, Best Test: 90.70%
Epoch: 900, Loss: 0.0042, Train: 100.00%, Valid: 83.00%, Test: 82.90%, Best Valid: 89.00%, Best Test: 90.70%
Run 02:
Highest Train: 100.00
Highest Valid: 89.00
Highest Test: 91.10
Chosen epoch: 217
Final Train: 100.00
Final Test: 90.70
Pre-training MLP for 500 epochs to generate co-occurrence matrix...
MLP pre-training complete. Penalty matrix frozen.
Epoch: 00, Loss: 3.8916, Train: 26.00%, Valid: 38.60%, Test: 32.20%, Best Valid: 38.60%, Best Test: 32.20%
Epoch: 100, Loss: 0.0069, Train: 100.00%, Valid: 85.40%, Test: 84.90%, Best Valid: 85.40%, Best Test: 84.40%
Epoch: 200, Loss: 0.0029, Train: 100.00%, Valid: 87.20%, Test: 88.70%, Best Valid: 88.80%, Best Test: 89.80%
Epoch: 300, Loss: 0.0056, Train: 100.00%, Valid: 89.60%, Test: 90.40%, Best Valid: 90.80%, Best Test: 88.80%
Epoch: 400, Loss: 0.0028, Train: 100.00%, Valid: 86.00%, Test: 87.90%, Best Valid: 90.80%, Best Test: 88.80%
Epoch: 500, Loss: 0.0095, Train: 99.00%, Valid: 61.80%, Test: 64.40%, Best Valid: 90.80%, Best Test: 88.80%
Epoch: 600, Loss: 0.0036, Train: 100.00%, Valid: 82.40%, Test: 83.50%, Best Valid: 90.80%, Best Test: 88.80%
Epoch: 700, Loss: 0.0481, Train: 100.00%, Valid: 85.60%, Test: 84.80%, Best Valid: 90.80%, Best Test: 88.80%
Epoch: 800, Loss: 0.0215, Train: 100.00%, Valid: 83.00%, Test: 82.20%, Best Valid: 90.80%, Best Test: 88.80%
Epoch: 900, Loss: 0.0054, Train: 100.00%, Valid: 81.80%, Test: 82.60%, Best Valid: 90.80%, Best Test: 88.80%
Run 03:
Highest Train: 100.00
Highest Valid: 90.80
Highest Test: 91.00
Chosen epoch: 264
Final Train: 100.00
Final Test: 88.80
Pre-training MLP for 500 epochs to generate co-occurrence matrix...
MLP pre-training complete. Penalty matrix frozen.
Epoch: 00, Loss: 3.9611, Train: 25.67%, Valid: 24.80%, Test: 25.30%, Best Valid: 24.80%, Best Test: 25.30%
Epoch: 100, Loss: 0.0100, Train: 100.00%, Valid: 86.80%, Test: 88.20%, Best Valid: 86.80%, Best Test: 88.40%
Epoch: 200, Loss: 0.0289, Train: 100.00%, Valid: 86.80%, Test: 87.40%, Best Valid: 88.60%, Best Test: 90.30%
Epoch: 300, Loss: 0.0080, Train: 100.00%, Valid: 88.40%, Test: 89.20%, Best Valid: 89.40%, Best Test: 89.30%
Epoch: 400, Loss: 0.0054, Train: 100.00%, Valid: 88.40%, Test: 88.70%, Best Valid: 90.20%, Best Test: 88.90%
Epoch: 500, Loss: 0.0025, Train: 100.00%, Valid: 89.60%, Test: 90.40%, Best Valid: 90.60%, Best Test: 89.10%
Epoch: 600, Loss: 0.0109, Train: 99.33%, Valid: 74.60%, Test: 73.40%, Best Valid: 90.80%, Best Test: 90.90%
Epoch: 700, Loss: 0.0050, Train: 100.00%, Valid: 85.20%, Test: 85.10%, Best Valid: 90.80%, Best Test: 90.90%
Epoch: 800, Loss: 0.0118, Train: 100.00%, Valid: 83.20%, Test: 85.00%, Best Valid: 90.80%, Best Test: 90.90%
Epoch: 900, Loss: 0.0066, Train: 99.67%, Valid: 81.80%, Test: 80.70%, Best Valid: 90.80%, Best Test: 90.90%
Run 04:
Highest Train: 100.00
Highest Valid: 90.80
Highest Test: 90.90
Chosen epoch: 503
Final Train: 100.00
Final Test: 90.90
Pre-training MLP for 500 epochs to generate co-occurrence matrix...
MLP pre-training complete. Penalty matrix frozen.
Epoch: 00, Loss: 4.3467, Train: 6.67%, Valid: 0.80%, Test: 0.20%, Best Valid: 0.80%, Best Test: 0.20%
Epoch: 100, Loss: 0.0073, Train: 99.67%, Valid: 86.80%, Test: 88.20%, Best Valid: 87.00%, Best Test: 88.00%
Epoch: 200, Loss: 0.0019, Train: 100.00%, Valid: 87.00%, Test: 88.30%, Best Valid: 89.20%, Best Test: 89.60%
Epoch: 300, Loss: 0.0027, Train: 100.00%, Valid: 85.20%, Test: 84.30%, Best Valid: 89.20%, Best Test: 89.60%
Epoch: 400, Loss: 0.0024, Train: 100.00%, Valid: 83.00%, Test: 83.10%, Best Valid: 89.20%, Best Test: 89.60%
Epoch: 500, Loss: 0.0040, Train: 100.00%, Valid: 86.00%, Test: 87.80%, Best Valid: 89.20%, Best Test: 89.60%
Epoch: 600, Loss: 0.0063, Train: 98.33%, Valid: 79.60%, Test: 79.80%, Best Valid: 89.20%, Best Test: 89.60%
Epoch: 700, Loss: 0.0092, Train: 100.00%, Valid: 71.40%, Test: 75.60%, Best Valid: 89.20%, Best Test: 89.60%
Epoch: 800, Loss: 0.0044, Train: 100.00%, Valid: 87.00%, Test: 88.20%, Best Valid: 89.20%, Best Test: 89.60%
Epoch: 900, Loss: 0.0049, Train: 100.00%, Valid: 84.40%, Test: 82.20%, Best Valid: 89.20%, Best Test: 89.60%
Run 05:
Highest Train: 100.00
Highest Valid: 89.20
Highest Test: 90.10
Chosen epoch: 151
Final Train: 100.00
Final Test: 89.60
All runs:
Highest Train: 100.00 ± 0.00
Highest Test: 90.48 ± 0.77
Highest Valid: 89.72 ± 1.00
  Final Train: 100.00 ± 0.00
   Final Test: 89.28 ± 1.82
Saving results to mlp_gt/results_full/coauthor-cs/sgformer.csv

Running with MLP-GT Regularization (lambda=0.2)...
Namespace(aggregate='add', alpha=0.5, attention='gcn', beta=-1.0, bn=False, cpu=False, data_dir='../data/', dataset='coauthor-cs', device=0, dim_inner=256, display_step=100, dropout=0.3, epochs=1000, global_dropout=None, global_layers=2, gnn='gcn', graph_weight=0.5, hidden_channels=256, hops=10, in_dropout=0.0, jk=False, label_num_per_class=20, lambda_val=0.2, layers=3, ln=False, local_gnn_type='GCN', local_layers=7, lr=0.01, metric='acc', mlp_epochs=500, mlp_reg=True, model='sgformer', model_dir='./model/', n_heads=1, num_centroids=4096, num_heads=1, oracle_reg=False, pe_types='RWSE', pre_linear=False, pre_ln=False, rand_split=False, rand_split_class=True, reg_start_epoch=10, reg_update_freq=5, res=False, result_dir='mlp_gt/results_full', runs=5, save_model=False, save_result=False, seed=123, test_num=1000, train_prop=0.5, use_act=True, use_bn=True, use_graph=True, use_reg=True, use_residual=True, use_weight=False, valid_num=500, valid_prop=0.25, weight_decay=0.0005)
coauthor-cs
train:torch.Size([300]), valid:torch.Size([500]), test:torch.Size([1000])
dataset coauthor-cs | num nodes 18333 | num edge 163788 | num node feats 6805 | num classes 15
MODEL: SGFormer(
  (trans_conv): TransConv(
    (convs): ModuleList(
      (0): TransConvLayer(
        (Wk): Linear(in_features=256, out_features=256, bias=True)
        (Wq): Linear(in_features=256, out_features=256, bias=True)
      )
      (1): TransConvLayer(
        (Wk): Linear(in_features=256, out_features=256, bias=True)
        (Wq): Linear(in_features=256, out_features=256, bias=True)
      )
      (2): TransConvLayer(
        (Wk): Linear(in_features=256, out_features=256, bias=True)
        (Wq): Linear(in_features=256, out_features=256, bias=True)
      )
    )
    (fcs): ModuleList(
      (0): Linear(in_features=6805, out_features=256, bias=True)
    )
    (bns): ModuleList(
      (0): LayerNorm((256,), eps=1e-05, elementwise_affine=True)
      (1): LayerNorm((256,), eps=1e-05, elementwise_affine=True)
      (2): LayerNorm((256,), eps=1e-05, elementwise_affine=True)
      (3): LayerNorm((256,), eps=1e-05, elementwise_affine=True)
    )
  )
  (gnn): GCN(
    (convs): ModuleList(
      (0): GCNConv(6805, 256)
      (1): GCNConv(256, 256)
      (2): GCNConv(256, 256)
    )
    (bns): ModuleList(
      (0): BatchNorm1d(256, eps=1e-05, momentum=0.1, affine=True, track_running_stats=True)
      (1): BatchNorm1d(256, eps=1e-05, momentum=0.1, affine=True, track_running_stats=True)
    )
  )
  (fc): Linear(in_features=256, out_features=15, bias=True)
)
Pre-training MLP for 500 epochs to generate co-occurrence matrix...
MLP pre-training complete. Penalty matrix frozen.
Epoch: 00, Loss: 3.3265, Train: 46.00%, Valid: 47.00%, Test: 41.20%, Best Valid: 47.00%, Best Test: 41.20%
Epoch: 100, Loss: 0.0143, Train: 100.00%, Valid: 86.20%, Test: 87.30%, Best Valid: 86.60%, Best Test: 86.90%
Epoch: 200, Loss: 0.0053, Train: 99.00%, Valid: 84.60%, Test: 85.60%, Best Valid: 86.80%, Best Test: 85.40%
Epoch: 300, Loss: 0.0170, Train: 100.00%, Valid: 87.80%, Test: 89.10%, Best Valid: 87.80%, Best Test: 89.10%
Epoch: 400, Loss: 0.0242, Train: 99.67%, Valid: 86.60%, Test: 87.20%, Best Valid: 88.80%, Best Test: 88.90%
Epoch: 500, Loss: 0.0024, Train: 100.00%, Valid: 85.20%, Test: 86.70%, Best Valid: 88.80%, Best Test: 88.90%
Epoch: 600, Loss: 0.0530, Train: 75.33%, Valid: 30.80%, Test: 37.70%, Best Valid: 88.80%, Best Test: 88.90%
Epoch: 700, Loss: 0.0106, Train: 99.33%, Valid: 78.80%, Test: 78.50%, Best Valid: 88.80%, Best Test: 88.90%
Epoch: 800, Loss: 0.0063, Train: 99.67%, Valid: 80.60%, Test: 81.60%, Best Valid: 88.80%, Best Test: 88.90%
Epoch: 900, Loss: 0.0042, Train: 100.00%, Valid: 84.40%, Test: 84.40%, Best Valid: 88.80%, Best Test: 88.90%
Run 01:
Highest Train: 100.00
Highest Valid: 88.80
Highest Test: 89.10
Chosen epoch: 395
Final Train: 100.00
Final Test: 88.90
Pre-training MLP for 500 epochs to generate co-occurrence matrix...
MLP pre-training complete. Penalty matrix frozen.
Epoch: 00, Loss: 4.6291, Train: 31.67%, Valid: 15.00%, Test: 15.00%, Best Valid: 15.00%, Best Test: 15.00%
Epoch: 100, Loss: 0.0094, Train: 100.00%, Valid: 84.00%, Test: 86.30%, Best Valid: 84.00%, Best Test: 86.30%
Epoch: 200, Loss: 0.0029, Train: 100.00%, Valid: 86.00%, Test: 87.30%, Best Valid: 87.60%, Best Test: 88.80%
Epoch: 300, Loss: 0.0014, Train: 100.00%, Valid: 86.00%, Test: 86.20%, Best Valid: 88.60%, Best Test: 88.10%
Epoch: 400, Loss: 0.0028, Train: 100.00%, Valid: 83.00%, Test: 85.90%, Best Valid: 88.60%, Best Test: 88.10%
Epoch: 500, Loss: 0.0057, Train: 100.00%, Valid: 85.60%, Test: 83.50%, Best Valid: 88.60%, Best Test: 88.10%
Epoch: 600, Loss: 0.0055, Train: 98.67%, Valid: 55.60%, Test: 59.40%, Best Valid: 88.60%, Best Test: 88.10%
Epoch: 700, Loss: 0.0949, Train: 96.67%, Valid: 66.80%, Test: 65.30%, Best Valid: 88.60%, Best Test: 88.10%
Epoch: 800, Loss: 0.0037, Train: 100.00%, Valid: 78.60%, Test: 79.20%, Best Valid: 88.60%, Best Test: 88.10%
Epoch: 900, Loss: 0.0110, Train: 99.67%, Valid: 85.80%, Test: 86.80%, Best Valid: 88.60%, Best Test: 88.10%
Run 02:
Highest Train: 100.00
Highest Valid: 88.60
Highest Test: 89.20
Chosen epoch: 271
Final Train: 100.00
Final Test: 88.10
Pre-training MLP for 500 epochs to generate co-occurrence matrix...
MLP pre-training complete. Penalty matrix frozen.
Epoch: 00, Loss: 4.2887, Train: 20.67%, Valid: 15.40%, Test: 16.40%, Best Valid: 15.40%, Best Test: 16.40%
Epoch: 100, Loss: 0.0043, Train: 100.00%, Valid: 89.80%, Test: 90.20%, Best Valid: 89.80%, Best Test: 90.20%
Epoch: 200, Loss: 0.0020, Train: 100.00%, Valid: 87.60%, Test: 87.50%, Best Valid: 90.40%, Best Test: 89.60%
Epoch: 300, Loss: 0.0056, Train: 100.00%, Valid: 88.20%, Test: 89.80%, Best Valid: 90.40%, Best Test: 89.60%
Epoch: 400, Loss: 0.0058, Train: 100.00%, Valid: 86.80%, Test: 87.20%, Best Valid: 90.40%, Best Test: 89.60%
Epoch: 500, Loss: 0.0021, Train: 100.00%, Valid: 83.20%, Test: 84.70%, Best Valid: 90.40%, Best Test: 89.60%
Epoch: 600, Loss: 0.0221, Train: 100.00%, Valid: 87.40%, Test: 88.00%, Best Valid: 90.40%, Best Test: 89.60%
Epoch: 700, Loss: 0.0052, Train: 100.00%, Valid: 84.60%, Test: 84.50%, Best Valid: 90.40%, Best Test: 89.60%
Epoch: 800, Loss: 0.0045, Train: 100.00%, Valid: 87.20%, Test: 87.80%, Best Valid: 90.40%, Best Test: 89.60%
Epoch: 900, Loss: 0.0030, Train: 100.00%, Valid: 86.20%, Test: 88.30%, Best Valid: 90.40%, Best Test: 89.60%
Run 03:
Highest Train: 100.00
Highest Valid: 90.40
Highest Test: 90.20
Chosen epoch: 116
Final Train: 100.00
Final Test: 89.60
Pre-training MLP for 500 epochs to generate co-occurrence matrix...
MLP pre-training complete. Penalty matrix frozen.
Epoch: 00, Loss: 4.0868, Train: 48.00%, Valid: 37.60%, Test: 41.00%, Best Valid: 37.60%, Best Test: 41.00%
Epoch: 100, Loss: 0.0057, Train: 100.00%, Valid: 88.20%, Test: 88.90%, Best Valid: 88.20%, Best Test: 89.00%
Epoch: 200, Loss: 0.0030, Train: 100.00%, Valid: 86.80%, Test: 88.80%, Best Valid: 89.20%, Best Test: 89.50%
Epoch: 300, Loss: 0.0036, Train: 100.00%, Valid: 87.00%, Test: 89.10%, Best Valid: 89.20%, Best Test: 89.50%
Epoch: 400, Loss: 0.0015, Train: 100.00%, Valid: 86.60%, Test: 87.40%, Best Valid: 89.20%, Best Test: 89.50%
Epoch: 500, Loss: 0.0032, Train: 100.00%, Valid: 81.40%, Test: 83.50%, Best Valid: 89.20%, Best Test: 89.50%
Epoch: 600, Loss: 0.0125, Train: 99.00%, Valid: 78.80%, Test: 81.00%, Best Valid: 89.20%, Best Test: 89.50%
Epoch: 700, Loss: 0.0032, Train: 100.00%, Valid: 85.60%, Test: 87.90%, Best Valid: 89.20%, Best Test: 89.50%
Epoch: 800, Loss: 0.0041, Train: 100.00%, Valid: 82.80%, Test: 81.80%, Best Valid: 89.20%, Best Test: 89.50%
Epoch: 900, Loss: 0.0054, Train: 100.00%, Valid: 84.20%, Test: 84.50%, Best Valid: 89.20%, Best Test: 89.50%
Run 04:
Highest Train: 100.00
Highest Valid: 89.20
Highest Test: 90.50
Chosen epoch: 109
Final Train: 100.00
Final Test: 89.50
Pre-training MLP for 500 epochs to generate co-occurrence matrix...
MLP pre-training complete. Penalty matrix frozen.
Epoch: 00, Loss: 4.6743, Train: 10.67%, Valid: 5.20%, Test: 5.10%, Best Valid: 5.20%, Best Test: 5.10%
Epoch: 100, Loss: 0.0091, Train: 100.00%, Valid: 89.00%, Test: 89.40%, Best Valid: 89.40%, Best Test: 89.30%
Epoch: 200, Loss: 0.0110, Train: 100.00%, Valid: 87.20%, Test: 87.80%, Best Valid: 90.20%, Best Test: 89.80%
Epoch: 300, Loss: 0.0032, Train: 99.67%, Valid: 83.20%, Test: 81.50%, Best Valid: 90.20%, Best Test: 89.80%
Epoch: 400, Loss: 0.0023, Train: 100.00%, Valid: 86.40%, Test: 87.20%, Best Valid: 90.20%, Best Test: 89.80%
Epoch: 500, Loss: 0.0030, Train: 100.00%, Valid: 84.80%, Test: 86.60%, Best Valid: 90.20%, Best Test: 89.80%
Epoch: 600, Loss: 0.0057, Train: 97.33%, Valid: 65.40%, Test: 64.90%, Best Valid: 90.20%, Best Test: 89.80%
Epoch: 700, Loss: 0.0031, Train: 100.00%, Valid: 83.00%, Test: 84.10%, Best Valid: 90.20%, Best Test: 89.80%
Epoch: 800, Loss: 0.0065, Train: 100.00%, Valid: 82.20%, Test: 83.10%, Best Valid: 90.20%, Best Test: 89.80%
Epoch: 900, Loss: 0.0047, Train: 100.00%, Valid: 78.20%, Test: 81.10%, Best Valid: 90.20%, Best Test: 89.80%
Run 05:
Highest Train: 100.00
Highest Valid: 90.20
Highest Test: 90.50
Chosen epoch: 102
Final Train: 100.00
Final Test: 89.80
All runs:
Highest Train: 100.00 ± 0.00
Highest Test: 89.90 ± 0.70
Highest Valid: 89.44 ± 0.82
  Final Train: 100.00 ± 0.00
   Final Test: 89.18 ± 0.69
Saving results to mlp_gt/results_full/coauthor-cs/sgformer.csv

Running with MLP-GT Regularization (lambda=0.4)...
Namespace(aggregate='add', alpha=0.5, attention='gcn', beta=-1.0, bn=False, cpu=False, data_dir='../data/', dataset='coauthor-cs', device=0, dim_inner=256, display_step=100, dropout=0.3, epochs=1000, global_dropout=None, global_layers=2, gnn='gcn', graph_weight=0.5, hidden_channels=256, hops=10, in_dropout=0.0, jk=False, label_num_per_class=20, lambda_val=0.4, layers=3, ln=False, local_gnn_type='GCN', local_layers=7, lr=0.01, metric='acc', mlp_epochs=500, mlp_reg=True, model='sgformer', model_dir='./model/', n_heads=1, num_centroids=4096, num_heads=1, oracle_reg=False, pe_types='RWSE', pre_linear=False, pre_ln=False, rand_split=False, rand_split_class=True, reg_start_epoch=10, reg_update_freq=5, res=False, result_dir='mlp_gt/results_full', runs=5, save_model=False, save_result=False, seed=123, test_num=1000, train_prop=0.5, use_act=True, use_bn=True, use_graph=True, use_reg=True, use_residual=True, use_weight=False, valid_num=500, valid_prop=0.25, weight_decay=0.0005)
coauthor-cs
train:torch.Size([300]), valid:torch.Size([500]), test:torch.Size([1000])
dataset coauthor-cs | num nodes 18333 | num edge 163788 | num node feats 6805 | num classes 15
MODEL: SGFormer(
  (trans_conv): TransConv(
    (convs): ModuleList(
      (0): TransConvLayer(
        (Wk): Linear(in_features=256, out_features=256, bias=True)
        (Wq): Linear(in_features=256, out_features=256, bias=True)
      )
      (1): TransConvLayer(
        (Wk): Linear(in_features=256, out_features=256, bias=True)
        (Wq): Linear(in_features=256, out_features=256, bias=True)
      )
      (2): TransConvLayer(
        (Wk): Linear(in_features=256, out_features=256, bias=True)
        (Wq): Linear(in_features=256, out_features=256, bias=True)
      )
    )
    (fcs): ModuleList(
      (0): Linear(in_features=6805, out_features=256, bias=True)
    )
    (bns): ModuleList(
      (0): LayerNorm((256,), eps=1e-05, elementwise_affine=True)
      (1): LayerNorm((256,), eps=1e-05, elementwise_affine=True)
      (2): LayerNorm((256,), eps=1e-05, elementwise_affine=True)
      (3): LayerNorm((256,), eps=1e-05, elementwise_affine=True)
    )
  )
  (gnn): GCN(
    (convs): ModuleList(
      (0): GCNConv(6805, 256)
      (1): GCNConv(256, 256)
      (2): GCNConv(256, 256)
    )
    (bns): ModuleList(
      (0): BatchNorm1d(256, eps=1e-05, momentum=0.1, affine=True, track_running_stats=True)
      (1): BatchNorm1d(256, eps=1e-05, momentum=0.1, affine=True, track_running_stats=True)
    )
  )
  (fc): Linear(in_features=256, out_features=15, bias=True)
)
Pre-training MLP for 500 epochs to generate co-occurrence matrix...
MLP pre-training complete. Penalty matrix frozen.
Epoch: 00, Loss: 3.8809, Train: 42.00%, Valid: 42.40%, Test: 36.60%, Best Valid: 42.40%, Best Test: 36.60%
Epoch: 100, Loss: 0.0094, Train: 99.67%, Valid: 86.40%, Test: 85.90%, Best Valid: 87.40%, Best Test: 86.60%
Epoch: 200, Loss: 0.0380, Train: 100.00%, Valid: 86.40%, Test: 87.30%, Best Valid: 87.40%, Best Test: 86.60%
Epoch: 300, Loss: 0.0127, Train: 100.00%, Valid: 86.40%, Test: 85.90%, Best Valid: 87.80%, Best Test: 89.30%
Epoch: 400, Loss: 0.0100, Train: 99.00%, Valid: 74.00%, Test: 77.00%, Best Valid: 87.80%, Best Test: 89.30%
Epoch: 500, Loss: 0.0169, Train: 100.00%, Valid: 84.40%, Test: 85.70%, Best Valid: 88.00%, Best Test: 87.80%
Epoch: 600, Loss: 0.0079, Train: 99.00%, Valid: 68.60%, Test: 69.10%, Best Valid: 88.00%, Best Test: 87.80%
Epoch: 700, Loss: 0.0177, Train: 99.67%, Valid: 83.80%, Test: 85.50%, Best Valid: 88.00%, Best Test: 87.80%
Epoch: 800, Loss: 0.0113, Train: 95.67%, Valid: 69.00%, Test: 69.50%, Best Valid: 88.00%, Best Test: 87.80%
Epoch: 900, Loss: 0.0073, Train: 99.67%, Valid: 57.00%, Test: 58.90%, Best Valid: 88.00%, Best Test: 87.80%
Run 01:
Highest Train: 100.00
Highest Valid: 88.00
Highest Test: 89.30
Chosen epoch: 441
Final Train: 100.00
Final Test: 87.80
Pre-training MLP for 500 epochs to generate co-occurrence matrix...
MLP pre-training complete. Penalty matrix frozen.
Epoch: 00, Loss: 5.1650, Train: 27.00%, Valid: 18.20%, Test: 18.40%, Best Valid: 18.20%, Best Test: 18.40%
Epoch: 100, Loss: 0.0065, Train: 100.00%, Valid: 86.20%, Test: 87.90%, Best Valid: 86.40%, Best Test: 87.80%
Epoch: 200, Loss: 0.0097, Train: 100.00%, Valid: 85.80%, Test: 86.60%, Best Valid: 90.20%, Best Test: 89.80%
Epoch: 300, Loss: 0.0084, Train: 100.00%, Valid: 86.40%, Test: 87.00%, Best Valid: 90.20%, Best Test: 89.80%
Epoch: 400, Loss: 0.0042, Train: 100.00%, Valid: 87.20%, Test: 88.70%, Best Valid: 90.20%, Best Test: 89.80%
Epoch: 500, Loss: 0.0203, Train: 100.00%, Valid: 83.20%, Test: 84.50%, Best Valid: 90.20%, Best Test: 89.80%
Epoch: 600, Loss: 0.0053, Train: 100.00%, Valid: 80.60%, Test: 75.80%, Best Valid: 90.20%, Best Test: 89.80%
Epoch: 700, Loss: 0.0097, Train: 99.67%, Valid: 84.60%, Test: 84.60%, Best Valid: 90.20%, Best Test: 89.80%
Epoch: 800, Loss: 0.0036, Train: 100.00%, Valid: 86.40%, Test: 85.50%, Best Valid: 90.20%, Best Test: 89.80%
Epoch: 900, Loss: 0.0160, Train: 95.33%, Valid: 67.00%, Test: 69.60%, Best Valid: 90.20%, Best Test: 89.80%
Run 02:
Highest Train: 100.00
Highest Valid: 90.20
Highest Test: 90.60
Chosen epoch: 153
Final Train: 100.00
Final Test: 89.80
Pre-training MLP for 500 epochs to generate co-occurrence matrix...
MLP pre-training complete. Penalty matrix frozen.
Epoch: 00, Loss: 5.2105, Train: 27.00%, Valid: 42.60%, Test: 36.20%, Best Valid: 42.60%, Best Test: 36.20%
Epoch: 100, Loss: 0.0080, Train: 100.00%, Valid: 84.00%, Test: 85.00%, Best Valid: 84.00%, Best Test: 85.10%
Epoch: 200, Loss: 0.0041, Train: 100.00%, Valid: 86.40%, Test: 87.10%, Best Valid: 88.80%, Best Test: 87.60%
Epoch: 300, Loss: 0.0056, Train: 100.00%, Valid: 86.80%, Test: 87.40%, Best Valid: 88.80%, Best Test: 87.60%
Epoch: 400, Loss: 0.0039, Train: 100.00%, Valid: 86.00%, Test: 87.20%, Best Valid: 88.80%, Best Test: 87.60%
Epoch: 500, Loss: 0.0043, Train: 100.00%, Valid: 87.40%, Test: 89.00%, Best Valid: 88.80%, Best Test: 87.60%
Epoch: 600, Loss: 0.0036, Train: 100.00%, Valid: 85.80%, Test: 87.90%, Best Valid: 88.80%, Best Test: 87.60%
Epoch: 700, Loss: 0.0074, Train: 100.00%, Valid: 87.20%, Test: 87.30%, Best Valid: 88.80%, Best Test: 87.60%
Epoch: 800, Loss: 0.0141, Train: 99.67%, Valid: 58.00%, Test: 59.00%, Best Valid: 88.80%, Best Test: 87.60%
Epoch: 900, Loss: 0.0065, Train: 100.00%, Valid: 83.20%, Test: 82.60%, Best Valid: 88.80%, Best Test: 87.60%
Run 03:
Highest Train: 100.00
Highest Valid: 89.60
Highest Test: 90.00
Chosen epoch: 999
Final Train: 100.00
Final Test: 89.20
Pre-training MLP for 500 epochs to generate co-occurrence matrix...
MLP pre-training complete. Penalty matrix frozen.
Epoch: 00, Loss: 5.0322, Train: 21.00%, Valid: 24.60%, Test: 21.20%, Best Valid: 24.60%, Best Test: 21.20%
Epoch: 100, Loss: 0.0047, Train: 100.00%, Valid: 84.60%, Test: 85.50%, Best Valid: 85.00%, Best Test: 85.20%
Epoch: 200, Loss: 0.0141, Train: 98.00%, Valid: 81.00%, Test: 82.30%, Best Valid: 89.40%, Best Test: 87.90%
Epoch: 300, Loss: 0.0079, Train: 100.00%, Valid: 88.20%, Test: 89.70%, Best Valid: 89.40%, Best Test: 87.90%
Epoch: 400, Loss: 0.0041, Train: 100.00%, Valid: 88.80%, Test: 90.10%, Best Valid: 89.40%, Best Test: 87.90%
Epoch: 500, Loss: 0.0082, Train: 100.00%, Valid: 82.20%, Test: 83.20%, Best Valid: 89.40%, Best Test: 87.90%
Epoch: 600, Loss: 0.0115, Train: 100.00%, Valid: 84.60%, Test: 82.60%, Best Valid: 89.40%, Best Test: 87.90%
Epoch: 700, Loss: 0.0031, Train: 100.00%, Valid: 86.60%, Test: 86.80%, Best Valid: 89.40%, Best Test: 87.90%
Epoch: 800, Loss: 0.0149, Train: 100.00%, Valid: 86.20%, Test: 87.50%, Best Valid: 89.40%, Best Test: 87.90%
Epoch: 900, Loss: 0.0044, Train: 100.00%, Valid: 85.80%, Test: 86.20%, Best Valid: 89.40%, Best Test: 87.90%
Run 04:
Highest Train: 100.00
Highest Valid: 89.40
Highest Test: 90.80
Chosen epoch: 193
Final Train: 100.00
Final Test: 87.90
Pre-training MLP for 500 epochs to generate co-occurrence matrix...
MLP pre-training complete. Penalty matrix frozen.
Epoch: 00, Loss: 5.0419, Train: 11.67%, Valid: 28.00%, Test: 22.20%, Best Valid: 28.00%, Best Test: 22.20%
Epoch: 100, Loss: 0.0044, Train: 99.67%, Valid: 85.00%, Test: 85.20%, Best Valid: 85.00%, Best Test: 85.20%
Epoch: 200, Loss: 0.0028, Train: 100.00%, Valid: 88.40%, Test: 87.70%, Best Valid: 91.00%, Best Test: 90.00%
Epoch: 300, Loss: 0.0033, Train: 100.00%, Valid: 86.80%, Test: 89.50%, Best Valid: 91.00%, Best Test: 90.00%
Epoch: 400, Loss: 0.0221, Train: 100.00%, Valid: 85.20%, Test: 87.40%, Best Valid: 91.00%, Best Test: 90.00%
Epoch: 500, Loss: 0.0071, Train: 96.33%, Valid: 59.80%, Test: 63.10%, Best Valid: 91.00%, Best Test: 90.00%
Epoch: 600, Loss: 0.0023, Train: 100.00%, Valid: 84.80%, Test: 85.40%, Best Valid: 91.00%, Best Test: 90.00%
Epoch: 700, Loss: 0.0042, Train: 100.00%, Valid: 82.00%, Test: 81.80%, Best Valid: 91.00%, Best Test: 90.00%
Epoch: 800, Loss: 0.0156, Train: 100.00%, Valid: 83.60%, Test: 83.10%, Best Valid: 91.00%, Best Test: 90.00%
Epoch: 900, Loss: 0.0033, Train: 100.00%, Valid: 80.20%, Test: 81.80%, Best Valid: 91.00%, Best Test: 90.00%
Run 05:
Highest Train: 100.00
Highest Valid: 91.00
Highest Test: 90.90
Chosen epoch: 137
Final Train: 100.00
Final Test: 90.00
All runs:
Highest Train: 100.00 ± 0.00
Highest Test: 90.32 ± 0.67
Highest Valid: 89.64 ± 1.11
  Final Train: 100.00 ± 0.00
   Final Test: 88.94 ± 1.04
Saving results to mlp_gt/results_full/coauthor-cs/sgformer.csv

GT sweep completed!
==========================================================
Task 37 (sgformer / coauthor-cs) completed at: Tue Apr 28 09:57:56 AM EDT 2026
==========================================================
