==========================================================
MLP-GT Full Sweep | Task 14
Job: 1011972 | Date: Tue Apr 28 08:00:50 AM EDT 2026 | Host: n0091
==========================================================
Tue Apr 28 08:00:56 2026       
+-----------------------------------------------------------------------------------------+
| NVIDIA-SMI 570.211.01             Driver Version: 570.211.01     CUDA Version: 12.8     |
|-----------------------------------------+------------------------+----------------------+
| GPU  Name                 Persistence-M | Bus-Id          Disp.A | Volatile Uncorr. ECC |
| Fan  Temp   Perf          Pwr:Usage/Cap |           Memory-Usage | GPU-Util  Compute M. |
|                                         |                        |               MIG M. |
|=========================================+========================+======================|
|   0  NVIDIA A100-SXM4-80GB          On  |   00000000:01:00.0 Off |                   On |
| N/A   32C    P0             87W /  500W |     923MiB /  81920MiB |     N/A      Default |
|                                         |                        |              Enabled |
+-----------------------------------------+------------------------+----------------------+
|   1  NVIDIA A100-SXM4-80GB          On  |   00000000:41:00.0 Off |                   On |
| N/A   28C    P0             86W /  500W |     689MiB /  81920MiB |     N/A      Default |
|                                         |                        |              Enabled |
+-----------------------------------------+------------------------+----------------------+
|   2  NVIDIA A100-SXM4-80GB          On  |   00000000:81:00.0 Off |                   On |
| N/A   27C    P0             51W /  500W |     185MiB /  81920MiB |     N/A      Default |
|                                         |                        |              Enabled |
+-----------------------------------------+------------------------+----------------------+
|   3  NVIDIA A100-SXM4-80GB          On  |   00000000:C1:00.0 Off |                   On |
| N/A   25C    P0             52W /  500W |     185MiB /  81920MiB |     N/A      Default |
|                                         |                        |              Enabled |
+-----------------------------------------+------------------------+----------------------+

+-----------------------------------------------------------------------------------------+
| MIG devices:                                                                            |
+------------------+----------------------------------+-----------+-----------------------+
| GPU  GI  CI  MIG |                     Memory-Usage |        Vol|        Shared         |
|      ID  ID  Dev |                       BAR1-Usage | SM     Unc| CE ENC  DEC  OFA  JPG |
|                  |                                  |        ECC|                       |
|==================+==================================+===========+=======================|
|  2    3   0   0  |              53MiB / 19968MiB    | 28      0 |  2   0    1    0    0 |
|                  |                 0MiB / 32767MiB  |           |                       |
+------------------+----------------------------------+-----------+-----------------------+
                                                                                         
+-----------------------------------------------------------------------------------------+
| Processes:                                                                              |
|  GPU   GI   CI              PID   Type   Process name                        GPU Memory |
|        ID   ID                                                               Usage      |
|=========================================================================================|
|    0    1    0           651033      C   python                                  732MiB |
|    1    1    0           651253      C   python                                  498MiB |
+-----------------------------------------------------------------------------------------+
1.12.1
True
NVIDIA A100-SXM4-80GB MIG 2g.20gb
Model: nodeformer | Dataset: cora
Split flags: --rand_split_class --valid_num 500 --test_num 1000 --seed 123
==========================================================
Starting mlp_gt GT Sweep for:
python main.py --model nodeformer --dataset cora         --hidden_channels 128 --global_layers 2 --num_heads 4         --lr 0.01 --weight_decay 5e-4 --dropout 0.3 --use_bn --epochs 1000         --runs 5 --device 0         --rand_split_class --valid_num 500 --test_num 1000 --seed 123
Result dir: mlp_gt/results_full
==========================================================
Running GT Baseline (no reg)...
Namespace(aggregate='add', alpha=0.5, attention='gcn', beta=-1.0, bn=False, cpu=False, data_dir='../data/', dataset='cora', device=0, dim_inner=128, display_step=100, dropout=0.3, epochs=1000, global_dropout=None, global_layers=2, gnn='gcn', graph_weight=0.8, hidden_channels=128, hops=10, in_dropout=0.0, jk=False, label_num_per_class=20, lambda_val=0.5, layers=1, ln=False, local_gnn_type='GCN', local_layers=7, lr=0.01, metric='acc', mlp_epochs=500, mlp_reg=False, model='nodeformer', model_dir='./model/', n_heads=4, num_centroids=4096, num_heads=4, oracle_reg=False, pe_types='RWSE', pre_linear=False, pre_ln=False, rand_split=False, rand_split_class=True, reg_start_epoch=10, reg_update_freq=5, res=False, result_dir='mlp_gt/results_full', runs=5, save_model=False, save_result=False, seed=123, test_num=1000, train_prop=0.5, use_act=False, use_bn=True, use_graph=False, use_reg=False, use_residual=False, use_weight=False, valid_num=500, valid_prop=0.25, weight_decay=0.0005)
cora
Num nodes: 2708
train:torch.Size([140]), valid:torch.Size([500]), test:torch.Size([1000])
dataset cora | num nodes 2708 | num edge 10556 | num node feats 1433 | num classes 7
MODEL: NodeFormer(
  (convs): ModuleList(
    (0): NodeFormerConv(
      (Wk): Linear(in_features=128, out_features=512, bias=True)
      (Wq): Linear(in_features=128, out_features=512, bias=True)
      (Wv): Linear(in_features=128, out_features=512, bias=True)
      (Wo): Linear(in_features=512, out_features=128, bias=True)
    )
    (1): NodeFormerConv(
      (Wk): Linear(in_features=128, out_features=512, bias=True)
      (Wq): Linear(in_features=128, out_features=512, bias=True)
      (Wv): Linear(in_features=128, out_features=512, bias=True)
      (Wo): Linear(in_features=512, out_features=128, bias=True)
    )
  )
  (fcs): ModuleList(
    (0): Linear(in_features=1433, out_features=128, bias=True)
    (1): Linear(in_features=128, out_features=7, bias=True)
  )
  (bns): ModuleList(
    (0): LayerNorm((128,), eps=1e-05, elementwise_affine=True)
    (1): LayerNorm((128,), eps=1e-05, elementwise_affine=True)
    (2): LayerNorm((128,), eps=1e-05, elementwise_affine=True)
  )
)

Running with MLP-GT Regularization (lambda=0.01)...
Namespace(aggregate='add', alpha=0.5, attention='gcn', beta=-1.0, bn=False, cpu=False, data_dir='../data/', dataset='cora', device=0, dim_inner=128, display_step=100, dropout=0.3, epochs=1000, global_dropout=None, global_layers=2, gnn='gcn', graph_weight=0.8, hidden_channels=128, hops=10, in_dropout=0.0, jk=False, label_num_per_class=20, lambda_val=0.01, layers=1, ln=False, local_gnn_type='GCN', local_layers=7, lr=0.01, metric='acc', mlp_epochs=500, mlp_reg=True, model='nodeformer', model_dir='./model/', n_heads=4, num_centroids=4096, num_heads=4, oracle_reg=False, pe_types='RWSE', pre_linear=False, pre_ln=False, rand_split=False, rand_split_class=True, reg_start_epoch=10, reg_update_freq=5, res=False, result_dir='mlp_gt/results_full', runs=5, save_model=False, save_result=False, seed=123, test_num=1000, train_prop=0.5, use_act=False, use_bn=True, use_graph=False, use_reg=True, use_residual=False, use_weight=False, valid_num=500, valid_prop=0.25, weight_decay=0.0005)
cora
Num nodes: 2708
train:torch.Size([140]), valid:torch.Size([500]), test:torch.Size([1000])
dataset cora | num nodes 2708 | num edge 10556 | num node feats 1433 | num classes 7
MODEL: NodeFormer(
  (convs): ModuleList(
    (0): NodeFormerConv(
      (Wk): Linear(in_features=128, out_features=512, bias=True)
      (Wq): Linear(in_features=128, out_features=512, bias=True)
      (Wv): Linear(in_features=128, out_features=512, bias=True)
      (Wo): Linear(in_features=512, out_features=128, bias=True)
    )
    (1): NodeFormerConv(
      (Wk): Linear(in_features=128, out_features=512, bias=True)
      (Wq): Linear(in_features=128, out_features=512, bias=True)
      (Wv): Linear(in_features=128, out_features=512, bias=True)
      (Wo): Linear(in_features=512, out_features=128, bias=True)
    )
  )
  (fcs): ModuleList(
    (0): Linear(in_features=1433, out_features=128, bias=True)
    (1): Linear(in_features=128, out_features=7, bias=True)
  )
  (bns): ModuleList(
    (0): LayerNorm((128,), eps=1e-05, elementwise_affine=True)
    (1): LayerNorm((128,), eps=1e-05, elementwise_affine=True)
    (2): LayerNorm((128,), eps=1e-05, elementwise_affine=True)
  )
)
Pre-training MLP for 500 epochs to generate co-occurrence matrix...
MLP pre-training complete. Penalty matrix frozen.

Running with MLP-GT Regularization (lambda=0.1)...
Namespace(aggregate='add', alpha=0.5, attention='gcn', beta=-1.0, bn=False, cpu=False, data_dir='../data/', dataset='cora', device=0, dim_inner=128, display_step=100, dropout=0.3, epochs=1000, global_dropout=None, global_layers=2, gnn='gcn', graph_weight=0.8, hidden_channels=128, hops=10, in_dropout=0.0, jk=False, label_num_per_class=20, lambda_val=0.1, layers=1, ln=False, local_gnn_type='GCN', local_layers=7, lr=0.01, metric='acc', mlp_epochs=500, mlp_reg=True, model='nodeformer', model_dir='./model/', n_heads=4, num_centroids=4096, num_heads=4, oracle_reg=False, pe_types='RWSE', pre_linear=False, pre_ln=False, rand_split=False, rand_split_class=True, reg_start_epoch=10, reg_update_freq=5, res=False, result_dir='mlp_gt/results_full', runs=5, save_model=False, save_result=False, seed=123, test_num=1000, train_prop=0.5, use_act=False, use_bn=True, use_graph=False, use_reg=True, use_residual=False, use_weight=False, valid_num=500, valid_prop=0.25, weight_decay=0.0005)
cora
Num nodes: 2708
train:torch.Size([140]), valid:torch.Size([500]), test:torch.Size([1000])
dataset cora | num nodes 2708 | num edge 10556 | num node feats 1433 | num classes 7
MODEL: NodeFormer(
  (convs): ModuleList(
    (0): NodeFormerConv(
      (Wk): Linear(in_features=128, out_features=512, bias=True)
      (Wq): Linear(in_features=128, out_features=512, bias=True)
      (Wv): Linear(in_features=128, out_features=512, bias=True)
      (Wo): Linear(in_features=512, out_features=128, bias=True)
    )
    (1): NodeFormerConv(
      (Wk): Linear(in_features=128, out_features=512, bias=True)
      (Wq): Linear(in_features=128, out_features=512, bias=True)
      (Wv): Linear(in_features=128, out_features=512, bias=True)
      (Wo): Linear(in_features=512, out_features=128, bias=True)
    )
  )
  (fcs): ModuleList(
    (0): Linear(in_features=1433, out_features=128, bias=True)
    (1): Linear(in_features=128, out_features=7, bias=True)
  )
  (bns): ModuleList(
    (0): LayerNorm((128,), eps=1e-05, elementwise_affine=True)
    (1): LayerNorm((128,), eps=1e-05, elementwise_affine=True)
    (2): LayerNorm((128,), eps=1e-05, elementwise_affine=True)
  )
)
Pre-training MLP for 500 epochs to generate co-occurrence matrix...
MLP pre-training complete. Penalty matrix frozen.

Running with MLP-GT Regularization (lambda=0.2)...
Namespace(aggregate='add', alpha=0.5, attention='gcn', beta=-1.0, bn=False, cpu=False, data_dir='../data/', dataset='cora', device=0, dim_inner=128, display_step=100, dropout=0.3, epochs=1000, global_dropout=None, global_layers=2, gnn='gcn', graph_weight=0.8, hidden_channels=128, hops=10, in_dropout=0.0, jk=False, label_num_per_class=20, lambda_val=0.2, layers=1, ln=False, local_gnn_type='GCN', local_layers=7, lr=0.01, metric='acc', mlp_epochs=500, mlp_reg=True, model='nodeformer', model_dir='./model/', n_heads=4, num_centroids=4096, num_heads=4, oracle_reg=False, pe_types='RWSE', pre_linear=False, pre_ln=False, rand_split=False, rand_split_class=True, reg_start_epoch=10, reg_update_freq=5, res=False, result_dir='mlp_gt/results_full', runs=5, save_model=False, save_result=False, seed=123, test_num=1000, train_prop=0.5, use_act=False, use_bn=True, use_graph=False, use_reg=True, use_residual=False, use_weight=False, valid_num=500, valid_prop=0.25, weight_decay=0.0005)
cora
Num nodes: 2708
train:torch.Size([140]), valid:torch.Size([500]), test:torch.Size([1000])
dataset cora | num nodes 2708 | num edge 10556 | num node feats 1433 | num classes 7
MODEL: NodeFormer(
  (convs): ModuleList(
    (0): NodeFormerConv(
      (Wk): Linear(in_features=128, out_features=512, bias=True)
      (Wq): Linear(in_features=128, out_features=512, bias=True)
      (Wv): Linear(in_features=128, out_features=512, bias=True)
      (Wo): Linear(in_features=512, out_features=128, bias=True)
    )
    (1): NodeFormerConv(
      (Wk): Linear(in_features=128, out_features=512, bias=True)
      (Wq): Linear(in_features=128, out_features=512, bias=True)
      (Wv): Linear(in_features=128, out_features=512, bias=True)
      (Wo): Linear(in_features=512, out_features=128, bias=True)
    )
  )
  (fcs): ModuleList(
    (0): Linear(in_features=1433, out_features=128, bias=True)
    (1): Linear(in_features=128, out_features=7, bias=True)
  )
  (bns): ModuleList(
    (0): LayerNorm((128,), eps=1e-05, elementwise_affine=True)
    (1): LayerNorm((128,), eps=1e-05, elementwise_affine=True)
    (2): LayerNorm((128,), eps=1e-05, elementwise_affine=True)
  )
)
Pre-training MLP for 500 epochs to generate co-occurrence matrix...
MLP pre-training complete. Penalty matrix frozen.

Running with MLP-GT Regularization (lambda=0.4)...
Namespace(aggregate='add', alpha=0.5, attention='gcn', beta=-1.0, bn=False, cpu=False, data_dir='../data/', dataset='cora', device=0, dim_inner=128, display_step=100, dropout=0.3, epochs=1000, global_dropout=None, global_layers=2, gnn='gcn', graph_weight=0.8, hidden_channels=128, hops=10, in_dropout=0.0, jk=False, label_num_per_class=20, lambda_val=0.4, layers=1, ln=False, local_gnn_type='GCN', local_layers=7, lr=0.01, metric='acc', mlp_epochs=500, mlp_reg=True, model='nodeformer', model_dir='./model/', n_heads=4, num_centroids=4096, num_heads=4, oracle_reg=False, pe_types='RWSE', pre_linear=False, pre_ln=False, rand_split=False, rand_split_class=True, reg_start_epoch=10, reg_update_freq=5, res=False, result_dir='mlp_gt/results_full', runs=5, save_model=False, save_result=False, seed=123, test_num=1000, train_prop=0.5, use_act=False, use_bn=True, use_graph=False, use_reg=True, use_residual=False, use_weight=False, valid_num=500, valid_prop=0.25, weight_decay=0.0005)
cora
Num nodes: 2708
train:torch.Size([140]), valid:torch.Size([500]), test:torch.Size([1000])
dataset cora | num nodes 2708 | num edge 10556 | num node feats 1433 | num classes 7
MODEL: NodeFormer(
  (convs): ModuleList(
    (0): NodeFormerConv(
      (Wk): Linear(in_features=128, out_features=512, bias=True)
      (Wq): Linear(in_features=128, out_features=512, bias=True)
      (Wv): Linear(in_features=128, out_features=512, bias=True)
      (Wo): Linear(in_features=512, out_features=128, bias=True)
    )
    (1): NodeFormerConv(
      (Wk): Linear(in_features=128, out_features=512, bias=True)
      (Wq): Linear(in_features=128, out_features=512, bias=True)
      (Wv): Linear(in_features=128, out_features=512, bias=True)
      (Wo): Linear(in_features=512, out_features=128, bias=True)
    )
  )
  (fcs): ModuleList(
    (0): Linear(in_features=1433, out_features=128, bias=True)
    (1): Linear(in_features=128, out_features=7, bias=True)
  )
  (bns): ModuleList(
    (0): LayerNorm((128,), eps=1e-05, elementwise_affine=True)
    (1): LayerNorm((128,), eps=1e-05, elementwise_affine=True)
    (2): LayerNorm((128,), eps=1e-05, elementwise_affine=True)
  )
)
Pre-training MLP for 500 epochs to generate co-occurrence matrix...
MLP pre-training complete. Penalty matrix frozen.

GT sweep completed!
==========================================================
Task 14 (nodeformer / cora) completed at: Tue Apr 28 08:02:09 AM EDT 2026
==========================================================
