==========================================================
MLP-GT Full Sweep | Task 6
Job: 1011972 | Date: Tue Apr 28 08:00:50 AM EDT 2026 | Host: n0002
==========================================================
Tue Apr 28 08:00:56 2026       
+-----------------------------------------------------------------------------------------+
| NVIDIA-SMI 570.211.01             Driver Version: 570.211.01     CUDA Version: 12.8     |
|-----------------------------------------+------------------------+----------------------+
| GPU  Name                 Persistence-M | Bus-Id          Disp.A | Volatile Uncorr. ECC |
| Fan  Temp   Perf          Pwr:Usage/Cap |           Memory-Usage | GPU-Util  Compute M. |
|                                         |                        |               MIG M. |
|=========================================+========================+======================|
|   0  NVIDIA A100-SXM4-80GB          On  |   00000000:01:00.0 Off |                   On |
| N/A   39C    P0            152W /  500W |    5273MiB /  81920MiB |     N/A      Default |
|                                         |                        |              Enabled |
+-----------------------------------------+------------------------+----------------------+
|   1  NVIDIA A100-SXM4-80GB          On  |   00000000:41:00.0 Off |                   On |
| N/A   26C    P0             48W /  500W |     185MiB /  81920MiB |     N/A      Default |
|                                         |                        |              Enabled |
+-----------------------------------------+------------------------+----------------------+
|   2  NVIDIA A100-SXM4-80GB          On  |   00000000:81:00.0 Off |                   On |
| N/A   27C    P0             50W /  500W |     185MiB /  81920MiB |     N/A      Default |
|                                         |                        |              Enabled |
+-----------------------------------------+------------------------+----------------------+
|   3  NVIDIA A100-SXM4-80GB          On  |   00000000:C1:00.0 Off |                   On |
| N/A   29C    P0             90W /  500W |     703MiB /  81920MiB |     N/A      Default |
|                                         |                        |              Enabled |
+-----------------------------------------+------------------------+----------------------+

+-----------------------------------------------------------------------------------------+
| MIG devices:                                                                            |
+------------------+----------------------------------+-----------+-----------------------+
| GPU  GI  CI  MIG |                     Memory-Usage |        Vol|        Shared         |
|      ID  ID  Dev |                       BAR1-Usage | SM     Unc| CE ENC  DEC  OFA  JPG |
|                  |                                  |        ECC|                       |
|==================+==================================+===========+=======================|
|  2    3   0   0  |              53MiB / 19968MiB    | 28      0 |  2   0    1    0    0 |
|                  |                 0MiB / 32767MiB  |           |                       |
+------------------+----------------------------------+-----------+-----------------------+
                                                                                         
+-----------------------------------------------------------------------------------------+
| Processes:                                                                              |
|  GPU   GI   CI              PID   Type   Process name                        GPU Memory |
|        ID   ID                                                               Usage      |
|=========================================================================================|
|    0    1    0          3219811      C   python                                 5082MiB |
|    3    1    0          3221101      C   python                                  512MiB |
+-----------------------------------------------------------------------------------------+
1.12.1
True
NVIDIA A100-SXM4-80GB MIG 2g.20gb
Model: polynormer | Dataset: roman-empire
Split flags: 
==========================================================
Starting mlp_gt GT Sweep for:
python main.py --model polynormer --dataset roman-empire         --hidden_channels 128 --local_layers 2 --global_layers 2 --num_heads 4         --lr 0.01 --weight_decay 5e-4 --dropout 0.3 --epochs 1000         --runs 5 --device 0         
Result dir: mlp_gt/results_full
==========================================================
Running GT Baseline (no reg)...
Namespace(aggregate='add', alpha=0.5, attention='gcn', beta=-1.0, bn=False, cpu=False, data_dir='../data/', dataset='roman-empire', device=0, dim_inner=128, display_step=100, dropout=0.3, epochs=1000, global_dropout=None, global_layers=2, gnn='gcn', graph_weight=0.8, hidden_channels=128, hops=10, in_dropout=0.0, jk=False, label_num_per_class=20, lambda_val=0.5, layers=1, ln=False, local_gnn_type='GCN', local_layers=2, lr=0.01, metric='acc', mlp_epochs=500, mlp_reg=False, model='polynormer', model_dir='./model/', n_heads=4, num_centroids=4096, num_heads=4, oracle_reg=False, pe_types='RWSE', pre_linear=False, pre_ln=False, rand_split=False, rand_split_class=False, reg_start_epoch=10, reg_update_freq=5, res=False, result_dir='mlp_gt/results_full', runs=5, save_model=False, save_result=False, seed=42, test_num=1000, train_prop=0.5, use_act=False, use_bn=False, use_graph=False, use_reg=False, use_residual=False, use_weight=False, valid_num=500, valid_prop=0.25, weight_decay=0.0005)
roman-empire
dataset roman-empire | num nodes 22662 | num edge 32927 | num node feats 300 | num classes 18
MODEL: Polynormer(
  (h_lins): ModuleList(
    (0): Linear(in_features=512, out_features=512, bias=True)
    (1): Linear(in_features=512, out_features=512, bias=True)
  )
  (local_convs): ModuleList(
    (0): GATConv(512, 128, heads=4)
    (1): GATConv(512, 128, heads=4)
  )
  (lins): ModuleList(
    (0): Linear(in_features=512, out_features=512, bias=True)
    (1): Linear(in_features=512, out_features=512, bias=True)
  )
  (lns): ModuleList(
    (0): LayerNorm((512,), eps=1e-05, elementwise_affine=True)
    (1): LayerNorm((512,), eps=1e-05, elementwise_affine=True)
  )
  (lin_in): Linear(in_features=300, out_features=512, bias=True)
  (ln): LayerNorm((512,), eps=1e-05, elementwise_affine=True)
  (global_attn): GlobalAttn(
    (h_lins): ModuleList(
      (0): Linear(in_features=512, out_features=512, bias=True)
      (1): Linear(in_features=512, out_features=512, bias=True)
    )
    (k_lins): ModuleList(
      (0): Linear(in_features=512, out_features=512, bias=True)
      (1): Linear(in_features=512, out_features=512, bias=True)
    )
    (v_lins): ModuleList(
      (0): Linear(in_features=512, out_features=512, bias=True)
      (1): Linear(in_features=512, out_features=512, bias=True)
    )
    (lns): ModuleList(
      (0): LayerNorm((512,), eps=1e-05, elementwise_affine=True)
      (1): LayerNorm((512,), eps=1e-05, elementwise_affine=True)
    )
    (lin_out): Linear(in_features=512, out_features=512, bias=True)
  )
  (pred_local): Linear(in_features=512, out_features=18, bias=True)
  (pred_global): Linear(in_features=512, out_features=18, bias=True)
)
Epoch: 00, Loss: 2.9370, Train: 26.02%, Valid: 25.91%, Test: 25.98%, Best Valid: 25.91%, Best Test: 25.98%
Epoch: 100, Loss: 0.3494, Train: 91.92%, Valid: 81.75%, Test: 81.86%, Best Valid: 81.75%, Best Test: 81.86%
Epoch: 200, Loss: 0.0852, Train: 99.73%, Valid: 83.48%, Test: 83.13%, Best Valid: 83.92%, Best Test: 82.77%
Epoch: 300, Loss: 0.0631, Train: 99.89%, Valid: 83.74%, Test: 84.08%, Best Valid: 84.40%, Best Test: 83.55%
Epoch: 400, Loss: 0.0678, Train: 99.85%, Valid: 84.27%, Test: 84.22%, Best Valid: 84.73%, Best Test: 84.27%
Epoch: 500, Loss: 0.0603, Train: 99.94%, Valid: 84.41%, Test: 83.80%, Best Valid: 85.15%, Best Test: 84.54%
Epoch: 600, Loss: 0.0611, Train: 99.87%, Valid: 84.36%, Test: 83.64%, Best Valid: 85.53%, Best Test: 84.13%
Epoch: 700, Loss: 0.0517, Train: 99.83%, Valid: 84.17%, Test: 84.27%, Best Valid: 85.53%, Best Test: 84.13%
Epoch: 800, Loss: 0.0671, Train: 99.94%, Valid: 84.80%, Test: 84.20%, Best Valid: 85.53%, Best Test: 84.13%
Epoch: 900, Loss: 0.0631, Train: 99.88%, Valid: 85.15%, Test: 85.14%, Best Valid: 85.53%, Best Test: 84.13%
Run 01:
Highest Train: 99.98
Highest Valid: 85.53
Highest Test: 85.46
Chosen epoch: 529
Final Train: 99.88
Final Test: 84.13
Epoch: 00, Loss: 3.0198, Train: 25.96%, Valid: 25.65%, Test: 25.56%, Best Valid: 25.65%, Best Test: 25.56%
Epoch: 100, Loss: 0.2822, Train: 94.57%, Valid: 82.68%, Test: 82.05%, Best Valid: 83.14%, Best Test: 81.43%
Epoch: 200, Loss: 0.0703, Train: 99.83%, Valid: 84.02%, Test: 83.83%, Best Valid: 84.85%, Best Test: 83.76%
Epoch: 300, Loss: 0.0655, Train: 99.92%, Valid: 85.54%, Test: 85.32%, Best Valid: 85.54%, Best Test: 85.09%
Epoch: 400, Loss: 0.0604, Train: 99.96%, Valid: 85.56%, Test: 85.09%, Best Valid: 85.77%, Best Test: 85.42%
Epoch: 500, Loss: 0.0514, Train: 99.91%, Valid: 85.70%, Test: 85.63%, Best Valid: 85.97%, Best Test: 85.00%
Epoch: 600, Loss: 0.0653, Train: 99.88%, Valid: 85.72%, Test: 85.88%, Best Valid: 86.02%, Best Test: 85.63%
Epoch: 700, Loss: 0.0635, Train: 99.82%, Valid: 85.81%, Test: 85.60%, Best Valid: 86.37%, Best Test: 85.49%
Epoch: 800, Loss: 0.0884, Train: 99.67%, Valid: 85.33%, Test: 84.93%, Best Valid: 86.37%, Best Test: 85.49%
Epoch: 900, Loss: 0.0739, Train: 99.91%, Valid: 85.60%, Test: 85.76%, Best Valid: 86.37%, Best Test: 85.49%
Run 02:
Highest Train: 99.99
Highest Valid: 86.41
Highest Test: 86.66
Chosen epoch: 976
Final Train: 99.93
Final Test: 85.51
Epoch: 00, Loss: 2.9346, Train: 34.38%, Valid: 34.69%, Test: 34.86%, Best Valid: 34.69%, Best Test: 34.86%
Epoch: 100, Loss: 0.3461, Train: 91.53%, Valid: 80.99%, Test: 81.61%, Best Valid: 81.06%, Best Test: 81.10%
Epoch: 200, Loss: 0.0822, Train: 99.80%, Valid: 82.75%, Test: 83.85%, Best Valid: 82.77%, Best Test: 83.71%
Epoch: 300, Loss: 0.0776, Train: 99.77%, Valid: 83.51%, Test: 84.03%, Best Valid: 84.17%, Best Test: 84.33%
Epoch: 400, Loss: 0.0587, Train: 99.93%, Valid: 84.15%, Test: 84.70%, Best Valid: 84.55%, Best Test: 84.80%
Epoch: 500, Loss: 0.0586, Train: 99.92%, Valid: 84.24%, Test: 84.43%, Best Valid: 85.07%, Best Test: 85.60%
Epoch: 600, Loss: 0.0649, Train: 99.91%, Valid: 84.75%, Test: 85.56%, Best Valid: 85.26%, Best Test: 85.16%
Epoch: 700, Loss: 0.0604, Train: 99.96%, Valid: 85.10%, Test: 86.04%, Best Valid: 85.72%, Best Test: 85.26%
Epoch: 800, Loss: 0.0613, Train: 99.84%, Valid: 84.73%, Test: 84.79%, Best Valid: 85.72%, Best Test: 85.26%
Epoch: 900, Loss: 0.0671, Train: 99.85%, Valid: 84.84%, Test: 85.05%, Best Valid: 85.72%, Best Test: 85.26%
Run 03:
Highest Train: 99.99
Highest Valid: 85.72
Highest Test: 86.29
Chosen epoch: 693
Final Train: 99.89
Final Test: 85.26
Epoch: 00, Loss: 2.9558, Train: 25.43%, Valid: 25.56%, Test: 25.77%, Best Valid: 25.56%, Best Test: 25.77%
Epoch: 100, Loss: 0.2798, Train: 94.32%, Valid: 82.15%, Test: 81.96%, Best Valid: 82.54%, Best Test: 81.63%
Epoch: 200, Loss: 0.0788, Train: 99.79%, Valid: 84.32%, Test: 83.89%, Best Valid: 84.57%, Best Test: 84.24%
Epoch: 300, Loss: 0.0624, Train: 99.92%, Valid: 84.75%, Test: 84.01%, Best Valid: 85.12%, Best Test: 83.80%
Epoch: 400, Loss: 0.0620, Train: 99.89%, Valid: 85.42%, Test: 84.79%, Best Valid: 85.42%, Best Test: 84.79%
Epoch: 500, Loss: 0.0614, Train: 99.82%, Valid: 85.37%, Test: 84.93%, Best Valid: 85.72%, Best Test: 84.72%
Epoch: 600, Loss: 0.0676, Train: 99.79%, Valid: 84.66%, Test: 84.59%, Best Valid: 86.28%, Best Test: 85.10%
Epoch: 700, Loss: 0.0656, Train: 99.83%, Valid: 84.77%, Test: 85.09%, Best Valid: 86.28%, Best Test: 85.10%
Epoch: 800, Loss: 0.0629, Train: 99.86%, Valid: 85.58%, Test: 85.35%, Best Valid: 86.28%, Best Test: 85.10%
Epoch: 900, Loss: 0.0664, Train: 99.84%, Valid: 85.68%, Test: 85.02%, Best Valid: 86.28%, Best Test: 85.10%
Run 04:
Highest Train: 99.96
Highest Valid: 86.28
Highest Test: 85.77
Chosen epoch: 574
Final Train: 99.93
Final Test: 85.10
Epoch: 00, Loss: 2.8741, Train: 23.86%, Valid: 24.10%, Test: 23.16%, Best Valid: 24.10%, Best Test: 23.16%
Epoch: 100, Loss: 0.2648, Train: 95.38%, Valid: 82.31%, Test: 81.43%, Best Valid: 82.56%, Best Test: 81.52%
Epoch: 200, Loss: 0.0647, Train: 99.82%, Valid: 83.97%, Test: 83.82%, Best Valid: 83.97%, Best Test: 83.82%
Epoch: 300, Loss: 0.0593, Train: 99.82%, Valid: 84.43%, Test: 83.78%, Best Valid: 84.61%, Best Test: 84.56%
Epoch: 400, Loss: 0.0748, Train: 99.76%, Valid: 84.18%, Test: 83.87%, Best Valid: 85.19%, Best Test: 84.49%
Epoch: 500, Loss: 0.0646, Train: 99.89%, Valid: 84.73%, Test: 83.99%, Best Valid: 85.42%, Best Test: 85.25%
Epoch: 600, Loss: 0.0683, Train: 99.80%, Valid: 84.75%, Test: 83.87%, Best Valid: 85.42%, Best Test: 85.25%
Epoch: 700, Loss: 0.0898, Train: 99.32%, Valid: 83.72%, Test: 83.71%, Best Valid: 85.47%, Best Test: 84.33%
Epoch: 800, Loss: 0.0572, Train: 99.92%, Valid: 85.03%, Test: 84.61%, Best Valid: 85.47%, Best Test: 84.33%
Epoch: 900, Loss: 0.0652, Train: 99.88%, Valid: 84.73%, Test: 84.49%, Best Valid: 85.51%, Best Test: 85.26%
Run 05:
Highest Train: 99.98
Highest Valid: 85.79
Highest Test: 85.37
Chosen epoch: 988
Final Train: 99.84
Final Test: 84.59
All runs:
Highest Train: 99.98 ± 0.01
Highest Test: 85.91 ± 0.55
Highest Valid: 85.95 ± 0.38
  Final Train: 99.89 ± 0.04
   Final Test: 84.92 ± 0.55
Saving results to mlp_gt/results_full/roman-empire/polynormer.csv

Running with MLP-GT Regularization (lambda=0.01)...
Namespace(aggregate='add', alpha=0.5, attention='gcn', beta=-1.0, bn=False, cpu=False, data_dir='../data/', dataset='roman-empire', device=0, dim_inner=128, display_step=100, dropout=0.3, epochs=1000, global_dropout=None, global_layers=2, gnn='gcn', graph_weight=0.8, hidden_channels=128, hops=10, in_dropout=0.0, jk=False, label_num_per_class=20, lambda_val=0.01, layers=1, ln=False, local_gnn_type='GCN', local_layers=2, lr=0.01, metric='acc', mlp_epochs=500, mlp_reg=True, model='polynormer', model_dir='./model/', n_heads=4, num_centroids=4096, num_heads=4, oracle_reg=False, pe_types='RWSE', pre_linear=False, pre_ln=False, rand_split=False, rand_split_class=False, reg_start_epoch=10, reg_update_freq=5, res=False, result_dir='mlp_gt/results_full', runs=5, save_model=False, save_result=False, seed=42, test_num=1000, train_prop=0.5, use_act=False, use_bn=False, use_graph=False, use_reg=True, use_residual=False, use_weight=False, valid_num=500, valid_prop=0.25, weight_decay=0.0005)
roman-empire
dataset roman-empire | num nodes 22662 | num edge 32927 | num node feats 300 | num classes 18
MODEL: Polynormer(
  (h_lins): ModuleList(
    (0): Linear(in_features=512, out_features=512, bias=True)
    (1): Linear(in_features=512, out_features=512, bias=True)
  )
  (local_convs): ModuleList(
    (0): GATConv(512, 128, heads=4)
    (1): GATConv(512, 128, heads=4)
  )
  (lins): ModuleList(
    (0): Linear(in_features=512, out_features=512, bias=True)
    (1): Linear(in_features=512, out_features=512, bias=True)
  )
  (lns): ModuleList(
    (0): LayerNorm((512,), eps=1e-05, elementwise_affine=True)
    (1): LayerNorm((512,), eps=1e-05, elementwise_affine=True)
  )
  (lin_in): Linear(in_features=300, out_features=512, bias=True)
  (ln): LayerNorm((512,), eps=1e-05, elementwise_affine=True)
  (global_attn): GlobalAttn(
    (h_lins): ModuleList(
      (0): Linear(in_features=512, out_features=512, bias=True)
      (1): Linear(in_features=512, out_features=512, bias=True)
    )
    (k_lins): ModuleList(
      (0): Linear(in_features=512, out_features=512, bias=True)
      (1): Linear(in_features=512, out_features=512, bias=True)
    )
    (v_lins): ModuleList(
      (0): Linear(in_features=512, out_features=512, bias=True)
      (1): Linear(in_features=512, out_features=512, bias=True)
    )
    (lns): ModuleList(
      (0): LayerNorm((512,), eps=1e-05, elementwise_affine=True)
      (1): LayerNorm((512,), eps=1e-05, elementwise_affine=True)
    )
    (lin_out): Linear(in_features=512, out_features=512, bias=True)
  )
  (pred_local): Linear(in_features=512, out_features=18, bias=True)
  (pred_global): Linear(in_features=512, out_features=18, bias=True)
)
Pre-training MLP for 500 epochs to generate co-occurrence matrix...
MLP pre-training complete. Penalty matrix frozen.
Epoch: 00, Loss: 2.9673, Train: 26.18%, Valid: 26.02%, Test: 26.10%, Best Valid: 26.02%, Best Test: 26.10%
Epoch: 100, Loss: 0.3415, Train: 92.83%, Valid: 82.26%, Test: 81.82%, Best Valid: 82.31%, Best Test: 81.75%
Epoch: 200, Loss: 0.0731, Train: 99.79%, Valid: 84.77%, Test: 83.94%, Best Valid: 84.80%, Best Test: 83.97%
Epoch: 300, Loss: 0.0609, Train: 99.91%, Valid: 84.94%, Test: 83.97%, Best Valid: 85.54%, Best Test: 83.92%
Epoch: 400, Loss: 0.0566, Train: 99.96%, Valid: 85.08%, Test: 84.31%, Best Valid: 85.54%, Best Test: 83.92%
Epoch: 500, Loss: 0.0616, Train: 99.91%, Valid: 84.92%, Test: 84.10%, Best Valid: 85.79%, Best Test: 84.47%
Epoch: 600, Loss: 0.0661, Train: 99.67%, Valid: 84.68%, Test: 84.35%, Best Valid: 85.98%, Best Test: 84.86%
Epoch: 700, Loss: 0.0599, Train: 99.67%, Valid: 85.37%, Test: 84.63%, Best Valid: 85.98%, Best Test: 84.86%
Epoch: 800, Loss: 0.0708, Train: 99.91%, Valid: 84.91%, Test: 84.61%, Best Valid: 86.25%, Best Test: 85.10%
Epoch: 900, Loss: 0.0619, Train: 99.92%, Valid: 84.80%, Test: 84.43%, Best Valid: 86.25%, Best Test: 85.10%
Run 01:
Highest Train: 99.98
Highest Valid: 86.25
Highest Test: 85.88
Chosen epoch: 778
Final Train: 99.98
Final Test: 85.10
Pre-training MLP for 500 epochs to generate co-occurrence matrix...
MLP pre-training complete. Penalty matrix frozen.
Epoch: 00, Loss: 3.0017, Train: 26.19%, Valid: 26.30%, Test: 26.28%, Best Valid: 26.30%, Best Test: 26.28%
Epoch: 100, Loss: 0.2906, Train: 94.41%, Valid: 82.82%, Test: 82.56%, Best Valid: 83.07%, Best Test: 82.44%
Epoch: 200, Loss: 0.0733, Train: 99.87%, Valid: 84.78%, Test: 84.27%, Best Valid: 85.00%, Best Test: 84.43%
Epoch: 300, Loss: 0.0658, Train: 99.93%, Valid: 84.98%, Test: 84.63%, Best Valid: 86.05%, Best Test: 84.68%
Epoch: 400, Loss: 0.0556, Train: 99.92%, Valid: 86.23%, Test: 85.35%, Best Valid: 86.28%, Best Test: 85.35%
Epoch: 500, Loss: 0.0650, Train: 99.84%, Valid: 85.72%, Test: 84.82%, Best Valid: 86.50%, Best Test: 85.56%
Epoch: 600, Loss: 0.0603, Train: 99.93%, Valid: 85.60%, Test: 85.37%, Best Valid: 86.55%, Best Test: 85.74%
Epoch: 700, Loss: 0.0676, Train: 99.88%, Valid: 86.07%, Test: 85.55%, Best Valid: 86.60%, Best Test: 85.85%
Epoch: 800, Loss: 0.0741, Train: 99.81%, Valid: 85.58%, Test: 85.44%, Best Valid: 86.60%, Best Test: 85.85%
Epoch: 900, Loss: 0.0586, Train: 99.90%, Valid: 85.98%, Test: 85.74%, Best Valid: 86.69%, Best Test: 85.77%
Run 02:
Highest Train: 99.99
Highest Valid: 86.69
Highest Test: 86.30
Chosen epoch: 862
Final Train: 99.92
Final Test: 85.77
Pre-training MLP for 500 epochs to generate co-occurrence matrix...
MLP pre-training complete. Penalty matrix frozen.
Epoch: 00, Loss: 2.9876, Train: 26.24%, Valid: 26.62%, Test: 26.54%, Best Valid: 26.62%, Best Test: 26.54%
Epoch: 100, Loss: 0.2578, Train: 95.41%, Valid: 81.89%, Test: 82.76%, Best Valid: 81.89%, Best Test: 82.76%
Epoch: 200, Loss: 0.0678, Train: 99.77%, Valid: 83.35%, Test: 83.82%, Best Valid: 83.58%, Best Test: 84.47%
Epoch: 300, Loss: 0.0710, Train: 99.60%, Valid: 83.20%, Test: 83.82%, Best Valid: 84.24%, Best Test: 85.10%
Epoch: 400, Loss: 0.0919, Train: 99.20%, Valid: 82.40%, Test: 83.60%, Best Valid: 84.24%, Best Test: 85.10%
Epoch: 500, Loss: 0.0676, Train: 99.88%, Valid: 83.99%, Test: 85.14%, Best Valid: 84.48%, Best Test: 85.76%
Epoch: 600, Loss: 1.0410, Train: 71.68%, Valid: 69.69%, Test: 69.56%, Best Valid: 84.59%, Best Test: 85.42%
Epoch: 700, Loss: 0.4497, Train: 89.10%, Valid: 81.92%, Test: 82.33%, Best Valid: 84.59%, Best Test: 85.42%
Epoch: 800, Loss: 0.2179, Train: 97.31%, Valid: 84.08%, Test: 84.47%, Best Valid: 84.59%, Best Test: 85.42%
Epoch: 900, Loss: 0.1366, Train: 99.38%, Valid: 83.27%, Test: 84.22%, Best Valid: 84.59%, Best Test: 85.42%
Run 03:
Highest Train: 99.99
Highest Valid: 84.59
Highest Test: 85.76
Chosen epoch: 539
Final Train: 99.85
Final Test: 85.42
Pre-training MLP for 500 epochs to generate co-occurrence matrix...
MLP pre-training complete. Penalty matrix frozen.
Epoch: 00, Loss: 2.9733, Train: 26.09%, Valid: 26.04%, Test: 26.16%, Best Valid: 26.04%, Best Test: 26.16%
Epoch: 100, Loss: 0.3173, Train: 93.38%, Valid: 82.31%, Test: 82.17%, Best Valid: 82.40%, Best Test: 81.33%
Epoch: 200, Loss: 0.0787, Train: 99.75%, Valid: 82.98%, Test: 82.67%, Best Valid: 84.10%, Best Test: 83.64%
Epoch: 300, Loss: 0.0618, Train: 99.78%, Valid: 83.85%, Test: 83.52%, Best Valid: 84.34%, Best Test: 83.18%
Epoch: 400, Loss: 0.0620, Train: 99.88%, Valid: 84.48%, Test: 84.49%, Best Valid: 85.15%, Best Test: 84.47%
Epoch: 500, Loss: 0.0634, Train: 99.85%, Valid: 85.05%, Test: 84.20%, Best Valid: 85.35%, Best Test: 84.95%
Epoch: 600, Loss: 0.0722, Train: 99.85%, Valid: 84.61%, Test: 84.45%, Best Valid: 85.44%, Best Test: 84.57%
Epoch: 700, Loss: 0.0795, Train: 99.80%, Valid: 84.78%, Test: 84.47%, Best Valid: 85.58%, Best Test: 84.59%
Epoch: 800, Loss: 0.0635, Train: 99.92%, Valid: 85.01%, Test: 84.86%, Best Valid: 85.72%, Best Test: 85.14%
Epoch: 900, Loss: 0.0683, Train: 99.87%, Valid: 85.01%, Test: 85.00%, Best Valid: 85.72%, Best Test: 85.14%
Run 04:
Highest Train: 99.97
Highest Valid: 85.72
Highest Test: 85.58
Chosen epoch: 771
Final Train: 99.89
Final Test: 85.14
Pre-training MLP for 500 epochs to generate co-occurrence matrix...
MLP pre-training complete. Penalty matrix frozen.
Epoch: 00, Loss: 2.9791, Train: 33.92%, Valid: 34.09%, Test: 34.29%, Best Valid: 34.09%, Best Test: 34.29%
Epoch: 100, Loss: 0.2393, Train: 95.70%, Valid: 82.31%, Test: 81.45%, Best Valid: 82.58%, Best Test: 81.29%
Epoch: 200, Loss: 0.0772, Train: 99.62%, Valid: 84.02%, Test: 83.41%, Best Valid: 84.11%, Best Test: 83.07%
Epoch: 300, Loss: 0.0553, Train: 99.87%, Valid: 84.41%, Test: 84.01%, Best Valid: 84.75%, Best Test: 83.43%
Epoch: 400, Loss: 0.0614, Train: 99.89%, Valid: 85.21%, Test: 84.35%, Best Valid: 85.21%, Best Test: 84.35%
Epoch: 500, Loss: 0.0656, Train: 99.85%, Valid: 85.19%, Test: 84.68%, Best Valid: 85.60%, Best Test: 84.20%
Epoch: 600, Loss: 0.0571, Train: 99.82%, Valid: 85.12%, Test: 84.36%, Best Valid: 85.60%, Best Test: 84.20%
Epoch: 700, Loss: 0.0569, Train: 99.93%, Valid: 85.60%, Test: 84.72%, Best Valid: 85.86%, Best Test: 84.84%
Epoch: 800, Loss: 0.0663, Train: 99.81%, Valid: 85.42%, Test: 84.96%, Best Valid: 85.86%, Best Test: 84.84%
Epoch: 900, Loss: 0.0666, Train: 99.83%, Valid: 85.51%, Test: 84.52%, Best Valid: 86.21%, Best Test: 85.02%
Run 05:
Highest Train: 99.97
Highest Valid: 86.21
Highest Test: 85.44
Chosen epoch: 811
Final Train: 99.89
Final Test: 85.02
All runs:
Highest Train: 99.98 ± 0.01
Highest Test: 85.79 ± 0.33
Highest Valid: 85.89 ± 0.81
  Final Train: 99.91 ± 0.05
   Final Test: 85.29 ± 0.31
Saving results to mlp_gt/results_full/roman-empire/polynormer.csv

Running with MLP-GT Regularization (lambda=0.1)...
Namespace(aggregate='add', alpha=0.5, attention='gcn', beta=-1.0, bn=False, cpu=False, data_dir='../data/', dataset='roman-empire', device=0, dim_inner=128, display_step=100, dropout=0.3, epochs=1000, global_dropout=None, global_layers=2, gnn='gcn', graph_weight=0.8, hidden_channels=128, hops=10, in_dropout=0.0, jk=False, label_num_per_class=20, lambda_val=0.1, layers=1, ln=False, local_gnn_type='GCN', local_layers=2, lr=0.01, metric='acc', mlp_epochs=500, mlp_reg=True, model='polynormer', model_dir='./model/', n_heads=4, num_centroids=4096, num_heads=4, oracle_reg=False, pe_types='RWSE', pre_linear=False, pre_ln=False, rand_split=False, rand_split_class=False, reg_start_epoch=10, reg_update_freq=5, res=False, result_dir='mlp_gt/results_full', runs=5, save_model=False, save_result=False, seed=42, test_num=1000, train_prop=0.5, use_act=False, use_bn=False, use_graph=False, use_reg=True, use_residual=False, use_weight=False, valid_num=500, valid_prop=0.25, weight_decay=0.0005)
roman-empire
dataset roman-empire | num nodes 22662 | num edge 32927 | num node feats 300 | num classes 18
MODEL: Polynormer(
  (h_lins): ModuleList(
    (0): Linear(in_features=512, out_features=512, bias=True)
    (1): Linear(in_features=512, out_features=512, bias=True)
  )
  (local_convs): ModuleList(
    (0): GATConv(512, 128, heads=4)
    (1): GATConv(512, 128, heads=4)
  )
  (lins): ModuleList(
    (0): Linear(in_features=512, out_features=512, bias=True)
    (1): Linear(in_features=512, out_features=512, bias=True)
  )
  (lns): ModuleList(
    (0): LayerNorm((512,), eps=1e-05, elementwise_affine=True)
    (1): LayerNorm((512,), eps=1e-05, elementwise_affine=True)
  )
  (lin_in): Linear(in_features=300, out_features=512, bias=True)
  (ln): LayerNorm((512,), eps=1e-05, elementwise_affine=True)
  (global_attn): GlobalAttn(
    (h_lins): ModuleList(
      (0): Linear(in_features=512, out_features=512, bias=True)
      (1): Linear(in_features=512, out_features=512, bias=True)
    )
    (k_lins): ModuleList(
      (0): Linear(in_features=512, out_features=512, bias=True)
      (1): Linear(in_features=512, out_features=512, bias=True)
    )
    (v_lins): ModuleList(
      (0): Linear(in_features=512, out_features=512, bias=True)
      (1): Linear(in_features=512, out_features=512, bias=True)
    )
    (lns): ModuleList(
      (0): LayerNorm((512,), eps=1e-05, elementwise_affine=True)
      (1): LayerNorm((512,), eps=1e-05, elementwise_affine=True)
    )
    (lin_out): Linear(in_features=512, out_features=512, bias=True)
  )
  (pred_local): Linear(in_features=512, out_features=18, bias=True)
  (pred_global): Linear(in_features=512, out_features=18, bias=True)
)
Pre-training MLP for 500 epochs to generate co-occurrence matrix...
MLP pre-training complete. Penalty matrix frozen.
Epoch: 00, Loss: 3.2317, Train: 26.16%, Valid: 25.90%, Test: 26.09%, Best Valid: 25.90%, Best Test: 26.09%
Epoch: 100, Loss: 0.3687, Train: 92.82%, Valid: 83.48%, Test: 83.07%, Best Valid: 83.48%, Best Test: 83.07%
Epoch: 200, Loss: 0.0760, Train: 99.74%, Valid: 85.24%, Test: 84.73%, Best Valid: 85.63%, Best Test: 85.07%
Epoch: 300, Loss: 0.0673, Train: 99.79%, Valid: 85.45%, Test: 84.87%, Best Valid: 85.95%, Best Test: 85.07%
Epoch: 400, Loss: 0.0662, Train: 99.91%, Valid: 85.51%, Test: 84.87%, Best Valid: 86.13%, Best Test: 84.96%
Epoch: 500, Loss: 0.0649, Train: 99.89%, Valid: 86.00%, Test: 85.07%, Best Valid: 86.13%, Best Test: 84.96%
Epoch: 600, Loss: 0.0716, Train: 99.81%, Valid: 85.33%, Test: 85.07%, Best Valid: 86.14%, Best Test: 85.00%
Epoch: 700, Loss: 0.0684, Train: 99.94%, Valid: 85.54%, Test: 84.82%, Best Valid: 86.14%, Best Test: 85.00%
Epoch: 800, Loss: 0.0750, Train: 99.89%, Valid: 85.91%, Test: 84.91%, Best Valid: 86.30%, Best Test: 85.07%
Epoch: 900, Loss: 0.0999, Train: 99.75%, Valid: 85.83%, Test: 85.03%, Best Valid: 86.30%, Best Test: 85.07%
Run 01:
Highest Train: 99.98
Highest Valid: 86.41
Highest Test: 86.18
Chosen epoch: 995
Final Train: 99.83
Final Test: 85.60
Pre-training MLP for 500 epochs to generate co-occurrence matrix...
MLP pre-training complete. Penalty matrix frozen.
Epoch: 00, Loss: 3.2691, Train: 26.22%, Valid: 26.41%, Test: 26.17%, Best Valid: 26.41%, Best Test: 26.17%
Epoch: 100, Loss: 0.2929, Train: 95.00%, Valid: 83.18%, Test: 82.97%, Best Valid: 83.37%, Best Test: 82.42%
Epoch: 200, Loss: 0.0730, Train: 99.82%, Valid: 85.15%, Test: 84.29%, Best Valid: 85.35%, Best Test: 84.57%
Epoch: 300, Loss: 0.0611, Train: 99.94%, Valid: 85.37%, Test: 84.95%, Best Valid: 86.07%, Best Test: 85.63%
Epoch: 400, Loss: 0.0691, Train: 99.95%, Valid: 85.67%, Test: 85.76%, Best Valid: 86.07%, Best Test: 85.63%
Epoch: 500, Loss: 0.0586, Train: 99.84%, Valid: 85.38%, Test: 85.63%, Best Valid: 86.30%, Best Test: 86.11%
Epoch: 600, Loss: 0.0864, Train: 99.89%, Valid: 85.83%, Test: 85.65%, Best Valid: 86.39%, Best Test: 85.56%
Epoch: 700, Loss: 0.0795, Train: 99.89%, Valid: 85.88%, Test: 85.88%, Best Valid: 86.41%, Best Test: 86.06%
Epoch: 800, Loss: 0.0611, Train: 99.93%, Valid: 86.05%, Test: 85.97%, Best Valid: 86.44%, Best Test: 85.97%
Epoch: 900, Loss: 0.0734, Train: 99.88%, Valid: 85.72%, Test: 86.53%, Best Valid: 86.46%, Best Test: 85.95%
Run 02:
Highest Train: 99.99
Highest Valid: 86.74
Highest Test: 86.82
Chosen epoch: 938
Final Train: 99.88
Final Test: 86.29
Pre-training MLP for 500 epochs to generate co-occurrence matrix...
MLP pre-training complete. Penalty matrix frozen.
Epoch: 00, Loss: 3.2538, Train: 26.10%, Valid: 26.37%, Test: 26.33%, Best Valid: 26.37%, Best Test: 26.33%
Epoch: 100, Loss: 0.2939, Train: 95.07%, Valid: 82.61%, Test: 83.20%, Best Valid: 82.61%, Best Test: 83.20%
Epoch: 200, Loss: 0.0655, Train: 99.85%, Valid: 84.45%, Test: 84.98%, Best Valid: 84.48%, Best Test: 84.89%
Epoch: 300, Loss: 0.0728, Train: 99.65%, Valid: 83.74%, Test: 84.35%, Best Valid: 85.08%, Best Test: 84.96%
Epoch: 400, Loss: 0.0720, Train: 99.86%, Valid: 84.25%, Test: 84.72%, Best Valid: 85.14%, Best Test: 84.52%
Epoch: 500, Loss: 0.0662, Train: 99.92%, Valid: 85.00%, Test: 85.62%, Best Valid: 85.14%, Best Test: 84.52%
Epoch: 600, Loss: 0.0655, Train: 99.96%, Valid: 84.73%, Test: 85.00%, Best Valid: 85.14%, Best Test: 84.52%
Epoch: 700, Loss: 0.0658, Train: 99.79%, Valid: 84.85%, Test: 85.17%, Best Valid: 85.31%, Best Test: 85.55%
Epoch: 800, Loss: 0.0734, Train: 99.93%, Valid: 84.57%, Test: 85.74%, Best Valid: 85.35%, Best Test: 85.60%
Epoch: 900, Loss: 0.0637, Train: 99.81%, Valid: 85.17%, Test: 85.58%, Best Valid: 85.67%, Best Test: 86.29%
Run 03:
Highest Train: 99.99
Highest Valid: 85.68
Highest Test: 86.32
Chosen epoch: 905
Final Train: 99.89
Final Test: 85.79
Pre-training MLP for 500 epochs to generate co-occurrence matrix...
MLP pre-training complete. Penalty matrix frozen.
Epoch: 00, Loss: 3.2382, Train: 26.03%, Valid: 25.98%, Test: 26.09%, Best Valid: 25.98%, Best Test: 26.09%
Epoch: 100, Loss: 0.3367, Train: 92.93%, Valid: 81.75%, Test: 81.33%, Best Valid: 82.01%, Best Test: 80.94%
Epoch: 200, Loss: 0.0767, Train: 99.82%, Valid: 83.67%, Test: 83.16%, Best Valid: 83.92%, Best Test: 83.09%
Epoch: 300, Loss: 0.0798, Train: 99.77%, Valid: 84.10%, Test: 83.34%, Best Valid: 84.52%, Best Test: 83.89%
Epoch: 400, Loss: 0.0708, Train: 99.74%, Valid: 84.13%, Test: 84.35%, Best Valid: 84.87%, Best Test: 83.87%
Epoch: 500, Loss: 0.0759, Train: 99.70%, Valid: 84.98%, Test: 83.89%, Best Valid: 85.37%, Best Test: 84.47%
Epoch: 600, Loss: 0.0712, Train: 99.88%, Valid: 84.91%, Test: 83.80%, Best Valid: 85.38%, Best Test: 84.82%
Epoch: 700, Loss: 0.0692, Train: 99.91%, Valid: 85.10%, Test: 84.35%, Best Valid: 85.60%, Best Test: 84.57%
Epoch: 800, Loss: 0.0734, Train: 99.89%, Valid: 85.03%, Test: 84.63%, Best Valid: 85.60%, Best Test: 84.57%
Epoch: 900, Loss: 0.0607, Train: 99.89%, Valid: 85.56%, Test: 85.21%, Best Valid: 86.13%, Best Test: 85.02%
Run 04:
Highest Train: 99.97
Highest Valid: 86.13
Highest Test: 85.49
Chosen epoch: 898
Final Train: 99.87
Final Test: 85.02
Pre-training MLP for 500 epochs to generate co-occurrence matrix...
MLP pre-training complete. Penalty matrix frozen.
Epoch: 00, Loss: 3.2445, Train: 33.85%, Valid: 33.89%, Test: 34.12%, Best Valid: 33.89%, Best Test: 34.12%
Epoch: 100, Loss: 0.2641, Train: 95.58%, Valid: 82.89%, Test: 81.73%, Best Valid: 82.89%, Best Test: 81.73%
Epoch: 200, Loss: 0.0757, Train: 99.86%, Valid: 83.78%, Test: 83.04%, Best Valid: 84.10%, Best Test: 83.25%
Epoch: 300, Loss: 0.0685, Train: 99.81%, Valid: 84.29%, Test: 83.50%, Best Valid: 84.80%, Best Test: 83.22%
Epoch: 400, Loss: 0.0996, Train: 99.77%, Valid: 84.45%, Test: 83.67%, Best Valid: 85.03%, Best Test: 83.55%
Epoch: 500, Loss: 0.0722, Train: 99.89%, Valid: 84.87%, Test: 83.83%, Best Valid: 85.37%, Best Test: 83.90%
Epoch: 600, Loss: 0.0705, Train: 99.80%, Valid: 84.38%, Test: 84.06%, Best Valid: 85.37%, Best Test: 83.90%
Epoch: 700, Loss: 0.0689, Train: 99.84%, Valid: 85.15%, Test: 84.61%, Best Valid: 85.37%, Best Test: 83.90%
Epoch: 800, Loss: 0.0713, Train: 99.83%, Valid: 85.30%, Test: 84.70%, Best Valid: 85.67%, Best Test: 84.36%
Epoch: 900, Loss: 0.0738, Train: 99.86%, Valid: 85.30%, Test: 84.56%, Best Valid: 85.70%, Best Test: 84.68%
Run 05:
Highest Train: 99.96
Highest Valid: 86.13
Highest Test: 85.26
Chosen epoch: 949
Final Train: 99.89
Final Test: 84.72
All runs:
Highest Train: 99.98 ± 0.01
Highest Test: 86.01 ± 0.63
Highest Valid: 86.22 ± 0.39
  Final Train: 99.87 ± 0.02
   Final Test: 85.48 ± 0.62
Saving results to mlp_gt/results_full/roman-empire/polynormer.csv

Running with MLP-GT Regularization (lambda=0.2)...
Namespace(aggregate='add', alpha=0.5, attention='gcn', beta=-1.0, bn=False, cpu=False, data_dir='../data/', dataset='roman-empire', device=0, dim_inner=128, display_step=100, dropout=0.3, epochs=1000, global_dropout=None, global_layers=2, gnn='gcn', graph_weight=0.8, hidden_channels=128, hops=10, in_dropout=0.0, jk=False, label_num_per_class=20, lambda_val=0.2, layers=1, ln=False, local_gnn_type='GCN', local_layers=2, lr=0.01, metric='acc', mlp_epochs=500, mlp_reg=True, model='polynormer', model_dir='./model/', n_heads=4, num_centroids=4096, num_heads=4, oracle_reg=False, pe_types='RWSE', pre_linear=False, pre_ln=False, rand_split=False, rand_split_class=False, reg_start_epoch=10, reg_update_freq=5, res=False, result_dir='mlp_gt/results_full', runs=5, save_model=False, save_result=False, seed=42, test_num=1000, train_prop=0.5, use_act=False, use_bn=False, use_graph=False, use_reg=True, use_residual=False, use_weight=False, valid_num=500, valid_prop=0.25, weight_decay=0.0005)
roman-empire
dataset roman-empire | num nodes 22662 | num edge 32927 | num node feats 300 | num classes 18
MODEL: Polynormer(
  (h_lins): ModuleList(
    (0): Linear(in_features=512, out_features=512, bias=True)
    (1): Linear(in_features=512, out_features=512, bias=True)
  )
  (local_convs): ModuleList(
    (0): GATConv(512, 128, heads=4)
    (1): GATConv(512, 128, heads=4)
  )
  (lins): ModuleList(
    (0): Linear(in_features=512, out_features=512, bias=True)
    (1): Linear(in_features=512, out_features=512, bias=True)
  )
  (lns): ModuleList(
    (0): LayerNorm((512,), eps=1e-05, elementwise_affine=True)
    (1): LayerNorm((512,), eps=1e-05, elementwise_affine=True)
  )
  (lin_in): Linear(in_features=300, out_features=512, bias=True)
  (ln): LayerNorm((512,), eps=1e-05, elementwise_affine=True)
  (global_attn): GlobalAttn(
    (h_lins): ModuleList(
      (0): Linear(in_features=512, out_features=512, bias=True)
      (1): Linear(in_features=512, out_features=512, bias=True)
    )
    (k_lins): ModuleList(
      (0): Linear(in_features=512, out_features=512, bias=True)
      (1): Linear(in_features=512, out_features=512, bias=True)
    )
    (v_lins): ModuleList(
      (0): Linear(in_features=512, out_features=512, bias=True)
      (1): Linear(in_features=512, out_features=512, bias=True)
    )
    (lns): ModuleList(
      (0): LayerNorm((512,), eps=1e-05, elementwise_affine=True)
      (1): LayerNorm((512,), eps=1e-05, elementwise_affine=True)
    )
    (lin_out): Linear(in_features=512, out_features=512, bias=True)
  )
  (pred_local): Linear(in_features=512, out_features=18, bias=True)
  (pred_global): Linear(in_features=512, out_features=18, bias=True)
)
Pre-training MLP for 500 epochs to generate co-occurrence matrix...
MLP pre-training complete. Penalty matrix frozen.
Epoch: 00, Loss: 3.5255, Train: 26.00%, Valid: 25.88%, Test: 25.98%, Best Valid: 25.88%, Best Test: 25.98%
Epoch: 100, Loss: 0.3188, Train: 95.33%, Valid: 82.75%, Test: 82.53%, Best Valid: 83.16%, Best Test: 82.47%
Epoch: 200, Loss: 0.0807, Train: 99.78%, Valid: 84.32%, Test: 83.82%, Best Valid: 85.21%, Best Test: 83.96%
Epoch: 300, Loss: 0.0871, Train: 99.75%, Valid: 84.47%, Test: 84.22%, Best Valid: 85.90%, Best Test: 84.03%
Epoch: 400, Loss: 0.0768, Train: 99.85%, Valid: 85.37%, Test: 84.65%, Best Valid: 85.90%, Best Test: 84.03%
Epoch: 500, Loss: 0.0644, Train: 99.94%, Valid: 85.74%, Test: 85.14%, Best Valid: 85.93%, Best Test: 84.56%
Epoch: 600, Loss: 0.0736, Train: 99.88%, Valid: 85.24%, Test: 85.10%, Best Valid: 86.27%, Best Test: 84.89%
Epoch: 700, Loss: 0.0688, Train: 99.94%, Valid: 85.28%, Test: 84.98%, Best Valid: 86.27%, Best Test: 84.89%
Epoch: 800, Loss: 0.0790, Train: 99.72%, Valid: 85.01%, Test: 84.15%, Best Valid: 86.27%, Best Test: 84.89%
Epoch: 900, Loss: 0.0701, Train: 99.83%, Valid: 84.98%, Test: 84.43%, Best Valid: 86.27%, Best Test: 84.89%
Run 01:
Highest Train: 99.98
Highest Valid: 86.27
Highest Test: 85.37
Chosen epoch: 582
Final Train: 99.98
Final Test: 84.89
Pre-training MLP for 500 epochs to generate co-occurrence matrix...
MLP pre-training complete. Penalty matrix frozen.
Epoch: 00, Loss: 3.5663, Train: 26.17%, Valid: 26.34%, Test: 26.21%, Best Valid: 26.34%, Best Test: 26.21%
Epoch: 100, Loss: 0.3151, Train: 95.45%, Valid: 83.50%, Test: 83.67%, Best Valid: 83.50%, Best Test: 83.50%
Epoch: 200, Loss: 0.0913, Train: 99.79%, Valid: 84.66%, Test: 84.77%, Best Valid: 85.38%, Best Test: 85.49%
Epoch: 300, Loss: 0.0683, Train: 99.96%, Valid: 85.74%, Test: 85.53%, Best Valid: 86.25%, Best Test: 85.85%
Epoch: 400, Loss: 0.0764, Train: 99.89%, Valid: 85.97%, Test: 85.92%, Best Valid: 86.69%, Best Test: 85.69%
Epoch: 500, Loss: 0.0756, Train: 99.89%, Valid: 86.04%, Test: 85.62%, Best Valid: 86.69%, Best Test: 85.69%
Epoch: 600, Loss: 0.0692, Train: 99.89%, Valid: 86.64%, Test: 86.07%, Best Valid: 86.74%, Best Test: 86.18%
Epoch: 700, Loss: 0.0689, Train: 99.90%, Valid: 86.60%, Test: 85.72%, Best Valid: 86.74%, Best Test: 86.18%
Epoch: 800, Loss: 0.0846, Train: 99.89%, Valid: 86.53%, Test: 86.04%, Best Valid: 86.74%, Best Test: 86.18%
Epoch: 900, Loss: 0.0720, Train: 99.91%, Valid: 86.39%, Test: 85.93%, Best Valid: 86.74%, Best Test: 86.18%
Run 02:
Highest Train: 99.98
Highest Valid: 86.74
Highest Test: 86.67
Chosen epoch: 599
Final Train: 99.89
Final Test: 86.18
Pre-training MLP for 500 epochs to generate co-occurrence matrix...
MLP pre-training complete. Penalty matrix frozen.
Epoch: 00, Loss: 3.5496, Train: 25.84%, Valid: 26.13%, Test: 26.17%, Best Valid: 26.13%, Best Test: 26.17%
Epoch: 100, Loss: 0.3183, Train: 95.41%, Valid: 81.57%, Test: 82.99%, Best Valid: 82.15%, Best Test: 82.99%
Epoch: 200, Loss: 0.0959, Train: 99.73%, Valid: 83.50%, Test: 84.40%, Best Valid: 84.24%, Best Test: 84.40%
Epoch: 300, Loss: 0.0692, Train: 99.82%, Valid: 84.61%, Test: 85.02%, Best Valid: 84.80%, Best Test: 84.82%
Epoch: 400, Loss: 0.0680, Train: 99.85%, Valid: 84.01%, Test: 85.14%, Best Valid: 84.98%, Best Test: 84.56%
Epoch: 500, Loss: 0.7034, Train: 83.36%, Valid: 78.98%, Test: 79.42%, Best Valid: 84.98%, Best Test: 84.56%
Epoch: 600, Loss: 0.1568, Train: 98.98%, Valid: 84.62%, Test: 85.12%, Best Valid: 84.98%, Best Test: 84.56%
Epoch: 700, Loss: 0.0993, Train: 99.87%, Valid: 84.13%, Test: 85.05%, Best Valid: 84.98%, Best Test: 84.56%
Epoch: 800, Loss: 0.0804, Train: 99.87%, Valid: 84.48%, Test: 85.42%, Best Valid: 84.98%, Best Test: 84.56%
Epoch: 900, Loss: 0.0817, Train: 99.88%, Valid: 84.77%, Test: 85.05%, Best Valid: 84.98%, Best Test: 84.56%
Run 03:
Highest Train: 99.98
Highest Valid: 85.03
Highest Test: 85.88
Chosen epoch: 903
Final Train: 99.88
Final Test: 85.23
Pre-training MLP for 500 epochs to generate co-occurrence matrix...
MLP pre-training complete. Penalty matrix frozen.
Epoch: 00, Loss: 3.5326, Train: 26.03%, Valid: 26.04%, Test: 26.05%, Best Valid: 26.04%, Best Test: 26.05%
Epoch: 100, Loss: 0.3414, Train: 94.03%, Valid: 82.07%, Test: 81.79%, Best Valid: 82.17%, Best Test: 81.91%
Epoch: 200, Loss: 0.0865, Train: 99.86%, Valid: 83.80%, Test: 83.71%, Best Valid: 83.97%, Best Test: 83.53%
Epoch: 300, Loss: 0.0757, Train: 99.89%, Valid: 83.65%, Test: 84.13%, Best Valid: 84.27%, Best Test: 84.49%
Epoch: 400, Loss: 0.0662, Train: 99.88%, Valid: 84.62%, Test: 84.43%, Best Valid: 85.08%, Best Test: 84.59%
Epoch: 500, Loss: 0.0689, Train: 99.92%, Valid: 85.01%, Test: 85.10%, Best Valid: 85.19%, Best Test: 84.56%
Epoch: 600, Loss: 0.0779, Train: 99.91%, Valid: 84.52%, Test: 84.59%, Best Valid: 85.45%, Best Test: 84.82%
Epoch: 700, Loss: 0.0763, Train: 99.88%, Valid: 84.71%, Test: 85.25%, Best Valid: 85.56%, Best Test: 84.47%
Epoch: 800, Loss: 0.0775, Train: 99.71%, Valid: 85.19%, Test: 84.91%, Best Valid: 85.79%, Best Test: 84.68%
Epoch: 900, Loss: 0.0752, Train: 99.92%, Valid: 85.31%, Test: 84.73%, Best Valid: 85.81%, Best Test: 84.80%
Run 04:
Highest Train: 99.98
Highest Valid: 85.81
Highest Test: 85.65
Chosen epoch: 819
Final Train: 99.93
Final Test: 84.80
Pre-training MLP for 500 epochs to generate co-occurrence matrix...
MLP pre-training complete. Penalty matrix frozen.
Epoch: 00, Loss: 3.5395, Train: 33.25%, Valid: 33.35%, Test: 33.41%, Best Valid: 33.35%, Best Test: 33.41%
Epoch: 100, Loss: 0.3178, Train: 95.14%, Valid: 83.14%, Test: 82.07%, Best Valid: 83.14%, Best Test: 82.07%
Epoch: 200, Loss: 0.0926, Train: 99.62%, Valid: 83.78%, Test: 82.69%, Best Valid: 84.40%, Best Test: 83.64%
Epoch: 300, Loss: 0.0720, Train: 99.83%, Valid: 84.34%, Test: 83.66%, Best Valid: 84.75%, Best Test: 84.26%
Epoch: 400, Loss: 0.0783, Train: 99.79%, Valid: 84.70%, Test: 83.94%, Best Valid: 85.00%, Best Test: 84.08%
Epoch: 500, Loss: 0.0805, Train: 99.74%, Valid: 84.38%, Test: 83.78%, Best Valid: 85.30%, Best Test: 83.83%
Epoch: 600, Loss: 0.0739, Train: 99.92%, Valid: 84.73%, Test: 84.06%, Best Valid: 85.54%, Best Test: 84.43%
Epoch: 700, Loss: 0.0775, Train: 99.92%, Valid: 84.80%, Test: 84.54%, Best Valid: 85.60%, Best Test: 84.36%
Epoch: 800, Loss: 0.0815, Train: 99.85%, Valid: 84.32%, Test: 84.65%, Best Valid: 85.60%, Best Test: 84.36%
Epoch: 900, Loss: 0.0814, Train: 99.87%, Valid: 85.10%, Test: 84.79%, Best Valid: 85.77%, Best Test: 85.05%
Run 05:
Highest Train: 99.98
Highest Valid: 85.77
Highest Test: 85.56
Chosen epoch: 814
Final Train: 99.87
Final Test: 85.05
All runs:
Highest Train: 99.98 ± 0.00
Highest Test: 85.83 ± 0.51
Highest Valid: 85.92 ± 0.64
  Final Train: 99.91 ± 0.05
   Final Test: 85.23 ± 0.55
Saving results to mlp_gt/results_full/roman-empire/polynormer.csv

Running with MLP-GT Regularization (lambda=0.4)...
Namespace(aggregate='add', alpha=0.5, attention='gcn', beta=-1.0, bn=False, cpu=False, data_dir='../data/', dataset='roman-empire', device=0, dim_inner=128, display_step=100, dropout=0.3, epochs=1000, global_dropout=None, global_layers=2, gnn='gcn', graph_weight=0.8, hidden_channels=128, hops=10, in_dropout=0.0, jk=False, label_num_per_class=20, lambda_val=0.4, layers=1, ln=False, local_gnn_type='GCN', local_layers=2, lr=0.01, metric='acc', mlp_epochs=500, mlp_reg=True, model='polynormer', model_dir='./model/', n_heads=4, num_centroids=4096, num_heads=4, oracle_reg=False, pe_types='RWSE', pre_linear=False, pre_ln=False, rand_split=False, rand_split_class=False, reg_start_epoch=10, reg_update_freq=5, res=False, result_dir='mlp_gt/results_full', runs=5, save_model=False, save_result=False, seed=42, test_num=1000, train_prop=0.5, use_act=False, use_bn=False, use_graph=False, use_reg=True, use_residual=False, use_weight=False, valid_num=500, valid_prop=0.25, weight_decay=0.0005)
roman-empire
dataset roman-empire | num nodes 22662 | num edge 32927 | num node feats 300 | num classes 18
MODEL: Polynormer(
  (h_lins): ModuleList(
    (0): Linear(in_features=512, out_features=512, bias=True)
    (1): Linear(in_features=512, out_features=512, bias=True)
  )
  (local_convs): ModuleList(
    (0): GATConv(512, 128, heads=4)
    (1): GATConv(512, 128, heads=4)
  )
  (lins): ModuleList(
    (0): Linear(in_features=512, out_features=512, bias=True)
    (1): Linear(in_features=512, out_features=512, bias=True)
  )
  (lns): ModuleList(
    (0): LayerNorm((512,), eps=1e-05, elementwise_affine=True)
    (1): LayerNorm((512,), eps=1e-05, elementwise_affine=True)
  )
  (lin_in): Linear(in_features=300, out_features=512, bias=True)
  (ln): LayerNorm((512,), eps=1e-05, elementwise_affine=True)
  (global_attn): GlobalAttn(
    (h_lins): ModuleList(
      (0): Linear(in_features=512, out_features=512, bias=True)
      (1): Linear(in_features=512, out_features=512, bias=True)
    )
    (k_lins): ModuleList(
      (0): Linear(in_features=512, out_features=512, bias=True)
      (1): Linear(in_features=512, out_features=512, bias=True)
    )
    (v_lins): ModuleList(
      (0): Linear(in_features=512, out_features=512, bias=True)
      (1): Linear(in_features=512, out_features=512, bias=True)
    )
    (lns): ModuleList(
      (0): LayerNorm((512,), eps=1e-05, elementwise_affine=True)
      (1): LayerNorm((512,), eps=1e-05, elementwise_affine=True)
    )
    (lin_out): Linear(in_features=512, out_features=512, bias=True)
  )
  (pred_local): Linear(in_features=512, out_features=18, bias=True)
  (pred_global): Linear(in_features=512, out_features=18, bias=True)
)
Pre-training MLP for 500 epochs to generate co-occurrence matrix...
MLP pre-training complete. Penalty matrix frozen.
Epoch: 00, Loss: 4.1131, Train: 25.92%, Valid: 25.86%, Test: 25.91%, Best Valid: 25.86%, Best Test: 25.91%
Epoch: 100, Loss: 0.4207, Train: 94.00%, Valid: 82.33%, Test: 81.73%, Best Valid: 82.51%, Best Test: 81.63%
Epoch: 200, Loss: 0.1143, Train: 99.81%, Valid: 84.27%, Test: 83.90%, Best Valid: 84.73%, Best Test: 84.26%
Epoch: 300, Loss: 0.0802, Train: 99.95%, Valid: 84.73%, Test: 84.33%, Best Valid: 84.85%, Best Test: 83.69%
Epoch: 400, Loss: 0.0916, Train: 99.90%, Valid: 84.55%, Test: 84.05%, Best Valid: 85.21%, Best Test: 84.05%
Epoch: 500, Loss: 0.0967, Train: 99.85%, Valid: 85.03%, Test: 84.49%, Best Valid: 85.26%, Best Test: 84.98%
Epoch: 600, Loss: 0.0963, Train: 99.89%, Valid: 84.77%, Test: 84.93%, Best Valid: 85.67%, Best Test: 84.96%
Epoch: 700, Loss: 0.0917, Train: 99.89%, Valid: 85.14%, Test: 84.45%, Best Valid: 85.67%, Best Test: 84.96%
Epoch: 800, Loss: 0.1029, Train: 99.72%, Valid: 84.34%, Test: 84.27%, Best Valid: 85.67%, Best Test: 84.96%
Epoch: 900, Loss: 0.1051, Train: 99.86%, Valid: 84.61%, Test: 84.24%, Best Valid: 86.04%, Best Test: 85.21%
Run 01:
Highest Train: 99.98
Highest Valid: 86.04
Highest Test: 85.44
Chosen epoch: 816
Final Train: 99.94
Final Test: 85.21
Pre-training MLP for 500 epochs to generate co-occurrence matrix...
MLP pre-training complete. Penalty matrix frozen.
Epoch: 00, Loss: 4.1607, Train: 26.16%, Valid: 26.28%, Test: 26.33%, Best Valid: 26.28%, Best Test: 26.33%
Epoch: 100, Loss: 0.3838, Train: 95.05%, Valid: 83.76%, Test: 82.51%, Best Valid: 83.76%, Best Test: 82.51%
Epoch: 200, Loss: 0.0979, Train: 99.78%, Valid: 85.33%, Test: 84.08%, Best Valid: 85.33%, Best Test: 84.08%
Epoch: 300, Loss: 0.0838, Train: 99.88%, Valid: 85.10%, Test: 84.89%, Best Valid: 85.56%, Best Test: 84.45%
Epoch: 400, Loss: 0.0934, Train: 99.94%, Valid: 85.53%, Test: 85.10%, Best Valid: 86.04%, Best Test: 85.23%
Epoch: 500, Loss: 0.0987, Train: 99.86%, Valid: 85.77%, Test: 85.46%, Best Valid: 86.09%, Best Test: 85.72%
Epoch: 600, Loss: 0.0881, Train: 99.85%, Valid: 85.58%, Test: 85.07%, Best Valid: 86.11%, Best Test: 85.70%
Epoch: 700, Loss: 0.0821, Train: 99.92%, Valid: 86.00%, Test: 85.39%, Best Valid: 86.51%, Best Test: 85.72%
Epoch: 800, Loss: 0.0930, Train: 99.90%, Valid: 86.14%, Test: 85.67%, Best Valid: 86.51%, Best Test: 85.72%
Epoch: 900, Loss: 0.0883, Train: 99.94%, Valid: 85.67%, Test: 85.74%, Best Valid: 86.51%, Best Test: 85.72%
Run 02:
Highest Train: 99.98
Highest Valid: 86.51
Highest Test: 86.32
Chosen epoch: 677
Final Train: 99.90
Final Test: 85.72
Pre-training MLP for 500 epochs to generate co-occurrence matrix...
MLP pre-training complete. Penalty matrix frozen.
Epoch: 00, Loss: 4.1412, Train: 25.60%, Valid: 25.83%, Test: 25.91%, Best Valid: 25.83%, Best Test: 25.91%
Epoch: 100, Loss: 0.3901, Train: 94.73%, Valid: 81.92%, Test: 82.17%, Best Valid: 82.29%, Best Test: 81.98%
Epoch: 200, Loss: 0.1165, Train: 99.51%, Valid: 83.28%, Test: 83.50%, Best Valid: 84.11%, Best Test: 84.26%
Epoch: 300, Loss: 0.0935, Train: 99.90%, Valid: 84.78%, Test: 84.12%, Best Valid: 84.78%, Best Test: 84.12%
Epoch: 400, Loss: 0.0875, Train: 99.89%, Valid: 83.95%, Test: 84.15%, Best Valid: 84.78%, Best Test: 84.12%
Epoch: 500, Loss: 0.0861, Train: 99.93%, Valid: 84.29%, Test: 84.82%, Best Valid: 84.85%, Best Test: 84.72%
Epoch: 600, Loss: 0.1026, Train: 99.88%, Valid: 84.70%, Test: 85.23%, Best Valid: 85.12%, Best Test: 85.05%
Epoch: 700, Loss: 0.0963, Train: 99.86%, Valid: 84.50%, Test: 85.77%, Best Valid: 85.33%, Best Test: 84.87%
Epoch: 800, Loss: 0.0882, Train: 99.90%, Valid: 84.66%, Test: 85.28%, Best Valid: 85.33%, Best Test: 84.87%
Epoch: 900, Loss: 0.0821, Train: 99.90%, Valid: 84.57%, Test: 85.58%, Best Valid: 85.47%, Best Test: 85.40%
Run 03:
Highest Train: 99.98
Highest Valid: 85.51
Highest Test: 86.06
Chosen epoch: 923
Final Train: 99.89
Final Test: 85.79
Pre-training MLP for 500 epochs to generate co-occurrence matrix...
MLP pre-training complete. Penalty matrix frozen.
Epoch: 00, Loss: 4.1214, Train: 25.83%, Valid: 26.04%, Test: 25.94%, Best Valid: 26.04%, Best Test: 25.94%
Epoch: 100, Loss: 0.3854, Train: 94.15%, Valid: 82.81%, Test: 81.57%, Best Valid: 82.81%, Best Test: 81.57%
Epoch: 200, Loss: 0.0933, Train: 99.77%, Valid: 84.84%, Test: 83.67%, Best Valid: 84.84%, Best Test: 83.67%
Epoch: 300, Loss: 0.0837, Train: 99.91%, Valid: 84.59%, Test: 84.15%, Best Valid: 85.15%, Best Test: 83.67%
Epoch: 400, Loss: 0.1055, Train: 99.89%, Valid: 84.66%, Test: 83.92%, Best Valid: 85.33%, Best Test: 83.85%
Epoch: 500, Loss: 0.0814, Train: 99.89%, Valid: 85.26%, Test: 84.08%, Best Valid: 85.33%, Best Test: 83.85%
Epoch: 600, Loss: 0.0902, Train: 99.81%, Valid: 85.24%, Test: 84.36%, Best Valid: 85.77%, Best Test: 84.26%
Epoch: 700, Loss: 0.0960, Train: 99.74%, Valid: 84.66%, Test: 84.33%, Best Valid: 85.77%, Best Test: 84.26%
Epoch: 800, Loss: 0.1015, Train: 99.77%, Valid: 85.56%, Test: 84.31%, Best Valid: 85.88%, Best Test: 84.43%
Epoch: 900, Loss: 0.0926, Train: 99.88%, Valid: 85.17%, Test: 84.56%, Best Valid: 86.39%, Best Test: 84.96%
Run 04:
Highest Train: 99.97
Highest Valid: 86.39
Highest Test: 85.33
Chosen epoch: 808
Final Train: 99.81
Final Test: 84.96
Pre-training MLP for 500 epochs to generate co-occurrence matrix...
MLP pre-training complete. Penalty matrix frozen.
Epoch: 00, Loss: 4.1294, Train: 31.52%, Valid: 31.23%, Test: 31.66%, Best Valid: 31.23%, Best Test: 31.66%
Epoch: 100, Loss: 0.3613, Train: 94.52%, Valid: 81.94%, Test: 81.36%, Best Valid: 82.08%, Best Test: 81.17%
Epoch: 200, Loss: 0.1169, Train: 99.75%, Valid: 84.45%, Test: 82.95%, Best Valid: 84.47%, Best Test: 83.48%
Epoch: 300, Loss: 0.0878, Train: 99.91%, Valid: 84.98%, Test: 83.55%, Best Valid: 85.08%, Best Test: 83.52%
Epoch: 400, Loss: 0.8219, Train: 84.44%, Valid: 79.22%, Test: 78.01%, Best Valid: 85.54%, Best Test: 84.42%
Epoch: 500, Loss: 0.1058, Train: 99.74%, Valid: 85.12%, Test: 84.27%, Best Valid: 85.54%, Best Test: 84.42%
Epoch: 600, Loss: 0.0904, Train: 99.82%, Valid: 84.92%, Test: 83.75%, Best Valid: 85.93%, Best Test: 84.35%
Epoch: 700, Loss: 0.0800, Train: 99.87%, Valid: 84.98%, Test: 84.40%, Best Valid: 85.95%, Best Test: 84.24%
Epoch: 800, Loss: 0.0859, Train: 99.84%, Valid: 84.92%, Test: 84.13%, Best Valid: 86.04%, Best Test: 84.17%
Epoch: 900, Loss: 0.0884, Train: 99.89%, Valid: 85.33%, Test: 84.73%, Best Valid: 86.07%, Best Test: 84.86%
Run 05:
Highest Train: 99.96
Highest Valid: 86.28
Highest Test: 85.30
Chosen epoch: 947
Final Train: 99.89
Final Test: 85.05
All runs:
Highest Train: 99.98 ± 0.01
Highest Test: 85.69 ± 0.47
Highest Valid: 86.15 ± 0.40
  Final Train: 99.89 ± 0.05
   Final Test: 85.35 ± 0.38
Saving results to mlp_gt/results_full/roman-empire/polynormer.csv

GT sweep completed!
==========================================================
Task 6 (polynormer / roman-empire) completed at: Tue Apr 28 08:54:19 AM EDT 2026
==========================================================
