==========================================================
MLP-GT Task 2
Job: 1011777 | Date: Mon Apr 27 11:49:17 PM EDT 2026 | Host: n0091
==========================================================
Mon Apr 27 23:49:21 2026       
+-----------------------------------------------------------------------------------------+
| NVIDIA-SMI 570.211.01             Driver Version: 570.211.01     CUDA Version: 12.8     |
|-----------------------------------------+------------------------+----------------------+
| GPU  Name                 Persistence-M | Bus-Id          Disp.A | Volatile Uncorr. ECC |
| Fan  Temp   Perf          Pwr:Usage/Cap |           Memory-Usage | GPU-Util  Compute M. |
|                                         |                        |               MIG M. |
|=========================================+========================+======================|
|   0  NVIDIA A100-SXM4-80GB          On  |   00000000:01:00.0 Off |                   On |
| N/A   48C    P0            180W /  500W |   10724MiB /  81920MiB |     N/A      Default |
|                                         |                        |              Enabled |
+-----------------------------------------+------------------------+----------------------+
|   1  NVIDIA A100-SXM4-80GB          On  |   00000000:41:00.0 Off |                   On |
| N/A   29C    P0             87W /  500W |    1779MiB /  81920MiB |     N/A      Default |
|                                         |                        |              Enabled |
+-----------------------------------------+------------------------+----------------------+
|   2  NVIDIA A100-SXM4-80GB          On  |   00000000:81:00.0 Off |                   On |
| N/A   31C    P0             78W /  500W |     745MiB /  81920MiB |     N/A      Default |
|                                         |                        |              Enabled |
+-----------------------------------------+------------------------+----------------------+
|   3  NVIDIA A100-SXM4-80GB          On  |   00000000:C1:00.0 Off |                   On |
| N/A   38C    P0            160W /  500W |   37003MiB /  81920MiB |     N/A      Default |
|                                         |                        |              Enabled |
+-----------------------------------------+------------------------+----------------------+

+-----------------------------------------------------------------------------------------+
| MIG devices:                                                                            |
+------------------+----------------------------------+-----------+-----------------------+
| GPU  GI  CI  MIG |                     Memory-Usage |        Vol|        Shared         |
|      ID  ID  Dev |                       BAR1-Usage | SM     Unc| CE ENC  DEC  OFA  JPG |
|                  |                                  |        ECC|                       |
|==================+==================================+===========+=======================|
|  3   14   0   0  |              27MiB /  9728MiB    | 14      0 |  1   0    0    0    0 |
|                  |                 0MiB / 16383MiB  |           |                       |
+------------------+----------------------------------+-----------+-----------------------+
                                                                                         
+-----------------------------------------------------------------------------------------+
| Processes:                                                                              |
|  GPU   GI   CI              PID   Type   Process name                        GPU Memory |
|        ID   ID                                                               Usage      |
|=========================================================================================|
|    0   14    0           451179      C   ...conda3/envs/unimol/bin/python        536MiB |
|    0   13    0           474314      C   python                                 5252MiB |
|    0    5    0           479883      C   python                                 4000MiB |
|    0    1    0           484154      C   python                                  732MiB |
|    1   14    0           451180      C   ...conda3/envs/unimol/bin/python        538MiB |
|    1   13    0           451181      C   ...conda3/envs/unimol/bin/python        544MiB |
|    1    1    0           481383      C   python                                  498MiB |
|    2    9    0           456444      C   ...conda3/envs/unimol/bin/python        556MiB |
+-----------------------------------------------------------------------------------------+
1.12.1
True
NVIDIA A100-SXM4-80GB MIG 1g.10gb
==========================================================
Starting mlp_gt GT Sweep for:
python main.py --model nodeformer --dataset cora         --hidden_channels 128 --global_layers 2 --num_heads 4         --lr 0.01 --weight_decay 5e-4 --dropout 0.3         --epochs 1000 --runs 5 --device 0         --use_bn         --rand_split_class --valid_num 500 --test_num 1000 --seed 123
==========================================================
Running GT Baseline (no reg)...

Running with MLP-GT Regularization (lambda=0.01)...

Running with MLP-GT Regularization (lambda=0.1)...

Running with MLP-GT Regularization (lambda=0.2)...

Running with MLP-GT Regularization (lambda=0.4)...

GT sweep completed!
==========================================================
Task 2 completed at: Mon Apr 27 11:50:01 PM EDT 2026
==========================================================
