==========================================================
MLP-GT Full Sweep | Task 7
Job: 1011972 | Date: Tue Apr 28 08:00:50 AM EDT 2026 | Host: n0002
==========================================================
Tue Apr 28 08:00:56 2026       
+-----------------------------------------------------------------------------------------+
| NVIDIA-SMI 570.211.01             Driver Version: 570.211.01     CUDA Version: 12.8     |
|-----------------------------------------+------------------------+----------------------+
| GPU  Name                 Persistence-M | Bus-Id          Disp.A | Volatile Uncorr. ECC |
| Fan  Temp   Perf          Pwr:Usage/Cap |           Memory-Usage | GPU-Util  Compute M. |
|                                         |                        |               MIG M. |
|=========================================+========================+======================|
|   0  NVIDIA A100-SXM4-80GB          On  |   00000000:01:00.0 Off |                   On |
| N/A   39C    P0            172W /  500W |    5273MiB /  81920MiB |     N/A      Default |
|                                         |                        |              Enabled |
+-----------------------------------------+------------------------+----------------------+
|   1  NVIDIA A100-SXM4-80GB          On  |   00000000:41:00.0 Off |                   On |
| N/A   26C    P0             48W /  500W |     185MiB /  81920MiB |     N/A      Default |
|                                         |                        |              Enabled |
+-----------------------------------------+------------------------+----------------------+
|   2  NVIDIA A100-SXM4-80GB          On  |   00000000:81:00.0 Off |                   On |
| N/A   27C    P0             50W /  500W |     185MiB /  81920MiB |     N/A      Default |
|                                         |                        |              Enabled |
+-----------------------------------------+------------------------+----------------------+
|   3  NVIDIA A100-SXM4-80GB          On  |   00000000:C1:00.0 Off |                   On |
| N/A   29C    P0             81W /  500W |     703MiB /  81920MiB |     N/A      Default |
|                                         |                        |              Enabled |
+-----------------------------------------+------------------------+----------------------+

+-----------------------------------------------------------------------------------------+
| MIG devices:                                                                            |
+------------------+----------------------------------+-----------+-----------------------+
| GPU  GI  CI  MIG |                     Memory-Usage |        Vol|        Shared         |
|      ID  ID  Dev |                       BAR1-Usage | SM     Unc| CE ENC  DEC  OFA  JPG |
|                  |                                  |        ECC|                       |
|==================+==================================+===========+=======================|
|  3    5   0   0  |              53MiB / 19968MiB    | 28      0 |  2   0    1    0    0 |
|                  |                 0MiB / 32767MiB  |           |                       |
+------------------+----------------------------------+-----------+-----------------------+
                                                                                         
+-----------------------------------------------------------------------------------------+
| Processes:                                                                              |
|  GPU   GI   CI              PID   Type   Process name                        GPU Memory |
|        ID   ID                                                               Usage      |
|=========================================================================================|
|    0    1    0          3219811      C   python                                 5082MiB |
+-----------------------------------------------------------------------------------------+
1.12.1
True
NVIDIA A100-SXM4-80GB MIG 2g.20gb
Model: polynormer | Dataset: amazon-computer
Split flags: --rand_split_class --valid_num 500 --test_num 1000 --seed 123
==========================================================
Starting mlp_gt GT Sweep for:
python main.py --model polynormer --dataset amazon-computer         --hidden_channels 128 --local_layers 2 --global_layers 2 --num_heads 4         --lr 0.01 --weight_decay 5e-4 --dropout 0.3 --epochs 1000         --runs 5 --device 0         --rand_split_class --valid_num 500 --test_num 1000 --seed 123
Result dir: mlp_gt/results_full
==========================================================
Running GT Baseline (no reg)...
Namespace(aggregate='add', alpha=0.5, attention='gcn', beta=-1.0, bn=False, cpu=False, data_dir='../data/', dataset='amazon-computer', device=0, dim_inner=128, display_step=100, dropout=0.3, epochs=1000, global_dropout=None, global_layers=2, gnn='gcn', graph_weight=0.8, hidden_channels=128, hops=10, in_dropout=0.0, jk=False, label_num_per_class=20, lambda_val=0.5, layers=1, ln=False, local_gnn_type='GCN', local_layers=2, lr=0.01, metric='acc', mlp_epochs=500, mlp_reg=False, model='polynormer', model_dir='./model/', n_heads=4, num_centroids=4096, num_heads=4, oracle_reg=False, pe_types='RWSE', pre_linear=False, pre_ln=False, rand_split=False, rand_split_class=True, reg_start_epoch=10, reg_update_freq=5, res=False, result_dir='mlp_gt/results_full', runs=5, save_model=False, save_result=False, seed=123, test_num=1000, train_prop=0.5, use_act=False, use_bn=False, use_graph=False, use_reg=False, use_residual=False, use_weight=False, valid_num=500, valid_prop=0.25, weight_decay=0.0005)
amazon-computer
train:torch.Size([200]), valid:torch.Size([500]), test:torch.Size([1000])
dataset amazon-computer | num nodes 13752 | num edge 491722 | num node feats 767 | num classes 10
MODEL: Polynormer(
  (h_lins): ModuleList(
    (0): Linear(in_features=512, out_features=512, bias=True)
    (1): Linear(in_features=512, out_features=512, bias=True)
  )
  (local_convs): ModuleList(
    (0): GATConv(512, 128, heads=4)
    (1): GATConv(512, 128, heads=4)
  )
  (lins): ModuleList(
    (0): Linear(in_features=512, out_features=512, bias=True)
    (1): Linear(in_features=512, out_features=512, bias=True)
  )
  (lns): ModuleList(
    (0): LayerNorm((512,), eps=1e-05, elementwise_affine=True)
    (1): LayerNorm((512,), eps=1e-05, elementwise_affine=True)
  )
  (lin_in): Linear(in_features=767, out_features=512, bias=True)
  (ln): LayerNorm((512,), eps=1e-05, elementwise_affine=True)
  (global_attn): GlobalAttn(
    (h_lins): ModuleList(
      (0): Linear(in_features=512, out_features=512, bias=True)
      (1): Linear(in_features=512, out_features=512, bias=True)
    )
    (k_lins): ModuleList(
      (0): Linear(in_features=512, out_features=512, bias=True)
      (1): Linear(in_features=512, out_features=512, bias=True)
    )
    (v_lins): ModuleList(
      (0): Linear(in_features=512, out_features=512, bias=True)
      (1): Linear(in_features=512, out_features=512, bias=True)
    )
    (lns): ModuleList(
      (0): LayerNorm((512,), eps=1e-05, elementwise_affine=True)
      (1): LayerNorm((512,), eps=1e-05, elementwise_affine=True)
    )
    (lin_out): Linear(in_features=512, out_features=512, bias=True)
  )
  (pred_local): Linear(in_features=512, out_features=10, bias=True)
  (pred_global): Linear(in_features=512, out_features=10, bias=True)
)
Epoch: 00, Loss: 2.3227, Train: 10.00%, Valid: 9.60%, Test: 10.00%, Best Valid: 9.60%, Best Test: 10.00%
Epoch: 100, Loss: 1.1678, Train: 55.00%, Valid: 31.80%, Test: 32.70%, Best Valid: 51.20%, Best Test: 50.80%
Epoch: 200, Loss: 3.1036, Train: 48.50%, Valid: 46.00%, Test: 45.80%, Best Valid: 67.40%, Best Test: 66.20%
Epoch: 300, Loss: 0.2757, Train: 96.50%, Valid: 59.60%, Test: 59.50%, Best Valid: 67.40%, Best Test: 66.20%
Epoch: 400, Loss: 0.0726, Train: 98.50%, Valid: 57.20%, Test: 56.80%, Best Valid: 68.40%, Best Test: 68.70%
Epoch: 500, Loss: 1.1425, Train: 64.50%, Valid: 38.00%, Test: 40.90%, Best Valid: 70.00%, Best Test: 69.60%
Epoch: 600, Loss: 0.1868, Train: 96.50%, Valid: 64.40%, Test: 62.00%, Best Valid: 70.00%, Best Test: 69.60%
Epoch: 700, Loss: 0.1340, Train: 99.50%, Valid: 63.60%, Test: 63.70%, Best Valid: 75.00%, Best Test: 71.00%
Epoch: 800, Loss: 0.1381, Train: 99.00%, Valid: 69.40%, Test: 66.60%, Best Valid: 76.60%, Best Test: 71.40%
Epoch: 900, Loss: 0.1007, Train: 100.00%, Valid: 72.20%, Test: 70.60%, Best Valid: 76.60%, Best Test: 71.40%
Run 01:
Highest Train: 100.00
Highest Valid: 76.60
Highest Test: 73.70
Chosen epoch: 749
Final Train: 99.00
Final Test: 71.40
Epoch: 00, Loss: 2.3298, Train: 10.00%, Valid: 7.20%, Test: 6.70%, Best Valid: 7.20%, Best Test: 6.70%
Epoch: 100, Loss: 0.7443, Train: 63.50%, Valid: 57.80%, Test: 55.50%, Best Valid: 72.60%, Best Test: 72.90%
Epoch: 200, Loss: 0.0534, Train: 99.50%, Valid: 67.40%, Test: 68.20%, Best Valid: 73.20%, Best Test: 71.40%
Epoch: 300, Loss: 2.1256, Train: 21.00%, Valid: 17.40%, Test: 18.60%, Best Valid: 73.20%, Best Test: 71.40%
Epoch: 400, Loss: 0.3578, Train: 97.50%, Valid: 71.40%, Test: 70.40%, Best Valid: 76.00%, Best Test: 74.60%
Epoch: 500, Loss: 0.3762, Train: 91.50%, Valid: 67.40%, Test: 66.40%, Best Valid: 77.00%, Best Test: 72.90%
Epoch: 600, Loss: 0.4596, Train: 96.00%, Valid: 59.60%, Test: 56.60%, Best Valid: 77.00%, Best Test: 72.90%
Epoch: 700, Loss: 0.0539, Train: 99.50%, Valid: 69.60%, Test: 70.20%, Best Valid: 77.00%, Best Test: 72.90%
Epoch: 800, Loss: 0.2737, Train: 99.50%, Valid: 65.60%, Test: 66.20%, Best Valid: 77.00%, Best Test: 72.90%
Epoch: 900, Loss: 1.3246, Train: 60.00%, Valid: 26.20%, Test: 24.80%, Best Valid: 77.00%, Best Test: 72.90%
Run 02:
Highest Train: 100.00
Highest Valid: 77.00
Highest Test: 75.70
Chosen epoch: 407
Final Train: 98.00
Final Test: 72.90
Epoch: 00, Loss: 2.3302, Train: 10.00%, Valid: 2.80%, Test: 1.40%, Best Valid: 2.80%, Best Test: 1.40%
Epoch: 100, Loss: 1.2981, Train: 53.50%, Valid: 30.60%, Test: 30.00%, Best Valid: 43.80%, Best Test: 41.80%
Epoch: 200, Loss: 0.2085, Train: 97.00%, Valid: 64.00%, Test: 61.80%, Best Valid: 64.00%, Best Test: 61.80%
Epoch: 300, Loss: 0.5950, Train: 89.50%, Valid: 52.40%, Test: 50.50%, Best Valid: 68.40%, Best Test: 66.00%
Epoch: 400, Loss: 0.2557, Train: 98.00%, Valid: 68.80%, Test: 67.20%, Best Valid: 71.40%, Best Test: 69.10%
Epoch: 500, Loss: 0.3884, Train: 98.00%, Valid: 58.60%, Test: 59.30%, Best Valid: 73.80%, Best Test: 70.60%
Epoch: 600, Loss: 0.0077, Train: 100.00%, Valid: 66.60%, Test: 67.20%, Best Valid: 73.80%, Best Test: 70.60%
Epoch: 700, Loss: 0.4630, Train: 93.50%, Valid: 49.40%, Test: 52.40%, Best Valid: 73.80%, Best Test: 70.60%
Epoch: 800, Loss: 0.2642, Train: 99.00%, Valid: 66.40%, Test: 65.10%, Best Valid: 73.80%, Best Test: 70.60%
Epoch: 900, Loss: 0.0556, Train: 99.50%, Valid: 73.40%, Test: 68.30%, Best Valid: 73.80%, Best Test: 70.60%
Run 03:
Highest Train: 100.00
Highest Valid: 73.80
Highest Test: 70.90
Chosen epoch: 462
Final Train: 100.00
Final Test: 70.60
Epoch: 00, Loss: 2.3429, Train: 10.00%, Valid: 7.20%, Test: 6.70%, Best Valid: 7.20%, Best Test: 6.70%
Epoch: 100, Loss: 1.2902, Train: 62.00%, Valid: 39.20%, Test: 36.50%, Best Valid: 45.80%, Best Test: 46.80%
Epoch: 200, Loss: 0.2369, Train: 97.00%, Valid: 53.60%, Test: 52.70%, Best Valid: 58.80%, Best Test: 57.90%
Epoch: 300, Loss: 0.0686, Train: 97.50%, Valid: 50.40%, Test: 50.50%, Best Valid: 58.80%, Best Test: 57.90%
Epoch: 400, Loss: 0.3239, Train: 93.50%, Valid: 49.80%, Test: 50.70%, Best Valid: 61.20%, Best Test: 61.60%
Epoch: 500, Loss: 0.1050, Train: 99.50%, Valid: 53.60%, Test: 57.90%, Best Valid: 65.40%, Best Test: 64.80%
Epoch: 600, Loss: 0.0230, Train: 100.00%, Valid: 52.40%, Test: 55.60%, Best Valid: 65.40%, Best Test: 64.80%
Epoch: 700, Loss: 0.0413, Train: 100.00%, Valid: 60.40%, Test: 62.10%, Best Valid: 66.00%, Best Test: 67.90%
Epoch: 800, Loss: 0.0299, Train: 100.00%, Valid: 56.60%, Test: 60.20%, Best Valid: 67.20%, Best Test: 64.60%
Epoch: 900, Loss: 0.0134, Train: 100.00%, Valid: 60.80%, Test: 60.80%, Best Valid: 67.20%, Best Test: 64.60%
Run 04:
Highest Train: 100.00
Highest Valid: 67.20
Highest Test: 67.90
Chosen epoch: 745
Final Train: 99.50
Final Test: 64.60
Epoch: 00, Loss: 2.3190, Train: 10.00%, Valid: 39.60%, Test: 37.10%, Best Valid: 39.60%, Best Test: 37.10%
Epoch: 100, Loss: 1.2679, Train: 24.00%, Valid: 24.80%, Test: 22.30%, Best Valid: 44.20%, Best Test: 42.00%
Epoch: 200, Loss: 0.4208, Train: 83.50%, Valid: 60.60%, Test: 57.80%, Best Valid: 63.60%, Best Test: 61.90%
Epoch: 300, Loss: 0.7731, Train: 90.00%, Valid: 58.20%, Test: 55.00%, Best Valid: 64.00%, Best Test: 61.40%
Epoch: 400, Loss: 0.0464, Train: 100.00%, Valid: 69.80%, Test: 66.20%, Best Valid: 69.80%, Best Test: 66.20%
Epoch: 500, Loss: 0.6847, Train: 87.00%, Valid: 67.20%, Test: 65.80%, Best Valid: 70.60%, Best Test: 66.50%
Epoch: 600, Loss: 0.5603, Train: 89.50%, Valid: 57.00%, Test: 57.70%, Best Valid: 73.20%, Best Test: 70.60%
Epoch: 700, Loss: 0.2395, Train: 96.50%, Valid: 64.80%, Test: 63.80%, Best Valid: 73.40%, Best Test: 70.90%
Epoch: 800, Loss: 0.0946, Train: 99.50%, Valid: 65.60%, Test: 66.70%, Best Valid: 73.40%, Best Test: 70.90%
Epoch: 900, Loss: 0.2406, Train: 98.50%, Valid: 66.20%, Test: 66.80%, Best Valid: 73.80%, Best Test: 71.30%
Run 05:
Highest Train: 100.00
Highest Valid: 73.80
Highest Test: 72.50
Chosen epoch: 817
Final Train: 100.00
Final Test: 71.30
All runs:
Highest Train: 100.00 ± 0.00
Highest Test: 72.14 ± 2.95
Highest Valid: 73.68 ± 3.92
  Final Train: 99.30 ± 0.84
   Final Test: 70.16 ± 3.22
Saving results to mlp_gt/results_full/amazon-computer/polynormer.csv

Running with MLP-GT Regularization (lambda=0.01)...
Namespace(aggregate='add', alpha=0.5, attention='gcn', beta=-1.0, bn=False, cpu=False, data_dir='../data/', dataset='amazon-computer', device=0, dim_inner=128, display_step=100, dropout=0.3, epochs=1000, global_dropout=None, global_layers=2, gnn='gcn', graph_weight=0.8, hidden_channels=128, hops=10, in_dropout=0.0, jk=False, label_num_per_class=20, lambda_val=0.01, layers=1, ln=False, local_gnn_type='GCN', local_layers=2, lr=0.01, metric='acc', mlp_epochs=500, mlp_reg=True, model='polynormer', model_dir='./model/', n_heads=4, num_centroids=4096, num_heads=4, oracle_reg=False, pe_types='RWSE', pre_linear=False, pre_ln=False, rand_split=False, rand_split_class=True, reg_start_epoch=10, reg_update_freq=5, res=False, result_dir='mlp_gt/results_full', runs=5, save_model=False, save_result=False, seed=123, test_num=1000, train_prop=0.5, use_act=False, use_bn=False, use_graph=False, use_reg=True, use_residual=False, use_weight=False, valid_num=500, valid_prop=0.25, weight_decay=0.0005)
amazon-computer
train:torch.Size([200]), valid:torch.Size([500]), test:torch.Size([1000])
dataset amazon-computer | num nodes 13752 | num edge 491722 | num node feats 767 | num classes 10
MODEL: Polynormer(
  (h_lins): ModuleList(
    (0): Linear(in_features=512, out_features=512, bias=True)
    (1): Linear(in_features=512, out_features=512, bias=True)
  )
  (local_convs): ModuleList(
    (0): GATConv(512, 128, heads=4)
    (1): GATConv(512, 128, heads=4)
  )
  (lins): ModuleList(
    (0): Linear(in_features=512, out_features=512, bias=True)
    (1): Linear(in_features=512, out_features=512, bias=True)
  )
  (lns): ModuleList(
    (0): LayerNorm((512,), eps=1e-05, elementwise_affine=True)
    (1): LayerNorm((512,), eps=1e-05, elementwise_affine=True)
  )
  (lin_in): Linear(in_features=767, out_features=512, bias=True)
  (ln): LayerNorm((512,), eps=1e-05, elementwise_affine=True)
  (global_attn): GlobalAttn(
    (h_lins): ModuleList(
      (0): Linear(in_features=512, out_features=512, bias=True)
      (1): Linear(in_features=512, out_features=512, bias=True)
    )
    (k_lins): ModuleList(
      (0): Linear(in_features=512, out_features=512, bias=True)
      (1): Linear(in_features=512, out_features=512, bias=True)
    )
    (v_lins): ModuleList(
      (0): Linear(in_features=512, out_features=512, bias=True)
      (1): Linear(in_features=512, out_features=512, bias=True)
    )
    (lns): ModuleList(
      (0): LayerNorm((512,), eps=1e-05, elementwise_affine=True)
      (1): LayerNorm((512,), eps=1e-05, elementwise_affine=True)
    )
    (lin_out): Linear(in_features=512, out_features=512, bias=True)
  )
  (pred_local): Linear(in_features=512, out_features=10, bias=True)
  (pred_global): Linear(in_features=512, out_features=10, bias=True)
)
Pre-training MLP for 500 epochs to generate co-occurrence matrix...
MLP pre-training complete. Penalty matrix frozen.
Epoch: 00, Loss: 2.3344, Train: 10.00%, Valid: 3.40%, Test: 4.00%, Best Valid: 3.40%, Best Test: 4.00%
Epoch: 100, Loss: 1.3738, Train: 42.50%, Valid: 37.40%, Test: 33.70%, Best Valid: 50.00%, Best Test: 47.30%
Epoch: 200, Loss: 0.0502, Train: 100.00%, Valid: 64.60%, Test: 64.80%, Best Valid: 69.00%, Best Test: 63.70%
Epoch: 300, Loss: 0.4956, Train: 83.00%, Valid: 53.00%, Test: 50.40%, Best Valid: 69.00%, Best Test: 63.70%
Epoch: 400, Loss: 0.0894, Train: 99.50%, Valid: 53.80%, Test: 51.90%, Best Valid: 69.00%, Best Test: 63.70%
Epoch: 500, Loss: 0.1994, Train: 99.50%, Valid: 56.40%, Test: 55.80%, Best Valid: 69.00%, Best Test: 63.70%
Epoch: 600, Loss: 0.0679, Train: 100.00%, Valid: 55.60%, Test: 54.80%, Best Valid: 69.00%, Best Test: 63.70%
Epoch: 700, Loss: 1.7870, Train: 50.50%, Valid: 38.20%, Test: 32.30%, Best Valid: 69.00%, Best Test: 63.70%
Epoch: 800, Loss: 0.1512, Train: 93.50%, Valid: 56.60%, Test: 51.30%, Best Valid: 69.00%, Best Test: 63.70%
Epoch: 900, Loss: 0.0468, Train: 99.50%, Valid: 63.00%, Test: 60.40%, Best Valid: 72.80%, Best Test: 67.20%
Run 01:
Highest Train: 100.00
Highest Valid: 72.80
Highest Test: 67.20
Chosen epoch: 891
Final Train: 98.50
Final Test: 67.20
Pre-training MLP for 500 epochs to generate co-occurrence matrix...
MLP pre-training complete. Penalty matrix frozen.
Epoch: 00, Loss: 2.3494, Train: 10.00%, Valid: 2.80%, Test: 1.40%, Best Valid: 2.80%, Best Test: 1.40%
Epoch: 100, Loss: 1.0807, Train: 69.00%, Valid: 39.20%, Test: 39.00%, Best Valid: 43.00%, Best Test: 42.80%
Epoch: 200, Loss: 0.1718, Train: 92.00%, Valid: 56.60%, Test: 58.60%, Best Valid: 71.80%, Best Test: 69.20%
Epoch: 300, Loss: 0.0595, Train: 99.00%, Valid: 50.80%, Test: 55.10%, Best Valid: 73.60%, Best Test: 73.00%
Epoch: 400, Loss: 1.4924, Train: 70.50%, Valid: 60.80%, Test: 57.60%, Best Valid: 73.60%, Best Test: 73.00%
Epoch: 500, Loss: 0.3384, Train: 94.00%, Valid: 67.40%, Test: 66.60%, Best Valid: 77.60%, Best Test: 73.90%
Epoch: 600, Loss: 0.0755, Train: 100.00%, Valid: 71.60%, Test: 69.20%, Best Valid: 78.80%, Best Test: 76.20%
Epoch: 700, Loss: 1.0529, Train: 86.50%, Valid: 55.00%, Test: 56.30%, Best Valid: 78.80%, Best Test: 76.20%
Epoch: 800, Loss: 0.1120, Train: 99.50%, Valid: 68.60%, Test: 66.10%, Best Valid: 78.80%, Best Test: 76.20%
Epoch: 900, Loss: 0.0258, Train: 100.00%, Valid: 72.80%, Test: 72.10%, Best Valid: 78.80%, Best Test: 76.20%
Run 02:
Highest Train: 100.00
Highest Valid: 78.80
Highest Test: 76.20
Chosen epoch: 544
Final Train: 99.50
Final Test: 76.20
Pre-training MLP for 500 epochs to generate co-occurrence matrix...
MLP pre-training complete. Penalty matrix frozen.
Epoch: 00, Loss: 2.3413, Train: 10.00%, Valid: 2.80%, Test: 1.40%, Best Valid: 2.80%, Best Test: 1.40%
Epoch: 100, Loss: 1.2091, Train: 56.00%, Valid: 23.60%, Test: 22.50%, Best Valid: 48.00%, Best Test: 44.60%
Epoch: 200, Loss: 0.2472, Train: 95.50%, Valid: 64.20%, Test: 61.90%, Best Valid: 64.40%, Best Test: 58.20%
Epoch: 300, Loss: 0.4619, Train: 94.00%, Valid: 64.80%, Test: 62.50%, Best Valid: 70.40%, Best Test: 67.10%
Epoch: 400, Loss: 0.1668, Train: 87.00%, Valid: 50.40%, Test: 48.90%, Best Valid: 74.20%, Best Test: 69.60%
Epoch: 500, Loss: 0.2112, Train: 98.00%, Valid: 67.60%, Test: 64.30%, Best Valid: 74.20%, Best Test: 69.60%
Epoch: 600, Loss: 0.3255, Train: 96.00%, Valid: 46.80%, Test: 46.80%, Best Valid: 74.20%, Best Test: 69.60%
Epoch: 700, Loss: 0.0278, Train: 100.00%, Valid: 64.00%, Test: 58.90%, Best Valid: 74.20%, Best Test: 69.60%
Epoch: 800, Loss: 0.0130, Train: 100.00%, Valid: 69.80%, Test: 67.60%, Best Valid: 74.20%, Best Test: 69.60%
Epoch: 900, Loss: 0.0419, Train: 100.00%, Valid: 67.20%, Test: 64.40%, Best Valid: 75.20%, Best Test: 69.30%
Run 03:
Highest Train: 100.00
Highest Valid: 75.20
Highest Test: 70.70
Chosen epoch: 894
Final Train: 99.50
Final Test: 69.30
Pre-training MLP for 500 epochs to generate co-occurrence matrix...
MLP pre-training complete. Penalty matrix frozen.
Epoch: 00, Loss: 2.3778, Train: 10.00%, Valid: 39.60%, Test: 37.10%, Best Valid: 39.60%, Best Test: 37.10%
Epoch: 100, Loss: 1.0908, Train: 60.00%, Valid: 56.40%, Test: 55.60%, Best Valid: 56.40%, Best Test: 55.60%
Epoch: 200, Loss: 0.0646, Train: 99.50%, Valid: 66.80%, Test: 67.90%, Best Valid: 70.80%, Best Test: 67.20%
Epoch: 300, Loss: 0.9984, Train: 77.50%, Valid: 52.20%, Test: 53.80%, Best Valid: 70.80%, Best Test: 67.20%
Epoch: 400, Loss: 0.1814, Train: 98.00%, Valid: 65.40%, Test: 69.00%, Best Valid: 72.20%, Best Test: 73.10%
Epoch: 500, Loss: 0.2711, Train: 97.00%, Valid: 63.60%, Test: 64.70%, Best Valid: 72.20%, Best Test: 73.10%
Epoch: 600, Loss: 0.0709, Train: 99.00%, Valid: 56.20%, Test: 55.60%, Best Valid: 73.20%, Best Test: 70.40%
Epoch: 700, Loss: 0.1391, Train: 91.00%, Valid: 42.80%, Test: 43.70%, Best Valid: 73.20%, Best Test: 70.40%
Epoch: 800, Loss: 0.0385, Train: 100.00%, Valid: 65.40%, Test: 65.90%, Best Valid: 73.20%, Best Test: 70.40%
Epoch: 900, Loss: 0.2649, Train: 90.50%, Valid: 55.20%, Test: 54.30%, Best Valid: 73.20%, Best Test: 70.40%
Run 04:
Highest Train: 100.00
Highest Valid: 73.20
Highest Test: 73.10
Chosen epoch: 588
Final Train: 99.00
Final Test: 70.40
Pre-training MLP for 500 epochs to generate co-occurrence matrix...
MLP pre-training complete. Penalty matrix frozen.
Epoch: 00, Loss: 2.3637, Train: 10.00%, Valid: 14.00%, Test: 15.60%, Best Valid: 14.00%, Best Test: 15.60%
Epoch: 100, Loss: 0.1436, Train: 96.00%, Valid: 68.40%, Test: 66.00%, Best Valid: 69.80%, Best Test: 65.50%
Epoch: 200, Loss: 0.3995, Train: 95.50%, Valid: 66.00%, Test: 64.10%, Best Valid: 75.00%, Best Test: 70.30%
Epoch: 300, Loss: 2.0349, Train: 56.50%, Valid: 39.60%, Test: 39.10%, Best Valid: 75.00%, Best Test: 70.30%
Epoch: 400, Loss: 0.0960, Train: 99.50%, Valid: 67.40%, Test: 66.20%, Best Valid: 75.00%, Best Test: 70.30%
Epoch: 500, Loss: 0.0453, Train: 100.00%, Valid: 64.60%, Test: 64.60%, Best Valid: 75.00%, Best Test: 70.30%
Epoch: 600, Loss: 0.0354, Train: 100.00%, Valid: 68.20%, Test: 65.30%, Best Valid: 75.00%, Best Test: 70.30%
Epoch: 700, Loss: 0.5975, Train: 91.00%, Valid: 53.60%, Test: 51.70%, Best Valid: 75.00%, Best Test: 70.30%
Epoch: 800, Loss: 0.0760, Train: 99.50%, Valid: 65.40%, Test: 65.00%, Best Valid: 75.00%, Best Test: 70.30%
Epoch: 900, Loss: 0.0411, Train: 100.00%, Valid: 56.00%, Test: 54.40%, Best Valid: 75.00%, Best Test: 70.30%
Run 05:
Highest Train: 100.00
Highest Valid: 75.00
Highest Test: 71.10
Chosen epoch: 137
Final Train: 100.00
Final Test: 70.30
All runs:
Highest Train: 100.00 ± 0.00
Highest Test: 71.66 ± 3.31
Highest Valid: 75.00 ± 2.37
  Final Train: 99.30 ± 0.57
   Final Test: 70.68 ± 3.34
Saving results to mlp_gt/results_full/amazon-computer/polynormer.csv

Running with MLP-GT Regularization (lambda=0.1)...
Namespace(aggregate='add', alpha=0.5, attention='gcn', beta=-1.0, bn=False, cpu=False, data_dir='../data/', dataset='amazon-computer', device=0, dim_inner=128, display_step=100, dropout=0.3, epochs=1000, global_dropout=None, global_layers=2, gnn='gcn', graph_weight=0.8, hidden_channels=128, hops=10, in_dropout=0.0, jk=False, label_num_per_class=20, lambda_val=0.1, layers=1, ln=False, local_gnn_type='GCN', local_layers=2, lr=0.01, metric='acc', mlp_epochs=500, mlp_reg=True, model='polynormer', model_dir='./model/', n_heads=4, num_centroids=4096, num_heads=4, oracle_reg=False, pe_types='RWSE', pre_linear=False, pre_ln=False, rand_split=False, rand_split_class=True, reg_start_epoch=10, reg_update_freq=5, res=False, result_dir='mlp_gt/results_full', runs=5, save_model=False, save_result=False, seed=123, test_num=1000, train_prop=0.5, use_act=False, use_bn=False, use_graph=False, use_reg=True, use_residual=False, use_weight=False, valid_num=500, valid_prop=0.25, weight_decay=0.0005)
amazon-computer
train:torch.Size([200]), valid:torch.Size([500]), test:torch.Size([1000])
dataset amazon-computer | num nodes 13752 | num edge 491722 | num node feats 767 | num classes 10
MODEL: Polynormer(
  (h_lins): ModuleList(
    (0): Linear(in_features=512, out_features=512, bias=True)
    (1): Linear(in_features=512, out_features=512, bias=True)
  )
  (local_convs): ModuleList(
    (0): GATConv(512, 128, heads=4)
    (1): GATConv(512, 128, heads=4)
  )
  (lins): ModuleList(
    (0): Linear(in_features=512, out_features=512, bias=True)
    (1): Linear(in_features=512, out_features=512, bias=True)
  )
  (lns): ModuleList(
    (0): LayerNorm((512,), eps=1e-05, elementwise_affine=True)
    (1): LayerNorm((512,), eps=1e-05, elementwise_affine=True)
  )
  (lin_in): Linear(in_features=767, out_features=512, bias=True)
  (ln): LayerNorm((512,), eps=1e-05, elementwise_affine=True)
  (global_attn): GlobalAttn(
    (h_lins): ModuleList(
      (0): Linear(in_features=512, out_features=512, bias=True)
      (1): Linear(in_features=512, out_features=512, bias=True)
    )
    (k_lins): ModuleList(
      (0): Linear(in_features=512, out_features=512, bias=True)
      (1): Linear(in_features=512, out_features=512, bias=True)
    )
    (v_lins): ModuleList(
      (0): Linear(in_features=512, out_features=512, bias=True)
      (1): Linear(in_features=512, out_features=512, bias=True)
    )
    (lns): ModuleList(
      (0): LayerNorm((512,), eps=1e-05, elementwise_affine=True)
      (1): LayerNorm((512,), eps=1e-05, elementwise_affine=True)
    )
    (lin_out): Linear(in_features=512, out_features=512, bias=True)
  )
  (pred_local): Linear(in_features=512, out_features=10, bias=True)
  (pred_global): Linear(in_features=512, out_features=10, bias=True)
)
Pre-training MLP for 500 epochs to generate co-occurrence matrix...
MLP pre-training complete. Penalty matrix frozen.
Epoch: 00, Loss: 2.5424, Train: 10.50%, Valid: 3.40%, Test: 4.40%, Best Valid: 3.40%, Best Test: 4.40%
Epoch: 100, Loss: 1.3409, Train: 48.00%, Valid: 44.80%, Test: 43.00%, Best Valid: 53.20%, Best Test: 47.60%
Epoch: 200, Loss: 1.4580, Train: 60.50%, Valid: 34.60%, Test: 35.70%, Best Valid: 62.20%, Best Test: 58.50%
Epoch: 300, Loss: 0.4574, Train: 85.50%, Valid: 40.80%, Test: 41.10%, Best Valid: 69.80%, Best Test: 64.50%
Epoch: 400, Loss: 1.6078, Train: 55.00%, Valid: 46.20%, Test: 45.70%, Best Valid: 70.60%, Best Test: 68.70%
Epoch: 500, Loss: 0.3442, Train: 95.50%, Valid: 62.40%, Test: 63.50%, Best Valid: 70.60%, Best Test: 68.70%
Epoch: 600, Loss: 0.0493, Train: 100.00%, Valid: 70.00%, Test: 68.40%, Best Valid: 73.20%, Best Test: 70.80%
Epoch: 700, Loss: 0.5708, Train: 96.50%, Valid: 53.00%, Test: 54.40%, Best Valid: 73.20%, Best Test: 70.80%
Epoch: 800, Loss: 0.1867, Train: 100.00%, Valid: 69.60%, Test: 66.80%, Best Valid: 74.20%, Best Test: 73.30%
Epoch: 900, Loss: 0.0960, Train: 99.50%, Valid: 69.80%, Test: 69.60%, Best Valid: 75.40%, Best Test: 74.40%
Run 01:
Highest Train: 100.00
Highest Valid: 75.40
Highest Test: 74.40
Chosen epoch: 849
Final Train: 99.50
Final Test: 74.40
Pre-training MLP for 500 epochs to generate co-occurrence matrix...
MLP pre-training complete. Penalty matrix frozen.
Epoch: 00, Loss: 2.5587, Train: 10.00%, Valid: 2.80%, Test: 1.40%, Best Valid: 2.80%, Best Test: 1.40%
Epoch: 100, Loss: 0.4362, Train: 86.50%, Valid: 54.20%, Test: 52.90%, Best Valid: 64.20%, Best Test: 63.00%
Epoch: 200, Loss: 0.3450, Train: 97.50%, Valid: 62.20%, Test: 61.00%, Best Valid: 68.40%, Best Test: 66.40%
Epoch: 300, Loss: 0.3068, Train: 96.00%, Valid: 62.80%, Test: 63.70%, Best Valid: 70.60%, Best Test: 68.80%
Epoch: 400, Loss: 0.0813, Train: 100.00%, Valid: 63.00%, Test: 65.40%, Best Valid: 73.00%, Best Test: 71.70%
Epoch: 500, Loss: 2.1979, Train: 27.00%, Valid: 24.00%, Test: 23.30%, Best Valid: 73.00%, Best Test: 71.70%
Epoch: 600, Loss: 0.1517, Train: 99.00%, Valid: 65.00%, Test: 64.00%, Best Valid: 73.00%, Best Test: 71.70%
Epoch: 700, Loss: 0.0951, Train: 99.50%, Valid: 64.40%, Test: 65.90%, Best Valid: 73.00%, Best Test: 71.70%
Epoch: 800, Loss: 0.0953, Train: 100.00%, Valid: 64.00%, Test: 62.60%, Best Valid: 73.00%, Best Test: 71.70%
Epoch: 900, Loss: 0.1386, Train: 99.00%, Valid: 62.60%, Test: 61.20%, Best Valid: 73.40%, Best Test: 72.00%
Run 02:
Highest Train: 100.00
Highest Valid: 73.40
Highest Test: 72.80
Chosen epoch: 813
Final Train: 100.00
Final Test: 72.00
Pre-training MLP for 500 epochs to generate co-occurrence matrix...
MLP pre-training complete. Penalty matrix frozen.
Epoch: 00, Loss: 2.5499, Train: 10.00%, Valid: 15.80%, Test: 15.30%, Best Valid: 15.80%, Best Test: 15.30%
Epoch: 100, Loss: 2.1196, Train: 51.50%, Valid: 46.80%, Test: 45.10%, Best Valid: 46.80%, Best Test: 45.10%
Epoch: 200, Loss: 0.0432, Train: 99.00%, Valid: 59.60%, Test: 58.40%, Best Valid: 68.60%, Best Test: 66.60%
Epoch: 300, Loss: 0.1354, Train: 98.50%, Valid: 58.00%, Test: 56.70%, Best Valid: 68.60%, Best Test: 66.60%
Epoch: 400, Loss: 1.6348, Train: 53.50%, Valid: 38.20%, Test: 36.10%, Best Valid: 68.60%, Best Test: 66.60%
Epoch: 500, Loss: 0.2309, Train: 98.50%, Valid: 57.40%, Test: 58.80%, Best Valid: 68.60%, Best Test: 66.60%
Epoch: 600, Loss: 0.1654, Train: 99.50%, Valid: 60.00%, Test: 57.70%, Best Valid: 68.60%, Best Test: 66.60%
Epoch: 700, Loss: 0.2890, Train: 99.00%, Valid: 64.60%, Test: 62.50%, Best Valid: 68.80%, Best Test: 64.70%
Epoch: 800, Loss: 0.0586, Train: 99.50%, Valid: 62.80%, Test: 60.90%, Best Valid: 68.80%, Best Test: 64.70%
Epoch: 900, Loss: 0.1185, Train: 99.50%, Valid: 59.00%, Test: 59.90%, Best Valid: 70.40%, Best Test: 63.40%
Run 03:
Highest Train: 100.00
Highest Valid: 70.40
Highest Test: 67.90
Chosen epoch: 862
Final Train: 99.50
Final Test: 63.40
Pre-training MLP for 500 epochs to generate co-occurrence matrix...
MLP pre-training complete. Penalty matrix frozen.
Epoch: 00, Loss: 2.5896, Train: 10.00%, Valid: 39.60%, Test: 37.10%, Best Valid: 39.60%, Best Test: 37.10%
Epoch: 100, Loss: 1.4266, Train: 24.50%, Valid: 32.80%, Test: 31.20%, Best Valid: 54.80%, Best Test: 54.40%
Epoch: 200, Loss: 0.2508, Train: 98.00%, Valid: 55.20%, Test: 55.80%, Best Valid: 61.40%, Best Test: 64.60%
Epoch: 300, Loss: 0.0777, Train: 99.50%, Valid: 62.40%, Test: 61.70%, Best Valid: 63.60%, Best Test: 62.20%
Epoch: 400, Loss: 0.0612, Train: 99.50%, Valid: 61.40%, Test: 61.10%, Best Valid: 64.80%, Best Test: 64.00%
Epoch: 500, Loss: 0.0501, Train: 99.50%, Valid: 58.00%, Test: 57.40%, Best Valid: 64.80%, Best Test: 64.00%
Epoch: 600, Loss: 0.6169, Train: 93.00%, Valid: 59.40%, Test: 58.00%, Best Valid: 65.80%, Best Test: 66.00%
Epoch: 700, Loss: 0.0399, Train: 100.00%, Valid: 58.60%, Test: 59.60%, Best Valid: 65.80%, Best Test: 66.00%
Epoch: 800, Loss: 0.0725, Train: 100.00%, Valid: 63.40%, Test: 61.80%, Best Valid: 67.20%, Best Test: 64.00%
Epoch: 900, Loss: 0.0600, Train: 99.50%, Valid: 56.20%, Test: 57.90%, Best Valid: 67.80%, Best Test: 63.20%
Run 04:
Highest Train: 100.00
Highest Valid: 67.80
Highest Test: 66.00
Chosen epoch: 842
Final Train: 100.00
Final Test: 63.20
Pre-training MLP for 500 epochs to generate co-occurrence matrix...
MLP pre-training complete. Penalty matrix frozen.
Epoch: 00, Loss: 2.5743, Train: 10.00%, Valid: 14.00%, Test: 15.60%, Best Valid: 14.00%, Best Test: 15.60%
Epoch: 100, Loss: 0.3279, Train: 94.00%, Valid: 59.40%, Test: 58.30%, Best Valid: 63.60%, Best Test: 60.10%
Epoch: 200, Loss: 0.0300, Train: 100.00%, Valid: 62.40%, Test: 65.80%, Best Valid: 66.80%, Best Test: 68.10%
Epoch: 300, Loss: 0.0243, Train: 100.00%, Valid: 64.60%, Test: 66.20%, Best Valid: 72.80%, Best Test: 70.00%
Epoch: 400, Loss: 0.8183, Train: 83.00%, Valid: 49.80%, Test: 51.80%, Best Valid: 72.80%, Best Test: 70.00%
Epoch: 500, Loss: 0.1885, Train: 99.00%, Valid: 59.60%, Test: 58.20%, Best Valid: 72.80%, Best Test: 70.00%
Epoch: 600, Loss: 0.1186, Train: 100.00%, Valid: 68.20%, Test: 66.50%, Best Valid: 74.60%, Best Test: 69.20%
Epoch: 700, Loss: 0.0647, Train: 100.00%, Valid: 59.60%, Test: 58.90%, Best Valid: 74.60%, Best Test: 69.20%
Epoch: 800, Loss: 0.7134, Train: 85.50%, Valid: 66.40%, Test: 67.10%, Best Valid: 74.60%, Best Test: 69.20%
Epoch: 900, Loss: 0.0493, Train: 100.00%, Valid: 67.80%, Test: 67.20%, Best Valid: 74.60%, Best Test: 69.20%
Run 05:
Highest Train: 100.00
Highest Valid: 74.60
Highest Test: 73.30
Chosen epoch: 594
Final Train: 100.00
Final Test: 69.20
All runs:
Highest Train: 100.00 ± 0.00
Highest Test: 70.88 ± 3.70
Highest Valid: 72.32 ± 3.16
  Final Train: 99.80 ± 0.27
   Final Test: 68.44 ± 5.04
Saving results to mlp_gt/results_full/amazon-computer/polynormer.csv

Running with MLP-GT Regularization (lambda=0.2)...
Namespace(aggregate='add', alpha=0.5, attention='gcn', beta=-1.0, bn=False, cpu=False, data_dir='../data/', dataset='amazon-computer', device=0, dim_inner=128, display_step=100, dropout=0.3, epochs=1000, global_dropout=None, global_layers=2, gnn='gcn', graph_weight=0.8, hidden_channels=128, hops=10, in_dropout=0.0, jk=False, label_num_per_class=20, lambda_val=0.2, layers=1, ln=False, local_gnn_type='GCN', local_layers=2, lr=0.01, metric='acc', mlp_epochs=500, mlp_reg=True, model='polynormer', model_dir='./model/', n_heads=4, num_centroids=4096, num_heads=4, oracle_reg=False, pe_types='RWSE', pre_linear=False, pre_ln=False, rand_split=False, rand_split_class=True, reg_start_epoch=10, reg_update_freq=5, res=False, result_dir='mlp_gt/results_full', runs=5, save_model=False, save_result=False, seed=123, test_num=1000, train_prop=0.5, use_act=False, use_bn=False, use_graph=False, use_reg=True, use_residual=False, use_weight=False, valid_num=500, valid_prop=0.25, weight_decay=0.0005)
amazon-computer
train:torch.Size([200]), valid:torch.Size([500]), test:torch.Size([1000])
dataset amazon-computer | num nodes 13752 | num edge 491722 | num node feats 767 | num classes 10
MODEL: Polynormer(
  (h_lins): ModuleList(
    (0): Linear(in_features=512, out_features=512, bias=True)
    (1): Linear(in_features=512, out_features=512, bias=True)
  )
  (local_convs): ModuleList(
    (0): GATConv(512, 128, heads=4)
    (1): GATConv(512, 128, heads=4)
  )
  (lins): ModuleList(
    (0): Linear(in_features=512, out_features=512, bias=True)
    (1): Linear(in_features=512, out_features=512, bias=True)
  )
  (lns): ModuleList(
    (0): LayerNorm((512,), eps=1e-05, elementwise_affine=True)
    (1): LayerNorm((512,), eps=1e-05, elementwise_affine=True)
  )
  (lin_in): Linear(in_features=767, out_features=512, bias=True)
  (ln): LayerNorm((512,), eps=1e-05, elementwise_affine=True)
  (global_attn): GlobalAttn(
    (h_lins): ModuleList(
      (0): Linear(in_features=512, out_features=512, bias=True)
      (1): Linear(in_features=512, out_features=512, bias=True)
    )
    (k_lins): ModuleList(
      (0): Linear(in_features=512, out_features=512, bias=True)
      (1): Linear(in_features=512, out_features=512, bias=True)
    )
    (v_lins): ModuleList(
      (0): Linear(in_features=512, out_features=512, bias=True)
      (1): Linear(in_features=512, out_features=512, bias=True)
    )
    (lns): ModuleList(
      (0): LayerNorm((512,), eps=1e-05, elementwise_affine=True)
      (1): LayerNorm((512,), eps=1e-05, elementwise_affine=True)
    )
    (lin_out): Linear(in_features=512, out_features=512, bias=True)
  )
  (pred_local): Linear(in_features=512, out_features=10, bias=True)
  (pred_global): Linear(in_features=512, out_features=10, bias=True)
)
Pre-training MLP for 500 epochs to generate co-occurrence matrix...
MLP pre-training complete. Penalty matrix frozen.
Epoch: 00, Loss: 2.7735, Train: 10.00%, Valid: 3.40%, Test: 4.30%, Best Valid: 3.40%, Best Test: 4.30%
Epoch: 100, Loss: 1.1066, Train: 56.50%, Valid: 32.00%, Test: 30.20%, Best Valid: 47.40%, Best Test: 46.80%
Epoch: 200, Loss: 0.0703, Train: 98.50%, Valid: 61.40%, Test: 61.10%, Best Valid: 67.80%, Best Test: 66.00%
Epoch: 300, Loss: 0.3473, Train: 97.00%, Valid: 65.60%, Test: 65.90%, Best Valid: 74.00%, Best Test: 70.00%
Epoch: 400, Loss: 0.1702, Train: 99.50%, Valid: 53.80%, Test: 55.30%, Best Valid: 74.00%, Best Test: 70.00%
Epoch: 500, Loss: 0.1784, Train: 99.00%, Valid: 69.00%, Test: 67.00%, Best Valid: 74.00%, Best Test: 70.00%
Epoch: 600, Loss: 0.0300, Train: 99.50%, Valid: 54.80%, Test: 55.90%, Best Valid: 74.00%, Best Test: 70.00%
Epoch: 700, Loss: 0.3408, Train: 99.00%, Valid: 60.80%, Test: 62.50%, Best Valid: 74.00%, Best Test: 70.00%
Epoch: 800, Loss: 0.0306, Train: 100.00%, Valid: 68.60%, Test: 67.10%, Best Valid: 74.00%, Best Test: 70.00%
Epoch: 900, Loss: 0.0625, Train: 100.00%, Valid: 66.20%, Test: 65.50%, Best Valid: 74.00%, Best Test: 70.00%
Run 01:
Highest Train: 100.00
Highest Valid: 74.00
Highest Test: 71.00
Chosen epoch: 274
Final Train: 93.00
Final Test: 70.00
Pre-training MLP for 500 epochs to generate co-occurrence matrix...
MLP pre-training complete. Penalty matrix frozen.
Epoch: 00, Loss: 2.7913, Train: 10.00%, Valid: 2.80%, Test: 1.40%, Best Valid: 2.80%, Best Test: 1.40%
Epoch: 100, Loss: 0.4943, Train: 91.50%, Valid: 57.60%, Test: 58.10%, Best Valid: 65.80%, Best Test: 63.20%
Epoch: 200, Loss: 2.2432, Train: 66.00%, Valid: 36.60%, Test: 36.40%, Best Valid: 73.60%, Best Test: 71.20%
Epoch: 300, Loss: 0.0905, Train: 99.00%, Valid: 70.40%, Test: 68.20%, Best Valid: 75.40%, Best Test: 76.80%
Epoch: 400, Loss: 0.2283, Train: 98.00%, Valid: 64.00%, Test: 63.10%, Best Valid: 75.40%, Best Test: 76.80%
Epoch: 500, Loss: 0.0353, Train: 99.50%, Valid: 68.00%, Test: 67.30%, Best Valid: 75.40%, Best Test: 76.80%
Epoch: 600, Loss: 0.0719, Train: 99.00%, Valid: 66.00%, Test: 62.30%, Best Valid: 75.40%, Best Test: 76.80%
Epoch: 700, Loss: 0.1878, Train: 99.00%, Valid: 65.20%, Test: 64.90%, Best Valid: 75.40%, Best Test: 76.80%
Epoch: 800, Loss: 0.6807, Train: 87.50%, Valid: 63.80%, Test: 61.10%, Best Valid: 75.40%, Best Test: 76.80%
Epoch: 900, Loss: 0.0343, Train: 99.00%, Valid: 60.20%, Test: 58.80%, Best Valid: 75.40%, Best Test: 76.80%
Run 02:
Highest Train: 100.00
Highest Valid: 75.40
Highest Test: 76.80
Chosen epoch: 264
Final Train: 98.50
Final Test: 76.80
Pre-training MLP for 500 epochs to generate co-occurrence matrix...
MLP pre-training complete. Penalty matrix frozen.
Epoch: 00, Loss: 2.7817, Train: 10.00%, Valid: 15.80%, Test: 15.30%, Best Valid: 15.80%, Best Test: 15.30%
Epoch: 100, Loss: 0.8071, Train: 82.50%, Valid: 59.60%, Test: 58.50%, Best Valid: 59.60%, Best Test: 58.50%
Epoch: 200, Loss: 0.6775, Train: 85.00%, Valid: 50.80%, Test: 50.70%, Best Valid: 73.00%, Best Test: 68.30%
Epoch: 300, Loss: 0.0469, Train: 100.00%, Valid: 65.00%, Test: 66.40%, Best Valid: 73.00%, Best Test: 68.30%
Epoch: 400, Loss: 0.9747, Train: 84.50%, Valid: 62.80%, Test: 57.90%, Best Valid: 73.00%, Best Test: 68.30%
Epoch: 500, Loss: 0.1127, Train: 99.50%, Valid: 69.80%, Test: 69.10%, Best Valid: 73.00%, Best Test: 68.30%
Epoch: 600, Loss: 0.0293, Train: 99.00%, Valid: 66.40%, Test: 69.30%, Best Valid: 75.80%, Best Test: 72.30%
Epoch: 700, Loss: 0.0177, Train: 100.00%, Valid: 64.00%, Test: 63.60%, Best Valid: 75.80%, Best Test: 72.30%
Epoch: 800, Loss: 2.2954, Train: 57.50%, Valid: 53.80%, Test: 54.10%, Best Valid: 75.80%, Best Test: 72.30%
Epoch: 900, Loss: 0.0354, Train: 99.00%, Valid: 69.80%, Test: 73.40%, Best Valid: 75.80%, Best Test: 72.30%
Run 03:
Highest Train: 100.00
Highest Valid: 77.80
Highest Test: 76.20
Chosen epoch: 968
Final Train: 99.00
Final Test: 75.50
Pre-training MLP for 500 epochs to generate co-occurrence matrix...
MLP pre-training complete. Penalty matrix frozen.
Epoch: 00, Loss: 2.8251, Train: 10.00%, Valid: 3.40%, Test: 4.30%, Best Valid: 3.40%, Best Test: 4.30%
Epoch: 100, Loss: 0.2900, Train: 96.50%, Valid: 71.80%, Test: 69.30%, Best Valid: 71.80%, Best Test: 69.30%
Epoch: 200, Loss: 0.9064, Train: 80.00%, Valid: 61.00%, Test: 61.20%, Best Valid: 75.00%, Best Test: 71.60%
Epoch: 300, Loss: 2.0627, Train: 43.00%, Valid: 46.40%, Test: 42.20%, Best Valid: 76.00%, Best Test: 74.40%
Epoch: 400, Loss: 0.0863, Train: 97.00%, Valid: 58.20%, Test: 56.00%, Best Valid: 76.80%, Best Test: 72.50%
Epoch: 500, Loss: 0.8244, Train: 90.50%, Valid: 62.80%, Test: 63.10%, Best Valid: 76.80%, Best Test: 72.50%
Epoch: 600, Loss: 3.9599, Train: 24.50%, Valid: 8.20%, Test: 5.90%, Best Valid: 76.80%, Best Test: 72.50%
Epoch: 700, Loss: 0.0257, Train: 100.00%, Valid: 71.80%, Test: 70.20%, Best Valid: 76.80%, Best Test: 72.50%
Epoch: 800, Loss: 0.0175, Train: 100.00%, Valid: 70.20%, Test: 71.00%, Best Valid: 76.80%, Best Test: 72.50%
Epoch: 900, Loss: 0.0356, Train: 100.00%, Valid: 70.00%, Test: 69.40%, Best Valid: 76.80%, Best Test: 72.50%
Run 04:
Highest Train: 100.00
Highest Valid: 76.80
Highest Test: 74.70
Chosen epoch: 383
Final Train: 97.50
Final Test: 72.50
Pre-training MLP for 500 epochs to generate co-occurrence matrix...
MLP pre-training complete. Penalty matrix frozen.
Epoch: 00, Loss: 2.8083, Train: 10.00%, Valid: 14.00%, Test: 15.60%, Best Valid: 14.00%, Best Test: 15.60%
Epoch: 100, Loss: 1.0732, Train: 78.50%, Valid: 54.80%, Test: 55.90%, Best Valid: 54.80%, Best Test: 55.90%
Epoch: 200, Loss: 0.5588, Train: 93.00%, Valid: 58.40%, Test: 55.90%, Best Valid: 71.60%, Best Test: 70.10%
Epoch: 300, Loss: 0.0407, Train: 100.00%, Valid: 65.20%, Test: 62.10%, Best Valid: 74.60%, Best Test: 71.50%
Epoch: 400, Loss: 0.0658, Train: 100.00%, Valid: 69.80%, Test: 68.80%, Best Valid: 75.20%, Best Test: 71.40%
Epoch: 500, Loss: 0.0142, Train: 100.00%, Valid: 68.00%, Test: 67.00%, Best Valid: 75.80%, Best Test: 73.80%
Epoch: 600, Loss: 0.0577, Train: 100.00%, Valid: 68.20%, Test: 68.60%, Best Valid: 75.80%, Best Test: 73.80%
Epoch: 700, Loss: 2.4024, Train: 46.00%, Valid: 41.80%, Test: 38.10%, Best Valid: 77.40%, Best Test: 76.10%
Epoch: 800, Loss: 0.0841, Train: 97.00%, Valid: 56.60%, Test: 56.20%, Best Valid: 77.40%, Best Test: 76.10%
Epoch: 900, Loss: 0.1350, Train: 100.00%, Valid: 74.40%, Test: 73.70%, Best Valid: 77.80%, Best Test: 75.70%
Run 05:
Highest Train: 100.00
Highest Valid: 77.80
Highest Test: 76.10
Chosen epoch: 828
Final Train: 100.00
Final Test: 75.70
All runs:
Highest Train: 100.00 ± 0.00
Highest Test: 74.96 ± 2.34
Highest Valid: 76.36 ± 1.65
  Final Train: 97.60 ± 2.72
   Final Test: 74.10 ± 2.79
Saving results to mlp_gt/results_full/amazon-computer/polynormer.csv

Running with MLP-GT Regularization (lambda=0.4)...
Namespace(aggregate='add', alpha=0.5, attention='gcn', beta=-1.0, bn=False, cpu=False, data_dir='../data/', dataset='amazon-computer', device=0, dim_inner=128, display_step=100, dropout=0.3, epochs=1000, global_dropout=None, global_layers=2, gnn='gcn', graph_weight=0.8, hidden_channels=128, hops=10, in_dropout=0.0, jk=False, label_num_per_class=20, lambda_val=0.4, layers=1, ln=False, local_gnn_type='GCN', local_layers=2, lr=0.01, metric='acc', mlp_epochs=500, mlp_reg=True, model='polynormer', model_dir='./model/', n_heads=4, num_centroids=4096, num_heads=4, oracle_reg=False, pe_types='RWSE', pre_linear=False, pre_ln=False, rand_split=False, rand_split_class=True, reg_start_epoch=10, reg_update_freq=5, res=False, result_dir='mlp_gt/results_full', runs=5, save_model=False, save_result=False, seed=123, test_num=1000, train_prop=0.5, use_act=False, use_bn=False, use_graph=False, use_reg=True, use_residual=False, use_weight=False, valid_num=500, valid_prop=0.25, weight_decay=0.0005)
amazon-computer
train:torch.Size([200]), valid:torch.Size([500]), test:torch.Size([1000])
dataset amazon-computer | num nodes 13752 | num edge 491722 | num node feats 767 | num classes 10
MODEL: Polynormer(
  (h_lins): ModuleList(
    (0): Linear(in_features=512, out_features=512, bias=True)
    (1): Linear(in_features=512, out_features=512, bias=True)
  )
  (local_convs): ModuleList(
    (0): GATConv(512, 128, heads=4)
    (1): GATConv(512, 128, heads=4)
  )
  (lins): ModuleList(
    (0): Linear(in_features=512, out_features=512, bias=True)
    (1): Linear(in_features=512, out_features=512, bias=True)
  )
  (lns): ModuleList(
    (0): LayerNorm((512,), eps=1e-05, elementwise_affine=True)
    (1): LayerNorm((512,), eps=1e-05, elementwise_affine=True)
  )
  (lin_in): Linear(in_features=767, out_features=512, bias=True)
  (ln): LayerNorm((512,), eps=1e-05, elementwise_affine=True)
  (global_attn): GlobalAttn(
    (h_lins): ModuleList(
      (0): Linear(in_features=512, out_features=512, bias=True)
      (1): Linear(in_features=512, out_features=512, bias=True)
    )
    (k_lins): ModuleList(
      (0): Linear(in_features=512, out_features=512, bias=True)
      (1): Linear(in_features=512, out_features=512, bias=True)
    )
    (v_lins): ModuleList(
      (0): Linear(in_features=512, out_features=512, bias=True)
      (1): Linear(in_features=512, out_features=512, bias=True)
    )
    (lns): ModuleList(
      (0): LayerNorm((512,), eps=1e-05, elementwise_affine=True)
      (1): LayerNorm((512,), eps=1e-05, elementwise_affine=True)
    )
    (lin_out): Linear(in_features=512, out_features=512, bias=True)
  )
  (pred_local): Linear(in_features=512, out_features=10, bias=True)
  (pred_global): Linear(in_features=512, out_features=10, bias=True)
)
Pre-training MLP for 500 epochs to generate co-occurrence matrix...
MLP pre-training complete. Penalty matrix frozen.
Epoch: 00, Loss: 3.2358, Train: 10.00%, Valid: 3.40%, Test: 4.30%, Best Valid: 3.40%, Best Test: 4.30%
Epoch: 100, Loss: 1.9180, Train: 36.50%, Valid: 28.80%, Test: 28.50%, Best Valid: 40.80%, Best Test: 36.80%
Epoch: 200, Loss: 0.0780, Train: 99.00%, Valid: 60.00%, Test: 56.10%, Best Valid: 66.00%, Best Test: 62.60%
Epoch: 300, Loss: 0.2322, Train: 98.50%, Valid: 53.80%, Test: 52.50%, Best Valid: 66.40%, Best Test: 63.30%
Epoch: 400, Loss: 0.3098, Train: 98.50%, Valid: 57.00%, Test: 54.90%, Best Valid: 70.00%, Best Test: 67.20%
Epoch: 500, Loss: 0.0782, Train: 98.50%, Valid: 54.40%, Test: 52.50%, Best Valid: 70.00%, Best Test: 67.20%
Epoch: 600, Loss: 0.0329, Train: 100.00%, Valid: 61.00%, Test: 57.40%, Best Valid: 70.00%, Best Test: 67.20%
Epoch: 700, Loss: 0.0386, Train: 100.00%, Valid: 57.40%, Test: 57.10%, Best Valid: 70.00%, Best Test: 67.20%
Epoch: 800, Loss: 0.8974, Train: 79.50%, Valid: 50.40%, Test: 50.30%, Best Valid: 70.00%, Best Test: 67.20%
Epoch: 900, Loss: 0.1717, Train: 99.00%, Valid: 54.40%, Test: 57.30%, Best Valid: 70.00%, Best Test: 67.20%
Run 01:
Highest Train: 100.00
Highest Valid: 70.00
Highest Test: 67.20
Chosen epoch: 340
Final Train: 100.00
Final Test: 67.20
Pre-training MLP for 500 epochs to generate co-occurrence matrix...
MLP pre-training complete. Penalty matrix frozen.
Epoch: 00, Loss: 3.2565, Train: 10.00%, Valid: 14.00%, Test: 15.60%, Best Valid: 14.00%, Best Test: 15.60%
Epoch: 100, Loss: 0.2925, Train: 96.50%, Valid: 67.60%, Test: 65.30%, Best Valid: 73.60%, Best Test: 67.50%
Epoch: 200, Loss: 0.1452, Train: 98.50%, Valid: 66.00%, Test: 66.70%, Best Valid: 73.60%, Best Test: 67.50%
Epoch: 300, Loss: 0.0168, Train: 100.00%, Valid: 70.60%, Test: 70.20%, Best Valid: 73.60%, Best Test: 67.50%
Epoch: 400, Loss: 0.4850, Train: 96.00%, Valid: 63.20%, Test: 62.60%, Best Valid: 73.60%, Best Test: 67.50%
Epoch: 500, Loss: 1.1011, Train: 87.00%, Valid: 66.80%, Test: 65.20%, Best Valid: 76.60%, Best Test: 74.50%
Epoch: 600, Loss: 0.0547, Train: 99.50%, Valid: 69.20%, Test: 71.30%, Best Valid: 76.60%, Best Test: 74.50%
Epoch: 700, Loss: 0.0911, Train: 100.00%, Valid: 74.20%, Test: 72.50%, Best Valid: 76.60%, Best Test: 74.50%
Epoch: 800, Loss: 0.0508, Train: 100.00%, Valid: 71.40%, Test: 72.80%, Best Valid: 76.60%, Best Test: 74.50%
Epoch: 900, Loss: 0.1638, Train: 100.00%, Valid: 72.60%, Test: 72.10%, Best Valid: 76.60%, Best Test: 74.50%
Run 02:
Highest Train: 100.00
Highest Valid: 76.60
Highest Test: 77.70
Chosen epoch: 485
Final Train: 99.50
Final Test: 74.50
Pre-training MLP for 500 epochs to generate co-occurrence matrix...
MLP pre-training complete. Penalty matrix frozen.
Epoch: 00, Loss: 3.2453, Train: 10.00%, Valid: 15.80%, Test: 15.30%, Best Valid: 15.80%, Best Test: 15.30%
Epoch: 100, Loss: 0.3819, Train: 92.50%, Valid: 68.20%, Test: 68.30%, Best Valid: 74.60%, Best Test: 73.00%
Epoch: 200, Loss: 1.2862, Train: 81.50%, Valid: 58.80%, Test: 56.60%, Best Valid: 76.60%, Best Test: 75.00%
Epoch: 300, Loss: 0.0469, Train: 99.50%, Valid: 71.40%, Test: 71.30%, Best Valid: 76.60%, Best Test: 75.00%
Epoch: 400, Loss: 3.1635, Train: 41.50%, Valid: 23.20%, Test: 23.70%, Best Valid: 77.00%, Best Test: 75.50%
Epoch: 500, Loss: 0.1829, Train: 99.00%, Valid: 68.80%, Test: 68.90%, Best Valid: 77.60%, Best Test: 74.20%
Epoch: 600, Loss: 0.0722, Train: 100.00%, Valid: 75.80%, Test: 73.70%, Best Valid: 77.60%, Best Test: 74.20%
Epoch: 700, Loss: 0.0592, Train: 100.00%, Valid: 70.40%, Test: 68.20%, Best Valid: 77.60%, Best Test: 74.20%
Epoch: 800, Loss: 0.0518, Train: 99.50%, Valid: 69.80%, Test: 69.20%, Best Valid: 77.60%, Best Test: 74.20%
Epoch: 900, Loss: 0.0788, Train: 99.50%, Valid: 57.20%, Test: 58.80%, Best Valid: 77.60%, Best Test: 74.20%
Run 03:
Highest Train: 100.00
Highest Valid: 77.60
Highest Test: 75.60
Chosen epoch: 490
Final Train: 99.00
Final Test: 74.20
Pre-training MLP for 500 epochs to generate co-occurrence matrix...
MLP pre-training complete. Penalty matrix frozen.
Epoch: 00, Loss: 3.2959, Train: 10.00%, Valid: 3.40%, Test: 4.30%, Best Valid: 3.40%, Best Test: 4.30%
Epoch: 100, Loss: 0.7803, Train: 82.00%, Valid: 50.80%, Test: 50.90%, Best Valid: 55.40%, Best Test: 53.10%
Epoch: 200, Loss: 0.0478, Train: 99.50%, Valid: 66.40%, Test: 63.20%, Best Valid: 67.40%, Best Test: 63.70%
Epoch: 300, Loss: 0.0793, Train: 99.50%, Valid: 64.80%, Test: 62.90%, Best Valid: 67.40%, Best Test: 63.70%
Epoch: 400, Loss: 0.0152, Train: 100.00%, Valid: 63.00%, Test: 61.50%, Best Valid: 69.20%, Best Test: 65.30%
Epoch: 500, Loss: 0.4084, Train: 97.00%, Valid: 64.40%, Test: 63.40%, Best Valid: 69.20%, Best Test: 65.30%
Epoch: 600, Loss: 0.0949, Train: 99.50%, Valid: 59.00%, Test: 61.60%, Best Valid: 69.20%, Best Test: 65.30%
Epoch: 700, Loss: 0.0289, Train: 100.00%, Valid: 68.40%, Test: 66.40%, Best Valid: 69.20%, Best Test: 65.30%
Epoch: 800, Loss: 0.0346, Train: 99.50%, Valid: 68.80%, Test: 68.10%, Best Valid: 69.80%, Best Test: 67.20%
Epoch: 900, Loss: 0.0300, Train: 100.00%, Valid: 69.00%, Test: 66.80%, Best Valid: 72.20%, Best Test: 70.60%
Run 04:
Highest Train: 100.00
Highest Valid: 72.20
Highest Test: 70.60
Chosen epoch: 888
Final Train: 100.00
Final Test: 70.60
Pre-training MLP for 500 epochs to generate co-occurrence matrix...
MLP pre-training complete. Penalty matrix frozen.
Epoch: 00, Loss: 3.2764, Train: 10.00%, Valid: 14.00%, Test: 15.60%, Best Valid: 14.00%, Best Test: 15.60%
Epoch: 100, Loss: 0.5353, Train: 93.00%, Valid: 42.80%, Test: 44.90%, Best Valid: 42.80%, Best Test: 44.90%
Epoch: 200, Loss: 7.5140, Train: 39.00%, Valid: 12.80%, Test: 14.60%, Best Valid: 50.60%, Best Test: 54.30%
Epoch: 300, Loss: 0.1787, Train: 98.00%, Valid: 42.20%, Test: 45.50%, Best Valid: 59.40%, Best Test: 59.00%
Epoch: 400, Loss: 0.0441, Train: 100.00%, Valid: 56.40%, Test: 62.60%, Best Valid: 59.40%, Best Test: 59.00%
Epoch: 500, Loss: 0.0294, Train: 100.00%, Valid: 49.40%, Test: 52.40%, Best Valid: 59.40%, Best Test: 59.00%
Epoch: 600, Loss: 0.8536, Train: 83.50%, Valid: 41.20%, Test: 42.60%, Best Valid: 59.40%, Best Test: 59.00%
Epoch: 700, Loss: 1.1494, Train: 81.00%, Valid: 34.80%, Test: 37.10%, Best Valid: 59.60%, Best Test: 61.30%
Epoch: 800, Loss: 0.1254, Train: 99.00%, Valid: 59.20%, Test: 62.10%, Best Valid: 63.80%, Best Test: 64.60%
Epoch: 900, Loss: 0.0892, Train: 99.50%, Valid: 55.20%, Test: 57.70%, Best Valid: 67.40%, Best Test: 68.90%
Run 05:
Highest Train: 100.00
Highest Valid: 67.40
Highest Test: 69.30
Chosen epoch: 860
Final Train: 97.50
Final Test: 68.90
All runs:
Highest Train: 100.00 ± 0.00
Highest Test: 72.08 ± 4.41
Highest Valid: 72.76 ± 4.33
  Final Train: 99.20 ± 1.04
   Final Test: 71.08 ± 3.22
Saving results to mlp_gt/results_full/amazon-computer/polynormer.csv

GT sweep completed!
==========================================================
Task 7 (polynormer / amazon-computer) completed at: Tue Apr 28 09:35:41 AM EDT 2026
==========================================================
