==========================================================
MLP-GT Full Sweep | Task 32
Job: 1011972 | Date: Tue Apr 28 08:11:21 AM EDT 2026 | Host: n0001
==========================================================
Tue Apr 28 08:11:25 2026       
+-----------------------------------------------------------------------------------------+
| NVIDIA-SMI 570.211.01             Driver Version: 570.211.01     CUDA Version: 12.8     |
|-----------------------------------------+------------------------+----------------------+
| GPU  Name                 Persistence-M | Bus-Id          Disp.A | Volatile Uncorr. ECC |
| Fan  Temp   Perf          Pwr:Usage/Cap |           Memory-Usage | GPU-Util  Compute M. |
|                                         |                        |               MIG M. |
|=========================================+========================+======================|
|   0  NVIDIA A100-SXM4-80GB          On  |   00000000:01:00.0 Off |                   On |
| N/A   41C    P0            141W /  500W |   12035MiB /  81920MiB |     N/A      Default |
|                                         |                        |              Enabled |
+-----------------------------------------+------------------------+----------------------+
|   1  NVIDIA A100-SXM4-80GB          On  |   00000000:41:00.0 Off |                   On |
| N/A   43C    P0            157W /  500W |    4884MiB /  81920MiB |     N/A      Default |
|                                         |                        |              Enabled |
+-----------------------------------------+------------------------+----------------------+
|   2  NVIDIA A100-SXM4-80GB          On  |   00000000:81:00.0 Off |                   On |
| N/A   38C    P0             52W /  500W |     185MiB /  81920MiB |     N/A      Default |
|                                         |                        |              Enabled |
+-----------------------------------------+------------------------+----------------------+
|   3  NVIDIA A100-SXM4-80GB          On  |   00000000:C1:00.0 Off |                   On |
| N/A   34C    P0            129W /  500W |    4264MiB /  81920MiB |     N/A      Default |
|                                         |                        |              Enabled |
+-----------------------------------------+------------------------+----------------------+

+-----------------------------------------------------------------------------------------+
| MIG devices:                                                                            |
+------------------+----------------------------------+-----------+-----------------------+
| GPU  GI  CI  MIG |                     Memory-Usage |        Vol|        Shared         |
|      ID  ID  Dev |                       BAR1-Usage | SM     Unc| CE ENC  DEC  OFA  JPG |
|                  |                                  |        ECC|                       |
|==================+==================================+===========+=======================|
|  0    5   0   0  |              53MiB / 19968MiB    | 28      0 |  2   0    1    0    0 |
|                  |                 0MiB / 32767MiB  |           |                       |
+------------------+----------------------------------+-----------+-----------------------+
                                                                                         
+-----------------------------------------------------------------------------------------+
| Processes:                                                                              |
|  GPU   GI   CI              PID   Type   Process name                        GPU Memory |
|        ID   ID                                                               Usage      |
|=========================================================================================|
|    1    1    0           564678      C   python                                 3460MiB |
|    1    5    0           594926      C   python                                 1228MiB |
|    3    5    0           592805      C   python                                 4074MiB |
+-----------------------------------------------------------------------------------------+
1.12.1
True
NVIDIA A100-SXM4-80GB MIG 2g.20gb
Model: sgformer | Dataset: minesweeper
Split flags: --metric rocauc
==========================================================
Starting mlp_gt GT Sweep for:
python main.py --model sgformer --dataset minesweeper         --hidden_channels 256 --layers 3 --num_heads 1         --lr 0.01 --weight_decay 5e-4 --dropout 0.3         --use_graph --use_act --alpha 0.5 --use_residual --use_bn --graph_weight 0.5         --epochs 1000         --runs 5 --device 0         --metric rocauc
Result dir: mlp_gt/results_full
==========================================================
Running GT Baseline (no reg)...
Namespace(aggregate='add', alpha=0.5, attention='gcn', beta=-1.0, bn=False, cpu=False, data_dir='../data/', dataset='minesweeper', device=0, dim_inner=256, display_step=100, dropout=0.3, epochs=1000, global_dropout=None, global_layers=2, gnn='gcn', graph_weight=0.5, hidden_channels=256, hops=10, in_dropout=0.0, jk=False, label_num_per_class=20, lambda_val=0.5, layers=3, ln=False, local_gnn_type='GCN', local_layers=7, lr=0.01, metric='rocauc', mlp_epochs=500, mlp_reg=False, model='sgformer', model_dir='./model/', n_heads=1, num_centroids=4096, num_heads=1, oracle_reg=False, pe_types='RWSE', pre_linear=False, pre_ln=False, rand_split=False, rand_split_class=False, reg_start_epoch=10, reg_update_freq=5, res=False, result_dir='mlp_gt/results_full', runs=5, save_model=False, save_result=False, seed=42, test_num=1000, train_prop=0.5, use_act=True, use_bn=True, use_graph=True, use_reg=False, use_residual=True, use_weight=False, valid_num=500, valid_prop=0.25, weight_decay=0.0005)
minesweeper
dataset minesweeper | num nodes 10000 | num edge 39402 | num node feats 7 | num classes 2
MODEL: SGFormer(
  (trans_conv): TransConv(
    (convs): ModuleList(
      (0): TransConvLayer(
        (Wk): Linear(in_features=256, out_features=256, bias=True)
        (Wq): Linear(in_features=256, out_features=256, bias=True)
      )
      (1): TransConvLayer(
        (Wk): Linear(in_features=256, out_features=256, bias=True)
        (Wq): Linear(in_features=256, out_features=256, bias=True)
      )
      (2): TransConvLayer(
        (Wk): Linear(in_features=256, out_features=256, bias=True)
        (Wq): Linear(in_features=256, out_features=256, bias=True)
      )
    )
    (fcs): ModuleList(
      (0): Linear(in_features=7, out_features=256, bias=True)
    )
    (bns): ModuleList(
      (0): LayerNorm((256,), eps=1e-05, elementwise_affine=True)
      (1): LayerNorm((256,), eps=1e-05, elementwise_affine=True)
      (2): LayerNorm((256,), eps=1e-05, elementwise_affine=True)
      (3): LayerNorm((256,), eps=1e-05, elementwise_affine=True)
    )
  )
  (gnn): GCN(
    (convs): ModuleList(
      (0): GCNConv(7, 256)
      (1): GCNConv(256, 256)
      (2): GCNConv(256, 256)
    )
    (bns): ModuleList(
      (0): BatchNorm1d(256, eps=1e-05, momentum=0.1, affine=True, track_running_stats=True)
      (1): BatchNorm1d(256, eps=1e-05, momentum=0.1, affine=True, track_running_stats=True)
    )
  )
  (fc): Linear(in_features=256, out_features=2, bias=True)
)
Epoch: 00, Loss: 0.6479, Train: 58.27%, Valid: 56.21%, Test: 57.72%, Best Valid: 56.21%, Best Test: 57.72%
Epoch: 100, Loss: 0.3914, Train: 79.63%, Valid: 75.89%, Test: 75.02%, Best Valid: 76.12%, Best Test: 75.36%
Epoch: 200, Loss: 0.3766, Train: 82.06%, Valid: 77.85%, Test: 77.62%, Best Valid: 78.58%, Best Test: 77.89%
Epoch: 300, Loss: 0.3603, Train: 84.10%, Valid: 77.70%, Test: 77.16%, Best Valid: 79.43%, Best Test: 78.59%
Epoch: 400, Loss: 0.3439, Train: 86.74%, Valid: 78.53%, Test: 78.04%, Best Valid: 79.91%, Best Test: 79.21%
Epoch: 500, Loss: 0.3715, Train: 87.66%, Valid: 79.94%, Test: 79.00%, Best Valid: 81.21%, Best Test: 80.15%
Epoch: 600, Loss: 0.3274, Train: 88.85%, Valid: 79.81%, Test: 79.14%, Best Valid: 81.21%, Best Test: 80.15%
Epoch: 700, Loss: 0.3320, Train: 88.70%, Valid: 80.03%, Test: 79.31%, Best Valid: 81.21%, Best Test: 80.15%
Epoch: 800, Loss: 0.3147, Train: 89.11%, Valid: 78.82%, Test: 77.79%, Best Valid: 81.21%, Best Test: 80.15%
Epoch: 900, Loss: 0.3195, Train: 89.15%, Valid: 79.13%, Test: 78.77%, Best Valid: 81.21%, Best Test: 80.15%
Run 01:
Highest Train: 90.11
Highest Valid: 81.21
Highest Test: 80.15
Chosen epoch: 498
Final Train: 87.67
Final Test: 80.15
Epoch: 00, Loss: 1.1774, Train: 57.87%, Valid: 60.03%, Test: 58.45%, Best Valid: 60.03%, Best Test: 58.45%
Epoch: 100, Loss: 0.4287, Train: 76.37%, Valid: 75.36%, Test: 75.50%, Best Valid: 75.36%, Best Test: 75.50%
Epoch: 200, Loss: 0.3958, Train: 79.59%, Valid: 76.93%, Test: 77.68%, Best Valid: 77.53%, Best Test: 78.41%
Epoch: 300, Loss: 0.3859, Train: 81.58%, Valid: 77.72%, Test: 78.57%, Best Valid: 79.00%, Best Test: 80.41%
Epoch: 400, Loss: 0.3638, Train: 83.64%, Valid: 79.14%, Test: 80.20%, Best Valid: 79.43%, Best Test: 80.51%
Epoch: 500, Loss: 0.3555, Train: 84.70%, Valid: 79.44%, Test: 79.87%, Best Valid: 80.11%, Best Test: 80.65%
Epoch: 600, Loss: 0.3494, Train: 86.78%, Valid: 79.58%, Test: 80.54%, Best Valid: 80.28%, Best Test: 81.23%
Epoch: 700, Loss: 0.3507, Train: 86.05%, Valid: 78.32%, Test: 78.29%, Best Valid: 80.37%, Best Test: 81.81%
Epoch: 800, Loss: 0.3328, Train: 87.40%, Valid: 79.23%, Test: 79.02%, Best Valid: 80.60%, Best Test: 81.07%
Epoch: 900, Loss: 0.3426, Train: 87.35%, Valid: 80.12%, Test: 81.20%, Best Valid: 80.60%, Best Test: 81.07%
Run 02:
Highest Train: 89.59
Highest Valid: 80.62
Highest Test: 82.01
Chosen epoch: 945
Final Train: 88.55
Final Test: 81.67
Epoch: 00, Loss: 2.2747, Train: 55.77%, Valid: 56.76%, Test: 57.61%, Best Valid: 56.76%, Best Test: 57.61%
Epoch: 100, Loss: 0.4280, Train: 76.87%, Valid: 73.47%, Test: 73.13%, Best Valid: 73.50%, Best Test: 73.44%
Epoch: 200, Loss: 0.4012, Train: 80.19%, Valid: 76.31%, Test: 75.61%, Best Valid: 76.77%, Best Test: 76.24%
Epoch: 300, Loss: 0.3839, Train: 82.36%, Valid: 77.48%, Test: 76.90%, Best Valid: 78.17%, Best Test: 78.37%
Epoch: 400, Loss: 0.3686, Train: 83.37%, Valid: 77.91%, Test: 77.79%, Best Valid: 78.46%, Best Test: 79.19%
Epoch: 500, Loss: 0.3555, Train: 84.74%, Valid: 77.72%, Test: 77.98%, Best Valid: 78.94%, Best Test: 78.91%
Epoch: 600, Loss: 0.3524, Train: 86.18%, Valid: 78.89%, Test: 78.92%, Best Valid: 79.24%, Best Test: 79.46%
Epoch: 700, Loss: 0.3533, Train: 84.92%, Valid: 78.16%, Test: 76.94%, Best Valid: 79.89%, Best Test: 79.48%
Epoch: 800, Loss: 0.3325, Train: 88.09%, Valid: 79.40%, Test: 79.46%, Best Valid: 80.00%, Best Test: 78.91%
Epoch: 900, Loss: 0.3250, Train: 88.18%, Valid: 78.68%, Test: 78.14%, Best Valid: 80.29%, Best Test: 80.07%
Run 03:
Highest Train: 89.64
Highest Valid: 80.35
Highest Test: 80.13
Chosen epoch: 993
Final Train: 89.56
Final Test: 79.40
Epoch: 00, Loss: 1.3026, Train: 59.67%, Valid: 56.99%, Test: 58.78%, Best Valid: 56.99%, Best Test: 58.78%
Epoch: 100, Loss: 0.4158, Train: 76.63%, Valid: 74.45%, Test: 75.31%, Best Valid: 74.46%, Best Test: 75.37%
Epoch: 200, Loss: 0.3895, Train: 80.99%, Valid: 77.13%, Test: 78.64%, Best Valid: 77.40%, Best Test: 78.50%
Epoch: 300, Loss: 0.3710, Train: 82.52%, Valid: 78.03%, Test: 79.11%, Best Valid: 78.72%, Best Test: 79.94%
Epoch: 400, Loss: 0.3639, Train: 83.66%, Valid: 77.41%, Test: 78.72%, Best Valid: 79.35%, Best Test: 80.60%
Epoch: 500, Loss: 0.3570, Train: 85.79%, Valid: 78.61%, Test: 80.19%, Best Valid: 79.57%, Best Test: 81.26%
Epoch: 600, Loss: 0.3425, Train: 86.97%, Valid: 77.78%, Test: 79.15%, Best Valid: 79.57%, Best Test: 81.26%
Epoch: 700, Loss: 0.3339, Train: 86.94%, Valid: 79.33%, Test: 80.60%, Best Valid: 79.69%, Best Test: 80.90%
Epoch: 800, Loss: 0.3350, Train: 88.01%, Valid: 78.73%, Test: 80.20%, Best Valid: 79.88%, Best Test: 81.24%
Epoch: 900, Loss: 0.3303, Train: 88.51%, Valid: 79.00%, Test: 80.58%, Best Valid: 79.88%, Best Test: 81.24%
Run 04:
Highest Train: 89.88
Highest Valid: 80.02
Highest Test: 81.49
Chosen epoch: 950
Final Train: 89.58
Final Test: 81.18
Epoch: 00, Loss: 1.9681, Train: 57.45%, Valid: 58.37%, Test: 56.59%, Best Valid: 58.37%, Best Test: 56.59%
Epoch: 100, Loss: 0.4319, Train: 76.27%, Valid: 75.91%, Test: 73.94%, Best Valid: 75.91%, Best Test: 73.94%
Epoch: 200, Loss: 0.4047, Train: 80.52%, Valid: 78.29%, Test: 76.73%, Best Valid: 78.68%, Best Test: 77.13%
Epoch: 300, Loss: 0.3841, Train: 80.05%, Valid: 76.52%, Test: 75.51%, Best Valid: 78.97%, Best Test: 77.57%
Epoch: 400, Loss: 0.3747, Train: 77.03%, Valid: 72.71%, Test: 71.85%, Best Valid: 79.77%, Best Test: 79.05%
Epoch: 500, Loss: 0.3612, Train: 82.36%, Valid: 76.85%, Test: 76.42%, Best Valid: 79.81%, Best Test: 78.76%
Epoch: 600, Loss: 0.3649, Train: 82.82%, Valid: 77.48%, Test: 76.01%, Best Valid: 80.33%, Best Test: 79.35%
Epoch: 700, Loss: 0.3478, Train: 85.54%, Valid: 78.86%, Test: 78.28%, Best Valid: 80.59%, Best Test: 80.13%
Epoch: 800, Loss: 0.3378, Train: 87.27%, Valid: 78.67%, Test: 78.62%, Best Valid: 80.59%, Best Test: 80.13%
Epoch: 900, Loss: 0.3414, Train: 87.16%, Valid: 79.08%, Test: 78.98%, Best Valid: 80.64%, Best Test: 80.03%
Run 05:
Highest Train: 88.82
Highest Valid: 80.64
Highest Test: 80.38
Chosen epoch: 823
Final Train: 86.61
Final Test: 80.03
All runs:
Highest Train: 89.61 ± 0.49
Highest Test: 80.83 ± 0.86
Highest Valid: 80.57 ± 0.44
  Final Train: 88.39 ± 1.27
   Final Test: 80.49 ± 0.92
Saving results to mlp_gt/results_full/minesweeper/sgformer.csv

Running with MLP-GT Regularization (lambda=0.01)...
Namespace(aggregate='add', alpha=0.5, attention='gcn', beta=-1.0, bn=False, cpu=False, data_dir='../data/', dataset='minesweeper', device=0, dim_inner=256, display_step=100, dropout=0.3, epochs=1000, global_dropout=None, global_layers=2, gnn='gcn', graph_weight=0.5, hidden_channels=256, hops=10, in_dropout=0.0, jk=False, label_num_per_class=20, lambda_val=0.01, layers=3, ln=False, local_gnn_type='GCN', local_layers=7, lr=0.01, metric='rocauc', mlp_epochs=500, mlp_reg=True, model='sgformer', model_dir='./model/', n_heads=1, num_centroids=4096, num_heads=1, oracle_reg=False, pe_types='RWSE', pre_linear=False, pre_ln=False, rand_split=False, rand_split_class=False, reg_start_epoch=10, reg_update_freq=5, res=False, result_dir='mlp_gt/results_full', runs=5, save_model=False, save_result=False, seed=42, test_num=1000, train_prop=0.5, use_act=True, use_bn=True, use_graph=True, use_reg=True, use_residual=True, use_weight=False, valid_num=500, valid_prop=0.25, weight_decay=0.0005)
minesweeper
dataset minesweeper | num nodes 10000 | num edge 39402 | num node feats 7 | num classes 2
MODEL: SGFormer(
  (trans_conv): TransConv(
    (convs): ModuleList(
      (0): TransConvLayer(
        (Wk): Linear(in_features=256, out_features=256, bias=True)
        (Wq): Linear(in_features=256, out_features=256, bias=True)
      )
      (1): TransConvLayer(
        (Wk): Linear(in_features=256, out_features=256, bias=True)
        (Wq): Linear(in_features=256, out_features=256, bias=True)
      )
      (2): TransConvLayer(
        (Wk): Linear(in_features=256, out_features=256, bias=True)
        (Wq): Linear(in_features=256, out_features=256, bias=True)
      )
    )
    (fcs): ModuleList(
      (0): Linear(in_features=7, out_features=256, bias=True)
    )
    (bns): ModuleList(
      (0): LayerNorm((256,), eps=1e-05, elementwise_affine=True)
      (1): LayerNorm((256,), eps=1e-05, elementwise_affine=True)
      (2): LayerNorm((256,), eps=1e-05, elementwise_affine=True)
      (3): LayerNorm((256,), eps=1e-05, elementwise_affine=True)
    )
  )
  (gnn): GCN(
    (convs): ModuleList(
      (0): GCNConv(7, 256)
      (1): GCNConv(256, 256)
      (2): GCNConv(256, 256)
    )
    (bns): ModuleList(
      (0): BatchNorm1d(256, eps=1e-05, momentum=0.1, affine=True, track_running_stats=True)
      (1): BatchNorm1d(256, eps=1e-05, momentum=0.1, affine=True, track_running_stats=True)
    )
  )
  (fc): Linear(in_features=256, out_features=2, bias=True)
)
Pre-training MLP for 500 epochs to generate co-occurrence matrix...
MLP pre-training complete. Penalty matrix frozen.
Epoch: 00, Loss: 0.6555, Train: 58.43%, Valid: 56.33%, Test: 57.80%, Best Valid: 56.33%, Best Test: 57.80%
Epoch: 100, Loss: 0.3973, Train: 77.85%, Valid: 74.59%, Test: 73.72%, Best Valid: 74.59%, Best Test: 73.72%
Epoch: 200, Loss: 0.3780, Train: 83.30%, Valid: 77.67%, Test: 77.93%, Best Valid: 78.90%, Best Test: 78.34%
Epoch: 300, Loss: 0.3563, Train: 84.60%, Valid: 79.17%, Test: 78.62%, Best Valid: 79.37%, Best Test: 79.04%
Epoch: 400, Loss: 0.3461, Train: 85.48%, Valid: 78.22%, Test: 77.40%, Best Valid: 79.75%, Best Test: 79.37%
Epoch: 500, Loss: 0.3386, Train: 85.84%, Valid: 77.24%, Test: 76.01%, Best Valid: 80.05%, Best Test: 79.34%
Epoch: 600, Loss: 0.3357, Train: 88.29%, Valid: 79.48%, Test: 79.24%, Best Valid: 80.53%, Best Test: 80.04%
Epoch: 700, Loss: 0.3284, Train: 88.59%, Valid: 78.78%, Test: 78.21%, Best Valid: 80.53%, Best Test: 80.04%
Epoch: 800, Loss: 0.3349, Train: 89.57%, Valid: 79.75%, Test: 78.75%, Best Valid: 80.53%, Best Test: 80.04%
Epoch: 900, Loss: 0.3219, Train: 88.83%, Valid: 78.71%, Test: 77.66%, Best Valid: 80.53%, Best Test: 80.04%
Run 01:
Highest Train: 90.30
Highest Valid: 80.53
Highest Test: 80.08
Chosen epoch: 547
Final Train: 87.77
Final Test: 80.04
Pre-training MLP for 500 epochs to generate co-occurrence matrix...
MLP pre-training complete. Penalty matrix frozen.
Epoch: 00, Loss: 1.4412, Train: 56.85%, Valid: 55.68%, Test: 57.88%, Best Valid: 55.68%, Best Test: 57.88%
Epoch: 100, Loss: 0.4336, Train: 76.15%, Valid: 74.98%, Test: 76.13%, Best Valid: 74.98%, Best Test: 76.13%
Epoch: 200, Loss: 0.3990, Train: 80.55%, Valid: 77.80%, Test: 78.93%, Best Valid: 78.30%, Best Test: 79.91%
Epoch: 300, Loss: 0.3864, Train: 81.28%, Valid: 77.32%, Test: 77.97%, Best Valid: 79.13%, Best Test: 80.85%
Epoch: 400, Loss: 0.3840, Train: 83.09%, Valid: 78.38%, Test: 79.35%, Best Valid: 79.49%, Best Test: 80.76%
Epoch: 500, Loss: 0.3657, Train: 82.86%, Valid: 77.51%, Test: 78.30%, Best Valid: 79.90%, Best Test: 81.66%
Epoch: 600, Loss: 0.3574, Train: 85.87%, Valid: 79.38%, Test: 79.72%, Best Valid: 80.45%, Best Test: 82.03%
Epoch: 700, Loss: 0.3487, Train: 86.27%, Valid: 79.31%, Test: 79.75%, Best Valid: 80.45%, Best Test: 82.03%
Epoch: 800, Loss: 0.3370, Train: 87.40%, Valid: 79.84%, Test: 80.20%, Best Valid: 80.57%, Best Test: 81.77%
Epoch: 900, Loss: 0.3366, Train: 87.14%, Valid: 79.41%, Test: 79.69%, Best Valid: 80.62%, Best Test: 81.79%
Run 02:
Highest Train: 89.35
Highest Valid: 80.62
Highest Test: 82.21
Chosen epoch: 840
Final Train: 88.65
Final Test: 81.79
Pre-training MLP for 500 epochs to generate co-occurrence matrix...
MLP pre-training complete. Penalty matrix frozen.
Epoch: 00, Loss: 1.7267, Train: 56.78%, Valid: 54.50%, Test: 56.12%, Best Valid: 54.50%, Best Test: 56.12%
Epoch: 100, Loss: 0.4302, Train: 75.90%, Valid: 72.41%, Test: 72.10%, Best Valid: 72.41%, Best Test: 72.10%
Epoch: 200, Loss: 0.4050, Train: 79.56%, Valid: 76.22%, Test: 74.93%, Best Valid: 76.77%, Best Test: 76.62%
Epoch: 300, Loss: 0.3791, Train: 82.44%, Valid: 77.98%, Test: 77.97%, Best Valid: 78.33%, Best Test: 78.33%
Epoch: 400, Loss: 0.3732, Train: 83.28%, Valid: 77.91%, Test: 77.47%, Best Valid: 78.72%, Best Test: 78.46%
Epoch: 500, Loss: 0.3605, Train: 83.73%, Valid: 78.43%, Test: 79.17%, Best Valid: 78.79%, Best Test: 79.64%
Epoch: 600, Loss: 0.3505, Train: 86.21%, Valid: 78.48%, Test: 78.86%, Best Valid: 79.58%, Best Test: 78.89%
Epoch: 700, Loss: 0.3380, Train: 86.51%, Valid: 78.61%, Test: 78.18%, Best Valid: 79.61%, Best Test: 79.66%
Epoch: 800, Loss: 0.3413, Train: 86.51%, Valid: 79.16%, Test: 78.53%, Best Valid: 79.77%, Best Test: 79.82%
Epoch: 900, Loss: 0.3291, Train: 86.67%, Valid: 77.58%, Test: 76.29%, Best Valid: 80.41%, Best Test: 79.04%
Run 03:
Highest Train: 89.03
Highest Valid: 80.41
Highest Test: 80.22
Chosen epoch: 894
Final Train: 87.89
Final Test: 79.04
Pre-training MLP for 500 epochs to generate co-occurrence matrix...
MLP pre-training complete. Penalty matrix frozen.
Epoch: 00, Loss: 1.4167, Train: 58.01%, Valid: 56.23%, Test: 56.51%, Best Valid: 56.23%, Best Test: 56.51%
Epoch: 100, Loss: 0.4276, Train: 76.50%, Valid: 74.91%, Test: 75.04%, Best Valid: 75.02%, Best Test: 75.21%
Epoch: 200, Loss: 0.4017, Train: 79.18%, Valid: 76.32%, Test: 77.32%, Best Valid: 76.81%, Best Test: 77.92%
Epoch: 300, Loss: 0.3825, Train: 81.99%, Valid: 77.74%, Test: 78.79%, Best Valid: 78.34%, Best Test: 79.61%
Epoch: 400, Loss: 0.3692, Train: 84.25%, Valid: 78.44%, Test: 80.15%, Best Valid: 78.47%, Best Test: 79.80%
Epoch: 500, Loss: 0.3702, Train: 81.62%, Valid: 75.76%, Test: 78.04%, Best Valid: 78.50%, Best Test: 80.26%
Epoch: 600, Loss: 0.3519, Train: 85.40%, Valid: 77.68%, Test: 78.89%, Best Valid: 78.79%, Best Test: 80.16%
Epoch: 700, Loss: 0.3452, Train: 86.86%, Valid: 77.60%, Test: 78.72%, Best Valid: 78.97%, Best Test: 80.08%
Epoch: 800, Loss: 0.3352, Train: 87.68%, Valid: 78.41%, Test: 79.61%, Best Valid: 79.05%, Best Test: 80.19%
Epoch: 900, Loss: 0.3294, Train: 87.93%, Valid: 77.16%, Test: 78.26%, Best Valid: 79.30%, Best Test: 80.63%
Run 04:
Highest Train: 89.34
Highest Valid: 79.30
Highest Test: 80.83
Chosen epoch: 855
Final Train: 88.70
Final Test: 80.63
Pre-training MLP for 500 epochs to generate co-occurrence matrix...
MLP pre-training complete. Penalty matrix frozen.
Epoch: 00, Loss: 2.6447, Train: 58.55%, Valid: 57.53%, Test: 58.11%, Best Valid: 57.53%, Best Test: 58.11%
Epoch: 100, Loss: 0.4429, Train: 75.30%, Valid: 74.95%, Test: 73.04%, Best Valid: 75.11%, Best Test: 73.27%
Epoch: 200, Loss: 0.4118, Train: 74.26%, Valid: 72.66%, Test: 70.53%, Best Valid: 78.39%, Best Test: 77.41%
Epoch: 300, Loss: 0.3867, Train: 82.02%, Valid: 78.13%, Test: 77.04%, Best Valid: 79.67%, Best Test: 78.80%
Epoch: 400, Loss: 0.3800, Train: 78.18%, Valid: 73.59%, Test: 71.76%, Best Valid: 79.96%, Best Test: 79.24%
Epoch: 500, Loss: 0.3720, Train: 83.74%, Valid: 78.53%, Test: 77.99%, Best Valid: 79.96%, Best Test: 79.24%
Epoch: 600, Loss: 0.3605, Train: 85.09%, Valid: 78.58%, Test: 77.75%, Best Valid: 79.98%, Best Test: 78.75%
Epoch: 700, Loss: 0.3538, Train: 86.41%, Valid: 79.60%, Test: 79.30%, Best Valid: 79.98%, Best Test: 78.75%
Epoch: 800, Loss: 0.3548, Train: 85.73%, Valid: 79.09%, Test: 77.39%, Best Valid: 80.09%, Best Test: 78.98%
Epoch: 900, Loss: 0.3340, Train: 87.22%, Valid: 78.82%, Test: 78.16%, Best Valid: 80.12%, Best Test: 79.57%
Run 05:
Highest Train: 88.52
Highest Valid: 80.22
Highest Test: 79.95
Chosen epoch: 914
Final Train: 87.99
Final Test: 79.20
All runs:
Highest Train: 89.31 ± 0.65
Highest Test: 80.66 ± 0.93
Highest Valid: 80.22 ± 0.53
  Final Train: 88.20 ± 0.44
   Final Test: 80.14 ± 1.12
Saving results to mlp_gt/results_full/minesweeper/sgformer.csv

Running with MLP-GT Regularization (lambda=0.1)...
Namespace(aggregate='add', alpha=0.5, attention='gcn', beta=-1.0, bn=False, cpu=False, data_dir='../data/', dataset='minesweeper', device=0, dim_inner=256, display_step=100, dropout=0.3, epochs=1000, global_dropout=None, global_layers=2, gnn='gcn', graph_weight=0.5, hidden_channels=256, hops=10, in_dropout=0.0, jk=False, label_num_per_class=20, lambda_val=0.1, layers=3, ln=False, local_gnn_type='GCN', local_layers=7, lr=0.01, metric='rocauc', mlp_epochs=500, mlp_reg=True, model='sgformer', model_dir='./model/', n_heads=1, num_centroids=4096, num_heads=1, oracle_reg=False, pe_types='RWSE', pre_linear=False, pre_ln=False, rand_split=False, rand_split_class=False, reg_start_epoch=10, reg_update_freq=5, res=False, result_dir='mlp_gt/results_full', runs=5, save_model=False, save_result=False, seed=42, test_num=1000, train_prop=0.5, use_act=True, use_bn=True, use_graph=True, use_reg=True, use_residual=True, use_weight=False, valid_num=500, valid_prop=0.25, weight_decay=0.0005)
minesweeper
dataset minesweeper | num nodes 10000 | num edge 39402 | num node feats 7 | num classes 2
MODEL: SGFormer(
  (trans_conv): TransConv(
    (convs): ModuleList(
      (0): TransConvLayer(
        (Wk): Linear(in_features=256, out_features=256, bias=True)
        (Wq): Linear(in_features=256, out_features=256, bias=True)
      )
      (1): TransConvLayer(
        (Wk): Linear(in_features=256, out_features=256, bias=True)
        (Wq): Linear(in_features=256, out_features=256, bias=True)
      )
      (2): TransConvLayer(
        (Wk): Linear(in_features=256, out_features=256, bias=True)
        (Wq): Linear(in_features=256, out_features=256, bias=True)
      )
    )
    (fcs): ModuleList(
      (0): Linear(in_features=7, out_features=256, bias=True)
    )
    (bns): ModuleList(
      (0): LayerNorm((256,), eps=1e-05, elementwise_affine=True)
      (1): LayerNorm((256,), eps=1e-05, elementwise_affine=True)
      (2): LayerNorm((256,), eps=1e-05, elementwise_affine=True)
      (3): LayerNorm((256,), eps=1e-05, elementwise_affine=True)
    )
  )
  (gnn): GCN(
    (convs): ModuleList(
      (0): GCNConv(7, 256)
      (1): GCNConv(256, 256)
      (2): GCNConv(256, 256)
    )
    (bns): ModuleList(
      (0): BatchNorm1d(256, eps=1e-05, momentum=0.1, affine=True, track_running_stats=True)
      (1): BatchNorm1d(256, eps=1e-05, momentum=0.1, affine=True, track_running_stats=True)
    )
  )
  (fc): Linear(in_features=256, out_features=2, bias=True)
)
Pre-training MLP for 500 epochs to generate co-occurrence matrix...
MLP pre-training complete. Penalty matrix frozen.
Epoch: 00, Loss: 0.7139, Train: 58.41%, Valid: 56.31%, Test: 57.79%, Best Valid: 56.31%, Best Test: 57.79%
Epoch: 100, Loss: 0.4337, Train: 77.91%, Valid: 74.45%, Test: 73.09%, Best Valid: 74.45%, Best Test: 73.09%
Epoch: 200, Loss: 0.4139, Train: 82.20%, Valid: 76.71%, Test: 75.74%, Best Valid: 78.52%, Best Test: 77.88%
Epoch: 300, Loss: 0.3875, Train: 84.39%, Valid: 77.93%, Test: 77.46%, Best Valid: 79.57%, Best Test: 78.91%
Epoch: 400, Loss: 0.3907, Train: 86.45%, Valid: 80.50%, Test: 79.40%, Best Valid: 80.50%, Best Test: 79.40%
Epoch: 500, Loss: 0.3818, Train: 83.67%, Valid: 77.06%, Test: 75.41%, Best Valid: 80.50%, Best Test: 79.40%
Epoch: 600, Loss: 0.3670, Train: 85.20%, Valid: 77.12%, Test: 76.63%, Best Valid: 80.60%, Best Test: 79.73%
Epoch: 700, Loss: 0.3695, Train: 87.82%, Valid: 79.98%, Test: 78.91%, Best Valid: 80.60%, Best Test: 79.73%
Epoch: 800, Loss: 0.3566, Train: 88.14%, Valid: 79.10%, Test: 78.89%, Best Valid: 80.63%, Best Test: 79.20%
Epoch: 900, Loss: 0.3549, Train: 89.25%, Valid: 79.38%, Test: 78.40%, Best Valid: 80.80%, Best Test: 79.40%
Run 01:
Highest Train: 90.21
Highest Valid: 80.80
Highest Test: 80.23
Chosen epoch: 826
Final Train: 89.81
Final Test: 79.40
Pre-training MLP for 500 epochs to generate co-occurrence matrix...
MLP pre-training complete. Penalty matrix frozen.
Epoch: 00, Loss: 1.6280, Train: 56.36%, Valid: 55.27%, Test: 57.81%, Best Valid: 55.27%, Best Test: 57.81%
Epoch: 100, Loss: 0.4751, Train: 75.18%, Valid: 74.01%, Test: 74.56%, Best Valid: 74.17%, Best Test: 74.91%
Epoch: 200, Loss: 0.4362, Train: 80.22%, Valid: 77.14%, Test: 78.36%, Best Valid: 78.31%, Best Test: 79.81%
Epoch: 300, Loss: 0.4203, Train: 81.95%, Valid: 78.09%, Test: 79.47%, Best Valid: 79.31%, Best Test: 80.98%
Epoch: 400, Loss: 0.4088, Train: 83.19%, Valid: 78.64%, Test: 78.85%, Best Valid: 79.33%, Best Test: 81.04%
Epoch: 500, Loss: 0.3979, Train: 83.52%, Valid: 78.46%, Test: 79.83%, Best Valid: 80.05%, Best Test: 81.42%
Epoch: 600, Loss: 0.3907, Train: 85.96%, Valid: 79.67%, Test: 80.68%, Best Valid: 80.23%, Best Test: 81.35%
Epoch: 700, Loss: 0.3770, Train: 86.23%, Valid: 79.84%, Test: 81.11%, Best Valid: 80.48%, Best Test: 81.92%
Epoch: 800, Loss: 0.3700, Train: 87.47%, Valid: 79.63%, Test: 80.87%, Best Valid: 80.52%, Best Test: 81.17%
Epoch: 900, Loss: 0.3635, Train: 87.41%, Valid: 79.30%, Test: 79.39%, Best Valid: 80.57%, Best Test: 81.63%
Run 02:
Highest Train: 89.53
Highest Valid: 81.03
Highest Test: 82.51
Chosen epoch: 986
Final Train: 88.67
Final Test: 82.51
Pre-training MLP for 500 epochs to generate co-occurrence matrix...
MLP pre-training complete. Penalty matrix frozen.
Epoch: 00, Loss: 1.9795, Train: 57.42%, Valid: 54.88%, Test: 56.51%, Best Valid: 54.88%, Best Test: 56.51%
Epoch: 100, Loss: 0.4681, Train: 76.61%, Valid: 73.00%, Test: 72.89%, Best Valid: 73.00%, Best Test: 72.89%
Epoch: 200, Loss: 0.4360, Train: 79.56%, Valid: 75.42%, Test: 74.48%, Best Valid: 76.95%, Best Test: 76.91%
Epoch: 300, Loss: 0.4129, Train: 82.14%, Valid: 77.67%, Test: 77.13%, Best Valid: 78.67%, Best Test: 78.71%
Epoch: 400, Loss: 0.4008, Train: 83.28%, Valid: 77.85%, Test: 77.56%, Best Valid: 78.74%, Best Test: 78.80%
Epoch: 500, Loss: 0.3920, Train: 84.36%, Valid: 77.53%, Test: 77.11%, Best Valid: 79.16%, Best Test: 78.97%
Epoch: 600, Loss: 0.3907, Train: 84.59%, Valid: 77.20%, Test: 76.30%, Best Valid: 79.36%, Best Test: 79.23%
Epoch: 700, Loss: 0.3675, Train: 86.56%, Valid: 78.43%, Test: 77.33%, Best Valid: 79.49%, Best Test: 79.39%
Epoch: 800, Loss: 0.3666, Train: 86.99%, Valid: 78.89%, Test: 78.22%, Best Valid: 79.77%, Best Test: 79.14%
Epoch: 900, Loss: 0.3621, Train: 87.74%, Valid: 79.60%, Test: 78.26%, Best Valid: 80.24%, Best Test: 79.83%
Run 03:
Highest Train: 89.91
Highest Valid: 80.24
Highest Test: 80.24
Chosen epoch: 860
Final Train: 88.46
Final Test: 79.83
Pre-training MLP for 500 epochs to generate co-occurrence matrix...
MLP pre-training complete. Penalty matrix frozen.
Epoch: 00, Loss: 1.6378, Train: 63.02%, Valid: 62.43%, Test: 64.01%, Best Valid: 62.43%, Best Test: 64.01%
Epoch: 100, Loss: 0.4666, Train: 77.10%, Valid: 75.17%, Test: 75.72%, Best Valid: 75.31%, Best Test: 76.00%
Epoch: 200, Loss: 0.4362, Train: 78.94%, Valid: 75.52%, Test: 76.58%, Best Valid: 77.17%, Best Test: 78.06%
Epoch: 300, Loss: 0.4174, Train: 78.46%, Valid: 73.89%, Test: 74.38%, Best Valid: 78.06%, Best Test: 79.23%
Epoch: 400, Loss: 0.4000, Train: 83.99%, Valid: 78.27%, Test: 79.07%, Best Valid: 78.55%, Best Test: 79.58%
Epoch: 500, Loss: 0.3851, Train: 85.16%, Valid: 78.16%, Test: 80.11%, Best Valid: 78.81%, Best Test: 80.09%
Epoch: 600, Loss: 0.3788, Train: 86.30%, Valid: 78.80%, Test: 80.18%, Best Valid: 78.94%, Best Test: 79.94%
Epoch: 700, Loss: 0.3667, Train: 84.37%, Valid: 75.28%, Test: 76.70%, Best Valid: 79.29%, Best Test: 80.60%
Epoch: 800, Loss: 0.3708, Train: 88.55%, Valid: 79.02%, Test: 80.55%, Best Valid: 79.79%, Best Test: 81.11%
Epoch: 900, Loss: 0.3613, Train: 88.45%, Valid: 79.20%, Test: 80.61%, Best Valid: 79.79%, Best Test: 81.11%
Run 04:
Highest Train: 89.68
Highest Valid: 79.79
Highest Test: 81.55
Chosen epoch: 795
Final Train: 88.69
Final Test: 81.11
Pre-training MLP for 500 epochs to generate co-occurrence matrix...
MLP pre-training complete. Penalty matrix frozen.
Epoch: 00, Loss: 3.6594, Train: 58.41%, Valid: 57.90%, Test: 58.96%, Best Valid: 57.90%, Best Test: 58.96%
Epoch: 100, Loss: 0.4777, Train: 76.49%, Valid: 76.08%, Test: 74.53%, Best Valid: 76.14%, Best Test: 74.61%
Epoch: 200, Loss: 0.4480, Train: 78.14%, Valid: 76.54%, Test: 75.07%, Best Valid: 77.74%, Best Test: 76.49%
Epoch: 300, Loss: 0.4291, Train: 81.27%, Valid: 77.93%, Test: 77.04%, Best Valid: 79.08%, Best Test: 78.36%
Epoch: 400, Loss: 0.4202, Train: 82.01%, Valid: 78.38%, Test: 77.24%, Best Valid: 79.37%, Best Test: 78.75%
Epoch: 500, Loss: 0.3978, Train: 83.37%, Valid: 78.49%, Test: 77.70%, Best Valid: 79.73%, Best Test: 79.27%
Epoch: 600, Loss: 0.4001, Train: 84.94%, Valid: 78.82%, Test: 78.68%, Best Valid: 80.01%, Best Test: 79.33%
Epoch: 700, Loss: 0.3884, Train: 86.03%, Valid: 79.90%, Test: 79.33%, Best Valid: 80.33%, Best Test: 79.94%
Epoch: 800, Loss: 0.3741, Train: 85.67%, Valid: 78.80%, Test: 78.40%, Best Valid: 80.33%, Best Test: 79.94%
Epoch: 900, Loss: 0.3715, Train: 86.91%, Valid: 79.15%, Test: 78.16%, Best Valid: 80.42%, Best Test: 79.78%
Run 05:
Highest Train: 88.39
Highest Valid: 80.81
Highest Test: 80.31
Chosen epoch: 948
Final Train: 87.89
Final Test: 80.26
All runs:
Highest Train: 89.54 ± 0.70
Highest Test: 80.97 ± 1.03
Highest Valid: 80.53 ± 0.51
  Final Train: 88.70 ± 0.70
   Final Test: 80.62 ± 1.23
Saving results to mlp_gt/results_full/minesweeper/sgformer.csv

Running with MLP-GT Regularization (lambda=0.2)...
Namespace(aggregate='add', alpha=0.5, attention='gcn', beta=-1.0, bn=False, cpu=False, data_dir='../data/', dataset='minesweeper', device=0, dim_inner=256, display_step=100, dropout=0.3, epochs=1000, global_dropout=None, global_layers=2, gnn='gcn', graph_weight=0.5, hidden_channels=256, hops=10, in_dropout=0.0, jk=False, label_num_per_class=20, lambda_val=0.2, layers=3, ln=False, local_gnn_type='GCN', local_layers=7, lr=0.01, metric='rocauc', mlp_epochs=500, mlp_reg=True, model='sgformer', model_dir='./model/', n_heads=1, num_centroids=4096, num_heads=1, oracle_reg=False, pe_types='RWSE', pre_linear=False, pre_ln=False, rand_split=False, rand_split_class=False, reg_start_epoch=10, reg_update_freq=5, res=False, result_dir='mlp_gt/results_full', runs=5, save_model=False, save_result=False, seed=42, test_num=1000, train_prop=0.5, use_act=True, use_bn=True, use_graph=True, use_reg=True, use_residual=True, use_weight=False, valid_num=500, valid_prop=0.25, weight_decay=0.0005)
minesweeper
dataset minesweeper | num nodes 10000 | num edge 39402 | num node feats 7 | num classes 2
MODEL: SGFormer(
  (trans_conv): TransConv(
    (convs): ModuleList(
      (0): TransConvLayer(
        (Wk): Linear(in_features=256, out_features=256, bias=True)
        (Wq): Linear(in_features=256, out_features=256, bias=True)
      )
      (1): TransConvLayer(
        (Wk): Linear(in_features=256, out_features=256, bias=True)
        (Wq): Linear(in_features=256, out_features=256, bias=True)
      )
      (2): TransConvLayer(
        (Wk): Linear(in_features=256, out_features=256, bias=True)
        (Wq): Linear(in_features=256, out_features=256, bias=True)
      )
    )
    (fcs): ModuleList(
      (0): Linear(in_features=7, out_features=256, bias=True)
    )
    (bns): ModuleList(
      (0): LayerNorm((256,), eps=1e-05, elementwise_affine=True)
      (1): LayerNorm((256,), eps=1e-05, elementwise_affine=True)
      (2): LayerNorm((256,), eps=1e-05, elementwise_affine=True)
      (3): LayerNorm((256,), eps=1e-05, elementwise_affine=True)
    )
  )
  (gnn): GCN(
    (convs): ModuleList(
      (0): GCNConv(7, 256)
      (1): GCNConv(256, 256)
      (2): GCNConv(256, 256)
    )
    (bns): ModuleList(
      (0): BatchNorm1d(256, eps=1e-05, momentum=0.1, affine=True, track_running_stats=True)
      (1): BatchNorm1d(256, eps=1e-05, momentum=0.1, affine=True, track_running_stats=True)
    )
  )
  (fc): Linear(in_features=256, out_features=2, bias=True)
)
Pre-training MLP for 500 epochs to generate co-occurrence matrix...
MLP pre-training complete. Penalty matrix frozen.
Epoch: 00, Loss: 0.7788, Train: 58.40%, Valid: 56.29%, Test: 57.78%, Best Valid: 56.29%, Best Test: 57.78%
Epoch: 100, Loss: 0.4742, Train: 77.34%, Valid: 73.95%, Test: 73.07%, Best Valid: 73.95%, Best Test: 73.07%
Epoch: 200, Loss: 0.4520, Train: 83.08%, Valid: 77.87%, Test: 77.73%, Best Valid: 78.59%, Best Test: 78.37%
Epoch: 300, Loss: 0.4262, Train: 83.94%, Valid: 77.46%, Test: 77.48%, Best Valid: 79.30%, Best Test: 78.85%
Epoch: 400, Loss: 0.4103, Train: 86.22%, Valid: 78.48%, Test: 77.20%, Best Valid: 79.59%, Best Test: 78.99%
Epoch: 500, Loss: 0.4049, Train: 86.45%, Valid: 76.92%, Test: 75.92%, Best Valid: 80.01%, Best Test: 79.44%
Epoch: 600, Loss: 0.3944, Train: 86.50%, Valid: 77.41%, Test: 76.74%, Best Valid: 80.01%, Best Test: 79.44%
Epoch: 700, Loss: 0.4182, Train: 85.54%, Valid: 78.59%, Test: 77.40%, Best Valid: 80.01%, Best Test: 79.44%
Epoch: 800, Loss: 0.3784, Train: 89.38%, Valid: 78.99%, Test: 78.18%, Best Valid: 80.01%, Best Test: 79.44%
Epoch: 900, Loss: 0.3917, Train: 89.64%, Valid: 78.58%, Test: 78.46%, Best Valid: 80.01%, Best Test: 79.44%
Run 01:
Highest Train: 90.41
Highest Valid: 80.05
Highest Test: 79.52
Chosen epoch: 908
Final Train: 89.33
Final Test: 79.02
Pre-training MLP for 500 epochs to generate co-occurrence matrix...
MLP pre-training complete. Penalty matrix frozen.
Epoch: 00, Loss: 1.5527, Train: 59.68%, Valid: 58.81%, Test: 60.83%, Best Valid: 58.81%, Best Test: 60.83%
Epoch: 100, Loss: 0.5125, Train: 77.46%, Valid: 76.07%, Test: 77.13%, Best Valid: 76.07%, Best Test: 77.13%
Epoch: 200, Loss: 0.4811, Train: 80.13%, Valid: 77.36%, Test: 78.12%, Best Valid: 78.43%, Best Test: 79.62%
Epoch: 300, Loss: 0.4677, Train: 81.57%, Valid: 77.93%, Test: 78.57%, Best Valid: 79.05%, Best Test: 80.34%
Epoch: 400, Loss: 0.4417, Train: 83.85%, Valid: 79.18%, Test: 79.94%, Best Valid: 79.49%, Best Test: 80.73%
Epoch: 500, Loss: 0.4346, Train: 84.18%, Valid: 78.77%, Test: 79.37%, Best Valid: 80.00%, Best Test: 81.33%
Epoch: 600, Loss: 0.4232, Train: 85.21%, Valid: 79.79%, Test: 81.07%, Best Valid: 80.42%, Best Test: 81.62%
Epoch: 700, Loss: 0.4253, Train: 86.90%, Valid: 80.13%, Test: 80.98%, Best Valid: 80.58%, Best Test: 81.87%
Epoch: 800, Loss: 0.4139, Train: 87.40%, Valid: 79.68%, Test: 80.46%, Best Valid: 80.80%, Best Test: 82.15%
Epoch: 900, Loss: 0.4011, Train: 87.20%, Valid: 78.67%, Test: 77.84%, Best Valid: 80.80%, Best Test: 82.15%
Run 02:
Highest Train: 89.15
Highest Valid: 80.80
Highest Test: 82.16
Chosen epoch: 715
Final Train: 87.74
Final Test: 82.15
Pre-training MLP for 500 epochs to generate co-occurrence matrix...
MLP pre-training complete. Penalty matrix frozen.
Epoch: 00, Loss: 2.1954, Train: 55.64%, Valid: 53.59%, Test: 55.19%, Best Valid: 53.59%, Best Test: 55.19%
Epoch: 100, Loss: 0.5148, Train: 76.75%, Valid: 73.29%, Test: 73.01%, Best Valid: 73.29%, Best Test: 73.01%
Epoch: 200, Loss: 0.4808, Train: 80.65%, Valid: 77.02%, Test: 76.70%, Best Valid: 77.17%, Best Test: 77.33%
Epoch: 300, Loss: 0.4726, Train: 82.43%, Valid: 78.07%, Test: 78.21%, Best Valid: 78.37%, Best Test: 78.32%
Epoch: 400, Loss: 0.4575, Train: 82.16%, Valid: 76.90%, Test: 76.56%, Best Valid: 78.67%, Best Test: 78.95%
Epoch: 500, Loss: 0.4589, Train: 83.87%, Valid: 78.02%, Test: 78.83%, Best Valid: 78.96%, Best Test: 78.68%
Epoch: 600, Loss: 0.4211, Train: 85.53%, Valid: 78.52%, Test: 78.37%, Best Valid: 79.51%, Best Test: 79.49%
Epoch: 700, Loss: 0.4137, Train: 86.59%, Valid: 78.50%, Test: 78.73%, Best Valid: 79.89%, Best Test: 79.76%
Epoch: 800, Loss: 0.3993, Train: 86.83%, Valid: 78.15%, Test: 76.64%, Best Valid: 80.26%, Best Test: 79.73%
Epoch: 900, Loss: 0.3986, Train: 86.85%, Valid: 77.23%, Test: 77.21%, Best Valid: 80.26%, Best Test: 79.73%
Run 03:
Highest Train: 89.50
Highest Valid: 80.26
Highest Test: 80.71
Chosen epoch: 775
Final Train: 88.35
Final Test: 79.73
Pre-training MLP for 500 epochs to generate co-occurrence matrix...
MLP pre-training complete. Penalty matrix frozen.
Epoch: 00, Loss: 1.4736, Train: 59.89%, Valid: 58.24%, Test: 58.99%, Best Valid: 58.24%, Best Test: 58.99%
Epoch: 100, Loss: 0.5135, Train: 77.12%, Valid: 75.37%, Test: 76.04%, Best Valid: 75.37%, Best Test: 76.04%
Epoch: 200, Loss: 0.4850, Train: 77.45%, Valid: 74.35%, Test: 75.41%, Best Valid: 76.00%, Best Test: 76.77%
Epoch: 300, Loss: 0.4564, Train: 82.16%, Valid: 77.63%, Test: 78.81%, Best Valid: 77.63%, Best Test: 78.81%
Epoch: 400, Loss: 0.4394, Train: 83.66%, Valid: 78.17%, Test: 79.52%, Best Valid: 78.36%, Best Test: 79.57%
Epoch: 500, Loss: 0.4751, Train: 85.05%, Valid: 78.71%, Test: 80.59%, Best Valid: 78.71%, Best Test: 80.59%
Epoch: 600, Loss: 0.4163, Train: 86.47%, Valid: 78.41%, Test: 79.70%, Best Valid: 78.80%, Best Test: 79.97%
Epoch: 700, Loss: 0.4049, Train: 86.63%, Valid: 77.56%, Test: 78.42%, Best Valid: 78.91%, Best Test: 80.20%
Epoch: 800, Loss: 0.3914, Train: 85.44%, Valid: 76.96%, Test: 77.57%, Best Valid: 79.13%, Best Test: 80.88%
Epoch: 900, Loss: 0.3858, Train: 87.66%, Valid: 78.02%, Test: 79.20%, Best Valid: 79.40%, Best Test: 80.60%
Run 04:
Highest Train: 89.53
Highest Valid: 79.40
Highest Test: 81.18
Chosen epoch: 803
Final Train: 88.53
Final Test: 80.60
Pre-training MLP for 500 epochs to generate co-occurrence matrix...
MLP pre-training complete. Penalty matrix frozen.
Epoch: 00, Loss: 3.7185, Train: 63.58%, Valid: 61.70%, Test: 63.79%, Best Valid: 61.70%, Best Test: 63.79%
Epoch: 100, Loss: 0.5283, Train: 75.91%, Valid: 75.61%, Test: 73.86%, Best Valid: 75.72%, Best Test: 73.98%
Epoch: 200, Loss: 0.4857, Train: 79.37%, Valid: 77.31%, Test: 76.01%, Best Valid: 77.84%, Best Test: 76.98%
Epoch: 300, Loss: 0.4632, Train: 80.97%, Valid: 77.35%, Test: 76.36%, Best Valid: 79.53%, Best Test: 78.42%
Epoch: 400, Loss: 0.4502, Train: 81.07%, Valid: 77.30%, Test: 75.78%, Best Valid: 79.57%, Best Test: 79.18%
Epoch: 500, Loss: 0.4567, Train: 76.99%, Valid: 71.16%, Test: 70.83%, Best Valid: 79.78%, Best Test: 79.02%
Epoch: 600, Loss: 0.4313, Train: 84.63%, Valid: 78.34%, Test: 78.08%, Best Valid: 79.80%, Best Test: 79.03%
Epoch: 700, Loss: 0.4317, Train: 79.55%, Valid: 74.63%, Test: 73.20%, Best Valid: 80.17%, Best Test: 79.03%
Epoch: 800, Loss: 0.4109, Train: 85.89%, Valid: 78.19%, Test: 77.30%, Best Valid: 80.17%, Best Test: 79.03%
Epoch: 900, Loss: 0.4049, Train: 86.07%, Valid: 78.43%, Test: 77.25%, Best Valid: 80.17%, Best Test: 79.03%
Run 05:
Highest Train: 88.42
Highest Valid: 80.54
Highest Test: 79.94
Chosen epoch: 985
Final Train: 88.42
Final Test: 79.94
All runs:
Highest Train: 89.40 ± 0.72
Highest Test: 80.70 ± 1.04
Highest Valid: 80.21 ± 0.53
  Final Train: 88.47 ± 0.57
   Final Test: 80.29 ± 1.19
Saving results to mlp_gt/results_full/minesweeper/sgformer.csv

Running with MLP-GT Regularization (lambda=0.4)...
Namespace(aggregate='add', alpha=0.5, attention='gcn', beta=-1.0, bn=False, cpu=False, data_dir='../data/', dataset='minesweeper', device=0, dim_inner=256, display_step=100, dropout=0.3, epochs=1000, global_dropout=None, global_layers=2, gnn='gcn', graph_weight=0.5, hidden_channels=256, hops=10, in_dropout=0.0, jk=False, label_num_per_class=20, lambda_val=0.4, layers=3, ln=False, local_gnn_type='GCN', local_layers=7, lr=0.01, metric='rocauc', mlp_epochs=500, mlp_reg=True, model='sgformer', model_dir='./model/', n_heads=1, num_centroids=4096, num_heads=1, oracle_reg=False, pe_types='RWSE', pre_linear=False, pre_ln=False, rand_split=False, rand_split_class=False, reg_start_epoch=10, reg_update_freq=5, res=False, result_dir='mlp_gt/results_full', runs=5, save_model=False, save_result=False, seed=42, test_num=1000, train_prop=0.5, use_act=True, use_bn=True, use_graph=True, use_reg=True, use_residual=True, use_weight=False, valid_num=500, valid_prop=0.25, weight_decay=0.0005)
minesweeper
dataset minesweeper | num nodes 10000 | num edge 39402 | num node feats 7 | num classes 2
MODEL: SGFormer(
  (trans_conv): TransConv(
    (convs): ModuleList(
      (0): TransConvLayer(
        (Wk): Linear(in_features=256, out_features=256, bias=True)
        (Wq): Linear(in_features=256, out_features=256, bias=True)
      )
      (1): TransConvLayer(
        (Wk): Linear(in_features=256, out_features=256, bias=True)
        (Wq): Linear(in_features=256, out_features=256, bias=True)
      )
      (2): TransConvLayer(
        (Wk): Linear(in_features=256, out_features=256, bias=True)
        (Wq): Linear(in_features=256, out_features=256, bias=True)
      )
    )
    (fcs): ModuleList(
      (0): Linear(in_features=7, out_features=256, bias=True)
    )
    (bns): ModuleList(
      (0): LayerNorm((256,), eps=1e-05, elementwise_affine=True)
      (1): LayerNorm((256,), eps=1e-05, elementwise_affine=True)
      (2): LayerNorm((256,), eps=1e-05, elementwise_affine=True)
      (3): LayerNorm((256,), eps=1e-05, elementwise_affine=True)
    )
  )
  (gnn): GCN(
    (convs): ModuleList(
      (0): GCNConv(7, 256)
      (1): GCNConv(256, 256)
      (2): GCNConv(256, 256)
    )
    (bns): ModuleList(
      (0): BatchNorm1d(256, eps=1e-05, momentum=0.1, affine=True, track_running_stats=True)
      (1): BatchNorm1d(256, eps=1e-05, momentum=0.1, affine=True, track_running_stats=True)
    )
  )
  (fc): Linear(in_features=256, out_features=2, bias=True)
)
Pre-training MLP for 500 epochs to generate co-occurrence matrix...
MLP pre-training complete. Penalty matrix frozen.
Epoch: 00, Loss: 0.9087, Train: 58.34%, Valid: 56.22%, Test: 57.72%, Best Valid: 56.22%, Best Test: 57.72%
Epoch: 100, Loss: 0.5783, Train: 77.25%, Valid: 73.79%, Test: 72.41%, Best Valid: 73.79%, Best Test: 72.41%
Epoch: 200, Loss: 0.5253, Train: 81.48%, Valid: 75.97%, Test: 75.69%, Best Valid: 78.28%, Best Test: 77.77%
Epoch: 300, Loss: 0.5102, Train: 84.77%, Valid: 78.47%, Test: 78.27%, Best Valid: 79.03%, Best Test: 79.16%
Epoch: 400, Loss: 0.4918, Train: 84.90%, Valid: 77.58%, Test: 76.91%, Best Valid: 79.59%, Best Test: 78.69%
Epoch: 500, Loss: 0.4688, Train: 86.46%, Valid: 76.97%, Test: 75.71%, Best Valid: 80.28%, Best Test: 79.16%
Epoch: 600, Loss: 0.4720, Train: 87.67%, Valid: 77.64%, Test: 77.09%, Best Valid: 80.28%, Best Test: 79.16%
Epoch: 700, Loss: 0.4708, Train: 88.19%, Valid: 79.04%, Test: 77.53%, Best Valid: 80.28%, Best Test: 79.16%
Epoch: 800, Loss: 0.4522, Train: 89.31%, Valid: 79.22%, Test: 77.55%, Best Valid: 80.28%, Best Test: 79.16%
Epoch: 900, Loss: 0.4509, Train: 88.18%, Valid: 78.60%, Test: 77.94%, Best Valid: 80.28%, Best Test: 79.16%
Run 01:
Highest Train: 90.19
Highest Valid: 80.28
Highest Test: 79.27
Chosen epoch: 467
Final Train: 87.40
Final Test: 79.16
Pre-training MLP for 500 epochs to generate co-occurrence matrix...
MLP pre-training complete. Penalty matrix frozen.
Epoch: 00, Loss: 1.8183, Train: 56.59%, Valid: 55.45%, Test: 57.89%, Best Valid: 55.45%, Best Test: 57.89%
Epoch: 100, Loss: 0.6260, Train: 76.10%, Valid: 74.53%, Test: 75.80%, Best Valid: 74.53%, Best Test: 75.80%
Epoch: 200, Loss: 0.5881, Train: 80.22%, Valid: 77.51%, Test: 78.27%, Best Valid: 77.55%, Best Test: 78.29%
Epoch: 300, Loss: 0.5592, Train: 80.85%, Valid: 76.49%, Test: 76.67%, Best Valid: 78.57%, Best Test: 80.22%
Epoch: 400, Loss: 0.5453, Train: 83.36%, Valid: 78.95%, Test: 79.94%, Best Valid: 79.29%, Best Test: 80.58%
Epoch: 500, Loss: 0.5195, Train: 84.79%, Valid: 79.57%, Test: 81.05%, Best Valid: 79.76%, Best Test: 81.02%
Epoch: 600, Loss: 0.5156, Train: 84.96%, Valid: 79.14%, Test: 80.37%, Best Valid: 80.12%, Best Test: 81.00%
Epoch: 700, Loss: 0.4934, Train: 86.47%, Valid: 79.40%, Test: 80.28%, Best Valid: 80.24%, Best Test: 81.61%
Epoch: 800, Loss: 0.4797, Train: 86.16%, Valid: 78.34%, Test: 78.43%, Best Valid: 80.30%, Best Test: 81.71%
Epoch: 900, Loss: 0.4958, Train: 88.08%, Valid: 80.30%, Test: 81.90%, Best Valid: 80.42%, Best Test: 81.39%
Run 02:
Highest Train: 89.37
Highest Valid: 80.42
Highest Test: 82.21
Chosen epoch: 818
Final Train: 88.16
Final Test: 81.39
Pre-training MLP for 500 epochs to generate co-occurrence matrix...
MLP pre-training complete. Penalty matrix frozen.
Epoch: 00, Loss: 1.8500, Train: 58.20%, Valid: 56.31%, Test: 58.31%, Best Valid: 56.31%, Best Test: 58.31%
Epoch: 100, Loss: 0.6185, Train: 76.43%, Valid: 73.05%, Test: 72.93%, Best Valid: 73.09%, Best Test: 73.04%
Epoch: 200, Loss: 0.5763, Train: 79.51%, Valid: 75.49%, Test: 74.59%, Best Valid: 76.87%, Best Test: 76.96%
Epoch: 300, Loss: 0.5578, Train: 82.48%, Valid: 78.07%, Test: 77.64%, Best Valid: 78.07%, Best Test: 77.64%
Epoch: 400, Loss: 0.5510, Train: 83.62%, Valid: 77.76%, Test: 77.87%, Best Valid: 78.66%, Best Test: 78.11%
Epoch: 500, Loss: 0.5374, Train: 84.93%, Valid: 78.18%, Test: 78.04%, Best Valid: 79.34%, Best Test: 79.26%
Epoch: 600, Loss: 0.5098, Train: 86.50%, Valid: 78.72%, Test: 78.87%, Best Valid: 79.44%, Best Test: 77.84%
Epoch: 700, Loss: 0.4684, Train: 87.01%, Valid: 78.33%, Test: 77.27%, Best Valid: 79.93%, Best Test: 79.37%
Epoch: 800, Loss: 0.4833, Train: 86.61%, Valid: 77.80%, Test: 76.43%, Best Valid: 79.93%, Best Test: 79.37%
Epoch: 900, Loss: 0.4563, Train: 88.37%, Valid: 79.32%, Test: 78.57%, Best Valid: 79.99%, Best Test: 78.23%
Run 03:
Highest Train: 89.86
Highest Valid: 80.02
Highest Test: 80.02
Chosen epoch: 993
Final Train: 88.55
Final Test: 78.70
Pre-training MLP for 500 epochs to generate co-occurrence matrix...
MLP pre-training complete. Penalty matrix frozen.
Epoch: 00, Loss: 2.0112, Train: 63.00%, Valid: 63.96%, Test: 65.35%, Best Valid: 63.96%, Best Test: 65.35%
Epoch: 100, Loss: 0.6220, Train: 76.51%, Valid: 74.33%, Test: 75.03%, Best Valid: 74.33%, Best Test: 75.03%
Epoch: 200, Loss: 0.5805, Train: 80.15%, Valid: 76.91%, Test: 78.16%, Best Valid: 76.94%, Best Test: 78.39%
Epoch: 300, Loss: 0.5459, Train: 81.88%, Valid: 76.88%, Test: 78.56%, Best Valid: 77.89%, Best Test: 79.30%
Epoch: 400, Loss: 0.5290, Train: 82.97%, Valid: 77.42%, Test: 78.66%, Best Valid: 78.22%, Best Test: 79.16%
Epoch: 500, Loss: 0.5406, Train: 85.74%, Valid: 78.47%, Test: 80.49%, Best Valid: 78.67%, Best Test: 79.79%
Epoch: 600, Loss: 0.4949, Train: 85.33%, Valid: 77.50%, Test: 79.29%, Best Valid: 78.85%, Best Test: 80.44%
Epoch: 700, Loss: 0.5112, Train: 88.14%, Valid: 78.72%, Test: 80.56%, Best Valid: 79.22%, Best Test: 80.03%
Epoch: 800, Loss: 0.4761, Train: 86.18%, Valid: 75.18%, Test: 77.27%, Best Valid: 79.33%, Best Test: 80.15%
Epoch: 900, Loss: 0.4500, Train: 86.20%, Valid: 76.07%, Test: 77.26%, Best Valid: 79.33%, Best Test: 80.15%
Run 04:
Highest Train: 89.81
Highest Valid: 79.33
Highest Test: 81.37
Chosen epoch: 744
Final Train: 87.95
Final Test: 80.15
Pre-training MLP for 500 epochs to generate co-occurrence matrix...
MLP pre-training complete. Penalty matrix frozen.
Epoch: 00, Loss: 3.0570, Train: 57.67%, Valid: 58.32%, Test: 56.75%, Best Valid: 58.32%, Best Test: 56.75%
Epoch: 100, Loss: 0.6278, Train: 77.60%, Valid: 76.77%, Test: 75.51%, Best Valid: 76.77%, Best Test: 75.47%
Epoch: 200, Loss: 0.5794, Train: 79.56%, Valid: 77.61%, Test: 76.40%, Best Valid: 78.07%, Best Test: 76.98%
Epoch: 300, Loss: 0.5598, Train: 79.76%, Valid: 76.02%, Test: 75.22%, Best Valid: 78.96%, Best Test: 78.06%
Epoch: 400, Loss: 0.5438, Train: 79.45%, Valid: 75.59%, Test: 74.32%, Best Valid: 79.79%, Best Test: 78.84%
Epoch: 500, Loss: 0.5301, Train: 83.62%, Valid: 78.38%, Test: 77.79%, Best Valid: 80.08%, Best Test: 79.17%
Epoch: 600, Loss: 0.5357, Train: 84.95%, Valid: 78.51%, Test: 78.59%, Best Valid: 80.08%, Best Test: 79.17%
Epoch: 700, Loss: 0.4978, Train: 85.60%, Valid: 78.45%, Test: 78.04%, Best Valid: 80.35%, Best Test: 79.36%
Epoch: 800, Loss: 0.4890, Train: 83.18%, Valid: 74.74%, Test: 73.90%, Best Valid: 80.35%, Best Test: 79.36%
Epoch: 900, Loss: 0.4831, Train: 84.74%, Valid: 76.24%, Test: 75.79%, Best Valid: 80.35%, Best Test: 79.36%
Run 05:
Highest Train: 88.22
Highest Valid: 80.35
Highest Test: 79.97
Chosen epoch: 657
Final Train: 86.01
Final Test: 79.36
All runs:
Highest Train: 89.49 ± 0.77
Highest Test: 80.57 ± 1.19
Highest Valid: 80.08 ± 0.44
  Final Train: 87.61 ± 0.99
   Final Test: 79.75 ± 1.05
Saving results to mlp_gt/results_full/minesweeper/sgformer.csv

GT sweep completed!
==========================================================
Task 32 (sgformer / minesweeper) completed at: Tue Apr 28 08:37:12 AM EDT 2026
==========================================================
