==========================================================
MLP-GT Full Sweep | Task 38
Job: 1011972 | Date: Tue Apr 28 08:47:57 AM EDT 2026 | Host: n0091
==========================================================
Tue Apr 28 08:48:00 2026       
+-----------------------------------------------------------------------------------------+
| NVIDIA-SMI 570.211.01             Driver Version: 570.211.01     CUDA Version: 12.8     |
|-----------------------------------------+------------------------+----------------------+
| GPU  Name                 Persistence-M | Bus-Id          Disp.A | Volatile Uncorr. ECC |
| Fan  Temp   Perf          Pwr:Usage/Cap |           Memory-Usage | GPU-Util  Compute M. |
|                                         |                        |               MIG M. |
|=========================================+========================+======================|
|   0  NVIDIA A100-SXM4-80GB          On  |   00000000:01:00.0 Off |                   On |
| N/A   39C    P0            132W /  500W |    3128MiB /  81920MiB |     N/A      Default |
|                                         |                        |              Enabled |
+-----------------------------------------+------------------------+----------------------+
|   1  NVIDIA A100-SXM4-80GB          On  |   00000000:41:00.0 Off |                   On |
| N/A   35C    P0            145W /  500W |    2624MiB /  81920MiB |     N/A      Default |
|                                         |                        |              Enabled |
+-----------------------------------------+------------------------+----------------------+
|   2  NVIDIA A100-SXM4-80GB          On  |   00000000:81:00.0 Off |                   On |
| N/A   39C    P0            141W /  500W |    3002MiB /  81920MiB |     N/A      Default |
|                                         |                        |              Enabled |
+-----------------------------------------+------------------------+----------------------+
|   3  NVIDIA A100-SXM4-80GB          On  |   00000000:C1:00.0 Off |                   On |
| N/A   27C    P0             52W /  500W |     185MiB /  81920MiB |     N/A      Default |
|                                         |                        |              Enabled |
+-----------------------------------------+------------------------+----------------------+

+-----------------------------------------------------------------------------------------+
| MIG devices:                                                                            |
+------------------+----------------------------------+-----------+-----------------------+
| GPU  GI  CI  MIG |                     Memory-Usage |        Vol|        Shared         |
|      ID  ID  Dev |                       BAR1-Usage | SM     Unc| CE ENC  DEC  OFA  JPG |
|                  |                                  |        ECC|                       |
|==================+==================================+===========+=======================|
|  3    5   0   0  |              53MiB / 19968MiB    | 28      0 |  2   0    1    0    0 |
|                  |                 0MiB / 32767MiB  |           |                       |
+------------------+----------------------------------+-----------+-----------------------+
                                                                                         
+-----------------------------------------------------------------------------------------+
| Processes:                                                                              |
|  GPU   GI   CI              PID   Type   Process name                        GPU Memory |
|        ID   ID                                                               Usage      |
|=========================================================================================|
|    0    5    0           682142      C   python                                 2204MiB |
|    0    1    0           684588      C   python                                  728MiB |
|    1    5    0           682102      C   python                                 1930MiB |
|    1    1    0           682933      C   python                                  498MiB |
|    2    3    0           684110      C   python                                 2812MiB |
+-----------------------------------------------------------------------------------------+
1.12.1
True
NVIDIA A100-SXM4-80GB MIG 2g.20gb
Model: sgformer | Dataset: coauthor-physics
Split flags: --rand_split_class --valid_num 500 --test_num 1000 --seed 123
==========================================================
Starting mlp_gt GT Sweep for:
python main.py --model sgformer --dataset coauthor-physics         --hidden_channels 256 --layers 3 --num_heads 1         --lr 0.01 --weight_decay 5e-4 --dropout 0.3         --use_graph --use_act --alpha 0.5 --use_residual --use_bn --graph_weight 0.5         --epochs 1000         --runs 5 --device 0         --rand_split_class --valid_num 500 --test_num 1000 --seed 123
Result dir: mlp_gt/results_full
==========================================================
Running GT Baseline (no reg)...
Namespace(aggregate='add', alpha=0.5, attention='gcn', beta=-1.0, bn=False, cpu=False, data_dir='../data/', dataset='coauthor-physics', device=0, dim_inner=256, display_step=100, dropout=0.3, epochs=1000, global_dropout=None, global_layers=2, gnn='gcn', graph_weight=0.5, hidden_channels=256, hops=10, in_dropout=0.0, jk=False, label_num_per_class=20, lambda_val=0.5, layers=3, ln=False, local_gnn_type='GCN', local_layers=7, lr=0.01, metric='acc', mlp_epochs=500, mlp_reg=False, model='sgformer', model_dir='./model/', n_heads=1, num_centroids=4096, num_heads=1, oracle_reg=False, pe_types='RWSE', pre_linear=False, pre_ln=False, rand_split=False, rand_split_class=True, reg_start_epoch=10, reg_update_freq=5, res=False, result_dir='mlp_gt/results_full', runs=5, save_model=False, save_result=False, seed=123, test_num=1000, train_prop=0.5, use_act=True, use_bn=True, use_graph=True, use_reg=False, use_residual=True, use_weight=False, valid_num=500, valid_prop=0.25, weight_decay=0.0005)
coauthor-physics
train:torch.Size([100]), valid:torch.Size([500]), test:torch.Size([1000])
dataset coauthor-physics | num nodes 34493 | num edge 495924 | num node feats 8415 | num classes 5
MODEL: SGFormer(
  (trans_conv): TransConv(
    (convs): ModuleList(
      (0): TransConvLayer(
        (Wk): Linear(in_features=256, out_features=256, bias=True)
        (Wq): Linear(in_features=256, out_features=256, bias=True)
      )
      (1): TransConvLayer(
        (Wk): Linear(in_features=256, out_features=256, bias=True)
        (Wq): Linear(in_features=256, out_features=256, bias=True)
      )
      (2): TransConvLayer(
        (Wk): Linear(in_features=256, out_features=256, bias=True)
        (Wq): Linear(in_features=256, out_features=256, bias=True)
      )
    )
    (fcs): ModuleList(
      (0): Linear(in_features=8415, out_features=256, bias=True)
    )
    (bns): ModuleList(
      (0): LayerNorm((256,), eps=1e-05, elementwise_affine=True)
      (1): LayerNorm((256,), eps=1e-05, elementwise_affine=True)
      (2): LayerNorm((256,), eps=1e-05, elementwise_affine=True)
      (3): LayerNorm((256,), eps=1e-05, elementwise_affine=True)
    )
  )
  (gnn): GCN(
    (convs): ModuleList(
      (0): GCNConv(8415, 256)
      (1): GCNConv(256, 256)
      (2): GCNConv(256, 256)
    )
    (bns): ModuleList(
      (0): BatchNorm1d(256, eps=1e-05, momentum=0.1, affine=True, track_running_stats=True)
      (1): BatchNorm1d(256, eps=1e-05, momentum=0.1, affine=True, track_running_stats=True)
    )
  )
  (fc): Linear(in_features=256, out_features=5, bias=True)
)
Epoch: 00, Loss: 1.5924, Train: 37.00%, Valid: 55.00%, Test: 55.10%, Best Valid: 55.00%, Best Test: 55.10%
Epoch: 100, Loss: 0.0008, Train: 100.00%, Valid: 90.00%, Test: 91.60%, Best Valid: 90.60%, Best Test: 90.60%
Epoch: 200, Loss: 0.0018, Train: 100.00%, Valid: 75.20%, Test: 74.20%, Best Valid: 91.60%, Best Test: 91.90%
Epoch: 300, Loss: 0.0004, Train: 100.00%, Valid: 74.80%, Test: 74.80%, Best Valid: 91.60%, Best Test: 91.90%
Epoch: 400, Loss: 0.0009, Train: 100.00%, Valid: 84.80%, Test: 83.60%, Best Valid: 91.60%, Best Test: 91.90%
Epoch: 500, Loss: 0.0018, Train: 100.00%, Valid: 74.60%, Test: 74.30%, Best Valid: 91.60%, Best Test: 91.90%
Epoch: 600, Loss: 0.0011, Train: 100.00%, Valid: 78.80%, Test: 78.90%, Best Valid: 91.60%, Best Test: 91.90%
Epoch: 700, Loss: 0.0005, Train: 100.00%, Valid: 83.20%, Test: 83.00%, Best Valid: 91.60%, Best Test: 91.90%
Epoch: 800, Loss: 0.0011, Train: 100.00%, Valid: 90.40%, Test: 91.50%, Best Valid: 91.60%, Best Test: 91.90%
Epoch: 900, Loss: 0.0012, Train: 100.00%, Valid: 83.00%, Test: 85.30%, Best Valid: 91.60%, Best Test: 91.90%
Run 01:
Highest Train: 100.00
Highest Valid: 91.60
Highest Test: 92.90
Chosen epoch: 147
Final Train: 100.00
Final Test: 91.90
Epoch: 00, Loss: 2.4371, Train: 57.00%, Valid: 25.80%, Test: 24.90%, Best Valid: 25.80%, Best Test: 24.90%
Epoch: 100, Loss: 0.0005, Train: 100.00%, Valid: 88.60%, Test: 88.70%, Best Valid: 89.80%, Best Test: 89.60%
Epoch: 200, Loss: 0.0022, Train: 100.00%, Valid: 91.00%, Test: 91.70%, Best Valid: 91.60%, Best Test: 92.10%
Epoch: 300, Loss: 0.0004, Train: 100.00%, Valid: 87.00%, Test: 88.00%, Best Valid: 91.60%, Best Test: 92.10%
Epoch: 400, Loss: 0.0023, Train: 100.00%, Valid: 88.80%, Test: 89.50%, Best Valid: 91.60%, Best Test: 92.10%
Epoch: 500, Loss: 0.0009, Train: 99.00%, Valid: 69.60%, Test: 68.00%, Best Valid: 91.60%, Best Test: 92.10%
Epoch: 600, Loss: 0.0014, Train: 100.00%, Valid: 85.80%, Test: 85.50%, Best Valid: 92.40%, Best Test: 92.00%
Epoch: 700, Loss: 0.0007, Train: 100.00%, Valid: 82.20%, Test: 80.70%, Best Valid: 92.40%, Best Test: 92.00%
Epoch: 800, Loss: 0.0004, Train: 100.00%, Valid: 80.20%, Test: 80.60%, Best Valid: 92.40%, Best Test: 92.00%
Epoch: 900, Loss: 0.0005, Train: 100.00%, Valid: 86.20%, Test: 87.00%, Best Valid: 92.40%, Best Test: 92.00%
Run 02:
Highest Train: 100.00
Highest Valid: 92.40
Highest Test: 92.70
Chosen epoch: 526
Final Train: 100.00
Final Test: 92.00
Epoch: 00, Loss: 2.2828, Train: 22.00%, Valid: 11.80%, Test: 11.70%, Best Valid: 11.80%, Best Test: 11.70%
Epoch: 100, Loss: 0.0008, Train: 100.00%, Valid: 92.40%, Test: 93.20%, Best Valid: 94.20%, Best Test: 94.80%
Epoch: 200, Loss: 0.0005, Train: 100.00%, Valid: 90.00%, Test: 91.20%, Best Valid: 94.20%, Best Test: 94.80%
Epoch: 300, Loss: 0.0007, Train: 100.00%, Valid: 87.40%, Test: 88.60%, Best Valid: 94.20%, Best Test: 94.80%
Epoch: 400, Loss: 0.0003, Train: 100.00%, Valid: 89.40%, Test: 90.60%, Best Valid: 94.20%, Best Test: 94.80%
Epoch: 500, Loss: 0.0001, Train: 100.00%, Valid: 89.40%, Test: 90.40%, Best Valid: 94.20%, Best Test: 94.80%
Epoch: 600, Loss: 0.0006, Train: 100.00%, Valid: 83.60%, Test: 83.30%, Best Valid: 94.20%, Best Test: 94.80%
Epoch: 700, Loss: 0.0007, Train: 100.00%, Valid: 84.20%, Test: 85.50%, Best Valid: 94.20%, Best Test: 94.80%
Epoch: 800, Loss: 0.0123, Train: 98.00%, Valid: 85.00%, Test: 84.40%, Best Valid: 94.20%, Best Test: 94.80%
Epoch: 900, Loss: 0.0010, Train: 100.00%, Valid: 89.40%, Test: 90.20%, Best Valid: 94.20%, Best Test: 94.80%
Run 03:
Highest Train: 100.00
Highest Valid: 94.20
Highest Test: 95.10
Chosen epoch: 79
Final Train: 100.00
Final Test: 94.80
Epoch: 00, Loss: 2.4810, Train: 23.00%, Valid: 10.00%, Test: 10.20%, Best Valid: 10.00%, Best Test: 10.20%
Epoch: 100, Loss: 0.0006, Train: 100.00%, Valid: 90.40%, Test: 91.60%, Best Valid: 91.20%, Best Test: 92.60%
Epoch: 200, Loss: 0.0007, Train: 100.00%, Valid: 90.40%, Test: 91.30%, Best Valid: 91.40%, Best Test: 91.50%
Epoch: 300, Loss: 0.0005, Train: 100.00%, Valid: 87.60%, Test: 90.30%, Best Valid: 91.40%, Best Test: 91.50%
Epoch: 400, Loss: 0.0005, Train: 100.00%, Valid: 91.00%, Test: 91.40%, Best Valid: 92.60%, Best Test: 92.40%
Epoch: 500, Loss: 0.0004, Train: 100.00%, Valid: 85.60%, Test: 84.90%, Best Valid: 92.60%, Best Test: 92.40%
Epoch: 600, Loss: 0.0002, Train: 100.00%, Valid: 82.20%, Test: 83.10%, Best Valid: 92.60%, Best Test: 92.40%
Epoch: 700, Loss: 0.0006, Train: 100.00%, Valid: 79.20%, Test: 80.30%, Best Valid: 92.60%, Best Test: 92.40%
Epoch: 800, Loss: 0.0003, Train: 100.00%, Valid: 76.40%, Test: 78.70%, Best Valid: 92.60%, Best Test: 92.40%
Epoch: 900, Loss: 0.0004, Train: 100.00%, Valid: 86.60%, Test: 86.70%, Best Valid: 92.60%, Best Test: 92.40%
Run 04:
Highest Train: 100.00
Highest Valid: 92.60
Highest Test: 92.90
Chosen epoch: 327
Final Train: 100.00
Final Test: 92.40
Epoch: 00, Loss: 2.0376, Train: 79.00%, Valid: 77.60%, Test: 78.80%, Best Valid: 77.60%, Best Test: 78.80%
Epoch: 100, Loss: 0.0010, Train: 100.00%, Valid: 90.20%, Test: 90.70%, Best Valid: 90.60%, Best Test: 90.40%
Epoch: 200, Loss: 0.0006, Train: 100.00%, Valid: 89.20%, Test: 90.60%, Best Valid: 91.60%, Best Test: 91.10%
Epoch: 300, Loss: 0.0007, Train: 100.00%, Valid: 82.80%, Test: 84.10%, Best Valid: 91.60%, Best Test: 91.10%
Epoch: 400, Loss: 0.0007, Train: 100.00%, Valid: 89.20%, Test: 89.10%, Best Valid: 92.80%, Best Test: 91.30%
Epoch: 500, Loss: 0.0008, Train: 100.00%, Valid: 88.20%, Test: 89.70%, Best Valid: 92.80%, Best Test: 91.30%
Epoch: 600, Loss: 0.0010, Train: 100.00%, Valid: 78.60%, Test: 77.90%, Best Valid: 92.80%, Best Test: 91.30%
Epoch: 700, Loss: 0.0007, Train: 100.00%, Valid: 87.20%, Test: 85.80%, Best Valid: 92.80%, Best Test: 91.30%
Epoch: 800, Loss: 0.0013, Train: 100.00%, Valid: 78.80%, Test: 80.40%, Best Valid: 92.80%, Best Test: 91.30%
Epoch: 900, Loss: 0.0009, Train: 100.00%, Valid: 80.00%, Test: 80.00%, Best Valid: 92.80%, Best Test: 91.30%
Run 05:
Highest Train: 100.00
Highest Valid: 92.80
Highest Test: 92.40
Chosen epoch: 355
Final Train: 100.00
Final Test: 91.30
All runs:
Highest Train: 100.00 ± 0.00
Highest Test: 93.20 ± 1.08
Highest Valid: 92.72 ± 0.94
  Final Train: 100.00 ± 0.00
   Final Test: 92.48 ± 1.36
Saving results to mlp_gt/results_full/coauthor-physics/sgformer.csv

Running with MLP-GT Regularization (lambda=0.01)...
Namespace(aggregate='add', alpha=0.5, attention='gcn', beta=-1.0, bn=False, cpu=False, data_dir='../data/', dataset='coauthor-physics', device=0, dim_inner=256, display_step=100, dropout=0.3, epochs=1000, global_dropout=None, global_layers=2, gnn='gcn', graph_weight=0.5, hidden_channels=256, hops=10, in_dropout=0.0, jk=False, label_num_per_class=20, lambda_val=0.01, layers=3, ln=False, local_gnn_type='GCN', local_layers=7, lr=0.01, metric='acc', mlp_epochs=500, mlp_reg=True, model='sgformer', model_dir='./model/', n_heads=1, num_centroids=4096, num_heads=1, oracle_reg=False, pe_types='RWSE', pre_linear=False, pre_ln=False, rand_split=False, rand_split_class=True, reg_start_epoch=10, reg_update_freq=5, res=False, result_dir='mlp_gt/results_full', runs=5, save_model=False, save_result=False, seed=123, test_num=1000, train_prop=0.5, use_act=True, use_bn=True, use_graph=True, use_reg=True, use_residual=True, use_weight=False, valid_num=500, valid_prop=0.25, weight_decay=0.0005)
coauthor-physics
train:torch.Size([100]), valid:torch.Size([500]), test:torch.Size([1000])
dataset coauthor-physics | num nodes 34493 | num edge 495924 | num node feats 8415 | num classes 5
MODEL: SGFormer(
  (trans_conv): TransConv(
    (convs): ModuleList(
      (0): TransConvLayer(
        (Wk): Linear(in_features=256, out_features=256, bias=True)
        (Wq): Linear(in_features=256, out_features=256, bias=True)
      )
      (1): TransConvLayer(
        (Wk): Linear(in_features=256, out_features=256, bias=True)
        (Wq): Linear(in_features=256, out_features=256, bias=True)
      )
      (2): TransConvLayer(
        (Wk): Linear(in_features=256, out_features=256, bias=True)
        (Wq): Linear(in_features=256, out_features=256, bias=True)
      )
    )
    (fcs): ModuleList(
      (0): Linear(in_features=8415, out_features=256, bias=True)
    )
    (bns): ModuleList(
      (0): LayerNorm((256,), eps=1e-05, elementwise_affine=True)
      (1): LayerNorm((256,), eps=1e-05, elementwise_affine=True)
      (2): LayerNorm((256,), eps=1e-05, elementwise_affine=True)
      (3): LayerNorm((256,), eps=1e-05, elementwise_affine=True)
    )
  )
  (gnn): GCN(
    (convs): ModuleList(
      (0): GCNConv(8415, 256)
      (1): GCNConv(256, 256)
      (2): GCNConv(256, 256)
    )
    (bns): ModuleList(
      (0): BatchNorm1d(256, eps=1e-05, momentum=0.1, affine=True, track_running_stats=True)
      (1): BatchNorm1d(256, eps=1e-05, momentum=0.1, affine=True, track_running_stats=True)
    )
  )
  (fc): Linear(in_features=256, out_features=5, bias=True)
)
Pre-training MLP for 500 epochs to generate co-occurrence matrix...
MLP pre-training complete. Penalty matrix frozen.
Epoch: 00, Loss: 1.6572, Train: 61.00%, Valid: 62.20%, Test: 64.50%, Best Valid: 62.20%, Best Test: 64.50%
Epoch: 100, Loss: 0.0008, Train: 100.00%, Valid: 90.60%, Test: 92.10%, Best Valid: 91.40%, Best Test: 92.80%
Epoch: 200, Loss: 0.0037, Train: 100.00%, Valid: 90.00%, Test: 91.50%, Best Valid: 91.40%, Best Test: 92.80%
Epoch: 300, Loss: 0.0064, Train: 100.00%, Valid: 90.00%, Test: 89.50%, Best Valid: 91.40%, Best Test: 92.80%
Epoch: 400, Loss: 0.0007, Train: 100.00%, Valid: 64.60%, Test: 68.60%, Best Valid: 91.40%, Best Test: 92.80%
Epoch: 500, Loss: 0.0008, Train: 100.00%, Valid: 79.60%, Test: 81.10%, Best Valid: 91.60%, Best Test: 91.70%
Epoch: 600, Loss: 0.0008, Train: 100.00%, Valid: 91.40%, Test: 92.10%, Best Valid: 92.60%, Best Test: 93.40%
Epoch: 700, Loss: 0.0030, Train: 100.00%, Valid: 87.20%, Test: 84.20%, Best Valid: 92.60%, Best Test: 93.40%
Epoch: 800, Loss: 0.0008, Train: 100.00%, Valid: 92.80%, Test: 93.20%, Best Valid: 93.00%, Best Test: 92.60%
Epoch: 900, Loss: 0.0010, Train: 100.00%, Valid: 85.80%, Test: 87.20%, Best Valid: 93.40%, Best Test: 93.50%
Run 01:
Highest Train: 100.00
Highest Valid: 93.40
Highest Test: 93.60
Chosen epoch: 808
Final Train: 100.00
Final Test: 93.50
Pre-training MLP for 500 epochs to generate co-occurrence matrix...
MLP pre-training complete. Penalty matrix frozen.
Epoch: 00, Loss: 2.1077, Train: 29.00%, Valid: 15.40%, Test: 13.70%, Best Valid: 15.40%, Best Test: 13.70%
Epoch: 100, Loss: 0.0008, Train: 100.00%, Valid: 93.00%, Test: 94.50%, Best Valid: 93.20%, Best Test: 94.70%
Epoch: 200, Loss: 0.0009, Train: 100.00%, Valid: 92.20%, Test: 94.60%, Best Valid: 93.20%, Best Test: 94.70%
Epoch: 300, Loss: 0.0006, Train: 100.00%, Valid: 91.00%, Test: 92.00%, Best Valid: 93.20%, Best Test: 94.70%
Epoch: 400, Loss: 0.0005, Train: 100.00%, Valid: 89.80%, Test: 89.70%, Best Valid: 93.20%, Best Test: 94.70%
Epoch: 500, Loss: 0.0013, Train: 100.00%, Valid: 81.20%, Test: 83.00%, Best Valid: 93.20%, Best Test: 94.70%
Epoch: 600, Loss: 0.0005, Train: 100.00%, Valid: 80.40%, Test: 77.30%, Best Valid: 93.20%, Best Test: 94.70%
Epoch: 700, Loss: 0.0038, Train: 100.00%, Valid: 64.40%, Test: 66.00%, Best Valid: 93.20%, Best Test: 94.70%
Epoch: 800, Loss: 0.0009, Train: 100.00%, Valid: 72.40%, Test: 71.80%, Best Valid: 93.20%, Best Test: 94.70%
Epoch: 900, Loss: 0.0243, Train: 88.00%, Valid: 79.20%, Test: 82.50%, Best Valid: 93.20%, Best Test: 94.70%
Run 02:
Highest Train: 100.00
Highest Valid: 93.20
Highest Test: 95.00
Chosen epoch: 97
Final Train: 100.00
Final Test: 94.70
Pre-training MLP for 500 epochs to generate co-occurrence matrix...
MLP pre-training complete. Penalty matrix frozen.
Epoch: 00, Loss: 2.4055, Train: 43.00%, Valid: 63.40%, Test: 65.70%, Best Valid: 63.40%, Best Test: 65.70%
Epoch: 100, Loss: 0.0011, Train: 100.00%, Valid: 90.40%, Test: 90.30%, Best Valid: 92.60%, Best Test: 92.20%
Epoch: 200, Loss: 0.0006, Train: 100.00%, Valid: 89.60%, Test: 90.40%, Best Valid: 92.60%, Best Test: 92.20%
Epoch: 300, Loss: 0.0004, Train: 100.00%, Valid: 85.20%, Test: 85.80%, Best Valid: 92.60%, Best Test: 92.20%
Epoch: 400, Loss: 0.0005, Train: 100.00%, Valid: 85.80%, Test: 87.10%, Best Valid: 92.60%, Best Test: 92.20%
Epoch: 500, Loss: 0.0009, Train: 100.00%, Valid: 84.60%, Test: 84.70%, Best Valid: 92.60%, Best Test: 92.20%
Epoch: 600, Loss: 0.0004, Train: 100.00%, Valid: 89.60%, Test: 87.70%, Best Valid: 92.60%, Best Test: 92.20%
Epoch: 700, Loss: 0.0008, Train: 100.00%, Valid: 84.00%, Test: 84.50%, Best Valid: 92.60%, Best Test: 92.20%
Epoch: 800, Loss: 0.0005, Train: 99.00%, Valid: 71.20%, Test: 69.10%, Best Valid: 92.60%, Best Test: 92.20%
Epoch: 900, Loss: 0.0007, Train: 100.00%, Valid: 83.60%, Test: 83.70%, Best Valid: 92.60%, Best Test: 92.20%
Run 03:
Highest Train: 100.00
Highest Valid: 92.60
Highest Test: 92.60
Chosen epoch: 62
Final Train: 100.00
Final Test: 92.20
Pre-training MLP for 500 epochs to generate co-occurrence matrix...
MLP pre-training complete. Penalty matrix frozen.
Epoch: 00, Loss: 2.1923, Train: 54.00%, Valid: 62.80%, Test: 64.60%, Best Valid: 62.80%, Best Test: 64.60%
Epoch: 100, Loss: 0.0013, Train: 100.00%, Valid: 92.20%, Test: 93.00%, Best Valid: 92.60%, Best Test: 93.20%
Epoch: 200, Loss: 0.0009, Train: 100.00%, Valid: 90.00%, Test: 92.00%, Best Valid: 92.60%, Best Test: 93.20%
Epoch: 300, Loss: 0.0006, Train: 100.00%, Valid: 90.40%, Test: 92.30%, Best Valid: 93.20%, Best Test: 92.70%
Epoch: 400, Loss: 0.0006, Train: 100.00%, Valid: 88.00%, Test: 90.20%, Best Valid: 93.20%, Best Test: 92.70%
Epoch: 500, Loss: 0.0007, Train: 100.00%, Valid: 83.00%, Test: 83.10%, Best Valid: 93.20%, Best Test: 92.70%
Epoch: 600, Loss: 0.0006, Train: 100.00%, Valid: 72.60%, Test: 71.30%, Best Valid: 93.20%, Best Test: 92.70%
Epoch: 700, Loss: 0.0005, Train: 100.00%, Valid: 66.00%, Test: 65.10%, Best Valid: 93.20%, Best Test: 92.70%
Epoch: 800, Loss: 0.0006, Train: 100.00%, Valid: 71.20%, Test: 71.80%, Best Valid: 93.20%, Best Test: 92.70%
Epoch: 900, Loss: 0.0004, Train: 100.00%, Valid: 66.00%, Test: 65.00%, Best Valid: 93.20%, Best Test: 92.70%
Run 04:
Highest Train: 100.00
Highest Valid: 93.20
Highest Test: 93.70
Chosen epoch: 248
Final Train: 100.00
Final Test: 92.70
Pre-training MLP for 500 epochs to generate co-occurrence matrix...
MLP pre-training complete. Penalty matrix frozen.
Epoch: 00, Loss: 2.2498, Train: 30.00%, Valid: 19.00%, Test: 18.30%, Best Valid: 19.00%, Best Test: 18.30%
Epoch: 100, Loss: 0.0007, Train: 100.00%, Valid: 91.20%, Test: 91.80%, Best Valid: 92.20%, Best Test: 93.70%
Epoch: 200, Loss: 0.0008, Train: 100.00%, Valid: 90.80%, Test: 91.70%, Best Valid: 92.20%, Best Test: 93.70%
Epoch: 300, Loss: 0.0004, Train: 100.00%, Valid: 90.20%, Test: 90.80%, Best Valid: 93.00%, Best Test: 93.20%
Epoch: 400, Loss: 0.0005, Train: 100.00%, Valid: 89.20%, Test: 91.60%, Best Valid: 93.00%, Best Test: 93.20%
Epoch: 500, Loss: 0.0004, Train: 100.00%, Valid: 87.60%, Test: 88.80%, Best Valid: 93.00%, Best Test: 93.20%
Epoch: 600, Loss: 0.0003, Train: 100.00%, Valid: 82.80%, Test: 81.90%, Best Valid: 93.00%, Best Test: 93.20%
Epoch: 700, Loss: 0.0007, Train: 100.00%, Valid: 90.00%, Test: 91.20%, Best Valid: 93.00%, Best Test: 93.20%
Epoch: 800, Loss: 0.0006, Train: 100.00%, Valid: 81.80%, Test: 83.30%, Best Valid: 93.00%, Best Test: 93.20%
Epoch: 900, Loss: 0.0004, Train: 100.00%, Valid: 83.80%, Test: 82.60%, Best Valid: 93.00%, Best Test: 93.20%
Run 05:
Highest Train: 100.00
Highest Valid: 93.00
Highest Test: 94.40
Chosen epoch: 256
Final Train: 100.00
Final Test: 93.20
All runs:
Highest Train: 100.00 ± 0.00
Highest Test: 93.86 ± 0.90
Highest Valid: 93.08 ± 0.30
  Final Train: 100.00 ± 0.00
   Final Test: 93.26 ± 0.94
Saving results to mlp_gt/results_full/coauthor-physics/sgformer.csv

Running with MLP-GT Regularization (lambda=0.1)...
Namespace(aggregate='add', alpha=0.5, attention='gcn', beta=-1.0, bn=False, cpu=False, data_dir='../data/', dataset='coauthor-physics', device=0, dim_inner=256, display_step=100, dropout=0.3, epochs=1000, global_dropout=None, global_layers=2, gnn='gcn', graph_weight=0.5, hidden_channels=256, hops=10, in_dropout=0.0, jk=False, label_num_per_class=20, lambda_val=0.1, layers=3, ln=False, local_gnn_type='GCN', local_layers=7, lr=0.01, metric='acc', mlp_epochs=500, mlp_reg=True, model='sgformer', model_dir='./model/', n_heads=1, num_centroids=4096, num_heads=1, oracle_reg=False, pe_types='RWSE', pre_linear=False, pre_ln=False, rand_split=False, rand_split_class=True, reg_start_epoch=10, reg_update_freq=5, res=False, result_dir='mlp_gt/results_full', runs=5, save_model=False, save_result=False, seed=123, test_num=1000, train_prop=0.5, use_act=True, use_bn=True, use_graph=True, use_reg=True, use_residual=True, use_weight=False, valid_num=500, valid_prop=0.25, weight_decay=0.0005)
coauthor-physics
train:torch.Size([100]), valid:torch.Size([500]), test:torch.Size([1000])
dataset coauthor-physics | num nodes 34493 | num edge 495924 | num node feats 8415 | num classes 5
MODEL: SGFormer(
  (trans_conv): TransConv(
    (convs): ModuleList(
      (0): TransConvLayer(
        (Wk): Linear(in_features=256, out_features=256, bias=True)
        (Wq): Linear(in_features=256, out_features=256, bias=True)
      )
      (1): TransConvLayer(
        (Wk): Linear(in_features=256, out_features=256, bias=True)
        (Wq): Linear(in_features=256, out_features=256, bias=True)
      )
      (2): TransConvLayer(
        (Wk): Linear(in_features=256, out_features=256, bias=True)
        (Wq): Linear(in_features=256, out_features=256, bias=True)
      )
    )
    (fcs): ModuleList(
      (0): Linear(in_features=8415, out_features=256, bias=True)
    )
    (bns): ModuleList(
      (0): LayerNorm((256,), eps=1e-05, elementwise_affine=True)
      (1): LayerNorm((256,), eps=1e-05, elementwise_affine=True)
      (2): LayerNorm((256,), eps=1e-05, elementwise_affine=True)
      (3): LayerNorm((256,), eps=1e-05, elementwise_affine=True)
    )
  )
  (gnn): GCN(
    (convs): ModuleList(
      (0): GCNConv(8415, 256)
      (1): GCNConv(256, 256)
      (2): GCNConv(256, 256)
    )
    (bns): ModuleList(
      (0): BatchNorm1d(256, eps=1e-05, momentum=0.1, affine=True, track_running_stats=True)
      (1): BatchNorm1d(256, eps=1e-05, momentum=0.1, affine=True, track_running_stats=True)
    )
  )
  (fc): Linear(in_features=256, out_features=5, bias=True)
)
Pre-training MLP for 500 epochs to generate co-occurrence matrix...
MLP pre-training complete. Penalty matrix frozen.
Epoch: 00, Loss: 1.8049, Train: 53.00%, Valid: 56.60%, Test: 57.60%, Best Valid: 56.60%, Best Test: 57.60%
Epoch: 100, Loss: 0.0007, Train: 100.00%, Valid: 91.40%, Test: 92.50%, Best Valid: 92.20%, Best Test: 93.00%
Epoch: 200, Loss: 0.0010, Train: 100.00%, Valid: 88.60%, Test: 88.50%, Best Valid: 92.20%, Best Test: 93.00%
Epoch: 300, Loss: 0.0007, Train: 100.00%, Valid: 83.40%, Test: 84.10%, Best Valid: 92.20%, Best Test: 93.00%
Epoch: 400, Loss: 0.0008, Train: 100.00%, Valid: 88.60%, Test: 88.70%, Best Valid: 92.20%, Best Test: 93.00%
Epoch: 500, Loss: 0.0008, Train: 100.00%, Valid: 65.80%, Test: 65.30%, Best Valid: 92.20%, Best Test: 93.00%
Epoch: 600, Loss: 0.0011, Train: 100.00%, Valid: 78.00%, Test: 76.70%, Best Valid: 92.20%, Best Test: 93.00%
Epoch: 700, Loss: 0.0668, Train: 89.00%, Valid: 76.00%, Test: 75.70%, Best Valid: 92.20%, Best Test: 93.00%
Epoch: 800, Loss: 0.0011, Train: 100.00%, Valid: 87.20%, Test: 85.40%, Best Valid: 92.20%, Best Test: 93.00%
Epoch: 900, Loss: 0.0014, Train: 100.00%, Valid: 87.80%, Test: 88.00%, Best Valid: 92.20%, Best Test: 93.00%
Run 01:
Highest Train: 100.00
Highest Valid: 92.20
Highest Test: 93.10
Chosen epoch: 95
Final Train: 100.00
Final Test: 93.00
Pre-training MLP for 500 epochs to generate co-occurrence matrix...
MLP pre-training complete. Penalty matrix frozen.
Epoch: 00, Loss: 2.5781, Train: 24.00%, Valid: 20.20%, Test: 19.60%, Best Valid: 20.20%, Best Test: 19.60%
Epoch: 100, Loss: 0.0011, Train: 100.00%, Valid: 94.00%, Test: 94.20%, Best Valid: 94.00%, Best Test: 94.50%
Epoch: 200, Loss: 0.0008, Train: 100.00%, Valid: 92.80%, Test: 94.30%, Best Valid: 94.40%, Best Test: 94.00%
Epoch: 300, Loss: 0.0006, Train: 100.00%, Valid: 91.80%, Test: 94.00%, Best Valid: 94.40%, Best Test: 94.00%
Epoch: 400, Loss: 0.0005, Train: 100.00%, Valid: 87.00%, Test: 87.10%, Best Valid: 94.40%, Best Test: 94.00%
Epoch: 500, Loss: 0.0005, Train: 100.00%, Valid: 80.80%, Test: 82.60%, Best Valid: 94.40%, Best Test: 94.00%
Epoch: 600, Loss: 0.0004, Train: 100.00%, Valid: 83.20%, Test: 82.00%, Best Valid: 94.40%, Best Test: 94.00%
Epoch: 700, Loss: 0.0010, Train: 100.00%, Valid: 82.20%, Test: 83.40%, Best Valid: 94.40%, Best Test: 94.00%
Epoch: 800, Loss: 0.0009, Train: 100.00%, Valid: 84.40%, Test: 86.20%, Best Valid: 94.40%, Best Test: 94.00%
Epoch: 900, Loss: 0.0011, Train: 100.00%, Valid: 90.00%, Test: 92.50%, Best Valid: 94.40%, Best Test: 94.00%
Run 02:
Highest Train: 100.00
Highest Valid: 94.40
Highest Test: 95.10
Chosen epoch: 117
Final Train: 100.00
Final Test: 94.00
Pre-training MLP for 500 epochs to generate co-occurrence matrix...
MLP pre-training complete. Penalty matrix frozen.
Epoch: 00, Loss: 2.6866, Train: 48.00%, Valid: 50.00%, Test: 53.30%, Best Valid: 50.00%, Best Test: 53.30%
Epoch: 100, Loss: 0.0009, Train: 100.00%, Valid: 88.60%, Test: 89.80%, Best Valid: 93.20%, Best Test: 94.40%
Epoch: 200, Loss: 0.0005, Train: 100.00%, Valid: 88.60%, Test: 89.30%, Best Valid: 93.20%, Best Test: 94.40%
Epoch: 300, Loss: 0.0012, Train: 100.00%, Valid: 85.40%, Test: 88.00%, Best Valid: 93.20%, Best Test: 94.40%
Epoch: 400, Loss: 0.0006, Train: 100.00%, Valid: 90.80%, Test: 92.00%, Best Valid: 93.20%, Best Test: 94.40%
Epoch: 500, Loss: 0.0005, Train: 100.00%, Valid: 84.60%, Test: 86.40%, Best Valid: 93.20%, Best Test: 94.40%
Epoch: 600, Loss: 0.0004, Train: 100.00%, Valid: 93.20%, Test: 92.70%, Best Valid: 93.60%, Best Test: 93.30%
Epoch: 700, Loss: 0.0010, Train: 100.00%, Valid: 92.00%, Test: 92.80%, Best Valid: 93.60%, Best Test: 93.30%
Epoch: 800, Loss: 0.0008, Train: 100.00%, Valid: 90.80%, Test: 91.20%, Best Valid: 93.60%, Best Test: 93.30%
Epoch: 900, Loss: 0.0010, Train: 100.00%, Valid: 89.80%, Test: 89.80%, Best Valid: 93.60%, Best Test: 93.30%
Run 03:
Highest Train: 100.00
Highest Valid: 93.60
Highest Test: 94.50
Chosen epoch: 580
Final Train: 100.00
Final Test: 93.30
Pre-training MLP for 500 epochs to generate co-occurrence matrix...
MLP pre-training complete. Penalty matrix frozen.
Epoch: 00, Loss: 2.3542, Train: 29.00%, Valid: 24.80%, Test: 26.50%, Best Valid: 24.80%, Best Test: 26.50%
Epoch: 100, Loss: 0.0009, Train: 100.00%, Valid: 91.00%, Test: 92.50%, Best Valid: 92.00%, Best Test: 93.00%
Epoch: 200, Loss: 0.0006, Train: 100.00%, Valid: 89.20%, Test: 89.80%, Best Valid: 92.00%, Best Test: 93.00%
Epoch: 300, Loss: 0.0006, Train: 100.00%, Valid: 91.20%, Test: 93.20%, Best Valid: 92.60%, Best Test: 93.40%
Epoch: 400, Loss: 0.0005, Train: 100.00%, Valid: 89.20%, Test: 90.00%, Best Valid: 92.60%, Best Test: 93.40%
Epoch: 500, Loss: 0.0006, Train: 100.00%, Valid: 90.60%, Test: 89.00%, Best Valid: 92.60%, Best Test: 93.40%
Epoch: 600, Loss: 0.0003, Train: 100.00%, Valid: 79.60%, Test: 78.90%, Best Valid: 92.60%, Best Test: 93.40%
Epoch: 700, Loss: 0.0010, Train: 100.00%, Valid: 91.20%, Test: 91.10%, Best Valid: 94.00%, Best Test: 91.30%
Epoch: 800, Loss: 0.0009, Train: 100.00%, Valid: 79.40%, Test: 79.70%, Best Valid: 94.00%, Best Test: 91.30%
Epoch: 900, Loss: 0.0011, Train: 100.00%, Valid: 77.00%, Test: 77.40%, Best Valid: 94.00%, Best Test: 91.30%
Run 04:
Highest Train: 100.00
Highest Valid: 94.40
Highest Test: 93.80
Chosen epoch: 990
Final Train: 98.00
Final Test: 92.20
Pre-training MLP for 500 epochs to generate co-occurrence matrix...
MLP pre-training complete. Penalty matrix frozen.
Epoch: 00, Loss: 2.7140, Train: 51.00%, Valid: 33.20%, Test: 30.10%, Best Valid: 33.20%, Best Test: 30.10%
Epoch: 100, Loss: 0.0005, Train: 100.00%, Valid: 93.40%, Test: 94.10%, Best Valid: 93.80%, Best Test: 94.40%
Epoch: 200, Loss: 0.0005, Train: 100.00%, Valid: 91.80%, Test: 92.90%, Best Valid: 93.80%, Best Test: 94.40%
Epoch: 300, Loss: 0.0005, Train: 100.00%, Valid: 91.60%, Test: 91.90%, Best Valid: 93.80%, Best Test: 94.40%
Epoch: 400, Loss: 0.0008, Train: 100.00%, Valid: 91.40%, Test: 90.90%, Best Valid: 93.80%, Best Test: 94.40%
Epoch: 500, Loss: 0.0004, Train: 100.00%, Valid: 82.60%, Test: 80.80%, Best Valid: 93.80%, Best Test: 94.40%
Epoch: 600, Loss: 0.0009, Train: 100.00%, Valid: 89.00%, Test: 89.70%, Best Valid: 93.80%, Best Test: 94.40%
Epoch: 700, Loss: 0.0004, Train: 100.00%, Valid: 79.80%, Test: 80.50%, Best Valid: 93.80%, Best Test: 94.40%
Epoch: 800, Loss: 0.0010, Train: 100.00%, Valid: 84.20%, Test: 86.80%, Best Valid: 93.80%, Best Test: 94.40%
Epoch: 900, Loss: 0.0015, Train: 100.00%, Valid: 84.00%, Test: 84.60%, Best Valid: 93.80%, Best Test: 94.40%
Run 05:
Highest Train: 100.00
Highest Valid: 93.80
Highest Test: 94.40
Chosen epoch: 82
Final Train: 100.00
Final Test: 94.40
All runs:
Highest Train: 100.00 ± 0.00
Highest Test: 94.18 ± 0.76
Highest Valid: 93.68 ± 0.90
  Final Train: 99.60 ± 0.89
   Final Test: 93.38 ± 0.86
Saving results to mlp_gt/results_full/coauthor-physics/sgformer.csv

Running with MLP-GT Regularization (lambda=0.2)...
Namespace(aggregate='add', alpha=0.5, attention='gcn', beta=-1.0, bn=False, cpu=False, data_dir='../data/', dataset='coauthor-physics', device=0, dim_inner=256, display_step=100, dropout=0.3, epochs=1000, global_dropout=None, global_layers=2, gnn='gcn', graph_weight=0.5, hidden_channels=256, hops=10, in_dropout=0.0, jk=False, label_num_per_class=20, lambda_val=0.2, layers=3, ln=False, local_gnn_type='GCN', local_layers=7, lr=0.01, metric='acc', mlp_epochs=500, mlp_reg=True, model='sgformer', model_dir='./model/', n_heads=1, num_centroids=4096, num_heads=1, oracle_reg=False, pe_types='RWSE', pre_linear=False, pre_ln=False, rand_split=False, rand_split_class=True, reg_start_epoch=10, reg_update_freq=5, res=False, result_dir='mlp_gt/results_full', runs=5, save_model=False, save_result=False, seed=123, test_num=1000, train_prop=0.5, use_act=True, use_bn=True, use_graph=True, use_reg=True, use_residual=True, use_weight=False, valid_num=500, valid_prop=0.25, weight_decay=0.0005)
coauthor-physics
train:torch.Size([100]), valid:torch.Size([500]), test:torch.Size([1000])
dataset coauthor-physics | num nodes 34493 | num edge 495924 | num node feats 8415 | num classes 5
MODEL: SGFormer(
  (trans_conv): TransConv(
    (convs): ModuleList(
      (0): TransConvLayer(
        (Wk): Linear(in_features=256, out_features=256, bias=True)
        (Wq): Linear(in_features=256, out_features=256, bias=True)
      )
      (1): TransConvLayer(
        (Wk): Linear(in_features=256, out_features=256, bias=True)
        (Wq): Linear(in_features=256, out_features=256, bias=True)
      )
      (2): TransConvLayer(
        (Wk): Linear(in_features=256, out_features=256, bias=True)
        (Wq): Linear(in_features=256, out_features=256, bias=True)
      )
    )
    (fcs): ModuleList(
      (0): Linear(in_features=8415, out_features=256, bias=True)
    )
    (bns): ModuleList(
      (0): LayerNorm((256,), eps=1e-05, elementwise_affine=True)
      (1): LayerNorm((256,), eps=1e-05, elementwise_affine=True)
      (2): LayerNorm((256,), eps=1e-05, elementwise_affine=True)
      (3): LayerNorm((256,), eps=1e-05, elementwise_affine=True)
    )
  )
  (gnn): GCN(
    (convs): ModuleList(
      (0): GCNConv(8415, 256)
      (1): GCNConv(256, 256)
      (2): GCNConv(256, 256)
    )
    (bns): ModuleList(
      (0): BatchNorm1d(256, eps=1e-05, momentum=0.1, affine=True, track_running_stats=True)
      (1): BatchNorm1d(256, eps=1e-05, momentum=0.1, affine=True, track_running_stats=True)
    )
  )
  (fc): Linear(in_features=256, out_features=5, bias=True)
)
Pre-training MLP for 500 epochs to generate co-occurrence matrix...
MLP pre-training complete. Penalty matrix frozen.
Epoch: 00, Loss: 1.9690, Train: 48.00%, Valid: 53.80%, Test: 54.50%, Best Valid: 53.80%, Best Test: 54.50%
Epoch: 100, Loss: 0.0008, Train: 100.00%, Valid: 91.40%, Test: 92.60%, Best Valid: 92.40%, Best Test: 93.20%
Epoch: 200, Loss: 0.0013, Train: 100.00%, Valid: 87.00%, Test: 85.00%, Best Valid: 93.80%, Best Test: 92.70%
Epoch: 300, Loss: 0.0012, Train: 100.00%, Valid: 81.40%, Test: 78.30%, Best Valid: 93.80%, Best Test: 92.70%
Epoch: 400, Loss: 0.0043, Train: 100.00%, Valid: 79.60%, Test: 82.10%, Best Valid: 93.80%, Best Test: 92.70%
Epoch: 500, Loss: 0.0010, Train: 100.00%, Valid: 88.00%, Test: 89.50%, Best Valid: 93.80%, Best Test: 92.70%
Epoch: 600, Loss: 0.0008, Train: 100.00%, Valid: 84.40%, Test: 82.30%, Best Valid: 93.80%, Best Test: 92.70%
Epoch: 700, Loss: 0.0016, Train: 98.00%, Valid: 60.00%, Test: 56.80%, Best Valid: 93.80%, Best Test: 92.70%
Epoch: 800, Loss: 0.0013, Train: 100.00%, Valid: 90.60%, Test: 91.50%, Best Valid: 93.80%, Best Test: 92.70%
Epoch: 900, Loss: 0.0008, Train: 100.00%, Valid: 86.40%, Test: 86.80%, Best Valid: 93.80%, Best Test: 92.70%
Run 01:
Highest Train: 100.00
Highest Valid: 93.80
Highest Test: 93.40
Chosen epoch: 185
Final Train: 100.00
Final Test: 92.70
Pre-training MLP for 500 epochs to generate co-occurrence matrix...
MLP pre-training complete. Penalty matrix frozen.
Epoch: 00, Loss: 3.2562, Train: 46.00%, Valid: 51.00%, Test: 52.70%, Best Valid: 51.00%, Best Test: 52.70%
Epoch: 100, Loss: 0.0007, Train: 100.00%, Valid: 90.80%, Test: 89.50%, Best Valid: 91.00%, Best Test: 89.30%
Epoch: 200, Loss: 0.0011, Train: 100.00%, Valid: 91.40%, Test: 92.40%, Best Valid: 92.80%, Best Test: 92.60%
Epoch: 300, Loss: 0.0006, Train: 100.00%, Valid: 91.80%, Test: 92.90%, Best Valid: 93.40%, Best Test: 93.50%
Epoch: 400, Loss: 0.0003, Train: 100.00%, Valid: 91.00%, Test: 93.70%, Best Valid: 93.40%, Best Test: 93.50%
Epoch: 500, Loss: 0.0009, Train: 100.00%, Valid: 89.00%, Test: 89.90%, Best Valid: 93.40%, Best Test: 93.50%
Epoch: 600, Loss: 0.0009, Train: 100.00%, Valid: 86.80%, Test: 86.10%, Best Valid: 93.40%, Best Test: 93.50%
Epoch: 700, Loss: 0.0008, Train: 100.00%, Valid: 81.80%, Test: 82.30%, Best Valid: 93.40%, Best Test: 93.50%
Epoch: 800, Loss: 0.0019, Train: 100.00%, Valid: 91.20%, Test: 91.90%, Best Valid: 93.40%, Best Test: 93.50%
Epoch: 900, Loss: 0.0008, Train: 100.00%, Valid: 86.00%, Test: 87.10%, Best Valid: 93.40%, Best Test: 93.50%
Run 02:
Highest Train: 100.00
Highest Valid: 93.40
Highest Test: 93.90
Chosen epoch: 277
Final Train: 100.00
Final Test: 93.50
Pre-training MLP for 500 epochs to generate co-occurrence matrix...
MLP pre-training complete. Penalty matrix frozen.
Epoch: 00, Loss: 2.8626, Train: 25.00%, Valid: 49.20%, Test: 52.30%, Best Valid: 49.20%, Best Test: 52.30%
Epoch: 100, Loss: 0.0011, Train: 100.00%, Valid: 91.80%, Test: 92.20%, Best Valid: 93.40%, Best Test: 93.10%
Epoch: 200, Loss: 0.0008, Train: 100.00%, Valid: 90.20%, Test: 91.70%, Best Valid: 93.40%, Best Test: 93.10%
Epoch: 300, Loss: 0.0007, Train: 100.00%, Valid: 91.40%, Test: 94.20%, Best Valid: 93.40%, Best Test: 93.10%
Epoch: 400, Loss: 0.0004, Train: 100.00%, Valid: 90.80%, Test: 90.90%, Best Valid: 93.40%, Best Test: 93.10%
Epoch: 500, Loss: 0.0011, Train: 100.00%, Valid: 91.20%, Test: 91.30%, Best Valid: 93.40%, Best Test: 93.10%
Epoch: 600, Loss: 0.0009, Train: 100.00%, Valid: 87.00%, Test: 87.70%, Best Valid: 93.40%, Best Test: 93.10%
Epoch: 700, Loss: 0.0011, Train: 100.00%, Valid: 85.80%, Test: 85.50%, Best Valid: 93.40%, Best Test: 93.10%
Epoch: 800, Loss: 0.0012, Train: 100.00%, Valid: 88.80%, Test: 90.10%, Best Valid: 93.40%, Best Test: 93.10%
Epoch: 900, Loss: 0.0015, Train: 100.00%, Valid: 87.20%, Test: 84.80%, Best Valid: 93.40%, Best Test: 93.10%
Run 03:
Highest Train: 100.00
Highest Valid: 93.40
Highest Test: 94.80
Chosen epoch: 63
Final Train: 98.00
Final Test: 93.10
Pre-training MLP for 500 epochs to generate co-occurrence matrix...
MLP pre-training complete. Penalty matrix frozen.
Epoch: 00, Loss: 2.6546, Train: 83.00%, Valid: 67.00%, Test: 67.90%, Best Valid: 67.00%, Best Test: 67.90%
Epoch: 100, Loss: 0.0017, Train: 100.00%, Valid: 91.80%, Test: 94.30%, Best Valid: 92.60%, Best Test: 94.30%
Epoch: 200, Loss: 0.0008, Train: 100.00%, Valid: 91.60%, Test: 93.80%, Best Valid: 92.60%, Best Test: 94.30%
Epoch: 300, Loss: 0.0005, Train: 100.00%, Valid: 90.40%, Test: 91.60%, Best Valid: 92.80%, Best Test: 94.20%
Epoch: 400, Loss: 0.0005, Train: 100.00%, Valid: 84.80%, Test: 83.30%, Best Valid: 92.80%, Best Test: 94.20%
Epoch: 500, Loss: 0.0005, Train: 100.00%, Valid: 87.60%, Test: 89.10%, Best Valid: 92.80%, Best Test: 94.20%
Epoch: 600, Loss: 0.0206, Train: 88.00%, Valid: 63.00%, Test: 65.60%, Best Valid: 92.80%, Best Test: 94.20%
Epoch: 700, Loss: 0.0007, Train: 100.00%, Valid: 79.80%, Test: 79.70%, Best Valid: 92.80%, Best Test: 94.20%
Epoch: 800, Loss: 0.0006, Train: 100.00%, Valid: 89.40%, Test: 89.90%, Best Valid: 92.80%, Best Test: 94.20%
Epoch: 900, Loss: 0.0021, Train: 100.00%, Valid: 88.20%, Test: 87.60%, Best Valid: 92.80%, Best Test: 94.20%
Run 04:
Highest Train: 100.00
Highest Valid: 92.80
Highest Test: 94.50
Chosen epoch: 227
Final Train: 100.00
Final Test: 94.20
Pre-training MLP for 500 epochs to generate co-occurrence matrix...
MLP pre-training complete. Penalty matrix frozen.
Epoch: 00, Loss: 3.0068, Train: 55.00%, Valid: 58.20%, Test: 57.70%, Best Valid: 58.20%, Best Test: 57.70%
Epoch: 100, Loss: 0.0013, Train: 100.00%, Valid: 93.20%, Test: 94.30%, Best Valid: 93.60%, Best Test: 94.70%
Epoch: 200, Loss: 0.0008, Train: 100.00%, Valid: 92.00%, Test: 92.70%, Best Valid: 94.00%, Best Test: 93.90%
Epoch: 300, Loss: 0.0013, Train: 100.00%, Valid: 91.60%, Test: 93.60%, Best Valid: 94.00%, Best Test: 93.90%
Epoch: 400, Loss: 0.0006, Train: 100.00%, Valid: 87.20%, Test: 89.20%, Best Valid: 94.00%, Best Test: 93.90%
Epoch: 500, Loss: 0.0006, Train: 100.00%, Valid: 73.80%, Test: 75.00%, Best Valid: 94.00%, Best Test: 93.90%
Epoch: 600, Loss: 0.0008, Train: 100.00%, Valid: 83.20%, Test: 81.30%, Best Valid: 94.00%, Best Test: 93.90%
Epoch: 700, Loss: 0.0013, Train: 87.00%, Valid: 63.80%, Test: 64.90%, Best Valid: 94.00%, Best Test: 93.90%
Epoch: 800, Loss: 0.0005, Train: 100.00%, Valid: 80.60%, Test: 81.20%, Best Valid: 94.00%, Best Test: 93.90%
Epoch: 900, Loss: 0.0007, Train: 100.00%, Valid: 81.80%, Test: 81.70%, Best Valid: 94.00%, Best Test: 93.90%
Run 05:
Highest Train: 100.00
Highest Valid: 94.00
Highest Test: 94.70
Chosen epoch: 137
Final Train: 100.00
Final Test: 93.90
All runs:
Highest Train: 100.00 ± 0.00
Highest Test: 94.26 ± 0.59
Highest Valid: 93.48 ± 0.46
  Final Train: 99.60 ± 0.89
   Final Test: 93.48 ± 0.60
Saving results to mlp_gt/results_full/coauthor-physics/sgformer.csv

Running with MLP-GT Regularization (lambda=0.4)...
Namespace(aggregate='add', alpha=0.5, attention='gcn', beta=-1.0, bn=False, cpu=False, data_dir='../data/', dataset='coauthor-physics', device=0, dim_inner=256, display_step=100, dropout=0.3, epochs=1000, global_dropout=None, global_layers=2, gnn='gcn', graph_weight=0.5, hidden_channels=256, hops=10, in_dropout=0.0, jk=False, label_num_per_class=20, lambda_val=0.4, layers=3, ln=False, local_gnn_type='GCN', local_layers=7, lr=0.01, metric='acc', mlp_epochs=500, mlp_reg=True, model='sgformer', model_dir='./model/', n_heads=1, num_centroids=4096, num_heads=1, oracle_reg=False, pe_types='RWSE', pre_linear=False, pre_ln=False, rand_split=False, rand_split_class=True, reg_start_epoch=10, reg_update_freq=5, res=False, result_dir='mlp_gt/results_full', runs=5, save_model=False, save_result=False, seed=123, test_num=1000, train_prop=0.5, use_act=True, use_bn=True, use_graph=True, use_reg=True, use_residual=True, use_weight=False, valid_num=500, valid_prop=0.25, weight_decay=0.0005)
coauthor-physics
train:torch.Size([100]), valid:torch.Size([500]), test:torch.Size([1000])
dataset coauthor-physics | num nodes 34493 | num edge 495924 | num node feats 8415 | num classes 5
MODEL: SGFormer(
  (trans_conv): TransConv(
    (convs): ModuleList(
      (0): TransConvLayer(
        (Wk): Linear(in_features=256, out_features=256, bias=True)
        (Wq): Linear(in_features=256, out_features=256, bias=True)
      )
      (1): TransConvLayer(
        (Wk): Linear(in_features=256, out_features=256, bias=True)
        (Wq): Linear(in_features=256, out_features=256, bias=True)
      )
      (2): TransConvLayer(
        (Wk): Linear(in_features=256, out_features=256, bias=True)
        (Wq): Linear(in_features=256, out_features=256, bias=True)
      )
    )
    (fcs): ModuleList(
      (0): Linear(in_features=8415, out_features=256, bias=True)
    )
    (bns): ModuleList(
      (0): LayerNorm((256,), eps=1e-05, elementwise_affine=True)
      (1): LayerNorm((256,), eps=1e-05, elementwise_affine=True)
      (2): LayerNorm((256,), eps=1e-05, elementwise_affine=True)
      (3): LayerNorm((256,), eps=1e-05, elementwise_affine=True)
    )
  )
  (gnn): GCN(
    (convs): ModuleList(
      (0): GCNConv(8415, 256)
      (1): GCNConv(256, 256)
      (2): GCNConv(256, 256)
    )
    (bns): ModuleList(
      (0): BatchNorm1d(256, eps=1e-05, momentum=0.1, affine=True, track_running_stats=True)
      (1): BatchNorm1d(256, eps=1e-05, momentum=0.1, affine=True, track_running_stats=True)
    )
  )
  (fc): Linear(in_features=256, out_features=5, bias=True)
)
Pre-training MLP for 500 epochs to generate co-occurrence matrix...
MLP pre-training complete. Penalty matrix frozen.
Epoch: 00, Loss: 2.2971, Train: 30.00%, Valid: 50.20%, Test: 52.10%, Best Valid: 50.20%, Best Test: 52.10%
Epoch: 100, Loss: 0.0010, Train: 100.00%, Valid: 92.40%, Test: 93.40%, Best Valid: 92.60%, Best Test: 92.80%
Epoch: 200, Loss: 0.0012, Train: 100.00%, Valid: 84.60%, Test: 83.50%, Best Valid: 93.00%, Best Test: 93.80%
Epoch: 300, Loss: 0.0024, Train: 100.00%, Valid: 91.00%, Test: 92.40%, Best Valid: 93.20%, Best Test: 93.30%
Epoch: 400, Loss: 0.0016, Train: 100.00%, Valid: 91.80%, Test: 92.00%, Best Valid: 93.20%, Best Test: 93.30%
Epoch: 500, Loss: 0.0011, Train: 100.00%, Valid: 89.80%, Test: 91.70%, Best Valid: 93.20%, Best Test: 93.30%
Epoch: 600, Loss: 0.0010, Train: 100.00%, Valid: 89.20%, Test: 89.50%, Best Valid: 93.20%, Best Test: 93.30%
Epoch: 700, Loss: 0.0029, Train: 100.00%, Valid: 85.00%, Test: 84.80%, Best Valid: 93.20%, Best Test: 93.30%
Epoch: 800, Loss: 0.0136, Train: 97.00%, Valid: 82.80%, Test: 83.30%, Best Valid: 93.20%, Best Test: 93.30%
Epoch: 900, Loss: 0.0013, Train: 100.00%, Valid: 90.60%, Test: 92.40%, Best Valid: 93.20%, Best Test: 93.30%
Run 01:
Highest Train: 100.00
Highest Valid: 93.20
Highest Test: 94.30
Chosen epoch: 251
Final Train: 99.00
Final Test: 93.30
Pre-training MLP for 500 epochs to generate co-occurrence matrix...
MLP pre-training complete. Penalty matrix frozen.
Epoch: 00, Loss: 3.1715, Train: 20.00%, Valid: 49.20%, Test: 52.10%, Best Valid: 49.20%, Best Test: 52.10%
Epoch: 100, Loss: 0.0009, Train: 100.00%, Valid: 91.80%, Test: 91.00%, Best Valid: 92.80%, Best Test: 92.00%
Epoch: 200, Loss: 0.0013, Train: 100.00%, Valid: 91.40%, Test: 91.60%, Best Valid: 92.80%, Best Test: 92.00%
Epoch: 300, Loss: 0.0007, Train: 100.00%, Valid: 91.60%, Test: 92.40%, Best Valid: 93.00%, Best Test: 92.70%
Epoch: 400, Loss: 0.0004, Train: 100.00%, Valid: 89.40%, Test: 90.60%, Best Valid: 93.00%, Best Test: 92.70%
Epoch: 500, Loss: 0.0006, Train: 100.00%, Valid: 90.80%, Test: 91.50%, Best Valid: 93.00%, Best Test: 92.70%
Epoch: 600, Loss: 0.0006, Train: 100.00%, Valid: 79.20%, Test: 78.80%, Best Valid: 93.00%, Best Test: 92.70%
Epoch: 700, Loss: 0.0007, Train: 100.00%, Valid: 78.40%, Test: 78.70%, Best Valid: 93.00%, Best Test: 92.70%
Epoch: 800, Loss: 0.0008, Train: 100.00%, Valid: 80.40%, Test: 80.50%, Best Valid: 93.00%, Best Test: 92.70%
Epoch: 900, Loss: 0.0013, Train: 100.00%, Valid: 78.80%, Test: 77.20%, Best Valid: 93.00%, Best Test: 92.70%
Run 02:
Highest Train: 100.00
Highest Valid: 93.00
Highest Test: 93.70
Chosen epoch: 292
Final Train: 100.00
Final Test: 92.70
Pre-training MLP for 500 epochs to generate co-occurrence matrix...
MLP pre-training complete. Penalty matrix frozen.
Epoch: 00, Loss: 3.0721, Train: 40.00%, Valid: 52.60%, Test: 55.00%, Best Valid: 52.60%, Best Test: 55.00%
Epoch: 100, Loss: 0.0017, Train: 100.00%, Valid: 92.00%, Test: 91.90%, Best Valid: 94.60%, Best Test: 94.40%
Epoch: 200, Loss: 0.0009, Train: 100.00%, Valid: 91.00%, Test: 91.40%, Best Valid: 94.60%, Best Test: 94.40%
Epoch: 300, Loss: 0.0008, Train: 100.00%, Valid: 90.20%, Test: 92.20%, Best Valid: 94.60%, Best Test: 94.40%
Epoch: 400, Loss: 0.0002, Train: 100.00%, Valid: 84.80%, Test: 86.20%, Best Valid: 94.60%, Best Test: 94.40%
Epoch: 500, Loss: 0.0006, Train: 100.00%, Valid: 83.40%, Test: 84.30%, Best Valid: 94.60%, Best Test: 94.40%
Epoch: 600, Loss: 0.0011, Train: 100.00%, Valid: 87.60%, Test: 87.70%, Best Valid: 94.60%, Best Test: 94.40%
Epoch: 700, Loss: 0.0039, Train: 100.00%, Valid: 81.60%, Test: 84.20%, Best Valid: 94.60%, Best Test: 94.40%
Epoch: 800, Loss: 0.0007, Train: 100.00%, Valid: 85.60%, Test: 85.90%, Best Valid: 94.60%, Best Test: 94.40%
Epoch: 900, Loss: 0.0010, Train: 100.00%, Valid: 87.60%, Test: 89.30%, Best Valid: 94.60%, Best Test: 94.40%
Run 03:
Highest Train: 100.00
Highest Valid: 94.60
Highest Test: 94.50
Chosen epoch: 60
Final Train: 99.00
Final Test: 94.40
Pre-training MLP for 500 epochs to generate co-occurrence matrix...
MLP pre-training complete. Penalty matrix frozen.
Epoch: 00, Loss: 3.0870, Train: 57.00%, Valid: 61.80%, Test: 63.60%, Best Valid: 61.80%, Best Test: 63.60%
Epoch: 100, Loss: 0.0019, Train: 100.00%, Valid: 93.40%, Test: 94.00%, Best Valid: 94.00%, Best Test: 94.20%
Epoch: 200, Loss: 0.0008, Train: 100.00%, Valid: 91.00%, Test: 92.20%, Best Valid: 94.00%, Best Test: 94.20%
Epoch: 300, Loss: 0.0009, Train: 100.00%, Valid: 89.40%, Test: 90.30%, Best Valid: 94.00%, Best Test: 94.20%
Epoch: 400, Loss: 0.0509, Train: 77.00%, Valid: 42.00%, Test: 39.60%, Best Valid: 94.00%, Best Test: 94.20%
Epoch: 500, Loss: 0.0009, Train: 100.00%, Valid: 87.20%, Test: 86.70%, Best Valid: 94.00%, Best Test: 94.20%
Epoch: 600, Loss: 0.0012, Train: 100.00%, Valid: 76.80%, Test: 73.70%, Best Valid: 94.00%, Best Test: 94.20%
Epoch: 700, Loss: 0.0012, Train: 100.00%, Valid: 78.80%, Test: 77.00%, Best Valid: 94.00%, Best Test: 94.20%
Epoch: 800, Loss: 0.0009, Train: 100.00%, Valid: 83.20%, Test: 83.90%, Best Valid: 94.00%, Best Test: 94.20%
Epoch: 900, Loss: 0.0012, Train: 100.00%, Valid: 89.20%, Test: 89.50%, Best Valid: 94.00%, Best Test: 94.20%
Run 04:
Highest Train: 100.00
Highest Valid: 94.00
Highest Test: 94.60
Chosen epoch: 88
Final Train: 100.00
Final Test: 94.20
Pre-training MLP for 500 epochs to generate co-occurrence matrix...
MLP pre-training complete. Penalty matrix frozen.
Epoch: 00, Loss: 3.0865, Train: 82.00%, Valid: 65.20%, Test: 67.90%, Best Valid: 65.20%, Best Test: 67.90%
Epoch: 100, Loss: 0.0015, Train: 100.00%, Valid: 92.00%, Test: 94.00%, Best Valid: 93.40%, Best Test: 93.90%
Epoch: 200, Loss: 0.0011, Train: 100.00%, Valid: 91.00%, Test: 92.60%, Best Valid: 93.40%, Best Test: 93.90%
Epoch: 300, Loss: 0.0009, Train: 100.00%, Valid: 90.20%, Test: 91.70%, Best Valid: 93.40%, Best Test: 93.90%
Epoch: 400, Loss: 0.0013, Train: 100.00%, Valid: 90.20%, Test: 91.00%, Best Valid: 93.40%, Best Test: 93.90%
Epoch: 500, Loss: 0.0006, Train: 100.00%, Valid: 89.00%, Test: 91.60%, Best Valid: 93.40%, Best Test: 93.90%
Epoch: 600, Loss: 0.1578, Train: 87.00%, Valid: 73.60%, Test: 70.90%, Best Valid: 93.40%, Best Test: 93.90%
Epoch: 700, Loss: 0.0011, Train: 100.00%, Valid: 87.60%, Test: 89.00%, Best Valid: 93.40%, Best Test: 93.90%
Epoch: 800, Loss: 0.0009, Train: 100.00%, Valid: 85.40%, Test: 87.20%, Best Valid: 93.40%, Best Test: 93.90%
Epoch: 900, Loss: 0.0011, Train: 100.00%, Valid: 85.80%, Test: 87.50%, Best Valid: 93.40%, Best Test: 93.90%
Run 05:
Highest Train: 100.00
Highest Valid: 93.40
Highest Test: 94.80
Chosen epoch: 75
Final Train: 100.00
Final Test: 93.90
All runs:
Highest Train: 100.00 ± 0.00
Highest Test: 94.38 ± 0.42
Highest Valid: 93.64 ± 0.65
  Final Train: 99.60 ± 0.55
   Final Test: 93.70 ± 0.70
Saving results to mlp_gt/results_full/coauthor-physics/sgformer.csv

GT sweep completed!
==========================================================
Task 38 (sgformer / coauthor-physics) completed at: Tue Apr 28 11:48:47 AM EDT 2026
==========================================================
