==========================================================
MLP-GT Full Sweep | Task 35
Job: 1011972 | Date: Tue Apr 28 08:19:22 AM EDT 2026 | Host: n0091
==========================================================
Tue Apr 28 08:19:24 2026       
+-----------------------------------------------------------------------------------------+
| NVIDIA-SMI 570.211.01             Driver Version: 570.211.01     CUDA Version: 12.8     |
|-----------------------------------------+------------------------+----------------------+
| GPU  Name                 Persistence-M | Bus-Id          Disp.A | Volatile Uncorr. ECC |
| Fan  Temp   Perf          Pwr:Usage/Cap |           Memory-Usage | GPU-Util  Compute M. |
|                                         |                        |               MIG M. |
|=========================================+========================+======================|
|   0  NVIDIA A100-SXM4-80GB          On  |   00000000:01:00.0 Off |                   On |
| N/A   37C    P0             91W /  500W |     926MiB /  81920MiB |     N/A      Default |
|                                         |                        |              Enabled |
+-----------------------------------------+------------------------+----------------------+
|   1  NVIDIA A100-SXM4-80GB          On  |   00000000:41:00.0 Off |                   On |
| N/A   35C    P0            144W /  500W |    2616MiB /  81920MiB |     N/A      Default |
|                                         |                        |              Enabled |
+-----------------------------------------+------------------------+----------------------+
|   2  NVIDIA A100-SXM4-80GB          On  |   00000000:81:00.0 Off |                   On |
| N/A   31C    P0             52W /  500W |     185MiB /  81920MiB |     N/A      Default |
|                                         |                        |              Enabled |
+-----------------------------------------+------------------------+----------------------+
|   3  NVIDIA A100-SXM4-80GB          On  |   00000000:C1:00.0 Off |                   On |
| N/A   34C    P0            141W /  500W |    2084MiB /  81920MiB |     N/A      Default |
|                                         |                        |              Enabled |
+-----------------------------------------+------------------------+----------------------+

+-----------------------------------------------------------------------------------------+
| MIG devices:                                                                            |
+------------------+----------------------------------+-----------+-----------------------+
| GPU  GI  CI  MIG |                     Memory-Usage |        Vol|        Shared         |
|      ID  ID  Dev |                       BAR1-Usage | SM     Unc| CE ENC  DEC  OFA  JPG |
|                  |                                  |        ECC|                       |
|==================+==================================+===========+=======================|
|  2    3   0   0  |              53MiB / 19968MiB    | 28      0 |  2   0    1    0    0 |
|                  |                 0MiB / 32767MiB  |           |                       |
+------------------+----------------------------------+-----------+-----------------------+
                                                                                         
+-----------------------------------------------------------------------------------------+
| Processes:                                                                              |
|  GPU   GI   CI              PID   Type   Process name                        GPU Memory |
|        ID   ID                                                               Usage      |
|=========================================================================================|
|    0    1    0           665824      C   python                                  732MiB |
|    1    1    0           651253      C   python                                  498MiB |
|    1    5    0           673576      C   python                                 1922MiB |
|    3    5    0           671844      C   python                                 1894MiB |
+-----------------------------------------------------------------------------------------+
1.12.1
True
NVIDIA A100-SXM4-80GB MIG 2g.20gb
Model: sgformer | Dataset: amazon-computer
Split flags: --rand_split_class --valid_num 500 --test_num 1000 --seed 123
==========================================================
Starting mlp_gt GT Sweep for:
python main.py --model sgformer --dataset amazon-computer         --hidden_channels 256 --layers 3 --num_heads 1         --lr 0.01 --weight_decay 5e-4 --dropout 0.3         --use_graph --use_act --alpha 0.5 --use_residual --use_bn --graph_weight 0.5         --epochs 1000         --runs 5 --device 0         --rand_split_class --valid_num 500 --test_num 1000 --seed 123
Result dir: mlp_gt/results_full
==========================================================
Running GT Baseline (no reg)...
Namespace(aggregate='add', alpha=0.5, attention='gcn', beta=-1.0, bn=False, cpu=False, data_dir='../data/', dataset='amazon-computer', device=0, dim_inner=256, display_step=100, dropout=0.3, epochs=1000, global_dropout=None, global_layers=2, gnn='gcn', graph_weight=0.5, hidden_channels=256, hops=10, in_dropout=0.0, jk=False, label_num_per_class=20, lambda_val=0.5, layers=3, ln=False, local_gnn_type='GCN', local_layers=7, lr=0.01, metric='acc', mlp_epochs=500, mlp_reg=False, model='sgformer', model_dir='./model/', n_heads=1, num_centroids=4096, num_heads=1, oracle_reg=False, pe_types='RWSE', pre_linear=False, pre_ln=False, rand_split=False, rand_split_class=True, reg_start_epoch=10, reg_update_freq=5, res=False, result_dir='mlp_gt/results_full', runs=5, save_model=False, save_result=False, seed=123, test_num=1000, train_prop=0.5, use_act=True, use_bn=True, use_graph=True, use_reg=False, use_residual=True, use_weight=False, valid_num=500, valid_prop=0.25, weight_decay=0.0005)
amazon-computer
train:torch.Size([200]), valid:torch.Size([500]), test:torch.Size([1000])
dataset amazon-computer | num nodes 13752 | num edge 491722 | num node feats 767 | num classes 10
MODEL: SGFormer(
  (trans_conv): TransConv(
    (convs): ModuleList(
      (0): TransConvLayer(
        (Wk): Linear(in_features=256, out_features=256, bias=True)
        (Wq): Linear(in_features=256, out_features=256, bias=True)
      )
      (1): TransConvLayer(
        (Wk): Linear(in_features=256, out_features=256, bias=True)
        (Wq): Linear(in_features=256, out_features=256, bias=True)
      )
      (2): TransConvLayer(
        (Wk): Linear(in_features=256, out_features=256, bias=True)
        (Wq): Linear(in_features=256, out_features=256, bias=True)
      )
    )
    (fcs): ModuleList(
      (0): Linear(in_features=767, out_features=256, bias=True)
    )
    (bns): ModuleList(
      (0): LayerNorm((256,), eps=1e-05, elementwise_affine=True)
      (1): LayerNorm((256,), eps=1e-05, elementwise_affine=True)
      (2): LayerNorm((256,), eps=1e-05, elementwise_affine=True)
      (3): LayerNorm((256,), eps=1e-05, elementwise_affine=True)
    )
  )
  (gnn): GCN(
    (convs): ModuleList(
      (0): GCNConv(767, 256)
      (1): GCNConv(256, 256)
      (2): GCNConv(256, 256)
    )
    (bns): ModuleList(
      (0): BatchNorm1d(256, eps=1e-05, momentum=0.1, affine=True, track_running_stats=True)
      (1): BatchNorm1d(256, eps=1e-05, momentum=0.1, affine=True, track_running_stats=True)
    )
  )
  (fc): Linear(in_features=256, out_features=10, bias=True)
)
Epoch: 00, Loss: 2.3640, Train: 19.50%, Valid: 3.60%, Test: 3.10%, Best Valid: 3.60%, Best Test: 3.10%
Epoch: 100, Loss: 0.0100, Train: 67.00%, Valid: 44.80%, Test: 45.00%, Best Valid: 69.40%, Best Test: 69.20%
Epoch: 200, Loss: 0.0143, Train: 76.00%, Valid: 49.80%, Test: 50.90%, Best Valid: 78.40%, Best Test: 77.00%
Epoch: 300, Loss: 0.0130, Train: 94.50%, Valid: 75.40%, Test: 75.00%, Best Valid: 78.40%, Best Test: 77.00%
Epoch: 400, Loss: 0.0088, Train: 92.00%, Valid: 75.80%, Test: 75.20%, Best Valid: 79.20%, Best Test: 79.10%
Epoch: 500, Loss: 0.0577, Train: 21.50%, Valid: 10.00%, Test: 8.20%, Best Valid: 80.40%, Best Test: 79.10%
Epoch: 600, Loss: 0.0068, Train: 95.50%, Valid: 62.20%, Test: 64.80%, Best Valid: 80.40%, Best Test: 79.10%
Epoch: 700, Loss: 0.0146, Train: 94.00%, Valid: 75.00%, Test: 75.10%, Best Valid: 80.40%, Best Test: 79.10%
Epoch: 800, Loss: 0.0048, Train: 98.50%, Valid: 64.60%, Test: 68.70%, Best Valid: 80.40%, Best Test: 79.10%
Epoch: 900, Loss: 0.0034, Train: 98.50%, Valid: 76.20%, Test: 75.80%, Best Valid: 80.40%, Best Test: 79.10%
Run 01:
Highest Train: 100.00
Highest Valid: 80.40
Highest Test: 79.90
Chosen epoch: 434
Final Train: 96.00
Final Test: 79.10
Epoch: 00, Loss: 3.1410, Train: 10.00%, Valid: 9.60%, Test: 10.00%, Best Valid: 9.60%, Best Test: 10.00%
Epoch: 100, Loss: 0.0980, Train: 86.50%, Valid: 61.80%, Test: 64.20%, Best Valid: 73.20%, Best Test: 72.00%
Epoch: 200, Loss: 0.0137, Train: 96.50%, Valid: 67.20%, Test: 67.50%, Best Valid: 79.00%, Best Test: 77.80%
Epoch: 300, Loss: 0.0052, Train: 93.00%, Valid: 60.20%, Test: 61.20%, Best Valid: 79.00%, Best Test: 77.80%
Epoch: 400, Loss: 0.0314, Train: 59.00%, Valid: 35.00%, Test: 35.00%, Best Valid: 79.00%, Best Test: 77.80%
Epoch: 500, Loss: 0.0066, Train: 39.50%, Valid: 30.00%, Test: 29.60%, Best Valid: 79.00%, Best Test: 77.80%
Epoch: 600, Loss: 0.0066, Train: 90.50%, Valid: 74.00%, Test: 73.20%, Best Valid: 79.00%, Best Test: 77.80%
Epoch: 700, Loss: 0.0429, Train: 69.00%, Valid: 38.40%, Test: 39.00%, Best Valid: 79.00%, Best Test: 77.80%
Epoch: 800, Loss: 0.0443, Train: 76.00%, Valid: 67.20%, Test: 66.70%, Best Valid: 79.00%, Best Test: 77.80%
Epoch: 900, Loss: 0.0325, Train: 51.00%, Valid: 29.80%, Test: 32.80%, Best Valid: 79.00%, Best Test: 77.80%
Run 02:
Highest Train: 100.00
Highest Valid: 79.00
Highest Test: 79.00
Chosen epoch: 166
Final Train: 95.50
Final Test: 77.80
Epoch: 00, Loss: 3.4147, Train: 13.00%, Valid: 10.20%, Test: 10.30%, Best Valid: 10.20%, Best Test: 10.30%
Epoch: 100, Loss: 0.0070, Train: 96.50%, Valid: 82.80%, Test: 80.00%, Best Valid: 82.80%, Best Test: 80.00%
Epoch: 200, Loss: 0.0161, Train: 37.00%, Valid: 17.20%, Test: 16.60%, Best Valid: 82.80%, Best Test: 80.00%
Epoch: 300, Loss: 0.0136, Train: 88.00%, Valid: 67.60%, Test: 66.60%, Best Valid: 82.80%, Best Test: 80.00%
Epoch: 400, Loss: 0.0108, Train: 96.50%, Valid: 70.80%, Test: 69.80%, Best Valid: 82.80%, Best Test: 80.00%
Epoch: 500, Loss: 0.0519, Train: 81.50%, Valid: 41.40%, Test: 43.80%, Best Valid: 82.80%, Best Test: 80.00%
Epoch: 600, Loss: 0.0035, Train: 99.50%, Valid: 71.80%, Test: 72.20%, Best Valid: 82.80%, Best Test: 80.00%
Epoch: 700, Loss: 0.0066, Train: 76.50%, Valid: 64.00%, Test: 67.10%, Best Valid: 82.80%, Best Test: 80.00%
Epoch: 800, Loss: 0.0049, Train: 91.00%, Valid: 69.80%, Test: 69.90%, Best Valid: 82.80%, Best Test: 80.00%
Epoch: 900, Loss: 0.1074, Train: 14.50%, Valid: 7.20%, Test: 7.20%, Best Valid: 82.80%, Best Test: 80.00%
Run 03:
Highest Train: 100.00
Highest Valid: 82.80
Highest Test: 82.10
Chosen epoch: 100
Final Train: 96.50
Final Test: 80.00
Epoch: 00, Loss: 4.1652, Train: 15.00%, Valid: 13.60%, Test: 13.50%, Best Valid: 13.60%, Best Test: 13.50%
Epoch: 100, Loss: 0.0113, Train: 98.50%, Valid: 73.20%, Test: 72.80%, Best Valid: 77.40%, Best Test: 77.80%
Epoch: 200, Loss: 0.0054, Train: 100.00%, Valid: 73.40%, Test: 74.60%, Best Valid: 79.20%, Best Test: 78.70%
Epoch: 300, Loss: 0.0051, Train: 75.00%, Valid: 69.60%, Test: 66.80%, Best Valid: 79.20%, Best Test: 78.70%
Epoch: 400, Loss: 0.0091, Train: 96.00%, Valid: 68.20%, Test: 66.80%, Best Valid: 79.20%, Best Test: 78.70%
Epoch: 500, Loss: 0.0041, Train: 91.00%, Valid: 53.00%, Test: 56.40%, Best Valid: 79.20%, Best Test: 78.70%
Epoch: 600, Loss: 0.0027, Train: 93.00%, Valid: 53.00%, Test: 55.40%, Best Valid: 79.20%, Best Test: 78.70%
Epoch: 700, Loss: 0.0506, Train: 85.50%, Valid: 47.60%, Test: 50.70%, Best Valid: 79.20%, Best Test: 78.70%
Epoch: 800, Loss: 0.0147, Train: 73.50%, Valid: 52.40%, Test: 52.90%, Best Valid: 79.20%, Best Test: 78.70%
Epoch: 900, Loss: 0.0102, Train: 89.00%, Valid: 73.20%, Test: 71.10%, Best Valid: 80.00%, Best Test: 79.50%
Run 04:
Highest Train: 100.00
Highest Valid: 80.60
Highest Test: 79.80
Chosen epoch: 942
Final Train: 96.00
Final Test: 79.80
Epoch: 00, Loss: 3.7351, Train: 10.00%, Valid: 2.80%, Test: 1.40%, Best Valid: 2.80%, Best Test: 1.40%
Epoch: 100, Loss: 0.0047, Train: 96.00%, Valid: 80.60%, Test: 79.60%, Best Valid: 80.60%, Best Test: 79.60%
Epoch: 200, Loss: 0.0062, Train: 98.50%, Valid: 67.20%, Test: 68.70%, Best Valid: 80.60%, Best Test: 79.60%
Epoch: 300, Loss: 0.0036, Train: 95.50%, Valid: 61.80%, Test: 62.20%, Best Valid: 81.20%, Best Test: 78.80%
Epoch: 400, Loss: 0.0105, Train: 95.50%, Valid: 73.80%, Test: 75.10%, Best Valid: 81.20%, Best Test: 78.80%
Epoch: 500, Loss: 0.0975, Train: 23.00%, Valid: 4.40%, Test: 4.10%, Best Valid: 81.20%, Best Test: 78.80%
Epoch: 600, Loss: 0.0043, Train: 99.00%, Valid: 67.00%, Test: 69.80%, Best Valid: 81.20%, Best Test: 78.80%
Epoch: 700, Loss: 0.0072, Train: 99.00%, Valid: 75.80%, Test: 76.10%, Best Valid: 81.20%, Best Test: 78.80%
Epoch: 800, Loss: 0.0079, Train: 96.00%, Valid: 78.00%, Test: 79.60%, Best Valid: 81.20%, Best Test: 78.80%
Epoch: 900, Loss: 0.0076, Train: 99.00%, Valid: 77.20%, Test: 75.10%, Best Valid: 81.80%, Best Test: 80.90%
Run 05:
Highest Train: 100.00
Highest Valid: 81.80
Highest Test: 80.90
Chosen epoch: 831
Final Train: 98.50
Final Test: 80.90
All runs:
Highest Train: 100.00 ± 0.00
Highest Test: 80.34 ± 1.19
Highest Valid: 80.92 ± 1.45
  Final Train: 96.50 ± 1.17
   Final Test: 79.52 ± 1.16
Saving results to mlp_gt/results_full/amazon-computer/sgformer.csv

Running with MLP-GT Regularization (lambda=0.01)...
Namespace(aggregate='add', alpha=0.5, attention='gcn', beta=-1.0, bn=False, cpu=False, data_dir='../data/', dataset='amazon-computer', device=0, dim_inner=256, display_step=100, dropout=0.3, epochs=1000, global_dropout=None, global_layers=2, gnn='gcn', graph_weight=0.5, hidden_channels=256, hops=10, in_dropout=0.0, jk=False, label_num_per_class=20, lambda_val=0.01, layers=3, ln=False, local_gnn_type='GCN', local_layers=7, lr=0.01, metric='acc', mlp_epochs=500, mlp_reg=True, model='sgformer', model_dir='./model/', n_heads=1, num_centroids=4096, num_heads=1, oracle_reg=False, pe_types='RWSE', pre_linear=False, pre_ln=False, rand_split=False, rand_split_class=True, reg_start_epoch=10, reg_update_freq=5, res=False, result_dir='mlp_gt/results_full', runs=5, save_model=False, save_result=False, seed=123, test_num=1000, train_prop=0.5, use_act=True, use_bn=True, use_graph=True, use_reg=True, use_residual=True, use_weight=False, valid_num=500, valid_prop=0.25, weight_decay=0.0005)
amazon-computer
train:torch.Size([200]), valid:torch.Size([500]), test:torch.Size([1000])
dataset amazon-computer | num nodes 13752 | num edge 491722 | num node feats 767 | num classes 10
MODEL: SGFormer(
  (trans_conv): TransConv(
    (convs): ModuleList(
      (0): TransConvLayer(
        (Wk): Linear(in_features=256, out_features=256, bias=True)
        (Wq): Linear(in_features=256, out_features=256, bias=True)
      )
      (1): TransConvLayer(
        (Wk): Linear(in_features=256, out_features=256, bias=True)
        (Wq): Linear(in_features=256, out_features=256, bias=True)
      )
      (2): TransConvLayer(
        (Wk): Linear(in_features=256, out_features=256, bias=True)
        (Wq): Linear(in_features=256, out_features=256, bias=True)
      )
    )
    (fcs): ModuleList(
      (0): Linear(in_features=767, out_features=256, bias=True)
    )
    (bns): ModuleList(
      (0): LayerNorm((256,), eps=1e-05, elementwise_affine=True)
      (1): LayerNorm((256,), eps=1e-05, elementwise_affine=True)
      (2): LayerNorm((256,), eps=1e-05, elementwise_affine=True)
      (3): LayerNorm((256,), eps=1e-05, elementwise_affine=True)
    )
  )
  (gnn): GCN(
    (convs): ModuleList(
      (0): GCNConv(767, 256)
      (1): GCNConv(256, 256)
      (2): GCNConv(256, 256)
    )
    (bns): ModuleList(
      (0): BatchNorm1d(256, eps=1e-05, momentum=0.1, affine=True, track_running_stats=True)
      (1): BatchNorm1d(256, eps=1e-05, momentum=0.1, affine=True, track_running_stats=True)
    )
  )
  (fc): Linear(in_features=256, out_features=10, bias=True)
)
Pre-training MLP for 500 epochs to generate co-occurrence matrix...
MLP pre-training complete. Penalty matrix frozen.
Epoch: 00, Loss: 2.3979, Train: 10.50%, Valid: 9.60%, Test: 10.00%, Best Valid: 9.60%, Best Test: 10.00%
Epoch: 100, Loss: 0.0227, Train: 77.00%, Valid: 52.40%, Test: 52.60%, Best Valid: 67.00%, Best Test: 68.10%
Epoch: 200, Loss: 0.0213, Train: 43.50%, Valid: 22.00%, Test: 28.10%, Best Valid: 78.00%, Best Test: 75.50%
Epoch: 300, Loss: 0.0356, Train: 37.00%, Valid: 14.20%, Test: 16.50%, Best Valid: 78.00%, Best Test: 75.50%
Epoch: 400, Loss: 0.0056, Train: 98.50%, Valid: 72.40%, Test: 73.80%, Best Valid: 78.00%, Best Test: 75.50%
Epoch: 500, Loss: 0.0510, Train: 34.00%, Valid: 47.20%, Test: 43.90%, Best Valid: 79.60%, Best Test: 78.80%
Epoch: 600, Loss: 0.0159, Train: 42.00%, Valid: 23.80%, Test: 22.60%, Best Valid: 79.60%, Best Test: 78.80%
Epoch: 700, Loss: 0.0064, Train: 96.50%, Valid: 70.20%, Test: 72.20%, Best Valid: 79.60%, Best Test: 78.80%
Epoch: 800, Loss: 0.0165, Train: 89.50%, Valid: 68.00%, Test: 70.60%, Best Valid: 79.60%, Best Test: 78.80%
Epoch: 900, Loss: 0.0128, Train: 84.00%, Valid: 50.20%, Test: 53.40%, Best Valid: 79.60%, Best Test: 78.80%
Run 01:
Highest Train: 100.00
Highest Valid: 79.60
Highest Test: 79.50
Chosen epoch: 453
Final Train: 99.50
Final Test: 78.80
Pre-training MLP for 500 epochs to generate co-occurrence matrix...
MLP pre-training complete. Penalty matrix frozen.
Epoch: 00, Loss: 3.1314, Train: 10.00%, Valid: 2.00%, Test: 2.90%, Best Valid: 2.00%, Best Test: 2.90%
Epoch: 100, Loss: 0.0105, Train: 77.50%, Valid: 50.80%, Test: 51.30%, Best Valid: 72.80%, Best Test: 71.40%
Epoch: 200, Loss: 0.0188, Train: 27.00%, Valid: 13.40%, Test: 12.00%, Best Valid: 80.60%, Best Test: 78.40%
Epoch: 300, Loss: 0.0072, Train: 99.50%, Valid: 76.60%, Test: 76.80%, Best Valid: 80.60%, Best Test: 78.40%
Epoch: 400, Loss: 0.0112, Train: 61.50%, Valid: 29.60%, Test: 32.30%, Best Valid: 80.60%, Best Test: 78.40%
Epoch: 500, Loss: 0.0089, Train: 54.50%, Valid: 43.40%, Test: 46.20%, Best Valid: 80.60%, Best Test: 78.40%
Epoch: 600, Loss: 0.0103, Train: 90.00%, Valid: 55.00%, Test: 56.80%, Best Valid: 80.60%, Best Test: 78.40%
Epoch: 700, Loss: 0.0075, Train: 88.50%, Valid: 51.20%, Test: 54.70%, Best Valid: 80.60%, Best Test: 78.40%
Epoch: 800, Loss: 0.0170, Train: 70.00%, Valid: 41.00%, Test: 43.60%, Best Valid: 80.60%, Best Test: 78.40%
Epoch: 900, Loss: 0.0072, Train: 92.50%, Valid: 71.80%, Test: 73.80%, Best Valid: 80.60%, Best Test: 78.40%
Run 02:
Highest Train: 100.00
Highest Valid: 83.00
Highest Test: 81.00
Chosen epoch: 906
Final Train: 98.50
Final Test: 80.80
Pre-training MLP for 500 epochs to generate co-occurrence matrix...
MLP pre-training complete. Penalty matrix frozen.
Epoch: 00, Loss: 3.4811, Train: 13.00%, Valid: 3.40%, Test: 1.70%, Best Valid: 3.40%, Best Test: 1.70%
Epoch: 100, Loss: 0.0090, Train: 93.00%, Valid: 71.00%, Test: 72.10%, Best Valid: 74.80%, Best Test: 75.70%
Epoch: 200, Loss: 0.0020, Train: 95.00%, Valid: 62.20%, Test: 66.70%, Best Valid: 81.60%, Best Test: 80.10%
Epoch: 300, Loss: 0.0495, Train: 24.50%, Valid: 19.00%, Test: 19.60%, Best Valid: 81.60%, Best Test: 80.10%
Epoch: 400, Loss: 0.0245, Train: 23.50%, Valid: 16.80%, Test: 17.10%, Best Valid: 81.60%, Best Test: 80.10%
Epoch: 500, Loss: 0.0691, Train: 41.00%, Valid: 30.60%, Test: 34.10%, Best Valid: 81.60%, Best Test: 80.10%
Epoch: 600, Loss: 0.0051, Train: 100.00%, Valid: 68.40%, Test: 72.20%, Best Valid: 81.60%, Best Test: 80.10%
Epoch: 700, Loss: 0.0110, Train: 54.00%, Valid: 32.00%, Test: 34.20%, Best Valid: 81.60%, Best Test: 80.10%
Epoch: 800, Loss: 0.0146, Train: 88.50%, Valid: 54.40%, Test: 56.70%, Best Valid: 81.60%, Best Test: 80.10%
Epoch: 900, Loss: 0.0112, Train: 66.00%, Valid: 39.00%, Test: 42.80%, Best Valid: 81.60%, Best Test: 80.10%
Run 03:
Highest Train: 100.00
Highest Valid: 81.60
Highest Test: 80.30
Chosen epoch: 113
Final Train: 94.00
Final Test: 80.10
Pre-training MLP for 500 epochs to generate co-occurrence matrix...
MLP pre-training complete. Penalty matrix frozen.
Epoch: 00, Loss: 3.3217, Train: 13.50%, Valid: 9.80%, Test: 10.00%, Best Valid: 9.80%, Best Test: 10.00%
Epoch: 100, Loss: 0.0289, Train: 75.50%, Valid: 66.20%, Test: 64.70%, Best Valid: 68.60%, Best Test: 70.30%
Epoch: 200, Loss: 0.0042, Train: 97.00%, Valid: 77.40%, Test: 77.50%, Best Valid: 82.00%, Best Test: 80.40%
Epoch: 300, Loss: 0.0078, Train: 91.50%, Valid: 58.60%, Test: 61.10%, Best Valid: 82.00%, Best Test: 80.40%
Epoch: 400, Loss: 0.4626, Train: 24.00%, Valid: 21.40%, Test: 25.40%, Best Valid: 82.00%, Best Test: 80.40%
Epoch: 500, Loss: 0.0543, Train: 86.50%, Valid: 71.00%, Test: 69.20%, Best Valid: 82.00%, Best Test: 80.40%
Epoch: 600, Loss: 0.0352, Train: 46.50%, Valid: 30.00%, Test: 31.80%, Best Valid: 82.00%, Best Test: 80.40%
Epoch: 700, Loss: 0.0076, Train: 24.50%, Valid: 15.80%, Test: 18.00%, Best Valid: 82.00%, Best Test: 80.40%
Epoch: 800, Loss: 0.0489, Train: 49.50%, Valid: 33.40%, Test: 31.20%, Best Valid: 82.00%, Best Test: 80.40%
Epoch: 900, Loss: 0.0051, Train: 98.50%, Valid: 75.00%, Test: 74.40%, Best Valid: 82.00%, Best Test: 80.40%
Run 04:
Highest Train: 100.00
Highest Valid: 82.00
Highest Test: 80.40
Chosen epoch: 109
Final Train: 93.00
Final Test: 80.40
Pre-training MLP for 500 epochs to generate co-occurrence matrix...
MLP pre-training complete. Penalty matrix frozen.
Epoch: 00, Loss: 3.6444, Train: 11.50%, Valid: 39.20%, Test: 37.00%, Best Valid: 39.20%, Best Test: 37.00%
Epoch: 100, Loss: 0.0100, Train: 99.00%, Valid: 69.20%, Test: 71.30%, Best Valid: 70.40%, Best Test: 72.50%
Epoch: 200, Loss: 0.0035, Train: 80.00%, Valid: 51.40%, Test: 54.30%, Best Valid: 78.20%, Best Test: 77.50%
Epoch: 300, Loss: 0.0060, Train: 95.50%, Valid: 67.20%, Test: 67.70%, Best Valid: 78.20%, Best Test: 77.50%
Epoch: 400, Loss: 0.0069, Train: 99.00%, Valid: 71.60%, Test: 73.70%, Best Valid: 78.20%, Best Test: 77.50%
Epoch: 500, Loss: 0.1481, Train: 27.00%, Valid: 17.00%, Test: 16.00%, Best Valid: 78.20%, Best Test: 77.50%
Epoch: 600, Loss: 0.0199, Train: 48.00%, Valid: 28.00%, Test: 31.10%, Best Valid: 78.20%, Best Test: 77.50%
Epoch: 700, Loss: 0.0068, Train: 86.50%, Valid: 70.40%, Test: 70.20%, Best Valid: 78.20%, Best Test: 77.50%
Epoch: 800, Loss: 0.0045, Train: 95.00%, Valid: 76.20%, Test: 74.00%, Best Valid: 80.80%, Best Test: 78.40%
Epoch: 900, Loss: 0.0219, Train: 98.50%, Valid: 77.00%, Test: 78.50%, Best Valid: 80.80%, Best Test: 78.40%
Run 05:
Highest Train: 100.00
Highest Valid: 80.80
Highest Test: 78.50
Chosen epoch: 732
Final Train: 100.00
Final Test: 78.40
All runs:
Highest Train: 100.00 ± 0.00
Highest Test: 79.94 ± 0.97
Highest Valid: 81.40 ± 1.28
  Final Train: 97.00 ± 3.26
   Final Test: 79.70 ± 1.04
Saving results to mlp_gt/results_full/amazon-computer/sgformer.csv

Running with MLP-GT Regularization (lambda=0.1)...
Namespace(aggregate='add', alpha=0.5, attention='gcn', beta=-1.0, bn=False, cpu=False, data_dir='../data/', dataset='amazon-computer', device=0, dim_inner=256, display_step=100, dropout=0.3, epochs=1000, global_dropout=None, global_layers=2, gnn='gcn', graph_weight=0.5, hidden_channels=256, hops=10, in_dropout=0.0, jk=False, label_num_per_class=20, lambda_val=0.1, layers=3, ln=False, local_gnn_type='GCN', local_layers=7, lr=0.01, metric='acc', mlp_epochs=500, mlp_reg=True, model='sgformer', model_dir='./model/', n_heads=1, num_centroids=4096, num_heads=1, oracle_reg=False, pe_types='RWSE', pre_linear=False, pre_ln=False, rand_split=False, rand_split_class=True, reg_start_epoch=10, reg_update_freq=5, res=False, result_dir='mlp_gt/results_full', runs=5, save_model=False, save_result=False, seed=123, test_num=1000, train_prop=0.5, use_act=True, use_bn=True, use_graph=True, use_reg=True, use_residual=True, use_weight=False, valid_num=500, valid_prop=0.25, weight_decay=0.0005)
amazon-computer
train:torch.Size([200]), valid:torch.Size([500]), test:torch.Size([1000])
dataset amazon-computer | num nodes 13752 | num edge 491722 | num node feats 767 | num classes 10
MODEL: SGFormer(
  (trans_conv): TransConv(
    (convs): ModuleList(
      (0): TransConvLayer(
        (Wk): Linear(in_features=256, out_features=256, bias=True)
        (Wq): Linear(in_features=256, out_features=256, bias=True)
      )
      (1): TransConvLayer(
        (Wk): Linear(in_features=256, out_features=256, bias=True)
        (Wq): Linear(in_features=256, out_features=256, bias=True)
      )
      (2): TransConvLayer(
        (Wk): Linear(in_features=256, out_features=256, bias=True)
        (Wq): Linear(in_features=256, out_features=256, bias=True)
      )
    )
    (fcs): ModuleList(
      (0): Linear(in_features=767, out_features=256, bias=True)
    )
    (bns): ModuleList(
      (0): LayerNorm((256,), eps=1e-05, elementwise_affine=True)
      (1): LayerNorm((256,), eps=1e-05, elementwise_affine=True)
      (2): LayerNorm((256,), eps=1e-05, elementwise_affine=True)
      (3): LayerNorm((256,), eps=1e-05, elementwise_affine=True)
    )
  )
  (gnn): GCN(
    (convs): ModuleList(
      (0): GCNConv(767, 256)
      (1): GCNConv(256, 256)
      (2): GCNConv(256, 256)
    )
    (bns): ModuleList(
      (0): BatchNorm1d(256, eps=1e-05, momentum=0.1, affine=True, track_running_stats=True)
      (1): BatchNorm1d(256, eps=1e-05, momentum=0.1, affine=True, track_running_stats=True)
    )
  )
  (fc): Linear(in_features=256, out_features=10, bias=True)
)
Pre-training MLP for 500 epochs to generate co-occurrence matrix...
MLP pre-training complete. Penalty matrix frozen.
Epoch: 00, Loss: 2.6116, Train: 10.50%, Valid: 9.60%, Test: 10.00%, Best Valid: 9.60%, Best Test: 10.00%
Epoch: 100, Loss: 0.0128, Train: 78.50%, Valid: 39.60%, Test: 39.70%, Best Valid: 71.20%, Best Test: 70.80%
Epoch: 200, Loss: 0.0240, Train: 63.50%, Valid: 39.00%, Test: 42.50%, Best Valid: 78.40%, Best Test: 77.20%
Epoch: 300, Loss: 0.0118, Train: 82.00%, Valid: 66.20%, Test: 66.60%, Best Valid: 78.40%, Best Test: 77.20%
Epoch: 400, Loss: 0.0059, Train: 100.00%, Valid: 66.00%, Test: 70.90%, Best Valid: 78.40%, Best Test: 77.20%
Epoch: 500, Loss: 0.0089, Train: 85.50%, Valid: 69.20%, Test: 67.20%, Best Valid: 78.40%, Best Test: 77.20%
Epoch: 600, Loss: 0.0720, Train: 43.00%, Valid: 49.40%, Test: 51.80%, Best Valid: 79.60%, Best Test: 77.90%
Epoch: 700, Loss: 0.0146, Train: 90.50%, Valid: 69.80%, Test: 71.40%, Best Valid: 79.60%, Best Test: 77.90%
Epoch: 800, Loss: 0.0101, Train: 22.00%, Valid: 12.80%, Test: 14.70%, Best Valid: 79.60%, Best Test: 77.90%
Epoch: 900, Loss: 0.0084, Train: 100.00%, Valid: 74.40%, Test: 75.70%, Best Valid: 81.20%, Best Test: 79.00%
Run 01:
Highest Train: 100.00
Highest Valid: 81.20
Highest Test: 80.30
Chosen epoch: 859
Final Train: 99.00
Final Test: 79.00
Pre-training MLP for 500 epochs to generate co-occurrence matrix...
MLP pre-training complete. Penalty matrix frozen.
Epoch: 00, Loss: 3.7344, Train: 13.00%, Valid: 11.00%, Test: 7.30%, Best Valid: 11.00%, Best Test: 7.30%
Epoch: 100, Loss: 0.0165, Train: 95.00%, Valid: 79.80%, Test: 77.90%, Best Valid: 80.60%, Best Test: 76.60%
Epoch: 200, Loss: 0.0165, Train: 84.00%, Valid: 46.40%, Test: 48.20%, Best Valid: 80.60%, Best Test: 76.60%
Epoch: 300, Loss: 0.0127, Train: 24.00%, Valid: 22.00%, Test: 24.40%, Best Valid: 81.80%, Best Test: 81.70%
Epoch: 400, Loss: 0.0281, Train: 34.50%, Valid: 29.20%, Test: 30.90%, Best Valid: 81.80%, Best Test: 81.70%
Epoch: 500, Loss: 0.0128, Train: 55.00%, Valid: 54.20%, Test: 54.80%, Best Valid: 81.80%, Best Test: 81.70%
Epoch: 600, Loss: 0.0815, Train: 18.00%, Valid: 15.40%, Test: 17.80%, Best Valid: 81.80%, Best Test: 81.70%
Epoch: 700, Loss: 0.0502, Train: 12.50%, Valid: 7.40%, Test: 6.90%, Best Valid: 81.80%, Best Test: 81.70%
Epoch: 800, Loss: 0.0103, Train: 93.50%, Valid: 62.80%, Test: 64.00%, Best Valid: 81.80%, Best Test: 81.70%
Epoch: 900, Loss: 0.0121, Train: 93.50%, Valid: 69.80%, Test: 73.10%, Best Valid: 81.80%, Best Test: 81.70%
Run 02:
Highest Train: 100.00
Highest Valid: 81.80
Highest Test: 81.70
Chosen epoch: 298
Final Train: 99.50
Final Test: 81.70
Pre-training MLP for 500 epochs to generate co-occurrence matrix...
MLP pre-training complete. Penalty matrix frozen.
Epoch: 00, Loss: 3.8969, Train: 13.50%, Valid: 39.80%, Test: 37.20%, Best Valid: 39.80%, Best Test: 37.20%
Epoch: 100, Loss: 0.0249, Train: 57.00%, Valid: 33.40%, Test: 33.10%, Best Valid: 77.00%, Best Test: 75.70%
Epoch: 200, Loss: 0.0029, Train: 100.00%, Valid: 70.40%, Test: 74.10%, Best Valid: 78.80%, Best Test: 77.60%
Epoch: 300, Loss: 0.0417, Train: 55.50%, Valid: 36.00%, Test: 35.30%, Best Valid: 79.00%, Best Test: 77.40%
Epoch: 400, Loss: 0.0179, Train: 55.00%, Valid: 53.40%, Test: 51.10%, Best Valid: 79.40%, Best Test: 80.00%
Epoch: 500, Loss: 0.0052, Train: 74.00%, Valid: 41.40%, Test: 44.60%, Best Valid: 79.40%, Best Test: 80.00%
Epoch: 600, Loss: 0.0699, Train: 24.00%, Valid: 24.00%, Test: 25.60%, Best Valid: 81.60%, Best Test: 81.20%
Epoch: 700, Loss: 0.0135, Train: 91.50%, Valid: 61.20%, Test: 63.00%, Best Valid: 81.60%, Best Test: 81.20%
Epoch: 800, Loss: 0.0127, Train: 88.50%, Valid: 67.40%, Test: 68.90%, Best Valid: 81.60%, Best Test: 81.20%
Epoch: 900, Loss: 0.0123, Train: 77.00%, Valid: 66.00%, Test: 66.80%, Best Valid: 81.60%, Best Test: 81.20%
Run 03:
Highest Train: 100.00
Highest Valid: 81.60
Highest Test: 81.20
Chosen epoch: 530
Final Train: 95.00
Final Test: 81.20
Pre-training MLP for 500 epochs to generate co-occurrence matrix...
MLP pre-training complete. Penalty matrix frozen.
Epoch: 00, Loss: 3.7349, Train: 11.00%, Valid: 2.00%, Test: 2.90%, Best Valid: 2.00%, Best Test: 2.90%
Epoch: 100, Loss: 0.0032, Train: 93.50%, Valid: 79.20%, Test: 78.60%, Best Valid: 79.20%, Best Test: 78.60%
Epoch: 200, Loss: 0.0314, Train: 97.50%, Valid: 71.60%, Test: 74.20%, Best Valid: 80.60%, Best Test: 78.90%
Epoch: 300, Loss: 0.0229, Train: 47.00%, Valid: 49.20%, Test: 47.20%, Best Valid: 80.60%, Best Test: 78.90%
Epoch: 400, Loss: 0.0032, Train: 98.50%, Valid: 77.80%, Test: 79.00%, Best Valid: 80.60%, Best Test: 78.90%
Epoch: 500, Loss: 0.0370, Train: 75.00%, Valid: 68.40%, Test: 64.20%, Best Valid: 80.60%, Best Test: 78.90%
Epoch: 600, Loss: 0.0053, Train: 98.50%, Valid: 72.80%, Test: 74.40%, Best Valid: 80.60%, Best Test: 78.90%
Epoch: 700, Loss: 0.0157, Train: 76.00%, Valid: 50.80%, Test: 51.80%, Best Valid: 80.60%, Best Test: 78.90%
Epoch: 800, Loss: 0.0267, Train: 28.00%, Valid: 11.40%, Test: 13.60%, Best Valid: 80.60%, Best Test: 78.90%
Epoch: 900, Loss: 0.0077, Train: 91.00%, Valid: 52.20%, Test: 56.40%, Best Valid: 80.60%, Best Test: 78.90%
Run 04:
Highest Train: 100.00
Highest Valid: 80.60
Highest Test: 80.10
Chosen epoch: 157
Final Train: 98.00
Final Test: 78.90
Pre-training MLP for 500 epochs to generate co-occurrence matrix...
MLP pre-training complete. Penalty matrix frozen.
Epoch: 00, Loss: 4.0035, Train: 11.50%, Valid: 15.80%, Test: 15.40%, Best Valid: 15.80%, Best Test: 15.40%
Epoch: 100, Loss: 0.0052, Train: 96.50%, Valid: 76.60%, Test: 75.40%, Best Valid: 76.60%, Best Test: 75.40%
Epoch: 200, Loss: 0.0129, Train: 63.50%, Valid: 48.00%, Test: 48.80%, Best Valid: 81.60%, Best Test: 79.20%
Epoch: 300, Loss: 0.0705, Train: 36.50%, Valid: 19.80%, Test: 22.60%, Best Valid: 81.60%, Best Test: 79.20%
Epoch: 400, Loss: 0.0040, Train: 99.50%, Valid: 76.00%, Test: 75.40%, Best Valid: 81.60%, Best Test: 79.20%
Epoch: 500, Loss: 0.0023, Train: 100.00%, Valid: 70.00%, Test: 70.50%, Best Valid: 81.60%, Best Test: 79.20%
Epoch: 600, Loss: 0.0120, Train: 87.50%, Valid: 66.60%, Test: 69.00%, Best Valid: 81.60%, Best Test: 79.20%
Epoch: 700, Loss: 0.2215, Train: 42.50%, Valid: 30.40%, Test: 29.30%, Best Valid: 81.60%, Best Test: 79.20%
Epoch: 800, Loss: 0.0086, Train: 92.50%, Valid: 55.40%, Test: 59.10%, Best Valid: 81.60%, Best Test: 79.20%
Epoch: 900, Loss: 0.1113, Train: 37.50%, Valid: 24.00%, Test: 23.90%, Best Valid: 81.60%, Best Test: 79.20%
Run 05:
Highest Train: 100.00
Highest Valid: 81.60
Highest Test: 79.40
Chosen epoch: 119
Final Train: 98.50
Final Test: 79.20
All runs:
Highest Train: 100.00 ± 0.00
Highest Test: 80.54 ± 0.91
Highest Valid: 81.36 ± 0.48
  Final Train: 98.00 ± 1.77
   Final Test: 80.00 ± 1.34
Saving results to mlp_gt/results_full/amazon-computer/sgformer.csv

Running with MLP-GT Regularization (lambda=0.2)...
Namespace(aggregate='add', alpha=0.5, attention='gcn', beta=-1.0, bn=False, cpu=False, data_dir='../data/', dataset='amazon-computer', device=0, dim_inner=256, display_step=100, dropout=0.3, epochs=1000, global_dropout=None, global_layers=2, gnn='gcn', graph_weight=0.5, hidden_channels=256, hops=10, in_dropout=0.0, jk=False, label_num_per_class=20, lambda_val=0.2, layers=3, ln=False, local_gnn_type='GCN', local_layers=7, lr=0.01, metric='acc', mlp_epochs=500, mlp_reg=True, model='sgformer', model_dir='./model/', n_heads=1, num_centroids=4096, num_heads=1, oracle_reg=False, pe_types='RWSE', pre_linear=False, pre_ln=False, rand_split=False, rand_split_class=True, reg_start_epoch=10, reg_update_freq=5, res=False, result_dir='mlp_gt/results_full', runs=5, save_model=False, save_result=False, seed=123, test_num=1000, train_prop=0.5, use_act=True, use_bn=True, use_graph=True, use_reg=True, use_residual=True, use_weight=False, valid_num=500, valid_prop=0.25, weight_decay=0.0005)
amazon-computer
train:torch.Size([200]), valid:torch.Size([500]), test:torch.Size([1000])
dataset amazon-computer | num nodes 13752 | num edge 491722 | num node feats 767 | num classes 10
MODEL: SGFormer(
  (trans_conv): TransConv(
    (convs): ModuleList(
      (0): TransConvLayer(
        (Wk): Linear(in_features=256, out_features=256, bias=True)
        (Wq): Linear(in_features=256, out_features=256, bias=True)
      )
      (1): TransConvLayer(
        (Wk): Linear(in_features=256, out_features=256, bias=True)
        (Wq): Linear(in_features=256, out_features=256, bias=True)
      )
      (2): TransConvLayer(
        (Wk): Linear(in_features=256, out_features=256, bias=True)
        (Wq): Linear(in_features=256, out_features=256, bias=True)
      )
    )
    (fcs): ModuleList(
      (0): Linear(in_features=767, out_features=256, bias=True)
    )
    (bns): ModuleList(
      (0): LayerNorm((256,), eps=1e-05, elementwise_affine=True)
      (1): LayerNorm((256,), eps=1e-05, elementwise_affine=True)
      (2): LayerNorm((256,), eps=1e-05, elementwise_affine=True)
      (3): LayerNorm((256,), eps=1e-05, elementwise_affine=True)
    )
  )
  (gnn): GCN(
    (convs): ModuleList(
      (0): GCNConv(767, 256)
      (1): GCNConv(256, 256)
      (2): GCNConv(256, 256)
    )
    (bns): ModuleList(
      (0): BatchNorm1d(256, eps=1e-05, momentum=0.1, affine=True, track_running_stats=True)
      (1): BatchNorm1d(256, eps=1e-05, momentum=0.1, affine=True, track_running_stats=True)
    )
  )
  (fc): Linear(in_features=256, out_features=10, bias=True)
)
Pre-training MLP for 500 epochs to generate co-occurrence matrix...
MLP pre-training complete. Penalty matrix frozen.
Epoch: 00, Loss: 2.8490, Train: 13.50%, Valid: 12.40%, Test: 10.90%, Best Valid: 12.40%, Best Test: 10.90%
Epoch: 100, Loss: 0.0628, Train: 35.00%, Valid: 26.80%, Test: 24.20%, Best Valid: 63.80%, Best Test: 60.00%
Epoch: 200, Loss: 0.0033, Train: 97.50%, Valid: 66.00%, Test: 69.00%, Best Valid: 74.40%, Best Test: 76.00%
Epoch: 300, Loss: 0.0571, Train: 75.50%, Valid: 70.80%, Test: 69.70%, Best Valid: 77.80%, Best Test: 78.00%
Epoch: 400, Loss: 0.0222, Train: 29.50%, Valid: 15.60%, Test: 13.90%, Best Valid: 77.80%, Best Test: 78.00%
Epoch: 500, Loss: 0.0116, Train: 78.00%, Valid: 63.60%, Test: 64.10%, Best Valid: 77.80%, Best Test: 78.00%
Epoch: 600, Loss: 0.0937, Train: 84.00%, Valid: 70.20%, Test: 70.20%, Best Valid: 78.60%, Best Test: 78.70%
Epoch: 700, Loss: 0.0683, Train: 80.00%, Valid: 48.80%, Test: 50.80%, Best Valid: 79.40%, Best Test: 78.90%
Epoch: 800, Loss: 0.0087, Train: 95.50%, Valid: 75.20%, Test: 76.00%, Best Valid: 79.40%, Best Test: 78.90%
Epoch: 900, Loss: 0.0168, Train: 65.50%, Valid: 34.60%, Test: 37.50%, Best Valid: 79.40%, Best Test: 78.90%
Run 01:
Highest Train: 100.00
Highest Valid: 79.40
Highest Test: 79.90
Chosen epoch: 665
Final Train: 99.00
Final Test: 78.90
Pre-training MLP for 500 epochs to generate co-occurrence matrix...
MLP pre-training complete. Penalty matrix frozen.
Epoch: 00, Loss: 3.8940, Train: 10.00%, Valid: 2.00%, Test: 2.90%, Best Valid: 2.00%, Best Test: 2.90%
Epoch: 100, Loss: 0.0434, Train: 87.00%, Valid: 69.60%, Test: 69.00%, Best Valid: 81.00%, Best Test: 80.10%
Epoch: 200, Loss: 0.0151, Train: 40.50%, Valid: 46.40%, Test: 45.90%, Best Valid: 81.00%, Best Test: 80.10%
Epoch: 300, Loss: 0.0076, Train: 59.00%, Valid: 28.00%, Test: 32.60%, Best Valid: 81.00%, Best Test: 80.10%
Epoch: 400, Loss: 0.0103, Train: 45.50%, Valid: 27.20%, Test: 30.20%, Best Valid: 81.00%, Best Test: 80.10%
Epoch: 500, Loss: 0.0063, Train: 98.00%, Valid: 78.20%, Test: 76.50%, Best Valid: 81.00%, Best Test: 80.10%
Epoch: 600, Loss: 0.0084, Train: 99.50%, Valid: 78.60%, Test: 78.80%, Best Valid: 83.40%, Best Test: 81.30%
Epoch: 700, Loss: 0.0198, Train: 52.50%, Valid: 28.00%, Test: 29.80%, Best Valid: 83.40%, Best Test: 81.30%
Epoch: 800, Loss: 0.0063, Train: 75.00%, Valid: 54.60%, Test: 57.50%, Best Valid: 83.40%, Best Test: 81.30%
Epoch: 900, Loss: 0.0070, Train: 100.00%, Valid: 75.80%, Test: 77.50%, Best Valid: 83.40%, Best Test: 81.30%
Run 02:
Highest Train: 100.00
Highest Valid: 83.40
Highest Test: 81.40
Chosen epoch: 513
Final Train: 97.00
Final Test: 81.30
Pre-training MLP for 500 epochs to generate co-occurrence matrix...
MLP pre-training complete. Penalty matrix frozen.
Epoch: 00, Loss: 4.5305, Train: 10.00%, Valid: 2.80%, Test: 1.40%, Best Valid: 2.80%, Best Test: 1.40%
Epoch: 100, Loss: 0.0094, Train: 94.00%, Valid: 76.60%, Test: 74.20%, Best Valid: 76.60%, Best Test: 74.20%
Epoch: 200, Loss: 0.0032, Train: 99.00%, Valid: 71.40%, Test: 73.80%, Best Valid: 81.00%, Best Test: 80.40%
Epoch: 300, Loss: 0.0386, Train: 67.50%, Valid: 60.20%, Test: 60.00%, Best Valid: 81.00%, Best Test: 80.40%
Epoch: 400, Loss: 0.0098, Train: 68.50%, Valid: 57.00%, Test: 57.80%, Best Valid: 81.00%, Best Test: 80.40%
Epoch: 500, Loss: 0.0178, Train: 20.00%, Valid: 6.40%, Test: 6.70%, Best Valid: 81.00%, Best Test: 80.40%
Epoch: 600, Loss: 0.0570, Train: 22.50%, Valid: 9.80%, Test: 11.10%, Best Valid: 81.00%, Best Test: 80.40%
Epoch: 700, Loss: 0.0053, Train: 93.50%, Valid: 65.00%, Test: 65.10%, Best Valid: 81.00%, Best Test: 80.40%
Epoch: 800, Loss: 0.0076, Train: 100.00%, Valid: 73.40%, Test: 74.90%, Best Valid: 81.40%, Best Test: 79.00%
Epoch: 900, Loss: 0.0094, Train: 98.00%, Valid: 72.60%, Test: 73.80%, Best Valid: 81.40%, Best Test: 79.00%
Run 03:
Highest Train: 100.00
Highest Valid: 81.40
Highest Test: 80.50
Chosen epoch: 783
Final Train: 98.00
Final Test: 79.00
Pre-training MLP for 500 epochs to generate co-occurrence matrix...
MLP pre-training complete. Penalty matrix frozen.
Epoch: 00, Loss: 4.3370, Train: 11.00%, Valid: 15.80%, Test: 15.30%, Best Valid: 15.80%, Best Test: 15.30%
Epoch: 100, Loss: 0.0229, Train: 99.00%, Valid: 70.00%, Test: 73.70%, Best Valid: 78.20%, Best Test: 78.20%
Epoch: 200, Loss: 0.0039, Train: 99.50%, Valid: 79.20%, Test: 78.60%, Best Valid: 80.80%, Best Test: 80.00%
Epoch: 300, Loss: 0.0608, Train: 34.50%, Valid: 25.60%, Test: 24.50%, Best Valid: 80.80%, Best Test: 80.00%
Epoch: 400, Loss: 0.0179, Train: 52.00%, Valid: 31.60%, Test: 36.60%, Best Valid: 80.80%, Best Test: 80.00%
Epoch: 500, Loss: 0.0038, Train: 97.00%, Valid: 69.40%, Test: 70.40%, Best Valid: 80.80%, Best Test: 80.00%
Epoch: 600, Loss: 0.0054, Train: 90.00%, Valid: 74.60%, Test: 72.70%, Best Valid: 80.80%, Best Test: 80.00%
Epoch: 700, Loss: 0.0029, Train: 83.50%, Valid: 54.00%, Test: 57.50%, Best Valid: 80.80%, Best Test: 80.00%
Epoch: 800, Loss: 0.0185, Train: 85.50%, Valid: 54.00%, Test: 52.40%, Best Valid: 80.80%, Best Test: 80.00%
Epoch: 900, Loss: 0.0126, Train: 92.50%, Valid: 69.00%, Test: 69.20%, Best Valid: 80.80%, Best Test: 80.00%
Run 04:
Highest Train: 100.00
Highest Valid: 80.80
Highest Test: 80.00
Chosen epoch: 155
Final Train: 98.00
Final Test: 80.00
Pre-training MLP for 500 epochs to generate co-occurrence matrix...
MLP pre-training complete. Penalty matrix frozen.
Epoch: 00, Loss: 4.1996, Train: 12.50%, Valid: 9.60%, Test: 10.10%, Best Valid: 9.60%, Best Test: 10.10%
Epoch: 100, Loss: 0.0059, Train: 97.50%, Valid: 75.40%, Test: 75.80%, Best Valid: 76.40%, Best Test: 75.70%
Epoch: 200, Loss: 0.0167, Train: 99.50%, Valid: 80.20%, Test: 81.30%, Best Valid: 80.20%, Best Test: 81.30%
Epoch: 300, Loss: 0.0497, Train: 36.50%, Valid: 31.60%, Test: 35.20%, Best Valid: 80.40%, Best Test: 81.20%
Epoch: 400, Loss: 0.0055, Train: 99.00%, Valid: 77.40%, Test: 77.00%, Best Valid: 80.80%, Best Test: 77.10%
Epoch: 500, Loss: 0.0617, Train: 61.00%, Valid: 39.40%, Test: 41.70%, Best Valid: 82.80%, Best Test: 80.50%
Epoch: 600, Loss: 0.0065, Train: 99.50%, Valid: 80.00%, Test: 79.30%, Best Valid: 82.80%, Best Test: 80.50%
Epoch: 700, Loss: 0.0141, Train: 76.00%, Valid: 48.60%, Test: 51.60%, Best Valid: 82.80%, Best Test: 80.50%
Epoch: 800, Loss: 0.0041, Train: 99.00%, Valid: 64.40%, Test: 65.60%, Best Valid: 82.80%, Best Test: 80.50%
Epoch: 900, Loss: 0.9648, Train: 27.00%, Valid: 15.60%, Test: 17.10%, Best Valid: 82.80%, Best Test: 80.50%
Run 05:
Highest Train: 100.00
Highest Valid: 82.80
Highest Test: 81.30
Chosen epoch: 407
Final Train: 99.00
Final Test: 80.50
All runs:
Highest Train: 100.00 ± 0.00
Highest Test: 80.62 ± 0.70
Highest Valid: 81.56 ± 1.60
  Final Train: 98.20 ± 0.84
   Final Test: 79.94 ± 1.02
Saving results to mlp_gt/results_full/amazon-computer/sgformer.csv

Running with MLP-GT Regularization (lambda=0.4)...
Namespace(aggregate='add', alpha=0.5, attention='gcn', beta=-1.0, bn=False, cpu=False, data_dir='../data/', dataset='amazon-computer', device=0, dim_inner=256, display_step=100, dropout=0.3, epochs=1000, global_dropout=None, global_layers=2, gnn='gcn', graph_weight=0.5, hidden_channels=256, hops=10, in_dropout=0.0, jk=False, label_num_per_class=20, lambda_val=0.4, layers=3, ln=False, local_gnn_type='GCN', local_layers=7, lr=0.01, metric='acc', mlp_epochs=500, mlp_reg=True, model='sgformer', model_dir='./model/', n_heads=1, num_centroids=4096, num_heads=1, oracle_reg=False, pe_types='RWSE', pre_linear=False, pre_ln=False, rand_split=False, rand_split_class=True, reg_start_epoch=10, reg_update_freq=5, res=False, result_dir='mlp_gt/results_full', runs=5, save_model=False, save_result=False, seed=123, test_num=1000, train_prop=0.5, use_act=True, use_bn=True, use_graph=True, use_reg=True, use_residual=True, use_weight=False, valid_num=500, valid_prop=0.25, weight_decay=0.0005)
amazon-computer
train:torch.Size([200]), valid:torch.Size([500]), test:torch.Size([1000])
dataset amazon-computer | num nodes 13752 | num edge 491722 | num node feats 767 | num classes 10
MODEL: SGFormer(
  (trans_conv): TransConv(
    (convs): ModuleList(
      (0): TransConvLayer(
        (Wk): Linear(in_features=256, out_features=256, bias=True)
        (Wq): Linear(in_features=256, out_features=256, bias=True)
      )
      (1): TransConvLayer(
        (Wk): Linear(in_features=256, out_features=256, bias=True)
        (Wq): Linear(in_features=256, out_features=256, bias=True)
      )
      (2): TransConvLayer(
        (Wk): Linear(in_features=256, out_features=256, bias=True)
        (Wq): Linear(in_features=256, out_features=256, bias=True)
      )
    )
    (fcs): ModuleList(
      (0): Linear(in_features=767, out_features=256, bias=True)
    )
    (bns): ModuleList(
      (0): LayerNorm((256,), eps=1e-05, elementwise_affine=True)
      (1): LayerNorm((256,), eps=1e-05, elementwise_affine=True)
      (2): LayerNorm((256,), eps=1e-05, elementwise_affine=True)
      (3): LayerNorm((256,), eps=1e-05, elementwise_affine=True)
    )
  )
  (gnn): GCN(
    (convs): ModuleList(
      (0): GCNConv(767, 256)
      (1): GCNConv(256, 256)
      (2): GCNConv(256, 256)
    )
    (bns): ModuleList(
      (0): BatchNorm1d(256, eps=1e-05, momentum=0.1, affine=True, track_running_stats=True)
      (1): BatchNorm1d(256, eps=1e-05, momentum=0.1, affine=True, track_running_stats=True)
    )
  )
  (fc): Linear(in_features=256, out_features=10, bias=True)
)
Pre-training MLP for 500 epochs to generate co-occurrence matrix...
MLP pre-training complete. Penalty matrix frozen.
Epoch: 00, Loss: 3.3238, Train: 10.00%, Valid: 39.60%, Test: 37.10%, Best Valid: 39.60%, Best Test: 37.10%
Epoch: 100, Loss: 0.0199, Train: 84.00%, Valid: 64.40%, Test: 62.40%, Best Valid: 73.80%, Best Test: 74.70%
Epoch: 200, Loss: 0.0210, Train: 14.50%, Valid: 2.40%, Test: 3.20%, Best Valid: 79.60%, Best Test: 80.10%
Epoch: 300, Loss: 0.0049, Train: 98.50%, Valid: 72.60%, Test: 74.70%, Best Valid: 79.60%, Best Test: 80.10%
Epoch: 400, Loss: 0.1680, Train: 62.00%, Valid: 66.00%, Test: 63.30%, Best Valid: 79.60%, Best Test: 80.10%
Epoch: 500, Loss: 0.0205, Train: 15.00%, Valid: 5.40%, Test: 6.60%, Best Valid: 82.60%, Best Test: 80.60%
Epoch: 600, Loss: 0.0063, Train: 99.00%, Valid: 81.20%, Test: 80.90%, Best Valid: 82.60%, Best Test: 80.60%
Epoch: 700, Loss: 0.0068, Train: 82.50%, Valid: 60.40%, Test: 62.00%, Best Valid: 83.20%, Best Test: 82.20%
Epoch: 800, Loss: 0.0091, Train: 94.50%, Valid: 61.80%, Test: 63.20%, Best Valid: 83.20%, Best Test: 82.20%
Epoch: 900, Loss: 0.0381, Train: 97.00%, Valid: 62.20%, Test: 65.00%, Best Valid: 83.20%, Best Test: 82.20%
Run 01:
Highest Train: 100.00
Highest Valid: 83.20
Highest Test: 82.80
Chosen epoch: 685
Final Train: 98.50
Final Test: 82.20
Pre-training MLP for 500 epochs to generate co-occurrence matrix...
MLP pre-training complete. Penalty matrix frozen.
Epoch: 00, Loss: 4.4620, Train: 13.50%, Valid: 3.60%, Test: 4.40%, Best Valid: 3.60%, Best Test: 4.40%
Epoch: 100, Loss: 0.0056, Train: 90.50%, Valid: 73.80%, Test: 73.40%, Best Valid: 77.60%, Best Test: 77.20%
Epoch: 200, Loss: 0.0034, Train: 99.50%, Valid: 76.40%, Test: 76.30%, Best Valid: 83.40%, Best Test: 82.00%
Epoch: 300, Loss: 0.1313, Train: 57.00%, Valid: 24.20%, Test: 24.00%, Best Valid: 83.40%, Best Test: 82.00%
Epoch: 400, Loss: 0.0106, Train: 61.50%, Valid: 36.60%, Test: 38.00%, Best Valid: 83.40%, Best Test: 82.00%
Epoch: 500, Loss: 0.0289, Train: 62.50%, Valid: 26.80%, Test: 30.10%, Best Valid: 83.40%, Best Test: 82.00%
Epoch: 600, Loss: 0.0200, Train: 55.50%, Valid: 39.20%, Test: 38.30%, Best Valid: 83.40%, Best Test: 82.00%
Epoch: 700, Loss: 0.1169, Train: 13.00%, Valid: 2.20%, Test: 2.70%, Best Valid: 83.40%, Best Test: 82.00%
Epoch: 800, Loss: 0.0208, Train: 91.50%, Valid: 54.80%, Test: 57.30%, Best Valid: 83.40%, Best Test: 82.00%
Epoch: 900, Loss: 0.0147, Train: 92.00%, Valid: 53.40%, Test: 54.10%, Best Valid: 83.40%, Best Test: 82.00%
Run 02:
Highest Train: 100.00
Highest Valid: 83.40
Highest Test: 82.00
Chosen epoch: 133
Final Train: 95.50
Final Test: 82.00
Pre-training MLP for 500 epochs to generate co-occurrence matrix...
MLP pre-training complete. Penalty matrix frozen.
Epoch: 00, Loss: 5.1847, Train: 15.00%, Valid: 5.40%, Test: 3.70%, Best Valid: 5.40%, Best Test: 3.70%
Epoch: 100, Loss: 0.0085, Train: 79.50%, Valid: 57.20%, Test: 56.80%, Best Valid: 72.80%, Best Test: 68.60%
Epoch: 200, Loss: 0.0094, Train: 98.50%, Valid: 72.40%, Test: 74.70%, Best Valid: 81.80%, Best Test: 78.60%
Epoch: 300, Loss: 0.0136, Train: 79.50%, Valid: 47.80%, Test: 49.40%, Best Valid: 81.80%, Best Test: 78.60%
Epoch: 400, Loss: 0.0232, Train: 56.50%, Valid: 55.60%, Test: 51.20%, Best Valid: 81.80%, Best Test: 78.60%
Epoch: 500, Loss: 0.0190, Train: 18.00%, Valid: 43.00%, Test: 39.90%, Best Valid: 81.80%, Best Test: 78.60%
Epoch: 600, Loss: 0.0147, Train: 51.50%, Valid: 53.20%, Test: 51.30%, Best Valid: 81.80%, Best Test: 78.60%
Epoch: 700, Loss: 0.0419, Train: 12.50%, Valid: 7.20%, Test: 6.70%, Best Valid: 81.80%, Best Test: 78.60%
Epoch: 800, Loss: 0.0068, Train: 96.50%, Valid: 71.80%, Test: 72.90%, Best Valid: 81.80%, Best Test: 78.60%
Epoch: 900, Loss: 0.0070, Train: 96.50%, Valid: 73.40%, Test: 71.50%, Best Valid: 81.80%, Best Test: 78.60%
Run 03:
Highest Train: 100.00
Highest Valid: 81.80
Highest Test: 81.40
Chosen epoch: 112
Final Train: 98.00
Final Test: 78.60
Pre-training MLP for 500 epochs to generate co-occurrence matrix...
MLP pre-training complete. Penalty matrix frozen.
Epoch: 00, Loss: 5.0125, Train: 11.50%, Valid: 9.80%, Test: 10.40%, Best Valid: 9.80%, Best Test: 10.40%
Epoch: 100, Loss: 0.0081, Train: 96.50%, Valid: 71.60%, Test: 71.20%, Best Valid: 77.40%, Best Test: 76.30%
Epoch: 200, Loss: 0.0063, Train: 42.00%, Valid: 57.60%, Test: 55.20%, Best Valid: 78.80%, Best Test: 78.70%
Epoch: 300, Loss: 0.0044, Train: 99.50%, Valid: 74.00%, Test: 75.20%, Best Valid: 81.80%, Best Test: 79.50%
Epoch: 400, Loss: 0.1467, Train: 41.50%, Valid: 54.20%, Test: 52.20%, Best Valid: 81.80%, Best Test: 79.50%
Epoch: 500, Loss: 0.0125, Train: 91.00%, Valid: 55.60%, Test: 59.50%, Best Valid: 81.80%, Best Test: 79.50%
Epoch: 600, Loss: 0.0092, Train: 94.50%, Valid: 54.20%, Test: 59.70%, Best Valid: 81.80%, Best Test: 79.50%
Epoch: 700, Loss: 0.0109, Train: 98.50%, Valid: 67.00%, Test: 69.60%, Best Valid: 81.80%, Best Test: 79.50%
Epoch: 800, Loss: 0.0066, Train: 100.00%, Valid: 66.40%, Test: 71.30%, Best Valid: 81.80%, Best Test: 79.50%
Epoch: 900, Loss: 0.0778, Train: 50.00%, Valid: 48.20%, Test: 48.80%, Best Valid: 81.80%, Best Test: 79.50%
Run 04:
Highest Train: 100.00
Highest Valid: 81.80
Highest Test: 79.50
Chosen epoch: 253
Final Train: 98.00
Final Test: 79.50
Pre-training MLP for 500 epochs to generate co-occurrence matrix...
MLP pre-training complete. Penalty matrix frozen.
Epoch: 00, Loss: 4.6667, Train: 10.00%, Valid: 15.80%, Test: 15.30%, Best Valid: 15.80%, Best Test: 15.30%
Epoch: 100, Loss: 0.0173, Train: 93.00%, Valid: 77.20%, Test: 74.80%, Best Valid: 77.20%, Best Test: 74.80%
Epoch: 200, Loss: 0.0279, Train: 93.50%, Valid: 60.20%, Test: 61.50%, Best Valid: 80.40%, Best Test: 78.50%
Epoch: 300, Loss: 0.0044, Train: 99.50%, Valid: 75.20%, Test: 76.60%, Best Valid: 82.00%, Best Test: 82.80%
Epoch: 400, Loss: 0.0232, Train: 90.50%, Valid: 71.20%, Test: 72.90%, Best Valid: 82.00%, Best Test: 82.80%
Epoch: 500, Loss: 0.1069, Train: 12.00%, Valid: 7.20%, Test: 7.20%, Best Valid: 82.00%, Best Test: 82.80%
Epoch: 600, Loss: 0.0358, Train: 93.00%, Valid: 58.20%, Test: 58.50%, Best Valid: 82.00%, Best Test: 82.80%
Epoch: 700, Loss: 0.0130, Train: 90.50%, Valid: 68.40%, Test: 64.90%, Best Valid: 82.00%, Best Test: 82.80%
Epoch: 800, Loss: 0.0089, Train: 97.00%, Valid: 67.80%, Test: 68.00%, Best Valid: 82.00%, Best Test: 82.80%
Epoch: 900, Loss: 0.0100, Train: 91.50%, Valid: 75.80%, Test: 73.40%, Best Valid: 82.00%, Best Test: 82.80%
Run 05:
Highest Train: 100.00
Highest Valid: 82.00
Highest Test: 82.80
Chosen epoch: 267
Final Train: 99.50
Final Test: 82.80
All runs:
Highest Train: 100.00 ± 0.00
Highest Test: 81.70 ± 1.36
Highest Valid: 82.44 ± 0.79
  Final Train: 97.90 ± 1.47
   Final Test: 81.02 ± 1.85
Saving results to mlp_gt/results_full/amazon-computer/sgformer.csv

GT sweep completed!
==========================================================
Task 35 (sgformer / amazon-computer) completed at: Tue Apr 28 09:25:42 AM EDT 2026
==========================================================
