==========================================================
MLP-GT Full Sweep | Task 36
Job: 1011972 | Date: Tue Apr 28 08:34:25 AM EDT 2026 | Host: n0002
==========================================================
Tue Apr 28 08:34:33 2026       
+-----------------------------------------------------------------------------------------+
| NVIDIA-SMI 570.211.01             Driver Version: 570.211.01     CUDA Version: 12.8     |
|-----------------------------------------+------------------------+----------------------+
| GPU  Name                 Persistence-M | Bus-Id          Disp.A | Volatile Uncorr. ECC |
| Fan  Temp   Perf          Pwr:Usage/Cap |           Memory-Usage | GPU-Util  Compute M. |
|                                         |                        |               MIG M. |
|=========================================+========================+======================|
|   0  NVIDIA A100-SXM4-80GB          On  |   00000000:01:00.0 Off |                   On |
| N/A   41C    P0            175W /  500W |    5263MiB /  81920MiB |     N/A      Default |
|                                         |                        |              Enabled |
+-----------------------------------------+------------------------+----------------------+
|   1  NVIDIA A100-SXM4-80GB          On  |   00000000:41:00.0 Off |                   On |
| N/A   36C    P0            108W /  500W |    6648MiB /  81920MiB |     N/A      Default |
|                                         |                        |              Enabled |
+-----------------------------------------+------------------------+----------------------+
|   2  NVIDIA A100-SXM4-80GB          On  |   00000000:81:00.0 Off |                   On |
| N/A   40C    P0            145W /  500W |    2974MiB /  81920MiB |     N/A      Default |
|                                         |                        |              Enabled |
+-----------------------------------------+------------------------+----------------------+
|   3  NVIDIA A100-SXM4-80GB          On  |   00000000:C1:00.0 Off |                   On |
| N/A   35C    P0            147W /  500W |    7780MiB /  81920MiB |     N/A      Default |
|                                         |                        |              Enabled |
+-----------------------------------------+------------------------+----------------------+

+-----------------------------------------------------------------------------------------+
| MIG devices:                                                                            |
+------------------+----------------------------------+-----------+-----------------------+
| GPU  GI  CI  MIG |                     Memory-Usage |        Vol|        Shared         |
|      ID  ID  Dev |                       BAR1-Usage | SM     Unc| CE ENC  DEC  OFA  JPG |
|                  |                                  |        ECC|                       |
|==================+==================================+===========+=======================|
|  0    5   0   0  |              53MiB / 19968MiB    | 28      0 |  2   0    1    0    0 |
|                  |                 0MiB / 32767MiB  |           |                       |
+------------------+----------------------------------+-----------+-----------------------+
                                                                                         
+-----------------------------------------------------------------------------------------+
| Processes:                                                                              |
|  GPU   GI   CI              PID   Type   Process name                        GPU Memory |
|        ID   ID                                                               Usage      |
|=========================================================================================|
|    1    3    0          3233188      C   python                                 6458MiB |
|    2    3    0          3235147      C   python                                 2784MiB |
|    3    5    0          3230778      C   python                                 7072MiB |
|    3    1    0          3232091      C   python                                  512MiB |
+-----------------------------------------------------------------------------------------+
1.12.1
True
NVIDIA A100-SXM4-80GB MIG 2g.20gb
Model: sgformer | Dataset: amazon-photo
Split flags: --rand_split_class --valid_num 500 --test_num 1000 --seed 123
==========================================================
Starting mlp_gt GT Sweep for:
python main.py --model sgformer --dataset amazon-photo         --hidden_channels 256 --layers 3 --num_heads 1         --lr 0.01 --weight_decay 5e-4 --dropout 0.3         --use_graph --use_act --alpha 0.5 --use_residual --use_bn --graph_weight 0.5         --epochs 1000         --runs 5 --device 0         --rand_split_class --valid_num 500 --test_num 1000 --seed 123
Result dir: mlp_gt/results_full
==========================================================
Running GT Baseline (no reg)...
Namespace(aggregate='add', alpha=0.5, attention='gcn', beta=-1.0, bn=False, cpu=False, data_dir='../data/', dataset='amazon-photo', device=0, dim_inner=256, display_step=100, dropout=0.3, epochs=1000, global_dropout=None, global_layers=2, gnn='gcn', graph_weight=0.5, hidden_channels=256, hops=10, in_dropout=0.0, jk=False, label_num_per_class=20, lambda_val=0.5, layers=3, ln=False, local_gnn_type='GCN', local_layers=7, lr=0.01, metric='acc', mlp_epochs=500, mlp_reg=False, model='sgformer', model_dir='./model/', n_heads=1, num_centroids=4096, num_heads=1, oracle_reg=False, pe_types='RWSE', pre_linear=False, pre_ln=False, rand_split=False, rand_split_class=True, reg_start_epoch=10, reg_update_freq=5, res=False, result_dir='mlp_gt/results_full', runs=5, save_model=False, save_result=False, seed=123, test_num=1000, train_prop=0.5, use_act=True, use_bn=True, use_graph=True, use_reg=False, use_residual=True, use_weight=False, valid_num=500, valid_prop=0.25, weight_decay=0.0005)
amazon-photo
train:torch.Size([160]), valid:torch.Size([500]), test:torch.Size([1000])
dataset amazon-photo | num nodes 7650 | num edge 238162 | num node feats 745 | num classes 8
MODEL: SGFormer(
  (trans_conv): TransConv(
    (convs): ModuleList(
      (0): TransConvLayer(
        (Wk): Linear(in_features=256, out_features=256, bias=True)
        (Wq): Linear(in_features=256, out_features=256, bias=True)
      )
      (1): TransConvLayer(
        (Wk): Linear(in_features=256, out_features=256, bias=True)
        (Wq): Linear(in_features=256, out_features=256, bias=True)
      )
      (2): TransConvLayer(
        (Wk): Linear(in_features=256, out_features=256, bias=True)
        (Wq): Linear(in_features=256, out_features=256, bias=True)
      )
    )
    (fcs): ModuleList(
      (0): Linear(in_features=745, out_features=256, bias=True)
    )
    (bns): ModuleList(
      (0): LayerNorm((256,), eps=1e-05, elementwise_affine=True)
      (1): LayerNorm((256,), eps=1e-05, elementwise_affine=True)
      (2): LayerNorm((256,), eps=1e-05, elementwise_affine=True)
      (3): LayerNorm((256,), eps=1e-05, elementwise_affine=True)
    )
  )
  (gnn): GCN(
    (convs): ModuleList(
      (0): GCNConv(745, 256)
      (1): GCNConv(256, 256)
      (2): GCNConv(256, 256)
    )
    (bns): ModuleList(
      (0): BatchNorm1d(256, eps=1e-05, momentum=0.1, affine=True, track_running_stats=True)
      (1): BatchNorm1d(256, eps=1e-05, momentum=0.1, affine=True, track_running_stats=True)
    )
  )
  (fc): Linear(in_features=256, out_features=8, bias=True)
)
Epoch: 00, Loss: 2.1537, Train: 40.62%, Valid: 12.60%, Test: 18.10%, Best Valid: 12.60%, Best Test: 18.10%
Epoch: 100, Loss: 0.0240, Train: 77.50%, Valid: 55.40%, Test: 54.50%, Best Valid: 55.40%, Best Test: 54.50%
Epoch: 200, Loss: 0.0091, Train: 98.75%, Valid: 81.40%, Test: 79.50%, Best Valid: 90.60%, Best Test: 88.40%
Epoch: 300, Loss: 0.0136, Train: 93.12%, Valid: 77.80%, Test: 77.90%, Best Valid: 90.60%, Best Test: 88.40%
Epoch: 400, Loss: 0.0323, Train: 73.75%, Valid: 68.40%, Test: 71.30%, Best Valid: 90.60%, Best Test: 88.40%
Epoch: 500, Loss: 0.0061, Train: 96.25%, Valid: 80.80%, Test: 80.90%, Best Valid: 90.60%, Best Test: 88.40%
Epoch: 600, Loss: 0.0251, Train: 33.75%, Valid: 34.00%, Test: 32.10%, Best Valid: 90.60%, Best Test: 88.40%
Epoch: 700, Loss: 0.0068, Train: 97.50%, Valid: 88.40%, Test: 84.40%, Best Valid: 90.80%, Best Test: 88.00%
Epoch: 800, Loss: 0.0047, Train: 86.88%, Valid: 71.60%, Test: 70.30%, Best Valid: 90.80%, Best Test: 88.00%
Epoch: 900, Loss: 0.0137, Train: 93.12%, Valid: 76.20%, Test: 77.10%, Best Valid: 90.80%, Best Test: 88.00%
Run 01:
Highest Train: 100.00
Highest Valid: 90.80
Highest Test: 88.60
Chosen epoch: 631
Final Train: 93.75
Final Test: 88.00
Epoch: 00, Loss: 3.1118, Train: 13.12%, Valid: 2.60%, Test: 4.00%, Best Valid: 2.60%, Best Test: 4.00%
Epoch: 100, Loss: 0.0197, Train: 88.75%, Valid: 71.00%, Test: 71.10%, Best Valid: 71.00%, Best Test: 71.10%
Epoch: 200, Loss: 0.0040, Train: 100.00%, Valid: 83.80%, Test: 83.50%, Best Valid: 84.60%, Best Test: 84.30%
Epoch: 300, Loss: 0.0091, Train: 100.00%, Valid: 89.60%, Test: 88.70%, Best Valid: 89.60%, Best Test: 88.70%
Epoch: 400, Loss: 0.0190, Train: 90.62%, Valid: 69.40%, Test: 70.50%, Best Valid: 90.00%, Best Test: 88.90%
Epoch: 500, Loss: 0.4293, Train: 17.50%, Valid: 28.20%, Test: 25.80%, Best Valid: 90.00%, Best Test: 88.90%
Epoch: 600, Loss: 0.0149, Train: 99.38%, Valid: 88.20%, Test: 87.80%, Best Valid: 90.00%, Best Test: 88.90%
Epoch: 700, Loss: 0.0067, Train: 100.00%, Valid: 83.40%, Test: 84.20%, Best Valid: 90.00%, Best Test: 88.90%
Epoch: 800, Loss: 0.0069, Train: 86.88%, Valid: 71.80%, Test: 74.20%, Best Valid: 90.00%, Best Test: 88.90%
Epoch: 900, Loss: 0.0059, Train: 98.12%, Valid: 85.40%, Test: 85.30%, Best Valid: 90.00%, Best Test: 88.90%
Run 02:
Highest Train: 100.00
Highest Valid: 90.00
Highest Test: 88.90
Chosen epoch: 301
Final Train: 100.00
Final Test: 88.90
Epoch: 00, Loss: 3.0183, Train: 12.50%, Valid: 8.60%, Test: 13.10%, Best Valid: 8.60%, Best Test: 13.10%
Epoch: 100, Loss: 0.0102, Train: 97.50%, Valid: 82.20%, Test: 82.50%, Best Valid: 82.40%, Best Test: 81.60%
Epoch: 200, Loss: 0.0046, Train: 100.00%, Valid: 86.80%, Test: 86.30%, Best Valid: 88.40%, Best Test: 87.30%
Epoch: 300, Loss: 0.0029, Train: 100.00%, Valid: 82.40%, Test: 82.40%, Best Valid: 89.40%, Best Test: 86.00%
Epoch: 400, Loss: 0.0138, Train: 88.75%, Valid: 75.40%, Test: 75.10%, Best Valid: 89.40%, Best Test: 86.00%
Epoch: 500, Loss: 0.0036, Train: 97.50%, Valid: 87.00%, Test: 87.80%, Best Valid: 89.60%, Best Test: 88.20%
Epoch: 600, Loss: 0.0021, Train: 95.00%, Valid: 81.40%, Test: 79.70%, Best Valid: 89.60%, Best Test: 88.20%
Epoch: 700, Loss: 0.0031, Train: 95.00%, Valid: 82.00%, Test: 82.40%, Best Valid: 89.60%, Best Test: 88.20%
Epoch: 800, Loss: 0.0365, Train: 71.88%, Valid: 66.80%, Test: 66.10%, Best Valid: 90.60%, Best Test: 87.70%
Epoch: 900, Loss: 0.0086, Train: 87.50%, Valid: 70.00%, Test: 71.50%, Best Valid: 90.60%, Best Test: 87.70%
Run 03:
Highest Train: 100.00
Highest Valid: 90.60
Highest Test: 89.60
Chosen epoch: 712
Final Train: 98.75
Final Test: 87.70
Epoch: 00, Loss: 2.8650, Train: 21.25%, Valid: 9.40%, Test: 9.60%, Best Valid: 9.40%, Best Test: 9.60%
Epoch: 100, Loss: 0.0151, Train: 86.25%, Valid: 69.20%, Test: 67.80%, Best Valid: 80.80%, Best Test: 77.60%
Epoch: 200, Loss: 0.0031, Train: 95.00%, Valid: 76.80%, Test: 79.40%, Best Valid: 87.60%, Best Test: 85.90%
Epoch: 300, Loss: 0.0039, Train: 100.00%, Valid: 89.20%, Test: 87.10%, Best Valid: 90.80%, Best Test: 88.90%
Epoch: 400, Loss: 0.0071, Train: 100.00%, Valid: 84.40%, Test: 85.00%, Best Valid: 90.80%, Best Test: 88.90%
Epoch: 500, Loss: 0.0242, Train: 61.88%, Valid: 53.00%, Test: 55.40%, Best Valid: 90.80%, Best Test: 88.90%
Epoch: 600, Loss: 0.0050, Train: 96.25%, Valid: 81.20%, Test: 82.00%, Best Valid: 90.80%, Best Test: 88.90%
Epoch: 700, Loss: 0.0370, Train: 41.25%, Valid: 28.40%, Test: 31.90%, Best Valid: 90.80%, Best Test: 88.90%
Epoch: 800, Loss: 0.0142, Train: 100.00%, Valid: 86.20%, Test: 86.90%, Best Valid: 90.80%, Best Test: 88.90%
Epoch: 900, Loss: 0.0040, Train: 67.50%, Valid: 58.00%, Test: 55.20%, Best Valid: 90.80%, Best Test: 88.90%
Run 04:
Highest Train: 100.00
Highest Valid: 90.80
Highest Test: 89.50
Chosen epoch: 287
Final Train: 99.38
Final Test: 88.90
Epoch: 00, Loss: 2.8988, Train: 12.50%, Valid: 5.40%, Test: 4.40%, Best Valid: 5.40%, Best Test: 4.40%
Epoch: 100, Loss: 0.0068, Train: 85.00%, Valid: 68.80%, Test: 70.30%, Best Valid: 68.80%, Best Test: 70.30%
Epoch: 200, Loss: 0.0024, Train: 100.00%, Valid: 84.20%, Test: 84.50%, Best Valid: 86.00%, Best Test: 84.70%
Epoch: 300, Loss: 0.0055, Train: 97.50%, Valid: 82.00%, Test: 82.10%, Best Valid: 86.00%, Best Test: 84.70%
Epoch: 400, Loss: 0.0154, Train: 48.75%, Valid: 30.60%, Test: 30.40%, Best Valid: 87.60%, Best Test: 86.80%
Epoch: 500, Loss: 0.0123, Train: 99.38%, Valid: 83.00%, Test: 84.30%, Best Valid: 87.60%, Best Test: 86.80%
Epoch: 600, Loss: 0.0102, Train: 95.62%, Valid: 85.80%, Test: 81.70%, Best Valid: 87.80%, Best Test: 85.90%
Epoch: 700, Loss: 0.0086, Train: 51.25%, Valid: 44.00%, Test: 39.40%, Best Valid: 90.00%, Best Test: 87.70%
Epoch: 800, Loss: 0.0097, Train: 98.75%, Valid: 82.20%, Test: 82.50%, Best Valid: 90.00%, Best Test: 87.70%
Epoch: 900, Loss: 0.0334, Train: 91.88%, Valid: 77.60%, Test: 79.60%, Best Valid: 90.00%, Best Test: 87.70%
Run 05:
Highest Train: 100.00
Highest Valid: 90.80
Highest Test: 89.60
Chosen epoch: 938
Final Train: 98.75
Final Test: 89.30
All runs:
Highest Train: 100.00 ± 0.00
Highest Test: 89.24 ± 0.46
Highest Valid: 90.60 ± 0.35
  Final Train: 98.12 ± 2.50
   Final Test: 88.56 ± 0.68
Saving results to mlp_gt/results_full/amazon-photo/sgformer.csv

Running with MLP-GT Regularization (lambda=0.01)...
Namespace(aggregate='add', alpha=0.5, attention='gcn', beta=-1.0, bn=False, cpu=False, data_dir='../data/', dataset='amazon-photo', device=0, dim_inner=256, display_step=100, dropout=0.3, epochs=1000, global_dropout=None, global_layers=2, gnn='gcn', graph_weight=0.5, hidden_channels=256, hops=10, in_dropout=0.0, jk=False, label_num_per_class=20, lambda_val=0.01, layers=3, ln=False, local_gnn_type='GCN', local_layers=7, lr=0.01, metric='acc', mlp_epochs=500, mlp_reg=True, model='sgformer', model_dir='./model/', n_heads=1, num_centroids=4096, num_heads=1, oracle_reg=False, pe_types='RWSE', pre_linear=False, pre_ln=False, rand_split=False, rand_split_class=True, reg_start_epoch=10, reg_update_freq=5, res=False, result_dir='mlp_gt/results_full', runs=5, save_model=False, save_result=False, seed=123, test_num=1000, train_prop=0.5, use_act=True, use_bn=True, use_graph=True, use_reg=True, use_residual=True, use_weight=False, valid_num=500, valid_prop=0.25, weight_decay=0.0005)
amazon-photo
train:torch.Size([160]), valid:torch.Size([500]), test:torch.Size([1000])
dataset amazon-photo | num nodes 7650 | num edge 238162 | num node feats 745 | num classes 8
MODEL: SGFormer(
  (trans_conv): TransConv(
    (convs): ModuleList(
      (0): TransConvLayer(
        (Wk): Linear(in_features=256, out_features=256, bias=True)
        (Wq): Linear(in_features=256, out_features=256, bias=True)
      )
      (1): TransConvLayer(
        (Wk): Linear(in_features=256, out_features=256, bias=True)
        (Wq): Linear(in_features=256, out_features=256, bias=True)
      )
      (2): TransConvLayer(
        (Wk): Linear(in_features=256, out_features=256, bias=True)
        (Wq): Linear(in_features=256, out_features=256, bias=True)
      )
    )
    (fcs): ModuleList(
      (0): Linear(in_features=745, out_features=256, bias=True)
    )
    (bns): ModuleList(
      (0): LayerNorm((256,), eps=1e-05, elementwise_affine=True)
      (1): LayerNorm((256,), eps=1e-05, elementwise_affine=True)
      (2): LayerNorm((256,), eps=1e-05, elementwise_affine=True)
      (3): LayerNorm((256,), eps=1e-05, elementwise_affine=True)
    )
  )
  (gnn): GCN(
    (convs): ModuleList(
      (0): GCNConv(745, 256)
      (1): GCNConv(256, 256)
      (2): GCNConv(256, 256)
    )
    (bns): ModuleList(
      (0): BatchNorm1d(256, eps=1e-05, momentum=0.1, affine=True, track_running_stats=True)
      (1): BatchNorm1d(256, eps=1e-05, momentum=0.1, affine=True, track_running_stats=True)
    )
  )
  (fc): Linear(in_features=256, out_features=8, bias=True)
)
Pre-training MLP for 500 epochs to generate co-occurrence matrix...
MLP pre-training complete. Penalty matrix frozen.
Epoch: 00, Loss: 2.1530, Train: 23.12%, Valid: 9.00%, Test: 13.50%, Best Valid: 9.00%, Best Test: 13.50%
Epoch: 100, Loss: 0.0339, Train: 85.62%, Valid: 78.20%, Test: 78.30%, Best Valid: 78.20%, Best Test: 78.30%
Epoch: 200, Loss: 0.0239, Train: 98.75%, Valid: 84.40%, Test: 85.30%, Best Valid: 90.20%, Best Test: 89.10%
Epoch: 300, Loss: 0.0305, Train: 89.38%, Valid: 76.20%, Test: 78.50%, Best Valid: 90.20%, Best Test: 89.10%
Epoch: 400, Loss: 0.0171, Train: 100.00%, Valid: 84.40%, Test: 85.90%, Best Valid: 90.20%, Best Test: 89.10%
Epoch: 500, Loss: 0.0102, Train: 84.38%, Valid: 57.20%, Test: 63.30%, Best Valid: 91.40%, Best Test: 89.50%
Epoch: 600, Loss: 0.0100, Train: 98.12%, Valid: 82.00%, Test: 82.40%, Best Valid: 91.40%, Best Test: 89.50%
Epoch: 700, Loss: 0.0117, Train: 88.75%, Valid: 82.20%, Test: 79.00%, Best Valid: 91.40%, Best Test: 89.50%
Epoch: 800, Loss: 0.0062, Train: 85.62%, Valid: 65.00%, Test: 67.50%, Best Valid: 91.40%, Best Test: 89.50%
Epoch: 900, Loss: 0.0132, Train: 100.00%, Valid: 89.20%, Test: 88.80%, Best Valid: 91.40%, Best Test: 89.50%
Run 01:
Highest Train: 100.00
Highest Valid: 91.40
Highest Test: 90.10
Chosen epoch: 447
Final Train: 98.12
Final Test: 89.50
Pre-training MLP for 500 epochs to generate co-occurrence matrix...
MLP pre-training complete. Penalty matrix frozen.
Epoch: 00, Loss: 3.2215, Train: 12.50%, Valid: 2.60%, Test: 4.00%, Best Valid: 2.60%, Best Test: 4.00%
Epoch: 100, Loss: 0.0083, Train: 93.75%, Valid: 76.40%, Test: 77.00%, Best Valid: 76.40%, Best Test: 77.00%
Epoch: 200, Loss: 0.0046, Train: 88.75%, Valid: 72.60%, Test: 75.70%, Best Valid: 92.00%, Best Test: 89.40%
Epoch: 300, Loss: 0.0043, Train: 100.00%, Valid: 84.80%, Test: 83.00%, Best Valid: 92.00%, Best Test: 89.40%
Epoch: 400, Loss: 0.0015, Train: 100.00%, Valid: 84.80%, Test: 84.10%, Best Valid: 92.00%, Best Test: 89.40%
Epoch: 500, Loss: 0.0162, Train: 88.75%, Valid: 62.80%, Test: 65.90%, Best Valid: 92.00%, Best Test: 89.40%
Epoch: 600, Loss: 0.0103, Train: 88.12%, Valid: 70.20%, Test: 70.80%, Best Valid: 92.00%, Best Test: 89.40%
Epoch: 700, Loss: 0.0414, Train: 22.50%, Valid: 6.80%, Test: 7.00%, Best Valid: 92.00%, Best Test: 89.40%
Epoch: 800, Loss: 0.0045, Train: 98.75%, Valid: 82.40%, Test: 83.60%, Best Valid: 92.00%, Best Test: 89.40%
Epoch: 900, Loss: 0.0071, Train: 91.25%, Valid: 80.60%, Test: 78.40%, Best Valid: 92.00%, Best Test: 89.40%
Run 02:
Highest Train: 100.00
Highest Valid: 92.00
Highest Test: 89.60
Chosen epoch: 186
Final Train: 97.50
Final Test: 89.40
Pre-training MLP for 500 epochs to generate co-occurrence matrix...
MLP pre-training complete. Penalty matrix frozen.
Epoch: 00, Loss: 3.1491, Train: 12.50%, Valid: 27.40%, Test: 25.00%, Best Valid: 27.40%, Best Test: 25.00%
Epoch: 100, Loss: 0.0104, Train: 98.75%, Valid: 83.20%, Test: 83.00%, Best Valid: 83.20%, Best Test: 83.00%
Epoch: 200, Loss: 0.0075, Train: 78.75%, Valid: 62.40%, Test: 66.90%, Best Valid: 86.80%, Best Test: 85.00%
Epoch: 300, Loss: 0.0021, Train: 96.25%, Valid: 83.20%, Test: 81.70%, Best Valid: 86.80%, Best Test: 85.00%
Epoch: 400, Loss: 0.0037, Train: 99.38%, Valid: 81.40%, Test: 83.20%, Best Valid: 87.80%, Best Test: 87.60%
Epoch: 500, Loss: 0.0167, Train: 100.00%, Valid: 81.60%, Test: 81.70%, Best Valid: 88.00%, Best Test: 87.00%
Epoch: 600, Loss: 0.0080, Train: 94.38%, Valid: 82.20%, Test: 80.80%, Best Valid: 88.00%, Best Test: 87.00%
Epoch: 700, Loss: 0.0171, Train: 50.62%, Valid: 37.20%, Test: 41.70%, Best Valid: 88.00%, Best Test: 87.00%
Epoch: 800, Loss: 0.0153, Train: 15.62%, Valid: 8.80%, Test: 13.30%, Best Valid: 88.80%, Best Test: 87.60%
Epoch: 900, Loss: 0.0124, Train: 66.25%, Valid: 40.80%, Test: 40.60%, Best Valid: 88.80%, Best Test: 87.60%
Run 03:
Highest Train: 100.00
Highest Valid: 88.80
Highest Test: 88.60
Chosen epoch: 739
Final Train: 100.00
Final Test: 87.60
Pre-training MLP for 500 epochs to generate co-occurrence matrix...
MLP pre-training complete. Penalty matrix frozen.
Epoch: 00, Loss: 3.2036, Train: 16.88%, Valid: 24.20%, Test: 20.70%, Best Valid: 24.20%, Best Test: 20.70%
Epoch: 100, Loss: 0.0056, Train: 91.88%, Valid: 71.40%, Test: 72.70%, Best Valid: 71.40%, Best Test: 72.70%
Epoch: 200, Loss: 0.0058, Train: 90.62%, Valid: 80.00%, Test: 77.70%, Best Valid: 83.40%, Best Test: 83.10%
Epoch: 300, Loss: 0.0081, Train: 100.00%, Valid: 87.00%, Test: 86.30%, Best Valid: 87.20%, Best Test: 86.50%
Epoch: 400, Loss: 0.0077, Train: 91.25%, Valid: 67.00%, Test: 70.00%, Best Valid: 89.60%, Best Test: 86.70%
Epoch: 500, Loss: 0.0125, Train: 97.50%, Valid: 87.00%, Test: 86.40%, Best Valid: 89.60%, Best Test: 86.70%
Epoch: 600, Loss: 0.0080, Train: 83.12%, Valid: 71.20%, Test: 71.40%, Best Valid: 89.60%, Best Test: 86.70%
Epoch: 700, Loss: 0.0222, Train: 85.00%, Valid: 66.20%, Test: 69.70%, Best Valid: 89.60%, Best Test: 86.70%
Epoch: 800, Loss: 0.1030, Train: 25.62%, Valid: 27.00%, Test: 26.20%, Best Valid: 89.60%, Best Test: 86.70%
Epoch: 900, Loss: 0.0099, Train: 98.75%, Valid: 86.40%, Test: 85.60%, Best Valid: 89.60%, Best Test: 86.70%
Run 04:
Highest Train: 100.00
Highest Valid: 89.60
Highest Test: 88.80
Chosen epoch: 302
Final Train: 100.00
Final Test: 86.70
Pre-training MLP for 500 epochs to generate co-occurrence matrix...
MLP pre-training complete. Penalty matrix frozen.
Epoch: 00, Loss: 4.0789, Train: 12.50%, Valid: 5.40%, Test: 4.40%, Best Valid: 5.40%, Best Test: 4.40%
Epoch: 100, Loss: 0.0300, Train: 72.50%, Valid: 57.60%, Test: 58.20%, Best Valid: 80.40%, Best Test: 79.70%
Epoch: 200, Loss: 0.0033, Train: 100.00%, Valid: 86.00%, Test: 85.90%, Best Valid: 86.00%, Best Test: 85.70%
Epoch: 300, Loss: 0.0054, Train: 99.38%, Valid: 83.80%, Test: 83.20%, Best Valid: 89.60%, Best Test: 88.20%
Epoch: 400, Loss: 0.0114, Train: 93.12%, Valid: 73.00%, Test: 72.50%, Best Valid: 89.60%, Best Test: 88.20%
Epoch: 500, Loss: 0.0221, Train: 96.88%, Valid: 82.80%, Test: 84.70%, Best Valid: 89.60%, Best Test: 88.20%
Epoch: 600, Loss: 0.0076, Train: 100.00%, Valid: 81.60%, Test: 82.70%, Best Valid: 89.60%, Best Test: 88.20%
Epoch: 700, Loss: 0.0052, Train: 70.00%, Valid: 48.40%, Test: 47.90%, Best Valid: 89.60%, Best Test: 88.20%
Epoch: 800, Loss: 0.0186, Train: 99.38%, Valid: 86.00%, Test: 85.80%, Best Valid: 89.60%, Best Test: 88.20%
Epoch: 900, Loss: 0.0184, Train: 38.75%, Valid: 16.00%, Test: 19.70%, Best Valid: 89.60%, Best Test: 88.20%
Run 05:
Highest Train: 100.00
Highest Valid: 91.60
Highest Test: 89.10
Chosen epoch: 973
Final Train: 93.12
Final Test: 89.10
All runs:
Highest Train: 100.00 ± 0.00
Highest Test: 89.24 ± 0.61
Highest Valid: 90.68 ± 1.40
  Final Train: 97.75 ± 2.82
   Final Test: 88.46 ± 1.25
Saving results to mlp_gt/results_full/amazon-photo/sgformer.csv

Running with MLP-GT Regularization (lambda=0.1)...
Namespace(aggregate='add', alpha=0.5, attention='gcn', beta=-1.0, bn=False, cpu=False, data_dir='../data/', dataset='amazon-photo', device=0, dim_inner=256, display_step=100, dropout=0.3, epochs=1000, global_dropout=None, global_layers=2, gnn='gcn', graph_weight=0.5, hidden_channels=256, hops=10, in_dropout=0.0, jk=False, label_num_per_class=20, lambda_val=0.1, layers=3, ln=False, local_gnn_type='GCN', local_layers=7, lr=0.01, metric='acc', mlp_epochs=500, mlp_reg=True, model='sgformer', model_dir='./model/', n_heads=1, num_centroids=4096, num_heads=1, oracle_reg=False, pe_types='RWSE', pre_linear=False, pre_ln=False, rand_split=False, rand_split_class=True, reg_start_epoch=10, reg_update_freq=5, res=False, result_dir='mlp_gt/results_full', runs=5, save_model=False, save_result=False, seed=123, test_num=1000, train_prop=0.5, use_act=True, use_bn=True, use_graph=True, use_reg=True, use_residual=True, use_weight=False, valid_num=500, valid_prop=0.25, weight_decay=0.0005)
amazon-photo
train:torch.Size([160]), valid:torch.Size([500]), test:torch.Size([1000])
dataset amazon-photo | num nodes 7650 | num edge 238162 | num node feats 745 | num classes 8
MODEL: SGFormer(
  (trans_conv): TransConv(
    (convs): ModuleList(
      (0): TransConvLayer(
        (Wk): Linear(in_features=256, out_features=256, bias=True)
        (Wq): Linear(in_features=256, out_features=256, bias=True)
      )
      (1): TransConvLayer(
        (Wk): Linear(in_features=256, out_features=256, bias=True)
        (Wq): Linear(in_features=256, out_features=256, bias=True)
      )
      (2): TransConvLayer(
        (Wk): Linear(in_features=256, out_features=256, bias=True)
        (Wq): Linear(in_features=256, out_features=256, bias=True)
      )
    )
    (fcs): ModuleList(
      (0): Linear(in_features=745, out_features=256, bias=True)
    )
    (bns): ModuleList(
      (0): LayerNorm((256,), eps=1e-05, elementwise_affine=True)
      (1): LayerNorm((256,), eps=1e-05, elementwise_affine=True)
      (2): LayerNorm((256,), eps=1e-05, elementwise_affine=True)
      (3): LayerNorm((256,), eps=1e-05, elementwise_affine=True)
    )
  )
  (gnn): GCN(
    (convs): ModuleList(
      (0): GCNConv(745, 256)
      (1): GCNConv(256, 256)
      (2): GCNConv(256, 256)
    )
    (bns): ModuleList(
      (0): BatchNorm1d(256, eps=1e-05, momentum=0.1, affine=True, track_running_stats=True)
      (1): BatchNorm1d(256, eps=1e-05, momentum=0.1, affine=True, track_running_stats=True)
    )
  )
  (fc): Linear(in_features=256, out_features=8, bias=True)
)
Pre-training MLP for 500 epochs to generate co-occurrence matrix...
MLP pre-training complete. Penalty matrix frozen.
Epoch: 00, Loss: 2.3449, Train: 14.37%, Valid: 14.60%, Test: 12.20%, Best Valid: 14.60%, Best Test: 12.20%
Epoch: 100, Loss: 0.0176, Train: 95.62%, Valid: 78.80%, Test: 79.70%, Best Valid: 83.60%, Best Test: 83.50%
Epoch: 200, Loss: 0.0146, Train: 96.25%, Valid: 80.00%, Test: 79.40%, Best Valid: 86.80%, Best Test: 86.20%
Epoch: 300, Loss: 0.0139, Train: 91.88%, Valid: 78.40%, Test: 79.10%, Best Valid: 86.80%, Best Test: 86.20%
Epoch: 400, Loss: 0.0109, Train: 78.75%, Valid: 55.20%, Test: 55.30%, Best Valid: 87.80%, Best Test: 86.20%
Epoch: 500, Loss: 0.0097, Train: 93.12%, Valid: 85.20%, Test: 85.80%, Best Valid: 88.60%, Best Test: 87.70%
Epoch: 600, Loss: 0.0135, Train: 75.62%, Valid: 65.40%, Test: 65.20%, Best Valid: 88.60%, Best Test: 87.70%
Epoch: 700, Loss: 0.0035, Train: 98.75%, Valid: 81.00%, Test: 81.50%, Best Valid: 88.60%, Best Test: 87.70%
Epoch: 800, Loss: 0.0137, Train: 99.38%, Valid: 87.00%, Test: 86.60%, Best Valid: 88.80%, Best Test: 87.80%
Epoch: 900, Loss: 0.0702, Train: 29.38%, Valid: 25.80%, Test: 23.70%, Best Valid: 88.80%, Best Test: 87.80%
Run 01:
Highest Train: 100.00
Highest Valid: 88.80
Highest Test: 88.40
Chosen epoch: 762
Final Train: 100.00
Final Test: 87.80
Pre-training MLP for 500 epochs to generate co-occurrence matrix...
MLP pre-training complete. Penalty matrix frozen.
Epoch: 00, Loss: 3.6066, Train: 12.50%, Valid: 2.60%, Test: 4.00%, Best Valid: 2.60%, Best Test: 4.00%
Epoch: 100, Loss: 0.0073, Train: 95.00%, Valid: 74.60%, Test: 75.80%, Best Valid: 74.60%, Best Test: 75.80%
Epoch: 200, Loss: 0.4316, Train: 44.38%, Valid: 41.80%, Test: 39.40%, Best Valid: 83.40%, Best Test: 82.90%
Epoch: 300, Loss: 0.0089, Train: 83.12%, Valid: 68.00%, Test: 67.40%, Best Valid: 88.40%, Best Test: 86.40%
Epoch: 400, Loss: 0.0158, Train: 70.00%, Valid: 63.80%, Test: 61.30%, Best Valid: 90.20%, Best Test: 87.60%
Epoch: 500, Loss: 0.0202, Train: 68.12%, Valid: 63.80%, Test: 62.10%, Best Valid: 90.20%, Best Test: 87.60%
Epoch: 600, Loss: 0.0582, Train: 58.75%, Valid: 56.80%, Test: 50.10%, Best Valid: 90.20%, Best Test: 87.60%
Epoch: 700, Loss: 0.0252, Train: 100.00%, Valid: 89.60%, Test: 88.60%, Best Valid: 91.20%, Best Test: 88.20%
Epoch: 800, Loss: 0.0070, Train: 97.50%, Valid: 87.40%, Test: 84.00%, Best Valid: 91.20%, Best Test: 88.20%
Epoch: 900, Loss: 0.0186, Train: 59.38%, Valid: 49.40%, Test: 51.00%, Best Valid: 91.20%, Best Test: 88.20%
Run 02:
Highest Train: 100.00
Highest Valid: 91.20
Highest Test: 89.10
Chosen epoch: 668
Final Train: 100.00
Final Test: 88.20
Pre-training MLP for 500 epochs to generate co-occurrence matrix...
MLP pre-training complete. Penalty matrix frozen.
Epoch: 00, Loss: 3.4232, Train: 15.00%, Valid: 9.20%, Test: 13.50%, Best Valid: 9.20%, Best Test: 13.50%
Epoch: 100, Loss: 0.0064, Train: 96.25%, Valid: 82.80%, Test: 82.20%, Best Valid: 82.80%, Best Test: 82.20%
Epoch: 200, Loss: 0.0072, Train: 30.00%, Valid: 22.40%, Test: 19.60%, Best Valid: 87.40%, Best Test: 86.50%
Epoch: 300, Loss: 0.0392, Train: 73.75%, Valid: 57.40%, Test: 61.00%, Best Valid: 87.40%, Best Test: 86.50%
Epoch: 400, Loss: 0.0525, Train: 43.75%, Valid: 37.60%, Test: 40.20%, Best Valid: 88.00%, Best Test: 83.90%
Epoch: 500, Loss: 0.0028, Train: 98.12%, Valid: 85.00%, Test: 81.50%, Best Valid: 88.20%, Best Test: 88.60%
Epoch: 600, Loss: 0.0106, Train: 96.88%, Valid: 85.00%, Test: 81.80%, Best Valid: 89.60%, Best Test: 86.10%
Epoch: 700, Loss: 0.0138, Train: 93.75%, Valid: 79.00%, Test: 80.20%, Best Valid: 89.60%, Best Test: 86.10%
Epoch: 800, Loss: 0.0346, Train: 90.00%, Valid: 84.20%, Test: 82.80%, Best Valid: 89.60%, Best Test: 86.10%
Epoch: 900, Loss: 0.0120, Train: 98.12%, Valid: 87.60%, Test: 85.30%, Best Valid: 89.60%, Best Test: 86.10%
Run 03:
Highest Train: 100.00
Highest Valid: 89.60
Highest Test: 88.60
Chosen epoch: 598
Final Train: 98.75
Final Test: 86.10
Pre-training MLP for 500 epochs to generate co-occurrence matrix...
MLP pre-training complete. Penalty matrix frozen.
Epoch: 00, Loss: 3.5458, Train: 12.50%, Valid: 8.40%, Test: 7.90%, Best Valid: 8.40%, Best Test: 7.90%
Epoch: 100, Loss: 0.0095, Train: 92.50%, Valid: 76.00%, Test: 76.50%, Best Valid: 76.00%, Best Test: 76.50%
Epoch: 200, Loss: 0.0055, Train: 95.62%, Valid: 72.40%, Test: 73.70%, Best Valid: 84.20%, Best Test: 83.60%
Epoch: 300, Loss: 0.0097, Train: 99.38%, Valid: 83.00%, Test: 83.50%, Best Valid: 87.40%, Best Test: 85.20%
Epoch: 400, Loss: 0.0595, Train: 97.50%, Valid: 82.80%, Test: 84.50%, Best Valid: 88.00%, Best Test: 86.50%
Epoch: 500, Loss: 0.0090, Train: 96.88%, Valid: 82.40%, Test: 83.30%, Best Valid: 88.00%, Best Test: 86.50%
Epoch: 600, Loss: 0.0147, Train: 78.12%, Valid: 63.00%, Test: 63.10%, Best Valid: 88.00%, Best Test: 86.50%
Epoch: 700, Loss: 0.0058, Train: 99.38%, Valid: 82.40%, Test: 82.30%, Best Valid: 88.40%, Best Test: 86.50%
Epoch: 800, Loss: 0.0135, Train: 70.00%, Valid: 58.20%, Test: 53.70%, Best Valid: 88.40%, Best Test: 86.50%
Epoch: 900, Loss: 0.0064, Train: 100.00%, Valid: 87.80%, Test: 87.60%, Best Valid: 89.40%, Best Test: 89.40%
Run 04:
Highest Train: 100.00
Highest Valid: 89.80
Highest Test: 89.50
Chosen epoch: 942
Final Train: 93.75
Final Test: 85.50
Pre-training MLP for 500 epochs to generate co-occurrence matrix...
MLP pre-training complete. Penalty matrix frozen.
Epoch: 00, Loss: 3.8792, Train: 15.00%, Valid: 8.40%, Test: 8.30%, Best Valid: 8.40%, Best Test: 8.30%
Epoch: 100, Loss: 0.0110, Train: 95.62%, Valid: 75.00%, Test: 77.30%, Best Valid: 75.20%, Best Test: 77.10%
Epoch: 200, Loss: 0.0145, Train: 31.25%, Valid: 21.00%, Test: 18.40%, Best Valid: 84.60%, Best Test: 84.70%
Epoch: 300, Loss: 0.0069, Train: 100.00%, Valid: 81.40%, Test: 82.20%, Best Valid: 92.80%, Best Test: 90.10%
Epoch: 400, Loss: 0.0073, Train: 79.38%, Valid: 57.20%, Test: 63.70%, Best Valid: 92.80%, Best Test: 90.10%
Epoch: 500, Loss: 0.0222, Train: 60.00%, Valid: 42.80%, Test: 41.00%, Best Valid: 92.80%, Best Test: 90.10%
Epoch: 600, Loss: 0.0047, Train: 100.00%, Valid: 88.20%, Test: 87.30%, Best Valid: 92.80%, Best Test: 90.10%
Epoch: 700, Loss: 0.0072, Train: 91.88%, Valid: 82.20%, Test: 82.10%, Best Valid: 92.80%, Best Test: 90.10%
Epoch: 800, Loss: 0.0049, Train: 100.00%, Valid: 82.40%, Test: 84.20%, Best Valid: 92.80%, Best Test: 90.10%
Epoch: 900, Loss: 0.0274, Train: 58.75%, Valid: 37.20%, Test: 42.40%, Best Valid: 92.80%, Best Test: 90.10%
Run 05:
Highest Train: 100.00
Highest Valid: 92.80
Highest Test: 90.10
Chosen epoch: 219
Final Train: 95.00
Final Test: 90.10
All runs:
Highest Train: 100.00 ± 0.00
Highest Test: 89.14 ± 0.69
Highest Valid: 90.44 ± 1.58
  Final Train: 97.50 ± 2.93
   Final Test: 87.54 ± 1.82
Saving results to mlp_gt/results_full/amazon-photo/sgformer.csv

Running with MLP-GT Regularization (lambda=0.2)...
Namespace(aggregate='add', alpha=0.5, attention='gcn', beta=-1.0, bn=False, cpu=False, data_dir='../data/', dataset='amazon-photo', device=0, dim_inner=256, display_step=100, dropout=0.3, epochs=1000, global_dropout=None, global_layers=2, gnn='gcn', graph_weight=0.5, hidden_channels=256, hops=10, in_dropout=0.0, jk=False, label_num_per_class=20, lambda_val=0.2, layers=3, ln=False, local_gnn_type='GCN', local_layers=7, lr=0.01, metric='acc', mlp_epochs=500, mlp_reg=True, model='sgformer', model_dir='./model/', n_heads=1, num_centroids=4096, num_heads=1, oracle_reg=False, pe_types='RWSE', pre_linear=False, pre_ln=False, rand_split=False, rand_split_class=True, reg_start_epoch=10, reg_update_freq=5, res=False, result_dir='mlp_gt/results_full', runs=5, save_model=False, save_result=False, seed=123, test_num=1000, train_prop=0.5, use_act=True, use_bn=True, use_graph=True, use_reg=True, use_residual=True, use_weight=False, valid_num=500, valid_prop=0.25, weight_decay=0.0005)
amazon-photo
train:torch.Size([160]), valid:torch.Size([500]), test:torch.Size([1000])
dataset amazon-photo | num nodes 7650 | num edge 238162 | num node feats 745 | num classes 8
MODEL: SGFormer(
  (trans_conv): TransConv(
    (convs): ModuleList(
      (0): TransConvLayer(
        (Wk): Linear(in_features=256, out_features=256, bias=True)
        (Wq): Linear(in_features=256, out_features=256, bias=True)
      )
      (1): TransConvLayer(
        (Wk): Linear(in_features=256, out_features=256, bias=True)
        (Wq): Linear(in_features=256, out_features=256, bias=True)
      )
      (2): TransConvLayer(
        (Wk): Linear(in_features=256, out_features=256, bias=True)
        (Wq): Linear(in_features=256, out_features=256, bias=True)
      )
    )
    (fcs): ModuleList(
      (0): Linear(in_features=745, out_features=256, bias=True)
    )
    (bns): ModuleList(
      (0): LayerNorm((256,), eps=1e-05, elementwise_affine=True)
      (1): LayerNorm((256,), eps=1e-05, elementwise_affine=True)
      (2): LayerNorm((256,), eps=1e-05, elementwise_affine=True)
      (3): LayerNorm((256,), eps=1e-05, elementwise_affine=True)
    )
  )
  (gnn): GCN(
    (convs): ModuleList(
      (0): GCNConv(745, 256)
      (1): GCNConv(256, 256)
      (2): GCNConv(256, 256)
    )
    (bns): ModuleList(
      (0): BatchNorm1d(256, eps=1e-05, momentum=0.1, affine=True, track_running_stats=True)
      (1): BatchNorm1d(256, eps=1e-05, momentum=0.1, affine=True, track_running_stats=True)
    )
  )
  (fc): Linear(in_features=256, out_features=8, bias=True)
)
Pre-training MLP for 500 epochs to generate co-occurrence matrix...
MLP pre-training complete. Penalty matrix frozen.
Epoch: 00, Loss: 2.5581, Train: 12.50%, Valid: 14.60%, Test: 12.20%, Best Valid: 14.60%, Best Test: 12.20%
Epoch: 100, Loss: 0.1726, Train: 96.88%, Valid: 75.60%, Test: 77.50%, Best Valid: 79.80%, Best Test: 80.60%
Epoch: 200, Loss: 0.0112, Train: 99.38%, Valid: 79.00%, Test: 77.60%, Best Valid: 88.60%, Best Test: 87.40%
Epoch: 300, Loss: 0.0083, Train: 98.12%, Valid: 86.00%, Test: 83.50%, Best Valid: 88.60%, Best Test: 87.40%
Epoch: 400, Loss: 0.0398, Train: 100.00%, Valid: 88.00%, Test: 87.00%, Best Valid: 91.00%, Best Test: 88.20%
Epoch: 500, Loss: 0.0154, Train: 38.75%, Valid: 20.00%, Test: 27.70%, Best Valid: 91.00%, Best Test: 88.20%
Epoch: 600, Loss: 0.0096, Train: 98.12%, Valid: 83.80%, Test: 84.50%, Best Valid: 91.00%, Best Test: 88.20%
Epoch: 700, Loss: 0.0036, Train: 80.62%, Valid: 59.40%, Test: 62.80%, Best Valid: 91.00%, Best Test: 88.20%
Epoch: 800, Loss: 0.0103, Train: 95.62%, Valid: 86.20%, Test: 84.70%, Best Valid: 91.00%, Best Test: 88.20%
Epoch: 900, Loss: 0.0218, Train: 85.62%, Valid: 68.60%, Test: 71.30%, Best Valid: 91.00%, Best Test: 88.20%
Run 01:
Highest Train: 100.00
Highest Valid: 91.00
Highest Test: 89.20
Chosen epoch: 398
Final Train: 97.50
Final Test: 88.20
Pre-training MLP for 500 epochs to generate co-occurrence matrix...
MLP pre-training complete. Penalty matrix frozen.
Epoch: 00, Loss: 3.9438, Train: 16.25%, Valid: 14.60%, Test: 12.10%, Best Valid: 14.60%, Best Test: 12.10%
Epoch: 100, Loss: 0.0063, Train: 93.12%, Valid: 72.20%, Test: 75.50%, Best Valid: 72.20%, Best Test: 75.50%
Epoch: 200, Loss: 0.0065, Train: 95.00%, Valid: 73.20%, Test: 75.90%, Best Valid: 84.20%, Best Test: 84.90%
Epoch: 300, Loss: 0.0046, Train: 100.00%, Valid: 87.60%, Test: 87.20%, Best Valid: 90.80%, Best Test: 88.80%
Epoch: 400, Loss: 0.0094, Train: 28.12%, Valid: 11.00%, Test: 11.90%, Best Valid: 90.80%, Best Test: 88.80%
Epoch: 500, Loss: 0.0173, Train: 100.00%, Valid: 85.20%, Test: 85.70%, Best Valid: 90.80%, Best Test: 88.80%
Epoch: 600, Loss: 0.0124, Train: 90.62%, Valid: 83.20%, Test: 83.40%, Best Valid: 91.60%, Best Test: 89.20%
Epoch: 700, Loss: 0.0184, Train: 88.75%, Valid: 82.00%, Test: 82.20%, Best Valid: 91.60%, Best Test: 89.20%
Epoch: 800, Loss: 0.0068, Train: 100.00%, Valid: 83.00%, Test: 84.60%, Best Valid: 91.60%, Best Test: 89.20%
Epoch: 900, Loss: 0.0054, Train: 94.38%, Valid: 69.20%, Test: 71.80%, Best Valid: 91.60%, Best Test: 89.20%
Run 02:
Highest Train: 100.00
Highest Valid: 91.60
Highest Test: 90.00
Chosen epoch: 544
Final Train: 96.88
Final Test: 89.20
Pre-training MLP for 500 epochs to generate co-occurrence matrix...
MLP pre-training complete. Penalty matrix frozen.
Epoch: 00, Loss: 3.4905, Train: 13.75%, Valid: 27.40%, Test: 25.00%, Best Valid: 27.40%, Best Test: 25.00%
Epoch: 100, Loss: 0.0175, Train: 96.88%, Valid: 77.80%, Test: 78.20%, Best Valid: 77.80%, Best Test: 78.20%
Epoch: 200, Loss: 0.0055, Train: 95.62%, Valid: 76.40%, Test: 75.90%, Best Valid: 89.40%, Best Test: 85.60%
Epoch: 300, Loss: 0.0118, Train: 100.00%, Valid: 85.80%, Test: 86.80%, Best Valid: 89.40%, Best Test: 85.60%
Epoch: 400, Loss: 0.0198, Train: 25.00%, Valid: 14.60%, Test: 16.10%, Best Valid: 89.40%, Best Test: 85.60%
Epoch: 500, Loss: 0.0085, Train: 96.25%, Valid: 76.40%, Test: 77.30%, Best Valid: 89.40%, Best Test: 85.60%
Epoch: 600, Loss: 0.0562, Train: 99.38%, Valid: 87.20%, Test: 86.60%, Best Valid: 89.40%, Best Test: 85.60%
Epoch: 700, Loss: 0.0099, Train: 95.00%, Valid: 82.60%, Test: 81.40%, Best Valid: 89.40%, Best Test: 85.60%
Epoch: 800, Loss: 0.0888, Train: 45.62%, Valid: 40.80%, Test: 40.90%, Best Valid: 89.40%, Best Test: 85.60%
Epoch: 900, Loss: 0.1218, Train: 63.12%, Valid: 55.20%, Test: 52.80%, Best Valid: 89.40%, Best Test: 85.60%
Run 03:
Highest Train: 100.00
Highest Valid: 89.40
Highest Test: 88.20
Chosen epoch: 189
Final Train: 98.75
Final Test: 85.60
Pre-training MLP for 500 epochs to generate co-occurrence matrix...
MLP pre-training complete. Penalty matrix frozen.
Epoch: 00, Loss: 3.8105, Train: 12.50%, Valid: 8.40%, Test: 7.90%, Best Valid: 8.40%, Best Test: 7.90%
Epoch: 100, Loss: 0.0111, Train: 86.25%, Valid: 60.00%, Test: 62.70%, Best Valid: 60.00%, Best Test: 62.70%
Epoch: 200, Loss: 0.0176, Train: 93.12%, Valid: 75.60%, Test: 76.90%, Best Valid: 84.00%, Best Test: 84.60%
Epoch: 300, Loss: 0.0104, Train: 94.38%, Valid: 82.80%, Test: 82.50%, Best Valid: 86.40%, Best Test: 84.80%
Epoch: 400, Loss: 0.0064, Train: 83.12%, Valid: 53.20%, Test: 56.00%, Best Valid: 86.80%, Best Test: 86.60%
Epoch: 500, Loss: 0.0134, Train: 98.75%, Valid: 87.00%, Test: 88.70%, Best Valid: 87.60%, Best Test: 87.00%
Epoch: 600, Loss: 0.0069, Train: 75.62%, Valid: 55.80%, Test: 55.70%, Best Valid: 87.60%, Best Test: 87.00%
Epoch: 700, Loss: 0.0238, Train: 81.88%, Valid: 75.20%, Test: 76.80%, Best Valid: 87.60%, Best Test: 87.00%
Epoch: 800, Loss: 0.0118, Train: 98.75%, Valid: 86.00%, Test: 86.50%, Best Valid: 92.80%, Best Test: 90.80%
Epoch: 900, Loss: 0.0230, Train: 39.38%, Valid: 25.60%, Test: 32.10%, Best Valid: 92.80%, Best Test: 90.80%
Run 04:
Highest Train: 100.00
Highest Valid: 92.80
Highest Test: 90.80
Chosen epoch: 707
Final Train: 97.50
Final Test: 90.80
Pre-training MLP for 500 epochs to generate co-occurrence matrix...
MLP pre-training complete. Penalty matrix frozen.
Epoch: 00, Loss: 4.0715, Train: 12.50%, Valid: 8.40%, Test: 7.90%, Best Valid: 8.40%, Best Test: 7.90%
Epoch: 100, Loss: 0.0138, Train: 91.88%, Valid: 75.00%, Test: 75.60%, Best Valid: 75.80%, Best Test: 75.60%
Epoch: 200, Loss: 0.0402, Train: 51.88%, Valid: 48.40%, Test: 48.90%, Best Valid: 84.00%, Best Test: 84.80%
Epoch: 300, Loss: 0.0167, Train: 28.75%, Valid: 16.80%, Test: 17.10%, Best Valid: 91.80%, Best Test: 88.90%
Epoch: 400, Loss: 0.0033, Train: 89.38%, Valid: 63.60%, Test: 68.00%, Best Valid: 91.80%, Best Test: 88.90%
Epoch: 500, Loss: 0.0089, Train: 92.50%, Valid: 74.00%, Test: 75.80%, Best Valid: 91.80%, Best Test: 88.90%
Epoch: 600, Loss: 0.0086, Train: 97.50%, Valid: 84.20%, Test: 82.80%, Best Valid: 91.80%, Best Test: 88.90%
Epoch: 700, Loss: 0.0199, Train: 63.12%, Valid: 55.40%, Test: 52.20%, Best Valid: 91.80%, Best Test: 88.90%
Epoch: 800, Loss: 0.0064, Train: 100.00%, Valid: 82.60%, Test: 84.00%, Best Valid: 91.80%, Best Test: 88.90%
Epoch: 900, Loss: 0.0187, Train: 100.00%, Valid: 89.80%, Test: 88.80%, Best Valid: 93.40%, Best Test: 90.00%
Run 05:
Highest Train: 100.00
Highest Valid: 93.40
Highest Test: 90.60
Chosen epoch: 838
Final Train: 93.75
Final Test: 90.00
All runs:
Highest Train: 100.00 ± 0.00
Highest Test: 89.76 ± 1.07
Highest Valid: 91.64 ± 1.57
  Final Train: 96.88 ± 1.88
   Final Test: 88.76 ± 2.01
Saving results to mlp_gt/results_full/amazon-photo/sgformer.csv

Running with MLP-GT Regularization (lambda=0.4)...
Namespace(aggregate='add', alpha=0.5, attention='gcn', beta=-1.0, bn=False, cpu=False, data_dir='../data/', dataset='amazon-photo', device=0, dim_inner=256, display_step=100, dropout=0.3, epochs=1000, global_dropout=None, global_layers=2, gnn='gcn', graph_weight=0.5, hidden_channels=256, hops=10, in_dropout=0.0, jk=False, label_num_per_class=20, lambda_val=0.4, layers=3, ln=False, local_gnn_type='GCN', local_layers=7, lr=0.01, metric='acc', mlp_epochs=500, mlp_reg=True, model='sgformer', model_dir='./model/', n_heads=1, num_centroids=4096, num_heads=1, oracle_reg=False, pe_types='RWSE', pre_linear=False, pre_ln=False, rand_split=False, rand_split_class=True, reg_start_epoch=10, reg_update_freq=5, res=False, result_dir='mlp_gt/results_full', runs=5, save_model=False, save_result=False, seed=123, test_num=1000, train_prop=0.5, use_act=True, use_bn=True, use_graph=True, use_reg=True, use_residual=True, use_weight=False, valid_num=500, valid_prop=0.25, weight_decay=0.0005)
amazon-photo
train:torch.Size([160]), valid:torch.Size([500]), test:torch.Size([1000])
dataset amazon-photo | num nodes 7650 | num edge 238162 | num node feats 745 | num classes 8
MODEL: SGFormer(
  (trans_conv): TransConv(
    (convs): ModuleList(
      (0): TransConvLayer(
        (Wk): Linear(in_features=256, out_features=256, bias=True)
        (Wq): Linear(in_features=256, out_features=256, bias=True)
      )
      (1): TransConvLayer(
        (Wk): Linear(in_features=256, out_features=256, bias=True)
        (Wq): Linear(in_features=256, out_features=256, bias=True)
      )
      (2): TransConvLayer(
        (Wk): Linear(in_features=256, out_features=256, bias=True)
        (Wq): Linear(in_features=256, out_features=256, bias=True)
      )
    )
    (fcs): ModuleList(
      (0): Linear(in_features=745, out_features=256, bias=True)
    )
    (bns): ModuleList(
      (0): LayerNorm((256,), eps=1e-05, elementwise_affine=True)
      (1): LayerNorm((256,), eps=1e-05, elementwise_affine=True)
      (2): LayerNorm((256,), eps=1e-05, elementwise_affine=True)
      (3): LayerNorm((256,), eps=1e-05, elementwise_affine=True)
    )
  )
  (gnn): GCN(
    (convs): ModuleList(
      (0): GCNConv(745, 256)
      (1): GCNConv(256, 256)
      (2): GCNConv(256, 256)
    )
    (bns): ModuleList(
      (0): BatchNorm1d(256, eps=1e-05, momentum=0.1, affine=True, track_running_stats=True)
      (1): BatchNorm1d(256, eps=1e-05, momentum=0.1, affine=True, track_running_stats=True)
    )
  )
  (fc): Linear(in_features=256, out_features=8, bias=True)
)
Pre-training MLP for 500 epochs to generate co-occurrence matrix...
MLP pre-training complete. Penalty matrix frozen.
Epoch: 00, Loss: 2.9844, Train: 12.50%, Valid: 14.60%, Test: 12.20%, Best Valid: 14.60%, Best Test: 12.20%
Epoch: 100, Loss: 0.0064, Train: 92.50%, Valid: 70.40%, Test: 66.70%, Best Valid: 70.40%, Best Test: 66.70%
Epoch: 200, Loss: 0.0381, Train: 63.12%, Valid: 60.40%, Test: 60.80%, Best Valid: 84.60%, Best Test: 85.00%
Epoch: 300, Loss: 0.0219, Train: 91.25%, Valid: 81.60%, Test: 80.30%, Best Valid: 89.00%, Best Test: 87.90%
Epoch: 400, Loss: 0.0124, Train: 100.00%, Valid: 87.60%, Test: 86.80%, Best Valid: 89.20%, Best Test: 87.40%
Epoch: 500, Loss: 0.0595, Train: 43.12%, Valid: 48.40%, Test: 48.10%, Best Valid: 89.20%, Best Test: 87.40%
Epoch: 600, Loss: 0.0165, Train: 99.38%, Valid: 79.60%, Test: 81.60%, Best Valid: 89.60%, Best Test: 87.30%
Epoch: 700, Loss: 0.0684, Train: 76.25%, Valid: 76.60%, Test: 79.00%, Best Valid: 89.60%, Best Test: 87.30%
Epoch: 800, Loss: 0.2454, Train: 42.50%, Valid: 48.60%, Test: 44.20%, Best Valid: 90.20%, Best Test: 88.10%
Epoch: 900, Loss: 0.0139, Train: 100.00%, Valid: 87.20%, Test: 87.60%, Best Valid: 90.20%, Best Test: 88.10%
Run 01:
Highest Train: 100.00
Highest Valid: 90.20
Highest Test: 90.10
Chosen epoch: 729
Final Train: 99.38
Final Test: 88.10
Pre-training MLP for 500 epochs to generate co-occurrence matrix...
MLP pre-training complete. Penalty matrix frozen.
Epoch: 00, Loss: 4.8588, Train: 17.50%, Valid: 9.20%, Test: 9.10%, Best Valid: 9.20%, Best Test: 9.10%
Epoch: 100, Loss: 0.0087, Train: 96.25%, Valid: 81.40%, Test: 81.30%, Best Valid: 81.40%, Best Test: 81.30%
Epoch: 200, Loss: 0.0050, Train: 100.00%, Valid: 86.60%, Test: 86.30%, Best Valid: 86.60%, Best Test: 86.30%
Epoch: 300, Loss: 0.0027, Train: 100.00%, Valid: 83.60%, Test: 84.90%, Best Valid: 87.80%, Best Test: 87.00%
Epoch: 400, Loss: 0.0053, Train: 99.38%, Valid: 88.40%, Test: 85.40%, Best Valid: 91.20%, Best Test: 89.30%
Epoch: 500, Loss: 0.0160, Train: 60.00%, Valid: 53.20%, Test: 53.00%, Best Valid: 91.20%, Best Test: 89.30%
Epoch: 600, Loss: 0.0249, Train: 99.38%, Valid: 85.60%, Test: 83.00%, Best Valid: 91.20%, Best Test: 89.30%
Epoch: 700, Loss: 0.0348, Train: 32.50%, Valid: 33.00%, Test: 31.40%, Best Valid: 91.20%, Best Test: 89.30%
Epoch: 800, Loss: 0.0157, Train: 90.62%, Valid: 75.20%, Test: 76.00%, Best Valid: 91.20%, Best Test: 89.30%
Epoch: 900, Loss: 0.0168, Train: 97.50%, Valid: 79.20%, Test: 79.50%, Best Valid: 91.60%, Best Test: 89.80%
Run 02:
Highest Train: 100.00
Highest Valid: 91.60
Highest Test: 89.80
Chosen epoch: 871
Final Train: 100.00
Final Test: 89.80
Pre-training MLP for 500 epochs to generate co-occurrence matrix...
MLP pre-training complete. Penalty matrix frozen.
Epoch: 00, Loss: 3.9785, Train: 12.50%, Valid: 27.40%, Test: 25.00%, Best Valid: 27.40%, Best Test: 25.00%
Epoch: 100, Loss: 0.0119, Train: 95.00%, Valid: 77.20%, Test: 75.60%, Best Valid: 77.20%, Best Test: 75.60%
Epoch: 200, Loss: 0.0857, Train: 76.25%, Valid: 65.60%, Test: 69.90%, Best Valid: 86.20%, Best Test: 84.50%
Epoch: 300, Loss: 0.0029, Train: 96.88%, Valid: 76.00%, Test: 75.50%, Best Valid: 88.40%, Best Test: 87.60%
Epoch: 400, Loss: 0.0100, Train: 100.00%, Valid: 85.20%, Test: 85.00%, Best Valid: 88.40%, Best Test: 87.60%
Epoch: 500, Loss: 0.0061, Train: 96.25%, Valid: 79.00%, Test: 77.60%, Best Valid: 88.40%, Best Test: 87.60%
Epoch: 600, Loss: 0.0329, Train: 96.25%, Valid: 87.80%, Test: 86.30%, Best Valid: 88.40%, Best Test: 87.60%
Epoch: 700, Loss: 0.0073, Train: 98.12%, Valid: 80.20%, Test: 81.80%, Best Valid: 88.40%, Best Test: 87.60%
Epoch: 800, Loss: 0.0857, Train: 39.38%, Valid: 35.60%, Test: 33.70%, Best Valid: 88.40%, Best Test: 87.60%
Epoch: 900, Loss: 0.0049, Train: 98.75%, Valid: 81.40%, Test: 81.60%, Best Valid: 91.20%, Best Test: 88.60%
Run 03:
Highest Train: 100.00
Highest Valid: 91.20
Highest Test: 89.50
Chosen epoch: 843
Final Train: 100.00
Final Test: 88.60
Pre-training MLP for 500 epochs to generate co-occurrence matrix...
MLP pre-training complete. Penalty matrix frozen.
Epoch: 00, Loss: 4.3582, Train: 15.00%, Valid: 14.60%, Test: 13.50%, Best Valid: 14.60%, Best Test: 13.50%
Epoch: 100, Loss: 0.0073, Train: 95.62%, Valid: 74.00%, Test: 76.80%, Best Valid: 74.00%, Best Test: 76.80%
Epoch: 200, Loss: 0.0061, Train: 100.00%, Valid: 84.80%, Test: 84.50%, Best Valid: 85.20%, Best Test: 84.50%
Epoch: 300, Loss: 0.0268, Train: 98.12%, Valid: 85.20%, Test: 86.40%, Best Valid: 85.80%, Best Test: 84.70%
Epoch: 400, Loss: 0.0811, Train: 42.50%, Valid: 39.80%, Test: 39.80%, Best Valid: 90.20%, Best Test: 87.00%
Epoch: 500, Loss: 0.0433, Train: 45.00%, Valid: 40.80%, Test: 39.70%, Best Valid: 90.20%, Best Test: 87.00%
Epoch: 600, Loss: 0.0147, Train: 78.75%, Valid: 68.60%, Test: 71.10%, Best Valid: 90.20%, Best Test: 87.00%
Epoch: 700, Loss: 0.0146, Train: 98.12%, Valid: 70.00%, Test: 72.20%, Best Valid: 90.20%, Best Test: 87.00%
Epoch: 800, Loss: 0.0766, Train: 48.75%, Valid: 29.80%, Test: 34.70%, Best Valid: 91.40%, Best Test: 88.50%
Epoch: 900, Loss: 0.0087, Train: 98.12%, Valid: 85.60%, Test: 83.50%, Best Valid: 91.40%, Best Test: 88.50%
Run 04:
Highest Train: 100.00
Highest Valid: 91.40
Highest Test: 88.50
Chosen epoch: 767
Final Train: 96.88
Final Test: 88.50
Pre-training MLP for 500 epochs to generate co-occurrence matrix...
MLP pre-training complete. Penalty matrix frozen.
Epoch: 00, Loss: 5.0926, Train: 17.50%, Valid: 24.40%, Test: 21.20%, Best Valid: 24.40%, Best Test: 21.20%
Epoch: 100, Loss: 0.0187, Train: 96.88%, Valid: 81.80%, Test: 81.40%, Best Valid: 81.80%, Best Test: 81.40%
Epoch: 200, Loss: 0.0074, Train: 100.00%, Valid: 85.40%, Test: 84.00%, Best Valid: 87.80%, Best Test: 86.10%
Epoch: 300, Loss: 0.0057, Train: 98.75%, Valid: 85.60%, Test: 85.80%, Best Valid: 88.00%, Best Test: 86.10%
Epoch: 400, Loss: 0.0293, Train: 89.38%, Valid: 78.00%, Test: 79.60%, Best Valid: 88.60%, Best Test: 87.00%
Epoch: 500, Loss: 0.0278, Train: 22.50%, Valid: 30.40%, Test: 29.00%, Best Valid: 88.60%, Best Test: 87.00%
Epoch: 600, Loss: 0.0045, Train: 100.00%, Valid: 87.60%, Test: 85.30%, Best Valid: 90.00%, Best Test: 86.50%
Epoch: 700, Loss: 0.0088, Train: 97.50%, Valid: 81.20%, Test: 81.40%, Best Valid: 90.00%, Best Test: 86.50%
Epoch: 800, Loss: 0.0380, Train: 55.62%, Valid: 41.60%, Test: 43.00%, Best Valid: 90.00%, Best Test: 86.50%
Epoch: 900, Loss: 0.0081, Train: 100.00%, Valid: 87.20%, Test: 87.30%, Best Valid: 90.80%, Best Test: 89.10%
Run 05:
Highest Train: 100.00
Highest Valid: 90.80
Highest Test: 89.30
Chosen epoch: 890
Final Train: 97.50
Final Test: 89.10
All runs:
Highest Train: 100.00 ± 0.00
Highest Test: 89.44 ± 0.61
Highest Valid: 91.04 ± 0.55
  Final Train: 98.75 ± 1.47
   Final Test: 88.82 ± 0.65
Saving results to mlp_gt/results_full/amazon-photo/sgformer.csv

GT sweep completed!
==========================================================
Task 36 (sgformer / amazon-photo) completed at: Tue Apr 28 09:09:43 AM EDT 2026
==========================================================
