/project/ikoutis/conda_env/co-occurrence/lib/python3.8/site-packages/torch_geometric/graphgym/config.py:19: UserWarning: Could not define global config object. Please install 'yacs' via 'pip install yacs' in order to use GraphGym
  warnings.warn("Could not define global config object. Please install "
/project/ikoutis/conda_env/co-occurrence/lib/python3.8/site-packages/torch_geometric/graphgym/imports.py:14: UserWarning: Please install 'pytorch_lightning' via  'pip install pytorch_lightning' in order to use GraphGym
  warnings.warn("Please install 'pytorch_lightning' via  "
Traceback (most recent call last):
  File "main.py", line 13, in <module>
    from parse import parse_method, parser_add_main_args
  File "/mmfs1/project/ikoutis/github/co-occurrence-regularization/medium_graph/GTs_baselines/parse.py", line 3, in <module>
    from sgformer import SGFormer, GCN
  File "/mmfs1/project/ikoutis/github/co-occurrence-regularization/medium_graph/GTs_baselines/sgformer.py", line 11, in <module>
    from torch_sparse import SparseTensor, matmul
ModuleNotFoundError: No module named 'torch_sparse'
/project/ikoutis/conda_env/co-occurrence/lib/python3.8/site-packages/torch_geometric/graphgym/config.py:19: UserWarning: Could not define global config object. Please install 'yacs' via 'pip install yacs' in order to use GraphGym
  warnings.warn("Could not define global config object. Please install "
/project/ikoutis/conda_env/co-occurrence/lib/python3.8/site-packages/torch_geometric/graphgym/imports.py:14: UserWarning: Please install 'pytorch_lightning' via  'pip install pytorch_lightning' in order to use GraphGym
  warnings.warn("Please install 'pytorch_lightning' via  "
Traceback (most recent call last):
  File "main.py", line 13, in <module>
    from parse import parse_method, parser_add_main_args
  File "/mmfs1/project/ikoutis/github/co-occurrence-regularization/medium_graph/GTs_baselines/parse.py", line 3, in <module>
    from sgformer import SGFormer, GCN
  File "/mmfs1/project/ikoutis/github/co-occurrence-regularization/medium_graph/GTs_baselines/sgformer.py", line 11, in <module>
    from torch_sparse import SparseTensor, matmul
ModuleNotFoundError: No module named 'torch_sparse'
/project/ikoutis/conda_env/co-occurrence/lib/python3.8/site-packages/torch_geometric/graphgym/config.py:19: UserWarning: Could not define global config object. Please install 'yacs' via 'pip install yacs' in order to use GraphGym
  warnings.warn("Could not define global config object. Please install "
/project/ikoutis/conda_env/co-occurrence/lib/python3.8/site-packages/torch_geometric/graphgym/imports.py:14: UserWarning: Please install 'pytorch_lightning' via  'pip install pytorch_lightning' in order to use GraphGym
  warnings.warn("Please install 'pytorch_lightning' via  "
Traceback (most recent call last):
  File "main.py", line 13, in <module>
    from parse import parse_method, parser_add_main_args
  File "/mmfs1/project/ikoutis/github/co-occurrence-regularization/medium_graph/GTs_baselines/parse.py", line 3, in <module>
    from sgformer import SGFormer, GCN
  File "/mmfs1/project/ikoutis/github/co-occurrence-regularization/medium_graph/GTs_baselines/sgformer.py", line 11, in <module>
    from torch_sparse import SparseTensor, matmul
ModuleNotFoundError: No module named 'torch_sparse'
/project/ikoutis/conda_env/co-occurrence/lib/python3.8/site-packages/torch_geometric/graphgym/config.py:19: UserWarning: Could not define global config object. Please install 'yacs' via 'pip install yacs' in order to use GraphGym
  warnings.warn("Could not define global config object. Please install "
/project/ikoutis/conda_env/co-occurrence/lib/python3.8/site-packages/torch_geometric/graphgym/imports.py:14: UserWarning: Please install 'pytorch_lightning' via  'pip install pytorch_lightning' in order to use GraphGym
  warnings.warn("Please install 'pytorch_lightning' via  "
Traceback (most recent call last):
  File "main.py", line 13, in <module>
    from parse import parse_method, parser_add_main_args
  File "/mmfs1/project/ikoutis/github/co-occurrence-regularization/medium_graph/GTs_baselines/parse.py", line 3, in <module>
    from sgformer import SGFormer, GCN
  File "/mmfs1/project/ikoutis/github/co-occurrence-regularization/medium_graph/GTs_baselines/sgformer.py", line 11, in <module>
    from torch_sparse import SparseTensor, matmul
ModuleNotFoundError: No module named 'torch_sparse'
/project/ikoutis/conda_env/co-occurrence/lib/python3.8/site-packages/torch_geometric/graphgym/config.py:19: UserWarning: Could not define global config object. Please install 'yacs' via 'pip install yacs' in order to use GraphGym
  warnings.warn("Could not define global config object. Please install "
/project/ikoutis/conda_env/co-occurrence/lib/python3.8/site-packages/torch_geometric/graphgym/imports.py:14: UserWarning: Please install 'pytorch_lightning' via  'pip install pytorch_lightning' in order to use GraphGym
  warnings.warn("Please install 'pytorch_lightning' via  "
Traceback (most recent call last):
  File "main.py", line 13, in <module>
    from parse import parse_method, parser_add_main_args
  File "/mmfs1/project/ikoutis/github/co-occurrence-regularization/medium_graph/GTs_baselines/parse.py", line 3, in <module>
    from sgformer import SGFormer, GCN
  File "/mmfs1/project/ikoutis/github/co-occurrence-regularization/medium_graph/GTs_baselines/sgformer.py", line 11, in <module>
    from torch_sparse import SparseTensor, matmul
ModuleNotFoundError: No module named 'torch_sparse'
