==========================================================
MLP-GT Missing Tasks | Task 0
Job: 1014050 | Date: Wed Apr 29 12:18:41 AM EDT 2026 | Host: n0001
==========================================================
Wed Apr 29 00:18:45 2026       
+-----------------------------------------------------------------------------------------+
| NVIDIA-SMI 570.211.01             Driver Version: 570.211.01     CUDA Version: 12.8     |
|-----------------------------------------+------------------------+----------------------+
| GPU  Name                 Persistence-M | Bus-Id          Disp.A | Volatile Uncorr. ECC |
| Fan  Temp   Perf          Pwr:Usage/Cap |           Memory-Usage | GPU-Util  Compute M. |
|                                         |                        |               MIG M. |
|=========================================+========================+======================|
|   0  NVIDIA A100-SXM4-80GB          On  |   00000000:01:00.0 Off |                   On |
| N/A   32C    P0            110W /  500W |    2208MiB /  81920MiB |     N/A      Default |
|                                         |                        |              Enabled |
+-----------------------------------------+------------------------+----------------------+
|   1  NVIDIA A100-SXM4-80GB          On  |   00000000:41:00.0 Off |                   On |
| N/A   37C    P0            156W /  500W |    3651MiB /  81920MiB |     N/A      Default |
|                                         |                        |              Enabled |
+-----------------------------------------+------------------------+----------------------+
|   2  NVIDIA A100-SXM4-80GB          On  |   00000000:81:00.0 Off |                   On |
| N/A   30C    P0             49W /  500W |     185MiB /  81920MiB |     N/A      Default |
|                                         |                        |              Enabled |
+-----------------------------------------+------------------------+----------------------+
|   3  NVIDIA A100-SXM4-80GB          On  |   00000000:C1:00.0 Off |                   On |
| N/A   25C    P0             49W /  500W |     185MiB /  81920MiB |     N/A      Default |
|                                         |                        |              Enabled |
+-----------------------------------------+------------------------+----------------------+

+-----------------------------------------------------------------------------------------+
| MIG devices:                                                                            |
+------------------+----------------------------------+-----------+-----------------------+
| GPU  GI  CI  MIG |                     Memory-Usage |        Vol|        Shared         |
|      ID  ID  Dev |                       BAR1-Usage | SM     Unc| CE ENC  DEC  OFA  JPG |
|                  |                                  |        ECC|                       |
|==================+==================================+===========+=======================|
|  2    3   0   0  |              53MiB / 19968MiB    | 28      0 |  2   0    1    0    0 |
|                  |                 0MiB / 32767MiB  |           |                       |
+------------------+----------------------------------+-----------+-----------------------+
                                                                                         
+-----------------------------------------------------------------------------------------+
| Processes:                                                                              |
|  GPU   GI   CI              PID   Type   Process name                        GPU Memory |
|        ID   ID                                                               Usage      |
|=========================================================================================|
|    0   13    0          1005700      C   .../geller/tb439/env7/bin/python       1016MiB |
|    0    5    0          1024313      C   python                                  452MiB |
|    0    1    0          1024406      C   python                                  540MiB |
|    1    1    0          1021475      C   python                                 3460MiB |
+-----------------------------------------------------------------------------------------+
1.12.1
True
NVIDIA A100-SXM4-80GB MIG 2g.20gb
Model: polynormer | Dataset: chameleon
==========================================================
Starting mlp_gt GT Sweep for:
python main.py --model polynormer --dataset chameleon         --hidden_channels 128 --local_layers 2 --global_layers 2 --num_heads 4 --lr 0.01 --weight_decay 5e-4 --dropout 0.3 --epochs 1000         --runs 5 --device 0         
Result dir: mlp_gt/results_full
==========================================================
Running GT Baseline (no reg)...
Namespace(aggregate='add', alpha=0.5, attention='gcn', beta=-1.0, bn=False, cpu=False, data_dir='../data/', dataset='chameleon', device=0, dim_inner=128, display_step=100, dropout=0.3, epochs=1000, global_dropout=None, global_layers=2, gnn='gcn', graph_weight=0.8, hidden_channels=128, hops=10, in_dropout=0.0, jk=False, label_num_per_class=20, lambda_val=0.5, layers=1, ln=False, local_gnn_type='GCN', local_layers=2, lr=0.01, metric='acc', mlp_epochs=500, mlp_reg=False, model='polynormer', model_dir='./model/', n_heads=4, num_centroids=4096, num_heads=4, oracle_reg=False, pe_types='RWSE', pre_linear=False, pre_ln=False, rand_split=False, rand_split_class=False, reg_start_epoch=10, reg_update_freq=5, res=False, result_dir='mlp_gt/results_full', runs=5, save_model=False, save_result=False, seed=42, test_num=1000, train_prop=0.5, use_act=False, use_bn=False, use_graph=False, use_reg=False, use_residual=False, use_weight=False, valid_num=500, valid_prop=0.25, weight_decay=0.0005)
chameleon
dataset chameleon | num nodes 890 | num edge 8854 | num node feats 2325 | num classes 5
MODEL: Polynormer(
  (h_lins): ModuleList(
    (0): Linear(in_features=512, out_features=512, bias=True)
    (1): Linear(in_features=512, out_features=512, bias=True)
  )
  (local_convs): ModuleList(
    (0): GATConv(512, 128, heads=4)
    (1): GATConv(512, 128, heads=4)
  )
  (lins): ModuleList(
    (0): Linear(in_features=512, out_features=512, bias=True)
    (1): Linear(in_features=512, out_features=512, bias=True)
  )
  (lns): ModuleList(
    (0): LayerNorm((512,), eps=1e-05, elementwise_affine=True)
    (1): LayerNorm((512,), eps=1e-05, elementwise_affine=True)
  )
  (lin_in): Linear(in_features=2325, out_features=512, bias=True)
  (ln): LayerNorm((512,), eps=1e-05, elementwise_affine=True)
  (global_attn): GlobalAttn(
    (h_lins): ModuleList(
      (0): Linear(in_features=512, out_features=512, bias=True)
      (1): Linear(in_features=512, out_features=512, bias=True)
    )
    (k_lins): ModuleList(
      (0): Linear(in_features=512, out_features=512, bias=True)
      (1): Linear(in_features=512, out_features=512, bias=True)
    )
    (v_lins): ModuleList(
      (0): Linear(in_features=512, out_features=512, bias=True)
      (1): Linear(in_features=512, out_features=512, bias=True)
    )
    (lns): ModuleList(
      (0): LayerNorm((512,), eps=1e-05, elementwise_affine=True)
      (1): LayerNorm((512,), eps=1e-05, elementwise_affine=True)
    )
    (lin_out): Linear(in_features=512, out_features=512, bias=True)
  )
  (pred_local): Linear(in_features=512, out_features=5, bias=True)
  (pred_global): Linear(in_features=512, out_features=5, bias=True)
)
Epoch: 00, Loss: 1.6968, Train: 28.61%, Valid: 22.65%, Test: 24.23%, Best Valid: 22.65%, Best Test: 24.23%
Epoch: 100, Loss: 0.0043, Train: 100.00%, Valid: 34.49%, Test: 33.51%, Best Valid: 40.77%, Best Test: 39.18%
Epoch: 200, Loss: 0.0097, Train: 100.00%, Valid: 36.59%, Test: 37.11%, Best Valid: 40.77%, Best Test: 39.18%
Epoch: 300, Loss: 0.0157, Train: 100.00%, Valid: 33.45%, Test: 31.96%, Best Valid: 40.77%, Best Test: 39.18%
Epoch: 400, Loss: 0.1690, Train: 99.76%, Valid: 37.98%, Test: 35.05%, Best Valid: 41.46%, Best Test: 35.57%
Epoch: 500, Loss: 0.0081, Train: 100.00%, Valid: 36.24%, Test: 35.57%, Best Valid: 41.46%, Best Test: 35.57%
Epoch: 600, Loss: 0.0635, Train: 99.76%, Valid: 32.40%, Test: 37.11%, Best Valid: 41.46%, Best Test: 35.57%
Epoch: 700, Loss: 0.0200, Train: 99.27%, Valid: 37.98%, Test: 33.51%, Best Valid: 41.46%, Best Test: 35.57%
Epoch: 800, Loss: 0.0132, Train: 100.00%, Valid: 36.59%, Test: 38.66%, Best Valid: 44.25%, Best Test: 31.96%
Epoch: 900, Loss: 0.0168, Train: 100.00%, Valid: 34.49%, Test: 31.96%, Best Valid: 44.25%, Best Test: 31.96%
Run 01:
Highest Train: 100.00
Highest Valid: 44.25
Highest Test: 41.75
Chosen epoch: 708
Final Train: 100.00
Final Test: 31.96
Epoch: 00, Loss: 1.6143, Train: 57.14%, Valid: 34.77%, Test: 39.13%, Best Valid: 34.77%, Best Test: 39.13%
Epoch: 100, Loss: 0.0039, Train: 100.00%, Valid: 35.10%, Test: 44.10%, Best Valid: 36.75%, Best Test: 44.72%
Epoch: 200, Loss: 0.0020, Train: 100.00%, Valid: 36.42%, Test: 34.78%, Best Valid: 39.74%, Best Test: 42.86%
Epoch: 300, Loss: 0.0599, Train: 99.77%, Valid: 30.46%, Test: 36.02%, Best Valid: 39.74%, Best Test: 42.86%
Epoch: 400, Loss: 0.0115, Train: 100.00%, Valid: 29.14%, Test: 34.16%, Best Valid: 39.74%, Best Test: 42.86%
Epoch: 500, Loss: 0.0280, Train: 100.00%, Valid: 33.77%, Test: 37.27%, Best Valid: 39.74%, Best Test: 42.86%
Epoch: 600, Loss: 0.0067, Train: 99.77%, Valid: 33.11%, Test: 37.89%, Best Valid: 39.74%, Best Test: 42.86%
Epoch: 700, Loss: 0.0107, Train: 100.00%, Valid: 30.79%, Test: 37.89%, Best Valid: 39.74%, Best Test: 42.86%
Epoch: 800, Loss: 0.0029, Train: 100.00%, Valid: 31.46%, Test: 37.27%, Best Valid: 39.74%, Best Test: 42.86%
Epoch: 900, Loss: 0.6344, Train: 98.83%, Valid: 31.46%, Test: 35.40%, Best Valid: 39.74%, Best Test: 42.86%
Run 02:
Highest Train: 100.00
Highest Valid: 39.74
Highest Test: 46.58
Chosen epoch: 137
Final Train: 99.77
Final Test: 42.86
Epoch: 00, Loss: 1.6287, Train: 50.95%, Valid: 32.76%, Test: 27.53%, Best Valid: 32.76%, Best Test: 27.53%
Epoch: 100, Loss: 0.0025, Train: 100.00%, Valid: 39.31%, Test: 30.90%, Best Valid: 44.83%, Best Test: 32.58%
Epoch: 200, Loss: 0.0071, Train: 99.76%, Valid: 36.90%, Test: 32.58%, Best Valid: 44.83%, Best Test: 32.58%
Epoch: 300, Loss: 0.0069, Train: 99.76%, Valid: 38.62%, Test: 32.02%, Best Valid: 44.83%, Best Test: 32.58%
Epoch: 400, Loss: 0.0024, Train: 100.00%, Valid: 37.93%, Test: 32.02%, Best Valid: 44.83%, Best Test: 32.58%
Epoch: 500, Loss: 0.0057, Train: 100.00%, Valid: 34.48%, Test: 32.58%, Best Valid: 44.83%, Best Test: 32.58%
Epoch: 600, Loss: 0.0040, Train: 100.00%, Valid: 36.55%, Test: 32.02%, Best Valid: 44.83%, Best Test: 32.58%
Epoch: 700, Loss: 0.2409, Train: 97.87%, Valid: 31.38%, Test: 26.40%, Best Valid: 44.83%, Best Test: 32.58%
Epoch: 800, Loss: 0.1775, Train: 100.00%, Valid: 35.17%, Test: 35.39%, Best Valid: 44.83%, Best Test: 32.58%
Epoch: 900, Loss: 0.7906, Train: 100.00%, Valid: 35.52%, Test: 35.39%, Best Valid: 44.83%, Best Test: 32.58%
Run 03:
Highest Train: 100.00
Highest Valid: 44.83
Highest Test: 38.76
Chosen epoch: 3
Final Train: 49.05
Final Test: 32.58
Epoch: 00, Loss: 1.6679, Train: 40.53%, Valid: 31.97%, Test: 38.59%, Best Valid: 31.97%, Best Test: 38.59%
Epoch: 100, Loss: 0.0074, Train: 99.76%, Valid: 35.03%, Test: 40.76%, Best Valid: 39.80%, Best Test: 44.57%
Epoch: 200, Loss: 0.0175, Train: 100.00%, Valid: 35.71%, Test: 38.04%, Best Valid: 39.80%, Best Test: 44.57%
Epoch: 300, Loss: 0.0015, Train: 100.00%, Valid: 31.63%, Test: 38.04%, Best Valid: 39.80%, Best Test: 44.57%
Epoch: 400, Loss: 0.0056, Train: 100.00%, Valid: 35.03%, Test: 34.78%, Best Valid: 39.80%, Best Test: 44.57%
Epoch: 500, Loss: 0.0199, Train: 100.00%, Valid: 31.29%, Test: 39.13%, Best Valid: 39.80%, Best Test: 44.57%
Epoch: 600, Loss: 0.0036, Train: 100.00%, Valid: 31.97%, Test: 32.61%, Best Valid: 39.80%, Best Test: 44.57%
Epoch: 700, Loss: 0.0140, Train: 100.00%, Valid: 34.01%, Test: 37.50%, Best Valid: 39.80%, Best Test: 44.57%
Epoch: 800, Loss: 0.0280, Train: 99.76%, Valid: 35.03%, Test: 40.22%, Best Valid: 39.80%, Best Test: 44.57%
Epoch: 900, Loss: 0.0523, Train: 100.00%, Valid: 31.29%, Test: 36.96%, Best Valid: 39.80%, Best Test: 44.57%
Run 04:
Highest Train: 100.00
Highest Valid: 39.80
Highest Test: 45.11
Chosen epoch: 61
Final Train: 99.76
Final Test: 44.57
Epoch: 00, Loss: 1.6548, Train: 41.59%, Valid: 36.57%, Test: 36.26%, Best Valid: 36.57%, Best Test: 36.26%
Epoch: 100, Loss: 0.0038, Train: 100.00%, Valid: 38.81%, Test: 37.91%, Best Valid: 43.28%, Best Test: 40.11%
Epoch: 200, Loss: 0.0043, Train: 100.00%, Valid: 35.82%, Test: 32.97%, Best Valid: 43.28%, Best Test: 40.11%
Epoch: 300, Loss: 0.0208, Train: 99.77%, Valid: 39.18%, Test: 40.11%, Best Valid: 43.28%, Best Test: 40.11%
Epoch: 400, Loss: 0.0100, Train: 100.00%, Valid: 35.82%, Test: 34.07%, Best Valid: 43.28%, Best Test: 40.11%
Epoch: 500, Loss: 0.0039, Train: 100.00%, Valid: 33.96%, Test: 34.07%, Best Valid: 43.28%, Best Test: 40.11%
Epoch: 600, Loss: 0.0260, Train: 100.00%, Valid: 38.81%, Test: 36.26%, Best Valid: 43.28%, Best Test: 40.11%
Epoch: 700, Loss: 0.0324, Train: 99.77%, Valid: 34.33%, Test: 37.36%, Best Valid: 43.28%, Best Test: 40.11%
Epoch: 800, Loss: 0.0096, Train: 100.00%, Valid: 38.81%, Test: 36.81%, Best Valid: 43.66%, Best Test: 39.56%
Epoch: 900, Loss: 0.0340, Train: 100.00%, Valid: 42.16%, Test: 41.21%, Best Valid: 43.66%, Best Test: 39.56%
Run 05:
Highest Train: 100.00
Highest Valid: 44.40
Highest Test: 44.51
Chosen epoch: 914
Final Train: 100.00
Final Test: 35.71
All runs:
Highest Train: 100.00 ± 0.00
Highest Test: 43.34 ± 3.10
Highest Valid: 42.60 ± 2.60
  Final Train: 89.72 ± 22.73
   Final Test: 37.54 ± 5.85
Saving results to mlp_gt/results_full/chameleon/polynormer.csv

Running with MLP-GT Regularization (lambda=0.01)...
Namespace(aggregate='add', alpha=0.5, attention='gcn', beta=-1.0, bn=False, cpu=False, data_dir='../data/', dataset='chameleon', device=0, dim_inner=128, display_step=100, dropout=0.3, epochs=1000, global_dropout=None, global_layers=2, gnn='gcn', graph_weight=0.8, hidden_channels=128, hops=10, in_dropout=0.0, jk=False, label_num_per_class=20, lambda_val=0.01, layers=1, ln=False, local_gnn_type='GCN', local_layers=2, lr=0.01, metric='acc', mlp_epochs=500, mlp_reg=True, model='polynormer', model_dir='./model/', n_heads=4, num_centroids=4096, num_heads=4, oracle_reg=False, pe_types='RWSE', pre_linear=False, pre_ln=False, rand_split=False, rand_split_class=False, reg_start_epoch=10, reg_update_freq=5, res=False, result_dir='mlp_gt/results_full', runs=5, save_model=False, save_result=False, seed=42, test_num=1000, train_prop=0.5, use_act=False, use_bn=False, use_graph=False, use_reg=True, use_residual=False, use_weight=False, valid_num=500, valid_prop=0.25, weight_decay=0.0005)
chameleon
dataset chameleon | num nodes 890 | num edge 8854 | num node feats 2325 | num classes 5
MODEL: Polynormer(
  (h_lins): ModuleList(
    (0): Linear(in_features=512, out_features=512, bias=True)
    (1): Linear(in_features=512, out_features=512, bias=True)
  )
  (local_convs): ModuleList(
    (0): GATConv(512, 128, heads=4)
    (1): GATConv(512, 128, heads=4)
  )
  (lins): ModuleList(
    (0): Linear(in_features=512, out_features=512, bias=True)
    (1): Linear(in_features=512, out_features=512, bias=True)
  )
  (lns): ModuleList(
    (0): LayerNorm((512,), eps=1e-05, elementwise_affine=True)
    (1): LayerNorm((512,), eps=1e-05, elementwise_affine=True)
  )
  (lin_in): Linear(in_features=2325, out_features=512, bias=True)
  (ln): LayerNorm((512,), eps=1e-05, elementwise_affine=True)
  (global_attn): GlobalAttn(
    (h_lins): ModuleList(
      (0): Linear(in_features=512, out_features=512, bias=True)
      (1): Linear(in_features=512, out_features=512, bias=True)
    )
    (k_lins): ModuleList(
      (0): Linear(in_features=512, out_features=512, bias=True)
      (1): Linear(in_features=512, out_features=512, bias=True)
    )
    (v_lins): ModuleList(
      (0): Linear(in_features=512, out_features=512, bias=True)
      (1): Linear(in_features=512, out_features=512, bias=True)
    )
    (lns): ModuleList(
      (0): LayerNorm((512,), eps=1e-05, elementwise_affine=True)
      (1): LayerNorm((512,), eps=1e-05, elementwise_affine=True)
    )
    (lin_out): Linear(in_features=512, out_features=512, bias=True)
  )
  (pred_local): Linear(in_features=512, out_features=5, bias=True)
  (pred_global): Linear(in_features=512, out_features=5, bias=True)
)
Pre-training MLP for 500 epochs to generate co-occurrence matrix...
MLP pre-training complete. Penalty matrix frozen.
Epoch: 00, Loss: 1.6773, Train: 33.25%, Valid: 24.39%, Test: 25.77%, Best Valid: 24.39%, Best Test: 25.77%
Epoch: 100, Loss: 0.0032, Train: 100.00%, Valid: 36.59%, Test: 34.54%, Best Valid: 41.11%, Best Test: 40.21%
Epoch: 200, Loss: 0.0036, Train: 100.00%, Valid: 33.45%, Test: 34.54%, Best Valid: 41.11%, Best Test: 40.21%
Epoch: 300, Loss: 0.0128, Train: 100.00%, Valid: 36.24%, Test: 35.05%, Best Valid: 41.11%, Best Test: 40.21%
Epoch: 400, Loss: 0.0182, Train: 100.00%, Valid: 33.80%, Test: 31.96%, Best Valid: 41.11%, Best Test: 40.21%
Epoch: 500, Loss: 0.0232, Train: 99.76%, Valid: 34.84%, Test: 31.44%, Best Valid: 41.11%, Best Test: 40.21%
Epoch: 600, Loss: 0.4700, Train: 99.76%, Valid: 37.28%, Test: 38.14%, Best Valid: 41.11%, Best Test: 40.21%
Epoch: 700, Loss: 0.8902, Train: 99.51%, Valid: 41.81%, Test: 35.05%, Best Valid: 43.55%, Best Test: 34.54%
Epoch: 800, Loss: 0.0016, Train: 100.00%, Valid: 38.33%, Test: 36.60%, Best Valid: 43.55%, Best Test: 34.54%
Epoch: 900, Loss: 0.1814, Train: 99.51%, Valid: 38.68%, Test: 37.11%, Best Valid: 43.55%, Best Test: 34.54%
Run 01:
Highest Train: 100.00
Highest Valid: 43.55
Highest Test: 44.33
Chosen epoch: 676
Final Train: 99.76
Final Test: 34.54
Pre-training MLP for 500 epochs to generate co-occurrence matrix...
MLP pre-training complete. Penalty matrix frozen.
Epoch: 00, Loss: 1.6561, Train: 41.45%, Valid: 28.15%, Test: 31.06%, Best Valid: 28.15%, Best Test: 31.06%
Epoch: 100, Loss: 0.0018, Train: 100.00%, Valid: 32.12%, Test: 39.75%, Best Valid: 37.42%, Best Test: 38.51%
Epoch: 200, Loss: 0.0103, Train: 100.00%, Valid: 32.45%, Test: 36.65%, Best Valid: 37.42%, Best Test: 38.51%
Epoch: 300, Loss: 0.0243, Train: 100.00%, Valid: 28.81%, Test: 37.27%, Best Valid: 38.74%, Best Test: 37.27%
Epoch: 400, Loss: 0.0110, Train: 100.00%, Valid: 35.43%, Test: 37.89%, Best Valid: 38.74%, Best Test: 37.27%
Epoch: 500, Loss: 0.0113, Train: 100.00%, Valid: 30.79%, Test: 37.27%, Best Valid: 38.74%, Best Test: 37.27%
Epoch: 600, Loss: 0.0071, Train: 100.00%, Valid: 31.46%, Test: 36.02%, Best Valid: 38.74%, Best Test: 37.27%
Epoch: 700, Loss: 0.0110, Train: 100.00%, Valid: 30.79%, Test: 37.89%, Best Valid: 38.74%, Best Test: 37.27%
Epoch: 800, Loss: 0.0265, Train: 100.00%, Valid: 33.77%, Test: 39.75%, Best Valid: 38.74%, Best Test: 37.27%
Epoch: 900, Loss: 0.0138, Train: 100.00%, Valid: 33.44%, Test: 35.40%, Best Valid: 38.74%, Best Test: 37.27%
Run 02:
Highest Train: 100.00
Highest Valid: 38.74
Highest Test: 43.48
Chosen epoch: 207
Final Train: 99.77
Final Test: 37.27
Pre-training MLP for 500 epochs to generate co-occurrence matrix...
MLP pre-training complete. Penalty matrix frozen.
Epoch: 00, Loss: 1.6240, Train: 49.53%, Valid: 34.83%, Test: 28.09%, Best Valid: 34.83%, Best Test: 28.09%
Epoch: 100, Loss: 0.0055, Train: 100.00%, Valid: 40.69%, Test: 32.02%, Best Valid: 42.76%, Best Test: 32.58%
Epoch: 200, Loss: 0.0182, Train: 100.00%, Valid: 38.28%, Test: 33.15%, Best Valid: 42.76%, Best Test: 32.58%
Epoch: 300, Loss: 0.0046, Train: 100.00%, Valid: 40.00%, Test: 29.78%, Best Valid: 42.76%, Best Test: 32.58%
Epoch: 400, Loss: 0.0127, Train: 100.00%, Valid: 33.10%, Test: 30.90%, Best Valid: 42.76%, Best Test: 32.58%
Epoch: 500, Loss: 0.0122, Train: 100.00%, Valid: 37.59%, Test: 32.58%, Best Valid: 42.76%, Best Test: 32.58%
Epoch: 600, Loss: 0.2245, Train: 96.68%, Valid: 34.83%, Test: 32.58%, Best Valid: 42.76%, Best Test: 32.58%
Epoch: 700, Loss: 0.0022, Train: 100.00%, Valid: 37.59%, Test: 33.71%, Best Valid: 42.76%, Best Test: 32.58%
Epoch: 800, Loss: 0.0059, Train: 100.00%, Valid: 38.62%, Test: 29.78%, Best Valid: 42.76%, Best Test: 32.58%
Epoch: 900, Loss: 0.0022, Train: 100.00%, Valid: 37.24%, Test: 34.83%, Best Valid: 42.76%, Best Test: 32.58%
Run 03:
Highest Train: 100.00
Highest Valid: 42.76
Highest Test: 42.13
Chosen epoch: 3
Final Train: 38.86
Final Test: 32.58
Pre-training MLP for 500 epochs to generate co-occurrence matrix...
MLP pre-training complete. Penalty matrix frozen.
Epoch: 00, Loss: 1.6908, Train: 55.58%, Valid: 34.35%, Test: 40.22%, Best Valid: 34.35%, Best Test: 40.22%
Epoch: 100, Loss: 0.0018, Train: 100.00%, Valid: 35.71%, Test: 38.59%, Best Valid: 40.14%, Best Test: 40.76%
Epoch: 200, Loss: 0.0034, Train: 100.00%, Valid: 34.01%, Test: 41.30%, Best Valid: 40.14%, Best Test: 40.76%
Epoch: 300, Loss: 0.0047, Train: 100.00%, Valid: 29.93%, Test: 34.78%, Best Valid: 40.14%, Best Test: 40.76%
Epoch: 400, Loss: 0.0219, Train: 100.00%, Valid: 34.69%, Test: 33.70%, Best Valid: 40.14%, Best Test: 40.76%
Epoch: 500, Loss: 0.0136, Train: 100.00%, Valid: 33.67%, Test: 38.04%, Best Valid: 40.14%, Best Test: 40.76%
Epoch: 600, Loss: 0.0231, Train: 100.00%, Valid: 33.33%, Test: 34.78%, Best Valid: 40.14%, Best Test: 40.76%
Epoch: 700, Loss: 0.0075, Train: 100.00%, Valid: 35.71%, Test: 38.04%, Best Valid: 40.14%, Best Test: 40.76%
Epoch: 800, Loss: 0.0085, Train: 100.00%, Valid: 36.39%, Test: 36.96%, Best Valid: 40.14%, Best Test: 40.76%
Epoch: 900, Loss: 0.0140, Train: 100.00%, Valid: 34.35%, Test: 36.41%, Best Valid: 40.14%, Best Test: 40.76%
Run 04:
Highest Train: 100.00
Highest Valid: 40.14
Highest Test: 45.11
Chosen epoch: 3
Final Train: 54.61
Final Test: 40.76
Pre-training MLP for 500 epochs to generate co-occurrence matrix...
MLP pre-training complete. Penalty matrix frozen.
Epoch: 00, Loss: 1.6426, Train: 49.55%, Valid: 35.82%, Test: 35.71%, Best Valid: 35.82%, Best Test: 35.71%
Epoch: 100, Loss: 0.0065, Train: 100.00%, Valid: 38.43%, Test: 41.21%, Best Valid: 42.16%, Best Test: 41.21%
Epoch: 200, Loss: 0.0071, Train: 100.00%, Valid: 32.84%, Test: 38.46%, Best Valid: 42.54%, Best Test: 40.66%
Epoch: 300, Loss: 0.0026, Train: 100.00%, Valid: 33.96%, Test: 34.62%, Best Valid: 42.54%, Best Test: 40.66%
Epoch: 400, Loss: 0.0033, Train: 100.00%, Valid: 33.58%, Test: 36.81%, Best Valid: 42.54%, Best Test: 40.66%
Epoch: 500, Loss: 0.0065, Train: 99.77%, Valid: 37.31%, Test: 36.81%, Best Valid: 43.28%, Best Test: 40.66%
Epoch: 600, Loss: 0.0233, Train: 100.00%, Valid: 31.72%, Test: 35.16%, Best Valid: 43.28%, Best Test: 40.66%
Epoch: 700, Loss: 0.0150, Train: 100.00%, Valid: 36.19%, Test: 36.26%, Best Valid: 43.28%, Best Test: 40.66%
Epoch: 800, Loss: 0.0144, Train: 99.32%, Valid: 38.43%, Test: 42.31%, Best Valid: 43.28%, Best Test: 40.66%
Epoch: 900, Loss: 0.0241, Train: 100.00%, Valid: 36.19%, Test: 36.26%, Best Valid: 43.28%, Best Test: 40.66%
Run 05:
Highest Train: 100.00
Highest Valid: 43.28
Highest Test: 47.80
Chosen epoch: 474
Final Train: 100.00
Final Test: 40.66
All runs:
Highest Train: 100.00 ± 0.00
Highest Test: 44.57 ± 2.12
Highest Valid: 41.69 ± 2.14
  Final Train: 78.60 ± 29.61
   Final Test: 37.16 ± 3.64
Saving results to mlp_gt/results_full/chameleon/polynormer.csv

Running with MLP-GT Regularization (lambda=0.1)...
Namespace(aggregate='add', alpha=0.5, attention='gcn', beta=-1.0, bn=False, cpu=False, data_dir='../data/', dataset='chameleon', device=0, dim_inner=128, display_step=100, dropout=0.3, epochs=1000, global_dropout=None, global_layers=2, gnn='gcn', graph_weight=0.8, hidden_channels=128, hops=10, in_dropout=0.0, jk=False, label_num_per_class=20, lambda_val=0.1, layers=1, ln=False, local_gnn_type='GCN', local_layers=2, lr=0.01, metric='acc', mlp_epochs=500, mlp_reg=True, model='polynormer', model_dir='./model/', n_heads=4, num_centroids=4096, num_heads=4, oracle_reg=False, pe_types='RWSE', pre_linear=False, pre_ln=False, rand_split=False, rand_split_class=False, reg_start_epoch=10, reg_update_freq=5, res=False, result_dir='mlp_gt/results_full', runs=5, save_model=False, save_result=False, seed=42, test_num=1000, train_prop=0.5, use_act=False, use_bn=False, use_graph=False, use_reg=True, use_residual=False, use_weight=False, valid_num=500, valid_prop=0.25, weight_decay=0.0005)
chameleon
dataset chameleon | num nodes 890 | num edge 8854 | num node feats 2325 | num classes 5
MODEL: Polynormer(
  (h_lins): ModuleList(
    (0): Linear(in_features=512, out_features=512, bias=True)
    (1): Linear(in_features=512, out_features=512, bias=True)
  )
  (local_convs): ModuleList(
    (0): GATConv(512, 128, heads=4)
    (1): GATConv(512, 128, heads=4)
  )
  (lins): ModuleList(
    (0): Linear(in_features=512, out_features=512, bias=True)
    (1): Linear(in_features=512, out_features=512, bias=True)
  )
  (lns): ModuleList(
    (0): LayerNorm((512,), eps=1e-05, elementwise_affine=True)
    (1): LayerNorm((512,), eps=1e-05, elementwise_affine=True)
  )
  (lin_in): Linear(in_features=2325, out_features=512, bias=True)
  (ln): LayerNorm((512,), eps=1e-05, elementwise_affine=True)
  (global_attn): GlobalAttn(
    (h_lins): ModuleList(
      (0): Linear(in_features=512, out_features=512, bias=True)
      (1): Linear(in_features=512, out_features=512, bias=True)
    )
    (k_lins): ModuleList(
      (0): Linear(in_features=512, out_features=512, bias=True)
      (1): Linear(in_features=512, out_features=512, bias=True)
    )
    (v_lins): ModuleList(
      (0): Linear(in_features=512, out_features=512, bias=True)
      (1): Linear(in_features=512, out_features=512, bias=True)
    )
    (lns): ModuleList(
      (0): LayerNorm((512,), eps=1e-05, elementwise_affine=True)
      (1): LayerNorm((512,), eps=1e-05, elementwise_affine=True)
    )
    (lin_out): Linear(in_features=512, out_features=512, bias=True)
  )
  (pred_local): Linear(in_features=512, out_features=5, bias=True)
  (pred_global): Linear(in_features=512, out_features=5, bias=True)
)
Pre-training MLP for 500 epochs to generate co-occurrence matrix...
MLP pre-training complete. Penalty matrix frozen.
Epoch: 00, Loss: 1.8267, Train: 30.56%, Valid: 23.34%, Test: 23.20%, Best Valid: 23.34%, Best Test: 23.20%
Epoch: 100, Loss: 0.0023, Train: 100.00%, Valid: 35.89%, Test: 35.57%, Best Valid: 40.42%, Best Test: 36.60%
Epoch: 200, Loss: 0.0031, Train: 100.00%, Valid: 36.93%, Test: 32.99%, Best Valid: 40.42%, Best Test: 36.60%
Epoch: 300, Loss: 0.0109, Train: 100.00%, Valid: 35.19%, Test: 32.47%, Best Valid: 40.42%, Best Test: 36.60%
Epoch: 400, Loss: 0.0037, Train: 100.00%, Valid: 37.63%, Test: 35.05%, Best Valid: 40.42%, Best Test: 36.60%
Epoch: 500, Loss: 0.0123, Train: 100.00%, Valid: 37.63%, Test: 33.51%, Best Valid: 40.77%, Best Test: 36.08%
Epoch: 600, Loss: 0.0168, Train: 99.76%, Valid: 34.49%, Test: 31.44%, Best Valid: 40.77%, Best Test: 36.08%
Epoch: 700, Loss: 0.0429, Train: 100.00%, Valid: 36.24%, Test: 36.60%, Best Valid: 40.77%, Best Test: 36.08%
Epoch: 800, Loss: 0.0167, Train: 99.76%, Valid: 33.80%, Test: 36.60%, Best Valid: 40.77%, Best Test: 36.08%
Epoch: 900, Loss: 0.6164, Train: 99.51%, Valid: 38.68%, Test: 38.66%, Best Valid: 42.86%, Best Test: 31.96%
Run 01:
Highest Train: 100.00
Highest Valid: 42.86
Highest Test: 43.81
Chosen epoch: 845
Final Train: 97.07
Final Test: 31.96
Pre-training MLP for 500 epochs to generate co-occurrence matrix...
MLP pre-training complete. Penalty matrix frozen.
Epoch: 00, Loss: 1.8037, Train: 40.75%, Valid: 28.48%, Test: 31.68%, Best Valid: 28.48%, Best Test: 31.68%
Epoch: 100, Loss: 0.0088, Train: 99.77%, Valid: 35.10%, Test: 42.86%, Best Valid: 36.75%, Best Test: 44.10%
Epoch: 200, Loss: 0.0191, Train: 100.00%, Valid: 33.11%, Test: 41.61%, Best Valid: 37.42%, Best Test: 37.27%
Epoch: 300, Loss: 0.0618, Train: 98.36%, Valid: 31.13%, Test: 36.02%, Best Valid: 37.42%, Best Test: 37.27%
Epoch: 400, Loss: 0.0462, Train: 99.77%, Valid: 31.79%, Test: 37.27%, Best Valid: 37.42%, Best Test: 37.27%
Epoch: 500, Loss: 0.0031, Train: 98.83%, Valid: 31.13%, Test: 37.89%, Best Valid: 37.42%, Best Test: 37.27%
Epoch: 600, Loss: 0.0076, Train: 99.77%, Valid: 32.45%, Test: 33.54%, Best Valid: 37.42%, Best Test: 37.27%
Epoch: 700, Loss: 0.0083, Train: 100.00%, Valid: 39.07%, Test: 36.02%, Best Valid: 40.07%, Best Test: 36.65%
Epoch: 800, Loss: 0.0045, Train: 100.00%, Valid: 27.81%, Test: 34.78%, Best Valid: 40.07%, Best Test: 36.65%
Epoch: 900, Loss: 0.0060, Train: 100.00%, Valid: 31.13%, Test: 37.27%, Best Valid: 40.07%, Best Test: 36.65%
Run 02:
Highest Train: 100.00
Highest Valid: 40.07
Highest Test: 45.34
Chosen epoch: 685
Final Train: 100.00
Final Test: 36.65
Pre-training MLP for 500 epochs to generate co-occurrence matrix...
MLP pre-training complete. Penalty matrix frozen.
Epoch: 00, Loss: 1.7687, Train: 49.29%, Valid: 35.17%, Test: 28.65%, Best Valid: 35.17%, Best Test: 28.65%
Epoch: 100, Loss: 0.0093, Train: 100.00%, Valid: 38.62%, Test: 33.71%, Best Valid: 44.14%, Best Test: 37.08%
Epoch: 200, Loss: 0.0079, Train: 100.00%, Valid: 34.83%, Test: 32.58%, Best Valid: 44.14%, Best Test: 37.08%
Epoch: 300, Loss: 0.0022, Train: 100.00%, Valid: 39.31%, Test: 30.90%, Best Valid: 44.14%, Best Test: 37.08%
Epoch: 400, Loss: 0.0042, Train: 100.00%, Valid: 38.97%, Test: 32.58%, Best Valid: 44.14%, Best Test: 37.08%
Epoch: 500, Loss: 0.0228, Train: 100.00%, Valid: 39.31%, Test: 33.71%, Best Valid: 44.14%, Best Test: 37.08%
Epoch: 600, Loss: 0.0473, Train: 100.00%, Valid: 35.86%, Test: 35.39%, Best Valid: 44.14%, Best Test: 37.08%
Epoch: 700, Loss: 0.0067, Train: 99.76%, Valid: 35.52%, Test: 34.83%, Best Valid: 44.14%, Best Test: 37.08%
Epoch: 800, Loss: 0.0020, Train: 100.00%, Valid: 33.10%, Test: 30.34%, Best Valid: 44.14%, Best Test: 37.08%
Epoch: 900, Loss: 0.0218, Train: 100.00%, Valid: 39.31%, Test: 31.46%, Best Valid: 44.14%, Best Test: 37.08%
Run 03:
Highest Train: 100.00
Highest Valid: 44.14
Highest Test: 41.57
Chosen epoch: 6
Final Train: 63.98
Final Test: 37.08
Pre-training MLP for 500 epochs to generate co-occurrence matrix...
MLP pre-training complete. Penalty matrix frozen.
Epoch: 00, Loss: 1.8414, Train: 54.85%, Valid: 35.37%, Test: 40.22%, Best Valid: 35.37%, Best Test: 40.22%
Epoch: 100, Loss: 0.0021, Train: 100.00%, Valid: 33.67%, Test: 39.67%, Best Valid: 39.12%, Best Test: 40.76%
Epoch: 200, Loss: 0.0044, Train: 99.76%, Valid: 36.39%, Test: 37.50%, Best Valid: 39.12%, Best Test: 40.76%
Epoch: 300, Loss: 0.0022, Train: 100.00%, Valid: 32.31%, Test: 38.04%, Best Valid: 39.12%, Best Test: 40.76%
Epoch: 400, Loss: 0.0065, Train: 100.00%, Valid: 34.69%, Test: 41.30%, Best Valid: 39.12%, Best Test: 40.76%
Epoch: 500, Loss: 0.0105, Train: 100.00%, Valid: 34.35%, Test: 40.76%, Best Valid: 39.12%, Best Test: 40.76%
Epoch: 600, Loss: 0.0033, Train: 100.00%, Valid: 29.59%, Test: 36.96%, Best Valid: 39.12%, Best Test: 40.76%
Epoch: 700, Loss: 20.5343, Train: 85.44%, Valid: 28.91%, Test: 37.50%, Best Valid: 39.12%, Best Test: 40.76%
Epoch: 800, Loss: 0.9276, Train: 99.51%, Valid: 32.65%, Test: 41.30%, Best Valid: 39.12%, Best Test: 40.76%
Epoch: 900, Loss: 0.1949, Train: 99.51%, Valid: 32.65%, Test: 40.22%, Best Valid: 39.12%, Best Test: 40.76%
Run 04:
Highest Train: 100.00
Highest Valid: 39.12
Highest Test: 46.20
Chosen epoch: 2
Final Train: 56.55
Final Test: 40.76
Pre-training MLP for 500 epochs to generate co-occurrence matrix...
MLP pre-training complete. Penalty matrix frozen.
Epoch: 00, Loss: 1.7890, Train: 49.55%, Valid: 36.57%, Test: 35.16%, Best Valid: 36.57%, Best Test: 35.16%
Epoch: 100, Loss: 0.0132, Train: 100.00%, Valid: 42.54%, Test: 39.01%, Best Valid: 42.91%, Best Test: 38.46%
Epoch: 200, Loss: 0.0139, Train: 100.00%, Valid: 38.43%, Test: 39.56%, Best Valid: 42.91%, Best Test: 38.46%
Epoch: 300, Loss: 0.0180, Train: 100.00%, Valid: 32.46%, Test: 34.07%, Best Valid: 42.91%, Best Test: 38.46%
Epoch: 400, Loss: 0.0093, Train: 100.00%, Valid: 36.57%, Test: 36.26%, Best Valid: 43.66%, Best Test: 36.81%
Epoch: 500, Loss: 0.0176, Train: 100.00%, Valid: 39.18%, Test: 35.71%, Best Valid: 43.66%, Best Test: 36.81%
Epoch: 600, Loss: 0.0122, Train: 99.77%, Valid: 37.69%, Test: 41.21%, Best Valid: 43.66%, Best Test: 36.81%
Epoch: 700, Loss: 0.0300, Train: 100.00%, Valid: 35.07%, Test: 37.91%, Best Valid: 43.66%, Best Test: 36.81%
Epoch: 800, Loss: 0.0211, Train: 100.00%, Valid: 38.06%, Test: 42.86%, Best Valid: 43.66%, Best Test: 36.81%
Epoch: 900, Loss: 0.0203, Train: 100.00%, Valid: 39.55%, Test: 35.16%, Best Valid: 43.66%, Best Test: 36.81%
Run 05:
Highest Train: 100.00
Highest Valid: 43.66
Highest Test: 45.60
Chosen epoch: 374
Final Train: 100.00
Final Test: 36.81
All runs:
Highest Train: 100.00 ± 0.00
Highest Test: 44.51 ± 1.86
Highest Valid: 41.97 ± 2.24
  Final Train: 83.52 ± 21.42
   Final Test: 36.65 ± 3.13
Saving results to mlp_gt/results_full/chameleon/polynormer.csv

Running with MLP-GT Regularization (lambda=0.2)...
Namespace(aggregate='add', alpha=0.5, attention='gcn', beta=-1.0, bn=False, cpu=False, data_dir='../data/', dataset='chameleon', device=0, dim_inner=128, display_step=100, dropout=0.3, epochs=1000, global_dropout=None, global_layers=2, gnn='gcn', graph_weight=0.8, hidden_channels=128, hops=10, in_dropout=0.0, jk=False, label_num_per_class=20, lambda_val=0.2, layers=1, ln=False, local_gnn_type='GCN', local_layers=2, lr=0.01, metric='acc', mlp_epochs=500, mlp_reg=True, model='polynormer', model_dir='./model/', n_heads=4, num_centroids=4096, num_heads=4, oracle_reg=False, pe_types='RWSE', pre_linear=False, pre_ln=False, rand_split=False, rand_split_class=False, reg_start_epoch=10, reg_update_freq=5, res=False, result_dir='mlp_gt/results_full', runs=5, save_model=False, save_result=False, seed=42, test_num=1000, train_prop=0.5, use_act=False, use_bn=False, use_graph=False, use_reg=True, use_residual=False, use_weight=False, valid_num=500, valid_prop=0.25, weight_decay=0.0005)
chameleon
dataset chameleon | num nodes 890 | num edge 8854 | num node feats 2325 | num classes 5
MODEL: Polynormer(
  (h_lins): ModuleList(
    (0): Linear(in_features=512, out_features=512, bias=True)
    (1): Linear(in_features=512, out_features=512, bias=True)
  )
  (local_convs): ModuleList(
    (0): GATConv(512, 128, heads=4)
    (1): GATConv(512, 128, heads=4)
  )
  (lins): ModuleList(
    (0): Linear(in_features=512, out_features=512, bias=True)
    (1): Linear(in_features=512, out_features=512, bias=True)
  )
  (lns): ModuleList(
    (0): LayerNorm((512,), eps=1e-05, elementwise_affine=True)
    (1): LayerNorm((512,), eps=1e-05, elementwise_affine=True)
  )
  (lin_in): Linear(in_features=2325, out_features=512, bias=True)
  (ln): LayerNorm((512,), eps=1e-05, elementwise_affine=True)
  (global_attn): GlobalAttn(
    (h_lins): ModuleList(
      (0): Linear(in_features=512, out_features=512, bias=True)
      (1): Linear(in_features=512, out_features=512, bias=True)
    )
    (k_lins): ModuleList(
      (0): Linear(in_features=512, out_features=512, bias=True)
      (1): Linear(in_features=512, out_features=512, bias=True)
    )
    (v_lins): ModuleList(
      (0): Linear(in_features=512, out_features=512, bias=True)
      (1): Linear(in_features=512, out_features=512, bias=True)
    )
    (lns): ModuleList(
      (0): LayerNorm((512,), eps=1e-05, elementwise_affine=True)
      (1): LayerNorm((512,), eps=1e-05, elementwise_affine=True)
    )
    (lin_out): Linear(in_features=512, out_features=512, bias=True)
  )
  (pred_local): Linear(in_features=512, out_features=5, bias=True)
  (pred_global): Linear(in_features=512, out_features=5, bias=True)
)
Pre-training MLP for 500 epochs to generate co-occurrence matrix...
MLP pre-training complete. Penalty matrix frozen.
Epoch: 00, Loss: 1.9928, Train: 26.89%, Valid: 22.30%, Test: 23.20%, Best Valid: 22.30%, Best Test: 23.20%
Epoch: 100, Loss: 0.0064, Train: 100.00%, Valid: 36.24%, Test: 36.08%, Best Valid: 41.81%, Best Test: 38.14%
Epoch: 200, Loss: 0.0070, Train: 100.00%, Valid: 41.11%, Test: 36.08%, Best Valid: 41.81%, Best Test: 38.14%
Epoch: 300, Loss: 0.0181, Train: 100.00%, Valid: 35.89%, Test: 29.90%, Best Valid: 41.81%, Best Test: 38.14%
Epoch: 400, Loss: 0.0253, Train: 100.00%, Valid: 39.72%, Test: 32.47%, Best Valid: 41.81%, Best Test: 38.14%
Epoch: 500, Loss: 0.0144, Train: 100.00%, Valid: 36.59%, Test: 34.54%, Best Valid: 42.51%, Best Test: 38.66%
Epoch: 600, Loss: 0.0175, Train: 100.00%, Valid: 34.84%, Test: 40.72%, Best Valid: 42.51%, Best Test: 38.66%
Epoch: 700, Loss: 0.0444, Train: 100.00%, Valid: 36.93%, Test: 32.99%, Best Valid: 42.51%, Best Test: 38.66%
Epoch: 800, Loss: 2.7798, Train: 98.53%, Valid: 35.19%, Test: 31.96%, Best Valid: 42.51%, Best Test: 38.66%
Epoch: 900, Loss: 0.0120, Train: 100.00%, Valid: 41.46%, Test: 36.60%, Best Valid: 44.25%, Best Test: 34.54%
Run 01:
Highest Train: 100.00
Highest Valid: 44.60
Highest Test: 41.75
Chosen epoch: 924
Final Train: 100.00
Final Test: 37.63
Pre-training MLP for 500 epochs to generate co-occurrence matrix...
MLP pre-training complete. Penalty matrix frozen.
Epoch: 00, Loss: 1.9676, Train: 40.28%, Valid: 28.48%, Test: 31.68%, Best Valid: 28.48%, Best Test: 31.68%
Epoch: 100, Loss: 0.0216, Train: 100.00%, Valid: 37.42%, Test: 42.24%, Best Valid: 37.75%, Best Test: 42.24%
Epoch: 200, Loss: 0.0096, Train: 99.77%, Valid: 33.77%, Test: 38.51%, Best Valid: 37.75%, Best Test: 42.24%
Epoch: 300, Loss: 0.0349, Train: 100.00%, Valid: 33.11%, Test: 40.37%, Best Valid: 37.75%, Best Test: 42.24%
Epoch: 400, Loss: 0.0281, Train: 100.00%, Valid: 32.45%, Test: 39.13%, Best Valid: 38.08%, Best Test: 44.72%
Epoch: 500, Loss: 0.0107, Train: 100.00%, Valid: 31.13%, Test: 37.89%, Best Valid: 38.08%, Best Test: 44.72%
Epoch: 600, Loss: 0.0117, Train: 100.00%, Valid: 31.46%, Test: 37.27%, Best Valid: 38.08%, Best Test: 44.72%
Epoch: 700, Loss: 0.7717, Train: 99.77%, Valid: 33.44%, Test: 37.89%, Best Valid: 38.08%, Best Test: 44.72%
Epoch: 800, Loss: 3.8380, Train: 99.53%, Valid: 33.77%, Test: 40.37%, Best Valid: 38.08%, Best Test: 44.72%
Epoch: 900, Loss: 0.0288, Train: 100.00%, Valid: 35.10%, Test: 41.61%, Best Valid: 38.08%, Best Test: 44.72%
Run 02:
Highest Train: 100.00
Highest Valid: 38.08
Highest Test: 46.58
Chosen epoch: 374
Final Train: 100.00
Final Test: 44.72
Pre-training MLP for 500 epochs to generate co-occurrence matrix...
MLP pre-training complete. Penalty matrix frozen.
Epoch: 00, Loss: 1.9295, Train: 49.05%, Valid: 35.17%, Test: 28.65%, Best Valid: 35.17%, Best Test: 28.65%
Epoch: 100, Loss: 0.0090, Train: 100.00%, Valid: 36.55%, Test: 34.27%, Best Valid: 44.14%, Best Test: 33.15%
Epoch: 200, Loss: 0.0140, Train: 99.76%, Valid: 33.79%, Test: 34.83%, Best Valid: 44.14%, Best Test: 33.15%
Epoch: 300, Loss: 0.0042, Train: 100.00%, Valid: 36.90%, Test: 31.46%, Best Valid: 44.14%, Best Test: 33.15%
Epoch: 400, Loss: 0.0211, Train: 100.00%, Valid: 34.48%, Test: 26.40%, Best Valid: 44.14%, Best Test: 33.15%
Epoch: 500, Loss: 0.0143, Train: 100.00%, Valid: 36.90%, Test: 31.46%, Best Valid: 44.14%, Best Test: 33.15%
Epoch: 600, Loss: 0.0101, Train: 100.00%, Valid: 36.55%, Test: 33.71%, Best Valid: 44.14%, Best Test: 33.15%
Epoch: 700, Loss: 0.0202, Train: 100.00%, Valid: 37.24%, Test: 35.39%, Best Valid: 44.14%, Best Test: 33.15%
Epoch: 800, Loss: 0.7288, Train: 99.76%, Valid: 38.62%, Test: 30.90%, Best Valid: 44.14%, Best Test: 33.15%
Epoch: 900, Loss: 0.6804, Train: 99.53%, Valid: 39.31%, Test: 34.83%, Best Valid: 44.14%, Best Test: 33.15%
Run 03:
Highest Train: 100.00
Highest Valid: 44.14
Highest Test: 41.57
Chosen epoch: 3
Final Train: 38.63
Final Test: 33.15
Pre-training MLP for 500 epochs to generate co-occurrence matrix...
MLP pre-training complete. Penalty matrix frozen.
Epoch: 00, Loss: 2.0088, Train: 55.10%, Valid: 36.05%, Test: 40.76%, Best Valid: 36.05%, Best Test: 40.76%
Epoch: 100, Loss: 0.0020, Train: 100.00%, Valid: 32.65%, Test: 38.59%, Best Valid: 40.14%, Best Test: 38.59%
Epoch: 200, Loss: 0.0030, Train: 100.00%, Valid: 32.65%, Test: 40.22%, Best Valid: 40.14%, Best Test: 38.59%
Epoch: 300, Loss: 0.0078, Train: 99.51%, Valid: 30.61%, Test: 39.13%, Best Valid: 40.14%, Best Test: 38.59%
Epoch: 400, Loss: 0.0148, Train: 99.76%, Valid: 34.35%, Test: 36.96%, Best Valid: 40.14%, Best Test: 38.59%
Epoch: 500, Loss: 0.0060, Train: 100.00%, Valid: 31.97%, Test: 37.50%, Best Valid: 40.14%, Best Test: 38.59%
Epoch: 600, Loss: 0.0011, Train: 100.00%, Valid: 32.65%, Test: 36.41%, Best Valid: 40.14%, Best Test: 38.59%
Epoch: 700, Loss: 0.0027, Train: 100.00%, Valid: 33.67%, Test: 36.41%, Best Valid: 40.14%, Best Test: 38.59%
Epoch: 800, Loss: 0.0072, Train: 100.00%, Valid: 33.33%, Test: 38.04%, Best Valid: 40.14%, Best Test: 38.59%
Epoch: 900, Loss: 0.0398, Train: 100.00%, Valid: 34.69%, Test: 38.59%, Best Valid: 40.14%, Best Test: 38.59%
Run 04:
Highest Train: 100.00
Highest Valid: 40.14
Highest Test: 44.57
Chosen epoch: 2
Final Train: 56.55
Final Test: 38.59
Pre-training MLP for 500 epochs to generate co-occurrence matrix...
MLP pre-training complete. Penalty matrix frozen.
Epoch: 00, Loss: 1.9516, Train: 48.86%, Valid: 36.19%, Test: 35.16%, Best Valid: 36.19%, Best Test: 35.16%
Epoch: 100, Loss: 0.0034, Train: 100.00%, Valid: 36.57%, Test: 36.81%, Best Valid: 42.91%, Best Test: 40.11%
Epoch: 200, Loss: 0.0171, Train: 99.77%, Valid: 38.43%, Test: 35.16%, Best Valid: 42.91%, Best Test: 40.11%
Epoch: 300, Loss: 0.0156, Train: 99.55%, Valid: 35.82%, Test: 35.71%, Best Valid: 42.91%, Best Test: 40.11%
Epoch: 400, Loss: 0.0065, Train: 100.00%, Valid: 36.19%, Test: 39.56%, Best Valid: 42.91%, Best Test: 40.11%
Epoch: 500, Loss: 0.0159, Train: 99.77%, Valid: 37.69%, Test: 34.07%, Best Valid: 42.91%, Best Test: 40.11%
Epoch: 600, Loss: 0.0032, Train: 100.00%, Valid: 35.82%, Test: 37.91%, Best Valid: 42.91%, Best Test: 40.11%
Epoch: 700, Loss: 1.7174, Train: 97.73%, Valid: 39.93%, Test: 36.81%, Best Valid: 42.91%, Best Test: 40.11%
Epoch: 800, Loss: 0.3339, Train: 100.00%, Valid: 37.69%, Test: 40.66%, Best Valid: 42.91%, Best Test: 40.11%
Epoch: 900, Loss: 0.1076, Train: 100.00%, Valid: 37.69%, Test: 40.11%, Best Valid: 42.91%, Best Test: 40.11%
Run 05:
Highest Train: 100.00
Highest Valid: 42.91
Highest Test: 43.41
Chosen epoch: 6
Final Train: 84.55
Final Test: 40.11
All runs:
Highest Train: 100.00 ± 0.00
Highest Test: 43.58 ± 2.09
Highest Valid: 41.97 ± 2.78
  Final Train: 75.94 ± 27.39
   Final Test: 38.84 ± 4.19
Saving results to mlp_gt/results_full/chameleon/polynormer.csv

Running with MLP-GT Regularization (lambda=0.4)...
Namespace(aggregate='add', alpha=0.5, attention='gcn', beta=-1.0, bn=False, cpu=False, data_dir='../data/', dataset='chameleon', device=0, dim_inner=128, display_step=100, dropout=0.3, epochs=1000, global_dropout=None, global_layers=2, gnn='gcn', graph_weight=0.8, hidden_channels=128, hops=10, in_dropout=0.0, jk=False, label_num_per_class=20, lambda_val=0.4, layers=1, ln=False, local_gnn_type='GCN', local_layers=2, lr=0.01, metric='acc', mlp_epochs=500, mlp_reg=True, model='polynormer', model_dir='./model/', n_heads=4, num_centroids=4096, num_heads=4, oracle_reg=False, pe_types='RWSE', pre_linear=False, pre_ln=False, rand_split=False, rand_split_class=False, reg_start_epoch=10, reg_update_freq=5, res=False, result_dir='mlp_gt/results_full', runs=5, save_model=False, save_result=False, seed=42, test_num=1000, train_prop=0.5, use_act=False, use_bn=False, use_graph=False, use_reg=True, use_residual=False, use_weight=False, valid_num=500, valid_prop=0.25, weight_decay=0.0005)
chameleon
dataset chameleon | num nodes 890 | num edge 8854 | num node feats 2325 | num classes 5
MODEL: Polynormer(
  (h_lins): ModuleList(
    (0): Linear(in_features=512, out_features=512, bias=True)
    (1): Linear(in_features=512, out_features=512, bias=True)
  )
  (local_convs): ModuleList(
    (0): GATConv(512, 128, heads=4)
    (1): GATConv(512, 128, heads=4)
  )
  (lins): ModuleList(
    (0): Linear(in_features=512, out_features=512, bias=True)
    (1): Linear(in_features=512, out_features=512, bias=True)
  )
  (lns): ModuleList(
    (0): LayerNorm((512,), eps=1e-05, elementwise_affine=True)
    (1): LayerNorm((512,), eps=1e-05, elementwise_affine=True)
  )
  (lin_in): Linear(in_features=2325, out_features=512, bias=True)
  (ln): LayerNorm((512,), eps=1e-05, elementwise_affine=True)
  (global_attn): GlobalAttn(
    (h_lins): ModuleList(
      (0): Linear(in_features=512, out_features=512, bias=True)
      (1): Linear(in_features=512, out_features=512, bias=True)
    )
    (k_lins): ModuleList(
      (0): Linear(in_features=512, out_features=512, bias=True)
      (1): Linear(in_features=512, out_features=512, bias=True)
    )
    (v_lins): ModuleList(
      (0): Linear(in_features=512, out_features=512, bias=True)
      (1): Linear(in_features=512, out_features=512, bias=True)
    )
    (lns): ModuleList(
      (0): LayerNorm((512,), eps=1e-05, elementwise_affine=True)
      (1): LayerNorm((512,), eps=1e-05, elementwise_affine=True)
    )
    (lin_out): Linear(in_features=512, out_features=512, bias=True)
  )
  (pred_local): Linear(in_features=512, out_features=5, bias=True)
  (pred_global): Linear(in_features=512, out_features=5, bias=True)
)
Pre-training MLP for 500 epochs to generate co-occurrence matrix...
MLP pre-training complete. Penalty matrix frozen.
Epoch: 00, Loss: 2.3249, Train: 26.41%, Valid: 22.30%, Test: 23.20%, Best Valid: 22.30%, Best Test: 23.20%
Epoch: 100, Loss: 0.0032, Train: 100.00%, Valid: 34.49%, Test: 34.54%, Best Valid: 41.46%, Best Test: 40.72%
Epoch: 200, Loss: 0.0086, Train: 100.00%, Valid: 39.37%, Test: 34.02%, Best Valid: 42.16%, Best Test: 31.96%
Epoch: 300, Loss: 0.0392, Train: 100.00%, Valid: 35.54%, Test: 34.02%, Best Valid: 42.16%, Best Test: 31.96%
Epoch: 400, Loss: 0.0117, Train: 100.00%, Valid: 33.80%, Test: 31.96%, Best Valid: 42.16%, Best Test: 31.96%
Epoch: 500, Loss: 0.0177, Train: 100.00%, Valid: 37.28%, Test: 32.99%, Best Valid: 42.16%, Best Test: 31.96%
Epoch: 600, Loss: 0.0154, Train: 100.00%, Valid: 34.84%, Test: 33.51%, Best Valid: 42.16%, Best Test: 31.96%
Epoch: 700, Loss: 0.0309, Train: 100.00%, Valid: 35.89%, Test: 32.99%, Best Valid: 42.16%, Best Test: 31.96%
Epoch: 800, Loss: 0.0611, Train: 100.00%, Valid: 35.89%, Test: 37.63%, Best Valid: 42.16%, Best Test: 31.96%
Epoch: 900, Loss: 0.0264, Train: 100.00%, Valid: 37.63%, Test: 32.47%, Best Valid: 42.51%, Best Test: 32.47%
Run 01:
Highest Train: 100.00
Highest Valid: 42.51
Highest Test: 41.24
Chosen epoch: 855
Final Train: 100.00
Final Test: 32.47
Pre-training MLP for 500 epochs to generate co-occurrence matrix...
MLP pre-training complete. Penalty matrix frozen.
Epoch: 00, Loss: 2.2956, Train: 40.52%, Valid: 29.14%, Test: 32.92%, Best Valid: 29.14%, Best Test: 32.92%
Epoch: 100, Loss: 0.0061, Train: 100.00%, Valid: 36.09%, Test: 36.65%, Best Valid: 41.06%, Best Test: 42.24%
Epoch: 200, Loss: 0.0068, Train: 99.77%, Valid: 34.77%, Test: 37.89%, Best Valid: 41.06%, Best Test: 42.24%
Epoch: 300, Loss: 0.0076, Train: 100.00%, Valid: 33.11%, Test: 36.65%, Best Valid: 41.06%, Best Test: 42.24%
Epoch: 400, Loss: 0.0214, Train: 100.00%, Valid: 33.77%, Test: 33.54%, Best Valid: 41.06%, Best Test: 42.24%
Epoch: 500, Loss: 0.0483, Train: 99.77%, Valid: 30.13%, Test: 39.13%, Best Valid: 41.06%, Best Test: 42.24%
Epoch: 600, Loss: 0.0175, Train: 99.77%, Valid: 32.78%, Test: 39.13%, Best Valid: 41.06%, Best Test: 42.24%
Epoch: 700, Loss: 0.0102, Train: 100.00%, Valid: 33.11%, Test: 36.02%, Best Valid: 41.06%, Best Test: 42.24%
Epoch: 800, Loss: 0.0169, Train: 100.00%, Valid: 30.79%, Test: 34.78%, Best Valid: 41.06%, Best Test: 42.24%
Epoch: 900, Loss: 0.1423, Train: 99.30%, Valid: 30.79%, Test: 37.27%, Best Valid: 41.06%, Best Test: 42.24%
Run 02:
Highest Train: 100.00
Highest Valid: 41.06
Highest Test: 44.72
Chosen epoch: 11
Final Train: 81.73
Final Test: 42.24
Pre-training MLP for 500 epochs to generate co-occurrence matrix...
MLP pre-training complete. Penalty matrix frozen.
Epoch: 00, Loss: 2.2510, Train: 47.63%, Valid: 34.83%, Test: 28.09%, Best Valid: 34.83%, Best Test: 28.09%
Epoch: 100, Loss: 0.0086, Train: 100.00%, Valid: 35.52%, Test: 33.15%, Best Valid: 42.07%, Best Test: 38.76%
Epoch: 200, Loss: 0.0022, Train: 100.00%, Valid: 35.86%, Test: 33.71%, Best Valid: 42.07%, Best Test: 38.76%
Epoch: 300, Loss: 0.0418, Train: 99.76%, Valid: 37.59%, Test: 33.71%, Best Valid: 42.07%, Best Test: 38.76%
Epoch: 400, Loss: 0.0224, Train: 100.00%, Valid: 38.97%, Test: 32.02%, Best Valid: 42.07%, Best Test: 38.76%
Epoch: 500, Loss: 0.0043, Train: 100.00%, Valid: 33.10%, Test: 33.71%, Best Valid: 42.07%, Best Test: 38.76%
Epoch: 600, Loss: 0.0200, Train: 100.00%, Valid: 33.45%, Test: 30.34%, Best Valid: 42.07%, Best Test: 38.76%
Epoch: 700, Loss: 0.0095, Train: 100.00%, Valid: 35.86%, Test: 32.58%, Best Valid: 42.07%, Best Test: 38.76%
Epoch: 800, Loss: 0.0385, Train: 99.76%, Valid: 33.45%, Test: 32.02%, Best Valid: 42.07%, Best Test: 38.76%
Epoch: 900, Loss: 0.0306, Train: 100.00%, Valid: 35.86%, Test: 34.27%, Best Valid: 42.07%, Best Test: 38.76%
Run 03:
Highest Train: 100.00
Highest Valid: 42.07
Highest Test: 39.33
Chosen epoch: 7
Final Train: 67.30
Final Test: 38.76
Pre-training MLP for 500 epochs to generate co-occurrence matrix...
MLP pre-training complete. Penalty matrix frozen.
Epoch: 00, Loss: 2.3436, Train: 53.16%, Valid: 36.05%, Test: 37.50%, Best Valid: 36.05%, Best Test: 37.50%
Epoch: 100, Loss: 0.0020, Train: 100.00%, Valid: 37.41%, Test: 43.48%, Best Valid: 40.82%, Best Test: 36.96%
Epoch: 200, Loss: 0.0090, Train: 100.00%, Valid: 34.01%, Test: 40.22%, Best Valid: 40.82%, Best Test: 36.96%
Epoch: 300, Loss: 0.0326, Train: 100.00%, Valid: 33.33%, Test: 45.11%, Best Valid: 40.82%, Best Test: 36.96%
Epoch: 400, Loss: 0.0030, Train: 100.00%, Valid: 33.67%, Test: 41.30%, Best Valid: 40.82%, Best Test: 36.96%
Epoch: 500, Loss: 0.0056, Train: 100.00%, Valid: 34.01%, Test: 35.33%, Best Valid: 40.82%, Best Test: 36.96%
Epoch: 600, Loss: 0.0078, Train: 100.00%, Valid: 29.59%, Test: 31.52%, Best Valid: 40.82%, Best Test: 36.96%
Epoch: 700, Loss: 0.0143, Train: 100.00%, Valid: 30.95%, Test: 36.96%, Best Valid: 40.82%, Best Test: 36.96%
Epoch: 800, Loss: 0.0166, Train: 100.00%, Valid: 32.99%, Test: 41.85%, Best Valid: 40.82%, Best Test: 36.96%
Epoch: 900, Loss: 0.0020, Train: 100.00%, Valid: 35.37%, Test: 38.04%, Best Valid: 40.82%, Best Test: 36.96%
Run 04:
Highest Train: 100.00
Highest Valid: 40.82
Highest Test: 47.83
Chosen epoch: 2
Final Train: 54.85
Final Test: 36.96
Pre-training MLP for 500 epochs to generate co-occurrence matrix...
MLP pre-training complete. Penalty matrix frozen.
Epoch: 00, Loss: 2.2769, Train: 49.77%, Valid: 34.33%, Test: 34.62%, Best Valid: 34.33%, Best Test: 34.62%
Epoch: 100, Loss: 0.0019, Train: 100.00%, Valid: 38.81%, Test: 39.56%, Best Valid: 40.67%, Best Test: 39.56%
Epoch: 200, Loss: 0.0052, Train: 100.00%, Valid: 36.57%, Test: 41.21%, Best Valid: 41.04%, Best Test: 35.16%
Epoch: 300, Loss: 0.0079, Train: 100.00%, Valid: 35.82%, Test: 37.91%, Best Valid: 41.04%, Best Test: 35.16%
Epoch: 400, Loss: 0.0191, Train: 100.00%, Valid: 36.57%, Test: 40.11%, Best Valid: 41.04%, Best Test: 35.16%
Epoch: 500, Loss: 0.0073, Train: 100.00%, Valid: 35.45%, Test: 34.62%, Best Valid: 41.04%, Best Test: 35.16%
Epoch: 600, Loss: 0.0146, Train: 99.55%, Valid: 35.82%, Test: 37.36%, Best Valid: 41.04%, Best Test: 35.16%
Epoch: 700, Loss: 0.2891, Train: 99.77%, Valid: 38.43%, Test: 36.81%, Best Valid: 41.04%, Best Test: 35.16%
Epoch: 800, Loss: 0.0207, Train: 100.00%, Valid: 39.55%, Test: 36.81%, Best Valid: 41.04%, Best Test: 35.16%
Epoch: 900, Loss: 0.1863, Train: 99.55%, Valid: 38.81%, Test: 32.97%, Best Valid: 42.54%, Best Test: 37.36%
Run 05:
Highest Train: 100.00
Highest Valid: 42.54
Highest Test: 47.80
Chosen epoch: 877
Final Train: 98.64
Final Test: 37.36
All runs:
Highest Train: 100.00 ± 0.00
Highest Test: 44.18 ± 3.84
Highest Valid: 41.80 ± 0.81
  Final Train: 80.50 ± 19.64
   Final Test: 37.56 ± 3.52
Saving results to mlp_gt/results_full/chameleon/polynormer.csv

GT sweep completed!
==========================================================
Task 0 (polynormer / chameleon) completed at: Wed Apr 29 12:25:55 AM EDT 2026
==========================================================
