==========================================================
MLP-GT Missing Tasks | Task 3
Job: 1014050 | Date: Wed Apr 29 12:18:41 AM EDT 2026 | Host: n0002
==========================================================
Wed Apr 29 00:18:45 2026       
+-----------------------------------------------------------------------------------------+
| NVIDIA-SMI 570.211.01             Driver Version: 570.211.01     CUDA Version: 12.8     |
|-----------------------------------------+------------------------+----------------------+
| GPU  Name                 Persistence-M | Bus-Id          Disp.A | Volatile Uncorr. ECC |
| Fan  Temp   Perf          Pwr:Usage/Cap |           Memory-Usage | GPU-Util  Compute M. |
|                                         |                        |               MIG M. |
|=========================================+========================+======================|
|   0  NVIDIA A100-SXM4-80GB          On  |   00000000:01:00.0 Off |                   On |
| N/A   38C    P0            157W /  500W |    4687MiB /  81920MiB |     N/A      Default |
|                                         |                        |              Enabled |
+-----------------------------------------+------------------------+----------------------+
|   1  NVIDIA A100-SXM4-80GB          On  |   00000000:41:00.0 Off |                   On |
| N/A   26C    P0             48W /  500W |     185MiB /  81920MiB |     N/A      Default |
|                                         |                        |              Enabled |
+-----------------------------------------+------------------------+----------------------+
|   2  NVIDIA A100-SXM4-80GB          On  |   00000000:81:00.0 Off |                   On |
| N/A   31C    P0             89W /  500W |    7151MiB /  81920MiB |     N/A      Default |
|                                         |                        |              Enabled |
+-----------------------------------------+------------------------+----------------------+
|   3  NVIDIA A100-SXM4-80GB          On  |   00000000:C1:00.0 Off |                   On |
| N/A   29C    P0             83W /  500W |     765MiB /  81920MiB |     N/A      Default |
|                                         |                        |              Enabled |
+-----------------------------------------+------------------------+----------------------+

+-----------------------------------------------------------------------------------------+
| MIG devices:                                                                            |
+------------------+----------------------------------+-----------+-----------------------+
| GPU  GI  CI  MIG |                     Memory-Usage |        Vol|        Shared         |
|      ID  ID  Dev |                       BAR1-Usage | SM     Unc| CE ENC  DEC  OFA  JPG |
|                  |                                  |        ECC|                       |
|==================+==================================+===========+=======================|
|  1    3   0   0  |              53MiB / 19968MiB    | 28      0 |  2   0    1    0    0 |
|                  |                 0MiB / 32767MiB  |           |                       |
+------------------+----------------------------------+-----------+-----------------------+
                                                                                         
+-----------------------------------------------------------------------------------------+
| Processes:                                                                              |
|  GPU   GI   CI              PID   Type   Process name                        GPU Memory |
|        ID   ID                                                               Usage      |
|=========================================================================================|
|    0    1    0          3553380      C   python                                 4496MiB |
|    2    2    0          3485866      C   python                                 6960MiB |
|    3    1    0          3553202      C   python                                  574MiB |
+-----------------------------------------------------------------------------------------+
1.12.1
True
NVIDIA A100-SXM4-80GB MIG 2g.20gb
Model: sgformer | Dataset: squirrel
==========================================================
Starting mlp_gt GT Sweep for:
python main.py --model sgformer --dataset squirrel         --hidden_channels 256 --layers 3 --num_heads 1 --lr 0.01 --weight_decay 5e-4 --dropout 0.3 --use_graph --use_act --alpha 0.5 --use_residual --use_bn --graph_weight 0.5 --epochs 1000         --runs 5 --device 0         
Result dir: mlp_gt/results_full
==========================================================
Running GT Baseline (no reg)...
Namespace(aggregate='add', alpha=0.5, attention='gcn', beta=-1.0, bn=False, cpu=False, data_dir='../data/', dataset='squirrel', device=0, dim_inner=256, display_step=100, dropout=0.3, epochs=1000, global_dropout=None, global_layers=2, gnn='gcn', graph_weight=0.5, hidden_channels=256, hops=10, in_dropout=0.0, jk=False, label_num_per_class=20, lambda_val=0.5, layers=3, ln=False, local_gnn_type='GCN', local_layers=7, lr=0.01, metric='acc', mlp_epochs=500, mlp_reg=False, model='sgformer', model_dir='./model/', n_heads=1, num_centroids=4096, num_heads=1, oracle_reg=False, pe_types='RWSE', pre_linear=False, pre_ln=False, rand_split=False, rand_split_class=False, reg_start_epoch=10, reg_update_freq=5, res=False, result_dir='mlp_gt/results_full', runs=5, save_model=False, save_result=False, seed=42, test_num=1000, train_prop=0.5, use_act=True, use_bn=True, use_graph=True, use_reg=False, use_residual=True, use_weight=False, valid_num=500, valid_prop=0.25, weight_decay=0.0005)
squirrel
dataset squirrel | num nodes 2223 | num edge 46998 | num node feats 2089 | num classes 5
MODEL: SGFormer(
  (trans_conv): TransConv(
    (convs): ModuleList(
      (0): TransConvLayer(
        (Wk): Linear(in_features=256, out_features=256, bias=True)
        (Wq): Linear(in_features=256, out_features=256, bias=True)
      )
      (1): TransConvLayer(
        (Wk): Linear(in_features=256, out_features=256, bias=True)
        (Wq): Linear(in_features=256, out_features=256, bias=True)
      )
      (2): TransConvLayer(
        (Wk): Linear(in_features=256, out_features=256, bias=True)
        (Wq): Linear(in_features=256, out_features=256, bias=True)
      )
    )
    (fcs): ModuleList(
      (0): Linear(in_features=2089, out_features=256, bias=True)
    )
    (bns): ModuleList(
      (0): LayerNorm((256,), eps=1e-05, elementwise_affine=True)
      (1): LayerNorm((256,), eps=1e-05, elementwise_affine=True)
      (2): LayerNorm((256,), eps=1e-05, elementwise_affine=True)
      (3): LayerNorm((256,), eps=1e-05, elementwise_affine=True)
    )
  )
  (gnn): GCN(
    (convs): ModuleList(
      (0): GCNConv(2089, 256)
      (1): GCNConv(256, 256)
      (2): GCNConv(256, 256)
    )
    (bns): ModuleList(
      (0): BatchNorm1d(256, eps=1e-05, momentum=0.1, affine=True, track_running_stats=True)
      (1): BatchNorm1d(256, eps=1e-05, momentum=0.1, affine=True, track_running_stats=True)
    )
  )
  (fc): Linear(in_features=256, out_features=5, bias=True)
)
Epoch: 00, Loss: 1.6399, Train: 60.02%, Valid: 34.82%, Test: 36.95%, Best Valid: 34.82%, Best Test: 36.95%
Epoch: 100, Loss: 0.0664, Train: 99.05%, Valid: 29.39%, Test: 32.96%, Best Valid: 34.82%, Best Test: 36.95%
Epoch: 200, Loss: 0.0709, Train: 99.24%, Valid: 31.48%, Test: 34.51%, Best Valid: 34.82%, Best Test: 36.95%
Epoch: 300, Loss: 0.0700, Train: 99.24%, Valid: 34.26%, Test: 35.84%, Best Valid: 36.49%, Best Test: 36.28%
Epoch: 400, Loss: 0.0758, Train: 99.24%, Valid: 33.15%, Test: 35.18%, Best Valid: 36.77%, Best Test: 36.28%
Epoch: 500, Loss: 0.0577, Train: 99.43%, Valid: 33.15%, Test: 38.50%, Best Valid: 36.77%, Best Test: 36.28%
Epoch: 600, Loss: 0.0782, Train: 99.34%, Valid: 35.52%, Test: 38.94%, Best Valid: 36.77%, Best Test: 36.28%
Epoch: 700, Loss: 0.0545, Train: 99.53%, Valid: 32.73%, Test: 34.07%, Best Valid: 36.77%, Best Test: 36.28%
Epoch: 800, Loss: 0.0563, Train: 99.34%, Valid: 34.82%, Test: 35.84%, Best Valid: 36.77%, Best Test: 36.28%
Epoch: 900, Loss: 0.0456, Train: 99.53%, Valid: 34.68%, Test: 37.83%, Best Valid: 36.77%, Best Test: 36.28%
Run 01:
Highest Train: 99.81
Highest Valid: 37.60
Highest Test: 42.26
Chosen epoch: 992
Final Train: 99.34
Final Test: 41.15
Epoch: 00, Loss: 3.4455, Train: 41.94%, Valid: 31.14%, Test: 31.83%, Best Valid: 31.14%, Best Test: 31.83%
Epoch: 100, Loss: 0.0881, Train: 98.33%, Valid: 32.14%, Test: 34.76%, Best Valid: 38.43%, Best Test: 38.15%
Epoch: 200, Loss: 0.0471, Train: 99.26%, Valid: 31.43%, Test: 32.51%, Best Valid: 38.43%, Best Test: 38.15%
Epoch: 300, Loss: 0.0412, Train: 99.35%, Valid: 31.14%, Test: 34.54%, Best Valid: 38.43%, Best Test: 38.15%
Epoch: 400, Loss: 0.0484, Train: 99.54%, Valid: 33.00%, Test: 33.86%, Best Valid: 38.43%, Best Test: 38.15%
Epoch: 500, Loss: 0.0399, Train: 99.54%, Valid: 31.00%, Test: 35.44%, Best Valid: 38.43%, Best Test: 38.15%
Epoch: 600, Loss: 0.0450, Train: 99.63%, Valid: 34.00%, Test: 35.89%, Best Valid: 38.43%, Best Test: 38.15%
Epoch: 700, Loss: 0.0482, Train: 99.72%, Valid: 32.86%, Test: 34.31%, Best Valid: 38.43%, Best Test: 38.15%
Epoch: 800, Loss: 0.0492, Train: 99.54%, Valid: 32.71%, Test: 36.34%, Best Valid: 38.43%, Best Test: 38.15%
Epoch: 900, Loss: 0.0617, Train: 99.44%, Valid: 34.29%, Test: 38.83%, Best Valid: 38.43%, Best Test: 38.15%
Run 02:
Highest Train: 99.72
Highest Valid: 38.43
Highest Test: 40.18
Chosen epoch: 1
Final Train: 56.57
Final Test: 38.15
Epoch: 00, Loss: 3.8388, Train: 40.11%, Valid: 30.30%, Test: 26.89%, Best Valid: 30.30%, Best Test: 26.89%
Epoch: 100, Loss: 0.0659, Train: 98.19%, Valid: 34.30%, Test: 32.44%, Best Valid: 38.57%, Best Test: 37.78%
Epoch: 200, Loss: 0.0447, Train: 98.66%, Valid: 34.44%, Test: 32.67%, Best Valid: 38.57%, Best Test: 37.78%
Epoch: 300, Loss: 0.0375, Train: 99.14%, Valid: 34.71%, Test: 31.56%, Best Valid: 38.57%, Best Test: 37.78%
Epoch: 400, Loss: 0.0380, Train: 99.33%, Valid: 34.85%, Test: 30.67%, Best Valid: 38.57%, Best Test: 37.78%
Epoch: 500, Loss: 0.0424, Train: 99.43%, Valid: 33.75%, Test: 29.78%, Best Valid: 38.57%, Best Test: 37.78%
Epoch: 600, Loss: 0.0430, Train: 99.24%, Valid: 33.33%, Test: 34.89%, Best Valid: 38.57%, Best Test: 37.78%
Epoch: 700, Loss: 0.0522, Train: 99.24%, Valid: 34.44%, Test: 35.33%, Best Valid: 38.57%, Best Test: 37.78%
Epoch: 800, Loss: 0.0373, Train: 99.33%, Valid: 36.23%, Test: 34.00%, Best Valid: 38.57%, Best Test: 37.78%
Epoch: 900, Loss: 0.0371, Train: 98.95%, Valid: 36.36%, Test: 32.22%, Best Valid: 38.57%, Best Test: 37.78%
Run 03:
Highest Train: 99.81
Highest Valid: 38.57
Highest Test: 40.22
Chosen epoch: 1
Final Train: 49.47
Final Test: 37.78
Epoch: 00, Loss: 3.9991, Train: 38.77%, Valid: 34.22%, Test: 36.00%, Best Valid: 34.22%, Best Test: 36.00%
Epoch: 100, Loss: 0.0684, Train: 97.74%, Valid: 30.72%, Test: 32.22%, Best Valid: 34.22%, Best Test: 36.00%
Epoch: 200, Loss: 0.0365, Train: 98.96%, Valid: 31.70%, Test: 34.00%, Best Valid: 34.22%, Best Test: 36.00%
Epoch: 300, Loss: 0.0450, Train: 98.87%, Valid: 31.56%, Test: 33.56%, Best Valid: 34.22%, Best Test: 36.00%
Epoch: 400, Loss: 0.0339, Train: 99.53%, Valid: 30.58%, Test: 32.22%, Best Valid: 34.22%, Best Test: 36.00%
Epoch: 500, Loss: 0.0858, Train: 98.30%, Valid: 31.98%, Test: 32.00%, Best Valid: 34.22%, Best Test: 36.00%
Epoch: 600, Loss: 0.0353, Train: 99.34%, Valid: 32.96%, Test: 32.67%, Best Valid: 34.50%, Best Test: 32.89%
Epoch: 700, Loss: 0.0402, Train: 99.53%, Valid: 31.70%, Test: 35.33%, Best Valid: 34.50%, Best Test: 32.89%
Epoch: 800, Loss: 0.0446, Train: 98.96%, Valid: 31.14%, Test: 34.00%, Best Valid: 34.64%, Best Test: 35.33%
Epoch: 900, Loss: 0.0434, Train: 99.34%, Valid: 33.10%, Test: 37.56%, Best Valid: 34.64%, Best Test: 35.33%
Run 04:
Highest Train: 99.81
Highest Valid: 35.06
Highest Test: 38.44
Chosen epoch: 906
Final Train: 98.68
Final Test: 35.56
Epoch: 00, Loss: 3.8369, Train: 55.55%, Valid: 28.65%, Test: 32.96%, Best Valid: 28.65%, Best Test: 32.96%
Epoch: 100, Loss: 0.0645, Train: 98.10%, Valid: 32.68%, Test: 32.29%, Best Valid: 36.16%, Best Test: 37.86%
Epoch: 200, Loss: 0.0429, Train: 98.96%, Valid: 32.55%, Test: 33.41%, Best Valid: 36.16%, Best Test: 37.86%
Epoch: 300, Loss: 0.0318, Train: 98.96%, Valid: 32.68%, Test: 34.52%, Best Valid: 36.16%, Best Test: 37.86%
Epoch: 400, Loss: 0.0393, Train: 99.15%, Valid: 30.04%, Test: 34.97%, Best Valid: 36.16%, Best Test: 37.86%
Epoch: 500, Loss: 0.0444, Train: 98.96%, Valid: 30.88%, Test: 36.08%, Best Valid: 36.16%, Best Test: 37.86%
Epoch: 600, Loss: 0.0468, Train: 98.48%, Valid: 31.71%, Test: 34.30%, Best Valid: 36.16%, Best Test: 37.86%
Epoch: 700, Loss: 0.0474, Train: 99.05%, Valid: 31.43%, Test: 35.41%, Best Valid: 36.16%, Best Test: 37.86%
Epoch: 800, Loss: 0.0554, Train: 99.34%, Valid: 31.99%, Test: 36.75%, Best Valid: 36.16%, Best Test: 37.86%
Epoch: 900, Loss: 0.0511, Train: 99.43%, Valid: 31.43%, Test: 35.19%, Best Valid: 36.16%, Best Test: 37.86%
Run 05:
Highest Train: 99.81
Highest Valid: 36.16
Highest Test: 40.31
Chosen epoch: 7
Final Train: 83.03
Final Test: 37.86
All runs:
Highest Train: 99.79 ± 0.04
Highest Test: 40.28 ± 1.35
Highest Valid: 37.16 ± 1.52
  Final Train: 77.42 ± 23.34
   Final Test: 38.10 ± 2.00
Saving results to mlp_gt/results_full/squirrel/sgformer.csv

Running with MLP-GT Regularization (lambda=0.01)...
Namespace(aggregate='add', alpha=0.5, attention='gcn', beta=-1.0, bn=False, cpu=False, data_dir='../data/', dataset='squirrel', device=0, dim_inner=256, display_step=100, dropout=0.3, epochs=1000, global_dropout=None, global_layers=2, gnn='gcn', graph_weight=0.5, hidden_channels=256, hops=10, in_dropout=0.0, jk=False, label_num_per_class=20, lambda_val=0.01, layers=3, ln=False, local_gnn_type='GCN', local_layers=7, lr=0.01, metric='acc', mlp_epochs=500, mlp_reg=True, model='sgformer', model_dir='./model/', n_heads=1, num_centroids=4096, num_heads=1, oracle_reg=False, pe_types='RWSE', pre_linear=False, pre_ln=False, rand_split=False, rand_split_class=False, reg_start_epoch=10, reg_update_freq=5, res=False, result_dir='mlp_gt/results_full', runs=5, save_model=False, save_result=False, seed=42, test_num=1000, train_prop=0.5, use_act=True, use_bn=True, use_graph=True, use_reg=True, use_residual=True, use_weight=False, valid_num=500, valid_prop=0.25, weight_decay=0.0005)
squirrel
dataset squirrel | num nodes 2223 | num edge 46998 | num node feats 2089 | num classes 5
MODEL: SGFormer(
  (trans_conv): TransConv(
    (convs): ModuleList(
      (0): TransConvLayer(
        (Wk): Linear(in_features=256, out_features=256, bias=True)
        (Wq): Linear(in_features=256, out_features=256, bias=True)
      )
      (1): TransConvLayer(
        (Wk): Linear(in_features=256, out_features=256, bias=True)
        (Wq): Linear(in_features=256, out_features=256, bias=True)
      )
      (2): TransConvLayer(
        (Wk): Linear(in_features=256, out_features=256, bias=True)
        (Wq): Linear(in_features=256, out_features=256, bias=True)
      )
    )
    (fcs): ModuleList(
      (0): Linear(in_features=2089, out_features=256, bias=True)
    )
    (bns): ModuleList(
      (0): LayerNorm((256,), eps=1e-05, elementwise_affine=True)
      (1): LayerNorm((256,), eps=1e-05, elementwise_affine=True)
      (2): LayerNorm((256,), eps=1e-05, elementwise_affine=True)
      (3): LayerNorm((256,), eps=1e-05, elementwise_affine=True)
    )
  )
  (gnn): GCN(
    (convs): ModuleList(
      (0): GCNConv(2089, 256)
      (1): GCNConv(256, 256)
      (2): GCNConv(256, 256)
    )
    (bns): ModuleList(
      (0): BatchNorm1d(256, eps=1e-05, momentum=0.1, affine=True, track_running_stats=True)
      (1): BatchNorm1d(256, eps=1e-05, momentum=0.1, affine=True, track_running_stats=True)
    )
  )
  (fc): Linear(in_features=256, out_features=5, bias=True)
)
Pre-training MLP for 500 epochs to generate co-occurrence matrix...
MLP pre-training complete. Penalty matrix frozen.
Epoch: 00, Loss: 1.6599, Train: 63.25%, Valid: 34.96%, Test: 37.83%, Best Valid: 34.96%, Best Test: 37.83%
Epoch: 100, Loss: 0.0590, Train: 99.05%, Valid: 29.81%, Test: 33.63%, Best Valid: 34.96%, Best Test: 37.83%
Epoch: 200, Loss: 0.0602, Train: 99.15%, Valid: 32.03%, Test: 32.96%, Best Valid: 34.96%, Best Test: 37.83%
Epoch: 300, Loss: 0.0751, Train: 99.34%, Valid: 31.34%, Test: 35.62%, Best Valid: 36.49%, Best Test: 34.29%
Epoch: 400, Loss: 0.0650, Train: 99.24%, Valid: 34.12%, Test: 38.05%, Best Valid: 36.49%, Best Test: 34.29%
Epoch: 500, Loss: 0.0598, Train: 99.53%, Valid: 33.43%, Test: 39.16%, Best Valid: 37.33%, Best Test: 37.61%
Epoch: 600, Loss: 0.0789, Train: 99.24%, Valid: 32.03%, Test: 35.18%, Best Valid: 37.33%, Best Test: 37.61%
Epoch: 700, Loss: 0.0590, Train: 99.34%, Valid: 31.75%, Test: 35.62%, Best Valid: 37.33%, Best Test: 37.61%
Epoch: 800, Loss: 0.0514, Train: 98.39%, Valid: 29.25%, Test: 35.40%, Best Valid: 37.33%, Best Test: 37.61%
Epoch: 900, Loss: 0.0673, Train: 99.34%, Valid: 34.68%, Test: 36.28%, Best Valid: 37.33%, Best Test: 37.61%
Run 01:
Highest Train: 99.81
Highest Valid: 37.33
Highest Test: 40.04
Chosen epoch: 492
Final Train: 99.05
Final Test: 37.61
Pre-training MLP for 500 epochs to generate co-occurrence matrix...
MLP pre-training complete. Penalty matrix frozen.
Epoch: 00, Loss: 3.6564, Train: 42.78%, Valid: 38.00%, Test: 36.79%, Best Valid: 38.00%, Best Test: 36.79%
Epoch: 100, Loss: 0.0897, Train: 98.61%, Valid: 32.14%, Test: 33.86%, Best Valid: 38.00%, Best Test: 36.79%
Epoch: 200, Loss: 0.0450, Train: 99.35%, Valid: 32.29%, Test: 33.86%, Best Valid: 38.00%, Best Test: 36.79%
Epoch: 300, Loss: 0.0330, Train: 99.44%, Valid: 31.86%, Test: 33.41%, Best Valid: 38.00%, Best Test: 36.79%
Epoch: 400, Loss: 0.0479, Train: 99.54%, Valid: 30.86%, Test: 33.63%, Best Valid: 38.00%, Best Test: 36.79%
Epoch: 500, Loss: 0.0393, Train: 99.63%, Valid: 31.00%, Test: 34.76%, Best Valid: 38.00%, Best Test: 36.79%
Epoch: 600, Loss: 0.0375, Train: 99.63%, Valid: 30.86%, Test: 34.99%, Best Valid: 38.00%, Best Test: 36.79%
Epoch: 700, Loss: 0.0472, Train: 99.63%, Valid: 32.00%, Test: 34.99%, Best Valid: 38.00%, Best Test: 36.79%
Epoch: 800, Loss: 0.0436, Train: 99.63%, Valid: 30.86%, Test: 33.86%, Best Valid: 38.00%, Best Test: 36.79%
Epoch: 900, Loss: 0.0358, Train: 99.54%, Valid: 33.00%, Test: 34.99%, Best Valid: 38.00%, Best Test: 36.79%
Run 02:
Highest Train: 99.72
Highest Valid: 38.00
Highest Test: 38.83
Chosen epoch: 0
Final Train: 42.78
Final Test: 36.79
Pre-training MLP for 500 epochs to generate co-occurrence matrix...
MLP pre-training complete. Penalty matrix frozen.
Epoch: 00, Loss: 3.5577, Train: 46.32%, Valid: 34.02%, Test: 37.78%, Best Valid: 34.02%, Best Test: 37.78%
Epoch: 100, Loss: 0.0592, Train: 98.57%, Valid: 34.30%, Test: 32.44%, Best Valid: 35.40%, Best Test: 33.56%
Epoch: 200, Loss: 0.0428, Train: 99.43%, Valid: 33.33%, Test: 30.44%, Best Valid: 35.40%, Best Test: 33.56%
Epoch: 300, Loss: 0.0372, Train: 99.43%, Valid: 33.88%, Test: 31.33%, Best Valid: 35.40%, Best Test: 33.56%
Epoch: 400, Loss: 0.0401, Train: 99.14%, Valid: 34.02%, Test: 34.67%, Best Valid: 36.09%, Best Test: 33.33%
Epoch: 500, Loss: 0.0542, Train: 99.24%, Valid: 35.12%, Test: 33.78%, Best Valid: 36.09%, Best Test: 33.33%
Epoch: 600, Loss: 0.0430, Train: 99.62%, Valid: 35.54%, Test: 32.89%, Best Valid: 36.23%, Best Test: 33.78%
Epoch: 700, Loss: 0.0402, Train: 99.71%, Valid: 36.09%, Test: 34.00%, Best Valid: 38.02%, Best Test: 32.44%
Epoch: 800, Loss: 0.0614, Train: 99.62%, Valid: 35.54%, Test: 34.00%, Best Valid: 38.15%, Best Test: 35.11%
Epoch: 900, Loss: 0.0562, Train: 99.52%, Valid: 34.99%, Test: 31.56%, Best Valid: 38.15%, Best Test: 35.11%
Run 03:
Highest Train: 99.81
Highest Valid: 38.29
Highest Test: 38.44
Chosen epoch: 960
Final Train: 99.14
Final Test: 36.00
Pre-training MLP for 500 epochs to generate co-occurrence matrix...
MLP pre-training complete. Penalty matrix frozen.
Epoch: 00, Loss: 3.6718, Train: 58.02%, Valid: 32.54%, Test: 36.44%, Best Valid: 32.54%, Best Test: 36.44%
Epoch: 100, Loss: 0.0622, Train: 98.02%, Valid: 32.40%, Test: 33.78%, Best Valid: 37.73%, Best Test: 38.67%
Epoch: 200, Loss: 0.0357, Train: 98.96%, Valid: 32.54%, Test: 34.00%, Best Valid: 37.73%, Best Test: 38.67%
Epoch: 300, Loss: 0.0379, Train: 99.15%, Valid: 31.84%, Test: 33.33%, Best Valid: 37.73%, Best Test: 38.67%
Epoch: 400, Loss: 0.0319, Train: 98.96%, Valid: 31.56%, Test: 34.67%, Best Valid: 37.73%, Best Test: 38.67%
Epoch: 500, Loss: 0.0410, Train: 99.15%, Valid: 32.54%, Test: 35.78%, Best Valid: 37.73%, Best Test: 38.67%
Epoch: 600, Loss: 0.0373, Train: 99.53%, Valid: 31.14%, Test: 32.89%, Best Valid: 37.73%, Best Test: 38.67%
Epoch: 700, Loss: 0.0548, Train: 99.72%, Valid: 31.98%, Test: 38.22%, Best Valid: 37.73%, Best Test: 38.67%
Epoch: 800, Loss: 0.0375, Train: 99.25%, Valid: 33.94%, Test: 37.78%, Best Valid: 37.73%, Best Test: 38.67%
Epoch: 900, Loss: 0.0462, Train: 99.06%, Valid: 35.20%, Test: 36.00%, Best Valid: 37.73%, Best Test: 38.67%
Run 04:
Highest Train: 99.81
Highest Valid: 37.73
Highest Test: 39.11
Chosen epoch: 2
Final Train: 47.92
Final Test: 38.67
Pre-training MLP for 500 epochs to generate co-occurrence matrix...
MLP pre-training complete. Penalty matrix frozen.
Epoch: 00, Loss: 3.8147, Train: 54.41%, Valid: 32.82%, Test: 36.75%, Best Valid: 32.82%, Best Test: 36.75%
Epoch: 100, Loss: 0.0579, Train: 97.91%, Valid: 31.57%, Test: 34.08%, Best Valid: 33.38%, Best Test: 38.98%
Epoch: 200, Loss: 0.0421, Train: 98.20%, Valid: 32.13%, Test: 34.52%, Best Valid: 33.94%, Best Test: 32.52%
Epoch: 300, Loss: 0.0528, Train: 98.20%, Valid: 30.88%, Test: 33.85%, Best Valid: 33.94%, Best Test: 32.52%
Epoch: 400, Loss: 0.0391, Train: 99.24%, Valid: 31.99%, Test: 33.63%, Best Valid: 33.94%, Best Test: 32.52%
Epoch: 500, Loss: 0.0401, Train: 99.62%, Valid: 29.76%, Test: 34.74%, Best Valid: 33.94%, Best Test: 32.52%
Epoch: 600, Loss: 0.0411, Train: 99.34%, Valid: 30.46%, Test: 33.18%, Best Valid: 33.94%, Best Test: 32.52%
Epoch: 700, Loss: 0.0568, Train: 99.62%, Valid: 31.99%, Test: 32.96%, Best Valid: 33.94%, Best Test: 32.52%
Epoch: 800, Loss: 0.0506, Train: 99.43%, Valid: 31.29%, Test: 35.19%, Best Valid: 33.94%, Best Test: 32.52%
Epoch: 900, Loss: 0.0446, Train: 98.96%, Valid: 32.41%, Test: 34.30%, Best Valid: 34.08%, Best Test: 33.41%
Run 05:
Highest Train: 99.81
Highest Valid: 34.63
Highest Test: 39.20
Chosen epoch: 977
Final Train: 99.34
Final Test: 36.75
All runs:
Highest Train: 99.79 ± 0.04
Highest Test: 39.12 ± 0.59
Highest Valid: 37.20 ± 1.48
  Final Train: 77.65 ± 29.54
   Final Test: 37.16 ± 1.02
Saving results to mlp_gt/results_full/squirrel/sgformer.csv

Running with MLP-GT Regularization (lambda=0.1)...
Namespace(aggregate='add', alpha=0.5, attention='gcn', beta=-1.0, bn=False, cpu=False, data_dir='../data/', dataset='squirrel', device=0, dim_inner=256, display_step=100, dropout=0.3, epochs=1000, global_dropout=None, global_layers=2, gnn='gcn', graph_weight=0.5, hidden_channels=256, hops=10, in_dropout=0.0, jk=False, label_num_per_class=20, lambda_val=0.1, layers=3, ln=False, local_gnn_type='GCN', local_layers=7, lr=0.01, metric='acc', mlp_epochs=500, mlp_reg=True, model='sgformer', model_dir='./model/', n_heads=1, num_centroids=4096, num_heads=1, oracle_reg=False, pe_types='RWSE', pre_linear=False, pre_ln=False, rand_split=False, rand_split_class=False, reg_start_epoch=10, reg_update_freq=5, res=False, result_dir='mlp_gt/results_full', runs=5, save_model=False, save_result=False, seed=42, test_num=1000, train_prop=0.5, use_act=True, use_bn=True, use_graph=True, use_reg=True, use_residual=True, use_weight=False, valid_num=500, valid_prop=0.25, weight_decay=0.0005)
squirrel
dataset squirrel | num nodes 2223 | num edge 46998 | num node feats 2089 | num classes 5
MODEL: SGFormer(
  (trans_conv): TransConv(
    (convs): ModuleList(
      (0): TransConvLayer(
        (Wk): Linear(in_features=256, out_features=256, bias=True)
        (Wq): Linear(in_features=256, out_features=256, bias=True)
      )
      (1): TransConvLayer(
        (Wk): Linear(in_features=256, out_features=256, bias=True)
        (Wq): Linear(in_features=256, out_features=256, bias=True)
      )
      (2): TransConvLayer(
        (Wk): Linear(in_features=256, out_features=256, bias=True)
        (Wq): Linear(in_features=256, out_features=256, bias=True)
      )
    )
    (fcs): ModuleList(
      (0): Linear(in_features=2089, out_features=256, bias=True)
    )
    (bns): ModuleList(
      (0): LayerNorm((256,), eps=1e-05, elementwise_affine=True)
      (1): LayerNorm((256,), eps=1e-05, elementwise_affine=True)
      (2): LayerNorm((256,), eps=1e-05, elementwise_affine=True)
      (3): LayerNorm((256,), eps=1e-05, elementwise_affine=True)
    )
  )
  (gnn): GCN(
    (convs): ModuleList(
      (0): GCNConv(2089, 256)
      (1): GCNConv(256, 256)
      (2): GCNConv(256, 256)
    )
    (bns): ModuleList(
      (0): BatchNorm1d(256, eps=1e-05, momentum=0.1, affine=True, track_running_stats=True)
      (1): BatchNorm1d(256, eps=1e-05, momentum=0.1, affine=True, track_running_stats=True)
    )
  )
  (fc): Linear(in_features=256, out_features=5, bias=True)
)
Pre-training MLP for 500 epochs to generate co-occurrence matrix...
MLP pre-training complete. Penalty matrix frozen.
Epoch: 00, Loss: 1.8078, Train: 58.31%, Valid: 34.26%, Test: 38.05%, Best Valid: 34.26%, Best Test: 38.05%
Epoch: 100, Loss: 0.0717, Train: 98.86%, Valid: 28.55%, Test: 34.07%, Best Valid: 34.26%, Best Test: 38.05%
Epoch: 200, Loss: 0.0682, Train: 99.24%, Valid: 33.01%, Test: 33.41%, Best Valid: 34.82%, Best Test: 34.07%
Epoch: 300, Loss: 0.0700, Train: 99.34%, Valid: 32.03%, Test: 33.63%, Best Valid: 34.82%, Best Test: 34.07%
Epoch: 400, Loss: 0.0799, Train: 99.34%, Valid: 31.75%, Test: 36.06%, Best Valid: 35.65%, Best Test: 35.84%
Epoch: 500, Loss: 0.0639, Train: 99.34%, Valid: 32.17%, Test: 33.63%, Best Valid: 36.49%, Best Test: 36.06%
Epoch: 600, Loss: 0.0693, Train: 99.34%, Valid: 33.57%, Test: 35.18%, Best Valid: 36.49%, Best Test: 36.06%
Epoch: 700, Loss: 0.0628, Train: 99.72%, Valid: 31.62%, Test: 34.96%, Best Valid: 36.49%, Best Test: 36.06%
Epoch: 800, Loss: 0.0891, Train: 99.43%, Valid: 31.75%, Test: 35.84%, Best Valid: 36.49%, Best Test: 36.06%
Epoch: 900, Loss: 0.0772, Train: 99.24%, Valid: 33.29%, Test: 34.51%, Best Valid: 36.49%, Best Test: 36.06%
Run 01:
Highest Train: 99.81
Highest Valid: 36.49
Highest Test: 38.27
Chosen epoch: 432
Final Train: 99.24
Final Test: 36.06
Pre-training MLP for 500 epochs to generate co-occurrence matrix...
MLP pre-training complete. Penalty matrix frozen.
Epoch: 00, Loss: 4.2317, Train: 44.07%, Valid: 34.86%, Test: 35.89%, Best Valid: 34.86%, Best Test: 35.89%
Epoch: 100, Loss: 0.0791, Train: 98.70%, Valid: 32.43%, Test: 34.31%, Best Valid: 34.86%, Best Test: 35.89%
Epoch: 200, Loss: 0.0738, Train: 99.35%, Valid: 31.29%, Test: 34.09%, Best Valid: 34.86%, Best Test: 35.89%
Epoch: 300, Loss: 0.0379, Train: 99.63%, Valid: 30.29%, Test: 34.99%, Best Valid: 34.86%, Best Test: 35.89%
Epoch: 400, Loss: 0.0473, Train: 99.54%, Valid: 30.29%, Test: 37.25%, Best Valid: 34.86%, Best Test: 35.89%
Epoch: 500, Loss: 0.0439, Train: 99.72%, Valid: 31.43%, Test: 35.21%, Best Valid: 34.86%, Best Test: 35.89%
Epoch: 600, Loss: 0.0569, Train: 99.72%, Valid: 31.57%, Test: 36.57%, Best Valid: 34.86%, Best Test: 35.89%
Epoch: 700, Loss: 0.0467, Train: 99.44%, Valid: 31.29%, Test: 38.15%, Best Valid: 34.86%, Best Test: 35.89%
Epoch: 800, Loss: 0.0422, Train: 99.54%, Valid: 32.29%, Test: 34.76%, Best Valid: 34.86%, Best Test: 35.89%
Epoch: 900, Loss: 0.0480, Train: 99.63%, Valid: 30.86%, Test: 36.34%, Best Valid: 35.00%, Best Test: 36.57%
Run 02:
Highest Train: 99.81
Highest Valid: 35.00
Highest Test: 39.50
Chosen epoch: 865
Final Train: 99.54
Final Test: 36.57
Pre-training MLP for 500 epochs to generate co-occurrence matrix...
MLP pre-training complete. Penalty matrix frozen.
Epoch: 00, Loss: 3.9080, Train: 50.05%, Valid: 33.47%, Test: 33.33%, Best Valid: 33.47%, Best Test: 33.33%
Epoch: 100, Loss: 0.0757, Train: 98.09%, Valid: 34.44%, Test: 31.78%, Best Valid: 37.47%, Best Test: 33.33%
Epoch: 200, Loss: 0.0412, Train: 99.33%, Valid: 34.99%, Test: 33.33%, Best Valid: 37.47%, Best Test: 33.33%
Epoch: 300, Loss: 0.0402, Train: 99.14%, Valid: 35.81%, Test: 33.11%, Best Valid: 37.47%, Best Test: 33.33%
Epoch: 400, Loss: 0.0430, Train: 99.33%, Valid: 35.81%, Test: 30.89%, Best Valid: 37.47%, Best Test: 33.33%
Epoch: 500, Loss: 0.0432, Train: 99.52%, Valid: 33.88%, Test: 32.44%, Best Valid: 37.47%, Best Test: 33.33%
Epoch: 600, Loss: 0.0475, Train: 99.52%, Valid: 33.88%, Test: 35.11%, Best Valid: 37.47%, Best Test: 33.33%
Epoch: 700, Loss: 0.0484, Train: 98.76%, Valid: 34.57%, Test: 36.44%, Best Valid: 37.47%, Best Test: 33.33%
Epoch: 800, Loss: 0.0522, Train: 99.52%, Valid: 33.33%, Test: 34.22%, Best Valid: 37.47%, Best Test: 33.33%
Epoch: 900, Loss: 0.0507, Train: 98.38%, Valid: 36.50%, Test: 37.11%, Best Valid: 37.47%, Best Test: 33.33%
Run 03:
Highest Train: 99.81
Highest Valid: 38.57
Highest Test: 38.22
Chosen epoch: 940
Final Train: 99.24
Final Test: 31.11
Pre-training MLP for 500 epochs to generate co-occurrence matrix...
MLP pre-training complete. Penalty matrix frozen.
Epoch: 00, Loss: 4.0039, Train: 53.77%, Valid: 34.50%, Test: 35.78%, Best Valid: 34.50%, Best Test: 35.78%
Epoch: 100, Loss: 0.0861, Train: 98.02%, Valid: 30.86%, Test: 34.22%, Best Valid: 34.50%, Best Test: 35.78%
Epoch: 200, Loss: 0.0301, Train: 99.34%, Valid: 31.84%, Test: 33.78%, Best Valid: 34.50%, Best Test: 35.78%
Epoch: 300, Loss: 0.0344, Train: 99.25%, Valid: 31.14%, Test: 32.89%, Best Valid: 34.50%, Best Test: 35.78%
Epoch: 400, Loss: 0.0450, Train: 98.96%, Valid: 32.54%, Test: 33.11%, Best Valid: 34.50%, Best Test: 35.78%
Epoch: 500, Loss: 0.0555, Train: 99.25%, Valid: 30.58%, Test: 30.89%, Best Valid: 34.50%, Best Test: 35.78%
Epoch: 600, Loss: 0.0413, Train: 99.43%, Valid: 32.54%, Test: 31.56%, Best Valid: 34.50%, Best Test: 35.78%
Epoch: 700, Loss: 0.0396, Train: 99.25%, Valid: 32.26%, Test: 37.33%, Best Valid: 34.50%, Best Test: 35.78%
Epoch: 800, Loss: 0.0458, Train: 99.43%, Valid: 34.08%, Test: 34.67%, Best Valid: 35.34%, Best Test: 34.44%
Epoch: 900, Loss: 0.0485, Train: 99.53%, Valid: 32.26%, Test: 35.78%, Best Valid: 35.34%, Best Test: 34.44%
Run 04:
Highest Train: 99.81
Highest Valid: 35.34
Highest Test: 38.89
Chosen epoch: 777
Final Train: 99.62
Final Test: 34.44
Pre-training MLP for 500 epochs to generate co-occurrence matrix...
MLP pre-training complete. Penalty matrix frozen.
Epoch: 00, Loss: 4.0109, Train: 54.41%, Valid: 32.68%, Test: 37.86%, Best Valid: 32.68%, Best Test: 37.86%
Epoch: 100, Loss: 0.0588, Train: 98.48%, Valid: 31.57%, Test: 32.96%, Best Valid: 33.66%, Best Test: 36.75%
Epoch: 200, Loss: 0.0478, Train: 98.96%, Valid: 31.99%, Test: 34.74%, Best Valid: 33.66%, Best Test: 36.75%
Epoch: 300, Loss: 0.0382, Train: 98.77%, Valid: 30.32%, Test: 34.97%, Best Valid: 33.66%, Best Test: 36.75%
Epoch: 400, Loss: 0.0468, Train: 98.77%, Valid: 29.90%, Test: 33.85%, Best Valid: 33.66%, Best Test: 36.75%
Epoch: 500, Loss: 0.0448, Train: 99.24%, Valid: 31.02%, Test: 33.18%, Best Valid: 33.66%, Best Test: 36.75%
Epoch: 600, Loss: 0.0523, Train: 99.62%, Valid: 32.27%, Test: 36.08%, Best Valid: 33.66%, Best Test: 36.75%
Epoch: 700, Loss: 0.0421, Train: 99.34%, Valid: 32.41%, Test: 36.08%, Best Valid: 34.21%, Best Test: 34.52%
Epoch: 800, Loss: 0.0483, Train: 99.34%, Valid: 32.41%, Test: 36.30%, Best Valid: 34.21%, Best Test: 34.52%
Epoch: 900, Loss: 0.0441, Train: 99.43%, Valid: 32.82%, Test: 35.63%, Best Valid: 34.21%, Best Test: 34.52%
Run 05:
Highest Train: 99.81
Highest Valid: 34.49
Highest Test: 39.87
Chosen epoch: 924
Final Train: 99.24
Final Test: 35.63
All runs:
Highest Train: 99.81 ± 0.00
Highest Test: 38.95 ± 0.73
Highest Valid: 35.98 ± 1.62
  Final Train: 99.38 ± 0.19
   Final Test: 34.76 ± 2.19
Saving results to mlp_gt/results_full/squirrel/sgformer.csv

Running with MLP-GT Regularization (lambda=0.2)...
Namespace(aggregate='add', alpha=0.5, attention='gcn', beta=-1.0, bn=False, cpu=False, data_dir='../data/', dataset='squirrel', device=0, dim_inner=256, display_step=100, dropout=0.3, epochs=1000, global_dropout=None, global_layers=2, gnn='gcn', graph_weight=0.5, hidden_channels=256, hops=10, in_dropout=0.0, jk=False, label_num_per_class=20, lambda_val=0.2, layers=3, ln=False, local_gnn_type='GCN', local_layers=7, lr=0.01, metric='acc', mlp_epochs=500, mlp_reg=True, model='sgformer', model_dir='./model/', n_heads=1, num_centroids=4096, num_heads=1, oracle_reg=False, pe_types='RWSE', pre_linear=False, pre_ln=False, rand_split=False, rand_split_class=False, reg_start_epoch=10, reg_update_freq=5, res=False, result_dir='mlp_gt/results_full', runs=5, save_model=False, save_result=False, seed=42, test_num=1000, train_prop=0.5, use_act=True, use_bn=True, use_graph=True, use_reg=True, use_residual=True, use_weight=False, valid_num=500, valid_prop=0.25, weight_decay=0.0005)
squirrel
dataset squirrel | num nodes 2223 | num edge 46998 | num node feats 2089 | num classes 5
MODEL: SGFormer(
  (trans_conv): TransConv(
    (convs): ModuleList(
      (0): TransConvLayer(
        (Wk): Linear(in_features=256, out_features=256, bias=True)
        (Wq): Linear(in_features=256, out_features=256, bias=True)
      )
      (1): TransConvLayer(
        (Wk): Linear(in_features=256, out_features=256, bias=True)
        (Wq): Linear(in_features=256, out_features=256, bias=True)
      )
      (2): TransConvLayer(
        (Wk): Linear(in_features=256, out_features=256, bias=True)
        (Wq): Linear(in_features=256, out_features=256, bias=True)
      )
    )
    (fcs): ModuleList(
      (0): Linear(in_features=2089, out_features=256, bias=True)
    )
    (bns): ModuleList(
      (0): LayerNorm((256,), eps=1e-05, elementwise_affine=True)
      (1): LayerNorm((256,), eps=1e-05, elementwise_affine=True)
      (2): LayerNorm((256,), eps=1e-05, elementwise_affine=True)
      (3): LayerNorm((256,), eps=1e-05, elementwise_affine=True)
    )
  )
  (gnn): GCN(
    (convs): ModuleList(
      (0): GCNConv(2089, 256)
      (1): GCNConv(256, 256)
      (2): GCNConv(256, 256)
    )
    (bns): ModuleList(
      (0): BatchNorm1d(256, eps=1e-05, momentum=0.1, affine=True, track_running_stats=True)
      (1): BatchNorm1d(256, eps=1e-05, momentum=0.1, affine=True, track_running_stats=True)
    )
  )
  (fc): Linear(in_features=256, out_features=5, bias=True)
)
Pre-training MLP for 500 epochs to generate co-occurrence matrix...
MLP pre-training complete. Penalty matrix frozen.
Epoch: 00, Loss: 1.9722, Train: 53.94%, Valid: 34.68%, Test: 37.83%, Best Valid: 34.68%, Best Test: 37.83%
Epoch: 100, Loss: 0.0704, Train: 99.05%, Valid: 30.64%, Test: 31.86%, Best Valid: 34.68%, Best Test: 37.83%
Epoch: 200, Loss: 0.0695, Train: 99.34%, Valid: 32.73%, Test: 32.96%, Best Valid: 34.68%, Best Test: 37.83%
Epoch: 300, Loss: 0.0957, Train: 98.96%, Valid: 30.64%, Test: 33.85%, Best Valid: 35.10%, Best Test: 33.63%
Epoch: 400, Loss: 0.0892, Train: 99.53%, Valid: 33.15%, Test: 34.73%, Best Valid: 36.49%, Best Test: 34.73%
Epoch: 500, Loss: 0.0805, Train: 99.43%, Valid: 33.57%, Test: 37.61%, Best Valid: 37.19%, Best Test: 34.07%
Epoch: 600, Loss: 0.0784, Train: 98.77%, Valid: 37.33%, Test: 36.28%, Best Valid: 37.60%, Best Test: 38.50%
Epoch: 700, Loss: 0.0878, Train: 98.67%, Valid: 36.21%, Test: 36.95%, Best Valid: 39.00%, Best Test: 36.73%
Epoch: 800, Loss: 0.0747, Train: 99.15%, Valid: 35.93%, Test: 37.61%, Best Valid: 39.55%, Best Test: 36.50%
Epoch: 900, Loss: 0.0757, Train: 99.53%, Valid: 39.14%, Test: 37.17%, Best Valid: 39.69%, Best Test: 34.07%
Run 01:
Highest Train: 99.81
Highest Valid: 39.69
Highest Test: 40.27
Chosen epoch: 869
Final Train: 99.62
Final Test: 34.07
Pre-training MLP for 500 epochs to generate co-occurrence matrix...
MLP pre-training complete. Penalty matrix frozen.
Epoch: 00, Loss: 4.3389, Train: 38.70%, Valid: 35.14%, Test: 37.02%, Best Valid: 35.14%, Best Test: 37.02%
Epoch: 100, Loss: 0.0858, Train: 98.52%, Valid: 30.43%, Test: 32.51%, Best Valid: 35.43%, Best Test: 36.12%
Epoch: 200, Loss: 0.0638, Train: 99.35%, Valid: 29.86%, Test: 32.05%, Best Valid: 35.43%, Best Test: 36.12%
Epoch: 300, Loss: 0.0356, Train: 99.54%, Valid: 28.29%, Test: 34.09%, Best Valid: 35.43%, Best Test: 36.12%
Epoch: 400, Loss: 0.0505, Train: 99.44%, Valid: 30.57%, Test: 32.96%, Best Valid: 35.43%, Best Test: 36.12%
Epoch: 500, Loss: 0.0411, Train: 99.72%, Valid: 32.14%, Test: 33.86%, Best Valid: 35.43%, Best Test: 36.12%
Epoch: 600, Loss: 0.0404, Train: 99.63%, Valid: 31.43%, Test: 35.67%, Best Valid: 35.43%, Best Test: 36.12%
Epoch: 700, Loss: 0.0727, Train: 99.44%, Valid: 31.57%, Test: 32.96%, Best Valid: 35.43%, Best Test: 36.12%
Epoch: 800, Loss: 0.0541, Train: 99.54%, Valid: 29.29%, Test: 35.44%, Best Valid: 35.43%, Best Test: 36.12%
Epoch: 900, Loss: 0.0564, Train: 99.63%, Valid: 33.14%, Test: 34.76%, Best Valid: 35.43%, Best Test: 36.12%
Run 02:
Highest Train: 99.72
Highest Valid: 35.43
Highest Test: 37.92
Chosen epoch: 12
Final Train: 77.78
Final Test: 36.12
Pre-training MLP for 500 epochs to generate co-occurrence matrix...
MLP pre-training complete. Penalty matrix frozen.
Epoch: 00, Loss: 4.3064, Train: 44.51%, Valid: 35.40%, Test: 35.11%, Best Valid: 35.40%, Best Test: 35.11%
Epoch: 100, Loss: 0.0851, Train: 98.19%, Valid: 34.16%, Test: 30.89%, Best Valid: 38.15%, Best Test: 34.89%
Epoch: 200, Loss: 0.0531, Train: 99.04%, Valid: 34.85%, Test: 31.11%, Best Valid: 38.15%, Best Test: 34.89%
Epoch: 300, Loss: 0.0498, Train: 99.24%, Valid: 34.71%, Test: 31.11%, Best Valid: 38.15%, Best Test: 34.89%
Epoch: 400, Loss: 0.0541, Train: 98.76%, Valid: 35.54%, Test: 34.00%, Best Valid: 38.15%, Best Test: 34.89%
Epoch: 500, Loss: 0.0588, Train: 99.62%, Valid: 34.16%, Test: 30.22%, Best Valid: 38.15%, Best Test: 34.89%
Epoch: 600, Loss: 0.0566, Train: 99.33%, Valid: 34.30%, Test: 34.00%, Best Valid: 38.15%, Best Test: 34.89%
Epoch: 700, Loss: 0.0474, Train: 99.24%, Valid: 34.16%, Test: 31.11%, Best Valid: 38.15%, Best Test: 34.89%
Epoch: 800, Loss: 0.0454, Train: 99.62%, Valid: 35.67%, Test: 35.78%, Best Valid: 38.15%, Best Test: 34.89%
Epoch: 900, Loss: 0.0480, Train: 99.62%, Valid: 35.12%, Test: 31.33%, Best Valid: 38.15%, Best Test: 34.89%
Run 03:
Highest Train: 99.81
Highest Valid: 38.15
Highest Test: 38.22
Chosen epoch: 1
Final Train: 59.79
Final Test: 34.89
Pre-training MLP for 500 epochs to generate co-occurrence matrix...
MLP pre-training complete. Penalty matrix frozen.
Epoch: 00, Loss: 4.3727, Train: 53.30%, Valid: 33.66%, Test: 36.00%, Best Valid: 33.66%, Best Test: 36.00%
Epoch: 100, Loss: 0.0813, Train: 98.02%, Valid: 31.84%, Test: 33.11%, Best Valid: 35.48%, Best Test: 38.00%
Epoch: 200, Loss: 0.0363, Train: 99.15%, Valid: 31.84%, Test: 31.33%, Best Valid: 35.48%, Best Test: 38.00%
Epoch: 300, Loss: 0.0401, Train: 99.25%, Valid: 32.68%, Test: 33.56%, Best Valid: 35.48%, Best Test: 38.00%
Epoch: 400, Loss: 0.0411, Train: 99.34%, Valid: 31.00%, Test: 34.44%, Best Valid: 35.48%, Best Test: 38.00%
Epoch: 500, Loss: 0.0405, Train: 99.15%, Valid: 31.00%, Test: 34.67%, Best Valid: 35.48%, Best Test: 38.00%
Epoch: 600, Loss: 0.0476, Train: 99.34%, Valid: 33.10%, Test: 32.44%, Best Valid: 35.48%, Best Test: 38.00%
Epoch: 700, Loss: 0.0555, Train: 98.77%, Valid: 32.96%, Test: 34.00%, Best Valid: 35.48%, Best Test: 38.00%
Epoch: 800, Loss: 0.0541, Train: 99.62%, Valid: 32.82%, Test: 35.11%, Best Valid: 35.48%, Best Test: 38.00%
Epoch: 900, Loss: 0.0528, Train: 99.15%, Valid: 32.54%, Test: 36.22%, Best Valid: 35.48%, Best Test: 38.00%
Run 04:
Highest Train: 99.81
Highest Valid: 35.48
Highest Test: 38.67
Chosen epoch: 3
Final Train: 61.04
Final Test: 38.00
Pre-training MLP for 500 epochs to generate co-occurrence matrix...
MLP pre-training complete. Penalty matrix frozen.
Epoch: 00, Loss: 4.5718, Train: 50.14%, Valid: 33.52%, Test: 36.53%, Best Valid: 33.52%, Best Test: 36.53%
Epoch: 100, Loss: 0.0689, Train: 98.20%, Valid: 31.57%, Test: 33.41%, Best Valid: 35.05%, Best Test: 38.08%
Epoch: 200, Loss: 0.0570, Train: 98.86%, Valid: 32.82%, Test: 34.52%, Best Valid: 35.05%, Best Test: 38.08%
Epoch: 300, Loss: 0.0467, Train: 98.96%, Valid: 31.02%, Test: 35.63%, Best Valid: 35.05%, Best Test: 38.08%
Epoch: 400, Loss: 0.0433, Train: 99.62%, Valid: 31.15%, Test: 34.52%, Best Valid: 35.05%, Best Test: 38.08%
Epoch: 500, Loss: 0.0492, Train: 99.43%, Valid: 31.43%, Test: 33.41%, Best Valid: 35.05%, Best Test: 38.08%
Epoch: 600, Loss: 0.0501, Train: 99.43%, Valid: 30.18%, Test: 34.52%, Best Valid: 35.05%, Best Test: 38.08%
Epoch: 700, Loss: 0.0541, Train: 99.24%, Valid: 30.04%, Test: 36.30%, Best Valid: 35.05%, Best Test: 38.08%
Epoch: 800, Loss: 0.0623, Train: 99.62%, Valid: 31.15%, Test: 36.53%, Best Valid: 35.05%, Best Test: 38.08%
Epoch: 900, Loss: 0.0591, Train: 99.43%, Valid: 32.82%, Test: 38.53%, Best Valid: 35.05%, Best Test: 38.08%
Run 05:
Highest Train: 99.81
Highest Valid: 35.05
Highest Test: 38.98
Chosen epoch: 1
Final Train: 45.02
Final Test: 38.08
All runs:
Highest Train: 99.79 ± 0.04
Highest Test: 38.81 ± 0.91
Highest Valid: 36.76 ± 2.05
  Final Train: 68.65 ± 20.84
   Final Test: 36.23 ± 1.81
Saving results to mlp_gt/results_full/squirrel/sgformer.csv

Running with MLP-GT Regularization (lambda=0.4)...
Namespace(aggregate='add', alpha=0.5, attention='gcn', beta=-1.0, bn=False, cpu=False, data_dir='../data/', dataset='squirrel', device=0, dim_inner=256, display_step=100, dropout=0.3, epochs=1000, global_dropout=None, global_layers=2, gnn='gcn', graph_weight=0.5, hidden_channels=256, hops=10, in_dropout=0.0, jk=False, label_num_per_class=20, lambda_val=0.4, layers=3, ln=False, local_gnn_type='GCN', local_layers=7, lr=0.01, metric='acc', mlp_epochs=500, mlp_reg=True, model='sgformer', model_dir='./model/', n_heads=1, num_centroids=4096, num_heads=1, oracle_reg=False, pe_types='RWSE', pre_linear=False, pre_ln=False, rand_split=False, rand_split_class=False, reg_start_epoch=10, reg_update_freq=5, res=False, result_dir='mlp_gt/results_full', runs=5, save_model=False, save_result=False, seed=42, test_num=1000, train_prop=0.5, use_act=True, use_bn=True, use_graph=True, use_reg=True, use_residual=True, use_weight=False, valid_num=500, valid_prop=0.25, weight_decay=0.0005)
squirrel
dataset squirrel | num nodes 2223 | num edge 46998 | num node feats 2089 | num classes 5
MODEL: SGFormer(
  (trans_conv): TransConv(
    (convs): ModuleList(
      (0): TransConvLayer(
        (Wk): Linear(in_features=256, out_features=256, bias=True)
        (Wq): Linear(in_features=256, out_features=256, bias=True)
      )
      (1): TransConvLayer(
        (Wk): Linear(in_features=256, out_features=256, bias=True)
        (Wq): Linear(in_features=256, out_features=256, bias=True)
      )
      (2): TransConvLayer(
        (Wk): Linear(in_features=256, out_features=256, bias=True)
        (Wq): Linear(in_features=256, out_features=256, bias=True)
      )
    )
    (fcs): ModuleList(
      (0): Linear(in_features=2089, out_features=256, bias=True)
    )
    (bns): ModuleList(
      (0): LayerNorm((256,), eps=1e-05, elementwise_affine=True)
      (1): LayerNorm((256,), eps=1e-05, elementwise_affine=True)
      (2): LayerNorm((256,), eps=1e-05, elementwise_affine=True)
      (3): LayerNorm((256,), eps=1e-05, elementwise_affine=True)
    )
  )
  (gnn): GCN(
    (convs): ModuleList(
      (0): GCNConv(2089, 256)
      (1): GCNConv(256, 256)
      (2): GCNConv(256, 256)
    )
    (bns): ModuleList(
      (0): BatchNorm1d(256, eps=1e-05, momentum=0.1, affine=True, track_running_stats=True)
      (1): BatchNorm1d(256, eps=1e-05, momentum=0.1, affine=True, track_running_stats=True)
    )
  )
  (fc): Linear(in_features=256, out_features=5, bias=True)
)
Pre-training MLP for 500 epochs to generate co-occurrence matrix...
MLP pre-training complete. Penalty matrix frozen.
Epoch: 00, Loss: 2.3008, Train: 49.38%, Valid: 35.10%, Test: 38.05%, Best Valid: 35.10%, Best Test: 38.05%
Epoch: 100, Loss: 0.0700, Train: 99.15%, Valid: 30.78%, Test: 32.52%, Best Valid: 35.10%, Best Test: 38.05%
Epoch: 200, Loss: 0.0936, Train: 99.24%, Valid: 30.78%, Test: 34.07%, Best Valid: 35.10%, Best Test: 38.05%
Epoch: 300, Loss: 0.1020, Train: 98.39%, Valid: 36.49%, Test: 38.05%, Best Valid: 37.47%, Best Test: 36.06%
Epoch: 400, Loss: 0.0758, Train: 99.05%, Valid: 35.65%, Test: 35.84%, Best Valid: 37.47%, Best Test: 36.06%
Epoch: 500, Loss: 0.0890, Train: 99.43%, Valid: 33.43%, Test: 35.84%, Best Valid: 37.47%, Best Test: 36.06%
Epoch: 600, Loss: 0.0720, Train: 99.15%, Valid: 36.21%, Test: 36.50%, Best Valid: 38.86%, Best Test: 37.39%
Epoch: 700, Loss: 0.0770, Train: 99.24%, Valid: 34.54%, Test: 37.61%, Best Valid: 38.86%, Best Test: 37.39%
Epoch: 800, Loss: 0.1260, Train: 99.05%, Valid: 36.07%, Test: 37.83%, Best Valid: 38.86%, Best Test: 37.39%
Epoch: 900, Loss: 0.0728, Train: 99.15%, Valid: 35.38%, Test: 35.40%, Best Valid: 38.86%, Best Test: 37.39%
Run 01:
Highest Train: 99.72
Highest Valid: 39.42
Highest Test: 40.27
Chosen epoch: 979
Final Train: 98.77
Final Test: 37.17
Pre-training MLP for 500 epochs to generate co-occurrence matrix...
MLP pre-training complete. Penalty matrix frozen.
Epoch: 00, Loss: 4.6712, Train: 34.91%, Valid: 35.43%, Test: 36.12%, Best Valid: 35.43%, Best Test: 36.12%
Epoch: 100, Loss: 0.1168, Train: 98.52%, Valid: 31.29%, Test: 34.31%, Best Valid: 37.29%, Best Test: 38.15%
Epoch: 200, Loss: 0.0605, Train: 98.89%, Valid: 31.86%, Test: 33.18%, Best Valid: 37.29%, Best Test: 38.15%
Epoch: 300, Loss: 0.0541, Train: 99.26%, Valid: 31.86%, Test: 34.09%, Best Valid: 37.29%, Best Test: 38.15%
Epoch: 400, Loss: 0.0713, Train: 99.54%, Valid: 30.57%, Test: 34.09%, Best Valid: 37.29%, Best Test: 38.15%
Epoch: 500, Loss: 0.0660, Train: 99.54%, Valid: 31.57%, Test: 33.41%, Best Valid: 37.29%, Best Test: 38.15%
Epoch: 600, Loss: 0.0755, Train: 99.54%, Valid: 31.14%, Test: 35.21%, Best Valid: 37.29%, Best Test: 38.15%
Epoch: 700, Loss: 0.0671, Train: 99.54%, Valid: 30.29%, Test: 36.57%, Best Valid: 37.29%, Best Test: 38.15%
Epoch: 800, Loss: 0.0577, Train: 99.72%, Valid: 31.86%, Test: 36.57%, Best Valid: 37.29%, Best Test: 38.15%
Epoch: 900, Loss: 0.0883, Train: 99.63%, Valid: 31.86%, Test: 36.34%, Best Valid: 37.29%, Best Test: 38.15%
Run 02:
Highest Train: 99.72
Highest Valid: 37.29
Highest Test: 40.18
Chosen epoch: 10
Final Train: 80.37
Final Test: 38.15
Pre-training MLP for 500 epochs to generate co-occurrence matrix...
MLP pre-training complete. Penalty matrix frozen.
Epoch: 00, Loss: 4.8195, Train: 60.84%, Valid: 37.33%, Test: 38.22%, Best Valid: 37.33%, Best Test: 38.22%
Epoch: 100, Loss: 0.0778, Train: 98.57%, Valid: 34.99%, Test: 31.78%, Best Valid: 37.33%, Best Test: 38.22%
Epoch: 200, Loss: 0.0490, Train: 99.43%, Valid: 32.92%, Test: 32.44%, Best Valid: 37.33%, Best Test: 38.22%
Epoch: 300, Loss: 0.0422, Train: 99.04%, Valid: 33.75%, Test: 33.56%, Best Valid: 37.33%, Best Test: 38.22%
Epoch: 400, Loss: 0.0556, Train: 99.62%, Valid: 34.85%, Test: 33.78%, Best Valid: 37.33%, Best Test: 38.22%
Epoch: 500, Loss: 0.0566, Train: 99.04%, Valid: 35.54%, Test: 33.56%, Best Valid: 37.33%, Best Test: 38.22%
Epoch: 600, Loss: 0.0750, Train: 99.62%, Valid: 33.20%, Test: 31.11%, Best Valid: 37.33%, Best Test: 38.22%
Epoch: 700, Loss: 0.0641, Train: 99.24%, Valid: 34.30%, Test: 32.89%, Best Valid: 37.33%, Best Test: 38.22%
Epoch: 800, Loss: 0.0625, Train: 99.52%, Valid: 33.06%, Test: 31.56%, Best Valid: 37.33%, Best Test: 38.22%
Epoch: 900, Loss: 0.0625, Train: 99.14%, Valid: 35.67%, Test: 31.78%, Best Valid: 37.33%, Best Test: 38.22%
Run 03:
Highest Train: 99.81
Highest Valid: 38.15
Highest Test: 38.22
Chosen epoch: 913
Final Train: 98.85
Final Test: 34.00
Pre-training MLP for 500 epochs to generate co-occurrence matrix...
MLP pre-training complete. Penalty matrix frozen.
Epoch: 00, Loss: 5.3534, Train: 53.68%, Valid: 29.87%, Test: 32.44%, Best Valid: 29.87%, Best Test: 32.44%
Epoch: 100, Loss: 0.0945, Train: 97.83%, Valid: 31.28%, Test: 34.22%, Best Valid: 35.62%, Best Test: 38.89%
Epoch: 200, Loss: 0.0484, Train: 98.87%, Valid: 31.42%, Test: 33.78%, Best Valid: 35.62%, Best Test: 38.89%
Epoch: 300, Loss: 0.0440, Train: 99.25%, Valid: 32.82%, Test: 32.89%, Best Valid: 35.62%, Best Test: 38.89%
Epoch: 400, Loss: 0.0553, Train: 99.15%, Valid: 32.12%, Test: 34.00%, Best Valid: 35.62%, Best Test: 38.89%
Epoch: 500, Loss: 0.0630, Train: 98.68%, Valid: 32.68%, Test: 33.78%, Best Valid: 35.62%, Best Test: 38.89%
Epoch: 600, Loss: 0.0685, Train: 99.43%, Valid: 32.82%, Test: 35.33%, Best Valid: 35.62%, Best Test: 38.89%
Epoch: 700, Loss: 0.0592, Train: 99.43%, Valid: 32.54%, Test: 36.00%, Best Valid: 35.62%, Best Test: 38.89%
Epoch: 800, Loss: 0.0660, Train: 99.25%, Valid: 32.26%, Test: 35.78%, Best Valid: 35.62%, Best Test: 38.89%
Epoch: 900, Loss: 0.0552, Train: 99.34%, Valid: 33.52%, Test: 35.11%, Best Valid: 35.62%, Best Test: 38.89%
Run 04:
Highest Train: 99.81
Highest Valid: 35.62
Highest Test: 38.89
Chosen epoch: 1
Final Train: 55.09
Final Test: 38.89
Pre-training MLP for 500 epochs to generate co-occurrence matrix...
MLP pre-training complete. Penalty matrix frozen.
Epoch: 00, Loss: 5.0751, Train: 43.13%, Valid: 34.21%, Test: 38.08%, Best Valid: 34.21%, Best Test: 38.08%
Epoch: 100, Loss: 0.0912, Train: 97.91%, Valid: 32.13%, Test: 34.52%, Best Valid: 34.21%, Best Test: 38.08%
Epoch: 200, Loss: 0.0648, Train: 98.96%, Valid: 31.02%, Test: 34.74%, Best Valid: 34.21%, Best Test: 38.08%
Epoch: 300, Loss: 0.0477, Train: 99.05%, Valid: 30.88%, Test: 35.41%, Best Valid: 34.21%, Best Test: 38.08%
Epoch: 400, Loss: 0.0506, Train: 99.34%, Valid: 31.29%, Test: 34.97%, Best Valid: 34.21%, Best Test: 38.08%
Epoch: 500, Loss: 0.0540, Train: 99.53%, Valid: 31.85%, Test: 37.86%, Best Valid: 34.21%, Best Test: 38.08%
Epoch: 600, Loss: 0.0579, Train: 99.34%, Valid: 32.96%, Test: 33.63%, Best Valid: 34.21%, Best Test: 38.08%
Epoch: 700, Loss: 0.0821, Train: 99.53%, Valid: 33.52%, Test: 33.63%, Best Valid: 34.21%, Best Test: 38.08%
Epoch: 800, Loss: 0.0582, Train: 99.53%, Valid: 30.46%, Test: 36.08%, Best Valid: 34.21%, Best Test: 38.08%
Epoch: 900, Loss: 0.0574, Train: 99.05%, Valid: 31.29%, Test: 35.41%, Best Valid: 34.21%, Best Test: 38.08%
Run 05:
Highest Train: 99.81
Highest Valid: 34.49
Highest Test: 38.75
Chosen epoch: 975
Final Train: 99.05
Final Test: 36.08
All runs:
Highest Train: 99.77 ± 0.05
Highest Test: 39.26 ± 0.91
Highest Valid: 36.99 ± 1.96
  Final Train: 86.43 ± 19.26
   Final Test: 36.86 ± 1.91
Saving results to mlp_gt/results_full/squirrel/sgformer.csv

GT sweep completed!
==========================================================
Task 3 (sgformer / squirrel) completed at: Wed Apr 29 12:33:58 AM EDT 2026
==========================================================
