==========================================================
MLP-GT Full Sweep | Task 8
Job: 1011972 | Date: Tue Apr 28 08:00:50 AM EDT 2026 | Host: n0089
==========================================================
Tue Apr 28 08:00:56 2026       
+-----------------------------------------------------------------------------------------+
| NVIDIA-SMI 570.211.01             Driver Version: 570.211.01     CUDA Version: 12.8     |
|-----------------------------------------+------------------------+----------------------+
| GPU  Name                 Persistence-M | Bus-Id          Disp.A | Volatile Uncorr. ECC |
| Fan  Temp   Perf          Pwr:Usage/Cap |           Memory-Usage | GPU-Util  Compute M. |
|                                         |                        |               MIG M. |
|=========================================+========================+======================|
|   0  NVIDIA A100-SXM4-80GB          On  |   00000000:01:00.0 Off |                   On |
| N/A   26C    P0             52W /  500W |     185MiB /  81920MiB |     N/A      Default |
|                                         |                        |              Enabled |
+-----------------------------------------+------------------------+----------------------+
|   1  NVIDIA A100-SXM4-80GB          On  |   00000000:41:00.0 Off |                   On |
| N/A   25C    P0             48W /  500W |     185MiB /  81920MiB |     N/A      Default |
|                                         |                        |              Enabled |
+-----------------------------------------+------------------------+----------------------+
|   2  NVIDIA A100-SXM4-80GB          On  |   00000000:81:00.0 Off |                   On |
| N/A   40C    P0            151W /  500W |   37003MiB /  81920MiB |     N/A      Default |
|                                         |                        |              Enabled |
+-----------------------------------------+------------------------+----------------------+
|   3  NVIDIA A100-SXM4-80GB          On  |   00000000:C1:00.0 Off |                   On |
| N/A   25C    P0             51W /  500W |     185MiB /  81920MiB |     N/A      Default |
|                                         |                        |              Enabled |
+-----------------------------------------+------------------------+----------------------+

+-----------------------------------------------------------------------------------------+
| MIG devices:                                                                            |
+------------------+----------------------------------+-----------+-----------------------+
| GPU  GI  CI  MIG |                     Memory-Usage |        Vol|        Shared         |
|      ID  ID  Dev |                       BAR1-Usage | SM     Unc| CE ENC  DEC  OFA  JPG |
|                  |                                  |        ECC|                       |
|==================+==================================+===========+=======================|
|  0    3   0   0  |              53MiB / 19968MiB    | 28      0 |  2   0    1    0    0 |
|                  |                 0MiB / 32767MiB  |           |                       |
+------------------+----------------------------------+-----------+-----------------------+
                                                                                         
+-----------------------------------------------------------------------------------------+
| Processes:                                                                              |
|  GPU   GI   CI              PID   Type   Process name                        GPU Memory |
|        ID   ID                                                               Usage      |
|=========================================================================================|
|    2    2    0          2143064      C   python3                               36812MiB |
+-----------------------------------------------------------------------------------------+
1.12.1
True
NVIDIA A100-SXM4-80GB MIG 2g.20gb
Model: polynormer | Dataset: amazon-photo
Split flags: --rand_split_class --valid_num 500 --test_num 1000 --seed 123
==========================================================
Starting mlp_gt GT Sweep for:
python main.py --model polynormer --dataset amazon-photo         --hidden_channels 128 --local_layers 2 --global_layers 2 --num_heads 4         --lr 0.01 --weight_decay 5e-4 --dropout 0.3 --epochs 1000         --runs 5 --device 0         --rand_split_class --valid_num 500 --test_num 1000 --seed 123
Result dir: mlp_gt/results_full
==========================================================
Running GT Baseline (no reg)...
Namespace(aggregate='add', alpha=0.5, attention='gcn', beta=-1.0, bn=False, cpu=False, data_dir='../data/', dataset='amazon-photo', device=0, dim_inner=128, display_step=100, dropout=0.3, epochs=1000, global_dropout=None, global_layers=2, gnn='gcn', graph_weight=0.8, hidden_channels=128, hops=10, in_dropout=0.0, jk=False, label_num_per_class=20, lambda_val=0.5, layers=1, ln=False, local_gnn_type='GCN', local_layers=2, lr=0.01, metric='acc', mlp_epochs=500, mlp_reg=False, model='polynormer', model_dir='./model/', n_heads=4, num_centroids=4096, num_heads=4, oracle_reg=False, pe_types='RWSE', pre_linear=False, pre_ln=False, rand_split=False, rand_split_class=True, reg_start_epoch=10, reg_update_freq=5, res=False, result_dir='mlp_gt/results_full', runs=5, save_model=False, save_result=False, seed=123, test_num=1000, train_prop=0.5, use_act=False, use_bn=False, use_graph=False, use_reg=False, use_residual=False, use_weight=False, valid_num=500, valid_prop=0.25, weight_decay=0.0005)
amazon-photo
train:torch.Size([160]), valid:torch.Size([500]), test:torch.Size([1000])
dataset amazon-photo | num nodes 7650 | num edge 238162 | num node feats 745 | num classes 8
MODEL: Polynormer(
  (h_lins): ModuleList(
    (0): Linear(in_features=512, out_features=512, bias=True)
    (1): Linear(in_features=512, out_features=512, bias=True)
  )
  (local_convs): ModuleList(
    (0): GATConv(512, 128, heads=4)
    (1): GATConv(512, 128, heads=4)
  )
  (lins): ModuleList(
    (0): Linear(in_features=512, out_features=512, bias=True)
    (1): Linear(in_features=512, out_features=512, bias=True)
  )
  (lns): ModuleList(
    (0): LayerNorm((512,), eps=1e-05, elementwise_affine=True)
    (1): LayerNorm((512,), eps=1e-05, elementwise_affine=True)
  )
  (lin_in): Linear(in_features=745, out_features=512, bias=True)
  (ln): LayerNorm((512,), eps=1e-05, elementwise_affine=True)
  (global_attn): GlobalAttn(
    (h_lins): ModuleList(
      (0): Linear(in_features=512, out_features=512, bias=True)
      (1): Linear(in_features=512, out_features=512, bias=True)
    )
    (k_lins): ModuleList(
      (0): Linear(in_features=512, out_features=512, bias=True)
      (1): Linear(in_features=512, out_features=512, bias=True)
    )
    (v_lins): ModuleList(
      (0): Linear(in_features=512, out_features=512, bias=True)
      (1): Linear(in_features=512, out_features=512, bias=True)
    )
    (lns): ModuleList(
      (0): LayerNorm((512,), eps=1e-05, elementwise_affine=True)
      (1): LayerNorm((512,), eps=1e-05, elementwise_affine=True)
    )
    (lin_out): Linear(in_features=512, out_features=512, bias=True)
  )
  (pred_local): Linear(in_features=512, out_features=8, bias=True)
  (pred_global): Linear(in_features=512, out_features=8, bias=True)
)
Epoch: 00, Loss: 2.0963, Train: 12.50%, Valid: 14.60%, Test: 12.20%, Best Valid: 14.60%, Best Test: 12.20%
Epoch: 100, Loss: 0.0088, Train: 100.00%, Valid: 83.60%, Test: 83.00%, Best Valid: 85.40%, Best Test: 85.00%
Epoch: 200, Loss: 0.0194, Train: 100.00%, Valid: 78.20%, Test: 77.60%, Best Valid: 86.00%, Best Test: 85.40%
Epoch: 300, Loss: 0.0103, Train: 100.00%, Valid: 81.40%, Test: 80.70%, Best Valid: 86.00%, Best Test: 85.40%
Epoch: 400, Loss: 0.1641, Train: 98.75%, Valid: 77.80%, Test: 79.80%, Best Valid: 86.00%, Best Test: 85.40%
Epoch: 500, Loss: 0.0600, Train: 98.75%, Valid: 83.20%, Test: 84.60%, Best Valid: 86.00%, Best Test: 85.40%
Epoch: 600, Loss: 0.0876, Train: 100.00%, Valid: 75.60%, Test: 76.90%, Best Valid: 87.60%, Best Test: 86.60%
Epoch: 700, Loss: 0.0906, Train: 100.00%, Valid: 81.60%, Test: 81.80%, Best Valid: 88.40%, Best Test: 86.70%
Epoch: 800, Loss: 0.0427, Train: 100.00%, Valid: 79.00%, Test: 80.40%, Best Valid: 88.40%, Best Test: 86.70%
Epoch: 900, Loss: 10.2395, Train: 13.12%, Valid: 8.80%, Test: 13.30%, Best Valid: 88.40%, Best Test: 86.70%
Run 01:
Highest Train: 100.00
Highest Valid: 88.40
Highest Test: 86.70
Chosen epoch: 662
Final Train: 100.00
Final Test: 86.70
Epoch: 00, Loss: 2.1054, Train: 12.50%, Valid: 2.60%, Test: 4.00%, Best Valid: 2.60%, Best Test: 4.00%
Epoch: 100, Loss: 0.0693, Train: 96.88%, Valid: 80.00%, Test: 79.90%, Best Valid: 81.40%, Best Test: 81.30%
Epoch: 200, Loss: 0.1762, Train: 93.12%, Valid: 69.60%, Test: 73.20%, Best Valid: 84.80%, Best Test: 82.30%
Epoch: 300, Loss: 0.3156, Train: 98.75%, Valid: 83.40%, Test: 82.50%, Best Valid: 89.20%, Best Test: 85.30%
Epoch: 400, Loss: 0.2322, Train: 96.25%, Valid: 80.80%, Test: 80.20%, Best Valid: 89.20%, Best Test: 85.30%
Epoch: 500, Loss: 1.5802, Train: 49.38%, Valid: 32.40%, Test: 31.90%, Best Valid: 89.20%, Best Test: 85.30%
Epoch: 600, Loss: 0.2739, Train: 100.00%, Valid: 82.00%, Test: 80.70%, Best Valid: 89.20%, Best Test: 85.30%
Epoch: 700, Loss: 0.3846, Train: 90.62%, Valid: 73.80%, Test: 71.50%, Best Valid: 89.20%, Best Test: 85.30%
Epoch: 800, Loss: 0.0542, Train: 100.00%, Valid: 79.80%, Test: 80.60%, Best Valid: 89.20%, Best Test: 85.30%
Epoch: 900, Loss: 1.4957, Train: 76.88%, Valid: 61.00%, Test: 60.30%, Best Valid: 89.20%, Best Test: 85.30%
Run 02:
Highest Train: 100.00
Highest Valid: 89.20
Highest Test: 88.50
Chosen epoch: 210
Final Train: 97.50
Final Test: 85.30
Epoch: 00, Loss: 2.1073, Train: 12.50%, Valid: 14.60%, Test: 12.20%, Best Valid: 14.60%, Best Test: 12.20%
Epoch: 100, Loss: 0.3198, Train: 78.75%, Valid: 58.80%, Test: 60.90%, Best Valid: 80.60%, Best Test: 79.10%
Epoch: 200, Loss: 0.3088, Train: 95.62%, Valid: 71.00%, Test: 73.70%, Best Valid: 87.80%, Best Test: 87.40%
Epoch: 300, Loss: 0.0097, Train: 100.00%, Valid: 84.40%, Test: 83.90%, Best Valid: 87.80%, Best Test: 87.40%
Epoch: 400, Loss: 0.2118, Train: 97.50%, Valid: 79.20%, Test: 80.30%, Best Valid: 87.80%, Best Test: 87.40%
Epoch: 500, Loss: 0.1056, Train: 100.00%, Valid: 81.60%, Test: 82.40%, Best Valid: 87.80%, Best Test: 87.40%
Epoch: 600, Loss: 2.1009, Train: 61.25%, Valid: 31.60%, Test: 37.80%, Best Valid: 87.80%, Best Test: 87.40%
Epoch: 700, Loss: 0.0429, Train: 100.00%, Valid: 73.60%, Test: 75.10%, Best Valid: 87.80%, Best Test: 87.40%
Epoch: 800, Loss: 0.0358, Train: 100.00%, Valid: 75.20%, Test: 77.30%, Best Valid: 87.80%, Best Test: 87.40%
Epoch: 900, Loss: 0.3276, Train: 93.75%, Valid: 72.00%, Test: 71.90%, Best Valid: 87.80%, Best Test: 87.40%
Run 03:
Highest Train: 100.00
Highest Valid: 87.80
Highest Test: 88.10
Chosen epoch: 159
Final Train: 100.00
Final Test: 87.40
Epoch: 00, Loss: 2.0759, Train: 12.50%, Valid: 27.40%, Test: 25.00%, Best Valid: 27.40%, Best Test: 25.00%
Epoch: 100, Loss: 0.2289, Train: 97.50%, Valid: 67.60%, Test: 71.40%, Best Valid: 78.40%, Best Test: 72.30%
Epoch: 200, Loss: 0.1661, Train: 96.25%, Valid: 76.40%, Test: 77.20%, Best Valid: 85.20%, Best Test: 83.80%
Epoch: 300, Loss: 0.0438, Train: 100.00%, Valid: 81.60%, Test: 84.40%, Best Valid: 85.20%, Best Test: 83.80%
Epoch: 400, Loss: 0.0143, Train: 100.00%, Valid: 82.00%, Test: 81.90%, Best Valid: 85.20%, Best Test: 83.80%
Epoch: 500, Loss: 0.0077, Train: 100.00%, Valid: 81.00%, Test: 83.00%, Best Valid: 85.20%, Best Test: 83.80%
Epoch: 600, Loss: 0.0131, Train: 100.00%, Valid: 77.60%, Test: 78.80%, Best Valid: 85.20%, Best Test: 83.80%
Epoch: 700, Loss: 0.5460, Train: 90.00%, Valid: 45.60%, Test: 52.10%, Best Valid: 85.20%, Best Test: 83.80%
Epoch: 800, Loss: 0.0088, Train: 100.00%, Valid: 73.20%, Test: 75.90%, Best Valid: 85.20%, Best Test: 83.80%
Epoch: 900, Loss: 0.2837, Train: 92.50%, Valid: 75.40%, Test: 75.10%, Best Valid: 85.20%, Best Test: 83.80%
Run 04:
Highest Train: 100.00
Highest Valid: 85.20
Highest Test: 84.90
Chosen epoch: 120
Final Train: 100.00
Final Test: 83.80
Epoch: 00, Loss: 2.0880, Train: 12.50%, Valid: 8.60%, Test: 13.10%, Best Valid: 8.60%, Best Test: 13.10%
Epoch: 100, Loss: 0.0176, Train: 100.00%, Valid: 78.80%, Test: 81.20%, Best Valid: 82.40%, Best Test: 84.40%
Epoch: 200, Loss: 0.0077, Train: 100.00%, Valid: 73.20%, Test: 75.80%, Best Valid: 83.80%, Best Test: 84.00%
Epoch: 300, Loss: 0.8089, Train: 81.25%, Valid: 56.60%, Test: 61.20%, Best Valid: 83.80%, Best Test: 84.00%
Epoch: 400, Loss: 0.0727, Train: 100.00%, Valid: 84.20%, Test: 82.00%, Best Valid: 87.60%, Best Test: 85.70%
Epoch: 500, Loss: 0.0296, Train: 100.00%, Valid: 82.80%, Test: 82.20%, Best Valid: 88.20%, Best Test: 84.80%
Epoch: 600, Loss: 0.4398, Train: 89.38%, Valid: 73.60%, Test: 75.90%, Best Valid: 88.20%, Best Test: 84.80%
Epoch: 700, Loss: 0.1600, Train: 100.00%, Valid: 80.60%, Test: 79.90%, Best Valid: 89.20%, Best Test: 87.30%
Epoch: 800, Loss: 0.0778, Train: 100.00%, Valid: 78.00%, Test: 78.50%, Best Valid: 89.20%, Best Test: 87.30%
Epoch: 900, Loss: 0.0302, Train: 100.00%, Valid: 78.00%, Test: 79.50%, Best Valid: 89.20%, Best Test: 87.30%
Run 05:
Highest Train: 100.00
Highest Valid: 89.20
Highest Test: 87.30
Chosen epoch: 698
Final Train: 100.00
Final Test: 87.30
All runs:
Highest Train: 100.00 ± 0.00
Highest Test: 87.10 ± 1.41
Highest Valid: 87.96 ± 1.65
  Final Train: 99.50 ± 1.12
   Final Test: 86.10 ± 1.53
Saving results to mlp_gt/results_full/amazon-photo/polynormer.csv

Running with MLP-GT Regularization (lambda=0.01)...
Namespace(aggregate='add', alpha=0.5, attention='gcn', beta=-1.0, bn=False, cpu=False, data_dir='../data/', dataset='amazon-photo', device=0, dim_inner=128, display_step=100, dropout=0.3, epochs=1000, global_dropout=None, global_layers=2, gnn='gcn', graph_weight=0.8, hidden_channels=128, hops=10, in_dropout=0.0, jk=False, label_num_per_class=20, lambda_val=0.01, layers=1, ln=False, local_gnn_type='GCN', local_layers=2, lr=0.01, metric='acc', mlp_epochs=500, mlp_reg=True, model='polynormer', model_dir='./model/', n_heads=4, num_centroids=4096, num_heads=4, oracle_reg=False, pe_types='RWSE', pre_linear=False, pre_ln=False, rand_split=False, rand_split_class=True, reg_start_epoch=10, reg_update_freq=5, res=False, result_dir='mlp_gt/results_full', runs=5, save_model=False, save_result=False, seed=123, test_num=1000, train_prop=0.5, use_act=False, use_bn=False, use_graph=False, use_reg=True, use_residual=False, use_weight=False, valid_num=500, valid_prop=0.25, weight_decay=0.0005)
amazon-photo
train:torch.Size([160]), valid:torch.Size([500]), test:torch.Size([1000])
dataset amazon-photo | num nodes 7650 | num edge 238162 | num node feats 745 | num classes 8
MODEL: Polynormer(
  (h_lins): ModuleList(
    (0): Linear(in_features=512, out_features=512, bias=True)
    (1): Linear(in_features=512, out_features=512, bias=True)
  )
  (local_convs): ModuleList(
    (0): GATConv(512, 128, heads=4)
    (1): GATConv(512, 128, heads=4)
  )
  (lins): ModuleList(
    (0): Linear(in_features=512, out_features=512, bias=True)
    (1): Linear(in_features=512, out_features=512, bias=True)
  )
  (lns): ModuleList(
    (0): LayerNorm((512,), eps=1e-05, elementwise_affine=True)
    (1): LayerNorm((512,), eps=1e-05, elementwise_affine=True)
  )
  (lin_in): Linear(in_features=745, out_features=512, bias=True)
  (ln): LayerNorm((512,), eps=1e-05, elementwise_affine=True)
  (global_attn): GlobalAttn(
    (h_lins): ModuleList(
      (0): Linear(in_features=512, out_features=512, bias=True)
      (1): Linear(in_features=512, out_features=512, bias=True)
    )
    (k_lins): ModuleList(
      (0): Linear(in_features=512, out_features=512, bias=True)
      (1): Linear(in_features=512, out_features=512, bias=True)
    )
    (v_lins): ModuleList(
      (0): Linear(in_features=512, out_features=512, bias=True)
      (1): Linear(in_features=512, out_features=512, bias=True)
    )
    (lns): ModuleList(
      (0): LayerNorm((512,), eps=1e-05, elementwise_affine=True)
      (1): LayerNorm((512,), eps=1e-05, elementwise_affine=True)
    )
    (lin_out): Linear(in_features=512, out_features=512, bias=True)
  )
  (pred_local): Linear(in_features=512, out_features=8, bias=True)
  (pred_global): Linear(in_features=512, out_features=8, bias=True)
)
Pre-training MLP for 500 epochs to generate co-occurrence matrix...
MLP pre-training complete. Penalty matrix frozen.
Epoch: 00, Loss: 2.1266, Train: 12.50%, Valid: 14.60%, Test: 12.20%, Best Valid: 14.60%, Best Test: 12.20%
Epoch: 100, Loss: 0.0708, Train: 99.38%, Valid: 73.40%, Test: 78.80%, Best Valid: 84.00%, Best Test: 84.70%
Epoch: 200, Loss: 0.0201, Train: 100.00%, Valid: 77.20%, Test: 76.60%, Best Valid: 87.40%, Best Test: 85.90%
Epoch: 300, Loss: 0.2690, Train: 98.12%, Valid: 78.00%, Test: 80.00%, Best Valid: 87.40%, Best Test: 85.90%
Epoch: 400, Loss: 0.0204, Train: 100.00%, Valid: 81.20%, Test: 82.80%, Best Valid: 87.40%, Best Test: 85.90%
Epoch: 500, Loss: 0.0109, Train: 100.00%, Valid: 86.60%, Test: 84.40%, Best Valid: 87.40%, Best Test: 85.90%
Epoch: 600, Loss: 0.3657, Train: 94.38%, Valid: 62.20%, Test: 64.50%, Best Valid: 87.40%, Best Test: 85.90%
Epoch: 700, Loss: 0.0119, Train: 100.00%, Valid: 85.00%, Test: 85.10%, Best Valid: 87.40%, Best Test: 85.90%
Epoch: 800, Loss: 0.0217, Train: 100.00%, Valid: 79.20%, Test: 81.20%, Best Valid: 87.40%, Best Test: 85.90%
Epoch: 900, Loss: 1.1851, Train: 56.25%, Valid: 41.40%, Test: 44.00%, Best Valid: 87.40%, Best Test: 85.90%
Run 01:
Highest Train: 100.00
Highest Valid: 87.40
Highest Test: 86.60
Chosen epoch: 112
Final Train: 100.00
Final Test: 85.90
Pre-training MLP for 500 epochs to generate co-occurrence matrix...
MLP pre-training complete. Penalty matrix frozen.
Epoch: 00, Loss: 2.1141, Train: 12.50%, Valid: 5.40%, Test: 4.40%, Best Valid: 5.40%, Best Test: 4.40%
Epoch: 100, Loss: 0.1268, Train: 100.00%, Valid: 82.20%, Test: 81.50%, Best Valid: 86.00%, Best Test: 83.10%
Epoch: 200, Loss: 0.0070, Train: 100.00%, Valid: 77.00%, Test: 78.00%, Best Valid: 86.00%, Best Test: 83.10%
Epoch: 300, Loss: 0.0611, Train: 100.00%, Valid: 80.00%, Test: 81.50%, Best Valid: 86.00%, Best Test: 83.10%
Epoch: 400, Loss: 0.0039, Train: 100.00%, Valid: 76.60%, Test: 77.00%, Best Valid: 86.00%, Best Test: 83.10%
Epoch: 500, Loss: 0.0238, Train: 100.00%, Valid: 84.40%, Test: 84.20%, Best Valid: 86.00%, Best Test: 83.10%
Epoch: 600, Loss: 0.1313, Train: 71.25%, Valid: 64.20%, Test: 60.50%, Best Valid: 86.00%, Best Test: 83.10%
Epoch: 700, Loss: 0.0207, Train: 100.00%, Valid: 80.00%, Test: 81.00%, Best Valid: 86.00%, Best Test: 83.10%
Epoch: 800, Loss: 0.0170, Train: 99.38%, Valid: 77.80%, Test: 78.90%, Best Valid: 86.00%, Best Test: 83.10%
Epoch: 900, Loss: 0.0218, Train: 100.00%, Valid: 80.40%, Test: 80.30%, Best Valid: 86.00%, Best Test: 83.10%
Run 02:
Highest Train: 100.00
Highest Valid: 86.00
Highest Test: 85.20
Chosen epoch: 84
Final Train: 98.75
Final Test: 83.10
Pre-training MLP for 500 epochs to generate co-occurrence matrix...
MLP pre-training complete. Penalty matrix frozen.
Epoch: 00, Loss: 2.1250, Train: 12.50%, Valid: 9.20%, Test: 13.00%, Best Valid: 9.20%, Best Test: 13.00%
Epoch: 100, Loss: 0.1118, Train: 98.75%, Valid: 74.40%, Test: 75.20%, Best Valid: 74.80%, Best Test: 76.10%
Epoch: 200, Loss: 0.3394, Train: 95.62%, Valid: 71.60%, Test: 74.50%, Best Valid: 84.60%, Best Test: 84.30%
Epoch: 300, Loss: 0.0394, Train: 99.38%, Valid: 74.00%, Test: 72.90%, Best Valid: 84.60%, Best Test: 84.30%
Epoch: 400, Loss: 0.0257, Train: 100.00%, Valid: 82.20%, Test: 81.60%, Best Valid: 85.20%, Best Test: 83.20%
Epoch: 500, Loss: 0.0205, Train: 100.00%, Valid: 82.20%, Test: 80.60%, Best Valid: 85.60%, Best Test: 82.70%
Epoch: 600, Loss: 0.3851, Train: 98.75%, Valid: 80.00%, Test: 79.40%, Best Valid: 85.60%, Best Test: 82.70%
Epoch: 700, Loss: 0.0333, Train: 100.00%, Valid: 82.60%, Test: 83.90%, Best Valid: 85.60%, Best Test: 82.70%
Epoch: 800, Loss: 0.1130, Train: 100.00%, Valid: 78.40%, Test: 78.10%, Best Valid: 85.60%, Best Test: 82.70%
Epoch: 900, Loss: 0.0173, Train: 100.00%, Valid: 80.20%, Test: 82.60%, Best Valid: 85.60%, Best Test: 82.70%
Run 03:
Highest Train: 100.00
Highest Valid: 85.60
Highest Test: 86.10
Chosen epoch: 449
Final Train: 100.00
Final Test: 82.70
Pre-training MLP for 500 epochs to generate co-occurrence matrix...
MLP pre-training complete. Penalty matrix frozen.
Epoch: 00, Loss: 2.1011, Train: 12.50%, Valid: 8.60%, Test: 13.10%, Best Valid: 8.60%, Best Test: 13.10%
Epoch: 100, Loss: 0.0303, Train: 99.38%, Valid: 74.00%, Test: 77.00%, Best Valid: 81.80%, Best Test: 81.40%
Epoch: 200, Loss: 0.1826, Train: 98.75%, Valid: 83.00%, Test: 83.60%, Best Valid: 83.80%, Best Test: 84.00%
Epoch: 300, Loss: 0.0739, Train: 100.00%, Valid: 85.00%, Test: 82.90%, Best Valid: 88.20%, Best Test: 86.20%
Epoch: 400, Loss: 0.0070, Train: 100.00%, Valid: 86.40%, Test: 86.00%, Best Valid: 88.40%, Best Test: 85.30%
Epoch: 500, Loss: 0.1429, Train: 99.38%, Valid: 81.20%, Test: 82.10%, Best Valid: 88.40%, Best Test: 85.30%
Epoch: 600, Loss: 0.0397, Train: 100.00%, Valid: 85.20%, Test: 84.10%, Best Valid: 88.40%, Best Test: 85.30%
Epoch: 700, Loss: 0.0255, Train: 100.00%, Valid: 77.60%, Test: 76.60%, Best Valid: 88.40%, Best Test: 85.30%
Epoch: 800, Loss: 0.0133, Train: 100.00%, Valid: 85.80%, Test: 83.90%, Best Valid: 88.40%, Best Test: 85.30%
Epoch: 900, Loss: 0.0343, Train: 100.00%, Valid: 75.40%, Test: 75.30%, Best Valid: 88.40%, Best Test: 85.30%
Run 04:
Highest Train: 100.00
Highest Valid: 88.40
Highest Test: 88.40
Chosen epoch: 324
Final Train: 100.00
Final Test: 85.30
Pre-training MLP for 500 epochs to generate co-occurrence matrix...
MLP pre-training complete. Penalty matrix frozen.
Epoch: 00, Loss: 2.1465, Train: 12.50%, Valid: 5.40%, Test: 4.40%, Best Valid: 5.40%, Best Test: 4.40%
Epoch: 100, Loss: 0.9709, Train: 76.25%, Valid: 59.80%, Test: 59.80%, Best Valid: 85.40%, Best Test: 82.90%
Epoch: 200, Loss: 0.0100, Train: 100.00%, Valid: 85.60%, Test: 84.10%, Best Valid: 87.80%, Best Test: 85.90%
Epoch: 300, Loss: 0.3479, Train: 95.62%, Valid: 82.20%, Test: 79.80%, Best Valid: 88.00%, Best Test: 86.60%
Epoch: 400, Loss: 0.2286, Train: 95.62%, Valid: 69.60%, Test: 70.40%, Best Valid: 88.00%, Best Test: 86.60%
Epoch: 500, Loss: 0.9319, Train: 74.38%, Valid: 61.80%, Test: 66.40%, Best Valid: 88.00%, Best Test: 86.60%
Epoch: 600, Loss: 0.0819, Train: 98.75%, Valid: 80.20%, Test: 82.80%, Best Valid: 88.00%, Best Test: 86.60%
Epoch: 700, Loss: 0.0216, Train: 100.00%, Valid: 81.20%, Test: 83.80%, Best Valid: 88.00%, Best Test: 86.60%
Epoch: 800, Loss: 0.1527, Train: 96.88%, Valid: 76.80%, Test: 78.80%, Best Valid: 88.00%, Best Test: 86.60%
Epoch: 900, Loss: 0.0095, Train: 100.00%, Valid: 75.40%, Test: 77.80%, Best Valid: 88.00%, Best Test: 86.60%
Run 05:
Highest Train: 100.00
Highest Valid: 88.00
Highest Test: 87.30
Chosen epoch: 229
Final Train: 100.00
Final Test: 86.60
All runs:
Highest Train: 100.00 ± 0.00
Highest Test: 86.72 ± 1.21
Highest Valid: 87.08 ± 1.23
  Final Train: 99.75 ± 0.56
   Final Test: 84.72 ± 1.73
Saving results to mlp_gt/results_full/amazon-photo/polynormer.csv

Running with MLP-GT Regularization (lambda=0.1)...
Namespace(aggregate='add', alpha=0.5, attention='gcn', beta=-1.0, bn=False, cpu=False, data_dir='../data/', dataset='amazon-photo', device=0, dim_inner=128, display_step=100, dropout=0.3, epochs=1000, global_dropout=None, global_layers=2, gnn='gcn', graph_weight=0.8, hidden_channels=128, hops=10, in_dropout=0.0, jk=False, label_num_per_class=20, lambda_val=0.1, layers=1, ln=False, local_gnn_type='GCN', local_layers=2, lr=0.01, metric='acc', mlp_epochs=500, mlp_reg=True, model='polynormer', model_dir='./model/', n_heads=4, num_centroids=4096, num_heads=4, oracle_reg=False, pe_types='RWSE', pre_linear=False, pre_ln=False, rand_split=False, rand_split_class=True, reg_start_epoch=10, reg_update_freq=5, res=False, result_dir='mlp_gt/results_full', runs=5, save_model=False, save_result=False, seed=123, test_num=1000, train_prop=0.5, use_act=False, use_bn=False, use_graph=False, use_reg=True, use_residual=False, use_weight=False, valid_num=500, valid_prop=0.25, weight_decay=0.0005)
amazon-photo
train:torch.Size([160]), valid:torch.Size([500]), test:torch.Size([1000])
dataset amazon-photo | num nodes 7650 | num edge 238162 | num node feats 745 | num classes 8
MODEL: Polynormer(
  (h_lins): ModuleList(
    (0): Linear(in_features=512, out_features=512, bias=True)
    (1): Linear(in_features=512, out_features=512, bias=True)
  )
  (local_convs): ModuleList(
    (0): GATConv(512, 128, heads=4)
    (1): GATConv(512, 128, heads=4)
  )
  (lins): ModuleList(
    (0): Linear(in_features=512, out_features=512, bias=True)
    (1): Linear(in_features=512, out_features=512, bias=True)
  )
  (lns): ModuleList(
    (0): LayerNorm((512,), eps=1e-05, elementwise_affine=True)
    (1): LayerNorm((512,), eps=1e-05, elementwise_affine=True)
  )
  (lin_in): Linear(in_features=745, out_features=512, bias=True)
  (ln): LayerNorm((512,), eps=1e-05, elementwise_affine=True)
  (global_attn): GlobalAttn(
    (h_lins): ModuleList(
      (0): Linear(in_features=512, out_features=512, bias=True)
      (1): Linear(in_features=512, out_features=512, bias=True)
    )
    (k_lins): ModuleList(
      (0): Linear(in_features=512, out_features=512, bias=True)
      (1): Linear(in_features=512, out_features=512, bias=True)
    )
    (v_lins): ModuleList(
      (0): Linear(in_features=512, out_features=512, bias=True)
      (1): Linear(in_features=512, out_features=512, bias=True)
    )
    (lns): ModuleList(
      (0): LayerNorm((512,), eps=1e-05, elementwise_affine=True)
      (1): LayerNorm((512,), eps=1e-05, elementwise_affine=True)
    )
    (lin_out): Linear(in_features=512, out_features=512, bias=True)
  )
  (pred_local): Linear(in_features=512, out_features=8, bias=True)
  (pred_global): Linear(in_features=512, out_features=8, bias=True)
)
Pre-training MLP for 500 epochs to generate co-occurrence matrix...
MLP pre-training complete. Penalty matrix frozen.
Epoch: 00, Loss: 2.3161, Train: 12.50%, Valid: 14.60%, Test: 12.20%, Best Valid: 14.60%, Best Test: 12.20%
Epoch: 100, Loss: 0.1650, Train: 100.00%, Valid: 79.40%, Test: 80.90%, Best Valid: 85.20%, Best Test: 86.10%
Epoch: 200, Loss: 0.0191, Train: 100.00%, Valid: 86.20%, Test: 87.20%, Best Valid: 89.80%, Best Test: 87.70%
Epoch: 300, Loss: 1.0552, Train: 91.25%, Valid: 75.00%, Test: 73.60%, Best Valid: 89.80%, Best Test: 87.70%
Epoch: 400, Loss: 0.0840, Train: 100.00%, Valid: 83.20%, Test: 85.00%, Best Valid: 89.80%, Best Test: 87.70%
Epoch: 500, Loss: 0.0900, Train: 99.38%, Valid: 84.20%, Test: 83.00%, Best Valid: 89.80%, Best Test: 87.70%
Epoch: 600, Loss: 0.0312, Train: 100.00%, Valid: 77.20%, Test: 76.50%, Best Valid: 89.80%, Best Test: 87.70%
Epoch: 700, Loss: 0.1615, Train: 96.88%, Valid: 76.40%, Test: 77.30%, Best Valid: 89.80%, Best Test: 87.70%
Epoch: 800, Loss: 0.0360, Train: 100.00%, Valid: 84.80%, Test: 84.20%, Best Valid: 89.80%, Best Test: 87.70%
Epoch: 900, Loss: 0.0229, Train: 100.00%, Valid: 87.80%, Test: 86.60%, Best Valid: 89.80%, Best Test: 87.70%
Run 01:
Highest Train: 100.00
Highest Valid: 89.80
Highest Test: 89.30
Chosen epoch: 173
Final Train: 100.00
Final Test: 87.70
Pre-training MLP for 500 epochs to generate co-occurrence matrix...
MLP pre-training complete. Penalty matrix frozen.
Epoch: 00, Loss: 2.3024, Train: 12.50%, Valid: 5.40%, Test: 4.40%, Best Valid: 5.40%, Best Test: 4.40%
Epoch: 100, Loss: 0.2528, Train: 96.25%, Valid: 79.60%, Test: 78.80%, Best Valid: 86.80%, Best Test: 84.50%
Epoch: 200, Loss: 0.9983, Train: 68.12%, Valid: 49.60%, Test: 52.60%, Best Valid: 88.80%, Best Test: 86.00%
Epoch: 300, Loss: 0.0362, Train: 99.38%, Valid: 81.60%, Test: 83.00%, Best Valid: 88.80%, Best Test: 86.00%
Epoch: 400, Loss: 0.3063, Train: 91.88%, Valid: 72.20%, Test: 73.40%, Best Valid: 88.80%, Best Test: 86.00%
Epoch: 500, Loss: 1.3631, Train: 79.38%, Valid: 64.60%, Test: 64.30%, Best Valid: 88.80%, Best Test: 86.00%
Epoch: 600, Loss: 0.0256, Train: 100.00%, Valid: 81.00%, Test: 82.60%, Best Valid: 88.80%, Best Test: 86.00%
Epoch: 700, Loss: 0.1470, Train: 98.12%, Valid: 76.80%, Test: 79.00%, Best Valid: 88.80%, Best Test: 86.00%
Epoch: 800, Loss: 0.0723, Train: 100.00%, Valid: 75.60%, Test: 75.40%, Best Valid: 88.80%, Best Test: 86.00%
Epoch: 900, Loss: 0.0364, Train: 100.00%, Valid: 79.20%, Test: 78.50%, Best Valid: 88.80%, Best Test: 86.00%
Run 02:
Highest Train: 100.00
Highest Valid: 88.80
Highest Test: 87.00
Chosen epoch: 128
Final Train: 100.00
Final Test: 86.00
Pre-training MLP for 500 epochs to generate co-occurrence matrix...
MLP pre-training complete. Penalty matrix frozen.
Epoch: 00, Loss: 2.3143, Train: 13.12%, Valid: 9.20%, Test: 13.00%, Best Valid: 9.20%, Best Test: 13.00%
Epoch: 100, Loss: 0.1159, Train: 95.00%, Valid: 65.80%, Test: 69.40%, Best Valid: 76.80%, Best Test: 76.30%
Epoch: 200, Loss: 2.0967, Train: 39.38%, Valid: 27.80%, Test: 31.30%, Best Valid: 86.00%, Best Test: 83.80%
Epoch: 300, Loss: 0.0237, Train: 100.00%, Valid: 85.40%, Test: 86.30%, Best Valid: 87.40%, Best Test: 86.70%
Epoch: 400, Loss: 0.1296, Train: 96.88%, Valid: 70.80%, Test: 71.80%, Best Valid: 87.40%, Best Test: 86.70%
Epoch: 500, Loss: 0.0147, Train: 100.00%, Valid: 77.40%, Test: 80.40%, Best Valid: 87.40%, Best Test: 86.70%
Epoch: 600, Loss: 0.0522, Train: 100.00%, Valid: 78.40%, Test: 81.90%, Best Valid: 87.40%, Best Test: 86.70%
Epoch: 700, Loss: 0.0646, Train: 100.00%, Valid: 79.40%, Test: 82.20%, Best Valid: 87.40%, Best Test: 86.70%
Epoch: 800, Loss: 0.0639, Train: 100.00%, Valid: 77.80%, Test: 81.40%, Best Valid: 87.40%, Best Test: 86.70%
Epoch: 900, Loss: 0.0084, Train: 100.00%, Valid: 78.40%, Test: 81.20%, Best Valid: 87.40%, Best Test: 86.70%
Run 03:
Highest Train: 100.00
Highest Valid: 87.40
Highest Test: 87.30
Chosen epoch: 286
Final Train: 100.00
Final Test: 86.70
Pre-training MLP for 500 epochs to generate co-occurrence matrix...
MLP pre-training complete. Penalty matrix frozen.
Epoch: 00, Loss: 2.2883, Train: 12.50%, Valid: 8.60%, Test: 13.10%, Best Valid: 8.60%, Best Test: 13.10%
Epoch: 100, Loss: 0.0147, Train: 99.38%, Valid: 79.20%, Test: 81.20%, Best Valid: 85.40%, Best Test: 84.40%
Epoch: 200, Loss: 0.2304, Train: 93.12%, Valid: 76.60%, Test: 78.90%, Best Valid: 90.20%, Best Test: 87.40%
Epoch: 300, Loss: 0.0103, Train: 100.00%, Valid: 85.40%, Test: 85.60%, Best Valid: 90.20%, Best Test: 87.40%
Epoch: 400, Loss: 0.2425, Train: 95.62%, Valid: 82.80%, Test: 81.80%, Best Valid: 90.20%, Best Test: 87.40%
Epoch: 500, Loss: 0.0619, Train: 100.00%, Valid: 82.00%, Test: 82.10%, Best Valid: 90.20%, Best Test: 87.40%
Epoch: 600, Loss: 0.2462, Train: 97.50%, Valid: 74.00%, Test: 75.20%, Best Valid: 90.20%, Best Test: 87.40%
Epoch: 700, Loss: 0.1972, Train: 97.50%, Valid: 81.40%, Test: 78.50%, Best Valid: 90.20%, Best Test: 87.40%
Epoch: 800, Loss: 0.0398, Train: 100.00%, Valid: 78.80%, Test: 74.40%, Best Valid: 90.20%, Best Test: 87.40%
Epoch: 900, Loss: 0.0225, Train: 100.00%, Valid: 79.00%, Test: 80.30%, Best Valid: 90.20%, Best Test: 87.40%
Run 04:
Highest Train: 100.00
Highest Valid: 90.20
Highest Test: 87.70
Chosen epoch: 124
Final Train: 100.00
Final Test: 87.40
Pre-training MLP for 500 epochs to generate co-occurrence matrix...
MLP pre-training complete. Penalty matrix frozen.
Epoch: 00, Loss: 2.3378, Train: 12.50%, Valid: 5.40%, Test: 4.40%, Best Valid: 5.40%, Best Test: 4.40%
Epoch: 100, Loss: 0.0599, Train: 99.38%, Valid: 79.20%, Test: 80.00%, Best Valid: 81.60%, Best Test: 82.40%
Epoch: 200, Loss: 0.0198, Train: 100.00%, Valid: 86.60%, Test: 84.50%, Best Valid: 87.00%, Best Test: 85.20%
Epoch: 300, Loss: 0.0192, Train: 100.00%, Valid: 82.40%, Test: 81.60%, Best Valid: 87.00%, Best Test: 85.20%
Epoch: 400, Loss: 0.1747, Train: 96.88%, Valid: 68.00%, Test: 62.90%, Best Valid: 87.00%, Best Test: 85.20%
Epoch: 500, Loss: 0.1222, Train: 95.62%, Valid: 68.80%, Test: 70.10%, Best Valid: 87.00%, Best Test: 85.20%
Epoch: 600, Loss: 0.0275, Train: 100.00%, Valid: 80.00%, Test: 80.50%, Best Valid: 87.00%, Best Test: 85.20%
Epoch: 700, Loss: 0.1545, Train: 100.00%, Valid: 78.00%, Test: 79.70%, Best Valid: 87.00%, Best Test: 85.20%
Epoch: 800, Loss: 0.0131, Train: 100.00%, Valid: 79.00%, Test: 81.30%, Best Valid: 87.00%, Best Test: 85.20%
Epoch: 900, Loss: 1.2107, Train: 78.75%, Valid: 68.00%, Test: 65.20%, Best Valid: 87.00%, Best Test: 85.20%
Run 05:
Highest Train: 100.00
Highest Valid: 87.00
Highest Test: 86.70
Chosen epoch: 185
Final Train: 100.00
Final Test: 85.20
All runs:
Highest Train: 100.00 ± 0.00
Highest Test: 87.60 ± 1.02
Highest Valid: 88.64 ± 1.42
  Final Train: 100.00 ± 0.00
   Final Test: 86.60 ± 1.02
Saving results to mlp_gt/results_full/amazon-photo/polynormer.csv

Running with MLP-GT Regularization (lambda=0.2)...
Namespace(aggregate='add', alpha=0.5, attention='gcn', beta=-1.0, bn=False, cpu=False, data_dir='../data/', dataset='amazon-photo', device=0, dim_inner=128, display_step=100, dropout=0.3, epochs=1000, global_dropout=None, global_layers=2, gnn='gcn', graph_weight=0.8, hidden_channels=128, hops=10, in_dropout=0.0, jk=False, label_num_per_class=20, lambda_val=0.2, layers=1, ln=False, local_gnn_type='GCN', local_layers=2, lr=0.01, metric='acc', mlp_epochs=500, mlp_reg=True, model='polynormer', model_dir='./model/', n_heads=4, num_centroids=4096, num_heads=4, oracle_reg=False, pe_types='RWSE', pre_linear=False, pre_ln=False, rand_split=False, rand_split_class=True, reg_start_epoch=10, reg_update_freq=5, res=False, result_dir='mlp_gt/results_full', runs=5, save_model=False, save_result=False, seed=123, test_num=1000, train_prop=0.5, use_act=False, use_bn=False, use_graph=False, use_reg=True, use_residual=False, use_weight=False, valid_num=500, valid_prop=0.25, weight_decay=0.0005)
amazon-photo
train:torch.Size([160]), valid:torch.Size([500]), test:torch.Size([1000])
dataset amazon-photo | num nodes 7650 | num edge 238162 | num node feats 745 | num classes 8
MODEL: Polynormer(
  (h_lins): ModuleList(
    (0): Linear(in_features=512, out_features=512, bias=True)
    (1): Linear(in_features=512, out_features=512, bias=True)
  )
  (local_convs): ModuleList(
    (0): GATConv(512, 128, heads=4)
    (1): GATConv(512, 128, heads=4)
  )
  (lins): ModuleList(
    (0): Linear(in_features=512, out_features=512, bias=True)
    (1): Linear(in_features=512, out_features=512, bias=True)
  )
  (lns): ModuleList(
    (0): LayerNorm((512,), eps=1e-05, elementwise_affine=True)
    (1): LayerNorm((512,), eps=1e-05, elementwise_affine=True)
  )
  (lin_in): Linear(in_features=745, out_features=512, bias=True)
  (ln): LayerNorm((512,), eps=1e-05, elementwise_affine=True)
  (global_attn): GlobalAttn(
    (h_lins): ModuleList(
      (0): Linear(in_features=512, out_features=512, bias=True)
      (1): Linear(in_features=512, out_features=512, bias=True)
    )
    (k_lins): ModuleList(
      (0): Linear(in_features=512, out_features=512, bias=True)
      (1): Linear(in_features=512, out_features=512, bias=True)
    )
    (v_lins): ModuleList(
      (0): Linear(in_features=512, out_features=512, bias=True)
      (1): Linear(in_features=512, out_features=512, bias=True)
    )
    (lns): ModuleList(
      (0): LayerNorm((512,), eps=1e-05, elementwise_affine=True)
      (1): LayerNorm((512,), eps=1e-05, elementwise_affine=True)
    )
    (lin_out): Linear(in_features=512, out_features=512, bias=True)
  )
  (pred_local): Linear(in_features=512, out_features=8, bias=True)
  (pred_global): Linear(in_features=512, out_features=8, bias=True)
)
Pre-training MLP for 500 epochs to generate co-occurrence matrix...
MLP pre-training complete. Penalty matrix frozen.
Epoch: 00, Loss: 2.5266, Train: 12.50%, Valid: 14.60%, Test: 12.20%, Best Valid: 14.60%, Best Test: 12.20%
Epoch: 100, Loss: 0.5883, Train: 82.50%, Valid: 59.60%, Test: 64.60%, Best Valid: 80.20%, Best Test: 80.30%
Epoch: 200, Loss: 0.0150, Train: 100.00%, Valid: 83.20%, Test: 85.10%, Best Valid: 85.80%, Best Test: 84.80%
Epoch: 300, Loss: 0.0169, Train: 100.00%, Valid: 82.20%, Test: 81.60%, Best Valid: 86.60%, Best Test: 85.70%
Epoch: 400, Loss: 0.0736, Train: 100.00%, Valid: 82.60%, Test: 84.10%, Best Valid: 86.60%, Best Test: 85.70%
Epoch: 500, Loss: 0.0444, Train: 100.00%, Valid: 83.20%, Test: 85.50%, Best Valid: 86.60%, Best Test: 85.70%
Epoch: 600, Loss: 0.0297, Train: 100.00%, Valid: 79.60%, Test: 81.40%, Best Valid: 86.60%, Best Test: 85.70%
Epoch: 700, Loss: 0.0495, Train: 100.00%, Valid: 74.20%, Test: 72.40%, Best Valid: 86.60%, Best Test: 85.70%
Epoch: 800, Loss: 0.0116, Train: 100.00%, Valid: 80.20%, Test: 79.70%, Best Valid: 86.60%, Best Test: 85.70%
Epoch: 900, Loss: 0.1137, Train: 98.12%, Valid: 74.00%, Test: 77.70%, Best Valid: 86.60%, Best Test: 85.70%
Run 01:
Highest Train: 100.00
Highest Valid: 86.60
Highest Test: 86.50
Chosen epoch: 239
Final Train: 100.00
Final Test: 85.70
Pre-training MLP for 500 epochs to generate co-occurrence matrix...
MLP pre-training complete. Penalty matrix frozen.
Epoch: 00, Loss: 2.5118, Train: 12.50%, Valid: 23.80%, Test: 20.40%, Best Valid: 23.80%, Best Test: 20.40%
Epoch: 100, Loss: 0.0994, Train: 96.25%, Valid: 75.20%, Test: 72.60%, Best Valid: 87.00%, Best Test: 85.40%
Epoch: 200, Loss: 0.0401, Train: 98.75%, Valid: 80.80%, Test: 81.50%, Best Valid: 87.00%, Best Test: 85.40%
Epoch: 300, Loss: 0.0200, Train: 100.00%, Valid: 80.20%, Test: 81.80%, Best Valid: 87.60%, Best Test: 85.10%
Epoch: 400, Loss: 0.2576, Train: 90.00%, Valid: 68.00%, Test: 70.10%, Best Valid: 87.60%, Best Test: 85.10%
Epoch: 500, Loss: 0.0635, Train: 100.00%, Valid: 82.00%, Test: 82.60%, Best Valid: 88.40%, Best Test: 88.20%
Epoch: 600, Loss: 0.0115, Train: 100.00%, Valid: 79.60%, Test: 81.20%, Best Valid: 88.40%, Best Test: 88.20%
Epoch: 700, Loss: 0.0711, Train: 99.38%, Valid: 82.00%, Test: 83.30%, Best Valid: 88.40%, Best Test: 88.20%
Epoch: 800, Loss: 0.0114, Train: 100.00%, Valid: 77.80%, Test: 78.60%, Best Valid: 88.40%, Best Test: 88.20%
Epoch: 900, Loss: 0.0408, Train: 100.00%, Valid: 79.40%, Test: 79.90%, Best Valid: 88.40%, Best Test: 88.20%
Run 02:
Highest Train: 100.00
Highest Valid: 88.40
Highest Test: 88.20
Chosen epoch: 417
Final Train: 100.00
Final Test: 88.20
Pre-training MLP for 500 epochs to generate co-occurrence matrix...
MLP pre-training complete. Penalty matrix frozen.
Epoch: 00, Loss: 2.5247, Train: 12.50%, Valid: 27.40%, Test: 25.00%, Best Valid: 27.40%, Best Test: 25.00%
Epoch: 100, Loss: 0.1427, Train: 96.88%, Valid: 74.00%, Test: 73.80%, Best Valid: 80.00%, Best Test: 79.50%
Epoch: 200, Loss: 1.1515, Train: 97.50%, Valid: 76.40%, Test: 76.90%, Best Valid: 84.60%, Best Test: 83.30%
Epoch: 300, Loss: 3.4597, Train: 66.25%, Valid: 50.00%, Test: 49.40%, Best Valid: 84.60%, Best Test: 83.30%
Epoch: 400, Loss: 0.0339, Train: 100.00%, Valid: 80.80%, Test: 83.00%, Best Valid: 84.60%, Best Test: 83.30%
Epoch: 500, Loss: 0.0164, Train: 100.00%, Valid: 79.80%, Test: 82.60%, Best Valid: 84.60%, Best Test: 83.30%
Epoch: 600, Loss: 0.1149, Train: 99.38%, Valid: 83.00%, Test: 82.20%, Best Valid: 85.00%, Best Test: 82.90%
Epoch: 700, Loss: 0.1581, Train: 100.00%, Valid: 84.20%, Test: 84.20%, Best Valid: 85.20%, Best Test: 83.40%
Epoch: 800, Loss: 0.0265, Train: 100.00%, Valid: 80.80%, Test: 80.10%, Best Valid: 87.20%, Best Test: 86.20%
Epoch: 900, Loss: 0.1093, Train: 100.00%, Valid: 80.80%, Test: 84.20%, Best Valid: 87.20%, Best Test: 86.20%
Run 03:
Highest Train: 100.00
Highest Valid: 88.60
Highest Test: 88.40
Chosen epoch: 948
Final Train: 100.00
Final Test: 87.60
Pre-training MLP for 500 epochs to generate co-occurrence matrix...
MLP pre-training complete. Penalty matrix frozen.
Epoch: 00, Loss: 2.4964, Train: 12.50%, Valid: 14.60%, Test: 12.20%, Best Valid: 14.60%, Best Test: 12.20%
Epoch: 100, Loss: 1.8320, Train: 41.88%, Valid: 31.40%, Test: 34.50%, Best Valid: 82.60%, Best Test: 81.50%
Epoch: 200, Loss: 0.0536, Train: 100.00%, Valid: 80.60%, Test: 81.30%, Best Valid: 82.80%, Best Test: 83.00%
Epoch: 300, Loss: 0.0658, Train: 100.00%, Valid: 79.20%, Test: 81.90%, Best Valid: 83.80%, Best Test: 83.70%
Epoch: 400, Loss: 0.1125, Train: 100.00%, Valid: 76.80%, Test: 79.20%, Best Valid: 83.80%, Best Test: 83.70%
Epoch: 500, Loss: 0.1069, Train: 100.00%, Valid: 81.40%, Test: 82.50%, Best Valid: 83.80%, Best Test: 83.70%
Epoch: 600, Loss: 0.7060, Train: 88.75%, Valid: 72.40%, Test: 76.20%, Best Valid: 83.80%, Best Test: 83.70%
Epoch: 700, Loss: 0.0402, Train: 100.00%, Valid: 77.80%, Test: 80.00%, Best Valid: 84.80%, Best Test: 86.10%
Epoch: 800, Loss: 0.0369, Train: 98.12%, Valid: 78.20%, Test: 77.80%, Best Valid: 86.00%, Best Test: 85.30%
Epoch: 900, Loss: 0.0382, Train: 100.00%, Valid: 81.20%, Test: 84.40%, Best Valid: 86.00%, Best Test: 85.30%
Run 04:
Highest Train: 100.00
Highest Valid: 86.00
Highest Test: 86.60
Chosen epoch: 727
Final Train: 100.00
Final Test: 85.30
Pre-training MLP for 500 epochs to generate co-occurrence matrix...
MLP pre-training complete. Penalty matrix frozen.
Epoch: 00, Loss: 2.5503, Train: 12.50%, Valid: 27.40%, Test: 25.00%, Best Valid: 27.40%, Best Test: 25.00%
Epoch: 100, Loss: 0.0273, Train: 100.00%, Valid: 85.80%, Test: 85.40%, Best Valid: 87.80%, Best Test: 85.80%
Epoch: 200, Loss: 0.0194, Train: 98.12%, Valid: 75.80%, Test: 75.90%, Best Valid: 88.60%, Best Test: 86.10%
Epoch: 300, Loss: 0.0061, Train: 100.00%, Valid: 82.80%, Test: 82.00%, Best Valid: 88.60%, Best Test: 86.10%
Epoch: 400, Loss: 0.3907, Train: 96.88%, Valid: 76.00%, Test: 80.90%, Best Valid: 88.60%, Best Test: 86.10%
Epoch: 500, Loss: 0.1157, Train: 99.38%, Valid: 78.00%, Test: 82.30%, Best Valid: 88.60%, Best Test: 86.10%
Epoch: 600, Loss: 0.1029, Train: 100.00%, Valid: 77.40%, Test: 80.40%, Best Valid: 88.60%, Best Test: 86.10%
Epoch: 700, Loss: 0.0801, Train: 100.00%, Valid: 73.40%, Test: 79.00%, Best Valid: 88.60%, Best Test: 86.10%
Epoch: 800, Loss: 0.0284, Train: 100.00%, Valid: 80.60%, Test: 82.60%, Best Valid: 88.60%, Best Test: 86.10%
Epoch: 900, Loss: 0.0133, Train: 100.00%, Valid: 79.80%, Test: 80.50%, Best Valid: 88.60%, Best Test: 86.10%
Run 05:
Highest Train: 100.00
Highest Valid: 88.60
Highest Test: 87.30
Chosen epoch: 105
Final Train: 100.00
Final Test: 86.10
All runs:
Highest Train: 100.00 ± 0.00
Highest Test: 87.40 ± 0.88
Highest Valid: 87.64 ± 1.24
  Final Train: 100.00 ± 0.00
   Final Test: 86.58 ± 1.26
Saving results to mlp_gt/results_full/amazon-photo/polynormer.csv

Running with MLP-GT Regularization (lambda=0.4)...
Namespace(aggregate='add', alpha=0.5, attention='gcn', beta=-1.0, bn=False, cpu=False, data_dir='../data/', dataset='amazon-photo', device=0, dim_inner=128, display_step=100, dropout=0.3, epochs=1000, global_dropout=None, global_layers=2, gnn='gcn', graph_weight=0.8, hidden_channels=128, hops=10, in_dropout=0.0, jk=False, label_num_per_class=20, lambda_val=0.4, layers=1, ln=False, local_gnn_type='GCN', local_layers=2, lr=0.01, metric='acc', mlp_epochs=500, mlp_reg=True, model='polynormer', model_dir='./model/', n_heads=4, num_centroids=4096, num_heads=4, oracle_reg=False, pe_types='RWSE', pre_linear=False, pre_ln=False, rand_split=False, rand_split_class=True, reg_start_epoch=10, reg_update_freq=5, res=False, result_dir='mlp_gt/results_full', runs=5, save_model=False, save_result=False, seed=123, test_num=1000, train_prop=0.5, use_act=False, use_bn=False, use_graph=False, use_reg=True, use_residual=False, use_weight=False, valid_num=500, valid_prop=0.25, weight_decay=0.0005)
amazon-photo
train:torch.Size([160]), valid:torch.Size([500]), test:torch.Size([1000])
dataset amazon-photo | num nodes 7650 | num edge 238162 | num node feats 745 | num classes 8
MODEL: Polynormer(
  (h_lins): ModuleList(
    (0): Linear(in_features=512, out_features=512, bias=True)
    (1): Linear(in_features=512, out_features=512, bias=True)
  )
  (local_convs): ModuleList(
    (0): GATConv(512, 128, heads=4)
    (1): GATConv(512, 128, heads=4)
  )
  (lins): ModuleList(
    (0): Linear(in_features=512, out_features=512, bias=True)
    (1): Linear(in_features=512, out_features=512, bias=True)
  )
  (lns): ModuleList(
    (0): LayerNorm((512,), eps=1e-05, elementwise_affine=True)
    (1): LayerNorm((512,), eps=1e-05, elementwise_affine=True)
  )
  (lin_in): Linear(in_features=745, out_features=512, bias=True)
  (ln): LayerNorm((512,), eps=1e-05, elementwise_affine=True)
  (global_attn): GlobalAttn(
    (h_lins): ModuleList(
      (0): Linear(in_features=512, out_features=512, bias=True)
      (1): Linear(in_features=512, out_features=512, bias=True)
    )
    (k_lins): ModuleList(
      (0): Linear(in_features=512, out_features=512, bias=True)
      (1): Linear(in_features=512, out_features=512, bias=True)
    )
    (v_lins): ModuleList(
      (0): Linear(in_features=512, out_features=512, bias=True)
      (1): Linear(in_features=512, out_features=512, bias=True)
    )
    (lns): ModuleList(
      (0): LayerNorm((512,), eps=1e-05, elementwise_affine=True)
      (1): LayerNorm((512,), eps=1e-05, elementwise_affine=True)
    )
    (lin_out): Linear(in_features=512, out_features=512, bias=True)
  )
  (pred_local): Linear(in_features=512, out_features=8, bias=True)
  (pred_global): Linear(in_features=512, out_features=8, bias=True)
)
Pre-training MLP for 500 epochs to generate co-occurrence matrix...
MLP pre-training complete. Penalty matrix frozen.
Epoch: 00, Loss: 2.9477, Train: 12.50%, Valid: 14.60%, Test: 12.20%, Best Valid: 14.60%, Best Test: 12.20%
Epoch: 100, Loss: 0.2817, Train: 99.38%, Valid: 79.60%, Test: 81.30%, Best Valid: 83.00%, Best Test: 81.40%
Epoch: 200, Loss: 1.3978, Train: 69.38%, Valid: 50.80%, Test: 54.70%, Best Valid: 88.80%, Best Test: 87.00%
Epoch: 300, Loss: 0.1297, Train: 100.00%, Valid: 80.20%, Test: 80.40%, Best Valid: 88.80%, Best Test: 87.00%
Epoch: 400, Loss: 4.9704, Train: 53.12%, Valid: 35.00%, Test: 36.70%, Best Valid: 88.80%, Best Test: 87.00%
Epoch: 500, Loss: 0.0311, Train: 100.00%, Valid: 83.40%, Test: 82.70%, Best Valid: 88.80%, Best Test: 87.00%
Epoch: 600, Loss: 0.0443, Train: 100.00%, Valid: 83.40%, Test: 81.70%, Best Valid: 88.80%, Best Test: 87.00%
Epoch: 700, Loss: 0.0689, Train: 100.00%, Valid: 75.00%, Test: 78.10%, Best Valid: 88.80%, Best Test: 87.00%
Epoch: 800, Loss: 1.5208, Train: 86.88%, Valid: 60.80%, Test: 63.10%, Best Valid: 88.80%, Best Test: 87.00%
Epoch: 900, Loss: 0.0227, Train: 100.00%, Valid: 86.20%, Test: 87.40%, Best Valid: 88.80%, Best Test: 87.00%
Run 01:
Highest Train: 100.00
Highest Valid: 88.80
Highest Test: 88.10
Chosen epoch: 138
Final Train: 100.00
Final Test: 87.00
Pre-training MLP for 500 epochs to generate co-occurrence matrix...
MLP pre-training complete. Penalty matrix frozen.
Epoch: 00, Loss: 2.9304, Train: 12.50%, Valid: 23.80%, Test: 20.40%, Best Valid: 23.80%, Best Test: 20.40%
Epoch: 100, Loss: 0.1934, Train: 98.12%, Valid: 77.20%, Test: 77.50%, Best Valid: 77.20%, Best Test: 77.60%
Epoch: 200, Loss: 1.9171, Train: 54.37%, Valid: 40.60%, Test: 38.10%, Best Valid: 83.60%, Best Test: 83.10%
Epoch: 300, Loss: 1.1516, Train: 89.38%, Valid: 70.20%, Test: 71.20%, Best Valid: 84.60%, Best Test: 81.50%
Epoch: 400, Loss: 0.0553, Train: 100.00%, Valid: 82.60%, Test: 81.80%, Best Valid: 84.80%, Best Test: 82.60%
Epoch: 500, Loss: 0.5877, Train: 95.00%, Valid: 72.60%, Test: 72.10%, Best Valid: 84.80%, Best Test: 82.60%
Epoch: 600, Loss: 0.2536, Train: 96.88%, Valid: 73.40%, Test: 71.50%, Best Valid: 84.80%, Best Test: 82.60%
Epoch: 700, Loss: 0.7714, Train: 98.12%, Valid: 75.60%, Test: 75.20%, Best Valid: 85.00%, Best Test: 83.70%
Epoch: 800, Loss: 0.0373, Train: 100.00%, Valid: 83.80%, Test: 85.00%, Best Valid: 85.00%, Best Test: 83.70%
Epoch: 900, Loss: 0.0218, Train: 97.50%, Valid: 76.40%, Test: 76.50%, Best Valid: 85.00%, Best Test: 83.70%
Run 02:
Highest Train: 100.00
Highest Valid: 85.00
Highest Test: 85.50
Chosen epoch: 643
Final Train: 100.00
Final Test: 83.70
Pre-training MLP for 500 epochs to generate co-occurrence matrix...
MLP pre-training complete. Penalty matrix frozen.
Epoch: 00, Loss: 2.9455, Train: 12.50%, Valid: 27.40%, Test: 25.00%, Best Valid: 27.40%, Best Test: 25.00%
Epoch: 100, Loss: 0.3554, Train: 93.75%, Valid: 69.60%, Test: 69.60%, Best Valid: 77.60%, Best Test: 75.40%
Epoch: 200, Loss: 0.0124, Train: 100.00%, Valid: 81.60%, Test: 81.30%, Best Valid: 84.60%, Best Test: 81.80%
Epoch: 300, Loss: 0.0371, Train: 100.00%, Valid: 78.60%, Test: 80.00%, Best Valid: 85.00%, Best Test: 83.60%
Epoch: 400, Loss: 0.0888, Train: 99.38%, Valid: 83.20%, Test: 86.10%, Best Valid: 85.00%, Best Test: 83.60%
Epoch: 500, Loss: 0.0400, Train: 100.00%, Valid: 83.20%, Test: 84.70%, Best Valid: 89.00%, Best Test: 87.20%
Epoch: 600, Loss: 0.0214, Train: 100.00%, Valid: 79.20%, Test: 81.50%, Best Valid: 89.00%, Best Test: 87.20%
Epoch: 700, Loss: 0.3964, Train: 98.75%, Valid: 82.80%, Test: 82.70%, Best Valid: 89.00%, Best Test: 87.20%
Epoch: 800, Loss: 0.0368, Train: 100.00%, Valid: 80.40%, Test: 79.80%, Best Valid: 89.00%, Best Test: 87.20%
Epoch: 900, Loss: 0.2605, Train: 97.50%, Valid: 74.60%, Test: 75.20%, Best Valid: 89.00%, Best Test: 87.20%
Run 03:
Highest Train: 100.00
Highest Valid: 89.00
Highest Test: 88.40
Chosen epoch: 487
Final Train: 100.00
Final Test: 87.20
Pre-training MLP for 500 epochs to generate co-occurrence matrix...
MLP pre-training complete. Penalty matrix frozen.
Epoch: 00, Loss: 2.9124, Train: 12.50%, Valid: 14.60%, Test: 12.20%, Best Valid: 14.60%, Best Test: 12.20%
Epoch: 100, Loss: 1.4448, Train: 68.75%, Valid: 47.40%, Test: 47.10%, Best Valid: 85.20%, Best Test: 84.70%
Epoch: 200, Loss: 0.0037, Train: 100.00%, Valid: 82.20%, Test: 80.50%, Best Valid: 85.20%, Best Test: 84.70%
Epoch: 300, Loss: 1.9959, Train: 60.00%, Valid: 48.60%, Test: 48.60%, Best Valid: 85.20%, Best Test: 84.70%
Epoch: 400, Loss: 0.0693, Train: 100.00%, Valid: 88.20%, Test: 86.20%, Best Valid: 88.80%, Best Test: 85.30%
Epoch: 500, Loss: 0.0243, Train: 100.00%, Valid: 85.40%, Test: 84.10%, Best Valid: 89.40%, Best Test: 86.60%
Epoch: 600, Loss: 0.0383, Train: 100.00%, Valid: 87.80%, Test: 86.00%, Best Valid: 89.40%, Best Test: 86.60%
Epoch: 700, Loss: 1.1802, Train: 77.50%, Valid: 55.60%, Test: 59.00%, Best Valid: 89.40%, Best Test: 86.60%
Epoch: 800, Loss: 0.1518, Train: 100.00%, Valid: 86.60%, Test: 86.10%, Best Valid: 89.40%, Best Test: 86.60%
Epoch: 900, Loss: 0.0139, Train: 100.00%, Valid: 84.00%, Test: 85.90%, Best Valid: 89.40%, Best Test: 86.60%
Run 04:
Highest Train: 100.00
Highest Valid: 89.40
Highest Test: 88.80
Chosen epoch: 409
Final Train: 99.38
Final Test: 86.60
Pre-training MLP for 500 epochs to generate co-occurrence matrix...
MLP pre-training complete. Penalty matrix frozen.
Epoch: 00, Loss: 2.9753, Train: 12.50%, Valid: 27.40%, Test: 25.00%, Best Valid: 27.40%, Best Test: 25.00%
Epoch: 100, Loss: 0.1042, Train: 99.38%, Valid: 77.80%, Test: 76.50%, Best Valid: 79.20%, Best Test: 77.70%
Epoch: 200, Loss: 1.2624, Train: 90.00%, Valid: 65.20%, Test: 66.50%, Best Valid: 88.60%, Best Test: 87.30%
Epoch: 300, Loss: 0.0213, Train: 100.00%, Valid: 80.80%, Test: 83.50%, Best Valid: 89.80%, Best Test: 85.60%
Epoch: 400, Loss: 0.0931, Train: 100.00%, Valid: 89.40%, Test: 87.00%, Best Valid: 89.80%, Best Test: 85.60%
Epoch: 500, Loss: 0.0285, Train: 100.00%, Valid: 85.40%, Test: 84.40%, Best Valid: 90.80%, Best Test: 89.00%
Epoch: 600, Loss: 0.0463, Train: 100.00%, Valid: 76.40%, Test: 78.80%, Best Valid: 90.80%, Best Test: 89.00%
Epoch: 700, Loss: 0.0604, Train: 100.00%, Valid: 84.00%, Test: 84.10%, Best Valid: 90.80%, Best Test: 89.00%
Epoch: 800, Loss: 0.0076, Train: 100.00%, Valid: 84.60%, Test: 86.20%, Best Valid: 90.80%, Best Test: 89.00%
Epoch: 900, Loss: 0.0153, Train: 100.00%, Valid: 82.00%, Test: 84.20%, Best Valid: 90.80%, Best Test: 89.00%
Run 05:
Highest Train: 100.00
Highest Valid: 90.80
Highest Test: 89.40
Chosen epoch: 492
Final Train: 99.38
Final Test: 89.00
All runs:
Highest Train: 100.00 ± 0.00
Highest Test: 88.04 ± 1.50
Highest Valid: 88.60 ± 2.16
  Final Train: 99.75 ± 0.34
   Final Test: 86.70 ± 1.91
Saving results to mlp_gt/results_full/amazon-photo/polynormer.csv

GT sweep completed!
==========================================================
Task 8 (polynormer / amazon-photo) completed at: Tue Apr 28 08:49:34 AM EDT 2026
==========================================================
