==========================================================
MLP-GT Full Sweep | Task 31
Job: 1011972 | Date: Tue Apr 28 08:08:21 AM EDT 2026 | Host: n0091
==========================================================
Tue Apr 28 08:08:23 2026       
+-----------------------------------------------------------------------------------------+
| NVIDIA-SMI 570.211.01             Driver Version: 570.211.01     CUDA Version: 12.8     |
|-----------------------------------------+------------------------+----------------------+
| GPU  Name                 Persistence-M | Bus-Id          Disp.A | Volatile Uncorr. ECC |
| Fan  Temp   Perf          Pwr:Usage/Cap |           Memory-Usage | GPU-Util  Compute M. |
|                                         |                        |               MIG M. |
|=========================================+========================+======================|
|   0  NVIDIA A100-SXM4-80GB          On  |   00000000:01:00.0 Off |                   On |
| N/A   34C    P0             89W /  500W |     923MiB /  81920MiB |     N/A      Default |
|                                         |                        |              Enabled |
+-----------------------------------------+------------------------+----------------------+
|   1  NVIDIA A100-SXM4-80GB          On  |   00000000:41:00.0 Off |                   On |
| N/A   32C    P0            127W /  500W |    1734MiB /  81920MiB |     N/A      Default |
|                                         |                        |              Enabled |
+-----------------------------------------+------------------------+----------------------+
|   2  NVIDIA A100-SXM4-80GB          On  |   00000000:81:00.0 Off |                   On |
| N/A   36C    P0            134W /  500W |    1292MiB /  81920MiB |     N/A      Default |
|                                         |                        |              Enabled |
+-----------------------------------------+------------------------+----------------------+
|   3  NVIDIA A100-SXM4-80GB          On  |   00000000:C1:00.0 Off |                   On |
| N/A   33C    P0            143W /  500W |    2004MiB /  81920MiB |     N/A      Default |
|                                         |                        |              Enabled |
+-----------------------------------------+------------------------+----------------------+

+-----------------------------------------------------------------------------------------+
| MIG devices:                                                                            |
+------------------+----------------------------------+-----------+-----------------------+
| GPU  GI  CI  MIG |                     Memory-Usage |        Vol|        Shared         |
|      ID  ID  Dev |                       BAR1-Usage | SM     Unc| CE ENC  DEC  OFA  JPG |
|                  |                                  |        ECC|                       |
|==================+==================================+===========+=======================|
|  0    5   0   0  |              53MiB / 19968MiB    | 28      0 |  2   0    1    0    0 |
|                  |                 0MiB / 32767MiB  |           |                       |
+------------------+----------------------------------+-----------+-----------------------+
                                                                                         
+-----------------------------------------------------------------------------------------+
| Processes:                                                                              |
|  GPU   GI   CI              PID   Type   Process name                        GPU Memory |
|        ID   ID                                                               Usage      |
|=========================================================================================|
|    1    1    0           651253      C   python                                  498MiB |
|    1    5    0           669297      C   python                                 1040MiB |
|    2    3    0           668168      C   python                                 1102MiB |
|    3    5    0           668948      C   python                                 1814MiB |
+-----------------------------------------------------------------------------------------+
1.12.1
True
NVIDIA A100-SXM4-80GB MIG 2g.20gb
Model: sgformer | Dataset: amazon-ratings
Split flags: 
==========================================================
Starting mlp_gt GT Sweep for:
python main.py --model sgformer --dataset amazon-ratings         --hidden_channels 256 --layers 3 --num_heads 1         --lr 0.01 --weight_decay 5e-4 --dropout 0.3         --use_graph --use_act --alpha 0.5 --use_residual --use_bn --graph_weight 0.5         --epochs 1000         --runs 5 --device 0         
Result dir: mlp_gt/results_full
==========================================================
Running GT Baseline (no reg)...
Namespace(aggregate='add', alpha=0.5, attention='gcn', beta=-1.0, bn=False, cpu=False, data_dir='../data/', dataset='amazon-ratings', device=0, dim_inner=256, display_step=100, dropout=0.3, epochs=1000, global_dropout=None, global_layers=2, gnn='gcn', graph_weight=0.5, hidden_channels=256, hops=10, in_dropout=0.0, jk=False, label_num_per_class=20, lambda_val=0.5, layers=3, ln=False, local_gnn_type='GCN', local_layers=7, lr=0.01, metric='acc', mlp_epochs=500, mlp_reg=False, model='sgformer', model_dir='./model/', n_heads=1, num_centroids=4096, num_heads=1, oracle_reg=False, pe_types='RWSE', pre_linear=False, pre_ln=False, rand_split=False, rand_split_class=False, reg_start_epoch=10, reg_update_freq=5, res=False, result_dir='mlp_gt/results_full', runs=5, save_model=False, save_result=False, seed=42, test_num=1000, train_prop=0.5, use_act=True, use_bn=True, use_graph=True, use_reg=False, use_residual=True, use_weight=False, valid_num=500, valid_prop=0.25, weight_decay=0.0005)
amazon-ratings
dataset amazon-ratings | num nodes 24492 | num edge 93050 | num node feats 300 | num classes 5
MODEL: SGFormer(
  (trans_conv): TransConv(
    (convs): ModuleList(
      (0): TransConvLayer(
        (Wk): Linear(in_features=256, out_features=256, bias=True)
        (Wq): Linear(in_features=256, out_features=256, bias=True)
      )
      (1): TransConvLayer(
        (Wk): Linear(in_features=256, out_features=256, bias=True)
        (Wq): Linear(in_features=256, out_features=256, bias=True)
      )
      (2): TransConvLayer(
        (Wk): Linear(in_features=256, out_features=256, bias=True)
        (Wq): Linear(in_features=256, out_features=256, bias=True)
      )
    )
    (fcs): ModuleList(
      (0): Linear(in_features=300, out_features=256, bias=True)
    )
    (bns): ModuleList(
      (0): LayerNorm((256,), eps=1e-05, elementwise_affine=True)
      (1): LayerNorm((256,), eps=1e-05, elementwise_affine=True)
      (2): LayerNorm((256,), eps=1e-05, elementwise_affine=True)
      (3): LayerNorm((256,), eps=1e-05, elementwise_affine=True)
    )
  )
  (gnn): GCN(
    (convs): ModuleList(
      (0): GCNConv(300, 256)
      (1): GCNConv(256, 256)
      (2): GCNConv(256, 256)
    )
    (bns): ModuleList(
      (0): BatchNorm1d(256, eps=1e-05, momentum=0.1, affine=True, track_running_stats=True)
      (1): BatchNorm1d(256, eps=1e-05, momentum=0.1, affine=True, track_running_stats=True)
    )
  )
  (fc): Linear(in_features=256, out_features=5, bias=True)
)
Epoch: 00, Loss: 1.6703, Train: 36.93%, Valid: 36.80%, Test: 37.01%, Best Valid: 36.80%, Best Test: 37.01%
Epoch: 100, Loss: 0.8989, Train: 61.02%, Valid: 45.65%, Test: 46.38%, Best Valid: 47.12%, Best Test: 47.18%
Epoch: 200, Loss: 0.6373, Train: 75.62%, Valid: 49.13%, Test: 49.70%, Best Valid: 49.29%, Best Test: 48.93%
Epoch: 300, Loss: 0.4935, Train: 84.04%, Valid: 49.88%, Test: 49.31%, Best Valid: 49.98%, Best Test: 48.98%
Epoch: 400, Loss: 0.4563, Train: 85.99%, Valid: 48.98%, Test: 49.76%, Best Valid: 50.22%, Best Test: 49.75%
Epoch: 500, Loss: 0.4372, Train: 86.06%, Valid: 49.58%, Test: 48.70%, Best Valid: 50.97%, Best Test: 51.04%
Epoch: 600, Loss: 0.4399, Train: 85.86%, Valid: 49.04%, Test: 49.16%, Best Valid: 50.97%, Best Test: 51.04%
Epoch: 700, Loss: 0.3631, Train: 87.87%, Valid: 49.44%, Test: 49.03%, Best Valid: 50.97%, Best Test: 51.04%
Epoch: 800, Loss: 0.4021, Train: 87.47%, Valid: 49.45%, Test: 49.27%, Best Valid: 50.97%, Best Test: 51.04%
Epoch: 900, Loss: 0.3365, Train: 90.17%, Valid: 49.21%, Test: 48.80%, Best Valid: 50.97%, Best Test: 51.04%
Run 01:
Highest Train: 90.46
Highest Valid: 50.97
Highest Test: 51.04
Chosen epoch: 418
Final Train: 88.69
Final Test: 51.04
Epoch: 00, Loss: 3.0613, Train: 36.78%, Valid: 36.78%, Test: 36.80%, Best Valid: 36.78%, Best Test: 36.80%
Epoch: 100, Loss: 1.1150, Train: 47.87%, Valid: 43.38%, Test: 43.28%, Best Valid: 44.37%, Best Test: 43.98%
Epoch: 200, Loss: 0.7927, Train: 63.25%, Valid: 45.22%, Test: 45.47%, Best Valid: 47.56%, Best Test: 47.12%
Epoch: 300, Loss: 0.6288, Train: 68.94%, Valid: 46.99%, Test: 47.44%, Best Valid: 48.42%, Best Test: 48.05%
Epoch: 400, Loss: 0.5399, Train: 76.21%, Valid: 45.27%, Test: 46.55%, Best Valid: 49.31%, Best Test: 49.63%
Epoch: 500, Loss: 0.4773, Train: 83.99%, Valid: 48.39%, Test: 48.44%, Best Valid: 49.78%, Best Test: 49.04%
Epoch: 600, Loss: 0.4334, Train: 80.67%, Valid: 48.42%, Test: 48.75%, Best Valid: 49.98%, Best Test: 49.49%
Epoch: 700, Loss: 0.5495, Train: 76.63%, Valid: 46.20%, Test: 47.90%, Best Valid: 49.98%, Best Test: 49.49%
Epoch: 800, Loss: 0.3546, Train: 78.50%, Valid: 45.96%, Test: 45.78%, Best Valid: 49.98%, Best Test: 49.49%
Epoch: 900, Loss: 0.3256, Train: 79.39%, Valid: 47.43%, Test: 47.67%, Best Valid: 49.98%, Best Test: 49.49%
Run 02:
Highest Train: 89.63
Highest Valid: 49.98
Highest Test: 50.61
Chosen epoch: 516
Final Train: 82.79
Final Test: 49.49
Epoch: 00, Loss: 3.5053, Train: 36.97%, Valid: 35.46%, Test: 36.57%, Best Valid: 35.46%, Best Test: 36.57%
Epoch: 100, Loss: 1.1172, Train: 51.57%, Valid: 45.61%, Test: 44.95%, Best Valid: 45.96%, Best Test: 45.79%
Epoch: 200, Loss: 0.8842, Train: 60.46%, Valid: 44.39%, Test: 44.93%, Best Valid: 47.79%, Best Test: 48.24%
Epoch: 300, Loss: 0.6415, Train: 73.98%, Valid: 47.90%, Test: 47.61%, Best Valid: 49.13%, Best Test: 48.88%
Epoch: 400, Loss: 0.5297, Train: 79.94%, Valid: 49.73%, Test: 49.22%, Best Valid: 49.86%, Best Test: 49.11%
Epoch: 500, Loss: 0.4816, Train: 85.16%, Valid: 49.60%, Test: 48.62%, Best Valid: 50.25%, Best Test: 49.09%
Epoch: 600, Loss: 0.5259, Train: 76.20%, Valid: 47.59%, Test: 47.64%, Best Valid: 50.86%, Best Test: 49.13%
Epoch: 700, Loss: 0.4564, Train: 77.07%, Valid: 47.26%, Test: 46.95%, Best Valid: 50.86%, Best Test: 49.13%
Epoch: 800, Loss: 0.3894, Train: 80.34%, Valid: 46.51%, Test: 47.33%, Best Valid: 50.86%, Best Test: 49.13%
Epoch: 900, Loss: 0.3460, Train: 75.18%, Valid: 46.28%, Test: 46.56%, Best Valid: 50.86%, Best Test: 49.13%
Run 03:
Highest Train: 88.48
Highest Valid: 50.86
Highest Test: 50.14
Chosen epoch: 549
Final Train: 84.84
Final Test: 49.13
Epoch: 00, Loss: 4.1142, Train: 31.05%, Valid: 30.85%, Test: 30.46%, Best Valid: 30.85%, Best Test: 30.46%
Epoch: 100, Loss: 1.1468, Train: 50.85%, Valid: 43.75%, Test: 43.43%, Best Valid: 44.28%, Best Test: 43.59%
Epoch: 200, Loss: 0.8230, Train: 63.04%, Valid: 45.78%, Test: 44.88%, Best Valid: 47.71%, Best Test: 46.76%
Epoch: 300, Loss: 0.6836, Train: 66.19%, Valid: 45.79%, Test: 45.39%, Best Valid: 48.37%, Best Test: 48.00%
Epoch: 400, Loss: 0.5366, Train: 79.57%, Valid: 49.31%, Test: 47.82%, Best Valid: 49.73%, Best Test: 47.72%
Epoch: 500, Loss: 0.4897, Train: 84.44%, Valid: 48.88%, Test: 48.36%, Best Valid: 50.79%, Best Test: 49.34%
Epoch: 600, Loss: 0.4446, Train: 84.89%, Valid: 49.01%, Test: 48.83%, Best Valid: 50.79%, Best Test: 49.34%
Epoch: 700, Loss: 0.4526, Train: 85.69%, Valid: 47.12%, Test: 46.91%, Best Valid: 50.79%, Best Test: 49.34%
Epoch: 800, Loss: 0.4109, Train: 86.96%, Valid: 49.40%, Test: 48.36%, Best Valid: 50.79%, Best Test: 49.34%
Epoch: 900, Loss: 0.3352, Train: 85.38%, Valid: 48.69%, Test: 48.13%, Best Valid: 50.79%, Best Test: 49.34%
Run 04:
Highest Train: 91.25
Highest Valid: 50.79
Highest Test: 49.93
Chosen epoch: 487
Final Train: 82.97
Final Test: 49.34
Epoch: 00, Loss: 2.8950, Train: 33.53%, Valid: 33.32%, Test: 33.15%, Best Valid: 33.32%, Best Test: 33.15%
Epoch: 100, Loss: 1.0716, Train: 51.99%, Valid: 44.62%, Test: 43.97%, Best Valid: 45.73%, Best Test: 44.86%
Epoch: 200, Loss: 0.7797, Train: 63.23%, Valid: 47.18%, Test: 45.84%, Best Valid: 47.97%, Best Test: 47.79%
Epoch: 300, Loss: 0.6248, Train: 74.65%, Valid: 48.88%, Test: 48.36%, Best Valid: 49.68%, Best Test: 48.62%
Epoch: 400, Loss: 0.5159, Train: 83.81%, Valid: 49.32%, Test: 48.98%, Best Valid: 50.74%, Best Test: 49.42%
Epoch: 500, Loss: 0.4954, Train: 84.32%, Valid: 49.83%, Test: 48.54%, Best Valid: 50.84%, Best Test: 49.04%
Epoch: 600, Loss: 0.6564, Train: 66.17%, Valid: 45.16%, Test: 45.63%, Best Valid: 51.33%, Best Test: 49.26%
Epoch: 700, Loss: 0.4147, Train: 83.04%, Valid: 48.93%, Test: 47.77%, Best Valid: 51.33%, Best Test: 49.26%
Epoch: 800, Loss: 0.3803, Train: 84.50%, Valid: 48.88%, Test: 48.24%, Best Valid: 51.33%, Best Test: 49.26%
Epoch: 900, Loss: 0.3483, Train: 87.70%, Valid: 49.31%, Test: 48.85%, Best Valid: 51.33%, Best Test: 49.26%
Run 05:
Highest Train: 90.23
Highest Valid: 51.33
Highest Test: 50.40
Chosen epoch: 573
Final Train: 84.49
Final Test: 49.26
All runs:
Highest Train: 90.01 ± 1.04
Highest Test: 50.42 ± 0.43
Highest Valid: 50.79 ± 0.50
  Final Train: 84.76 ± 2.38
   Final Test: 49.65 ± 0.79
Saving results to mlp_gt/results_full/amazon-ratings/sgformer.csv

Running with MLP-GT Regularization (lambda=0.01)...
Namespace(aggregate='add', alpha=0.5, attention='gcn', beta=-1.0, bn=False, cpu=False, data_dir='../data/', dataset='amazon-ratings', device=0, dim_inner=256, display_step=100, dropout=0.3, epochs=1000, global_dropout=None, global_layers=2, gnn='gcn', graph_weight=0.5, hidden_channels=256, hops=10, in_dropout=0.0, jk=False, label_num_per_class=20, lambda_val=0.01, layers=3, ln=False, local_gnn_type='GCN', local_layers=7, lr=0.01, metric='acc', mlp_epochs=500, mlp_reg=True, model='sgformer', model_dir='./model/', n_heads=1, num_centroids=4096, num_heads=1, oracle_reg=False, pe_types='RWSE', pre_linear=False, pre_ln=False, rand_split=False, rand_split_class=False, reg_start_epoch=10, reg_update_freq=5, res=False, result_dir='mlp_gt/results_full', runs=5, save_model=False, save_result=False, seed=42, test_num=1000, train_prop=0.5, use_act=True, use_bn=True, use_graph=True, use_reg=True, use_residual=True, use_weight=False, valid_num=500, valid_prop=0.25, weight_decay=0.0005)
amazon-ratings
dataset amazon-ratings | num nodes 24492 | num edge 93050 | num node feats 300 | num classes 5
MODEL: SGFormer(
  (trans_conv): TransConv(
    (convs): ModuleList(
      (0): TransConvLayer(
        (Wk): Linear(in_features=256, out_features=256, bias=True)
        (Wq): Linear(in_features=256, out_features=256, bias=True)
      )
      (1): TransConvLayer(
        (Wk): Linear(in_features=256, out_features=256, bias=True)
        (Wq): Linear(in_features=256, out_features=256, bias=True)
      )
      (2): TransConvLayer(
        (Wk): Linear(in_features=256, out_features=256, bias=True)
        (Wq): Linear(in_features=256, out_features=256, bias=True)
      )
    )
    (fcs): ModuleList(
      (0): Linear(in_features=300, out_features=256, bias=True)
    )
    (bns): ModuleList(
      (0): LayerNorm((256,), eps=1e-05, elementwise_affine=True)
      (1): LayerNorm((256,), eps=1e-05, elementwise_affine=True)
      (2): LayerNorm((256,), eps=1e-05, elementwise_affine=True)
      (3): LayerNorm((256,), eps=1e-05, elementwise_affine=True)
    )
  )
  (gnn): GCN(
    (convs): ModuleList(
      (0): GCNConv(300, 256)
      (1): GCNConv(256, 256)
      (2): GCNConv(256, 256)
    )
    (bns): ModuleList(
      (0): BatchNorm1d(256, eps=1e-05, momentum=0.1, affine=True, track_running_stats=True)
      (1): BatchNorm1d(256, eps=1e-05, momentum=0.1, affine=True, track_running_stats=True)
    )
  )
  (fc): Linear(in_features=256, out_features=5, bias=True)
)
Pre-training MLP for 500 epochs to generate co-occurrence matrix...
MLP pre-training complete. Penalty matrix frozen.
Epoch: 00, Loss: 1.6915, Train: 37.03%, Valid: 36.71%, Test: 36.99%, Best Valid: 36.71%, Best Test: 36.99%
Epoch: 100, Loss: 0.9236, Train: 55.34%, Valid: 43.39%, Test: 43.62%, Best Valid: 47.15%, Best Test: 47.12%
Epoch: 200, Loss: 0.7457, Train: 68.99%, Valid: 46.73%, Test: 45.86%, Best Valid: 49.63%, Best Test: 49.60%
Epoch: 300, Loss: 0.5442, Train: 81.70%, Valid: 48.77%, Test: 48.36%, Best Valid: 50.32%, Best Test: 49.52%
Epoch: 400, Loss: 0.4735, Train: 85.90%, Valid: 49.18%, Test: 49.39%, Best Valid: 50.63%, Best Test: 49.99%
Epoch: 500, Loss: 0.4330, Train: 87.25%, Valid: 49.80%, Test: 49.16%, Best Valid: 50.63%, Best Test: 49.99%
Epoch: 600, Loss: 0.3877, Train: 87.38%, Valid: 49.52%, Test: 50.40%, Best Valid: 50.87%, Best Test: 49.37%
Epoch: 700, Loss: 0.4048, Train: 87.20%, Valid: 49.09%, Test: 49.11%, Best Valid: 51.04%, Best Test: 49.42%
Epoch: 800, Loss: 0.3675, Train: 86.13%, Valid: 49.62%, Test: 49.63%, Best Valid: 51.04%, Best Test: 49.42%
Epoch: 900, Loss: 0.6695, Train: 71.58%, Valid: 46.87%, Test: 46.04%, Best Valid: 51.04%, Best Test: 49.42%
Run 01:
Highest Train: 90.41
Highest Valid: 51.04
Highest Test: 50.86
Chosen epoch: 650
Final Train: 87.69
Final Test: 49.42
Pre-training MLP for 500 epochs to generate co-occurrence matrix...
MLP pre-training complete. Penalty matrix frozen.
Epoch: 00, Loss: 3.4096, Train: 34.48%, Valid: 34.33%, Test: 33.28%, Best Valid: 34.33%, Best Test: 33.28%
Epoch: 100, Loss: 1.1063, Train: 50.02%, Valid: 44.08%, Test: 44.88%, Best Valid: 45.34%, Best Test: 45.11%
Epoch: 200, Loss: 0.8763, Train: 61.36%, Valid: 47.41%, Test: 47.00%, Best Valid: 47.43%, Best Test: 47.25%
Epoch: 300, Loss: 0.6545, Train: 70.13%, Valid: 48.13%, Test: 48.78%, Best Valid: 48.13%, Best Test: 48.78%
Epoch: 400, Loss: 0.5542, Train: 79.66%, Valid: 48.62%, Test: 49.76%, Best Valid: 49.52%, Best Test: 49.76%
Epoch: 500, Loss: 0.4938, Train: 84.53%, Valid: 48.55%, Test: 49.27%, Best Valid: 50.07%, Best Test: 49.96%
Epoch: 600, Loss: 0.4591, Train: 84.77%, Valid: 49.14%, Test: 49.62%, Best Valid: 50.32%, Best Test: 50.63%
Epoch: 700, Loss: 0.3936, Train: 80.23%, Valid: 48.69%, Test: 48.36%, Best Valid: 50.32%, Best Test: 50.63%
Epoch: 800, Loss: 0.3799, Train: 79.94%, Valid: 48.28%, Test: 49.26%, Best Valid: 50.32%, Best Test: 50.63%
Epoch: 900, Loss: 0.3596, Train: 83.94%, Valid: 49.06%, Test: 48.59%, Best Valid: 50.32%, Best Test: 50.63%
Run 02:
Highest Train: 89.83
Highest Valid: 50.32
Highest Test: 51.17
Chosen epoch: 570
Final Train: 83.54
Final Test: 50.63
Pre-training MLP for 500 epochs to generate co-occurrence matrix...
MLP pre-training complete. Penalty matrix frozen.
Epoch: 00, Loss: 3.6958, Train: 36.70%, Valid: 36.47%, Test: 36.84%, Best Valid: 36.47%, Best Test: 36.84%
Epoch: 100, Loss: 1.0978, Train: 53.60%, Valid: 45.30%, Test: 45.26%, Best Valid: 45.57%, Best Test: 45.11%
Epoch: 200, Loss: 0.7954, Train: 65.14%, Valid: 45.04%, Test: 46.02%, Best Valid: 48.00%, Best Test: 47.87%
Epoch: 300, Loss: 0.6317, Train: 74.50%, Valid: 49.06%, Test: 49.67%, Best Valid: 49.55%, Best Test: 48.28%
Epoch: 400, Loss: 0.5318, Train: 81.94%, Valid: 48.86%, Test: 48.62%, Best Valid: 50.45%, Best Test: 48.64%
Epoch: 500, Loss: 0.4818, Train: 84.71%, Valid: 50.27%, Test: 49.50%, Best Valid: 50.74%, Best Test: 49.19%
Epoch: 600, Loss: 0.4615, Train: 85.67%, Valid: 49.91%, Test: 49.68%, Best Valid: 51.04%, Best Test: 49.63%
Epoch: 700, Loss: 0.4251, Train: 83.46%, Valid: 49.57%, Test: 49.00%, Best Valid: 51.04%, Best Test: 49.63%
Epoch: 800, Loss: 0.3681, Train: 84.63%, Valid: 49.50%, Test: 49.45%, Best Valid: 51.04%, Best Test: 49.63%
Epoch: 900, Loss: 0.3713, Train: 81.34%, Valid: 49.01%, Test: 47.93%, Best Valid: 51.27%, Best Test: 49.84%
Run 03:
Highest Train: 90.68
Highest Valid: 51.27
Highest Test: 50.66
Chosen epoch: 823
Final Train: 87.62
Final Test: 49.84
Pre-training MLP for 500 epochs to generate co-occurrence matrix...
MLP pre-training complete. Penalty matrix frozen.
Epoch: 00, Loss: 3.1726, Train: 26.91%, Valid: 26.82%, Test: 26.90%, Best Valid: 26.82%, Best Test: 26.90%
Epoch: 100, Loss: 1.1766, Train: 48.43%, Valid: 43.54%, Test: 44.11%, Best Valid: 44.08%, Best Test: 43.83%
Epoch: 200, Loss: 0.8241, Train: 60.61%, Valid: 44.93%, Test: 45.06%, Best Valid: 48.34%, Best Test: 46.92%
Epoch: 300, Loss: 0.6513, Train: 73.21%, Valid: 46.87%, Test: 46.64%, Best Valid: 48.83%, Best Test: 47.77%
Epoch: 400, Loss: 0.5361, Train: 80.64%, Valid: 48.52%, Test: 48.47%, Best Valid: 49.70%, Best Test: 48.20%
Epoch: 500, Loss: 0.4856, Train: 84.77%, Valid: 48.80%, Test: 47.49%, Best Valid: 50.43%, Best Test: 49.00%
Epoch: 600, Loss: 0.4932, Train: 83.69%, Valid: 48.80%, Test: 48.44%, Best Valid: 50.66%, Best Test: 49.47%
Epoch: 700, Loss: 0.4303, Train: 85.74%, Valid: 48.86%, Test: 48.75%, Best Valid: 50.66%, Best Test: 49.47%
Epoch: 800, Loss: 0.3898, Train: 82.46%, Valid: 48.54%, Test: 49.27%, Best Valid: 50.66%, Best Test: 49.47%
Epoch: 900, Loss: 0.3442, Train: 82.51%, Valid: 48.20%, Test: 49.01%, Best Valid: 50.66%, Best Test: 49.47%
Run 04:
Highest Train: 89.72
Highest Valid: 50.66
Highest Test: 50.40
Chosen epoch: 553
Final Train: 85.23
Final Test: 49.47
Pre-training MLP for 500 epochs to generate co-occurrence matrix...
MLP pre-training complete. Penalty matrix frozen.
Epoch: 00, Loss: 3.5140, Train: 36.73%, Valid: 36.67%, Test: 36.37%, Best Valid: 36.67%, Best Test: 36.37%
Epoch: 100, Loss: 1.1597, Train: 50.42%, Valid: 44.46%, Test: 44.73%, Best Valid: 44.78%, Best Test: 43.88%
Epoch: 200, Loss: 0.8360, Train: 63.77%, Valid: 48.15%, Test: 47.49%, Best Valid: 48.16%, Best Test: 46.95%
Epoch: 300, Loss: 0.6673, Train: 69.39%, Valid: 47.92%, Test: 47.49%, Best Valid: 49.60%, Best Test: 48.11%
Epoch: 400, Loss: 0.5612, Train: 79.05%, Valid: 48.86%, Test: 48.57%, Best Valid: 50.06%, Best Test: 49.32%
Epoch: 500, Loss: 0.4971, Train: 83.30%, Valid: 50.40%, Test: 49.06%, Best Valid: 50.60%, Best Test: 49.73%
Epoch: 600, Loss: 0.4500, Train: 81.54%, Valid: 49.83%, Test: 48.72%, Best Valid: 50.73%, Best Test: 50.29%
Epoch: 700, Loss: 0.4709, Train: 81.66%, Valid: 49.40%, Test: 49.32%, Best Valid: 50.91%, Best Test: 49.13%
Epoch: 800, Loss: 0.3591, Train: 77.32%, Valid: 48.21%, Test: 47.30%, Best Valid: 50.91%, Best Test: 49.13%
Epoch: 900, Loss: 0.3360, Train: 79.85%, Valid: 48.73%, Test: 48.03%, Best Valid: 50.91%, Best Test: 49.13%
Run 05:
Highest Train: 89.14
Highest Valid: 50.91
Highest Test: 50.33
Chosen epoch: 601
Final Train: 84.31
Final Test: 49.13
All runs:
Highest Train: 89.96 ± 0.61
Highest Test: 50.68 ± 0.34
Highest Valid: 50.84 ± 0.36
  Final Train: 85.68 ± 1.90
   Final Test: 49.70 ± 0.58
Saving results to mlp_gt/results_full/amazon-ratings/sgformer.csv

Running with MLP-GT Regularization (lambda=0.1)...
Namespace(aggregate='add', alpha=0.5, attention='gcn', beta=-1.0, bn=False, cpu=False, data_dir='../data/', dataset='amazon-ratings', device=0, dim_inner=256, display_step=100, dropout=0.3, epochs=1000, global_dropout=None, global_layers=2, gnn='gcn', graph_weight=0.5, hidden_channels=256, hops=10, in_dropout=0.0, jk=False, label_num_per_class=20, lambda_val=0.1, layers=3, ln=False, local_gnn_type='GCN', local_layers=7, lr=0.01, metric='acc', mlp_epochs=500, mlp_reg=True, model='sgformer', model_dir='./model/', n_heads=1, num_centroids=4096, num_heads=1, oracle_reg=False, pe_types='RWSE', pre_linear=False, pre_ln=False, rand_split=False, rand_split_class=False, reg_start_epoch=10, reg_update_freq=5, res=False, result_dir='mlp_gt/results_full', runs=5, save_model=False, save_result=False, seed=42, test_num=1000, train_prop=0.5, use_act=True, use_bn=True, use_graph=True, use_reg=True, use_residual=True, use_weight=False, valid_num=500, valid_prop=0.25, weight_decay=0.0005)
amazon-ratings
dataset amazon-ratings | num nodes 24492 | num edge 93050 | num node feats 300 | num classes 5
MODEL: SGFormer(
  (trans_conv): TransConv(
    (convs): ModuleList(
      (0): TransConvLayer(
        (Wk): Linear(in_features=256, out_features=256, bias=True)
        (Wq): Linear(in_features=256, out_features=256, bias=True)
      )
      (1): TransConvLayer(
        (Wk): Linear(in_features=256, out_features=256, bias=True)
        (Wq): Linear(in_features=256, out_features=256, bias=True)
      )
      (2): TransConvLayer(
        (Wk): Linear(in_features=256, out_features=256, bias=True)
        (Wq): Linear(in_features=256, out_features=256, bias=True)
      )
    )
    (fcs): ModuleList(
      (0): Linear(in_features=300, out_features=256, bias=True)
    )
    (bns): ModuleList(
      (0): LayerNorm((256,), eps=1e-05, elementwise_affine=True)
      (1): LayerNorm((256,), eps=1e-05, elementwise_affine=True)
      (2): LayerNorm((256,), eps=1e-05, elementwise_affine=True)
      (3): LayerNorm((256,), eps=1e-05, elementwise_affine=True)
    )
  )
  (gnn): GCN(
    (convs): ModuleList(
      (0): GCNConv(300, 256)
      (1): GCNConv(256, 256)
      (2): GCNConv(256, 256)
    )
    (bns): ModuleList(
      (0): BatchNorm1d(256, eps=1e-05, momentum=0.1, affine=True, track_running_stats=True)
      (1): BatchNorm1d(256, eps=1e-05, momentum=0.1, affine=True, track_running_stats=True)
    )
  )
  (fc): Linear(in_features=256, out_features=5, bias=True)
)
Pre-training MLP for 500 epochs to generate co-occurrence matrix...
MLP pre-training complete. Penalty matrix frozen.
Epoch: 00, Loss: 1.8422, Train: 36.88%, Valid: 36.83%, Test: 36.88%, Best Valid: 36.83%, Best Test: 36.88%
Epoch: 100, Loss: 0.9465, Train: 60.64%, Valid: 46.20%, Test: 45.88%, Best Valid: 47.23%, Best Test: 47.23%
Epoch: 200, Loss: 0.6846, Train: 75.76%, Valid: 47.79%, Test: 49.57%, Best Valid: 49.49%, Best Test: 49.45%
Epoch: 300, Loss: 0.5942, Train: 76.78%, Valid: 47.41%, Test: 47.07%, Best Valid: 50.06%, Best Test: 49.84%
Epoch: 400, Loss: 0.4998, Train: 86.03%, Valid: 49.83%, Test: 48.77%, Best Valid: 50.48%, Best Test: 49.50%
Epoch: 500, Loss: 0.4556, Train: 86.55%, Valid: 50.40%, Test: 49.06%, Best Valid: 50.48%, Best Test: 49.50%
Epoch: 600, Loss: 0.4175, Train: 88.08%, Valid: 49.73%, Test: 49.35%, Best Valid: 50.48%, Best Test: 49.50%
Epoch: 700, Loss: 0.4096, Train: 88.31%, Valid: 49.80%, Test: 49.11%, Best Valid: 50.48%, Best Test: 49.50%
Epoch: 800, Loss: 0.3837, Train: 89.77%, Valid: 48.91%, Test: 49.19%, Best Valid: 50.78%, Best Test: 49.71%
Epoch: 900, Loss: 0.4153, Train: 88.22%, Valid: 49.93%, Test: 49.24%, Best Valid: 50.78%, Best Test: 49.71%
Run 01:
Highest Train: 91.87
Highest Valid: 50.78
Highest Test: 50.74
Chosen epoch: 751
Final Train: 87.25
Final Test: 49.71
Pre-training MLP for 500 epochs to generate co-occurrence matrix...
MLP pre-training complete. Penalty matrix frozen.
Epoch: 00, Loss: 3.8676, Train: 36.32%, Valid: 35.96%, Test: 35.23%, Best Valid: 35.96%, Best Test: 35.23%
Epoch: 100, Loss: 1.1712, Train: 51.27%, Valid: 44.18%, Test: 44.83%, Best Valid: 45.22%, Best Test: 46.15%
Epoch: 200, Loss: 0.8966, Train: 64.64%, Valid: 45.71%, Test: 46.53%, Best Valid: 47.72%, Best Test: 47.04%
Epoch: 300, Loss: 0.7337, Train: 69.61%, Valid: 46.79%, Test: 47.77%, Best Valid: 48.20%, Best Test: 49.16%
Epoch: 400, Loss: 0.5821, Train: 79.14%, Valid: 48.36%, Test: 49.62%, Best Valid: 49.44%, Best Test: 49.75%
Epoch: 500, Loss: 0.5970, Train: 79.81%, Valid: 47.84%, Test: 49.18%, Best Valid: 49.62%, Best Test: 49.34%
Epoch: 600, Loss: 0.5484, Train: 80.08%, Valid: 47.43%, Test: 47.84%, Best Valid: 49.96%, Best Test: 50.24%
Epoch: 700, Loss: 0.5632, Train: 75.84%, Valid: 47.23%, Test: 47.41%, Best Valid: 50.27%, Best Test: 50.87%
Epoch: 800, Loss: 0.4470, Train: 79.89%, Valid: 48.13%, Test: 48.67%, Best Valid: 50.27%, Best Test: 50.87%
Epoch: 900, Loss: 0.3681, Train: 78.17%, Valid: 46.27%, Test: 47.05%, Best Valid: 50.27%, Best Test: 50.87%
Run 02:
Highest Train: 88.09
Highest Valid: 50.27
Highest Test: 51.18
Chosen epoch: 646
Final Train: 86.29
Final Test: 50.87
Pre-training MLP for 500 epochs to generate co-occurrence matrix...
MLP pre-training complete. Penalty matrix frozen.
Epoch: 00, Loss: 4.1478, Train: 33.15%, Valid: 32.53%, Test: 32.19%, Best Valid: 32.53%, Best Test: 32.19%
Epoch: 100, Loss: 1.1905, Train: 50.99%, Valid: 44.78%, Test: 44.70%, Best Valid: 45.66%, Best Test: 45.30%
Epoch: 200, Loss: 0.8764, Train: 64.59%, Valid: 47.97%, Test: 46.74%, Best Valid: 48.10%, Best Test: 47.44%
Epoch: 300, Loss: 0.6929, Train: 71.08%, Valid: 48.31%, Test: 47.02%, Best Valid: 48.93%, Best Test: 47.77%
Epoch: 400, Loss: 0.5903, Train: 80.32%, Valid: 48.44%, Test: 48.33%, Best Valid: 49.94%, Best Test: 48.72%
Epoch: 500, Loss: 0.6271, Train: 78.90%, Valid: 49.01%, Test: 48.54%, Best Valid: 50.66%, Best Test: 50.02%
Epoch: 600, Loss: 0.5160, Train: 85.20%, Valid: 50.73%, Test: 49.88%, Best Valid: 51.25%, Best Test: 50.47%
Epoch: 700, Loss: 0.4649, Train: 79.30%, Valid: 48.65%, Test: 48.64%, Best Valid: 51.25%, Best Test: 50.47%
Epoch: 800, Loss: 0.5188, Train: 80.76%, Valid: 49.84%, Test: 49.13%, Best Valid: 51.25%, Best Test: 50.47%
Epoch: 900, Loss: 0.3954, Train: 79.63%, Valid: 48.08%, Test: 47.95%, Best Valid: 51.25%, Best Test: 50.47%
Run 03:
Highest Train: 88.59
Highest Valid: 51.25
Highest Test: 50.47
Chosen epoch: 509
Final Train: 82.35
Final Test: 50.47
Pre-training MLP for 500 epochs to generate co-occurrence matrix...
MLP pre-training complete. Penalty matrix frozen.
Epoch: 00, Loss: 3.2539, Train: 36.78%, Valid: 36.78%, Test: 36.78%, Best Valid: 36.78%, Best Test: 36.78%
Epoch: 100, Loss: 1.1838, Train: 51.07%, Valid: 43.59%, Test: 43.77%, Best Valid: 43.70%, Best Test: 43.54%
Epoch: 200, Loss: 0.8626, Train: 61.76%, Valid: 47.13%, Test: 47.02%, Best Valid: 47.77%, Best Test: 47.07%
Epoch: 300, Loss: 0.6693, Train: 74.38%, Valid: 47.90%, Test: 47.15%, Best Valid: 49.53%, Best Test: 48.24%
Epoch: 400, Loss: 0.6249, Train: 78.88%, Valid: 48.93%, Test: 49.13%, Best Valid: 50.42%, Best Test: 48.82%
Epoch: 500, Loss: 0.5378, Train: 75.29%, Valid: 47.04%, Test: 47.18%, Best Valid: 50.94%, Best Test: 49.01%
Epoch: 600, Loss: 0.4748, Train: 82.67%, Valid: 48.39%, Test: 47.51%, Best Valid: 50.94%, Best Test: 49.01%
Epoch: 700, Loss: 0.3976, Train: 78.61%, Valid: 48.10%, Test: 47.08%, Best Valid: 50.94%, Best Test: 49.01%
Epoch: 800, Loss: 0.3815, Train: 76.68%, Valid: 47.25%, Test: 46.91%, Best Valid: 50.94%, Best Test: 49.01%
Epoch: 900, Loss: 0.3642, Train: 82.30%, Valid: 48.67%, Test: 47.62%, Best Valid: 50.94%, Best Test: 49.01%
Run 04:
Highest Train: 88.62
Highest Valid: 50.94
Highest Test: 49.86
Chosen epoch: 486
Final Train: 83.95
Final Test: 49.01
Pre-training MLP for 500 epochs to generate co-occurrence matrix...
MLP pre-training complete. Penalty matrix frozen.
Epoch: 00, Loss: 3.5180, Train: 36.62%, Valid: 37.38%, Test: 36.42%, Best Valid: 37.38%, Best Test: 36.42%
Epoch: 100, Loss: 1.2373, Train: 49.69%, Valid: 45.09%, Test: 44.15%, Best Valid: 45.09%, Best Test: 44.15%
Epoch: 200, Loss: 0.9214, Train: 63.24%, Valid: 47.33%, Test: 46.99%, Best Valid: 48.10%, Best Test: 46.66%
Epoch: 300, Loss: 0.6932, Train: 72.53%, Valid: 47.69%, Test: 47.54%, Best Valid: 49.35%, Best Test: 47.48%
Epoch: 400, Loss: 0.5837, Train: 79.23%, Valid: 47.12%, Test: 47.77%, Best Valid: 50.12%, Best Test: 48.93%
Epoch: 500, Loss: 0.5251, Train: 84.53%, Valid: 49.04%, Test: 48.59%, Best Valid: 50.55%, Best Test: 49.47%
Epoch: 600, Loss: 0.5658, Train: 73.22%, Valid: 47.31%, Test: 46.68%, Best Valid: 50.78%, Best Test: 49.84%
Epoch: 700, Loss: 0.5454, Train: 74.14%, Valid: 48.75%, Test: 47.89%, Best Valid: 50.82%, Best Test: 49.89%
Epoch: 800, Loss: 0.3947, Train: 81.85%, Valid: 48.98%, Test: 48.62%, Best Valid: 50.82%, Best Test: 49.89%
Epoch: 900, Loss: 0.3698, Train: 83.76%, Valid: 48.34%, Test: 48.55%, Best Valid: 50.82%, Best Test: 49.89%
Run 05:
Highest Train: 91.53
Highest Valid: 50.82
Highest Test: 50.66
Chosen epoch: 641
Final Train: 84.85
Final Test: 49.89
All runs:
Highest Train: 89.74 ± 1.81
Highest Test: 50.58 ± 0.48
Highest Valid: 50.81 ± 0.35
  Final Train: 84.94 ± 1.93
   Final Test: 49.99 ± 0.72
Saving results to mlp_gt/results_full/amazon-ratings/sgformer.csv

Running with MLP-GT Regularization (lambda=0.2)...
Namespace(aggregate='add', alpha=0.5, attention='gcn', beta=-1.0, bn=False, cpu=False, data_dir='../data/', dataset='amazon-ratings', device=0, dim_inner=256, display_step=100, dropout=0.3, epochs=1000, global_dropout=None, global_layers=2, gnn='gcn', graph_weight=0.5, hidden_channels=256, hops=10, in_dropout=0.0, jk=False, label_num_per_class=20, lambda_val=0.2, layers=3, ln=False, local_gnn_type='GCN', local_layers=7, lr=0.01, metric='acc', mlp_epochs=500, mlp_reg=True, model='sgformer', model_dir='./model/', n_heads=1, num_centroids=4096, num_heads=1, oracle_reg=False, pe_types='RWSE', pre_linear=False, pre_ln=False, rand_split=False, rand_split_class=False, reg_start_epoch=10, reg_update_freq=5, res=False, result_dir='mlp_gt/results_full', runs=5, save_model=False, save_result=False, seed=42, test_num=1000, train_prop=0.5, use_act=True, use_bn=True, use_graph=True, use_reg=True, use_residual=True, use_weight=False, valid_num=500, valid_prop=0.25, weight_decay=0.0005)
amazon-ratings
dataset amazon-ratings | num nodes 24492 | num edge 93050 | num node feats 300 | num classes 5
MODEL: SGFormer(
  (trans_conv): TransConv(
    (convs): ModuleList(
      (0): TransConvLayer(
        (Wk): Linear(in_features=256, out_features=256, bias=True)
        (Wq): Linear(in_features=256, out_features=256, bias=True)
      )
      (1): TransConvLayer(
        (Wk): Linear(in_features=256, out_features=256, bias=True)
        (Wq): Linear(in_features=256, out_features=256, bias=True)
      )
      (2): TransConvLayer(
        (Wk): Linear(in_features=256, out_features=256, bias=True)
        (Wq): Linear(in_features=256, out_features=256, bias=True)
      )
    )
    (fcs): ModuleList(
      (0): Linear(in_features=300, out_features=256, bias=True)
    )
    (bns): ModuleList(
      (0): LayerNorm((256,), eps=1e-05, elementwise_affine=True)
      (1): LayerNorm((256,), eps=1e-05, elementwise_affine=True)
      (2): LayerNorm((256,), eps=1e-05, elementwise_affine=True)
      (3): LayerNorm((256,), eps=1e-05, elementwise_affine=True)
    )
  )
  (gnn): GCN(
    (convs): ModuleList(
      (0): GCNConv(300, 256)
      (1): GCNConv(256, 256)
      (2): GCNConv(256, 256)
    )
    (bns): ModuleList(
      (0): BatchNorm1d(256, eps=1e-05, momentum=0.1, affine=True, track_running_stats=True)
      (1): BatchNorm1d(256, eps=1e-05, momentum=0.1, affine=True, track_running_stats=True)
    )
  )
  (fc): Linear(in_features=256, out_features=5, bias=True)
)
Pre-training MLP for 500 epochs to generate co-occurrence matrix...
MLP pre-training complete. Penalty matrix frozen.
Epoch: 00, Loss: 2.0097, Train: 36.88%, Valid: 36.84%, Test: 36.88%, Best Valid: 36.84%, Best Test: 36.88%
Epoch: 100, Loss: 1.0789, Train: 60.25%, Valid: 46.94%, Test: 46.51%, Best Valid: 47.07%, Best Test: 46.81%
Epoch: 200, Loss: 0.7444, Train: 77.31%, Valid: 48.91%, Test: 49.52%, Best Valid: 49.47%, Best Test: 47.98%
Epoch: 300, Loss: 0.6786, Train: 81.63%, Valid: 48.82%, Test: 48.96%, Best Valid: 50.33%, Best Test: 49.44%
Epoch: 400, Loss: 0.5573, Train: 85.69%, Valid: 48.80%, Test: 48.70%, Best Valid: 50.87%, Best Test: 50.42%
Epoch: 500, Loss: 0.5295, Train: 84.79%, Valid: 49.55%, Test: 49.14%, Best Valid: 50.87%, Best Test: 50.42%
Epoch: 600, Loss: 0.4600, Train: 87.42%, Valid: 50.20%, Test: 50.24%, Best Valid: 50.87%, Best Test: 50.42%
Epoch: 700, Loss: 0.4501, Train: 86.03%, Valid: 49.58%, Test: 48.67%, Best Valid: 50.87%, Best Test: 50.42%
Epoch: 800, Loss: 0.4302, Train: 89.02%, Valid: 49.80%, Test: 49.08%, Best Valid: 50.87%, Best Test: 50.42%
Epoch: 900, Loss: 0.4360, Train: 89.38%, Valid: 49.29%, Test: 49.03%, Best Valid: 51.00%, Best Test: 50.20%
Run 01:
Highest Train: 91.57
Highest Valid: 51.00
Highest Test: 50.47
Chosen epoch: 882
Final Train: 89.71
Final Test: 50.20
Pre-training MLP for 500 epochs to generate co-occurrence matrix...
MLP pre-training complete. Penalty matrix frozen.
Epoch: 00, Loss: 4.1975, Train: 36.80%, Valid: 36.73%, Test: 36.73%, Best Valid: 36.73%, Best Test: 36.73%
Epoch: 100, Loss: 1.2597, Train: 51.99%, Valid: 44.46%, Test: 44.68%, Best Valid: 45.55%, Best Test: 45.78%
Epoch: 200, Loss: 1.0034, Train: 63.09%, Valid: 46.61%, Test: 46.22%, Best Valid: 47.56%, Best Test: 47.20%
Epoch: 300, Loss: 0.7740, Train: 70.10%, Valid: 45.66%, Test: 46.43%, Best Valid: 48.85%, Best Test: 48.59%
Epoch: 400, Loss: 0.6592, Train: 77.33%, Valid: 48.52%, Test: 48.65%, Best Valid: 48.95%, Best Test: 49.80%
Epoch: 500, Loss: 0.5921, Train: 81.40%, Valid: 48.15%, Test: 48.47%, Best Valid: 49.78%, Best Test: 49.70%
Epoch: 600, Loss: 0.5570, Train: 82.25%, Valid: 48.77%, Test: 48.34%, Best Valid: 50.48%, Best Test: 49.27%
Epoch: 700, Loss: 0.4947, Train: 83.37%, Valid: 49.86%, Test: 50.07%, Best Valid: 50.48%, Best Test: 49.27%
Epoch: 800, Loss: 0.4934, Train: 81.01%, Valid: 48.36%, Test: 48.95%, Best Valid: 50.48%, Best Test: 49.27%
Epoch: 900, Loss: 0.4830, Train: 71.82%, Valid: 46.07%, Test: 47.17%, Best Valid: 50.48%, Best Test: 49.27%
Run 02:
Highest Train: 88.23
Highest Valid: 50.48
Highest Test: 50.91
Chosen epoch: 515
Final Train: 80.61
Final Test: 49.27
Pre-training MLP for 500 epochs to generate co-occurrence matrix...
MLP pre-training complete. Penalty matrix frozen.
Epoch: 00, Loss: 4.1925, Train: 36.76%, Valid: 36.75%, Test: 36.93%, Best Valid: 36.75%, Best Test: 36.93%
Epoch: 100, Loss: 1.2525, Train: 54.96%, Valid: 45.60%, Test: 46.40%, Best Valid: 46.55%, Best Test: 45.99%
Epoch: 200, Loss: 0.9728, Train: 62.22%, Valid: 48.16%, Test: 47.51%, Best Valid: 48.16%, Best Test: 47.51%
Epoch: 300, Loss: 0.7551, Train: 70.93%, Valid: 48.64%, Test: 48.72%, Best Valid: 49.35%, Best Test: 48.86%
Epoch: 400, Loss: 0.6708, Train: 74.96%, Valid: 47.26%, Test: 46.35%, Best Valid: 50.32%, Best Test: 49.01%
Epoch: 500, Loss: 0.5722, Train: 84.57%, Valid: 50.14%, Test: 47.95%, Best Valid: 50.92%, Best Test: 50.38%
Epoch: 600, Loss: 0.5388, Train: 83.48%, Valid: 49.63%, Test: 49.50%, Best Valid: 51.18%, Best Test: 49.81%
Epoch: 700, Loss: 0.4975, Train: 81.56%, Valid: 49.24%, Test: 49.50%, Best Valid: 51.18%, Best Test: 49.81%
Epoch: 800, Loss: 0.4839, Train: 74.02%, Valid: 47.53%, Test: 47.46%, Best Valid: 51.18%, Best Test: 49.81%
Epoch: 900, Loss: 0.4029, Train: 78.66%, Valid: 47.41%, Test: 48.13%, Best Valid: 51.18%, Best Test: 49.81%
Run 03:
Highest Train: 90.27
Highest Valid: 51.18
Highest Test: 50.74
Chosen epoch: 517
Final Train: 84.73
Final Test: 49.81
Pre-training MLP for 500 epochs to generate co-occurrence matrix...
MLP pre-training complete. Penalty matrix frozen.
Epoch: 00, Loss: 3.8087, Train: 36.87%, Valid: 36.84%, Test: 36.80%, Best Valid: 36.84%, Best Test: 36.80%
Epoch: 100, Loss: 1.3292, Train: 51.42%, Valid: 44.55%, Test: 44.63%, Best Valid: 45.60%, Best Test: 45.53%
Epoch: 200, Loss: 0.9462, Train: 64.69%, Valid: 47.87%, Test: 47.10%, Best Valid: 47.87%, Best Test: 47.10%
Epoch: 300, Loss: 0.7441, Train: 73.31%, Valid: 48.88%, Test: 48.51%, Best Valid: 49.03%, Best Test: 49.03%
Epoch: 400, Loss: 0.6548, Train: 79.58%, Valid: 50.07%, Test: 48.90%, Best Valid: 50.61%, Best Test: 49.39%
Epoch: 500, Loss: 0.5697, Train: 84.75%, Valid: 50.17%, Test: 49.67%, Best Valid: 50.61%, Best Test: 49.39%
Epoch: 600, Loss: 0.5296, Train: 85.16%, Valid: 50.63%, Test: 50.04%, Best Valid: 51.45%, Best Test: 49.94%
Epoch: 700, Loss: 0.4646, Train: 73.90%, Valid: 48.23%, Test: 46.82%, Best Valid: 51.45%, Best Test: 49.94%
Epoch: 800, Loss: 0.4458, Train: 76.47%, Valid: 47.25%, Test: 47.25%, Best Valid: 51.45%, Best Test: 49.94%
Epoch: 900, Loss: 0.4849, Train: 73.98%, Valid: 45.83%, Test: 46.22%, Best Valid: 51.45%, Best Test: 49.94%
Run 04:
Highest Train: 87.47
Highest Valid: 51.45
Highest Test: 50.37
Chosen epoch: 596
Final Train: 82.72
Final Test: 49.94
Pre-training MLP for 500 epochs to generate co-occurrence matrix...
MLP pre-training complete. Penalty matrix frozen.
Epoch: 00, Loss: 4.7303, Train: 36.92%, Valid: 36.63%, Test: 36.52%, Best Valid: 36.63%, Best Test: 36.52%
Epoch: 100, Loss: 1.3197, Train: 54.18%, Valid: 45.86%, Test: 45.39%, Best Valid: 45.86%, Best Test: 45.39%
Epoch: 200, Loss: 0.9573, Train: 62.55%, Valid: 46.20%, Test: 45.58%, Best Valid: 47.56%, Best Test: 47.12%
Epoch: 300, Loss: 0.7881, Train: 68.38%, Valid: 46.48%, Test: 45.75%, Best Valid: 48.59%, Best Test: 47.31%
Epoch: 400, Loss: 0.6872, Train: 76.05%, Valid: 49.35%, Test: 48.42%, Best Valid: 49.44%, Best Test: 48.29%
Epoch: 500, Loss: 0.7016, Train: 68.27%, Valid: 42.23%, Test: 42.41%, Best Valid: 50.24%, Best Test: 48.60%
Epoch: 600, Loss: 0.5445, Train: 78.12%, Valid: 48.51%, Test: 48.20%, Best Valid: 50.24%, Best Test: 48.60%
Epoch: 700, Loss: 0.4673, Train: 70.02%, Valid: 46.55%, Test: 47.07%, Best Valid: 50.30%, Best Test: 50.27%
Epoch: 800, Loss: 0.4252, Train: 71.07%, Valid: 46.02%, Test: 45.45%, Best Valid: 50.30%, Best Test: 50.27%
Epoch: 900, Loss: 0.3707, Train: 73.58%, Valid: 46.61%, Test: 46.28%, Best Valid: 50.30%, Best Test: 50.27%
Run 05:
Highest Train: 87.17
Highest Valid: 50.30
Highest Test: 50.27
Chosen epoch: 606
Final Train: 86.20
Final Test: 50.27
All runs:
Highest Train: 88.94 ± 1.90
Highest Test: 50.55 ± 0.27
Highest Valid: 50.88 ± 0.48
  Final Train: 84.79 ± 3.46
   Final Test: 49.90 ± 0.40
Saving results to mlp_gt/results_full/amazon-ratings/sgformer.csv

Running with MLP-GT Regularization (lambda=0.4)...
Namespace(aggregate='add', alpha=0.5, attention='gcn', beta=-1.0, bn=False, cpu=False, data_dir='../data/', dataset='amazon-ratings', device=0, dim_inner=256, display_step=100, dropout=0.3, epochs=1000, global_dropout=None, global_layers=2, gnn='gcn', graph_weight=0.5, hidden_channels=256, hops=10, in_dropout=0.0, jk=False, label_num_per_class=20, lambda_val=0.4, layers=3, ln=False, local_gnn_type='GCN', local_layers=7, lr=0.01, metric='acc', mlp_epochs=500, mlp_reg=True, model='sgformer', model_dir='./model/', n_heads=1, num_centroids=4096, num_heads=1, oracle_reg=False, pe_types='RWSE', pre_linear=False, pre_ln=False, rand_split=False, rand_split_class=False, reg_start_epoch=10, reg_update_freq=5, res=False, result_dir='mlp_gt/results_full', runs=5, save_model=False, save_result=False, seed=42, test_num=1000, train_prop=0.5, use_act=True, use_bn=True, use_graph=True, use_reg=True, use_residual=True, use_weight=False, valid_num=500, valid_prop=0.25, weight_decay=0.0005)
amazon-ratings
dataset amazon-ratings | num nodes 24492 | num edge 93050 | num node feats 300 | num classes 5
MODEL: SGFormer(
  (trans_conv): TransConv(
    (convs): ModuleList(
      (0): TransConvLayer(
        (Wk): Linear(in_features=256, out_features=256, bias=True)
        (Wq): Linear(in_features=256, out_features=256, bias=True)
      )
      (1): TransConvLayer(
        (Wk): Linear(in_features=256, out_features=256, bias=True)
        (Wq): Linear(in_features=256, out_features=256, bias=True)
      )
      (2): TransConvLayer(
        (Wk): Linear(in_features=256, out_features=256, bias=True)
        (Wq): Linear(in_features=256, out_features=256, bias=True)
      )
    )
    (fcs): ModuleList(
      (0): Linear(in_features=300, out_features=256, bias=True)
    )
    (bns): ModuleList(
      (0): LayerNorm((256,), eps=1e-05, elementwise_affine=True)
      (1): LayerNorm((256,), eps=1e-05, elementwise_affine=True)
      (2): LayerNorm((256,), eps=1e-05, elementwise_affine=True)
      (3): LayerNorm((256,), eps=1e-05, elementwise_affine=True)
    )
  )
  (gnn): GCN(
    (convs): ModuleList(
      (0): GCNConv(300, 256)
      (1): GCNConv(256, 256)
      (2): GCNConv(256, 256)
    )
    (bns): ModuleList(
      (0): BatchNorm1d(256, eps=1e-05, momentum=0.1, affine=True, track_running_stats=True)
      (1): BatchNorm1d(256, eps=1e-05, momentum=0.1, affine=True, track_running_stats=True)
    )
  )
  (fc): Linear(in_features=256, out_features=5, bias=True)
)
Pre-training MLP for 500 epochs to generate co-occurrence matrix...
MLP pre-training complete. Penalty matrix frozen.
Epoch: 00, Loss: 2.3446, Train: 36.79%, Valid: 36.76%, Test: 36.81%, Best Valid: 36.76%, Best Test: 36.81%
Epoch: 100, Loss: 1.2071, Train: 61.33%, Valid: 46.76%, Test: 46.95%, Best Valid: 46.99%, Best Test: 46.86%
Epoch: 200, Loss: 0.8734, Train: 75.03%, Valid: 48.70%, Test: 48.54%, Best Valid: 49.53%, Best Test: 49.29%
Epoch: 300, Loss: 0.7361, Train: 82.39%, Valid: 49.29%, Test: 49.55%, Best Valid: 50.48%, Best Test: 49.24%
Epoch: 400, Loss: 0.6598, Train: 83.01%, Valid: 48.08%, Test: 48.21%, Best Valid: 50.48%, Best Test: 49.24%
Epoch: 500, Loss: 0.5991, Train: 86.71%, Valid: 49.76%, Test: 49.89%, Best Valid: 50.61%, Best Test: 50.09%
Epoch: 600, Loss: 0.6217, Train: 83.77%, Valid: 49.78%, Test: 50.37%, Best Valid: 51.38%, Best Test: 50.47%
Epoch: 700, Loss: 0.5449, Train: 89.47%, Valid: 50.35%, Test: 50.16%, Best Valid: 51.38%, Best Test: 50.47%
Epoch: 800, Loss: 0.5049, Train: 89.19%, Valid: 50.16%, Test: 50.25%, Best Valid: 51.38%, Best Test: 50.47%
Epoch: 900, Loss: 0.5319, Train: 88.82%, Valid: 50.66%, Test: 50.86%, Best Valid: 51.38%, Best Test: 50.47%
Run 01:
Highest Train: 92.10
Highest Valid: 51.38
Highest Test: 50.97
Chosen epoch: 507
Final Train: 87.97
Final Test: 50.47
Pre-training MLP for 500 epochs to generate co-occurrence matrix...
MLP pre-training complete. Penalty matrix frozen.
Epoch: 00, Loss: 4.8003, Train: 36.82%, Valid: 36.83%, Test: 36.63%, Best Valid: 36.83%, Best Test: 36.63%
Epoch: 100, Loss: 1.4701, Train: 54.08%, Valid: 45.52%, Test: 45.61%, Best Valid: 45.84%, Best Test: 45.78%
Epoch: 200, Loss: 1.1037, Train: 62.57%, Valid: 47.40%, Test: 47.05%, Best Valid: 47.89%, Best Test: 46.69%
Epoch: 300, Loss: 0.9074, Train: 68.11%, Valid: 47.69%, Test: 47.49%, Best Valid: 48.26%, Best Test: 48.16%
Epoch: 400, Loss: 0.7889, Train: 76.78%, Valid: 48.21%, Test: 49.31%, Best Valid: 49.34%, Best Test: 50.02%
Epoch: 500, Loss: 0.6964, Train: 80.97%, Valid: 48.59%, Test: 49.19%, Best Valid: 50.14%, Best Test: 50.07%
Epoch: 600, Loss: 0.6809, Train: 78.18%, Valid: 48.57%, Test: 49.35%, Best Valid: 50.25%, Best Test: 50.82%
Epoch: 700, Loss: 0.6465, Train: 82.54%, Valid: 48.44%, Test: 49.93%, Best Valid: 50.25%, Best Test: 50.82%
Epoch: 800, Loss: 0.5451, Train: 81.32%, Valid: 48.82%, Test: 48.49%, Best Valid: 50.25%, Best Test: 50.82%
Epoch: 900, Loss: 0.5605, Train: 76.49%, Valid: 48.44%, Test: 47.51%, Best Valid: 50.29%, Best Test: 50.32%
Run 02:
Highest Train: 87.84
Highest Valid: 50.29
Highest Test: 51.15
Chosen epoch: 899
Final Train: 87.15
Final Test: 50.32
Pre-training MLP for 500 epochs to generate co-occurrence matrix...
MLP pre-training complete. Penalty matrix frozen.
Epoch: 00, Loss: 5.8414, Train: 36.81%, Valid: 36.78%, Test: 36.83%, Best Valid: 36.78%, Best Test: 36.83%
Epoch: 100, Loss: 1.4886, Train: 52.69%, Valid: 45.22%, Test: 44.75%, Best Valid: 46.14%, Best Test: 45.21%
Epoch: 200, Loss: 1.0940, Train: 63.17%, Valid: 47.75%, Test: 47.85%, Best Valid: 48.28%, Best Test: 47.71%
Epoch: 300, Loss: 0.8849, Train: 70.91%, Valid: 48.72%, Test: 47.82%, Best Valid: 49.14%, Best Test: 48.59%
Epoch: 400, Loss: 0.7767, Train: 77.67%, Valid: 49.86%, Test: 48.88%, Best Valid: 50.56%, Best Test: 49.40%
Epoch: 500, Loss: 0.6943, Train: 81.60%, Valid: 50.20%, Test: 48.96%, Best Valid: 51.14%, Best Test: 49.22%
Epoch: 600, Loss: 0.6444, Train: 83.95%, Valid: 50.47%, Test: 50.22%, Best Valid: 51.45%, Best Test: 50.40%
Epoch: 700, Loss: 0.5855, Train: 83.82%, Valid: 50.48%, Test: 49.37%, Best Valid: 51.74%, Best Test: 50.12%
Epoch: 800, Loss: 0.5205, Train: 79.48%, Valid: 49.19%, Test: 48.28%, Best Valid: 51.84%, Best Test: 50.20%
Epoch: 900, Loss: 0.5268, Train: 80.43%, Valid: 48.02%, Test: 49.00%, Best Valid: 51.84%, Best Test: 50.20%
Run 03:
Highest Train: 88.63
Highest Valid: 51.84
Highest Test: 50.97
Chosen epoch: 701
Final Train: 86.57
Final Test: 50.20
Pre-training MLP for 500 epochs to generate co-occurrence matrix...
MLP pre-training complete. Penalty matrix frozen.
Epoch: 00, Loss: 4.5606, Train: 36.79%, Valid: 36.76%, Test: 36.80%, Best Valid: 36.76%, Best Test: 36.80%
Epoch: 100, Loss: 1.5122, Train: 49.54%, Valid: 43.77%, Test: 43.23%, Best Valid: 45.89%, Best Test: 44.42%
Epoch: 200, Loss: 1.0854, Train: 62.80%, Valid: 45.53%, Test: 44.28%, Best Valid: 47.89%, Best Test: 46.74%
Epoch: 300, Loss: 0.8690, Train: 73.06%, Valid: 48.39%, Test: 47.31%, Best Valid: 49.11%, Best Test: 47.44%
Epoch: 400, Loss: 0.7265, Train: 80.93%, Valid: 50.27%, Test: 48.83%, Best Valid: 50.27%, Best Test: 48.83%
Epoch: 500, Loss: 0.6690, Train: 83.68%, Valid: 50.45%, Test: 49.29%, Best Valid: 50.92%, Best Test: 48.67%
Epoch: 600, Loss: 0.6800, Train: 84.50%, Valid: 49.58%, Test: 49.24%, Best Valid: 50.92%, Best Test: 48.67%
Epoch: 700, Loss: 0.5553, Train: 75.70%, Valid: 47.92%, Test: 47.07%, Best Valid: 50.92%, Best Test: 48.67%
Epoch: 800, Loss: 0.4792, Train: 78.25%, Valid: 48.18%, Test: 47.44%, Best Valid: 50.92%, Best Test: 48.67%
Epoch: 900, Loss: 0.4550, Train: 77.02%, Valid: 47.10%, Test: 46.17%, Best Valid: 50.92%, Best Test: 48.67%
Run 04:
Highest Train: 88.09
Highest Valid: 50.92
Highest Test: 50.06
Chosen epoch: 499
Final Train: 82.89
Final Test: 48.67
Pre-training MLP for 500 epochs to generate co-occurrence matrix...
MLP pre-training complete. Penalty matrix frozen.
Epoch: 00, Loss: 6.1109, Train: 36.87%, Valid: 36.73%, Test: 36.45%, Best Valid: 36.73%, Best Test: 36.45%
Epoch: 100, Loss: 1.4879, Train: 50.42%, Valid: 44.46%, Test: 44.18%, Best Valid: 45.79%, Best Test: 46.24%
Epoch: 200, Loss: 1.1198, Train: 65.48%, Valid: 46.81%, Test: 46.68%, Best Valid: 47.57%, Best Test: 46.04%
Epoch: 300, Loss: 0.9642, Train: 69.23%, Valid: 47.62%, Test: 46.97%, Best Valid: 49.08%, Best Test: 48.60%
Epoch: 400, Loss: 0.7764, Train: 78.53%, Valid: 49.29%, Test: 49.37%, Best Valid: 49.71%, Best Test: 49.86%
Epoch: 500, Loss: 0.7033, Train: 82.12%, Valid: 48.75%, Test: 49.24%, Best Valid: 50.82%, Best Test: 50.56%
Epoch: 600, Loss: 0.6603, Train: 83.11%, Valid: 49.91%, Test: 50.16%, Best Valid: 51.22%, Best Test: 50.58%
Epoch: 700, Loss: 0.6194, Train: 76.44%, Valid: 47.61%, Test: 47.64%, Best Valid: 51.22%, Best Test: 50.58%
Epoch: 800, Loss: 0.6648, Train: 81.98%, Valid: 49.31%, Test: 49.29%, Best Valid: 51.22%, Best Test: 50.58%
Epoch: 900, Loss: 0.4568, Train: 72.58%, Valid: 45.93%, Test: 46.28%, Best Valid: 51.22%, Best Test: 50.58%
Run 05:
Highest Train: 88.67
Highest Valid: 51.22
Highest Test: 50.96
Chosen epoch: 586
Final Train: 85.81
Final Test: 50.58
All runs:
Highest Train: 89.07 ± 1.73
Highest Test: 50.82 ± 0.43
Highest Valid: 51.13 ± 0.58
  Final Train: 86.08 ± 1.95
   Final Test: 50.05 ± 0.78
Saving results to mlp_gt/results_full/amazon-ratings/sgformer.csv

GT sweep completed!
==========================================================
Task 31 (sgformer / amazon-ratings) completed at: Tue Apr 28 09:03:42 AM EDT 2026
==========================================================
