==========================================================
MLP-GT Missing Tasks | Task 1
Job: 1014050 | Date: Wed Apr 29 12:18:41 AM EDT 2026 | Host: n0001
==========================================================
Wed Apr 29 00:18:45 2026       
+-----------------------------------------------------------------------------------------+
| NVIDIA-SMI 570.211.01             Driver Version: 570.211.01     CUDA Version: 12.8     |
|-----------------------------------------+------------------------+----------------------+
| GPU  Name                 Persistence-M | Bus-Id          Disp.A | Volatile Uncorr. ECC |
| Fan  Temp   Perf          Pwr:Usage/Cap |           Memory-Usage | GPU-Util  Compute M. |
|                                         |                        |               MIG M. |
|=========================================+========================+======================|
|   0  NVIDIA A100-SXM4-80GB          On  |   00000000:01:00.0 Off |                   On |
| N/A   32C    P0            110W /  500W |    2208MiB /  81920MiB |     N/A      Default |
|                                         |                        |              Enabled |
+-----------------------------------------+------------------------+----------------------+
|   1  NVIDIA A100-SXM4-80GB          On  |   00000000:41:00.0 Off |                   On |
| N/A   37C    P0            156W /  500W |    3651MiB /  81920MiB |     N/A      Default |
|                                         |                        |              Enabled |
+-----------------------------------------+------------------------+----------------------+
|   2  NVIDIA A100-SXM4-80GB          On  |   00000000:81:00.0 Off |                   On |
| N/A   30C    P0             49W /  500W |     185MiB /  81920MiB |     N/A      Default |
|                                         |                        |              Enabled |
+-----------------------------------------+------------------------+----------------------+
|   3  NVIDIA A100-SXM4-80GB          On  |   00000000:C1:00.0 Off |                   On |
| N/A   25C    P0             49W /  500W |     185MiB /  81920MiB |     N/A      Default |
|                                         |                        |              Enabled |
+-----------------------------------------+------------------------+----------------------+

+-----------------------------------------------------------------------------------------+
| MIG devices:                                                                            |
+------------------+----------------------------------+-----------+-----------------------+
| GPU  GI  CI  MIG |                     Memory-Usage |        Vol|        Shared         |
|      ID  ID  Dev |                       BAR1-Usage | SM     Unc| CE ENC  DEC  OFA  JPG |
|                  |                                  |        ECC|                       |
|==================+==================================+===========+=======================|
|  3    5   0   0  |              53MiB / 19968MiB    | 28      0 |  2   0    1    0    0 |
|                  |                 0MiB / 32767MiB  |           |                       |
+------------------+----------------------------------+-----------+-----------------------+
                                                                                         
+-----------------------------------------------------------------------------------------+
| Processes:                                                                              |
|  GPU   GI   CI              PID   Type   Process name                        GPU Memory |
|        ID   ID                                                               Usage      |
|=========================================================================================|
|    0   13    0          1005700      C   .../geller/tb439/env7/bin/python       1016MiB |
|    0    5    0          1024313      C   python                                  452MiB |
|    0    1    0          1024406      C   python                                  540MiB |
|    1    1    0          1021475      C   python                                 3460MiB |
+-----------------------------------------------------------------------------------------+
1.12.1
True
NVIDIA A100-SXM4-80GB MIG 2g.20gb
Model: polynormer | Dataset: squirrel
==========================================================
Starting mlp_gt GT Sweep for:
python main.py --model polynormer --dataset squirrel         --hidden_channels 128 --local_layers 2 --global_layers 2 --num_heads 4 --lr 0.01 --weight_decay 5e-4 --dropout 0.3 --epochs 1000         --runs 5 --device 0         
Result dir: mlp_gt/results_full
==========================================================
Running GT Baseline (no reg)...
Namespace(aggregate='add', alpha=0.5, attention='gcn', beta=-1.0, bn=False, cpu=False, data_dir='../data/', dataset='squirrel', device=0, dim_inner=128, display_step=100, dropout=0.3, epochs=1000, global_dropout=None, global_layers=2, gnn='gcn', graph_weight=0.8, hidden_channels=128, hops=10, in_dropout=0.0, jk=False, label_num_per_class=20, lambda_val=0.5, layers=1, ln=False, local_gnn_type='GCN', local_layers=2, lr=0.01, metric='acc', mlp_epochs=500, mlp_reg=False, model='polynormer', model_dir='./model/', n_heads=4, num_centroids=4096, num_heads=4, oracle_reg=False, pe_types='RWSE', pre_linear=False, pre_ln=False, rand_split=False, rand_split_class=False, reg_start_epoch=10, reg_update_freq=5, res=False, result_dir='mlp_gt/results_full', runs=5, save_model=False, save_result=False, seed=42, test_num=1000, train_prop=0.5, use_act=False, use_bn=False, use_graph=False, use_reg=False, use_residual=False, use_weight=False, valid_num=500, valid_prop=0.25, weight_decay=0.0005)
squirrel
dataset squirrel | num nodes 2223 | num edge 46998 | num node feats 2089 | num classes 5
MODEL: Polynormer(
  (h_lins): ModuleList(
    (0): Linear(in_features=512, out_features=512, bias=True)
    (1): Linear(in_features=512, out_features=512, bias=True)
  )
  (local_convs): ModuleList(
    (0): GATConv(512, 128, heads=4)
    (1): GATConv(512, 128, heads=4)
  )
  (lins): ModuleList(
    (0): Linear(in_features=512, out_features=512, bias=True)
    (1): Linear(in_features=512, out_features=512, bias=True)
  )
  (lns): ModuleList(
    (0): LayerNorm((512,), eps=1e-05, elementwise_affine=True)
    (1): LayerNorm((512,), eps=1e-05, elementwise_affine=True)
  )
  (lin_in): Linear(in_features=2089, out_features=512, bias=True)
  (ln): LayerNorm((512,), eps=1e-05, elementwise_affine=True)
  (global_attn): GlobalAttn(
    (h_lins): ModuleList(
      (0): Linear(in_features=512, out_features=512, bias=True)
      (1): Linear(in_features=512, out_features=512, bias=True)
    )
    (k_lins): ModuleList(
      (0): Linear(in_features=512, out_features=512, bias=True)
      (1): Linear(in_features=512, out_features=512, bias=True)
    )
    (v_lins): ModuleList(
      (0): Linear(in_features=512, out_features=512, bias=True)
      (1): Linear(in_features=512, out_features=512, bias=True)
    )
    (lns): ModuleList(
      (0): LayerNorm((512,), eps=1e-05, elementwise_affine=True)
      (1): LayerNorm((512,), eps=1e-05, elementwise_affine=True)
    )
    (lin_out): Linear(in_features=512, out_features=512, bias=True)
  )
  (pred_local): Linear(in_features=512, out_features=5, bias=True)
  (pred_global): Linear(in_features=512, out_features=5, bias=True)
)
Epoch: 00, Loss: 1.6577, Train: 32.95%, Valid: 35.10%, Test: 34.73%, Best Valid: 35.10%, Best Test: 34.73%
Epoch: 100, Loss: 0.0533, Train: 99.24%, Valid: 30.64%, Test: 34.29%, Best Valid: 40.39%, Best Test: 38.94%
Epoch: 200, Loss: 0.0329, Train: 99.91%, Valid: 33.01%, Test: 32.30%, Best Valid: 40.39%, Best Test: 38.94%
Epoch: 300, Loss: 0.0190, Train: 99.91%, Valid: 31.34%, Test: 33.41%, Best Valid: 40.39%, Best Test: 38.94%
Epoch: 400, Loss: 0.0132, Train: 99.91%, Valid: 31.75%, Test: 34.73%, Best Valid: 40.39%, Best Test: 38.94%
Epoch: 500, Loss: 0.0322, Train: 100.00%, Valid: 34.82%, Test: 32.74%, Best Valid: 40.39%, Best Test: 38.94%
Epoch: 600, Loss: 0.0148, Train: 99.91%, Valid: 33.98%, Test: 30.31%, Best Valid: 40.39%, Best Test: 38.94%
Epoch: 700, Loss: 0.0315, Train: 100.00%, Valid: 33.43%, Test: 32.74%, Best Valid: 40.39%, Best Test: 38.94%
Epoch: 800, Loss: 0.0334, Train: 99.91%, Valid: 31.75%, Test: 31.64%, Best Valid: 40.39%, Best Test: 38.94%
Epoch: 900, Loss: 0.0241, Train: 100.00%, Valid: 33.15%, Test: 32.52%, Best Valid: 40.39%, Best Test: 38.94%
Run 01:
Highest Train: 100.00
Highest Valid: 40.39
Highest Test: 41.15
Chosen epoch: 15
Final Train: 48.43
Final Test: 38.94
Epoch: 00, Loss: 1.6556, Train: 32.22%, Valid: 35.57%, Test: 35.89%, Best Valid: 35.57%, Best Test: 35.89%
Epoch: 100, Loss: 0.0530, Train: 99.26%, Valid: 30.71%, Test: 34.31%, Best Valid: 39.29%, Best Test: 40.18%
Epoch: 200, Loss: 0.0237, Train: 99.81%, Valid: 32.57%, Test: 32.05%, Best Valid: 39.29%, Best Test: 40.18%
Epoch: 300, Loss: 0.0164, Train: 99.91%, Valid: 32.57%, Test: 34.99%, Best Valid: 39.29%, Best Test: 40.18%
Epoch: 400, Loss: 0.0291, Train: 99.81%, Valid: 31.29%, Test: 34.31%, Best Valid: 39.29%, Best Test: 40.18%
Epoch: 500, Loss: 0.0122, Train: 99.91%, Valid: 31.14%, Test: 36.57%, Best Valid: 39.29%, Best Test: 40.18%
Epoch: 600, Loss: 0.0241, Train: 100.00%, Valid: 30.71%, Test: 35.44%, Best Valid: 39.29%, Best Test: 40.18%
Epoch: 700, Loss: 0.0329, Train: 100.00%, Valid: 30.71%, Test: 32.51%, Best Valid: 39.29%, Best Test: 40.18%
Epoch: 800, Loss: 0.0448, Train: 100.00%, Valid: 31.43%, Test: 33.63%, Best Valid: 39.29%, Best Test: 40.18%
Epoch: 900, Loss: 0.0234, Train: 99.63%, Valid: 30.86%, Test: 31.60%, Best Valid: 39.29%, Best Test: 40.18%
Run 02:
Highest Train: 100.00
Highest Valid: 39.29
Highest Test: 42.44
Chosen epoch: 14
Final Train: 39.91
Final Test: 40.18
Epoch: 00, Loss: 1.6406, Train: 33.62%, Valid: 33.20%, Test: 37.11%, Best Valid: 33.20%, Best Test: 37.11%
Epoch: 100, Loss: 0.0635, Train: 99.62%, Valid: 35.12%, Test: 31.11%, Best Valid: 40.63%, Best Test: 40.00%
Epoch: 200, Loss: 0.0215, Train: 100.00%, Valid: 33.61%, Test: 33.33%, Best Valid: 40.63%, Best Test: 40.00%
Epoch: 300, Loss: 0.0429, Train: 100.00%, Valid: 33.61%, Test: 33.33%, Best Valid: 40.63%, Best Test: 40.00%
Epoch: 400, Loss: 0.0181, Train: 100.00%, Valid: 34.30%, Test: 31.11%, Best Valid: 40.63%, Best Test: 40.00%
Epoch: 500, Loss: 0.0166, Train: 100.00%, Valid: 33.33%, Test: 30.22%, Best Valid: 40.63%, Best Test: 40.00%
Epoch: 600, Loss: 0.0284, Train: 99.90%, Valid: 31.82%, Test: 31.56%, Best Valid: 40.63%, Best Test: 40.00%
Epoch: 700, Loss: 0.0229, Train: 100.00%, Valid: 34.44%, Test: 32.89%, Best Valid: 40.63%, Best Test: 40.00%
Epoch: 800, Loss: 0.0369, Train: 100.00%, Valid: 35.26%, Test: 32.89%, Best Valid: 40.63%, Best Test: 40.00%
Epoch: 900, Loss: 0.0306, Train: 100.00%, Valid: 36.78%, Test: 34.00%, Best Valid: 40.63%, Best Test: 40.00%
Run 03:
Highest Train: 100.00
Highest Valid: 40.63
Highest Test: 42.44
Chosen epoch: 18
Final Train: 71.73
Final Test: 40.00
Epoch: 00, Loss: 1.6394, Train: 33.40%, Valid: 34.08%, Test: 35.56%, Best Valid: 34.08%, Best Test: 35.56%
Epoch: 100, Loss: 0.0322, Train: 99.53%, Valid: 29.17%, Test: 31.56%, Best Valid: 38.01%, Best Test: 36.00%
Epoch: 200, Loss: 0.0324, Train: 99.91%, Valid: 29.87%, Test: 30.44%, Best Valid: 38.01%, Best Test: 36.00%
Epoch: 300, Loss: 0.0218, Train: 99.91%, Valid: 30.15%, Test: 36.44%, Best Valid: 38.01%, Best Test: 36.00%
Epoch: 400, Loss: 0.0240, Train: 100.00%, Valid: 30.86%, Test: 31.78%, Best Valid: 38.01%, Best Test: 36.00%
Epoch: 500, Loss: 0.0226, Train: 100.00%, Valid: 29.59%, Test: 33.33%, Best Valid: 38.01%, Best Test: 36.00%
Epoch: 600, Loss: 0.0370, Train: 99.91%, Valid: 30.86%, Test: 33.11%, Best Valid: 38.01%, Best Test: 36.00%
Epoch: 700, Loss: 0.0286, Train: 99.72%, Valid: 30.15%, Test: 32.67%, Best Valid: 38.01%, Best Test: 36.00%
Epoch: 800, Loss: 0.0211, Train: 100.00%, Valid: 30.43%, Test: 32.44%, Best Valid: 38.01%, Best Test: 36.00%
Epoch: 900, Loss: 0.0219, Train: 99.91%, Valid: 30.15%, Test: 30.89%, Best Valid: 38.01%, Best Test: 36.00%
Run 04:
Highest Train: 100.00
Highest Valid: 38.01
Highest Test: 39.33
Chosen epoch: 18
Final Train: 65.28
Final Test: 36.00
Epoch: 00, Loss: 1.6611, Train: 34.12%, Valid: 32.82%, Test: 35.63%, Best Valid: 32.82%, Best Test: 35.63%
Epoch: 100, Loss: 0.0457, Train: 98.96%, Valid: 28.93%, Test: 34.74%, Best Valid: 39.36%, Best Test: 39.64%
Epoch: 200, Loss: 0.0158, Train: 100.00%, Valid: 27.96%, Test: 33.85%, Best Valid: 39.36%, Best Test: 39.64%
Epoch: 300, Loss: 0.0445, Train: 99.91%, Valid: 30.46%, Test: 33.41%, Best Valid: 39.36%, Best Test: 39.64%
Epoch: 400, Loss: 0.0275, Train: 99.81%, Valid: 28.93%, Test: 33.18%, Best Valid: 39.36%, Best Test: 39.64%
Epoch: 500, Loss: 0.0174, Train: 100.00%, Valid: 32.96%, Test: 34.30%, Best Valid: 39.36%, Best Test: 39.64%
Epoch: 600, Loss: 0.0333, Train: 99.91%, Valid: 29.62%, Test: 31.18%, Best Valid: 39.36%, Best Test: 39.64%
Epoch: 700, Loss: 0.0188, Train: 100.00%, Valid: 28.65%, Test: 30.07%, Best Valid: 39.36%, Best Test: 39.64%
Epoch: 800, Loss: 0.0344, Train: 100.00%, Valid: 29.35%, Test: 34.97%, Best Valid: 39.36%, Best Test: 39.64%
Epoch: 900, Loss: 0.0142, Train: 99.91%, Valid: 31.02%, Test: 36.30%, Best Valid: 39.36%, Best Test: 39.64%
Run 05:
Highest Train: 100.00
Highest Valid: 39.36
Highest Test: 42.32
Chosen epoch: 21
Final Train: 62.18
Final Test: 39.64
All runs:
Highest Train: 100.00 ± 0.00
Highest Test: 41.54 ± 1.35
Highest Valid: 39.54 ± 1.04
  Final Train: 57.51 ± 13.01
   Final Test: 38.95 ± 1.72
Saving results to mlp_gt/results_full/squirrel/polynormer.csv

Running with MLP-GT Regularization (lambda=0.01)...
Namespace(aggregate='add', alpha=0.5, attention='gcn', beta=-1.0, bn=False, cpu=False, data_dir='../data/', dataset='squirrel', device=0, dim_inner=128, display_step=100, dropout=0.3, epochs=1000, global_dropout=None, global_layers=2, gnn='gcn', graph_weight=0.8, hidden_channels=128, hops=10, in_dropout=0.0, jk=False, label_num_per_class=20, lambda_val=0.01, layers=1, ln=False, local_gnn_type='GCN', local_layers=2, lr=0.01, metric='acc', mlp_epochs=500, mlp_reg=True, model='polynormer', model_dir='./model/', n_heads=4, num_centroids=4096, num_heads=4, oracle_reg=False, pe_types='RWSE', pre_linear=False, pre_ln=False, rand_split=False, rand_split_class=False, reg_start_epoch=10, reg_update_freq=5, res=False, result_dir='mlp_gt/results_full', runs=5, save_model=False, save_result=False, seed=42, test_num=1000, train_prop=0.5, use_act=False, use_bn=False, use_graph=False, use_reg=True, use_residual=False, use_weight=False, valid_num=500, valid_prop=0.25, weight_decay=0.0005)
squirrel
dataset squirrel | num nodes 2223 | num edge 46998 | num node feats 2089 | num classes 5
MODEL: Polynormer(
  (h_lins): ModuleList(
    (0): Linear(in_features=512, out_features=512, bias=True)
    (1): Linear(in_features=512, out_features=512, bias=True)
  )
  (local_convs): ModuleList(
    (0): GATConv(512, 128, heads=4)
    (1): GATConv(512, 128, heads=4)
  )
  (lins): ModuleList(
    (0): Linear(in_features=512, out_features=512, bias=True)
    (1): Linear(in_features=512, out_features=512, bias=True)
  )
  (lns): ModuleList(
    (0): LayerNorm((512,), eps=1e-05, elementwise_affine=True)
    (1): LayerNorm((512,), eps=1e-05, elementwise_affine=True)
  )
  (lin_in): Linear(in_features=2089, out_features=512, bias=True)
  (ln): LayerNorm((512,), eps=1e-05, elementwise_affine=True)
  (global_attn): GlobalAttn(
    (h_lins): ModuleList(
      (0): Linear(in_features=512, out_features=512, bias=True)
      (1): Linear(in_features=512, out_features=512, bias=True)
    )
    (k_lins): ModuleList(
      (0): Linear(in_features=512, out_features=512, bias=True)
      (1): Linear(in_features=512, out_features=512, bias=True)
    )
    (v_lins): ModuleList(
      (0): Linear(in_features=512, out_features=512, bias=True)
      (1): Linear(in_features=512, out_features=512, bias=True)
    )
    (lns): ModuleList(
      (0): LayerNorm((512,), eps=1e-05, elementwise_affine=True)
      (1): LayerNorm((512,), eps=1e-05, elementwise_affine=True)
    )
    (lin_out): Linear(in_features=512, out_features=512, bias=True)
  )
  (pred_local): Linear(in_features=512, out_features=5, bias=True)
  (pred_global): Linear(in_features=512, out_features=5, bias=True)
)
Pre-training MLP for 500 epochs to generate co-occurrence matrix...
MLP pre-training complete. Penalty matrix frozen.
Epoch: 00, Loss: 1.6716, Train: 33.05%, Valid: 34.96%, Test: 34.73%, Best Valid: 34.96%, Best Test: 34.73%
Epoch: 100, Loss: 0.0391, Train: 99.81%, Valid: 30.36%, Test: 33.41%, Best Valid: 42.20%, Best Test: 37.83%
Epoch: 200, Loss: 0.0231, Train: 99.81%, Valid: 31.89%, Test: 34.73%, Best Valid: 42.20%, Best Test: 37.83%
Epoch: 300, Loss: 0.0338, Train: 99.72%, Valid: 31.34%, Test: 33.19%, Best Valid: 42.20%, Best Test: 37.83%
Epoch: 400, Loss: 0.0214, Train: 99.91%, Valid: 31.34%, Test: 32.08%, Best Valid: 42.20%, Best Test: 37.83%
Epoch: 500, Loss: 0.0164, Train: 100.00%, Valid: 32.87%, Test: 35.40%, Best Valid: 42.20%, Best Test: 37.83%
Epoch: 600, Loss: 0.0247, Train: 99.91%, Valid: 30.50%, Test: 30.53%, Best Valid: 42.20%, Best Test: 37.83%
Epoch: 700, Loss: 0.0270, Train: 99.91%, Valid: 32.31%, Test: 31.64%, Best Valid: 42.20%, Best Test: 37.83%
Epoch: 800, Loss: 0.0250, Train: 100.00%, Valid: 33.57%, Test: 33.19%, Best Valid: 42.20%, Best Test: 37.83%
Epoch: 900, Loss: 0.0376, Train: 100.00%, Valid: 32.87%, Test: 33.41%, Best Valid: 42.20%, Best Test: 37.83%
Run 01:
Highest Train: 100.00
Highest Valid: 42.20
Highest Test: 41.37
Chosen epoch: 13
Final Train: 50.52
Final Test: 37.83
Pre-training MLP for 500 epochs to generate co-occurrence matrix...
MLP pre-training complete. Penalty matrix frozen.
Epoch: 00, Loss: 1.6520, Train: 32.22%, Valid: 35.57%, Test: 35.89%, Best Valid: 35.57%, Best Test: 35.89%
Epoch: 100, Loss: 0.0592, Train: 99.17%, Valid: 29.29%, Test: 35.21%, Best Valid: 40.43%, Best Test: 42.66%
Epoch: 200, Loss: 0.0266, Train: 99.72%, Valid: 32.14%, Test: 35.44%, Best Valid: 40.43%, Best Test: 42.66%
Epoch: 300, Loss: 0.0305, Train: 99.81%, Valid: 31.14%, Test: 29.57%, Best Valid: 40.43%, Best Test: 42.66%
Epoch: 400, Loss: 0.0272, Train: 99.81%, Valid: 32.00%, Test: 32.28%, Best Valid: 40.43%, Best Test: 42.66%
Epoch: 500, Loss: 0.0228, Train: 99.91%, Valid: 31.14%, Test: 31.38%, Best Valid: 40.43%, Best Test: 42.66%
Epoch: 600, Loss: 0.0248, Train: 99.81%, Valid: 31.43%, Test: 34.99%, Best Valid: 40.43%, Best Test: 42.66%
Epoch: 700, Loss: 0.0205, Train: 99.72%, Valid: 31.71%, Test: 34.54%, Best Valid: 40.43%, Best Test: 42.66%
Epoch: 800, Loss: 0.0205, Train: 99.91%, Valid: 32.86%, Test: 37.25%, Best Valid: 40.43%, Best Test: 42.66%
Epoch: 900, Loss: 0.0311, Train: 99.81%, Valid: 30.43%, Test: 36.12%, Best Valid: 40.43%, Best Test: 42.66%
Run 02:
Highest Train: 100.00
Highest Valid: 40.43
Highest Test: 42.66
Chosen epoch: 14
Final Train: 48.80
Final Test: 42.66
Pre-training MLP for 500 epochs to generate co-occurrence matrix...
MLP pre-training complete. Penalty matrix frozen.
Epoch: 00, Loss: 1.6688, Train: 33.14%, Valid: 33.20%, Test: 37.33%, Best Valid: 33.20%, Best Test: 37.33%
Epoch: 100, Loss: 0.0579, Train: 99.52%, Valid: 33.06%, Test: 30.89%, Best Valid: 40.08%, Best Test: 41.78%
Epoch: 200, Loss: 0.0252, Train: 100.00%, Valid: 34.99%, Test: 30.67%, Best Valid: 40.08%, Best Test: 41.78%
Epoch: 300, Loss: 0.0287, Train: 99.90%, Valid: 34.71%, Test: 32.22%, Best Valid: 40.08%, Best Test: 41.78%
Epoch: 400, Loss: 0.0186, Train: 100.00%, Valid: 32.92%, Test: 29.56%, Best Valid: 40.08%, Best Test: 41.78%
Epoch: 500, Loss: 0.0228, Train: 99.90%, Valid: 33.47%, Test: 30.89%, Best Valid: 40.08%, Best Test: 41.78%
Epoch: 600, Loss: 0.0247, Train: 100.00%, Valid: 32.78%, Test: 32.67%, Best Valid: 40.08%, Best Test: 41.78%
Epoch: 700, Loss: 0.0315, Train: 100.00%, Valid: 33.33%, Test: 32.22%, Best Valid: 40.08%, Best Test: 41.78%
Epoch: 800, Loss: 0.0110, Train: 100.00%, Valid: 34.71%, Test: 34.89%, Best Valid: 40.08%, Best Test: 41.78%
Epoch: 900, Loss: 0.0262, Train: 99.90%, Valid: 33.61%, Test: 32.22%, Best Valid: 40.08%, Best Test: 41.78%
Run 03:
Highest Train: 100.00
Highest Valid: 40.08
Highest Test: 41.78
Chosen epoch: 16
Final Train: 47.18
Final Test: 41.78
Pre-training MLP for 500 epochs to generate co-occurrence matrix...
MLP pre-training complete. Penalty matrix frozen.
Epoch: 00, Loss: 1.6533, Train: 33.96%, Valid: 34.08%, Test: 35.33%, Best Valid: 34.08%, Best Test: 35.33%
Epoch: 100, Loss: 0.0465, Train: 99.72%, Valid: 28.75%, Test: 33.56%, Best Valid: 39.55%, Best Test: 39.78%
Epoch: 200, Loss: 0.0285, Train: 99.72%, Valid: 30.43%, Test: 31.11%, Best Valid: 39.55%, Best Test: 39.78%
Epoch: 300, Loss: 0.0258, Train: 99.91%, Valid: 29.73%, Test: 31.78%, Best Valid: 39.55%, Best Test: 39.78%
Epoch: 400, Loss: 0.0196, Train: 99.91%, Valid: 30.43%, Test: 33.78%, Best Valid: 39.55%, Best Test: 39.78%
Epoch: 500, Loss: 0.0231, Train: 99.81%, Valid: 29.73%, Test: 34.67%, Best Valid: 39.55%, Best Test: 39.78%
Epoch: 600, Loss: 0.0211, Train: 99.91%, Valid: 29.87%, Test: 34.44%, Best Valid: 39.55%, Best Test: 39.78%
Epoch: 700, Loss: 0.0380, Train: 100.00%, Valid: 30.01%, Test: 36.22%, Best Valid: 39.55%, Best Test: 39.78%
Epoch: 800, Loss: 0.0184, Train: 100.00%, Valid: 30.15%, Test: 34.00%, Best Valid: 39.55%, Best Test: 39.78%
Epoch: 900, Loss: 0.0254, Train: 100.00%, Valid: 32.26%, Test: 33.78%, Best Valid: 39.55%, Best Test: 39.78%
Run 04:
Highest Train: 100.00
Highest Valid: 39.55
Highest Test: 40.44
Chosen epoch: 19
Final Train: 72.26
Final Test: 39.78
Pre-training MLP for 500 epochs to generate co-occurrence matrix...
MLP pre-training complete. Penalty matrix frozen.
Epoch: 00, Loss: 1.6449, Train: 34.12%, Valid: 32.82%, Test: 35.63%, Best Valid: 32.82%, Best Test: 35.63%
Epoch: 100, Loss: 0.0446, Train: 99.34%, Valid: 27.96%, Test: 35.19%, Best Valid: 37.55%, Best Test: 41.87%
Epoch: 200, Loss: 0.0251, Train: 100.00%, Valid: 29.62%, Test: 33.41%, Best Valid: 37.55%, Best Test: 41.87%
Epoch: 300, Loss: 0.0250, Train: 99.91%, Valid: 29.49%, Test: 33.63%, Best Valid: 37.55%, Best Test: 41.87%
Epoch: 400, Loss: 0.0313, Train: 99.91%, Valid: 29.62%, Test: 32.74%, Best Valid: 37.55%, Best Test: 41.87%
Epoch: 500, Loss: 0.0235, Train: 100.00%, Valid: 29.62%, Test: 36.08%, Best Valid: 37.55%, Best Test: 41.87%
Epoch: 600, Loss: 0.0300, Train: 100.00%, Valid: 30.04%, Test: 36.53%, Best Valid: 37.55%, Best Test: 41.87%
Epoch: 700, Loss: 0.0200, Train: 100.00%, Valid: 30.74%, Test: 36.30%, Best Valid: 37.55%, Best Test: 41.87%
Epoch: 800, Loss: 0.0133, Train: 100.00%, Valid: 32.55%, Test: 33.85%, Best Valid: 37.55%, Best Test: 41.87%
Epoch: 900, Loss: 0.0215, Train: 99.91%, Valid: 31.85%, Test: 34.52%, Best Valid: 37.55%, Best Test: 41.87%
Run 05:
Highest Train: 100.00
Highest Valid: 37.55
Highest Test: 41.87
Chosen epoch: 18
Final Train: 53.18
Final Test: 41.87
All runs:
Highest Train: 100.00 ± 0.00
Highest Test: 41.63 ± 0.81
Highest Valid: 39.96 ± 1.67
  Final Train: 54.39 ± 10.24
   Final Test: 40.78 ± 1.96
Saving results to mlp_gt/results_full/squirrel/polynormer.csv

Running with MLP-GT Regularization (lambda=0.1)...
Namespace(aggregate='add', alpha=0.5, attention='gcn', beta=-1.0, bn=False, cpu=False, data_dir='../data/', dataset='squirrel', device=0, dim_inner=128, display_step=100, dropout=0.3, epochs=1000, global_dropout=None, global_layers=2, gnn='gcn', graph_weight=0.8, hidden_channels=128, hops=10, in_dropout=0.0, jk=False, label_num_per_class=20, lambda_val=0.1, layers=1, ln=False, local_gnn_type='GCN', local_layers=2, lr=0.01, metric='acc', mlp_epochs=500, mlp_reg=True, model='polynormer', model_dir='./model/', n_heads=4, num_centroids=4096, num_heads=4, oracle_reg=False, pe_types='RWSE', pre_linear=False, pre_ln=False, rand_split=False, rand_split_class=False, reg_start_epoch=10, reg_update_freq=5, res=False, result_dir='mlp_gt/results_full', runs=5, save_model=False, save_result=False, seed=42, test_num=1000, train_prop=0.5, use_act=False, use_bn=False, use_graph=False, use_reg=True, use_residual=False, use_weight=False, valid_num=500, valid_prop=0.25, weight_decay=0.0005)
squirrel
dataset squirrel | num nodes 2223 | num edge 46998 | num node feats 2089 | num classes 5
MODEL: Polynormer(
  (h_lins): ModuleList(
    (0): Linear(in_features=512, out_features=512, bias=True)
    (1): Linear(in_features=512, out_features=512, bias=True)
  )
  (local_convs): ModuleList(
    (0): GATConv(512, 128, heads=4)
    (1): GATConv(512, 128, heads=4)
  )
  (lins): ModuleList(
    (0): Linear(in_features=512, out_features=512, bias=True)
    (1): Linear(in_features=512, out_features=512, bias=True)
  )
  (lns): ModuleList(
    (0): LayerNorm((512,), eps=1e-05, elementwise_affine=True)
    (1): LayerNorm((512,), eps=1e-05, elementwise_affine=True)
  )
  (lin_in): Linear(in_features=2089, out_features=512, bias=True)
  (ln): LayerNorm((512,), eps=1e-05, elementwise_affine=True)
  (global_attn): GlobalAttn(
    (h_lins): ModuleList(
      (0): Linear(in_features=512, out_features=512, bias=True)
      (1): Linear(in_features=512, out_features=512, bias=True)
    )
    (k_lins): ModuleList(
      (0): Linear(in_features=512, out_features=512, bias=True)
      (1): Linear(in_features=512, out_features=512, bias=True)
    )
    (v_lins): ModuleList(
      (0): Linear(in_features=512, out_features=512, bias=True)
      (1): Linear(in_features=512, out_features=512, bias=True)
    )
    (lns): ModuleList(
      (0): LayerNorm((512,), eps=1e-05, elementwise_affine=True)
      (1): LayerNorm((512,), eps=1e-05, elementwise_affine=True)
    )
    (lin_out): Linear(in_features=512, out_features=512, bias=True)
  )
  (pred_local): Linear(in_features=512, out_features=5, bias=True)
  (pred_global): Linear(in_features=512, out_features=5, bias=True)
)
Pre-training MLP for 500 epochs to generate co-occurrence matrix...
MLP pre-training complete. Penalty matrix frozen.
Epoch: 00, Loss: 1.8206, Train: 33.05%, Valid: 35.10%, Test: 34.73%, Best Valid: 35.10%, Best Test: 34.73%
Epoch: 100, Loss: 0.0587, Train: 99.62%, Valid: 28.27%, Test: 32.96%, Best Valid: 40.67%, Best Test: 37.39%
Epoch: 200, Loss: 0.0168, Train: 99.91%, Valid: 28.69%, Test: 31.19%, Best Valid: 40.67%, Best Test: 37.39%
Epoch: 300, Loss: 0.0289, Train: 99.91%, Valid: 31.06%, Test: 27.88%, Best Valid: 40.67%, Best Test: 37.39%
Epoch: 400, Loss: 0.0128, Train: 99.91%, Valid: 29.81%, Test: 32.96%, Best Valid: 40.67%, Best Test: 37.39%
Epoch: 500, Loss: 0.0297, Train: 99.72%, Valid: 32.31%, Test: 33.85%, Best Valid: 40.67%, Best Test: 37.39%
Epoch: 600, Loss: 0.0073, Train: 99.91%, Valid: 31.89%, Test: 35.40%, Best Valid: 40.67%, Best Test: 37.39%
Epoch: 700, Loss: 0.0172, Train: 100.00%, Valid: 32.73%, Test: 33.19%, Best Valid: 40.67%, Best Test: 37.39%
Epoch: 800, Loss: 0.0192, Train: 99.91%, Valid: 31.48%, Test: 34.96%, Best Valid: 40.67%, Best Test: 37.39%
Epoch: 900, Loss: 0.0220, Train: 100.00%, Valid: 30.78%, Test: 33.41%, Best Valid: 40.67%, Best Test: 37.39%
Run 01:
Highest Train: 100.00
Highest Valid: 40.67
Highest Test: 40.04
Chosen epoch: 11
Final Train: 48.62
Final Test: 37.39
Pre-training MLP for 500 epochs to generate co-occurrence matrix...
MLP pre-training complete. Penalty matrix frozen.
Epoch: 00, Loss: 1.7992, Train: 32.22%, Valid: 35.57%, Test: 35.89%, Best Valid: 35.57%, Best Test: 35.89%
Epoch: 100, Loss: 0.0536, Train: 99.07%, Valid: 33.14%, Test: 34.31%, Best Valid: 39.71%, Best Test: 40.86%
Epoch: 200, Loss: 0.0252, Train: 99.91%, Valid: 31.29%, Test: 33.18%, Best Valid: 39.71%, Best Test: 40.86%
Epoch: 300, Loss: 0.0356, Train: 99.81%, Valid: 30.71%, Test: 36.12%, Best Valid: 39.71%, Best Test: 40.86%
Epoch: 400, Loss: 0.0330, Train: 99.81%, Valid: 31.14%, Test: 34.54%, Best Valid: 39.71%, Best Test: 40.86%
Epoch: 500, Loss: 0.0377, Train: 99.81%, Valid: 31.43%, Test: 32.28%, Best Valid: 39.71%, Best Test: 40.86%
Epoch: 600, Loss: 0.0306, Train: 99.81%, Valid: 29.57%, Test: 34.09%, Best Valid: 39.71%, Best Test: 40.86%
Epoch: 700, Loss: 0.0291, Train: 99.91%, Valid: 30.86%, Test: 30.93%, Best Valid: 39.71%, Best Test: 40.86%
Epoch: 800, Loss: 0.0352, Train: 99.91%, Valid: 31.57%, Test: 34.31%, Best Valid: 39.71%, Best Test: 40.86%
Epoch: 900, Loss: 0.0248, Train: 99.81%, Valid: 29.57%, Test: 32.73%, Best Valid: 39.71%, Best Test: 40.86%
Run 02:
Highest Train: 99.91
Highest Valid: 39.71
Highest Test: 41.99
Chosen epoch: 13
Final Train: 48.06
Final Test: 40.86
Pre-training MLP for 500 epochs to generate co-occurrence matrix...
MLP pre-training complete. Penalty matrix frozen.
Epoch: 00, Loss: 1.8175, Train: 33.14%, Valid: 33.20%, Test: 37.33%, Best Valid: 33.20%, Best Test: 37.33%
Epoch: 100, Loss: 0.0380, Train: 99.71%, Valid: 33.20%, Test: 30.89%, Best Valid: 39.53%, Best Test: 38.67%
Epoch: 200, Loss: 0.0289, Train: 99.90%, Valid: 32.37%, Test: 29.56%, Best Valid: 39.53%, Best Test: 38.67%
Epoch: 300, Loss: 0.0208, Train: 99.81%, Valid: 33.47%, Test: 32.22%, Best Valid: 39.53%, Best Test: 38.67%
Epoch: 400, Loss: 0.0203, Train: 100.00%, Valid: 35.81%, Test: 31.11%, Best Valid: 39.53%, Best Test: 38.67%
Epoch: 500, Loss: 0.0252, Train: 100.00%, Valid: 34.02%, Test: 33.56%, Best Valid: 39.53%, Best Test: 38.67%
Epoch: 600, Loss: 0.0250, Train: 100.00%, Valid: 33.33%, Test: 34.00%, Best Valid: 39.53%, Best Test: 38.67%
Epoch: 700, Loss: 0.0305, Train: 100.00%, Valid: 36.23%, Test: 34.22%, Best Valid: 39.53%, Best Test: 38.67%
Epoch: 800, Loss: 0.0211, Train: 99.81%, Valid: 34.30%, Test: 34.44%, Best Valid: 39.53%, Best Test: 38.67%
Epoch: 900, Loss: 0.0225, Train: 100.00%, Valid: 34.71%, Test: 31.78%, Best Valid: 39.53%, Best Test: 38.67%
Run 03:
Highest Train: 100.00
Highest Valid: 39.53
Highest Test: 43.56
Chosen epoch: 18
Final Train: 44.41
Final Test: 38.67
Pre-training MLP for 500 epochs to generate co-occurrence matrix...
MLP pre-training complete. Penalty matrix frozen.
Epoch: 00, Loss: 1.8006, Train: 34.72%, Valid: 34.08%, Test: 35.33%, Best Valid: 34.08%, Best Test: 35.33%
Epoch: 100, Loss: 0.0589, Train: 99.53%, Valid: 30.72%, Test: 34.89%, Best Valid: 40.81%, Best Test: 39.78%
Epoch: 200, Loss: 0.0224, Train: 99.81%, Valid: 32.82%, Test: 34.44%, Best Valid: 40.81%, Best Test: 39.78%
Epoch: 300, Loss: 0.0404, Train: 100.00%, Valid: 31.14%, Test: 32.89%, Best Valid: 40.81%, Best Test: 39.78%
Epoch: 400, Loss: 0.0200, Train: 99.91%, Valid: 33.10%, Test: 34.67%, Best Valid: 40.81%, Best Test: 39.78%
Epoch: 500, Loss: 0.0324, Train: 99.81%, Valid: 32.68%, Test: 36.44%, Best Valid: 40.81%, Best Test: 39.78%
Epoch: 600, Loss: 0.0195, Train: 99.91%, Valid: 32.26%, Test: 33.78%, Best Valid: 40.81%, Best Test: 39.78%
Epoch: 700, Loss: 0.0356, Train: 98.49%, Valid: 30.43%, Test: 34.22%, Best Valid: 40.81%, Best Test: 39.78%
Epoch: 800, Loss: 0.0293, Train: 100.00%, Valid: 33.38%, Test: 33.56%, Best Valid: 40.81%, Best Test: 39.78%
Epoch: 900, Loss: 0.0116, Train: 100.00%, Valid: 29.87%, Test: 33.78%, Best Valid: 40.81%, Best Test: 39.78%
Run 04:
Highest Train: 100.00
Highest Valid: 40.81
Highest Test: 39.78
Chosen epoch: 20
Final Train: 71.79
Final Test: 39.78
Pre-training MLP for 500 epochs to generate co-occurrence matrix...
MLP pre-training complete. Penalty matrix frozen.
Epoch: 00, Loss: 1.7915, Train: 34.12%, Valid: 32.82%, Test: 35.63%, Best Valid: 32.82%, Best Test: 35.63%
Epoch: 100, Loss: 0.0416, Train: 99.34%, Valid: 28.65%, Test: 35.19%, Best Valid: 38.11%, Best Test: 40.09%
Epoch: 200, Loss: 0.0274, Train: 99.91%, Valid: 27.68%, Test: 35.19%, Best Valid: 38.11%, Best Test: 40.09%
Epoch: 300, Loss: 0.0279, Train: 99.62%, Valid: 27.96%, Test: 32.74%, Best Valid: 38.11%, Best Test: 40.09%
Epoch: 400, Loss: 0.0273, Train: 99.81%, Valid: 28.93%, Test: 34.74%, Best Valid: 38.11%, Best Test: 40.09%
Epoch: 500, Loss: 0.0144, Train: 100.00%, Valid: 32.13%, Test: 35.86%, Best Valid: 38.11%, Best Test: 40.09%
Epoch: 600, Loss: 0.0147, Train: 100.00%, Valid: 31.29%, Test: 34.97%, Best Valid: 38.11%, Best Test: 40.09%
Epoch: 700, Loss: 0.0229, Train: 100.00%, Valid: 31.15%, Test: 34.97%, Best Valid: 38.11%, Best Test: 40.09%
Epoch: 800, Loss: 0.0233, Train: 100.00%, Valid: 31.99%, Test: 37.42%, Best Valid: 38.11%, Best Test: 40.09%
Epoch: 900, Loss: 0.0288, Train: 100.00%, Valid: 31.02%, Test: 36.75%, Best Valid: 38.11%, Best Test: 40.09%
Run 05:
Highest Train: 100.00
Highest Valid: 38.11
Highest Test: 40.53
Chosen epoch: 15
Final Train: 51.47
Final Test: 40.09
All runs:
Highest Train: 99.98 ± 0.04
Highest Test: 41.18 ± 1.58
Highest Valid: 39.77 ± 1.09
  Final Train: 52.87 ± 10.87
   Final Test: 39.36 ± 1.35
Saving results to mlp_gt/results_full/squirrel/polynormer.csv

Running with MLP-GT Regularization (lambda=0.2)...
Namespace(aggregate='add', alpha=0.5, attention='gcn', beta=-1.0, bn=False, cpu=False, data_dir='../data/', dataset='squirrel', device=0, dim_inner=128, display_step=100, dropout=0.3, epochs=1000, global_dropout=None, global_layers=2, gnn='gcn', graph_weight=0.8, hidden_channels=128, hops=10, in_dropout=0.0, jk=False, label_num_per_class=20, lambda_val=0.2, layers=1, ln=False, local_gnn_type='GCN', local_layers=2, lr=0.01, metric='acc', mlp_epochs=500, mlp_reg=True, model='polynormer', model_dir='./model/', n_heads=4, num_centroids=4096, num_heads=4, oracle_reg=False, pe_types='RWSE', pre_linear=False, pre_ln=False, rand_split=False, rand_split_class=False, reg_start_epoch=10, reg_update_freq=5, res=False, result_dir='mlp_gt/results_full', runs=5, save_model=False, save_result=False, seed=42, test_num=1000, train_prop=0.5, use_act=False, use_bn=False, use_graph=False, use_reg=True, use_residual=False, use_weight=False, valid_num=500, valid_prop=0.25, weight_decay=0.0005)
squirrel
dataset squirrel | num nodes 2223 | num edge 46998 | num node feats 2089 | num classes 5
MODEL: Polynormer(
  (h_lins): ModuleList(
    (0): Linear(in_features=512, out_features=512, bias=True)
    (1): Linear(in_features=512, out_features=512, bias=True)
  )
  (local_convs): ModuleList(
    (0): GATConv(512, 128, heads=4)
    (1): GATConv(512, 128, heads=4)
  )
  (lins): ModuleList(
    (0): Linear(in_features=512, out_features=512, bias=True)
    (1): Linear(in_features=512, out_features=512, bias=True)
  )
  (lns): ModuleList(
    (0): LayerNorm((512,), eps=1e-05, elementwise_affine=True)
    (1): LayerNorm((512,), eps=1e-05, elementwise_affine=True)
  )
  (lin_in): Linear(in_features=2089, out_features=512, bias=True)
  (ln): LayerNorm((512,), eps=1e-05, elementwise_affine=True)
  (global_attn): GlobalAttn(
    (h_lins): ModuleList(
      (0): Linear(in_features=512, out_features=512, bias=True)
      (1): Linear(in_features=512, out_features=512, bias=True)
    )
    (k_lins): ModuleList(
      (0): Linear(in_features=512, out_features=512, bias=True)
      (1): Linear(in_features=512, out_features=512, bias=True)
    )
    (v_lins): ModuleList(
      (0): Linear(in_features=512, out_features=512, bias=True)
      (1): Linear(in_features=512, out_features=512, bias=True)
    )
    (lns): ModuleList(
      (0): LayerNorm((512,), eps=1e-05, elementwise_affine=True)
      (1): LayerNorm((512,), eps=1e-05, elementwise_affine=True)
    )
    (lin_out): Linear(in_features=512, out_features=512, bias=True)
  )
  (pred_local): Linear(in_features=512, out_features=5, bias=True)
  (pred_global): Linear(in_features=512, out_features=5, bias=True)
)
Pre-training MLP for 500 epochs to generate co-occurrence matrix...
MLP pre-training complete. Penalty matrix frozen.
Epoch: 00, Loss: 1.9861, Train: 33.05%, Valid: 35.10%, Test: 34.73%, Best Valid: 35.10%, Best Test: 34.73%
Epoch: 100, Loss: 0.0374, Train: 99.72%, Valid: 29.25%, Test: 32.96%, Best Valid: 39.14%, Best Test: 38.50%
Epoch: 200, Loss: 0.0215, Train: 100.00%, Valid: 33.29%, Test: 30.97%, Best Valid: 39.14%, Best Test: 38.50%
Epoch: 300, Loss: 0.0294, Train: 100.00%, Valid: 31.48%, Test: 34.73%, Best Valid: 39.14%, Best Test: 38.50%
Epoch: 400, Loss: 0.0272, Train: 100.00%, Valid: 30.92%, Test: 32.74%, Best Valid: 39.14%, Best Test: 38.50%
Epoch: 500, Loss: 0.0326, Train: 99.81%, Valid: 33.15%, Test: 34.07%, Best Valid: 39.14%, Best Test: 38.50%
Epoch: 600, Loss: 0.0299, Train: 100.00%, Valid: 35.38%, Test: 32.30%, Best Valid: 39.14%, Best Test: 38.50%
Epoch: 700, Loss: 0.0212, Train: 100.00%, Valid: 31.48%, Test: 33.19%, Best Valid: 39.14%, Best Test: 38.50%
Epoch: 800, Loss: 0.0689, Train: 99.81%, Valid: 30.78%, Test: 33.19%, Best Valid: 39.14%, Best Test: 38.50%
Epoch: 900, Loss: 0.0383, Train: 99.91%, Valid: 32.59%, Test: 35.84%, Best Valid: 39.14%, Best Test: 38.50%
Run 01:
Highest Train: 100.00
Highest Valid: 39.14
Highest Test: 40.04
Chosen epoch: 15
Final Train: 53.47
Final Test: 38.50
Pre-training MLP for 500 epochs to generate co-occurrence matrix...
MLP pre-training complete. Penalty matrix frozen.
Epoch: 00, Loss: 1.9627, Train: 32.22%, Valid: 35.57%, Test: 35.89%, Best Valid: 35.57%, Best Test: 35.89%
Epoch: 100, Loss: 0.0371, Train: 99.72%, Valid: 32.00%, Test: 34.99%, Best Valid: 40.86%, Best Test: 39.50%
Epoch: 200, Loss: 0.0350, Train: 99.91%, Valid: 31.14%, Test: 33.18%, Best Valid: 40.86%, Best Test: 39.50%
Epoch: 300, Loss: 0.0313, Train: 99.81%, Valid: 31.57%, Test: 31.38%, Best Valid: 40.86%, Best Test: 39.50%
Epoch: 400, Loss: 0.0283, Train: 99.91%, Valid: 29.86%, Test: 35.21%, Best Valid: 40.86%, Best Test: 39.50%
Epoch: 500, Loss: 0.0142, Train: 99.81%, Valid: 30.14%, Test: 33.41%, Best Valid: 40.86%, Best Test: 39.50%
Epoch: 600, Loss: 0.0247, Train: 99.91%, Valid: 29.29%, Test: 33.18%, Best Valid: 40.86%, Best Test: 39.50%
Epoch: 700, Loss: 0.0246, Train: 99.91%, Valid: 29.43%, Test: 33.18%, Best Valid: 40.86%, Best Test: 39.50%
Epoch: 800, Loss: 0.0273, Train: 99.63%, Valid: 31.86%, Test: 33.63%, Best Valid: 40.86%, Best Test: 39.50%
Epoch: 900, Loss: 0.0350, Train: 99.91%, Valid: 31.29%, Test: 34.09%, Best Valid: 40.86%, Best Test: 39.50%
Run 02:
Highest Train: 100.00
Highest Valid: 40.86
Highest Test: 42.21
Chosen epoch: 12
Final Train: 41.30
Final Test: 39.50
Pre-training MLP for 500 epochs to generate co-occurrence matrix...
MLP pre-training complete. Penalty matrix frozen.
Epoch: 00, Loss: 1.9827, Train: 33.14%, Valid: 33.20%, Test: 37.33%, Best Valid: 33.20%, Best Test: 37.33%
Epoch: 100, Loss: 0.0422, Train: 99.52%, Valid: 33.06%, Test: 33.11%, Best Valid: 38.02%, Best Test: 40.44%
Epoch: 200, Loss: 0.0252, Train: 100.00%, Valid: 33.33%, Test: 29.11%, Best Valid: 38.02%, Best Test: 40.44%
Epoch: 300, Loss: 0.0212, Train: 100.00%, Valid: 30.85%, Test: 31.11%, Best Valid: 38.02%, Best Test: 40.44%
Epoch: 400, Loss: 0.0300, Train: 100.00%, Valid: 33.06%, Test: 32.00%, Best Valid: 38.02%, Best Test: 40.44%
Epoch: 500, Loss: 0.0340, Train: 100.00%, Valid: 34.71%, Test: 34.00%, Best Valid: 38.02%, Best Test: 40.44%
Epoch: 600, Loss: 0.0230, Train: 100.00%, Valid: 35.12%, Test: 31.33%, Best Valid: 38.02%, Best Test: 40.44%
Epoch: 700, Loss: 0.0152, Train: 99.90%, Valid: 34.99%, Test: 30.22%, Best Valid: 38.02%, Best Test: 40.44%
Epoch: 800, Loss: 0.0398, Train: 100.00%, Valid: 35.95%, Test: 30.67%, Best Valid: 39.39%, Best Test: 30.00%
Epoch: 900, Loss: 0.0278, Train: 100.00%, Valid: 36.91%, Test: 30.00%, Best Valid: 39.39%, Best Test: 30.00%
Run 03:
Highest Train: 100.00
Highest Valid: 39.39
Highest Test: 41.56
Chosen epoch: 778
Final Train: 100.00
Final Test: 30.00
Pre-training MLP for 500 epochs to generate co-occurrence matrix...
MLP pre-training complete. Penalty matrix frozen.
Epoch: 00, Loss: 1.9643, Train: 35.00%, Valid: 34.36%, Test: 35.11%, Best Valid: 34.36%, Best Test: 35.11%
Epoch: 100, Loss: 0.0496, Train: 99.62%, Valid: 29.17%, Test: 32.00%, Best Valid: 40.53%, Best Test: 37.78%
Epoch: 200, Loss: 0.0344, Train: 99.81%, Valid: 31.56%, Test: 32.44%, Best Valid: 40.53%, Best Test: 37.78%
Epoch: 300, Loss: 0.0312, Train: 99.91%, Valid: 30.86%, Test: 32.22%, Best Valid: 40.53%, Best Test: 37.78%
Epoch: 400, Loss: 0.0266, Train: 99.62%, Valid: 28.33%, Test: 32.67%, Best Valid: 40.53%, Best Test: 37.78%
Epoch: 500, Loss: 0.0252, Train: 99.91%, Valid: 32.40%, Test: 34.44%, Best Valid: 40.53%, Best Test: 37.78%
Epoch: 600, Loss: 0.0281, Train: 99.91%, Valid: 31.42%, Test: 33.33%, Best Valid: 40.53%, Best Test: 37.78%
Epoch: 700, Loss: 0.0274, Train: 99.81%, Valid: 30.86%, Test: 30.67%, Best Valid: 40.53%, Best Test: 37.78%
Epoch: 800, Loss: 0.0208, Train: 99.91%, Valid: 31.98%, Test: 32.89%, Best Valid: 40.53%, Best Test: 37.78%
Epoch: 900, Loss: 0.0458, Train: 99.62%, Valid: 31.00%, Test: 32.44%, Best Valid: 40.53%, Best Test: 37.78%
Run 04:
Highest Train: 100.00
Highest Valid: 40.53
Highest Test: 39.56
Chosen epoch: 20
Final Train: 71.70
Final Test: 37.78
Pre-training MLP for 500 epochs to generate co-occurrence matrix...
MLP pre-training complete. Penalty matrix frozen.
Epoch: 00, Loss: 1.9544, Train: 34.12%, Valid: 32.82%, Test: 35.63%, Best Valid: 32.82%, Best Test: 35.63%
Epoch: 100, Loss: 0.0592, Train: 99.81%, Valid: 30.18%, Test: 34.08%, Best Valid: 38.53%, Best Test: 39.42%
Epoch: 200, Loss: 0.0295, Train: 99.91%, Valid: 28.09%, Test: 33.41%, Best Valid: 38.53%, Best Test: 39.42%
Epoch: 300, Loss: 0.0158, Train: 99.91%, Valid: 29.62%, Test: 35.41%, Best Valid: 38.53%, Best Test: 39.42%
Epoch: 400, Loss: 0.0283, Train: 99.81%, Valid: 30.74%, Test: 34.52%, Best Valid: 38.53%, Best Test: 39.42%
Epoch: 500, Loss: 0.0313, Train: 99.91%, Valid: 32.68%, Test: 36.30%, Best Valid: 38.53%, Best Test: 39.42%
Epoch: 600, Loss: 0.0097, Train: 99.91%, Valid: 31.85%, Test: 32.52%, Best Valid: 38.53%, Best Test: 39.42%
Epoch: 700, Loss: 0.0290, Train: 100.00%, Valid: 31.43%, Test: 34.30%, Best Valid: 38.53%, Best Test: 39.42%
Epoch: 800, Loss: 0.0242, Train: 100.00%, Valid: 31.02%, Test: 32.07%, Best Valid: 38.53%, Best Test: 39.42%
Epoch: 900, Loss: 0.0410, Train: 99.91%, Valid: 29.35%, Test: 31.63%, Best Valid: 38.53%, Best Test: 39.42%
Run 05:
Highest Train: 100.00
Highest Valid: 38.53
Highest Test: 39.64
Chosen epoch: 19
Final Train: 52.42
Final Test: 39.42
All runs:
Highest Train: 100.00 ± 0.00
Highest Test: 40.60 ± 1.21
Highest Valid: 39.69 ± 0.98
  Final Train: 63.78 ± 23.00
   Final Test: 37.04 ± 4.00
Saving results to mlp_gt/results_full/squirrel/polynormer.csv

Running with MLP-GT Regularization (lambda=0.4)...
Namespace(aggregate='add', alpha=0.5, attention='gcn', beta=-1.0, bn=False, cpu=False, data_dir='../data/', dataset='squirrel', device=0, dim_inner=128, display_step=100, dropout=0.3, epochs=1000, global_dropout=None, global_layers=2, gnn='gcn', graph_weight=0.8, hidden_channels=128, hops=10, in_dropout=0.0, jk=False, label_num_per_class=20, lambda_val=0.4, layers=1, ln=False, local_gnn_type='GCN', local_layers=2, lr=0.01, metric='acc', mlp_epochs=500, mlp_reg=True, model='polynormer', model_dir='./model/', n_heads=4, num_centroids=4096, num_heads=4, oracle_reg=False, pe_types='RWSE', pre_linear=False, pre_ln=False, rand_split=False, rand_split_class=False, reg_start_epoch=10, reg_update_freq=5, res=False, result_dir='mlp_gt/results_full', runs=5, save_model=False, save_result=False, seed=42, test_num=1000, train_prop=0.5, use_act=False, use_bn=False, use_graph=False, use_reg=True, use_residual=False, use_weight=False, valid_num=500, valid_prop=0.25, weight_decay=0.0005)
squirrel
dataset squirrel | num nodes 2223 | num edge 46998 | num node feats 2089 | num classes 5
MODEL: Polynormer(
  (h_lins): ModuleList(
    (0): Linear(in_features=512, out_features=512, bias=True)
    (1): Linear(in_features=512, out_features=512, bias=True)
  )
  (local_convs): ModuleList(
    (0): GATConv(512, 128, heads=4)
    (1): GATConv(512, 128, heads=4)
  )
  (lins): ModuleList(
    (0): Linear(in_features=512, out_features=512, bias=True)
    (1): Linear(in_features=512, out_features=512, bias=True)
  )
  (lns): ModuleList(
    (0): LayerNorm((512,), eps=1e-05, elementwise_affine=True)
    (1): LayerNorm((512,), eps=1e-05, elementwise_affine=True)
  )
  (lin_in): Linear(in_features=2089, out_features=512, bias=True)
  (ln): LayerNorm((512,), eps=1e-05, elementwise_affine=True)
  (global_attn): GlobalAttn(
    (h_lins): ModuleList(
      (0): Linear(in_features=512, out_features=512, bias=True)
      (1): Linear(in_features=512, out_features=512, bias=True)
    )
    (k_lins): ModuleList(
      (0): Linear(in_features=512, out_features=512, bias=True)
      (1): Linear(in_features=512, out_features=512, bias=True)
    )
    (v_lins): ModuleList(
      (0): Linear(in_features=512, out_features=512, bias=True)
      (1): Linear(in_features=512, out_features=512, bias=True)
    )
    (lns): ModuleList(
      (0): LayerNorm((512,), eps=1e-05, elementwise_affine=True)
      (1): LayerNorm((512,), eps=1e-05, elementwise_affine=True)
    )
    (lin_out): Linear(in_features=512, out_features=512, bias=True)
  )
  (pred_local): Linear(in_features=512, out_features=5, bias=True)
  (pred_global): Linear(in_features=512, out_features=5, bias=True)
)
Pre-training MLP for 500 epochs to generate co-occurrence matrix...
MLP pre-training complete. Penalty matrix frozen.
Epoch: 00, Loss: 2.3171, Train: 32.95%, Valid: 35.10%, Test: 34.73%, Best Valid: 35.10%, Best Test: 34.73%
Epoch: 100, Loss: 0.0708, Train: 99.34%, Valid: 29.94%, Test: 31.64%, Best Valid: 40.67%, Best Test: 36.73%
Epoch: 200, Loss: 0.0315, Train: 99.62%, Valid: 32.03%, Test: 32.30%, Best Valid: 40.67%, Best Test: 36.73%
Epoch: 300, Loss: 0.0235, Train: 99.81%, Valid: 30.78%, Test: 32.08%, Best Valid: 40.67%, Best Test: 36.73%
Epoch: 400, Loss: 0.0590, Train: 99.43%, Valid: 29.53%, Test: 30.09%, Best Valid: 40.67%, Best Test: 36.73%
Epoch: 500, Loss: 0.0274, Train: 99.81%, Valid: 31.20%, Test: 33.85%, Best Valid: 40.67%, Best Test: 36.73%
Epoch: 600, Loss: 0.0218, Train: 99.91%, Valid: 28.27%, Test: 32.96%, Best Valid: 40.67%, Best Test: 36.73%
Epoch: 700, Loss: 0.0304, Train: 99.91%, Valid: 32.87%, Test: 34.07%, Best Valid: 40.67%, Best Test: 36.73%
Epoch: 800, Loss: 0.0368, Train: 99.91%, Valid: 31.48%, Test: 35.18%, Best Valid: 40.67%, Best Test: 36.73%
Epoch: 900, Loss: 0.0351, Train: 99.81%, Valid: 33.15%, Test: 32.52%, Best Valid: 40.67%, Best Test: 36.73%
Run 01:
Highest Train: 99.91
Highest Valid: 40.67
Highest Test: 41.15
Chosen epoch: 9
Final Train: 42.45
Final Test: 36.73
Pre-training MLP for 500 epochs to generate co-occurrence matrix...
MLP pre-training complete. Penalty matrix frozen.
Epoch: 00, Loss: 2.2899, Train: 32.22%, Valid: 35.57%, Test: 35.89%, Best Valid: 35.57%, Best Test: 35.89%
Epoch: 100, Loss: 0.0615, Train: 99.35%, Valid: 30.14%, Test: 33.18%, Best Valid: 39.14%, Best Test: 38.37%
Epoch: 200, Loss: 0.0464, Train: 99.72%, Valid: 28.86%, Test: 31.15%, Best Valid: 39.14%, Best Test: 38.37%
Epoch: 300, Loss: 0.0425, Train: 99.63%, Valid: 30.86%, Test: 34.54%, Best Valid: 39.14%, Best Test: 38.37%
Epoch: 400, Loss: 0.0383, Train: 99.91%, Valid: 29.29%, Test: 35.67%, Best Valid: 39.14%, Best Test: 38.37%
Epoch: 500, Loss: 0.0504, Train: 99.72%, Valid: 30.86%, Test: 33.63%, Best Valid: 39.14%, Best Test: 38.37%
Epoch: 600, Loss: 0.0308, Train: 99.91%, Valid: 29.43%, Test: 30.93%, Best Valid: 39.14%, Best Test: 38.37%
Epoch: 700, Loss: 0.0411, Train: 99.91%, Valid: 30.14%, Test: 31.83%, Best Valid: 39.14%, Best Test: 38.37%
Epoch: 800, Loss: 0.0350, Train: 99.91%, Valid: 30.29%, Test: 32.28%, Best Valid: 39.14%, Best Test: 38.37%
Epoch: 900, Loss: 0.0492, Train: 99.72%, Valid: 30.57%, Test: 35.67%, Best Valid: 39.14%, Best Test: 38.37%
Run 02:
Highest Train: 99.91
Highest Valid: 39.14
Highest Test: 41.53
Chosen epoch: 8
Final Train: 36.48
Final Test: 38.37
Pre-training MLP for 500 epochs to generate co-occurrence matrix...
MLP pre-training complete. Penalty matrix frozen.
Epoch: 00, Loss: 2.3131, Train: 33.14%, Valid: 33.20%, Test: 37.33%, Best Valid: 33.20%, Best Test: 37.33%
Epoch: 100, Loss: 0.0495, Train: 99.62%, Valid: 32.78%, Test: 32.00%, Best Valid: 39.94%, Best Test: 43.78%
Epoch: 200, Loss: 0.0440, Train: 99.81%, Valid: 33.75%, Test: 30.00%, Best Valid: 39.94%, Best Test: 43.78%
Epoch: 300, Loss: 0.0130, Train: 100.00%, Valid: 34.44%, Test: 32.22%, Best Valid: 39.94%, Best Test: 43.78%
Epoch: 400, Loss: 0.0347, Train: 99.90%, Valid: 34.85%, Test: 30.67%, Best Valid: 39.94%, Best Test: 43.78%
Epoch: 500, Loss: 0.0270, Train: 99.81%, Valid: 35.40%, Test: 32.00%, Best Valid: 39.94%, Best Test: 43.78%
Epoch: 600, Loss: 0.0278, Train: 99.90%, Valid: 35.26%, Test: 34.22%, Best Valid: 39.94%, Best Test: 43.78%
Epoch: 700, Loss: 0.0406, Train: 100.00%, Valid: 33.20%, Test: 33.78%, Best Valid: 39.94%, Best Test: 43.78%
Epoch: 800, Loss: 0.0305, Train: 99.90%, Valid: 35.12%, Test: 33.33%, Best Valid: 39.94%, Best Test: 43.78%
Epoch: 900, Loss: 0.0279, Train: 99.90%, Valid: 34.44%, Test: 35.78%, Best Valid: 39.94%, Best Test: 43.78%
Run 03:
Highest Train: 100.00
Highest Valid: 39.94
Highest Test: 43.78
Chosen epoch: 18
Final Train: 49.86
Final Test: 43.78
Pre-training MLP for 500 epochs to generate co-occurrence matrix...
MLP pre-training complete. Penalty matrix frozen.
Epoch: 00, Loss: 2.2917, Train: 36.60%, Valid: 34.92%, Test: 35.11%, Best Valid: 34.92%, Best Test: 35.11%
Epoch: 100, Loss: 0.0735, Train: 99.53%, Valid: 28.75%, Test: 32.22%, Best Valid: 41.37%, Best Test: 39.78%
Epoch: 200, Loss: 0.0309, Train: 99.91%, Valid: 31.98%, Test: 32.22%, Best Valid: 41.37%, Best Test: 39.78%
Epoch: 300, Loss: 0.0410, Train: 99.91%, Valid: 29.59%, Test: 34.00%, Best Valid: 41.37%, Best Test: 39.78%
Epoch: 400, Loss: 0.0249, Train: 100.00%, Valid: 30.43%, Test: 34.22%, Best Valid: 41.37%, Best Test: 39.78%
Epoch: 500, Loss: 0.0325, Train: 100.00%, Valid: 30.86%, Test: 32.00%, Best Valid: 41.37%, Best Test: 39.78%
Epoch: 600, Loss: 0.0373, Train: 99.91%, Valid: 31.28%, Test: 32.89%, Best Valid: 41.37%, Best Test: 39.78%
Epoch: 700, Loss: 0.0355, Train: 99.72%, Valid: 34.78%, Test: 31.11%, Best Valid: 41.37%, Best Test: 39.78%
Epoch: 800, Loss: 0.0415, Train: 100.00%, Valid: 31.98%, Test: 33.33%, Best Valid: 41.37%, Best Test: 39.78%
Epoch: 900, Loss: 0.0245, Train: 99.91%, Valid: 32.54%, Test: 30.67%, Best Valid: 41.37%, Best Test: 39.78%
Run 04:
Highest Train: 100.00
Highest Valid: 41.37
Highest Test: 40.22
Chosen epoch: 21
Final Train: 68.02
Final Test: 39.78
Pre-training MLP for 500 epochs to generate co-occurrence matrix...
MLP pre-training complete. Penalty matrix frozen.
Epoch: 00, Loss: 2.2801, Train: 34.12%, Valid: 32.82%, Test: 35.63%, Best Valid: 32.82%, Best Test: 35.63%
Epoch: 100, Loss: 0.0568, Train: 99.34%, Valid: 29.21%, Test: 34.74%, Best Valid: 38.80%, Best Test: 41.20%
Epoch: 200, Loss: 0.0077, Train: 100.00%, Valid: 27.54%, Test: 34.30%, Best Valid: 38.80%, Best Test: 41.20%
Epoch: 300, Loss: 0.0369, Train: 99.91%, Valid: 28.37%, Test: 36.53%, Best Valid: 38.80%, Best Test: 41.20%
Epoch: 400, Loss: 0.0356, Train: 99.72%, Valid: 30.88%, Test: 34.74%, Best Valid: 38.80%, Best Test: 41.20%
Epoch: 500, Loss: 0.0572, Train: 99.62%, Valid: 31.99%, Test: 34.74%, Best Valid: 38.80%, Best Test: 41.20%
Epoch: 600, Loss: 0.0365, Train: 100.00%, Valid: 30.18%, Test: 33.18%, Best Valid: 38.80%, Best Test: 41.20%
Epoch: 700, Loss: 0.0357, Train: 99.91%, Valid: 31.57%, Test: 33.18%, Best Valid: 38.80%, Best Test: 41.20%
Epoch: 800, Loss: 0.0426, Train: 100.00%, Valid: 31.43%, Test: 35.63%, Best Valid: 38.80%, Best Test: 41.20%
Epoch: 900, Loss: 0.0339, Train: 100.00%, Valid: 33.66%, Test: 36.53%, Best Valid: 38.80%, Best Test: 41.20%
Run 05:
Highest Train: 100.00
Highest Valid: 38.80
Highest Test: 41.65
Chosen epoch: 16
Final Train: 46.64
Final Test: 41.20
All runs:
Highest Train: 99.96 ± 0.05
Highest Test: 41.67 ± 1.31
Highest Valid: 39.99 ± 1.06
  Final Train: 48.69 ± 11.91
   Final Test: 39.97 ± 2.70
Saving results to mlp_gt/results_full/squirrel/polynormer.csv

GT sweep completed!
==========================================================
Task 1 (polynormer / squirrel) completed at: Wed Apr 29 12:37:39 AM EDT 2026
==========================================================
