==========================================================
MLP-GT Full Sweep | Task 30
Job: 1011972 | Date: Tue Apr 28 08:06:51 AM EDT 2026 | Host: n0091
==========================================================
Tue Apr 28 08:06:53 2026       
+-----------------------------------------------------------------------------------------+
| NVIDIA-SMI 570.211.01             Driver Version: 570.211.01     CUDA Version: 12.8     |
|-----------------------------------------+------------------------+----------------------+
| GPU  Name                 Persistence-M | Bus-Id          Disp.A | Volatile Uncorr. ECC |
| Fan  Temp   Perf          Pwr:Usage/Cap |           Memory-Usage | GPU-Util  Compute M. |
|                                         |                        |               MIG M. |
|=========================================+========================+======================|
|   0  NVIDIA A100-SXM4-80GB          On  |   00000000:01:00.0 Off |                   On |
| N/A   37C    P0            158W /  500W |    3038MiB /  81920MiB |     N/A      Default |
|                                         |                        |              Enabled |
+-----------------------------------------+------------------------+----------------------+
|   1  NVIDIA A100-SXM4-80GB          On  |   00000000:41:00.0 Off |                   On |
| N/A   32C    P0            127W /  500W |    1722MiB /  81920MiB |     N/A      Default |
|                                         |                        |              Enabled |
+-----------------------------------------+------------------------+----------------------+
|   2  NVIDIA A100-SXM4-80GB          On  |   00000000:81:00.0 Off |                   On |
| N/A   33C    P0            125W /  500W |    1290MiB /  81920MiB |     N/A      Default |
|                                         |                        |              Enabled |
+-----------------------------------------+------------------------+----------------------+
|   3  NVIDIA A100-SXM4-80GB          On  |   00000000:C1:00.0 Off |                   On |
| N/A   25C    P0             52W /  500W |     185MiB /  81920MiB |     N/A      Default |
|                                         |                        |              Enabled |
+-----------------------------------------+------------------------+----------------------+

+-----------------------------------------------------------------------------------------+
| MIG devices:                                                                            |
+------------------+----------------------------------+-----------+-----------------------+
| GPU  GI  CI  MIG |                     Memory-Usage |        Vol|        Shared         |
|      ID  ID  Dev |                       BAR1-Usage | SM     Unc| CE ENC  DEC  OFA  JPG |
|                  |                                  |        ECC|                       |
|==================+==================================+===========+=======================|
|  3    5   0   0  |              53MiB / 19968MiB    | 28      0 |  2   0    1    0    0 |
|                  |                 0MiB / 32767MiB  |           |                       |
+------------------+----------------------------------+-----------+-----------------------+
                                                                                         
+-----------------------------------------------------------------------------------------+
| Processes:                                                                              |
|  GPU   GI   CI              PID   Type   Process name                        GPU Memory |
|        ID   ID                                                               Usage      |
|=========================================================================================|
|    0    1    0           665824      C   python                                  732MiB |
|    0    5    0           668126      C   python                                 2110MiB |
|    1    1    0           651253      C   python                                  498MiB |
|    1    5    0           668170      C   python                                 1028MiB |
|    2    3    0           668168      C   python                                 1100MiB |
+-----------------------------------------------------------------------------------------+
1.12.1
True
NVIDIA A100-SXM4-80GB MIG 2g.20gb
Model: sgformer | Dataset: pubmed
Split flags: --rand_split_class --valid_num 500 --test_num 1000 --seed 123
==========================================================
Starting mlp_gt GT Sweep for:
python main.py --model sgformer --dataset pubmed         --hidden_channels 256 --layers 3 --num_heads 1         --lr 0.01 --weight_decay 5e-4 --dropout 0.3         --use_graph --use_act --alpha 0.5 --use_residual --use_bn --graph_weight 0.5         --epochs 1000         --runs 5 --device 0         --rand_split_class --valid_num 500 --test_num 1000 --seed 123
Result dir: mlp_gt/results_full
==========================================================
Running GT Baseline (no reg)...
Namespace(aggregate='add', alpha=0.5, attention='gcn', beta=-1.0, bn=False, cpu=False, data_dir='../data/', dataset='pubmed', device=0, dim_inner=256, display_step=100, dropout=0.3, epochs=1000, global_dropout=None, global_layers=2, gnn='gcn', graph_weight=0.5, hidden_channels=256, hops=10, in_dropout=0.0, jk=False, label_num_per_class=20, lambda_val=0.5, layers=3, ln=False, local_gnn_type='GCN', local_layers=7, lr=0.01, metric='acc', mlp_epochs=500, mlp_reg=False, model='sgformer', model_dir='./model/', n_heads=1, num_centroids=4096, num_heads=1, oracle_reg=False, pe_types='RWSE', pre_linear=False, pre_ln=False, rand_split=False, rand_split_class=True, reg_start_epoch=10, reg_update_freq=5, res=False, result_dir='mlp_gt/results_full', runs=5, save_model=False, save_result=False, seed=123, test_num=1000, train_prop=0.5, use_act=True, use_bn=True, use_graph=True, use_reg=False, use_residual=True, use_weight=False, valid_num=500, valid_prop=0.25, weight_decay=0.0005)
pubmed
Num nodes: 19717
train:torch.Size([60]), valid:torch.Size([500]), test:torch.Size([1000])
dataset pubmed | num nodes 19717 | num edge 88648 | num node feats 500 | num classes 3
MODEL: SGFormer(
  (trans_conv): TransConv(
    (convs): ModuleList(
      (0): TransConvLayer(
        (Wk): Linear(in_features=256, out_features=256, bias=True)
        (Wq): Linear(in_features=256, out_features=256, bias=True)
      )
      (1): TransConvLayer(
        (Wk): Linear(in_features=256, out_features=256, bias=True)
        (Wq): Linear(in_features=256, out_features=256, bias=True)
      )
      (2): TransConvLayer(
        (Wk): Linear(in_features=256, out_features=256, bias=True)
        (Wq): Linear(in_features=256, out_features=256, bias=True)
      )
    )
    (fcs): ModuleList(
      (0): Linear(in_features=500, out_features=256, bias=True)
    )
    (bns): ModuleList(
      (0): LayerNorm((256,), eps=1e-05, elementwise_affine=True)
      (1): LayerNorm((256,), eps=1e-05, elementwise_affine=True)
      (2): LayerNorm((256,), eps=1e-05, elementwise_affine=True)
      (3): LayerNorm((256,), eps=1e-05, elementwise_affine=True)
    )
  )
  (gnn): GCN(
    (convs): ModuleList(
      (0): GCNConv(500, 256)
      (1): GCNConv(256, 256)
      (2): GCNConv(256, 256)
    )
    (bns): ModuleList(
      (0): BatchNorm1d(256, eps=1e-05, momentum=0.1, affine=True, track_running_stats=True)
      (1): BatchNorm1d(256, eps=1e-05, momentum=0.1, affine=True, track_running_stats=True)
    )
  )
  (fc): Linear(in_features=256, out_features=3, bias=True)
)
Epoch: 00, Loss: 1.1341, Train: 35.00%, Valid: 41.80%, Test: 38.90%, Best Valid: 41.80%, Best Test: 38.90%
Epoch: 100, Loss: 0.0003, Train: 100.00%, Valid: 66.80%, Test: 68.60%, Best Valid: 68.60%, Best Test: 69.60%
Epoch: 200, Loss: 0.0009, Train: 100.00%, Valid: 75.40%, Test: 75.50%, Best Valid: 76.60%, Best Test: 76.60%
Epoch: 300, Loss: 0.0010, Train: 100.00%, Valid: 70.20%, Test: 70.50%, Best Valid: 76.60%, Best Test: 76.60%
Epoch: 400, Loss: 0.0010, Train: 100.00%, Valid: 69.20%, Test: 70.30%, Best Valid: 76.60%, Best Test: 76.60%
Epoch: 500, Loss: 0.0006, Train: 100.00%, Valid: 66.20%, Test: 66.20%, Best Valid: 76.60%, Best Test: 76.60%
Epoch: 600, Loss: 0.0003, Train: 100.00%, Valid: 64.40%, Test: 66.30%, Best Valid: 76.60%, Best Test: 76.60%
Epoch: 700, Loss: 0.0004, Train: 100.00%, Valid: 62.60%, Test: 64.70%, Best Valid: 76.60%, Best Test: 76.60%
Epoch: 800, Loss: 0.0006, Train: 100.00%, Valid: 74.20%, Test: 73.40%, Best Valid: 76.60%, Best Test: 76.60%
Epoch: 900, Loss: 0.0303, Train: 100.00%, Valid: 57.20%, Test: 59.60%, Best Valid: 76.60%, Best Test: 76.60%
Run 01:
Highest Train: 100.00
Highest Valid: 76.60
Highest Test: 77.70
Chosen epoch: 190
Final Train: 100.00
Final Test: 76.60
Epoch: 00, Loss: 1.7652, Train: 33.33%, Valid: 23.20%, Test: 21.50%, Best Valid: 23.20%, Best Test: 21.50%
Epoch: 100, Loss: 0.0008, Train: 100.00%, Valid: 77.00%, Test: 79.70%, Best Valid: 77.40%, Best Test: 78.20%
Epoch: 200, Loss: 0.0002, Train: 100.00%, Valid: 72.60%, Test: 74.90%, Best Valid: 77.40%, Best Test: 78.20%
Epoch: 300, Loss: 0.0003, Train: 100.00%, Valid: 74.80%, Test: 76.30%, Best Valid: 77.40%, Best Test: 78.20%
Epoch: 400, Loss: 0.0002, Train: 100.00%, Valid: 65.80%, Test: 68.90%, Best Valid: 77.40%, Best Test: 78.20%
Epoch: 500, Loss: 0.0002, Train: 100.00%, Valid: 67.00%, Test: 68.80%, Best Valid: 77.40%, Best Test: 78.20%
Epoch: 600, Loss: 0.0002, Train: 100.00%, Valid: 62.80%, Test: 65.00%, Best Valid: 77.40%, Best Test: 78.20%
Epoch: 700, Loss: 0.0003, Train: 100.00%, Valid: 67.00%, Test: 67.50%, Best Valid: 77.40%, Best Test: 78.20%
Epoch: 800, Loss: 0.0005, Train: 100.00%, Valid: 68.00%, Test: 71.70%, Best Valid: 77.40%, Best Test: 78.20%
Epoch: 900, Loss: 0.0007, Train: 100.00%, Valid: 66.00%, Test: 66.30%, Best Valid: 77.40%, Best Test: 78.20%
Run 02:
Highest Train: 100.00
Highest Valid: 77.40
Highest Test: 80.00
Chosen epoch: 73
Final Train: 100.00
Final Test: 78.20
Epoch: 00, Loss: 1.5069, Train: 40.00%, Valid: 42.60%, Test: 40.00%, Best Valid: 42.60%, Best Test: 40.00%
Epoch: 100, Loss: 0.0001, Train: 100.00%, Valid: 76.00%, Test: 78.40%, Best Valid: 76.60%, Best Test: 76.60%
Epoch: 200, Loss: 0.0003, Train: 100.00%, Valid: 73.00%, Test: 77.00%, Best Valid: 76.60%, Best Test: 76.60%
Epoch: 300, Loss: 0.0005, Train: 100.00%, Valid: 69.00%, Test: 70.30%, Best Valid: 76.60%, Best Test: 76.60%
Epoch: 400, Loss: 0.0003, Train: 100.00%, Valid: 71.60%, Test: 72.20%, Best Valid: 76.60%, Best Test: 76.60%
Epoch: 500, Loss: 0.0003, Train: 100.00%, Valid: 69.40%, Test: 68.90%, Best Valid: 76.60%, Best Test: 76.60%
Epoch: 600, Loss: 0.0004, Train: 100.00%, Valid: 71.20%, Test: 72.80%, Best Valid: 76.60%, Best Test: 76.60%
Epoch: 700, Loss: 0.0004, Train: 100.00%, Valid: 67.00%, Test: 68.40%, Best Valid: 76.60%, Best Test: 76.60%
Epoch: 800, Loss: 0.0004, Train: 100.00%, Valid: 69.40%, Test: 69.80%, Best Valid: 76.60%, Best Test: 76.60%
Epoch: 900, Loss: 0.0004, Train: 100.00%, Valid: 72.40%, Test: 74.40%, Best Valid: 76.60%, Best Test: 76.60%
Run 03:
Highest Train: 100.00
Highest Valid: 76.60
Highest Test: 78.90
Chosen epoch: 74
Final Train: 100.00
Final Test: 76.60
Epoch: 00, Loss: 1.8467, Train: 33.33%, Valid: 23.20%, Test: 21.50%, Best Valid: 23.20%, Best Test: 21.50%
Epoch: 100, Loss: 0.0019, Train: 100.00%, Valid: 73.00%, Test: 75.10%, Best Valid: 74.00%, Best Test: 75.00%
Epoch: 200, Loss: 0.0002, Train: 100.00%, Valid: 73.20%, Test: 74.60%, Best Valid: 74.00%, Best Test: 75.00%
Epoch: 300, Loss: 0.0002, Train: 100.00%, Valid: 68.80%, Test: 72.00%, Best Valid: 74.00%, Best Test: 75.00%
Epoch: 400, Loss: 0.0004, Train: 100.00%, Valid: 68.00%, Test: 71.30%, Best Valid: 74.00%, Best Test: 75.00%
Epoch: 500, Loss: 0.0003, Train: 100.00%, Valid: 61.00%, Test: 64.30%, Best Valid: 74.00%, Best Test: 75.00%
Epoch: 600, Loss: 0.0010, Train: 100.00%, Valid: 65.20%, Test: 66.20%, Best Valid: 74.00%, Best Test: 75.00%
Epoch: 700, Loss: 0.0004, Train: 100.00%, Valid: 66.00%, Test: 66.20%, Best Valid: 74.00%, Best Test: 75.00%
Epoch: 800, Loss: 0.0007, Train: 100.00%, Valid: 69.40%, Test: 72.80%, Best Valid: 74.00%, Best Test: 75.00%
Epoch: 900, Loss: 0.0007, Train: 100.00%, Valid: 61.00%, Test: 64.40%, Best Valid: 74.00%, Best Test: 75.00%
Run 04:
Highest Train: 100.00
Highest Valid: 74.00
Highest Test: 76.40
Chosen epoch: 79
Final Train: 100.00
Final Test: 75.00
Epoch: 00, Loss: 1.7416, Train: 40.00%, Valid: 42.00%, Test: 39.20%, Best Valid: 42.00%, Best Test: 39.20%
Epoch: 100, Loss: 0.0001, Train: 100.00%, Valid: 74.80%, Test: 75.70%, Best Valid: 75.40%, Best Test: 76.10%
Epoch: 200, Loss: 0.0004, Train: 100.00%, Valid: 71.40%, Test: 73.30%, Best Valid: 75.80%, Best Test: 77.40%
Epoch: 300, Loss: 0.0002, Train: 100.00%, Valid: 64.00%, Test: 67.00%, Best Valid: 75.80%, Best Test: 77.40%
Epoch: 400, Loss: 0.0001, Train: 100.00%, Valid: 59.00%, Test: 63.90%, Best Valid: 75.80%, Best Test: 77.40%
Epoch: 500, Loss: 0.0004, Train: 100.00%, Valid: 67.40%, Test: 70.60%, Best Valid: 75.80%, Best Test: 77.40%
Epoch: 600, Loss: 0.0006, Train: 100.00%, Valid: 62.80%, Test: 65.00%, Best Valid: 75.80%, Best Test: 77.40%
Epoch: 700, Loss: 0.0018, Train: 100.00%, Valid: 65.00%, Test: 66.10%, Best Valid: 75.80%, Best Test: 77.40%
Epoch: 800, Loss: 0.0008, Train: 100.00%, Valid: 74.00%, Test: 74.90%, Best Valid: 78.00%, Best Test: 76.20%
Epoch: 900, Loss: 0.0004, Train: 100.00%, Valid: 67.20%, Test: 69.00%, Best Valid: 78.00%, Best Test: 76.20%
Run 05:
Highest Train: 100.00
Highest Valid: 78.00
Highest Test: 77.80
Chosen epoch: 733
Final Train: 100.00
Final Test: 76.20
All runs:
Highest Train: 100.00 ± 0.00
Highest Test: 78.16 ± 1.36
Highest Valid: 76.52 ± 1.53
  Final Train: 100.00 ± 0.00
   Final Test: 76.52 ± 1.15
Saving results to mlp_gt/results_full/pubmed/sgformer.csv

Running with MLP-GT Regularization (lambda=0.01)...
Namespace(aggregate='add', alpha=0.5, attention='gcn', beta=-1.0, bn=False, cpu=False, data_dir='../data/', dataset='pubmed', device=0, dim_inner=256, display_step=100, dropout=0.3, epochs=1000, global_dropout=None, global_layers=2, gnn='gcn', graph_weight=0.5, hidden_channels=256, hops=10, in_dropout=0.0, jk=False, label_num_per_class=20, lambda_val=0.01, layers=3, ln=False, local_gnn_type='GCN', local_layers=7, lr=0.01, metric='acc', mlp_epochs=500, mlp_reg=True, model='sgformer', model_dir='./model/', n_heads=1, num_centroids=4096, num_heads=1, oracle_reg=False, pe_types='RWSE', pre_linear=False, pre_ln=False, rand_split=False, rand_split_class=True, reg_start_epoch=10, reg_update_freq=5, res=False, result_dir='mlp_gt/results_full', runs=5, save_model=False, save_result=False, seed=123, test_num=1000, train_prop=0.5, use_act=True, use_bn=True, use_graph=True, use_reg=True, use_residual=True, use_weight=False, valid_num=500, valid_prop=0.25, weight_decay=0.0005)
pubmed
Num nodes: 19717
train:torch.Size([60]), valid:torch.Size([500]), test:torch.Size([1000])
dataset pubmed | num nodes 19717 | num edge 88648 | num node feats 500 | num classes 3
MODEL: SGFormer(
  (trans_conv): TransConv(
    (convs): ModuleList(
      (0): TransConvLayer(
        (Wk): Linear(in_features=256, out_features=256, bias=True)
        (Wq): Linear(in_features=256, out_features=256, bias=True)
      )
      (1): TransConvLayer(
        (Wk): Linear(in_features=256, out_features=256, bias=True)
        (Wq): Linear(in_features=256, out_features=256, bias=True)
      )
      (2): TransConvLayer(
        (Wk): Linear(in_features=256, out_features=256, bias=True)
        (Wq): Linear(in_features=256, out_features=256, bias=True)
      )
    )
    (fcs): ModuleList(
      (0): Linear(in_features=500, out_features=256, bias=True)
    )
    (bns): ModuleList(
      (0): LayerNorm((256,), eps=1e-05, elementwise_affine=True)
      (1): LayerNorm((256,), eps=1e-05, elementwise_affine=True)
      (2): LayerNorm((256,), eps=1e-05, elementwise_affine=True)
      (3): LayerNorm((256,), eps=1e-05, elementwise_affine=True)
    )
  )
  (gnn): GCN(
    (convs): ModuleList(
      (0): GCNConv(500, 256)
      (1): GCNConv(256, 256)
      (2): GCNConv(256, 256)
    )
    (bns): ModuleList(
      (0): BatchNorm1d(256, eps=1e-05, momentum=0.1, affine=True, track_running_stats=True)
      (1): BatchNorm1d(256, eps=1e-05, momentum=0.1, affine=True, track_running_stats=True)
    )
  )
  (fc): Linear(in_features=256, out_features=3, bias=True)
)
Pre-training MLP for 500 epochs to generate co-occurrence matrix...
MLP pre-training complete. Penalty matrix frozen.
Epoch: 00, Loss: 1.1660, Train: 43.33%, Valid: 42.00%, Test: 40.40%, Best Valid: 42.00%, Best Test: 40.40%
Epoch: 100, Loss: 0.0011, Train: 90.00%, Valid: 62.40%, Test: 63.70%, Best Valid: 70.60%, Best Test: 73.50%
Epoch: 200, Loss: 0.0003, Train: 100.00%, Valid: 66.40%, Test: 68.40%, Best Valid: 71.20%, Best Test: 71.00%
Epoch: 300, Loss: 0.0011, Train: 100.00%, Valid: 70.20%, Test: 71.90%, Best Valid: 72.00%, Best Test: 71.30%
Epoch: 400, Loss: 0.0012, Train: 100.00%, Valid: 64.60%, Test: 67.10%, Best Valid: 72.20%, Best Test: 73.30%
Epoch: 500, Loss: 0.0153, Train: 90.00%, Valid: 57.60%, Test: 57.50%, Best Valid: 73.00%, Best Test: 71.70%
Epoch: 600, Loss: 0.0007, Train: 100.00%, Valid: 70.60%, Test: 73.20%, Best Valid: 73.00%, Best Test: 71.70%
Epoch: 700, Loss: 0.0005, Train: 100.00%, Valid: 71.40%, Test: 70.10%, Best Valid: 73.00%, Best Test: 71.70%
Epoch: 800, Loss: 0.0070, Train: 100.00%, Valid: 65.00%, Test: 65.10%, Best Valid: 73.00%, Best Test: 71.70%
Epoch: 900, Loss: 0.0005, Train: 100.00%, Valid: 73.60%, Test: 71.60%, Best Valid: 74.80%, Best Test: 72.80%
Run 01:
Highest Train: 100.00
Highest Valid: 76.20
Highest Test: 76.80
Chosen epoch: 929
Final Train: 100.00
Final Test: 76.40
Pre-training MLP for 500 epochs to generate co-occurrence matrix...
MLP pre-training complete. Penalty matrix frozen.
Epoch: 00, Loss: 1.4538, Train: 38.33%, Valid: 23.80%, Test: 21.90%, Best Valid: 23.80%, Best Test: 21.90%
Epoch: 100, Loss: 0.0003, Train: 100.00%, Valid: 77.40%, Test: 78.80%, Best Valid: 77.80%, Best Test: 78.20%
Epoch: 200, Loss: 0.0001, Train: 100.00%, Valid: 76.80%, Test: 78.90%, Best Valid: 77.80%, Best Test: 78.20%
Epoch: 300, Loss: 0.0002, Train: 100.00%, Valid: 73.20%, Test: 74.50%, Best Valid: 77.80%, Best Test: 78.20%
Epoch: 400, Loss: 0.0002, Train: 100.00%, Valid: 67.20%, Test: 69.60%, Best Valid: 77.80%, Best Test: 78.20%
Epoch: 500, Loss: 0.0002, Train: 100.00%, Valid: 65.00%, Test: 64.10%, Best Valid: 77.80%, Best Test: 78.20%
Epoch: 600, Loss: 0.0006, Train: 100.00%, Valid: 74.00%, Test: 74.00%, Best Valid: 77.80%, Best Test: 78.20%
Epoch: 700, Loss: 0.0007, Train: 100.00%, Valid: 68.00%, Test: 68.60%, Best Valid: 77.80%, Best Test: 78.20%
Epoch: 800, Loss: 0.0013, Train: 100.00%, Valid: 63.60%, Test: 65.30%, Best Valid: 77.80%, Best Test: 78.20%
Epoch: 900, Loss: 0.0010, Train: 100.00%, Valid: 67.20%, Test: 68.80%, Best Valid: 77.80%, Best Test: 78.20%
Run 02:
Highest Train: 100.00
Highest Valid: 77.80
Highest Test: 79.70
Chosen epoch: 84
Final Train: 100.00
Final Test: 78.20
Pre-training MLP for 500 epochs to generate co-occurrence matrix...
MLP pre-training complete. Penalty matrix frozen.
Epoch: 00, Loss: 1.4506, Train: 60.00%, Valid: 49.20%, Test: 47.70%, Best Valid: 49.20%, Best Test: 47.70%
Epoch: 100, Loss: 0.0002, Train: 100.00%, Valid: 70.60%, Test: 71.50%, Best Valid: 70.80%, Best Test: 71.50%
Epoch: 200, Loss: 0.0004, Train: 100.00%, Valid: 70.40%, Test: 72.90%, Best Valid: 76.40%, Best Test: 77.00%
Epoch: 300, Loss: 0.0003, Train: 100.00%, Valid: 60.00%, Test: 63.40%, Best Valid: 76.40%, Best Test: 77.00%
Epoch: 400, Loss: 0.0003, Train: 100.00%, Valid: 62.00%, Test: 64.10%, Best Valid: 76.40%, Best Test: 77.00%
Epoch: 500, Loss: 0.0003, Train: 100.00%, Valid: 66.20%, Test: 64.70%, Best Valid: 76.40%, Best Test: 77.00%
Epoch: 600, Loss: 0.0006, Train: 100.00%, Valid: 69.00%, Test: 69.70%, Best Valid: 76.40%, Best Test: 77.00%
Epoch: 700, Loss: 0.0004, Train: 100.00%, Valid: 64.80%, Test: 64.70%, Best Valid: 76.40%, Best Test: 77.00%
Epoch: 800, Loss: 0.0005, Train: 100.00%, Valid: 73.20%, Test: 73.30%, Best Valid: 76.40%, Best Test: 77.00%
Epoch: 900, Loss: 0.0007, Train: 100.00%, Valid: 64.40%, Test: 63.70%, Best Valid: 76.40%, Best Test: 77.00%
Run 03:
Highest Train: 100.00
Highest Valid: 76.40
Highest Test: 77.70
Chosen epoch: 110
Final Train: 100.00
Final Test: 77.00
Pre-training MLP for 500 epochs to generate co-occurrence matrix...
MLP pre-training complete. Penalty matrix frozen.
Epoch: 00, Loss: 1.5917, Train: 78.33%, Valid: 51.60%, Test: 54.30%, Best Valid: 51.60%, Best Test: 54.30%
Epoch: 100, Loss: 0.0005, Train: 100.00%, Valid: 75.80%, Test: 79.20%, Best Valid: 77.60%, Best Test: 79.10%
Epoch: 200, Loss: 0.0002, Train: 100.00%, Valid: 72.20%, Test: 74.00%, Best Valid: 77.60%, Best Test: 79.10%
Epoch: 300, Loss: 0.0005, Train: 100.00%, Valid: 66.20%, Test: 65.70%, Best Valid: 77.60%, Best Test: 79.10%
Epoch: 400, Loss: 0.0002, Train: 100.00%, Valid: 64.40%, Test: 64.30%, Best Valid: 77.60%, Best Test: 79.10%
Epoch: 500, Loss: 0.0011, Train: 100.00%, Valid: 74.20%, Test: 75.50%, Best Valid: 77.60%, Best Test: 79.10%
Epoch: 600, Loss: 0.0003, Train: 100.00%, Valid: 70.40%, Test: 69.40%, Best Valid: 77.60%, Best Test: 79.10%
Epoch: 700, Loss: 0.0003, Train: 100.00%, Valid: 64.80%, Test: 65.40%, Best Valid: 77.60%, Best Test: 79.10%
Epoch: 800, Loss: 0.0013, Train: 100.00%, Valid: 62.60%, Test: 65.70%, Best Valid: 77.60%, Best Test: 79.10%
Epoch: 900, Loss: 0.0337, Train: 91.67%, Valid: 60.60%, Test: 61.60%, Best Valid: 77.60%, Best Test: 79.10%
Run 04:
Highest Train: 100.00
Highest Valid: 77.60
Highest Test: 79.30
Chosen epoch: 76
Final Train: 100.00
Final Test: 79.10
Pre-training MLP for 500 epochs to generate co-occurrence matrix...
MLP pre-training complete. Penalty matrix frozen.
Epoch: 00, Loss: 1.7740, Train: 33.33%, Valid: 24.00%, Test: 22.60%, Best Valid: 24.00%, Best Test: 22.60%
Epoch: 100, Loss: 0.0002, Train: 100.00%, Valid: 74.80%, Test: 75.30%, Best Valid: 75.00%, Best Test: 74.20%
Epoch: 200, Loss: 0.0004, Train: 100.00%, Valid: 76.00%, Test: 78.30%, Best Valid: 76.20%, Best Test: 75.50%
Epoch: 300, Loss: 0.0001, Train: 100.00%, Valid: 73.60%, Test: 78.00%, Best Valid: 76.20%, Best Test: 75.50%
Epoch: 400, Loss: 0.0002, Train: 100.00%, Valid: 72.20%, Test: 73.00%, Best Valid: 76.20%, Best Test: 75.50%
Epoch: 500, Loss: 0.0003, Train: 100.00%, Valid: 74.60%, Test: 76.00%, Best Valid: 76.20%, Best Test: 75.50%
Epoch: 600, Loss: 0.0004, Train: 100.00%, Valid: 69.80%, Test: 72.70%, Best Valid: 76.20%, Best Test: 75.50%
Epoch: 700, Loss: 0.0003, Train: 100.00%, Valid: 68.20%, Test: 67.10%, Best Valid: 76.20%, Best Test: 75.50%
Epoch: 800, Loss: 0.0004, Train: 100.00%, Valid: 72.40%, Test: 72.10%, Best Valid: 76.20%, Best Test: 75.50%
Epoch: 900, Loss: 0.0005, Train: 100.00%, Valid: 63.60%, Test: 62.50%, Best Valid: 76.20%, Best Test: 75.50%
Run 05:
Highest Train: 100.00
Highest Valid: 76.20
Highest Test: 79.00
Chosen epoch: 132
Final Train: 100.00
Final Test: 75.50
All runs:
Highest Train: 100.00 ± 0.00
Highest Test: 78.50 ± 1.21
Highest Valid: 76.84 ± 0.79
  Final Train: 100.00 ± 0.00
   Final Test: 77.24 ± 1.43
Saving results to mlp_gt/results_full/pubmed/sgformer.csv

Running with MLP-GT Regularization (lambda=0.1)...
Namespace(aggregate='add', alpha=0.5, attention='gcn', beta=-1.0, bn=False, cpu=False, data_dir='../data/', dataset='pubmed', device=0, dim_inner=256, display_step=100, dropout=0.3, epochs=1000, global_dropout=None, global_layers=2, gnn='gcn', graph_weight=0.5, hidden_channels=256, hops=10, in_dropout=0.0, jk=False, label_num_per_class=20, lambda_val=0.1, layers=3, ln=False, local_gnn_type='GCN', local_layers=7, lr=0.01, metric='acc', mlp_epochs=500, mlp_reg=True, model='sgformer', model_dir='./model/', n_heads=1, num_centroids=4096, num_heads=1, oracle_reg=False, pe_types='RWSE', pre_linear=False, pre_ln=False, rand_split=False, rand_split_class=True, reg_start_epoch=10, reg_update_freq=5, res=False, result_dir='mlp_gt/results_full', runs=5, save_model=False, save_result=False, seed=123, test_num=1000, train_prop=0.5, use_act=True, use_bn=True, use_graph=True, use_reg=True, use_residual=True, use_weight=False, valid_num=500, valid_prop=0.25, weight_decay=0.0005)
pubmed
Num nodes: 19717
train:torch.Size([60]), valid:torch.Size([500]), test:torch.Size([1000])
dataset pubmed | num nodes 19717 | num edge 88648 | num node feats 500 | num classes 3
MODEL: SGFormer(
  (trans_conv): TransConv(
    (convs): ModuleList(
      (0): TransConvLayer(
        (Wk): Linear(in_features=256, out_features=256, bias=True)
        (Wq): Linear(in_features=256, out_features=256, bias=True)
      )
      (1): TransConvLayer(
        (Wk): Linear(in_features=256, out_features=256, bias=True)
        (Wq): Linear(in_features=256, out_features=256, bias=True)
      )
      (2): TransConvLayer(
        (Wk): Linear(in_features=256, out_features=256, bias=True)
        (Wq): Linear(in_features=256, out_features=256, bias=True)
      )
    )
    (fcs): ModuleList(
      (0): Linear(in_features=500, out_features=256, bias=True)
    )
    (bns): ModuleList(
      (0): LayerNorm((256,), eps=1e-05, elementwise_affine=True)
      (1): LayerNorm((256,), eps=1e-05, elementwise_affine=True)
      (2): LayerNorm((256,), eps=1e-05, elementwise_affine=True)
      (3): LayerNorm((256,), eps=1e-05, elementwise_affine=True)
    )
  )
  (gnn): GCN(
    (convs): ModuleList(
      (0): GCNConv(500, 256)
      (1): GCNConv(256, 256)
      (2): GCNConv(256, 256)
    )
    (bns): ModuleList(
      (0): BatchNorm1d(256, eps=1e-05, momentum=0.1, affine=True, track_running_stats=True)
      (1): BatchNorm1d(256, eps=1e-05, momentum=0.1, affine=True, track_running_stats=True)
    )
  )
  (fc): Linear(in_features=256, out_features=3, bias=True)
)
Pre-training MLP for 500 epochs to generate co-occurrence matrix...
MLP pre-training complete. Penalty matrix frozen.
Epoch: 00, Loss: 1.2699, Train: 45.00%, Valid: 42.00%, Test: 40.30%, Best Valid: 42.00%, Best Test: 40.30%
Epoch: 100, Loss: 0.0003, Train: 100.00%, Valid: 67.80%, Test: 70.40%, Best Valid: 70.40%, Best Test: 70.80%
Epoch: 200, Loss: 0.0007, Train: 100.00%, Valid: 71.60%, Test: 72.40%, Best Valid: 75.00%, Best Test: 73.80%
Epoch: 300, Loss: 0.0000, Train: 100.00%, Valid: 74.20%, Test: 74.90%, Best Valid: 75.00%, Best Test: 73.80%
Epoch: 400, Loss: 0.0007, Train: 100.00%, Valid: 70.20%, Test: 71.80%, Best Valid: 76.00%, Best Test: 75.90%
Epoch: 500, Loss: 0.0008, Train: 100.00%, Valid: 65.20%, Test: 62.70%, Best Valid: 76.00%, Best Test: 75.90%
Epoch: 600, Loss: 0.0006, Train: 100.00%, Valid: 67.00%, Test: 67.90%, Best Valid: 76.00%, Best Test: 75.90%
Epoch: 700, Loss: 0.0005, Train: 100.00%, Valid: 64.00%, Test: 65.20%, Best Valid: 76.00%, Best Test: 75.90%
Epoch: 800, Loss: 0.0010, Train: 100.00%, Valid: 67.80%, Test: 69.80%, Best Valid: 76.00%, Best Test: 75.90%
Epoch: 900, Loss: 0.0127, Train: 100.00%, Valid: 69.80%, Test: 74.00%, Best Valid: 76.00%, Best Test: 75.90%
Run 01:
Highest Train: 100.00
Highest Valid: 76.00
Highest Test: 76.30
Chosen epoch: 329
Final Train: 100.00
Final Test: 75.90
Pre-training MLP for 500 epochs to generate co-occurrence matrix...
MLP pre-training complete. Penalty matrix frozen.
Epoch: 00, Loss: 1.6731, Train: 46.67%, Valid: 27.00%, Test: 26.50%, Best Valid: 27.00%, Best Test: 26.50%
Epoch: 100, Loss: 0.0002, Train: 100.00%, Valid: 75.00%, Test: 78.30%, Best Valid: 77.80%, Best Test: 76.90%
Epoch: 200, Loss: 0.0001, Train: 100.00%, Valid: 73.00%, Test: 77.00%, Best Valid: 77.80%, Best Test: 76.90%
Epoch: 300, Loss: 0.0002, Train: 100.00%, Valid: 72.60%, Test: 76.30%, Best Valid: 77.80%, Best Test: 76.90%
Epoch: 400, Loss: 0.0002, Train: 100.00%, Valid: 68.60%, Test: 70.40%, Best Valid: 77.80%, Best Test: 76.90%
Epoch: 500, Loss: 0.0002, Train: 100.00%, Valid: 72.60%, Test: 74.10%, Best Valid: 77.80%, Best Test: 76.90%
Epoch: 600, Loss: 0.0005, Train: 100.00%, Valid: 63.60%, Test: 68.60%, Best Valid: 77.80%, Best Test: 76.90%
Epoch: 700, Loss: 0.0003, Train: 100.00%, Valid: 63.80%, Test: 65.90%, Best Valid: 77.80%, Best Test: 76.90%
Epoch: 800, Loss: 0.0007, Train: 100.00%, Valid: 67.80%, Test: 66.60%, Best Valid: 77.80%, Best Test: 76.90%
Epoch: 900, Loss: 0.0006, Train: 100.00%, Valid: 59.40%, Test: 60.70%, Best Valid: 77.80%, Best Test: 76.90%
Run 02:
Highest Train: 100.00
Highest Valid: 77.80
Highest Test: 78.50
Chosen epoch: 75
Final Train: 100.00
Final Test: 76.90
Pre-training MLP for 500 epochs to generate co-occurrence matrix...
MLP pre-training complete. Penalty matrix frozen.
Epoch: 00, Loss: 1.5623, Train: 60.00%, Valid: 52.20%, Test: 54.20%, Best Valid: 52.20%, Best Test: 54.20%
Epoch: 100, Loss: 0.0002, Train: 100.00%, Valid: 75.60%, Test: 76.50%, Best Valid: 77.40%, Best Test: 77.90%
Epoch: 200, Loss: 0.0003, Train: 100.00%, Valid: 72.20%, Test: 74.40%, Best Valid: 77.40%, Best Test: 77.90%
Epoch: 300, Loss: 0.0002, Train: 100.00%, Valid: 66.80%, Test: 69.20%, Best Valid: 77.40%, Best Test: 77.90%
Epoch: 400, Loss: 0.0004, Train: 100.00%, Valid: 70.00%, Test: 69.40%, Best Valid: 77.40%, Best Test: 77.90%
Epoch: 500, Loss: 0.0004, Train: 100.00%, Valid: 67.20%, Test: 66.70%, Best Valid: 77.40%, Best Test: 77.90%
Epoch: 600, Loss: 0.0003, Train: 100.00%, Valid: 65.60%, Test: 65.40%, Best Valid: 77.40%, Best Test: 77.90%
Epoch: 700, Loss: 0.0017, Train: 100.00%, Valid: 67.60%, Test: 67.90%, Best Valid: 77.40%, Best Test: 77.90%
Epoch: 800, Loss: 0.0011, Train: 100.00%, Valid: 73.40%, Test: 69.20%, Best Valid: 77.40%, Best Test: 77.90%
Epoch: 900, Loss: 0.0007, Train: 100.00%, Valid: 57.00%, Test: 59.80%, Best Valid: 77.40%, Best Test: 77.90%
Run 03:
Highest Train: 100.00
Highest Valid: 77.40
Highest Test: 78.50
Chosen epoch: 48
Final Train: 100.00
Final Test: 77.90
Pre-training MLP for 500 epochs to generate co-occurrence matrix...
MLP pre-training complete. Penalty matrix frozen.
Epoch: 00, Loss: 1.7459, Train: 63.33%, Valid: 48.60%, Test: 53.20%, Best Valid: 48.60%, Best Test: 53.20%
Epoch: 100, Loss: 0.0002, Train: 100.00%, Valid: 76.40%, Test: 77.70%, Best Valid: 76.60%, Best Test: 77.50%
Epoch: 200, Loss: 0.0002, Train: 100.00%, Valid: 73.00%, Test: 75.30%, Best Valid: 77.00%, Best Test: 77.70%
Epoch: 300, Loss: 0.0002, Train: 100.00%, Valid: 67.00%, Test: 69.70%, Best Valid: 77.00%, Best Test: 77.70%
Epoch: 400, Loss: 0.0007, Train: 100.00%, Valid: 72.80%, Test: 74.20%, Best Valid: 77.00%, Best Test: 77.70%
Epoch: 500, Loss: 0.0006, Train: 100.00%, Valid: 71.00%, Test: 72.70%, Best Valid: 77.00%, Best Test: 77.70%
Epoch: 600, Loss: 0.0005, Train: 100.00%, Valid: 67.40%, Test: 68.20%, Best Valid: 77.00%, Best Test: 77.70%
Epoch: 700, Loss: 0.0519, Train: 85.00%, Valid: 48.20%, Test: 48.50%, Best Valid: 77.00%, Best Test: 77.70%
Epoch: 800, Loss: 0.0013, Train: 100.00%, Valid: 63.80%, Test: 64.80%, Best Valid: 77.00%, Best Test: 77.70%
Epoch: 900, Loss: 0.0011, Train: 100.00%, Valid: 64.80%, Test: 65.80%, Best Valid: 77.00%, Best Test: 77.70%
Run 04:
Highest Train: 100.00
Highest Valid: 77.00
Highest Test: 78.20
Chosen epoch: 113
Final Train: 100.00
Final Test: 77.70
Pre-training MLP for 500 epochs to generate co-occurrence matrix...
MLP pre-training complete. Penalty matrix frozen.
Epoch: 00, Loss: 1.8230, Train: 33.33%, Valid: 24.40%, Test: 22.60%, Best Valid: 24.40%, Best Test: 22.60%
Epoch: 100, Loss: 0.0002, Train: 100.00%, Valid: 77.20%, Test: 77.50%, Best Valid: 77.20%, Best Test: 77.20%
Epoch: 200, Loss: 0.0003, Train: 100.00%, Valid: 75.00%, Test: 78.40%, Best Valid: 77.60%, Best Test: 78.40%
Epoch: 300, Loss: 0.0002, Train: 100.00%, Valid: 68.80%, Test: 70.90%, Best Valid: 77.60%, Best Test: 78.40%
Epoch: 400, Loss: 0.0002, Train: 100.00%, Valid: 71.80%, Test: 73.20%, Best Valid: 77.60%, Best Test: 78.40%
Epoch: 500, Loss: 0.0003, Train: 100.00%, Valid: 64.60%, Test: 64.60%, Best Valid: 77.60%, Best Test: 78.40%
Epoch: 600, Loss: 0.0005, Train: 100.00%, Valid: 64.40%, Test: 67.80%, Best Valid: 77.60%, Best Test: 78.40%
Epoch: 700, Loss: 0.0018, Train: 100.00%, Valid: 61.60%, Test: 64.10%, Best Valid: 77.60%, Best Test: 78.40%
Epoch: 800, Loss: 0.0013, Train: 100.00%, Valid: 67.00%, Test: 66.70%, Best Valid: 77.60%, Best Test: 78.40%
Epoch: 900, Loss: 0.0061, Train: 98.33%, Valid: 71.00%, Test: 68.90%, Best Valid: 77.60%, Best Test: 78.40%
Run 05:
Highest Train: 100.00
Highest Valid: 77.60
Highest Test: 80.10
Chosen epoch: 131
Final Train: 100.00
Final Test: 78.40
All runs:
Highest Train: 100.00 ± 0.00
Highest Test: 78.32 ± 1.35
Highest Valid: 77.16 ± 0.71
  Final Train: 100.00 ± 0.00
   Final Test: 77.36 ± 0.98
Saving results to mlp_gt/results_full/pubmed/sgformer.csv

Running with MLP-GT Regularization (lambda=0.2)...
Namespace(aggregate='add', alpha=0.5, attention='gcn', beta=-1.0, bn=False, cpu=False, data_dir='../data/', dataset='pubmed', device=0, dim_inner=256, display_step=100, dropout=0.3, epochs=1000, global_dropout=None, global_layers=2, gnn='gcn', graph_weight=0.5, hidden_channels=256, hops=10, in_dropout=0.0, jk=False, label_num_per_class=20, lambda_val=0.2, layers=3, ln=False, local_gnn_type='GCN', local_layers=7, lr=0.01, metric='acc', mlp_epochs=500, mlp_reg=True, model='sgformer', model_dir='./model/', n_heads=1, num_centroids=4096, num_heads=1, oracle_reg=False, pe_types='RWSE', pre_linear=False, pre_ln=False, rand_split=False, rand_split_class=True, reg_start_epoch=10, reg_update_freq=5, res=False, result_dir='mlp_gt/results_full', runs=5, save_model=False, save_result=False, seed=123, test_num=1000, train_prop=0.5, use_act=True, use_bn=True, use_graph=True, use_reg=True, use_residual=True, use_weight=False, valid_num=500, valid_prop=0.25, weight_decay=0.0005)
pubmed
Num nodes: 19717
train:torch.Size([60]), valid:torch.Size([500]), test:torch.Size([1000])
dataset pubmed | num nodes 19717 | num edge 88648 | num node feats 500 | num classes 3
MODEL: SGFormer(
  (trans_conv): TransConv(
    (convs): ModuleList(
      (0): TransConvLayer(
        (Wk): Linear(in_features=256, out_features=256, bias=True)
        (Wq): Linear(in_features=256, out_features=256, bias=True)
      )
      (1): TransConvLayer(
        (Wk): Linear(in_features=256, out_features=256, bias=True)
        (Wq): Linear(in_features=256, out_features=256, bias=True)
      )
      (2): TransConvLayer(
        (Wk): Linear(in_features=256, out_features=256, bias=True)
        (Wq): Linear(in_features=256, out_features=256, bias=True)
      )
    )
    (fcs): ModuleList(
      (0): Linear(in_features=500, out_features=256, bias=True)
    )
    (bns): ModuleList(
      (0): LayerNorm((256,), eps=1e-05, elementwise_affine=True)
      (1): LayerNorm((256,), eps=1e-05, elementwise_affine=True)
      (2): LayerNorm((256,), eps=1e-05, elementwise_affine=True)
      (3): LayerNorm((256,), eps=1e-05, elementwise_affine=True)
    )
  )
  (gnn): GCN(
    (convs): ModuleList(
      (0): GCNConv(500, 256)
      (1): GCNConv(256, 256)
      (2): GCNConv(256, 256)
    )
    (bns): ModuleList(
      (0): BatchNorm1d(256, eps=1e-05, momentum=0.1, affine=True, track_running_stats=True)
      (1): BatchNorm1d(256, eps=1e-05, momentum=0.1, affine=True, track_running_stats=True)
    )
  )
  (fc): Linear(in_features=256, out_features=3, bias=True)
)
Pre-training MLP for 500 epochs to generate co-occurrence matrix...
MLP pre-training complete. Penalty matrix frozen.
Epoch: 00, Loss: 1.3853, Train: 48.33%, Valid: 43.00%, Test: 41.30%, Best Valid: 43.00%, Best Test: 41.30%
Epoch: 100, Loss: 0.0003, Train: 98.33%, Valid: 72.40%, Test: 70.50%, Best Valid: 72.40%, Best Test: 70.40%
Epoch: 200, Loss: 0.0018, Train: 100.00%, Valid: 73.20%, Test: 77.30%, Best Valid: 74.60%, Best Test: 76.40%
Epoch: 300, Loss: 0.0013, Train: 100.00%, Valid: 70.00%, Test: 73.10%, Best Valid: 75.20%, Best Test: 76.40%
Epoch: 400, Loss: 0.0008, Train: 100.00%, Valid: 69.20%, Test: 70.00%, Best Valid: 75.20%, Best Test: 76.40%
Epoch: 500, Loss: 0.0005, Train: 100.00%, Valid: 67.40%, Test: 67.60%, Best Valid: 75.20%, Best Test: 76.40%
Epoch: 600, Loss: 0.0008, Train: 100.00%, Valid: 70.40%, Test: 72.30%, Best Valid: 75.20%, Best Test: 76.40%
Epoch: 700, Loss: 0.0008, Train: 100.00%, Valid: 73.40%, Test: 74.30%, Best Valid: 75.20%, Best Test: 76.40%
Epoch: 800, Loss: 0.0013, Train: 100.00%, Valid: 70.80%, Test: 72.00%, Best Valid: 75.20%, Best Test: 76.40%
Epoch: 900, Loss: 0.0005, Train: 100.00%, Valid: 68.00%, Test: 69.00%, Best Valid: 75.20%, Best Test: 76.40%
Run 01:
Highest Train: 100.00
Highest Valid: 75.20
Highest Test: 77.80
Chosen epoch: 258
Final Train: 100.00
Final Test: 76.40
Pre-training MLP for 500 epochs to generate co-occurrence matrix...
MLP pre-training complete. Penalty matrix frozen.
Epoch: 00, Loss: 1.6949, Train: 55.00%, Valid: 36.20%, Test: 34.80%, Best Valid: 36.20%, Best Test: 34.80%
Epoch: 100, Loss: 0.0002, Train: 100.00%, Valid: 76.00%, Test: 78.50%, Best Valid: 76.80%, Best Test: 78.10%
Epoch: 200, Loss: 0.0004, Train: 100.00%, Valid: 69.60%, Test: 72.80%, Best Valid: 76.80%, Best Test: 78.10%
Epoch: 300, Loss: 0.0003, Train: 100.00%, Valid: 60.60%, Test: 63.70%, Best Valid: 76.80%, Best Test: 78.10%
Epoch: 400, Loss: 0.0001, Train: 100.00%, Valid: 73.00%, Test: 75.70%, Best Valid: 76.80%, Best Test: 78.10%
Epoch: 500, Loss: 0.0008, Train: 100.00%, Valid: 69.40%, Test: 70.50%, Best Valid: 76.80%, Best Test: 78.10%
Epoch: 600, Loss: 0.0009, Train: 100.00%, Valid: 71.00%, Test: 71.30%, Best Valid: 76.80%, Best Test: 78.10%
Epoch: 700, Loss: 0.0005, Train: 100.00%, Valid: 72.60%, Test: 74.30%, Best Valid: 76.80%, Best Test: 78.10%
Epoch: 800, Loss: 0.0005, Train: 100.00%, Valid: 64.80%, Test: 64.80%, Best Valid: 76.80%, Best Test: 78.10%
Epoch: 900, Loss: 0.0007, Train: 100.00%, Valid: 66.20%, Test: 67.50%, Best Valid: 76.80%, Best Test: 78.10%
Run 02:
Highest Train: 100.00
Highest Valid: 76.80
Highest Test: 78.90
Chosen epoch: 83
Final Train: 100.00
Final Test: 78.10
Pre-training MLP for 500 epochs to generate co-occurrence matrix...
MLP pre-training complete. Penalty matrix frozen.
Epoch: 00, Loss: 1.8201, Train: 53.33%, Valid: 45.20%, Test: 46.90%, Best Valid: 45.20%, Best Test: 46.90%
Epoch: 100, Loss: 0.0003, Train: 100.00%, Valid: 77.60%, Test: 78.70%, Best Valid: 78.40%, Best Test: 78.60%
Epoch: 200, Loss: 0.0006, Train: 100.00%, Valid: 73.00%, Test: 75.60%, Best Valid: 78.40%, Best Test: 78.60%
Epoch: 300, Loss: 0.0004, Train: 100.00%, Valid: 65.20%, Test: 67.30%, Best Valid: 78.40%, Best Test: 78.60%
Epoch: 400, Loss: 0.0003, Train: 100.00%, Valid: 65.40%, Test: 66.50%, Best Valid: 78.40%, Best Test: 78.60%
Epoch: 500, Loss: 0.0008, Train: 100.00%, Valid: 72.00%, Test: 72.40%, Best Valid: 78.40%, Best Test: 78.60%
Epoch: 600, Loss: 0.0005, Train: 100.00%, Valid: 65.60%, Test: 65.90%, Best Valid: 78.40%, Best Test: 78.60%
Epoch: 700, Loss: 0.0008, Train: 100.00%, Valid: 67.20%, Test: 67.40%, Best Valid: 78.40%, Best Test: 78.60%
Epoch: 800, Loss: 0.0018, Train: 100.00%, Valid: 67.60%, Test: 69.50%, Best Valid: 78.40%, Best Test: 78.60%
Epoch: 900, Loss: 0.0167, Train: 91.67%, Valid: 56.40%, Test: 57.80%, Best Valid: 78.40%, Best Test: 78.60%
Run 03:
Highest Train: 100.00
Highest Valid: 78.40
Highest Test: 78.80
Chosen epoch: 78
Final Train: 100.00
Final Test: 78.60
Pre-training MLP for 500 epochs to generate co-occurrence matrix...
MLP pre-training complete. Penalty matrix frozen.
Epoch: 00, Loss: 2.2335, Train: 68.33%, Valid: 50.60%, Test: 53.10%, Best Valid: 50.60%, Best Test: 53.10%
Epoch: 100, Loss: 0.0002, Train: 100.00%, Valid: 76.60%, Test: 78.40%, Best Valid: 77.60%, Best Test: 78.90%
Epoch: 200, Loss: 0.0002, Train: 100.00%, Valid: 72.40%, Test: 76.70%, Best Valid: 77.60%, Best Test: 78.90%
Epoch: 300, Loss: 0.0004, Train: 100.00%, Valid: 70.00%, Test: 68.30%, Best Valid: 77.60%, Best Test: 78.90%
Epoch: 400, Loss: 0.0003, Train: 100.00%, Valid: 53.40%, Test: 55.60%, Best Valid: 77.60%, Best Test: 78.90%
Epoch: 500, Loss: 0.0010, Train: 100.00%, Valid: 71.80%, Test: 72.10%, Best Valid: 77.60%, Best Test: 78.90%
Epoch: 600, Loss: 0.0014, Train: 100.00%, Valid: 68.40%, Test: 70.90%, Best Valid: 77.60%, Best Test: 78.90%
Epoch: 700, Loss: 0.0011, Train: 100.00%, Valid: 60.60%, Test: 61.60%, Best Valid: 77.60%, Best Test: 78.90%
Epoch: 800, Loss: 0.0005, Train: 100.00%, Valid: 69.40%, Test: 71.00%, Best Valid: 77.60%, Best Test: 78.90%
Epoch: 900, Loss: 0.0007, Train: 100.00%, Valid: 65.20%, Test: 67.10%, Best Valid: 77.60%, Best Test: 78.90%
Run 04:
Highest Train: 100.00
Highest Valid: 77.60
Highest Test: 80.30
Chosen epoch: 66
Final Train: 100.00
Final Test: 78.90
Pre-training MLP for 500 epochs to generate co-occurrence matrix...
MLP pre-training complete. Penalty matrix frozen.
Epoch: 00, Loss: 2.2172, Train: 55.00%, Valid: 39.20%, Test: 39.60%, Best Valid: 39.20%, Best Test: 39.60%
Epoch: 100, Loss: 0.0001, Train: 100.00%, Valid: 70.00%, Test: 72.20%, Best Valid: 70.20%, Best Test: 72.10%
Epoch: 200, Loss: 0.0003, Train: 100.00%, Valid: 71.00%, Test: 71.30%, Best Valid: 71.00%, Best Test: 71.30%
Epoch: 300, Loss: 0.0002, Train: 100.00%, Valid: 66.20%, Test: 66.60%, Best Valid: 72.80%, Best Test: 73.10%
Epoch: 400, Loss: 0.0006, Train: 100.00%, Valid: 72.00%, Test: 74.40%, Best Valid: 78.20%, Best Test: 78.00%
Epoch: 500, Loss: 0.0006, Train: 100.00%, Valid: 68.00%, Test: 69.30%, Best Valid: 78.20%, Best Test: 78.00%
Epoch: 600, Loss: 0.0006, Train: 100.00%, Valid: 69.20%, Test: 71.70%, Best Valid: 78.20%, Best Test: 78.00%
Epoch: 700, Loss: 0.0006, Train: 100.00%, Valid: 66.80%, Test: 67.30%, Best Valid: 78.20%, Best Test: 78.00%
Epoch: 800, Loss: 0.0008, Train: 100.00%, Valid: 69.40%, Test: 70.10%, Best Valid: 78.20%, Best Test: 78.00%
Epoch: 900, Loss: 0.0111, Train: 100.00%, Valid: 67.00%, Test: 67.90%, Best Valid: 78.20%, Best Test: 78.00%
Run 05:
Highest Train: 100.00
Highest Valid: 78.20
Highest Test: 78.50
Chosen epoch: 338
Final Train: 100.00
Final Test: 78.00
All runs:
Highest Train: 100.00 ± 0.00
Highest Test: 78.86 ± 0.91
Highest Valid: 77.24 ± 1.30
  Final Train: 100.00 ± 0.00
   Final Test: 78.00 ± 0.97
Saving results to mlp_gt/results_full/pubmed/sgformer.csv

Running with MLP-GT Regularization (lambda=0.4)...
Namespace(aggregate='add', alpha=0.5, attention='gcn', beta=-1.0, bn=False, cpu=False, data_dir='../data/', dataset='pubmed', device=0, dim_inner=256, display_step=100, dropout=0.3, epochs=1000, global_dropout=None, global_layers=2, gnn='gcn', graph_weight=0.5, hidden_channels=256, hops=10, in_dropout=0.0, jk=False, label_num_per_class=20, lambda_val=0.4, layers=3, ln=False, local_gnn_type='GCN', local_layers=7, lr=0.01, metric='acc', mlp_epochs=500, mlp_reg=True, model='sgformer', model_dir='./model/', n_heads=1, num_centroids=4096, num_heads=1, oracle_reg=False, pe_types='RWSE', pre_linear=False, pre_ln=False, rand_split=False, rand_split_class=True, reg_start_epoch=10, reg_update_freq=5, res=False, result_dir='mlp_gt/results_full', runs=5, save_model=False, save_result=False, seed=123, test_num=1000, train_prop=0.5, use_act=True, use_bn=True, use_graph=True, use_reg=True, use_residual=True, use_weight=False, valid_num=500, valid_prop=0.25, weight_decay=0.0005)
pubmed
Num nodes: 19717
train:torch.Size([60]), valid:torch.Size([500]), test:torch.Size([1000])
dataset pubmed | num nodes 19717 | num edge 88648 | num node feats 500 | num classes 3
MODEL: SGFormer(
  (trans_conv): TransConv(
    (convs): ModuleList(
      (0): TransConvLayer(
        (Wk): Linear(in_features=256, out_features=256, bias=True)
        (Wq): Linear(in_features=256, out_features=256, bias=True)
      )
      (1): TransConvLayer(
        (Wk): Linear(in_features=256, out_features=256, bias=True)
        (Wq): Linear(in_features=256, out_features=256, bias=True)
      )
      (2): TransConvLayer(
        (Wk): Linear(in_features=256, out_features=256, bias=True)
        (Wq): Linear(in_features=256, out_features=256, bias=True)
      )
    )
    (fcs): ModuleList(
      (0): Linear(in_features=500, out_features=256, bias=True)
    )
    (bns): ModuleList(
      (0): LayerNorm((256,), eps=1e-05, elementwise_affine=True)
      (1): LayerNorm((256,), eps=1e-05, elementwise_affine=True)
      (2): LayerNorm((256,), eps=1e-05, elementwise_affine=True)
      (3): LayerNorm((256,), eps=1e-05, elementwise_affine=True)
    )
  )
  (gnn): GCN(
    (convs): ModuleList(
      (0): GCNConv(500, 256)
      (1): GCNConv(256, 256)
      (2): GCNConv(256, 256)
    )
    (bns): ModuleList(
      (0): BatchNorm1d(256, eps=1e-05, momentum=0.1, affine=True, track_running_stats=True)
      (1): BatchNorm1d(256, eps=1e-05, momentum=0.1, affine=True, track_running_stats=True)
    )
  )
  (fc): Linear(in_features=256, out_features=3, bias=True)
)
Pre-training MLP for 500 epochs to generate co-occurrence matrix...
MLP pre-training complete. Penalty matrix frozen.
Epoch: 00, Loss: 1.6162, Train: 51.67%, Valid: 44.20%, Test: 43.80%, Best Valid: 44.20%, Best Test: 43.80%
Epoch: 100, Loss: 0.0004, Train: 100.00%, Valid: 67.60%, Test: 69.20%, Best Valid: 69.60%, Best Test: 67.60%
Epoch: 200, Loss: 0.0006, Train: 100.00%, Valid: 67.60%, Test: 68.40%, Best Valid: 72.80%, Best Test: 73.60%
Epoch: 300, Loss: 0.0011, Train: 100.00%, Valid: 67.20%, Test: 67.30%, Best Valid: 72.80%, Best Test: 73.60%
Epoch: 400, Loss: 0.0009, Train: 100.00%, Valid: 63.80%, Test: 63.60%, Best Valid: 72.80%, Best Test: 73.60%
Epoch: 500, Loss: 0.0003, Train: 100.00%, Valid: 62.40%, Test: 58.10%, Best Valid: 72.80%, Best Test: 73.60%
Epoch: 600, Loss: 0.0010, Train: 100.00%, Valid: 71.20%, Test: 70.90%, Best Valid: 77.00%, Best Test: 75.40%
Epoch: 700, Loss: 0.0007, Train: 100.00%, Valid: 65.00%, Test: 67.00%, Best Valid: 77.00%, Best Test: 75.40%
Epoch: 800, Loss: 0.0005, Train: 93.33%, Valid: 63.80%, Test: 61.10%, Best Valid: 77.00%, Best Test: 75.40%
Epoch: 900, Loss: 0.0016, Train: 100.00%, Valid: 72.00%, Test: 74.30%, Best Valid: 77.00%, Best Test: 75.40%
Run 01:
Highest Train: 100.00
Highest Valid: 77.00
Highest Test: 76.90
Chosen epoch: 531
Final Train: 100.00
Final Test: 75.40
Pre-training MLP for 500 epochs to generate co-occurrence matrix...
MLP pre-training complete. Penalty matrix frozen.
Epoch: 00, Loss: 2.1442, Train: 65.00%, Valid: 44.80%, Test: 43.40%, Best Valid: 44.80%, Best Test: 43.40%
Epoch: 100, Loss: 0.0003, Train: 100.00%, Valid: 77.80%, Test: 79.70%, Best Valid: 79.80%, Best Test: 79.40%
Epoch: 200, Loss: 0.0002, Train: 100.00%, Valid: 77.00%, Test: 78.70%, Best Valid: 79.80%, Best Test: 79.40%
Epoch: 300, Loss: 0.0004, Train: 100.00%, Valid: 69.00%, Test: 71.40%, Best Valid: 79.80%, Best Test: 79.40%
Epoch: 400, Loss: 0.0004, Train: 100.00%, Valid: 71.00%, Test: 73.00%, Best Valid: 79.80%, Best Test: 79.40%
Epoch: 500, Loss: 0.0005, Train: 100.00%, Valid: 67.00%, Test: 67.50%, Best Valid: 79.80%, Best Test: 79.40%
Epoch: 600, Loss: 0.0010, Train: 100.00%, Valid: 60.80%, Test: 61.40%, Best Valid: 79.80%, Best Test: 79.40%
Epoch: 700, Loss: 0.0009, Train: 100.00%, Valid: 69.60%, Test: 66.80%, Best Valid: 79.80%, Best Test: 79.40%
Epoch: 800, Loss: 0.0007, Train: 100.00%, Valid: 71.00%, Test: 71.80%, Best Valid: 79.80%, Best Test: 79.40%
Epoch: 900, Loss: 0.0010, Train: 100.00%, Valid: 67.00%, Test: 69.80%, Best Valid: 79.80%, Best Test: 79.40%
Run 02:
Highest Train: 100.00
Highest Valid: 79.80
Highest Test: 80.10
Chosen epoch: 72
Final Train: 100.00
Final Test: 79.40
Pre-training MLP for 500 epochs to generate co-occurrence matrix...
MLP pre-training complete. Penalty matrix frozen.
Epoch: 00, Loss: 2.1890, Train: 61.67%, Valid: 52.20%, Test: 51.80%, Best Valid: 52.20%, Best Test: 51.80%
Epoch: 100, Loss: 0.0002, Train: 100.00%, Valid: 71.80%, Test: 74.10%, Best Valid: 72.20%, Best Test: 73.70%
Epoch: 200, Loss: 0.0005, Train: 100.00%, Valid: 71.80%, Test: 74.40%, Best Valid: 72.20%, Best Test: 73.70%
Epoch: 300, Loss: 0.0006, Train: 100.00%, Valid: 61.00%, Test: 64.30%, Best Valid: 72.60%, Best Test: 74.10%
Epoch: 400, Loss: 0.0004, Train: 100.00%, Valid: 71.80%, Test: 72.40%, Best Valid: 76.00%, Best Test: 72.80%
Epoch: 500, Loss: 0.0025, Train: 100.00%, Valid: 67.60%, Test: 67.50%, Best Valid: 76.00%, Best Test: 72.80%
Epoch: 600, Loss: 0.0005, Train: 100.00%, Valid: 62.80%, Test: 65.10%, Best Valid: 76.00%, Best Test: 72.80%
Epoch: 700, Loss: 0.0010, Train: 100.00%, Valid: 67.40%, Test: 65.50%, Best Valid: 76.00%, Best Test: 72.80%
Epoch: 800, Loss: 0.0018, Train: 100.00%, Valid: 62.60%, Test: 65.60%, Best Valid: 76.00%, Best Test: 72.80%
Epoch: 900, Loss: 0.0004, Train: 100.00%, Valid: 71.80%, Test: 73.60%, Best Valid: 76.00%, Best Test: 72.80%
Run 03:
Highest Train: 100.00
Highest Valid: 76.00
Highest Test: 76.00
Chosen epoch: 305
Final Train: 90.00
Final Test: 72.80
Pre-training MLP for 500 epochs to generate co-occurrence matrix...
MLP pre-training complete. Penalty matrix frozen.
Epoch: 00, Loss: 2.4701, Train: 65.00%, Valid: 43.00%, Test: 47.20%, Best Valid: 43.00%, Best Test: 47.20%
Epoch: 100, Loss: 0.0002, Train: 100.00%, Valid: 73.00%, Test: 72.90%, Best Valid: 73.00%, Best Test: 72.60%
Epoch: 200, Loss: 0.0003, Train: 100.00%, Valid: 72.00%, Test: 73.40%, Best Valid: 74.20%, Best Test: 73.60%
Epoch: 300, Loss: 0.0002, Train: 100.00%, Valid: 69.20%, Test: 69.40%, Best Valid: 74.20%, Best Test: 73.60%
Epoch: 400, Loss: 0.0003, Train: 100.00%, Valid: 66.80%, Test: 65.20%, Best Valid: 74.20%, Best Test: 73.60%
Epoch: 500, Loss: 0.0005, Train: 100.00%, Valid: 67.60%, Test: 72.70%, Best Valid: 74.20%, Best Test: 73.60%
Epoch: 600, Loss: 0.0009, Train: 100.00%, Valid: 68.60%, Test: 70.80%, Best Valid: 74.20%, Best Test: 73.60%
Epoch: 700, Loss: 0.0061, Train: 100.00%, Valid: 70.80%, Test: 71.40%, Best Valid: 74.40%, Best Test: 73.70%
Epoch: 800, Loss: 0.0010, Train: 100.00%, Valid: 68.60%, Test: 70.40%, Best Valid: 76.20%, Best Test: 74.90%
Epoch: 900, Loss: 0.0006, Train: 100.00%, Valid: 68.00%, Test: 69.20%, Best Valid: 76.20%, Best Test: 74.90%
Run 04:
Highest Train: 100.00
Highest Valid: 76.20
Highest Test: 77.60
Chosen epoch: 714
Final Train: 100.00
Final Test: 74.90
Pre-training MLP for 500 epochs to generate co-occurrence matrix...
MLP pre-training complete. Penalty matrix frozen.
Epoch: 00, Loss: 2.7942, Train: 55.00%, Valid: 44.00%, Test: 40.20%, Best Valid: 44.00%, Best Test: 40.20%
Epoch: 100, Loss: 0.0004, Train: 100.00%, Valid: 77.60%, Test: 78.60%, Best Valid: 77.80%, Best Test: 78.60%
Epoch: 200, Loss: 0.0004, Train: 100.00%, Valid: 76.20%, Test: 77.50%, Best Valid: 78.60%, Best Test: 79.00%
Epoch: 300, Loss: 0.0007, Train: 100.00%, Valid: 71.60%, Test: 72.50%, Best Valid: 78.60%, Best Test: 79.00%
Epoch: 400, Loss: 0.0005, Train: 100.00%, Valid: 74.20%, Test: 73.20%, Best Valid: 78.60%, Best Test: 79.00%
Epoch: 500, Loss: 0.0003, Train: 100.00%, Valid: 66.60%, Test: 67.70%, Best Valid: 78.60%, Best Test: 79.00%
Epoch: 600, Loss: 0.0004, Train: 100.00%, Valid: 63.60%, Test: 64.90%, Best Valid: 78.60%, Best Test: 79.00%
Epoch: 700, Loss: 0.0009, Train: 100.00%, Valid: 70.40%, Test: 72.50%, Best Valid: 78.60%, Best Test: 79.00%
Epoch: 800, Loss: 0.0012, Train: 100.00%, Valid: 66.40%, Test: 65.80%, Best Valid: 78.60%, Best Test: 79.00%
Epoch: 900, Loss: 0.0005, Train: 100.00%, Valid: 68.00%, Test: 69.10%, Best Valid: 78.60%, Best Test: 79.00%
Run 05:
Highest Train: 100.00
Highest Valid: 78.60
Highest Test: 79.00
Chosen epoch: 123
Final Train: 100.00
Final Test: 79.00
All runs:
Highest Train: 100.00 ± 0.00
Highest Test: 77.92 ± 1.64
Highest Valid: 77.52 ± 1.63
  Final Train: 98.00 ± 4.47
   Final Test: 76.30 ± 2.82
Saving results to mlp_gt/results_full/pubmed/sgformer.csv

GT sweep completed!
==========================================================
Task 30 (sgformer / pubmed) completed at: Tue Apr 28 08:47:35 AM EDT 2026
==========================================================
