Downloading https://github.com/kimiyoung/planetoid/raw/master/data/ind.cora.x
Downloading https://github.com/kimiyoung/planetoid/raw/master/data/ind.cora.tx
Downloading https://github.com/kimiyoung/planetoid/raw/master/data/ind.cora.allx
Downloading https://github.com/kimiyoung/planetoid/raw/master/data/ind.cora.y
Downloading https://github.com/kimiyoung/planetoid/raw/master/data/ind.cora.ty
Downloading https://github.com/kimiyoung/planetoid/raw/master/data/ind.cora.ally
Downloading https://github.com/kimiyoung/planetoid/raw/master/data/ind.cora.graph
Downloading https://github.com/kimiyoung/planetoid/raw/master/data/ind.cora.test.index
Processing...
Done!
/mmfs1/project/ikoutis/github/co-occurrence-regularization/medium_graph/GTs_baselines/nodeformer.py:32: UserWarning: torch.qr is deprecated in favor of torch.linalg.qr and will be removed in a future PyTorch release.
The boolean parameter 'some' has been replaced with a string parameter 'mode'.
Q, R = torch.qr(A, some)
should be replaced with
Q, R = torch.linalg.qr(A, 'reduced' if some else 'complete') (Triggered internally at  /opt/conda/conda-bld/pytorch_1659484683044/work/aten/src/ATen/native/BatchLinearAlgebra.cpp:2491.)
  q, _ = torch.qr(unstructured_block)
/project/ikoutis/conda_env/co-occurrence/lib/python3.8/site-packages/torch/nn/functional.py:1960: UserWarning: nn.functional.sigmoid is deprecated. Use torch.sigmoid instead.
  warnings.warn("nn.functional.sigmoid is deprecated. Use torch.sigmoid instead.")
Traceback (most recent call last):
  File "main.py", line 164, in <module>
    out = model(dataset.graph['node_feat'], dataset.graph['edge_index'])
  File "/project/ikoutis/conda_env/co-occurrence/lib/python3.8/site-packages/torch/nn/modules/module.py", line 1130, in _call_impl
    return forward_call(*input, **kwargs)
  File "/mmfs1/project/ikoutis/github/co-occurrence-regularization/medium_graph/GTs_baselines/nodeformer.py", line 375, in forward
    z, link_loss = conv(z, adjs, tau)
  File "/project/ikoutis/conda_env/co-occurrence/lib/python3.8/site-packages/torch/nn/modules/module.py", line 1130, in _call_impl
    return forward_call(*input, **kwargs)
  File "/mmfs1/project/ikoutis/github/co-occurrence-regularization/medium_graph/GTs_baselines/nodeformer.py", line 286, in forward
    z_next += add_conv_relational_bias(value, adjs[i], self.b[i], self.rb_trans)
  File "/mmfs1/project/ikoutis/github/co-occurrence-regularization/medium_graph/GTs_baselines/nodeformer.py", line 221, in add_conv_relational_bias
    conv_output.append( matmul(adj_i, x[:, :, i]) )  # [B, N, D]
  File "/project/ikoutis/conda_env/co-occurrence/lib/python3.8/site-packages/torch_sparse/matmul.py", line 160, in matmul
    return spmm(src, other, reduce)
  File "/project/ikoutis/conda_env/co-occurrence/lib/python3.8/site-packages/torch_sparse/matmul.py", line 83, in spmm
    return spmm_sum(src, other)
  File "/project/ikoutis/conda_env/co-occurrence/lib/python3.8/site-packages/torch_sparse/matmul.py", line 10, in spmm_sum
    rowptr, col, value = src.csr()
  File "/project/ikoutis/conda_env/co-occurrence/lib/python3.8/site-packages/torch_sparse/tensor.py", line 237, in csr
    return self.storage.rowptr(), self.storage.col(), self.storage.value()
  File "/project/ikoutis/conda_env/co-occurrence/lib/python3.8/site-packages/torch_sparse/storage.py", line 209, in rowptr
    rowptr = torch.ops.torch_sparse.ind2ptr(row, self._sparse_sizes[0])
  File "/project/ikoutis/conda_env/co-occurrence/lib/python3.8/site-packages/torch/_ops.py", line 143, in __call__
    return self._op(*args, **kwargs or {})
RuntimeError: Not compiled with CUDA support
/mmfs1/project/ikoutis/github/co-occurrence-regularization/medium_graph/GTs_baselines/nodeformer.py:32: UserWarning: torch.qr is deprecated in favor of torch.linalg.qr and will be removed in a future PyTorch release.
The boolean parameter 'some' has been replaced with a string parameter 'mode'.
Q, R = torch.qr(A, some)
should be replaced with
Q, R = torch.linalg.qr(A, 'reduced' if some else 'complete') (Triggered internally at  /opt/conda/conda-bld/pytorch_1659484683044/work/aten/src/ATen/native/BatchLinearAlgebra.cpp:2491.)
  q, _ = torch.qr(unstructured_block)
/project/ikoutis/conda_env/co-occurrence/lib/python3.8/site-packages/torch/nn/functional.py:1960: UserWarning: nn.functional.sigmoid is deprecated. Use torch.sigmoid instead.
  warnings.warn("nn.functional.sigmoid is deprecated. Use torch.sigmoid instead.")
Traceback (most recent call last):
  File "main.py", line 164, in <module>
    out = model(dataset.graph['node_feat'], dataset.graph['edge_index'])
  File "/project/ikoutis/conda_env/co-occurrence/lib/python3.8/site-packages/torch/nn/modules/module.py", line 1130, in _call_impl
    return forward_call(*input, **kwargs)
  File "/mmfs1/project/ikoutis/github/co-occurrence-regularization/medium_graph/GTs_baselines/nodeformer.py", line 375, in forward
    z, link_loss = conv(z, adjs, tau)
  File "/project/ikoutis/conda_env/co-occurrence/lib/python3.8/site-packages/torch/nn/modules/module.py", line 1130, in _call_impl
    return forward_call(*input, **kwargs)
  File "/mmfs1/project/ikoutis/github/co-occurrence-regularization/medium_graph/GTs_baselines/nodeformer.py", line 286, in forward
    z_next += add_conv_relational_bias(value, adjs[i], self.b[i], self.rb_trans)
  File "/mmfs1/project/ikoutis/github/co-occurrence-regularization/medium_graph/GTs_baselines/nodeformer.py", line 221, in add_conv_relational_bias
    conv_output.append( matmul(adj_i, x[:, :, i]) )  # [B, N, D]
  File "/project/ikoutis/conda_env/co-occurrence/lib/python3.8/site-packages/torch_sparse/matmul.py", line 160, in matmul
    return spmm(src, other, reduce)
  File "/project/ikoutis/conda_env/co-occurrence/lib/python3.8/site-packages/torch_sparse/matmul.py", line 83, in spmm
    return spmm_sum(src, other)
  File "/project/ikoutis/conda_env/co-occurrence/lib/python3.8/site-packages/torch_sparse/matmul.py", line 10, in spmm_sum
    rowptr, col, value = src.csr()
  File "/project/ikoutis/conda_env/co-occurrence/lib/python3.8/site-packages/torch_sparse/tensor.py", line 237, in csr
    return self.storage.rowptr(), self.storage.col(), self.storage.value()
  File "/project/ikoutis/conda_env/co-occurrence/lib/python3.8/site-packages/torch_sparse/storage.py", line 209, in rowptr
    rowptr = torch.ops.torch_sparse.ind2ptr(row, self._sparse_sizes[0])
  File "/project/ikoutis/conda_env/co-occurrence/lib/python3.8/site-packages/torch/_ops.py", line 143, in __call__
    return self._op(*args, **kwargs or {})
RuntimeError: Not compiled with CUDA support
/mmfs1/project/ikoutis/github/co-occurrence-regularization/medium_graph/GTs_baselines/nodeformer.py:32: UserWarning: torch.qr is deprecated in favor of torch.linalg.qr and will be removed in a future PyTorch release.
The boolean parameter 'some' has been replaced with a string parameter 'mode'.
Q, R = torch.qr(A, some)
should be replaced with
Q, R = torch.linalg.qr(A, 'reduced' if some else 'complete') (Triggered internally at  /opt/conda/conda-bld/pytorch_1659484683044/work/aten/src/ATen/native/BatchLinearAlgebra.cpp:2491.)
  q, _ = torch.qr(unstructured_block)
/project/ikoutis/conda_env/co-occurrence/lib/python3.8/site-packages/torch/nn/functional.py:1960: UserWarning: nn.functional.sigmoid is deprecated. Use torch.sigmoid instead.
  warnings.warn("nn.functional.sigmoid is deprecated. Use torch.sigmoid instead.")
Traceback (most recent call last):
  File "main.py", line 164, in <module>
    out = model(dataset.graph['node_feat'], dataset.graph['edge_index'])
  File "/project/ikoutis/conda_env/co-occurrence/lib/python3.8/site-packages/torch/nn/modules/module.py", line 1130, in _call_impl
    return forward_call(*input, **kwargs)
  File "/mmfs1/project/ikoutis/github/co-occurrence-regularization/medium_graph/GTs_baselines/nodeformer.py", line 375, in forward
    z, link_loss = conv(z, adjs, tau)
  File "/project/ikoutis/conda_env/co-occurrence/lib/python3.8/site-packages/torch/nn/modules/module.py", line 1130, in _call_impl
    return forward_call(*input, **kwargs)
  File "/mmfs1/project/ikoutis/github/co-occurrence-regularization/medium_graph/GTs_baselines/nodeformer.py", line 286, in forward
    z_next += add_conv_relational_bias(value, adjs[i], self.b[i], self.rb_trans)
  File "/mmfs1/project/ikoutis/github/co-occurrence-regularization/medium_graph/GTs_baselines/nodeformer.py", line 221, in add_conv_relational_bias
    conv_output.append( matmul(adj_i, x[:, :, i]) )  # [B, N, D]
  File "/project/ikoutis/conda_env/co-occurrence/lib/python3.8/site-packages/torch_sparse/matmul.py", line 160, in matmul
    return spmm(src, other, reduce)
  File "/project/ikoutis/conda_env/co-occurrence/lib/python3.8/site-packages/torch_sparse/matmul.py", line 83, in spmm
    return spmm_sum(src, other)
  File "/project/ikoutis/conda_env/co-occurrence/lib/python3.8/site-packages/torch_sparse/matmul.py", line 10, in spmm_sum
    rowptr, col, value = src.csr()
  File "/project/ikoutis/conda_env/co-occurrence/lib/python3.8/site-packages/torch_sparse/tensor.py", line 237, in csr
    return self.storage.rowptr(), self.storage.col(), self.storage.value()
  File "/project/ikoutis/conda_env/co-occurrence/lib/python3.8/site-packages/torch_sparse/storage.py", line 209, in rowptr
    rowptr = torch.ops.torch_sparse.ind2ptr(row, self._sparse_sizes[0])
  File "/project/ikoutis/conda_env/co-occurrence/lib/python3.8/site-packages/torch/_ops.py", line 143, in __call__
    return self._op(*args, **kwargs or {})
RuntimeError: Not compiled with CUDA support
/mmfs1/project/ikoutis/github/co-occurrence-regularization/medium_graph/GTs_baselines/nodeformer.py:32: UserWarning: torch.qr is deprecated in favor of torch.linalg.qr and will be removed in a future PyTorch release.
The boolean parameter 'some' has been replaced with a string parameter 'mode'.
Q, R = torch.qr(A, some)
should be replaced with
Q, R = torch.linalg.qr(A, 'reduced' if some else 'complete') (Triggered internally at  /opt/conda/conda-bld/pytorch_1659484683044/work/aten/src/ATen/native/BatchLinearAlgebra.cpp:2491.)
  q, _ = torch.qr(unstructured_block)
/project/ikoutis/conda_env/co-occurrence/lib/python3.8/site-packages/torch/nn/functional.py:1960: UserWarning: nn.functional.sigmoid is deprecated. Use torch.sigmoid instead.
  warnings.warn("nn.functional.sigmoid is deprecated. Use torch.sigmoid instead.")
Traceback (most recent call last):
  File "main.py", line 164, in <module>
    out = model(dataset.graph['node_feat'], dataset.graph['edge_index'])
  File "/project/ikoutis/conda_env/co-occurrence/lib/python3.8/site-packages/torch/nn/modules/module.py", line 1130, in _call_impl
    return forward_call(*input, **kwargs)
  File "/mmfs1/project/ikoutis/github/co-occurrence-regularization/medium_graph/GTs_baselines/nodeformer.py", line 375, in forward
    z, link_loss = conv(z, adjs, tau)
  File "/project/ikoutis/conda_env/co-occurrence/lib/python3.8/site-packages/torch/nn/modules/module.py", line 1130, in _call_impl
    return forward_call(*input, **kwargs)
  File "/mmfs1/project/ikoutis/github/co-occurrence-regularization/medium_graph/GTs_baselines/nodeformer.py", line 286, in forward
    z_next += add_conv_relational_bias(value, adjs[i], self.b[i], self.rb_trans)
  File "/mmfs1/project/ikoutis/github/co-occurrence-regularization/medium_graph/GTs_baselines/nodeformer.py", line 221, in add_conv_relational_bias
    conv_output.append( matmul(adj_i, x[:, :, i]) )  # [B, N, D]
  File "/project/ikoutis/conda_env/co-occurrence/lib/python3.8/site-packages/torch_sparse/matmul.py", line 160, in matmul
    return spmm(src, other, reduce)
  File "/project/ikoutis/conda_env/co-occurrence/lib/python3.8/site-packages/torch_sparse/matmul.py", line 83, in spmm
    return spmm_sum(src, other)
  File "/project/ikoutis/conda_env/co-occurrence/lib/python3.8/site-packages/torch_sparse/matmul.py", line 10, in spmm_sum
    rowptr, col, value = src.csr()
  File "/project/ikoutis/conda_env/co-occurrence/lib/python3.8/site-packages/torch_sparse/tensor.py", line 237, in csr
    return self.storage.rowptr(), self.storage.col(), self.storage.value()
  File "/project/ikoutis/conda_env/co-occurrence/lib/python3.8/site-packages/torch_sparse/storage.py", line 209, in rowptr
    rowptr = torch.ops.torch_sparse.ind2ptr(row, self._sparse_sizes[0])
  File "/project/ikoutis/conda_env/co-occurrence/lib/python3.8/site-packages/torch/_ops.py", line 143, in __call__
    return self._op(*args, **kwargs or {})
RuntimeError: Not compiled with CUDA support
/mmfs1/project/ikoutis/github/co-occurrence-regularization/medium_graph/GTs_baselines/nodeformer.py:32: UserWarning: torch.qr is deprecated in favor of torch.linalg.qr and will be removed in a future PyTorch release.
The boolean parameter 'some' has been replaced with a string parameter 'mode'.
Q, R = torch.qr(A, some)
should be replaced with
Q, R = torch.linalg.qr(A, 'reduced' if some else 'complete') (Triggered internally at  /opt/conda/conda-bld/pytorch_1659484683044/work/aten/src/ATen/native/BatchLinearAlgebra.cpp:2491.)
  q, _ = torch.qr(unstructured_block)
/project/ikoutis/conda_env/co-occurrence/lib/python3.8/site-packages/torch/nn/functional.py:1960: UserWarning: nn.functional.sigmoid is deprecated. Use torch.sigmoid instead.
  warnings.warn("nn.functional.sigmoid is deprecated. Use torch.sigmoid instead.")
Traceback (most recent call last):
  File "main.py", line 164, in <module>
    out = model(dataset.graph['node_feat'], dataset.graph['edge_index'])
  File "/project/ikoutis/conda_env/co-occurrence/lib/python3.8/site-packages/torch/nn/modules/module.py", line 1130, in _call_impl
    return forward_call(*input, **kwargs)
  File "/mmfs1/project/ikoutis/github/co-occurrence-regularization/medium_graph/GTs_baselines/nodeformer.py", line 375, in forward
    z, link_loss = conv(z, adjs, tau)
  File "/project/ikoutis/conda_env/co-occurrence/lib/python3.8/site-packages/torch/nn/modules/module.py", line 1130, in _call_impl
    return forward_call(*input, **kwargs)
  File "/mmfs1/project/ikoutis/github/co-occurrence-regularization/medium_graph/GTs_baselines/nodeformer.py", line 286, in forward
    z_next += add_conv_relational_bias(value, adjs[i], self.b[i], self.rb_trans)
  File "/mmfs1/project/ikoutis/github/co-occurrence-regularization/medium_graph/GTs_baselines/nodeformer.py", line 221, in add_conv_relational_bias
    conv_output.append( matmul(adj_i, x[:, :, i]) )  # [B, N, D]
  File "/project/ikoutis/conda_env/co-occurrence/lib/python3.8/site-packages/torch_sparse/matmul.py", line 160, in matmul
    return spmm(src, other, reduce)
  File "/project/ikoutis/conda_env/co-occurrence/lib/python3.8/site-packages/torch_sparse/matmul.py", line 83, in spmm
    return spmm_sum(src, other)
  File "/project/ikoutis/conda_env/co-occurrence/lib/python3.8/site-packages/torch_sparse/matmul.py", line 10, in spmm_sum
    rowptr, col, value = src.csr()
  File "/project/ikoutis/conda_env/co-occurrence/lib/python3.8/site-packages/torch_sparse/tensor.py", line 237, in csr
    return self.storage.rowptr(), self.storage.col(), self.storage.value()
  File "/project/ikoutis/conda_env/co-occurrence/lib/python3.8/site-packages/torch_sparse/storage.py", line 209, in rowptr
    rowptr = torch.ops.torch_sparse.ind2ptr(row, self._sparse_sizes[0])
  File "/project/ikoutis/conda_env/co-occurrence/lib/python3.8/site-packages/torch/_ops.py", line 143, in __call__
    return self._op(*args, **kwargs or {})
RuntimeError: Not compiled with CUDA support
