==========================================================
MLP-GT Full Sweep | Task 10
Job: 1011972 | Date: Tue Apr 28 08:00:50 AM EDT 2026 | Host: n0089
==========================================================
Tue Apr 28 08:00:56 2026       
+-----------------------------------------------------------------------------------------+
| NVIDIA-SMI 570.211.01             Driver Version: 570.211.01     CUDA Version: 12.8     |
|-----------------------------------------+------------------------+----------------------+
| GPU  Name                 Persistence-M | Bus-Id          Disp.A | Volatile Uncorr. ECC |
| Fan  Temp   Perf          Pwr:Usage/Cap |           Memory-Usage | GPU-Util  Compute M. |
|                                         |                        |               MIG M. |
|=========================================+========================+======================|
|   0  NVIDIA A100-SXM4-80GB          On  |   00000000:01:00.0 Off |                   On |
| N/A   26C    P0             52W /  500W |     185MiB /  81920MiB |     N/A      Default |
|                                         |                        |              Enabled |
+-----------------------------------------+------------------------+----------------------+
|   1  NVIDIA A100-SXM4-80GB          On  |   00000000:41:00.0 Off |                   On |
| N/A   25C    P0             48W /  500W |     185MiB /  81920MiB |     N/A      Default |
|                                         |                        |              Enabled |
+-----------------------------------------+------------------------+----------------------+
|   2  NVIDIA A100-SXM4-80GB          On  |   00000000:81:00.0 Off |                   On |
| N/A   40C    P0            151W /  500W |   37003MiB /  81920MiB |     N/A      Default |
|                                         |                        |              Enabled |
+-----------------------------------------+------------------------+----------------------+
|   3  NVIDIA A100-SXM4-80GB          On  |   00000000:C1:00.0 Off |                   On |
| N/A   25C    P0             51W /  500W |     185MiB /  81920MiB |     N/A      Default |
|                                         |                        |              Enabled |
+-----------------------------------------+------------------------+----------------------+

+-----------------------------------------------------------------------------------------+
| MIG devices:                                                                            |
+------------------+----------------------------------+-----------+-----------------------+
| GPU  GI  CI  MIG |                     Memory-Usage |        Vol|        Shared         |
|      ID  ID  Dev |                       BAR1-Usage | SM     Unc| CE ENC  DEC  OFA  JPG |
|                  |                                  |        ECC|                       |
|==================+==================================+===========+=======================|
|  2    3   0   0  |              53MiB / 19968MiB    | 28      0 |  2   0    1    0    0 |
|                  |                 0MiB / 32767MiB  |           |                       |
+------------------+----------------------------------+-----------+-----------------------+
                                                                                         
+-----------------------------------------------------------------------------------------+
| Processes:                                                                              |
|  GPU   GI   CI              PID   Type   Process name                        GPU Memory |
|        ID   ID                                                               Usage      |
|=========================================================================================|
|  No running processes found                                                             |
+-----------------------------------------------------------------------------------------+
1.12.1
True
NVIDIA A100-SXM4-80GB MIG 2g.20gb
Model: polynormer | Dataset: coauthor-physics
Split flags: --rand_split_class --valid_num 500 --test_num 1000 --seed 123
==========================================================
Starting mlp_gt GT Sweep for:
python main.py --model polynormer --dataset coauthor-physics         --hidden_channels 128 --local_layers 2 --global_layers 2 --num_heads 4         --lr 0.01 --weight_decay 5e-4 --dropout 0.3 --epochs 1000         --runs 5 --device 0         --rand_split_class --valid_num 500 --test_num 1000 --seed 123
Result dir: mlp_gt/results_full
==========================================================
Running GT Baseline (no reg)...
Namespace(aggregate='add', alpha=0.5, attention='gcn', beta=-1.0, bn=False, cpu=False, data_dir='../data/', dataset='coauthor-physics', device=0, dim_inner=128, display_step=100, dropout=0.3, epochs=1000, global_dropout=None, global_layers=2, gnn='gcn', graph_weight=0.8, hidden_channels=128, hops=10, in_dropout=0.0, jk=False, label_num_per_class=20, lambda_val=0.5, layers=1, ln=False, local_gnn_type='GCN', local_layers=2, lr=0.01, metric='acc', mlp_epochs=500, mlp_reg=False, model='polynormer', model_dir='./model/', n_heads=4, num_centroids=4096, num_heads=4, oracle_reg=False, pe_types='RWSE', pre_linear=False, pre_ln=False, rand_split=False, rand_split_class=True, reg_start_epoch=10, reg_update_freq=5, res=False, result_dir='mlp_gt/results_full', runs=5, save_model=False, save_result=False, seed=123, test_num=1000, train_prop=0.5, use_act=False, use_bn=False, use_graph=False, use_reg=False, use_residual=False, use_weight=False, valid_num=500, valid_prop=0.25, weight_decay=0.0005)
coauthor-physics
train:torch.Size([100]), valid:torch.Size([500]), test:torch.Size([1000])
dataset coauthor-physics | num nodes 34493 | num edge 495924 | num node feats 8415 | num classes 5
MODEL: Polynormer(
  (h_lins): ModuleList(
    (0): Linear(in_features=512, out_features=512, bias=True)
    (1): Linear(in_features=512, out_features=512, bias=True)
  )
  (local_convs): ModuleList(
    (0): GATConv(512, 128, heads=4)
    (1): GATConv(512, 128, heads=4)
  )
  (lins): ModuleList(
    (0): Linear(in_features=512, out_features=512, bias=True)
    (1): Linear(in_features=512, out_features=512, bias=True)
  )
  (lns): ModuleList(
    (0): LayerNorm((512,), eps=1e-05, elementwise_affine=True)
    (1): LayerNorm((512,), eps=1e-05, elementwise_affine=True)
  )
  (lin_in): Linear(in_features=8415, out_features=512, bias=True)
  (ln): LayerNorm((512,), eps=1e-05, elementwise_affine=True)
  (global_attn): GlobalAttn(
    (h_lins): ModuleList(
      (0): Linear(in_features=512, out_features=512, bias=True)
      (1): Linear(in_features=512, out_features=512, bias=True)
    )
    (k_lins): ModuleList(
      (0): Linear(in_features=512, out_features=512, bias=True)
      (1): Linear(in_features=512, out_features=512, bias=True)
    )
    (v_lins): ModuleList(
      (0): Linear(in_features=512, out_features=512, bias=True)
      (1): Linear(in_features=512, out_features=512, bias=True)
    )
    (lns): ModuleList(
      (0): LayerNorm((512,), eps=1e-05, elementwise_affine=True)
      (1): LayerNorm((512,), eps=1e-05, elementwise_affine=True)
    )
    (lin_out): Linear(in_features=512, out_features=512, bias=True)
  )
  (pred_local): Linear(in_features=512, out_features=5, bias=True)
  (pred_global): Linear(in_features=512, out_features=5, bias=True)
)
Epoch: 00, Loss: 1.6342, Train: 20.00%, Valid: 10.80%, Test: 11.00%, Best Valid: 10.80%, Best Test: 11.00%
Epoch: 100, Loss: 0.0006, Train: 100.00%, Valid: 90.20%, Test: 87.60%, Best Valid: 94.20%, Best Test: 92.30%
Epoch: 200, Loss: 0.0013, Train: 100.00%, Valid: 88.40%, Test: 88.40%, Best Valid: 94.20%, Best Test: 92.30%
Epoch: 300, Loss: 0.0062, Train: 100.00%, Valid: 86.40%, Test: 86.20%, Best Valid: 94.20%, Best Test: 92.30%
Epoch: 400, Loss: 0.4022, Train: 96.00%, Valid: 87.60%, Test: 85.60%, Best Valid: 94.20%, Best Test: 92.30%
Epoch: 500, Loss: 0.0437, Train: 100.00%, Valid: 91.00%, Test: 91.20%, Best Valid: 94.20%, Best Test: 92.30%
Epoch: 600, Loss: 0.0473, Train: 100.00%, Valid: 92.20%, Test: 92.60%, Best Valid: 94.20%, Best Test: 92.30%
Epoch: 700, Loss: 0.0014, Train: 100.00%, Valid: 91.00%, Test: 90.60%, Best Valid: 94.20%, Best Test: 92.30%
Epoch: 800, Loss: 0.0110, Train: 100.00%, Valid: 90.00%, Test: 91.20%, Best Valid: 94.20%, Best Test: 92.30%
Epoch: 900, Loss: 0.0038, Train: 100.00%, Valid: 90.20%, Test: 89.90%, Best Valid: 94.20%, Best Test: 92.30%
Run 01:
Highest Train: 100.00
Highest Valid: 94.20
Highest Test: 93.60
Chosen epoch: 19
Final Train: 100.00
Final Test: 92.30
Epoch: 00, Loss: 1.6072, Train: 20.00%, Valid: 10.80%, Test: 11.00%, Best Valid: 10.80%, Best Test: 11.00%
Epoch: 100, Loss: 0.0021, Train: 100.00%, Valid: 90.80%, Test: 90.80%, Best Valid: 93.20%, Best Test: 91.20%
Epoch: 200, Loss: 0.0004, Train: 100.00%, Valid: 89.80%, Test: 89.90%, Best Valid: 93.20%, Best Test: 91.20%
Epoch: 300, Loss: 0.0111, Train: 100.00%, Valid: 87.80%, Test: 88.10%, Best Valid: 93.20%, Best Test: 91.20%
Epoch: 400, Loss: 0.0036, Train: 100.00%, Valid: 87.20%, Test: 86.90%, Best Valid: 93.20%, Best Test: 91.20%
Epoch: 500, Loss: 0.0026, Train: 100.00%, Valid: 89.40%, Test: 89.20%, Best Valid: 93.20%, Best Test: 91.20%
Epoch: 600, Loss: 0.0541, Train: 100.00%, Valid: 83.00%, Test: 83.20%, Best Valid: 93.20%, Best Test: 91.20%
Epoch: 700, Loss: 0.0010, Train: 98.00%, Valid: 86.20%, Test: 86.30%, Best Valid: 93.20%, Best Test: 91.20%
Epoch: 800, Loss: 0.0029, Train: 100.00%, Valid: 85.40%, Test: 85.20%, Best Valid: 93.20%, Best Test: 91.20%
Epoch: 900, Loss: 0.0007, Train: 100.00%, Valid: 86.20%, Test: 86.30%, Best Valid: 93.20%, Best Test: 91.20%
Run 02:
Highest Train: 100.00
Highest Valid: 93.20
Highest Test: 92.30
Chosen epoch: 8
Final Train: 100.00
Final Test: 91.20
Epoch: 00, Loss: 1.6202, Train: 20.00%, Valid: 9.40%, Test: 9.20%, Best Valid: 9.40%, Best Test: 9.20%
Epoch: 100, Loss: 0.0012, Train: 100.00%, Valid: 87.40%, Test: 88.00%, Best Valid: 92.20%, Best Test: 91.30%
Epoch: 200, Loss: 1.3060, Train: 61.00%, Valid: 57.80%, Test: 60.30%, Best Valid: 93.20%, Best Test: 92.20%
Epoch: 300, Loss: 0.0010, Train: 100.00%, Valid: 83.80%, Test: 83.70%, Best Valid: 93.20%, Best Test: 92.20%
Epoch: 400, Loss: 0.0013, Train: 100.00%, Valid: 92.40%, Test: 89.60%, Best Valid: 93.20%, Best Test: 92.20%
Epoch: 500, Loss: 0.0175, Train: 100.00%, Valid: 89.00%, Test: 88.00%, Best Valid: 93.20%, Best Test: 92.20%
Epoch: 600, Loss: 0.0467, Train: 100.00%, Valid: 87.20%, Test: 87.00%, Best Valid: 93.20%, Best Test: 92.20%
Epoch: 700, Loss: 0.0013, Train: 100.00%, Valid: 85.20%, Test: 84.90%, Best Valid: 93.20%, Best Test: 92.20%
Epoch: 800, Loss: 0.0020, Train: 100.00%, Valid: 92.60%, Test: 90.80%, Best Valid: 93.20%, Best Test: 92.20%
Epoch: 900, Loss: 0.0033, Train: 100.00%, Valid: 89.80%, Test: 89.10%, Best Valid: 94.80%, Best Test: 92.80%
Run 03:
Highest Train: 100.00
Highest Valid: 94.80
Highest Test: 93.00
Chosen epoch: 844
Final Train: 100.00
Final Test: 92.80
Epoch: 00, Loss: 1.6062, Train: 20.00%, Valid: 9.40%, Test: 9.20%, Best Valid: 9.40%, Best Test: 9.20%
Epoch: 100, Loss: 0.0005, Train: 100.00%, Valid: 86.00%, Test: 84.90%, Best Valid: 94.60%, Best Test: 92.80%
Epoch: 200, Loss: 0.0034, Train: 100.00%, Valid: 87.40%, Test: 88.00%, Best Valid: 94.60%, Best Test: 92.80%
Epoch: 300, Loss: 0.0024, Train: 100.00%, Valid: 90.20%, Test: 90.40%, Best Valid: 94.60%, Best Test: 92.80%
Epoch: 400, Loss: 0.0011, Train: 100.00%, Valid: 85.20%, Test: 87.10%, Best Valid: 94.60%, Best Test: 92.80%
Epoch: 500, Loss: 0.0008, Train: 100.00%, Valid: 86.00%, Test: 85.10%, Best Valid: 94.60%, Best Test: 92.80%
Epoch: 600, Loss: 0.0182, Train: 100.00%, Valid: 90.20%, Test: 88.60%, Best Valid: 94.60%, Best Test: 92.80%
Epoch: 700, Loss: 0.0066, Train: 100.00%, Valid: 88.00%, Test: 84.70%, Best Valid: 94.60%, Best Test: 92.80%
Epoch: 800, Loss: 0.0507, Train: 98.00%, Valid: 85.00%, Test: 85.00%, Best Valid: 94.60%, Best Test: 92.80%
Epoch: 900, Loss: 0.0046, Train: 100.00%, Valid: 91.00%, Test: 90.70%, Best Valid: 94.60%, Best Test: 92.80%
Run 04:
Highest Train: 100.00
Highest Valid: 94.60
Highest Test: 93.10
Chosen epoch: 14
Final Train: 100.00
Final Test: 92.80
Epoch: 00, Loss: 1.6129, Train: 20.00%, Valid: 16.00%, Test: 14.60%, Best Valid: 16.00%, Best Test: 14.60%
Epoch: 100, Loss: 0.0005, Train: 100.00%, Valid: 89.40%, Test: 89.40%, Best Valid: 94.20%, Best Test: 92.40%
Epoch: 200, Loss: 0.0012, Train: 100.00%, Valid: 85.00%, Test: 87.00%, Best Valid: 94.20%, Best Test: 92.40%
Epoch: 300, Loss: 0.0030, Train: 100.00%, Valid: 90.20%, Test: 88.60%, Best Valid: 94.60%, Best Test: 93.20%
Epoch: 400, Loss: 0.0004, Train: 100.00%, Valid: 86.60%, Test: 86.10%, Best Valid: 94.60%, Best Test: 93.20%
Epoch: 500, Loss: 0.0239, Train: 100.00%, Valid: 83.40%, Test: 84.20%, Best Valid: 94.60%, Best Test: 93.20%
Epoch: 600, Loss: 0.0045, Train: 100.00%, Valid: 88.20%, Test: 87.10%, Best Valid: 94.60%, Best Test: 93.20%
Epoch: 700, Loss: 0.0005, Train: 100.00%, Valid: 88.20%, Test: 88.80%, Best Valid: 94.60%, Best Test: 93.20%
Epoch: 800, Loss: 0.0006, Train: 100.00%, Valid: 90.20%, Test: 89.60%, Best Valid: 94.60%, Best Test: 93.20%
Epoch: 900, Loss: 0.0026, Train: 100.00%, Valid: 89.40%, Test: 89.00%, Best Valid: 94.60%, Best Test: 93.20%
Run 05:
Highest Train: 100.00
Highest Valid: 94.60
Highest Test: 93.40
Chosen epoch: 258
Final Train: 100.00
Final Test: 93.20
All runs:
Highest Train: 100.00 ± 0.00
Highest Test: 93.08 ± 0.50
Highest Valid: 94.28 ± 0.64
  Final Train: 100.00 ± 0.00
   Final Test: 92.46 ± 0.77
Saving results to mlp_gt/results_full/coauthor-physics/polynormer.csv

Running with MLP-GT Regularization (lambda=0.01)...
Namespace(aggregate='add', alpha=0.5, attention='gcn', beta=-1.0, bn=False, cpu=False, data_dir='../data/', dataset='coauthor-physics', device=0, dim_inner=128, display_step=100, dropout=0.3, epochs=1000, global_dropout=None, global_layers=2, gnn='gcn', graph_weight=0.8, hidden_channels=128, hops=10, in_dropout=0.0, jk=False, label_num_per_class=20, lambda_val=0.01, layers=1, ln=False, local_gnn_type='GCN', local_layers=2, lr=0.01, metric='acc', mlp_epochs=500, mlp_reg=True, model='polynormer', model_dir='./model/', n_heads=4, num_centroids=4096, num_heads=4, oracle_reg=False, pe_types='RWSE', pre_linear=False, pre_ln=False, rand_split=False, rand_split_class=True, reg_start_epoch=10, reg_update_freq=5, res=False, result_dir='mlp_gt/results_full', runs=5, save_model=False, save_result=False, seed=123, test_num=1000, train_prop=0.5, use_act=False, use_bn=False, use_graph=False, use_reg=True, use_residual=False, use_weight=False, valid_num=500, valid_prop=0.25, weight_decay=0.0005)
coauthor-physics
train:torch.Size([100]), valid:torch.Size([500]), test:torch.Size([1000])
dataset coauthor-physics | num nodes 34493 | num edge 495924 | num node feats 8415 | num classes 5
MODEL: Polynormer(
  (h_lins): ModuleList(
    (0): Linear(in_features=512, out_features=512, bias=True)
    (1): Linear(in_features=512, out_features=512, bias=True)
  )
  (local_convs): ModuleList(
    (0): GATConv(512, 128, heads=4)
    (1): GATConv(512, 128, heads=4)
  )
  (lins): ModuleList(
    (0): Linear(in_features=512, out_features=512, bias=True)
    (1): Linear(in_features=512, out_features=512, bias=True)
  )
  (lns): ModuleList(
    (0): LayerNorm((512,), eps=1e-05, elementwise_affine=True)
    (1): LayerNorm((512,), eps=1e-05, elementwise_affine=True)
  )
  (lin_in): Linear(in_features=8415, out_features=512, bias=True)
  (ln): LayerNorm((512,), eps=1e-05, elementwise_affine=True)
  (global_attn): GlobalAttn(
    (h_lins): ModuleList(
      (0): Linear(in_features=512, out_features=512, bias=True)
      (1): Linear(in_features=512, out_features=512, bias=True)
    )
    (k_lins): ModuleList(
      (0): Linear(in_features=512, out_features=512, bias=True)
      (1): Linear(in_features=512, out_features=512, bias=True)
    )
    (v_lins): ModuleList(
      (0): Linear(in_features=512, out_features=512, bias=True)
      (1): Linear(in_features=512, out_features=512, bias=True)
    )
    (lns): ModuleList(
      (0): LayerNorm((512,), eps=1e-05, elementwise_affine=True)
      (1): LayerNorm((512,), eps=1e-05, elementwise_affine=True)
    )
    (lin_out): Linear(in_features=512, out_features=512, bias=True)
  )
  (pred_local): Linear(in_features=512, out_features=5, bias=True)
  (pred_global): Linear(in_features=512, out_features=5, bias=True)
)
Pre-training MLP for 500 epochs to generate co-occurrence matrix...
MLP pre-training complete. Penalty matrix frozen.
Epoch: 00, Loss: 1.6249, Train: 20.00%, Valid: 9.40%, Test: 9.20%, Best Valid: 9.40%, Best Test: 9.20%
Epoch: 100, Loss: 0.0005, Train: 100.00%, Valid: 91.00%, Test: 89.40%, Best Valid: 94.60%, Best Test: 92.90%
Epoch: 200, Loss: 0.0772, Train: 100.00%, Valid: 73.40%, Test: 73.70%, Best Valid: 94.60%, Best Test: 92.90%
Epoch: 300, Loss: 0.0007, Train: 100.00%, Valid: 89.00%, Test: 89.20%, Best Valid: 94.60%, Best Test: 92.90%
Epoch: 400, Loss: 0.0021, Train: 100.00%, Valid: 88.80%, Test: 86.60%, Best Valid: 94.60%, Best Test: 92.90%
Epoch: 500, Loss: 0.0006, Train: 100.00%, Valid: 90.00%, Test: 90.10%, Best Valid: 94.60%, Best Test: 92.90%
Epoch: 600, Loss: 0.0022, Train: 100.00%, Valid: 87.80%, Test: 90.60%, Best Valid: 94.60%, Best Test: 92.90%
Epoch: 700, Loss: 0.0011, Train: 100.00%, Valid: 88.00%, Test: 87.80%, Best Valid: 94.60%, Best Test: 92.90%
Epoch: 800, Loss: 0.5062, Train: 99.00%, Valid: 89.00%, Test: 87.50%, Best Valid: 94.60%, Best Test: 92.90%
Epoch: 900, Loss: 0.0026, Train: 100.00%, Valid: 88.00%, Test: 87.40%, Best Valid: 94.60%, Best Test: 92.90%
Run 01:
Highest Train: 100.00
Highest Valid: 94.60
Highest Test: 93.30
Chosen epoch: 23
Final Train: 100.00
Final Test: 92.90
Pre-training MLP for 500 epochs to generate co-occurrence matrix...
MLP pre-training complete. Penalty matrix frozen.
Epoch: 00, Loss: 1.6212, Train: 20.00%, Valid: 16.00%, Test: 14.60%, Best Valid: 16.00%, Best Test: 14.60%
Epoch: 100, Loss: 0.0021, Train: 100.00%, Valid: 86.00%, Test: 85.70%, Best Valid: 93.40%, Best Test: 92.20%
Epoch: 200, Loss: 0.0009, Train: 100.00%, Valid: 84.40%, Test: 85.40%, Best Valid: 93.40%, Best Test: 92.20%
Epoch: 300, Loss: 0.0011, Train: 100.00%, Valid: 88.40%, Test: 87.50%, Best Valid: 93.40%, Best Test: 92.20%
Epoch: 400, Loss: 0.0019, Train: 100.00%, Valid: 86.00%, Test: 87.50%, Best Valid: 93.40%, Best Test: 92.20%
Epoch: 500, Loss: 0.0003, Train: 100.00%, Valid: 84.00%, Test: 85.60%, Best Valid: 93.40%, Best Test: 92.20%
Epoch: 600, Loss: 0.0002, Train: 100.00%, Valid: 86.00%, Test: 85.40%, Best Valid: 93.40%, Best Test: 92.20%
Epoch: 700, Loss: 0.0012, Train: 100.00%, Valid: 91.40%, Test: 90.80%, Best Valid: 93.40%, Best Test: 92.20%
Epoch: 800, Loss: 0.0036, Train: 100.00%, Valid: 91.00%, Test: 90.60%, Best Valid: 93.40%, Best Test: 92.20%
Epoch: 900, Loss: 0.0152, Train: 100.00%, Valid: 92.00%, Test: 90.40%, Best Valid: 93.40%, Best Test: 92.20%
Run 02:
Highest Train: 100.00
Highest Valid: 93.40
Highest Test: 92.20
Chosen epoch: 35
Final Train: 100.00
Final Test: 92.20
Pre-training MLP for 500 epochs to generate co-occurrence matrix...
MLP pre-training complete. Penalty matrix frozen.
Epoch: 00, Loss: 1.6379, Train: 39.00%, Valid: 18.80%, Test: 19.10%, Best Valid: 18.80%, Best Test: 19.10%
Epoch: 100, Loss: 0.0041, Train: 100.00%, Valid: 87.80%, Test: 86.80%, Best Valid: 94.00%, Best Test: 92.70%
Epoch: 200, Loss: 0.0003, Train: 100.00%, Valid: 87.00%, Test: 86.60%, Best Valid: 94.00%, Best Test: 92.70%
Epoch: 300, Loss: 0.0005, Train: 100.00%, Valid: 88.60%, Test: 88.10%, Best Valid: 94.00%, Best Test: 92.70%
Epoch: 400, Loss: 0.0039, Train: 100.00%, Valid: 86.80%, Test: 86.80%, Best Valid: 94.00%, Best Test: 92.70%
Epoch: 500, Loss: 0.0007, Train: 100.00%, Valid: 91.80%, Test: 89.20%, Best Valid: 94.00%, Best Test: 92.70%
Epoch: 600, Loss: 0.0000, Train: 100.00%, Valid: 87.00%, Test: 86.80%, Best Valid: 94.00%, Best Test: 92.70%
Epoch: 700, Loss: 0.0005, Train: 100.00%, Valid: 89.00%, Test: 89.30%, Best Valid: 94.40%, Best Test: 92.30%
Epoch: 800, Loss: 0.0024, Train: 100.00%, Valid: 89.40%, Test: 88.80%, Best Valid: 94.40%, Best Test: 92.30%
Epoch: 900, Loss: 0.0012, Train: 100.00%, Valid: 88.60%, Test: 86.60%, Best Valid: 94.40%, Best Test: 92.30%
Run 03:
Highest Train: 100.00
Highest Valid: 94.40
Highest Test: 93.50
Chosen epoch: 670
Final Train: 100.00
Final Test: 92.30
Pre-training MLP for 500 epochs to generate co-occurrence matrix...
MLP pre-training complete. Penalty matrix frozen.
Epoch: 00, Loss: 1.6353, Train: 20.00%, Valid: 10.80%, Test: 11.00%, Best Valid: 10.80%, Best Test: 11.00%
Epoch: 100, Loss: 0.0028, Train: 100.00%, Valid: 89.00%, Test: 88.90%, Best Valid: 94.80%, Best Test: 92.40%
Epoch: 200, Loss: 0.0015, Train: 100.00%, Valid: 91.40%, Test: 91.40%, Best Valid: 94.80%, Best Test: 92.40%
Epoch: 300, Loss: 0.1020, Train: 100.00%, Valid: 84.40%, Test: 84.80%, Best Valid: 94.80%, Best Test: 92.40%
Epoch: 400, Loss: 0.0452, Train: 98.00%, Valid: 86.60%, Test: 86.40%, Best Valid: 94.80%, Best Test: 92.40%
Epoch: 500, Loss: 0.0052, Train: 100.00%, Valid: 91.80%, Test: 91.70%, Best Valid: 94.80%, Best Test: 92.40%
Epoch: 600, Loss: 0.0355, Train: 100.00%, Valid: 87.20%, Test: 86.20%, Best Valid: 94.80%, Best Test: 92.40%
Epoch: 700, Loss: 0.0009, Train: 100.00%, Valid: 89.80%, Test: 88.00%, Best Valid: 94.80%, Best Test: 92.40%
Epoch: 800, Loss: 0.0012, Train: 100.00%, Valid: 80.60%, Test: 79.00%, Best Valid: 94.80%, Best Test: 92.40%
Epoch: 900, Loss: 0.0032, Train: 100.00%, Valid: 86.20%, Test: 86.50%, Best Valid: 94.80%, Best Test: 92.40%
Run 04:
Highest Train: 100.00
Highest Valid: 94.80
Highest Test: 93.80
Chosen epoch: 26
Final Train: 100.00
Final Test: 92.40
Pre-training MLP for 500 epochs to generate co-occurrence matrix...
MLP pre-training complete. Penalty matrix frozen.
Epoch: 00, Loss: 1.6351, Train: 40.00%, Valid: 23.80%, Test: 22.70%, Best Valid: 23.80%, Best Test: 22.70%
Epoch: 100, Loss: 0.0007, Train: 100.00%, Valid: 86.60%, Test: 87.00%, Best Valid: 93.80%, Best Test: 92.80%
Epoch: 200, Loss: 0.0006, Train: 100.00%, Valid: 87.80%, Test: 89.10%, Best Valid: 93.80%, Best Test: 92.80%
Epoch: 300, Loss: 0.0016, Train: 100.00%, Valid: 85.20%, Test: 85.60%, Best Valid: 93.80%, Best Test: 92.80%
Epoch: 400, Loss: 0.0009, Train: 100.00%, Valid: 89.60%, Test: 89.90%, Best Valid: 93.80%, Best Test: 92.80%
Epoch: 500, Loss: 0.0013, Train: 100.00%, Valid: 91.60%, Test: 91.10%, Best Valid: 93.80%, Best Test: 92.80%
Epoch: 600, Loss: 0.0014, Train: 100.00%, Valid: 89.40%, Test: 90.00%, Best Valid: 93.80%, Best Test: 92.80%
Epoch: 700, Loss: 0.0082, Train: 100.00%, Valid: 88.00%, Test: 89.80%, Best Valid: 93.80%, Best Test: 92.80%
Epoch: 800, Loss: 0.0040, Train: 100.00%, Valid: 89.00%, Test: 88.40%, Best Valid: 94.00%, Best Test: 92.20%
Epoch: 900, Loss: 0.0014, Train: 100.00%, Valid: 88.20%, Test: 88.70%, Best Valid: 94.00%, Best Test: 92.20%
Run 05:
Highest Train: 100.00
Highest Valid: 94.00
Highest Test: 93.20
Chosen epoch: 790
Final Train: 100.00
Final Test: 92.20
All runs:
Highest Train: 100.00 ± 0.00
Highest Test: 93.20 ± 0.60
Highest Valid: 94.24 ± 0.55
  Final Train: 100.00 ± 0.00
   Final Test: 92.40 ± 0.29
Saving results to mlp_gt/results_full/coauthor-physics/polynormer.csv

Running with MLP-GT Regularization (lambda=0.1)...
Namespace(aggregate='add', alpha=0.5, attention='gcn', beta=-1.0, bn=False, cpu=False, data_dir='../data/', dataset='coauthor-physics', device=0, dim_inner=128, display_step=100, dropout=0.3, epochs=1000, global_dropout=None, global_layers=2, gnn='gcn', graph_weight=0.8, hidden_channels=128, hops=10, in_dropout=0.0, jk=False, label_num_per_class=20, lambda_val=0.1, layers=1, ln=False, local_gnn_type='GCN', local_layers=2, lr=0.01, metric='acc', mlp_epochs=500, mlp_reg=True, model='polynormer', model_dir='./model/', n_heads=4, num_centroids=4096, num_heads=4, oracle_reg=False, pe_types='RWSE', pre_linear=False, pre_ln=False, rand_split=False, rand_split_class=True, reg_start_epoch=10, reg_update_freq=5, res=False, result_dir='mlp_gt/results_full', runs=5, save_model=False, save_result=False, seed=123, test_num=1000, train_prop=0.5, use_act=False, use_bn=False, use_graph=False, use_reg=True, use_residual=False, use_weight=False, valid_num=500, valid_prop=0.25, weight_decay=0.0005)
coauthor-physics
train:torch.Size([100]), valid:torch.Size([500]), test:torch.Size([1000])
dataset coauthor-physics | num nodes 34493 | num edge 495924 | num node feats 8415 | num classes 5
MODEL: Polynormer(
  (h_lins): ModuleList(
    (0): Linear(in_features=512, out_features=512, bias=True)
    (1): Linear(in_features=512, out_features=512, bias=True)
  )
  (local_convs): ModuleList(
    (0): GATConv(512, 128, heads=4)
    (1): GATConv(512, 128, heads=4)
  )
  (lins): ModuleList(
    (0): Linear(in_features=512, out_features=512, bias=True)
    (1): Linear(in_features=512, out_features=512, bias=True)
  )
  (lns): ModuleList(
    (0): LayerNorm((512,), eps=1e-05, elementwise_affine=True)
    (1): LayerNorm((512,), eps=1e-05, elementwise_affine=True)
  )
  (lin_in): Linear(in_features=8415, out_features=512, bias=True)
  (ln): LayerNorm((512,), eps=1e-05, elementwise_affine=True)
  (global_attn): GlobalAttn(
    (h_lins): ModuleList(
      (0): Linear(in_features=512, out_features=512, bias=True)
      (1): Linear(in_features=512, out_features=512, bias=True)
    )
    (k_lins): ModuleList(
      (0): Linear(in_features=512, out_features=512, bias=True)
      (1): Linear(in_features=512, out_features=512, bias=True)
    )
    (v_lins): ModuleList(
      (0): Linear(in_features=512, out_features=512, bias=True)
      (1): Linear(in_features=512, out_features=512, bias=True)
    )
    (lns): ModuleList(
      (0): LayerNorm((512,), eps=1e-05, elementwise_affine=True)
      (1): LayerNorm((512,), eps=1e-05, elementwise_affine=True)
    )
    (lin_out): Linear(in_features=512, out_features=512, bias=True)
  )
  (pred_local): Linear(in_features=512, out_features=5, bias=True)
  (pred_global): Linear(in_features=512, out_features=5, bias=True)
)
Pre-training MLP for 500 epochs to generate co-occurrence matrix...
MLP pre-training complete. Penalty matrix frozen.
Epoch: 00, Loss: 1.7697, Train: 20.00%, Valid: 9.40%, Test: 9.20%, Best Valid: 9.40%, Best Test: 9.20%
Epoch: 100, Loss: 0.0243, Train: 100.00%, Valid: 83.60%, Test: 83.10%, Best Valid: 95.60%, Best Test: 93.30%
Epoch: 200, Loss: 0.0005, Train: 100.00%, Valid: 86.20%, Test: 86.30%, Best Valid: 95.60%, Best Test: 93.30%
Epoch: 300, Loss: 0.0014, Train: 100.00%, Valid: 91.00%, Test: 91.00%, Best Valid: 95.60%, Best Test: 93.30%
Epoch: 400, Loss: 0.0023, Train: 100.00%, Valid: 90.00%, Test: 89.80%, Best Valid: 95.60%, Best Test: 93.30%
Epoch: 500, Loss: 0.0151, Train: 100.00%, Valid: 88.60%, Test: 88.70%, Best Valid: 95.60%, Best Test: 93.30%
Epoch: 600, Loss: 0.0006, Train: 100.00%, Valid: 90.80%, Test: 89.20%, Best Valid: 95.60%, Best Test: 93.30%
Epoch: 700, Loss: 0.0153, Train: 100.00%, Valid: 90.60%, Test: 91.10%, Best Valid: 95.60%, Best Test: 93.30%
Epoch: 800, Loss: 0.0023, Train: 100.00%, Valid: 92.60%, Test: 91.80%, Best Valid: 95.60%, Best Test: 93.30%
Epoch: 900, Loss: 0.0013, Train: 100.00%, Valid: 90.00%, Test: 89.20%, Best Valid: 95.60%, Best Test: 93.30%
Run 01:
Highest Train: 100.00
Highest Valid: 95.60
Highest Test: 93.30
Chosen epoch: 12
Final Train: 99.00
Final Test: 93.30
Pre-training MLP for 500 epochs to generate co-occurrence matrix...
MLP pre-training complete. Penalty matrix frozen.
Epoch: 00, Loss: 1.7657, Train: 20.00%, Valid: 16.00%, Test: 14.60%, Best Valid: 16.00%, Best Test: 14.60%
Epoch: 100, Loss: 0.0038, Train: 100.00%, Valid: 89.00%, Test: 87.80%, Best Valid: 92.20%, Best Test: 89.60%
Epoch: 200, Loss: 0.0004, Train: 100.00%, Valid: 88.60%, Test: 88.10%, Best Valid: 92.60%, Best Test: 90.20%
Epoch: 300, Loss: 0.0004, Train: 100.00%, Valid: 88.00%, Test: 86.00%, Best Valid: 92.60%, Best Test: 90.20%
Epoch: 400, Loss: 0.0110, Train: 100.00%, Valid: 91.20%, Test: 90.70%, Best Valid: 92.60%, Best Test: 90.20%
Epoch: 500, Loss: 0.0010, Train: 100.00%, Valid: 89.00%, Test: 89.60%, Best Valid: 93.20%, Best Test: 91.40%
Epoch: 600, Loss: 0.0175, Train: 100.00%, Valid: 91.80%, Test: 90.90%, Best Valid: 94.20%, Best Test: 94.00%
Epoch: 700, Loss: 0.0038, Train: 100.00%, Valid: 90.80%, Test: 90.10%, Best Valid: 94.20%, Best Test: 94.00%
Epoch: 800, Loss: 0.0103, Train: 100.00%, Valid: 84.20%, Test: 84.70%, Best Valid: 94.20%, Best Test: 94.00%
Epoch: 900, Loss: 0.0126, Train: 100.00%, Valid: 85.40%, Test: 86.40%, Best Valid: 94.20%, Best Test: 94.00%
Run 02:
Highest Train: 100.00
Highest Valid: 94.20
Highest Test: 94.20
Chosen epoch: 547
Final Train: 100.00
Final Test: 94.00
Pre-training MLP for 500 epochs to generate co-occurrence matrix...
MLP pre-training complete. Penalty matrix frozen.
Epoch: 00, Loss: 1.7838, Train: 20.00%, Valid: 10.80%, Test: 11.00%, Best Valid: 10.80%, Best Test: 11.00%
Epoch: 100, Loss: 0.0004, Train: 100.00%, Valid: 89.60%, Test: 88.60%, Best Valid: 93.00%, Best Test: 93.30%
Epoch: 200, Loss: 0.0028, Train: 100.00%, Valid: 85.40%, Test: 86.40%, Best Valid: 94.20%, Best Test: 93.00%
Epoch: 300, Loss: 0.0002, Train: 100.00%, Valid: 88.20%, Test: 88.70%, Best Valid: 94.20%, Best Test: 93.00%
Epoch: 400, Loss: 0.0054, Train: 100.00%, Valid: 82.40%, Test: 83.00%, Best Valid: 94.20%, Best Test: 93.00%
Epoch: 500, Loss: 0.0029, Train: 100.00%, Valid: 91.80%, Test: 91.00%, Best Valid: 94.20%, Best Test: 93.00%
Epoch: 600, Loss: 0.0006, Train: 100.00%, Valid: 89.20%, Test: 88.80%, Best Valid: 94.20%, Best Test: 93.00%
Epoch: 700, Loss: 0.0052, Train: 100.00%, Valid: 89.20%, Test: 88.80%, Best Valid: 94.20%, Best Test: 93.00%
Epoch: 800, Loss: 0.0031, Train: 100.00%, Valid: 86.60%, Test: 88.00%, Best Valid: 94.20%, Best Test: 93.00%
Epoch: 900, Loss: 0.0001, Train: 100.00%, Valid: 90.60%, Test: 89.50%, Best Valid: 94.20%, Best Test: 93.00%
Run 03:
Highest Train: 100.00
Highest Valid: 94.20
Highest Test: 93.30
Chosen epoch: 137
Final Train: 100.00
Final Test: 93.00
Pre-training MLP for 500 epochs to generate co-occurrence matrix...
MLP pre-training complete. Penalty matrix frozen.
Epoch: 00, Loss: 1.7810, Train: 20.00%, Valid: 10.80%, Test: 11.00%, Best Valid: 10.80%, Best Test: 11.00%
Epoch: 100, Loss: 0.1584, Train: 100.00%, Valid: 87.40%, Test: 87.00%, Best Valid: 94.20%, Best Test: 91.80%
Epoch: 200, Loss: 0.0039, Train: 100.00%, Valid: 81.80%, Test: 81.40%, Best Valid: 94.20%, Best Test: 91.80%
Epoch: 300, Loss: 0.0017, Train: 100.00%, Valid: 79.80%, Test: 79.60%, Best Valid: 94.20%, Best Test: 91.80%
Epoch: 400, Loss: 0.0016, Train: 100.00%, Valid: 90.40%, Test: 89.50%, Best Valid: 94.20%, Best Test: 91.80%
Epoch: 500, Loss: 0.0018, Train: 100.00%, Valid: 91.40%, Test: 90.60%, Best Valid: 94.60%, Best Test: 93.40%
Epoch: 600, Loss: 0.0002, Train: 100.00%, Valid: 86.20%, Test: 87.30%, Best Valid: 94.60%, Best Test: 93.40%
Epoch: 700, Loss: 0.0012, Train: 100.00%, Valid: 90.60%, Test: 91.50%, Best Valid: 94.60%, Best Test: 93.40%
Epoch: 800, Loss: 0.0008, Train: 100.00%, Valid: 90.80%, Test: 91.20%, Best Valid: 94.60%, Best Test: 93.40%
Epoch: 900, Loss: 0.0005, Train: 100.00%, Valid: 89.40%, Test: 89.60%, Best Valid: 94.60%, Best Test: 93.40%
Run 04:
Highest Train: 100.00
Highest Valid: 94.60
Highest Test: 93.40
Chosen epoch: 451
Final Train: 100.00
Final Test: 93.40
Pre-training MLP for 500 epochs to generate co-occurrence matrix...
MLP pre-training complete. Penalty matrix frozen.
Epoch: 00, Loss: 1.7808, Train: 40.00%, Valid: 44.60%, Test: 44.00%, Best Valid: 44.60%, Best Test: 44.00%
Epoch: 100, Loss: 0.0651, Train: 100.00%, Valid: 92.20%, Test: 91.30%, Best Valid: 93.20%, Best Test: 92.20%
Epoch: 200, Loss: 0.0052, Train: 100.00%, Valid: 90.00%, Test: 88.90%, Best Valid: 93.20%, Best Test: 92.20%
Epoch: 300, Loss: 0.0006, Train: 100.00%, Valid: 91.60%, Test: 89.70%, Best Valid: 93.20%, Best Test: 92.20%
Epoch: 400, Loss: 0.0021, Train: 100.00%, Valid: 90.60%, Test: 89.30%, Best Valid: 93.20%, Best Test: 92.20%
Epoch: 500, Loss: 0.0326, Train: 100.00%, Valid: 85.60%, Test: 87.40%, Best Valid: 93.20%, Best Test: 92.20%
Epoch: 600, Loss: 0.0003, Train: 100.00%, Valid: 91.20%, Test: 91.60%, Best Valid: 93.40%, Best Test: 93.10%
Epoch: 700, Loss: 0.0012, Train: 100.00%, Valid: 88.40%, Test: 89.60%, Best Valid: 93.40%, Best Test: 93.10%
Epoch: 800, Loss: 0.0003, Train: 100.00%, Valid: 90.20%, Test: 90.30%, Best Valid: 93.40%, Best Test: 93.10%
Epoch: 900, Loss: 0.0026, Train: 100.00%, Valid: 90.00%, Test: 88.40%, Best Valid: 93.60%, Best Test: 92.10%
Run 05:
Highest Train: 100.00
Highest Valid: 93.60
Highest Test: 93.50
Chosen epoch: 896
Final Train: 100.00
Final Test: 92.10
All runs:
Highest Train: 100.00 ± 0.00
Highest Test: 93.54 ± 0.38
Highest Valid: 94.44 ± 0.74
  Final Train: 99.80 ± 0.45
   Final Test: 93.16 ± 0.69
Saving results to mlp_gt/results_full/coauthor-physics/polynormer.csv

Running with MLP-GT Regularization (lambda=0.2)...
Namespace(aggregate='add', alpha=0.5, attention='gcn', beta=-1.0, bn=False, cpu=False, data_dir='../data/', dataset='coauthor-physics', device=0, dim_inner=128, display_step=100, dropout=0.3, epochs=1000, global_dropout=None, global_layers=2, gnn='gcn', graph_weight=0.8, hidden_channels=128, hops=10, in_dropout=0.0, jk=False, label_num_per_class=20, lambda_val=0.2, layers=1, ln=False, local_gnn_type='GCN', local_layers=2, lr=0.01, metric='acc', mlp_epochs=500, mlp_reg=True, model='polynormer', model_dir='./model/', n_heads=4, num_centroids=4096, num_heads=4, oracle_reg=False, pe_types='RWSE', pre_linear=False, pre_ln=False, rand_split=False, rand_split_class=True, reg_start_epoch=10, reg_update_freq=5, res=False, result_dir='mlp_gt/results_full', runs=5, save_model=False, save_result=False, seed=123, test_num=1000, train_prop=0.5, use_act=False, use_bn=False, use_graph=False, use_reg=True, use_residual=False, use_weight=False, valid_num=500, valid_prop=0.25, weight_decay=0.0005)
coauthor-physics
train:torch.Size([100]), valid:torch.Size([500]), test:torch.Size([1000])
dataset coauthor-physics | num nodes 34493 | num edge 495924 | num node feats 8415 | num classes 5
MODEL: Polynormer(
  (h_lins): ModuleList(
    (0): Linear(in_features=512, out_features=512, bias=True)
    (1): Linear(in_features=512, out_features=512, bias=True)
  )
  (local_convs): ModuleList(
    (0): GATConv(512, 128, heads=4)
    (1): GATConv(512, 128, heads=4)
  )
  (lins): ModuleList(
    (0): Linear(in_features=512, out_features=512, bias=True)
    (1): Linear(in_features=512, out_features=512, bias=True)
  )
  (lns): ModuleList(
    (0): LayerNorm((512,), eps=1e-05, elementwise_affine=True)
    (1): LayerNorm((512,), eps=1e-05, elementwise_affine=True)
  )
  (lin_in): Linear(in_features=8415, out_features=512, bias=True)
  (ln): LayerNorm((512,), eps=1e-05, elementwise_affine=True)
  (global_attn): GlobalAttn(
    (h_lins): ModuleList(
      (0): Linear(in_features=512, out_features=512, bias=True)
      (1): Linear(in_features=512, out_features=512, bias=True)
    )
    (k_lins): ModuleList(
      (0): Linear(in_features=512, out_features=512, bias=True)
      (1): Linear(in_features=512, out_features=512, bias=True)
    )
    (v_lins): ModuleList(
      (0): Linear(in_features=512, out_features=512, bias=True)
      (1): Linear(in_features=512, out_features=512, bias=True)
    )
    (lns): ModuleList(
      (0): LayerNorm((512,), eps=1e-05, elementwise_affine=True)
      (1): LayerNorm((512,), eps=1e-05, elementwise_affine=True)
    )
    (lin_out): Linear(in_features=512, out_features=512, bias=True)
  )
  (pred_local): Linear(in_features=512, out_features=5, bias=True)
  (pred_global): Linear(in_features=512, out_features=5, bias=True)
)
Pre-training MLP for 500 epochs to generate co-occurrence matrix...
MLP pre-training complete. Penalty matrix frozen.
Epoch: 00, Loss: 1.9306, Train: 20.00%, Valid: 9.40%, Test: 9.20%, Best Valid: 9.40%, Best Test: 9.20%
Epoch: 100, Loss: 0.0051, Train: 100.00%, Valid: 88.80%, Test: 90.10%, Best Valid: 94.60%, Best Test: 93.40%
Epoch: 200, Loss: 0.0005, Train: 100.00%, Valid: 93.20%, Test: 92.30%, Best Valid: 94.60%, Best Test: 93.40%
Epoch: 300, Loss: 0.1450, Train: 100.00%, Valid: 87.60%, Test: 87.60%, Best Valid: 94.60%, Best Test: 93.40%
Epoch: 400, Loss: 0.0035, Train: 100.00%, Valid: 82.80%, Test: 83.20%, Best Valid: 94.60%, Best Test: 93.40%
Epoch: 500, Loss: 0.0059, Train: 100.00%, Valid: 90.80%, Test: 91.10%, Best Valid: 94.60%, Best Test: 93.40%
Epoch: 600, Loss: 0.0012, Train: 100.00%, Valid: 93.60%, Test: 92.60%, Best Valid: 94.60%, Best Test: 93.40%
Epoch: 700, Loss: 0.0163, Train: 100.00%, Valid: 88.40%, Test: 89.00%, Best Valid: 95.00%, Best Test: 92.30%
Epoch: 800, Loss: 0.0163, Train: 100.00%, Valid: 90.40%, Test: 89.10%, Best Valid: 95.00%, Best Test: 92.30%
Epoch: 900, Loss: 0.0189, Train: 100.00%, Valid: 91.00%, Test: 90.50%, Best Valid: 95.00%, Best Test: 92.30%
Run 01:
Highest Train: 100.00
Highest Valid: 95.00
Highest Test: 94.10
Chosen epoch: 635
Final Train: 100.00
Final Test: 92.30
Pre-training MLP for 500 epochs to generate co-occurrence matrix...
MLP pre-training complete. Penalty matrix frozen.
Epoch: 00, Loss: 1.9262, Train: 20.00%, Valid: 16.00%, Test: 14.60%, Best Valid: 16.00%, Best Test: 14.60%
Epoch: 100, Loss: 0.1205, Train: 100.00%, Valid: 90.20%, Test: 89.50%, Best Valid: 94.00%, Best Test: 92.90%
Epoch: 200, Loss: 0.0009, Train: 100.00%, Valid: 87.80%, Test: 88.00%, Best Valid: 94.00%, Best Test: 92.90%
Epoch: 300, Loss: 0.0041, Train: 100.00%, Valid: 79.00%, Test: 78.90%, Best Valid: 94.00%, Best Test: 92.90%
Epoch: 400, Loss: 0.0041, Train: 100.00%, Valid: 85.40%, Test: 88.00%, Best Valid: 94.00%, Best Test: 92.90%
Epoch: 500, Loss: 0.0291, Train: 100.00%, Valid: 86.80%, Test: 87.80%, Best Valid: 94.00%, Best Test: 92.90%
Epoch: 600, Loss: 0.0015, Train: 100.00%, Valid: 90.20%, Test: 90.60%, Best Valid: 94.00%, Best Test: 92.90%
Epoch: 700, Loss: 0.0005, Train: 100.00%, Valid: 89.60%, Test: 89.20%, Best Valid: 94.00%, Best Test: 92.90%
Epoch: 800, Loss: 0.0009, Train: 100.00%, Valid: 88.00%, Test: 87.90%, Best Valid: 94.00%, Best Test: 92.90%
Epoch: 900, Loss: 0.0051, Train: 100.00%, Valid: 92.00%, Test: 92.80%, Best Valid: 94.00%, Best Test: 92.90%
Run 02:
Highest Train: 100.00
Highest Valid: 94.00
Highest Test: 93.30
Chosen epoch: 20
Final Train: 100.00
Final Test: 92.90
Pre-training MLP for 500 epochs to generate co-occurrence matrix...
MLP pre-training complete. Penalty matrix frozen.
Epoch: 00, Loss: 1.9460, Train: 20.00%, Valid: 10.80%, Test: 11.00%, Best Valid: 10.80%, Best Test: 11.00%
Epoch: 100, Loss: 0.0009, Train: 100.00%, Valid: 87.80%, Test: 87.10%, Best Valid: 93.40%, Best Test: 91.30%
Epoch: 200, Loss: 0.0053, Train: 100.00%, Valid: 85.40%, Test: 87.30%, Best Valid: 93.40%, Best Test: 91.30%
Epoch: 300, Loss: 0.0010, Train: 100.00%, Valid: 90.00%, Test: 89.60%, Best Valid: 93.40%, Best Test: 91.30%
Epoch: 400, Loss: 0.0186, Train: 100.00%, Valid: 88.00%, Test: 87.00%, Best Valid: 93.40%, Best Test: 91.30%
Epoch: 500, Loss: 0.0015, Train: 100.00%, Valid: 90.60%, Test: 90.10%, Best Valid: 93.40%, Best Test: 91.30%
Epoch: 600, Loss: 0.0005, Train: 100.00%, Valid: 90.40%, Test: 89.70%, Best Valid: 93.40%, Best Test: 91.30%
Epoch: 700, Loss: 0.0085, Train: 100.00%, Valid: 91.20%, Test: 90.90%, Best Valid: 93.40%, Best Test: 91.30%
Epoch: 800, Loss: 0.0007, Train: 100.00%, Valid: 88.80%, Test: 89.40%, Best Valid: 93.40%, Best Test: 91.30%
Epoch: 900, Loss: 0.0073, Train: 100.00%, Valid: 90.20%, Test: 90.80%, Best Valid: 93.40%, Best Test: 91.30%
Run 03:
Highest Train: 100.00
Highest Valid: 93.40
Highest Test: 93.10
Chosen epoch: 58
Final Train: 100.00
Final Test: 91.30
Pre-training MLP for 500 epochs to generate co-occurrence matrix...
MLP pre-training complete. Penalty matrix frozen.
Epoch: 00, Loss: 1.9430, Train: 21.00%, Valid: 10.80%, Test: 11.00%, Best Valid: 10.80%, Best Test: 11.00%
Epoch: 100, Loss: 0.0002, Train: 100.00%, Valid: 84.80%, Test: 84.40%, Best Valid: 91.80%, Best Test: 91.10%
Epoch: 200, Loss: 0.0013, Train: 100.00%, Valid: 92.00%, Test: 91.50%, Best Valid: 94.60%, Best Test: 93.60%
Epoch: 300, Loss: 0.0418, Train: 100.00%, Valid: 87.40%, Test: 87.90%, Best Valid: 94.60%, Best Test: 93.60%
Epoch: 400, Loss: 0.0008, Train: 100.00%, Valid: 88.80%, Test: 86.60%, Best Valid: 94.60%, Best Test: 93.60%
Epoch: 500, Loss: 0.0008, Train: 100.00%, Valid: 86.00%, Test: 85.60%, Best Valid: 94.60%, Best Test: 93.60%
Epoch: 600, Loss: 0.0210, Train: 100.00%, Valid: 89.40%, Test: 89.00%, Best Valid: 94.60%, Best Test: 93.60%
Epoch: 700, Loss: 0.0085, Train: 100.00%, Valid: 85.00%, Test: 86.10%, Best Valid: 94.60%, Best Test: 93.60%
Epoch: 800, Loss: 0.0445, Train: 100.00%, Valid: 90.80%, Test: 90.60%, Best Valid: 94.60%, Best Test: 93.60%
Epoch: 900, Loss: 0.0077, Train: 100.00%, Valid: 89.40%, Test: 89.10%, Best Valid: 94.60%, Best Test: 93.60%
Run 04:
Highest Train: 100.00
Highest Valid: 94.60
Highest Test: 94.20
Chosen epoch: 194
Final Train: 100.00
Final Test: 93.60
Pre-training MLP for 500 epochs to generate co-occurrence matrix...
MLP pre-training complete. Penalty matrix frozen.
Epoch: 00, Loss: 1.9427, Train: 29.00%, Valid: 50.40%, Test: 52.80%, Best Valid: 50.40%, Best Test: 52.80%
Epoch: 100, Loss: 0.0006, Train: 100.00%, Valid: 89.40%, Test: 89.50%, Best Valid: 91.80%, Best Test: 90.00%
Epoch: 200, Loss: 0.0024, Train: 100.00%, Valid: 88.80%, Test: 88.60%, Best Valid: 91.80%, Best Test: 90.00%
Epoch: 300, Loss: 0.0014, Train: 100.00%, Valid: 88.60%, Test: 87.20%, Best Valid: 91.80%, Best Test: 90.00%
Epoch: 400, Loss: 0.0011, Train: 100.00%, Valid: 89.80%, Test: 88.80%, Best Valid: 91.80%, Best Test: 90.00%
Epoch: 500, Loss: 0.0022, Train: 100.00%, Valid: 88.60%, Test: 88.90%, Best Valid: 92.00%, Best Test: 92.00%
Epoch: 600, Loss: 0.0015, Train: 100.00%, Valid: 87.40%, Test: 88.10%, Best Valid: 93.00%, Best Test: 92.00%
Epoch: 700, Loss: 0.0015, Train: 100.00%, Valid: 89.80%, Test: 88.10%, Best Valid: 93.00%, Best Test: 92.00%
Epoch: 800, Loss: 0.0004, Train: 100.00%, Valid: 90.40%, Test: 88.90%, Best Valid: 93.00%, Best Test: 92.00%
Epoch: 900, Loss: 0.0066, Train: 100.00%, Valid: 90.80%, Test: 89.90%, Best Valid: 93.00%, Best Test: 92.00%
Run 05:
Highest Train: 100.00
Highest Valid: 93.00
Highest Test: 92.00
Chosen epoch: 509
Final Train: 100.00
Final Test: 92.00
All runs:
Highest Train: 100.00 ± 0.00
Highest Test: 93.34 ± 0.89
Highest Valid: 94.00 ± 0.82
  Final Train: 100.00 ± 0.00
   Final Test: 92.42 ± 0.88
Saving results to mlp_gt/results_full/coauthor-physics/polynormer.csv

Running with MLP-GT Regularization (lambda=0.4)...
Namespace(aggregate='add', alpha=0.5, attention='gcn', beta=-1.0, bn=False, cpu=False, data_dir='../data/', dataset='coauthor-physics', device=0, dim_inner=128, display_step=100, dropout=0.3, epochs=1000, global_dropout=None, global_layers=2, gnn='gcn', graph_weight=0.8, hidden_channels=128, hops=10, in_dropout=0.0, jk=False, label_num_per_class=20, lambda_val=0.4, layers=1, ln=False, local_gnn_type='GCN', local_layers=2, lr=0.01, metric='acc', mlp_epochs=500, mlp_reg=True, model='polynormer', model_dir='./model/', n_heads=4, num_centroids=4096, num_heads=4, oracle_reg=False, pe_types='RWSE', pre_linear=False, pre_ln=False, rand_split=False, rand_split_class=True, reg_start_epoch=10, reg_update_freq=5, res=False, result_dir='mlp_gt/results_full', runs=5, save_model=False, save_result=False, seed=123, test_num=1000, train_prop=0.5, use_act=False, use_bn=False, use_graph=False, use_reg=True, use_residual=False, use_weight=False, valid_num=500, valid_prop=0.25, weight_decay=0.0005)
coauthor-physics
train:torch.Size([100]), valid:torch.Size([500]), test:torch.Size([1000])
dataset coauthor-physics | num nodes 34493 | num edge 495924 | num node feats 8415 | num classes 5
MODEL: Polynormer(
  (h_lins): ModuleList(
    (0): Linear(in_features=512, out_features=512, bias=True)
    (1): Linear(in_features=512, out_features=512, bias=True)
  )
  (local_convs): ModuleList(
    (0): GATConv(512, 128, heads=4)
    (1): GATConv(512, 128, heads=4)
  )
  (lins): ModuleList(
    (0): Linear(in_features=512, out_features=512, bias=True)
    (1): Linear(in_features=512, out_features=512, bias=True)
  )
  (lns): ModuleList(
    (0): LayerNorm((512,), eps=1e-05, elementwise_affine=True)
    (1): LayerNorm((512,), eps=1e-05, elementwise_affine=True)
  )
  (lin_in): Linear(in_features=8415, out_features=512, bias=True)
  (ln): LayerNorm((512,), eps=1e-05, elementwise_affine=True)
  (global_attn): GlobalAttn(
    (h_lins): ModuleList(
      (0): Linear(in_features=512, out_features=512, bias=True)
      (1): Linear(in_features=512, out_features=512, bias=True)
    )
    (k_lins): ModuleList(
      (0): Linear(in_features=512, out_features=512, bias=True)
      (1): Linear(in_features=512, out_features=512, bias=True)
    )
    (v_lins): ModuleList(
      (0): Linear(in_features=512, out_features=512, bias=True)
      (1): Linear(in_features=512, out_features=512, bias=True)
    )
    (lns): ModuleList(
      (0): LayerNorm((512,), eps=1e-05, elementwise_affine=True)
      (1): LayerNorm((512,), eps=1e-05, elementwise_affine=True)
    )
    (lin_out): Linear(in_features=512, out_features=512, bias=True)
  )
  (pred_local): Linear(in_features=512, out_features=5, bias=True)
  (pred_global): Linear(in_features=512, out_features=5, bias=True)
)
Pre-training MLP for 500 epochs to generate co-occurrence matrix...
MLP pre-training complete. Penalty matrix frozen.
Epoch: 00, Loss: 2.2523, Train: 20.00%, Valid: 49.20%, Test: 52.00%, Best Valid: 49.20%, Best Test: 52.00%
Epoch: 100, Loss: 0.0026, Train: 100.00%, Valid: 90.80%, Test: 90.50%, Best Valid: 94.40%, Best Test: 93.30%
Epoch: 200, Loss: 0.0031, Train: 100.00%, Valid: 91.80%, Test: 91.60%, Best Valid: 94.40%, Best Test: 93.30%
Epoch: 300, Loss: 0.0024, Train: 100.00%, Valid: 89.00%, Test: 87.90%, Best Valid: 94.40%, Best Test: 93.30%
Epoch: 400, Loss: 0.0011, Train: 100.00%, Valid: 89.80%, Test: 89.50%, Best Valid: 94.40%, Best Test: 93.30%
Epoch: 500, Loss: 0.0007, Train: 100.00%, Valid: 93.00%, Test: 90.70%, Best Valid: 94.40%, Best Test: 93.30%
Epoch: 600, Loss: 0.0147, Train: 100.00%, Valid: 90.80%, Test: 87.80%, Best Valid: 95.00%, Best Test: 91.90%
Epoch: 700, Loss: 0.0014, Train: 100.00%, Valid: 92.20%, Test: 89.80%, Best Valid: 95.00%, Best Test: 91.90%
Epoch: 800, Loss: 0.0006, Train: 100.00%, Valid: 92.80%, Test: 91.10%, Best Valid: 95.00%, Best Test: 91.90%
Epoch: 900, Loss: 0.0003, Train: 100.00%, Valid: 89.80%, Test: 89.20%, Best Valid: 95.00%, Best Test: 91.90%
Run 01:
Highest Train: 100.00
Highest Valid: 95.00
Highest Test: 93.80
Chosen epoch: 559
Final Train: 100.00
Final Test: 91.90
Pre-training MLP for 500 epochs to generate co-occurrence matrix...
MLP pre-training complete. Penalty matrix frozen.
Epoch: 00, Loss: 2.2472, Train: 20.00%, Valid: 49.20%, Test: 52.00%, Best Valid: 49.20%, Best Test: 52.00%
Epoch: 100, Loss: 0.0001, Train: 100.00%, Valid: 92.80%, Test: 90.30%, Best Valid: 94.20%, Best Test: 92.80%
Epoch: 200, Loss: 0.0029, Train: 100.00%, Valid: 85.20%, Test: 87.20%, Best Valid: 94.20%, Best Test: 92.80%
Epoch: 300, Loss: 0.0398, Train: 100.00%, Valid: 77.20%, Test: 80.30%, Best Valid: 94.20%, Best Test: 92.80%
Epoch: 400, Loss: 0.0060, Train: 100.00%, Valid: 91.40%, Test: 87.90%, Best Valid: 94.20%, Best Test: 92.80%
Epoch: 500, Loss: 0.0006, Train: 100.00%, Valid: 81.00%, Test: 81.90%, Best Valid: 94.20%, Best Test: 92.80%
Epoch: 600, Loss: 0.0117, Train: 100.00%, Valid: 83.20%, Test: 83.00%, Best Valid: 94.20%, Best Test: 92.80%
Epoch: 700, Loss: 0.0016, Train: 100.00%, Valid: 89.80%, Test: 88.00%, Best Valid: 94.20%, Best Test: 92.80%
Epoch: 800, Loss: 0.2395, Train: 100.00%, Valid: 88.20%, Test: 88.60%, Best Valid: 94.20%, Best Test: 92.80%
Epoch: 900, Loss: 0.0572, Train: 100.00%, Valid: 91.40%, Test: 91.20%, Best Valid: 94.20%, Best Test: 92.80%
Run 02:
Highest Train: 100.00
Highest Valid: 94.20
Highest Test: 93.60
Chosen epoch: 41
Final Train: 100.00
Final Test: 92.80
Pre-training MLP for 500 epochs to generate co-occurrence matrix...
MLP pre-training complete. Penalty matrix frozen.
Epoch: 00, Loss: 2.2703, Train: 20.00%, Valid: 49.20%, Test: 52.00%, Best Valid: 49.20%, Best Test: 52.00%
Epoch: 100, Loss: 0.0004, Train: 100.00%, Valid: 88.00%, Test: 86.50%, Best Valid: 92.00%, Best Test: 91.00%
Epoch: 200, Loss: 0.0197, Train: 100.00%, Valid: 91.80%, Test: 89.90%, Best Valid: 93.80%, Best Test: 90.90%
Epoch: 300, Loss: 0.0017, Train: 100.00%, Valid: 86.80%, Test: 87.30%, Best Valid: 93.80%, Best Test: 90.90%
Epoch: 400, Loss: 0.0025, Train: 100.00%, Valid: 92.00%, Test: 90.00%, Best Valid: 94.40%, Best Test: 91.40%
Epoch: 500, Loss: 0.0058, Train: 100.00%, Valid: 91.80%, Test: 90.50%, Best Valid: 94.40%, Best Test: 91.40%
Epoch: 600, Loss: 0.0164, Train: 100.00%, Valid: 90.80%, Test: 89.70%, Best Valid: 94.40%, Best Test: 91.40%
Epoch: 700, Loss: 0.0025, Train: 100.00%, Valid: 86.80%, Test: 85.90%, Best Valid: 94.40%, Best Test: 91.40%
Epoch: 800, Loss: 0.0018, Train: 100.00%, Valid: 89.40%, Test: 89.40%, Best Valid: 94.40%, Best Test: 91.40%
Epoch: 900, Loss: 0.0011, Train: 99.00%, Valid: 89.00%, Test: 89.20%, Best Valid: 94.40%, Best Test: 91.40%
Run 03:
Highest Train: 100.00
Highest Valid: 94.40
Highest Test: 92.80
Chosen epoch: 326
Final Train: 100.00
Final Test: 91.40
Pre-training MLP for 500 epochs to generate co-occurrence matrix...
MLP pre-training complete. Penalty matrix frozen.
Epoch: 00, Loss: 2.2668, Train: 20.00%, Valid: 49.20%, Test: 52.00%, Best Valid: 49.20%, Best Test: 52.00%
Epoch: 100, Loss: 0.0017, Train: 100.00%, Valid: 89.00%, Test: 89.50%, Best Valid: 93.20%, Best Test: 92.10%
Epoch: 200, Loss: 0.0012, Train: 100.00%, Valid: 86.40%, Test: 85.50%, Best Valid: 93.20%, Best Test: 92.10%
Epoch: 300, Loss: 0.0473, Train: 100.00%, Valid: 78.80%, Test: 80.00%, Best Valid: 93.20%, Best Test: 92.10%
Epoch: 400, Loss: 0.0045, Train: 100.00%, Valid: 89.80%, Test: 89.60%, Best Valid: 93.20%, Best Test: 92.10%
Epoch: 500, Loss: 0.0801, Train: 100.00%, Valid: 89.80%, Test: 89.90%, Best Valid: 93.20%, Best Test: 92.10%
Epoch: 600, Loss: 0.0051, Train: 100.00%, Valid: 89.00%, Test: 89.20%, Best Valid: 93.20%, Best Test: 92.10%
Epoch: 700, Loss: 0.0140, Train: 100.00%, Valid: 90.20%, Test: 90.10%, Best Valid: 93.20%, Best Test: 92.10%
Epoch: 800, Loss: 0.0010, Train: 100.00%, Valid: 90.40%, Test: 89.80%, Best Valid: 93.20%, Best Test: 92.10%
Epoch: 900, Loss: 0.0092, Train: 100.00%, Valid: 89.60%, Test: 88.40%, Best Valid: 93.20%, Best Test: 92.10%
Run 04:
Highest Train: 100.00
Highest Valid: 93.20
Highest Test: 92.70
Chosen epoch: 28
Final Train: 100.00
Final Test: 92.10
Pre-training MLP for 500 epochs to generate co-occurrence matrix...
MLP pre-training complete. Penalty matrix frozen.
Epoch: 00, Loss: 2.2664, Train: 20.00%, Valid: 49.20%, Test: 52.00%, Best Valid: 49.20%, Best Test: 52.00%
Epoch: 100, Loss: 0.0189, Train: 100.00%, Valid: 89.80%, Test: 87.20%, Best Valid: 92.00%, Best Test: 90.90%
Epoch: 200, Loss: 0.0019, Train: 100.00%, Valid: 87.00%, Test: 87.40%, Best Valid: 93.40%, Best Test: 92.00%
Epoch: 300, Loss: 0.0046, Train: 100.00%, Valid: 91.20%, Test: 92.20%, Best Valid: 94.00%, Best Test: 93.00%
Epoch: 400, Loss: 0.0359, Train: 100.00%, Valid: 85.60%, Test: 86.50%, Best Valid: 94.00%, Best Test: 93.00%
Epoch: 500, Loss: 0.0023, Train: 100.00%, Valid: 87.60%, Test: 88.10%, Best Valid: 94.00%, Best Test: 93.00%
Epoch: 600, Loss: 0.0030, Train: 100.00%, Valid: 85.80%, Test: 87.10%, Best Valid: 94.00%, Best Test: 93.00%
Epoch: 700, Loss: 0.0023, Train: 100.00%, Valid: 90.60%, Test: 91.10%, Best Valid: 94.00%, Best Test: 93.00%
Epoch: 800, Loss: 0.0012, Train: 100.00%, Valid: 85.20%, Test: 87.50%, Best Valid: 94.00%, Best Test: 93.00%
Epoch: 900, Loss: 0.4778, Train: 90.00%, Valid: 82.40%, Test: 83.70%, Best Valid: 94.00%, Best Test: 93.00%
Run 05:
Highest Train: 100.00
Highest Valid: 94.00
Highest Test: 93.30
Chosen epoch: 278
Final Train: 100.00
Final Test: 93.00
All runs:
Highest Train: 100.00 ± 0.00
Highest Test: 93.24 ± 0.48
Highest Valid: 94.16 ± 0.65
  Final Train: 100.00 ± 0.00
   Final Test: 92.24 ± 0.66
Saving results to mlp_gt/results_full/coauthor-physics/polynormer.csv

GT sweep completed!
==========================================================
Task 10 (polynormer / coauthor-physics) completed at: Tue Apr 28 11:32:07 AM EDT 2026
==========================================================
