==========================================================
MLP-GT Full Sweep | Task 4
Job: 1011972 | Date: Tue Apr 28 08:00:50 AM EDT 2026 | Host: n0002
==========================================================
Tue Apr 28 08:00:56 2026       
+-----------------------------------------------------------------------------------------+
| NVIDIA-SMI 570.211.01             Driver Version: 570.211.01     CUDA Version: 12.8     |
|-----------------------------------------+------------------------+----------------------+
| GPU  Name                 Persistence-M | Bus-Id          Disp.A | Volatile Uncorr. ECC |
| Fan  Temp   Perf          Pwr:Usage/Cap |           Memory-Usage | GPU-Util  Compute M. |
|                                         |                        |               MIG M. |
|=========================================+========================+======================|
|   0  NVIDIA A100-SXM4-80GB          On  |   00000000:01:00.0 Off |                   On |
| N/A   39C    P0            172W /  500W |    5273MiB /  81920MiB |     N/A      Default |
|                                         |                        |              Enabled |
+-----------------------------------------+------------------------+----------------------+
|   1  NVIDIA A100-SXM4-80GB          On  |   00000000:41:00.0 Off |                   On |
| N/A   26C    P0             48W /  500W |     185MiB /  81920MiB |     N/A      Default |
|                                         |                        |              Enabled |
+-----------------------------------------+------------------------+----------------------+
|   2  NVIDIA A100-SXM4-80GB          On  |   00000000:81:00.0 Off |                   On |
| N/A   27C    P0             50W /  500W |     185MiB /  81920MiB |     N/A      Default |
|                                         |                        |              Enabled |
+-----------------------------------------+------------------------+----------------------+
|   3  NVIDIA A100-SXM4-80GB          On  |   00000000:C1:00.0 Off |                   On |
| N/A   29C    P0             90W /  500W |     703MiB /  81920MiB |     N/A      Default |
|                                         |                        |              Enabled |
+-----------------------------------------+------------------------+----------------------+

+-----------------------------------------------------------------------------------------+
| MIG devices:                                                                            |
+------------------+----------------------------------+-----------+-----------------------+
| GPU  GI  CI  MIG |                     Memory-Usage |        Vol|        Shared         |
|      ID  ID  Dev |                       BAR1-Usage | SM     Unc| CE ENC  DEC  OFA  JPG |
|                  |                                  |        ECC|                       |
|==================+==================================+===========+=======================|
|  0    5   0   0  |              53MiB / 19968MiB    | 28      0 |  2   0    1    0    0 |
|                  |                 0MiB / 32767MiB  |           |                       |
+------------------+----------------------------------+-----------+-----------------------+
                                                                                         
+-----------------------------------------------------------------------------------------+
| Processes:                                                                              |
|  GPU   GI   CI              PID   Type   Process name                        GPU Memory |
|        ID   ID                                                               Usage      |
|=========================================================================================|
|    3    1    0          3221101      C   python                                  512MiB |
+-----------------------------------------------------------------------------------------+
1.12.1
True
NVIDIA A100-SXM4-80GB MIG 2g.20gb
Model: polynormer | Dataset: minesweeper
Split flags: --metric rocauc
==========================================================
Starting mlp_gt GT Sweep for:
python main.py --model polynormer --dataset minesweeper         --hidden_channels 128 --local_layers 2 --global_layers 2 --num_heads 4         --lr 0.01 --weight_decay 5e-4 --dropout 0.3 --epochs 1000         --runs 5 --device 0         --metric rocauc
Result dir: mlp_gt/results_full
==========================================================
Running GT Baseline (no reg)...
Namespace(aggregate='add', alpha=0.5, attention='gcn', beta=-1.0, bn=False, cpu=False, data_dir='../data/', dataset='minesweeper', device=0, dim_inner=128, display_step=100, dropout=0.3, epochs=1000, global_dropout=None, global_layers=2, gnn='gcn', graph_weight=0.8, hidden_channels=128, hops=10, in_dropout=0.0, jk=False, label_num_per_class=20, lambda_val=0.5, layers=1, ln=False, local_gnn_type='GCN', local_layers=2, lr=0.01, metric='rocauc', mlp_epochs=500, mlp_reg=False, model='polynormer', model_dir='./model/', n_heads=4, num_centroids=4096, num_heads=4, oracle_reg=False, pe_types='RWSE', pre_linear=False, pre_ln=False, rand_split=False, rand_split_class=False, reg_start_epoch=10, reg_update_freq=5, res=False, result_dir='mlp_gt/results_full', runs=5, save_model=False, save_result=False, seed=42, test_num=1000, train_prop=0.5, use_act=False, use_bn=False, use_graph=False, use_reg=False, use_residual=False, use_weight=False, valid_num=500, valid_prop=0.25, weight_decay=0.0005)
minesweeper
dataset minesweeper | num nodes 10000 | num edge 39402 | num node feats 7 | num classes 2
MODEL: Polynormer(
  (h_lins): ModuleList(
    (0): Linear(in_features=512, out_features=512, bias=True)
    (1): Linear(in_features=512, out_features=512, bias=True)
  )
  (local_convs): ModuleList(
    (0): GATConv(512, 128, heads=4)
    (1): GATConv(512, 128, heads=4)
  )
  (lins): ModuleList(
    (0): Linear(in_features=512, out_features=512, bias=True)
    (1): Linear(in_features=512, out_features=512, bias=True)
  )
  (lns): ModuleList(
    (0): LayerNorm((512,), eps=1e-05, elementwise_affine=True)
    (1): LayerNorm((512,), eps=1e-05, elementwise_affine=True)
  )
  (lin_in): Linear(in_features=7, out_features=512, bias=True)
  (ln): LayerNorm((512,), eps=1e-05, elementwise_affine=True)
  (global_attn): GlobalAttn(
    (h_lins): ModuleList(
      (0): Linear(in_features=512, out_features=512, bias=True)
      (1): Linear(in_features=512, out_features=512, bias=True)
    )
    (k_lins): ModuleList(
      (0): Linear(in_features=512, out_features=512, bias=True)
      (1): Linear(in_features=512, out_features=512, bias=True)
    )
    (v_lins): ModuleList(
      (0): Linear(in_features=512, out_features=512, bias=True)
      (1): Linear(in_features=512, out_features=512, bias=True)
    )
    (lns): ModuleList(
      (0): LayerNorm((512,), eps=1e-05, elementwise_affine=True)
      (1): LayerNorm((512,), eps=1e-05, elementwise_affine=True)
    )
    (lin_out): Linear(in_features=512, out_features=512, bias=True)
  )
  (pred_local): Linear(in_features=512, out_features=2, bias=True)
  (pred_global): Linear(in_features=512, out_features=2, bias=True)
)
Epoch: 00, Loss: 0.6220, Train: 59.14%, Valid: 56.92%, Test: 58.89%, Best Valid: 56.92%, Best Test: 58.89%
Epoch: 100, Loss: 0.2950, Train: 91.44%, Valid: 88.46%, Test: 89.17%, Best Valid: 89.23%, Best Test: 89.97%
Epoch: 200, Loss: 0.2857, Train: 92.23%, Valid: 88.70%, Test: 89.31%, Best Valid: 89.25%, Best Test: 89.85%
Epoch: 300, Loss: 0.2660, Train: 93.24%, Valid: 88.89%, Test: 89.77%, Best Valid: 89.25%, Best Test: 89.85%
Epoch: 400, Loss: 0.2630, Train: 93.65%, Valid: 88.54%, Test: 89.15%, Best Valid: 89.25%, Best Test: 89.85%
Epoch: 500, Loss: 0.2594, Train: 93.45%, Valid: 88.28%, Test: 88.87%, Best Valid: 89.25%, Best Test: 89.85%
Epoch: 600, Loss: 0.2543, Train: 94.44%, Valid: 88.08%, Test: 88.91%, Best Valid: 89.25%, Best Test: 89.85%
Epoch: 700, Loss: 0.2518, Train: 94.58%, Valid: 88.24%, Test: 88.81%, Best Valid: 89.25%, Best Test: 89.85%
Epoch: 800, Loss: 0.2455, Train: 95.06%, Valid: 88.13%, Test: 88.91%, Best Valid: 89.25%, Best Test: 89.85%
Epoch: 900, Loss: 0.2498, Train: 95.21%, Valid: 87.96%, Test: 88.66%, Best Valid: 89.25%, Best Test: 89.85%
Run 01:
Highest Train: 95.93
Highest Valid: 89.25
Highest Test: 90.18
Chosen epoch: 170
Final Train: 92.38
Final Test: 89.85
Epoch: 00, Loss: 0.6058, Train: 55.85%, Valid: 54.73%, Test: 54.82%, Best Valid: 54.73%, Best Test: 54.82%
Epoch: 100, Loss: 0.3118, Train: 90.54%, Valid: 90.34%, Test: 90.08%, Best Valid: 90.64%, Best Test: 90.22%
Epoch: 200, Loss: 0.2893, Train: 91.60%, Valid: 90.14%, Test: 89.89%, Best Valid: 90.67%, Best Test: 90.16%
Epoch: 300, Loss: 0.2770, Train: 92.95%, Valid: 90.08%, Test: 89.84%, Best Valid: 90.67%, Best Test: 90.16%
Epoch: 400, Loss: 0.2712, Train: 93.66%, Valid: 89.69%, Test: 89.53%, Best Valid: 90.67%, Best Test: 90.16%
Epoch: 500, Loss: 0.2532, Train: 94.69%, Valid: 89.48%, Test: 88.93%, Best Valid: 90.67%, Best Test: 90.16%
Epoch: 600, Loss: 0.2465, Train: 95.25%, Valid: 89.11%, Test: 88.90%, Best Valid: 90.67%, Best Test: 90.16%
Epoch: 700, Loss: 0.2503, Train: 95.60%, Valid: 88.60%, Test: 88.10%, Best Valid: 90.67%, Best Test: 90.16%
Epoch: 800, Loss: 0.2485, Train: 95.82%, Valid: 89.02%, Test: 87.90%, Best Valid: 90.67%, Best Test: 90.16%
Epoch: 900, Loss: 0.2310, Train: 96.50%, Valid: 89.13%, Test: 88.24%, Best Valid: 90.67%, Best Test: 90.16%
Run 02:
Highest Train: 96.91
Highest Valid: 90.67
Highest Test: 90.52
Chosen epoch: 123
Final Train: 91.44
Final Test: 90.16
Epoch: 00, Loss: 0.7858, Train: 53.87%, Valid: 52.16%, Test: 51.17%, Best Valid: 52.16%, Best Test: 51.17%
Epoch: 100, Loss: 0.2938, Train: 91.13%, Valid: 89.50%, Test: 90.32%, Best Valid: 89.84%, Best Test: 90.71%
Epoch: 200, Loss: 0.2823, Train: 92.20%, Valid: 89.72%, Test: 90.23%, Best Valid: 90.22%, Best Test: 90.72%
Epoch: 300, Loss: 0.2841, Train: 92.30%, Valid: 89.55%, Test: 89.95%, Best Valid: 90.22%, Best Test: 90.72%
Epoch: 400, Loss: 0.2715, Train: 93.26%, Valid: 89.24%, Test: 89.59%, Best Valid: 90.22%, Best Test: 90.72%
Epoch: 500, Loss: 0.2637, Train: 93.54%, Valid: 89.36%, Test: 89.66%, Best Valid: 90.22%, Best Test: 90.72%
Epoch: 600, Loss: 0.2632, Train: 94.20%, Valid: 89.03%, Test: 89.80%, Best Valid: 90.22%, Best Test: 90.72%
Epoch: 700, Loss: 0.2529, Train: 94.82%, Valid: 88.73%, Test: 89.69%, Best Valid: 90.22%, Best Test: 90.72%
Epoch: 800, Loss: 0.2554, Train: 95.02%, Valid: 88.87%, Test: 89.60%, Best Valid: 90.22%, Best Test: 90.72%
Epoch: 900, Loss: 0.2498, Train: 95.15%, Valid: 88.87%, Test: 89.40%, Best Valid: 90.22%, Best Test: 90.72%
Run 03:
Highest Train: 96.08
Highest Valid: 90.22
Highest Test: 90.74
Chosen epoch: 161
Final Train: 91.96
Final Test: 90.72
Epoch: 00, Loss: 0.6527, Train: 57.83%, Valid: 59.10%, Test: 59.96%, Best Valid: 59.10%, Best Test: 59.96%
Epoch: 100, Loss: 0.2929, Train: 91.72%, Valid: 89.43%, Test: 90.10%, Best Valid: 89.51%, Best Test: 89.87%
Epoch: 200, Loss: 0.2810, Train: 92.55%, Valid: 89.20%, Test: 90.06%, Best Valid: 89.79%, Best Test: 90.26%
Epoch: 300, Loss: 0.2737, Train: 92.76%, Valid: 88.88%, Test: 89.80%, Best Valid: 89.79%, Best Test: 90.26%
Epoch: 400, Loss: 0.2590, Train: 93.73%, Valid: 89.02%, Test: 89.56%, Best Valid: 89.79%, Best Test: 90.26%
Epoch: 500, Loss: 0.2584, Train: 94.34%, Valid: 89.04%, Test: 89.82%, Best Valid: 89.79%, Best Test: 90.26%
Epoch: 600, Loss: 0.2578, Train: 94.49%, Valid: 88.70%, Test: 89.44%, Best Valid: 89.79%, Best Test: 90.26%
Epoch: 700, Loss: 0.2573, Train: 94.45%, Valid: 88.73%, Test: 89.67%, Best Valid: 89.79%, Best Test: 90.26%
Epoch: 800, Loss: 0.2494, Train: 94.85%, Valid: 88.37%, Test: 89.05%, Best Valid: 89.79%, Best Test: 90.26%
Epoch: 900, Loss: 0.2509, Train: 95.03%, Valid: 88.54%, Test: 89.38%, Best Valid: 89.79%, Best Test: 90.26%
Run 04:
Highest Train: 95.91
Highest Valid: 89.79
Highest Test: 90.37
Chosen epoch: 138
Final Train: 92.28
Final Test: 90.26
Epoch: 00, Loss: 0.7348, Train: 57.23%, Valid: 57.97%, Test: 56.23%, Best Valid: 57.97%, Best Test: 56.23%
Epoch: 100, Loss: 0.3079, Train: 91.30%, Valid: 90.38%, Test: 90.20%, Best Valid: 90.38%, Best Test: 90.20%
Epoch: 200, Loss: 0.2814, Train: 92.83%, Valid: 89.68%, Test: 90.09%, Best Valid: 90.42%, Best Test: 90.32%
Epoch: 300, Loss: 0.2659, Train: 93.95%, Valid: 89.64%, Test: 89.99%, Best Valid: 90.42%, Best Test: 90.32%
Epoch: 400, Loss: 0.2528, Train: 94.79%, Valid: 89.68%, Test: 89.78%, Best Valid: 90.42%, Best Test: 90.32%
Epoch: 500, Loss: 0.2420, Train: 95.49%, Valid: 89.38%, Test: 89.06%, Best Valid: 90.42%, Best Test: 90.32%
Epoch: 600, Loss: 0.2374, Train: 95.90%, Valid: 88.98%, Test: 89.37%, Best Valid: 90.42%, Best Test: 90.32%
Epoch: 700, Loss: 0.2310, Train: 96.70%, Valid: 88.82%, Test: 88.64%, Best Valid: 90.42%, Best Test: 90.32%
Epoch: 800, Loss: 0.2290, Train: 96.71%, Valid: 88.67%, Test: 89.04%, Best Valid: 90.42%, Best Test: 90.32%
Epoch: 900, Loss: 0.2289, Train: 97.16%, Valid: 88.69%, Test: 88.84%, Best Valid: 90.42%, Best Test: 90.32%
Run 05:
Highest Train: 97.38
Highest Valid: 90.42
Highest Test: 90.46
Chosen epoch: 123
Final Train: 91.85
Final Test: 90.32
All runs:
Highest Train: 96.44 ± 0.67
Highest Test: 90.45 ± 0.21
Highest Valid: 90.07 ± 0.56
  Final Train: 91.98 ± 0.37
   Final Test: 90.26 ± 0.31
Saving results to mlp_gt/results_full/minesweeper/polynormer.csv

Running with MLP-GT Regularization (lambda=0.01)...
Namespace(aggregate='add', alpha=0.5, attention='gcn', beta=-1.0, bn=False, cpu=False, data_dir='../data/', dataset='minesweeper', device=0, dim_inner=128, display_step=100, dropout=0.3, epochs=1000, global_dropout=None, global_layers=2, gnn='gcn', graph_weight=0.8, hidden_channels=128, hops=10, in_dropout=0.0, jk=False, label_num_per_class=20, lambda_val=0.01, layers=1, ln=False, local_gnn_type='GCN', local_layers=2, lr=0.01, metric='rocauc', mlp_epochs=500, mlp_reg=True, model='polynormer', model_dir='./model/', n_heads=4, num_centroids=4096, num_heads=4, oracle_reg=False, pe_types='RWSE', pre_linear=False, pre_ln=False, rand_split=False, rand_split_class=False, reg_start_epoch=10, reg_update_freq=5, res=False, result_dir='mlp_gt/results_full', runs=5, save_model=False, save_result=False, seed=42, test_num=1000, train_prop=0.5, use_act=False, use_bn=False, use_graph=False, use_reg=True, use_residual=False, use_weight=False, valid_num=500, valid_prop=0.25, weight_decay=0.0005)
minesweeper
dataset minesweeper | num nodes 10000 | num edge 39402 | num node feats 7 | num classes 2
MODEL: Polynormer(
  (h_lins): ModuleList(
    (0): Linear(in_features=512, out_features=512, bias=True)
    (1): Linear(in_features=512, out_features=512, bias=True)
  )
  (local_convs): ModuleList(
    (0): GATConv(512, 128, heads=4)
    (1): GATConv(512, 128, heads=4)
  )
  (lins): ModuleList(
    (0): Linear(in_features=512, out_features=512, bias=True)
    (1): Linear(in_features=512, out_features=512, bias=True)
  )
  (lns): ModuleList(
    (0): LayerNorm((512,), eps=1e-05, elementwise_affine=True)
    (1): LayerNorm((512,), eps=1e-05, elementwise_affine=True)
  )
  (lin_in): Linear(in_features=7, out_features=512, bias=True)
  (ln): LayerNorm((512,), eps=1e-05, elementwise_affine=True)
  (global_attn): GlobalAttn(
    (h_lins): ModuleList(
      (0): Linear(in_features=512, out_features=512, bias=True)
      (1): Linear(in_features=512, out_features=512, bias=True)
    )
    (k_lins): ModuleList(
      (0): Linear(in_features=512, out_features=512, bias=True)
      (1): Linear(in_features=512, out_features=512, bias=True)
    )
    (v_lins): ModuleList(
      (0): Linear(in_features=512, out_features=512, bias=True)
      (1): Linear(in_features=512, out_features=512, bias=True)
    )
    (lns): ModuleList(
      (0): LayerNorm((512,), eps=1e-05, elementwise_affine=True)
      (1): LayerNorm((512,), eps=1e-05, elementwise_affine=True)
    )
    (lin_out): Linear(in_features=512, out_features=512, bias=True)
  )
  (pred_local): Linear(in_features=512, out_features=2, bias=True)
  (pred_global): Linear(in_features=512, out_features=2, bias=True)
)
Pre-training MLP for 500 epochs to generate co-occurrence matrix...
MLP pre-training complete. Penalty matrix frozen.
Epoch: 00, Loss: 0.6248, Train: 57.40%, Valid: 55.54%, Test: 57.14%, Best Valid: 55.54%, Best Test: 57.14%
Epoch: 100, Loss: 0.2892, Train: 91.80%, Valid: 89.07%, Test: 89.90%, Best Valid: 89.22%, Best Test: 89.85%
Epoch: 200, Loss: 0.2733, Train: 92.77%, Valid: 88.32%, Test: 89.58%, Best Valid: 89.29%, Best Test: 90.05%
Epoch: 300, Loss: 0.2761, Train: 93.52%, Valid: 88.42%, Test: 89.20%, Best Valid: 89.29%, Best Test: 90.05%
Epoch: 400, Loss: 0.2757, Train: 93.72%, Valid: 88.42%, Test: 89.30%, Best Valid: 89.29%, Best Test: 90.05%
Epoch: 500, Loss: 0.2519, Train: 94.47%, Valid: 88.42%, Test: 89.25%, Best Valid: 89.29%, Best Test: 90.05%
Epoch: 600, Loss: 0.2501, Train: 94.87%, Valid: 88.37%, Test: 89.30%, Best Valid: 89.29%, Best Test: 90.05%
Epoch: 700, Loss: 0.2477, Train: 95.08%, Valid: 88.02%, Test: 88.79%, Best Valid: 89.29%, Best Test: 90.05%
Epoch: 800, Loss: 0.2464, Train: 95.46%, Valid: 88.22%, Test: 88.95%, Best Valid: 89.29%, Best Test: 90.05%
Epoch: 900, Loss: 0.2454, Train: 95.75%, Valid: 88.32%, Test: 88.97%, Best Valid: 89.29%, Best Test: 90.05%
Run 01:
Highest Train: 96.18
Highest Valid: 89.29
Highest Test: 90.12
Chosen epoch: 119
Final Train: 92.24
Final Test: 90.05
Pre-training MLP for 500 epochs to generate co-occurrence matrix...
MLP pre-training complete. Penalty matrix frozen.
Epoch: 00, Loss: 0.7122, Train: 58.05%, Valid: 56.04%, Test: 56.66%, Best Valid: 56.04%, Best Test: 56.66%
Epoch: 100, Loss: 0.3048, Train: 90.84%, Valid: 90.33%, Test: 89.83%, Best Valid: 90.33%, Best Test: 89.83%
Epoch: 200, Loss: 0.2861, Train: 92.20%, Valid: 90.15%, Test: 90.09%, Best Valid: 90.67%, Best Test: 90.03%
Epoch: 300, Loss: 0.2789, Train: 93.15%, Valid: 89.63%, Test: 89.89%, Best Valid: 90.67%, Best Test: 90.03%
Epoch: 400, Loss: 0.2633, Train: 94.52%, Valid: 89.37%, Test: 89.47%, Best Valid: 90.67%, Best Test: 90.03%
Epoch: 500, Loss: 0.2526, Train: 95.40%, Valid: 89.08%, Test: 89.21%, Best Valid: 90.67%, Best Test: 90.03%
Epoch: 600, Loss: 0.2468, Train: 95.95%, Valid: 88.66%, Test: 88.70%, Best Valid: 90.67%, Best Test: 90.03%
Epoch: 700, Loss: 0.2385, Train: 96.53%, Valid: 88.10%, Test: 87.90%, Best Valid: 90.67%, Best Test: 90.03%
Epoch: 800, Loss: 0.2376, Train: 96.55%, Valid: 88.49%, Test: 88.70%, Best Valid: 90.67%, Best Test: 90.03%
Epoch: 900, Loss: 0.2306, Train: 96.98%, Valid: 87.93%, Test: 88.22%, Best Valid: 90.67%, Best Test: 90.03%
Run 02:
Highest Train: 97.68
Highest Valid: 90.67
Highest Test: 90.30
Chosen epoch: 112
Final Train: 91.32
Final Test: 90.03
Pre-training MLP for 500 epochs to generate co-occurrence matrix...
MLP pre-training complete. Penalty matrix frozen.
Epoch: 00, Loss: 0.7631, Train: 64.32%, Valid: 62.17%, Test: 61.66%, Best Valid: 62.17%, Best Test: 61.66%
Epoch: 100, Loss: 0.2956, Train: 91.44%, Valid: 90.00%, Test: 90.77%, Best Valid: 90.18%, Best Test: 90.63%
Epoch: 200, Loss: 0.2846, Train: 92.01%, Valid: 89.96%, Test: 90.65%, Best Valid: 90.19%, Best Test: 90.68%
Epoch: 300, Loss: 0.2754, Train: 92.70%, Valid: 89.59%, Test: 90.32%, Best Valid: 90.19%, Best Test: 90.68%
Epoch: 400, Loss: 0.2713, Train: 93.51%, Valid: 89.50%, Test: 89.56%, Best Valid: 90.19%, Best Test: 90.68%
Epoch: 500, Loss: 0.2614, Train: 94.33%, Valid: 89.45%, Test: 89.34%, Best Valid: 90.19%, Best Test: 90.68%
Epoch: 600, Loss: 0.2553, Train: 95.01%, Valid: 89.09%, Test: 89.17%, Best Valid: 90.19%, Best Test: 90.68%
Epoch: 700, Loss: 0.2435, Train: 95.53%, Valid: 88.68%, Test: 88.81%, Best Valid: 90.19%, Best Test: 90.68%
Epoch: 800, Loss: 0.2409, Train: 95.90%, Valid: 88.70%, Test: 89.02%, Best Valid: 90.19%, Best Test: 90.68%
Epoch: 900, Loss: 0.2347, Train: 96.46%, Valid: 88.85%, Test: 88.76%, Best Valid: 90.19%, Best Test: 90.68%
Run 03:
Highest Train: 97.13
Highest Valid: 90.19
Highest Test: 90.91
Chosen epoch: 111
Final Train: 91.30
Final Test: 90.68
Pre-training MLP for 500 epochs to generate co-occurrence matrix...
MLP pre-training complete. Penalty matrix frozen.
Epoch: 00, Loss: 0.5956, Train: 44.44%, Valid: 48.48%, Test: 47.31%, Best Valid: 48.48%, Best Test: 47.31%
Epoch: 100, Loss: 0.2880, Train: 91.96%, Valid: 89.08%, Test: 89.64%, Best Valid: 89.34%, Best Test: 89.63%
Epoch: 200, Loss: 0.2750, Train: 92.84%, Valid: 89.02%, Test: 89.86%, Best Valid: 89.34%, Best Test: 89.63%
Epoch: 300, Loss: 0.2670, Train: 93.94%, Valid: 88.22%, Test: 89.28%, Best Valid: 89.34%, Best Test: 89.63%
Epoch: 400, Loss: 0.2491, Train: 94.44%, Valid: 88.56%, Test: 89.03%, Best Valid: 89.34%, Best Test: 89.63%
Epoch: 500, Loss: 0.2500, Train: 94.98%, Valid: 88.46%, Test: 88.92%, Best Valid: 89.34%, Best Test: 89.63%
Epoch: 600, Loss: 0.2415, Train: 95.72%, Valid: 88.00%, Test: 88.51%, Best Valid: 89.34%, Best Test: 89.63%
Epoch: 700, Loss: 0.2393, Train: 95.79%, Valid: 87.88%, Test: 88.56%, Best Valid: 89.34%, Best Test: 89.63%
Epoch: 800, Loss: 0.2441, Train: 96.25%, Valid: 88.16%, Test: 88.89%, Best Valid: 89.34%, Best Test: 89.63%
Epoch: 900, Loss: 0.2253, Train: 96.62%, Valid: 88.46%, Test: 88.59%, Best Valid: 89.34%, Best Test: 89.63%
Run 04:
Highest Train: 96.98
Highest Valid: 89.34
Highest Test: 90.09
Chosen epoch: 74
Final Train: 91.70
Final Test: 89.63
Pre-training MLP for 500 epochs to generate co-occurrence matrix...
MLP pre-training complete. Penalty matrix frozen.
Epoch: 00, Loss: 0.8485, Train: 48.51%, Valid: 49.89%, Test: 46.96%, Best Valid: 49.89%, Best Test: 46.96%
Epoch: 100, Loss: 0.2937, Train: 91.50%, Valid: 89.99%, Test: 89.81%, Best Valid: 90.31%, Best Test: 90.09%
Epoch: 200, Loss: 0.2834, Train: 92.53%, Valid: 90.26%, Test: 90.14%, Best Valid: 90.55%, Best Test: 89.99%
Epoch: 300, Loss: 0.2762, Train: 93.17%, Valid: 89.94%, Test: 90.32%, Best Valid: 90.55%, Best Test: 89.99%
Epoch: 400, Loss: 0.2579, Train: 94.49%, Valid: 89.38%, Test: 89.86%, Best Valid: 90.55%, Best Test: 89.99%
Epoch: 500, Loss: 0.2522, Train: 94.63%, Valid: 89.36%, Test: 89.72%, Best Valid: 90.55%, Best Test: 89.99%
Epoch: 600, Loss: 0.2526, Train: 95.29%, Valid: 89.04%, Test: 89.25%, Best Valid: 90.55%, Best Test: 89.99%
Epoch: 700, Loss: 0.2490, Train: 95.88%, Valid: 88.93%, Test: 89.49%, Best Valid: 90.55%, Best Test: 89.99%
Epoch: 800, Loss: 0.2383, Train: 96.52%, Valid: 88.90%, Test: 89.04%, Best Valid: 90.55%, Best Test: 89.99%
Epoch: 900, Loss: 0.2368, Train: 96.99%, Valid: 89.08%, Test: 88.72%, Best Valid: 90.55%, Best Test: 89.99%
Run 05:
Highest Train: 97.41
Highest Valid: 90.55
Highest Test: 90.39
Chosen epoch: 125
Final Train: 91.71
Final Test: 89.99
All runs:
Highest Train: 97.08 ± 0.57
Highest Test: 90.36 ± 0.33
Highest Valid: 90.01 ± 0.66
  Final Train: 91.65 ± 0.38
   Final Test: 90.08 ± 0.38
Saving results to mlp_gt/results_full/minesweeper/polynormer.csv

Running with MLP-GT Regularization (lambda=0.1)...
Namespace(aggregate='add', alpha=0.5, attention='gcn', beta=-1.0, bn=False, cpu=False, data_dir='../data/', dataset='minesweeper', device=0, dim_inner=128, display_step=100, dropout=0.3, epochs=1000, global_dropout=None, global_layers=2, gnn='gcn', graph_weight=0.8, hidden_channels=128, hops=10, in_dropout=0.0, jk=False, label_num_per_class=20, lambda_val=0.1, layers=1, ln=False, local_gnn_type='GCN', local_layers=2, lr=0.01, metric='rocauc', mlp_epochs=500, mlp_reg=True, model='polynormer', model_dir='./model/', n_heads=4, num_centroids=4096, num_heads=4, oracle_reg=False, pe_types='RWSE', pre_linear=False, pre_ln=False, rand_split=False, rand_split_class=False, reg_start_epoch=10, reg_update_freq=5, res=False, result_dir='mlp_gt/results_full', runs=5, save_model=False, save_result=False, seed=42, test_num=1000, train_prop=0.5, use_act=False, use_bn=False, use_graph=False, use_reg=True, use_residual=False, use_weight=False, valid_num=500, valid_prop=0.25, weight_decay=0.0005)
minesweeper
dataset minesweeper | num nodes 10000 | num edge 39402 | num node feats 7 | num classes 2
MODEL: Polynormer(
  (h_lins): ModuleList(
    (0): Linear(in_features=512, out_features=512, bias=True)
    (1): Linear(in_features=512, out_features=512, bias=True)
  )
  (local_convs): ModuleList(
    (0): GATConv(512, 128, heads=4)
    (1): GATConv(512, 128, heads=4)
  )
  (lins): ModuleList(
    (0): Linear(in_features=512, out_features=512, bias=True)
    (1): Linear(in_features=512, out_features=512, bias=True)
  )
  (lns): ModuleList(
    (0): LayerNorm((512,), eps=1e-05, elementwise_affine=True)
    (1): LayerNorm((512,), eps=1e-05, elementwise_affine=True)
  )
  (lin_in): Linear(in_features=7, out_features=512, bias=True)
  (ln): LayerNorm((512,), eps=1e-05, elementwise_affine=True)
  (global_attn): GlobalAttn(
    (h_lins): ModuleList(
      (0): Linear(in_features=512, out_features=512, bias=True)
      (1): Linear(in_features=512, out_features=512, bias=True)
    )
    (k_lins): ModuleList(
      (0): Linear(in_features=512, out_features=512, bias=True)
      (1): Linear(in_features=512, out_features=512, bias=True)
    )
    (v_lins): ModuleList(
      (0): Linear(in_features=512, out_features=512, bias=True)
      (1): Linear(in_features=512, out_features=512, bias=True)
    )
    (lns): ModuleList(
      (0): LayerNorm((512,), eps=1e-05, elementwise_affine=True)
      (1): LayerNorm((512,), eps=1e-05, elementwise_affine=True)
    )
    (lin_out): Linear(in_features=512, out_features=512, bias=True)
  )
  (pred_local): Linear(in_features=512, out_features=2, bias=True)
  (pred_global): Linear(in_features=512, out_features=2, bias=True)
)
Pre-training MLP for 500 epochs to generate co-occurrence matrix...
MLP pre-training complete. Penalty matrix frozen.
Epoch: 00, Loss: 0.6804, Train: 57.47%, Valid: 55.56%, Test: 57.29%, Best Valid: 55.56%, Best Test: 57.29%
Epoch: 100, Loss: 0.3142, Train: 91.95%, Valid: 88.98%, Test: 89.56%, Best Valid: 89.17%, Best Test: 89.83%
Epoch: 200, Loss: 0.3063, Train: 92.60%, Valid: 89.32%, Test: 89.85%, Best Valid: 89.36%, Best Test: 89.88%
Epoch: 300, Loss: 0.2925, Train: 93.27%, Valid: 88.33%, Test: 89.27%, Best Valid: 89.36%, Best Test: 89.88%
Epoch: 400, Loss: 0.2822, Train: 93.97%, Valid: 88.13%, Test: 89.10%, Best Valid: 89.36%, Best Test: 89.88%
Epoch: 500, Loss: 0.2812, Train: 94.64%, Valid: 88.12%, Test: 88.91%, Best Valid: 89.36%, Best Test: 89.88%
Epoch: 600, Loss: 0.2742, Train: 94.97%, Valid: 87.91%, Test: 88.95%, Best Valid: 89.36%, Best Test: 89.88%
Epoch: 700, Loss: 0.2638, Train: 95.63%, Valid: 87.83%, Test: 88.28%, Best Valid: 89.36%, Best Test: 89.88%
Epoch: 800, Loss: 0.2595, Train: 95.91%, Valid: 87.93%, Test: 88.43%, Best Valid: 89.36%, Best Test: 89.88%
Epoch: 900, Loss: 0.2591, Train: 96.14%, Valid: 87.80%, Test: 88.05%, Best Valid: 89.36%, Best Test: 89.88%
Run 01:
Highest Train: 96.73
Highest Valid: 89.36
Highest Test: 90.14
Chosen epoch: 199
Final Train: 92.61
Final Test: 89.88
Pre-training MLP for 500 epochs to generate co-occurrence matrix...
MLP pre-training complete. Penalty matrix frozen.
Epoch: 00, Loss: 0.7757, Train: 57.95%, Valid: 55.95%, Test: 56.56%, Best Valid: 55.95%, Best Test: 56.56%
Epoch: 100, Loss: 0.3289, Train: 91.16%, Valid: 90.19%, Test: 90.12%, Best Valid: 90.22%, Best Test: 90.16%
Epoch: 200, Loss: 0.3091, Train: 92.38%, Valid: 89.94%, Test: 89.92%, Best Valid: 90.51%, Best Test: 90.11%
Epoch: 300, Loss: 0.2927, Train: 93.85%, Valid: 89.81%, Test: 89.63%, Best Valid: 90.51%, Best Test: 90.11%
Epoch: 400, Loss: 0.2815, Train: 94.80%, Valid: 89.03%, Test: 89.04%, Best Valid: 90.51%, Best Test: 90.11%
Epoch: 500, Loss: 0.2679, Train: 95.67%, Valid: 89.50%, Test: 88.75%, Best Valid: 90.51%, Best Test: 90.11%
Epoch: 600, Loss: 0.2565, Train: 96.57%, Valid: 88.65%, Test: 88.88%, Best Valid: 90.51%, Best Test: 90.11%
Epoch: 700, Loss: 0.2501, Train: 97.08%, Valid: 88.22%, Test: 88.55%, Best Valid: 90.51%, Best Test: 90.11%
Epoch: 800, Loss: 0.2466, Train: 97.20%, Valid: 88.20%, Test: 88.32%, Best Valid: 90.51%, Best Test: 90.11%
Epoch: 900, Loss: 0.2293, Train: 97.78%, Valid: 87.86%, Test: 87.78%, Best Valid: 90.51%, Best Test: 90.11%
Run 02:
Highest Train: 98.35
Highest Valid: 90.51
Highest Test: 90.27
Chosen epoch: 170
Final Train: 92.11
Final Test: 90.11
Pre-training MLP for 500 epochs to generate co-occurrence matrix...
MLP pre-training complete. Penalty matrix frozen.
Epoch: 00, Loss: 0.8311, Train: 64.65%, Valid: 62.36%, Test: 62.01%, Best Valid: 62.36%, Best Test: 62.01%
Epoch: 100, Loss: 0.3221, Train: 91.42%, Valid: 89.95%, Test: 90.63%, Best Valid: 90.29%, Best Test: 90.84%
Epoch: 200, Loss: 0.3127, Train: 92.12%, Valid: 89.91%, Test: 90.65%, Best Valid: 90.36%, Best Test: 90.82%
Epoch: 300, Loss: 0.3018, Train: 92.42%, Valid: 90.04%, Test: 90.28%, Best Valid: 90.36%, Best Test: 90.37%
Epoch: 400, Loss: 0.2977, Train: 93.20%, Valid: 89.43%, Test: 89.79%, Best Valid: 90.36%, Best Test: 90.37%
Epoch: 500, Loss: 0.2846, Train: 94.37%, Valid: 88.95%, Test: 89.66%, Best Valid: 90.36%, Best Test: 90.37%
Epoch: 600, Loss: 0.2763, Train: 94.95%, Valid: 89.02%, Test: 89.59%, Best Valid: 90.36%, Best Test: 90.37%
Epoch: 700, Loss: 0.2717, Train: 95.75%, Valid: 88.68%, Test: 89.01%, Best Valid: 90.36%, Best Test: 90.37%
Epoch: 800, Loss: 0.2672, Train: 96.27%, Valid: 88.51%, Test: 88.84%, Best Valid: 90.36%, Best Test: 90.37%
Epoch: 900, Loss: 0.2534, Train: 96.51%, Valid: 88.26%, Test: 88.44%, Best Valid: 90.36%, Best Test: 90.37%
Run 03:
Highest Train: 97.16
Highest Valid: 90.36
Highest Test: 90.97
Chosen epoch: 274
Final Train: 92.24
Final Test: 90.37
Pre-training MLP for 500 epochs to generate co-occurrence matrix...
MLP pre-training complete. Penalty matrix frozen.
Epoch: 00, Loss: 0.6487, Train: 44.24%, Valid: 48.13%, Test: 46.98%, Best Valid: 48.13%, Best Test: 46.98%
Epoch: 100, Loss: 0.3167, Train: 91.80%, Valid: 89.03%, Test: 89.64%, Best Valid: 89.22%, Best Test: 89.68%
Epoch: 200, Loss: 0.3031, Train: 92.69%, Valid: 89.35%, Test: 90.17%, Best Valid: 89.58%, Best Test: 90.04%
Epoch: 300, Loss: 0.2932, Train: 93.57%, Valid: 88.94%, Test: 89.86%, Best Valid: 89.58%, Best Test: 90.04%
Epoch: 400, Loss: 0.2783, Train: 94.46%, Valid: 88.59%, Test: 89.63%, Best Valid: 89.58%, Best Test: 90.04%
Epoch: 500, Loss: 0.2809, Train: 94.68%, Valid: 88.79%, Test: 89.60%, Best Valid: 89.58%, Best Test: 90.04%
Epoch: 600, Loss: 0.2749, Train: 95.40%, Valid: 88.38%, Test: 88.97%, Best Valid: 89.58%, Best Test: 90.04%
Epoch: 700, Loss: 0.2592, Train: 95.91%, Valid: 87.69%, Test: 89.00%, Best Valid: 89.58%, Best Test: 90.04%
Epoch: 800, Loss: 0.2595, Train: 96.10%, Valid: 87.84%, Test: 88.91%, Best Valid: 89.58%, Best Test: 90.04%
Epoch: 900, Loss: 0.2497, Train: 96.23%, Valid: 88.30%, Test: 89.09%, Best Valid: 89.58%, Best Test: 90.04%
Run 04:
Highest Train: 96.71
Highest Valid: 89.58
Highest Test: 90.39
Chosen epoch: 147
Final Train: 92.46
Final Test: 90.04
Pre-training MLP for 500 epochs to generate co-occurrence matrix...
MLP pre-training complete. Penalty matrix frozen.
Epoch: 00, Loss: 0.9241, Train: 47.99%, Valid: 49.45%, Test: 46.43%, Best Valid: 49.45%, Best Test: 46.43%
Epoch: 100, Loss: 0.3371, Train: 91.17%, Valid: 90.17%, Test: 89.71%, Best Valid: 90.37%, Best Test: 90.24%
Epoch: 200, Loss: 0.3086, Train: 92.19%, Valid: 90.17%, Test: 90.17%, Best Valid: 90.58%, Best Test: 90.30%
Epoch: 300, Loss: 0.2990, Train: 93.03%, Valid: 89.86%, Test: 90.28%, Best Valid: 90.68%, Best Test: 90.06%
Epoch: 400, Loss: 0.2888, Train: 93.93%, Valid: 89.47%, Test: 89.96%, Best Valid: 90.68%, Best Test: 90.06%
Epoch: 500, Loss: 0.2761, Train: 94.76%, Valid: 89.68%, Test: 89.69%, Best Valid: 90.68%, Best Test: 90.06%
Epoch: 600, Loss: 0.2848, Train: 95.22%, Valid: 89.15%, Test: 89.45%, Best Valid: 90.68%, Best Test: 90.06%
Epoch: 700, Loss: 0.2708, Train: 95.86%, Valid: 89.16%, Test: 89.68%, Best Valid: 90.68%, Best Test: 90.06%
Epoch: 800, Loss: 0.2635, Train: 96.17%, Valid: 88.34%, Test: 89.22%, Best Valid: 90.68%, Best Test: 90.06%
Epoch: 900, Loss: 0.2614, Train: 96.59%, Valid: 88.86%, Test: 88.96%, Best Valid: 90.68%, Best Test: 90.06%
Run 05:
Highest Train: 97.24
Highest Valid: 90.68
Highest Test: 90.54
Chosen epoch: 258
Final Train: 92.43
Final Test: 90.06
All runs:
Highest Train: 97.24 ± 0.67
Highest Test: 90.46 ± 0.32
Highest Valid: 90.10 ± 0.59
  Final Train: 92.37 ± 0.19
   Final Test: 90.09 ± 0.18
Saving results to mlp_gt/results_full/minesweeper/polynormer.csv

Running with MLP-GT Regularization (lambda=0.2)...
Namespace(aggregate='add', alpha=0.5, attention='gcn', beta=-1.0, bn=False, cpu=False, data_dir='../data/', dataset='minesweeper', device=0, dim_inner=128, display_step=100, dropout=0.3, epochs=1000, global_dropout=None, global_layers=2, gnn='gcn', graph_weight=0.8, hidden_channels=128, hops=10, in_dropout=0.0, jk=False, label_num_per_class=20, lambda_val=0.2, layers=1, ln=False, local_gnn_type='GCN', local_layers=2, lr=0.01, metric='rocauc', mlp_epochs=500, mlp_reg=True, model='polynormer', model_dir='./model/', n_heads=4, num_centroids=4096, num_heads=4, oracle_reg=False, pe_types='RWSE', pre_linear=False, pre_ln=False, rand_split=False, rand_split_class=False, reg_start_epoch=10, reg_update_freq=5, res=False, result_dir='mlp_gt/results_full', runs=5, save_model=False, save_result=False, seed=42, test_num=1000, train_prop=0.5, use_act=False, use_bn=False, use_graph=False, use_reg=True, use_residual=False, use_weight=False, valid_num=500, valid_prop=0.25, weight_decay=0.0005)
minesweeper
dataset minesweeper | num nodes 10000 | num edge 39402 | num node feats 7 | num classes 2
MODEL: Polynormer(
  (h_lins): ModuleList(
    (0): Linear(in_features=512, out_features=512, bias=True)
    (1): Linear(in_features=512, out_features=512, bias=True)
  )
  (local_convs): ModuleList(
    (0): GATConv(512, 128, heads=4)
    (1): GATConv(512, 128, heads=4)
  )
  (lins): ModuleList(
    (0): Linear(in_features=512, out_features=512, bias=True)
    (1): Linear(in_features=512, out_features=512, bias=True)
  )
  (lns): ModuleList(
    (0): LayerNorm((512,), eps=1e-05, elementwise_affine=True)
    (1): LayerNorm((512,), eps=1e-05, elementwise_affine=True)
  )
  (lin_in): Linear(in_features=7, out_features=512, bias=True)
  (ln): LayerNorm((512,), eps=1e-05, elementwise_affine=True)
  (global_attn): GlobalAttn(
    (h_lins): ModuleList(
      (0): Linear(in_features=512, out_features=512, bias=True)
      (1): Linear(in_features=512, out_features=512, bias=True)
    )
    (k_lins): ModuleList(
      (0): Linear(in_features=512, out_features=512, bias=True)
      (1): Linear(in_features=512, out_features=512, bias=True)
    )
    (v_lins): ModuleList(
      (0): Linear(in_features=512, out_features=512, bias=True)
      (1): Linear(in_features=512, out_features=512, bias=True)
    )
    (lns): ModuleList(
      (0): LayerNorm((512,), eps=1e-05, elementwise_affine=True)
      (1): LayerNorm((512,), eps=1e-05, elementwise_affine=True)
    )
    (lin_out): Linear(in_features=512, out_features=512, bias=True)
  )
  (pred_local): Linear(in_features=512, out_features=2, bias=True)
  (pred_global): Linear(in_features=512, out_features=2, bias=True)
)
Pre-training MLP for 500 epochs to generate co-occurrence matrix...
MLP pre-training complete. Penalty matrix frozen.
Epoch: 00, Loss: 0.7423, Train: 56.96%, Valid: 55.04%, Test: 56.87%, Best Valid: 55.04%, Best Test: 56.87%
Epoch: 100, Loss: 0.3496, Train: 91.80%, Valid: 89.05%, Test: 89.67%, Best Valid: 89.06%, Best Test: 89.77%
Epoch: 200, Loss: 0.3380, Train: 92.56%, Valid: 88.45%, Test: 89.42%, Best Valid: 89.18%, Best Test: 90.30%
Epoch: 300, Loss: 0.3280, Train: 93.55%, Valid: 88.88%, Test: 89.74%, Best Valid: 89.18%, Best Test: 90.30%
Epoch: 400, Loss: 0.3053, Train: 94.41%, Valid: 88.04%, Test: 89.04%, Best Valid: 89.18%, Best Test: 90.30%
Epoch: 500, Loss: 0.3047, Train: 94.51%, Valid: 88.19%, Test: 89.26%, Best Valid: 89.18%, Best Test: 90.30%
Epoch: 600, Loss: 0.3037, Train: 94.88%, Valid: 88.50%, Test: 88.72%, Best Valid: 89.18%, Best Test: 90.30%
Epoch: 700, Loss: 0.2946, Train: 95.37%, Valid: 88.62%, Test: 88.83%, Best Valid: 89.18%, Best Test: 90.30%
Epoch: 800, Loss: 0.2812, Train: 95.70%, Valid: 87.99%, Test: 89.03%, Best Valid: 89.18%, Best Test: 90.30%
Epoch: 900, Loss: 0.2898, Train: 96.05%, Valid: 87.65%, Test: 88.19%, Best Valid: 89.18%, Best Test: 90.30%
Run 01:
Highest Train: 96.66
Highest Valid: 89.18
Highest Test: 90.30
Chosen epoch: 140
Final Train: 92.24
Final Test: 90.30
Pre-training MLP for 500 epochs to generate co-occurrence matrix...
MLP pre-training complete. Penalty matrix frozen.
Epoch: 00, Loss: 0.8462, Train: 57.81%, Valid: 55.77%, Test: 56.38%, Best Valid: 55.77%, Best Test: 56.38%
Epoch: 100, Loss: 0.3592, Train: 90.95%, Valid: 90.32%, Test: 89.74%, Best Valid: 90.33%, Best Test: 89.74%
Epoch: 200, Loss: 0.3424, Train: 92.07%, Valid: 89.80%, Test: 89.36%, Best Valid: 90.53%, Best Test: 90.03%
Epoch: 300, Loss: 0.3300, Train: 93.37%, Valid: 89.97%, Test: 89.69%, Best Valid: 90.53%, Best Test: 90.03%
Epoch: 400, Loss: 0.3066, Train: 94.62%, Valid: 89.51%, Test: 89.17%, Best Valid: 90.53%, Best Test: 90.03%
Epoch: 500, Loss: 0.3076, Train: 95.24%, Valid: 88.64%, Test: 88.35%, Best Valid: 90.53%, Best Test: 90.03%
Epoch: 600, Loss: 0.2916, Train: 96.09%, Valid: 89.12%, Test: 88.86%, Best Valid: 90.53%, Best Test: 90.03%
Epoch: 700, Loss: 0.2794, Train: 96.53%, Valid: 88.60%, Test: 88.52%, Best Valid: 90.53%, Best Test: 90.03%
Epoch: 800, Loss: 0.2741, Train: 97.15%, Valid: 88.74%, Test: 88.75%, Best Valid: 90.53%, Best Test: 90.03%
Epoch: 900, Loss: 0.2724, Train: 97.58%, Valid: 88.36%, Test: 88.09%, Best Valid: 90.53%, Best Test: 90.03%
Run 02:
Highest Train: 97.84
Highest Valid: 90.53
Highest Test: 90.22
Chosen epoch: 145
Final Train: 91.77
Final Test: 90.03
Pre-training MLP for 500 epochs to generate co-occurrence matrix...
MLP pre-training complete. Penalty matrix frozen.
Epoch: 00, Loss: 0.9067, Train: 64.05%, Valid: 61.65%, Test: 61.46%, Best Valid: 61.65%, Best Test: 61.46%
Epoch: 100, Loss: 0.3512, Train: 91.52%, Valid: 90.05%, Test: 90.55%, Best Valid: 90.06%, Best Test: 90.63%
Epoch: 200, Loss: 0.3378, Train: 92.07%, Valid: 89.55%, Test: 90.28%, Best Valid: 90.13%, Best Test: 90.45%
Epoch: 300, Loss: 0.3308, Train: 93.11%, Valid: 89.56%, Test: 89.69%, Best Valid: 90.13%, Best Test: 90.45%
Epoch: 400, Loss: 0.3185, Train: 93.95%, Valid: 89.44%, Test: 89.73%, Best Valid: 90.13%, Best Test: 90.45%
Epoch: 500, Loss: 0.3038, Train: 94.88%, Valid: 89.03%, Test: 89.07%, Best Valid: 90.13%, Best Test: 90.45%
Epoch: 600, Loss: 0.3006, Train: 95.60%, Valid: 88.67%, Test: 88.93%, Best Valid: 90.13%, Best Test: 90.45%
Epoch: 700, Loss: 0.2864, Train: 96.25%, Valid: 88.52%, Test: 88.74%, Best Valid: 90.13%, Best Test: 90.45%
Epoch: 800, Loss: 0.2886, Train: 96.59%, Valid: 88.98%, Test: 88.92%, Best Valid: 90.13%, Best Test: 90.45%
Epoch: 900, Loss: 0.2707, Train: 97.23%, Valid: 88.55%, Test: 88.69%, Best Valid: 90.13%, Best Test: 90.45%
Run 03:
Highest Train: 97.61
Highest Valid: 90.13
Highest Test: 90.78
Chosen epoch: 127
Final Train: 91.67
Final Test: 90.45
Pre-training MLP for 500 epochs to generate co-occurrence matrix...
MLP pre-training complete. Penalty matrix frozen.
Epoch: 00, Loss: 0.7077, Train: 43.89%, Valid: 47.66%, Test: 46.54%, Best Valid: 47.66%, Best Test: 46.54%
Epoch: 100, Loss: 0.3544, Train: 91.76%, Valid: 89.08%, Test: 89.62%, Best Valid: 89.08%, Best Test: 89.62%
Epoch: 200, Loss: 0.3381, Train: 92.45%, Valid: 89.16%, Test: 90.24%, Best Valid: 89.49%, Best Test: 90.05%
Epoch: 300, Loss: 0.3163, Train: 93.69%, Valid: 88.37%, Test: 89.69%, Best Valid: 89.49%, Best Test: 90.05%
Epoch: 400, Loss: 0.3109, Train: 94.56%, Valid: 88.27%, Test: 89.65%, Best Valid: 89.49%, Best Test: 90.05%
Epoch: 500, Loss: 0.2982, Train: 95.42%, Valid: 88.55%, Test: 89.18%, Best Valid: 89.49%, Best Test: 90.05%
Epoch: 600, Loss: 0.2839, Train: 95.88%, Valid: 87.89%, Test: 89.16%, Best Valid: 89.49%, Best Test: 90.05%
Epoch: 700, Loss: 0.2809, Train: 95.81%, Valid: 88.37%, Test: 88.84%, Best Valid: 89.49%, Best Test: 90.05%
Epoch: 800, Loss: 0.2827, Train: 96.61%, Valid: 88.22%, Test: 88.88%, Best Valid: 89.49%, Best Test: 90.05%
Epoch: 900, Loss: 0.2639, Train: 96.92%, Valid: 87.81%, Test: 88.71%, Best Valid: 89.49%, Best Test: 90.05%
Run 04:
Highest Train: 97.48
Highest Valid: 89.49
Highest Test: 90.42
Chosen epoch: 172
Final Train: 92.31
Final Test: 90.05
Pre-training MLP for 500 epochs to generate co-occurrence matrix...
MLP pre-training complete. Penalty matrix frozen.
Epoch: 00, Loss: 1.0081, Train: 47.86%, Valid: 49.30%, Test: 46.27%, Best Valid: 49.30%, Best Test: 46.27%
Epoch: 100, Loss: 0.3670, Train: 91.28%, Valid: 90.39%, Test: 89.79%, Best Valid: 90.39%, Best Test: 89.79%
Epoch: 200, Loss: 0.3412, Train: 92.14%, Valid: 90.28%, Test: 90.12%, Best Valid: 90.58%, Best Test: 90.06%
Epoch: 300, Loss: 0.3337, Train: 92.65%, Valid: 89.96%, Test: 90.26%, Best Valid: 90.63%, Best Test: 90.29%
Epoch: 400, Loss: 0.3291, Train: 93.20%, Valid: 89.70%, Test: 90.06%, Best Valid: 90.63%, Best Test: 90.29%
Epoch: 500, Loss: 0.3278, Train: 93.81%, Valid: 89.87%, Test: 89.66%, Best Valid: 90.63%, Best Test: 90.29%
Epoch: 600, Loss: 0.3145, Train: 94.35%, Valid: 89.64%, Test: 89.93%, Best Valid: 90.63%, Best Test: 90.29%
Epoch: 700, Loss: 0.3024, Train: 94.63%, Valid: 89.52%, Test: 89.58%, Best Valid: 90.63%, Best Test: 90.29%
Epoch: 800, Loss: 0.3025, Train: 95.08%, Valid: 89.90%, Test: 89.50%, Best Valid: 90.63%, Best Test: 90.29%
Epoch: 900, Loss: 0.2932, Train: 95.74%, Valid: 89.39%, Test: 89.30%, Best Valid: 90.63%, Best Test: 90.29%
Run 05:
Highest Train: 96.10
Highest Valid: 90.63
Highest Test: 90.54
Chosen epoch: 229
Final Train: 92.23
Final Test: 90.29
All runs:
Highest Train: 97.14 ± 0.73
Highest Test: 90.45 ± 0.22
Highest Valid: 89.99 ± 0.64
  Final Train: 92.04 ± 0.30
   Final Test: 90.22 ± 0.18
Saving results to mlp_gt/results_full/minesweeper/polynormer.csv

Running with MLP-GT Regularization (lambda=0.4)...
Namespace(aggregate='add', alpha=0.5, attention='gcn', beta=-1.0, bn=False, cpu=False, data_dir='../data/', dataset='minesweeper', device=0, dim_inner=128, display_step=100, dropout=0.3, epochs=1000, global_dropout=None, global_layers=2, gnn='gcn', graph_weight=0.8, hidden_channels=128, hops=10, in_dropout=0.0, jk=False, label_num_per_class=20, lambda_val=0.4, layers=1, ln=False, local_gnn_type='GCN', local_layers=2, lr=0.01, metric='rocauc', mlp_epochs=500, mlp_reg=True, model='polynormer', model_dir='./model/', n_heads=4, num_centroids=4096, num_heads=4, oracle_reg=False, pe_types='RWSE', pre_linear=False, pre_ln=False, rand_split=False, rand_split_class=False, reg_start_epoch=10, reg_update_freq=5, res=False, result_dir='mlp_gt/results_full', runs=5, save_model=False, save_result=False, seed=42, test_num=1000, train_prop=0.5, use_act=False, use_bn=False, use_graph=False, use_reg=True, use_residual=False, use_weight=False, valid_num=500, valid_prop=0.25, weight_decay=0.0005)
minesweeper
dataset minesweeper | num nodes 10000 | num edge 39402 | num node feats 7 | num classes 2
MODEL: Polynormer(
  (h_lins): ModuleList(
    (0): Linear(in_features=512, out_features=512, bias=True)
    (1): Linear(in_features=512, out_features=512, bias=True)
  )
  (local_convs): ModuleList(
    (0): GATConv(512, 128, heads=4)
    (1): GATConv(512, 128, heads=4)
  )
  (lins): ModuleList(
    (0): Linear(in_features=512, out_features=512, bias=True)
    (1): Linear(in_features=512, out_features=512, bias=True)
  )
  (lns): ModuleList(
    (0): LayerNorm((512,), eps=1e-05, elementwise_affine=True)
    (1): LayerNorm((512,), eps=1e-05, elementwise_affine=True)
  )
  (lin_in): Linear(in_features=7, out_features=512, bias=True)
  (ln): LayerNorm((512,), eps=1e-05, elementwise_affine=True)
  (global_attn): GlobalAttn(
    (h_lins): ModuleList(
      (0): Linear(in_features=512, out_features=512, bias=True)
      (1): Linear(in_features=512, out_features=512, bias=True)
    )
    (k_lins): ModuleList(
      (0): Linear(in_features=512, out_features=512, bias=True)
      (1): Linear(in_features=512, out_features=512, bias=True)
    )
    (v_lins): ModuleList(
      (0): Linear(in_features=512, out_features=512, bias=True)
      (1): Linear(in_features=512, out_features=512, bias=True)
    )
    (lns): ModuleList(
      (0): LayerNorm((512,), eps=1e-05, elementwise_affine=True)
      (1): LayerNorm((512,), eps=1e-05, elementwise_affine=True)
    )
    (lin_out): Linear(in_features=512, out_features=512, bias=True)
  )
  (pred_local): Linear(in_features=512, out_features=2, bias=True)
  (pred_global): Linear(in_features=512, out_features=2, bias=True)
)
Pre-training MLP for 500 epochs to generate co-occurrence matrix...
MLP pre-training complete. Penalty matrix frozen.
Epoch: 00, Loss: 0.8660, Train: 56.76%, Valid: 54.91%, Test: 56.82%, Best Valid: 54.91%, Best Test: 56.82%
Epoch: 100, Loss: 0.4227, Train: 91.45%, Valid: 88.82%, Test: 89.59%, Best Valid: 88.82%, Best Test: 89.59%
Epoch: 200, Loss: 0.3963, Train: 92.43%, Valid: 89.10%, Test: 89.86%, Best Valid: 89.46%, Best Test: 89.89%
Epoch: 300, Loss: 0.3828, Train: 93.16%, Valid: 88.61%, Test: 89.88%, Best Valid: 89.46%, Best Test: 89.89%
Epoch: 400, Loss: 0.3687, Train: 93.55%, Valid: 88.39%, Test: 89.27%, Best Valid: 89.46%, Best Test: 89.89%
Epoch: 500, Loss: 0.3623, Train: 93.91%, Valid: 88.02%, Test: 89.22%, Best Valid: 89.46%, Best Test: 89.89%
Epoch: 600, Loss: 0.3608, Train: 94.54%, Valid: 88.05%, Test: 88.77%, Best Valid: 89.46%, Best Test: 89.89%
Epoch: 700, Loss: 0.3465, Train: 95.06%, Valid: 88.09%, Test: 88.89%, Best Valid: 89.46%, Best Test: 89.89%
Epoch: 800, Loss: 0.3404, Train: 95.65%, Valid: 87.73%, Test: 88.22%, Best Valid: 89.46%, Best Test: 89.89%
Epoch: 900, Loss: 0.3522, Train: 95.47%, Valid: 87.86%, Test: 88.24%, Best Valid: 89.46%, Best Test: 89.89%
Run 01:
Highest Train: 96.28
Highest Valid: 89.46
Highest Test: 90.18
Chosen epoch: 157
Final Train: 92.25
Final Test: 89.89
Pre-training MLP for 500 epochs to generate co-occurrence matrix...
MLP pre-training complete. Penalty matrix frozen.
Epoch: 00, Loss: 0.9872, Train: 57.54%, Valid: 55.52%, Test: 56.13%, Best Valid: 55.52%, Best Test: 56.13%
Epoch: 100, Loss: 0.4353, Train: 90.97%, Valid: 90.21%, Test: 89.59%, Best Valid: 90.33%, Best Test: 89.64%
Epoch: 200, Loss: 0.3942, Train: 92.37%, Valid: 89.98%, Test: 89.45%, Best Valid: 90.50%, Best Test: 89.81%
Epoch: 300, Loss: 0.3756, Train: 93.88%, Valid: 89.29%, Test: 89.41%, Best Valid: 90.50%, Best Test: 89.81%
Epoch: 400, Loss: 0.3635, Train: 94.81%, Valid: 88.58%, Test: 88.78%, Best Valid: 90.50%, Best Test: 89.81%
Epoch: 500, Loss: 0.3440, Train: 95.72%, Valid: 87.92%, Test: 87.74%, Best Valid: 90.50%, Best Test: 89.81%
Epoch: 600, Loss: 0.3267, Train: 96.53%, Valid: 88.19%, Test: 87.74%, Best Valid: 90.50%, Best Test: 89.81%
Epoch: 700, Loss: 0.3199, Train: 97.05%, Valid: 88.58%, Test: 88.16%, Best Valid: 90.50%, Best Test: 89.81%
Epoch: 800, Loss: 0.3136, Train: 97.28%, Valid: 88.20%, Test: 87.57%, Best Valid: 90.50%, Best Test: 89.81%
Epoch: 900, Loss: 0.3117, Train: 97.75%, Valid: 87.55%, Test: 87.45%, Best Valid: 90.50%, Best Test: 89.81%
Run 02:
Highest Train: 98.14
Highest Valid: 90.50
Highest Test: 90.09
Chosen epoch: 155
Final Train: 91.93
Final Test: 89.81
Pre-training MLP for 500 epochs to generate co-occurrence matrix...
MLP pre-training complete. Penalty matrix frozen.
Epoch: 00, Loss: 1.0578, Train: 63.18%, Valid: 60.49%, Test: 60.51%, Best Valid: 60.49%, Best Test: 60.51%
Epoch: 100, Loss: 0.4320, Train: 91.13%, Valid: 89.98%, Test: 90.40%, Best Valid: 90.01%, Best Test: 90.59%
Epoch: 200, Loss: 0.4130, Train: 91.43%, Valid: 89.82%, Test: 90.53%, Best Valid: 90.26%, Best Test: 90.66%
Epoch: 300, Loss: 0.3938, Train: 92.71%, Valid: 89.96%, Test: 90.34%, Best Valid: 90.26%, Best Test: 90.66%
Epoch: 400, Loss: 0.3838, Train: 93.50%, Valid: 89.47%, Test: 89.96%, Best Valid: 90.26%, Best Test: 90.66%
Epoch: 500, Loss: 0.3663, Train: 94.04%, Valid: 89.16%, Test: 89.89%, Best Valid: 90.26%, Best Test: 90.66%
Epoch: 600, Loss: 0.3543, Train: 94.68%, Valid: 89.30%, Test: 89.94%, Best Valid: 90.26%, Best Test: 90.66%
Epoch: 700, Loss: 0.3481, Train: 95.44%, Valid: 88.47%, Test: 89.60%, Best Valid: 90.26%, Best Test: 90.66%
Epoch: 800, Loss: 0.3430, Train: 96.10%, Valid: 87.99%, Test: 88.92%, Best Valid: 90.26%, Best Test: 90.66%
Epoch: 900, Loss: 0.3303, Train: 96.43%, Valid: 88.31%, Test: 89.11%, Best Valid: 90.26%, Best Test: 90.66%
Run 03:
Highest Train: 97.11
Highest Valid: 90.26
Highest Test: 90.75
Chosen epoch: 175
Final Train: 91.59
Final Test: 90.66
Pre-training MLP for 500 epochs to generate co-occurrence matrix...
MLP pre-training complete. Penalty matrix frozen.
Epoch: 00, Loss: 0.8256, Train: 43.42%, Valid: 47.10%, Test: 46.06%, Best Valid: 47.10%, Best Test: 46.06%
Epoch: 100, Loss: 0.4101, Train: 91.86%, Valid: 89.21%, Test: 89.91%, Best Valid: 89.27%, Best Test: 90.10%
Epoch: 200, Loss: 0.3880, Train: 93.09%, Valid: 88.84%, Test: 89.90%, Best Valid: 89.52%, Best Test: 89.97%
Epoch: 300, Loss: 0.3762, Train: 93.89%, Valid: 88.52%, Test: 89.53%, Best Valid: 89.52%, Best Test: 89.97%
Epoch: 400, Loss: 0.3594, Train: 94.73%, Valid: 88.00%, Test: 89.63%, Best Valid: 89.52%, Best Test: 89.97%
Epoch: 500, Loss: 0.3516, Train: 95.23%, Valid: 88.56%, Test: 89.14%, Best Valid: 89.52%, Best Test: 89.97%
Epoch: 600, Loss: 0.3587, Train: 95.71%, Valid: 87.91%, Test: 89.07%, Best Valid: 89.52%, Best Test: 89.97%
Epoch: 700, Loss: 0.3278, Train: 96.49%, Valid: 87.78%, Test: 88.97%, Best Valid: 89.52%, Best Test: 89.97%
Epoch: 800, Loss: 0.3298, Train: 96.61%, Valid: 87.49%, Test: 88.86%, Best Valid: 89.52%, Best Test: 89.97%
Epoch: 900, Loss: 0.3161, Train: 97.25%, Valid: 87.50%, Test: 88.70%, Best Valid: 89.52%, Best Test: 89.97%
Run 04:
Highest Train: 97.67
Highest Valid: 89.52
Highest Test: 90.26
Chosen epoch: 101
Final Train: 91.84
Final Test: 89.97
Pre-training MLP for 500 epochs to generate co-occurrence matrix...
MLP pre-training complete. Penalty matrix frozen.
Epoch: 00, Loss: 1.1761, Train: 47.81%, Valid: 49.21%, Test: 46.18%, Best Valid: 49.21%, Best Test: 46.18%
Epoch: 100, Loss: 0.4303, Train: 91.19%, Valid: 89.89%, Test: 89.99%, Best Valid: 90.38%, Best Test: 90.06%
Epoch: 200, Loss: 0.4094, Train: 92.19%, Valid: 90.35%, Test: 90.15%, Best Valid: 90.43%, Best Test: 90.18%
Epoch: 300, Loss: 0.4179, Train: 92.57%, Valid: 90.25%, Test: 90.03%, Best Valid: 90.43%, Best Test: 90.18%
Epoch: 400, Loss: 0.3860, Train: 93.54%, Valid: 90.02%, Test: 90.14%, Best Valid: 90.43%, Best Test: 90.18%
Epoch: 500, Loss: 0.3698, Train: 94.10%, Valid: 89.78%, Test: 89.94%, Best Valid: 90.50%, Best Test: 89.71%
Epoch: 600, Loss: 0.3706, Train: 94.71%, Valid: 88.90%, Test: 89.48%, Best Valid: 90.50%, Best Test: 89.71%
Epoch: 700, Loss: 0.3527, Train: 95.55%, Valid: 89.34%, Test: 89.21%, Best Valid: 90.50%, Best Test: 89.71%
Epoch: 800, Loss: 0.3336, Train: 95.97%, Valid: 89.32%, Test: 89.45%, Best Valid: 90.50%, Best Test: 89.71%
Epoch: 900, Loss: 0.3274, Train: 96.61%, Valid: 88.97%, Test: 89.52%, Best Valid: 90.50%, Best Test: 89.71%
Run 05:
Highest Train: 97.20
Highest Valid: 90.50
Highest Test: 90.38
Chosen epoch: 422
Final Train: 93.34
Final Test: 89.71
All runs:
Highest Train: 97.28 ± 0.69
Highest Test: 90.33 ± 0.25
Highest Valid: 90.05 ± 0.52
  Final Train: 92.19 ± 0.69
   Final Test: 90.01 ± 0.38
Saving results to mlp_gt/results_full/minesweeper/polynormer.csv

GT sweep completed!
==========================================================
Task 4 (polynormer / minesweeper) completed at: Tue Apr 28 08:34:07 AM EDT 2026
==========================================================
