==========================================================
MLP-GT Full Sweep | Task 5
Job: 1011972 | Date: Tue Apr 28 08:00:50 AM EDT 2026 | Host: n0002
==========================================================
Tue Apr 28 08:00:56 2026       
+-----------------------------------------------------------------------------------------+
| NVIDIA-SMI 570.211.01             Driver Version: 570.211.01     CUDA Version: 12.8     |
|-----------------------------------------+------------------------+----------------------+
| GPU  Name                 Persistence-M | Bus-Id          Disp.A | Volatile Uncorr. ECC |
| Fan  Temp   Perf          Pwr:Usage/Cap |           Memory-Usage | GPU-Util  Compute M. |
|                                         |                        |               MIG M. |
|=========================================+========================+======================|
|   0  NVIDIA A100-SXM4-80GB          On  |   00000000:01:00.0 Off |                   On |
| N/A   39C    P0            152W /  500W |    5273MiB /  81920MiB |     N/A      Default |
|                                         |                        |              Enabled |
+-----------------------------------------+------------------------+----------------------+
|   1  NVIDIA A100-SXM4-80GB          On  |   00000000:41:00.0 Off |                   On |
| N/A   26C    P0             48W /  500W |     185MiB /  81920MiB |     N/A      Default |
|                                         |                        |              Enabled |
+-----------------------------------------+------------------------+----------------------+
|   2  NVIDIA A100-SXM4-80GB          On  |   00000000:81:00.0 Off |                   On |
| N/A   27C    P0             50W /  500W |     185MiB /  81920MiB |     N/A      Default |
|                                         |                        |              Enabled |
+-----------------------------------------+------------------------+----------------------+
|   3  NVIDIA A100-SXM4-80GB          On  |   00000000:C1:00.0 Off |                   On |
| N/A   29C    P0             90W /  500W |     703MiB /  81920MiB |     N/A      Default |
|                                         |                        |              Enabled |
+-----------------------------------------+------------------------+----------------------+

+-----------------------------------------------------------------------------------------+
| MIG devices:                                                                            |
+------------------+----------------------------------+-----------+-----------------------+
| GPU  GI  CI  MIG |                     Memory-Usage |        Vol|        Shared         |
|      ID  ID  Dev |                       BAR1-Usage | SM     Unc| CE ENC  DEC  OFA  JPG |
|                  |                                  |        ECC|                       |
|==================+==================================+===========+=======================|
|  1    3   0   0  |              53MiB / 19968MiB    | 28      0 |  2   0    1    0    0 |
|                  |                 0MiB / 32767MiB  |           |                       |
+------------------+----------------------------------+-----------+-----------------------+
                                                                                         
+-----------------------------------------------------------------------------------------+
| Processes:                                                                              |
|  GPU   GI   CI              PID   Type   Process name                        GPU Memory |
|        ID   ID                                                               Usage      |
|=========================================================================================|
|    0    1    0          3219811      C   python                                 5082MiB |
|    3    1    0          3221101      C   python                                  512MiB |
+-----------------------------------------------------------------------------------------+
1.12.1
True
NVIDIA A100-SXM4-80GB MIG 2g.20gb
Model: polynormer | Dataset: questions
Split flags: --metric rocauc
==========================================================
Starting mlp_gt GT Sweep for:
python main.py --model polynormer --dataset questions         --hidden_channels 128 --local_layers 2 --global_layers 2 --num_heads 4         --lr 0.01 --weight_decay 5e-4 --dropout 0.3 --epochs 1000         --runs 5 --device 0         --metric rocauc
Result dir: mlp_gt/results_full
==========================================================
Running GT Baseline (no reg)...
Namespace(aggregate='add', alpha=0.5, attention='gcn', beta=-1.0, bn=False, cpu=False, data_dir='../data/', dataset='questions', device=0, dim_inner=128, display_step=100, dropout=0.3, epochs=1000, global_dropout=None, global_layers=2, gnn='gcn', graph_weight=0.8, hidden_channels=128, hops=10, in_dropout=0.0, jk=False, label_num_per_class=20, lambda_val=0.5, layers=1, ln=False, local_gnn_type='GCN', local_layers=2, lr=0.01, metric='rocauc', mlp_epochs=500, mlp_reg=False, model='polynormer', model_dir='./model/', n_heads=4, num_centroids=4096, num_heads=4, oracle_reg=False, pe_types='RWSE', pre_linear=False, pre_ln=False, rand_split=False, rand_split_class=False, reg_start_epoch=10, reg_update_freq=5, res=False, result_dir='mlp_gt/results_full', runs=5, save_model=False, save_result=False, seed=42, test_num=1000, train_prop=0.5, use_act=False, use_bn=False, use_graph=False, use_reg=False, use_residual=False, use_weight=False, valid_num=500, valid_prop=0.25, weight_decay=0.0005)
questions
dataset questions | num nodes 48921 | num edge 153540 | num node feats 301 | num classes 2
MODEL: Polynormer(
  (h_lins): ModuleList(
    (0): Linear(in_features=512, out_features=512, bias=True)
    (1): Linear(in_features=512, out_features=512, bias=True)
  )
  (local_convs): ModuleList(
    (0): GATConv(512, 128, heads=4)
    (1): GATConv(512, 128, heads=4)
  )
  (lins): ModuleList(
    (0): Linear(in_features=512, out_features=512, bias=True)
    (1): Linear(in_features=512, out_features=512, bias=True)
  )
  (lns): ModuleList(
    (0): LayerNorm((512,), eps=1e-05, elementwise_affine=True)
    (1): LayerNorm((512,), eps=1e-05, elementwise_affine=True)
  )
  (lin_in): Linear(in_features=301, out_features=512, bias=True)
  (ln): LayerNorm((512,), eps=1e-05, elementwise_affine=True)
  (global_attn): GlobalAttn(
    (h_lins): ModuleList(
      (0): Linear(in_features=512, out_features=512, bias=True)
      (1): Linear(in_features=512, out_features=512, bias=True)
    )
    (k_lins): ModuleList(
      (0): Linear(in_features=512, out_features=512, bias=True)
      (1): Linear(in_features=512, out_features=512, bias=True)
    )
    (v_lins): ModuleList(
      (0): Linear(in_features=512, out_features=512, bias=True)
      (1): Linear(in_features=512, out_features=512, bias=True)
    )
    (lns): ModuleList(
      (0): LayerNorm((512,), eps=1e-05, elementwise_affine=True)
      (1): LayerNorm((512,), eps=1e-05, elementwise_affine=True)
    )
    (lin_out): Linear(in_features=512, out_features=512, bias=True)
  )
  (pred_local): Linear(in_features=512, out_features=2, bias=True)
  (pred_global): Linear(in_features=512, out_features=2, bias=True)
)
Epoch: 00, Loss: 0.6470, Train: 48.25%, Valid: 49.43%, Test: 49.33%, Best Valid: 49.43%, Best Test: 49.33%
Epoch: 100, Loss: 0.1200, Train: 77.48%, Valid: 71.01%, Test: 71.66%, Best Valid: 72.06%, Best Test: 72.85%
Epoch: 200, Loss: 0.1125, Train: 79.28%, Valid: 72.33%, Test: 73.52%, Best Valid: 73.18%, Best Test: 73.94%
Epoch: 300, Loss: 0.1079, Train: 83.89%, Valid: 75.25%, Test: 74.94%, Best Valid: 75.25%, Best Test: 74.94%
Epoch: 400, Loss: 0.1023, Train: 84.50%, Valid: 75.65%, Test: 74.78%, Best Valid: 75.93%, Best Test: 74.31%
Epoch: 500, Loss: 0.1053, Train: 84.50%, Valid: 75.04%, Test: 74.63%, Best Valid: 75.93%, Best Test: 74.31%
Epoch: 600, Loss: 0.1032, Train: 84.62%, Valid: 74.18%, Test: 74.41%, Best Valid: 75.93%, Best Test: 74.31%
Epoch: 700, Loss: 0.0985, Train: 86.75%, Valid: 74.98%, Test: 75.13%, Best Valid: 75.93%, Best Test: 74.31%
Epoch: 800, Loss: 0.1035, Train: 84.83%, Valid: 75.19%, Test: 75.07%, Best Valid: 75.93%, Best Test: 74.31%
Epoch: 900, Loss: 0.0945, Train: 87.73%, Valid: 75.23%, Test: 74.64%, Best Valid: 75.93%, Best Test: 74.31%
Run 01:
Highest Train: 89.36
Highest Valid: 75.93
Highest Test: 76.55
Chosen epoch: 319
Final Train: 84.32
Final Test: 74.31
Epoch: 00, Loss: 0.6981, Train: 43.59%, Valid: 44.45%, Test: 45.75%, Best Valid: 44.45%, Best Test: 45.75%
Epoch: 100, Loss: 0.1210, Train: 77.48%, Valid: 71.42%, Test: 70.98%, Best Valid: 72.69%, Best Test: 71.60%
Epoch: 200, Loss: 0.1123, Train: 78.83%, Valid: 73.18%, Test: 71.07%, Best Valid: 73.53%, Best Test: 72.35%
Epoch: 300, Loss: 0.1203, Train: 74.24%, Valid: 72.36%, Test: 70.53%, Best Valid: 74.21%, Best Test: 71.92%
Epoch: 400, Loss: 0.1140, Train: 78.65%, Valid: 74.84%, Test: 75.96%, Best Valid: 75.05%, Best Test: 75.80%
Epoch: 500, Loss: 0.1037, Train: 84.06%, Valid: 75.65%, Test: 75.44%, Best Valid: 76.88%, Best Test: 76.76%
Epoch: 600, Loss: 0.0998, Train: 85.55%, Valid: 75.33%, Test: 76.38%, Best Valid: 76.88%, Best Test: 76.76%
Epoch: 700, Loss: 0.1107, Train: 82.37%, Valid: 72.90%, Test: 72.45%, Best Valid: 76.88%, Best Test: 76.76%
Epoch: 800, Loss: 0.0993, Train: 87.86%, Valid: 73.30%, Test: 73.91%, Best Valid: 76.88%, Best Test: 76.76%
Epoch: 900, Loss: 0.0931, Train: 89.47%, Valid: 73.28%, Test: 74.50%, Best Valid: 76.88%, Best Test: 76.76%
Run 02:
Highest Train: 90.37
Highest Valid: 76.88
Highest Test: 77.86
Chosen epoch: 442
Final Train: 82.91
Final Test: 76.76
Epoch: 00, Loss: 0.7007, Train: 49.31%, Valid: 50.92%, Test: 50.93%, Best Valid: 50.92%, Best Test: 50.93%
Epoch: 100, Loss: 0.1181, Train: 78.52%, Valid: 72.42%, Test: 72.72%, Best Valid: 73.55%, Best Test: 73.65%
Epoch: 200, Loss: 0.1077, Train: 81.29%, Valid: 72.61%, Test: 74.28%, Best Valid: 73.61%, Best Test: 74.14%
Epoch: 300, Loss: 0.1126, Train: 79.36%, Valid: 72.97%, Test: 72.98%, Best Valid: 73.61%, Best Test: 74.14%
Epoch: 400, Loss: 0.1088, Train: 82.71%, Valid: 73.89%, Test: 73.26%, Best Valid: 74.50%, Best Test: 73.63%
Epoch: 500, Loss: 0.1102, Train: 81.32%, Valid: 72.98%, Test: 72.47%, Best Valid: 74.64%, Best Test: 72.66%
Epoch: 600, Loss: 0.1063, Train: 83.42%, Valid: 72.97%, Test: 72.78%, Best Valid: 74.80%, Best Test: 73.67%
Epoch: 700, Loss: 0.1028, Train: 84.84%, Valid: 73.05%, Test: 72.46%, Best Valid: 74.80%, Best Test: 73.67%
Epoch: 800, Loss: 0.1047, Train: 83.53%, Valid: 71.37%, Test: 70.15%, Best Valid: 74.80%, Best Test: 73.67%
Epoch: 900, Loss: 0.1021, Train: 86.05%, Valid: 72.78%, Test: 72.17%, Best Valid: 74.80%, Best Test: 73.67%
Run 03:
Highest Train: 88.71
Highest Valid: 74.80
Highest Test: 74.87
Chosen epoch: 572
Final Train: 80.53
Final Test: 73.67
Epoch: 00, Loss: 0.7695, Train: 48.40%, Valid: 47.53%, Test: 47.41%, Best Valid: 47.53%, Best Test: 47.41%
Epoch: 100, Loss: 0.1120, Train: 78.51%, Valid: 70.91%, Test: 70.79%, Best Valid: 71.80%, Best Test: 71.77%
Epoch: 200, Loss: 0.1063, Train: 80.63%, Valid: 72.42%, Test: 72.07%, Best Valid: 72.59%, Best Test: 72.32%
Epoch: 300, Loss: 0.1127, Train: 77.66%, Valid: 71.14%, Test: 70.77%, Best Valid: 73.16%, Best Test: 72.37%
Epoch: 400, Loss: 0.1036, Train: 85.27%, Valid: 75.08%, Test: 73.19%, Best Valid: 75.72%, Best Test: 73.88%
Epoch: 500, Loss: 0.1013, Train: 86.37%, Valid: 74.47%, Test: 72.32%, Best Valid: 75.72%, Best Test: 73.88%
Epoch: 600, Loss: 0.1222, Train: 82.62%, Valid: 74.30%, Test: 72.82%, Best Valid: 75.72%, Best Test: 73.88%
Epoch: 700, Loss: 0.1049, Train: 87.20%, Valid: 74.86%, Test: 71.63%, Best Valid: 76.43%, Best Test: 73.55%
Epoch: 800, Loss: 0.0884, Train: 89.79%, Valid: 75.47%, Test: 73.22%, Best Valid: 76.52%, Best Test: 72.95%
Epoch: 900, Loss: 0.0889, Train: 90.40%, Valid: 74.25%, Test: 72.51%, Best Valid: 76.52%, Best Test: 72.95%
Run 04:
Highest Train: 93.40
Highest Valid: 76.52
Highest Test: 74.55
Chosen epoch: 740
Final Train: 89.32
Final Test: 72.95
Epoch: 00, Loss: 0.6898, Train: 48.96%, Valid: 45.52%, Test: 47.96%, Best Valid: 45.52%, Best Test: 47.96%
Epoch: 100, Loss: 0.1187, Train: 76.75%, Valid: 71.99%, Test: 73.93%, Best Valid: 75.96%, Best Test: 74.34%
Epoch: 200, Loss: 0.1097, Train: 82.49%, Valid: 73.14%, Test: 73.96%, Best Valid: 75.96%, Best Test: 74.34%
Epoch: 300, Loss: 0.1011, Train: 85.76%, Valid: 73.30%, Test: 75.47%, Best Valid: 75.96%, Best Test: 74.34%
Epoch: 400, Loss: 0.0972, Train: 86.48%, Valid: 73.21%, Test: 76.26%, Best Valid: 75.96%, Best Test: 74.34%
Epoch: 500, Loss: 0.1068, Train: 87.05%, Valid: 71.02%, Test: 74.84%, Best Valid: 75.96%, Best Test: 74.34%
Epoch: 600, Loss: 0.0926, Train: 89.77%, Valid: 72.98%, Test: 76.21%, Best Valid: 75.96%, Best Test: 74.34%
Epoch: 700, Loss: 0.0923, Train: 89.29%, Valid: 73.55%, Test: 76.48%, Best Valid: 75.96%, Best Test: 74.34%
Epoch: 800, Loss: 0.0993, Train: 89.15%, Valid: 71.94%, Test: 75.47%, Best Valid: 75.96%, Best Test: 74.34%
Epoch: 900, Loss: 0.0855, Train: 92.48%, Valid: 74.41%, Test: 75.69%, Best Valid: 75.96%, Best Test: 74.34%
Run 05:
Highest Train: 93.13
Highest Valid: 75.96
Highest Test: 77.53
Chosen epoch: 87
Final Train: 80.72
Final Test: 74.34
All runs:
Highest Train: 90.99 ± 2.16
Highest Test: 76.27 ± 1.51
Highest Valid: 76.02 ± 0.79
  Final Train: 83.56 ± 3.58
   Final Test: 74.41 ± 1.44
Saving results to mlp_gt/results_full/questions/polynormer.csv

Running with MLP-GT Regularization (lambda=0.01)...
Namespace(aggregate='add', alpha=0.5, attention='gcn', beta=-1.0, bn=False, cpu=False, data_dir='../data/', dataset='questions', device=0, dim_inner=128, display_step=100, dropout=0.3, epochs=1000, global_dropout=None, global_layers=2, gnn='gcn', graph_weight=0.8, hidden_channels=128, hops=10, in_dropout=0.0, jk=False, label_num_per_class=20, lambda_val=0.01, layers=1, ln=False, local_gnn_type='GCN', local_layers=2, lr=0.01, metric='rocauc', mlp_epochs=500, mlp_reg=True, model='polynormer', model_dir='./model/', n_heads=4, num_centroids=4096, num_heads=4, oracle_reg=False, pe_types='RWSE', pre_linear=False, pre_ln=False, rand_split=False, rand_split_class=False, reg_start_epoch=10, reg_update_freq=5, res=False, result_dir='mlp_gt/results_full', runs=5, save_model=False, save_result=False, seed=42, test_num=1000, train_prop=0.5, use_act=False, use_bn=False, use_graph=False, use_reg=True, use_residual=False, use_weight=False, valid_num=500, valid_prop=0.25, weight_decay=0.0005)
questions
dataset questions | num nodes 48921 | num edge 153540 | num node feats 301 | num classes 2
MODEL: Polynormer(
  (h_lins): ModuleList(
    (0): Linear(in_features=512, out_features=512, bias=True)
    (1): Linear(in_features=512, out_features=512, bias=True)
  )
  (local_convs): ModuleList(
    (0): GATConv(512, 128, heads=4)
    (1): GATConv(512, 128, heads=4)
  )
  (lins): ModuleList(
    (0): Linear(in_features=512, out_features=512, bias=True)
    (1): Linear(in_features=512, out_features=512, bias=True)
  )
  (lns): ModuleList(
    (0): LayerNorm((512,), eps=1e-05, elementwise_affine=True)
    (1): LayerNorm((512,), eps=1e-05, elementwise_affine=True)
  )
  (lin_in): Linear(in_features=301, out_features=512, bias=True)
  (ln): LayerNorm((512,), eps=1e-05, elementwise_affine=True)
  (global_attn): GlobalAttn(
    (h_lins): ModuleList(
      (0): Linear(in_features=512, out_features=512, bias=True)
      (1): Linear(in_features=512, out_features=512, bias=True)
    )
    (k_lins): ModuleList(
      (0): Linear(in_features=512, out_features=512, bias=True)
      (1): Linear(in_features=512, out_features=512, bias=True)
    )
    (v_lins): ModuleList(
      (0): Linear(in_features=512, out_features=512, bias=True)
      (1): Linear(in_features=512, out_features=512, bias=True)
    )
    (lns): ModuleList(
      (0): LayerNorm((512,), eps=1e-05, elementwise_affine=True)
      (1): LayerNorm((512,), eps=1e-05, elementwise_affine=True)
    )
    (lin_out): Linear(in_features=512, out_features=512, bias=True)
  )
  (pred_local): Linear(in_features=512, out_features=2, bias=True)
  (pred_global): Linear(in_features=512, out_features=2, bias=True)
)
Pre-training MLP for 500 epochs to generate co-occurrence matrix...
MLP pre-training complete. Penalty matrix frozen.
Epoch: 00, Loss: 0.6533, Train: 47.99%, Valid: 49.46%, Test: 49.21%, Best Valid: 49.46%, Best Test: 49.21%
Epoch: 100, Loss: 0.1145, Train: 78.95%, Valid: 71.62%, Test: 72.36%, Best Valid: 71.62%, Best Test: 72.36%
Epoch: 200, Loss: 0.1102, Train: 82.03%, Valid: 71.41%, Test: 70.99%, Best Valid: 72.50%, Best Test: 70.72%
Epoch: 300, Loss: 0.0989, Train: 86.84%, Valid: 73.40%, Test: 73.79%, Best Valid: 73.65%, Best Test: 73.72%
Epoch: 400, Loss: 0.1064, Train: 84.75%, Valid: 71.94%, Test: 73.97%, Best Valid: 74.42%, Best Test: 73.80%
Epoch: 500, Loss: 0.0953, Train: 88.56%, Valid: 73.37%, Test: 73.62%, Best Valid: 74.64%, Best Test: 74.30%
Epoch: 600, Loss: 0.1010, Train: 87.24%, Valid: 73.66%, Test: 73.39%, Best Valid: 74.74%, Best Test: 73.36%
Epoch: 700, Loss: 0.1050, Train: 88.18%, Valid: 72.56%, Test: 72.03%, Best Valid: 74.74%, Best Test: 73.36%
Epoch: 800, Loss: 0.1056, Train: 86.12%, Valid: 72.36%, Test: 71.52%, Best Valid: 74.74%, Best Test: 73.36%
Epoch: 900, Loss: 0.0891, Train: 91.37%, Valid: 71.76%, Test: 72.38%, Best Valid: 74.74%, Best Test: 73.36%
Run 01:
Highest Train: 92.59
Highest Valid: 74.74
Highest Test: 75.85
Chosen epoch: 575
Final Train: 88.01
Final Test: 73.36
Pre-training MLP for 500 epochs to generate co-occurrence matrix...
MLP pre-training complete. Penalty matrix frozen.
Epoch: 00, Loss: 0.7655, Train: 47.69%, Valid: 50.49%, Test: 51.35%, Best Valid: 50.49%, Best Test: 51.35%
Epoch: 100, Loss: 0.1164, Train: 79.91%, Valid: 73.34%, Test: 71.66%, Best Valid: 74.59%, Best Test: 72.79%
Epoch: 200, Loss: 0.1148, Train: 79.88%, Valid: 74.66%, Test: 73.60%, Best Valid: 74.99%, Best Test: 74.10%
Epoch: 300, Loss: 0.1124, Train: 81.42%, Valid: 74.97%, Test: 75.09%, Best Valid: 75.56%, Best Test: 75.60%
Epoch: 400, Loss: 0.1038, Train: 84.24%, Valid: 75.11%, Test: 75.07%, Best Valid: 75.56%, Best Test: 75.60%
Epoch: 500, Loss: 0.1120, Train: 81.93%, Valid: 76.00%, Test: 74.83%, Best Valid: 76.72%, Best Test: 75.34%
Epoch: 600, Loss: 0.1022, Train: 85.85%, Valid: 75.11%, Test: 74.76%, Best Valid: 76.72%, Best Test: 75.34%
Epoch: 700, Loss: 0.0973, Train: 87.61%, Valid: 74.18%, Test: 74.37%, Best Valid: 76.72%, Best Test: 75.34%
Epoch: 800, Loss: 0.1133, Train: 82.43%, Valid: 69.30%, Test: 70.48%, Best Valid: 76.72%, Best Test: 75.34%
Epoch: 900, Loss: 0.0946, Train: 88.01%, Valid: 73.48%, Test: 73.81%, Best Valid: 76.72%, Best Test: 75.34%
Run 02:
Highest Train: 90.22
Highest Valid: 76.72
Highest Test: 76.55
Chosen epoch: 478
Final Train: 80.88
Final Test: 75.34
Pre-training MLP for 500 epochs to generate co-occurrence matrix...
MLP pre-training complete. Penalty matrix frozen.
Epoch: 00, Loss: 0.7164, Train: 52.01%, Valid: 52.07%, Test: 52.70%, Best Valid: 52.07%, Best Test: 52.70%
Epoch: 100, Loss: 0.1159, Train: 78.05%, Valid: 71.17%, Test: 71.28%, Best Valid: 72.25%, Best Test: 71.45%
Epoch: 200, Loss: 0.1108, Train: 78.87%, Valid: 70.48%, Test: 70.32%, Best Valid: 72.25%, Best Test: 71.45%
Epoch: 300, Loss: 0.1087, Train: 84.92%, Valid: 73.79%, Test: 73.84%, Best Valid: 74.47%, Best Test: 72.92%
Epoch: 400, Loss: 0.1033, Train: 85.66%, Valid: 74.77%, Test: 74.34%, Best Valid: 75.16%, Best Test: 74.07%
Epoch: 500, Loss: 0.1106, Train: 81.14%, Valid: 74.42%, Test: 73.72%, Best Valid: 75.16%, Best Test: 74.07%
Epoch: 600, Loss: 0.1002, Train: 87.35%, Valid: 73.31%, Test: 72.21%, Best Valid: 75.16%, Best Test: 74.07%
Epoch: 700, Loss: 0.0971, Train: 88.42%, Valid: 73.03%, Test: 72.92%, Best Valid: 75.16%, Best Test: 74.07%
Epoch: 800, Loss: 0.0977, Train: 89.06%, Valid: 71.94%, Test: 73.38%, Best Valid: 75.16%, Best Test: 74.07%
Epoch: 900, Loss: 0.0889, Train: 91.25%, Valid: 70.61%, Test: 72.02%, Best Valid: 75.16%, Best Test: 74.07%
Run 03:
Highest Train: 92.55
Highest Valid: 75.16
Highest Test: 74.62
Chosen epoch: 361
Final Train: 86.00
Final Test: 74.07
Pre-training MLP for 500 epochs to generate co-occurrence matrix...
MLP pre-training complete. Penalty matrix frozen.
Epoch: 00, Loss: 0.7103, Train: 47.93%, Valid: 49.34%, Test: 48.63%, Best Valid: 49.34%, Best Test: 48.63%
Epoch: 100, Loss: 0.1162, Train: 78.41%, Valid: 71.66%, Test: 70.30%, Best Valid: 72.11%, Best Test: 70.70%
Epoch: 200, Loss: 0.1123, Train: 79.48%, Valid: 71.05%, Test: 69.92%, Best Valid: 72.53%, Best Test: 71.37%
Epoch: 300, Loss: 0.1128, Train: 77.93%, Valid: 70.78%, Test: 69.25%, Best Valid: 72.53%, Best Test: 71.37%
Epoch: 400, Loss: 0.1159, Train: 77.46%, Valid: 70.37%, Test: 69.64%, Best Valid: 72.53%, Best Test: 71.37%
Epoch: 500, Loss: 0.1073, Train: 83.27%, Valid: 72.72%, Test: 70.17%, Best Valid: 72.93%, Best Test: 70.75%
Epoch: 600, Loss: 0.0996, Train: 86.85%, Valid: 74.46%, Test: 73.36%, Best Valid: 75.46%, Best Test: 73.83%
Epoch: 700, Loss: 0.0955, Train: 88.18%, Valid: 74.49%, Test: 74.05%, Best Valid: 75.46%, Best Test: 73.83%
Epoch: 800, Loss: 0.0917, Train: 88.44%, Valid: 73.41%, Test: 72.79%, Best Valid: 75.46%, Best Test: 73.83%
Epoch: 900, Loss: 0.0930, Train: 89.92%, Valid: 73.07%, Test: 72.54%, Best Valid: 75.46%, Best Test: 73.83%
Run 04:
Highest Train: 93.10
Highest Valid: 75.46
Highest Test: 74.73
Chosen epoch: 569
Final Train: 86.56
Final Test: 73.83
Pre-training MLP for 500 epochs to generate co-occurrence matrix...
MLP pre-training complete. Penalty matrix frozen.
Epoch: 00, Loss: 0.7058, Train: 47.48%, Valid: 45.17%, Test: 43.45%, Best Valid: 45.17%, Best Test: 43.45%
Epoch: 100, Loss: 0.1181, Train: 78.40%, Valid: 73.44%, Test: 75.27%, Best Valid: 74.02%, Best Test: 75.34%
Epoch: 200, Loss: 0.1081, Train: 81.93%, Valid: 75.86%, Test: 75.67%, Best Valid: 75.93%, Best Test: 75.16%
Epoch: 300, Loss: 0.1051, Train: 84.74%, Valid: 75.25%, Test: 75.89%, Best Valid: 76.02%, Best Test: 75.92%
Epoch: 400, Loss: 0.1001, Train: 86.81%, Valid: 74.97%, Test: 75.26%, Best Valid: 76.02%, Best Test: 75.92%
Epoch: 500, Loss: 0.1119, Train: 81.51%, Valid: 74.85%, Test: 75.88%, Best Valid: 76.02%, Best Test: 75.92%
Epoch: 600, Loss: 0.1019, Train: 86.52%, Valid: 74.37%, Test: 75.71%, Best Valid: 76.02%, Best Test: 75.92%
Epoch: 700, Loss: 0.1002, Train: 86.79%, Valid: 73.64%, Test: 75.23%, Best Valid: 76.02%, Best Test: 75.92%
Epoch: 800, Loss: 0.0969, Train: 88.06%, Valid: 73.61%, Test: 74.36%, Best Valid: 76.02%, Best Test: 75.92%
Epoch: 900, Loss: 0.0904, Train: 90.69%, Valid: 71.42%, Test: 72.87%, Best Valid: 76.02%, Best Test: 75.92%
Run 05:
Highest Train: 91.24
Highest Valid: 76.02
Highest Test: 76.46
Chosen epoch: 233
Final Train: 83.63
Final Test: 75.92
All runs:
Highest Train: 91.94 ± 1.18
Highest Test: 75.64 ± 0.92
Highest Valid: 75.62 ± 0.77
  Final Train: 85.01 ± 2.80
   Final Test: 74.50 ± 1.08
Saving results to mlp_gt/results_full/questions/polynormer.csv

Running with MLP-GT Regularization (lambda=0.1)...
Namespace(aggregate='add', alpha=0.5, attention='gcn', beta=-1.0, bn=False, cpu=False, data_dir='../data/', dataset='questions', device=0, dim_inner=128, display_step=100, dropout=0.3, epochs=1000, global_dropout=None, global_layers=2, gnn='gcn', graph_weight=0.8, hidden_channels=128, hops=10, in_dropout=0.0, jk=False, label_num_per_class=20, lambda_val=0.1, layers=1, ln=False, local_gnn_type='GCN', local_layers=2, lr=0.01, metric='rocauc', mlp_epochs=500, mlp_reg=True, model='polynormer', model_dir='./model/', n_heads=4, num_centroids=4096, num_heads=4, oracle_reg=False, pe_types='RWSE', pre_linear=False, pre_ln=False, rand_split=False, rand_split_class=False, reg_start_epoch=10, reg_update_freq=5, res=False, result_dir='mlp_gt/results_full', runs=5, save_model=False, save_result=False, seed=42, test_num=1000, train_prop=0.5, use_act=False, use_bn=False, use_graph=False, use_reg=True, use_residual=False, use_weight=False, valid_num=500, valid_prop=0.25, weight_decay=0.0005)
questions
dataset questions | num nodes 48921 | num edge 153540 | num node feats 301 | num classes 2
MODEL: Polynormer(
  (h_lins): ModuleList(
    (0): Linear(in_features=512, out_features=512, bias=True)
    (1): Linear(in_features=512, out_features=512, bias=True)
  )
  (local_convs): ModuleList(
    (0): GATConv(512, 128, heads=4)
    (1): GATConv(512, 128, heads=4)
  )
  (lins): ModuleList(
    (0): Linear(in_features=512, out_features=512, bias=True)
    (1): Linear(in_features=512, out_features=512, bias=True)
  )
  (lns): ModuleList(
    (0): LayerNorm((512,), eps=1e-05, elementwise_affine=True)
    (1): LayerNorm((512,), eps=1e-05, elementwise_affine=True)
  )
  (lin_in): Linear(in_features=301, out_features=512, bias=True)
  (ln): LayerNorm((512,), eps=1e-05, elementwise_affine=True)
  (global_attn): GlobalAttn(
    (h_lins): ModuleList(
      (0): Linear(in_features=512, out_features=512, bias=True)
      (1): Linear(in_features=512, out_features=512, bias=True)
    )
    (k_lins): ModuleList(
      (0): Linear(in_features=512, out_features=512, bias=True)
      (1): Linear(in_features=512, out_features=512, bias=True)
    )
    (v_lins): ModuleList(
      (0): Linear(in_features=512, out_features=512, bias=True)
      (1): Linear(in_features=512, out_features=512, bias=True)
    )
    (lns): ModuleList(
      (0): LayerNorm((512,), eps=1e-05, elementwise_affine=True)
      (1): LayerNorm((512,), eps=1e-05, elementwise_affine=True)
    )
    (lin_out): Linear(in_features=512, out_features=512, bias=True)
  )
  (pred_local): Linear(in_features=512, out_features=2, bias=True)
  (pred_global): Linear(in_features=512, out_features=2, bias=True)
)
Pre-training MLP for 500 epochs to generate co-occurrence matrix...
MLP pre-training complete. Penalty matrix frozen.
Epoch: 00, Loss: 0.7116, Train: 47.73%, Valid: 48.87%, Test: 49.13%, Best Valid: 48.87%, Best Test: 49.13%
Epoch: 100, Loss: 0.1291, Train: 78.92%, Valid: 71.39%, Test: 71.44%, Best Valid: 71.39%, Best Test: 71.44%
Epoch: 200, Loss: 0.1291, Train: 78.57%, Valid: 70.63%, Test: 70.49%, Best Valid: 72.10%, Best Test: 71.27%
Epoch: 300, Loss: 0.1342, Train: 70.62%, Valid: 68.73%, Test: 67.55%, Best Valid: 72.39%, Best Test: 70.43%
Epoch: 400, Loss: 0.1177, Train: 83.20%, Valid: 71.77%, Test: 70.73%, Best Valid: 72.39%, Best Test: 70.43%
Epoch: 500, Loss: 0.1310, Train: 75.68%, Valid: 69.29%, Test: 71.02%, Best Valid: 72.39%, Best Test: 70.43%
Epoch: 600, Loss: 0.1147, Train: 82.98%, Valid: 71.28%, Test: 70.53%, Best Valid: 72.39%, Best Test: 70.43%
Epoch: 700, Loss: 0.1321, Train: 79.13%, Valid: 69.70%, Test: 70.52%, Best Valid: 72.60%, Best Test: 71.39%
Epoch: 800, Loss: 0.1142, Train: 85.64%, Valid: 71.33%, Test: 71.08%, Best Valid: 72.60%, Best Test: 71.39%
Epoch: 900, Loss: 0.1148, Train: 86.42%, Valid: 71.59%, Test: 71.08%, Best Valid: 73.44%, Best Test: 72.79%
Run 01:
Highest Train: 89.06
Highest Valid: 73.44
Highest Test: 72.79
Chosen epoch: 897
Final Train: 86.59
Final Test: 72.79
Pre-training MLP for 500 epochs to generate co-occurrence matrix...
MLP pre-training complete. Penalty matrix frozen.
Epoch: 00, Loss: 0.8337, Train: 47.57%, Valid: 50.02%, Test: 50.72%, Best Valid: 50.02%, Best Test: 50.72%
Epoch: 100, Loss: 0.1327, Train: 77.82%, Valid: 70.94%, Test: 70.44%, Best Valid: 72.09%, Best Test: 71.34%
Epoch: 200, Loss: 0.1293, Train: 78.67%, Valid: 72.52%, Test: 72.87%, Best Valid: 73.92%, Best Test: 73.21%
Epoch: 300, Loss: 0.1377, Train: 75.05%, Valid: 70.89%, Test: 69.44%, Best Valid: 74.93%, Best Test: 74.06%
Epoch: 400, Loss: 0.1310, Train: 78.13%, Valid: 70.59%, Test: 69.67%, Best Valid: 74.93%, Best Test: 74.06%
Epoch: 500, Loss: 0.1247, Train: 81.44%, Valid: 72.79%, Test: 72.33%, Best Valid: 74.93%, Best Test: 74.06%
Epoch: 600, Loss: 0.1177, Train: 82.83%, Valid: 71.12%, Test: 71.05%, Best Valid: 74.93%, Best Test: 74.06%
Epoch: 700, Loss: 0.1119, Train: 85.69%, Valid: 69.23%, Test: 69.59%, Best Valid: 74.93%, Best Test: 74.06%
Epoch: 800, Loss: 0.1162, Train: 85.33%, Valid: 70.67%, Test: 69.71%, Best Valid: 74.93%, Best Test: 74.06%
Epoch: 900, Loss: 0.1151, Train: 84.66%, Valid: 70.94%, Test: 70.54%, Best Valid: 74.93%, Best Test: 74.06%
Run 02:
Highest Train: 87.20
Highest Valid: 74.93
Highest Test: 74.33
Chosen epoch: 252
Final Train: 79.65
Final Test: 74.06
Pre-training MLP for 500 epochs to generate co-occurrence matrix...
MLP pre-training complete. Penalty matrix frozen.
Epoch: 00, Loss: 0.7802, Train: 55.49%, Valid: 56.14%, Test: 56.05%, Best Valid: 56.14%, Best Test: 56.05%
Epoch: 100, Loss: 0.1254, Train: 79.86%, Valid: 69.25%, Test: 71.33%, Best Valid: 70.26%, Best Test: 72.14%
Epoch: 200, Loss: 0.1333, Train: 74.55%, Valid: 69.54%, Test: 69.89%, Best Valid: 71.60%, Best Test: 72.96%
Epoch: 300, Loss: 0.1180, Train: 83.83%, Valid: 72.43%, Test: 72.49%, Best Valid: 72.90%, Best Test: 72.73%
Epoch: 400, Loss: 0.1205, Train: 81.34%, Valid: 69.36%, Test: 71.91%, Best Valid: 72.90%, Best Test: 72.73%
Epoch: 500, Loss: 0.1090, Train: 88.73%, Valid: 71.34%, Test: 71.89%, Best Valid: 72.90%, Best Test: 72.73%
Epoch: 600, Loss: 0.1031, Train: 88.97%, Valid: 70.09%, Test: 71.05%, Best Valid: 72.90%, Best Test: 72.73%
Epoch: 700, Loss: 0.1161, Train: 85.34%, Valid: 70.90%, Test: 71.84%, Best Valid: 73.04%, Best Test: 72.17%
Epoch: 800, Loss: 0.0954, Train: 91.52%, Valid: 67.89%, Test: 70.26%, Best Valid: 73.04%, Best Test: 72.17%
Epoch: 900, Loss: 0.0941, Train: 91.94%, Valid: 67.08%, Test: 68.89%, Best Valid: 73.04%, Best Test: 72.17%
Run 03:
Highest Train: 92.59
Highest Valid: 73.04
Highest Test: 74.20
Chosen epoch: 692
Final Train: 82.93
Final Test: 72.17
Pre-training MLP for 500 epochs to generate co-occurrence matrix...
MLP pre-training complete. Penalty matrix frozen.
Epoch: 00, Loss: 0.7736, Train: 49.12%, Valid: 50.39%, Test: 49.54%, Best Valid: 50.39%, Best Test: 49.54%
Epoch: 100, Loss: 0.1293, Train: 77.78%, Valid: 70.53%, Test: 70.98%, Best Valid: 71.04%, Best Test: 71.73%
Epoch: 200, Loss: 0.1330, Train: 76.86%, Valid: 67.46%, Test: 69.04%, Best Valid: 71.42%, Best Test: 70.89%
Epoch: 300, Loss: 0.1418, Train: 66.33%, Valid: 65.74%, Test: 66.15%, Best Valid: 74.00%, Best Test: 71.75%
Epoch: 400, Loss: 0.1235, Train: 81.93%, Valid: 71.60%, Test: 70.74%, Best Valid: 74.00%, Best Test: 71.75%
Epoch: 500, Loss: 0.1204, Train: 83.98%, Valid: 73.68%, Test: 72.68%, Best Valid: 74.37%, Best Test: 74.05%
Epoch: 600, Loss: 0.1173, Train: 85.47%, Valid: 73.17%, Test: 72.36%, Best Valid: 74.73%, Best Test: 73.95%
Epoch: 700, Loss: 0.1148, Train: 87.61%, Valid: 74.13%, Test: 73.41%, Best Valid: 75.55%, Best Test: 73.84%
Epoch: 800, Loss: 0.1149, Train: 87.66%, Valid: 74.95%, Test: 72.94%, Best Valid: 76.23%, Best Test: 73.97%
Epoch: 900, Loss: 0.1144, Train: 86.36%, Valid: 74.24%, Test: 72.48%, Best Valid: 76.23%, Best Test: 73.97%
Run 04:
Highest Train: 88.92
Highest Valid: 76.23
Highest Test: 74.90
Chosen epoch: 771
Final Train: 86.72
Final Test: 73.97
Pre-training MLP for 500 epochs to generate co-occurrence matrix...
MLP pre-training complete. Penalty matrix frozen.
Epoch: 00, Loss: 0.7687, Train: 49.07%, Valid: 46.90%, Test: 45.65%, Best Valid: 46.90%, Best Test: 45.65%
Epoch: 100, Loss: 0.1357, Train: 77.56%, Valid: 71.36%, Test: 73.71%, Best Valid: 73.18%, Best Test: 75.14%
Epoch: 200, Loss: 0.1229, Train: 80.49%, Valid: 72.76%, Test: 73.43%, Best Valid: 73.65%, Best Test: 75.92%
Epoch: 300, Loss: 0.1521, Train: 74.38%, Valid: 70.02%, Test: 69.60%, Best Valid: 74.44%, Best Test: 74.50%
Epoch: 400, Loss: 0.1179, Train: 83.42%, Valid: 73.26%, Test: 74.02%, Best Valid: 75.65%, Best Test: 74.68%
Epoch: 500, Loss: 0.1153, Train: 87.41%, Valid: 73.37%, Test: 75.25%, Best Valid: 75.65%, Best Test: 74.68%
Epoch: 600, Loss: 0.1014, Train: 90.23%, Valid: 73.12%, Test: 74.28%, Best Valid: 75.65%, Best Test: 74.68%
Epoch: 700, Loss: 0.1225, Train: 89.30%, Valid: 68.02%, Test: 70.17%, Best Valid: 75.65%, Best Test: 74.68%
Epoch: 800, Loss: 0.0965, Train: 92.60%, Valid: 70.40%, Test: 72.23%, Best Valid: 75.65%, Best Test: 74.68%
Epoch: 900, Loss: 0.0924, Train: 92.94%, Valid: 68.89%, Test: 70.03%, Best Valid: 75.65%, Best Test: 74.68%
Run 05:
Highest Train: 94.98
Highest Valid: 75.65
Highest Test: 75.95
Chosen epoch: 387
Final Train: 83.54
Final Test: 74.68
All runs:
Highest Train: 90.55 ± 3.16
Highest Test: 74.44 ± 1.15
Highest Valid: 74.66 ± 1.38
  Final Train: 83.88 ± 2.93
   Final Test: 73.53 ± 1.02
Saving results to mlp_gt/results_full/questions/polynormer.csv

Running with MLP-GT Regularization (lambda=0.2)...
Namespace(aggregate='add', alpha=0.5, attention='gcn', beta=-1.0, bn=False, cpu=False, data_dir='../data/', dataset='questions', device=0, dim_inner=128, display_step=100, dropout=0.3, epochs=1000, global_dropout=None, global_layers=2, gnn='gcn', graph_weight=0.8, hidden_channels=128, hops=10, in_dropout=0.0, jk=False, label_num_per_class=20, lambda_val=0.2, layers=1, ln=False, local_gnn_type='GCN', local_layers=2, lr=0.01, metric='rocauc', mlp_epochs=500, mlp_reg=True, model='polynormer', model_dir='./model/', n_heads=4, num_centroids=4096, num_heads=4, oracle_reg=False, pe_types='RWSE', pre_linear=False, pre_ln=False, rand_split=False, rand_split_class=False, reg_start_epoch=10, reg_update_freq=5, res=False, result_dir='mlp_gt/results_full', runs=5, save_model=False, save_result=False, seed=42, test_num=1000, train_prop=0.5, use_act=False, use_bn=False, use_graph=False, use_reg=True, use_residual=False, use_weight=False, valid_num=500, valid_prop=0.25, weight_decay=0.0005)
questions
dataset questions | num nodes 48921 | num edge 153540 | num node feats 301 | num classes 2
MODEL: Polynormer(
  (h_lins): ModuleList(
    (0): Linear(in_features=512, out_features=512, bias=True)
    (1): Linear(in_features=512, out_features=512, bias=True)
  )
  (local_convs): ModuleList(
    (0): GATConv(512, 128, heads=4)
    (1): GATConv(512, 128, heads=4)
  )
  (lins): ModuleList(
    (0): Linear(in_features=512, out_features=512, bias=True)
    (1): Linear(in_features=512, out_features=512, bias=True)
  )
  (lns): ModuleList(
    (0): LayerNorm((512,), eps=1e-05, elementwise_affine=True)
    (1): LayerNorm((512,), eps=1e-05, elementwise_affine=True)
  )
  (lin_in): Linear(in_features=301, out_features=512, bias=True)
  (ln): LayerNorm((512,), eps=1e-05, elementwise_affine=True)
  (global_attn): GlobalAttn(
    (h_lins): ModuleList(
      (0): Linear(in_features=512, out_features=512, bias=True)
      (1): Linear(in_features=512, out_features=512, bias=True)
    )
    (k_lins): ModuleList(
      (0): Linear(in_features=512, out_features=512, bias=True)
      (1): Linear(in_features=512, out_features=512, bias=True)
    )
    (v_lins): ModuleList(
      (0): Linear(in_features=512, out_features=512, bias=True)
      (1): Linear(in_features=512, out_features=512, bias=True)
    )
    (lns): ModuleList(
      (0): LayerNorm((512,), eps=1e-05, elementwise_affine=True)
      (1): LayerNorm((512,), eps=1e-05, elementwise_affine=True)
    )
    (lin_out): Linear(in_features=512, out_features=512, bias=True)
  )
  (pred_local): Linear(in_features=512, out_features=2, bias=True)
  (pred_global): Linear(in_features=512, out_features=2, bias=True)
)
Pre-training MLP for 500 epochs to generate co-occurrence matrix...
MLP pre-training complete. Penalty matrix frozen.
Epoch: 00, Loss: 0.7763, Train: 48.56%, Valid: 49.72%, Test: 49.55%, Best Valid: 49.72%, Best Test: 49.55%
Epoch: 100, Loss: 0.1513, Train: 78.65%, Valid: 71.58%, Test: 71.97%, Best Valid: 72.18%, Best Test: 72.85%
Epoch: 200, Loss: 0.1630, Train: 75.99%, Valid: 69.64%, Test: 69.82%, Best Valid: 72.18%, Best Test: 72.85%
Epoch: 300, Loss: 0.1452, Train: 81.93%, Valid: 72.07%, Test: 71.81%, Best Valid: 74.32%, Best Test: 71.51%
Epoch: 400, Loss: 0.1476, Train: 84.07%, Valid: 72.11%, Test: 72.67%, Best Valid: 74.32%, Best Test: 71.51%
Epoch: 500, Loss: 0.1372, Train: 85.61%, Valid: 73.00%, Test: 72.87%, Best Valid: 74.32%, Best Test: 71.51%
Epoch: 600, Loss: 0.1347, Train: 87.88%, Valid: 72.96%, Test: 73.45%, Best Valid: 74.59%, Best Test: 75.31%
Epoch: 700, Loss: 0.1428, Train: 87.33%, Valid: 73.29%, Test: 72.29%, Best Valid: 74.59%, Best Test: 75.31%
Epoch: 800, Loss: 0.1232, Train: 89.95%, Valid: 73.35%, Test: 72.13%, Best Valid: 74.59%, Best Test: 75.31%
Epoch: 900, Loss: 0.1330, Train: 89.16%, Valid: 72.92%, Test: 72.47%, Best Valid: 74.59%, Best Test: 75.31%
Run 01:
Highest Train: 91.24
Highest Valid: 74.96
Highest Test: 75.31
Chosen epoch: 904
Final Train: 89.91
Final Test: 72.69
Pre-training MLP for 500 epochs to generate co-occurrence matrix...
MLP pre-training complete. Penalty matrix frozen.
Epoch: 00, Loss: 0.9095, Train: 47.97%, Valid: 50.00%, Test: 50.47%, Best Valid: 50.00%, Best Test: 50.47%
Epoch: 100, Loss: 0.1590, Train: 75.88%, Valid: 70.11%, Test: 69.25%, Best Valid: 70.19%, Best Test: 69.06%
Epoch: 200, Loss: 0.1502, Train: 80.71%, Valid: 70.78%, Test: 70.05%, Best Valid: 73.86%, Best Test: 71.17%
Epoch: 300, Loss: 0.1419, Train: 84.89%, Valid: 72.48%, Test: 72.56%, Best Valid: 74.25%, Best Test: 72.39%
Epoch: 400, Loss: 0.1539, Train: 83.63%, Valid: 72.20%, Test: 72.57%, Best Valid: 74.57%, Best Test: 72.90%
Epoch: 500, Loss: 0.1354, Train: 88.60%, Valid: 72.97%, Test: 73.46%, Best Valid: 74.57%, Best Test: 72.90%
Epoch: 600, Loss: 0.1526, Train: 88.18%, Valid: 71.80%, Test: 72.83%, Best Valid: 74.57%, Best Test: 72.90%
Epoch: 700, Loss: 0.1728, Train: 78.51%, Valid: 74.23%, Test: 73.35%, Best Valid: 75.17%, Best Test: 74.15%
Epoch: 800, Loss: 0.1431, Train: 85.96%, Valid: 71.65%, Test: 73.37%, Best Valid: 75.17%, Best Test: 74.15%
Epoch: 900, Loss: 0.1580, Train: 88.90%, Valid: 71.73%, Test: 73.41%, Best Valid: 75.17%, Best Test: 74.15%
Run 02:
Highest Train: 91.51
Highest Valid: 75.17
Highest Test: 76.75
Chosen epoch: 639
Final Train: 87.79
Final Test: 74.15
Pre-training MLP for 500 epochs to generate co-occurrence matrix...
MLP pre-training complete. Penalty matrix frozen.
Epoch: 00, Loss: 0.8511, Train: 50.24%, Valid: 51.97%, Test: 51.47%, Best Valid: 51.97%, Best Test: 51.47%
Epoch: 100, Loss: 0.1468, Train: 78.37%, Valid: 72.90%, Test: 72.56%, Best Valid: 73.28%, Best Test: 72.67%
Epoch: 200, Loss: 0.1470, Train: 78.24%, Valid: 72.20%, Test: 72.76%, Best Valid: 73.95%, Best Test: 73.01%
Epoch: 300, Loss: 0.1450, Train: 81.37%, Valid: 74.00%, Test: 73.99%, Best Valid: 74.61%, Best Test: 73.94%
Epoch: 400, Loss: 0.1469, Train: 82.01%, Valid: 74.62%, Test: 73.13%, Best Valid: 74.99%, Best Test: 73.49%
Epoch: 500, Loss: 0.1357, Train: 86.03%, Valid: 72.62%, Test: 73.29%, Best Valid: 74.99%, Best Test: 73.49%
Epoch: 600, Loss: 0.1284, Train: 88.64%, Valid: 72.49%, Test: 71.84%, Best Valid: 74.99%, Best Test: 73.49%
Epoch: 700, Loss: 0.1417, Train: 84.26%, Valid: 72.07%, Test: 72.97%, Best Valid: 74.99%, Best Test: 73.49%
Epoch: 800, Loss: 0.1293, Train: 90.29%, Valid: 70.00%, Test: 69.89%, Best Valid: 74.99%, Best Test: 73.49%
Epoch: 900, Loss: 0.1318, Train: 89.77%, Valid: 72.23%, Test: 71.51%, Best Valid: 74.99%, Best Test: 73.49%
Run 03:
Highest Train: 92.64
Highest Valid: 74.99
Highest Test: 74.67
Chosen epoch: 364
Final Train: 81.19
Final Test: 73.49
Pre-training MLP for 500 epochs to generate co-occurrence matrix...
MLP pre-training complete. Penalty matrix frozen.
Epoch: 00, Loss: 0.8439, Train: 49.48%, Valid: 50.74%, Test: 50.16%, Best Valid: 50.74%, Best Test: 50.16%
Epoch: 100, Loss: 0.1480, Train: 77.78%, Valid: 71.17%, Test: 70.45%, Best Valid: 71.28%, Best Test: 70.32%
Epoch: 200, Loss: 0.1401, Train: 81.56%, Valid: 70.38%, Test: 70.58%, Best Valid: 71.58%, Best Test: 71.33%
Epoch: 300, Loss: 0.1355, Train: 83.98%, Valid: 71.90%, Test: 72.89%, Best Valid: 72.45%, Best Test: 73.18%
Epoch: 400, Loss: 0.1329, Train: 86.30%, Valid: 72.59%, Test: 72.28%, Best Valid: 73.67%, Best Test: 73.54%
Epoch: 500, Loss: 0.1229, Train: 89.04%, Valid: 73.30%, Test: 71.70%, Best Valid: 74.42%, Best Test: 73.58%
Epoch: 600, Loss: 0.1277, Train: 88.68%, Valid: 71.95%, Test: 71.37%, Best Valid: 74.43%, Best Test: 73.19%
Epoch: 700, Loss: 0.1412, Train: 85.65%, Valid: 71.47%, Test: 71.52%, Best Valid: 74.43%, Best Test: 73.19%
Epoch: 800, Loss: 0.1138, Train: 90.84%, Valid: 72.60%, Test: 70.45%, Best Valid: 74.47%, Best Test: 72.28%
Epoch: 900, Loss: 0.1120, Train: 93.01%, Valid: 72.38%, Test: 70.78%, Best Valid: 74.49%, Best Test: 72.14%
Run 04:
Highest Train: 95.09
Highest Valid: 74.49
Highest Test: 73.99
Chosen epoch: 836
Final Train: 92.83
Final Test: 72.14
Pre-training MLP for 500 epochs to generate co-occurrence matrix...
MLP pre-training complete. Penalty matrix frozen.
Epoch: 00, Loss: 0.8386, Train: 50.68%, Valid: 48.46%, Test: 47.88%, Best Valid: 48.46%, Best Test: 47.88%
Epoch: 100, Loss: 0.1535, Train: 75.58%, Valid: 71.04%, Test: 71.61%, Best Valid: 71.04%, Best Test: 71.61%
Epoch: 200, Loss: 0.1461, Train: 79.50%, Valid: 71.48%, Test: 72.91%, Best Valid: 72.46%, Best Test: 73.69%
Epoch: 300, Loss: 0.1412, Train: 83.40%, Valid: 72.56%, Test: 73.56%, Best Valid: 73.99%, Best Test: 74.58%
Epoch: 400, Loss: 0.1405, Train: 85.66%, Valid: 72.85%, Test: 73.76%, Best Valid: 74.58%, Best Test: 74.05%
Epoch: 500, Loss: 0.1274, Train: 88.81%, Valid: 72.87%, Test: 73.32%, Best Valid: 75.19%, Best Test: 74.27%
Epoch: 600, Loss: 0.1268, Train: 90.21%, Valid: 72.09%, Test: 72.49%, Best Valid: 75.19%, Best Test: 74.27%
Epoch: 700, Loss: 0.1099, Train: 92.61%, Valid: 72.68%, Test: 72.08%, Best Valid: 75.19%, Best Test: 74.27%
Epoch: 800, Loss: 0.1264, Train: 89.54%, Valid: 71.18%, Test: 72.34%, Best Valid: 75.19%, Best Test: 74.27%
Epoch: 900, Loss: 0.1008, Train: 95.51%, Valid: 70.19%, Test: 71.03%, Best Valid: 75.19%, Best Test: 74.27%
Run 05:
Highest Train: 96.70
Highest Valid: 75.19
Highest Test: 75.24
Chosen epoch: 442
Final Train: 87.03
Final Test: 74.27
All runs:
Highest Train: 93.44 ± 2.37
Highest Test: 75.19 ± 1.02
Highest Valid: 74.96 ± 0.28
  Final Train: 87.75 ± 4.30
   Final Test: 73.35 ± 0.92
Saving results to mlp_gt/results_full/questions/polynormer.csv

Running with MLP-GT Regularization (lambda=0.4)...
Namespace(aggregate='add', alpha=0.5, attention='gcn', beta=-1.0, bn=False, cpu=False, data_dir='../data/', dataset='questions', device=0, dim_inner=128, display_step=100, dropout=0.3, epochs=1000, global_dropout=None, global_layers=2, gnn='gcn', graph_weight=0.8, hidden_channels=128, hops=10, in_dropout=0.0, jk=False, label_num_per_class=20, lambda_val=0.4, layers=1, ln=False, local_gnn_type='GCN', local_layers=2, lr=0.01, metric='rocauc', mlp_epochs=500, mlp_reg=True, model='polynormer', model_dir='./model/', n_heads=4, num_centroids=4096, num_heads=4, oracle_reg=False, pe_types='RWSE', pre_linear=False, pre_ln=False, rand_split=False, rand_split_class=False, reg_start_epoch=10, reg_update_freq=5, res=False, result_dir='mlp_gt/results_full', runs=5, save_model=False, save_result=False, seed=42, test_num=1000, train_prop=0.5, use_act=False, use_bn=False, use_graph=False, use_reg=True, use_residual=False, use_weight=False, valid_num=500, valid_prop=0.25, weight_decay=0.0005)
questions
dataset questions | num nodes 48921 | num edge 153540 | num node feats 301 | num classes 2
MODEL: Polynormer(
  (h_lins): ModuleList(
    (0): Linear(in_features=512, out_features=512, bias=True)
    (1): Linear(in_features=512, out_features=512, bias=True)
  )
  (local_convs): ModuleList(
    (0): GATConv(512, 128, heads=4)
    (1): GATConv(512, 128, heads=4)
  )
  (lins): ModuleList(
    (0): Linear(in_features=512, out_features=512, bias=True)
    (1): Linear(in_features=512, out_features=512, bias=True)
  )
  (lns): ModuleList(
    (0): LayerNorm((512,), eps=1e-05, elementwise_affine=True)
    (1): LayerNorm((512,), eps=1e-05, elementwise_affine=True)
  )
  (lin_in): Linear(in_features=301, out_features=512, bias=True)
  (ln): LayerNorm((512,), eps=1e-05, elementwise_affine=True)
  (global_attn): GlobalAttn(
    (h_lins): ModuleList(
      (0): Linear(in_features=512, out_features=512, bias=True)
      (1): Linear(in_features=512, out_features=512, bias=True)
    )
    (k_lins): ModuleList(
      (0): Linear(in_features=512, out_features=512, bias=True)
      (1): Linear(in_features=512, out_features=512, bias=True)
    )
    (v_lins): ModuleList(
      (0): Linear(in_features=512, out_features=512, bias=True)
      (1): Linear(in_features=512, out_features=512, bias=True)
    )
    (lns): ModuleList(
      (0): LayerNorm((512,), eps=1e-05, elementwise_affine=True)
      (1): LayerNorm((512,), eps=1e-05, elementwise_affine=True)
    )
    (lin_out): Linear(in_features=512, out_features=512, bias=True)
  )
  (pred_local): Linear(in_features=512, out_features=2, bias=True)
  (pred_global): Linear(in_features=512, out_features=2, bias=True)
)
Pre-training MLP for 500 epochs to generate co-occurrence matrix...
MLP pre-training complete. Penalty matrix frozen.
Epoch: 00, Loss: 0.9056, Train: 48.68%, Valid: 50.02%, Test: 49.75%, Best Valid: 50.02%, Best Test: 49.75%
Epoch: 100, Loss: 0.2390, Train: 78.55%, Valid: 72.90%, Test: 74.88%, Best Valid: 73.23%, Best Test: 75.46%
Epoch: 200, Loss: 0.2259, Train: 83.32%, Valid: 74.28%, Test: 75.65%, Best Valid: 74.82%, Best Test: 75.85%
Epoch: 300, Loss: 0.2098, Train: 85.86%, Valid: 73.65%, Test: 74.10%, Best Valid: 75.73%, Best Test: 75.55%
Epoch: 400, Loss: 0.2332, Train: 79.91%, Valid: 72.01%, Test: 74.89%, Best Valid: 76.23%, Best Test: 74.68%
Epoch: 500, Loss: 0.2018, Train: 88.35%, Valid: 75.49%, Test: 74.93%, Best Valid: 76.28%, Best Test: 75.41%
Epoch: 600, Loss: 0.2006, Train: 88.58%, Valid: 74.64%, Test: 72.93%, Best Valid: 76.28%, Best Test: 75.41%
Epoch: 700, Loss: 0.1903, Train: 91.29%, Valid: 75.58%, Test: 74.33%, Best Valid: 76.28%, Best Test: 75.41%
Epoch: 800, Loss: 0.1872, Train: 92.14%, Valid: 75.05%, Test: 72.76%, Best Valid: 76.28%, Best Test: 75.41%
Epoch: 900, Loss: 0.1923, Train: 91.60%, Valid: 74.50%, Test: 73.35%, Best Valid: 76.28%, Best Test: 75.41%
Run 01:
Highest Train: 94.54
Highest Valid: 76.28
Highest Test: 76.57
Chosen epoch: 472
Final Train: 88.54
Final Test: 75.41
Pre-training MLP for 500 epochs to generate co-occurrence matrix...
MLP pre-training complete. Penalty matrix frozen.
Epoch: 00, Loss: 1.0611, Train: 49.34%, Valid: 50.87%, Test: 51.59%, Best Valid: 50.87%, Best Test: 51.59%
Epoch: 100, Loss: 0.2637, Train: 77.36%, Valid: 74.90%, Test: 73.33%, Best Valid: 75.11%, Best Test: 73.18%
Epoch: 200, Loss: 0.2445, Train: 81.96%, Valid: 75.88%, Test: 74.17%, Best Valid: 75.88%, Best Test: 74.17%
Epoch: 300, Loss: 0.2356, Train: 83.79%, Valid: 77.04%, Test: 75.63%, Best Valid: 77.12%, Best Test: 77.15%
Epoch: 400, Loss: 0.2663, Train: 84.63%, Valid: 76.53%, Test: 77.12%, Best Valid: 77.33%, Best Test: 77.44%
Epoch: 500, Loss: 0.2076, Train: 87.87%, Valid: 75.57%, Test: 76.76%, Best Valid: 77.49%, Best Test: 78.67%
Epoch: 600, Loss: 0.2302, Train: 85.73%, Valid: 76.37%, Test: 76.28%, Best Valid: 77.49%, Best Test: 78.67%
Epoch: 700, Loss: 0.2343, Train: 85.82%, Valid: 76.01%, Test: 77.23%, Best Valid: 77.49%, Best Test: 78.67%
Epoch: 800, Loss: 0.2285, Train: 86.19%, Valid: 75.72%, Test: 76.06%, Best Valid: 77.49%, Best Test: 78.67%
Epoch: 900, Loss: 0.2257, Train: 87.19%, Valid: 75.45%, Test: 75.82%, Best Valid: 77.49%, Best Test: 78.67%
Run 02:
Highest Train: 90.72
Highest Valid: 77.49
Highest Test: 78.67
Chosen epoch: 410
Final Train: 85.00
Final Test: 78.67
Pre-training MLP for 500 epochs to generate co-occurrence matrix...
MLP pre-training complete. Penalty matrix frozen.
Epoch: 00, Loss: 0.9930, Train: 50.28%, Valid: 51.39%, Test: 51.41%, Best Valid: 51.39%, Best Test: 51.41%
Epoch: 100, Loss: 4.4194, Train: 68.83%, Valid: 70.04%, Test: 68.39%, Best Valid: 70.05%, Best Test: 68.33%
Epoch: 200, Loss: 4.3365, Train: 72.46%, Valid: 71.65%, Test: 71.24%, Best Valid: 71.65%, Best Test: 71.24%
Epoch: 300, Loss: 4.3147, Train: 74.61%, Valid: 72.36%, Test: 72.80%, Best Valid: 72.36%, Best Test: 72.80%
Epoch: 400, Loss: 4.3051, Train: 76.29%, Valid: 72.26%, Test: 73.42%, Best Valid: 73.06%, Best Test: 73.09%
Epoch: 500, Loss: 4.3191, Train: 78.02%, Valid: 72.46%, Test: 73.27%, Best Valid: 73.06%, Best Test: 73.09%
Epoch: 600, Loss: 4.3056, Train: 77.86%, Valid: 72.46%, Test: 73.12%, Best Valid: 73.57%, Best Test: 73.72%
Epoch: 700, Loss: 4.2989, Train: 79.95%, Valid: 73.15%, Test: 73.57%, Best Valid: 73.57%, Best Test: 73.72%
Epoch: 800, Loss: 4.2992, Train: 82.69%, Valid: 73.07%, Test: 73.72%, Best Valid: 73.84%, Best Test: 74.16%
Epoch: 900, Loss: 4.2792, Train: 84.04%, Valid: 73.02%, Test: 74.21%, Best Valid: 73.87%, Best Test: 74.24%
Run 03:
Highest Train: 85.94
Highest Valid: 73.87
Highest Test: 74.70
Chosen epoch: 850
Final Train: 81.67
Final Test: 74.24
Pre-training MLP for 500 epochs to generate co-occurrence matrix...
MLP pre-training complete. Penalty matrix frozen.
Epoch: 00, Loss: 0.9846, Train: 50.21%, Valid: 51.07%, Test: 50.90%, Best Valid: 51.07%, Best Test: 50.90%
Epoch: 100, Loss: 4.3726, Train: 62.20%, Valid: 64.63%, Test: 64.62%, Best Valid: 64.96%, Best Test: 64.61%
Epoch: 200, Loss: 4.2986, Train: 68.82%, Valid: 69.66%, Test: 68.33%, Best Valid: 69.97%, Best Test: 68.72%
Epoch: 300, Loss: 4.2880, Train: 69.62%, Valid: 69.46%, Test: 67.66%, Best Valid: 69.97%, Best Test: 68.72%
Epoch: 400, Loss: 4.2907, Train: 70.71%, Valid: 69.95%, Test: 68.26%, Best Valid: 70.21%, Best Test: 68.18%
Epoch: 500, Loss: 4.2773, Train: 72.00%, Valid: 70.56%, Test: 69.10%, Best Valid: 70.56%, Best Test: 69.10%
Epoch: 600, Loss: 4.2668, Train: 72.82%, Valid: 71.24%, Test: 69.54%, Best Valid: 71.48%, Best Test: 69.81%
Epoch: 700, Loss: 4.2825, Train: 73.47%, Valid: 72.03%, Test: 70.27%, Best Valid: 72.09%, Best Test: 69.94%
Epoch: 800, Loss: 4.2775, Train: 74.56%, Valid: 72.91%, Test: 71.16%, Best Valid: 72.91%, Best Test: 71.16%
Epoch: 900, Loss: 4.2655, Train: 76.06%, Valid: 73.51%, Test: 71.36%, Best Valid: 73.51%, Best Test: 71.36%
Run 04:
Highest Train: 77.95
Highest Valid: 74.02
Highest Test: 72.37
Chosen epoch: 998
Final Train: 77.93
Final Test: 72.28
Pre-training MLP for 500 epochs to generate co-occurrence matrix...
MLP pre-training complete. Penalty matrix frozen.
Epoch: 00, Loss: 0.9783, Train: 56.82%, Valid: 54.57%, Test: 55.14%, Best Valid: 54.57%, Best Test: 55.14%
Epoch: 100, Loss: 0.2640, Train: 69.76%, Valid: 68.55%, Test: 69.67%, Best Valid: 68.55%, Best Test: 69.67%
Epoch: 200, Loss: 0.2554, Train: 72.21%, Valid: 70.49%, Test: 72.34%, Best Valid: 70.60%, Best Test: 72.30%
Epoch: 300, Loss: 0.2440, Train: 75.90%, Valid: 73.01%, Test: 74.29%, Best Valid: 73.07%, Best Test: 74.59%
Epoch: 400, Loss: 0.2252, Train: 80.11%, Valid: 74.29%, Test: 75.14%, Best Valid: 74.70%, Best Test: 75.56%
Epoch: 500, Loss: 0.2215, Train: 82.18%, Valid: 74.84%, Test: 74.97%, Best Valid: 75.73%, Best Test: 76.04%
Epoch: 600, Loss: 0.2076, Train: 87.17%, Valid: 74.84%, Test: 76.12%, Best Valid: 76.11%, Best Test: 77.20%
Epoch: 700, Loss: 0.2004, Train: 90.12%, Valid: 75.44%, Test: 76.30%, Best Valid: 76.33%, Best Test: 76.77%
Epoch: 800, Loss: 0.1813, Train: 92.24%, Valid: 73.99%, Test: 75.01%, Best Valid: 76.58%, Best Test: 75.60%
Epoch: 900, Loss: 0.1675, Train: 94.37%, Valid: 72.24%, Test: 73.29%, Best Valid: 76.58%, Best Test: 75.60%
Run 05:
Highest Train: 95.00
Highest Valid: 76.58
Highest Test: 77.44
Chosen epoch: 757
Final Train: 89.48
Final Test: 75.60
All runs:
Highest Train: 88.83 ± 7.09
Highest Test: 75.95 ± 2.47
Highest Valid: 75.65 ± 1.62
  Final Train: 84.52 ± 4.81
   Final Test: 75.24 ± 2.33
Saving results to mlp_gt/results_full/questions/polynormer.csv

GT sweep completed!
==========================================================
Task 5 (polynormer / questions) completed at: Tue Apr 28 10:19:54 AM EDT 2026
==========================================================
