==========================================================
MLP-GT Full Sweep | Task 11
Job: 1011972 | Date: Tue Apr 28 08:00:50 AM EDT 2026 | Host: n0089
==========================================================
Tue Apr 28 08:00:56 2026       
+-----------------------------------------------------------------------------------------+
| NVIDIA-SMI 570.211.01             Driver Version: 570.211.01     CUDA Version: 12.8     |
|-----------------------------------------+------------------------+----------------------+
| GPU  Name                 Persistence-M | Bus-Id          Disp.A | Volatile Uncorr. ECC |
| Fan  Temp   Perf          Pwr:Usage/Cap |           Memory-Usage | GPU-Util  Compute M. |
|                                         |                        |               MIG M. |
|=========================================+========================+======================|
|   0  NVIDIA A100-SXM4-80GB          On  |   00000000:01:00.0 Off |                   On |
| N/A   26C    P0             52W /  500W |     185MiB /  81920MiB |     N/A      Default |
|                                         |                        |              Enabled |
+-----------------------------------------+------------------------+----------------------+
|   1  NVIDIA A100-SXM4-80GB          On  |   00000000:41:00.0 Off |                   On |
| N/A   25C    P0             48W /  500W |     185MiB /  81920MiB |     N/A      Default |
|                                         |                        |              Enabled |
+-----------------------------------------+------------------------+----------------------+
|   2  NVIDIA A100-SXM4-80GB          On  |   00000000:81:00.0 Off |                   On |
| N/A   40C    P0            151W /  500W |   37003MiB /  81920MiB |     N/A      Default |
|                                         |                        |              Enabled |
+-----------------------------------------+------------------------+----------------------+
|   3  NVIDIA A100-SXM4-80GB          On  |   00000000:C1:00.0 Off |                   On |
| N/A   25C    P0             51W /  500W |     185MiB /  81920MiB |     N/A      Default |
|                                         |                        |              Enabled |
+-----------------------------------------+------------------------+----------------------+

+-----------------------------------------------------------------------------------------+
| MIG devices:                                                                            |
+------------------+----------------------------------+-----------+-----------------------+
| GPU  GI  CI  MIG |                     Memory-Usage |        Vol|        Shared         |
|      ID  ID  Dev |                       BAR1-Usage | SM     Unc| CE ENC  DEC  OFA  JPG |
|                  |                                  |        ECC|                       |
|==================+==================================+===========+=======================|
|  3    5   0   0  |              53MiB / 19968MiB    | 28      0 |  2   0    1    0    0 |
|                  |                 0MiB / 32767MiB  |           |                       |
+------------------+----------------------------------+-----------+-----------------------+
                                                                                         
+-----------------------------------------------------------------------------------------+
| Processes:                                                                              |
|  GPU   GI   CI              PID   Type   Process name                        GPU Memory |
|        ID   ID                                                               Usage      |
|=========================================================================================|
|    2    2    0          2143064      C   python3                               36812MiB |
+-----------------------------------------------------------------------------------------+
1.12.1
True
NVIDIA A100-SXM4-80GB MIG 2g.20gb
Model: polynormer | Dataset: wikics
Split flags: 
==========================================================
Starting mlp_gt GT Sweep for:
python main.py --model polynormer --dataset wikics         --hidden_channels 128 --local_layers 2 --global_layers 2 --num_heads 4         --lr 0.01 --weight_decay 5e-4 --dropout 0.3 --epochs 1000         --runs 5 --device 0         
Result dir: mlp_gt/results_full
==========================================================
Running GT Baseline (no reg)...
Namespace(aggregate='add', alpha=0.5, attention='gcn', beta=-1.0, bn=False, cpu=False, data_dir='../data/', dataset='wikics', device=0, dim_inner=128, display_step=100, dropout=0.3, epochs=1000, global_dropout=None, global_layers=2, gnn='gcn', graph_weight=0.8, hidden_channels=128, hops=10, in_dropout=0.0, jk=False, label_num_per_class=20, lambda_val=0.5, layers=1, ln=False, local_gnn_type='GCN', local_layers=2, lr=0.01, metric='acc', mlp_epochs=500, mlp_reg=False, model='polynormer', model_dir='./model/', n_heads=4, num_centroids=4096, num_heads=4, oracle_reg=False, pe_types='RWSE', pre_linear=False, pre_ln=False, rand_split=False, rand_split_class=False, reg_start_epoch=10, reg_update_freq=5, res=False, result_dir='mlp_gt/results_full', runs=5, save_model=False, save_result=False, seed=42, test_num=1000, train_prop=0.5, use_act=False, use_bn=False, use_graph=False, use_reg=False, use_residual=False, use_weight=False, valid_num=500, valid_prop=0.25, weight_decay=0.0005)
wikics
dataset wikics | num nodes 11701 | num edge 431726 | num node feats 300 | num classes 10
MODEL: Polynormer(
  (h_lins): ModuleList(
    (0): Linear(in_features=512, out_features=512, bias=True)
    (1): Linear(in_features=512, out_features=512, bias=True)
  )
  (local_convs): ModuleList(
    (0): GATConv(512, 128, heads=4)
    (1): GATConv(512, 128, heads=4)
  )
  (lins): ModuleList(
    (0): Linear(in_features=512, out_features=512, bias=True)
    (1): Linear(in_features=512, out_features=512, bias=True)
  )
  (lns): ModuleList(
    (0): LayerNorm((512,), eps=1e-05, elementwise_affine=True)
    (1): LayerNorm((512,), eps=1e-05, elementwise_affine=True)
  )
  (lin_in): Linear(in_features=300, out_features=512, bias=True)
  (ln): LayerNorm((512,), eps=1e-05, elementwise_affine=True)
  (global_attn): GlobalAttn(
    (h_lins): ModuleList(
      (0): Linear(in_features=512, out_features=512, bias=True)
      (1): Linear(in_features=512, out_features=512, bias=True)
    )
    (k_lins): ModuleList(
      (0): Linear(in_features=512, out_features=512, bias=True)
      (1): Linear(in_features=512, out_features=512, bias=True)
    )
    (v_lins): ModuleList(
      (0): Linear(in_features=512, out_features=512, bias=True)
      (1): Linear(in_features=512, out_features=512, bias=True)
    )
    (lns): ModuleList(
      (0): LayerNorm((512,), eps=1e-05, elementwise_affine=True)
      (1): LayerNorm((512,), eps=1e-05, elementwise_affine=True)
    )
    (lin_out): Linear(in_features=512, out_features=512, bias=True)
  )
  (pred_local): Linear(in_features=512, out_features=10, bias=True)
  (pred_global): Linear(in_features=512, out_features=10, bias=True)
)
Epoch: 00, Loss: 2.4360, Train: 42.07%, Valid: 42.66%, Test: 42.79%, Best Valid: 42.66%, Best Test: 42.79%
Epoch: 100, Loss: 0.2396, Train: 95.34%, Valid: 76.92%, Test: 76.40%, Best Valid: 78.06%, Best Test: 76.79%
Epoch: 200, Loss: 0.0429, Train: 100.00%, Valid: 77.70%, Test: 77.46%, Best Valid: 78.33%, Best Test: 77.41%
Epoch: 300, Loss: 0.0282, Train: 100.00%, Valid: 77.93%, Test: 77.15%, Best Valid: 78.33%, Best Test: 77.41%
Epoch: 400, Loss: 0.0248, Train: 100.00%, Valid: 77.30%, Test: 76.86%, Best Valid: 78.33%, Best Test: 77.41%
Epoch: 500, Loss: 0.0532, Train: 99.66%, Valid: 77.25%, Test: 75.73%, Best Valid: 78.33%, Best Test: 77.41%
Epoch: 600, Loss: 0.0236, Train: 100.00%, Valid: 77.30%, Test: 76.74%, Best Valid: 78.33%, Best Test: 77.41%
Epoch: 700, Loss: 0.0140, Train: 99.83%, Valid: 76.77%, Test: 76.88%, Best Valid: 78.33%, Best Test: 77.41%
Epoch: 800, Loss: 0.0440, Train: 99.48%, Valid: 77.10%, Test: 76.86%, Best Valid: 78.33%, Best Test: 77.41%
Epoch: 900, Loss: 0.0098, Train: 100.00%, Valid: 76.13%, Test: 75.39%, Best Valid: 78.33%, Best Test: 77.41%
Run 01:
Highest Train: 100.00
Highest Valid: 78.82
Highest Test: 78.07
Chosen epoch: 999
Final Train: 100.00
Final Test: 78.07
Epoch: 00, Loss: 2.3718, Train: 23.10%, Valid: 23.09%, Test: 23.12%, Best Valid: 23.09%, Best Test: 23.12%
Epoch: 100, Loss: 0.1489, Train: 97.07%, Valid: 76.55%, Test: 76.64%, Best Valid: 77.59%, Best Test: 76.69%
Epoch: 200, Loss: 0.0620, Train: 98.97%, Valid: 74.46%, Test: 74.50%, Best Valid: 77.59%, Best Test: 76.69%
Epoch: 300, Loss: 0.4117, Train: 90.00%, Valid: 76.05%, Test: 74.70%, Best Valid: 77.63%, Best Test: 76.96%
Epoch: 400, Loss: 0.0581, Train: 100.00%, Valid: 77.21%, Test: 76.47%, Best Valid: 77.89%, Best Test: 76.98%
Epoch: 500, Loss: 0.1369, Train: 94.14%, Valid: 71.62%, Test: 70.82%, Best Valid: 78.12%, Best Test: 76.77%
Epoch: 600, Loss: 0.0184, Train: 100.00%, Valid: 76.83%, Test: 75.85%, Best Valid: 78.19%, Best Test: 76.71%
Epoch: 700, Loss: 0.2219, Train: 97.59%, Valid: 77.38%, Test: 76.74%, Best Valid: 78.19%, Best Test: 76.71%
Epoch: 800, Loss: 0.0575, Train: 100.00%, Valid: 76.77%, Test: 76.69%, Best Valid: 78.19%, Best Test: 76.71%
Epoch: 900, Loss: 0.1169, Train: 98.10%, Valid: 76.81%, Test: 76.43%, Best Valid: 78.19%, Best Test: 76.71%
Run 02:
Highest Train: 100.00
Highest Valid: 78.19
Highest Test: 77.85
Chosen epoch: 510
Final Train: 99.66
Final Test: 76.71
Epoch: 00, Loss: 2.3805, Train: 29.48%, Valid: 28.48%, Test: 29.01%, Best Valid: 28.48%, Best Test: 29.01%
Epoch: 100, Loss: 0.2800, Train: 94.31%, Valid: 79.54%, Test: 78.66%, Best Valid: 79.71%, Best Test: 78.71%
Epoch: 200, Loss: 0.0389, Train: 100.00%, Valid: 78.92%, Test: 78.26%, Best Valid: 80.30%, Best Test: 79.36%
Epoch: 300, Loss: 5.8001, Train: 25.17%, Valid: 23.89%, Test: 23.60%, Best Valid: 80.30%, Best Test: 79.36%
Epoch: 400, Loss: 0.1068, Train: 98.79%, Valid: 79.26%, Test: 78.62%, Best Valid: 80.30%, Best Test: 79.36%
Epoch: 500, Loss: 0.0594, Train: 99.66%, Valid: 78.31%, Test: 77.37%, Best Valid: 80.30%, Best Test: 79.36%
Epoch: 600, Loss: 0.9841, Train: 80.52%, Valid: 72.03%, Test: 71.93%, Best Valid: 80.30%, Best Test: 79.36%
Epoch: 700, Loss: 0.0504, Train: 100.00%, Valid: 78.74%, Test: 77.78%, Best Valid: 80.30%, Best Test: 79.36%
Epoch: 800, Loss: 0.0191, Train: 100.00%, Valid: 78.19%, Test: 77.41%, Best Valid: 80.30%, Best Test: 79.36%
Epoch: 900, Loss: 0.0804, Train: 99.31%, Valid: 77.21%, Test: 77.30%, Best Valid: 80.30%, Best Test: 79.36%
Run 03:
Highest Train: 100.00
Highest Valid: 80.30
Highest Test: 79.46
Chosen epoch: 142
Final Train: 98.62
Final Test: 79.36
Epoch: 00, Loss: 2.4051, Train: 22.93%, Valid: 22.89%, Test: 22.90%, Best Valid: 22.89%, Best Test: 22.90%
Epoch: 100, Loss: 0.0698, Train: 99.14%, Valid: 77.11%, Test: 75.39%, Best Valid: 77.59%, Best Test: 76.30%
Epoch: 200, Loss: 0.3920, Train: 90.52%, Valid: 75.90%, Test: 74.88%, Best Valid: 77.93%, Best Test: 76.09%
Epoch: 300, Loss: 0.0546, Train: 99.83%, Valid: 77.08%, Test: 75.82%, Best Valid: 77.93%, Best Test: 76.09%
Epoch: 400, Loss: 0.0300, Train: 100.00%, Valid: 76.30%, Test: 75.12%, Best Valid: 77.93%, Best Test: 76.09%
Epoch: 500, Loss: 0.4057, Train: 91.38%, Valid: 75.37%, Test: 74.84%, Best Valid: 77.93%, Best Test: 76.09%
Epoch: 600, Loss: 0.0583, Train: 99.83%, Valid: 76.36%, Test: 75.47%, Best Valid: 78.02%, Best Test: 77.18%
Epoch: 700, Loss: 0.0233, Train: 100.00%, Valid: 76.11%, Test: 75.24%, Best Valid: 78.02%, Best Test: 77.18%
Epoch: 800, Loss: 0.4712, Train: 89.31%, Valid: 73.99%, Test: 73.03%, Best Valid: 78.02%, Best Test: 77.18%
Epoch: 900, Loss: 0.0328, Train: 100.00%, Valid: 76.39%, Test: 75.03%, Best Valid: 78.02%, Best Test: 77.18%
Run 04:
Highest Train: 100.00
Highest Valid: 78.02
Highest Test: 77.18
Chosen epoch: 571
Final Train: 98.62
Final Test: 77.18
Epoch: 00, Loss: 2.4129, Train: 35.34%, Valid: 36.67%, Test: 36.51%, Best Valid: 36.67%, Best Test: 36.51%
Epoch: 100, Loss: 0.2486, Train: 95.69%, Valid: 79.22%, Test: 77.60%, Best Valid: 79.22%, Best Test: 77.60%
Epoch: 200, Loss: 0.0312, Train: 100.00%, Valid: 77.93%, Test: 76.98%, Best Valid: 79.22%, Best Test: 77.60%
Epoch: 300, Loss: 0.0639, Train: 100.00%, Valid: 76.96%, Test: 76.71%, Best Valid: 79.22%, Best Test: 77.60%
Epoch: 400, Loss: 0.0154, Train: 100.00%, Valid: 76.45%, Test: 77.25%, Best Valid: 79.22%, Best Test: 77.60%
Epoch: 500, Loss: 0.0150, Train: 99.83%, Valid: 76.94%, Test: 76.09%, Best Valid: 79.22%, Best Test: 77.60%
Epoch: 600, Loss: 0.1464, Train: 99.66%, Valid: 78.18%, Test: 77.34%, Best Valid: 79.22%, Best Test: 77.60%
Epoch: 700, Loss: 0.0281, Train: 100.00%, Valid: 77.08%, Test: 76.21%, Best Valid: 79.22%, Best Test: 77.60%
Epoch: 800, Loss: 0.0104, Train: 100.00%, Valid: 77.47%, Test: 76.38%, Best Valid: 79.22%, Best Test: 77.60%
Epoch: 900, Loss: 0.0304, Train: 100.00%, Valid: 78.19%, Test: 77.24%, Best Valid: 79.22%, Best Test: 77.60%
Run 05:
Highest Train: 100.00
Highest Valid: 79.22
Highest Test: 78.25
Chosen epoch: 100
Final Train: 95.69
Final Test: 77.60
All runs:
Highest Train: 100.00 ± 0.00
Highest Test: 78.16 ± 0.83
Highest Valid: 78.91 ± 0.91
  Final Train: 98.52 ± 1.70
   Final Test: 77.78 ± 1.01
Saving results to mlp_gt/results_full/wikics/polynormer.csv

Running with MLP-GT Regularization (lambda=0.01)...
Namespace(aggregate='add', alpha=0.5, attention='gcn', beta=-1.0, bn=False, cpu=False, data_dir='../data/', dataset='wikics', device=0, dim_inner=128, display_step=100, dropout=0.3, epochs=1000, global_dropout=None, global_layers=2, gnn='gcn', graph_weight=0.8, hidden_channels=128, hops=10, in_dropout=0.0, jk=False, label_num_per_class=20, lambda_val=0.01, layers=1, ln=False, local_gnn_type='GCN', local_layers=2, lr=0.01, metric='acc', mlp_epochs=500, mlp_reg=True, model='polynormer', model_dir='./model/', n_heads=4, num_centroids=4096, num_heads=4, oracle_reg=False, pe_types='RWSE', pre_linear=False, pre_ln=False, rand_split=False, rand_split_class=False, reg_start_epoch=10, reg_update_freq=5, res=False, result_dir='mlp_gt/results_full', runs=5, save_model=False, save_result=False, seed=42, test_num=1000, train_prop=0.5, use_act=False, use_bn=False, use_graph=False, use_reg=True, use_residual=False, use_weight=False, valid_num=500, valid_prop=0.25, weight_decay=0.0005)
wikics
dataset wikics | num nodes 11701 | num edge 431726 | num node feats 300 | num classes 10
MODEL: Polynormer(
  (h_lins): ModuleList(
    (0): Linear(in_features=512, out_features=512, bias=True)
    (1): Linear(in_features=512, out_features=512, bias=True)
  )
  (local_convs): ModuleList(
    (0): GATConv(512, 128, heads=4)
    (1): GATConv(512, 128, heads=4)
  )
  (lins): ModuleList(
    (0): Linear(in_features=512, out_features=512, bias=True)
    (1): Linear(in_features=512, out_features=512, bias=True)
  )
  (lns): ModuleList(
    (0): LayerNorm((512,), eps=1e-05, elementwise_affine=True)
    (1): LayerNorm((512,), eps=1e-05, elementwise_affine=True)
  )
  (lin_in): Linear(in_features=300, out_features=512, bias=True)
  (ln): LayerNorm((512,), eps=1e-05, elementwise_affine=True)
  (global_attn): GlobalAttn(
    (h_lins): ModuleList(
      (0): Linear(in_features=512, out_features=512, bias=True)
      (1): Linear(in_features=512, out_features=512, bias=True)
    )
    (k_lins): ModuleList(
      (0): Linear(in_features=512, out_features=512, bias=True)
      (1): Linear(in_features=512, out_features=512, bias=True)
    )
    (v_lins): ModuleList(
      (0): Linear(in_features=512, out_features=512, bias=True)
      (1): Linear(in_features=512, out_features=512, bias=True)
    )
    (lns): ModuleList(
      (0): LayerNorm((512,), eps=1e-05, elementwise_affine=True)
      (1): LayerNorm((512,), eps=1e-05, elementwise_affine=True)
    )
    (lin_out): Linear(in_features=512, out_features=512, bias=True)
  )
  (pred_local): Linear(in_features=512, out_features=10, bias=True)
  (pred_global): Linear(in_features=512, out_features=10, bias=True)
)
Pre-training MLP for 500 epochs to generate co-occurrence matrix...
MLP pre-training complete. Penalty matrix frozen.
Epoch: 00, Loss: 2.4957, Train: 37.41%, Valid: 37.35%, Test: 37.81%, Best Valid: 37.35%, Best Test: 37.81%
Epoch: 100, Loss: 0.2897, Train: 93.62%, Valid: 78.21%, Test: 78.23%, Best Valid: 79.28%, Best Test: 78.88%
Epoch: 200, Loss: 0.0389, Train: 100.00%, Valid: 78.10%, Test: 77.72%, Best Valid: 79.28%, Best Test: 78.88%
Epoch: 300, Loss: 0.4129, Train: 93.28%, Valid: 76.43%, Test: 76.04%, Best Valid: 79.28%, Best Test: 78.88%
Epoch: 400, Loss: 0.0308, Train: 100.00%, Valid: 77.23%, Test: 77.46%, Best Valid: 79.28%, Best Test: 78.88%
Epoch: 500, Loss: 0.0149, Train: 100.00%, Valid: 76.58%, Test: 76.33%, Best Valid: 79.28%, Best Test: 78.88%
Epoch: 600, Loss: 0.0768, Train: 82.59%, Valid: 63.88%, Test: 63.37%, Best Valid: 79.28%, Best Test: 78.88%
Epoch: 700, Loss: 0.5906, Train: 89.14%, Valid: 76.49%, Test: 75.90%, Best Valid: 79.28%, Best Test: 78.88%
Epoch: 800, Loss: 0.2168, Train: 98.28%, Valid: 78.88%, Test: 78.40%, Best Valid: 79.28%, Best Test: 78.88%
Epoch: 900, Loss: 0.0610, Train: 99.83%, Valid: 78.29%, Test: 77.70%, Best Valid: 79.28%, Best Test: 78.88%
Run 01:
Highest Train: 100.00
Highest Valid: 79.28
Highest Test: 79.08
Chosen epoch: 90
Final Train: 92.41
Final Test: 78.88
Pre-training MLP for 500 epochs to generate co-occurrence matrix...
MLP pre-training complete. Penalty matrix frozen.
Epoch: 00, Loss: 2.5404, Train: 23.97%, Valid: 23.64%, Test: 23.36%, Best Valid: 23.64%, Best Test: 23.36%
Epoch: 100, Loss: 0.0779, Train: 99.48%, Valid: 78.48%, Test: 78.21%, Best Valid: 78.69%, Best Test: 77.36%
Epoch: 200, Loss: 0.1820, Train: 97.59%, Valid: 77.38%, Test: 76.72%, Best Valid: 78.69%, Best Test: 77.36%
Epoch: 300, Loss: 0.0126, Train: 100.00%, Valid: 76.89%, Test: 75.94%, Best Valid: 79.18%, Best Test: 77.58%
Epoch: 400, Loss: 0.0120, Train: 100.00%, Valid: 78.23%, Test: 76.95%, Best Valid: 79.18%, Best Test: 77.58%
Epoch: 500, Loss: 0.0168, Train: 100.00%, Valid: 77.89%, Test: 77.25%, Best Valid: 79.18%, Best Test: 77.58%
Epoch: 600, Loss: 2.3533, Train: 49.48%, Valid: 46.89%, Test: 47.26%, Best Valid: 79.18%, Best Test: 77.58%
Epoch: 700, Loss: 0.4819, Train: 90.86%, Valid: 75.86%, Test: 75.83%, Best Valid: 79.18%, Best Test: 77.58%
Epoch: 800, Loss: 0.2742, Train: 97.24%, Valid: 76.51%, Test: 75.46%, Best Valid: 79.18%, Best Test: 77.58%
Epoch: 900, Loss: 0.0865, Train: 100.00%, Valid: 76.51%, Test: 76.07%, Best Valid: 79.18%, Best Test: 77.58%
Run 02:
Highest Train: 100.00
Highest Valid: 79.18
Highest Test: 78.35
Chosen epoch: 270
Final Train: 100.00
Final Test: 77.58
Pre-training MLP for 500 epochs to generate co-occurrence matrix...
MLP pre-training complete. Penalty matrix frozen.
Epoch: 00, Loss: 2.4703, Train: 27.07%, Valid: 26.32%, Test: 26.66%, Best Valid: 26.32%, Best Test: 26.66%
Epoch: 100, Loss: 0.0559, Train: 99.48%, Valid: 78.76%, Test: 78.18%, Best Valid: 79.31%, Best Test: 78.38%
Epoch: 200, Loss: 0.0111, Train: 100.00%, Valid: 78.50%, Test: 78.38%, Best Valid: 79.41%, Best Test: 78.48%
Epoch: 300, Loss: 0.0102, Train: 100.00%, Valid: 78.99%, Test: 78.40%, Best Valid: 80.03%, Best Test: 78.96%
Epoch: 400, Loss: 0.0683, Train: 100.00%, Valid: 79.47%, Test: 78.31%, Best Valid: 80.03%, Best Test: 78.96%
Epoch: 500, Loss: 0.0204, Train: 100.00%, Valid: 79.45%, Test: 78.54%, Best Valid: 80.22%, Best Test: 79.19%
Epoch: 600, Loss: 0.1825, Train: 97.07%, Valid: 78.90%, Test: 77.72%, Best Valid: 80.22%, Best Test: 79.19%
Epoch: 700, Loss: 0.0065, Train: 100.00%, Valid: 78.86%, Test: 78.30%, Best Valid: 80.22%, Best Test: 79.19%
Epoch: 800, Loss: 0.0160, Train: 100.00%, Valid: 79.03%, Test: 78.23%, Best Valid: 80.22%, Best Test: 79.19%
Epoch: 900, Loss: 2.6755, Train: 46.72%, Valid: 44.22%, Test: 42.64%, Best Valid: 80.22%, Best Test: 79.19%
Run 03:
Highest Train: 100.00
Highest Valid: 80.22
Highest Test: 79.53
Chosen epoch: 434
Final Train: 100.00
Final Test: 79.19
Pre-training MLP for 500 epochs to generate co-occurrence matrix...
MLP pre-training complete. Penalty matrix frozen.
Epoch: 00, Loss: 2.4648, Train: 22.93%, Valid: 22.89%, Test: 22.90%, Best Valid: 22.89%, Best Test: 22.90%
Epoch: 100, Loss: 0.2266, Train: 94.14%, Valid: 78.42%, Test: 77.29%, Best Valid: 79.11%, Best Test: 77.48%
Epoch: 200, Loss: 0.0513, Train: 99.83%, Valid: 76.64%, Test: 74.69%, Best Valid: 79.11%, Best Test: 77.48%
Epoch: 300, Loss: 0.1720, Train: 95.52%, Valid: 76.89%, Test: 75.54%, Best Valid: 79.11%, Best Test: 77.48%
Epoch: 400, Loss: 0.0303, Train: 100.00%, Valid: 75.58%, Test: 74.38%, Best Valid: 79.11%, Best Test: 77.48%
Epoch: 500, Loss: 0.0368, Train: 100.00%, Valid: 76.00%, Test: 74.35%, Best Valid: 79.11%, Best Test: 77.48%
Epoch: 600, Loss: 0.0092, Train: 100.00%, Valid: 77.85%, Test: 76.42%, Best Valid: 79.11%, Best Test: 77.48%
Epoch: 700, Loss: 0.1077, Train: 99.66%, Valid: 77.00%, Test: 75.15%, Best Valid: 79.11%, Best Test: 77.48%
Epoch: 800, Loss: 0.0859, Train: 99.83%, Valid: 75.90%, Test: 74.65%, Best Valid: 79.11%, Best Test: 77.48%
Epoch: 900, Loss: 0.0427, Train: 100.00%, Valid: 76.15%, Test: 74.76%, Best Valid: 79.11%, Best Test: 77.48%
Run 04:
Highest Train: 100.00
Highest Valid: 79.11
Highest Test: 78.23
Chosen epoch: 83
Final Train: 92.41
Final Test: 77.48
Pre-training MLP for 500 epochs to generate co-occurrence matrix...
MLP pre-training complete. Penalty matrix frozen.
Epoch: 00, Loss: 2.3474, Train: 23.10%, Valid: 22.96%, Test: 22.97%, Best Valid: 22.96%, Best Test: 22.97%
Epoch: 100, Loss: 0.3178, Train: 95.00%, Valid: 76.36%, Test: 75.66%, Best Valid: 76.87%, Best Test: 76.28%
Epoch: 200, Loss: 0.0332, Train: 99.83%, Valid: 76.39%, Test: 75.32%, Best Valid: 77.99%, Best Test: 77.07%
Epoch: 300, Loss: 0.3215, Train: 93.79%, Valid: 76.49%, Test: 75.82%, Best Valid: 78.02%, Best Test: 77.05%
Epoch: 400, Loss: 0.0356, Train: 100.00%, Valid: 78.04%, Test: 76.81%, Best Valid: 78.44%, Best Test: 76.93%
Epoch: 500, Loss: 0.0244, Train: 100.00%, Valid: 78.08%, Test: 76.93%, Best Valid: 78.74%, Best Test: 77.48%
Epoch: 600, Loss: 0.0135, Train: 100.00%, Valid: 76.91%, Test: 76.36%, Best Valid: 78.74%, Best Test: 77.48%
Epoch: 700, Loss: 0.4329, Train: 89.31%, Valid: 76.00%, Test: 75.29%, Best Valid: 78.74%, Best Test: 77.48%
Epoch: 800, Loss: 0.0706, Train: 100.00%, Valid: 77.04%, Test: 76.48%, Best Valid: 78.74%, Best Test: 77.48%
Epoch: 900, Loss: 0.0381, Train: 100.00%, Valid: 77.06%, Test: 76.42%, Best Valid: 78.78%, Best Test: 77.44%
Run 05:
Highest Train: 100.00
Highest Valid: 78.78
Highest Test: 77.94
Chosen epoch: 833
Final Train: 100.00
Final Test: 77.44
All runs:
Highest Train: 100.00 ± 0.00
Highest Test: 78.62 ± 0.66
Highest Valid: 79.31 ± 0.54
  Final Train: 96.97 ± 4.16
   Final Test: 78.11 ± 0.85
Saving results to mlp_gt/results_full/wikics/polynormer.csv

Running with MLP-GT Regularization (lambda=0.1)...
Namespace(aggregate='add', alpha=0.5, attention='gcn', beta=-1.0, bn=False, cpu=False, data_dir='../data/', dataset='wikics', device=0, dim_inner=128, display_step=100, dropout=0.3, epochs=1000, global_dropout=None, global_layers=2, gnn='gcn', graph_weight=0.8, hidden_channels=128, hops=10, in_dropout=0.0, jk=False, label_num_per_class=20, lambda_val=0.1, layers=1, ln=False, local_gnn_type='GCN', local_layers=2, lr=0.01, metric='acc', mlp_epochs=500, mlp_reg=True, model='polynormer', model_dir='./model/', n_heads=4, num_centroids=4096, num_heads=4, oracle_reg=False, pe_types='RWSE', pre_linear=False, pre_ln=False, rand_split=False, rand_split_class=False, reg_start_epoch=10, reg_update_freq=5, res=False, result_dir='mlp_gt/results_full', runs=5, save_model=False, save_result=False, seed=42, test_num=1000, train_prop=0.5, use_act=False, use_bn=False, use_graph=False, use_reg=True, use_residual=False, use_weight=False, valid_num=500, valid_prop=0.25, weight_decay=0.0005)
wikics
dataset wikics | num nodes 11701 | num edge 431726 | num node feats 300 | num classes 10
MODEL: Polynormer(
  (h_lins): ModuleList(
    (0): Linear(in_features=512, out_features=512, bias=True)
    (1): Linear(in_features=512, out_features=512, bias=True)
  )
  (local_convs): ModuleList(
    (0): GATConv(512, 128, heads=4)
    (1): GATConv(512, 128, heads=4)
  )
  (lins): ModuleList(
    (0): Linear(in_features=512, out_features=512, bias=True)
    (1): Linear(in_features=512, out_features=512, bias=True)
  )
  (lns): ModuleList(
    (0): LayerNorm((512,), eps=1e-05, elementwise_affine=True)
    (1): LayerNorm((512,), eps=1e-05, elementwise_affine=True)
  )
  (lin_in): Linear(in_features=300, out_features=512, bias=True)
  (ln): LayerNorm((512,), eps=1e-05, elementwise_affine=True)
  (global_attn): GlobalAttn(
    (h_lins): ModuleList(
      (0): Linear(in_features=512, out_features=512, bias=True)
      (1): Linear(in_features=512, out_features=512, bias=True)
    )
    (k_lins): ModuleList(
      (0): Linear(in_features=512, out_features=512, bias=True)
      (1): Linear(in_features=512, out_features=512, bias=True)
    )
    (v_lins): ModuleList(
      (0): Linear(in_features=512, out_features=512, bias=True)
      (1): Linear(in_features=512, out_features=512, bias=True)
    )
    (lns): ModuleList(
      (0): LayerNorm((512,), eps=1e-05, elementwise_affine=True)
      (1): LayerNorm((512,), eps=1e-05, elementwise_affine=True)
    )
    (lin_out): Linear(in_features=512, out_features=512, bias=True)
  )
  (pred_local): Linear(in_features=512, out_features=10, bias=True)
  (pred_global): Linear(in_features=512, out_features=10, bias=True)
)
Pre-training MLP for 500 epochs to generate co-occurrence matrix...
MLP pre-training complete. Penalty matrix frozen.
Epoch: 00, Loss: 2.7181, Train: 36.21%, Valid: 37.26%, Test: 37.23%, Best Valid: 37.26%, Best Test: 37.23%
Epoch: 100, Loss: 0.3478, Train: 93.28%, Valid: 77.82%, Test: 76.81%, Best Valid: 77.89%, Best Test: 76.69%
Epoch: 200, Loss: 0.0456, Train: 99.83%, Valid: 77.00%, Test: 76.00%, Best Valid: 78.80%, Best Test: 78.04%
Epoch: 300, Loss: 0.0237, Train: 100.00%, Valid: 76.39%, Test: 77.00%, Best Valid: 78.80%, Best Test: 78.04%
Epoch: 400, Loss: 0.0354, Train: 100.00%, Valid: 77.85%, Test: 77.60%, Best Valid: 78.80%, Best Test: 78.04%
Epoch: 500, Loss: 0.0282, Train: 100.00%, Valid: 76.51%, Test: 76.45%, Best Valid: 78.80%, Best Test: 78.04%
Epoch: 600, Loss: 0.0086, Train: 100.00%, Valid: 77.70%, Test: 77.27%, Best Valid: 78.80%, Best Test: 78.04%
Epoch: 700, Loss: 0.0903, Train: 99.31%, Valid: 77.28%, Test: 76.69%, Best Valid: 78.80%, Best Test: 78.04%
Epoch: 800, Loss: 0.0110, Train: 100.00%, Valid: 77.06%, Test: 77.48%, Best Valid: 78.80%, Best Test: 78.04%
Epoch: 900, Loss: 0.0163, Train: 100.00%, Valid: 77.46%, Test: 76.93%, Best Valid: 78.80%, Best Test: 78.04%
Run 01:
Highest Train: 100.00
Highest Valid: 78.80
Highest Test: 78.45
Chosen epoch: 170
Final Train: 99.66
Final Test: 78.04
Pre-training MLP for 500 epochs to generate co-occurrence matrix...
MLP pre-training complete. Penalty matrix frozen.
Epoch: 00, Loss: 2.7667, Train: 26.38%, Valid: 27.63%, Test: 28.15%, Best Valid: 27.63%, Best Test: 28.15%
Epoch: 100, Loss: 0.1127, Train: 99.83%, Valid: 78.40%, Test: 77.83%, Best Valid: 79.09%, Best Test: 77.75%
Epoch: 200, Loss: 0.0384, Train: 99.66%, Valid: 77.51%, Test: 76.38%, Best Valid: 79.09%, Best Test: 77.75%
Epoch: 300, Loss: 0.0174, Train: 100.00%, Valid: 77.06%, Test: 76.77%, Best Valid: 79.09%, Best Test: 77.75%
Epoch: 400, Loss: 0.0945, Train: 99.66%, Valid: 77.06%, Test: 76.67%, Best Valid: 79.09%, Best Test: 77.75%
Epoch: 500, Loss: 0.0446, Train: 99.14%, Valid: 75.71%, Test: 75.82%, Best Valid: 79.09%, Best Test: 77.75%
Epoch: 600, Loss: 0.0392, Train: 99.83%, Valid: 76.39%, Test: 76.38%, Best Valid: 79.09%, Best Test: 77.75%
Epoch: 700, Loss: 11.8322, Train: 15.69%, Valid: 15.64%, Test: 15.97%, Best Valid: 79.09%, Best Test: 77.75%
Epoch: 800, Loss: 0.4150, Train: 91.55%, Valid: 76.96%, Test: 75.25%, Best Valid: 79.09%, Best Test: 77.75%
Epoch: 900, Loss: 0.0935, Train: 99.83%, Valid: 77.00%, Test: 76.02%, Best Valid: 79.09%, Best Test: 77.75%
Run 02:
Highest Train: 100.00
Highest Valid: 79.09
Highest Test: 78.18
Chosen epoch: 71
Final Train: 95.17
Final Test: 77.75
Pre-training MLP for 500 epochs to generate co-occurrence matrix...
MLP pre-training complete. Penalty matrix frozen.
Epoch: 00, Loss: 2.6904, Train: 27.41%, Valid: 27.42%, Test: 27.79%, Best Valid: 27.42%, Best Test: 27.79%
Epoch: 100, Loss: 0.1591, Train: 97.93%, Valid: 78.65%, Test: 77.58%, Best Valid: 79.52%, Best Test: 78.07%
Epoch: 200, Loss: 0.1599, Train: 64.14%, Valid: 59.86%, Test: 58.56%, Best Valid: 79.81%, Best Test: 77.92%
Epoch: 300, Loss: 0.0514, Train: 100.00%, Valid: 79.37%, Test: 78.69%, Best Valid: 80.30%, Best Test: 79.51%
Epoch: 400, Loss: 0.0129, Train: 100.00%, Valid: 79.26%, Test: 78.86%, Best Valid: 80.30%, Best Test: 79.51%
Epoch: 500, Loss: 0.2278, Train: 97.41%, Valid: 80.58%, Test: 79.31%, Best Valid: 80.58%, Best Test: 79.31%
Epoch: 600, Loss: 0.0552, Train: 99.83%, Valid: 80.19%, Test: 78.69%, Best Valid: 80.66%, Best Test: 79.63%
Epoch: 700, Loss: 0.0186, Train: 100.00%, Valid: 79.90%, Test: 78.50%, Best Valid: 80.66%, Best Test: 79.63%
Epoch: 800, Loss: 5.3703, Train: 38.79%, Valid: 36.84%, Test: 36.29%, Best Valid: 80.66%, Best Test: 79.63%
Epoch: 900, Loss: 0.2159, Train: 98.28%, Valid: 79.28%, Test: 78.38%, Best Valid: 80.66%, Best Test: 79.63%
Run 03:
Highest Train: 100.00
Highest Valid: 80.66
Highest Test: 79.89
Chosen epoch: 504
Final Train: 97.93
Final Test: 79.63
Pre-training MLP for 500 epochs to generate co-occurrence matrix...
MLP pre-training complete. Penalty matrix frozen.
Epoch: 00, Loss: 2.6845, Train: 22.93%, Valid: 22.89%, Test: 22.90%, Best Valid: 22.89%, Best Test: 22.90%
Epoch: 100, Loss: 0.1008, Train: 99.31%, Valid: 76.45%, Test: 75.37%, Best Valid: 77.80%, Best Test: 76.43%
Epoch: 200, Loss: 0.0197, Train: 99.83%, Valid: 75.79%, Test: 75.00%, Best Valid: 77.80%, Best Test: 76.43%
Epoch: 300, Loss: 0.3480, Train: 91.03%, Valid: 76.77%, Test: 76.93%, Best Valid: 77.80%, Best Test: 76.43%
Epoch: 400, Loss: 0.0339, Train: 100.00%, Valid: 75.88%, Test: 75.34%, Best Valid: 77.80%, Best Test: 76.43%
Epoch: 500, Loss: 0.0151, Train: 100.00%, Valid: 76.24%, Test: 74.94%, Best Valid: 77.80%, Best Test: 76.43%
Epoch: 600, Loss: 0.0144, Train: 100.00%, Valid: 76.24%, Test: 75.30%, Best Valid: 77.80%, Best Test: 76.43%
Epoch: 700, Loss: 0.0754, Train: 99.83%, Valid: 76.47%, Test: 75.53%, Best Valid: 77.80%, Best Test: 76.43%
Epoch: 800, Loss: 0.0328, Train: 100.00%, Valid: 76.28%, Test: 75.59%, Best Valid: 78.01%, Best Test: 77.22%
Epoch: 900, Loss: 0.4337, Train: 88.97%, Valid: 75.90%, Test: 75.10%, Best Valid: 78.01%, Best Test: 77.22%
Run 04:
Highest Train: 100.00
Highest Valid: 78.21
Highest Test: 77.22
Chosen epoch: 949
Final Train: 99.31
Final Test: 76.81
Pre-training MLP for 500 epochs to generate co-occurrence matrix...
MLP pre-training complete. Penalty matrix frozen.
Epoch: 00, Loss: 2.5565, Train: 23.28%, Valid: 22.94%, Test: 22.95%, Best Valid: 22.94%, Best Test: 22.95%
Epoch: 100, Loss: 0.2750, Train: 96.21%, Valid: 77.27%, Test: 76.47%, Best Valid: 77.49%, Best Test: 76.55%
Epoch: 200, Loss: 0.0378, Train: 100.00%, Valid: 77.06%, Test: 75.82%, Best Valid: 78.59%, Best Test: 77.34%
Epoch: 300, Loss: 0.0198, Train: 100.00%, Valid: 77.85%, Test: 76.76%, Best Valid: 78.74%, Best Test: 77.94%
Epoch: 400, Loss: 0.0087, Train: 100.00%, Valid: 77.40%, Test: 76.86%, Best Valid: 78.74%, Best Test: 77.94%
Epoch: 500, Loss: 0.0604, Train: 100.00%, Valid: 78.56%, Test: 78.09%, Best Valid: 79.05%, Best Test: 78.60%
Epoch: 600, Loss: 0.0159, Train: 100.00%, Valid: 78.10%, Test: 77.32%, Best Valid: 79.05%, Best Test: 78.60%
Epoch: 700, Loss: 0.0270, Train: 100.00%, Valid: 78.40%, Test: 77.34%, Best Valid: 79.29%, Best Test: 78.25%
Epoch: 800, Loss: 0.0131, Train: 100.00%, Valid: 76.87%, Test: 76.45%, Best Valid: 79.29%, Best Test: 78.25%
Epoch: 900, Loss: 1.2046, Train: 71.90%, Valid: 68.05%, Test: 67.04%, Best Valid: 79.29%, Best Test: 78.25%
Run 05:
Highest Train: 100.00
Highest Valid: 79.29
Highest Test: 78.60
Chosen epoch: 640
Final Train: 98.28
Final Test: 78.25
All runs:
Highest Train: 100.00 ± 0.00
Highest Test: 78.47 ± 0.96
Highest Valid: 79.21 ± 0.91
  Final Train: 98.07 ± 1.77
   Final Test: 78.09 ± 1.02
Saving results to mlp_gt/results_full/wikics/polynormer.csv

Running with MLP-GT Regularization (lambda=0.2)...
Namespace(aggregate='add', alpha=0.5, attention='gcn', beta=-1.0, bn=False, cpu=False, data_dir='../data/', dataset='wikics', device=0, dim_inner=128, display_step=100, dropout=0.3, epochs=1000, global_dropout=None, global_layers=2, gnn='gcn', graph_weight=0.8, hidden_channels=128, hops=10, in_dropout=0.0, jk=False, label_num_per_class=20, lambda_val=0.2, layers=1, ln=False, local_gnn_type='GCN', local_layers=2, lr=0.01, metric='acc', mlp_epochs=500, mlp_reg=True, model='polynormer', model_dir='./model/', n_heads=4, num_centroids=4096, num_heads=4, oracle_reg=False, pe_types='RWSE', pre_linear=False, pre_ln=False, rand_split=False, rand_split_class=False, reg_start_epoch=10, reg_update_freq=5, res=False, result_dir='mlp_gt/results_full', runs=5, save_model=False, save_result=False, seed=42, test_num=1000, train_prop=0.5, use_act=False, use_bn=False, use_graph=False, use_reg=True, use_residual=False, use_weight=False, valid_num=500, valid_prop=0.25, weight_decay=0.0005)
wikics
dataset wikics | num nodes 11701 | num edge 431726 | num node feats 300 | num classes 10
MODEL: Polynormer(
  (h_lins): ModuleList(
    (0): Linear(in_features=512, out_features=512, bias=True)
    (1): Linear(in_features=512, out_features=512, bias=True)
  )
  (local_convs): ModuleList(
    (0): GATConv(512, 128, heads=4)
    (1): GATConv(512, 128, heads=4)
  )
  (lins): ModuleList(
    (0): Linear(in_features=512, out_features=512, bias=True)
    (1): Linear(in_features=512, out_features=512, bias=True)
  )
  (lns): ModuleList(
    (0): LayerNorm((512,), eps=1e-05, elementwise_affine=True)
    (1): LayerNorm((512,), eps=1e-05, elementwise_affine=True)
  )
  (lin_in): Linear(in_features=300, out_features=512, bias=True)
  (ln): LayerNorm((512,), eps=1e-05, elementwise_affine=True)
  (global_attn): GlobalAttn(
    (h_lins): ModuleList(
      (0): Linear(in_features=512, out_features=512, bias=True)
      (1): Linear(in_features=512, out_features=512, bias=True)
    )
    (k_lins): ModuleList(
      (0): Linear(in_features=512, out_features=512, bias=True)
      (1): Linear(in_features=512, out_features=512, bias=True)
    )
    (v_lins): ModuleList(
      (0): Linear(in_features=512, out_features=512, bias=True)
      (1): Linear(in_features=512, out_features=512, bias=True)
    )
    (lns): ModuleList(
      (0): LayerNorm((512,), eps=1e-05, elementwise_affine=True)
      (1): LayerNorm((512,), eps=1e-05, elementwise_affine=True)
    )
    (lin_out): Linear(in_features=512, out_features=512, bias=True)
  )
  (pred_local): Linear(in_features=512, out_features=10, bias=True)
  (pred_global): Linear(in_features=512, out_features=10, bias=True)
)
Pre-training MLP for 500 epochs to generate co-occurrence matrix...
MLP pre-training complete. Penalty matrix frozen.
Epoch: 00, Loss: 2.9652, Train: 30.86%, Valid: 31.29%, Test: 31.71%, Best Valid: 31.29%, Best Test: 31.71%
Epoch: 100, Loss: 0.0489, Train: 100.00%, Valid: 78.54%, Test: 77.85%, Best Valid: 79.65%, Best Test: 78.40%
Epoch: 200, Loss: 0.3368, Train: 94.48%, Valid: 78.31%, Test: 77.56%, Best Valid: 79.65%, Best Test: 78.40%
Epoch: 300, Loss: 0.0504, Train: 100.00%, Valid: 77.76%, Test: 77.01%, Best Valid: 79.65%, Best Test: 78.40%
Epoch: 400, Loss: 0.5073, Train: 90.52%, Valid: 76.72%, Test: 76.30%, Best Valid: 79.65%, Best Test: 78.40%
Epoch: 500, Loss: 0.1911, Train: 99.31%, Valid: 77.70%, Test: 76.95%, Best Valid: 79.65%, Best Test: 78.40%
Epoch: 600, Loss: 0.0642, Train: 100.00%, Valid: 78.16%, Test: 77.13%, Best Valid: 79.65%, Best Test: 78.40%
Epoch: 700, Loss: 0.0198, Train: 100.00%, Valid: 77.23%, Test: 77.32%, Best Valid: 79.65%, Best Test: 78.40%
Epoch: 800, Loss: 0.0273, Train: 100.00%, Valid: 78.10%, Test: 77.85%, Best Valid: 79.65%, Best Test: 78.40%
Epoch: 900, Loss: 0.0194, Train: 100.00%, Valid: 77.30%, Test: 76.89%, Best Valid: 79.65%, Best Test: 78.40%
Run 01:
Highest Train: 100.00
Highest Valid: 79.65
Highest Test: 78.93
Chosen epoch: 67
Final Train: 97.76
Final Test: 78.40
Pre-training MLP for 500 epochs to generate co-occurrence matrix...
MLP pre-training complete. Penalty matrix frozen.
Epoch: 00, Loss: 3.0183, Train: 36.90%, Valid: 35.34%, Test: 35.69%, Best Valid: 35.34%, Best Test: 35.69%
Epoch: 100, Loss: 0.3782, Train: 93.45%, Valid: 77.89%, Test: 76.79%, Best Valid: 78.27%, Best Test: 76.77%
Epoch: 200, Loss: 0.0759, Train: 100.00%, Valid: 76.55%, Test: 75.63%, Best Valid: 78.27%, Best Test: 76.77%
Epoch: 300, Loss: 0.6491, Train: 88.28%, Valid: 73.70%, Test: 72.64%, Best Valid: 78.27%, Best Test: 76.77%
Epoch: 400, Loss: 0.0585, Train: 99.83%, Valid: 77.25%, Test: 76.33%, Best Valid: 78.27%, Best Test: 76.77%
Epoch: 500, Loss: 0.1363, Train: 98.79%, Valid: 77.30%, Test: 76.16%, Best Valid: 78.27%, Best Test: 76.77%
Epoch: 600, Loss: 0.0189, Train: 100.00%, Valid: 77.72%, Test: 76.86%, Best Valid: 78.27%, Best Test: 76.77%
Epoch: 700, Loss: 0.3534, Train: 93.28%, Valid: 76.07%, Test: 75.65%, Best Valid: 78.52%, Best Test: 77.36%
Epoch: 800, Loss: 0.0305, Train: 100.00%, Valid: 77.00%, Test: 76.42%, Best Valid: 78.52%, Best Test: 77.36%
Epoch: 900, Loss: 0.0238, Train: 100.00%, Valid: 76.87%, Test: 76.26%, Best Valid: 78.52%, Best Test: 77.36%
Run 02:
Highest Train: 100.00
Highest Valid: 78.52
Highest Test: 77.66
Chosen epoch: 607
Final Train: 100.00
Final Test: 77.36
Pre-training MLP for 500 epochs to generate co-occurrence matrix...
MLP pre-training complete. Penalty matrix frozen.
Epoch: 00, Loss: 2.9350, Train: 27.41%, Valid: 28.18%, Test: 28.41%, Best Valid: 28.18%, Best Test: 28.41%
Epoch: 100, Loss: 0.0359, Train: 99.83%, Valid: 79.37%, Test: 77.92%, Best Valid: 79.60%, Best Test: 78.67%
Epoch: 200, Loss: 0.0251, Train: 100.00%, Valid: 78.86%, Test: 77.82%, Best Valid: 79.60%, Best Test: 78.67%
Epoch: 300, Loss: 0.3867, Train: 92.59%, Valid: 78.12%, Test: 77.39%, Best Valid: 79.73%, Best Test: 79.49%
Epoch: 400, Loss: 0.0191, Train: 100.00%, Valid: 79.18%, Test: 78.57%, Best Valid: 80.32%, Best Test: 79.22%
Epoch: 500, Loss: 0.0066, Train: 100.00%, Valid: 78.97%, Test: 78.57%, Best Valid: 80.32%, Best Test: 79.22%
Epoch: 600, Loss: 0.1466, Train: 99.31%, Valid: 78.90%, Test: 78.64%, Best Valid: 80.32%, Best Test: 79.22%
Epoch: 700, Loss: 0.0183, Train: 100.00%, Valid: 79.43%, Test: 78.90%, Best Valid: 80.32%, Best Test: 79.22%
Epoch: 800, Loss: 0.3946, Train: 92.93%, Valid: 77.53%, Test: 76.95%, Best Valid: 80.32%, Best Test: 79.22%
Epoch: 900, Loss: 0.0196, Train: 99.83%, Valid: 78.73%, Test: 77.97%, Best Valid: 80.32%, Best Test: 79.22%
Run 03:
Highest Train: 100.00
Highest Valid: 80.32
Highest Test: 79.49
Chosen epoch: 349
Final Train: 100.00
Final Test: 79.22
Pre-training MLP for 500 epochs to generate co-occurrence matrix...
MLP pre-training complete. Penalty matrix frozen.
Epoch: 00, Loss: 2.9285, Train: 22.93%, Valid: 22.89%, Test: 22.90%, Best Valid: 22.89%, Best Test: 22.90%
Epoch: 100, Loss: 0.1035, Train: 98.79%, Valid: 75.46%, Test: 73.94%, Best Valid: 78.18%, Best Test: 77.68%
Epoch: 200, Loss: 0.0250, Train: 100.00%, Valid: 77.32%, Test: 75.66%, Best Valid: 78.35%, Best Test: 76.21%
Epoch: 300, Loss: 0.7412, Train: 83.28%, Valid: 73.15%, Test: 72.48%, Best Valid: 78.35%, Best Test: 76.21%
Epoch: 400, Loss: 0.1873, Train: 98.97%, Valid: 77.15%, Test: 75.49%, Best Valid: 78.56%, Best Test: 77.24%
Epoch: 500, Loss: 0.0698, Train: 99.66%, Valid: 76.03%, Test: 75.65%, Best Valid: 78.56%, Best Test: 77.24%
Epoch: 600, Loss: 0.0280, Train: 100.00%, Valid: 76.17%, Test: 74.88%, Best Valid: 78.56%, Best Test: 77.24%
Epoch: 700, Loss: 0.1033, Train: 100.00%, Valid: 76.77%, Test: 75.66%, Best Valid: 78.56%, Best Test: 77.24%
Epoch: 800, Loss: 0.0267, Train: 100.00%, Valid: 77.10%, Test: 75.63%, Best Valid: 78.56%, Best Test: 77.24%
Epoch: 900, Loss: 0.0198, Train: 100.00%, Valid: 75.58%, Test: 74.41%, Best Valid: 78.56%, Best Test: 77.24%
Run 04:
Highest Train: 100.00
Highest Valid: 78.56
Highest Test: 77.68
Chosen epoch: 397
Final Train: 98.45
Final Test: 77.24
Pre-training MLP for 500 epochs to generate co-occurrence matrix...
MLP pre-training complete. Penalty matrix frozen.
Epoch: 00, Loss: 2.7889, Train: 23.28%, Valid: 22.94%, Test: 22.95%, Best Valid: 22.94%, Best Test: 22.95%
Epoch: 100, Loss: 0.4165, Train: 92.93%, Valid: 78.01%, Test: 77.24%, Best Valid: 78.01%, Best Test: 77.24%
Epoch: 200, Loss: 0.0783, Train: 99.83%, Valid: 78.38%, Test: 77.56%, Best Valid: 78.93%, Best Test: 77.20%
Epoch: 300, Loss: 0.0177, Train: 100.00%, Valid: 77.42%, Test: 75.85%, Best Valid: 78.93%, Best Test: 77.20%
Epoch: 400, Loss: 0.0311, Train: 100.00%, Valid: 78.04%, Test: 77.30%, Best Valid: 78.95%, Best Test: 77.70%
Epoch: 500, Loss: 5.7593, Train: 48.97%, Valid: 46.95%, Test: 46.16%, Best Valid: 78.95%, Best Test: 77.70%
Epoch: 600, Loss: 0.1887, Train: 98.79%, Valid: 76.47%, Test: 75.97%, Best Valid: 78.95%, Best Test: 77.70%
Epoch: 700, Loss: 0.0635, Train: 99.83%, Valid: 77.46%, Test: 77.39%, Best Valid: 78.95%, Best Test: 77.70%
Epoch: 800, Loss: 0.0407, Train: 100.00%, Valid: 77.13%, Test: 76.45%, Best Valid: 78.95%, Best Test: 77.70%
Epoch: 900, Loss: 0.0237, Train: 100.00%, Valid: 77.68%, Test: 76.98%, Best Valid: 78.95%, Best Test: 77.70%
Run 05:
Highest Train: 100.00
Highest Valid: 78.95
Highest Test: 77.95
Chosen epoch: 352
Final Train: 99.31
Final Test: 77.70
All runs:
Highest Train: 100.00 ± 0.00
Highest Test: 78.34 ± 0.82
Highest Valid: 79.20 ± 0.77
  Final Train: 99.10 ± 0.99
   Final Test: 77.98 ± 0.83
Saving results to mlp_gt/results_full/wikics/polynormer.csv

Running with MLP-GT Regularization (lambda=0.4)...
Namespace(aggregate='add', alpha=0.5, attention='gcn', beta=-1.0, bn=False, cpu=False, data_dir='../data/', dataset='wikics', device=0, dim_inner=128, display_step=100, dropout=0.3, epochs=1000, global_dropout=None, global_layers=2, gnn='gcn', graph_weight=0.8, hidden_channels=128, hops=10, in_dropout=0.0, jk=False, label_num_per_class=20, lambda_val=0.4, layers=1, ln=False, local_gnn_type='GCN', local_layers=2, lr=0.01, metric='acc', mlp_epochs=500, mlp_reg=True, model='polynormer', model_dir='./model/', n_heads=4, num_centroids=4096, num_heads=4, oracle_reg=False, pe_types='RWSE', pre_linear=False, pre_ln=False, rand_split=False, rand_split_class=False, reg_start_epoch=10, reg_update_freq=5, res=False, result_dir='mlp_gt/results_full', runs=5, save_model=False, save_result=False, seed=42, test_num=1000, train_prop=0.5, use_act=False, use_bn=False, use_graph=False, use_reg=True, use_residual=False, use_weight=False, valid_num=500, valid_prop=0.25, weight_decay=0.0005)
wikics
dataset wikics | num nodes 11701 | num edge 431726 | num node feats 300 | num classes 10
MODEL: Polynormer(
  (h_lins): ModuleList(
    (0): Linear(in_features=512, out_features=512, bias=True)
    (1): Linear(in_features=512, out_features=512, bias=True)
  )
  (local_convs): ModuleList(
    (0): GATConv(512, 128, heads=4)
    (1): GATConv(512, 128, heads=4)
  )
  (lins): ModuleList(
    (0): Linear(in_features=512, out_features=512, bias=True)
    (1): Linear(in_features=512, out_features=512, bias=True)
  )
  (lns): ModuleList(
    (0): LayerNorm((512,), eps=1e-05, elementwise_affine=True)
    (1): LayerNorm((512,), eps=1e-05, elementwise_affine=True)
  )
  (lin_in): Linear(in_features=300, out_features=512, bias=True)
  (ln): LayerNorm((512,), eps=1e-05, elementwise_affine=True)
  (global_attn): GlobalAttn(
    (h_lins): ModuleList(
      (0): Linear(in_features=512, out_features=512, bias=True)
      (1): Linear(in_features=512, out_features=512, bias=True)
    )
    (k_lins): ModuleList(
      (0): Linear(in_features=512, out_features=512, bias=True)
      (1): Linear(in_features=512, out_features=512, bias=True)
    )
    (v_lins): ModuleList(
      (0): Linear(in_features=512, out_features=512, bias=True)
      (1): Linear(in_features=512, out_features=512, bias=True)
    )
    (lns): ModuleList(
      (0): LayerNorm((512,), eps=1e-05, elementwise_affine=True)
      (1): LayerNorm((512,), eps=1e-05, elementwise_affine=True)
    )
    (lin_out): Linear(in_features=512, out_features=512, bias=True)
  )
  (pred_local): Linear(in_features=512, out_features=10, bias=True)
  (pred_global): Linear(in_features=512, out_features=10, bias=True)
)
Pre-training MLP for 500 epochs to generate co-occurrence matrix...
MLP pre-training complete. Penalty matrix frozen.
Epoch: 00, Loss: 3.4594, Train: 24.31%, Valid: 24.40%, Test: 24.08%, Best Valid: 24.40%, Best Test: 24.08%
Epoch: 100, Loss: 0.1167, Train: 99.48%, Valid: 78.44%, Test: 77.39%, Best Valid: 78.93%, Best Test: 77.65%
Epoch: 200, Loss: 0.0203, Train: 100.00%, Valid: 77.23%, Test: 76.48%, Best Valid: 78.93%, Best Test: 77.65%
Epoch: 300, Loss: 0.0164, Train: 100.00%, Valid: 78.19%, Test: 77.53%, Best Valid: 78.93%, Best Test: 77.65%
Epoch: 400, Loss: 0.0278, Train: 100.00%, Valid: 76.75%, Test: 76.21%, Best Valid: 78.93%, Best Test: 77.65%
Epoch: 500, Loss: 0.1275, Train: 100.00%, Valid: 77.51%, Test: 76.88%, Best Valid: 78.93%, Best Test: 77.65%
Epoch: 600, Loss: 0.0591, Train: 100.00%, Valid: 77.82%, Test: 77.41%, Best Valid: 78.93%, Best Test: 77.65%
Epoch: 700, Loss: 0.2578, Train: 97.41%, Valid: 78.02%, Test: 77.34%, Best Valid: 78.93%, Best Test: 77.65%
Epoch: 800, Loss: 0.0227, Train: 100.00%, Valid: 78.19%, Test: 77.80%, Best Valid: 79.05%, Best Test: 77.78%
Epoch: 900, Loss: 0.0162, Train: 100.00%, Valid: 77.65%, Test: 76.12%, Best Valid: 79.05%, Best Test: 77.78%
Run 01:
Highest Train: 100.00
Highest Valid: 79.05
Highest Test: 78.33
Chosen epoch: 721
Final Train: 99.66
Final Test: 77.78
Pre-training MLP for 500 epochs to generate co-occurrence matrix...
MLP pre-training complete. Penalty matrix frozen.
Epoch: 00, Loss: 3.5213, Train: 37.93%, Valid: 38.30%, Test: 38.69%, Best Valid: 38.30%, Best Test: 38.69%
Epoch: 100, Loss: 0.2065, Train: 98.10%, Valid: 76.53%, Test: 76.45%, Best Valid: 77.47%, Best Test: 76.07%
Epoch: 200, Loss: 0.5503, Train: 91.90%, Valid: 76.68%, Test: 76.42%, Best Valid: 77.47%, Best Test: 76.07%
Epoch: 300, Loss: 0.0205, Train: 100.00%, Valid: 76.32%, Test: 75.87%, Best Valid: 78.12%, Best Test: 76.76%
Epoch: 400, Loss: 0.0199, Train: 100.00%, Valid: 77.34%, Test: 76.60%, Best Valid: 78.12%, Best Test: 76.76%
Epoch: 500, Loss: 0.5123, Train: 91.38%, Valid: 77.91%, Test: 77.25%, Best Valid: 78.12%, Best Test: 76.76%
Epoch: 600, Loss: 0.0534, Train: 100.00%, Valid: 77.32%, Test: 76.91%, Best Valid: 78.12%, Best Test: 76.76%
Epoch: 700, Loss: 2.7500, Train: 61.03%, Valid: 55.04%, Test: 54.93%, Best Valid: 78.18%, Best Test: 77.68%
Epoch: 800, Loss: 0.0296, Train: 100.00%, Valid: 77.53%, Test: 76.57%, Best Valid: 78.18%, Best Test: 77.68%
Epoch: 900, Loss: 0.0399, Train: 100.00%, Valid: 76.91%, Test: 76.24%, Best Valid: 78.18%, Best Test: 77.68%
Run 02:
Highest Train: 100.00
Highest Valid: 78.73
Highest Test: 78.07
Chosen epoch: 946
Final Train: 100.00
Final Test: 77.82
Pre-training MLP for 500 epochs to generate co-occurrence matrix...
MLP pre-training complete. Penalty matrix frozen.
Epoch: 00, Loss: 3.4242, Train: 36.90%, Valid: 36.39%, Test: 36.63%, Best Valid: 36.39%, Best Test: 36.63%
Epoch: 100, Loss: 0.2140, Train: 98.28%, Valid: 79.12%, Test: 78.02%, Best Valid: 79.20%, Best Test: 78.13%
Epoch: 200, Loss: 0.0401, Train: 100.00%, Valid: 78.50%, Test: 76.83%, Best Valid: 80.00%, Best Test: 78.02%
Epoch: 300, Loss: 0.0132, Train: 100.00%, Valid: 79.03%, Test: 78.23%, Best Valid: 80.00%, Best Test: 78.02%
Epoch: 400, Loss: 0.1277, Train: 98.97%, Valid: 79.48%, Test: 78.52%, Best Valid: 80.00%, Best Test: 78.02%
Epoch: 500, Loss: 0.0252, Train: 99.83%, Valid: 78.21%, Test: 78.06%, Best Valid: 80.00%, Best Test: 78.02%
Epoch: 600, Loss: 0.0177, Train: 100.00%, Valid: 79.05%, Test: 78.06%, Best Valid: 80.00%, Best Test: 78.02%
Epoch: 700, Loss: 0.0165, Train: 100.00%, Valid: 79.12%, Test: 78.30%, Best Valid: 80.00%, Best Test: 78.02%
Epoch: 800, Loss: 0.0904, Train: 99.66%, Valid: 78.23%, Test: 77.39%, Best Valid: 80.00%, Best Test: 78.02%
Epoch: 900, Loss: 0.0201, Train: 100.00%, Valid: 79.45%, Test: 78.52%, Best Valid: 80.00%, Best Test: 78.02%
Run 03:
Highest Train: 100.00
Highest Valid: 80.00
Highest Test: 79.46
Chosen epoch: 196
Final Train: 100.00
Final Test: 78.02
Pre-training MLP for 500 epochs to generate co-occurrence matrix...
MLP pre-training complete. Penalty matrix frozen.
Epoch: 00, Loss: 3.4166, Train: 22.93%, Valid: 22.89%, Test: 22.92%, Best Valid: 22.89%, Best Test: 22.92%
Epoch: 100, Loss: 0.1819, Train: 97.93%, Valid: 78.57%, Test: 77.18%, Best Valid: 78.63%, Best Test: 77.34%
Epoch: 200, Loss: 0.3361, Train: 95.34%, Valid: 77.08%, Test: 76.36%, Best Valid: 78.71%, Best Test: 77.18%
Epoch: 300, Loss: 0.1074, Train: 100.00%, Valid: 75.60%, Test: 74.67%, Best Valid: 78.71%, Best Test: 77.18%
Epoch: 400, Loss: 0.2705, Train: 80.69%, Valid: 64.39%, Test: 63.64%, Best Valid: 78.71%, Best Test: 77.18%
Epoch: 500, Loss: 0.0510, Train: 100.00%, Valid: 76.30%, Test: 75.82%, Best Valid: 78.71%, Best Test: 77.18%
Epoch: 600, Loss: 0.0319, Train: 100.00%, Valid: 76.41%, Test: 75.39%, Best Valid: 78.71%, Best Test: 77.18%
Epoch: 700, Loss: 0.1575, Train: 98.62%, Valid: 76.56%, Test: 75.71%, Best Valid: 78.71%, Best Test: 77.18%
Epoch: 800, Loss: 0.0360, Train: 100.00%, Valid: 76.22%, Test: 75.54%, Best Valid: 78.71%, Best Test: 77.18%
Epoch: 900, Loss: 0.0697, Train: 97.76%, Valid: 73.74%, Test: 71.83%, Best Valid: 78.71%, Best Test: 77.18%
Run 04:
Highest Train: 100.00
Highest Valid: 78.71
Highest Test: 77.58
Chosen epoch: 111
Final Train: 98.62
Final Test: 77.18
Pre-training MLP for 500 epochs to generate co-occurrence matrix...
MLP pre-training complete. Penalty matrix frozen.
Epoch: 00, Loss: 3.2538, Train: 23.28%, Valid: 22.94%, Test: 22.93%, Best Valid: 22.94%, Best Test: 22.93%
Epoch: 100, Loss: 0.3687, Train: 95.52%, Valid: 78.78%, Test: 77.41%, Best Valid: 79.43%, Best Test: 78.09%
Epoch: 200, Loss: 0.0691, Train: 99.83%, Valid: 76.98%, Test: 76.36%, Best Valid: 79.43%, Best Test: 78.09%
Epoch: 300, Loss: 0.0284, Train: 99.83%, Valid: 77.13%, Test: 77.30%, Best Valid: 79.43%, Best Test: 78.09%
Epoch: 400, Loss: 0.0197, Train: 100.00%, Valid: 78.42%, Test: 77.75%, Best Valid: 79.43%, Best Test: 78.09%
Epoch: 500, Loss: 0.0812, Train: 100.00%, Valid: 77.82%, Test: 77.27%, Best Valid: 79.43%, Best Test: 78.09%
Epoch: 600, Loss: 0.2302, Train: 95.69%, Valid: 78.01%, Test: 77.36%, Best Valid: 79.43%, Best Test: 78.09%
Epoch: 700, Loss: 0.0200, Train: 100.00%, Valid: 79.24%, Test: 78.66%, Best Valid: 79.43%, Best Test: 78.09%
Epoch: 800, Loss: 0.0211, Train: 99.83%, Valid: 76.34%, Test: 75.73%, Best Valid: 79.43%, Best Test: 78.09%
Epoch: 900, Loss: 0.0143, Train: 100.00%, Valid: 78.56%, Test: 77.77%, Best Valid: 79.43%, Best Test: 78.09%
Run 05:
Highest Train: 100.00
Highest Valid: 79.43
Highest Test: 78.66
Chosen epoch: 94
Final Train: 94.14
Final Test: 78.09
All runs:
Highest Train: 100.00 ± 0.00
Highest Test: 78.42 ± 0.70
Highest Valid: 79.18 ± 0.54
  Final Train: 98.48 ± 2.49
   Final Test: 77.78 ± 0.36
Saving results to mlp_gt/results_full/wikics/polynormer.csv

GT sweep completed!
==========================================================
Task 11 (polynormer / wikics) completed at: Tue Apr 28 09:21:12 AM EDT 2026
==========================================================
