==========================================================
MLP-GT Full Sweep | Task 29
Job: 1011972 | Date: Tue Apr 28 08:06:21 AM EDT 2026 | Host: n0091
==========================================================
Tue Apr 28 08:06:24 2026       
+-----------------------------------------------------------------------------------------+
| NVIDIA-SMI 570.211.01             Driver Version: 570.211.01     CUDA Version: 12.8     |
|-----------------------------------------+------------------------+----------------------+
| GPU  Name                 Persistence-M | Bus-Id          Disp.A | Volatile Uncorr. ECC |
| Fan  Temp   Perf          Pwr:Usage/Cap |           Memory-Usage | GPU-Util  Compute M. |
|                                         |                        |               MIG M. |
|=========================================+========================+======================|
|   0  NVIDIA A100-SXM4-80GB          On  |   00000000:01:00.0 Off |                   On |
| N/A   34C    P0             89W /  500W |     923MiB /  81920MiB |     N/A      Default |
|                                         |                        |              Enabled |
+-----------------------------------------+------------------------+----------------------+
|   1  NVIDIA A100-SXM4-80GB          On  |   00000000:41:00.0 Off |                   On |
| N/A   28C    P0             82W /  500W |     689MiB /  81920MiB |     N/A      Default |
|                                         |                        |              Enabled |
+-----------------------------------------+------------------------+----------------------+
|   2  NVIDIA A100-SXM4-80GB          On  |   00000000:81:00.0 Off |                   On |
| N/A   27C    P0             51W /  500W |     185MiB /  81920MiB |     N/A      Default |
|                                         |                        |              Enabled |
+-----------------------------------------+------------------------+----------------------+
|   3  NVIDIA A100-SXM4-80GB          On  |   00000000:C1:00.0 Off |                   On |
| N/A   25C    P0             52W /  500W |     185MiB /  81920MiB |     N/A      Default |
|                                         |                        |              Enabled |
+-----------------------------------------+------------------------+----------------------+

+-----------------------------------------------------------------------------------------+
| MIG devices:                                                                            |
+------------------+----------------------------------+-----------+-----------------------+
| GPU  GI  CI  MIG |                     Memory-Usage |        Vol|        Shared         |
|      ID  ID  Dev |                       BAR1-Usage | SM     Unc| CE ENC  DEC  OFA  JPG |
|                  |                                  |        ECC|                       |
|==================+==================================+===========+=======================|
|  2    3   0   0  |              53MiB / 19968MiB    | 28      0 |  2   0    1    0    0 |
|                  |                 0MiB / 32767MiB  |           |                       |
+------------------+----------------------------------+-----------+-----------------------+
                                                                                         
+-----------------------------------------------------------------------------------------+
| Processes:                                                                              |
|  GPU   GI   CI              PID   Type   Process name                        GPU Memory |
|        ID   ID                                                               Usage      |
|=========================================================================================|
|    0    1    0           665824      C   python                                  732MiB |
|    1    1    0           651253      C   python                                  498MiB |
+-----------------------------------------------------------------------------------------+
1.12.1
True
NVIDIA A100-SXM4-80GB MIG 2g.20gb
Model: sgformer | Dataset: citeseer
Split flags: --rand_split_class --valid_num 500 --test_num 1000 --seed 123
==========================================================
Starting mlp_gt GT Sweep for:
python main.py --model sgformer --dataset citeseer         --hidden_channels 256 --layers 3 --num_heads 1         --lr 0.01 --weight_decay 5e-4 --dropout 0.3         --use_graph --use_act --alpha 0.5 --use_residual --use_bn --graph_weight 0.5         --epochs 1000         --runs 5 --device 0         --rand_split_class --valid_num 500 --test_num 1000 --seed 123
Result dir: mlp_gt/results_full
==========================================================
Running GT Baseline (no reg)...
Namespace(aggregate='add', alpha=0.5, attention='gcn', beta=-1.0, bn=False, cpu=False, data_dir='../data/', dataset='citeseer', device=0, dim_inner=256, display_step=100, dropout=0.3, epochs=1000, global_dropout=None, global_layers=2, gnn='gcn', graph_weight=0.5, hidden_channels=256, hops=10, in_dropout=0.0, jk=False, label_num_per_class=20, lambda_val=0.5, layers=3, ln=False, local_gnn_type='GCN', local_layers=7, lr=0.01, metric='acc', mlp_epochs=500, mlp_reg=False, model='sgformer', model_dir='./model/', n_heads=1, num_centroids=4096, num_heads=1, oracle_reg=False, pe_types='RWSE', pre_linear=False, pre_ln=False, rand_split=False, rand_split_class=True, reg_start_epoch=10, reg_update_freq=5, res=False, result_dir='mlp_gt/results_full', runs=5, save_model=False, save_result=False, seed=123, test_num=1000, train_prop=0.5, use_act=True, use_bn=True, use_graph=True, use_reg=False, use_residual=True, use_weight=False, valid_num=500, valid_prop=0.25, weight_decay=0.0005)
citeseer
Num nodes: 3327
train:torch.Size([120]), valid:torch.Size([500]), test:torch.Size([1000])
dataset citeseer | num nodes 3327 | num edge 9104 | num node feats 3703 | num classes 6
MODEL: SGFormer(
  (trans_conv): TransConv(
    (convs): ModuleList(
      (0): TransConvLayer(
        (Wk): Linear(in_features=256, out_features=256, bias=True)
        (Wq): Linear(in_features=256, out_features=256, bias=True)
      )
      (1): TransConvLayer(
        (Wk): Linear(in_features=256, out_features=256, bias=True)
        (Wq): Linear(in_features=256, out_features=256, bias=True)
      )
      (2): TransConvLayer(
        (Wk): Linear(in_features=256, out_features=256, bias=True)
        (Wq): Linear(in_features=256, out_features=256, bias=True)
      )
    )
    (fcs): ModuleList(
      (0): Linear(in_features=3703, out_features=256, bias=True)
    )
    (bns): ModuleList(
      (0): LayerNorm((256,), eps=1e-05, elementwise_affine=True)
      (1): LayerNorm((256,), eps=1e-05, elementwise_affine=True)
      (2): LayerNorm((256,), eps=1e-05, elementwise_affine=True)
      (3): LayerNorm((256,), eps=1e-05, elementwise_affine=True)
    )
  )
  (gnn): GCN(
    (convs): ModuleList(
      (0): GCNConv(3703, 256)
      (1): GCNConv(256, 256)
      (2): GCNConv(256, 256)
    )
    (bns): ModuleList(
      (0): BatchNorm1d(256, eps=1e-05, momentum=0.1, affine=True, track_running_stats=True)
      (1): BatchNorm1d(256, eps=1e-05, momentum=0.1, affine=True, track_running_stats=True)
    )
  )
  (fc): Linear(in_features=256, out_features=6, bias=True)
)
Epoch: 00, Loss: 1.8178, Train: 95.83%, Valid: 50.60%, Test: 50.40%, Best Valid: 50.60%, Best Test: 50.40%
Epoch: 100, Loss: 0.0014, Train: 100.00%, Valid: 56.60%, Test: 62.30%, Best Valid: 64.40%, Best Test: 66.10%
Epoch: 200, Loss: 0.0036, Train: 100.00%, Valid: 48.40%, Test: 48.90%, Best Valid: 64.40%, Best Test: 66.10%
Epoch: 300, Loss: 0.0060, Train: 100.00%, Valid: 46.20%, Test: 47.80%, Best Valid: 64.40%, Best Test: 66.10%
Epoch: 400, Loss: 0.0090, Train: 100.00%, Valid: 49.60%, Test: 50.70%, Best Valid: 64.40%, Best Test: 66.10%
Epoch: 500, Loss: 0.0024, Train: 100.00%, Valid: 55.60%, Test: 61.30%, Best Valid: 64.40%, Best Test: 66.10%
Epoch: 600, Loss: 0.0265, Train: 100.00%, Valid: 56.80%, Test: 60.30%, Best Valid: 64.40%, Best Test: 66.10%
Epoch: 700, Loss: 0.0044, Train: 100.00%, Valid: 52.40%, Test: 54.40%, Best Valid: 64.40%, Best Test: 66.10%
Epoch: 800, Loss: 0.0069, Train: 100.00%, Valid: 56.60%, Test: 61.30%, Best Valid: 64.40%, Best Test: 66.10%
Epoch: 900, Loss: 0.0101, Train: 100.00%, Valid: 43.20%, Test: 46.30%, Best Valid: 64.40%, Best Test: 66.10%
Run 01:
Highest Train: 100.00
Highest Valid: 64.40
Highest Test: 67.60
Chosen epoch: 14
Final Train: 100.00
Final Test: 66.10
Epoch: 00, Loss: 2.7738, Train: 74.17%, Valid: 39.80%, Test: 40.80%, Best Valid: 39.80%, Best Test: 40.80%
Epoch: 100, Loss: 0.0010, Train: 100.00%, Valid: 60.60%, Test: 64.00%, Best Valid: 64.80%, Best Test: 63.90%
Epoch: 200, Loss: 0.0009, Train: 100.00%, Valid: 61.00%, Test: 64.90%, Best Valid: 64.80%, Best Test: 63.90%
Epoch: 300, Loss: 0.0018, Train: 100.00%, Valid: 53.00%, Test: 54.70%, Best Valid: 64.80%, Best Test: 63.90%
Epoch: 400, Loss: 0.0056, Train: 100.00%, Valid: 55.20%, Test: 55.00%, Best Valid: 64.80%, Best Test: 63.90%
Epoch: 500, Loss: 0.0019, Train: 100.00%, Valid: 47.40%, Test: 51.50%, Best Valid: 64.80%, Best Test: 63.90%
Epoch: 600, Loss: 0.0014, Train: 100.00%, Valid: 50.80%, Test: 52.70%, Best Valid: 64.80%, Best Test: 63.90%
Epoch: 700, Loss: 0.0027, Train: 100.00%, Valid: 53.60%, Test: 54.20%, Best Valid: 64.80%, Best Test: 63.90%
Epoch: 800, Loss: 0.0020, Train: 100.00%, Valid: 53.20%, Test: 57.00%, Best Valid: 64.80%, Best Test: 63.90%
Epoch: 900, Loss: 0.0259, Train: 99.17%, Valid: 46.20%, Test: 43.80%, Best Valid: 64.80%, Best Test: 63.90%
Run 02:
Highest Train: 100.00
Highest Valid: 64.80
Highest Test: 66.70
Chosen epoch: 6
Final Train: 100.00
Final Test: 63.90
Epoch: 00, Loss: 2.4666, Train: 83.33%, Valid: 36.80%, Test: 38.60%, Best Valid: 36.80%, Best Test: 38.60%
Epoch: 100, Loss: 0.0007, Train: 100.00%, Valid: 61.00%, Test: 62.30%, Best Valid: 66.20%, Best Test: 67.80%
Epoch: 200, Loss: 0.0012, Train: 100.00%, Valid: 59.60%, Test: 61.80%, Best Valid: 66.20%, Best Test: 67.80%
Epoch: 300, Loss: 0.0021, Train: 100.00%, Valid: 55.40%, Test: 59.10%, Best Valid: 66.20%, Best Test: 67.80%
Epoch: 400, Loss: 0.0020, Train: 100.00%, Valid: 52.00%, Test: 54.60%, Best Valid: 66.20%, Best Test: 67.80%
Epoch: 500, Loss: 0.0026, Train: 100.00%, Valid: 54.60%, Test: 56.00%, Best Valid: 66.20%, Best Test: 67.80%
Epoch: 600, Loss: 0.0188, Train: 100.00%, Valid: 53.00%, Test: 55.40%, Best Valid: 66.20%, Best Test: 67.80%
Epoch: 700, Loss: 0.0029, Train: 100.00%, Valid: 53.40%, Test: 57.30%, Best Valid: 66.20%, Best Test: 67.80%
Epoch: 800, Loss: 0.0031, Train: 100.00%, Valid: 55.40%, Test: 58.50%, Best Valid: 66.20%, Best Test: 67.80%
Epoch: 900, Loss: 0.0850, Train: 100.00%, Valid: 51.40%, Test: 53.00%, Best Valid: 66.20%, Best Test: 67.80%
Run 03:
Highest Train: 100.00
Highest Valid: 66.20
Highest Test: 67.80
Chosen epoch: 16
Final Train: 99.17
Final Test: 67.80
Epoch: 00, Loss: 2.6257, Train: 90.00%, Valid: 43.40%, Test: 42.90%, Best Valid: 43.40%, Best Test: 42.90%
Epoch: 100, Loss: 0.0015, Train: 100.00%, Valid: 62.20%, Test: 62.50%, Best Valid: 66.20%, Best Test: 65.90%
Epoch: 200, Loss: 0.0004, Train: 100.00%, Valid: 61.20%, Test: 61.60%, Best Valid: 66.20%, Best Test: 65.90%
Epoch: 300, Loss: 0.0013, Train: 100.00%, Valid: 62.00%, Test: 64.40%, Best Valid: 66.20%, Best Test: 65.90%
Epoch: 400, Loss: 0.0007, Train: 100.00%, Valid: 57.40%, Test: 58.90%, Best Valid: 66.20%, Best Test: 65.90%
Epoch: 500, Loss: 0.0013, Train: 100.00%, Valid: 51.20%, Test: 51.10%, Best Valid: 66.20%, Best Test: 65.90%
Epoch: 600, Loss: 0.0014, Train: 100.00%, Valid: 49.40%, Test: 48.50%, Best Valid: 66.20%, Best Test: 65.90%
Epoch: 700, Loss: 0.0158, Train: 100.00%, Valid: 45.40%, Test: 46.80%, Best Valid: 66.20%, Best Test: 65.90%
Epoch: 800, Loss: 0.0132, Train: 100.00%, Valid: 48.20%, Test: 48.70%, Best Valid: 66.20%, Best Test: 65.90%
Epoch: 900, Loss: 0.0017, Train: 100.00%, Valid: 49.00%, Test: 49.50%, Best Valid: 66.20%, Best Test: 65.90%
Run 04:
Highest Train: 100.00
Highest Valid: 66.20
Highest Test: 66.70
Chosen epoch: 37
Final Train: 100.00
Final Test: 65.90
Epoch: 00, Loss: 2.4468, Train: 80.83%, Valid: 36.40%, Test: 37.80%, Best Valid: 36.40%, Best Test: 37.80%
Epoch: 100, Loss: 0.0007, Train: 100.00%, Valid: 63.20%, Test: 66.40%, Best Valid: 66.40%, Best Test: 67.20%
Epoch: 200, Loss: 0.0012, Train: 100.00%, Valid: 64.80%, Test: 68.30%, Best Valid: 66.40%, Best Test: 67.20%
Epoch: 300, Loss: 0.0136, Train: 100.00%, Valid: 61.20%, Test: 63.90%, Best Valid: 66.40%, Best Test: 67.20%
Epoch: 400, Loss: 0.0036, Train: 100.00%, Valid: 52.80%, Test: 51.60%, Best Valid: 66.40%, Best Test: 67.20%
Epoch: 500, Loss: 0.0023, Train: 100.00%, Valid: 52.00%, Test: 53.30%, Best Valid: 66.40%, Best Test: 67.20%
Epoch: 600, Loss: 0.0030, Train: 100.00%, Valid: 52.80%, Test: 55.60%, Best Valid: 66.40%, Best Test: 67.20%
Epoch: 700, Loss: 0.0016, Train: 100.00%, Valid: 61.00%, Test: 59.70%, Best Valid: 66.40%, Best Test: 67.20%
Epoch: 800, Loss: 0.0327, Train: 97.50%, Valid: 43.40%, Test: 45.50%, Best Valid: 66.40%, Best Test: 67.20%
Epoch: 900, Loss: 0.0023, Train: 100.00%, Valid: 48.60%, Test: 48.50%, Best Valid: 66.40%, Best Test: 67.20%
Run 05:
Highest Train: 100.00
Highest Valid: 66.40
Highest Test: 68.60
Chosen epoch: 20
Final Train: 100.00
Final Test: 67.20
All runs:
Highest Train: 100.00 ± 0.00
Highest Test: 67.48 ± 0.80
Highest Valid: 65.60 ± 0.93
  Final Train: 99.83 ± 0.37
   Final Test: 66.18 ± 1.50
Saving results to mlp_gt/results_full/citeseer/sgformer.csv

Running with MLP-GT Regularization (lambda=0.01)...
Namespace(aggregate='add', alpha=0.5, attention='gcn', beta=-1.0, bn=False, cpu=False, data_dir='../data/', dataset='citeseer', device=0, dim_inner=256, display_step=100, dropout=0.3, epochs=1000, global_dropout=None, global_layers=2, gnn='gcn', graph_weight=0.5, hidden_channels=256, hops=10, in_dropout=0.0, jk=False, label_num_per_class=20, lambda_val=0.01, layers=3, ln=False, local_gnn_type='GCN', local_layers=7, lr=0.01, metric='acc', mlp_epochs=500, mlp_reg=True, model='sgformer', model_dir='./model/', n_heads=1, num_centroids=4096, num_heads=1, oracle_reg=False, pe_types='RWSE', pre_linear=False, pre_ln=False, rand_split=False, rand_split_class=True, reg_start_epoch=10, reg_update_freq=5, res=False, result_dir='mlp_gt/results_full', runs=5, save_model=False, save_result=False, seed=123, test_num=1000, train_prop=0.5, use_act=True, use_bn=True, use_graph=True, use_reg=True, use_residual=True, use_weight=False, valid_num=500, valid_prop=0.25, weight_decay=0.0005)
citeseer
Num nodes: 3327
train:torch.Size([120]), valid:torch.Size([500]), test:torch.Size([1000])
dataset citeseer | num nodes 3327 | num edge 9104 | num node feats 3703 | num classes 6
MODEL: SGFormer(
  (trans_conv): TransConv(
    (convs): ModuleList(
      (0): TransConvLayer(
        (Wk): Linear(in_features=256, out_features=256, bias=True)
        (Wq): Linear(in_features=256, out_features=256, bias=True)
      )
      (1): TransConvLayer(
        (Wk): Linear(in_features=256, out_features=256, bias=True)
        (Wq): Linear(in_features=256, out_features=256, bias=True)
      )
      (2): TransConvLayer(
        (Wk): Linear(in_features=256, out_features=256, bias=True)
        (Wq): Linear(in_features=256, out_features=256, bias=True)
      )
    )
    (fcs): ModuleList(
      (0): Linear(in_features=3703, out_features=256, bias=True)
    )
    (bns): ModuleList(
      (0): LayerNorm((256,), eps=1e-05, elementwise_affine=True)
      (1): LayerNorm((256,), eps=1e-05, elementwise_affine=True)
      (2): LayerNorm((256,), eps=1e-05, elementwise_affine=True)
      (3): LayerNorm((256,), eps=1e-05, elementwise_affine=True)
    )
  )
  (gnn): GCN(
    (convs): ModuleList(
      (0): GCNConv(3703, 256)
      (1): GCNConv(256, 256)
      (2): GCNConv(256, 256)
    )
    (bns): ModuleList(
      (0): BatchNorm1d(256, eps=1e-05, momentum=0.1, affine=True, track_running_stats=True)
      (1): BatchNorm1d(256, eps=1e-05, momentum=0.1, affine=True, track_running_stats=True)
    )
  )
  (fc): Linear(in_features=256, out_features=6, bias=True)
)
Pre-training MLP for 500 epochs to generate co-occurrence matrix...
MLP pre-training complete. Penalty matrix frozen.
Epoch: 00, Loss: 1.8764, Train: 92.50%, Valid: 46.60%, Test: 45.40%, Best Valid: 46.60%, Best Test: 45.40%
Epoch: 100, Loss: 0.0081, Train: 99.17%, Valid: 43.40%, Test: 43.10%, Best Valid: 66.60%, Best Test: 69.00%
Epoch: 200, Loss: 0.0117, Train: 100.00%, Valid: 41.80%, Test: 45.50%, Best Valid: 66.60%, Best Test: 69.00%
Epoch: 300, Loss: 0.0014, Train: 100.00%, Valid: 60.40%, Test: 63.30%, Best Valid: 66.60%, Best Test: 69.00%
Epoch: 400, Loss: 0.0019, Train: 100.00%, Valid: 59.80%, Test: 58.20%, Best Valid: 66.60%, Best Test: 69.00%
Epoch: 500, Loss: 0.0143, Train: 100.00%, Valid: 53.40%, Test: 55.80%, Best Valid: 66.60%, Best Test: 69.00%
Epoch: 600, Loss: 0.0074, Train: 100.00%, Valid: 52.60%, Test: 55.80%, Best Valid: 66.60%, Best Test: 69.00%
Epoch: 700, Loss: 0.0257, Train: 97.50%, Valid: 56.00%, Test: 57.10%, Best Valid: 66.60%, Best Test: 69.00%
Epoch: 800, Loss: 0.0042, Train: 100.00%, Valid: 61.20%, Test: 65.20%, Best Valid: 66.60%, Best Test: 69.00%
Epoch: 900, Loss: 0.0364, Train: 99.17%, Valid: 46.20%, Test: 50.30%, Best Valid: 66.60%, Best Test: 69.00%
Run 01:
Highest Train: 100.00
Highest Valid: 66.60
Highest Test: 69.80
Chosen epoch: 31
Final Train: 100.00
Final Test: 69.00
Pre-training MLP for 500 epochs to generate co-occurrence matrix...
MLP pre-training complete. Penalty matrix frozen.
Epoch: 00, Loss: 2.6762, Train: 72.50%, Valid: 26.40%, Test: 27.30%, Best Valid: 26.40%, Best Test: 27.30%
Epoch: 100, Loss: 0.0017, Train: 100.00%, Valid: 63.80%, Test: 68.30%, Best Valid: 65.40%, Best Test: 68.80%
Epoch: 200, Loss: 0.0007, Train: 100.00%, Valid: 63.80%, Test: 67.40%, Best Valid: 65.40%, Best Test: 68.80%
Epoch: 300, Loss: 0.0022, Train: 100.00%, Valid: 56.80%, Test: 57.90%, Best Valid: 65.40%, Best Test: 68.80%
Epoch: 400, Loss: 0.0041, Train: 100.00%, Valid: 48.60%, Test: 49.60%, Best Valid: 65.40%, Best Test: 68.80%
Epoch: 500, Loss: 0.0009, Train: 100.00%, Valid: 50.80%, Test: 50.90%, Best Valid: 65.40%, Best Test: 68.80%
Epoch: 600, Loss: 0.0010, Train: 100.00%, Valid: 46.40%, Test: 48.70%, Best Valid: 65.40%, Best Test: 68.80%
Epoch: 700, Loss: 0.0038, Train: 97.50%, Valid: 38.00%, Test: 40.10%, Best Valid: 65.40%, Best Test: 68.80%
Epoch: 800, Loss: 0.0031, Train: 100.00%, Valid: 55.40%, Test: 57.30%, Best Valid: 65.40%, Best Test: 68.80%
Epoch: 900, Loss: 0.0014, Train: 100.00%, Valid: 57.40%, Test: 60.50%, Best Valid: 65.40%, Best Test: 68.80%
Run 02:
Highest Train: 100.00
Highest Valid: 65.40
Highest Test: 69.20
Chosen epoch: 86
Final Train: 100.00
Final Test: 68.80
Pre-training MLP for 500 epochs to generate co-occurrence matrix...
MLP pre-training complete. Penalty matrix frozen.
Epoch: 00, Loss: 2.6382, Train: 81.67%, Valid: 27.00%, Test: 29.30%, Best Valid: 27.00%, Best Test: 29.30%
Epoch: 100, Loss: 0.0010, Train: 100.00%, Valid: 64.40%, Test: 64.40%, Best Valid: 64.60%, Best Test: 65.90%
Epoch: 200, Loss: 0.0028, Train: 100.00%, Valid: 62.60%, Test: 64.70%, Best Valid: 64.60%, Best Test: 65.90%
Epoch: 300, Loss: 0.0048, Train: 100.00%, Valid: 56.60%, Test: 59.90%, Best Valid: 64.60%, Best Test: 65.90%
Epoch: 400, Loss: 0.0014, Train: 100.00%, Valid: 48.20%, Test: 52.00%, Best Valid: 64.60%, Best Test: 65.90%
Epoch: 500, Loss: 0.0018, Train: 100.00%, Valid: 44.60%, Test: 45.10%, Best Valid: 64.60%, Best Test: 65.90%
Epoch: 600, Loss: 0.0027, Train: 100.00%, Valid: 49.20%, Test: 50.70%, Best Valid: 64.60%, Best Test: 65.90%
Epoch: 700, Loss: 0.0038, Train: 100.00%, Valid: 50.00%, Test: 51.30%, Best Valid: 64.60%, Best Test: 65.90%
Epoch: 800, Loss: 0.0089, Train: 100.00%, Valid: 47.80%, Test: 46.60%, Best Valid: 64.60%, Best Test: 65.90%
Epoch: 900, Loss: 0.0053, Train: 100.00%, Valid: 51.40%, Test: 52.90%, Best Valid: 64.60%, Best Test: 65.90%
Run 03:
Highest Train: 100.00
Highest Valid: 64.60
Highest Test: 66.60
Chosen epoch: 24
Final Train: 100.00
Final Test: 65.90
Pre-training MLP for 500 epochs to generate co-occurrence matrix...
MLP pre-training complete. Penalty matrix frozen.
Epoch: 00, Loss: 2.8193, Train: 67.50%, Valid: 32.20%, Test: 33.00%, Best Valid: 32.20%, Best Test: 33.00%
Epoch: 100, Loss: 0.0015, Train: 100.00%, Valid: 58.80%, Test: 62.00%, Best Valid: 65.40%, Best Test: 65.50%
Epoch: 200, Loss: 0.0030, Train: 100.00%, Valid: 64.80%, Test: 67.00%, Best Valid: 65.40%, Best Test: 65.50%
Epoch: 300, Loss: 0.0015, Train: 100.00%, Valid: 61.20%, Test: 63.90%, Best Valid: 65.40%, Best Test: 65.50%
Epoch: 400, Loss: 0.0073, Train: 100.00%, Valid: 48.00%, Test: 49.60%, Best Valid: 65.40%, Best Test: 65.50%
Epoch: 500, Loss: 0.0042, Train: 100.00%, Valid: 56.20%, Test: 58.70%, Best Valid: 65.40%, Best Test: 65.50%
Epoch: 600, Loss: 0.0042, Train: 100.00%, Valid: 53.20%, Test: 52.90%, Best Valid: 65.40%, Best Test: 65.50%
Epoch: 700, Loss: 0.0446, Train: 100.00%, Valid: 37.80%, Test: 42.40%, Best Valid: 65.40%, Best Test: 65.50%
Epoch: 800, Loss: 0.0013, Train: 100.00%, Valid: 50.80%, Test: 56.90%, Best Valid: 65.40%, Best Test: 65.50%
Epoch: 900, Loss: 0.0022, Train: 100.00%, Valid: 55.80%, Test: 59.00%, Best Valid: 65.40%, Best Test: 65.50%
Run 04:
Highest Train: 100.00
Highest Valid: 65.40
Highest Test: 68.50
Chosen epoch: 73
Final Train: 100.00
Final Test: 65.50
Pre-training MLP for 500 epochs to generate co-occurrence matrix...
MLP pre-training complete. Penalty matrix frozen.
Epoch: 00, Loss: 2.6846, Train: 79.17%, Valid: 23.80%, Test: 24.20%, Best Valid: 23.80%, Best Test: 24.20%
Epoch: 100, Loss: 0.0021, Train: 100.00%, Valid: 64.20%, Test: 68.30%, Best Valid: 66.60%, Best Test: 68.40%
Epoch: 200, Loss: 0.0045, Train: 100.00%, Valid: 63.40%, Test: 65.70%, Best Valid: 66.60%, Best Test: 68.40%
Epoch: 300, Loss: 0.0072, Train: 100.00%, Valid: 57.00%, Test: 58.80%, Best Valid: 66.60%, Best Test: 68.40%
Epoch: 400, Loss: 0.0004, Train: 100.00%, Valid: 56.00%, Test: 57.00%, Best Valid: 66.60%, Best Test: 68.40%
Epoch: 500, Loss: 0.0010, Train: 100.00%, Valid: 53.60%, Test: 55.20%, Best Valid: 66.60%, Best Test: 68.40%
Epoch: 600, Loss: 0.0063, Train: 100.00%, Valid: 55.40%, Test: 56.00%, Best Valid: 66.60%, Best Test: 68.40%
Epoch: 700, Loss: 0.0060, Train: 100.00%, Valid: 50.80%, Test: 50.10%, Best Valid: 66.60%, Best Test: 68.40%
Epoch: 800, Loss: 0.0114, Train: 100.00%, Valid: 52.00%, Test: 56.00%, Best Valid: 66.60%, Best Test: 68.40%
Epoch: 900, Loss: 0.0009, Train: 100.00%, Valid: 60.80%, Test: 62.90%, Best Valid: 66.60%, Best Test: 68.40%
Run 05:
Highest Train: 100.00
Highest Valid: 66.60
Highest Test: 69.30
Chosen epoch: 33
Final Train: 100.00
Final Test: 68.40
All runs:
Highest Train: 100.00 ± 0.00
Highest Test: 68.68 ± 1.25
Highest Valid: 65.72 ± 0.87
  Final Train: 100.00 ± 0.00
   Final Test: 67.52 ± 1.68
Saving results to mlp_gt/results_full/citeseer/sgformer.csv

Running with MLP-GT Regularization (lambda=0.1)...
Namespace(aggregate='add', alpha=0.5, attention='gcn', beta=-1.0, bn=False, cpu=False, data_dir='../data/', dataset='citeseer', device=0, dim_inner=256, display_step=100, dropout=0.3, epochs=1000, global_dropout=None, global_layers=2, gnn='gcn', graph_weight=0.5, hidden_channels=256, hops=10, in_dropout=0.0, jk=False, label_num_per_class=20, lambda_val=0.1, layers=3, ln=False, local_gnn_type='GCN', local_layers=7, lr=0.01, metric='acc', mlp_epochs=500, mlp_reg=True, model='sgformer', model_dir='./model/', n_heads=1, num_centroids=4096, num_heads=1, oracle_reg=False, pe_types='RWSE', pre_linear=False, pre_ln=False, rand_split=False, rand_split_class=True, reg_start_epoch=10, reg_update_freq=5, res=False, result_dir='mlp_gt/results_full', runs=5, save_model=False, save_result=False, seed=123, test_num=1000, train_prop=0.5, use_act=True, use_bn=True, use_graph=True, use_reg=True, use_residual=True, use_weight=False, valid_num=500, valid_prop=0.25, weight_decay=0.0005)
citeseer
Num nodes: 3327
train:torch.Size([120]), valid:torch.Size([500]), test:torch.Size([1000])
dataset citeseer | num nodes 3327 | num edge 9104 | num node feats 3703 | num classes 6
MODEL: SGFormer(
  (trans_conv): TransConv(
    (convs): ModuleList(
      (0): TransConvLayer(
        (Wk): Linear(in_features=256, out_features=256, bias=True)
        (Wq): Linear(in_features=256, out_features=256, bias=True)
      )
      (1): TransConvLayer(
        (Wk): Linear(in_features=256, out_features=256, bias=True)
        (Wq): Linear(in_features=256, out_features=256, bias=True)
      )
      (2): TransConvLayer(
        (Wk): Linear(in_features=256, out_features=256, bias=True)
        (Wq): Linear(in_features=256, out_features=256, bias=True)
      )
    )
    (fcs): ModuleList(
      (0): Linear(in_features=3703, out_features=256, bias=True)
    )
    (bns): ModuleList(
      (0): LayerNorm((256,), eps=1e-05, elementwise_affine=True)
      (1): LayerNorm((256,), eps=1e-05, elementwise_affine=True)
      (2): LayerNorm((256,), eps=1e-05, elementwise_affine=True)
      (3): LayerNorm((256,), eps=1e-05, elementwise_affine=True)
    )
  )
  (gnn): GCN(
    (convs): ModuleList(
      (0): GCNConv(3703, 256)
      (1): GCNConv(256, 256)
      (2): GCNConv(256, 256)
    )
    (bns): ModuleList(
      (0): BatchNorm1d(256, eps=1e-05, momentum=0.1, affine=True, track_running_stats=True)
      (1): BatchNorm1d(256, eps=1e-05, momentum=0.1, affine=True, track_running_stats=True)
    )
  )
  (fc): Linear(in_features=256, out_features=6, bias=True)
)
Pre-training MLP for 500 epochs to generate co-occurrence matrix...
MLP pre-training complete. Penalty matrix frozen.
Epoch: 00, Loss: 2.0436, Train: 92.50%, Valid: 16.20%, Test: 18.70%, Best Valid: 16.20%, Best Test: 18.70%
Epoch: 100, Loss: 0.0034, Train: 100.00%, Valid: 61.60%, Test: 66.60%, Best Valid: 65.80%, Best Test: 70.40%
Epoch: 200, Loss: 0.0093, Train: 100.00%, Valid: 55.20%, Test: 59.90%, Best Valid: 65.80%, Best Test: 70.40%
Epoch: 300, Loss: 0.0012, Train: 100.00%, Valid: 53.60%, Test: 53.60%, Best Valid: 65.80%, Best Test: 70.40%
Epoch: 400, Loss: 0.0030, Train: 100.00%, Valid: 52.00%, Test: 54.70%, Best Valid: 65.80%, Best Test: 70.40%
Epoch: 500, Loss: 0.0246, Train: 100.00%, Valid: 48.60%, Test: 48.80%, Best Valid: 65.80%, Best Test: 70.40%
Epoch: 600, Loss: 0.0359, Train: 98.33%, Valid: 40.60%, Test: 39.30%, Best Valid: 65.80%, Best Test: 70.40%
Epoch: 700, Loss: 0.0400, Train: 100.00%, Valid: 57.40%, Test: 59.00%, Best Valid: 65.80%, Best Test: 70.40%
Epoch: 800, Loss: 0.0070, Train: 100.00%, Valid: 57.40%, Test: 63.10%, Best Valid: 65.80%, Best Test: 70.40%
Epoch: 900, Loss: 0.0020, Train: 100.00%, Valid: 56.00%, Test: 60.30%, Best Valid: 65.80%, Best Test: 70.40%
Run 01:
Highest Train: 100.00
Highest Valid: 65.80
Highest Test: 70.60
Chosen epoch: 40
Final Train: 100.00
Final Test: 70.40
Pre-training MLP for 500 epochs to generate co-occurrence matrix...
MLP pre-training complete. Penalty matrix frozen.
Epoch: 00, Loss: 3.1269, Train: 69.17%, Valid: 19.40%, Test: 20.80%, Best Valid: 19.40%, Best Test: 20.80%
Epoch: 100, Loss: 0.0003, Train: 100.00%, Valid: 60.20%, Test: 62.70%, Best Valid: 65.40%, Best Test: 67.40%
Epoch: 200, Loss: 0.0012, Train: 100.00%, Valid: 61.60%, Test: 65.20%, Best Valid: 65.40%, Best Test: 67.40%
Epoch: 300, Loss: 0.0067, Train: 100.00%, Valid: 49.20%, Test: 54.60%, Best Valid: 65.40%, Best Test: 67.40%
Epoch: 400, Loss: 0.0032, Train: 100.00%, Valid: 54.00%, Test: 58.10%, Best Valid: 65.40%, Best Test: 67.40%
Epoch: 500, Loss: 0.0042, Train: 100.00%, Valid: 51.00%, Test: 53.00%, Best Valid: 65.40%, Best Test: 67.40%
Epoch: 600, Loss: 0.0059, Train: 99.17%, Valid: 51.20%, Test: 51.50%, Best Valid: 65.40%, Best Test: 67.40%
Epoch: 700, Loss: 0.0016, Train: 100.00%, Valid: 47.00%, Test: 50.60%, Best Valid: 65.40%, Best Test: 67.40%
Epoch: 800, Loss: 0.0039, Train: 85.83%, Valid: 29.60%, Test: 28.60%, Best Valid: 65.40%, Best Test: 67.40%
Epoch: 900, Loss: 0.0020, Train: 100.00%, Valid: 49.20%, Test: 51.70%, Best Valid: 65.40%, Best Test: 67.40%
Run 02:
Highest Train: 100.00
Highest Valid: 65.40
Highest Test: 67.60
Chosen epoch: 35
Final Train: 100.00
Final Test: 67.40
Pre-training MLP for 500 epochs to generate co-occurrence matrix...
MLP pre-training complete. Penalty matrix frozen.
Epoch: 00, Loss: 2.7888, Train: 83.33%, Valid: 27.60%, Test: 25.60%, Best Valid: 27.60%, Best Test: 25.60%
Epoch: 100, Loss: 0.0004, Train: 100.00%, Valid: 63.60%, Test: 64.70%, Best Valid: 66.00%, Best Test: 66.00%
Epoch: 200, Loss: 0.0072, Train: 100.00%, Valid: 59.20%, Test: 62.30%, Best Valid: 66.00%, Best Test: 66.00%
Epoch: 300, Loss: 0.0008, Train: 100.00%, Valid: 49.60%, Test: 57.40%, Best Valid: 66.00%, Best Test: 66.00%
Epoch: 400, Loss: 0.0062, Train: 100.00%, Valid: 43.60%, Test: 48.30%, Best Valid: 66.00%, Best Test: 66.00%
Epoch: 500, Loss: 0.0159, Train: 100.00%, Valid: 39.20%, Test: 41.30%, Best Valid: 66.00%, Best Test: 66.00%
Epoch: 600, Loss: 0.0018, Train: 100.00%, Valid: 52.20%, Test: 54.10%, Best Valid: 66.00%, Best Test: 66.00%
Epoch: 700, Loss: 0.0091, Train: 100.00%, Valid: 43.60%, Test: 47.10%, Best Valid: 66.00%, Best Test: 66.00%
Epoch: 800, Loss: 0.0086, Train: 100.00%, Valid: 57.20%, Test: 58.80%, Best Valid: 66.00%, Best Test: 66.00%
Epoch: 900, Loss: 0.0017, Train: 100.00%, Valid: 51.40%, Test: 55.70%, Best Valid: 66.00%, Best Test: 66.00%
Run 03:
Highest Train: 100.00
Highest Valid: 66.00
Highest Test: 67.20
Chosen epoch: 15
Final Train: 100.00
Final Test: 66.00
Pre-training MLP for 500 epochs to generate co-occurrence matrix...
MLP pre-training complete. Penalty matrix frozen.
Epoch: 00, Loss: 3.0059, Train: 83.33%, Valid: 16.20%, Test: 16.40%, Best Valid: 16.20%, Best Test: 16.40%
Epoch: 100, Loss: 0.0007, Train: 100.00%, Valid: 61.00%, Test: 64.80%, Best Valid: 64.60%, Best Test: 63.70%
Epoch: 200, Loss: 0.0020, Train: 100.00%, Valid: 61.60%, Test: 67.20%, Best Valid: 64.60%, Best Test: 63.70%
Epoch: 300, Loss: 0.0050, Train: 100.00%, Valid: 50.60%, Test: 55.70%, Best Valid: 64.60%, Best Test: 63.70%
Epoch: 400, Loss: 0.0008, Train: 100.00%, Valid: 45.80%, Test: 48.80%, Best Valid: 64.60%, Best Test: 63.70%
Epoch: 500, Loss: 0.0053, Train: 100.00%, Valid: 47.00%, Test: 48.70%, Best Valid: 64.60%, Best Test: 63.70%
Epoch: 600, Loss: 0.0046, Train: 100.00%, Valid: 52.80%, Test: 54.50%, Best Valid: 64.60%, Best Test: 63.70%
Epoch: 700, Loss: 0.0102, Train: 100.00%, Valid: 40.40%, Test: 43.40%, Best Valid: 64.60%, Best Test: 63.70%
Epoch: 800, Loss: 0.0184, Train: 99.17%, Valid: 42.00%, Test: 43.70%, Best Valid: 64.60%, Best Test: 63.70%
Epoch: 900, Loss: 0.0140, Train: 100.00%, Valid: 53.80%, Test: 56.60%, Best Valid: 64.60%, Best Test: 63.70%
Run 04:
Highest Train: 100.00
Highest Valid: 64.60
Highest Test: 67.80
Chosen epoch: 21
Final Train: 100.00
Final Test: 63.70
Pre-training MLP for 500 epochs to generate co-occurrence matrix...
MLP pre-training complete. Penalty matrix frozen.
Epoch: 00, Loss: 2.7904, Train: 85.83%, Valid: 11.80%, Test: 11.10%, Best Valid: 11.80%, Best Test: 11.10%
Epoch: 100, Loss: 0.0009, Train: 100.00%, Valid: 62.20%, Test: 67.40%, Best Valid: 64.60%, Best Test: 67.10%
Epoch: 200, Loss: 0.0012, Train: 100.00%, Valid: 60.60%, Test: 65.70%, Best Valid: 64.60%, Best Test: 67.10%
Epoch: 300, Loss: 0.0008, Train: 100.00%, Valid: 56.40%, Test: 57.10%, Best Valid: 64.60%, Best Test: 67.10%
Epoch: 400, Loss: 0.0037, Train: 100.00%, Valid: 53.00%, Test: 53.00%, Best Valid: 64.60%, Best Test: 67.10%
Epoch: 500, Loss: 0.0020, Train: 100.00%, Valid: 55.80%, Test: 57.10%, Best Valid: 64.60%, Best Test: 67.10%
Epoch: 600, Loss: 0.0067, Train: 100.00%, Valid: 51.80%, Test: 51.20%, Best Valid: 64.60%, Best Test: 67.10%
Epoch: 700, Loss: 0.0035, Train: 100.00%, Valid: 46.00%, Test: 49.40%, Best Valid: 64.60%, Best Test: 67.10%
Epoch: 800, Loss: 0.0031, Train: 100.00%, Valid: 49.40%, Test: 52.00%, Best Valid: 64.60%, Best Test: 67.10%
Epoch: 900, Loss: 0.0098, Train: 100.00%, Valid: 50.60%, Test: 53.00%, Best Valid: 64.60%, Best Test: 67.10%
Run 05:
Highest Train: 100.00
Highest Valid: 64.60
Highest Test: 68.20
Chosen epoch: 24
Final Train: 100.00
Final Test: 67.10
All runs:
Highest Train: 100.00 ± 0.00
Highest Test: 68.28 ± 1.35
Highest Valid: 65.28 ± 0.66
  Final Train: 100.00 ± 0.00
   Final Test: 66.92 ± 2.43
Saving results to mlp_gt/results_full/citeseer/sgformer.csv

Running with MLP-GT Regularization (lambda=0.2)...
Namespace(aggregate='add', alpha=0.5, attention='gcn', beta=-1.0, bn=False, cpu=False, data_dir='../data/', dataset='citeseer', device=0, dim_inner=256, display_step=100, dropout=0.3, epochs=1000, global_dropout=None, global_layers=2, gnn='gcn', graph_weight=0.5, hidden_channels=256, hops=10, in_dropout=0.0, jk=False, label_num_per_class=20, lambda_val=0.2, layers=3, ln=False, local_gnn_type='GCN', local_layers=7, lr=0.01, metric='acc', mlp_epochs=500, mlp_reg=True, model='sgformer', model_dir='./model/', n_heads=1, num_centroids=4096, num_heads=1, oracle_reg=False, pe_types='RWSE', pre_linear=False, pre_ln=False, rand_split=False, rand_split_class=True, reg_start_epoch=10, reg_update_freq=5, res=False, result_dir='mlp_gt/results_full', runs=5, save_model=False, save_result=False, seed=123, test_num=1000, train_prop=0.5, use_act=True, use_bn=True, use_graph=True, use_reg=True, use_residual=True, use_weight=False, valid_num=500, valid_prop=0.25, weight_decay=0.0005)
citeseer
Num nodes: 3327
train:torch.Size([120]), valid:torch.Size([500]), test:torch.Size([1000])
dataset citeseer | num nodes 3327 | num edge 9104 | num node feats 3703 | num classes 6
MODEL: SGFormer(
  (trans_conv): TransConv(
    (convs): ModuleList(
      (0): TransConvLayer(
        (Wk): Linear(in_features=256, out_features=256, bias=True)
        (Wq): Linear(in_features=256, out_features=256, bias=True)
      )
      (1): TransConvLayer(
        (Wk): Linear(in_features=256, out_features=256, bias=True)
        (Wq): Linear(in_features=256, out_features=256, bias=True)
      )
      (2): TransConvLayer(
        (Wk): Linear(in_features=256, out_features=256, bias=True)
        (Wq): Linear(in_features=256, out_features=256, bias=True)
      )
    )
    (fcs): ModuleList(
      (0): Linear(in_features=3703, out_features=256, bias=True)
    )
    (bns): ModuleList(
      (0): LayerNorm((256,), eps=1e-05, elementwise_affine=True)
      (1): LayerNorm((256,), eps=1e-05, elementwise_affine=True)
      (2): LayerNorm((256,), eps=1e-05, elementwise_affine=True)
      (3): LayerNorm((256,), eps=1e-05, elementwise_affine=True)
    )
  )
  (gnn): GCN(
    (convs): ModuleList(
      (0): GCNConv(3703, 256)
      (1): GCNConv(256, 256)
      (2): GCNConv(256, 256)
    )
    (bns): ModuleList(
      (0): BatchNorm1d(256, eps=1e-05, momentum=0.1, affine=True, track_running_stats=True)
      (1): BatchNorm1d(256, eps=1e-05, momentum=0.1, affine=True, track_running_stats=True)
    )
  )
  (fc): Linear(in_features=256, out_features=6, bias=True)
)
Pre-training MLP for 500 epochs to generate co-occurrence matrix...
MLP pre-training complete. Penalty matrix frozen.
Epoch: 00, Loss: 2.2294, Train: 90.00%, Valid: 10.20%, Test: 12.50%, Best Valid: 10.20%, Best Test: 12.50%
Epoch: 100, Loss: 0.0011, Train: 100.00%, Valid: 60.00%, Test: 65.00%, Best Valid: 65.00%, Best Test: 69.00%
Epoch: 200, Loss: 0.0030, Train: 100.00%, Valid: 48.20%, Test: 49.50%, Best Valid: 65.00%, Best Test: 69.00%
Epoch: 300, Loss: 0.0100, Train: 96.67%, Valid: 42.80%, Test: 44.50%, Best Valid: 65.00%, Best Test: 69.00%
Epoch: 400, Loss: 0.0070, Train: 100.00%, Valid: 48.00%, Test: 51.60%, Best Valid: 65.00%, Best Test: 69.00%
Epoch: 500, Loss: 0.0188, Train: 98.33%, Valid: 37.00%, Test: 38.20%, Best Valid: 65.00%, Best Test: 69.00%
Epoch: 600, Loss: 0.0088, Train: 100.00%, Valid: 51.20%, Test: 56.70%, Best Valid: 65.00%, Best Test: 69.00%
Epoch: 700, Loss: 0.0021, Train: 100.00%, Valid: 57.20%, Test: 61.00%, Best Valid: 65.00%, Best Test: 69.00%
Epoch: 800, Loss: 0.0081, Train: 100.00%, Valid: 56.80%, Test: 57.50%, Best Valid: 65.00%, Best Test: 69.00%
Epoch: 900, Loss: 0.0290, Train: 99.17%, Valid: 45.60%, Test: 43.60%, Best Valid: 65.00%, Best Test: 69.00%
Run 01:
Highest Train: 100.00
Highest Valid: 65.00
Highest Test: 69.10
Chosen epoch: 42
Final Train: 100.00
Final Test: 69.00
Pre-training MLP for 500 epochs to generate co-occurrence matrix...
MLP pre-training complete. Penalty matrix frozen.
Epoch: 00, Loss: 3.4883, Train: 63.33%, Valid: 22.40%, Test: 21.50%, Best Valid: 22.40%, Best Test: 21.50%
Epoch: 100, Loss: 0.0005, Train: 100.00%, Valid: 64.00%, Test: 67.80%, Best Valid: 66.40%, Best Test: 67.90%
Epoch: 200, Loss: 0.0011, Train: 100.00%, Valid: 65.60%, Test: 67.50%, Best Valid: 66.40%, Best Test: 67.90%
Epoch: 300, Loss: 0.0012, Train: 100.00%, Valid: 63.00%, Test: 64.80%, Best Valid: 66.40%, Best Test: 67.90%
Epoch: 400, Loss: 0.0008, Train: 100.00%, Valid: 61.80%, Test: 62.60%, Best Valid: 66.40%, Best Test: 67.90%
Epoch: 500, Loss: 0.0024, Train: 100.00%, Valid: 54.00%, Test: 54.10%, Best Valid: 66.40%, Best Test: 67.90%
Epoch: 600, Loss: 0.0043, Train: 100.00%, Valid: 55.20%, Test: 54.10%, Best Valid: 66.40%, Best Test: 67.90%
Epoch: 700, Loss: 0.0012, Train: 100.00%, Valid: 47.60%, Test: 48.50%, Best Valid: 66.40%, Best Test: 67.90%
Epoch: 800, Loss: 0.0048, Train: 100.00%, Valid: 52.00%, Test: 56.50%, Best Valid: 66.40%, Best Test: 67.90%
Epoch: 900, Loss: 0.0028, Train: 100.00%, Valid: 55.20%, Test: 54.90%, Best Valid: 66.40%, Best Test: 67.90%
Run 02:
Highest Train: 100.00
Highest Valid: 66.40
Highest Test: 68.50
Chosen epoch: 54
Final Train: 100.00
Final Test: 67.90
Pre-training MLP for 500 epochs to generate co-occurrence matrix...
MLP pre-training complete. Penalty matrix frozen.
Epoch: 00, Loss: 3.1326, Train: 85.00%, Valid: 25.00%, Test: 25.60%, Best Valid: 25.00%, Best Test: 25.60%
Epoch: 100, Loss: 0.0010, Train: 100.00%, Valid: 63.40%, Test: 65.80%, Best Valid: 64.20%, Best Test: 66.60%
Epoch: 200, Loss: 0.0011, Train: 100.00%, Valid: 61.60%, Test: 61.80%, Best Valid: 64.40%, Best Test: 65.30%
Epoch: 300, Loss: 0.0007, Train: 100.00%, Valid: 57.20%, Test: 57.80%, Best Valid: 64.40%, Best Test: 65.30%
Epoch: 400, Loss: 0.0074, Train: 100.00%, Valid: 51.60%, Test: 53.50%, Best Valid: 64.40%, Best Test: 65.30%
Epoch: 500, Loss: 0.0061, Train: 100.00%, Valid: 51.60%, Test: 51.20%, Best Valid: 64.40%, Best Test: 65.30%
Epoch: 600, Loss: 0.0021, Train: 100.00%, Valid: 46.60%, Test: 50.60%, Best Valid: 64.40%, Best Test: 65.30%
Epoch: 700, Loss: 0.0032, Train: 100.00%, Valid: 52.00%, Test: 53.90%, Best Valid: 64.40%, Best Test: 65.30%
Epoch: 800, Loss: 0.0056, Train: 100.00%, Valid: 55.80%, Test: 55.60%, Best Valid: 64.40%, Best Test: 65.30%
Epoch: 900, Loss: 0.0029, Train: 100.00%, Valid: 51.80%, Test: 54.70%, Best Valid: 64.40%, Best Test: 65.30%
Run 03:
Highest Train: 100.00
Highest Valid: 64.40
Highest Test: 66.60
Chosen epoch: 114
Final Train: 100.00
Final Test: 65.30
Pre-training MLP for 500 epochs to generate co-occurrence matrix...
MLP pre-training complete. Penalty matrix frozen.
Epoch: 00, Loss: 3.4577, Train: 66.67%, Valid: 13.00%, Test: 11.00%, Best Valid: 13.00%, Best Test: 11.00%
Epoch: 100, Loss: 0.0547, Train: 100.00%, Valid: 63.40%, Test: 65.90%, Best Valid: 63.40%, Best Test: 65.90%
Epoch: 200, Loss: 0.0004, Train: 100.00%, Valid: 63.60%, Test: 67.20%, Best Valid: 63.60%, Best Test: 67.20%
Epoch: 300, Loss: 0.0031, Train: 100.00%, Valid: 57.40%, Test: 58.70%, Best Valid: 65.20%, Best Test: 67.40%
Epoch: 400, Loss: 0.0042, Train: 100.00%, Valid: 48.20%, Test: 48.60%, Best Valid: 65.20%, Best Test: 67.40%
Epoch: 500, Loss: 0.0038, Train: 100.00%, Valid: 53.40%, Test: 53.90%, Best Valid: 65.20%, Best Test: 67.40%
Epoch: 600, Loss: 0.0078, Train: 100.00%, Valid: 47.20%, Test: 50.70%, Best Valid: 65.20%, Best Test: 67.40%
Epoch: 700, Loss: 0.0014, Train: 100.00%, Valid: 57.00%, Test: 57.00%, Best Valid: 65.20%, Best Test: 67.40%
Epoch: 800, Loss: 0.0010, Train: 100.00%, Valid: 53.60%, Test: 56.10%, Best Valid: 65.20%, Best Test: 67.40%
Epoch: 900, Loss: 0.0023, Train: 100.00%, Valid: 51.60%, Test: 53.40%, Best Valid: 65.20%, Best Test: 67.40%
Run 04:
Highest Train: 100.00
Highest Valid: 65.20
Highest Test: 67.80
Chosen epoch: 206
Final Train: 100.00
Final Test: 67.40
Pre-training MLP for 500 epochs to generate co-occurrence matrix...
MLP pre-training complete. Penalty matrix frozen.
Epoch: 00, Loss: 3.0086, Train: 70.83%, Valid: 8.20%, Test: 8.10%, Best Valid: 8.20%, Best Test: 8.10%
Epoch: 100, Loss: 0.0004, Train: 100.00%, Valid: 63.00%, Test: 69.60%, Best Valid: 64.80%, Best Test: 68.60%
Epoch: 200, Loss: 0.0083, Train: 100.00%, Valid: 62.00%, Test: 65.90%, Best Valid: 64.80%, Best Test: 68.60%
Epoch: 300, Loss: 0.0010, Train: 100.00%, Valid: 59.80%, Test: 63.60%, Best Valid: 64.80%, Best Test: 68.60%
Epoch: 400, Loss: 0.0032, Train: 100.00%, Valid: 56.60%, Test: 57.90%, Best Valid: 64.80%, Best Test: 68.60%
Epoch: 500, Loss: 0.0022, Train: 100.00%, Valid: 46.80%, Test: 47.00%, Best Valid: 64.80%, Best Test: 68.60%
Epoch: 600, Loss: 0.0106, Train: 100.00%, Valid: 47.60%, Test: 51.70%, Best Valid: 64.80%, Best Test: 68.60%
Epoch: 700, Loss: 0.0104, Train: 100.00%, Valid: 58.40%, Test: 57.20%, Best Valid: 64.80%, Best Test: 68.60%
Epoch: 800, Loss: 0.0186, Train: 100.00%, Valid: 47.40%, Test: 48.40%, Best Valid: 64.80%, Best Test: 68.60%
Epoch: 900, Loss: 0.0068, Train: 100.00%, Valid: 53.20%, Test: 51.60%, Best Valid: 64.80%, Best Test: 68.60%
Run 05:
Highest Train: 100.00
Highest Valid: 64.80
Highest Test: 70.00
Chosen epoch: 54
Final Train: 100.00
Final Test: 68.60
All runs:
Highest Train: 100.00 ± 0.00
Highest Test: 68.40 ± 1.29
Highest Valid: 65.16 ± 0.75
  Final Train: 100.00 ± 0.00
   Final Test: 67.64 ± 1.45
Saving results to mlp_gt/results_full/citeseer/sgformer.csv

Running with MLP-GT Regularization (lambda=0.4)...
Namespace(aggregate='add', alpha=0.5, attention='gcn', beta=-1.0, bn=False, cpu=False, data_dir='../data/', dataset='citeseer', device=0, dim_inner=256, display_step=100, dropout=0.3, epochs=1000, global_dropout=None, global_layers=2, gnn='gcn', graph_weight=0.5, hidden_channels=256, hops=10, in_dropout=0.0, jk=False, label_num_per_class=20, lambda_val=0.4, layers=3, ln=False, local_gnn_type='GCN', local_layers=7, lr=0.01, metric='acc', mlp_epochs=500, mlp_reg=True, model='sgformer', model_dir='./model/', n_heads=1, num_centroids=4096, num_heads=1, oracle_reg=False, pe_types='RWSE', pre_linear=False, pre_ln=False, rand_split=False, rand_split_class=True, reg_start_epoch=10, reg_update_freq=5, res=False, result_dir='mlp_gt/results_full', runs=5, save_model=False, save_result=False, seed=123, test_num=1000, train_prop=0.5, use_act=True, use_bn=True, use_graph=True, use_reg=True, use_residual=True, use_weight=False, valid_num=500, valid_prop=0.25, weight_decay=0.0005)
citeseer
Num nodes: 3327
train:torch.Size([120]), valid:torch.Size([500]), test:torch.Size([1000])
dataset citeseer | num nodes 3327 | num edge 9104 | num node feats 3703 | num classes 6
MODEL: SGFormer(
  (trans_conv): TransConv(
    (convs): ModuleList(
      (0): TransConvLayer(
        (Wk): Linear(in_features=256, out_features=256, bias=True)
        (Wq): Linear(in_features=256, out_features=256, bias=True)
      )
      (1): TransConvLayer(
        (Wk): Linear(in_features=256, out_features=256, bias=True)
        (Wq): Linear(in_features=256, out_features=256, bias=True)
      )
      (2): TransConvLayer(
        (Wk): Linear(in_features=256, out_features=256, bias=True)
        (Wq): Linear(in_features=256, out_features=256, bias=True)
      )
    )
    (fcs): ModuleList(
      (0): Linear(in_features=3703, out_features=256, bias=True)
    )
    (bns): ModuleList(
      (0): LayerNorm((256,), eps=1e-05, elementwise_affine=True)
      (1): LayerNorm((256,), eps=1e-05, elementwise_affine=True)
      (2): LayerNorm((256,), eps=1e-05, elementwise_affine=True)
      (3): LayerNorm((256,), eps=1e-05, elementwise_affine=True)
    )
  )
  (gnn): GCN(
    (convs): ModuleList(
      (0): GCNConv(3703, 256)
      (1): GCNConv(256, 256)
      (2): GCNConv(256, 256)
    )
    (bns): ModuleList(
      (0): BatchNorm1d(256, eps=1e-05, momentum=0.1, affine=True, track_running_stats=True)
      (1): BatchNorm1d(256, eps=1e-05, momentum=0.1, affine=True, track_running_stats=True)
    )
  )
  (fc): Linear(in_features=256, out_features=6, bias=True)
)
Pre-training MLP for 500 epochs to generate co-occurrence matrix...
MLP pre-training complete. Penalty matrix frozen.
Epoch: 00, Loss: 2.6009, Train: 71.67%, Valid: 8.80%, Test: 9.70%, Best Valid: 8.80%, Best Test: 9.70%
Epoch: 100, Loss: 0.0016, Train: 100.00%, Valid: 60.60%, Test: 65.20%, Best Valid: 63.00%, Best Test: 65.60%
Epoch: 200, Loss: 0.0020, Train: 100.00%, Valid: 52.20%, Test: 52.70%, Best Valid: 63.00%, Best Test: 65.60%
Epoch: 300, Loss: 0.0045, Train: 100.00%, Valid: 51.00%, Test: 55.30%, Best Valid: 63.00%, Best Test: 65.60%
Epoch: 400, Loss: 0.0018, Train: 100.00%, Valid: 45.40%, Test: 49.40%, Best Valid: 63.00%, Best Test: 65.60%
Epoch: 500, Loss: 0.0391, Train: 100.00%, Valid: 41.60%, Test: 45.00%, Best Valid: 63.00%, Best Test: 65.60%
Epoch: 600, Loss: 0.0102, Train: 100.00%, Valid: 51.00%, Test: 53.50%, Best Valid: 63.00%, Best Test: 65.60%
Epoch: 700, Loss: 0.0096, Train: 100.00%, Valid: 54.20%, Test: 57.10%, Best Valid: 63.00%, Best Test: 65.60%
Epoch: 800, Loss: 0.0172, Train: 100.00%, Valid: 54.40%, Test: 56.60%, Best Valid: 63.00%, Best Test: 65.60%
Epoch: 900, Loss: 0.0019, Train: 99.17%, Valid: 53.20%, Test: 56.30%, Best Valid: 63.00%, Best Test: 65.60%
Run 01:
Highest Train: 100.00
Highest Valid: 63.00
Highest Test: 66.90
Chosen epoch: 57
Final Train: 100.00
Final Test: 65.60
Pre-training MLP for 500 epochs to generate co-occurrence matrix...
MLP pre-training complete. Penalty matrix frozen.
Epoch: 00, Loss: 3.8404, Train: 45.00%, Valid: 19.00%, Test: 18.90%, Best Valid: 19.00%, Best Test: 18.90%
Epoch: 100, Loss: 0.0024, Train: 100.00%, Valid: 65.20%, Test: 68.00%, Best Valid: 65.60%, Best Test: 66.90%
Epoch: 200, Loss: 0.0018, Train: 100.00%, Valid: 64.60%, Test: 69.10%, Best Valid: 66.20%, Best Test: 69.60%
Epoch: 300, Loss: 0.0029, Train: 100.00%, Valid: 59.20%, Test: 63.40%, Best Valid: 66.20%, Best Test: 69.60%
Epoch: 400, Loss: 0.0100, Train: 100.00%, Valid: 50.00%, Test: 54.70%, Best Valid: 66.20%, Best Test: 69.60%
Epoch: 500, Loss: 0.0037, Train: 100.00%, Valid: 46.20%, Test: 50.70%, Best Valid: 66.20%, Best Test: 69.60%
Epoch: 600, Loss: 0.0580, Train: 100.00%, Valid: 40.80%, Test: 43.20%, Best Valid: 66.20%, Best Test: 69.60%
Epoch: 700, Loss: 0.0042, Train: 100.00%, Valid: 44.40%, Test: 46.60%, Best Valid: 66.20%, Best Test: 69.60%
Epoch: 800, Loss: 0.0006, Train: 100.00%, Valid: 53.80%, Test: 57.50%, Best Valid: 66.20%, Best Test: 69.60%
Epoch: 900, Loss: 0.0024, Train: 100.00%, Valid: 49.00%, Test: 50.90%, Best Valid: 66.20%, Best Test: 69.60%
Run 02:
Highest Train: 100.00
Highest Valid: 66.20
Highest Test: 70.10
Chosen epoch: 163
Final Train: 100.00
Final Test: 69.60
Pre-training MLP for 500 epochs to generate co-occurrence matrix...
MLP pre-training complete. Penalty matrix frozen.
Epoch: 00, Loss: 3.6739, Train: 75.83%, Valid: 15.80%, Test: 15.70%, Best Valid: 15.80%, Best Test: 15.70%
Epoch: 100, Loss: 0.0026, Train: 100.00%, Valid: 59.80%, Test: 60.50%, Best Valid: 59.80%, Best Test: 60.50%
Epoch: 200, Loss: 0.0084, Train: 100.00%, Valid: 60.00%, Test: 63.70%, Best Valid: 61.40%, Best Test: 63.10%
Epoch: 300, Loss: 0.0217, Train: 100.00%, Valid: 57.00%, Test: 59.30%, Best Valid: 61.40%, Best Test: 63.10%
Epoch: 400, Loss: 0.0185, Train: 100.00%, Valid: 53.80%, Test: 55.80%, Best Valid: 61.40%, Best Test: 63.10%
Epoch: 500, Loss: 0.0081, Train: 100.00%, Valid: 30.40%, Test: 31.50%, Best Valid: 61.40%, Best Test: 63.10%
Epoch: 600, Loss: 0.0015, Train: 100.00%, Valid: 45.60%, Test: 46.70%, Best Valid: 61.40%, Best Test: 63.10%
Epoch: 700, Loss: 0.0017, Train: 100.00%, Valid: 53.80%, Test: 56.40%, Best Valid: 61.40%, Best Test: 63.10%
Epoch: 800, Loss: 0.0039, Train: 100.00%, Valid: 47.20%, Test: 51.00%, Best Valid: 61.40%, Best Test: 63.10%
Epoch: 900, Loss: 0.0128, Train: 100.00%, Valid: 56.60%, Test: 59.20%, Best Valid: 61.40%, Best Test: 63.10%
Run 03:
Highest Train: 100.00
Highest Valid: 61.40
Highest Test: 64.20
Chosen epoch: 194
Final Train: 100.00
Final Test: 63.10
Pre-training MLP for 500 epochs to generate co-occurrence matrix...
MLP pre-training complete. Penalty matrix frozen.
Epoch: 00, Loss: 3.7744, Train: 52.50%, Valid: 8.20%, Test: 8.00%, Best Valid: 8.20%, Best Test: 8.00%
Epoch: 100, Loss: 0.0046, Train: 100.00%, Valid: 58.40%, Test: 62.10%, Best Valid: 58.40%, Best Test: 61.30%
Epoch: 200, Loss: 0.0007, Train: 100.00%, Valid: 59.80%, Test: 63.90%, Best Valid: 62.00%, Best Test: 64.60%
Epoch: 300, Loss: 0.0121, Train: 100.00%, Valid: 54.20%, Test: 54.40%, Best Valid: 62.00%, Best Test: 64.60%
Epoch: 400, Loss: 0.0012, Train: 100.00%, Valid: 44.40%, Test: 46.50%, Best Valid: 62.00%, Best Test: 64.60%
Epoch: 500, Loss: 0.0030, Train: 100.00%, Valid: 46.60%, Test: 47.10%, Best Valid: 62.00%, Best Test: 64.60%
Epoch: 600, Loss: 0.0096, Train: 100.00%, Valid: 53.60%, Test: 57.50%, Best Valid: 62.00%, Best Test: 64.60%
Epoch: 700, Loss: 0.0090, Train: 99.17%, Valid: 43.80%, Test: 45.50%, Best Valid: 62.00%, Best Test: 64.60%
Epoch: 800, Loss: 0.0029, Train: 98.33%, Valid: 37.60%, Test: 40.10%, Best Valid: 62.00%, Best Test: 64.60%
Epoch: 900, Loss: 0.0050, Train: 100.00%, Valid: 50.40%, Test: 51.10%, Best Valid: 62.00%, Best Test: 64.60%
Run 04:
Highest Train: 100.00
Highest Valid: 62.00
Highest Test: 65.40
Chosen epoch: 139
Final Train: 100.00
Final Test: 64.60
Pre-training MLP for 500 epochs to generate co-occurrence matrix...
MLP pre-training complete. Penalty matrix frozen.
Epoch: 00, Loss: 3.6122, Train: 76.67%, Valid: 9.00%, Test: 9.00%, Best Valid: 9.00%, Best Test: 9.00%
Epoch: 100, Loss: 0.0055, Train: 100.00%, Valid: 60.20%, Test: 65.90%, Best Valid: 60.20%, Best Test: 65.70%
Epoch: 200, Loss: 0.0067, Train: 100.00%, Valid: 59.00%, Test: 63.20%, Best Valid: 61.80%, Best Test: 65.60%
Epoch: 300, Loss: 0.0010, Train: 100.00%, Valid: 54.60%, Test: 57.90%, Best Valid: 61.80%, Best Test: 65.60%
Epoch: 400, Loss: 0.0017, Train: 100.00%, Valid: 45.80%, Test: 48.50%, Best Valid: 61.80%, Best Test: 65.60%
Epoch: 500, Loss: 0.0057, Train: 100.00%, Valid: 47.00%, Test: 45.50%, Best Valid: 61.80%, Best Test: 65.60%
Epoch: 600, Loss: 0.0530, Train: 100.00%, Valid: 45.80%, Test: 49.00%, Best Valid: 61.80%, Best Test: 65.60%
Epoch: 700, Loss: 0.0459, Train: 100.00%, Valid: 49.40%, Test: 51.80%, Best Valid: 61.80%, Best Test: 65.60%
Epoch: 800, Loss: 0.0023, Train: 100.00%, Valid: 51.00%, Test: 52.40%, Best Valid: 61.80%, Best Test: 65.60%
Epoch: 900, Loss: 0.0079, Train: 100.00%, Valid: 48.40%, Test: 53.30%, Best Valid: 61.80%, Best Test: 65.60%
Run 05:
Highest Train: 100.00
Highest Valid: 61.80
Highest Test: 67.50
Chosen epoch: 165
Final Train: 100.00
Final Test: 65.60
All runs:
Highest Train: 100.00 ± 0.00
Highest Test: 66.82 ± 2.24
Highest Valid: 62.88 ± 1.95
  Final Train: 100.00 ± 0.00
   Final Test: 65.70 ± 2.41
Saving results to mlp_gt/results_full/citeseer/sgformer.csv

GT sweep completed!
==========================================================
Task 29 (sgformer / citeseer) completed at: Tue Apr 28 08:18:54 AM EDT 2026
==========================================================
