==========================================================
MLP-GT Full Sweep | Task 39
Job: 1011972 | Date: Tue Apr 28 08:49:57 AM EDT 2026 | Host: n0089
==========================================================
Tue Apr 28 08:50:05 2026       
+-----------------------------------------------------------------------------------------+
| NVIDIA-SMI 570.211.01             Driver Version: 570.211.01     CUDA Version: 12.8     |
|-----------------------------------------+------------------------+----------------------+
| GPU  Name                 Persistence-M | Bus-Id          Disp.A | Volatile Uncorr. ECC |
| Fan  Temp   Perf          Pwr:Usage/Cap |           Memory-Usage | GPU-Util  Compute M. |
|                                         |                        |               MIG M. |
|=========================================+========================+======================|
|   0  NVIDIA A100-SXM4-80GB          On  |   00000000:01:00.0 Off |                   On |
| N/A   30C    P0             53W /  500W |     185MiB /  81920MiB |     N/A      Default |
|                                         |                        |              Enabled |
+-----------------------------------------+------------------------+----------------------+
|   1  NVIDIA A100-SXM4-80GB          On  |   00000000:41:00.0 Off |                   On |
| N/A   36C    P0            131W /  500W |    4278MiB /  81920MiB |     N/A      Default |
|                                         |                        |              Enabled |
+-----------------------------------------+------------------------+----------------------+
|   2  NVIDIA A100-SXM4-80GB          On  |   00000000:81:00.0 Off |                   On |
| N/A   53C    P0            258W /  500W |   45642MiB /  81920MiB |     N/A      Default |
|                                         |                        |              Enabled |
+-----------------------------------------+------------------------+----------------------+
|   3  NVIDIA A100-SXM4-80GB          On  |   00000000:C1:00.0 Off |                   On |
| N/A   33C    P0            129W /  500W |    6480MiB /  81920MiB |     N/A      Default |
|                                         |                        |              Enabled |
+-----------------------------------------+------------------------+----------------------+

+-----------------------------------------------------------------------------------------+
| MIG devices:                                                                            |
+------------------+----------------------------------+-----------+-----------------------+
| GPU  GI  CI  MIG |                     Memory-Usage |        Vol|        Shared         |
|      ID  ID  Dev |                       BAR1-Usage | SM     Unc| CE ENC  DEC  OFA  JPG |
|                  |                                  |        ECC|                       |
|==================+==================================+===========+=======================|
|  0    3   0   0  |              53MiB / 19968MiB    | 28      0 |  2   0    1    0    0 |
|                  |                 0MiB / 32767MiB  |           |                       |
+------------------+----------------------------------+-----------+-----------------------+
                                                                                         
+-----------------------------------------------------------------------------------------+
| Processes:                                                                              |
|  GPU   GI   CI              PID   Type   Process name                        GPU Memory |
|        ID   ID                                                               Usage      |
|=========================================================================================|
|    1    3    0          2160873      C   python                                 4088MiB |
|    2    3    0          2161874      C   python                                 8634MiB |
|    2    2    0          2162107      C   python3                               36812MiB |
|    3    5    0          2163822      C   python                                 6290MiB |
+-----------------------------------------------------------------------------------------+
1.12.1
True
NVIDIA A100-SXM4-80GB MIG 2g.20gb
Model: sgformer | Dataset: wikics
Split flags: 
==========================================================
Starting mlp_gt GT Sweep for:
python main.py --model sgformer --dataset wikics         --hidden_channels 256 --layers 3 --num_heads 1         --lr 0.01 --weight_decay 5e-4 --dropout 0.3         --use_graph --use_act --alpha 0.5 --use_residual --use_bn --graph_weight 0.5         --epochs 1000         --runs 5 --device 0         
Result dir: mlp_gt/results_full
==========================================================
Running GT Baseline (no reg)...
Namespace(aggregate='add', alpha=0.5, attention='gcn', beta=-1.0, bn=False, cpu=False, data_dir='../data/', dataset='wikics', device=0, dim_inner=256, display_step=100, dropout=0.3, epochs=1000, global_dropout=None, global_layers=2, gnn='gcn', graph_weight=0.5, hidden_channels=256, hops=10, in_dropout=0.0, jk=False, label_num_per_class=20, lambda_val=0.5, layers=3, ln=False, local_gnn_type='GCN', local_layers=7, lr=0.01, metric='acc', mlp_epochs=500, mlp_reg=False, model='sgformer', model_dir='./model/', n_heads=1, num_centroids=4096, num_heads=1, oracle_reg=False, pe_types='RWSE', pre_linear=False, pre_ln=False, rand_split=False, rand_split_class=False, reg_start_epoch=10, reg_update_freq=5, res=False, result_dir='mlp_gt/results_full', runs=5, save_model=False, save_result=False, seed=42, test_num=1000, train_prop=0.5, use_act=True, use_bn=True, use_graph=True, use_reg=False, use_residual=True, use_weight=False, valid_num=500, valid_prop=0.25, weight_decay=0.0005)
wikics
dataset wikics | num nodes 11701 | num edge 431726 | num node feats 300 | num classes 10
MODEL: SGFormer(
  (trans_conv): TransConv(
    (convs): ModuleList(
      (0): TransConvLayer(
        (Wk): Linear(in_features=256, out_features=256, bias=True)
        (Wq): Linear(in_features=256, out_features=256, bias=True)
      )
      (1): TransConvLayer(
        (Wk): Linear(in_features=256, out_features=256, bias=True)
        (Wq): Linear(in_features=256, out_features=256, bias=True)
      )
      (2): TransConvLayer(
        (Wk): Linear(in_features=256, out_features=256, bias=True)
        (Wq): Linear(in_features=256, out_features=256, bias=True)
      )
    )
    (fcs): ModuleList(
      (0): Linear(in_features=300, out_features=256, bias=True)
    )
    (bns): ModuleList(
      (0): LayerNorm((256,), eps=1e-05, elementwise_affine=True)
      (1): LayerNorm((256,), eps=1e-05, elementwise_affine=True)
      (2): LayerNorm((256,), eps=1e-05, elementwise_affine=True)
      (3): LayerNorm((256,), eps=1e-05, elementwise_affine=True)
    )
  )
  (gnn): GCN(
    (convs): ModuleList(
      (0): GCNConv(300, 256)
      (1): GCNConv(256, 256)
      (2): GCNConv(256, 256)
    )
    (bns): ModuleList(
      (0): BatchNorm1d(256, eps=1e-05, momentum=0.1, affine=True, track_running_stats=True)
      (1): BatchNorm1d(256, eps=1e-05, momentum=0.1, affine=True, track_running_stats=True)
    )
  )
  (fc): Linear(in_features=256, out_features=10, bias=True)
)
Epoch: 00, Loss: 2.3794, Train: 50.00%, Valid: 45.75%, Test: 46.45%, Best Valid: 45.75%, Best Test: 46.45%
Epoch: 100, Loss: 0.0648, Train: 95.52%, Valid: 76.64%, Test: 75.30%, Best Valid: 78.16%, Best Test: 76.91%
Epoch: 200, Loss: 0.0867, Train: 90.69%, Valid: 73.38%, Test: 72.64%, Best Valid: 79.05%, Best Test: 78.07%
Epoch: 300, Loss: 0.0610, Train: 96.55%, Valid: 75.41%, Test: 74.79%, Best Valid: 79.05%, Best Test: 78.07%
Epoch: 400, Loss: 0.0534, Train: 93.62%, Valid: 74.93%, Test: 74.09%, Best Valid: 79.05%, Best Test: 78.07%
Epoch: 500, Loss: 0.0560, Train: 82.24%, Valid: 65.38%, Test: 64.89%, Best Valid: 79.05%, Best Test: 78.07%
Epoch: 600, Loss: 0.1020, Train: 76.03%, Valid: 62.78%, Test: 62.01%, Best Valid: 79.05%, Best Test: 78.07%
Epoch: 700, Loss: 0.0738, Train: 98.45%, Valid: 77.40%, Test: 76.65%, Best Valid: 79.05%, Best Test: 78.07%
Epoch: 800, Loss: 0.0442, Train: 94.83%, Valid: 76.28%, Test: 75.42%, Best Valid: 79.05%, Best Test: 78.07%
Epoch: 900, Loss: 0.0507, Train: 94.31%, Valid: 73.38%, Test: 72.33%, Best Valid: 79.05%, Best Test: 78.07%
Run 01:
Highest Train: 99.66
Highest Valid: 79.05
Highest Test: 78.09
Chosen epoch: 114
Final Train: 97.93
Final Test: 78.07
Epoch: 00, Loss: 3.4821, Train: 24.66%, Valid: 24.48%, Test: 24.56%, Best Valid: 24.48%, Best Test: 24.56%
Epoch: 100, Loss: 0.1352, Train: 83.45%, Valid: 70.91%, Test: 68.92%, Best Valid: 79.20%, Best Test: 77.51%
Epoch: 200, Loss: 0.0850, Train: 88.62%, Valid: 71.99%, Test: 72.34%, Best Valid: 79.20%, Best Test: 77.51%
Epoch: 300, Loss: 0.1171, Train: 80.00%, Valid: 64.88%, Test: 64.77%, Best Valid: 79.20%, Best Test: 77.51%
Epoch: 400, Loss: 0.0534, Train: 94.83%, Valid: 75.73%, Test: 74.86%, Best Valid: 79.20%, Best Test: 77.51%
Epoch: 500, Loss: 0.0400, Train: 92.07%, Valid: 73.59%, Test: 72.70%, Best Valid: 79.20%, Best Test: 77.51%
Epoch: 600, Loss: 0.0657, Train: 95.34%, Valid: 76.96%, Test: 75.78%, Best Valid: 79.20%, Best Test: 77.51%
Epoch: 700, Loss: 0.0492, Train: 96.21%, Valid: 76.64%, Test: 75.83%, Best Valid: 79.20%, Best Test: 77.51%
Epoch: 800, Loss: 0.1026, Train: 87.59%, Valid: 72.90%, Test: 71.83%, Best Valid: 79.20%, Best Test: 77.51%
Epoch: 900, Loss: 0.0564, Train: 90.34%, Valid: 72.32%, Test: 70.77%, Best Valid: 79.20%, Best Test: 77.51%
Run 02:
Highest Train: 99.31
Highest Valid: 79.20
Highest Test: 77.75
Chosen epoch: 50
Final Train: 89.83
Final Test: 77.51
Epoch: 00, Loss: 3.9878, Train: 35.69%, Valid: 36.06%, Test: 35.95%, Best Valid: 36.06%, Best Test: 35.95%
Epoch: 100, Loss: 0.0882, Train: 74.83%, Valid: 67.29%, Test: 66.12%, Best Valid: 81.42%, Best Test: 80.54%
Epoch: 200, Loss: 0.0445, Train: 97.93%, Valid: 78.90%, Test: 77.87%, Best Valid: 81.42%, Best Test: 80.54%
Epoch: 300, Loss: 0.0256, Train: 97.07%, Valid: 77.57%, Test: 76.35%, Best Valid: 81.42%, Best Test: 80.54%
Epoch: 400, Loss: 0.0486, Train: 86.72%, Valid: 71.12%, Test: 69.59%, Best Valid: 81.42%, Best Test: 80.54%
Epoch: 500, Loss: 0.0519, Train: 92.76%, Valid: 73.21%, Test: 71.78%, Best Valid: 81.42%, Best Test: 80.54%
Epoch: 600, Loss: 0.0589, Train: 86.38%, Valid: 71.12%, Test: 69.88%, Best Valid: 81.42%, Best Test: 80.54%
Epoch: 700, Loss: 0.0378, Train: 98.45%, Valid: 79.94%, Test: 78.48%, Best Valid: 81.42%, Best Test: 80.54%
Epoch: 800, Loss: 0.0827, Train: 93.62%, Valid: 76.01%, Test: 74.64%, Best Valid: 81.42%, Best Test: 80.54%
Epoch: 900, Loss: 0.0520, Train: 92.41%, Valid: 76.72%, Test: 75.17%, Best Valid: 81.42%, Best Test: 80.54%
Run 03:
Highest Train: 100.00
Highest Valid: 81.42
Highest Test: 80.55
Chosen epoch: 52
Final Train: 92.76
Final Test: 80.54
Epoch: 00, Loss: 3.8024, Train: 18.62%, Valid: 18.98%, Test: 18.80%, Best Valid: 18.98%, Best Test: 18.80%
Epoch: 100, Loss: 0.1424, Train: 89.31%, Valid: 75.79%, Test: 74.88%, Best Valid: 78.19%, Best Test: 77.66%
Epoch: 200, Loss: 0.0503, Train: 77.59%, Valid: 65.93%, Test: 64.77%, Best Valid: 78.19%, Best Test: 77.66%
Epoch: 300, Loss: 0.0614, Train: 88.28%, Valid: 67.79%, Test: 67.30%, Best Valid: 78.19%, Best Test: 77.66%
Epoch: 400, Loss: 0.0642, Train: 98.45%, Valid: 75.43%, Test: 74.69%, Best Valid: 78.19%, Best Test: 77.66%
Epoch: 500, Loss: 0.0836, Train: 88.97%, Valid: 66.57%, Test: 65.54%, Best Valid: 78.19%, Best Test: 77.66%
Epoch: 600, Loss: 0.0416, Train: 92.76%, Valid: 71.14%, Test: 71.22%, Best Valid: 78.19%, Best Test: 77.66%
Epoch: 700, Loss: 0.0706, Train: 92.76%, Valid: 69.30%, Test: 69.32%, Best Valid: 78.19%, Best Test: 77.66%
Epoch: 800, Loss: 0.0607, Train: 53.10%, Valid: 40.24%, Test: 40.96%, Best Valid: 78.19%, Best Test: 77.66%
Epoch: 900, Loss: 0.0216, Train: 93.97%, Valid: 71.16%, Test: 71.20%, Best Valid: 78.19%, Best Test: 77.66%
Run 04:
Highest Train: 99.83
Highest Valid: 78.19
Highest Test: 77.66
Chosen epoch: 78
Final Train: 92.59
Final Test: 77.66
Epoch: 00, Loss: 4.1516, Train: 39.66%, Valid: 37.88%, Test: 38.41%, Best Valid: 37.88%, Best Test: 38.41%
Epoch: 100, Loss: 0.1199, Train: 93.28%, Valid: 76.01%, Test: 75.46%, Best Valid: 80.24%, Best Test: 78.86%
Epoch: 200, Loss: 0.1005, Train: 90.34%, Valid: 72.66%, Test: 71.39%, Best Valid: 80.24%, Best Test: 78.86%
Epoch: 300, Loss: 0.0664, Train: 84.83%, Valid: 67.03%, Test: 65.90%, Best Valid: 80.24%, Best Test: 78.86%
Epoch: 400, Loss: 0.0504, Train: 87.93%, Valid: 69.42%, Test: 68.86%, Best Valid: 80.24%, Best Test: 78.86%
Epoch: 500, Loss: 0.0332, Train: 92.93%, Valid: 75.71%, Test: 74.96%, Best Valid: 80.24%, Best Test: 78.86%
Epoch: 600, Loss: 0.0657, Train: 86.90%, Valid: 67.94%, Test: 68.14%, Best Valid: 80.24%, Best Test: 78.86%
Epoch: 700, Loss: 0.0370, Train: 96.38%, Valid: 73.36%, Test: 73.18%, Best Valid: 80.24%, Best Test: 78.86%
Epoch: 800, Loss: 0.1653, Train: 68.10%, Valid: 58.82%, Test: 58.32%, Best Valid: 80.24%, Best Test: 78.86%
Epoch: 900, Loss: 0.0525, Train: 97.41%, Valid: 74.91%, Test: 74.28%, Best Valid: 80.24%, Best Test: 78.86%
Run 05:
Highest Train: 100.00
Highest Valid: 80.24
Highest Test: 78.86
Chosen epoch: 67
Final Train: 92.24
Final Test: 78.86
All runs:
Highest Train: 99.76 ± 0.29
Highest Test: 78.58 ± 1.20
Highest Valid: 79.62 ± 1.24
  Final Train: 93.07 ± 2.96
   Final Test: 78.53 ± 1.24
Saving results to mlp_gt/results_full/wikics/sgformer.csv

Running with MLP-GT Regularization (lambda=0.01)...
Namespace(aggregate='add', alpha=0.5, attention='gcn', beta=-1.0, bn=False, cpu=False, data_dir='../data/', dataset='wikics', device=0, dim_inner=256, display_step=100, dropout=0.3, epochs=1000, global_dropout=None, global_layers=2, gnn='gcn', graph_weight=0.5, hidden_channels=256, hops=10, in_dropout=0.0, jk=False, label_num_per_class=20, lambda_val=0.01, layers=3, ln=False, local_gnn_type='GCN', local_layers=7, lr=0.01, metric='acc', mlp_epochs=500, mlp_reg=True, model='sgformer', model_dir='./model/', n_heads=1, num_centroids=4096, num_heads=1, oracle_reg=False, pe_types='RWSE', pre_linear=False, pre_ln=False, rand_split=False, rand_split_class=False, reg_start_epoch=10, reg_update_freq=5, res=False, result_dir='mlp_gt/results_full', runs=5, save_model=False, save_result=False, seed=42, test_num=1000, train_prop=0.5, use_act=True, use_bn=True, use_graph=True, use_reg=True, use_residual=True, use_weight=False, valid_num=500, valid_prop=0.25, weight_decay=0.0005)
wikics
dataset wikics | num nodes 11701 | num edge 431726 | num node feats 300 | num classes 10
MODEL: SGFormer(
  (trans_conv): TransConv(
    (convs): ModuleList(
      (0): TransConvLayer(
        (Wk): Linear(in_features=256, out_features=256, bias=True)
        (Wq): Linear(in_features=256, out_features=256, bias=True)
      )
      (1): TransConvLayer(
        (Wk): Linear(in_features=256, out_features=256, bias=True)
        (Wq): Linear(in_features=256, out_features=256, bias=True)
      )
      (2): TransConvLayer(
        (Wk): Linear(in_features=256, out_features=256, bias=True)
        (Wq): Linear(in_features=256, out_features=256, bias=True)
      )
    )
    (fcs): ModuleList(
      (0): Linear(in_features=300, out_features=256, bias=True)
    )
    (bns): ModuleList(
      (0): LayerNorm((256,), eps=1e-05, elementwise_affine=True)
      (1): LayerNorm((256,), eps=1e-05, elementwise_affine=True)
      (2): LayerNorm((256,), eps=1e-05, elementwise_affine=True)
      (3): LayerNorm((256,), eps=1e-05, elementwise_affine=True)
    )
  )
  (gnn): GCN(
    (convs): ModuleList(
      (0): GCNConv(300, 256)
      (1): GCNConv(256, 256)
      (2): GCNConv(256, 256)
    )
    (bns): ModuleList(
      (0): BatchNorm1d(256, eps=1e-05, momentum=0.1, affine=True, track_running_stats=True)
      (1): BatchNorm1d(256, eps=1e-05, momentum=0.1, affine=True, track_running_stats=True)
    )
  )
  (fc): Linear(in_features=256, out_features=10, bias=True)
)
Pre-training MLP for 500 epochs to generate co-occurrence matrix...
MLP pre-training complete. Penalty matrix frozen.
Epoch: 00, Loss: 2.4241, Train: 35.69%, Valid: 34.72%, Test: 35.32%, Best Valid: 34.72%, Best Test: 35.32%
Epoch: 100, Loss: 0.0596, Train: 95.69%, Valid: 75.50%, Test: 74.52%, Best Valid: 79.31%, Best Test: 77.99%
Epoch: 200, Loss: 0.1047, Train: 87.59%, Valid: 69.68%, Test: 69.69%, Best Valid: 79.31%, Best Test: 77.99%
Epoch: 300, Loss: 0.0810, Train: 79.14%, Valid: 61.96%, Test: 62.36%, Best Valid: 79.31%, Best Test: 77.99%
Epoch: 400, Loss: 0.1390, Train: 48.62%, Valid: 40.46%, Test: 41.39%, Best Valid: 79.31%, Best Test: 77.99%
Epoch: 500, Loss: 0.0440, Train: 96.38%, Valid: 77.21%, Test: 76.55%, Best Valid: 79.31%, Best Test: 77.99%
Epoch: 600, Loss: 0.0909, Train: 61.55%, Valid: 51.46%, Test: 51.80%, Best Valid: 79.31%, Best Test: 77.99%
Epoch: 700, Loss: 0.0528, Train: 90.86%, Valid: 73.19%, Test: 72.74%, Best Valid: 79.31%, Best Test: 77.99%
Epoch: 800, Loss: 0.0544, Train: 87.59%, Valid: 68.73%, Test: 68.33%, Best Valid: 79.31%, Best Test: 77.99%
Epoch: 900, Loss: 0.0453, Train: 97.41%, Valid: 75.65%, Test: 74.91%, Best Valid: 79.31%, Best Test: 77.99%
Run 01:
Highest Train: 99.83
Highest Valid: 79.31
Highest Test: 78.59
Chosen epoch: 48
Final Train: 96.72
Final Test: 77.99
Pre-training MLP for 500 epochs to generate co-occurrence matrix...
MLP pre-training complete. Penalty matrix frozen.
Epoch: 00, Loss: 3.3669, Train: 35.52%, Valid: 34.40%, Test: 34.87%, Best Valid: 34.40%, Best Test: 34.87%
Epoch: 100, Loss: 0.1050, Train: 93.97%, Valid: 77.10%, Test: 76.06%, Best Valid: 78.73%, Best Test: 77.15%
Epoch: 200, Loss: 0.0590, Train: 96.38%, Valid: 76.72%, Test: 75.42%, Best Valid: 78.73%, Best Test: 77.15%
Epoch: 300, Loss: 0.0374, Train: 98.28%, Valid: 76.37%, Test: 75.54%, Best Valid: 78.73%, Best Test: 77.15%
Epoch: 400, Loss: 0.0520, Train: 85.86%, Valid: 67.97%, Test: 67.66%, Best Valid: 78.73%, Best Test: 77.15%
Epoch: 500, Loss: 0.0495, Train: 97.59%, Valid: 76.11%, Test: 74.50%, Best Valid: 78.73%, Best Test: 77.15%
Epoch: 600, Loss: 0.0808, Train: 90.00%, Valid: 73.23%, Test: 72.05%, Best Valid: 78.73%, Best Test: 77.15%
Epoch: 700, Loss: 0.0383, Train: 97.41%, Valid: 76.83%, Test: 75.82%, Best Valid: 78.73%, Best Test: 77.15%
Epoch: 800, Loss: 0.0659, Train: 78.28%, Valid: 63.39%, Test: 61.79%, Best Valid: 78.73%, Best Test: 77.15%
Epoch: 900, Loss: 0.0453, Train: 71.90%, Valid: 58.97%, Test: 59.45%, Best Valid: 78.73%, Best Test: 77.15%
Run 02:
Highest Train: 99.66
Highest Valid: 78.73
Highest Test: 77.32
Chosen epoch: 57
Final Train: 91.03
Final Test: 77.15
Pre-training MLP for 500 epochs to generate co-occurrence matrix...
MLP pre-training complete. Penalty matrix frozen.
Epoch: 00, Loss: 3.7003, Train: 24.48%, Valid: 24.31%, Test: 24.51%, Best Valid: 24.31%, Best Test: 24.51%
Epoch: 100, Loss: 0.0855, Train: 92.41%, Valid: 77.47%, Test: 76.02%, Best Valid: 81.27%, Best Test: 79.53%
Epoch: 200, Loss: 0.0451, Train: 95.69%, Valid: 78.82%, Test: 77.60%, Best Valid: 81.27%, Best Test: 79.53%
Epoch: 300, Loss: 0.0672, Train: 90.52%, Valid: 76.70%, Test: 75.75%, Best Valid: 81.27%, Best Test: 79.53%
Epoch: 400, Loss: 0.0320, Train: 99.66%, Valid: 80.55%, Test: 78.52%, Best Valid: 81.27%, Best Test: 79.53%
Epoch: 500, Loss: 0.0481, Train: 95.00%, Valid: 78.16%, Test: 76.86%, Best Valid: 81.40%, Best Test: 79.39%
Epoch: 600, Loss: 0.0464, Train: 93.28%, Valid: 76.53%, Test: 76.07%, Best Valid: 81.40%, Best Test: 79.39%
Epoch: 700, Loss: 0.0470, Train: 96.21%, Valid: 77.38%, Test: 76.19%, Best Valid: 81.40%, Best Test: 79.39%
Epoch: 800, Loss: 0.0678, Train: 78.45%, Valid: 65.87%, Test: 64.65%, Best Valid: 81.40%, Best Test: 79.39%
Epoch: 900, Loss: 0.0785, Train: 91.90%, Valid: 75.86%, Test: 75.01%, Best Valid: 81.40%, Best Test: 79.39%
Run 03:
Highest Train: 100.00
Highest Valid: 81.40
Highest Test: 80.35
Chosen epoch: 401
Final Train: 99.48
Final Test: 79.39
Pre-training MLP for 500 epochs to generate co-occurrence matrix...
MLP pre-training complete. Penalty matrix frozen.
Epoch: 00, Loss: 4.0699, Train: 23.97%, Valid: 23.72%, Test: 23.38%, Best Valid: 23.72%, Best Test: 23.38%
Epoch: 100, Loss: 0.1128, Train: 94.83%, Valid: 75.77%, Test: 75.20%, Best Valid: 78.56%, Best Test: 78.33%
Epoch: 200, Loss: 0.1156, Train: 88.62%, Valid: 69.17%, Test: 69.16%, Best Valid: 78.56%, Best Test: 78.33%
Epoch: 300, Loss: 0.0392, Train: 92.07%, Valid: 67.25%, Test: 66.80%, Best Valid: 78.56%, Best Test: 78.33%
Epoch: 400, Loss: 0.0553, Train: 72.41%, Valid: 58.57%, Test: 58.51%, Best Valid: 78.56%, Best Test: 78.33%
Epoch: 500, Loss: 0.0493, Train: 94.48%, Valid: 71.81%, Test: 71.63%, Best Valid: 78.56%, Best Test: 78.33%
Epoch: 600, Loss: 0.0643, Train: 87.07%, Valid: 68.15%, Test: 67.62%, Best Valid: 78.56%, Best Test: 78.33%
Epoch: 700, Loss: 0.0399, Train: 92.41%, Valid: 69.21%, Test: 69.20%, Best Valid: 78.56%, Best Test: 78.33%
Epoch: 800, Loss: 0.0777, Train: 76.38%, Valid: 56.39%, Test: 56.39%, Best Valid: 78.56%, Best Test: 78.33%
Epoch: 900, Loss: 0.0355, Train: 91.90%, Valid: 67.48%, Test: 67.08%, Best Valid: 78.56%, Best Test: 78.33%
Run 04:
Highest Train: 99.48
Highest Valid: 78.56
Highest Test: 78.33
Chosen epoch: 55
Final Train: 90.52
Final Test: 78.33
Pre-training MLP for 500 epochs to generate co-occurrence matrix...
MLP pre-training complete. Penalty matrix frozen.
Epoch: 00, Loss: 3.7587, Train: 29.31%, Valid: 29.56%, Test: 30.07%, Best Valid: 29.56%, Best Test: 30.07%
Epoch: 100, Loss: 0.1298, Train: 91.38%, Valid: 75.79%, Test: 75.01%, Best Valid: 80.13%, Best Test: 79.72%
Epoch: 200, Loss: 0.0318, Train: 97.59%, Valid: 76.87%, Test: 76.77%, Best Valid: 80.13%, Best Test: 79.72%
Epoch: 300, Loss: 0.0848, Train: 75.86%, Valid: 64.07%, Test: 62.77%, Best Valid: 80.13%, Best Test: 79.72%
Epoch: 400, Loss: 0.0304, Train: 95.52%, Valid: 75.46%, Test: 74.88%, Best Valid: 80.13%, Best Test: 79.72%
Epoch: 500, Loss: 0.0535, Train: 97.24%, Valid: 77.34%, Test: 76.77%, Best Valid: 80.13%, Best Test: 79.72%
Epoch: 600, Loss: 0.0414, Train: 84.14%, Valid: 70.46%, Test: 69.39%, Best Valid: 80.13%, Best Test: 79.72%
Epoch: 700, Loss: 0.0595, Train: 91.72%, Valid: 71.81%, Test: 71.34%, Best Valid: 80.13%, Best Test: 79.72%
Epoch: 800, Loss: 0.0579, Train: 69.31%, Valid: 52.92%, Test: 52.03%, Best Valid: 80.13%, Best Test: 79.72%
Epoch: 900, Loss: 0.0453, Train: 92.41%, Valid: 75.69%, Test: 74.82%, Best Valid: 80.13%, Best Test: 79.72%
Run 05:
Highest Train: 100.00
Highest Valid: 80.13
Highest Test: 79.72
Chosen epoch: 65
Final Train: 92.24
Final Test: 79.72
All runs:
Highest Train: 99.79 ± 0.22
Highest Test: 78.86 ± 1.19
Highest Valid: 79.62 ± 1.17
  Final Train: 94.00 ± 3.92
   Final Test: 78.52 ± 1.05
Saving results to mlp_gt/results_full/wikics/sgformer.csv

Running with MLP-GT Regularization (lambda=0.1)...
Namespace(aggregate='add', alpha=0.5, attention='gcn', beta=-1.0, bn=False, cpu=False, data_dir='../data/', dataset='wikics', device=0, dim_inner=256, display_step=100, dropout=0.3, epochs=1000, global_dropout=None, global_layers=2, gnn='gcn', graph_weight=0.5, hidden_channels=256, hops=10, in_dropout=0.0, jk=False, label_num_per_class=20, lambda_val=0.1, layers=3, ln=False, local_gnn_type='GCN', local_layers=7, lr=0.01, metric='acc', mlp_epochs=500, mlp_reg=True, model='sgformer', model_dir='./model/', n_heads=1, num_centroids=4096, num_heads=1, oracle_reg=False, pe_types='RWSE', pre_linear=False, pre_ln=False, rand_split=False, rand_split_class=False, reg_start_epoch=10, reg_update_freq=5, res=False, result_dir='mlp_gt/results_full', runs=5, save_model=False, save_result=False, seed=42, test_num=1000, train_prop=0.5, use_act=True, use_bn=True, use_graph=True, use_reg=True, use_residual=True, use_weight=False, valid_num=500, valid_prop=0.25, weight_decay=0.0005)
wikics
dataset wikics | num nodes 11701 | num edge 431726 | num node feats 300 | num classes 10
MODEL: SGFormer(
  (trans_conv): TransConv(
    (convs): ModuleList(
      (0): TransConvLayer(
        (Wk): Linear(in_features=256, out_features=256, bias=True)
        (Wq): Linear(in_features=256, out_features=256, bias=True)
      )
      (1): TransConvLayer(
        (Wk): Linear(in_features=256, out_features=256, bias=True)
        (Wq): Linear(in_features=256, out_features=256, bias=True)
      )
      (2): TransConvLayer(
        (Wk): Linear(in_features=256, out_features=256, bias=True)
        (Wq): Linear(in_features=256, out_features=256, bias=True)
      )
    )
    (fcs): ModuleList(
      (0): Linear(in_features=300, out_features=256, bias=True)
    )
    (bns): ModuleList(
      (0): LayerNorm((256,), eps=1e-05, elementwise_affine=True)
      (1): LayerNorm((256,), eps=1e-05, elementwise_affine=True)
      (2): LayerNorm((256,), eps=1e-05, elementwise_affine=True)
      (3): LayerNorm((256,), eps=1e-05, elementwise_affine=True)
    )
  )
  (gnn): GCN(
    (convs): ModuleList(
      (0): GCNConv(300, 256)
      (1): GCNConv(256, 256)
      (2): GCNConv(256, 256)
    )
    (bns): ModuleList(
      (0): BatchNorm1d(256, eps=1e-05, momentum=0.1, affine=True, track_running_stats=True)
      (1): BatchNorm1d(256, eps=1e-05, momentum=0.1, affine=True, track_running_stats=True)
    )
  )
  (fc): Linear(in_features=256, out_features=10, bias=True)
)
Pre-training MLP for 500 epochs to generate co-occurrence matrix...
MLP pre-training complete. Penalty matrix frozen.
Epoch: 00, Loss: 2.6401, Train: 34.31%, Valid: 33.05%, Test: 33.85%, Best Valid: 33.05%, Best Test: 33.85%
Epoch: 100, Loss: 0.0677, Train: 86.21%, Valid: 70.80%, Test: 70.09%, Best Valid: 78.63%, Best Test: 77.15%
Epoch: 200, Loss: 0.0604, Train: 80.52%, Valid: 62.91%, Test: 62.49%, Best Valid: 79.37%, Best Test: 77.70%
Epoch: 300, Loss: 0.0653, Train: 82.41%, Valid: 66.59%, Test: 66.63%, Best Valid: 79.37%, Best Test: 77.70%
Epoch: 400, Loss: 0.0871, Train: 88.28%, Valid: 70.23%, Test: 69.23%, Best Valid: 79.37%, Best Test: 77.70%
Epoch: 500, Loss: 0.0668, Train: 96.38%, Valid: 76.00%, Test: 75.12%, Best Valid: 79.37%, Best Test: 77.70%
Epoch: 600, Loss: 0.0629, Train: 95.69%, Valid: 74.65%, Test: 74.17%, Best Valid: 79.37%, Best Test: 77.70%
Epoch: 700, Loss: 0.0480, Train: 95.00%, Valid: 73.66%, Test: 73.51%, Best Valid: 79.37%, Best Test: 77.70%
Epoch: 800, Loss: 0.0771, Train: 89.31%, Valid: 73.85%, Test: 73.08%, Best Valid: 79.37%, Best Test: 77.70%
Epoch: 900, Loss: 0.0968, Train: 93.28%, Valid: 74.90%, Test: 74.96%, Best Valid: 79.37%, Best Test: 77.70%
Run 01:
Highest Train: 99.83
Highest Valid: 79.37
Highest Test: 78.30
Chosen epoch: 108
Final Train: 99.31
Final Test: 77.70
Pre-training MLP for 500 epochs to generate co-occurrence matrix...
MLP pre-training complete. Penalty matrix frozen.
Epoch: 00, Loss: 3.4391, Train: 33.79%, Valid: 33.83%, Test: 34.21%, Best Valid: 33.83%, Best Test: 34.21%
Epoch: 100, Loss: 0.1432, Train: 90.34%, Valid: 76.91%, Test: 76.45%, Best Valid: 78.86%, Best Test: 77.85%
Epoch: 200, Loss: 0.0472, Train: 97.41%, Valid: 76.55%, Test: 75.95%, Best Valid: 78.86%, Best Test: 77.85%
Epoch: 300, Loss: 0.1765, Train: 91.72%, Valid: 72.79%, Test: 71.92%, Best Valid: 78.86%, Best Test: 77.85%
Epoch: 400, Loss: 0.0729, Train: 94.83%, Valid: 74.33%, Test: 73.49%, Best Valid: 78.86%, Best Test: 77.85%
Epoch: 500, Loss: 0.0510, Train: 95.69%, Valid: 75.26%, Test: 74.70%, Best Valid: 78.86%, Best Test: 77.85%
Epoch: 600, Loss: 0.0662, Train: 91.72%, Valid: 72.94%, Test: 72.91%, Best Valid: 78.86%, Best Test: 77.85%
Epoch: 700, Loss: 0.0436, Train: 98.79%, Valid: 77.00%, Test: 75.25%, Best Valid: 78.86%, Best Test: 77.85%
Epoch: 800, Loss: 0.0450, Train: 95.00%, Valid: 73.78%, Test: 72.87%, Best Valid: 78.86%, Best Test: 77.85%
Epoch: 900, Loss: 0.0719, Train: 86.03%, Valid: 69.72%, Test: 68.63%, Best Valid: 78.86%, Best Test: 77.85%
Run 02:
Highest Train: 99.83
Highest Valid: 78.86
Highest Test: 77.85
Chosen epoch: 57
Final Train: 91.72
Final Test: 77.85
Pre-training MLP for 500 epochs to generate co-occurrence matrix...
MLP pre-training complete. Penalty matrix frozen.
Epoch: 00, Loss: 3.7689, Train: 24.31%, Valid: 24.16%, Test: 24.29%, Best Valid: 24.16%, Best Test: 24.29%
Epoch: 100, Loss: 0.1089, Train: 93.10%, Valid: 78.52%, Test: 76.96%, Best Valid: 81.06%, Best Test: 79.49%
Epoch: 200, Loss: 0.0375, Train: 97.41%, Valid: 79.58%, Test: 78.35%, Best Valid: 81.06%, Best Test: 79.49%
Epoch: 300, Loss: 0.0433, Train: 98.10%, Valid: 80.09%, Test: 78.71%, Best Valid: 81.06%, Best Test: 79.49%
Epoch: 400, Loss: 0.0511, Train: 99.31%, Valid: 79.47%, Test: 78.13%, Best Valid: 81.06%, Best Test: 79.49%
Epoch: 500, Loss: 0.0659, Train: 85.86%, Valid: 70.10%, Test: 69.03%, Best Valid: 81.06%, Best Test: 79.49%
Epoch: 600, Loss: 0.0748, Train: 84.14%, Valid: 72.30%, Test: 70.99%, Best Valid: 81.06%, Best Test: 79.49%
Epoch: 700, Loss: 0.0585, Train: 92.76%, Valid: 75.46%, Test: 73.06%, Best Valid: 81.06%, Best Test: 79.49%
Epoch: 800, Loss: 0.0547, Train: 92.07%, Valid: 74.88%, Test: 73.66%, Best Valid: 81.06%, Best Test: 79.49%
Epoch: 900, Loss: 0.0685, Train: 96.72%, Valid: 79.22%, Test: 78.57%, Best Valid: 81.06%, Best Test: 79.49%
Run 03:
Highest Train: 99.83
Highest Valid: 81.06
Highest Test: 79.87
Chosen epoch: 38
Final Train: 90.52
Final Test: 79.49
Pre-training MLP for 500 epochs to generate co-occurrence matrix...
MLP pre-training complete. Penalty matrix frozen.
Epoch: 00, Loss: 4.2202, Train: 18.45%, Valid: 18.39%, Test: 18.40%, Best Valid: 18.39%, Best Test: 18.40%
Epoch: 100, Loss: 0.1376, Train: 84.48%, Valid: 67.35%, Test: 66.63%, Best Valid: 77.99%, Best Test: 77.25%
Epoch: 200, Loss: 0.0556, Train: 96.03%, Valid: 74.76%, Test: 74.29%, Best Valid: 77.99%, Best Test: 77.25%
Epoch: 300, Loss: 0.0634, Train: 95.52%, Valid: 70.86%, Test: 70.53%, Best Valid: 77.99%, Best Test: 77.25%
Epoch: 400, Loss: 0.0647, Train: 90.69%, Valid: 71.86%, Test: 71.64%, Best Valid: 77.99%, Best Test: 77.25%
Epoch: 500, Loss: 0.0690, Train: 83.28%, Valid: 65.49%, Test: 63.55%, Best Valid: 77.99%, Best Test: 77.25%
Epoch: 600, Loss: 0.0968, Train: 82.76%, Valid: 62.59%, Test: 62.32%, Best Valid: 77.99%, Best Test: 77.25%
Epoch: 700, Loss: 0.0194, Train: 98.62%, Valid: 74.97%, Test: 73.59%, Best Valid: 77.99%, Best Test: 77.25%
Epoch: 800, Loss: 0.0704, Train: 91.90%, Valid: 71.03%, Test: 70.65%, Best Valid: 77.99%, Best Test: 77.25%
Epoch: 900, Loss: 0.0327, Train: 97.59%, Valid: 70.80%, Test: 71.28%, Best Valid: 77.99%, Best Test: 77.25%
Run 04:
Highest Train: 99.83
Highest Valid: 77.99
Highest Test: 77.46
Chosen epoch: 50
Final Train: 88.62
Final Test: 77.25
Pre-training MLP for 500 epochs to generate co-occurrence matrix...
MLP pre-training complete. Penalty matrix frozen.
Epoch: 00, Loss: 3.9606, Train: 30.69%, Valid: 30.26%, Test: 30.19%, Best Valid: 30.26%, Best Test: 30.19%
Epoch: 100, Loss: 0.1317, Train: 93.97%, Valid: 78.56%, Test: 77.34%, Best Valid: 80.60%, Best Test: 79.24%
Epoch: 200, Loss: 0.0314, Train: 90.34%, Valid: 70.48%, Test: 68.84%, Best Valid: 80.60%, Best Test: 79.24%
Epoch: 300, Loss: 0.0908, Train: 96.21%, Valid: 73.13%, Test: 72.28%, Best Valid: 80.60%, Best Test: 79.24%
Epoch: 400, Loss: 0.0491, Train: 98.79%, Valid: 75.48%, Test: 75.35%, Best Valid: 80.60%, Best Test: 79.24%
Epoch: 500, Loss: 0.0688, Train: 95.17%, Valid: 73.51%, Test: 73.46%, Best Valid: 80.60%, Best Test: 79.24%
Epoch: 600, Loss: 0.0842, Train: 93.45%, Valid: 73.17%, Test: 73.13%, Best Valid: 80.60%, Best Test: 79.24%
Epoch: 700, Loss: 0.0989, Train: 96.21%, Valid: 74.46%, Test: 73.83%, Best Valid: 80.60%, Best Test: 79.24%
Epoch: 800, Loss: 0.0617, Train: 82.24%, Valid: 67.50%, Test: 66.67%, Best Valid: 80.60%, Best Test: 79.24%
Epoch: 900, Loss: 0.0710, Train: 92.24%, Valid: 71.81%, Test: 71.71%, Best Valid: 80.60%, Best Test: 79.24%
Run 05:
Highest Train: 99.83
Highest Valid: 80.60
Highest Test: 79.24
Chosen epoch: 62
Final Train: 93.10
Final Test: 79.24
All runs:
Highest Train: 99.83 ± 0.00
Highest Test: 78.54 ± 0.99
Highest Valid: 79.58 ± 1.26
  Final Train: 92.66 ± 4.07
   Final Test: 78.31 ± 1.00
Saving results to mlp_gt/results_full/wikics/sgformer.csv

Running with MLP-GT Regularization (lambda=0.2)...
Namespace(aggregate='add', alpha=0.5, attention='gcn', beta=-1.0, bn=False, cpu=False, data_dir='../data/', dataset='wikics', device=0, dim_inner=256, display_step=100, dropout=0.3, epochs=1000, global_dropout=None, global_layers=2, gnn='gcn', graph_weight=0.5, hidden_channels=256, hops=10, in_dropout=0.0, jk=False, label_num_per_class=20, lambda_val=0.2, layers=3, ln=False, local_gnn_type='GCN', local_layers=7, lr=0.01, metric='acc', mlp_epochs=500, mlp_reg=True, model='sgformer', model_dir='./model/', n_heads=1, num_centroids=4096, num_heads=1, oracle_reg=False, pe_types='RWSE', pre_linear=False, pre_ln=False, rand_split=False, rand_split_class=False, reg_start_epoch=10, reg_update_freq=5, res=False, result_dir='mlp_gt/results_full', runs=5, save_model=False, save_result=False, seed=42, test_num=1000, train_prop=0.5, use_act=True, use_bn=True, use_graph=True, use_reg=True, use_residual=True, use_weight=False, valid_num=500, valid_prop=0.25, weight_decay=0.0005)
wikics
dataset wikics | num nodes 11701 | num edge 431726 | num node feats 300 | num classes 10
MODEL: SGFormer(
  (trans_conv): TransConv(
    (convs): ModuleList(
      (0): TransConvLayer(
        (Wk): Linear(in_features=256, out_features=256, bias=True)
        (Wq): Linear(in_features=256, out_features=256, bias=True)
      )
      (1): TransConvLayer(
        (Wk): Linear(in_features=256, out_features=256, bias=True)
        (Wq): Linear(in_features=256, out_features=256, bias=True)
      )
      (2): TransConvLayer(
        (Wk): Linear(in_features=256, out_features=256, bias=True)
        (Wq): Linear(in_features=256, out_features=256, bias=True)
      )
    )
    (fcs): ModuleList(
      (0): Linear(in_features=300, out_features=256, bias=True)
    )
    (bns): ModuleList(
      (0): LayerNorm((256,), eps=1e-05, elementwise_affine=True)
      (1): LayerNorm((256,), eps=1e-05, elementwise_affine=True)
      (2): LayerNorm((256,), eps=1e-05, elementwise_affine=True)
      (3): LayerNorm((256,), eps=1e-05, elementwise_affine=True)
    )
  )
  (gnn): GCN(
    (convs): ModuleList(
      (0): GCNConv(300, 256)
      (1): GCNConv(256, 256)
      (2): GCNConv(256, 256)
    )
    (bns): ModuleList(
      (0): BatchNorm1d(256, eps=1e-05, momentum=0.1, affine=True, track_running_stats=True)
      (1): BatchNorm1d(256, eps=1e-05, momentum=0.1, affine=True, track_running_stats=True)
    )
  )
  (fc): Linear(in_features=256, out_features=10, bias=True)
)
Pre-training MLP for 500 epochs to generate co-occurrence matrix...
MLP pre-training complete. Penalty matrix frozen.
Epoch: 00, Loss: 2.8801, Train: 32.24%, Valid: 30.70%, Test: 31.37%, Best Valid: 30.70%, Best Test: 31.37%
Epoch: 100, Loss: 0.0685, Train: 96.72%, Valid: 77.38%, Test: 76.21%, Best Valid: 78.44%, Best Test: 77.51%
Epoch: 200, Loss: 0.1236, Train: 85.69%, Valid: 68.89%, Test: 68.77%, Best Valid: 78.65%, Best Test: 77.44%
Epoch: 300, Loss: 0.0910, Train: 77.24%, Valid: 59.42%, Test: 58.85%, Best Valid: 78.65%, Best Test: 77.44%
Epoch: 400, Loss: 0.0807, Train: 95.52%, Valid: 76.22%, Test: 75.32%, Best Valid: 78.65%, Best Test: 77.44%
Epoch: 500, Loss: 0.0683, Train: 86.38%, Valid: 71.08%, Test: 70.46%, Best Valid: 78.65%, Best Test: 77.44%
Epoch: 600, Loss: 0.0690, Train: 90.86%, Valid: 71.90%, Test: 71.44%, Best Valid: 78.65%, Best Test: 77.44%
Epoch: 700, Loss: 0.0608, Train: 95.69%, Valid: 73.76%, Test: 73.32%, Best Valid: 78.65%, Best Test: 77.44%
Epoch: 800, Loss: 0.0643, Train: 93.10%, Valid: 74.25%, Test: 73.68%, Best Valid: 78.65%, Best Test: 77.44%
Epoch: 900, Loss: 0.0726, Train: 88.79%, Valid: 71.14%, Test: 71.03%, Best Valid: 78.65%, Best Test: 77.44%
Run 01:
Highest Train: 100.00
Highest Valid: 78.65
Highest Test: 78.54
Chosen epoch: 109
Final Train: 99.14
Final Test: 77.44
Pre-training MLP for 500 epochs to generate co-occurrence matrix...
MLP pre-training complete. Penalty matrix frozen.
Epoch: 00, Loss: 4.1134, Train: 33.79%, Valid: 32.71%, Test: 33.11%, Best Valid: 32.71%, Best Test: 33.11%
Epoch: 100, Loss: 0.1272, Train: 92.93%, Valid: 77.04%, Test: 75.44%, Best Valid: 78.97%, Best Test: 77.22%
Epoch: 200, Loss: 0.0635, Train: 89.14%, Valid: 73.08%, Test: 71.63%, Best Valid: 78.97%, Best Test: 77.22%
Epoch: 300, Loss: 0.0440, Train: 96.72%, Valid: 75.98%, Test: 74.41%, Best Valid: 78.97%, Best Test: 77.22%
Epoch: 400, Loss: 0.0619, Train: 88.97%, Valid: 72.51%, Test: 70.93%, Best Valid: 78.97%, Best Test: 77.22%
Epoch: 500, Loss: 0.1083, Train: 64.14%, Valid: 54.99%, Test: 55.58%, Best Valid: 78.97%, Best Test: 77.22%
Epoch: 600, Loss: 0.0759, Train: 50.34%, Valid: 40.67%, Test: 40.48%, Best Valid: 78.97%, Best Test: 77.22%
Epoch: 700, Loss: 0.0759, Train: 97.59%, Valid: 75.62%, Test: 74.31%, Best Valid: 78.97%, Best Test: 77.22%
Epoch: 800, Loss: 0.0934, Train: 56.03%, Valid: 45.53%, Test: 45.51%, Best Valid: 78.97%, Best Test: 77.22%
Epoch: 900, Loss: 0.0655, Train: 96.38%, Valid: 75.77%, Test: 74.64%, Best Valid: 78.97%, Best Test: 77.22%
Run 02:
Highest Train: 99.48
Highest Valid: 78.97
Highest Test: 77.63
Chosen epoch: 55
Final Train: 91.90
Final Test: 77.22
Pre-training MLP for 500 epochs to generate co-occurrence matrix...
MLP pre-training complete. Penalty matrix frozen.
Epoch: 00, Loss: 4.4672, Train: 32.07%, Valid: 31.65%, Test: 31.47%, Best Valid: 31.65%, Best Test: 31.47%
Epoch: 100, Loss: 0.0948, Train: 89.31%, Valid: 75.27%, Test: 73.54%, Best Valid: 81.42%, Best Test: 79.85%
Epoch: 200, Loss: 0.0514, Train: 87.24%, Valid: 72.70%, Test: 71.99%, Best Valid: 81.42%, Best Test: 79.85%
Epoch: 300, Loss: 0.0347, Train: 84.14%, Valid: 73.04%, Test: 72.70%, Best Valid: 81.42%, Best Test: 79.85%
Epoch: 400, Loss: 0.0701, Train: 82.93%, Valid: 71.31%, Test: 70.48%, Best Valid: 81.42%, Best Test: 79.85%
Epoch: 500, Loss: 0.0600, Train: 72.59%, Valid: 62.55%, Test: 62.07%, Best Valid: 81.42%, Best Test: 79.85%
Epoch: 600, Loss: 0.0834, Train: 92.07%, Valid: 76.98%, Test: 75.20%, Best Valid: 81.42%, Best Test: 79.85%
Epoch: 700, Loss: 0.0648, Train: 91.55%, Valid: 72.64%, Test: 71.30%, Best Valid: 81.42%, Best Test: 79.85%
Epoch: 800, Loss: 0.0538, Train: 90.17%, Valid: 72.66%, Test: 71.85%, Best Valid: 81.42%, Best Test: 79.85%
Epoch: 900, Loss: 0.0686, Train: 94.83%, Valid: 75.84%, Test: 75.53%, Best Valid: 81.42%, Best Test: 79.85%
Run 03:
Highest Train: 99.48
Highest Valid: 81.42
Highest Test: 80.11
Chosen epoch: 74
Final Train: 95.34
Final Test: 79.85
Pre-training MLP for 500 epochs to generate co-occurrence matrix...
MLP pre-training complete. Penalty matrix frozen.
Epoch: 00, Loss: 4.6740, Train: 20.00%, Valid: 21.58%, Test: 21.12%, Best Valid: 21.58%, Best Test: 21.12%
Epoch: 100, Loss: 0.1279, Train: 89.66%, Valid: 74.59%, Test: 73.68%, Best Valid: 78.78%, Best Test: 77.85%
Epoch: 200, Loss: 0.0698, Train: 92.41%, Valid: 73.30%, Test: 72.33%, Best Valid: 78.78%, Best Test: 77.85%
Epoch: 300, Loss: 0.0556, Train: 96.03%, Valid: 75.84%, Test: 74.53%, Best Valid: 78.78%, Best Test: 77.85%
Epoch: 400, Loss: 0.0882, Train: 89.83%, Valid: 68.52%, Test: 68.70%, Best Valid: 78.78%, Best Test: 77.85%
Epoch: 500, Loss: 0.0327, Train: 90.69%, Valid: 67.08%, Test: 66.63%, Best Valid: 78.78%, Best Test: 77.85%
Epoch: 600, Loss: 0.0857, Train: 87.41%, Valid: 68.05%, Test: 67.78%, Best Valid: 78.78%, Best Test: 77.85%
Epoch: 700, Loss: 0.0611, Train: 90.00%, Valid: 70.35%, Test: 69.40%, Best Valid: 78.78%, Best Test: 77.85%
Epoch: 800, Loss: 0.0322, Train: 91.72%, Valid: 70.78%, Test: 69.73%, Best Valid: 78.78%, Best Test: 77.85%
Epoch: 900, Loss: 0.0474, Train: 76.21%, Valid: 55.61%, Test: 55.67%, Best Valid: 78.78%, Best Test: 77.85%
Run 04:
Highest Train: 99.66
Highest Valid: 78.78
Highest Test: 78.21
Chosen epoch: 49
Final Train: 89.14
Final Test: 77.85
Pre-training MLP for 500 epochs to generate co-occurrence matrix...
MLP pre-training complete. Penalty matrix frozen.
Epoch: 00, Loss: 4.1923, Train: 26.38%, Valid: 25.26%, Test: 25.24%, Best Valid: 25.26%, Best Test: 25.24%
Epoch: 100, Loss: 0.1710, Train: 81.38%, Valid: 67.69%, Test: 66.50%, Best Valid: 80.13%, Best Test: 79.12%
Epoch: 200, Loss: 0.0699, Train: 92.59%, Valid: 73.27%, Test: 72.12%, Best Valid: 80.13%, Best Test: 79.12%
Epoch: 300, Loss: 0.0741, Train: 80.69%, Valid: 65.66%, Test: 64.60%, Best Valid: 80.13%, Best Test: 79.12%
Epoch: 400, Loss: 0.0497, Train: 94.31%, Valid: 72.15%, Test: 72.33%, Best Valid: 80.13%, Best Test: 79.12%
Epoch: 500, Loss: 0.0733, Train: 97.24%, Valid: 76.11%, Test: 75.41%, Best Valid: 80.13%, Best Test: 79.12%
Epoch: 600, Loss: 0.0813, Train: 83.28%, Valid: 69.70%, Test: 68.36%, Best Valid: 80.13%, Best Test: 79.12%
Epoch: 700, Loss: 0.0760, Train: 85.69%, Valid: 68.52%, Test: 68.51%, Best Valid: 80.13%, Best Test: 79.12%
Epoch: 800, Loss: 0.0519, Train: 85.34%, Valid: 69.17%, Test: 67.45%, Best Valid: 80.13%, Best Test: 79.12%
Epoch: 900, Loss: 0.1137, Train: 93.97%, Valid: 75.16%, Test: 74.40%, Best Valid: 80.13%, Best Test: 79.12%
Run 05:
Highest Train: 99.83
Highest Valid: 80.13
Highest Test: 79.12
Chosen epoch: 50
Final Train: 91.55
Final Test: 79.12
All runs:
Highest Train: 99.69 ± 0.22
Highest Test: 78.72 ± 0.94
Highest Valid: 79.59 ± 1.18
  Final Train: 93.41 ± 3.89
   Final Test: 78.30 ± 1.14
Saving results to mlp_gt/results_full/wikics/sgformer.csv

Running with MLP-GT Regularization (lambda=0.4)...
Namespace(aggregate='add', alpha=0.5, attention='gcn', beta=-1.0, bn=False, cpu=False, data_dir='../data/', dataset='wikics', device=0, dim_inner=256, display_step=100, dropout=0.3, epochs=1000, global_dropout=None, global_layers=2, gnn='gcn', graph_weight=0.5, hidden_channels=256, hops=10, in_dropout=0.0, jk=False, label_num_per_class=20, lambda_val=0.4, layers=3, ln=False, local_gnn_type='GCN', local_layers=7, lr=0.01, metric='acc', mlp_epochs=500, mlp_reg=True, model='sgformer', model_dir='./model/', n_heads=1, num_centroids=4096, num_heads=1, oracle_reg=False, pe_types='RWSE', pre_linear=False, pre_ln=False, rand_split=False, rand_split_class=False, reg_start_epoch=10, reg_update_freq=5, res=False, result_dir='mlp_gt/results_full', runs=5, save_model=False, save_result=False, seed=42, test_num=1000, train_prop=0.5, use_act=True, use_bn=True, use_graph=True, use_reg=True, use_residual=True, use_weight=False, valid_num=500, valid_prop=0.25, weight_decay=0.0005)
wikics
dataset wikics | num nodes 11701 | num edge 431726 | num node feats 300 | num classes 10
MODEL: SGFormer(
  (trans_conv): TransConv(
    (convs): ModuleList(
      (0): TransConvLayer(
        (Wk): Linear(in_features=256, out_features=256, bias=True)
        (Wq): Linear(in_features=256, out_features=256, bias=True)
      )
      (1): TransConvLayer(
        (Wk): Linear(in_features=256, out_features=256, bias=True)
        (Wq): Linear(in_features=256, out_features=256, bias=True)
      )
      (2): TransConvLayer(
        (Wk): Linear(in_features=256, out_features=256, bias=True)
        (Wq): Linear(in_features=256, out_features=256, bias=True)
      )
    )
    (fcs): ModuleList(
      (0): Linear(in_features=300, out_features=256, bias=True)
    )
    (bns): ModuleList(
      (0): LayerNorm((256,), eps=1e-05, elementwise_affine=True)
      (1): LayerNorm((256,), eps=1e-05, elementwise_affine=True)
      (2): LayerNorm((256,), eps=1e-05, elementwise_affine=True)
      (3): LayerNorm((256,), eps=1e-05, elementwise_affine=True)
    )
  )
  (gnn): GCN(
    (convs): ModuleList(
      (0): GCNConv(300, 256)
      (1): GCNConv(256, 256)
      (2): GCNConv(256, 256)
    )
    (bns): ModuleList(
      (0): BatchNorm1d(256, eps=1e-05, momentum=0.1, affine=True, track_running_stats=True)
      (1): BatchNorm1d(256, eps=1e-05, momentum=0.1, affine=True, track_running_stats=True)
    )
  )
  (fc): Linear(in_features=256, out_features=10, bias=True)
)
Pre-training MLP for 500 epochs to generate co-occurrence matrix...
MLP pre-training complete. Penalty matrix frozen.
Epoch: 00, Loss: 3.3602, Train: 28.28%, Valid: 28.21%, Test: 28.39%, Best Valid: 28.21%, Best Test: 28.39%
Epoch: 100, Loss: 0.1213, Train: 56.21%, Valid: 46.47%, Test: 46.21%, Best Valid: 78.80%, Best Test: 78.14%
Epoch: 200, Loss: 0.0764, Train: 92.76%, Valid: 71.88%, Test: 71.51%, Best Valid: 78.80%, Best Test: 78.14%
Epoch: 300, Loss: 0.0946, Train: 83.79%, Valid: 65.36%, Test: 64.32%, Best Valid: 78.80%, Best Test: 78.14%
Epoch: 400, Loss: 0.0918, Train: 85.52%, Valid: 69.36%, Test: 68.07%, Best Valid: 78.80%, Best Test: 78.14%
Epoch: 500, Loss: 0.0884, Train: 81.38%, Valid: 64.33%, Test: 63.57%, Best Valid: 78.80%, Best Test: 78.14%
Epoch: 600, Loss: 0.1511, Train: 72.24%, Valid: 61.00%, Test: 60.85%, Best Valid: 78.80%, Best Test: 78.14%
Epoch: 700, Loss: 0.0881, Train: 90.86%, Valid: 72.94%, Test: 72.72%, Best Valid: 78.80%, Best Test: 78.14%
Epoch: 800, Loss: 0.0427, Train: 92.93%, Valid: 74.55%, Test: 73.39%, Best Valid: 78.80%, Best Test: 78.14%
Epoch: 900, Loss: 0.0733, Train: 97.24%, Valid: 76.34%, Test: 75.89%, Best Valid: 78.80%, Best Test: 78.14%
Run 01:
Highest Train: 99.66
Highest Valid: 78.80
Highest Test: 78.14
Chosen epoch: 50
Final Train: 95.00
Final Test: 78.14
Pre-training MLP for 500 epochs to generate co-occurrence matrix...
MLP pre-training complete. Penalty matrix frozen.
Epoch: 00, Loss: 4.8073, Train: 37.07%, Valid: 37.07%, Test: 37.10%, Best Valid: 37.07%, Best Test: 37.10%
Epoch: 100, Loss: 0.1825, Train: 91.38%, Valid: 76.73%, Test: 75.46%, Best Valid: 79.33%, Best Test: 77.13%
Epoch: 200, Loss: 0.0761, Train: 92.59%, Valid: 74.67%, Test: 74.50%, Best Valid: 79.33%, Best Test: 77.13%
Epoch: 300, Loss: 0.0869, Train: 88.79%, Valid: 70.86%, Test: 70.09%, Best Valid: 79.33%, Best Test: 77.13%
Epoch: 400, Loss: 0.0814, Train: 94.83%, Valid: 75.26%, Test: 73.99%, Best Valid: 79.33%, Best Test: 77.13%
Epoch: 500, Loss: 0.1541, Train: 81.72%, Valid: 70.33%, Test: 69.04%, Best Valid: 79.33%, Best Test: 77.13%
Epoch: 600, Loss: 0.1067, Train: 97.24%, Valid: 77.04%, Test: 75.47%, Best Valid: 79.33%, Best Test: 77.13%
Epoch: 700, Loss: 0.0502, Train: 90.52%, Valid: 71.86%, Test: 70.94%, Best Valid: 79.33%, Best Test: 77.13%
Epoch: 800, Loss: 0.1147, Train: 62.76%, Valid: 53.17%, Test: 54.25%, Best Valid: 79.33%, Best Test: 77.13%
Epoch: 900, Loss: 0.0669, Train: 92.59%, Valid: 72.47%, Test: 71.93%, Best Valid: 79.33%, Best Test: 77.13%
Run 02:
Highest Train: 99.48
Highest Valid: 79.33
Highest Test: 77.37
Chosen epoch: 55
Final Train: 90.69
Final Test: 77.13
Pre-training MLP for 500 epochs to generate co-occurrence matrix...
MLP pre-training complete. Penalty matrix frozen.
Epoch: 00, Loss: 4.9890, Train: 40.34%, Valid: 38.68%, Test: 38.77%, Best Valid: 38.68%, Best Test: 38.77%
Epoch: 100, Loss: 0.0958, Train: 90.69%, Valid: 76.73%, Test: 75.03%, Best Valid: 81.30%, Best Test: 79.17%
Epoch: 200, Loss: 0.0627, Train: 74.31%, Valid: 65.91%, Test: 64.77%, Best Valid: 81.30%, Best Test: 79.17%
Epoch: 300, Loss: 0.0387, Train: 91.38%, Valid: 73.76%, Test: 72.05%, Best Valid: 81.30%, Best Test: 79.17%
Epoch: 400, Loss: 0.1176, Train: 64.66%, Valid: 56.67%, Test: 55.40%, Best Valid: 81.40%, Best Test: 79.43%
Epoch: 500, Loss: 0.0638, Train: 92.76%, Valid: 78.67%, Test: 76.93%, Best Valid: 81.40%, Best Test: 79.43%
Epoch: 600, Loss: 0.0863, Train: 96.72%, Valid: 74.78%, Test: 73.94%, Best Valid: 81.40%, Best Test: 79.43%
Epoch: 700, Loss: 0.1063, Train: 85.86%, Valid: 70.59%, Test: 69.03%, Best Valid: 81.40%, Best Test: 79.43%
Epoch: 800, Loss: 0.0649, Train: 94.48%, Valid: 75.29%, Test: 74.16%, Best Valid: 81.40%, Best Test: 79.43%
Epoch: 900, Loss: 0.1098, Train: 82.07%, Valid: 67.05%, Test: 65.59%, Best Valid: 81.40%, Best Test: 79.43%
Run 03:
Highest Train: 99.83
Highest Valid: 81.40
Highest Test: 80.04
Chosen epoch: 315
Final Train: 99.83
Final Test: 79.43
Pre-training MLP for 500 epochs to generate co-occurrence matrix...
MLP pre-training complete. Penalty matrix frozen.
Epoch: 00, Loss: 5.7804, Train: 21.72%, Valid: 22.32%, Test: 21.36%, Best Valid: 22.32%, Best Test: 21.36%
Epoch: 100, Loss: 0.1428, Train: 91.38%, Valid: 73.61%, Test: 73.23%, Best Valid: 78.57%, Best Test: 77.77%
Epoch: 200, Loss: 0.1066, Train: 92.41%, Valid: 71.62%, Test: 71.23%, Best Valid: 78.57%, Best Test: 77.77%
Epoch: 300, Loss: 0.0664, Train: 86.21%, Valid: 69.06%, Test: 67.61%, Best Valid: 78.57%, Best Test: 77.77%
Epoch: 400, Loss: 0.0579, Train: 93.28%, Valid: 73.27%, Test: 72.34%, Best Valid: 78.57%, Best Test: 77.77%
Epoch: 500, Loss: 0.0976, Train: 92.24%, Valid: 72.17%, Test: 72.09%, Best Valid: 78.57%, Best Test: 77.77%
Epoch: 600, Loss: 0.0564, Train: 90.34%, Valid: 70.86%, Test: 70.50%, Best Valid: 78.57%, Best Test: 77.77%
Epoch: 700, Loss: 0.0771, Train: 68.28%, Valid: 55.50%, Test: 54.88%, Best Valid: 78.57%, Best Test: 77.77%
Epoch: 800, Loss: 0.0504, Train: 91.21%, Valid: 68.70%, Test: 67.85%, Best Valid: 78.57%, Best Test: 77.77%
Epoch: 900, Loss: 0.2092, Train: 72.07%, Valid: 56.07%, Test: 56.92%, Best Valid: 78.57%, Best Test: 77.77%
Run 04:
Highest Train: 100.00
Highest Valid: 78.57
Highest Test: 78.11
Chosen epoch: 67
Final Train: 91.90
Final Test: 77.77
Pre-training MLP for 500 epochs to generate co-occurrence matrix...
MLP pre-training complete. Penalty matrix frozen.
Epoch: 00, Loss: 4.9699, Train: 36.03%, Valid: 34.30%, Test: 34.38%, Best Valid: 34.30%, Best Test: 34.38%
Epoch: 100, Loss: 0.1603, Train: 86.03%, Valid: 72.07%, Test: 71.64%, Best Valid: 80.28%, Best Test: 78.78%
Epoch: 200, Loss: 0.1538, Train: 87.76%, Valid: 69.68%, Test: 68.51%, Best Valid: 80.28%, Best Test: 78.78%
Epoch: 300, Loss: 0.0878, Train: 90.00%, Valid: 72.18%, Test: 71.93%, Best Valid: 80.28%, Best Test: 78.78%
Epoch: 400, Loss: 0.1202, Train: 81.55%, Valid: 64.77%, Test: 62.46%, Best Valid: 80.28%, Best Test: 78.78%
Epoch: 500, Loss: 0.0665, Train: 97.76%, Valid: 74.74%, Test: 74.09%, Best Valid: 80.28%, Best Test: 78.78%
Epoch: 600, Loss: 0.0723, Train: 98.97%, Valid: 76.03%, Test: 75.99%, Best Valid: 80.28%, Best Test: 78.78%
Epoch: 700, Loss: 0.1075, Train: 84.48%, Valid: 71.41%, Test: 70.12%, Best Valid: 80.28%, Best Test: 78.78%
Epoch: 800, Loss: 0.1043, Train: 97.93%, Valid: 74.31%, Test: 73.51%, Best Valid: 80.28%, Best Test: 78.78%
Epoch: 900, Loss: 0.0463, Train: 97.07%, Valid: 76.17%, Test: 75.13%, Best Valid: 80.28%, Best Test: 78.78%
Run 05:
Highest Train: 100.00
Highest Valid: 80.28
Highest Test: 78.79
Chosen epoch: 68
Final Train: 93.28
Final Test: 78.78
All runs:
Highest Train: 99.79 ± 0.22
Highest Test: 78.49 ± 1.00
Highest Valid: 79.68 ± 1.17
  Final Train: 94.14 ± 3.56
   Final Test: 78.25 ± 0.89
Saving results to mlp_gt/results_full/wikics/sgformer.csv

GT sweep completed!
==========================================================
Task 39 (sgformer / wikics) completed at: Tue Apr 28 09:46:32 AM EDT 2026
==========================================================
