==========================================================
MLP-GT Full Sweep | Task 34
Job: 1011972 | Date: Tue Apr 28 08:15:52 AM EDT 2026 | Host: n0091
==========================================================
Tue Apr 28 08:15:55 2026       
+-----------------------------------------------------------------------------------------+
| NVIDIA-SMI 570.211.01             Driver Version: 570.211.01     CUDA Version: 12.8     |
|-----------------------------------------+------------------------+----------------------+
| GPU  Name                 Persistence-M | Bus-Id          Disp.A | Volatile Uncorr. ECC |
| Fan  Temp   Perf          Pwr:Usage/Cap |           Memory-Usage | GPU-Util  Compute M. |
|                                         |                        |               MIG M. |
|=========================================+========================+======================|
|   0  NVIDIA A100-SXM4-80GB          On  |   00000000:01:00.0 Off |                   On |
| N/A   41C    P0            153W /  500W |    3124MiB /  81920MiB |     N/A      Default |
|                                         |                        |              Enabled |
+-----------------------------------------+------------------------+----------------------+
|   1  NVIDIA A100-SXM4-80GB          On  |   00000000:41:00.0 Off |                   On |
| N/A   29C    P0             92W /  500W |     689MiB /  81920MiB |     N/A      Default |
|                                         |                        |              Enabled |
+-----------------------------------------+------------------------+----------------------+
|   2  NVIDIA A100-SXM4-80GB          On  |   00000000:81:00.0 Off |                   On |
| N/A   38C    P0            142W /  500W |    1306MiB /  81920MiB |     N/A      Default |
|                                         |                        |              Enabled |
+-----------------------------------------+------------------------+----------------------+
|   3  NVIDIA A100-SXM4-80GB          On  |   00000000:C1:00.0 Off |                   On |
| N/A   34C    P0            144W /  500W |    2084MiB /  81920MiB |     N/A      Default |
|                                         |                        |              Enabled |
+-----------------------------------------+------------------------+----------------------+

+-----------------------------------------------------------------------------------------+
| MIG devices:                                                                            |
+------------------+----------------------------------+-----------+-----------------------+
| GPU  GI  CI  MIG |                     Memory-Usage |        Vol|        Shared         |
|      ID  ID  Dev |                       BAR1-Usage | SM     Unc| CE ENC  DEC  OFA  JPG |
|                  |                                  |        ECC|                       |
|==================+==================================+===========+=======================|
|  1    5   0   0  |              53MiB / 19968MiB    | 28      0 |  2   0    1    0    0 |
|                  |                 0MiB / 32767MiB  |           |                       |
+------------------+----------------------------------+-----------+-----------------------+
                                                                                         
+-----------------------------------------------------------------------------------------+
| Processes:                                                                              |
|  GPU   GI   CI              PID   Type   Process name                        GPU Memory |
|        ID   ID                                                               Usage      |
|=========================================================================================|
|    0    1    0           665824      C   python                                  732MiB |
|    0    5    0           670123      C   python                                 2196MiB |
|    2    3    0           671596      C   python                                 1116MiB |
|    3    5    0           671844      C   python                                 1894MiB |
+-----------------------------------------------------------------------------------------+
1.12.1
True
NVIDIA A100-SXM4-80GB MIG 2g.20gb
Model: sgformer | Dataset: roman-empire
Split flags: 
==========================================================
Starting mlp_gt GT Sweep for:
python main.py --model sgformer --dataset roman-empire         --hidden_channels 256 --layers 3 --num_heads 1         --lr 0.01 --weight_decay 5e-4 --dropout 0.3         --use_graph --use_act --alpha 0.5 --use_residual --use_bn --graph_weight 0.5         --epochs 1000         --runs 5 --device 0         
Result dir: mlp_gt/results_full
==========================================================
Running GT Baseline (no reg)...
Namespace(aggregate='add', alpha=0.5, attention='gcn', beta=-1.0, bn=False, cpu=False, data_dir='../data/', dataset='roman-empire', device=0, dim_inner=256, display_step=100, dropout=0.3, epochs=1000, global_dropout=None, global_layers=2, gnn='gcn', graph_weight=0.5, hidden_channels=256, hops=10, in_dropout=0.0, jk=False, label_num_per_class=20, lambda_val=0.5, layers=3, ln=False, local_gnn_type='GCN', local_layers=7, lr=0.01, metric='acc', mlp_epochs=500, mlp_reg=False, model='sgformer', model_dir='./model/', n_heads=1, num_centroids=4096, num_heads=1, oracle_reg=False, pe_types='RWSE', pre_linear=False, pre_ln=False, rand_split=False, rand_split_class=False, reg_start_epoch=10, reg_update_freq=5, res=False, result_dir='mlp_gt/results_full', runs=5, save_model=False, save_result=False, seed=42, test_num=1000, train_prop=0.5, use_act=True, use_bn=True, use_graph=True, use_reg=False, use_residual=True, use_weight=False, valid_num=500, valid_prop=0.25, weight_decay=0.0005)
roman-empire
dataset roman-empire | num nodes 22662 | num edge 32927 | num node feats 300 | num classes 18
MODEL: SGFormer(
  (trans_conv): TransConv(
    (convs): ModuleList(
      (0): TransConvLayer(
        (Wk): Linear(in_features=256, out_features=256, bias=True)
        (Wq): Linear(in_features=256, out_features=256, bias=True)
      )
      (1): TransConvLayer(
        (Wk): Linear(in_features=256, out_features=256, bias=True)
        (Wq): Linear(in_features=256, out_features=256, bias=True)
      )
      (2): TransConvLayer(
        (Wk): Linear(in_features=256, out_features=256, bias=True)
        (Wq): Linear(in_features=256, out_features=256, bias=True)
      )
    )
    (fcs): ModuleList(
      (0): Linear(in_features=300, out_features=256, bias=True)
    )
    (bns): ModuleList(
      (0): LayerNorm((256,), eps=1e-05, elementwise_affine=True)
      (1): LayerNorm((256,), eps=1e-05, elementwise_affine=True)
      (2): LayerNorm((256,), eps=1e-05, elementwise_affine=True)
      (3): LayerNorm((256,), eps=1e-05, elementwise_affine=True)
    )
  )
  (gnn): GCN(
    (convs): ModuleList(
      (0): GCNConv(300, 256)
      (1): GCNConv(256, 256)
      (2): GCNConv(256, 256)
    )
    (bns): ModuleList(
      (0): BatchNorm1d(256, eps=1e-05, momentum=0.1, affine=True, track_running_stats=True)
      (1): BatchNorm1d(256, eps=1e-05, momentum=0.1, affine=True, track_running_stats=True)
    )
  )
  (fc): Linear(in_features=256, out_features=18, bias=True)
)
Epoch: 00, Loss: 2.8852, Train: 41.48%, Valid: 40.81%, Test: 40.65%, Best Valid: 40.81%, Best Test: 40.65%
Epoch: 100, Loss: 0.1440, Train: 91.85%, Valid: 73.49%, Test: 72.96%, Best Valid: 74.35%, Best Test: 73.49%
Epoch: 200, Loss: 0.0927, Train: 97.48%, Valid: 72.94%, Test: 72.79%, Best Valid: 74.35%, Best Test: 73.49%
Epoch: 300, Loss: 0.0855, Train: 97.77%, Valid: 73.31%, Test: 73.56%, Best Valid: 74.35%, Best Test: 73.49%
Epoch: 400, Loss: 0.0830, Train: 97.10%, Valid: 72.30%, Test: 72.29%, Best Valid: 74.35%, Best Test: 73.49%
Epoch: 500, Loss: 0.0843, Train: 98.37%, Valid: 73.66%, Test: 73.00%, Best Valid: 74.35%, Best Test: 73.49%
Epoch: 600, Loss: 0.0830, Train: 97.56%, Valid: 72.14%, Test: 72.33%, Best Valid: 74.35%, Best Test: 73.49%
Epoch: 700, Loss: 0.0813, Train: 98.19%, Valid: 72.74%, Test: 72.54%, Best Valid: 74.35%, Best Test: 73.49%
Epoch: 800, Loss: 0.0781, Train: 99.03%, Valid: 72.48%, Test: 72.66%, Best Valid: 74.35%, Best Test: 73.49%
Epoch: 900, Loss: 0.0757, Train: 98.20%, Valid: 72.46%, Test: 72.20%, Best Valid: 74.35%, Best Test: 73.49%
Run 01:
Highest Train: 99.11
Highest Valid: 74.35
Highest Test: 74.16
Chosen epoch: 94
Final Train: 92.98
Final Test: 73.49
Epoch: 00, Loss: 4.7678, Train: 41.10%, Valid: 40.74%, Test: 41.03%, Best Valid: 40.74%, Best Test: 41.03%
Epoch: 100, Loss: 0.4160, Train: 80.65%, Valid: 71.88%, Test: 72.08%, Best Valid: 71.90%, Best Test: 71.36%
Epoch: 200, Loss: 0.1115, Train: 94.97%, Valid: 74.74%, Test: 74.53%, Best Valid: 74.74%, Best Test: 74.53%
Epoch: 300, Loss: 0.0946, Train: 96.46%, Valid: 74.26%, Test: 73.72%, Best Valid: 75.04%, Best Test: 74.13%
Epoch: 400, Loss: 0.0912, Train: 97.78%, Valid: 73.95%, Test: 72.98%, Best Valid: 75.04%, Best Test: 74.13%
Epoch: 500, Loss: 0.0748, Train: 97.92%, Valid: 74.02%, Test: 73.58%, Best Valid: 75.04%, Best Test: 74.13%
Epoch: 600, Loss: 0.0762, Train: 97.50%, Valid: 73.84%, Test: 73.07%, Best Valid: 75.04%, Best Test: 74.13%
Epoch: 700, Loss: 0.0771, Train: 98.15%, Valid: 73.50%, Test: 73.40%, Best Valid: 75.04%, Best Test: 74.13%
Epoch: 800, Loss: 0.0764, Train: 98.62%, Valid: 74.21%, Test: 73.30%, Best Valid: 75.04%, Best Test: 74.13%
Epoch: 900, Loss: 0.0709, Train: 98.78%, Valid: 73.63%, Test: 73.09%, Best Valid: 75.04%, Best Test: 74.13%
Run 02:
Highest Train: 98.86
Highest Valid: 75.04
Highest Test: 74.62
Chosen epoch: 210
Final Train: 95.77
Final Test: 74.13
Epoch: 00, Loss: 4.6310, Train: 41.96%, Valid: 41.68%, Test: 41.97%, Best Valid: 41.68%, Best Test: 41.97%
Epoch: 100, Loss: 0.3805, Train: 80.43%, Valid: 70.59%, Test: 70.46%, Best Valid: 71.72%, Best Test: 71.37%
Epoch: 200, Loss: 0.1019, Train: 95.76%, Valid: 74.44%, Test: 73.70%, Best Valid: 74.44%, Best Test: 73.70%
Epoch: 300, Loss: 0.0767, Train: 97.87%, Valid: 73.75%, Test: 73.76%, Best Valid: 74.85%, Best Test: 74.51%
Epoch: 400, Loss: 0.0738, Train: 98.11%, Valid: 73.56%, Test: 73.47%, Best Valid: 74.85%, Best Test: 74.51%
Epoch: 500, Loss: 0.0803, Train: 97.82%, Valid: 73.86%, Test: 72.98%, Best Valid: 74.85%, Best Test: 74.51%
Epoch: 600, Loss: 0.0691, Train: 97.84%, Valid: 73.15%, Test: 72.84%, Best Valid: 74.85%, Best Test: 74.51%
Epoch: 700, Loss: 0.0717, Train: 97.70%, Valid: 72.53%, Test: 71.48%, Best Valid: 74.85%, Best Test: 74.51%
Epoch: 800, Loss: 0.0721, Train: 98.05%, Valid: 73.05%, Test: 72.77%, Best Valid: 74.85%, Best Test: 74.51%
Epoch: 900, Loss: 0.0719, Train: 98.45%, Valid: 72.89%, Test: 71.97%, Best Valid: 74.85%, Best Test: 74.51%
Run 03:
Highest Train: 98.99
Highest Valid: 74.85
Highest Test: 74.51
Chosen epoch: 229
Final Train: 97.18
Final Test: 74.51
Epoch: 00, Loss: 4.7261, Train: 38.39%, Valid: 38.08%, Test: 38.74%, Best Valid: 38.08%, Best Test: 38.74%
Epoch: 100, Loss: 0.4100, Train: 81.44%, Valid: 71.00%, Test: 71.34%, Best Valid: 71.19%, Best Test: 71.48%
Epoch: 200, Loss: 0.1239, Train: 93.92%, Valid: 73.56%, Test: 73.81%, Best Valid: 73.89%, Best Test: 73.79%
Epoch: 300, Loss: 0.0840, Train: 96.99%, Valid: 73.61%, Test: 74.04%, Best Valid: 74.30%, Best Test: 73.90%
Epoch: 400, Loss: 0.0812, Train: 97.50%, Valid: 73.59%, Test: 74.25%, Best Valid: 74.33%, Best Test: 74.16%
Epoch: 500, Loss: 0.0716, Train: 98.49%, Valid: 72.99%, Test: 73.69%, Best Valid: 74.40%, Best Test: 74.29%
Epoch: 600, Loss: 0.0771, Train: 98.47%, Valid: 73.22%, Test: 73.88%, Best Valid: 74.40%, Best Test: 74.29%
Epoch: 700, Loss: 0.0782, Train: 98.27%, Valid: 73.35%, Test: 73.83%, Best Valid: 74.42%, Best Test: 74.04%
Epoch: 800, Loss: 0.0721, Train: 98.76%, Valid: 73.22%, Test: 73.46%, Best Valid: 74.42%, Best Test: 74.04%
Epoch: 900, Loss: 0.0702, Train: 98.37%, Valid: 72.67%, Test: 72.84%, Best Valid: 74.42%, Best Test: 74.04%
Run 04:
Highest Train: 99.25
Highest Valid: 74.42
Highest Test: 74.69
Chosen epoch: 654
Final Train: 97.89
Final Test: 74.04
Epoch: 00, Loss: 5.1970, Train: 39.24%, Valid: 39.95%, Test: 39.13%, Best Valid: 39.95%, Best Test: 39.13%
Epoch: 100, Loss: 0.4312, Train: 80.14%, Valid: 70.38%, Test: 70.21%, Best Valid: 70.52%, Best Test: 69.84%
Epoch: 200, Loss: 0.1108, Train: 94.78%, Valid: 73.24%, Test: 73.01%, Best Valid: 74.63%, Best Test: 73.86%
Epoch: 300, Loss: 0.0842, Train: 97.42%, Valid: 74.09%, Test: 72.66%, Best Valid: 74.63%, Best Test: 73.86%
Epoch: 400, Loss: 0.0748, Train: 97.88%, Valid: 73.98%, Test: 73.42%, Best Valid: 74.63%, Best Test: 73.86%
Epoch: 500, Loss: 0.0761, Train: 97.45%, Valid: 73.84%, Test: 72.80%, Best Valid: 74.63%, Best Test: 73.86%
Epoch: 600, Loss: 0.0707, Train: 98.32%, Valid: 73.17%, Test: 72.33%, Best Valid: 74.63%, Best Test: 73.86%
Epoch: 700, Loss: 0.0792, Train: 97.69%, Valid: 73.65%, Test: 72.94%, Best Valid: 74.63%, Best Test: 73.86%
Epoch: 800, Loss: 0.0744, Train: 98.25%, Valid: 72.96%, Test: 72.11%, Best Valid: 74.63%, Best Test: 73.86%
Epoch: 900, Loss: 0.0718, Train: 98.56%, Valid: 73.35%, Test: 72.36%, Best Valid: 74.63%, Best Test: 73.86%
Run 05:
Highest Train: 99.01
Highest Valid: 74.63
Highest Test: 73.86
Chosen epoch: 172
Final Train: 92.27
Final Test: 73.86
All runs:
Highest Train: 99.05 ± 0.14
Highest Test: 74.37 ± 0.35
Highest Valid: 74.66 ± 0.29
  Final Train: 95.22 ± 2.50
   Final Test: 74.01 ± 0.37
Saving results to mlp_gt/results_full/roman-empire/sgformer.csv

Running with MLP-GT Regularization (lambda=0.01)...
Namespace(aggregate='add', alpha=0.5, attention='gcn', beta=-1.0, bn=False, cpu=False, data_dir='../data/', dataset='roman-empire', device=0, dim_inner=256, display_step=100, dropout=0.3, epochs=1000, global_dropout=None, global_layers=2, gnn='gcn', graph_weight=0.5, hidden_channels=256, hops=10, in_dropout=0.0, jk=False, label_num_per_class=20, lambda_val=0.01, layers=3, ln=False, local_gnn_type='GCN', local_layers=7, lr=0.01, metric='acc', mlp_epochs=500, mlp_reg=True, model='sgformer', model_dir='./model/', n_heads=1, num_centroids=4096, num_heads=1, oracle_reg=False, pe_types='RWSE', pre_linear=False, pre_ln=False, rand_split=False, rand_split_class=False, reg_start_epoch=10, reg_update_freq=5, res=False, result_dir='mlp_gt/results_full', runs=5, save_model=False, save_result=False, seed=42, test_num=1000, train_prop=0.5, use_act=True, use_bn=True, use_graph=True, use_reg=True, use_residual=True, use_weight=False, valid_num=500, valid_prop=0.25, weight_decay=0.0005)
roman-empire
dataset roman-empire | num nodes 22662 | num edge 32927 | num node feats 300 | num classes 18
MODEL: SGFormer(
  (trans_conv): TransConv(
    (convs): ModuleList(
      (0): TransConvLayer(
        (Wk): Linear(in_features=256, out_features=256, bias=True)
        (Wq): Linear(in_features=256, out_features=256, bias=True)
      )
      (1): TransConvLayer(
        (Wk): Linear(in_features=256, out_features=256, bias=True)
        (Wq): Linear(in_features=256, out_features=256, bias=True)
      )
      (2): TransConvLayer(
        (Wk): Linear(in_features=256, out_features=256, bias=True)
        (Wq): Linear(in_features=256, out_features=256, bias=True)
      )
    )
    (fcs): ModuleList(
      (0): Linear(in_features=300, out_features=256, bias=True)
    )
    (bns): ModuleList(
      (0): LayerNorm((256,), eps=1e-05, elementwise_affine=True)
      (1): LayerNorm((256,), eps=1e-05, elementwise_affine=True)
      (2): LayerNorm((256,), eps=1e-05, elementwise_affine=True)
      (3): LayerNorm((256,), eps=1e-05, elementwise_affine=True)
    )
  )
  (gnn): GCN(
    (convs): ModuleList(
      (0): GCNConv(300, 256)
      (1): GCNConv(256, 256)
      (2): GCNConv(256, 256)
    )
    (bns): ModuleList(
      (0): BatchNorm1d(256, eps=1e-05, momentum=0.1, affine=True, track_running_stats=True)
      (1): BatchNorm1d(256, eps=1e-05, momentum=0.1, affine=True, track_running_stats=True)
    )
  )
  (fc): Linear(in_features=256, out_features=18, bias=True)
)
Pre-training MLP for 500 epochs to generate co-occurrence matrix...
MLP pre-training complete. Penalty matrix frozen.
Epoch: 00, Loss: 2.9172, Train: 41.68%, Valid: 40.79%, Test: 41.05%, Best Valid: 40.79%, Best Test: 41.05%
Epoch: 100, Loss: 0.1390, Train: 92.13%, Valid: 73.40%, Test: 72.66%, Best Valid: 73.87%, Best Test: 73.51%
Epoch: 200, Loss: 0.0923, Train: 97.56%, Valid: 72.74%, Test: 72.79%, Best Valid: 74.07%, Best Test: 73.58%
Epoch: 300, Loss: 0.0779, Train: 97.83%, Valid: 73.29%, Test: 73.60%, Best Valid: 74.07%, Best Test: 73.58%
Epoch: 400, Loss: 0.0802, Train: 97.96%, Valid: 72.41%, Test: 72.26%, Best Valid: 74.07%, Best Test: 73.58%
Epoch: 500, Loss: 0.1193, Train: 96.89%, Valid: 72.73%, Test: 71.71%, Best Valid: 74.07%, Best Test: 73.58%
Epoch: 600, Loss: 0.0868, Train: 98.23%, Valid: 72.99%, Test: 72.24%, Best Valid: 74.07%, Best Test: 73.58%
Epoch: 700, Loss: 0.0833, Train: 98.31%, Valid: 72.96%, Test: 72.70%, Best Valid: 74.07%, Best Test: 73.58%
Epoch: 800, Loss: 0.0941, Train: 97.08%, Valid: 72.78%, Test: 72.45%, Best Valid: 74.07%, Best Test: 73.58%
Epoch: 900, Loss: 0.0979, Train: 97.48%, Valid: 71.92%, Test: 71.23%, Best Valid: 74.07%, Best Test: 73.58%
Run 01:
Highest Train: 99.06
Highest Valid: 74.07
Highest Test: 74.02
Chosen epoch: 131
Final Train: 96.01
Final Test: 73.58
Pre-training MLP for 500 epochs to generate co-occurrence matrix...
MLP pre-training complete. Penalty matrix frozen.
Epoch: 00, Loss: 4.6597, Train: 41.06%, Valid: 41.38%, Test: 41.28%, Best Valid: 41.38%, Best Test: 41.28%
Epoch: 100, Loss: 0.4037, Train: 80.54%, Valid: 71.63%, Test: 72.17%, Best Valid: 71.63%, Best Test: 71.90%
Epoch: 200, Loss: 0.1149, Train: 94.52%, Valid: 74.44%, Test: 73.91%, Best Valid: 74.83%, Best Test: 74.07%
Epoch: 300, Loss: 0.0852, Train: 96.88%, Valid: 73.56%, Test: 74.02%, Best Valid: 75.09%, Best Test: 74.44%
Epoch: 400, Loss: 0.0812, Train: 97.67%, Valid: 73.91%, Test: 74.30%, Best Valid: 75.16%, Best Test: 74.59%
Epoch: 500, Loss: 0.0789, Train: 97.94%, Valid: 73.52%, Test: 73.47%, Best Valid: 75.16%, Best Test: 74.59%
Epoch: 600, Loss: 0.0794, Train: 97.71%, Valid: 73.50%, Test: 73.53%, Best Valid: 75.16%, Best Test: 74.59%
Epoch: 700, Loss: 0.0744, Train: 98.03%, Valid: 73.57%, Test: 73.23%, Best Valid: 75.16%, Best Test: 74.59%
Epoch: 800, Loss: 0.0726, Train: 98.41%, Valid: 74.00%, Test: 73.58%, Best Valid: 75.16%, Best Test: 74.59%
Epoch: 900, Loss: 0.0733, Train: 98.48%, Valid: 72.99%, Test: 73.24%, Best Valid: 75.16%, Best Test: 74.59%
Run 02:
Highest Train: 98.94
Highest Valid: 75.16
Highest Test: 74.78
Chosen epoch: 307
Final Train: 97.69
Final Test: 74.59
Pre-training MLP for 500 epochs to generate co-occurrence matrix...
MLP pre-training complete. Penalty matrix frozen.
Epoch: 00, Loss: 4.9886, Train: 36.36%, Valid: 36.59%, Test: 36.30%, Best Valid: 36.59%, Best Test: 36.30%
Epoch: 100, Loss: 0.4405, Train: 79.32%, Valid: 70.41%, Test: 70.23%, Best Valid: 70.54%, Best Test: 69.86%
Epoch: 200, Loss: 0.1066, Train: 96.13%, Valid: 73.93%, Test: 73.60%, Best Valid: 74.02%, Best Test: 73.51%
Epoch: 300, Loss: 0.0827, Train: 97.12%, Valid: 73.57%, Test: 72.84%, Best Valid: 74.42%, Best Test: 73.58%
Epoch: 400, Loss: 0.0823, Train: 98.26%, Valid: 73.08%, Test: 73.28%, Best Valid: 74.42%, Best Test: 73.58%
Epoch: 500, Loss: 0.0750, Train: 98.25%, Valid: 72.99%, Test: 72.13%, Best Valid: 74.42%, Best Test: 73.58%
Epoch: 600, Loss: 0.1002, Train: 97.74%, Valid: 73.96%, Test: 73.53%, Best Valid: 74.46%, Best Test: 72.61%
Epoch: 700, Loss: 0.0765, Train: 97.78%, Valid: 73.27%, Test: 73.39%, Best Valid: 74.46%, Best Test: 72.61%
Epoch: 800, Loss: 0.0806, Train: 98.38%, Valid: 73.59%, Test: 73.35%, Best Valid: 74.46%, Best Test: 72.61%
Epoch: 900, Loss: 0.0718, Train: 98.69%, Valid: 73.40%, Test: 72.98%, Best Valid: 74.46%, Best Test: 72.61%
Run 03:
Highest Train: 99.12
Highest Valid: 74.46
Highest Test: 74.48
Chosen epoch: 506
Final Train: 98.44
Final Test: 72.61
Pre-training MLP for 500 epochs to generate co-occurrence matrix...
MLP pre-training complete. Penalty matrix frozen.
Epoch: 00, Loss: 4.8255, Train: 45.47%, Valid: 45.30%, Test: 44.67%, Best Valid: 45.30%, Best Test: 44.67%
Epoch: 100, Loss: 0.4200, Train: 80.72%, Valid: 70.96%, Test: 71.60%, Best Valid: 71.63%, Best Test: 71.88%
Epoch: 200, Loss: 0.1199, Train: 93.44%, Valid: 72.97%, Test: 73.39%, Best Valid: 74.03%, Best Test: 74.36%
Epoch: 300, Loss: 0.0875, Train: 97.96%, Valid: 73.84%, Test: 73.86%, Best Valid: 74.83%, Best Test: 74.14%
Epoch: 400, Loss: 0.0821, Train: 98.39%, Valid: 74.03%, Test: 73.46%, Best Valid: 74.83%, Best Test: 74.14%
Epoch: 500, Loss: 0.0731, Train: 97.83%, Valid: 72.73%, Test: 73.28%, Best Valid: 74.83%, Best Test: 74.14%
Epoch: 600, Loss: 0.0738, Train: 98.53%, Valid: 73.08%, Test: 73.83%, Best Valid: 74.83%, Best Test: 74.14%
Epoch: 700, Loss: 0.0827, Train: 97.94%, Valid: 73.13%, Test: 72.73%, Best Valid: 74.83%, Best Test: 74.14%
Epoch: 800, Loss: 0.0747, Train: 98.89%, Valid: 72.46%, Test: 72.87%, Best Valid: 74.83%, Best Test: 74.14%
Epoch: 900, Loss: 0.0727, Train: 98.55%, Valid: 73.10%, Test: 74.09%, Best Valid: 74.83%, Best Test: 74.14%
Run 04:
Highest Train: 98.99
Highest Valid: 74.83
Highest Test: 74.81
Chosen epoch: 270
Final Train: 97.62
Final Test: 74.14
Pre-training MLP for 500 epochs to generate co-occurrence matrix...
MLP pre-training complete. Penalty matrix frozen.
Epoch: 00, Loss: 4.9895, Train: 41.08%, Valid: 41.36%, Test: 41.33%, Best Valid: 41.36%, Best Test: 41.33%
Epoch: 100, Loss: 0.3927, Train: 80.16%, Valid: 71.23%, Test: 70.47%, Best Valid: 71.83%, Best Test: 70.95%
Epoch: 200, Loss: 0.1089, Train: 95.43%, Valid: 73.89%, Test: 73.70%, Best Valid: 74.28%, Best Test: 73.79%
Epoch: 300, Loss: 0.0889, Train: 97.81%, Valid: 74.09%, Test: 72.89%, Best Valid: 74.51%, Best Test: 72.93%
Epoch: 400, Loss: 0.0797, Train: 97.95%, Valid: 73.36%, Test: 72.50%, Best Valid: 74.51%, Best Test: 72.93%
Epoch: 500, Loss: 0.0739, Train: 98.08%, Valid: 72.92%, Test: 72.87%, Best Valid: 74.51%, Best Test: 72.93%
Epoch: 600, Loss: 0.0755, Train: 98.29%, Valid: 72.76%, Test: 72.70%, Best Valid: 74.51%, Best Test: 72.93%
Epoch: 700, Loss: 0.0814, Train: 98.74%, Valid: 72.78%, Test: 72.56%, Best Valid: 74.51%, Best Test: 72.93%
Epoch: 800, Loss: 0.0746, Train: 97.71%, Valid: 72.78%, Test: 72.48%, Best Valid: 74.51%, Best Test: 72.93%
Epoch: 900, Loss: 0.0719, Train: 98.62%, Valid: 72.96%, Test: 72.63%, Best Valid: 74.51%, Best Test: 72.93%
Run 05:
Highest Train: 98.97
Highest Valid: 74.51
Highest Test: 74.02
Chosen epoch: 288
Final Train: 96.86
Final Test: 72.93
All runs:
Highest Train: 99.02 ± 0.07
Highest Test: 74.42 ± 0.39
Highest Valid: 74.61 ± 0.41
  Final Train: 97.32 ± 0.92
   Final Test: 73.57 ± 0.82
Saving results to mlp_gt/results_full/roman-empire/sgformer.csv

Running with MLP-GT Regularization (lambda=0.1)...
Namespace(aggregate='add', alpha=0.5, attention='gcn', beta=-1.0, bn=False, cpu=False, data_dir='../data/', dataset='roman-empire', device=0, dim_inner=256, display_step=100, dropout=0.3, epochs=1000, global_dropout=None, global_layers=2, gnn='gcn', graph_weight=0.5, hidden_channels=256, hops=10, in_dropout=0.0, jk=False, label_num_per_class=20, lambda_val=0.1, layers=3, ln=False, local_gnn_type='GCN', local_layers=7, lr=0.01, metric='acc', mlp_epochs=500, mlp_reg=True, model='sgformer', model_dir='./model/', n_heads=1, num_centroids=4096, num_heads=1, oracle_reg=False, pe_types='RWSE', pre_linear=False, pre_ln=False, rand_split=False, rand_split_class=False, reg_start_epoch=10, reg_update_freq=5, res=False, result_dir='mlp_gt/results_full', runs=5, save_model=False, save_result=False, seed=42, test_num=1000, train_prop=0.5, use_act=True, use_bn=True, use_graph=True, use_reg=True, use_residual=True, use_weight=False, valid_num=500, valid_prop=0.25, weight_decay=0.0005)
roman-empire
dataset roman-empire | num nodes 22662 | num edge 32927 | num node feats 300 | num classes 18
MODEL: SGFormer(
  (trans_conv): TransConv(
    (convs): ModuleList(
      (0): TransConvLayer(
        (Wk): Linear(in_features=256, out_features=256, bias=True)
        (Wq): Linear(in_features=256, out_features=256, bias=True)
      )
      (1): TransConvLayer(
        (Wk): Linear(in_features=256, out_features=256, bias=True)
        (Wq): Linear(in_features=256, out_features=256, bias=True)
      )
      (2): TransConvLayer(
        (Wk): Linear(in_features=256, out_features=256, bias=True)
        (Wq): Linear(in_features=256, out_features=256, bias=True)
      )
    )
    (fcs): ModuleList(
      (0): Linear(in_features=300, out_features=256, bias=True)
    )
    (bns): ModuleList(
      (0): LayerNorm((256,), eps=1e-05, elementwise_affine=True)
      (1): LayerNorm((256,), eps=1e-05, elementwise_affine=True)
      (2): LayerNorm((256,), eps=1e-05, elementwise_affine=True)
      (3): LayerNorm((256,), eps=1e-05, elementwise_affine=True)
    )
  )
  (gnn): GCN(
    (convs): ModuleList(
      (0): GCNConv(300, 256)
      (1): GCNConv(256, 256)
      (2): GCNConv(256, 256)
    )
    (bns): ModuleList(
      (0): BatchNorm1d(256, eps=1e-05, momentum=0.1, affine=True, track_running_stats=True)
      (1): BatchNorm1d(256, eps=1e-05, momentum=0.1, affine=True, track_running_stats=True)
    )
  )
  (fc): Linear(in_features=256, out_features=18, bias=True)
)
Pre-training MLP for 500 epochs to generate co-occurrence matrix...
MLP pre-training complete. Penalty matrix frozen.
Epoch: 00, Loss: 3.1771, Train: 41.58%, Valid: 40.92%, Test: 40.89%, Best Valid: 40.92%, Best Test: 40.89%
Epoch: 100, Loss: 0.1550, Train: 92.98%, Valid: 73.68%, Test: 73.23%, Best Valid: 73.87%, Best Test: 73.39%
Epoch: 200, Loss: 0.1088, Train: 96.58%, Valid: 73.17%, Test: 73.23%, Best Valid: 74.37%, Best Test: 73.83%
Epoch: 300, Loss: 0.1017, Train: 98.10%, Valid: 72.80%, Test: 72.26%, Best Valid: 74.37%, Best Test: 73.83%
Epoch: 400, Loss: 0.1304, Train: 94.63%, Valid: 73.15%, Test: 73.30%, Best Valid: 74.37%, Best Test: 73.83%
Epoch: 500, Loss: 0.0932, Train: 98.23%, Valid: 72.76%, Test: 72.40%, Best Valid: 74.37%, Best Test: 73.83%
Epoch: 600, Loss: 0.0844, Train: 98.58%, Valid: 72.59%, Test: 72.38%, Best Valid: 74.37%, Best Test: 73.83%
Epoch: 700, Loss: 0.0887, Train: 97.98%, Valid: 72.94%, Test: 72.52%, Best Valid: 74.37%, Best Test: 73.83%
Epoch: 800, Loss: 0.0978, Train: 98.20%, Valid: 72.74%, Test: 72.13%, Best Valid: 74.37%, Best Test: 73.83%
Epoch: 900, Loss: 0.0902, Train: 98.67%, Valid: 72.74%, Test: 73.33%, Best Valid: 74.37%, Best Test: 73.83%
Run 01:
Highest Train: 98.99
Highest Valid: 74.37
Highest Test: 74.13
Chosen epoch: 142
Final Train: 96.28
Final Test: 73.83
Pre-training MLP for 500 epochs to generate co-occurrence matrix...
MLP pre-training complete. Penalty matrix frozen.
Epoch: 00, Loss: 5.0953, Train: 37.37%, Valid: 37.28%, Test: 37.54%, Best Valid: 37.28%, Best Test: 37.54%
Epoch: 100, Loss: 0.3911, Train: 80.70%, Valid: 71.72%, Test: 71.69%, Best Valid: 72.18%, Best Test: 72.64%
Epoch: 200, Loss: 0.1326, Train: 94.22%, Valid: 73.59%, Test: 73.81%, Best Valid: 74.76%, Best Test: 74.13%
Epoch: 300, Loss: 0.0944, Train: 97.57%, Valid: 73.13%, Test: 72.71%, Best Valid: 74.77%, Best Test: 74.13%
Epoch: 400, Loss: 0.0910, Train: 97.68%, Valid: 74.33%, Test: 73.83%, Best Valid: 74.93%, Best Test: 73.93%
Epoch: 500, Loss: 0.0979, Train: 98.32%, Valid: 74.47%, Test: 74.13%, Best Valid: 74.93%, Best Test: 73.93%
Epoch: 600, Loss: 0.0928, Train: 98.10%, Valid: 74.51%, Test: 73.42%, Best Valid: 74.93%, Best Test: 73.93%
Epoch: 700, Loss: 0.0893, Train: 98.34%, Valid: 74.30%, Test: 73.79%, Best Valid: 74.93%, Best Test: 73.93%
Epoch: 800, Loss: 0.0801, Train: 98.45%, Valid: 73.43%, Test: 73.14%, Best Valid: 74.93%, Best Test: 73.93%
Epoch: 900, Loss: 0.0846, Train: 97.94%, Valid: 74.03%, Test: 73.63%, Best Valid: 74.93%, Best Test: 73.93%
Run 02:
Highest Train: 98.88
Highest Valid: 74.93
Highest Test: 74.73
Chosen epoch: 338
Final Train: 98.26
Final Test: 73.93
Pre-training MLP for 500 epochs to generate co-occurrence matrix...
MLP pre-training complete. Penalty matrix frozen.
Epoch: 00, Loss: 5.4519, Train: 36.41%, Valid: 36.66%, Test: 36.39%, Best Valid: 36.66%, Best Test: 36.39%
Epoch: 100, Loss: 0.4601, Train: 80.41%, Valid: 71.12%, Test: 70.91%, Best Valid: 71.12%, Best Test: 70.91%
Epoch: 200, Loss: 0.1209, Train: 95.15%, Valid: 73.47%, Test: 73.44%, Best Valid: 74.14%, Best Test: 73.47%
Epoch: 300, Loss: 0.0886, Train: 97.04%, Valid: 73.31%, Test: 73.49%, Best Valid: 74.28%, Best Test: 73.69%
Epoch: 400, Loss: 0.0866, Train: 98.08%, Valid: 73.24%, Test: 73.10%, Best Valid: 74.35%, Best Test: 73.37%
Epoch: 500, Loss: 0.0802, Train: 98.39%, Valid: 73.33%, Test: 73.47%, Best Valid: 74.35%, Best Test: 73.37%
Epoch: 600, Loss: 0.0824, Train: 98.21%, Valid: 73.03%, Test: 73.46%, Best Valid: 74.35%, Best Test: 73.37%
Epoch: 700, Loss: 0.0767, Train: 98.72%, Valid: 73.54%, Test: 73.19%, Best Valid: 74.35%, Best Test: 73.37%
Epoch: 800, Loss: 0.0803, Train: 99.05%, Valid: 73.22%, Test: 72.91%, Best Valid: 74.35%, Best Test: 73.37%
Epoch: 900, Loss: 0.0857, Train: 97.67%, Valid: 72.74%, Test: 72.75%, Best Valid: 74.35%, Best Test: 73.37%
Run 03:
Highest Train: 99.11
Highest Valid: 74.35
Highest Test: 74.46
Chosen epoch: 362
Final Train: 97.99
Final Test: 73.37
Pre-training MLP for 500 epochs to generate co-occurrence matrix...
MLP pre-training complete. Penalty matrix frozen.
Epoch: 00, Loss: 5.2549, Train: 46.75%, Valid: 46.51%, Test: 46.33%, Best Valid: 46.51%, Best Test: 46.33%
Epoch: 100, Loss: 0.4286, Train: 81.65%, Valid: 71.16%, Test: 71.67%, Best Valid: 72.27%, Best Test: 72.26%
Epoch: 200, Loss: 0.1272, Train: 94.25%, Valid: 73.19%, Test: 73.99%, Best Valid: 73.89%, Best Test: 73.81%
Epoch: 300, Loss: 0.0858, Train: 98.17%, Valid: 74.25%, Test: 73.88%, Best Valid: 74.28%, Best Test: 74.44%
Epoch: 400, Loss: 0.0907, Train: 97.93%, Valid: 73.06%, Test: 73.56%, Best Valid: 74.35%, Best Test: 73.63%
Epoch: 500, Loss: 0.0818, Train: 97.84%, Valid: 73.43%, Test: 73.28%, Best Valid: 74.35%, Best Test: 73.63%
Epoch: 600, Loss: 0.0801, Train: 98.20%, Valid: 72.52%, Test: 73.12%, Best Valid: 74.35%, Best Test: 73.63%
Epoch: 700, Loss: 0.0831, Train: 98.57%, Valid: 73.05%, Test: 73.12%, Best Valid: 74.35%, Best Test: 73.63%
Epoch: 800, Loss: 0.0789, Train: 98.13%, Valid: 72.99%, Test: 73.24%, Best Valid: 74.35%, Best Test: 73.63%
Epoch: 900, Loss: 0.0823, Train: 98.62%, Valid: 73.26%, Test: 74.13%, Best Valid: 74.35%, Best Test: 73.63%
Run 04:
Highest Train: 98.93
Highest Valid: 74.35
Highest Test: 74.83
Chosen epoch: 301
Final Train: 97.66
Final Test: 73.63
Pre-training MLP for 500 epochs to generate co-occurrence matrix...
MLP pre-training complete. Penalty matrix frozen.
Epoch: 00, Loss: 5.2584, Train: 38.81%, Valid: 39.14%, Test: 38.95%, Best Valid: 39.14%, Best Test: 38.95%
Epoch: 100, Loss: 0.3993, Train: 80.28%, Valid: 70.31%, Test: 69.68%, Best Valid: 71.21%, Best Test: 70.35%
Epoch: 200, Loss: 0.1185, Train: 94.63%, Valid: 73.52%, Test: 73.26%, Best Valid: 74.25%, Best Test: 73.49%
Epoch: 300, Loss: 0.0864, Train: 96.99%, Valid: 73.80%, Test: 73.47%, Best Valid: 74.25%, Best Test: 73.49%
Epoch: 400, Loss: 0.0840, Train: 97.57%, Valid: 72.46%, Test: 72.48%, Best Valid: 74.25%, Best Test: 73.49%
Epoch: 500, Loss: 0.0841, Train: 98.42%, Valid: 73.15%, Test: 72.45%, Best Valid: 74.25%, Best Test: 73.49%
Epoch: 600, Loss: 0.0852, Train: 98.47%, Valid: 73.54%, Test: 73.16%, Best Valid: 74.25%, Best Test: 73.49%
Epoch: 700, Loss: 0.0798, Train: 98.03%, Valid: 72.96%, Test: 71.62%, Best Valid: 74.25%, Best Test: 73.49%
Epoch: 800, Loss: 0.0822, Train: 97.81%, Valid: 72.82%, Test: 72.24%, Best Valid: 74.25%, Best Test: 73.49%
Epoch: 900, Loss: 0.0756, Train: 97.98%, Valid: 72.14%, Test: 72.24%, Best Valid: 74.25%, Best Test: 73.49%
Run 05:
Highest Train: 98.93
Highest Valid: 74.25
Highest Test: 73.61
Chosen epoch: 195
Final Train: 94.48
Final Test: 73.49
All runs:
Highest Train: 98.97 ± 0.09
Highest Test: 74.35 ± 0.49
Highest Valid: 74.45 ± 0.27
  Final Train: 96.94 ± 1.57
   Final Test: 73.65 ± 0.23
Saving results to mlp_gt/results_full/roman-empire/sgformer.csv

Running with MLP-GT Regularization (lambda=0.2)...
Namespace(aggregate='add', alpha=0.5, attention='gcn', beta=-1.0, bn=False, cpu=False, data_dir='../data/', dataset='roman-empire', device=0, dim_inner=256, display_step=100, dropout=0.3, epochs=1000, global_dropout=None, global_layers=2, gnn='gcn', graph_weight=0.5, hidden_channels=256, hops=10, in_dropout=0.0, jk=False, label_num_per_class=20, lambda_val=0.2, layers=3, ln=False, local_gnn_type='GCN', local_layers=7, lr=0.01, metric='acc', mlp_epochs=500, mlp_reg=True, model='sgformer', model_dir='./model/', n_heads=1, num_centroids=4096, num_heads=1, oracle_reg=False, pe_types='RWSE', pre_linear=False, pre_ln=False, rand_split=False, rand_split_class=False, reg_start_epoch=10, reg_update_freq=5, res=False, result_dir='mlp_gt/results_full', runs=5, save_model=False, save_result=False, seed=42, test_num=1000, train_prop=0.5, use_act=True, use_bn=True, use_graph=True, use_reg=True, use_residual=True, use_weight=False, valid_num=500, valid_prop=0.25, weight_decay=0.0005)
roman-empire
dataset roman-empire | num nodes 22662 | num edge 32927 | num node feats 300 | num classes 18
MODEL: SGFormer(
  (trans_conv): TransConv(
    (convs): ModuleList(
      (0): TransConvLayer(
        (Wk): Linear(in_features=256, out_features=256, bias=True)
        (Wq): Linear(in_features=256, out_features=256, bias=True)
      )
      (1): TransConvLayer(
        (Wk): Linear(in_features=256, out_features=256, bias=True)
        (Wq): Linear(in_features=256, out_features=256, bias=True)
      )
      (2): TransConvLayer(
        (Wk): Linear(in_features=256, out_features=256, bias=True)
        (Wq): Linear(in_features=256, out_features=256, bias=True)
      )
    )
    (fcs): ModuleList(
      (0): Linear(in_features=300, out_features=256, bias=True)
    )
    (bns): ModuleList(
      (0): LayerNorm((256,), eps=1e-05, elementwise_affine=True)
      (1): LayerNorm((256,), eps=1e-05, elementwise_affine=True)
      (2): LayerNorm((256,), eps=1e-05, elementwise_affine=True)
      (3): LayerNorm((256,), eps=1e-05, elementwise_affine=True)
    )
  )
  (gnn): GCN(
    (convs): ModuleList(
      (0): GCNConv(300, 256)
      (1): GCNConv(256, 256)
      (2): GCNConv(256, 256)
    )
    (bns): ModuleList(
      (0): BatchNorm1d(256, eps=1e-05, momentum=0.1, affine=True, track_running_stats=True)
      (1): BatchNorm1d(256, eps=1e-05, momentum=0.1, affine=True, track_running_stats=True)
    )
  )
  (fc): Linear(in_features=256, out_features=18, bias=True)
)
Pre-training MLP for 500 epochs to generate co-occurrence matrix...
MLP pre-training complete. Penalty matrix frozen.
Epoch: 00, Loss: 3.4659, Train: 41.89%, Valid: 40.97%, Test: 41.28%, Best Valid: 40.97%, Best Test: 41.28%
Epoch: 100, Loss: 0.1583, Train: 92.92%, Valid: 73.24%, Test: 73.46%, Best Valid: 74.17%, Best Test: 73.33%
Epoch: 200, Loss: 0.1231, Train: 97.24%, Valid: 72.69%, Test: 72.77%, Best Valid: 74.33%, Best Test: 74.20%
Epoch: 300, Loss: 0.0870, Train: 98.18%, Valid: 73.20%, Test: 73.09%, Best Valid: 74.33%, Best Test: 74.20%
Epoch: 400, Loss: 0.1037, Train: 97.81%, Valid: 72.82%, Test: 72.96%, Best Valid: 74.33%, Best Test: 74.20%
Epoch: 500, Loss: 0.0886, Train: 98.15%, Valid: 72.48%, Test: 72.77%, Best Valid: 74.33%, Best Test: 74.20%
Epoch: 600, Loss: 0.0859, Train: 98.51%, Valid: 73.05%, Test: 72.54%, Best Valid: 74.33%, Best Test: 74.20%
Epoch: 700, Loss: 0.0949, Train: 98.58%, Valid: 73.36%, Test: 72.57%, Best Valid: 74.33%, Best Test: 74.20%
Epoch: 800, Loss: 0.0947, Train: 98.41%, Valid: 73.17%, Test: 72.70%, Best Valid: 74.33%, Best Test: 74.20%
Epoch: 900, Loss: 0.0876, Train: 98.77%, Valid: 72.57%, Test: 72.27%, Best Valid: 74.33%, Best Test: 74.20%
Run 01:
Highest Train: 99.21
Highest Valid: 74.33
Highest Test: 74.20
Chosen epoch: 115
Final Train: 95.57
Final Test: 74.20
Pre-training MLP for 500 epochs to generate co-occurrence matrix...
MLP pre-training complete. Penalty matrix frozen.
Epoch: 00, Loss: 5.3663, Train: 40.85%, Valid: 41.25%, Test: 41.42%, Best Valid: 41.25%, Best Test: 41.42%
Epoch: 100, Loss: 0.4160, Train: 82.65%, Valid: 72.23%, Test: 72.48%, Best Valid: 72.53%, Best Test: 72.79%
Epoch: 200, Loss: 0.1295, Train: 95.23%, Valid: 74.02%, Test: 74.13%, Best Valid: 74.67%, Best Test: 74.09%
Epoch: 300, Loss: 0.1115, Train: 97.66%, Valid: 73.77%, Test: 74.23%, Best Valid: 74.74%, Best Test: 74.81%
Epoch: 400, Loss: 0.0963, Train: 97.59%, Valid: 72.73%, Test: 74.29%, Best Valid: 74.95%, Best Test: 74.00%
Epoch: 500, Loss: 0.0926, Train: 97.39%, Valid: 73.03%, Test: 73.83%, Best Valid: 74.95%, Best Test: 74.00%
Epoch: 600, Loss: 0.0971, Train: 97.75%, Valid: 73.26%, Test: 73.54%, Best Valid: 74.95%, Best Test: 74.00%
Epoch: 700, Loss: 0.0901, Train: 97.71%, Valid: 73.20%, Test: 73.17%, Best Valid: 74.95%, Best Test: 74.00%
Epoch: 800, Loss: 0.0921, Train: 97.92%, Valid: 73.42%, Test: 72.15%, Best Valid: 74.95%, Best Test: 74.00%
Epoch: 900, Loss: 0.1209, Train: 97.60%, Valid: 73.24%, Test: 73.10%, Best Valid: 74.95%, Best Test: 74.00%
Run 02:
Highest Train: 98.99
Highest Valid: 74.95
Highest Test: 74.94
Chosen epoch: 308
Final Train: 97.76
Final Test: 74.00
Pre-training MLP for 500 epochs to generate co-occurrence matrix...
MLP pre-training complete. Penalty matrix frozen.
Epoch: 00, Loss: 5.9373, Train: 36.12%, Valid: 36.33%, Test: 36.30%, Best Valid: 36.33%, Best Test: 36.30%
Epoch: 100, Loss: 0.4762, Train: 80.33%, Valid: 70.82%, Test: 70.63%, Best Valid: 70.82%, Best Test: 70.63%
Epoch: 200, Loss: 0.1267, Train: 95.48%, Valid: 73.75%, Test: 73.76%, Best Valid: 74.55%, Best Test: 73.93%
Epoch: 300, Loss: 0.0953, Train: 97.71%, Valid: 73.17%, Test: 73.01%, Best Valid: 74.74%, Best Test: 73.67%
Epoch: 400, Loss: 0.0864, Train: 97.96%, Valid: 73.38%, Test: 72.63%, Best Valid: 74.74%, Best Test: 73.67%
Epoch: 500, Loss: 0.0917, Train: 98.32%, Valid: 72.92%, Test: 72.93%, Best Valid: 74.74%, Best Test: 73.67%
Epoch: 600, Loss: 0.0865, Train: 98.25%, Valid: 73.45%, Test: 73.26%, Best Valid: 74.74%, Best Test: 73.67%
Epoch: 700, Loss: 0.0896, Train: 98.34%, Valid: 73.13%, Test: 72.48%, Best Valid: 74.74%, Best Test: 73.67%
Epoch: 800, Loss: 0.0897, Train: 98.64%, Valid: 72.55%, Test: 72.68%, Best Valid: 74.74%, Best Test: 73.67%
Epoch: 900, Loss: 0.0910, Train: 98.30%, Valid: 73.47%, Test: 72.86%, Best Valid: 74.74%, Best Test: 73.67%
Run 03:
Highest Train: 99.03
Highest Valid: 74.74
Highest Test: 74.25
Chosen epoch: 222
Final Train: 96.86
Final Test: 73.67
Pre-training MLP for 500 epochs to generate co-occurrence matrix...
MLP pre-training complete. Penalty matrix frozen.
Epoch: 00, Loss: 5.8588, Train: 42.31%, Valid: 41.96%, Test: 41.62%, Best Valid: 41.96%, Best Test: 41.62%
Epoch: 100, Loss: 0.4928, Train: 79.98%, Valid: 70.38%, Test: 70.81%, Best Valid: 71.00%, Best Test: 71.14%
Epoch: 200, Loss: 0.1380, Train: 94.77%, Valid: 73.73%, Test: 73.95%, Best Valid: 74.32%, Best Test: 74.23%
Epoch: 300, Loss: 0.1028, Train: 97.61%, Valid: 73.75%, Test: 73.69%, Best Valid: 74.39%, Best Test: 74.06%
Epoch: 400, Loss: 0.0914, Train: 98.15%, Valid: 73.15%, Test: 73.35%, Best Valid: 74.69%, Best Test: 74.41%
Epoch: 500, Loss: 0.0977, Train: 98.11%, Valid: 73.36%, Test: 73.69%, Best Valid: 74.69%, Best Test: 74.41%
Epoch: 600, Loss: 0.0839, Train: 97.83%, Valid: 73.56%, Test: 73.76%, Best Valid: 74.69%, Best Test: 74.41%
Epoch: 700, Loss: 0.0917, Train: 98.28%, Valid: 73.19%, Test: 73.93%, Best Valid: 74.69%, Best Test: 74.41%
Epoch: 800, Loss: 0.0862, Train: 98.62%, Valid: 73.06%, Test: 73.17%, Best Valid: 74.69%, Best Test: 74.41%
Epoch: 900, Loss: 0.0817, Train: 97.80%, Valid: 72.97%, Test: 72.86%, Best Valid: 74.69%, Best Test: 74.41%
Run 04:
Highest Train: 99.20
Highest Valid: 74.69
Highest Test: 74.90
Chosen epoch: 327
Final Train: 97.50
Final Test: 74.41
Pre-training MLP for 500 epochs to generate co-occurrence matrix...
MLP pre-training complete. Penalty matrix frozen.
Epoch: 00, Loss: 5.7023, Train: 38.72%, Valid: 39.12%, Test: 38.65%, Best Valid: 39.12%, Best Test: 38.65%
Epoch: 100, Loss: 0.4484, Train: 80.60%, Valid: 71.46%, Test: 70.83%, Best Valid: 72.25%, Best Test: 71.39%
Epoch: 200, Loss: 0.1305, Train: 95.03%, Valid: 73.20%, Test: 73.30%, Best Valid: 74.09%, Best Test: 73.54%
Epoch: 300, Loss: 0.0972, Train: 96.62%, Valid: 72.97%, Test: 71.76%, Best Valid: 74.62%, Best Test: 72.96%
Epoch: 400, Loss: 0.0903, Train: 98.09%, Valid: 73.01%, Test: 72.13%, Best Valid: 74.62%, Best Test: 72.96%
Epoch: 500, Loss: 0.0897, Train: 98.12%, Valid: 73.86%, Test: 72.82%, Best Valid: 74.62%, Best Test: 72.96%
Epoch: 600, Loss: 0.0901, Train: 98.23%, Valid: 73.40%, Test: 72.79%, Best Valid: 74.62%, Best Test: 72.96%
Epoch: 700, Loss: 0.0796, Train: 98.11%, Valid: 73.31%, Test: 71.94%, Best Valid: 74.62%, Best Test: 72.96%
Epoch: 800, Loss: 0.0920, Train: 98.14%, Valid: 73.13%, Test: 71.97%, Best Valid: 74.62%, Best Test: 72.96%
Epoch: 900, Loss: 0.0974, Train: 97.55%, Valid: 72.43%, Test: 71.96%, Best Valid: 74.62%, Best Test: 72.96%
Run 05:
Highest Train: 98.90
Highest Valid: 74.62
Highest Test: 73.56
Chosen epoch: 248
Final Train: 96.79
Final Test: 72.96
All runs:
Highest Train: 99.06 ± 0.14
Highest Test: 74.37 ± 0.57
Highest Valid: 74.67 ± 0.22
  Final Train: 96.90 ± 0.85
   Final Test: 73.85 ± 0.57
Saving results to mlp_gt/results_full/roman-empire/sgformer.csv

Running with MLP-GT Regularization (lambda=0.4)...
Namespace(aggregate='add', alpha=0.5, attention='gcn', beta=-1.0, bn=False, cpu=False, data_dir='../data/', dataset='roman-empire', device=0, dim_inner=256, display_step=100, dropout=0.3, epochs=1000, global_dropout=None, global_layers=2, gnn='gcn', graph_weight=0.5, hidden_channels=256, hops=10, in_dropout=0.0, jk=False, label_num_per_class=20, lambda_val=0.4, layers=3, ln=False, local_gnn_type='GCN', local_layers=7, lr=0.01, metric='acc', mlp_epochs=500, mlp_reg=True, model='sgformer', model_dir='./model/', n_heads=1, num_centroids=4096, num_heads=1, oracle_reg=False, pe_types='RWSE', pre_linear=False, pre_ln=False, rand_split=False, rand_split_class=False, reg_start_epoch=10, reg_update_freq=5, res=False, result_dir='mlp_gt/results_full', runs=5, save_model=False, save_result=False, seed=42, test_num=1000, train_prop=0.5, use_act=True, use_bn=True, use_graph=True, use_reg=True, use_residual=True, use_weight=False, valid_num=500, valid_prop=0.25, weight_decay=0.0005)
roman-empire
dataset roman-empire | num nodes 22662 | num edge 32927 | num node feats 300 | num classes 18
MODEL: SGFormer(
  (trans_conv): TransConv(
    (convs): ModuleList(
      (0): TransConvLayer(
        (Wk): Linear(in_features=256, out_features=256, bias=True)
        (Wq): Linear(in_features=256, out_features=256, bias=True)
      )
      (1): TransConvLayer(
        (Wk): Linear(in_features=256, out_features=256, bias=True)
        (Wq): Linear(in_features=256, out_features=256, bias=True)
      )
      (2): TransConvLayer(
        (Wk): Linear(in_features=256, out_features=256, bias=True)
        (Wq): Linear(in_features=256, out_features=256, bias=True)
      )
    )
    (fcs): ModuleList(
      (0): Linear(in_features=300, out_features=256, bias=True)
    )
    (bns): ModuleList(
      (0): LayerNorm((256,), eps=1e-05, elementwise_affine=True)
      (1): LayerNorm((256,), eps=1e-05, elementwise_affine=True)
      (2): LayerNorm((256,), eps=1e-05, elementwise_affine=True)
      (3): LayerNorm((256,), eps=1e-05, elementwise_affine=True)
    )
  )
  (gnn): GCN(
    (convs): ModuleList(
      (0): GCNConv(300, 256)
      (1): GCNConv(256, 256)
      (2): GCNConv(256, 256)
    )
    (bns): ModuleList(
      (0): BatchNorm1d(256, eps=1e-05, momentum=0.1, affine=True, track_running_stats=True)
      (1): BatchNorm1d(256, eps=1e-05, momentum=0.1, affine=True, track_running_stats=True)
    )
  )
  (fc): Linear(in_features=256, out_features=18, bias=True)
)
Pre-training MLP for 500 epochs to generate co-occurrence matrix...
MLP pre-training complete. Penalty matrix frozen.
Epoch: 00, Loss: 4.0436, Train: 42.00%, Valid: 41.04%, Test: 41.21%, Best Valid: 41.04%, Best Test: 41.21%
Epoch: 100, Loss: 0.1893, Train: 92.00%, Valid: 73.42%, Test: 73.53%, Best Valid: 74.14%, Best Test: 73.88%
Epoch: 200, Loss: 0.1901, Train: 96.66%, Valid: 73.15%, Test: 73.77%, Best Valid: 74.39%, Best Test: 73.90%
Epoch: 300, Loss: 0.1223, Train: 98.31%, Valid: 72.90%, Test: 72.86%, Best Valid: 74.39%, Best Test: 73.90%
Epoch: 400, Loss: 0.1107, Train: 98.53%, Valid: 72.92%, Test: 73.17%, Best Valid: 74.39%, Best Test: 73.90%
Epoch: 500, Loss: 0.1231, Train: 98.29%, Valid: 72.83%, Test: 73.24%, Best Valid: 74.39%, Best Test: 73.90%
Epoch: 600, Loss: 0.1044, Train: 98.25%, Valid: 72.44%, Test: 72.73%, Best Valid: 74.39%, Best Test: 73.90%
Epoch: 700, Loss: 0.1084, Train: 97.70%, Valid: 72.06%, Test: 72.48%, Best Valid: 74.39%, Best Test: 73.90%
Epoch: 800, Loss: 0.1090, Train: 98.50%, Valid: 72.27%, Test: 72.57%, Best Valid: 74.39%, Best Test: 73.90%
Epoch: 900, Loss: 0.1087, Train: 98.28%, Valid: 72.36%, Test: 72.40%, Best Valid: 74.39%, Best Test: 73.90%
Run 01:
Highest Train: 98.99
Highest Valid: 74.39
Highest Test: 74.36
Chosen epoch: 119
Final Train: 95.96
Final Test: 73.90
Pre-training MLP for 500 epochs to generate co-occurrence matrix...
MLP pre-training complete. Penalty matrix frozen.
Epoch: 00, Loss: 6.2225, Train: 38.96%, Valid: 38.78%, Test: 38.90%, Best Valid: 38.78%, Best Test: 38.90%
Epoch: 100, Loss: 0.3615, Train: 85.69%, Valid: 73.36%, Test: 73.00%, Best Valid: 73.36%, Best Test: 73.00%
Epoch: 200, Loss: 0.1395, Train: 96.89%, Valid: 74.77%, Test: 74.67%, Best Valid: 74.97%, Best Test: 73.95%
Epoch: 300, Loss: 0.1381, Train: 97.41%, Valid: 73.96%, Test: 73.88%, Best Valid: 74.97%, Best Test: 73.95%
Epoch: 400, Loss: 0.1178, Train: 97.90%, Valid: 73.84%, Test: 73.60%, Best Valid: 74.97%, Best Test: 73.95%
Epoch: 500, Loss: 0.1139, Train: 97.96%, Valid: 73.15%, Test: 73.03%, Best Valid: 74.97%, Best Test: 73.95%
Epoch: 600, Loss: 0.1099, Train: 98.23%, Valid: 74.14%, Test: 73.91%, Best Valid: 74.97%, Best Test: 73.95%
Epoch: 700, Loss: 0.1158, Train: 97.73%, Valid: 74.07%, Test: 73.93%, Best Valid: 74.97%, Best Test: 73.95%
Epoch: 800, Loss: 0.1174, Train: 97.57%, Valid: 73.65%, Test: 73.46%, Best Valid: 74.97%, Best Test: 73.95%
Epoch: 900, Loss: 0.1085, Train: 98.61%, Valid: 72.69%, Test: 72.86%, Best Valid: 74.97%, Best Test: 73.95%
Run 02:
Highest Train: 99.02
Highest Valid: 74.97
Highest Test: 75.04
Chosen epoch: 169
Final Train: 95.87
Final Test: 73.95
Pre-training MLP for 500 epochs to generate co-occurrence matrix...
MLP pre-training complete. Penalty matrix frozen.
Epoch: 00, Loss: 6.6891, Train: 34.62%, Valid: 34.88%, Test: 34.89%, Best Valid: 34.88%, Best Test: 34.89%
Epoch: 100, Loss: 0.4903, Train: 81.86%, Valid: 70.89%, Test: 70.76%, Best Valid: 71.23%, Best Test: 70.86%
Epoch: 200, Loss: 0.1332, Train: 95.97%, Valid: 73.87%, Test: 73.46%, Best Valid: 74.25%, Best Test: 73.93%
Epoch: 300, Loss: 0.1112, Train: 97.30%, Valid: 73.82%, Test: 73.72%, Best Valid: 74.83%, Best Test: 73.88%
Epoch: 400, Loss: 0.1136, Train: 98.25%, Valid: 73.29%, Test: 73.01%, Best Valid: 74.83%, Best Test: 73.88%
Epoch: 500, Loss: 0.1169, Train: 97.87%, Valid: 74.30%, Test: 73.40%, Best Valid: 74.83%, Best Test: 73.88%
Epoch: 600, Loss: 0.1013, Train: 98.31%, Valid: 73.10%, Test: 73.23%, Best Valid: 74.83%, Best Test: 73.88%
Epoch: 700, Loss: 0.0979, Train: 98.70%, Valid: 73.20%, Test: 73.44%, Best Valid: 74.83%, Best Test: 73.88%
Epoch: 800, Loss: 0.1072, Train: 98.70%, Valid: 73.12%, Test: 72.93%, Best Valid: 74.83%, Best Test: 73.88%
Epoch: 900, Loss: 0.1008, Train: 98.34%, Valid: 72.92%, Test: 72.94%, Best Valid: 74.83%, Best Test: 73.88%
Run 03:
Highest Train: 99.14
Highest Valid: 74.83
Highest Test: 74.34
Chosen epoch: 280
Final Train: 97.77
Final Test: 73.88
Pre-training MLP for 500 epochs to generate co-occurrence matrix...
MLP pre-training complete. Penalty matrix frozen.
Epoch: 00, Loss: 6.5199, Train: 40.91%, Valid: 40.90%, Test: 40.54%, Best Valid: 40.90%, Best Test: 40.54%
Epoch: 100, Loss: 0.4993, Train: 82.87%, Valid: 71.37%, Test: 72.04%, Best Valid: 71.95%, Best Test: 72.36%
Epoch: 200, Loss: 0.1425, Train: 95.90%, Valid: 73.89%, Test: 74.04%, Best Valid: 74.37%, Best Test: 73.99%
Epoch: 300, Loss: 0.1175, Train: 97.71%, Valid: 74.21%, Test: 73.86%, Best Valid: 74.39%, Best Test: 74.06%
Epoch: 400, Loss: 0.1077, Train: 97.78%, Valid: 72.69%, Test: 73.54%, Best Valid: 74.39%, Best Test: 74.06%
Epoch: 500, Loss: 0.1030, Train: 97.52%, Valid: 73.19%, Test: 73.30%, Best Valid: 74.39%, Best Test: 74.06%
Epoch: 600, Loss: 0.0975, Train: 97.03%, Valid: 72.99%, Test: 73.72%, Best Valid: 74.39%, Best Test: 74.06%
Epoch: 700, Loss: 0.1086, Train: 98.57%, Valid: 72.73%, Test: 73.39%, Best Valid: 74.39%, Best Test: 74.06%
Epoch: 800, Loss: 0.1030, Train: 97.89%, Valid: 73.57%, Test: 73.16%, Best Valid: 74.40%, Best Test: 73.69%
Epoch: 900, Loss: 0.0954, Train: 98.58%, Valid: 72.83%, Test: 73.37%, Best Valid: 74.40%, Best Test: 73.69%
Run 04:
Highest Train: 98.99
Highest Valid: 74.40
Highest Test: 74.62
Chosen epoch: 763
Final Train: 98.20
Final Test: 73.69
Pre-training MLP for 500 epochs to generate co-occurrence matrix...
MLP pre-training complete. Penalty matrix frozen.
Epoch: 00, Loss: 6.5898, Train: 42.16%, Valid: 42.65%, Test: 42.34%, Best Valid: 42.65%, Best Test: 42.34%
Epoch: 100, Loss: 0.5501, Train: 79.90%, Valid: 69.34%, Test: 69.26%, Best Valid: 70.94%, Best Test: 70.60%
Epoch: 200, Loss: 0.1460, Train: 95.32%, Valid: 73.38%, Test: 73.12%, Best Valid: 74.14%, Best Test: 73.19%
Epoch: 300, Loss: 0.1157, Train: 96.99%, Valid: 73.79%, Test: 72.31%, Best Valid: 74.32%, Best Test: 73.17%
Epoch: 400, Loss: 0.1040, Train: 98.19%, Valid: 73.77%, Test: 72.89%, Best Valid: 74.32%, Best Test: 73.17%
Epoch: 500, Loss: 0.1066, Train: 98.21%, Valid: 73.49%, Test: 72.40%, Best Valid: 74.32%, Best Test: 73.17%
Epoch: 600, Loss: 0.0986, Train: 98.69%, Valid: 73.59%, Test: 72.77%, Best Valid: 74.32%, Best Test: 73.17%
Epoch: 700, Loss: 0.1020, Train: 97.63%, Valid: 72.67%, Test: 72.01%, Best Valid: 74.32%, Best Test: 73.17%
Epoch: 800, Loss: 0.1006, Train: 97.97%, Valid: 73.72%, Test: 72.66%, Best Valid: 74.37%, Best Test: 72.52%
Epoch: 900, Loss: 0.0959, Train: 98.11%, Valid: 73.36%, Test: 72.20%, Best Valid: 74.37%, Best Test: 72.52%
Run 05:
Highest Train: 98.99
Highest Valid: 74.37
Highest Test: 73.67
Chosen epoch: 754
Final Train: 97.16
Final Test: 72.52
All runs:
Highest Train: 99.03 ± 0.07
Highest Test: 74.41 ± 0.50
Highest Valid: 74.59 ± 0.29
  Final Train: 96.99 ± 1.05
   Final Test: 73.59 ± 0.60
Saving results to mlp_gt/results_full/roman-empire/sgformer.csv

GT sweep completed!
==========================================================
Task 34 (sgformer / roman-empire) completed at: Tue Apr 28 08:58:26 AM EDT 2026
==========================================================
