==========================================================
MLP-GT Missing Tasks | Task 2
Job: 1013273 | Date: Tue Apr 28 03:24:15 PM EDT 2026 | Host: n0002
==========================================================
Tue Apr 28 15:24:17 2026       
+-----------------------------------------------------------------------------------------+
| NVIDIA-SMI 570.211.01             Driver Version: 570.211.01     CUDA Version: 12.8     |
|-----------------------------------------+------------------------+----------------------+
| GPU  Name                 Persistence-M | Bus-Id          Disp.A | Volatile Uncorr. ECC |
| Fan  Temp   Perf          Pwr:Usage/Cap |           Memory-Usage | GPU-Util  Compute M. |
|                                         |                        |               MIG M. |
|=========================================+========================+======================|
|   0  NVIDIA A100-SXM4-80GB          On  |   00000000:01:00.0 Off |                   On |
| N/A   43C    P0            195W /  500W |   11605MiB /  81920MiB |     N/A      Default |
|                                         |                        |              Enabled |
+-----------------------------------------+------------------------+----------------------+
|   1  NVIDIA A100-SXM4-80GB          On  |   00000000:41:00.0 Off |                   On |
| N/A   42C    P0            143W /  500W |   31209MiB /  81920MiB |     N/A      Default |
|                                         |                        |              Enabled |
+-----------------------------------------+------------------------+----------------------+
|   2  NVIDIA A100-SXM4-80GB          On  |   00000000:81:00.0 Off |                   On |
| N/A   47C    P0            186W /  500W |   25044MiB /  81920MiB |     N/A      Default |
|                                         |                        |              Enabled |
+-----------------------------------------+------------------------+----------------------+
|   3  NVIDIA A100-SXM4-80GB          On  |   00000000:C1:00.0 Off |                   On |
| N/A   29C    P0             84W /  500W |     765MiB /  81920MiB |     N/A      Default |
|                                         |                        |              Enabled |
+-----------------------------------------+------------------------+----------------------+

+-----------------------------------------------------------------------------------------+
| MIG devices:                                                                            |
+------------------+----------------------------------+-----------+-----------------------+
| GPU  GI  CI  MIG |                     Memory-Usage |        Vol|        Shared         |
|      ID  ID  Dev |                       BAR1-Usage | SM     Unc| CE ENC  DEC  OFA  JPG |
|                  |                                  |        ECC|                       |
|==================+==================================+===========+=======================|
|  1    3   0   0  |              53MiB / 19968MiB    | 28      0 |  2   0    1    0    0 |
|                  |                 0MiB / 32767MiB  |           |                       |
+------------------+----------------------------------+-----------+-----------------------+
                                                                                         
+-----------------------------------------------------------------------------------------+
| Processes:                                                                              |
|  GPU   GI   CI              PID   Type   Process name                        GPU Memory |
|        ID   ID                                                               Usage      |
|=========================================================================================|
|    0   14    0          3369621      C   python                                 5454MiB |
|    0    1    0          3371373      C   python                                 5956MiB |
|    2    2    0          3352787      C   ...hz54/envs/dist/bin/python3.10      20362MiB |
|    3    1    0          3375253      C   python                                  574MiB |
+-----------------------------------------------------------------------------------------+
1.12.1
True
NVIDIA A100-SXM4-80GB MIG 2g.20gb
Model: sgformer | Dataset: chameleon
==========================================================
Starting mlp_gt GT Sweep for:
python main.py --model sgformer --dataset chameleon         --hidden_channels 256 --layers 3 --num_heads 1 --lr 0.01 --weight_decay 5e-4 --dropout 0.3 --use_graph --use_act --alpha 0.5 --use_residual --use_bn --graph_weight 0.5 --epochs 1000         --runs 5 --device 0         
Result dir: mlp_gt/results_full
==========================================================
Running GT Baseline (no reg)...
Namespace(aggregate='add', alpha=0.5, attention='gcn', beta=-1.0, bn=False, cpu=False, data_dir='../data/', dataset='chameleon', device=0, dim_inner=256, display_step=100, dropout=0.3, epochs=1000, global_dropout=None, global_layers=2, gnn='gcn', graph_weight=0.5, hidden_channels=256, hops=10, in_dropout=0.0, jk=False, label_num_per_class=20, lambda_val=0.5, layers=3, ln=False, local_gnn_type='GCN', local_layers=7, lr=0.01, metric='acc', mlp_epochs=500, mlp_reg=False, model='sgformer', model_dir='./model/', n_heads=1, num_centroids=4096, num_heads=1, oracle_reg=False, pe_types='RWSE', pre_linear=False, pre_ln=False, rand_split=False, rand_split_class=False, reg_start_epoch=10, reg_update_freq=5, res=False, result_dir='mlp_gt/results_full', runs=5, save_model=False, save_result=False, seed=42, test_num=1000, train_prop=0.5, use_act=True, use_bn=True, use_graph=True, use_reg=False, use_residual=True, use_weight=False, valid_num=500, valid_prop=0.25, weight_decay=0.0005)
chameleon

Running with MLP-GT Regularization (lambda=0.01)...
Namespace(aggregate='add', alpha=0.5, attention='gcn', beta=-1.0, bn=False, cpu=False, data_dir='../data/', dataset='chameleon', device=0, dim_inner=256, display_step=100, dropout=0.3, epochs=1000, global_dropout=None, global_layers=2, gnn='gcn', graph_weight=0.5, hidden_channels=256, hops=10, in_dropout=0.0, jk=False, label_num_per_class=20, lambda_val=0.01, layers=3, ln=False, local_gnn_type='GCN', local_layers=7, lr=0.01, metric='acc', mlp_epochs=500, mlp_reg=True, model='sgformer', model_dir='./model/', n_heads=1, num_centroids=4096, num_heads=1, oracle_reg=False, pe_types='RWSE', pre_linear=False, pre_ln=False, rand_split=False, rand_split_class=False, reg_start_epoch=10, reg_update_freq=5, res=False, result_dir='mlp_gt/results_full', runs=5, save_model=False, save_result=False, seed=42, test_num=1000, train_prop=0.5, use_act=True, use_bn=True, use_graph=True, use_reg=True, use_residual=True, use_weight=False, valid_num=500, valid_prop=0.25, weight_decay=0.0005)
chameleon

Running with MLP-GT Regularization (lambda=0.1)...
Namespace(aggregate='add', alpha=0.5, attention='gcn', beta=-1.0, bn=False, cpu=False, data_dir='../data/', dataset='chameleon', device=0, dim_inner=256, display_step=100, dropout=0.3, epochs=1000, global_dropout=None, global_layers=2, gnn='gcn', graph_weight=0.5, hidden_channels=256, hops=10, in_dropout=0.0, jk=False, label_num_per_class=20, lambda_val=0.1, layers=3, ln=False, local_gnn_type='GCN', local_layers=7, lr=0.01, metric='acc', mlp_epochs=500, mlp_reg=True, model='sgformer', model_dir='./model/', n_heads=1, num_centroids=4096, num_heads=1, oracle_reg=False, pe_types='RWSE', pre_linear=False, pre_ln=False, rand_split=False, rand_split_class=False, reg_start_epoch=10, reg_update_freq=5, res=False, result_dir='mlp_gt/results_full', runs=5, save_model=False, save_result=False, seed=42, test_num=1000, train_prop=0.5, use_act=True, use_bn=True, use_graph=True, use_reg=True, use_residual=True, use_weight=False, valid_num=500, valid_prop=0.25, weight_decay=0.0005)
chameleon

Running with MLP-GT Regularization (lambda=0.2)...
Namespace(aggregate='add', alpha=0.5, attention='gcn', beta=-1.0, bn=False, cpu=False, data_dir='../data/', dataset='chameleon', device=0, dim_inner=256, display_step=100, dropout=0.3, epochs=1000, global_dropout=None, global_layers=2, gnn='gcn', graph_weight=0.5, hidden_channels=256, hops=10, in_dropout=0.0, jk=False, label_num_per_class=20, lambda_val=0.2, layers=3, ln=False, local_gnn_type='GCN', local_layers=7, lr=0.01, metric='acc', mlp_epochs=500, mlp_reg=True, model='sgformer', model_dir='./model/', n_heads=1, num_centroids=4096, num_heads=1, oracle_reg=False, pe_types='RWSE', pre_linear=False, pre_ln=False, rand_split=False, rand_split_class=False, reg_start_epoch=10, reg_update_freq=5, res=False, result_dir='mlp_gt/results_full', runs=5, save_model=False, save_result=False, seed=42, test_num=1000, train_prop=0.5, use_act=True, use_bn=True, use_graph=True, use_reg=True, use_residual=True, use_weight=False, valid_num=500, valid_prop=0.25, weight_decay=0.0005)
chameleon

Running with MLP-GT Regularization (lambda=0.4)...
Namespace(aggregate='add', alpha=0.5, attention='gcn', beta=-1.0, bn=False, cpu=False, data_dir='../data/', dataset='chameleon', device=0, dim_inner=256, display_step=100, dropout=0.3, epochs=1000, global_dropout=None, global_layers=2, gnn='gcn', graph_weight=0.5, hidden_channels=256, hops=10, in_dropout=0.0, jk=False, label_num_per_class=20, lambda_val=0.4, layers=3, ln=False, local_gnn_type='GCN', local_layers=7, lr=0.01, metric='acc', mlp_epochs=500, mlp_reg=True, model='sgformer', model_dir='./model/', n_heads=1, num_centroids=4096, num_heads=1, oracle_reg=False, pe_types='RWSE', pre_linear=False, pre_ln=False, rand_split=False, rand_split_class=False, reg_start_epoch=10, reg_update_freq=5, res=False, result_dir='mlp_gt/results_full', runs=5, save_model=False, save_result=False, seed=42, test_num=1000, train_prop=0.5, use_act=True, use_bn=True, use_graph=True, use_reg=True, use_residual=True, use_weight=False, valid_num=500, valid_prop=0.25, weight_decay=0.0005)
chameleon

GT sweep completed!
==========================================================
Task 2 (sgformer / chameleon) completed at: Tue Apr 28 03:24:39 PM EDT 2026
==========================================================
