==========================================================
MLP-GT Missing Tasks | Task 2
Job: 1014050 | Date: Wed Apr 29 12:18:41 AM EDT 2026 | Host: n0002
==========================================================
Wed Apr 29 00:18:45 2026       
+-----------------------------------------------------------------------------------------+
| NVIDIA-SMI 570.211.01             Driver Version: 570.211.01     CUDA Version: 12.8     |
|-----------------------------------------+------------------------+----------------------+
| GPU  Name                 Persistence-M | Bus-Id          Disp.A | Volatile Uncorr. ECC |
| Fan  Temp   Perf          Pwr:Usage/Cap |           Memory-Usage | GPU-Util  Compute M. |
|                                         |                        |               MIG M. |
|=========================================+========================+======================|
|   0  NVIDIA A100-SXM4-80GB          On  |   00000000:01:00.0 Off |                   On |
| N/A   38C    P0            157W /  500W |    4687MiB /  81920MiB |     N/A      Default |
|                                         |                        |              Enabled |
+-----------------------------------------+------------------------+----------------------+
|   1  NVIDIA A100-SXM4-80GB          On  |   00000000:41:00.0 Off |                   On |
| N/A   26C    P0             48W /  500W |     185MiB /  81920MiB |     N/A      Default |
|                                         |                        |              Enabled |
+-----------------------------------------+------------------------+----------------------+
|   2  NVIDIA A100-SXM4-80GB          On  |   00000000:81:00.0 Off |                   On |
| N/A   31C    P0             89W /  500W |    7151MiB /  81920MiB |     N/A      Default |
|                                         |                        |              Enabled |
+-----------------------------------------+------------------------+----------------------+
|   3  NVIDIA A100-SXM4-80GB          On  |   00000000:C1:00.0 Off |                   On |
| N/A   29C    P0             86W /  500W |     765MiB /  81920MiB |     N/A      Default |
|                                         |                        |              Enabled |
+-----------------------------------------+------------------------+----------------------+

+-----------------------------------------------------------------------------------------+
| MIG devices:                                                                            |
+------------------+----------------------------------+-----------+-----------------------+
| GPU  GI  CI  MIG |                     Memory-Usage |        Vol|        Shared         |
|      ID  ID  Dev |                       BAR1-Usage | SM     Unc| CE ENC  DEC  OFA  JPG |
|                  |                                  |        ECC|                       |
|==================+==================================+===========+=======================|
|  0    5   0   0  |              53MiB / 19968MiB    | 28      0 |  2   0    1    0    0 |
|                  |                 0MiB / 32767MiB  |           |                       |
+------------------+----------------------------------+-----------+-----------------------+
                                                                                         
+-----------------------------------------------------------------------------------------+
| Processes:                                                                              |
|  GPU   GI   CI              PID   Type   Process name                        GPU Memory |
|        ID   ID                                                               Usage      |
|=========================================================================================|
|    2    2    0          3485866      C   python                                 6960MiB |
|    3    1    0          3553202      C   python                                  574MiB |
+-----------------------------------------------------------------------------------------+
1.12.1
True
NVIDIA A100-SXM4-80GB MIG 2g.20gb
Model: sgformer | Dataset: chameleon
==========================================================
Starting mlp_gt GT Sweep for:
python main.py --model sgformer --dataset chameleon         --hidden_channels 256 --layers 3 --num_heads 1 --lr 0.01 --weight_decay 5e-4 --dropout 0.3 --use_graph --use_act --alpha 0.5 --use_residual --use_bn --graph_weight 0.5 --epochs 1000         --runs 5 --device 0         
Result dir: mlp_gt/results_full
==========================================================
Running GT Baseline (no reg)...
Namespace(aggregate='add', alpha=0.5, attention='gcn', beta=-1.0, bn=False, cpu=False, data_dir='../data/', dataset='chameleon', device=0, dim_inner=256, display_step=100, dropout=0.3, epochs=1000, global_dropout=None, global_layers=2, gnn='gcn', graph_weight=0.5, hidden_channels=256, hops=10, in_dropout=0.0, jk=False, label_num_per_class=20, lambda_val=0.5, layers=3, ln=False, local_gnn_type='GCN', local_layers=7, lr=0.01, metric='acc', mlp_epochs=500, mlp_reg=False, model='sgformer', model_dir='./model/', n_heads=1, num_centroids=4096, num_heads=1, oracle_reg=False, pe_types='RWSE', pre_linear=False, pre_ln=False, rand_split=False, rand_split_class=False, reg_start_epoch=10, reg_update_freq=5, res=False, result_dir='mlp_gt/results_full', runs=5, save_model=False, save_result=False, seed=42, test_num=1000, train_prop=0.5, use_act=True, use_bn=True, use_graph=True, use_reg=False, use_residual=True, use_weight=False, valid_num=500, valid_prop=0.25, weight_decay=0.0005)
chameleon
dataset chameleon | num nodes 890 | num edge 8854 | num node feats 2325 | num classes 5
MODEL: SGFormer(
  (trans_conv): TransConv(
    (convs): ModuleList(
      (0): TransConvLayer(
        (Wk): Linear(in_features=256, out_features=256, bias=True)
        (Wq): Linear(in_features=256, out_features=256, bias=True)
      )
      (1): TransConvLayer(
        (Wk): Linear(in_features=256, out_features=256, bias=True)
        (Wq): Linear(in_features=256, out_features=256, bias=True)
      )
      (2): TransConvLayer(
        (Wk): Linear(in_features=256, out_features=256, bias=True)
        (Wq): Linear(in_features=256, out_features=256, bias=True)
      )
    )
    (fcs): ModuleList(
      (0): Linear(in_features=2325, out_features=256, bias=True)
    )
    (bns): ModuleList(
      (0): LayerNorm((256,), eps=1e-05, elementwise_affine=True)
      (1): LayerNorm((256,), eps=1e-05, elementwise_affine=True)
      (2): LayerNorm((256,), eps=1e-05, elementwise_affine=True)
      (3): LayerNorm((256,), eps=1e-05, elementwise_affine=True)
    )
  )
  (gnn): GCN(
    (convs): ModuleList(
      (0): GCNConv(2325, 256)
      (1): GCNConv(256, 256)
      (2): GCNConv(256, 256)
    )
    (bns): ModuleList(
      (0): BatchNorm1d(256, eps=1e-05, momentum=0.1, affine=True, track_running_stats=True)
      (1): BatchNorm1d(256, eps=1e-05, momentum=0.1, affine=True, track_running_stats=True)
    )
  )
  (fc): Linear(in_features=256, out_features=5, bias=True)
)
Epoch: 00, Loss: 1.6312, Train: 74.33%, Valid: 41.11%, Test: 38.66%, Best Valid: 41.11%, Best Test: 38.66%
Epoch: 100, Loss: 0.0269, Train: 99.51%, Valid: 37.98%, Test: 41.24%, Best Valid: 41.11%, Best Test: 38.66%
Epoch: 200, Loss: 0.0268, Train: 99.51%, Valid: 41.11%, Test: 34.54%, Best Valid: 42.16%, Best Test: 37.11%
Epoch: 300, Loss: 0.0275, Train: 100.00%, Valid: 39.02%, Test: 38.14%, Best Valid: 42.16%, Best Test: 37.11%
Epoch: 400, Loss: 0.0242, Train: 99.76%, Valid: 37.98%, Test: 38.66%, Best Valid: 42.16%, Best Test: 37.11%
Epoch: 500, Loss: 0.0423, Train: 99.51%, Valid: 40.42%, Test: 36.08%, Best Valid: 43.21%, Best Test: 40.72%
Epoch: 600, Loss: 0.0217, Train: 99.51%, Valid: 37.28%, Test: 37.11%, Best Valid: 43.21%, Best Test: 40.72%
Epoch: 700, Loss: 0.0324, Train: 99.51%, Valid: 39.37%, Test: 39.18%, Best Valid: 43.21%, Best Test: 40.72%
Epoch: 800, Loss: 0.0453, Train: 99.27%, Valid: 35.54%, Test: 38.14%, Best Valid: 43.21%, Best Test: 40.72%
Epoch: 900, Loss: 0.0483, Train: 100.00%, Valid: 38.68%, Test: 38.66%, Best Valid: 43.21%, Best Test: 40.72%
Run 01:
Highest Train: 100.00
Highest Valid: 43.21
Highest Test: 44.85
Chosen epoch: 490
Final Train: 99.02
Final Test: 40.72
Epoch: 00, Loss: 3.4380, Train: 73.54%, Valid: 36.42%, Test: 41.61%, Best Valid: 36.42%, Best Test: 41.61%
Epoch: 100, Loss: 0.0359, Train: 99.53%, Valid: 36.09%, Test: 40.37%, Best Valid: 38.08%, Best Test: 40.37%
Epoch: 200, Loss: 0.0405, Train: 99.77%, Valid: 33.11%, Test: 38.51%, Best Valid: 38.41%, Best Test: 40.99%
Epoch: 300, Loss: 0.0288, Train: 99.30%, Valid: 36.75%, Test: 40.37%, Best Valid: 38.41%, Best Test: 40.99%
Epoch: 400, Loss: 0.0242, Train: 100.00%, Valid: 34.11%, Test: 36.65%, Best Valid: 38.41%, Best Test: 40.99%
Epoch: 500, Loss: 0.0140, Train: 100.00%, Valid: 35.43%, Test: 37.89%, Best Valid: 38.41%, Best Test: 40.99%
Epoch: 600, Loss: 0.0096, Train: 100.00%, Valid: 34.44%, Test: 41.61%, Best Valid: 38.41%, Best Test: 40.99%
Epoch: 700, Loss: 0.0232, Train: 100.00%, Valid: 33.44%, Test: 41.61%, Best Valid: 38.41%, Best Test: 40.99%
Epoch: 800, Loss: 0.0173, Train: 99.77%, Valid: 33.11%, Test: 39.75%, Best Valid: 38.74%, Best Test: 36.65%
Epoch: 900, Loss: 0.0146, Train: 100.00%, Valid: 34.77%, Test: 37.27%, Best Valid: 38.74%, Best Test: 36.65%
Run 02:
Highest Train: 100.00
Highest Valid: 38.74
Highest Test: 45.96
Chosen epoch: 733
Final Train: 100.00
Final Test: 36.65
Epoch: 00, Loss: 3.6389, Train: 60.66%, Valid: 39.66%, Test: 35.96%, Best Valid: 39.66%, Best Test: 35.96%
Epoch: 100, Loss: 0.0258, Train: 98.82%, Valid: 37.93%, Test: 33.15%, Best Valid: 40.34%, Best Test: 34.83%
Epoch: 200, Loss: 0.0310, Train: 99.29%, Valid: 36.90%, Test: 35.39%, Best Valid: 40.34%, Best Test: 34.83%
Epoch: 300, Loss: 0.0226, Train: 99.76%, Valid: 38.28%, Test: 38.76%, Best Valid: 40.34%, Best Test: 34.83%
Epoch: 400, Loss: 0.0319, Train: 99.76%, Valid: 37.59%, Test: 37.64%, Best Valid: 40.34%, Best Test: 34.83%
Epoch: 500, Loss: 0.0194, Train: 99.76%, Valid: 37.59%, Test: 36.52%, Best Valid: 40.34%, Best Test: 34.83%
Epoch: 600, Loss: 0.0197, Train: 99.53%, Valid: 40.34%, Test: 36.52%, Best Valid: 41.72%, Best Test: 34.27%
Epoch: 700, Loss: 0.0365, Train: 99.29%, Valid: 35.86%, Test: 34.83%, Best Valid: 43.45%, Best Test: 35.96%
Epoch: 800, Loss: 0.0267, Train: 99.29%, Valid: 38.28%, Test: 37.08%, Best Valid: 43.45%, Best Test: 35.96%
Epoch: 900, Loss: 0.0246, Train: 99.53%, Valid: 37.93%, Test: 33.15%, Best Valid: 43.45%, Best Test: 35.96%
Run 03:
Highest Train: 100.00
Highest Valid: 43.45
Highest Test: 39.33
Chosen epoch: 610
Final Train: 99.53
Final Test: 35.96
Epoch: 00, Loss: 3.3709, Train: 67.72%, Valid: 39.46%, Test: 45.11%, Best Valid: 39.46%, Best Test: 45.11%
Epoch: 100, Loss: 0.0344, Train: 99.76%, Valid: 34.69%, Test: 39.13%, Best Valid: 39.46%, Best Test: 45.11%
Epoch: 200, Loss: 0.0178, Train: 99.51%, Valid: 36.73%, Test: 37.50%, Best Valid: 39.46%, Best Test: 45.11%
Epoch: 300, Loss: 0.0185, Train: 99.76%, Valid: 35.37%, Test: 38.59%, Best Valid: 39.46%, Best Test: 45.11%
Epoch: 400, Loss: 0.0371, Train: 99.03%, Valid: 35.03%, Test: 39.67%, Best Valid: 39.46%, Best Test: 45.11%
Epoch: 500, Loss: 0.0374, Train: 99.76%, Valid: 36.39%, Test: 40.76%, Best Valid: 39.46%, Best Test: 45.11%
Epoch: 600, Loss: 0.0168, Train: 99.76%, Valid: 34.35%, Test: 39.67%, Best Valid: 39.46%, Best Test: 45.11%
Epoch: 700, Loss: 0.0201, Train: 99.51%, Valid: 33.67%, Test: 38.59%, Best Valid: 39.46%, Best Test: 45.11%
Epoch: 800, Loss: 0.0242, Train: 99.51%, Valid: 35.71%, Test: 38.59%, Best Valid: 39.46%, Best Test: 45.11%
Epoch: 900, Loss: 0.0316, Train: 99.76%, Valid: 35.37%, Test: 36.41%, Best Valid: 39.46%, Best Test: 45.11%
Run 04:
Highest Train: 100.00
Highest Valid: 39.46
Highest Test: 45.11
Chosen epoch: 0
Final Train: 67.72
Final Test: 45.11
Epoch: 00, Loss: 3.4692, Train: 65.23%, Valid: 33.58%, Test: 32.42%, Best Valid: 33.58%, Best Test: 32.42%
Epoch: 100, Loss: 0.0347, Train: 98.86%, Valid: 38.81%, Test: 41.21%, Best Valid: 42.16%, Best Test: 43.41%
Epoch: 200, Loss: 0.0265, Train: 99.32%, Valid: 37.69%, Test: 42.31%, Best Valid: 42.16%, Best Test: 43.41%
Epoch: 300, Loss: 0.0206, Train: 99.55%, Valid: 38.81%, Test: 40.11%, Best Valid: 42.16%, Best Test: 43.41%
Epoch: 400, Loss: 0.0126, Train: 99.77%, Valid: 35.45%, Test: 40.66%, Best Valid: 42.16%, Best Test: 43.41%
Epoch: 500, Loss: 0.0202, Train: 99.32%, Valid: 37.69%, Test: 41.76%, Best Valid: 42.16%, Best Test: 43.41%
Epoch: 600, Loss: 0.0252, Train: 100.00%, Valid: 35.45%, Test: 38.46%, Best Valid: 44.03%, Best Test: 39.56%
Epoch: 700, Loss: 0.0223, Train: 100.00%, Valid: 39.18%, Test: 40.11%, Best Valid: 44.03%, Best Test: 39.56%
Epoch: 800, Loss: 0.0185, Train: 100.00%, Valid: 37.69%, Test: 38.46%, Best Valid: 44.03%, Best Test: 39.56%
Epoch: 900, Loss: 0.0174, Train: 100.00%, Valid: 37.31%, Test: 40.11%, Best Valid: 44.03%, Best Test: 39.56%
Run 05:
Highest Train: 100.00
Highest Valid: 44.03
Highest Test: 44.51
Chosen epoch: 542
Final Train: 98.86
Final Test: 39.56
All runs:
Highest Train: 100.00 ± 0.00
Highest Test: 43.95 ± 2.64
Highest Valid: 41.78 ± 2.48
  Final Train: 93.03 ± 14.15
   Final Test: 39.60 ± 3.66
Saving results to mlp_gt/results_full/chameleon/sgformer.csv

Running with MLP-GT Regularization (lambda=0.01)...
Namespace(aggregate='add', alpha=0.5, attention='gcn', beta=-1.0, bn=False, cpu=False, data_dir='../data/', dataset='chameleon', device=0, dim_inner=256, display_step=100, dropout=0.3, epochs=1000, global_dropout=None, global_layers=2, gnn='gcn', graph_weight=0.5, hidden_channels=256, hops=10, in_dropout=0.0, jk=False, label_num_per_class=20, lambda_val=0.01, layers=3, ln=False, local_gnn_type='GCN', local_layers=7, lr=0.01, metric='acc', mlp_epochs=500, mlp_reg=True, model='sgformer', model_dir='./model/', n_heads=1, num_centroids=4096, num_heads=1, oracle_reg=False, pe_types='RWSE', pre_linear=False, pre_ln=False, rand_split=False, rand_split_class=False, reg_start_epoch=10, reg_update_freq=5, res=False, result_dir='mlp_gt/results_full', runs=5, save_model=False, save_result=False, seed=42, test_num=1000, train_prop=0.5, use_act=True, use_bn=True, use_graph=True, use_reg=True, use_residual=True, use_weight=False, valid_num=500, valid_prop=0.25, weight_decay=0.0005)
chameleon
dataset chameleon | num nodes 890 | num edge 8854 | num node feats 2325 | num classes 5
MODEL: SGFormer(
  (trans_conv): TransConv(
    (convs): ModuleList(
      (0): TransConvLayer(
        (Wk): Linear(in_features=256, out_features=256, bias=True)
        (Wq): Linear(in_features=256, out_features=256, bias=True)
      )
      (1): TransConvLayer(
        (Wk): Linear(in_features=256, out_features=256, bias=True)
        (Wq): Linear(in_features=256, out_features=256, bias=True)
      )
      (2): TransConvLayer(
        (Wk): Linear(in_features=256, out_features=256, bias=True)
        (Wq): Linear(in_features=256, out_features=256, bias=True)
      )
    )
    (fcs): ModuleList(
      (0): Linear(in_features=2325, out_features=256, bias=True)
    )
    (bns): ModuleList(
      (0): LayerNorm((256,), eps=1e-05, elementwise_affine=True)
      (1): LayerNorm((256,), eps=1e-05, elementwise_affine=True)
      (2): LayerNorm((256,), eps=1e-05, elementwise_affine=True)
      (3): LayerNorm((256,), eps=1e-05, elementwise_affine=True)
    )
  )
  (gnn): GCN(
    (convs): ModuleList(
      (0): GCNConv(2325, 256)
      (1): GCNConv(256, 256)
      (2): GCNConv(256, 256)
    )
    (bns): ModuleList(
      (0): BatchNorm1d(256, eps=1e-05, momentum=0.1, affine=True, track_running_stats=True)
      (1): BatchNorm1d(256, eps=1e-05, momentum=0.1, affine=True, track_running_stats=True)
    )
  )
  (fc): Linear(in_features=256, out_features=5, bias=True)
)
Pre-training MLP for 500 epochs to generate co-occurrence matrix...
MLP pre-training complete. Penalty matrix frozen.
Epoch: 00, Loss: 1.6651, Train: 75.55%, Valid: 39.72%, Test: 37.11%, Best Valid: 39.72%, Best Test: 37.11%
Epoch: 100, Loss: 0.0182, Train: 99.02%, Valid: 39.37%, Test: 37.63%, Best Valid: 42.86%, Best Test: 42.78%
Epoch: 200, Loss: 0.0239, Train: 99.76%, Valid: 37.63%, Test: 38.66%, Best Valid: 43.90%, Best Test: 39.69%
Epoch: 300, Loss: 0.0343, Train: 100.00%, Valid: 36.59%, Test: 35.05%, Best Valid: 43.90%, Best Test: 39.69%
Epoch: 400, Loss: 0.0241, Train: 100.00%, Valid: 37.98%, Test: 31.44%, Best Valid: 43.90%, Best Test: 39.69%
Epoch: 500, Loss: 0.0319, Train: 100.00%, Valid: 38.68%, Test: 33.51%, Best Valid: 43.90%, Best Test: 39.69%
Epoch: 600, Loss: 0.0319, Train: 99.76%, Valid: 36.93%, Test: 40.21%, Best Valid: 43.90%, Best Test: 39.69%
Epoch: 700, Loss: 0.0350, Train: 99.76%, Valid: 36.93%, Test: 39.18%, Best Valid: 43.90%, Best Test: 39.69%
Epoch: 800, Loss: 0.0490, Train: 99.76%, Valid: 34.84%, Test: 34.54%, Best Valid: 43.90%, Best Test: 39.69%
Epoch: 900, Loss: 0.0381, Train: 100.00%, Valid: 38.33%, Test: 40.21%, Best Valid: 43.90%, Best Test: 39.69%
Run 01:
Highest Train: 100.00
Highest Valid: 43.90
Highest Test: 42.78
Chosen epoch: 138
Final Train: 99.51
Final Test: 39.69
Pre-training MLP for 500 epochs to generate co-occurrence matrix...
MLP pre-training complete. Penalty matrix frozen.
Epoch: 00, Loss: 3.7904, Train: 60.42%, Valid: 33.11%, Test: 37.27%, Best Valid: 33.11%, Best Test: 37.27%
Epoch: 100, Loss: 0.0339, Train: 98.36%, Valid: 35.43%, Test: 42.86%, Best Valid: 39.74%, Best Test: 41.61%
Epoch: 200, Loss: 0.0284, Train: 99.77%, Valid: 35.10%, Test: 40.37%, Best Valid: 39.74%, Best Test: 41.61%
Epoch: 300, Loss: 0.0195, Train: 100.00%, Valid: 33.11%, Test: 37.89%, Best Valid: 39.74%, Best Test: 41.61%
Epoch: 400, Loss: 0.0223, Train: 100.00%, Valid: 35.10%, Test: 36.65%, Best Valid: 39.74%, Best Test: 41.61%
Epoch: 500, Loss: 0.0133, Train: 100.00%, Valid: 36.42%, Test: 36.65%, Best Valid: 39.74%, Best Test: 41.61%
Epoch: 600, Loss: 0.0216, Train: 100.00%, Valid: 35.10%, Test: 39.13%, Best Valid: 39.74%, Best Test: 41.61%
Epoch: 700, Loss: 0.0209, Train: 100.00%, Valid: 36.75%, Test: 35.40%, Best Valid: 39.74%, Best Test: 41.61%
Epoch: 800, Loss: 0.0104, Train: 100.00%, Valid: 33.77%, Test: 37.27%, Best Valid: 39.74%, Best Test: 41.61%
Epoch: 900, Loss: 0.0161, Train: 99.77%, Valid: 35.76%, Test: 32.30%, Best Valid: 39.74%, Best Test: 41.61%
Run 02:
Highest Train: 100.00
Highest Valid: 39.74
Highest Test: 43.48
Chosen epoch: 5
Final Train: 92.51
Final Test: 41.61
Pre-training MLP for 500 epochs to generate co-occurrence matrix...
MLP pre-training complete. Penalty matrix frozen.
Epoch: 00, Loss: 3.5600, Train: 64.93%, Valid: 34.48%, Test: 30.90%, Best Valid: 34.48%, Best Test: 30.90%
Epoch: 100, Loss: 0.0342, Train: 99.05%, Valid: 42.41%, Test: 34.83%, Best Valid: 43.10%, Best Test: 35.39%
Epoch: 200, Loss: 0.0274, Train: 99.53%, Valid: 41.72%, Test: 33.71%, Best Valid: 43.10%, Best Test: 35.39%
Epoch: 300, Loss: 0.0237, Train: 99.76%, Valid: 38.97%, Test: 33.71%, Best Valid: 43.10%, Best Test: 35.39%
Epoch: 400, Loss: 0.0212, Train: 99.53%, Valid: 36.55%, Test: 32.02%, Best Valid: 43.10%, Best Test: 35.39%
Epoch: 500, Loss: 0.0283, Train: 99.53%, Valid: 41.03%, Test: 35.96%, Best Valid: 43.10%, Best Test: 35.39%
Epoch: 600, Loss: 0.0246, Train: 99.53%, Valid: 35.17%, Test: 34.83%, Best Valid: 43.10%, Best Test: 35.39%
Epoch: 700, Loss: 0.0274, Train: 99.53%, Valid: 36.55%, Test: 35.96%, Best Valid: 43.10%, Best Test: 35.39%
Epoch: 800, Loss: 0.0175, Train: 99.53%, Valid: 37.24%, Test: 38.20%, Best Valid: 43.10%, Best Test: 35.39%
Epoch: 900, Loss: 0.0339, Train: 99.53%, Valid: 39.31%, Test: 36.52%, Best Valid: 43.10%, Best Test: 35.39%
Run 03:
Highest Train: 100.00
Highest Valid: 43.10
Highest Test: 39.33
Chosen epoch: 85
Final Train: 99.05
Final Test: 35.39
Pre-training MLP for 500 epochs to generate co-occurrence matrix...
MLP pre-training complete. Penalty matrix frozen.
Epoch: 00, Loss: 3.5582, Train: 58.50%, Valid: 35.71%, Test: 40.22%, Best Valid: 35.71%, Best Test: 40.22%
Epoch: 100, Loss: 0.0356, Train: 99.27%, Valid: 34.35%, Test: 42.39%, Best Valid: 39.80%, Best Test: 41.30%
Epoch: 200, Loss: 0.0130, Train: 99.76%, Valid: 37.07%, Test: 42.93%, Best Valid: 39.80%, Best Test: 41.30%
Epoch: 300, Loss: 0.0188, Train: 99.76%, Valid: 36.73%, Test: 42.93%, Best Valid: 39.80%, Best Test: 41.30%
Epoch: 400, Loss: 0.0195, Train: 99.76%, Valid: 36.05%, Test: 42.93%, Best Valid: 39.80%, Best Test: 41.30%
Epoch: 500, Loss: 0.0214, Train: 99.76%, Valid: 35.71%, Test: 42.93%, Best Valid: 39.80%, Best Test: 41.30%
Epoch: 600, Loss: 0.0128, Train: 99.51%, Valid: 32.65%, Test: 39.67%, Best Valid: 39.80%, Best Test: 41.30%
Epoch: 700, Loss: 0.0270, Train: 99.76%, Valid: 34.35%, Test: 36.96%, Best Valid: 39.80%, Best Test: 41.30%
Epoch: 800, Loss: 0.0221, Train: 99.51%, Valid: 34.01%, Test: 36.41%, Best Valid: 39.80%, Best Test: 41.30%
Epoch: 900, Loss: 0.0294, Train: 99.76%, Valid: 36.73%, Test: 38.04%, Best Valid: 39.80%, Best Test: 41.30%
Run 04:
Highest Train: 100.00
Highest Valid: 39.80
Highest Test: 45.65
Chosen epoch: 2
Final Train: 75.73
Final Test: 41.30
Pre-training MLP for 500 epochs to generate co-occurrence matrix...
MLP pre-training complete. Penalty matrix frozen.
Epoch: 00, Loss: 3.3179, Train: 60.91%, Valid: 36.57%, Test: 35.71%, Best Valid: 36.57%, Best Test: 35.71%
Epoch: 100, Loss: 0.0375, Train: 98.86%, Valid: 39.55%, Test: 39.56%, Best Valid: 42.54%, Best Test: 41.76%
Epoch: 200, Loss: 0.0184, Train: 99.32%, Valid: 39.18%, Test: 40.11%, Best Valid: 42.54%, Best Test: 41.76%
Epoch: 300, Loss: 0.0263, Train: 100.00%, Valid: 36.94%, Test: 41.76%, Best Valid: 42.54%, Best Test: 41.76%
Epoch: 400, Loss: 0.0197, Train: 99.55%, Valid: 36.94%, Test: 45.05%, Best Valid: 42.54%, Best Test: 41.76%
Epoch: 500, Loss: 0.0429, Train: 99.55%, Valid: 35.82%, Test: 45.60%, Best Valid: 42.54%, Best Test: 41.76%
Epoch: 600, Loss: 0.0240, Train: 99.55%, Valid: 39.18%, Test: 40.66%, Best Valid: 42.54%, Best Test: 41.76%
Epoch: 700, Loss: 0.0165, Train: 99.32%, Valid: 36.57%, Test: 39.01%, Best Valid: 43.28%, Best Test: 39.56%
Epoch: 800, Loss: 0.0248, Train: 100.00%, Valid: 39.18%, Test: 42.86%, Best Valid: 43.28%, Best Test: 39.56%
Epoch: 900, Loss: 0.0306, Train: 100.00%, Valid: 39.55%, Test: 40.66%, Best Valid: 43.28%, Best Test: 39.56%
Run 05:
Highest Train: 100.00
Highest Valid: 43.28
Highest Test: 46.15
Chosen epoch: 669
Final Train: 99.77
Final Test: 39.56
All runs:
Highest Train: 100.00 ± 0.00
Highest Test: 43.48 ± 2.72
Highest Valid: 41.96 ± 2.03
  Final Train: 93.31 ± 10.28
   Final Test: 39.51 ± 2.48
Saving results to mlp_gt/results_full/chameleon/sgformer.csv

Running with MLP-GT Regularization (lambda=0.1)...
Namespace(aggregate='add', alpha=0.5, attention='gcn', beta=-1.0, bn=False, cpu=False, data_dir='../data/', dataset='chameleon', device=0, dim_inner=256, display_step=100, dropout=0.3, epochs=1000, global_dropout=None, global_layers=2, gnn='gcn', graph_weight=0.5, hidden_channels=256, hops=10, in_dropout=0.0, jk=False, label_num_per_class=20, lambda_val=0.1, layers=3, ln=False, local_gnn_type='GCN', local_layers=7, lr=0.01, metric='acc', mlp_epochs=500, mlp_reg=True, model='sgformer', model_dir='./model/', n_heads=1, num_centroids=4096, num_heads=1, oracle_reg=False, pe_types='RWSE', pre_linear=False, pre_ln=False, rand_split=False, rand_split_class=False, reg_start_epoch=10, reg_update_freq=5, res=False, result_dir='mlp_gt/results_full', runs=5, save_model=False, save_result=False, seed=42, test_num=1000, train_prop=0.5, use_act=True, use_bn=True, use_graph=True, use_reg=True, use_residual=True, use_weight=False, valid_num=500, valid_prop=0.25, weight_decay=0.0005)
chameleon
dataset chameleon | num nodes 890 | num edge 8854 | num node feats 2325 | num classes 5
MODEL: SGFormer(
  (trans_conv): TransConv(
    (convs): ModuleList(
      (0): TransConvLayer(
        (Wk): Linear(in_features=256, out_features=256, bias=True)
        (Wq): Linear(in_features=256, out_features=256, bias=True)
      )
      (1): TransConvLayer(
        (Wk): Linear(in_features=256, out_features=256, bias=True)
        (Wq): Linear(in_features=256, out_features=256, bias=True)
      )
      (2): TransConvLayer(
        (Wk): Linear(in_features=256, out_features=256, bias=True)
        (Wq): Linear(in_features=256, out_features=256, bias=True)
      )
    )
    (fcs): ModuleList(
      (0): Linear(in_features=2325, out_features=256, bias=True)
    )
    (bns): ModuleList(
      (0): LayerNorm((256,), eps=1e-05, elementwise_affine=True)
      (1): LayerNorm((256,), eps=1e-05, elementwise_affine=True)
      (2): LayerNorm((256,), eps=1e-05, elementwise_affine=True)
      (3): LayerNorm((256,), eps=1e-05, elementwise_affine=True)
    )
  )
  (gnn): GCN(
    (convs): ModuleList(
      (0): GCNConv(2325, 256)
      (1): GCNConv(256, 256)
      (2): GCNConv(256, 256)
    )
    (bns): ModuleList(
      (0): BatchNorm1d(256, eps=1e-05, momentum=0.1, affine=True, track_running_stats=True)
      (1): BatchNorm1d(256, eps=1e-05, momentum=0.1, affine=True, track_running_stats=True)
    )
  )
  (fc): Linear(in_features=256, out_features=5, bias=True)
)
Pre-training MLP for 500 epochs to generate co-occurrence matrix...
MLP pre-training complete. Penalty matrix frozen.
Epoch: 00, Loss: 1.8135, Train: 73.59%, Valid: 39.02%, Test: 34.54%, Best Valid: 39.02%, Best Test: 34.54%
Epoch: 100, Loss: 0.0358, Train: 99.27%, Valid: 37.63%, Test: 38.14%, Best Valid: 40.77%, Best Test: 42.78%
Epoch: 200, Loss: 0.0278, Train: 99.27%, Valid: 38.33%, Test: 37.63%, Best Valid: 41.46%, Best Test: 38.66%
Epoch: 300, Loss: 0.0349, Train: 99.51%, Valid: 39.02%, Test: 38.66%, Best Valid: 41.46%, Best Test: 38.66%
Epoch: 400, Loss: 0.0305, Train: 100.00%, Valid: 38.33%, Test: 37.63%, Best Valid: 41.81%, Best Test: 36.60%
Epoch: 500, Loss: 0.0255, Train: 99.76%, Valid: 37.28%, Test: 38.14%, Best Valid: 42.51%, Best Test: 39.69%
Epoch: 600, Loss: 0.0486, Train: 100.00%, Valid: 40.42%, Test: 35.05%, Best Valid: 42.86%, Best Test: 35.57%
Epoch: 700, Loss: 0.0290, Train: 100.00%, Valid: 39.02%, Test: 35.05%, Best Valid: 44.95%, Best Test: 35.05%
Epoch: 800, Loss: 0.0370, Train: 100.00%, Valid: 39.72%, Test: 38.14%, Best Valid: 44.95%, Best Test: 35.05%
Epoch: 900, Loss: 0.0380, Train: 100.00%, Valid: 37.63%, Test: 40.21%, Best Valid: 44.95%, Best Test: 35.05%
Run 01:
Highest Train: 100.00
Highest Valid: 44.95
Highest Test: 43.81
Chosen epoch: 658
Final Train: 100.00
Final Test: 35.05
Pre-training MLP for 500 epochs to generate co-occurrence matrix...
MLP pre-training complete. Penalty matrix frozen.
Epoch: 00, Loss: 3.9782, Train: 60.19%, Valid: 30.13%, Test: 33.54%, Best Valid: 30.13%, Best Test: 33.54%
Epoch: 100, Loss: 0.0302, Train: 99.06%, Valid: 36.75%, Test: 42.24%, Best Valid: 36.75%, Best Test: 43.48%
Epoch: 200, Loss: 0.0288, Train: 99.77%, Valid: 35.10%, Test: 39.75%, Best Valid: 37.42%, Best Test: 42.86%
Epoch: 300, Loss: 0.0242, Train: 100.00%, Valid: 37.09%, Test: 40.99%, Best Valid: 38.41%, Best Test: 41.61%
Epoch: 400, Loss: 0.0198, Train: 100.00%, Valid: 35.76%, Test: 41.61%, Best Valid: 38.41%, Best Test: 41.61%
Epoch: 500, Loss: 0.0237, Train: 99.06%, Valid: 36.42%, Test: 37.89%, Best Valid: 40.40%, Best Test: 38.51%
Epoch: 600, Loss: 0.0356, Train: 100.00%, Valid: 32.78%, Test: 39.13%, Best Valid: 40.40%, Best Test: 38.51%
Epoch: 700, Loss: 0.0208, Train: 100.00%, Valid: 33.77%, Test: 38.51%, Best Valid: 40.40%, Best Test: 38.51%
Epoch: 800, Loss: 0.0216, Train: 100.00%, Valid: 34.44%, Test: 35.40%, Best Valid: 40.40%, Best Test: 38.51%
Epoch: 900, Loss: 0.0216, Train: 100.00%, Valid: 36.75%, Test: 39.75%, Best Valid: 40.40%, Best Test: 38.51%
Run 02:
Highest Train: 100.00
Highest Valid: 40.40
Highest Test: 44.10
Chosen epoch: 449
Final Train: 99.77
Final Test: 38.51
Pre-training MLP for 500 epochs to generate co-occurrence matrix...
MLP pre-training complete. Penalty matrix frozen.
Epoch: 00, Loss: 3.9675, Train: 62.09%, Valid: 35.17%, Test: 31.46%, Best Valid: 35.17%, Best Test: 31.46%
Epoch: 100, Loss: 0.0362, Train: 99.05%, Valid: 38.97%, Test: 34.27%, Best Valid: 40.00%, Best Test: 35.96%
Epoch: 200, Loss: 0.0303, Train: 99.53%, Valid: 40.00%, Test: 34.83%, Best Valid: 41.03%, Best Test: 34.83%
Epoch: 300, Loss: 0.0268, Train: 99.76%, Valid: 39.66%, Test: 34.27%, Best Valid: 41.03%, Best Test: 34.83%
Epoch: 400, Loss: 0.0223, Train: 99.29%, Valid: 38.97%, Test: 34.27%, Best Valid: 42.07%, Best Test: 33.71%
Epoch: 500, Loss: 0.0175, Train: 99.76%, Valid: 38.28%, Test: 35.39%, Best Valid: 42.07%, Best Test: 33.71%
Epoch: 600, Loss: 0.0192, Train: 99.29%, Valid: 37.93%, Test: 32.02%, Best Valid: 42.07%, Best Test: 33.71%
Epoch: 700, Loss: 0.0387, Train: 99.53%, Valid: 38.97%, Test: 35.96%, Best Valid: 42.76%, Best Test: 35.39%
Epoch: 800, Loss: 0.0279, Train: 99.76%, Valid: 37.24%, Test: 30.34%, Best Valid: 42.76%, Best Test: 35.39%
Epoch: 900, Loss: 0.0262, Train: 99.53%, Valid: 38.97%, Test: 33.71%, Best Valid: 42.76%, Best Test: 35.39%
Run 03:
Highest Train: 100.00
Highest Valid: 42.76
Highest Test: 38.76
Chosen epoch: 656
Final Train: 99.53
Final Test: 35.39
Pre-training MLP for 500 epochs to generate co-occurrence matrix...
MLP pre-training complete. Penalty matrix frozen.
Epoch: 00, Loss: 3.6217, Train: 63.11%, Valid: 33.33%, Test: 38.04%, Best Valid: 33.33%, Best Test: 38.04%
Epoch: 100, Loss: 0.0446, Train: 99.51%, Valid: 33.33%, Test: 40.76%, Best Valid: 35.71%, Best Test: 40.22%
Epoch: 200, Loss: 0.0163, Train: 99.76%, Valid: 34.01%, Test: 41.30%, Best Valid: 36.73%, Best Test: 41.30%
Epoch: 300, Loss: 0.0214, Train: 99.76%, Valid: 35.37%, Test: 39.67%, Best Valid: 37.76%, Best Test: 40.76%
Epoch: 400, Loss: 0.0155, Train: 99.51%, Valid: 32.65%, Test: 40.76%, Best Valid: 37.76%, Best Test: 40.76%
Epoch: 500, Loss: 0.0147, Train: 99.76%, Valid: 35.37%, Test: 38.59%, Best Valid: 37.76%, Best Test: 40.76%
Epoch: 600, Loss: 0.0158, Train: 99.51%, Valid: 35.71%, Test: 38.59%, Best Valid: 37.76%, Best Test: 40.76%
Epoch: 700, Loss: 0.0234, Train: 99.51%, Valid: 38.10%, Test: 38.04%, Best Valid: 38.10%, Best Test: 38.04%
Epoch: 800, Loss: 0.0175, Train: 99.27%, Valid: 37.76%, Test: 39.67%, Best Valid: 39.80%, Best Test: 40.22%
Epoch: 900, Loss: 0.0185, Train: 99.76%, Valid: 33.67%, Test: 39.13%, Best Valid: 39.80%, Best Test: 40.22%
Run 04:
Highest Train: 100.00
Highest Valid: 39.80
Highest Test: 45.11
Chosen epoch: 798
Final Train: 99.51
Final Test: 40.22
Pre-training MLP for 500 epochs to generate co-occurrence matrix...
MLP pre-training complete. Penalty matrix frozen.
Epoch: 00, Loss: 3.7898, Train: 62.27%, Valid: 39.18%, Test: 37.91%, Best Valid: 39.18%, Best Test: 37.91%
Epoch: 100, Loss: 0.0412, Train: 98.64%, Valid: 39.55%, Test: 40.66%, Best Valid: 41.79%, Best Test: 37.36%
Epoch: 200, Loss: 0.0260, Train: 99.32%, Valid: 38.43%, Test: 42.31%, Best Valid: 41.79%, Best Test: 37.36%
Epoch: 300, Loss: 0.0280, Train: 99.55%, Valid: 37.69%, Test: 41.76%, Best Valid: 41.79%, Best Test: 37.36%
Epoch: 400, Loss: 0.0195, Train: 99.77%, Valid: 39.18%, Test: 41.21%, Best Valid: 43.28%, Best Test: 40.66%
Epoch: 500, Loss: 0.0175, Train: 100.00%, Valid: 36.57%, Test: 43.41%, Best Valid: 43.28%, Best Test: 40.66%
Epoch: 600, Loss: 0.0209, Train: 99.55%, Valid: 40.67%, Test: 43.96%, Best Valid: 43.28%, Best Test: 40.66%
Epoch: 700, Loss: 0.0214, Train: 99.77%, Valid: 38.81%, Test: 42.86%, Best Valid: 43.28%, Best Test: 40.66%
Epoch: 800, Loss: 0.0283, Train: 99.77%, Valid: 37.31%, Test: 37.36%, Best Valid: 43.28%, Best Test: 40.66%
Epoch: 900, Loss: 0.0144, Train: 99.09%, Valid: 37.69%, Test: 40.66%, Best Valid: 43.28%, Best Test: 40.66%
Run 05:
Highest Train: 100.00
Highest Valid: 43.28
Highest Test: 46.15
Chosen epoch: 389
Final Train: 99.32
Final Test: 40.66
All runs:
Highest Train: 100.00 ± 0.00
Highest Test: 43.59 ± 2.85
Highest Valid: 42.24 ± 2.12
  Final Train: 99.62 ± 0.26
   Final Test: 37.97 ± 2.63
Saving results to mlp_gt/results_full/chameleon/sgformer.csv

Running with MLP-GT Regularization (lambda=0.2)...
Namespace(aggregate='add', alpha=0.5, attention='gcn', beta=-1.0, bn=False, cpu=False, data_dir='../data/', dataset='chameleon', device=0, dim_inner=256, display_step=100, dropout=0.3, epochs=1000, global_dropout=None, global_layers=2, gnn='gcn', graph_weight=0.5, hidden_channels=256, hops=10, in_dropout=0.0, jk=False, label_num_per_class=20, lambda_val=0.2, layers=3, ln=False, local_gnn_type='GCN', local_layers=7, lr=0.01, metric='acc', mlp_epochs=500, mlp_reg=True, model='sgformer', model_dir='./model/', n_heads=1, num_centroids=4096, num_heads=1, oracle_reg=False, pe_types='RWSE', pre_linear=False, pre_ln=False, rand_split=False, rand_split_class=False, reg_start_epoch=10, reg_update_freq=5, res=False, result_dir='mlp_gt/results_full', runs=5, save_model=False, save_result=False, seed=42, test_num=1000, train_prop=0.5, use_act=True, use_bn=True, use_graph=True, use_reg=True, use_residual=True, use_weight=False, valid_num=500, valid_prop=0.25, weight_decay=0.0005)
chameleon
dataset chameleon | num nodes 890 | num edge 8854 | num node feats 2325 | num classes 5
MODEL: SGFormer(
  (trans_conv): TransConv(
    (convs): ModuleList(
      (0): TransConvLayer(
        (Wk): Linear(in_features=256, out_features=256, bias=True)
        (Wq): Linear(in_features=256, out_features=256, bias=True)
      )
      (1): TransConvLayer(
        (Wk): Linear(in_features=256, out_features=256, bias=True)
        (Wq): Linear(in_features=256, out_features=256, bias=True)
      )
      (2): TransConvLayer(
        (Wk): Linear(in_features=256, out_features=256, bias=True)
        (Wq): Linear(in_features=256, out_features=256, bias=True)
      )
    )
    (fcs): ModuleList(
      (0): Linear(in_features=2325, out_features=256, bias=True)
    )
    (bns): ModuleList(
      (0): LayerNorm((256,), eps=1e-05, elementwise_affine=True)
      (1): LayerNorm((256,), eps=1e-05, elementwise_affine=True)
      (2): LayerNorm((256,), eps=1e-05, elementwise_affine=True)
      (3): LayerNorm((256,), eps=1e-05, elementwise_affine=True)
    )
  )
  (gnn): GCN(
    (convs): ModuleList(
      (0): GCNConv(2325, 256)
      (1): GCNConv(256, 256)
      (2): GCNConv(256, 256)
    )
    (bns): ModuleList(
      (0): BatchNorm1d(256, eps=1e-05, momentum=0.1, affine=True, track_running_stats=True)
      (1): BatchNorm1d(256, eps=1e-05, momentum=0.1, affine=True, track_running_stats=True)
    )
  )
  (fc): Linear(in_features=256, out_features=5, bias=True)
)
Pre-training MLP for 500 epochs to generate co-occurrence matrix...
MLP pre-training complete. Penalty matrix frozen.
Epoch: 00, Loss: 1.9784, Train: 72.13%, Valid: 37.98%, Test: 34.02%, Best Valid: 37.98%, Best Test: 34.02%
Epoch: 100, Loss: 0.0347, Train: 99.76%, Valid: 39.37%, Test: 40.21%, Best Valid: 41.11%, Best Test: 38.14%
Epoch: 200, Loss: 0.0376, Train: 99.76%, Valid: 38.68%, Test: 36.60%, Best Valid: 42.51%, Best Test: 38.14%
Epoch: 300, Loss: 0.0272, Train: 100.00%, Valid: 37.98%, Test: 35.57%, Best Valid: 42.51%, Best Test: 38.14%
Epoch: 400, Loss: 0.0352, Train: 99.76%, Valid: 40.07%, Test: 37.11%, Best Valid: 42.51%, Best Test: 38.14%
Epoch: 500, Loss: 0.0530, Train: 100.00%, Valid: 38.68%, Test: 38.66%, Best Valid: 42.51%, Best Test: 38.14%
Epoch: 600, Loss: 0.0524, Train: 100.00%, Valid: 37.98%, Test: 38.66%, Best Valid: 42.86%, Best Test: 38.14%
Epoch: 700, Loss: 0.0496, Train: 99.76%, Valid: 38.68%, Test: 36.08%, Best Valid: 43.90%, Best Test: 38.14%
Epoch: 800, Loss: 0.0203, Train: 99.51%, Valid: 38.68%, Test: 33.51%, Best Valid: 43.90%, Best Test: 38.14%
Epoch: 900, Loss: 0.0307, Train: 100.00%, Valid: 40.77%, Test: 37.11%, Best Valid: 43.90%, Best Test: 38.14%
Run 01:
Highest Train: 100.00
Highest Valid: 43.90
Highest Test: 42.78
Chosen epoch: 626
Final Train: 99.51
Final Test: 38.14
Pre-training MLP for 500 epochs to generate co-occurrence matrix...
MLP pre-training complete. Penalty matrix frozen.
Epoch: 00, Loss: 4.7176, Train: 55.27%, Valid: 32.78%, Test: 33.54%, Best Valid: 32.78%, Best Test: 33.54%
Epoch: 100, Loss: 0.0351, Train: 99.30%, Valid: 35.43%, Test: 38.51%, Best Valid: 36.09%, Best Test: 37.27%
Epoch: 200, Loss: 0.0203, Train: 99.77%, Valid: 32.12%, Test: 38.51%, Best Valid: 36.42%, Best Test: 38.51%
Epoch: 300, Loss: 0.0166, Train: 100.00%, Valid: 32.78%, Test: 37.27%, Best Valid: 36.42%, Best Test: 38.51%
Epoch: 400, Loss: 0.0316, Train: 100.00%, Valid: 34.44%, Test: 39.13%, Best Valid: 36.42%, Best Test: 38.51%
Epoch: 500, Loss: 0.0239, Train: 99.77%, Valid: 35.76%, Test: 37.89%, Best Valid: 36.75%, Best Test: 39.75%
Epoch: 600, Loss: 0.0161, Train: 100.00%, Valid: 34.77%, Test: 38.51%, Best Valid: 37.09%, Best Test: 38.51%
Epoch: 700, Loss: 0.0309, Train: 100.00%, Valid: 34.44%, Test: 36.65%, Best Valid: 37.09%, Best Test: 38.51%
Epoch: 800, Loss: 0.0283, Train: 100.00%, Valid: 33.77%, Test: 36.65%, Best Valid: 37.09%, Best Test: 38.51%
Epoch: 900, Loss: 0.0406, Train: 100.00%, Valid: 32.12%, Test: 38.51%, Best Valid: 38.74%, Best Test: 37.27%
Run 02:
Highest Train: 100.00
Highest Valid: 38.74
Highest Test: 44.72
Chosen epoch: 864
Final Train: 100.00
Final Test: 37.27
Pre-training MLP for 500 epochs to generate co-occurrence matrix...
MLP pre-training complete. Penalty matrix frozen.
Epoch: 00, Loss: 4.2426, Train: 62.80%, Valid: 38.28%, Test: 29.78%, Best Valid: 38.28%, Best Test: 29.78%
Epoch: 100, Loss: 0.0454, Train: 99.29%, Valid: 42.07%, Test: 33.71%, Best Valid: 43.10%, Best Test: 34.27%
Epoch: 200, Loss: 0.0396, Train: 99.53%, Valid: 40.00%, Test: 33.15%, Best Valid: 43.79%, Best Test: 34.27%
Epoch: 300, Loss: 0.0376, Train: 99.53%, Valid: 38.97%, Test: 32.02%, Best Valid: 43.79%, Best Test: 34.27%
Epoch: 400, Loss: 0.0237, Train: 99.53%, Valid: 39.31%, Test: 35.39%, Best Valid: 43.79%, Best Test: 34.27%
Epoch: 500, Loss: 0.0212, Train: 99.29%, Valid: 37.59%, Test: 34.27%, Best Valid: 43.79%, Best Test: 34.27%
Epoch: 600, Loss: 0.0262, Train: 99.76%, Valid: 38.62%, Test: 34.27%, Best Valid: 43.79%, Best Test: 34.27%
Epoch: 700, Loss: 0.0242, Train: 99.76%, Valid: 38.97%, Test: 31.46%, Best Valid: 43.79%, Best Test: 34.27%
Epoch: 800, Loss: 0.0352, Train: 99.29%, Valid: 38.62%, Test: 33.71%, Best Valid: 43.79%, Best Test: 34.27%
Epoch: 900, Loss: 0.0220, Train: 99.76%, Valid: 41.72%, Test: 32.58%, Best Valid: 43.79%, Best Test: 34.27%
Run 03:
Highest Train: 100.00
Highest Valid: 43.79
Highest Test: 37.64
Chosen epoch: 124
Final Train: 99.29
Final Test: 34.27
Pre-training MLP for 500 epochs to generate co-occurrence matrix...
MLP pre-training complete. Penalty matrix frozen.
Epoch: 00, Loss: 4.2619, Train: 63.59%, Valid: 31.29%, Test: 36.96%, Best Valid: 31.29%, Best Test: 36.96%
Epoch: 100, Loss: 0.0423, Train: 99.51%, Valid: 33.67%, Test: 41.30%, Best Valid: 34.69%, Best Test: 41.30%
Epoch: 200, Loss: 0.0292, Train: 99.27%, Valid: 32.99%, Test: 42.93%, Best Valid: 35.37%, Best Test: 42.93%
Epoch: 300, Loss: 0.0389, Train: 99.27%, Valid: 35.03%, Test: 40.22%, Best Valid: 36.39%, Best Test: 39.13%
Epoch: 400, Loss: 0.0174, Train: 99.76%, Valid: 34.35%, Test: 41.30%, Best Valid: 36.39%, Best Test: 39.13%
Epoch: 500, Loss: 0.0292, Train: 99.51%, Valid: 34.69%, Test: 41.30%, Best Valid: 38.10%, Best Test: 41.85%
Epoch: 600, Loss: 0.0219, Train: 99.51%, Valid: 35.71%, Test: 39.67%, Best Valid: 38.10%, Best Test: 41.85%
Epoch: 700, Loss: 0.0248, Train: 99.51%, Valid: 32.99%, Test: 42.39%, Best Valid: 38.10%, Best Test: 41.85%
Epoch: 800, Loss: 0.0219, Train: 100.00%, Valid: 36.05%, Test: 39.13%, Best Valid: 39.12%, Best Test: 41.30%
Epoch: 900, Loss: 0.0217, Train: 99.51%, Valid: 37.41%, Test: 41.85%, Best Valid: 39.12%, Best Test: 41.30%
Run 04:
Highest Train: 100.00
Highest Valid: 39.12
Highest Test: 45.65
Chosen epoch: 788
Final Train: 100.00
Final Test: 41.30
Pre-training MLP for 500 epochs to generate co-occurrence matrix...
MLP pre-training complete. Penalty matrix frozen.
Epoch: 00, Loss: 4.5082, Train: 55.23%, Valid: 34.70%, Test: 36.81%, Best Valid: 34.70%, Best Test: 36.81%
Epoch: 100, Loss: 0.0339, Train: 98.86%, Valid: 39.55%, Test: 42.31%, Best Valid: 42.54%, Best Test: 39.56%
Epoch: 200, Loss: 0.0212, Train: 99.55%, Valid: 39.93%, Test: 43.96%, Best Valid: 42.54%, Best Test: 39.56%
Epoch: 300, Loss: 0.0205, Train: 99.55%, Valid: 40.67%, Test: 41.76%, Best Valid: 42.54%, Best Test: 39.56%
Epoch: 400, Loss: 0.0295, Train: 99.55%, Valid: 38.81%, Test: 42.31%, Best Valid: 42.54%, Best Test: 39.56%
Epoch: 500, Loss: 0.0452, Train: 99.32%, Valid: 38.06%, Test: 42.31%, Best Valid: 42.54%, Best Test: 39.56%
Epoch: 600, Loss: 0.0363, Train: 99.77%, Valid: 36.57%, Test: 41.21%, Best Valid: 42.54%, Best Test: 39.56%
Epoch: 700, Loss: 0.0150, Train: 99.55%, Valid: 37.31%, Test: 42.31%, Best Valid: 42.54%, Best Test: 39.56%
Epoch: 800, Loss: 0.0218, Train: 100.00%, Valid: 38.81%, Test: 41.76%, Best Valid: 42.54%, Best Test: 39.56%
Epoch: 900, Loss: 0.0262, Train: 99.77%, Valid: 36.94%, Test: 39.01%, Best Valid: 42.54%, Best Test: 39.56%
Run 05:
Highest Train: 100.00
Highest Valid: 42.54
Highest Test: 46.70
Chosen epoch: 8
Final Train: 94.55
Final Test: 39.56
All runs:
Highest Train: 100.00 ± 0.00
Highest Test: 43.50 ± 3.58
Highest Valid: 41.62 ± 2.52
  Final Train: 98.67 ± 2.33
   Final Test: 38.11 ± 2.63
Saving results to mlp_gt/results_full/chameleon/sgformer.csv

Running with MLP-GT Regularization (lambda=0.4)...
Namespace(aggregate='add', alpha=0.5, attention='gcn', beta=-1.0, bn=False, cpu=False, data_dir='../data/', dataset='chameleon', device=0, dim_inner=256, display_step=100, dropout=0.3, epochs=1000, global_dropout=None, global_layers=2, gnn='gcn', graph_weight=0.5, hidden_channels=256, hops=10, in_dropout=0.0, jk=False, label_num_per_class=20, lambda_val=0.4, layers=3, ln=False, local_gnn_type='GCN', local_layers=7, lr=0.01, metric='acc', mlp_epochs=500, mlp_reg=True, model='sgformer', model_dir='./model/', n_heads=1, num_centroids=4096, num_heads=1, oracle_reg=False, pe_types='RWSE', pre_linear=False, pre_ln=False, rand_split=False, rand_split_class=False, reg_start_epoch=10, reg_update_freq=5, res=False, result_dir='mlp_gt/results_full', runs=5, save_model=False, save_result=False, seed=42, test_num=1000, train_prop=0.5, use_act=True, use_bn=True, use_graph=True, use_reg=True, use_residual=True, use_weight=False, valid_num=500, valid_prop=0.25, weight_decay=0.0005)
chameleon
dataset chameleon | num nodes 890 | num edge 8854 | num node feats 2325 | num classes 5
MODEL: SGFormer(
  (trans_conv): TransConv(
    (convs): ModuleList(
      (0): TransConvLayer(
        (Wk): Linear(in_features=256, out_features=256, bias=True)
        (Wq): Linear(in_features=256, out_features=256, bias=True)
      )
      (1): TransConvLayer(
        (Wk): Linear(in_features=256, out_features=256, bias=True)
        (Wq): Linear(in_features=256, out_features=256, bias=True)
      )
      (2): TransConvLayer(
        (Wk): Linear(in_features=256, out_features=256, bias=True)
        (Wq): Linear(in_features=256, out_features=256, bias=True)
      )
    )
    (fcs): ModuleList(
      (0): Linear(in_features=2325, out_features=256, bias=True)
    )
    (bns): ModuleList(
      (0): LayerNorm((256,), eps=1e-05, elementwise_affine=True)
      (1): LayerNorm((256,), eps=1e-05, elementwise_affine=True)
      (2): LayerNorm((256,), eps=1e-05, elementwise_affine=True)
      (3): LayerNorm((256,), eps=1e-05, elementwise_affine=True)
    )
  )
  (gnn): GCN(
    (convs): ModuleList(
      (0): GCNConv(2325, 256)
      (1): GCNConv(256, 256)
      (2): GCNConv(256, 256)
    )
    (bns): ModuleList(
      (0): BatchNorm1d(256, eps=1e-05, momentum=0.1, affine=True, track_running_stats=True)
      (1): BatchNorm1d(256, eps=1e-05, momentum=0.1, affine=True, track_running_stats=True)
    )
  )
  (fc): Linear(in_features=256, out_features=5, bias=True)
)
Pre-training MLP for 500 epochs to generate co-occurrence matrix...
MLP pre-training complete. Penalty matrix frozen.
Epoch: 00, Loss: 2.3081, Train: 68.95%, Valid: 38.33%, Test: 32.99%, Best Valid: 38.33%, Best Test: 32.99%
Epoch: 100, Loss: 0.0330, Train: 99.51%, Valid: 36.93%, Test: 37.11%, Best Valid: 41.46%, Best Test: 37.63%
Epoch: 200, Loss: 0.0277, Train: 99.51%, Valid: 38.33%, Test: 36.60%, Best Valid: 41.46%, Best Test: 37.63%
Epoch: 300, Loss: 0.0377, Train: 99.51%, Valid: 41.11%, Test: 40.21%, Best Valid: 41.46%, Best Test: 37.63%
Epoch: 400, Loss: 0.0627, Train: 99.51%, Valid: 38.33%, Test: 35.57%, Best Valid: 43.21%, Best Test: 34.02%
Epoch: 500, Loss: 0.0455, Train: 99.76%, Valid: 39.37%, Test: 40.21%, Best Valid: 43.21%, Best Test: 34.02%
Epoch: 600, Loss: 0.0354, Train: 100.00%, Valid: 40.42%, Test: 36.08%, Best Valid: 43.21%, Best Test: 34.02%
Epoch: 700, Loss: 0.0318, Train: 99.27%, Valid: 37.98%, Test: 39.18%, Best Valid: 43.21%, Best Test: 34.02%
Epoch: 800, Loss: 0.0527, Train: 100.00%, Valid: 39.02%, Test: 35.57%, Best Valid: 43.21%, Best Test: 34.02%
Epoch: 900, Loss: 0.0475, Train: 100.00%, Valid: 41.46%, Test: 37.63%, Best Valid: 43.21%, Best Test: 34.02%
Run 01:
Highest Train: 100.00
Highest Valid: 43.21
Highest Test: 42.27
Chosen epoch: 380
Final Train: 99.76
Final Test: 34.02
Pre-training MLP for 500 epochs to generate co-occurrence matrix...
MLP pre-training complete. Penalty matrix frozen.
Epoch: 00, Loss: 5.4836, Train: 57.14%, Valid: 30.13%, Test: 35.40%, Best Valid: 30.13%, Best Test: 35.40%
Epoch: 100, Loss: 0.0666, Train: 99.06%, Valid: 35.10%, Test: 42.24%, Best Valid: 36.75%, Best Test: 42.24%
Epoch: 200, Loss: 0.0469, Train: 99.53%, Valid: 34.11%, Test: 41.61%, Best Valid: 36.75%, Best Test: 42.24%
Epoch: 300, Loss: 0.0266, Train: 100.00%, Valid: 34.11%, Test: 39.75%, Best Valid: 36.75%, Best Test: 42.24%
Epoch: 400, Loss: 0.0242, Train: 100.00%, Valid: 36.75%, Test: 39.75%, Best Valid: 37.75%, Best Test: 40.37%
Epoch: 500, Loss: 0.0201, Train: 100.00%, Valid: 34.44%, Test: 36.65%, Best Valid: 38.74%, Best Test: 39.13%
Epoch: 600, Loss: 0.0296, Train: 99.77%, Valid: 35.43%, Test: 40.37%, Best Valid: 38.74%, Best Test: 39.13%
Epoch: 700, Loss: 0.0343, Train: 100.00%, Valid: 34.11%, Test: 40.37%, Best Valid: 38.74%, Best Test: 39.13%
Epoch: 800, Loss: 0.0268, Train: 100.00%, Valid: 34.11%, Test: 40.37%, Best Valid: 38.74%, Best Test: 39.13%
Epoch: 900, Loss: 0.0444, Train: 99.77%, Valid: 32.12%, Test: 36.65%, Best Valid: 38.74%, Best Test: 39.13%
Run 02:
Highest Train: 100.00
Highest Valid: 38.74
Highest Test: 44.10
Chosen epoch: 471
Final Train: 99.77
Final Test: 39.13
Pre-training MLP for 500 epochs to generate co-occurrence matrix...
MLP pre-training complete. Penalty matrix frozen.
Epoch: 00, Loss: 4.9142, Train: 60.43%, Valid: 35.52%, Test: 28.65%, Best Valid: 35.52%, Best Test: 28.65%
Epoch: 100, Loss: 0.0680, Train: 99.29%, Valid: 40.00%, Test: 33.15%, Best Valid: 41.38%, Best Test: 34.83%
Epoch: 200, Loss: 0.0471, Train: 99.53%, Valid: 42.41%, Test: 34.27%, Best Valid: 43.10%, Best Test: 33.71%
Epoch: 300, Loss: 0.0397, Train: 99.53%, Valid: 38.97%, Test: 34.27%, Best Valid: 43.10%, Best Test: 33.71%
Epoch: 400, Loss: 0.0355, Train: 99.53%, Valid: 39.31%, Test: 33.15%, Best Valid: 43.10%, Best Test: 33.71%
Epoch: 500, Loss: 0.0332, Train: 99.76%, Valid: 37.24%, Test: 35.39%, Best Valid: 43.10%, Best Test: 33.71%
Epoch: 600, Loss: 0.0271, Train: 99.76%, Valid: 36.55%, Test: 32.02%, Best Valid: 43.10%, Best Test: 33.71%
Epoch: 700, Loss: 0.0461, Train: 99.53%, Valid: 38.28%, Test: 30.34%, Best Valid: 43.10%, Best Test: 33.71%
Epoch: 800, Loss: 0.0260, Train: 99.53%, Valid: 41.38%, Test: 33.15%, Best Valid: 43.10%, Best Test: 33.71%
Epoch: 900, Loss: 0.0365, Train: 99.76%, Valid: 36.21%, Test: 32.58%, Best Valid: 43.10%, Best Test: 33.71%
Run 03:
Highest Train: 100.00
Highest Valid: 43.10
Highest Test: 37.64
Chosen epoch: 186
Final Train: 99.53
Final Test: 33.71
Pre-training MLP for 500 epochs to generate co-occurrence matrix...
MLP pre-training complete. Penalty matrix frozen.
Epoch: 00, Loss: 4.6722, Train: 68.93%, Valid: 34.69%, Test: 39.13%, Best Valid: 34.69%, Best Test: 39.13%
Epoch: 100, Loss: 0.0651, Train: 99.51%, Valid: 33.33%, Test: 42.39%, Best Valid: 37.41%, Best Test: 45.65%
Epoch: 200, Loss: 0.0378, Train: 99.51%, Valid: 34.69%, Test: 41.85%, Best Valid: 37.41%, Best Test: 45.65%
Epoch: 300, Loss: 0.0183, Train: 99.51%, Valid: 31.97%, Test: 42.39%, Best Valid: 37.41%, Best Test: 45.65%
Epoch: 400, Loss: 0.0377, Train: 99.76%, Valid: 33.33%, Test: 38.59%, Best Valid: 37.41%, Best Test: 45.65%
Epoch: 500, Loss: 0.0215, Train: 99.76%, Valid: 33.67%, Test: 39.13%, Best Valid: 37.41%, Best Test: 45.65%
Epoch: 600, Loss: 0.0229, Train: 99.76%, Valid: 34.69%, Test: 39.13%, Best Valid: 37.41%, Best Test: 45.65%
Epoch: 700, Loss: 0.0217, Train: 99.51%, Valid: 32.99%, Test: 40.22%, Best Valid: 37.41%, Best Test: 45.65%
Epoch: 800, Loss: 0.0182, Train: 99.51%, Valid: 32.99%, Test: 38.59%, Best Valid: 37.41%, Best Test: 45.65%
Epoch: 900, Loss: 0.0169, Train: 99.76%, Valid: 32.99%, Test: 38.59%, Best Valid: 37.41%, Best Test: 45.65%
Run 04:
Highest Train: 100.00
Highest Valid: 37.76
Highest Test: 45.65
Chosen epoch: 973
Final Train: 100.00
Final Test: 38.59
Pre-training MLP for 500 epochs to generate co-occurrence matrix...
MLP pre-training complete. Penalty matrix frozen.
Epoch: 00, Loss: 4.8327, Train: 65.68%, Valid: 34.70%, Test: 37.36%, Best Valid: 34.70%, Best Test: 37.36%
Epoch: 100, Loss: 0.0367, Train: 98.64%, Valid: 38.43%, Test: 46.15%, Best Valid: 41.42%, Best Test: 37.91%
Epoch: 200, Loss: 0.0225, Train: 99.55%, Valid: 39.55%, Test: 44.51%, Best Valid: 41.79%, Best Test: 43.41%
Epoch: 300, Loss: 0.0243, Train: 99.77%, Valid: 40.30%, Test: 41.76%, Best Valid: 41.79%, Best Test: 43.41%
Epoch: 400, Loss: 0.0237, Train: 100.00%, Valid: 38.43%, Test: 42.31%, Best Valid: 41.79%, Best Test: 43.41%
Epoch: 500, Loss: 0.0380, Train: 99.77%, Valid: 38.43%, Test: 40.66%, Best Valid: 41.79%, Best Test: 43.41%
Epoch: 600, Loss: 0.0222, Train: 99.77%, Valid: 37.31%, Test: 42.31%, Best Valid: 41.79%, Best Test: 43.41%
Epoch: 700, Loss: 0.0462, Train: 99.55%, Valid: 36.94%, Test: 42.31%, Best Valid: 41.79%, Best Test: 43.41%
Epoch: 800, Loss: 0.0270, Train: 99.55%, Valid: 35.82%, Test: 40.11%, Best Valid: 41.79%, Best Test: 43.41%
Epoch: 900, Loss: 0.0590, Train: 99.55%, Valid: 37.69%, Test: 40.66%, Best Valid: 41.79%, Best Test: 43.41%
Run 05:
Highest Train: 100.00
Highest Valid: 41.79
Highest Test: 46.70
Chosen epoch: 146
Final Train: 99.77
Final Test: 43.41
All runs:
Highest Train: 100.00 ± 0.00
Highest Test: 43.27 ± 3.57
Highest Valid: 40.92 ± 2.53
  Final Train: 99.76 ± 0.17
   Final Test: 37.77 ± 4.03
Saving results to mlp_gt/results_full/chameleon/sgformer.csv

GT sweep completed!
==========================================================
Task 2 (sgformer / chameleon) completed at: Wed Apr 29 12:27:15 AM EDT 2026
==========================================================
