==========================================================
MLP-GT Full Sweep | Task 33
Job: 1011972 | Date: Tue Apr 28 08:14:52 AM EDT 2026 | Host: n0001
==========================================================
Tue Apr 28 08:14:55 2026       
+-----------------------------------------------------------------------------------------+
| NVIDIA-SMI 570.211.01             Driver Version: 570.211.01     CUDA Version: 12.8     |
|-----------------------------------------+------------------------+----------------------+
| GPU  Name                 Persistence-M | Bus-Id          Disp.A | Volatile Uncorr. ECC |
| Fan  Temp   Perf          Pwr:Usage/Cap |           Memory-Usage | GPU-Util  Compute M. |
|                                         |                        |               MIG M. |
|=========================================+========================+======================|
|   0  NVIDIA A100-SXM4-80GB          On  |   00000000:01:00.0 Off |                   On |
| N/A   45C    P0            185W /  500W |   13458MiB /  81920MiB |     N/A      Default |
|                                         |                        |              Enabled |
+-----------------------------------------+------------------------+----------------------+
|   1  NVIDIA A100-SXM4-80GB          On  |   00000000:41:00.0 Off |                   On |
| N/A   38C    P0            158W /  500W |    3651MiB /  81920MiB |     N/A      Default |
|                                         |                        |              Enabled |
+-----------------------------------------+------------------------+----------------------+
|   2  NVIDIA A100-SXM4-80GB          On  |   00000000:81:00.0 Off |                   On |
| N/A   42C    P0            137W /  500W |    3378MiB /  81920MiB |     N/A      Default |
|                                         |                        |              Enabled |
+-----------------------------------------+------------------------+----------------------+
|   3  NVIDIA A100-SXM4-80GB          On  |   00000000:C1:00.0 Off |                   On |
| N/A   34C    P0            129W /  500W |    4266MiB /  81920MiB |     N/A      Default |
|                                         |                        |              Enabled |
+-----------------------------------------+------------------------+----------------------+

+-----------------------------------------------------------------------------------------+
| MIG devices:                                                                            |
+------------------+----------------------------------+-----------+-----------------------+
| GPU  GI  CI  MIG |                     Memory-Usage |        Vol|        Shared         |
|      ID  ID  Dev |                       BAR1-Usage | SM     Unc| CE ENC  DEC  OFA  JPG |
|                  |                                  |        ECC|                       |
|==================+==================================+===========+=======================|
|  1    5   0   0  |              53MiB / 19968MiB    | 28      0 |  2   0    1    0    0 |
|                  |                 0MiB / 32767MiB  |           |                       |
+------------------+----------------------------------+-----------+-----------------------+
                                                                                         
+-----------------------------------------------------------------------------------------+
| Processes:                                                                              |
|  GPU   GI   CI              PID   Type   Process name                        GPU Memory |
|        ID   ID                                                               Usage      |
|=========================================================================================|
|    0    1    0           498705      C   python                                 6388MiB |
|    0   13    0           594828      C   python                                 5452MiB |
|    0    5    0           596238      C   python                                 1418MiB |
|    2    3    0           596219      C   python                                 2832MiB |
|    2    2    0           596220      C   python                                  350MiB |
|    3    5    0           592805      C   python                                 4076MiB |
+-----------------------------------------------------------------------------------------+
1.12.1
True
NVIDIA A100-SXM4-80GB MIG 2g.20gb
Model: sgformer | Dataset: questions
Split flags: --metric rocauc
==========================================================
Starting mlp_gt GT Sweep for:
python main.py --model sgformer --dataset questions         --hidden_channels 256 --layers 3 --num_heads 1         --lr 0.01 --weight_decay 5e-4 --dropout 0.3         --use_graph --use_act --alpha 0.5 --use_residual --use_bn --graph_weight 0.5         --epochs 1000         --runs 5 --device 0         --metric rocauc
Result dir: mlp_gt/results_full
==========================================================
Running GT Baseline (no reg)...
Namespace(aggregate='add', alpha=0.5, attention='gcn', beta=-1.0, bn=False, cpu=False, data_dir='../data/', dataset='questions', device=0, dim_inner=256, display_step=100, dropout=0.3, epochs=1000, global_dropout=None, global_layers=2, gnn='gcn', graph_weight=0.5, hidden_channels=256, hops=10, in_dropout=0.0, jk=False, label_num_per_class=20, lambda_val=0.5, layers=3, ln=False, local_gnn_type='GCN', local_layers=7, lr=0.01, metric='rocauc', mlp_epochs=500, mlp_reg=False, model='sgformer', model_dir='./model/', n_heads=1, num_centroids=4096, num_heads=1, oracle_reg=False, pe_types='RWSE', pre_linear=False, pre_ln=False, rand_split=False, rand_split_class=False, reg_start_epoch=10, reg_update_freq=5, res=False, result_dir='mlp_gt/results_full', runs=5, save_model=False, save_result=False, seed=42, test_num=1000, train_prop=0.5, use_act=True, use_bn=True, use_graph=True, use_reg=False, use_residual=True, use_weight=False, valid_num=500, valid_prop=0.25, weight_decay=0.0005)
questions
dataset questions | num nodes 48921 | num edge 153540 | num node feats 301 | num classes 2
MODEL: SGFormer(
  (trans_conv): TransConv(
    (convs): ModuleList(
      (0): TransConvLayer(
        (Wk): Linear(in_features=256, out_features=256, bias=True)
        (Wq): Linear(in_features=256, out_features=256, bias=True)
      )
      (1): TransConvLayer(
        (Wk): Linear(in_features=256, out_features=256, bias=True)
        (Wq): Linear(in_features=256, out_features=256, bias=True)
      )
      (2): TransConvLayer(
        (Wk): Linear(in_features=256, out_features=256, bias=True)
        (Wq): Linear(in_features=256, out_features=256, bias=True)
      )
    )
    (fcs): ModuleList(
      (0): Linear(in_features=301, out_features=256, bias=True)
    )
    (bns): ModuleList(
      (0): LayerNorm((256,), eps=1e-05, elementwise_affine=True)
      (1): LayerNorm((256,), eps=1e-05, elementwise_affine=True)
      (2): LayerNorm((256,), eps=1e-05, elementwise_affine=True)
      (3): LayerNorm((256,), eps=1e-05, elementwise_affine=True)
    )
  )
  (gnn): GCN(
    (convs): ModuleList(
      (0): GCNConv(301, 256)
      (1): GCNConv(256, 256)
      (2): GCNConv(256, 256)
    )
    (bns): ModuleList(
      (0): BatchNorm1d(256, eps=1e-05, momentum=0.1, affine=True, track_running_stats=True)
      (1): BatchNorm1d(256, eps=1e-05, momentum=0.1, affine=True, track_running_stats=True)
    )
  )
  (fc): Linear(in_features=256, out_features=2, bias=True)
)
Epoch: 00, Loss: 0.7241, Train: 45.16%, Valid: 47.88%, Test: 43.21%, Best Valid: 47.88%, Best Test: 43.21%
Epoch: 100, Loss: 0.0859, Train: 78.51%, Valid: 64.11%, Test: 57.80%, Best Valid: 74.75%, Best Test: 70.76%
Epoch: 200, Loss: 0.0760, Train: 95.78%, Valid: 73.03%, Test: 68.67%, Best Valid: 75.29%, Best Test: 73.66%
Epoch: 300, Loss: 0.0638, Train: 97.14%, Valid: 68.11%, Test: 65.08%, Best Valid: 75.29%, Best Test: 73.66%
Epoch: 400, Loss: 0.0535, Train: 97.62%, Valid: 68.58%, Test: 63.82%, Best Valid: 75.29%, Best Test: 73.66%
Epoch: 500, Loss: 0.0553, Train: 98.41%, Valid: 68.67%, Test: 65.90%, Best Valid: 75.29%, Best Test: 73.66%
Epoch: 600, Loss: 0.0495, Train: 98.24%, Valid: 73.70%, Test: 71.02%, Best Valid: 75.29%, Best Test: 73.66%
Epoch: 700, Loss: 0.0501, Train: 92.37%, Valid: 63.58%, Test: 59.21%, Best Valid: 75.29%, Best Test: 73.66%
Epoch: 800, Loss: 0.0498, Train: 98.42%, Valid: 70.68%, Test: 69.12%, Best Valid: 75.29%, Best Test: 73.66%
Epoch: 900, Loss: 0.0460, Train: 99.38%, Valid: 68.44%, Test: 64.79%, Best Valid: 75.29%, Best Test: 73.66%
Run 01:
Highest Train: 99.56
Highest Valid: 75.29
Highest Test: 74.80
Chosen epoch: 157
Final Train: 94.44
Final Test: 73.66
Epoch: 00, Loss: 1.1633, Train: 45.54%, Valid: 46.55%, Test: 45.17%, Best Valid: 46.55%, Best Test: 45.17%
Epoch: 100, Loss: 0.1051, Train: 80.14%, Valid: 70.66%, Test: 67.95%, Best Valid: 75.98%, Best Test: 73.85%
Epoch: 200, Loss: 0.0765, Train: 95.70%, Valid: 73.75%, Test: 71.11%, Best Valid: 78.21%, Best Test: 77.68%
Epoch: 300, Loss: 0.0641, Train: 95.11%, Valid: 75.78%, Test: 74.41%, Best Valid: 78.21%, Best Test: 77.68%
Epoch: 400, Loss: 0.0556, Train: 98.25%, Valid: 73.17%, Test: 72.65%, Best Valid: 78.21%, Best Test: 77.68%
Epoch: 500, Loss: 0.0623, Train: 98.18%, Valid: 73.86%, Test: 71.80%, Best Valid: 78.21%, Best Test: 77.68%
Epoch: 600, Loss: 0.0483, Train: 97.37%, Valid: 77.39%, Test: 76.46%, Best Valid: 78.21%, Best Test: 77.68%
Epoch: 700, Loss: 0.0622, Train: 94.00%, Valid: 66.41%, Test: 64.65%, Best Valid: 78.21%, Best Test: 77.68%
Epoch: 800, Loss: 0.0455, Train: 99.07%, Valid: 72.86%, Test: 70.83%, Best Valid: 78.21%, Best Test: 77.68%
Epoch: 900, Loss: 0.0390, Train: 99.61%, Valid: 69.79%, Test: 69.10%, Best Valid: 78.21%, Best Test: 77.68%
Run 02:
Highest Train: 99.68
Highest Valid: 78.21
Highest Test: 77.96
Chosen epoch: 117
Final Train: 88.34
Final Test: 77.68
Epoch: 00, Loss: 0.6975, Train: 45.18%, Valid: 46.94%, Test: 44.74%, Best Valid: 46.94%, Best Test: 44.74%
Epoch: 100, Loss: 0.1017, Train: 80.17%, Valid: 68.63%, Test: 69.40%, Best Valid: 68.63%, Best Test: 69.40%
Epoch: 200, Loss: 0.0804, Train: 92.88%, Valid: 70.98%, Test: 69.67%, Best Valid: 75.88%, Best Test: 72.50%
Epoch: 300, Loss: 0.0631, Train: 97.06%, Valid: 72.44%, Test: 70.99%, Best Valid: 76.08%, Best Test: 73.81%
Epoch: 400, Loss: 0.0632, Train: 97.30%, Valid: 68.53%, Test: 68.37%, Best Valid: 76.08%, Best Test: 73.81%
Epoch: 500, Loss: 0.0529, Train: 98.55%, Valid: 70.60%, Test: 68.95%, Best Valid: 76.08%, Best Test: 73.81%
Epoch: 600, Loss: 0.0905, Train: 92.26%, Valid: 74.14%, Test: 73.46%, Best Valid: 76.08%, Best Test: 73.81%
Epoch: 700, Loss: 0.0616, Train: 98.05%, Valid: 69.68%, Test: 69.87%, Best Valid: 76.08%, Best Test: 73.81%
Epoch: 800, Loss: 0.0552, Train: 98.73%, Valid: 70.35%, Test: 70.44%, Best Valid: 76.08%, Best Test: 73.81%
Epoch: 900, Loss: 0.0426, Train: 99.26%, Valid: 67.41%, Test: 67.02%, Best Valid: 76.08%, Best Test: 73.81%
Run 03:
Highest Train: 99.43
Highest Valid: 76.08
Highest Test: 75.35
Chosen epoch: 258
Final Train: 91.71
Final Test: 73.81
Epoch: 00, Loss: 0.6480, Train: 46.36%, Valid: 47.33%, Test: 47.83%, Best Valid: 47.33%, Best Test: 47.83%
Epoch: 100, Loss: 0.0975, Train: 78.39%, Valid: 67.28%, Test: 66.93%, Best Valid: 71.25%, Best Test: 69.21%
Epoch: 200, Loss: 0.0739, Train: 80.39%, Valid: 58.93%, Test: 60.10%, Best Valid: 74.79%, Best Test: 75.32%
Epoch: 300, Loss: 0.0642, Train: 96.74%, Valid: 72.87%, Test: 71.40%, Best Valid: 75.07%, Best Test: 74.36%
Epoch: 400, Loss: 0.0614, Train: 97.65%, Valid: 71.53%, Test: 70.52%, Best Valid: 75.55%, Best Test: 73.28%
Epoch: 500, Loss: 0.0492, Train: 99.24%, Valid: 67.32%, Test: 68.22%, Best Valid: 75.55%, Best Test: 73.28%
Epoch: 600, Loss: 0.0449, Train: 99.33%, Valid: 68.61%, Test: 67.38%, Best Valid: 76.08%, Best Test: 73.85%
Epoch: 700, Loss: 0.0439, Train: 99.20%, Valid: 70.24%, Test: 70.00%, Best Valid: 76.08%, Best Test: 73.85%
Epoch: 800, Loss: 0.0440, Train: 99.36%, Valid: 69.46%, Test: 67.80%, Best Valid: 76.08%, Best Test: 73.85%
Epoch: 900, Loss: 0.0406, Train: 99.34%, Valid: 71.71%, Test: 70.40%, Best Valid: 76.08%, Best Test: 73.85%
Run 04:
Highest Train: 99.72
Highest Valid: 76.08
Highest Test: 76.11
Chosen epoch: 588
Final Train: 97.54
Final Test: 73.85
Epoch: 00, Loss: 0.9137, Train: 46.63%, Valid: 47.34%, Test: 47.00%, Best Valid: 47.34%, Best Test: 47.00%
Epoch: 100, Loss: 0.0983, Train: 77.63%, Valid: 66.07%, Test: 66.72%, Best Valid: 71.51%, Best Test: 72.52%
Epoch: 200, Loss: 0.0728, Train: 96.52%, Valid: 71.76%, Test: 71.94%, Best Valid: 76.57%, Best Test: 74.90%
Epoch: 300, Loss: 0.0633, Train: 97.49%, Valid: 72.31%, Test: 71.82%, Best Valid: 76.57%, Best Test: 74.90%
Epoch: 400, Loss: 0.0608, Train: 98.14%, Valid: 67.79%, Test: 70.03%, Best Valid: 76.57%, Best Test: 74.90%
Epoch: 500, Loss: 0.0528, Train: 98.70%, Valid: 68.22%, Test: 69.95%, Best Valid: 76.57%, Best Test: 74.90%
Epoch: 600, Loss: 0.0508, Train: 98.98%, Valid: 67.05%, Test: 68.57%, Best Valid: 76.57%, Best Test: 74.90%
Epoch: 700, Loss: 0.0445, Train: 99.21%, Valid: 67.38%, Test: 70.32%, Best Valid: 76.57%, Best Test: 74.90%
Epoch: 800, Loss: 0.0486, Train: 98.88%, Valid: 68.23%, Test: 69.64%, Best Valid: 76.57%, Best Test: 74.90%
Epoch: 900, Loss: 0.0521, Train: 98.79%, Valid: 66.31%, Test: 71.50%, Best Valid: 76.57%, Best Test: 74.90%
Run 05:
Highest Train: 99.52
Highest Valid: 76.57
Highest Test: 76.72
Chosen epoch: 142
Final Train: 91.78
Final Test: 74.90
All runs:
Highest Train: 99.58 ± 0.12
Highest Test: 76.19 ± 1.23
Highest Valid: 76.44 ± 1.09
  Final Train: 92.76 ± 3.44
   Final Test: 74.78 ± 1.70
Saving results to mlp_gt/results_full/questions/sgformer.csv

Running with MLP-GT Regularization (lambda=0.01)...
Namespace(aggregate='add', alpha=0.5, attention='gcn', beta=-1.0, bn=False, cpu=False, data_dir='../data/', dataset='questions', device=0, dim_inner=256, display_step=100, dropout=0.3, epochs=1000, global_dropout=None, global_layers=2, gnn='gcn', graph_weight=0.5, hidden_channels=256, hops=10, in_dropout=0.0, jk=False, label_num_per_class=20, lambda_val=0.01, layers=3, ln=False, local_gnn_type='GCN', local_layers=7, lr=0.01, metric='rocauc', mlp_epochs=500, mlp_reg=True, model='sgformer', model_dir='./model/', n_heads=1, num_centroids=4096, num_heads=1, oracle_reg=False, pe_types='RWSE', pre_linear=False, pre_ln=False, rand_split=False, rand_split_class=False, reg_start_epoch=10, reg_update_freq=5, res=False, result_dir='mlp_gt/results_full', runs=5, save_model=False, save_result=False, seed=42, test_num=1000, train_prop=0.5, use_act=True, use_bn=True, use_graph=True, use_reg=True, use_residual=True, use_weight=False, valid_num=500, valid_prop=0.25, weight_decay=0.0005)
questions
dataset questions | num nodes 48921 | num edge 153540 | num node feats 301 | num classes 2
MODEL: SGFormer(
  (trans_conv): TransConv(
    (convs): ModuleList(
      (0): TransConvLayer(
        (Wk): Linear(in_features=256, out_features=256, bias=True)
        (Wq): Linear(in_features=256, out_features=256, bias=True)
      )
      (1): TransConvLayer(
        (Wk): Linear(in_features=256, out_features=256, bias=True)
        (Wq): Linear(in_features=256, out_features=256, bias=True)
      )
      (2): TransConvLayer(
        (Wk): Linear(in_features=256, out_features=256, bias=True)
        (Wq): Linear(in_features=256, out_features=256, bias=True)
      )
    )
    (fcs): ModuleList(
      (0): Linear(in_features=301, out_features=256, bias=True)
    )
    (bns): ModuleList(
      (0): LayerNorm((256,), eps=1e-05, elementwise_affine=True)
      (1): LayerNorm((256,), eps=1e-05, elementwise_affine=True)
      (2): LayerNorm((256,), eps=1e-05, elementwise_affine=True)
      (3): LayerNorm((256,), eps=1e-05, elementwise_affine=True)
    )
  )
  (gnn): GCN(
    (convs): ModuleList(
      (0): GCNConv(301, 256)
      (1): GCNConv(256, 256)
      (2): GCNConv(256, 256)
    )
    (bns): ModuleList(
      (0): BatchNorm1d(256, eps=1e-05, momentum=0.1, affine=True, track_running_stats=True)
      (1): BatchNorm1d(256, eps=1e-05, momentum=0.1, affine=True, track_running_stats=True)
    )
  )
  (fc): Linear(in_features=256, out_features=2, bias=True)
)
Pre-training MLP for 500 epochs to generate co-occurrence matrix...
MLP pre-training complete. Penalty matrix frozen.
Epoch: 00, Loss: 0.7312, Train: 45.20%, Valid: 48.04%, Test: 43.39%, Best Valid: 48.04%, Best Test: 43.39%
Epoch: 100, Loss: 0.0856, Train: 79.17%, Valid: 64.64%, Test: 58.67%, Best Valid: 74.89%, Best Test: 71.56%
Epoch: 200, Loss: 0.0743, Train: 96.32%, Valid: 72.51%, Test: 69.23%, Best Valid: 75.61%, Best Test: 73.51%
Epoch: 300, Loss: 0.0666, Train: 97.56%, Valid: 72.65%, Test: 69.52%, Best Valid: 75.61%, Best Test: 73.51%
Epoch: 400, Loss: 0.0625, Train: 97.80%, Valid: 70.24%, Test: 66.67%, Best Valid: 75.61%, Best Test: 73.51%
Epoch: 500, Loss: 0.0651, Train: 97.93%, Valid: 71.39%, Test: 65.94%, Best Valid: 75.61%, Best Test: 73.51%
Epoch: 600, Loss: 0.0542, Train: 98.23%, Valid: 71.87%, Test: 69.47%, Best Valid: 75.61%, Best Test: 73.51%
Epoch: 700, Loss: 0.0565, Train: 98.33%, Valid: 71.24%, Test: 67.51%, Best Valid: 75.61%, Best Test: 73.51%
Epoch: 800, Loss: 0.0635, Train: 98.66%, Valid: 71.01%, Test: 66.97%, Best Valid: 75.70%, Best Test: 74.30%
Epoch: 900, Loss: 0.0533, Train: 98.26%, Valid: 68.83%, Test: 63.17%, Best Valid: 75.70%, Best Test: 74.30%
Run 01:
Highest Train: 99.29
Highest Valid: 75.70
Highest Test: 74.43
Chosen epoch: 753
Final Train: 93.73
Final Test: 74.30
Pre-training MLP for 500 epochs to generate co-occurrence matrix...
MLP pre-training complete. Penalty matrix frozen.
Epoch: 00, Loss: 0.6674, Train: 46.36%, Valid: 49.22%, Test: 46.36%, Best Valid: 49.22%, Best Test: 46.36%
Epoch: 100, Loss: 0.1045, Train: 86.35%, Valid: 76.81%, Test: 74.77%, Best Valid: 77.56%, Best Test: 75.95%
Epoch: 200, Loss: 0.0773, Train: 94.56%, Valid: 75.57%, Test: 75.26%, Best Valid: 78.81%, Best Test: 77.46%
Epoch: 300, Loss: 0.0641, Train: 95.39%, Valid: 70.21%, Test: 68.17%, Best Valid: 78.81%, Best Test: 77.46%
Epoch: 400, Loss: 0.0627, Train: 97.95%, Valid: 70.98%, Test: 71.65%, Best Valid: 78.81%, Best Test: 77.46%
Epoch: 500, Loss: 0.0632, Train: 97.81%, Valid: 73.15%, Test: 71.29%, Best Valid: 78.81%, Best Test: 77.46%
Epoch: 600, Loss: 0.0624, Train: 97.57%, Valid: 73.34%, Test: 71.48%, Best Valid: 78.81%, Best Test: 77.46%
Epoch: 700, Loss: 0.0598, Train: 98.45%, Valid: 71.06%, Test: 71.03%, Best Valid: 78.81%, Best Test: 77.46%
Epoch: 800, Loss: 0.0575, Train: 98.54%, Valid: 71.46%, Test: 71.00%, Best Valid: 78.81%, Best Test: 77.46%
Epoch: 900, Loss: 0.0554, Train: 99.34%, Valid: 70.14%, Test: 69.57%, Best Valid: 78.81%, Best Test: 77.46%
Run 02:
Highest Train: 99.72
Highest Valid: 78.81
Highest Test: 77.46
Chosen epoch: 106
Final Train: 86.28
Final Test: 77.46
Pre-training MLP for 500 epochs to generate co-occurrence matrix...
MLP pre-training complete. Penalty matrix frozen.
Epoch: 00, Loss: 1.2338, Train: 45.65%, Valid: 48.26%, Test: 44.96%, Best Valid: 48.26%, Best Test: 44.96%
Epoch: 100, Loss: 0.0967, Train: 81.50%, Valid: 70.63%, Test: 70.69%, Best Valid: 71.42%, Best Test: 71.84%
Epoch: 200, Loss: 0.0736, Train: 93.72%, Valid: 69.82%, Test: 68.40%, Best Valid: 77.34%, Best Test: 77.06%
Epoch: 300, Loss: 0.0639, Train: 95.98%, Valid: 73.77%, Test: 73.35%, Best Valid: 77.34%, Best Test: 77.06%
Epoch: 400, Loss: 0.0590, Train: 97.85%, Valid: 65.45%, Test: 65.04%, Best Valid: 77.34%, Best Test: 77.06%
Epoch: 500, Loss: 0.0638, Train: 91.73%, Valid: 74.20%, Test: 74.55%, Best Valid: 77.34%, Best Test: 77.06%
Epoch: 600, Loss: 0.0574, Train: 97.82%, Valid: 72.98%, Test: 71.64%, Best Valid: 77.34%, Best Test: 77.06%
Epoch: 700, Loss: 0.0492, Train: 98.92%, Valid: 68.64%, Test: 69.03%, Best Valid: 77.34%, Best Test: 77.06%
Epoch: 800, Loss: 0.0453, Train: 98.90%, Valid: 66.04%, Test: 67.82%, Best Valid: 77.34%, Best Test: 77.06%
Epoch: 900, Loss: 0.0526, Train: 98.63%, Valid: 66.96%, Test: 68.81%, Best Valid: 77.34%, Best Test: 77.06%
Run 03:
Highest Train: 99.74
Highest Valid: 77.34
Highest Test: 77.06
Chosen epoch: 139
Final Train: 91.81
Final Test: 77.06
Pre-training MLP for 500 epochs to generate co-occurrence matrix...
MLP pre-training complete. Penalty matrix frozen.
Epoch: 00, Loss: 0.7418, Train: 46.29%, Valid: 45.66%, Test: 46.79%, Best Valid: 45.66%, Best Test: 46.79%
Epoch: 100, Loss: 0.0983, Train: 79.55%, Valid: 66.73%, Test: 65.69%, Best Valid: 69.20%, Best Test: 67.56%
Epoch: 200, Loss: 0.0733, Train: 93.07%, Valid: 67.84%, Test: 68.96%, Best Valid: 75.71%, Best Test: 76.48%
Epoch: 300, Loss: 0.0613, Train: 97.56%, Valid: 71.33%, Test: 71.33%, Best Valid: 75.71%, Best Test: 76.48%
Epoch: 400, Loss: 0.0558, Train: 97.62%, Valid: 69.14%, Test: 69.77%, Best Valid: 75.71%, Best Test: 76.48%
Epoch: 500, Loss: 0.0554, Train: 98.34%, Valid: 69.54%, Test: 69.88%, Best Valid: 75.71%, Best Test: 76.48%
Epoch: 600, Loss: 0.0453, Train: 97.52%, Valid: 64.15%, Test: 64.11%, Best Valid: 75.71%, Best Test: 76.48%
Epoch: 700, Loss: 0.0468, Train: 99.38%, Valid: 69.43%, Test: 69.54%, Best Valid: 75.71%, Best Test: 76.48%
Epoch: 800, Loss: 0.0598, Train: 95.80%, Valid: 75.02%, Test: 74.15%, Best Valid: 75.71%, Best Test: 76.48%
Epoch: 900, Loss: 0.0404, Train: 97.83%, Valid: 64.08%, Test: 63.60%, Best Valid: 75.71%, Best Test: 76.48%
Run 04:
Highest Train: 99.74
Highest Valid: 75.71
Highest Test: 76.48
Chosen epoch: 131
Final Train: 90.05
Final Test: 76.48
Pre-training MLP for 500 epochs to generate co-occurrence matrix...
MLP pre-training complete. Penalty matrix frozen.
Epoch: 00, Loss: 0.4539, Train: 46.43%, Valid: 45.40%, Test: 46.00%, Best Valid: 45.40%, Best Test: 46.00%
Epoch: 100, Loss: 0.0941, Train: 82.09%, Valid: 69.17%, Test: 69.88%, Best Valid: 73.77%, Best Test: 75.83%
Epoch: 200, Loss: 0.0690, Train: 96.41%, Valid: 73.81%, Test: 74.42%, Best Valid: 75.64%, Best Test: 75.44%
Epoch: 300, Loss: 0.0613, Train: 97.36%, Valid: 67.98%, Test: 70.69%, Best Valid: 75.64%, Best Test: 75.44%
Epoch: 400, Loss: 0.0471, Train: 98.83%, Valid: 71.64%, Test: 72.60%, Best Valid: 75.64%, Best Test: 75.44%
Epoch: 500, Loss: 0.0548, Train: 98.36%, Valid: 70.92%, Test: 70.65%, Best Valid: 75.64%, Best Test: 75.44%
Epoch: 600, Loss: 0.0633, Train: 96.01%, Valid: 73.87%, Test: 74.77%, Best Valid: 75.64%, Best Test: 75.44%
Epoch: 700, Loss: 0.0512, Train: 98.02%, Valid: 65.66%, Test: 69.02%, Best Valid: 75.64%, Best Test: 75.44%
Epoch: 800, Loss: 0.0473, Train: 99.14%, Valid: 69.39%, Test: 71.65%, Best Valid: 75.64%, Best Test: 75.44%
Epoch: 900, Loss: 0.0457, Train: 99.28%, Valid: 68.79%, Test: 72.30%, Best Valid: 75.64%, Best Test: 75.44%
Run 05:
Highest Train: 99.33
Highest Valid: 75.64
Highest Test: 76.02
Chosen epoch: 190
Final Train: 94.60
Final Test: 75.44
All runs:
Highest Train: 99.56 ± 0.23
Highest Test: 76.29 ± 1.18
Highest Valid: 76.64 ± 1.41
  Final Train: 91.29 ± 3.31
   Final Test: 76.15 ± 1.28
Saving results to mlp_gt/results_full/questions/sgformer.csv

Running with MLP-GT Regularization (lambda=0.1)...
Namespace(aggregate='add', alpha=0.5, attention='gcn', beta=-1.0, bn=False, cpu=False, data_dir='../data/', dataset='questions', device=0, dim_inner=256, display_step=100, dropout=0.3, epochs=1000, global_dropout=None, global_layers=2, gnn='gcn', graph_weight=0.5, hidden_channels=256, hops=10, in_dropout=0.0, jk=False, label_num_per_class=20, lambda_val=0.1, layers=3, ln=False, local_gnn_type='GCN', local_layers=7, lr=0.01, metric='rocauc', mlp_epochs=500, mlp_reg=True, model='sgformer', model_dir='./model/', n_heads=1, num_centroids=4096, num_heads=1, oracle_reg=False, pe_types='RWSE', pre_linear=False, pre_ln=False, rand_split=False, rand_split_class=False, reg_start_epoch=10, reg_update_freq=5, res=False, result_dir='mlp_gt/results_full', runs=5, save_model=False, save_result=False, seed=42, test_num=1000, train_prop=0.5, use_act=True, use_bn=True, use_graph=True, use_reg=True, use_residual=True, use_weight=False, valid_num=500, valid_prop=0.25, weight_decay=0.0005)
questions
dataset questions | num nodes 48921 | num edge 153540 | num node feats 301 | num classes 2
MODEL: SGFormer(
  (trans_conv): TransConv(
    (convs): ModuleList(
      (0): TransConvLayer(
        (Wk): Linear(in_features=256, out_features=256, bias=True)
        (Wq): Linear(in_features=256, out_features=256, bias=True)
      )
      (1): TransConvLayer(
        (Wk): Linear(in_features=256, out_features=256, bias=True)
        (Wq): Linear(in_features=256, out_features=256, bias=True)
      )
      (2): TransConvLayer(
        (Wk): Linear(in_features=256, out_features=256, bias=True)
        (Wq): Linear(in_features=256, out_features=256, bias=True)
      )
    )
    (fcs): ModuleList(
      (0): Linear(in_features=301, out_features=256, bias=True)
    )
    (bns): ModuleList(
      (0): LayerNorm((256,), eps=1e-05, elementwise_affine=True)
      (1): LayerNorm((256,), eps=1e-05, elementwise_affine=True)
      (2): LayerNorm((256,), eps=1e-05, elementwise_affine=True)
      (3): LayerNorm((256,), eps=1e-05, elementwise_affine=True)
    )
  )
  (gnn): GCN(
    (convs): ModuleList(
      (0): GCNConv(301, 256)
      (1): GCNConv(256, 256)
      (2): GCNConv(256, 256)
    )
    (bns): ModuleList(
      (0): BatchNorm1d(256, eps=1e-05, momentum=0.1, affine=True, track_running_stats=True)
      (1): BatchNorm1d(256, eps=1e-05, momentum=0.1, affine=True, track_running_stats=True)
    )
  )
  (fc): Linear(in_features=256, out_features=2, bias=True)
)
Pre-training MLP for 500 epochs to generate co-occurrence matrix...
MLP pre-training complete. Penalty matrix frozen.
Epoch: 00, Loss: 0.7963, Train: 44.93%, Valid: 47.67%, Test: 42.84%, Best Valid: 47.67%, Best Test: 42.84%
Epoch: 100, Loss: 0.1005, Train: 81.44%, Valid: 65.39%, Test: 60.57%, Best Valid: 74.14%, Best Test: 69.46%
Epoch: 200, Loss: 0.0776, Train: 97.27%, Valid: 72.15%, Test: 69.34%, Best Valid: 75.81%, Best Test: 72.38%
Epoch: 300, Loss: 0.0736, Train: 95.31%, Valid: 69.01%, Test: 62.30%, Best Valid: 75.81%, Best Test: 72.38%
Epoch: 400, Loss: 0.0696, Train: 97.44%, Valid: 69.99%, Test: 67.49%, Best Valid: 75.81%, Best Test: 72.38%
Epoch: 500, Loss: 0.0530, Train: 98.80%, Valid: 70.45%, Test: 66.76%, Best Valid: 75.81%, Best Test: 72.38%
Epoch: 600, Loss: 0.0568, Train: 98.31%, Valid: 70.09%, Test: 67.15%, Best Valid: 75.81%, Best Test: 72.38%
Epoch: 700, Loss: 0.0509, Train: 98.61%, Valid: 67.37%, Test: 63.19%, Best Valid: 75.81%, Best Test: 72.38%
Epoch: 800, Loss: 0.0606, Train: 98.76%, Valid: 71.02%, Test: 68.00%, Best Valid: 75.81%, Best Test: 72.38%
Epoch: 900, Loss: 0.0516, Train: 98.61%, Valid: 70.27%, Test: 68.75%, Best Valid: 75.81%, Best Test: 72.38%
Run 01:
Highest Train: 99.29
Highest Valid: 75.81
Highest Test: 73.74
Chosen epoch: 101
Final Train: 92.34
Final Test: 72.38
Pre-training MLP for 500 epochs to generate co-occurrence matrix...
MLP pre-training complete. Penalty matrix frozen.
Epoch: 00, Loss: 0.6667, Train: 45.44%, Valid: 48.04%, Test: 45.31%, Best Valid: 48.04%, Best Test: 45.31%
Epoch: 100, Loss: 0.1158, Train: 80.79%, Valid: 70.36%, Test: 68.38%, Best Valid: 77.34%, Best Test: 75.71%
Epoch: 200, Loss: 0.0897, Train: 95.30%, Valid: 73.84%, Test: 70.24%, Best Valid: 78.19%, Best Test: 76.78%
Epoch: 300, Loss: 0.0788, Train: 94.56%, Valid: 68.28%, Test: 67.32%, Best Valid: 78.19%, Best Test: 76.78%
Epoch: 400, Loss: 0.0641, Train: 98.52%, Valid: 72.33%, Test: 72.42%, Best Valid: 78.19%, Best Test: 76.78%
Epoch: 500, Loss: 0.0650, Train: 97.11%, Valid: 68.07%, Test: 65.73%, Best Valid: 78.19%, Best Test: 76.78%
Epoch: 600, Loss: 0.0632, Train: 99.13%, Valid: 71.69%, Test: 71.34%, Best Valid: 78.19%, Best Test: 76.78%
Epoch: 700, Loss: 0.0502, Train: 99.44%, Valid: 71.34%, Test: 69.79%, Best Valid: 78.19%, Best Test: 76.78%
Epoch: 800, Loss: 0.0490, Train: 99.42%, Valid: 68.96%, Test: 68.88%, Best Valid: 78.19%, Best Test: 76.78%
Epoch: 900, Loss: 0.0563, Train: 97.23%, Valid: 67.31%, Test: 65.41%, Best Valid: 78.19%, Best Test: 76.78%
Run 02:
Highest Train: 99.70
Highest Valid: 78.19
Highest Test: 76.78
Chosen epoch: 151
Final Train: 90.21
Final Test: 76.78
Pre-training MLP for 500 epochs to generate co-occurrence matrix...
MLP pre-training complete. Penalty matrix frozen.
Epoch: 00, Loss: 1.5228, Train: 44.82%, Valid: 46.20%, Test: 43.95%, Best Valid: 46.20%, Best Test: 43.95%
Epoch: 100, Loss: 0.1157, Train: 78.61%, Valid: 67.17%, Test: 67.70%, Best Valid: 76.43%, Best Test: 75.53%
Epoch: 200, Loss: 0.0842, Train: 88.92%, Valid: 64.76%, Test: 66.58%, Best Valid: 76.93%, Best Test: 76.67%
Epoch: 300, Loss: 0.0911, Train: 96.40%, Valid: 69.08%, Test: 69.17%, Best Valid: 76.93%, Best Test: 76.67%
Epoch: 400, Loss: 0.0692, Train: 97.52%, Valid: 71.51%, Test: 71.14%, Best Valid: 76.93%, Best Test: 76.67%
Epoch: 500, Loss: 0.0638, Train: 97.50%, Valid: 68.28%, Test: 66.96%, Best Valid: 76.93%, Best Test: 76.67%
Epoch: 600, Loss: 0.0687, Train: 98.11%, Valid: 70.54%, Test: 70.65%, Best Valid: 76.93%, Best Test: 76.67%
Epoch: 700, Loss: 0.0869, Train: 90.99%, Valid: 74.43%, Test: 72.35%, Best Valid: 76.93%, Best Test: 76.67%
Epoch: 800, Loss: 0.0509, Train: 99.28%, Valid: 67.39%, Test: 66.89%, Best Valid: 76.93%, Best Test: 76.67%
Epoch: 900, Loss: 0.0498, Train: 99.24%, Valid: 70.85%, Test: 70.42%, Best Valid: 76.93%, Best Test: 76.67%
Run 03:
Highest Train: 99.73
Highest Valid: 76.93
Highest Test: 76.67
Chosen epoch: 111
Final Train: 87.92
Final Test: 76.67
Pre-training MLP for 500 epochs to generate co-occurrence matrix...
MLP pre-training complete. Penalty matrix frozen.
Epoch: 00, Loss: 0.4820, Train: 46.45%, Valid: 45.65%, Test: 46.74%, Best Valid: 45.65%, Best Test: 46.74%
Epoch: 100, Loss: 0.1054, Train: 84.48%, Valid: 68.26%, Test: 68.36%, Best Valid: 71.42%, Best Test: 69.87%
Epoch: 200, Loss: 0.0754, Train: 95.77%, Valid: 70.08%, Test: 69.67%, Best Valid: 74.93%, Best Test: 73.55%
Epoch: 300, Loss: 0.0689, Train: 96.76%, Valid: 71.29%, Test: 70.83%, Best Valid: 75.47%, Best Test: 75.76%
Epoch: 400, Loss: 0.0560, Train: 98.54%, Valid: 69.04%, Test: 67.99%, Best Valid: 75.47%, Best Test: 75.76%
Epoch: 500, Loss: 0.0542, Train: 98.19%, Valid: 66.48%, Test: 65.68%, Best Valid: 75.47%, Best Test: 75.76%
Epoch: 600, Loss: 0.0562, Train: 98.62%, Valid: 67.87%, Test: 67.94%, Best Valid: 75.47%, Best Test: 75.76%
Epoch: 700, Loss: 0.0480, Train: 95.04%, Valid: 61.07%, Test: 60.65%, Best Valid: 75.47%, Best Test: 75.76%
Epoch: 800, Loss: 0.0448, Train: 99.34%, Valid: 72.05%, Test: 69.79%, Best Valid: 75.47%, Best Test: 75.76%
Epoch: 900, Loss: 0.0400, Train: 98.83%, Valid: 64.22%, Test: 63.11%, Best Valid: 75.47%, Best Test: 75.76%
Run 04:
Highest Train: 99.74
Highest Valid: 75.47
Highest Test: 75.76
Chosen epoch: 259
Final Train: 94.10
Final Test: 75.76
Pre-training MLP for 500 epochs to generate co-occurrence matrix...
MLP pre-training complete. Penalty matrix frozen.
Epoch: 00, Loss: 0.4580, Train: 45.50%, Valid: 44.17%, Test: 45.27%, Best Valid: 44.17%, Best Test: 45.27%
Epoch: 100, Loss: 0.1127, Train: 86.92%, Valid: 73.36%, Test: 75.75%, Best Valid: 73.36%, Best Test: 75.75%
Epoch: 200, Loss: 0.0767, Train: 91.48%, Valid: 67.08%, Test: 68.78%, Best Valid: 75.35%, Best Test: 76.14%
Epoch: 300, Loss: 0.0645, Train: 98.05%, Valid: 68.67%, Test: 72.64%, Best Valid: 75.35%, Best Test: 76.14%
Epoch: 400, Loss: 0.0848, Train: 95.22%, Valid: 73.55%, Test: 73.54%, Best Valid: 75.35%, Best Test: 76.14%
Epoch: 500, Loss: 0.0614, Train: 99.06%, Valid: 68.28%, Test: 71.92%, Best Valid: 75.35%, Best Test: 76.14%
Epoch: 600, Loss: 0.0594, Train: 99.05%, Valid: 68.77%, Test: 72.13%, Best Valid: 75.35%, Best Test: 76.14%
Epoch: 700, Loss: 0.0499, Train: 98.31%, Valid: 64.77%, Test: 68.64%, Best Valid: 75.35%, Best Test: 76.14%
Epoch: 800, Loss: 0.0490, Train: 99.47%, Valid: 67.43%, Test: 69.94%, Best Valid: 75.35%, Best Test: 76.14%
Epoch: 900, Loss: 0.0412, Train: 99.70%, Valid: 67.69%, Test: 70.05%, Best Valid: 75.35%, Best Test: 76.14%
Run 05:
Highest Train: 99.78
Highest Valid: 75.35
Highest Test: 76.14
Chosen epoch: 171
Final Train: 93.34
Final Test: 76.14
All runs:
Highest Train: 99.65 ± 0.20
Highest Test: 75.82 ± 1.23
Highest Valid: 76.35 ± 1.20
  Final Train: 91.58 ± 2.52
   Final Test: 75.55 ± 1.82
Saving results to mlp_gt/results_full/questions/sgformer.csv

Running with MLP-GT Regularization (lambda=0.2)...
Namespace(aggregate='add', alpha=0.5, attention='gcn', beta=-1.0, bn=False, cpu=False, data_dir='../data/', dataset='questions', device=0, dim_inner=256, display_step=100, dropout=0.3, epochs=1000, global_dropout=None, global_layers=2, gnn='gcn', graph_weight=0.5, hidden_channels=256, hops=10, in_dropout=0.0, jk=False, label_num_per_class=20, lambda_val=0.2, layers=3, ln=False, local_gnn_type='GCN', local_layers=7, lr=0.01, metric='rocauc', mlp_epochs=500, mlp_reg=True, model='sgformer', model_dir='./model/', n_heads=1, num_centroids=4096, num_heads=1, oracle_reg=False, pe_types='RWSE', pre_linear=False, pre_ln=False, rand_split=False, rand_split_class=False, reg_start_epoch=10, reg_update_freq=5, res=False, result_dir='mlp_gt/results_full', runs=5, save_model=False, save_result=False, seed=42, test_num=1000, train_prop=0.5, use_act=True, use_bn=True, use_graph=True, use_reg=True, use_residual=True, use_weight=False, valid_num=500, valid_prop=0.25, weight_decay=0.0005)
questions
dataset questions | num nodes 48921 | num edge 153540 | num node feats 301 | num classes 2
MODEL: SGFormer(
  (trans_conv): TransConv(
    (convs): ModuleList(
      (0): TransConvLayer(
        (Wk): Linear(in_features=256, out_features=256, bias=True)
        (Wq): Linear(in_features=256, out_features=256, bias=True)
      )
      (1): TransConvLayer(
        (Wk): Linear(in_features=256, out_features=256, bias=True)
        (Wq): Linear(in_features=256, out_features=256, bias=True)
      )
      (2): TransConvLayer(
        (Wk): Linear(in_features=256, out_features=256, bias=True)
        (Wq): Linear(in_features=256, out_features=256, bias=True)
      )
    )
    (fcs): ModuleList(
      (0): Linear(in_features=301, out_features=256, bias=True)
    )
    (bns): ModuleList(
      (0): LayerNorm((256,), eps=1e-05, elementwise_affine=True)
      (1): LayerNorm((256,), eps=1e-05, elementwise_affine=True)
      (2): LayerNorm((256,), eps=1e-05, elementwise_affine=True)
      (3): LayerNorm((256,), eps=1e-05, elementwise_affine=True)
    )
  )
  (gnn): GCN(
    (convs): ModuleList(
      (0): GCNConv(301, 256)
      (1): GCNConv(256, 256)
      (2): GCNConv(256, 256)
    )
    (bns): ModuleList(
      (0): BatchNorm1d(256, eps=1e-05, momentum=0.1, affine=True, track_running_stats=True)
      (1): BatchNorm1d(256, eps=1e-05, momentum=0.1, affine=True, track_running_stats=True)
    )
  )
  (fc): Linear(in_features=256, out_features=2, bias=True)
)
Pre-training MLP for 500 epochs to generate co-occurrence matrix...
MLP pre-training complete. Penalty matrix frozen.
Epoch: 00, Loss: 0.8687, Train: 44.96%, Valid: 47.63%, Test: 43.07%, Best Valid: 47.63%, Best Test: 43.07%
Epoch: 100, Loss: 0.1134, Train: 76.06%, Valid: 61.08%, Test: 55.21%, Best Valid: 76.04%, Best Test: 73.17%
Epoch: 200, Loss: 0.1018, Train: 93.48%, Valid: 69.08%, Test: 63.90%, Best Valid: 76.08%, Best Test: 73.19%
Epoch: 300, Loss: 0.1069, Train: 87.16%, Valid: 71.89%, Test: 73.33%, Best Valid: 76.08%, Best Test: 73.19%
Epoch: 400, Loss: 0.0772, Train: 97.62%, Valid: 70.96%, Test: 66.69%, Best Valid: 76.08%, Best Test: 73.19%
Epoch: 500, Loss: 0.0673, Train: 98.51%, Valid: 72.14%, Test: 69.08%, Best Valid: 76.08%, Best Test: 73.19%
Epoch: 600, Loss: 0.0593, Train: 99.06%, Valid: 65.80%, Test: 61.01%, Best Valid: 76.08%, Best Test: 73.19%
Epoch: 700, Loss: 0.0668, Train: 98.34%, Valid: 72.92%, Test: 69.03%, Best Valid: 76.08%, Best Test: 73.19%
Epoch: 800, Loss: 0.0558, Train: 97.89%, Valid: 65.34%, Test: 60.13%, Best Valid: 76.08%, Best Test: 73.19%
Epoch: 900, Loss: 0.0532, Train: 99.53%, Valid: 68.27%, Test: 64.62%, Best Valid: 76.08%, Best Test: 73.19%
Run 01:
Highest Train: 99.67
Highest Valid: 76.08
Highest Test: 75.21
Chosen epoch: 118
Final Train: 93.52
Final Test: 73.19
Pre-training MLP for 500 epochs to generate co-occurrence matrix...
MLP pre-training complete. Penalty matrix frozen.
Epoch: 00, Loss: 0.6047, Train: 45.08%, Valid: 47.99%, Test: 44.80%, Best Valid: 47.99%, Best Test: 44.80%
Epoch: 100, Loss: 0.1321, Train: 81.72%, Valid: 68.54%, Test: 67.47%, Best Valid: 70.04%, Best Test: 68.52%
Epoch: 200, Loss: 0.1037, Train: 92.87%, Valid: 72.69%, Test: 71.97%, Best Valid: 77.33%, Best Test: 76.62%
Epoch: 300, Loss: 0.0919, Train: 97.37%, Valid: 73.12%, Test: 71.55%, Best Valid: 77.33%, Best Test: 76.62%
Epoch: 400, Loss: 0.0811, Train: 96.10%, Valid: 73.07%, Test: 71.61%, Best Valid: 77.33%, Best Test: 76.62%
Epoch: 500, Loss: 0.0917, Train: 98.00%, Valid: 73.01%, Test: 72.48%, Best Valid: 77.33%, Best Test: 76.62%
Epoch: 600, Loss: 0.0592, Train: 99.11%, Valid: 69.71%, Test: 70.52%, Best Valid: 77.33%, Best Test: 76.62%
Epoch: 700, Loss: 0.0543, Train: 99.30%, Valid: 70.94%, Test: 71.42%, Best Valid: 77.33%, Best Test: 76.62%
Epoch: 800, Loss: 0.0527, Train: 99.31%, Valid: 67.77%, Test: 67.11%, Best Valid: 77.33%, Best Test: 76.62%
Epoch: 900, Loss: 0.0553, Train: 98.95%, Valid: 68.34%, Test: 67.57%, Best Valid: 77.33%, Best Test: 76.62%
Run 02:
Highest Train: 99.63
Highest Valid: 77.33
Highest Test: 76.62
Chosen epoch: 143
Final Train: 91.34
Final Test: 76.62
Pre-training MLP for 500 epochs to generate co-occurrence matrix...
MLP pre-training complete. Penalty matrix frozen.
Epoch: 00, Loss: 1.6072, Train: 43.33%, Valid: 44.85%, Test: 43.34%, Best Valid: 44.85%, Best Test: 43.34%
Epoch: 100, Loss: 0.1385, Train: 80.29%, Valid: 67.46%, Test: 67.90%, Best Valid: 71.83%, Best Test: 71.43%
Epoch: 200, Loss: 0.0994, Train: 93.15%, Valid: 72.07%, Test: 72.41%, Best Valid: 76.84%, Best Test: 74.38%
Epoch: 300, Loss: 0.0868, Train: 97.00%, Valid: 68.85%, Test: 67.91%, Best Valid: 76.84%, Best Test: 74.38%
Epoch: 400, Loss: 0.0742, Train: 94.06%, Valid: 62.23%, Test: 62.10%, Best Valid: 76.84%, Best Test: 74.38%
Epoch: 500, Loss: 0.0814, Train: 96.72%, Valid: 69.81%, Test: 69.88%, Best Valid: 76.84%, Best Test: 74.38%
Epoch: 600, Loss: 0.0704, Train: 98.77%, Valid: 69.59%, Test: 69.76%, Best Valid: 76.84%, Best Test: 74.38%
Epoch: 700, Loss: 0.0917, Train: 96.21%, Valid: 69.06%, Test: 69.71%, Best Valid: 76.84%, Best Test: 74.38%
Epoch: 800, Loss: 0.0584, Train: 98.80%, Valid: 72.83%, Test: 72.97%, Best Valid: 76.84%, Best Test: 74.38%
Epoch: 900, Loss: 0.0678, Train: 98.78%, Valid: 67.63%, Test: 69.58%, Best Valid: 76.84%, Best Test: 74.38%
Run 03:
Highest Train: 99.45
Highest Valid: 76.84
Highest Test: 75.42
Chosen epoch: 113
Final Train: 90.48
Final Test: 74.38
Pre-training MLP for 500 epochs to generate co-occurrence matrix...
MLP pre-training complete. Penalty matrix frozen.
Epoch: 00, Loss: 0.8803, Train: 44.41%, Valid: 44.44%, Test: 45.18%, Best Valid: 44.44%, Best Test: 45.18%
Epoch: 100, Loss: 0.1302, Train: 84.54%, Valid: 67.20%, Test: 69.00%, Best Valid: 72.64%, Best Test: 73.37%
Epoch: 200, Loss: 0.1070, Train: 84.12%, Valid: 62.63%, Test: 65.01%, Best Valid: 74.49%, Best Test: 74.21%
Epoch: 300, Loss: 0.0889, Train: 96.57%, Valid: 71.33%, Test: 71.20%, Best Valid: 74.87%, Best Test: 73.17%
Epoch: 400, Loss: 0.0823, Train: 97.51%, Valid: 73.22%, Test: 73.82%, Best Valid: 75.07%, Best Test: 75.85%
Epoch: 500, Loss: 0.0674, Train: 98.89%, Valid: 70.50%, Test: 69.38%, Best Valid: 75.07%, Best Test: 75.85%
Epoch: 600, Loss: 0.0947, Train: 95.48%, Valid: 70.28%, Test: 69.72%, Best Valid: 75.07%, Best Test: 75.85%
Epoch: 700, Loss: 0.0938, Train: 96.65%, Valid: 75.36%, Test: 72.93%, Best Valid: 75.89%, Best Test: 73.42%
Epoch: 800, Loss: 0.0670, Train: 98.18%, Valid: 74.19%, Test: 73.25%, Best Valid: 75.89%, Best Test: 73.42%
Epoch: 900, Loss: 0.0646, Train: 99.27%, Valid: 69.77%, Test: 68.47%, Best Valid: 75.89%, Best Test: 73.42%
Run 04:
Highest Train: 99.67
Highest Valid: 75.89
Highest Test: 75.85
Chosen epoch: 699
Final Train: 95.22
Final Test: 73.42
Pre-training MLP for 500 epochs to generate co-occurrence matrix...
MLP pre-training complete. Penalty matrix frozen.
Epoch: 00, Loss: 0.6173, Train: 44.83%, Valid: 44.03%, Test: 45.06%, Best Valid: 44.03%, Best Test: 45.06%
Epoch: 100, Loss: 0.1328, Train: 79.90%, Valid: 67.46%, Test: 67.97%, Best Valid: 70.11%, Best Test: 70.12%
Epoch: 200, Loss: 0.1057, Train: 94.43%, Valid: 70.54%, Test: 71.85%, Best Valid: 76.14%, Best Test: 76.00%
Epoch: 300, Loss: 0.0904, Train: 95.16%, Valid: 71.89%, Test: 71.09%, Best Valid: 76.14%, Best Test: 76.00%
Epoch: 400, Loss: 0.0799, Train: 97.02%, Valid: 67.15%, Test: 70.00%, Best Valid: 76.14%, Best Test: 76.00%
Epoch: 500, Loss: 0.0713, Train: 98.63%, Valid: 71.39%, Test: 71.78%, Best Valid: 76.14%, Best Test: 76.00%
Epoch: 600, Loss: 0.0758, Train: 97.67%, Valid: 71.81%, Test: 72.51%, Best Valid: 76.14%, Best Test: 76.00%
Epoch: 700, Loss: 0.0598, Train: 97.59%, Valid: 65.49%, Test: 68.43%, Best Valid: 76.14%, Best Test: 76.00%
Epoch: 800, Loss: 0.0686, Train: 99.12%, Valid: 69.25%, Test: 72.94%, Best Valid: 76.14%, Best Test: 76.00%
Epoch: 900, Loss: 0.0628, Train: 98.92%, Valid: 70.64%, Test: 72.73%, Best Valid: 76.14%, Best Test: 76.00%
Run 05:
Highest Train: 99.61
Highest Valid: 76.14
Highest Test: 76.62
Chosen epoch: 149
Final Train: 90.22
Final Test: 76.00
All runs:
Highest Train: 99.61 ± 0.09
Highest Test: 75.94 ± 0.66
Highest Valid: 76.46 ± 0.60
  Final Train: 92.16 ± 2.15
   Final Test: 74.72 ± 1.53
Saving results to mlp_gt/results_full/questions/sgformer.csv

Running with MLP-GT Regularization (lambda=0.4)...
Namespace(aggregate='add', alpha=0.5, attention='gcn', beta=-1.0, bn=False, cpu=False, data_dir='../data/', dataset='questions', device=0, dim_inner=256, display_step=100, dropout=0.3, epochs=1000, global_dropout=None, global_layers=2, gnn='gcn', graph_weight=0.5, hidden_channels=256, hops=10, in_dropout=0.0, jk=False, label_num_per_class=20, lambda_val=0.4, layers=3, ln=False, local_gnn_type='GCN', local_layers=7, lr=0.01, metric='rocauc', mlp_epochs=500, mlp_reg=True, model='sgformer', model_dir='./model/', n_heads=1, num_centroids=4096, num_heads=1, oracle_reg=False, pe_types='RWSE', pre_linear=False, pre_ln=False, rand_split=False, rand_split_class=False, reg_start_epoch=10, reg_update_freq=5, res=False, result_dir='mlp_gt/results_full', runs=5, save_model=False, save_result=False, seed=42, test_num=1000, train_prop=0.5, use_act=True, use_bn=True, use_graph=True, use_reg=True, use_residual=True, use_weight=False, valid_num=500, valid_prop=0.25, weight_decay=0.0005)
questions
dataset questions | num nodes 48921 | num edge 153540 | num node feats 301 | num classes 2
MODEL: SGFormer(
  (trans_conv): TransConv(
    (convs): ModuleList(
      (0): TransConvLayer(
        (Wk): Linear(in_features=256, out_features=256, bias=True)
        (Wq): Linear(in_features=256, out_features=256, bias=True)
      )
      (1): TransConvLayer(
        (Wk): Linear(in_features=256, out_features=256, bias=True)
        (Wq): Linear(in_features=256, out_features=256, bias=True)
      )
      (2): TransConvLayer(
        (Wk): Linear(in_features=256, out_features=256, bias=True)
        (Wq): Linear(in_features=256, out_features=256, bias=True)
      )
    )
    (fcs): ModuleList(
      (0): Linear(in_features=301, out_features=256, bias=True)
    )
    (bns): ModuleList(
      (0): LayerNorm((256,), eps=1e-05, elementwise_affine=True)
      (1): LayerNorm((256,), eps=1e-05, elementwise_affine=True)
      (2): LayerNorm((256,), eps=1e-05, elementwise_affine=True)
      (3): LayerNorm((256,), eps=1e-05, elementwise_affine=True)
    )
  )
  (gnn): GCN(
    (convs): ModuleList(
      (0): GCNConv(301, 256)
      (1): GCNConv(256, 256)
      (2): GCNConv(256, 256)
    )
    (bns): ModuleList(
      (0): BatchNorm1d(256, eps=1e-05, momentum=0.1, affine=True, track_running_stats=True)
      (1): BatchNorm1d(256, eps=1e-05, momentum=0.1, affine=True, track_running_stats=True)
    )
  )
  (fc): Linear(in_features=256, out_features=2, bias=True)
)
Pre-training MLP for 500 epochs to generate co-occurrence matrix...
MLP pre-training complete. Penalty matrix frozen.
Epoch: 00, Loss: 1.0135, Train: 44.75%, Valid: 47.41%, Test: 43.13%, Best Valid: 47.41%, Best Test: 43.13%
Epoch: 100, Loss: 0.1802, Train: 87.12%, Valid: 71.28%, Test: 65.74%, Best Valid: 75.75%, Best Test: 72.64%
Epoch: 200, Loss: 0.1871, Train: 77.38%, Valid: 63.35%, Test: 58.53%, Best Valid: 76.95%, Best Test: 76.29%
Epoch: 300, Loss: 0.1577, Train: 92.19%, Valid: 70.99%, Test: 66.26%, Best Valid: 76.95%, Best Test: 76.29%
Epoch: 400, Loss: 0.1366, Train: 96.59%, Valid: 73.18%, Test: 67.52%, Best Valid: 76.95%, Best Test: 76.29%
Epoch: 500, Loss: 0.1145, Train: 97.34%, Valid: 71.57%, Test: 69.28%, Best Valid: 76.95%, Best Test: 76.29%
Epoch: 600, Loss: 0.1150, Train: 96.63%, Valid: 70.58%, Test: 65.82%, Best Valid: 76.95%, Best Test: 76.29%
Epoch: 700, Loss: 0.1108, Train: 97.00%, Valid: 73.60%, Test: 70.41%, Best Valid: 76.95%, Best Test: 76.29%
Epoch: 800, Loss: 0.1084, Train: 97.85%, Valid: 70.21%, Test: 66.21%, Best Valid: 76.95%, Best Test: 76.29%
Epoch: 900, Loss: 0.1045, Train: 96.91%, Valid: 68.89%, Test: 64.55%, Best Valid: 76.95%, Best Test: 76.29%
Run 01:
Highest Train: 98.80
Highest Valid: 76.95
Highest Test: 76.58
Chosen epoch: 168
Final Train: 83.86
Final Test: 76.29
Pre-training MLP for 500 epochs to generate co-occurrence matrix...
MLP pre-training complete. Penalty matrix frozen.
Epoch: 00, Loss: 0.6601, Train: 44.01%, Valid: 46.83%, Test: 43.45%, Best Valid: 46.83%, Best Test: 43.45%
Epoch: 100, Loss: 4.8585, Train: 56.12%, Valid: 59.75%, Test: 58.63%, Best Valid: 64.15%, Best Test: 61.03%
Epoch: 200, Loss: 5.8737, Train: 39.59%, Valid: 33.78%, Test: 33.48%, Best Valid: 64.15%, Best Test: 61.03%
Epoch: 300, Loss: 5.4058, Train: 38.43%, Valid: 33.88%, Test: 32.73%, Best Valid: 64.15%, Best Test: 61.03%
Epoch: 400, Loss: 4.9149, Train: 44.86%, Valid: 40.02%, Test: 39.06%, Best Valid: 64.15%, Best Test: 61.03%
Epoch: 500, Loss: 4.5005, Train: 64.49%, Valid: 62.66%, Test: 62.99%, Best Valid: 64.15%, Best Test: 61.03%
Epoch: 600, Loss: 4.4512, Train: 56.60%, Valid: 53.56%, Test: 52.20%, Best Valid: 64.15%, Best Test: 61.03%
Epoch: 700, Loss: 5.1876, Train: 38.47%, Valid: 34.01%, Test: 33.74%, Best Valid: 64.15%, Best Test: 61.03%
Epoch: 800, Loss: 5.3291, Train: 39.97%, Valid: 35.36%, Test: 34.28%, Best Valid: 64.15%, Best Test: 61.03%
Epoch: 900, Loss: 5.4828, Train: 42.37%, Valid: 38.55%, Test: 37.15%, Best Valid: 64.15%, Best Test: 61.03%
Run 02:
Highest Train: 65.66
Highest Valid: 64.15
Highest Test: 64.92
Chosen epoch: 10
Final Train: 62.59
Final Test: 61.03
Pre-training MLP for 500 epochs to generate co-occurrence matrix...
MLP pre-training complete. Penalty matrix frozen.
Epoch: 00, Loss: 1.3696, Train: 45.88%, Valid: 46.89%, Test: 45.36%, Best Valid: 46.89%, Best Test: 45.36%
Epoch: 100, Loss: 4.3293, Train: 69.38%, Valid: 68.27%, Test: 67.45%, Best Valid: 68.27%, Best Test: 67.45%
Epoch: 200, Loss: 4.2969, Train: 79.72%, Valid: 72.75%, Test: 71.80%, Best Valid: 76.90%, Best Test: 73.98%
Epoch: 300, Loss: 4.2755, Train: 87.59%, Valid: 75.61%, Test: 73.83%, Best Valid: 77.25%, Best Test: 76.01%
Epoch: 400, Loss: 5.4451, Train: 32.99%, Valid: 33.45%, Test: 33.63%, Best Valid: 77.25%, Best Test: 76.01%
Epoch: 500, Loss: 5.1230, Train: 32.52%, Valid: 33.28%, Test: 33.67%, Best Valid: 77.25%, Best Test: 76.01%
Epoch: 600, Loss: 4.4393, Train: 38.07%, Valid: 41.17%, Test: 38.67%, Best Valid: 77.25%, Best Test: 76.01%
Epoch: 700, Loss: 4.3659, Train: 50.08%, Valid: 51.64%, Test: 50.51%, Best Valid: 77.25%, Best Test: 76.01%
Epoch: 800, Loss: 4.5919, Train: 34.95%, Valid: 35.64%, Test: 36.15%, Best Valid: 77.25%, Best Test: 76.01%
Epoch: 900, Loss: 4.5917, Train: 34.84%, Valid: 36.68%, Test: 36.46%, Best Valid: 77.25%, Best Test: 76.01%
Run 03:
Highest Train: 92.32
Highest Valid: 77.25
Highest Test: 76.01
Chosen epoch: 239
Final Train: 86.67
Final Test: 76.01
Pre-training MLP for 500 epochs to generate co-occurrence matrix...
MLP pre-training complete. Penalty matrix frozen.
Epoch: 00, Loss: 1.8049, Train: 46.90%, Valid: 47.89%, Test: 47.20%, Best Valid: 47.89%, Best Test: 47.20%
Epoch: 100, Loss: 4.2971, Train: 68.05%, Valid: 65.36%, Test: 64.04%, Best Valid: 65.36%, Best Test: 64.04%
Epoch: 200, Loss: 4.2462, Train: 77.64%, Valid: 69.65%, Test: 68.86%, Best Valid: 73.76%, Best Test: 73.90%
Epoch: 300, Loss: 5.0713, Train: 37.23%, Valid: 36.64%, Test: 38.82%, Best Valid: 75.07%, Best Test: 74.00%
Epoch: 400, Loss: 4.6878, Train: 36.46%, Valid: 34.28%, Test: 36.86%, Best Valid: 75.07%, Best Test: 74.00%
Epoch: 500, Loss: 4.5299, Train: 49.64%, Valid: 47.45%, Test: 48.72%, Best Valid: 75.07%, Best Test: 74.00%
Epoch: 600, Loss: 4.4988, Train: 37.43%, Valid: 36.28%, Test: 38.79%, Best Valid: 75.07%, Best Test: 74.00%
Epoch: 700, Loss: 4.2947, Train: 57.88%, Valid: 59.11%, Test: 54.71%, Best Valid: 75.07%, Best Test: 74.00%
Epoch: 800, Loss: 4.3410, Train: 47.68%, Valid: 47.27%, Test: 45.97%, Best Valid: 75.07%, Best Test: 74.00%
Epoch: 900, Loss: 5.2667, Train: 36.12%, Valid: 33.27%, Test: 37.11%, Best Valid: 75.07%, Best Test: 74.00%
Run 04:
Highest Train: 86.29
Highest Valid: 75.07
Highest Test: 74.62
Chosen epoch: 237
Final Train: 86.10
Final Test: 74.00
Pre-training MLP for 500 epochs to generate co-occurrence matrix...
MLP pre-training complete. Penalty matrix frozen.
Epoch: 00, Loss: 2.2326, Train: 45.09%, Valid: 43.74%, Test: 45.12%, Best Valid: 43.74%, Best Test: 45.12%
Epoch: 100, Loss: 4.3849, Train: 64.30%, Valid: 61.17%, Test: 63.85%, Best Valid: 61.17%, Best Test: 63.85%
Epoch: 200, Loss: 4.3279, Train: 78.78%, Valid: 69.61%, Test: 70.63%, Best Valid: 72.17%, Best Test: 74.49%
Epoch: 300, Loss: 4.3159, Train: 82.22%, Valid: 76.06%, Test: 77.09%, Best Valid: 76.06%, Best Test: 77.09%
Epoch: 400, Loss: 4.2905, Train: 87.77%, Valid: 66.94%, Test: 68.31%, Best Valid: 76.75%, Best Test: 77.34%
Epoch: 500, Loss: 4.3347, Train: 71.17%, Valid: 67.23%, Test: 69.98%, Best Valid: 76.75%, Best Test: 77.34%
Epoch: 600, Loss: 6.0603, Train: 34.58%, Valid: 35.62%, Test: 35.49%, Best Valid: 76.75%, Best Test: 77.34%
Epoch: 700, Loss: 4.6326, Train: 44.27%, Valid: 44.90%, Test: 45.12%, Best Valid: 76.75%, Best Test: 77.34%
Epoch: 800, Loss: 4.8687, Train: 32.59%, Valid: 34.01%, Test: 34.12%, Best Valid: 76.75%, Best Test: 77.34%
Epoch: 900, Loss: 4.3987, Train: 38.92%, Valid: 40.52%, Test: 41.01%, Best Valid: 76.75%, Best Test: 77.34%
Run 05:
Highest Train: 92.50
Highest Valid: 76.75
Highest Test: 77.35
Chosen epoch: 304
Final Train: 84.69
Final Test: 77.34
All runs:
Highest Train: 87.11 ± 12.78
Highest Test: 73.90 ± 5.12
Highest Valid: 74.03 ± 5.59
  Final Train: 80.78 ± 10.23
   Final Test: 72.93 ± 6.76
Saving results to mlp_gt/results_full/questions/sgformer.csv

GT sweep completed!
==========================================================
Task 33 (sgformer / questions) completed at: Tue Apr 28 09:59:44 AM EDT 2026
==========================================================
