ERROR: Exception:
Traceback (most recent call last):
  File "/project/ikoutis/conda_env/co-occurrence/lib/python3.8/shutil.py", line 791, in move
    os.rename(src, real_dst)
FileNotFoundError: [Errno 2] No such file or directory: '/mmfs1/project/ikoutis/conda_env/co-occurrence/lib/python3.8/site-packages/torch_sparse-0.6.18.dist-info/' -> '/mmfs1/project/ikoutis/conda_env/co-occurrence/lib/python3.8/site-packages/~.rch_sparse-0.6.18.dist-info'

During handling of the above exception, another exception occurred:

Traceback (most recent call last):
  File "/project/ikoutis/conda_env/co-occurrence/lib/python3.8/site-packages/pip/_internal/cli/base_command.py", line 105, in _run_wrapper
    status = _inner_run()
  File "/project/ikoutis/conda_env/co-occurrence/lib/python3.8/site-packages/pip/_internal/cli/base_command.py", line 96, in _inner_run
    return self.run(options, args)
  File "/project/ikoutis/conda_env/co-occurrence/lib/python3.8/site-packages/pip/_internal/commands/uninstall.py", line 106, in run
    uninstall_pathset = req.uninstall(
  File "/project/ikoutis/conda_env/co-occurrence/lib/python3.8/site-packages/pip/_internal/req/req_install.py", line 723, in uninstall
    uninstalled_pathset.remove(auto_confirm, verbose)
  File "/project/ikoutis/conda_env/co-occurrence/lib/python3.8/site-packages/pip/_internal/req/req_uninstall.py", line 370, in remove
    moved.stash(path)
  File "/project/ikoutis/conda_env/co-occurrence/lib/python3.8/site-packages/pip/_internal/req/req_uninstall.py", line 261, in stash
    renames(path, new_path)
  File "/project/ikoutis/conda_env/co-occurrence/lib/python3.8/site-packages/pip/_internal/utils/misc.py", line 349, in renames
    shutil.move(old, new)
  File "/project/ikoutis/conda_env/co-occurrence/lib/python3.8/shutil.py", line 811, in move
    copy_function(src, real_dst)
  File "/project/ikoutis/conda_env/co-occurrence/lib/python3.8/shutil.py", line 435, in copy2
    copyfile(src, dst, follow_symlinks=follow_symlinks)
  File "/project/ikoutis/conda_env/co-occurrence/lib/python3.8/shutil.py", line 264, in copyfile
    with open(src, 'rb') as fsrc, open(dst, 'wb') as fdst:
FileNotFoundError: [Errno 2] No such file or directory: '/mmfs1/project/ikoutis/conda_env/co-occurrence/lib/python3.8/site-packages/torch_sparse-0.6.18.dist-info/'
