==========================================================
NodeFormer Full Sweep | Task 2 | Dataset: pubmed
Job: 1014020 | Date: Tue Apr 28 11:53:08 PM EDT 2026 | Host: n0002
==========================================================
Tue Apr 28 23:53:12 2026       
+-----------------------------------------------------------------------------------------+
| NVIDIA-SMI 570.211.01             Driver Version: 570.211.01     CUDA Version: 12.8     |
|-----------------------------------------+------------------------+----------------------+
| GPU  Name                 Persistence-M | Bus-Id          Disp.A | Volatile Uncorr. ECC |
| Fan  Temp   Perf          Pwr:Usage/Cap |           Memory-Usage | GPU-Util  Compute M. |
|                                         |                        |               MIG M. |
|=========================================+========================+======================|
|   0  NVIDIA A100-SXM4-80GB          On  |   00000000:01:00.0 Off |                   On |
| N/A   33C    P0             53W /  500W |     185MiB /  81920MiB |     N/A      Default |
|                                         |                        |              Enabled |
+-----------------------------------------+------------------------+----------------------+
|   1  NVIDIA A100-SXM4-80GB          On  |   00000000:41:00.0 Off |                   On |
| N/A   25C    P0             48W /  500W |     185MiB /  81920MiB |     N/A      Default |
|                                         |                        |              Enabled |
+-----------------------------------------+------------------------+----------------------+
|   2  NVIDIA A100-SXM4-80GB          On  |   00000000:81:00.0 Off |                   On |
| N/A   32C    P0            102W /  500W |    6671MiB /  81920MiB |     N/A      Default |
|                                         |                        |              Enabled |
+-----------------------------------------+------------------------+----------------------+
|   3  NVIDIA A100-SXM4-80GB          On  |   00000000:C1:00.0 Off |                   On |
| N/A   29C    P0             80W /  500W |     765MiB /  81920MiB |     N/A      Default |
|                                         |                        |              Enabled |
+-----------------------------------------+------------------------+----------------------+

+-----------------------------------------------------------------------------------------+
| MIG devices:                                                                            |
+------------------+----------------------------------+-----------+-----------------------+
| GPU  GI  CI  MIG |                     Memory-Usage |        Vol|        Shared         |
|      ID  ID  Dev |                       BAR1-Usage | SM     Unc| CE ENC  DEC  OFA  JPG |
|                  |                                  |        ECC|                       |
|==================+==================================+===========+=======================|
|  0    5   0   0  |              53MiB / 19968MiB    | 28      0 |  2   0    1    0    0 |
|                  |                 0MiB / 32767MiB  |           |                       |
+------------------+----------------------------------+-----------+-----------------------+
                                                                                         
+-----------------------------------------------------------------------------------------+
| Processes:                                                                              |
|  GPU   GI   CI              PID   Type   Process name                        GPU Memory |
|        ID   ID                                                               Usage      |
|=========================================================================================|
|    2    2    0          3485866      C   python                                 6480MiB |
|    3    1    0          3542463      C   python                                  574MiB |
+-----------------------------------------------------------------------------------------+
torch_sparse CUDA kernels not working — reinstalling with CUDA support...
nvcc not found, build may be CPU-only
Looking in links: https://data.pyg.org/whl/torch-1.12.1+cu116.html
Collecting torch_sparse
  Downloading torch_sparse-0.6.18.tar.gz (209 kB)
  Preparing metadata (setup.py): started
  Preparing metadata (setup.py): finished with status 'done'
Collecting torch_scatter
  Downloading torch_scatter-2.1.2.tar.gz (108 kB)
  Preparing metadata (setup.py): started
  Preparing metadata (setup.py): finished with status 'done'
Requirement already satisfied: scipy in /mmfs1/project/ikoutis/conda_env/co-occurrence/lib/python3.8/site-packages (from torch_sparse) (1.10.1)
Requirement already satisfied: numpy<1.27.0,>=1.19.5 in /mmfs1/project/ikoutis/conda_env/co-occurrence/lib/python3.8/site-packages (from scipy->torch_sparse) (1.24.4)
Building wheels for collected packages: torch_sparse, torch_scatter
  Building wheel for torch_sparse (setup.py): started
  Building wheel for torch_sparse (setup.py): still running...
  Building wheel for torch_sparse (setup.py): still running...
  Building wheel for torch_sparse (setup.py): still running...
  Building wheel for torch_sparse (setup.py): still running...
  Building wheel for torch_sparse (setup.py): still running...
  Building wheel for torch_sparse (setup.py): finished with status 'done'
  Created wheel for torch_sparse: filename=torch_sparse-0.6.18-cp38-cp38-linux_x86_64.whl size=536968 sha256=7a1c1e2ae0a45988afb9a578f460a7367f9f255e840550b9a0221d69ad3fa8a5
  Stored in directory: /tmp/pip-ephem-wheel-cache-kt1k7n6r/wheels/73/9f/4e/6671faed9dea2e8152688ebb3be08ce52e7c5f3db9a88021d8
  Building wheel for torch_scatter (setup.py): started
  Building wheel for torch_scatter (setup.py): still running...
  Building wheel for torch_scatter (setup.py): finished with status 'done'
  Created wheel for torch_scatter: filename=torch_scatter-2.1.2-cp38-cp38-linux_x86_64.whl size=299896 sha256=ba412668b706a20d0613aa6be81b3fbc5fa2692589440e539e9633e68e717f63
  Stored in directory: /tmp/pip-ephem-wheel-cache-kt1k7n6r/wheels/54/0c/3d/5e4aea36abfd59a43f8bb9859f545baa46c2a880a99a428db6
Successfully built torch_sparse torch_scatter
Installing collected packages: torch_scatter, torch_sparse
Successfully installed torch_scatter-2.1.2 torch_sparse-0.6.18
