==========================================================
NodeFormer Full Sweep | Task 10 | Dataset: coauthor-physics
Job: 1013272 | Date: Tue Apr 28 03:21:44 PM EDT 2026 | Host: n0002
==========================================================
Tue Apr 28 15:21:48 2026       
+-----------------------------------------------------------------------------------------+
| NVIDIA-SMI 570.211.01             Driver Version: 570.211.01     CUDA Version: 12.8     |
|-----------------------------------------+------------------------+----------------------+
| GPU  Name                 Persistence-M | Bus-Id          Disp.A | Volatile Uncorr. ECC |
| Fan  Temp   Perf          Pwr:Usage/Cap |           Memory-Usage | GPU-Util  Compute M. |
|                                         |                        |               MIG M. |
|=========================================+========================+======================|
|   0  NVIDIA A100-SXM4-80GB          On  |   00000000:01:00.0 Off |                   On |
| N/A   43C    P0            195W /  500W |   11695MiB /  81920MiB |     N/A      Default |
|                                         |                        |              Enabled |
+-----------------------------------------+------------------------+----------------------+
|   1  NVIDIA A100-SXM4-80GB          On  |   00000000:41:00.0 Off |                   On |
| N/A   44C    P0            253W /  500W |   31209MiB /  81920MiB |     N/A      Default |
|                                         |                        |              Enabled |
+-----------------------------------------+------------------------+----------------------+
|   2  NVIDIA A100-SXM4-80GB          On  |   00000000:81:00.0 Off |                   On |
| N/A   43C    P0            173W /  500W |   20553MiB /  81920MiB |     N/A      Default |
|                                         |                        |              Enabled |
+-----------------------------------------+------------------------+----------------------+
|   3  NVIDIA A100-SXM4-80GB          On  |   00000000:C1:00.0 Off |                   On |
| N/A   29C    P0             81W /  500W |     765MiB /  81920MiB |     N/A      Default |
|                                         |                        |              Enabled |
+-----------------------------------------+------------------------+----------------------+

+-----------------------------------------------------------------------------------------+
| MIG devices:                                                                            |
+------------------+----------------------------------+-----------+-----------------------+
| GPU  GI  CI  MIG |                     Memory-Usage |        Vol|        Shared         |
|      ID  ID  Dev |                       BAR1-Usage | SM     Unc| CE ENC  DEC  OFA  JPG |
|                  |                                  |        ECC|                       |
|==================+==================================+===========+=======================|
|  2    3   0   0  |              53MiB / 19968MiB    | 28      0 |  2   0    1    0    0 |
|                  |                 0MiB / 32767MiB  |           |                       |
+------------------+----------------------------------+-----------+-----------------------+
                                                                                         
+-----------------------------------------------------------------------------------------+
| Processes:                                                                              |
|  GPU   GI   CI              PID   Type   Process name                        GPU Memory |
|        ID   ID                                                               Usage      |
|=========================================================================================|
|    0   14    0          3369621      C   python                                 5454MiB |
|    0    1    0          3371373      C   python                                 6046MiB |
|    1    2    0          3352786      C   ...hz54/envs/dist/bin/python3.10      20364MiB |
|    1    9    0          3369612      C   python                                 5192MiB |
|    1   10    0          3369614      C   python                                 5454MiB |
|    3    1    0          3375253      C   python                                  574MiB |
+-----------------------------------------------------------------------------------------+
1.12.1 0.6.18 True
==========================================================
Starting mlp_gt GT Sweep for:
python main.py --model nodeformer --dataset coauthor-physics         --hidden_channels 128 --global_layers 2 --num_heads 4     --lr 0.01 --weight_decay 5e-4 --dropout 0.3 --use_bn --epochs 1000         --runs 5 --device 0         --rand_split_class --valid_num 500 --test_num 1000 --seed 123
Result dir: mlp_gt/results_full
==========================================================
Running GT Baseline (no reg)...
Namespace(aggregate='add', alpha=0.5, attention='gcn', beta=-1.0, bn=False, cpu=False, data_dir='../data/', dataset='coauthor-physics', device=0, dim_inner=128, display_step=100, dropout=0.3, epochs=1000, global_dropout=None, global_layers=2, gnn='gcn', graph_weight=0.8, hidden_channels=128, hops=10, in_dropout=0.0, jk=False, label_num_per_class=20, lambda_val=0.5, layers=1, ln=False, local_gnn_type='GCN', local_layers=7, lr=0.01, metric='acc', mlp_epochs=500, mlp_reg=False, model='nodeformer', model_dir='./model/', n_heads=4, num_centroids=4096, num_heads=4, oracle_reg=False, pe_types='RWSE', pre_linear=False, pre_ln=False, rand_split=False, rand_split_class=True, reg_start_epoch=10, reg_update_freq=5, res=False, result_dir='mlp_gt/results_full', runs=5, save_model=False, save_result=False, seed=123, test_num=1000, train_prop=0.5, use_act=False, use_bn=True, use_graph=False, use_reg=False, use_residual=False, use_weight=False, valid_num=500, valid_prop=0.25, weight_decay=0.0005)
coauthor-physics
train:torch.Size([100]), valid:torch.Size([500]), test:torch.Size([1000])
dataset coauthor-physics | num nodes 34493 | num edge 495924 | num node feats 8415 | num classes 5
MODEL: NodeFormer(
  (convs): ModuleList(
    (0): NodeFormerConv(
      (Wk): Linear(in_features=128, out_features=512, bias=True)
      (Wq): Linear(in_features=128, out_features=512, bias=True)
      (Wv): Linear(in_features=128, out_features=512, bias=True)
      (Wo): Linear(in_features=512, out_features=128, bias=True)
    )
    (1): NodeFormerConv(
      (Wk): Linear(in_features=128, out_features=512, bias=True)
      (Wq): Linear(in_features=128, out_features=512, bias=True)
      (Wv): Linear(in_features=128, out_features=512, bias=True)
      (Wo): Linear(in_features=512, out_features=128, bias=True)
    )
  )
  (fcs): ModuleList(
    (0): Linear(in_features=8415, out_features=128, bias=True)
    (1): Linear(in_features=128, out_features=5, bias=True)
  )
  (bns): ModuleList(
    (0): LayerNorm((128,), eps=1e-05, elementwise_affine=True)
    (1): LayerNorm((128,), eps=1e-05, elementwise_affine=True)
    (2): LayerNorm((128,), eps=1e-05, elementwise_affine=True)
  )
)

Running with MLP-GT Regularization (lambda=0.01)...
Namespace(aggregate='add', alpha=0.5, attention='gcn', beta=-1.0, bn=False, cpu=False, data_dir='../data/', dataset='coauthor-physics', device=0, dim_inner=128, display_step=100, dropout=0.3, epochs=1000, global_dropout=None, global_layers=2, gnn='gcn', graph_weight=0.8, hidden_channels=128, hops=10, in_dropout=0.0, jk=False, label_num_per_class=20, lambda_val=0.01, layers=1, ln=False, local_gnn_type='GCN', local_layers=7, lr=0.01, metric='acc', mlp_epochs=500, mlp_reg=True, model='nodeformer', model_dir='./model/', n_heads=4, num_centroids=4096, num_heads=4, oracle_reg=False, pe_types='RWSE', pre_linear=False, pre_ln=False, rand_split=False, rand_split_class=True, reg_start_epoch=10, reg_update_freq=5, res=False, result_dir='mlp_gt/results_full', runs=5, save_model=False, save_result=False, seed=123, test_num=1000, train_prop=0.5, use_act=False, use_bn=True, use_graph=False, use_reg=True, use_residual=False, use_weight=False, valid_num=500, valid_prop=0.25, weight_decay=0.0005)
coauthor-physics
train:torch.Size([100]), valid:torch.Size([500]), test:torch.Size([1000])
dataset coauthor-physics | num nodes 34493 | num edge 495924 | num node feats 8415 | num classes 5
MODEL: NodeFormer(
  (convs): ModuleList(
    (0): NodeFormerConv(
      (Wk): Linear(in_features=128, out_features=512, bias=True)
      (Wq): Linear(in_features=128, out_features=512, bias=True)
      (Wv): Linear(in_features=128, out_features=512, bias=True)
      (Wo): Linear(in_features=512, out_features=128, bias=True)
    )
    (1): NodeFormerConv(
      (Wk): Linear(in_features=128, out_features=512, bias=True)
      (Wq): Linear(in_features=128, out_features=512, bias=True)
      (Wv): Linear(in_features=128, out_features=512, bias=True)
      (Wo): Linear(in_features=512, out_features=128, bias=True)
    )
  )
  (fcs): ModuleList(
    (0): Linear(in_features=8415, out_features=128, bias=True)
    (1): Linear(in_features=128, out_features=5, bias=True)
  )
  (bns): ModuleList(
    (0): LayerNorm((128,), eps=1e-05, elementwise_affine=True)
    (1): LayerNorm((128,), eps=1e-05, elementwise_affine=True)
    (2): LayerNorm((128,), eps=1e-05, elementwise_affine=True)
  )
)
Pre-training MLP for 500 epochs to generate co-occurrence matrix...
MLP pre-training complete. Penalty matrix frozen.

Running with MLP-GT Regularization (lambda=0.1)...
Namespace(aggregate='add', alpha=0.5, attention='gcn', beta=-1.0, bn=False, cpu=False, data_dir='../data/', dataset='coauthor-physics', device=0, dim_inner=128, display_step=100, dropout=0.3, epochs=1000, global_dropout=None, global_layers=2, gnn='gcn', graph_weight=0.8, hidden_channels=128, hops=10, in_dropout=0.0, jk=False, label_num_per_class=20, lambda_val=0.1, layers=1, ln=False, local_gnn_type='GCN', local_layers=7, lr=0.01, metric='acc', mlp_epochs=500, mlp_reg=True, model='nodeformer', model_dir='./model/', n_heads=4, num_centroids=4096, num_heads=4, oracle_reg=False, pe_types='RWSE', pre_linear=False, pre_ln=False, rand_split=False, rand_split_class=True, reg_start_epoch=10, reg_update_freq=5, res=False, result_dir='mlp_gt/results_full', runs=5, save_model=False, save_result=False, seed=123, test_num=1000, train_prop=0.5, use_act=False, use_bn=True, use_graph=False, use_reg=True, use_residual=False, use_weight=False, valid_num=500, valid_prop=0.25, weight_decay=0.0005)
coauthor-physics
train:torch.Size([100]), valid:torch.Size([500]), test:torch.Size([1000])
dataset coauthor-physics | num nodes 34493 | num edge 495924 | num node feats 8415 | num classes 5
MODEL: NodeFormer(
  (convs): ModuleList(
    (0): NodeFormerConv(
      (Wk): Linear(in_features=128, out_features=512, bias=True)
      (Wq): Linear(in_features=128, out_features=512, bias=True)
      (Wv): Linear(in_features=128, out_features=512, bias=True)
      (Wo): Linear(in_features=512, out_features=128, bias=True)
    )
    (1): NodeFormerConv(
      (Wk): Linear(in_features=128, out_features=512, bias=True)
      (Wq): Linear(in_features=128, out_features=512, bias=True)
      (Wv): Linear(in_features=128, out_features=512, bias=True)
      (Wo): Linear(in_features=512, out_features=128, bias=True)
    )
  )
  (fcs): ModuleList(
    (0): Linear(in_features=8415, out_features=128, bias=True)
    (1): Linear(in_features=128, out_features=5, bias=True)
  )
  (bns): ModuleList(
    (0): LayerNorm((128,), eps=1e-05, elementwise_affine=True)
    (1): LayerNorm((128,), eps=1e-05, elementwise_affine=True)
    (2): LayerNorm((128,), eps=1e-05, elementwise_affine=True)
  )
)
Pre-training MLP for 500 epochs to generate co-occurrence matrix...
MLP pre-training complete. Penalty matrix frozen.

Running with MLP-GT Regularization (lambda=0.2)...
Namespace(aggregate='add', alpha=0.5, attention='gcn', beta=-1.0, bn=False, cpu=False, data_dir='../data/', dataset='coauthor-physics', device=0, dim_inner=128, display_step=100, dropout=0.3, epochs=1000, global_dropout=None, global_layers=2, gnn='gcn', graph_weight=0.8, hidden_channels=128, hops=10, in_dropout=0.0, jk=False, label_num_per_class=20, lambda_val=0.2, layers=1, ln=False, local_gnn_type='GCN', local_layers=7, lr=0.01, metric='acc', mlp_epochs=500, mlp_reg=True, model='nodeformer', model_dir='./model/', n_heads=4, num_centroids=4096, num_heads=4, oracle_reg=False, pe_types='RWSE', pre_linear=False, pre_ln=False, rand_split=False, rand_split_class=True, reg_start_epoch=10, reg_update_freq=5, res=False, result_dir='mlp_gt/results_full', runs=5, save_model=False, save_result=False, seed=123, test_num=1000, train_prop=0.5, use_act=False, use_bn=True, use_graph=False, use_reg=True, use_residual=False, use_weight=False, valid_num=500, valid_prop=0.25, weight_decay=0.0005)
coauthor-physics
train:torch.Size([100]), valid:torch.Size([500]), test:torch.Size([1000])
dataset coauthor-physics | num nodes 34493 | num edge 495924 | num node feats 8415 | num classes 5
MODEL: NodeFormer(
  (convs): ModuleList(
    (0): NodeFormerConv(
      (Wk): Linear(in_features=128, out_features=512, bias=True)
      (Wq): Linear(in_features=128, out_features=512, bias=True)
      (Wv): Linear(in_features=128, out_features=512, bias=True)
      (Wo): Linear(in_features=512, out_features=128, bias=True)
    )
    (1): NodeFormerConv(
      (Wk): Linear(in_features=128, out_features=512, bias=True)
      (Wq): Linear(in_features=128, out_features=512, bias=True)
      (Wv): Linear(in_features=128, out_features=512, bias=True)
      (Wo): Linear(in_features=512, out_features=128, bias=True)
    )
  )
  (fcs): ModuleList(
    (0): Linear(in_features=8415, out_features=128, bias=True)
    (1): Linear(in_features=128, out_features=5, bias=True)
  )
  (bns): ModuleList(
    (0): LayerNorm((128,), eps=1e-05, elementwise_affine=True)
    (1): LayerNorm((128,), eps=1e-05, elementwise_affine=True)
    (2): LayerNorm((128,), eps=1e-05, elementwise_affine=True)
  )
)
Pre-training MLP for 500 epochs to generate co-occurrence matrix...
MLP pre-training complete. Penalty matrix frozen.

Running with MLP-GT Regularization (lambda=0.4)...
Namespace(aggregate='add', alpha=0.5, attention='gcn', beta=-1.0, bn=False, cpu=False, data_dir='../data/', dataset='coauthor-physics', device=0, dim_inner=128, display_step=100, dropout=0.3, epochs=1000, global_dropout=None, global_layers=2, gnn='gcn', graph_weight=0.8, hidden_channels=128, hops=10, in_dropout=0.0, jk=False, label_num_per_class=20, lambda_val=0.4, layers=1, ln=False, local_gnn_type='GCN', local_layers=7, lr=0.01, metric='acc', mlp_epochs=500, mlp_reg=True, model='nodeformer', model_dir='./model/', n_heads=4, num_centroids=4096, num_heads=4, oracle_reg=False, pe_types='RWSE', pre_linear=False, pre_ln=False, rand_split=False, rand_split_class=True, reg_start_epoch=10, reg_update_freq=5, res=False, result_dir='mlp_gt/results_full', runs=5, save_model=False, save_result=False, seed=123, test_num=1000, train_prop=0.5, use_act=False, use_bn=True, use_graph=False, use_reg=True, use_residual=False, use_weight=False, valid_num=500, valid_prop=0.25, weight_decay=0.0005)
coauthor-physics
train:torch.Size([100]), valid:torch.Size([500]), test:torch.Size([1000])
dataset coauthor-physics | num nodes 34493 | num edge 495924 | num node feats 8415 | num classes 5
MODEL: NodeFormer(
  (convs): ModuleList(
    (0): NodeFormerConv(
      (Wk): Linear(in_features=128, out_features=512, bias=True)
      (Wq): Linear(in_features=128, out_features=512, bias=True)
      (Wv): Linear(in_features=128, out_features=512, bias=True)
      (Wo): Linear(in_features=512, out_features=128, bias=True)
    )
    (1): NodeFormerConv(
      (Wk): Linear(in_features=128, out_features=512, bias=True)
      (Wq): Linear(in_features=128, out_features=512, bias=True)
      (Wv): Linear(in_features=128, out_features=512, bias=True)
      (Wo): Linear(in_features=512, out_features=128, bias=True)
    )
  )
  (fcs): ModuleList(
    (0): Linear(in_features=8415, out_features=128, bias=True)
    (1): Linear(in_features=128, out_features=5, bias=True)
  )
  (bns): ModuleList(
    (0): LayerNorm((128,), eps=1e-05, elementwise_affine=True)
    (1): LayerNorm((128,), eps=1e-05, elementwise_affine=True)
    (2): LayerNorm((128,), eps=1e-05, elementwise_affine=True)
  )
)
Pre-training MLP for 500 epochs to generate co-occurrence matrix...
MLP pre-training complete. Penalty matrix frozen.

GT sweep completed!
==========================================================
Task 10 (nodeformer / coauthor-physics) completed at: Tue Apr 28 03:24:18 PM EDT 2026
==========================================================
