Traceback (most recent call last):
  File "main.py", line 44, in <module>
    dataset = load_dataset(args.data_dir, args.dataset)
  File "/mmfs1/project/ikoutis/github/co-occurrence-regularization/medium_graph/GTs_baselines/dataset.py", line 93, in load_dataset
    dataset = load_wiki_new(data_dir, dataname)
  File "/mmfs1/project/ikoutis/github/co-occurrence-regularization/medium_graph/GTs_baselines/dataset.py", line 131, in load_wiki_new
    data=np.load(path)
  File "/project/ikoutis/conda_env/co-occurrence/lib/python3.8/site-packages/numpy/lib/npyio.py", line 405, in load
    fid = stack.enter_context(open(os_fspath(file), "rb"))
FileNotFoundError: [Errno 2] No such file or directory: '../data//geom-gcn/squirrel/squirrel_filtered.npz'
Traceback (most recent call last):
  File "main.py", line 44, in <module>
    dataset = load_dataset(args.data_dir, args.dataset)
  File "/mmfs1/project/ikoutis/github/co-occurrence-regularization/medium_graph/GTs_baselines/dataset.py", line 93, in load_dataset
    dataset = load_wiki_new(data_dir, dataname)
  File "/mmfs1/project/ikoutis/github/co-occurrence-regularization/medium_graph/GTs_baselines/dataset.py", line 131, in load_wiki_new
    data=np.load(path)
  File "/project/ikoutis/conda_env/co-occurrence/lib/python3.8/site-packages/numpy/lib/npyio.py", line 405, in load
    fid = stack.enter_context(open(os_fspath(file), "rb"))
FileNotFoundError: [Errno 2] No such file or directory: '../data//geom-gcn/squirrel/squirrel_filtered.npz'
Traceback (most recent call last):
  File "main.py", line 44, in <module>
    dataset = load_dataset(args.data_dir, args.dataset)
  File "/mmfs1/project/ikoutis/github/co-occurrence-regularization/medium_graph/GTs_baselines/dataset.py", line 93, in load_dataset
    dataset = load_wiki_new(data_dir, dataname)
  File "/mmfs1/project/ikoutis/github/co-occurrence-regularization/medium_graph/GTs_baselines/dataset.py", line 131, in load_wiki_new
    data=np.load(path)
  File "/project/ikoutis/conda_env/co-occurrence/lib/python3.8/site-packages/numpy/lib/npyio.py", line 405, in load
    fid = stack.enter_context(open(os_fspath(file), "rb"))
FileNotFoundError: [Errno 2] No such file or directory: '../data//geom-gcn/squirrel/squirrel_filtered.npz'
Traceback (most recent call last):
  File "main.py", line 44, in <module>
    dataset = load_dataset(args.data_dir, args.dataset)
  File "/mmfs1/project/ikoutis/github/co-occurrence-regularization/medium_graph/GTs_baselines/dataset.py", line 93, in load_dataset
    dataset = load_wiki_new(data_dir, dataname)
  File "/mmfs1/project/ikoutis/github/co-occurrence-regularization/medium_graph/GTs_baselines/dataset.py", line 131, in load_wiki_new
    data=np.load(path)
  File "/project/ikoutis/conda_env/co-occurrence/lib/python3.8/site-packages/numpy/lib/npyio.py", line 405, in load
    fid = stack.enter_context(open(os_fspath(file), "rb"))
FileNotFoundError: [Errno 2] No such file or directory: '../data//geom-gcn/squirrel/squirrel_filtered.npz'
Traceback (most recent call last):
  File "main.py", line 44, in <module>
    dataset = load_dataset(args.data_dir, args.dataset)
  File "/mmfs1/project/ikoutis/github/co-occurrence-regularization/medium_graph/GTs_baselines/dataset.py", line 93, in load_dataset
    dataset = load_wiki_new(data_dir, dataname)
  File "/mmfs1/project/ikoutis/github/co-occurrence-regularization/medium_graph/GTs_baselines/dataset.py", line 131, in load_wiki_new
    data=np.load(path)
  File "/project/ikoutis/conda_env/co-occurrence/lib/python3.8/site-packages/numpy/lib/npyio.py", line 405, in load
    fid = stack.enter_context(open(os_fspath(file), "rb"))
FileNotFoundError: [Errno 2] No such file or directory: '../data//geom-gcn/squirrel/squirrel_filtered.npz'
