==========================================================
Clamp-GNN Task 3
Job: 1016832 | Date: Thu Apr 30 11:55:30 PM EDT 2026 | Host: n0001
==========================================================
Thu Apr 30 23:55:34 2026       
+-----------------------------------------------------------------------------------------+
| NVIDIA-SMI 570.211.01             Driver Version: 570.211.01     CUDA Version: 12.8     |
|-----------------------------------------+------------------------+----------------------+
| GPU  Name                 Persistence-M | Bus-Id          Disp.A | Volatile Uncorr. ECC |
| Fan  Temp   Perf          Pwr:Usage/Cap |           Memory-Usage | GPU-Util  Compute M. |
|                                         |                        |               MIG M. |
|=========================================+========================+======================|
|   0  NVIDIA A100-SXM4-80GB          On  |   00000000:01:00.0 Off |                   On |
| N/A   38C    P0             83W /  500W |    1315MiB /  81920MiB |     N/A      Default |
|                                         |                        |              Enabled |
+-----------------------------------------+------------------------+----------------------+
|   1  NVIDIA A100-SXM4-80GB          On  |   00000000:41:00.0 Off |                   On |
| N/A   36C    P0            128W /  500W |    4687MiB /  81920MiB |     N/A      Default |
|                                         |                        |              Enabled |
+-----------------------------------------+------------------------+----------------------+
|   2  NVIDIA A100-SXM4-80GB          On  |   00000000:81:00.0 Off |                   On |
| N/A   41C    P0            116W /  500W |   17452MiB /  81920MiB |     N/A      Default |
|                                         |                        |              Enabled |
+-----------------------------------------+------------------------+----------------------+
|   3  NVIDIA A100-SXM4-80GB          On  |   00000000:C1:00.0 Off |                   On |
| N/A   39C    P0            181W /  500W |   13162MiB /  81920MiB |     N/A      Default |
|                                         |                        |              Enabled |
+-----------------------------------------+------------------------+----------------------+

+-----------------------------------------------------------------------------------------+
| MIG devices:                                                                            |
+------------------+----------------------------------+-----------+-----------------------+
| GPU  GI  CI  MIG |                     Memory-Usage |        Vol|        Shared         |
|      ID  ID  Dev |                       BAR1-Usage | SM     Unc| CE ENC  DEC  OFA  JPG |
|                  |                                  |        ECC|                       |
|==================+==================================+===========+=======================|
|  0    5   0   0  |              53MiB / 19968MiB    | 28      0 |  2   0    1    0    0 |
|                  |                 0MiB / 32767MiB  |           |                       |
+------------------+----------------------------------+-----------+-----------------------+
                                                                                         
+-----------------------------------------------------------------------------------------+
| Processes:                                                                              |
|  GPU   GI   CI              PID   Type   Process name                        GPU Memory |
|        ID   ID                                                               Usage      |
|=========================================================================================|
|    1    1    0          1995841      C   python                                 4496MiB |
|    2    2    0          1952877      C   python                                  768MiB |
|    2    3    0          1959382      C   python                                16488MiB |
|    3    5    0          1960087      C   python                                 7736MiB |
|    3    1    0          1997327      C   python                                 5230MiB |
+-----------------------------------------------------------------------------------------+
1.12.1
True
NVIDIA A100-SXM4-80GB MIG 2g.20gb
Dataset: squirrel | GCN
Running GCN baseline (no reg)...
Namespace(bn=False, cpu=False, data_dir='./data/', dataset='squirrel', device=0, display_step=100, dropout=0.7, epochs=1000, gnn='gcn', hidden_channels=256, jk=False, label_num_per_class=20, lambda_val=0.5, ln=True, local_layers=4, lr=0.01, metric='acc', mlp_epochs=500, mlp_reg=False, model='MPNN', model_dir='./model/', num_heads=1, oracle_reg=False, pre_linear=False, pre_ln=False, rand_split=False, rand_split_class=False, reg_start_epoch=10, reg_update_freq=5, res=True, result_dir='results/mlp_gnn_clamp', runs=5, save_model=False, seed=42, test_num=1000, train_prop=0.5, use_reg=False, valid_num=500, valid_prop=0.25, weight_decay=0.0005)
squirrel
dataset squirrel | num nodes 2223 | num edge 46998 | num node feats 2089 | num classes 5
MODEL: MPNNs(
  (h_lins): ModuleList()
  (local_convs): ModuleList(
    (0): GCNConv(2089, 256)
    (1): GCNConv(256, 256)
    (2): GCNConv(256, 256)
    (3): GCNConv(256, 256)
  )
  (lins): ModuleList(
    (0): Linear(in_features=2089, out_features=256, bias=True)
    (1): Linear(in_features=256, out_features=256, bias=True)
    (2): Linear(in_features=256, out_features=256, bias=True)
    (3): Linear(in_features=256, out_features=256, bias=True)
  )
  (lns): ModuleList(
    (0): LayerNorm((256,), eps=1e-05, elementwise_affine=True)
    (1): LayerNorm((256,), eps=1e-05, elementwise_affine=True)
    (2): LayerNorm((256,), eps=1e-05, elementwise_affine=True)
    (3): LayerNorm((256,), eps=1e-05, elementwise_affine=True)
  )
  (bns): ModuleList(
    (0): BatchNorm1d(256, eps=1e-05, momentum=0.1, affine=True, track_running_stats=True)
    (1): BatchNorm1d(256, eps=1e-05, momentum=0.1, affine=True, track_running_stats=True)
    (2): BatchNorm1d(256, eps=1e-05, momentum=0.1, affine=True, track_running_stats=True)
    (3): BatchNorm1d(256, eps=1e-05, momentum=0.1, affine=True, track_running_stats=True)
  )
  (lin_in): Linear(in_features=2089, out_features=256, bias=True)
  (pred_local): Linear(in_features=256, out_features=5, bias=True)
)
Epoch: 00, Loss: 1.7809, Train: 32.95%, Valid: 35.10%, Test: 34.73%, Best Valid: 35.10%, Best Test: 34.73%
Epoch: 100, Loss: 0.6587, Train: 87.08%, Valid: 32.03%, Test: 35.40%, Best Valid: 43.87%, Best Test: 43.36%
Epoch: 200, Loss: 0.2746, Train: 99.72%, Valid: 32.45%, Test: 37.61%, Best Valid: 43.87%, Best Test: 43.36%
Epoch: 300, Loss: 0.2042, Train: 99.43%, Valid: 31.75%, Test: 35.62%, Best Valid: 43.87%, Best Test: 43.36%
Epoch: 400, Loss: 0.2347, Train: 99.53%, Valid: 35.38%, Test: 38.94%, Best Valid: 43.87%, Best Test: 43.36%
Epoch: 500, Loss: 0.2068, Train: 99.62%, Valid: 33.70%, Test: 38.72%, Best Valid: 43.87%, Best Test: 43.36%
Epoch: 600, Loss: 0.1557, Train: 99.72%, Valid: 32.31%, Test: 36.95%, Best Valid: 43.87%, Best Test: 43.36%
Epoch: 700, Loss: 0.2036, Train: 99.72%, Valid: 36.91%, Test: 36.73%, Best Valid: 43.87%, Best Test: 43.36%
Epoch: 800, Loss: 0.1987, Train: 99.53%, Valid: 33.98%, Test: 40.71%, Best Valid: 43.87%, Best Test: 43.36%
Epoch: 900, Loss: 0.2111, Train: 99.72%, Valid: 33.43%, Test: 39.82%, Best Valid: 43.87%, Best Test: 43.36%
Run 01:
Highest Train: 99.81
Highest Valid: 43.87
Highest Test: 44.03
Chosen epoch: 56
Final Train: 44.54
Final Test: 43.36
Epoch: 00, Loss: 1.7569, Train: 23.52%, Valid: 22.14%, Test: 24.15%, Best Valid: 22.14%, Best Test: 24.15%
Epoch: 100, Loss: 0.5618, Train: 94.17%, Valid: 34.00%, Test: 34.31%, Best Valid: 44.86%, Best Test: 43.34%
Epoch: 200, Loss: 0.2531, Train: 99.54%, Valid: 33.29%, Test: 35.89%, Best Valid: 44.86%, Best Test: 43.34%
Epoch: 300, Loss: 0.2215, Train: 99.63%, Valid: 35.00%, Test: 34.76%, Best Valid: 44.86%, Best Test: 43.34%
Epoch: 400, Loss: 0.2515, Train: 99.44%, Valid: 31.71%, Test: 34.76%, Best Valid: 44.86%, Best Test: 43.34%
Epoch: 500, Loss: 0.1737, Train: 99.44%, Valid: 34.57%, Test: 35.67%, Best Valid: 44.86%, Best Test: 43.34%
Epoch: 600, Loss: 0.1852, Train: 99.44%, Valid: 33.29%, Test: 35.44%, Best Valid: 44.86%, Best Test: 43.34%
Epoch: 700, Loss: 0.1849, Train: 99.44%, Valid: 35.14%, Test: 37.92%, Best Valid: 44.86%, Best Test: 43.34%
Epoch: 800, Loss: 0.2044, Train: 99.54%, Valid: 32.43%, Test: 37.02%, Best Valid: 44.86%, Best Test: 43.34%
Epoch: 900, Loss: 0.2340, Train: 99.54%, Valid: 33.71%, Test: 37.70%, Best Valid: 44.86%, Best Test: 43.34%
Run 02:
Highest Train: 99.72
Highest Valid: 44.86
Highest Test: 45.60
Chosen epoch: 46
Final Train: 43.43
Final Test: 43.34
Epoch: 00, Loss: 1.8812, Train: 33.14%, Valid: 33.20%, Test: 37.33%, Best Valid: 33.20%, Best Test: 37.33%
Epoch: 100, Loss: 0.7701, Train: 73.26%, Valid: 36.36%, Test: 38.00%, Best Valid: 44.08%, Best Test: 46.67%
Epoch: 200, Loss: 0.3237, Train: 99.24%, Valid: 35.81%, Test: 33.33%, Best Valid: 44.08%, Best Test: 46.67%
Epoch: 300, Loss: 0.2166, Train: 99.62%, Valid: 35.40%, Test: 33.78%, Best Valid: 44.08%, Best Test: 46.67%
Epoch: 400, Loss: 0.2285, Train: 99.62%, Valid: 34.71%, Test: 36.89%, Best Valid: 44.08%, Best Test: 46.67%
Epoch: 500, Loss: 0.2076, Train: 99.52%, Valid: 33.61%, Test: 36.00%, Best Valid: 44.08%, Best Test: 46.67%
Epoch: 600, Loss: 0.1864, Train: 99.43%, Valid: 34.99%, Test: 36.22%, Best Valid: 44.08%, Best Test: 46.67%
Epoch: 700, Loss: 0.1940, Train: 99.71%, Valid: 34.30%, Test: 35.11%, Best Valid: 44.08%, Best Test: 46.67%
Epoch: 800, Loss: 0.2053, Train: 99.62%, Valid: 35.40%, Test: 35.33%, Best Valid: 44.08%, Best Test: 46.67%
Epoch: 900, Loss: 0.2349, Train: 99.33%, Valid: 33.61%, Test: 37.33%, Best Valid: 44.08%, Best Test: 46.67%
Run 03:
Highest Train: 99.90
Highest Valid: 44.08
Highest Test: 48.00
Chosen epoch: 67
Final Train: 49.95
Final Test: 46.67
Epoch: 00, Loss: 1.7797, Train: 33.30%, Valid: 34.08%, Test: 35.56%, Best Valid: 34.08%, Best Test: 35.56%
Epoch: 100, Loss: 0.7013, Train: 83.11%, Valid: 31.84%, Test: 35.56%, Best Valid: 42.92%, Best Test: 44.89%
Epoch: 200, Loss: 0.3308, Train: 97.17%, Valid: 34.22%, Test: 36.44%, Best Valid: 42.92%, Best Test: 44.89%
Epoch: 300, Loss: 0.1913, Train: 99.62%, Valid: 35.34%, Test: 40.00%, Best Valid: 42.92%, Best Test: 44.89%
Epoch: 400, Loss: 0.2265, Train: 99.62%, Valid: 35.62%, Test: 39.33%, Best Valid: 42.92%, Best Test: 44.89%
Epoch: 500, Loss: 0.2409, Train: 99.34%, Valid: 36.61%, Test: 37.56%, Best Valid: 42.92%, Best Test: 44.89%
Epoch: 600, Loss: 0.2314, Train: 99.43%, Valid: 36.33%, Test: 37.78%, Best Valid: 42.92%, Best Test: 44.89%
Epoch: 700, Loss: 0.2323, Train: 99.34%, Valid: 36.75%, Test: 36.22%, Best Valid: 42.92%, Best Test: 44.89%
Epoch: 800, Loss: 0.1985, Train: 99.62%, Valid: 34.92%, Test: 38.22%, Best Valid: 42.92%, Best Test: 44.89%
Epoch: 900, Loss: 0.2711, Train: 99.62%, Valid: 34.64%, Test: 37.33%, Best Valid: 42.92%, Best Test: 44.89%
Run 04:
Highest Train: 99.81
Highest Valid: 42.92
Highest Test: 46.00
Chosen epoch: 62
Final Train: 48.49
Final Test: 44.89
Epoch: 00, Loss: 1.7744, Train: 34.12%, Valid: 32.82%, Test: 35.63%, Best Valid: 32.82%, Best Test: 35.63%
Epoch: 100, Loss: 0.6351, Train: 86.64%, Valid: 32.55%, Test: 38.08%, Best Valid: 43.12%, Best Test: 44.32%
Epoch: 200, Loss: 0.2538, Train: 99.53%, Valid: 32.68%, Test: 34.30%, Best Valid: 43.12%, Best Test: 44.32%
Epoch: 300, Loss: 0.1818, Train: 99.53%, Valid: 32.82%, Test: 36.30%, Best Valid: 43.12%, Best Test: 44.32%
Epoch: 400, Loss: 0.2159, Train: 99.34%, Valid: 32.55%, Test: 33.41%, Best Valid: 43.12%, Best Test: 44.32%
Epoch: 500, Loss: 0.1957, Train: 99.24%, Valid: 31.02%, Test: 36.30%, Best Valid: 43.12%, Best Test: 44.32%
Epoch: 600, Loss: 0.1608, Train: 99.53%, Valid: 33.52%, Test: 36.30%, Best Valid: 43.12%, Best Test: 44.32%
Epoch: 700, Loss: 0.1796, Train: 99.43%, Valid: 32.82%, Test: 32.96%, Best Valid: 43.12%, Best Test: 44.32%
Epoch: 800, Loss: 0.2191, Train: 99.15%, Valid: 32.82%, Test: 34.74%, Best Valid: 43.12%, Best Test: 44.32%
Epoch: 900, Loss: 0.1880, Train: 99.34%, Valid: 34.63%, Test: 34.97%, Best Valid: 43.12%, Best Test: 44.32%
Run 05:
Highest Train: 99.81
Highest Valid: 43.12
Highest Test: 44.32
Chosen epoch: 58
Final Train: 44.74
Final Test: 44.32
All runs:
Highest Train: 99.81 ± 0.06
Highest Test: 45.59 ± 1.58
Highest Valid: 43.77 ± 0.78
  Final Train: 46.23 ± 2.82
   Final Test: 44.52 ± 1.37
Saving results to results/mlp_gnn_clamp/squirrel/MPNN_gcn.csv
Running MLP_REG lambda=0.01...
Namespace(bn=False, cpu=False, data_dir='./data/', dataset='squirrel', device=0, display_step=100, dropout=0.7, epochs=1000, gnn='gcn', hidden_channels=256, jk=False, label_num_per_class=20, lambda_val=0.01, ln=True, local_layers=4, lr=0.01, metric='acc', mlp_epochs=500, mlp_reg=True, model='MPNN', model_dir='./model/', num_heads=1, oracle_reg=False, pre_linear=False, pre_ln=False, rand_split=False, rand_split_class=False, reg_start_epoch=10, reg_update_freq=5, res=True, result_dir='results/mlp_gnn_clamp', runs=5, save_model=False, seed=42, test_num=1000, train_prop=0.5, use_reg=True, valid_num=500, valid_prop=0.25, weight_decay=0.0005)
squirrel
dataset squirrel | num nodes 2223 | num edge 46998 | num node feats 2089 | num classes 5
MODEL: MPNNs(
  (h_lins): ModuleList()
  (local_convs): ModuleList(
    (0): GCNConv(2089, 256)
    (1): GCNConv(256, 256)
    (2): GCNConv(256, 256)
    (3): GCNConv(256, 256)
  )
  (lins): ModuleList(
    (0): Linear(in_features=2089, out_features=256, bias=True)
    (1): Linear(in_features=256, out_features=256, bias=True)
    (2): Linear(in_features=256, out_features=256, bias=True)
    (3): Linear(in_features=256, out_features=256, bias=True)
  )
  (lns): ModuleList(
    (0): LayerNorm((256,), eps=1e-05, elementwise_affine=True)
    (1): LayerNorm((256,), eps=1e-05, elementwise_affine=True)
    (2): LayerNorm((256,), eps=1e-05, elementwise_affine=True)
    (3): LayerNorm((256,), eps=1e-05, elementwise_affine=True)
  )
  (bns): ModuleList(
    (0): BatchNorm1d(256, eps=1e-05, momentum=0.1, affine=True, track_running_stats=True)
    (1): BatchNorm1d(256, eps=1e-05, momentum=0.1, affine=True, track_running_stats=True)
    (2): BatchNorm1d(256, eps=1e-05, momentum=0.1, affine=True, track_running_stats=True)
    (3): BatchNorm1d(256, eps=1e-05, momentum=0.1, affine=True, track_running_stats=True)
  )
  (lin_in): Linear(in_features=2089, out_features=256, bias=True)
  (pred_local): Linear(in_features=256, out_features=5, bias=True)
)
Pre-training MLP for 500 epochs to generate co-occurrence matrix...
MLP pre-training complete. Penalty matrix frozen.
Epoch: 00, Loss: 1.8273, Train: 32.95%, Valid: 35.10%, Test: 34.73%, Best Valid: 35.10%, Best Test: 34.73%
Epoch: 100, Loss: 0.7787, Train: 78.16%, Valid: 36.91%, Test: 39.60%, Best Valid: 43.18%, Best Test: 43.14%
Epoch: 200, Loss: 0.3049, Train: 99.43%, Valid: 33.70%, Test: 35.18%, Best Valid: 43.18%, Best Test: 43.14%
Epoch: 300, Loss: 0.2607, Train: 99.62%, Valid: 36.21%, Test: 36.95%, Best Valid: 43.18%, Best Test: 43.14%
Epoch: 400, Loss: 0.2028, Train: 99.72%, Valid: 33.57%, Test: 40.04%, Best Valid: 43.18%, Best Test: 43.14%
Epoch: 500, Loss: 0.2202, Train: 99.34%, Valid: 34.68%, Test: 38.50%, Best Valid: 43.18%, Best Test: 43.14%
Epoch: 600, Loss: 0.2341, Train: 99.53%, Valid: 33.15%, Test: 38.50%, Best Valid: 43.18%, Best Test: 43.14%
Epoch: 700, Loss: 0.2150, Train: 99.72%, Valid: 33.70%, Test: 38.94%, Best Valid: 43.18%, Best Test: 43.14%
Epoch: 800, Loss: 0.1685, Train: 99.53%, Valid: 33.98%, Test: 38.72%, Best Valid: 43.18%, Best Test: 43.14%
Epoch: 900, Loss: 0.1931, Train: 99.72%, Valid: 36.21%, Test: 38.72%, Best Valid: 43.18%, Best Test: 43.14%
Run 01:
Highest Train: 99.81
Highest Valid: 43.18
Highest Test: 44.25
Chosen epoch: 61
Final Train: 43.02
Final Test: 43.14
Pre-training MLP for 500 epochs to generate co-occurrence matrix...
MLP pre-training complete. Penalty matrix frozen.
Epoch: 00, Loss: 1.8292, Train: 32.22%, Valid: 35.57%, Test: 35.89%, Best Valid: 35.57%, Best Test: 35.89%
Epoch: 100, Loss: 0.7040, Train: 88.43%, Valid: 36.86%, Test: 37.25%, Best Valid: 44.29%, Best Test: 43.57%
Epoch: 200, Loss: 0.2833, Train: 99.35%, Valid: 34.14%, Test: 35.44%, Best Valid: 44.29%, Best Test: 43.57%
Epoch: 300, Loss: 0.1770, Train: 99.54%, Valid: 34.57%, Test: 35.67%, Best Valid: 44.29%, Best Test: 43.57%
Epoch: 400, Loss: 0.1953, Train: 99.72%, Valid: 36.00%, Test: 35.21%, Best Valid: 44.29%, Best Test: 43.57%
Epoch: 500, Loss: 0.1781, Train: 99.63%, Valid: 34.57%, Test: 37.02%, Best Valid: 44.29%, Best Test: 43.57%
Epoch: 600, Loss: 0.2672, Train: 99.63%, Valid: 36.00%, Test: 38.60%, Best Valid: 44.29%, Best Test: 43.57%
Epoch: 700, Loss: 0.1852, Train: 99.63%, Valid: 35.14%, Test: 34.09%, Best Valid: 44.29%, Best Test: 43.57%
Epoch: 800, Loss: 0.1619, Train: 99.72%, Valid: 34.86%, Test: 39.05%, Best Valid: 44.29%, Best Test: 43.57%
Epoch: 900, Loss: 0.1832, Train: 99.72%, Valid: 34.71%, Test: 35.89%, Best Valid: 44.29%, Best Test: 43.57%
Run 02:
Highest Train: 99.81
Highest Valid: 44.29
Highest Test: 45.37
Chosen epoch: 55
Final Train: 42.69
Final Test: 43.57
Pre-training MLP for 500 epochs to generate co-occurrence matrix...
MLP pre-training complete. Penalty matrix frozen.
Epoch: 00, Loss: 1.8053, Train: 33.14%, Valid: 33.20%, Test: 37.33%, Best Valid: 33.20%, Best Test: 37.33%
Epoch: 100, Loss: 0.9100, Train: 62.94%, Valid: 35.67%, Test: 40.00%, Best Valid: 43.39%, Best Test: 47.56%
Epoch: 200, Loss: 0.3938, Train: 97.23%, Valid: 35.81%, Test: 33.33%, Best Valid: 43.39%, Best Test: 47.56%
Epoch: 300, Loss: 0.3104, Train: 99.43%, Valid: 35.40%, Test: 33.11%, Best Valid: 43.39%, Best Test: 47.56%
Epoch: 400, Loss: 0.2244, Train: 99.52%, Valid: 35.54%, Test: 38.22%, Best Valid: 43.39%, Best Test: 47.56%
Epoch: 500, Loss: 0.2430, Train: 99.43%, Valid: 37.60%, Test: 36.67%, Best Valid: 43.39%, Best Test: 47.56%
Epoch: 600, Loss: 0.2690, Train: 99.52%, Valid: 34.02%, Test: 31.56%, Best Valid: 43.39%, Best Test: 47.56%
Epoch: 700, Loss: 0.2091, Train: 99.71%, Valid: 34.85%, Test: 33.78%, Best Valid: 43.39%, Best Test: 47.56%
Epoch: 800, Loss: 0.2367, Train: 99.52%, Valid: 34.85%, Test: 34.22%, Best Valid: 43.39%, Best Test: 47.56%
Epoch: 900, Loss: 0.2300, Train: 99.43%, Valid: 34.85%, Test: 34.44%, Best Valid: 43.39%, Best Test: 47.56%
Run 03:
Highest Train: 99.81
Highest Valid: 43.39
Highest Test: 47.56
Chosen epoch: 67
Final Train: 42.98
Final Test: 47.56
Pre-training MLP for 500 epochs to generate co-occurrence matrix...
MLP pre-training complete. Penalty matrix frozen.
Epoch: 00, Loss: 1.8862, Train: 33.30%, Valid: 34.08%, Test: 35.56%, Best Valid: 34.08%, Best Test: 35.56%
Epoch: 100, Loss: 0.8075, Train: 85.57%, Valid: 36.04%, Test: 35.11%, Best Valid: 42.50%, Best Test: 44.67%
Epoch: 200, Loss: 0.2943, Train: 99.34%, Valid: 33.10%, Test: 36.44%, Best Valid: 42.50%, Best Test: 44.67%
Epoch: 300, Loss: 0.2018, Train: 99.62%, Valid: 35.20%, Test: 36.44%, Best Valid: 42.50%, Best Test: 44.67%
Epoch: 400, Loss: 0.1809, Train: 99.62%, Valid: 35.76%, Test: 38.89%, Best Valid: 42.50%, Best Test: 44.67%
Epoch: 500, Loss: 0.1792, Train: 99.72%, Valid: 34.36%, Test: 36.89%, Best Valid: 42.50%, Best Test: 44.67%
Epoch: 600, Loss: 0.2344, Train: 99.53%, Valid: 35.34%, Test: 36.00%, Best Valid: 42.50%, Best Test: 44.67%
Epoch: 700, Loss: 0.1670, Train: 99.53%, Valid: 35.06%, Test: 35.56%, Best Valid: 42.50%, Best Test: 44.67%
Epoch: 800, Loss: 0.1907, Train: 99.43%, Valid: 36.04%, Test: 35.11%, Best Valid: 42.50%, Best Test: 44.67%
Epoch: 900, Loss: 0.1987, Train: 99.53%, Valid: 34.64%, Test: 36.00%, Best Valid: 42.50%, Best Test: 44.67%
Run 04:
Highest Train: 99.91
Highest Valid: 42.50
Highest Test: 44.89
Chosen epoch: 64
Final Train: 43.49
Final Test: 44.67
Pre-training MLP for 500 epochs to generate co-occurrence matrix...
MLP pre-training complete. Penalty matrix frozen.
Epoch: 00, Loss: 1.8473, Train: 34.12%, Valid: 32.82%, Test: 35.63%, Best Valid: 32.82%, Best Test: 35.63%
Epoch: 100, Loss: 0.6345, Train: 86.73%, Valid: 31.85%, Test: 35.86%, Best Valid: 41.86%, Best Test: 42.09%
Epoch: 200, Loss: 0.3476, Train: 97.91%, Valid: 31.43%, Test: 36.08%, Best Valid: 41.86%, Best Test: 42.09%
Epoch: 300, Loss: 0.2256, Train: 99.53%, Valid: 32.27%, Test: 34.52%, Best Valid: 41.86%, Best Test: 42.09%
Epoch: 400, Loss: 0.2258, Train: 99.34%, Valid: 32.27%, Test: 36.08%, Best Valid: 41.86%, Best Test: 42.09%
Epoch: 500, Loss: 0.1759, Train: 99.43%, Valid: 31.85%, Test: 37.19%, Best Valid: 41.86%, Best Test: 42.09%
Epoch: 600, Loss: 0.2487, Train: 99.53%, Valid: 33.80%, Test: 34.52%, Best Valid: 41.86%, Best Test: 42.09%
Epoch: 700, Loss: 0.2734, Train: 99.53%, Valid: 34.77%, Test: 38.53%, Best Valid: 41.86%, Best Test: 42.09%
Epoch: 800, Loss: 0.2247, Train: 99.53%, Valid: 32.96%, Test: 36.53%, Best Valid: 41.86%, Best Test: 42.09%
Epoch: 900, Loss: 0.2444, Train: 99.53%, Valid: 33.38%, Test: 34.08%, Best Valid: 41.86%, Best Test: 42.09%
Run 05:
Highest Train: 99.81
Highest Valid: 41.86
Highest Test: 45.43
Chosen epoch: 37
Final Train: 41.33
Final Test: 42.09
All runs:
Highest Train: 99.83 ± 0.04
Highest Test: 45.50 ± 1.24
Highest Valid: 43.04 ± 0.92
  Final Train: 42.70 ± 0.82
   Final Test: 44.20 ± 2.09
Saving results to results/mlp_gnn_clamp/squirrel/MPNN_gcn.csv
Running MLP_REG lambda=0.1...
Namespace(bn=False, cpu=False, data_dir='./data/', dataset='squirrel', device=0, display_step=100, dropout=0.7, epochs=1000, gnn='gcn', hidden_channels=256, jk=False, label_num_per_class=20, lambda_val=0.1, ln=True, local_layers=4, lr=0.01, metric='acc', mlp_epochs=500, mlp_reg=True, model='MPNN', model_dir='./model/', num_heads=1, oracle_reg=False, pre_linear=False, pre_ln=False, rand_split=False, rand_split_class=False, reg_start_epoch=10, reg_update_freq=5, res=True, result_dir='results/mlp_gnn_clamp', runs=5, save_model=False, seed=42, test_num=1000, train_prop=0.5, use_reg=True, valid_num=500, valid_prop=0.25, weight_decay=0.0005)
squirrel
dataset squirrel | num nodes 2223 | num edge 46998 | num node feats 2089 | num classes 5
MODEL: MPNNs(
  (h_lins): ModuleList()
  (local_convs): ModuleList(
    (0): GCNConv(2089, 256)
    (1): GCNConv(256, 256)
    (2): GCNConv(256, 256)
    (3): GCNConv(256, 256)
  )
  (lins): ModuleList(
    (0): Linear(in_features=2089, out_features=256, bias=True)
    (1): Linear(in_features=256, out_features=256, bias=True)
    (2): Linear(in_features=256, out_features=256, bias=True)
    (3): Linear(in_features=256, out_features=256, bias=True)
  )
  (lns): ModuleList(
    (0): LayerNorm((256,), eps=1e-05, elementwise_affine=True)
    (1): LayerNorm((256,), eps=1e-05, elementwise_affine=True)
    (2): LayerNorm((256,), eps=1e-05, elementwise_affine=True)
    (3): LayerNorm((256,), eps=1e-05, elementwise_affine=True)
  )
  (bns): ModuleList(
    (0): BatchNorm1d(256, eps=1e-05, momentum=0.1, affine=True, track_running_stats=True)
    (1): BatchNorm1d(256, eps=1e-05, momentum=0.1, affine=True, track_running_stats=True)
    (2): BatchNorm1d(256, eps=1e-05, momentum=0.1, affine=True, track_running_stats=True)
    (3): BatchNorm1d(256, eps=1e-05, momentum=0.1, affine=True, track_running_stats=True)
  )
  (lin_in): Linear(in_features=2089, out_features=256, bias=True)
  (pred_local): Linear(in_features=256, out_features=5, bias=True)
)
Pre-training MLP for 500 epochs to generate co-occurrence matrix...
MLP pre-training complete. Penalty matrix frozen.
Epoch: 00, Loss: 1.9902, Train: 32.95%, Valid: 35.10%, Test: 34.73%, Best Valid: 35.10%, Best Test: 34.73%
Epoch: 100, Loss: 0.8598, Train: 77.49%, Valid: 36.21%, Test: 39.38%, Best Valid: 42.34%, Best Test: 43.14%
Epoch: 200, Loss: 0.3245, Train: 99.53%, Valid: 32.73%, Test: 37.83%, Best Valid: 42.34%, Best Test: 43.14%
Epoch: 300, Loss: 0.2650, Train: 99.62%, Valid: 31.48%, Test: 36.73%, Best Valid: 42.34%, Best Test: 43.14%
Epoch: 400, Loss: 0.2134, Train: 99.72%, Valid: 34.82%, Test: 39.38%, Best Valid: 42.34%, Best Test: 43.14%
Epoch: 500, Loss: 0.2089, Train: 99.72%, Valid: 36.49%, Test: 38.94%, Best Valid: 42.34%, Best Test: 43.14%
Epoch: 600, Loss: 0.2795, Train: 99.53%, Valid: 33.57%, Test: 36.28%, Best Valid: 42.34%, Best Test: 43.14%
Epoch: 700, Loss: 0.2465, Train: 99.62%, Valid: 34.68%, Test: 37.83%, Best Valid: 42.34%, Best Test: 43.14%
Epoch: 800, Loss: 0.2035, Train: 99.62%, Valid: 34.26%, Test: 39.16%, Best Valid: 42.34%, Best Test: 43.14%
Epoch: 900, Loss: 0.2096, Train: 99.53%, Valid: 34.96%, Test: 38.72%, Best Valid: 42.34%, Best Test: 43.14%
Run 01:
Highest Train: 99.81
Highest Valid: 42.34
Highest Test: 45.35
Chosen epoch: 63
Final Train: 44.35
Final Test: 43.14
Pre-training MLP for 500 epochs to generate co-occurrence matrix...
MLP pre-training complete. Penalty matrix frozen.
Epoch: 00, Loss: 1.9922, Train: 32.22%, Valid: 35.57%, Test: 35.89%, Best Valid: 35.57%, Best Test: 35.89%
Epoch: 100, Loss: 0.7021, Train: 83.52%, Valid: 37.71%, Test: 38.60%, Best Valid: 44.43%, Best Test: 43.34%
Epoch: 200, Loss: 0.2794, Train: 99.63%, Valid: 34.71%, Test: 34.54%, Best Valid: 44.43%, Best Test: 43.34%
Epoch: 300, Loss: 0.2663, Train: 99.54%, Valid: 32.43%, Test: 33.41%, Best Valid: 44.43%, Best Test: 43.34%
Epoch: 400, Loss: 0.2326, Train: 99.63%, Valid: 36.43%, Test: 34.99%, Best Valid: 44.43%, Best Test: 43.34%
Epoch: 500, Loss: 0.1791, Train: 99.54%, Valid: 34.86%, Test: 35.21%, Best Valid: 44.43%, Best Test: 43.34%
Epoch: 600, Loss: 0.1586, Train: 99.54%, Valid: 36.57%, Test: 34.76%, Best Valid: 44.43%, Best Test: 43.34%
Epoch: 700, Loss: 0.2353, Train: 99.72%, Valid: 32.57%, Test: 34.54%, Best Valid: 44.43%, Best Test: 43.34%
Epoch: 800, Loss: 0.2145, Train: 99.54%, Valid: 34.29%, Test: 36.79%, Best Valid: 44.43%, Best Test: 43.34%
Epoch: 900, Loss: 0.2400, Train: 99.54%, Valid: 36.43%, Test: 36.34%, Best Valid: 44.43%, Best Test: 43.34%
Run 02:
Highest Train: 99.81
Highest Valid: 44.43
Highest Test: 44.24
Chosen epoch: 57
Final Train: 43.80
Final Test: 43.34
Pre-training MLP for 500 epochs to generate co-occurrence matrix...
MLP pre-training complete. Penalty matrix frozen.
Epoch: 00, Loss: 1.9661, Train: 33.14%, Valid: 33.20%, Test: 37.33%, Best Valid: 33.20%, Best Test: 37.33%
Epoch: 100, Loss: 0.9740, Train: 67.81%, Valid: 37.05%, Test: 41.56%, Best Valid: 41.87%, Best Test: 47.11%
Epoch: 200, Loss: 0.4260, Train: 98.28%, Valid: 35.67%, Test: 34.22%, Best Valid: 41.87%, Best Test: 47.11%
Epoch: 300, Loss: 0.2651, Train: 99.52%, Valid: 35.26%, Test: 31.78%, Best Valid: 41.87%, Best Test: 47.11%
Epoch: 400, Loss: 0.2638, Train: 99.33%, Valid: 34.57%, Test: 36.44%, Best Valid: 41.87%, Best Test: 47.11%
Epoch: 500, Loss: 0.2150, Train: 99.52%, Valid: 37.33%, Test: 34.67%, Best Valid: 41.87%, Best Test: 47.11%
Epoch: 600, Loss: 0.2295, Train: 99.62%, Valid: 35.12%, Test: 35.11%, Best Valid: 41.87%, Best Test: 47.11%
Epoch: 700, Loss: 0.2281, Train: 99.71%, Valid: 35.26%, Test: 35.33%, Best Valid: 41.87%, Best Test: 47.11%
Epoch: 800, Loss: 0.2660, Train: 99.33%, Valid: 36.50%, Test: 37.78%, Best Valid: 41.87%, Best Test: 47.11%
Epoch: 900, Loss: 0.2433, Train: 99.62%, Valid: 35.95%, Test: 33.78%, Best Valid: 41.87%, Best Test: 47.11%
Run 03:
Highest Train: 99.81
Highest Valid: 41.87
Highest Test: 47.56
Chosen epoch: 70
Final Train: 45.46
Final Test: 47.11
Pre-training MLP for 500 epochs to generate co-occurrence matrix...
MLP pre-training complete. Penalty matrix frozen.
Epoch: 00, Loss: 2.0543, Train: 33.30%, Valid: 34.08%, Test: 35.56%, Best Valid: 34.08%, Best Test: 35.56%
Epoch: 100, Loss: 0.9415, Train: 75.57%, Valid: 38.15%, Test: 39.78%, Best Valid: 42.50%, Best Test: 41.33%
Epoch: 200, Loss: 0.4455, Train: 91.98%, Valid: 33.80%, Test: 33.56%, Best Valid: 42.50%, Best Test: 41.33%
Epoch: 300, Loss: 0.2942, Train: 98.77%, Valid: 34.36%, Test: 36.67%, Best Valid: 42.50%, Best Test: 41.33%
Epoch: 400, Loss: 0.3489, Train: 99.53%, Valid: 35.48%, Test: 37.78%, Best Valid: 42.50%, Best Test: 41.33%
Epoch: 500, Loss: 0.2605, Train: 99.62%, Valid: 36.47%, Test: 37.56%, Best Valid: 42.50%, Best Test: 41.33%
Epoch: 600, Loss: 0.2152, Train: 99.53%, Valid: 34.92%, Test: 39.11%, Best Valid: 42.50%, Best Test: 41.33%
Epoch: 700, Loss: 0.3128, Train: 99.62%, Valid: 37.17%, Test: 35.56%, Best Valid: 42.50%, Best Test: 41.33%
Epoch: 800, Loss: 0.2068, Train: 99.62%, Valid: 37.59%, Test: 36.89%, Best Valid: 42.50%, Best Test: 41.33%
Epoch: 900, Loss: 0.2287, Train: 99.62%, Valid: 35.48%, Test: 34.44%, Best Valid: 42.50%, Best Test: 41.33%
Run 04:
Highest Train: 99.91
Highest Valid: 42.50
Highest Test: 44.89
Chosen epoch: 84
Final Train: 54.06
Final Test: 41.33
Pre-training MLP for 500 epochs to generate co-occurrence matrix...
MLP pre-training complete. Penalty matrix frozen.
Epoch: 00, Loss: 2.0119, Train: 34.12%, Valid: 32.82%, Test: 35.63%, Best Valid: 32.82%, Best Test: 35.63%
Epoch: 100, Loss: 0.6490, Train: 87.68%, Valid: 34.08%, Test: 36.08%, Best Valid: 41.86%, Best Test: 42.09%
Epoch: 200, Loss: 0.3812, Train: 99.24%, Valid: 31.43%, Test: 32.52%, Best Valid: 41.86%, Best Test: 42.09%
Epoch: 300, Loss: 0.2557, Train: 99.62%, Valid: 31.15%, Test: 34.08%, Best Valid: 41.86%, Best Test: 42.09%
Epoch: 400, Loss: 0.2545, Train: 99.53%, Valid: 33.10%, Test: 35.86%, Best Valid: 41.86%, Best Test: 42.09%
Epoch: 500, Loss: 0.2098, Train: 99.53%, Valid: 31.99%, Test: 34.97%, Best Valid: 41.86%, Best Test: 42.09%
Epoch: 600, Loss: 0.2746, Train: 99.24%, Valid: 32.41%, Test: 33.63%, Best Valid: 41.86%, Best Test: 42.09%
Epoch: 700, Loss: 0.2344, Train: 99.34%, Valid: 32.96%, Test: 35.86%, Best Valid: 41.86%, Best Test: 42.09%
Epoch: 800, Loss: 0.2266, Train: 99.53%, Valid: 34.77%, Test: 35.63%, Best Valid: 41.86%, Best Test: 42.09%
Epoch: 900, Loss: 0.2193, Train: 99.62%, Valid: 32.41%, Test: 36.30%, Best Valid: 41.86%, Best Test: 42.09%
Run 05:
Highest Train: 99.81
Highest Valid: 41.86
Highest Test: 44.99
Chosen epoch: 48
Final Train: 43.79
Final Test: 42.09
All runs:
Highest Train: 99.83 ± 0.04
Highest Test: 45.41 ± 1.27
Highest Valid: 42.60 ± 1.06
  Final Train: 46.29 ± 4.39
   Final Test: 43.40 ± 2.23
Saving results to results/mlp_gnn_clamp/squirrel/MPNN_gcn.csv
Running MLP_REG lambda=0.2...
Namespace(bn=False, cpu=False, data_dir='./data/', dataset='squirrel', device=0, display_step=100, dropout=0.7, epochs=1000, gnn='gcn', hidden_channels=256, jk=False, label_num_per_class=20, lambda_val=0.2, ln=True, local_layers=4, lr=0.01, metric='acc', mlp_epochs=500, mlp_reg=True, model='MPNN', model_dir='./model/', num_heads=1, oracle_reg=False, pre_linear=False, pre_ln=False, rand_split=False, rand_split_class=False, reg_start_epoch=10, reg_update_freq=5, res=True, result_dir='results/mlp_gnn_clamp', runs=5, save_model=False, seed=42, test_num=1000, train_prop=0.5, use_reg=True, valid_num=500, valid_prop=0.25, weight_decay=0.0005)
squirrel
dataset squirrel | num nodes 2223 | num edge 46998 | num node feats 2089 | num classes 5
MODEL: MPNNs(
  (h_lins): ModuleList()
  (local_convs): ModuleList(
    (0): GCNConv(2089, 256)
    (1): GCNConv(256, 256)
    (2): GCNConv(256, 256)
    (3): GCNConv(256, 256)
  )
  (lins): ModuleList(
    (0): Linear(in_features=2089, out_features=256, bias=True)
    (1): Linear(in_features=256, out_features=256, bias=True)
    (2): Linear(in_features=256, out_features=256, bias=True)
    (3): Linear(in_features=256, out_features=256, bias=True)
  )
  (lns): ModuleList(
    (0): LayerNorm((256,), eps=1e-05, elementwise_affine=True)
    (1): LayerNorm((256,), eps=1e-05, elementwise_affine=True)
    (2): LayerNorm((256,), eps=1e-05, elementwise_affine=True)
    (3): LayerNorm((256,), eps=1e-05, elementwise_affine=True)
  )
  (bns): ModuleList(
    (0): BatchNorm1d(256, eps=1e-05, momentum=0.1, affine=True, track_running_stats=True)
    (1): BatchNorm1d(256, eps=1e-05, momentum=0.1, affine=True, track_running_stats=True)
    (2): BatchNorm1d(256, eps=1e-05, momentum=0.1, affine=True, track_running_stats=True)
    (3): BatchNorm1d(256, eps=1e-05, momentum=0.1, affine=True, track_running_stats=True)
  )
  (lin_in): Linear(in_features=2089, out_features=256, bias=True)
  (pred_local): Linear(in_features=256, out_features=5, bias=True)
)
Pre-training MLP for 500 epochs to generate co-occurrence matrix...
MLP pre-training complete. Penalty matrix frozen.
Epoch: 00, Loss: 2.1711, Train: 32.95%, Valid: 35.10%, Test: 34.73%, Best Valid: 35.10%, Best Test: 34.73%
Epoch: 100, Loss: 0.9978, Train: 74.26%, Valid: 37.74%, Test: 42.04%, Best Valid: 42.48%, Best Test: 43.58%
Epoch: 200, Loss: 0.4061, Train: 99.62%, Valid: 33.70%, Test: 32.96%, Best Valid: 42.48%, Best Test: 43.58%
Epoch: 300, Loss: 0.2745, Train: 99.62%, Valid: 32.03%, Test: 36.28%, Best Valid: 42.48%, Best Test: 43.58%
Epoch: 400, Loss: 0.2711, Train: 99.34%, Valid: 35.24%, Test: 38.94%, Best Valid: 42.48%, Best Test: 43.58%
Epoch: 500, Loss: 0.2741, Train: 99.62%, Valid: 34.68%, Test: 37.61%, Best Valid: 42.48%, Best Test: 43.58%
Epoch: 600, Loss: 0.2463, Train: 99.53%, Valid: 32.87%, Test: 38.94%, Best Valid: 42.48%, Best Test: 43.58%
Epoch: 700, Loss: 0.2163, Train: 99.72%, Valid: 33.98%, Test: 39.16%, Best Valid: 42.48%, Best Test: 43.58%
Epoch: 800, Loss: 0.3064, Train: 99.62%, Valid: 33.29%, Test: 36.73%, Best Valid: 42.48%, Best Test: 43.58%
Epoch: 900, Loss: 0.2653, Train: 99.72%, Valid: 34.82%, Test: 36.95%, Best Valid: 42.48%, Best Test: 43.58%
Run 01:
Highest Train: 99.81
Highest Valid: 42.48
Highest Test: 43.81
Chosen epoch: 65
Final Train: 43.87
Final Test: 43.58
Pre-training MLP for 500 epochs to generate co-occurrence matrix...
MLP pre-training complete. Penalty matrix frozen.
Epoch: 00, Loss: 2.1733, Train: 32.22%, Valid: 35.57%, Test: 35.89%, Best Valid: 35.57%, Best Test: 35.89%
Epoch: 100, Loss: 0.9407, Train: 83.43%, Valid: 39.00%, Test: 38.37%, Best Valid: 43.43%, Best Test: 42.44%
Epoch: 200, Loss: 0.3323, Train: 99.35%, Valid: 33.71%, Test: 36.12%, Best Valid: 43.43%, Best Test: 42.44%
Epoch: 300, Loss: 0.3134, Train: 99.63%, Valid: 36.86%, Test: 35.21%, Best Valid: 43.43%, Best Test: 42.44%
Epoch: 400, Loss: 0.2826, Train: 99.72%, Valid: 34.86%, Test: 34.31%, Best Valid: 43.43%, Best Test: 42.44%
Epoch: 500, Loss: 0.2543, Train: 99.63%, Valid: 36.00%, Test: 35.89%, Best Valid: 43.43%, Best Test: 42.44%
Epoch: 600, Loss: 0.2007, Train: 99.63%, Valid: 35.14%, Test: 38.15%, Best Valid: 43.43%, Best Test: 42.44%
Epoch: 700, Loss: 0.3094, Train: 99.44%, Valid: 36.29%, Test: 37.70%, Best Valid: 43.43%, Best Test: 42.44%
Epoch: 800, Loss: 0.2255, Train: 99.63%, Valid: 35.43%, Test: 37.70%, Best Valid: 43.43%, Best Test: 42.44%
Epoch: 900, Loss: 0.2455, Train: 99.63%, Valid: 35.57%, Test: 35.67%, Best Valid: 43.43%, Best Test: 42.44%
Run 02:
Highest Train: 99.81
Highest Valid: 43.43
Highest Test: 44.70
Chosen epoch: 44
Final Train: 39.26
Final Test: 42.44
Pre-training MLP for 500 epochs to generate co-occurrence matrix...
MLP pre-training complete. Penalty matrix frozen.
Epoch: 00, Loss: 2.1449, Train: 33.14%, Valid: 33.20%, Test: 37.33%, Best Valid: 33.20%, Best Test: 37.33%
Epoch: 100, Loss: 1.0694, Train: 64.37%, Valid: 35.54%, Test: 37.56%, Best Valid: 43.11%, Best Test: 43.78%
Epoch: 200, Loss: 0.4692, Train: 96.75%, Valid: 34.99%, Test: 36.67%, Best Valid: 43.11%, Best Test: 43.78%
Epoch: 300, Loss: 0.2686, Train: 99.43%, Valid: 34.44%, Test: 38.67%, Best Valid: 43.11%, Best Test: 43.78%
Epoch: 400, Loss: 0.2459, Train: 99.33%, Valid: 34.30%, Test: 34.22%, Best Valid: 43.11%, Best Test: 43.78%
Epoch: 500, Loss: 0.2463, Train: 99.62%, Valid: 36.23%, Test: 35.78%, Best Valid: 43.11%, Best Test: 43.78%
Epoch: 600, Loss: 0.2816, Train: 99.62%, Valid: 34.44%, Test: 34.89%, Best Valid: 43.11%, Best Test: 43.78%
Epoch: 700, Loss: 0.2464, Train: 99.43%, Valid: 35.40%, Test: 35.33%, Best Valid: 43.11%, Best Test: 43.78%
Epoch: 800, Loss: 0.2877, Train: 99.62%, Valid: 33.75%, Test: 37.78%, Best Valid: 43.11%, Best Test: 43.78%
Epoch: 900, Loss: 0.2571, Train: 99.52%, Valid: 37.05%, Test: 39.56%, Best Valid: 43.11%, Best Test: 43.78%
Run 03:
Highest Train: 99.90
Highest Valid: 43.11
Highest Test: 46.00
Chosen epoch: 74
Final Train: 50.33
Final Test: 43.78
Pre-training MLP for 500 epochs to generate co-occurrence matrix...
MLP pre-training complete. Penalty matrix frozen.
Epoch: 00, Loss: 2.2411, Train: 33.30%, Valid: 34.08%, Test: 35.56%, Best Valid: 34.08%, Best Test: 35.56%
Epoch: 100, Loss: 1.0279, Train: 79.81%, Valid: 35.20%, Test: 38.89%, Best Valid: 42.08%, Best Test: 42.22%
Epoch: 200, Loss: 0.4798, Train: 95.85%, Valid: 34.78%, Test: 34.89%, Best Valid: 42.08%, Best Test: 42.22%
Epoch: 300, Loss: 0.3148, Train: 99.43%, Valid: 34.92%, Test: 35.56%, Best Valid: 42.08%, Best Test: 42.22%
Epoch: 400, Loss: 0.2553, Train: 99.72%, Valid: 34.64%, Test: 34.89%, Best Valid: 42.08%, Best Test: 42.22%
Epoch: 500, Loss: 0.2778, Train: 99.62%, Valid: 36.47%, Test: 36.67%, Best Valid: 42.08%, Best Test: 42.22%
Epoch: 600, Loss: 0.2164, Train: 99.72%, Valid: 33.66%, Test: 36.22%, Best Valid: 42.08%, Best Test: 42.22%
Epoch: 700, Loss: 0.2578, Train: 99.72%, Valid: 35.90%, Test: 36.67%, Best Valid: 42.08%, Best Test: 42.22%
Epoch: 800, Loss: 0.2575, Train: 99.43%, Valid: 34.50%, Test: 35.33%, Best Valid: 42.08%, Best Test: 42.22%
Epoch: 900, Loss: 0.3031, Train: 99.43%, Valid: 35.90%, Test: 36.44%, Best Valid: 42.08%, Best Test: 42.22%
Run 04:
Highest Train: 100.00
Highest Valid: 42.08
Highest Test: 45.11
Chosen epoch: 71
Final Train: 47.55
Final Test: 42.22
Pre-training MLP for 500 epochs to generate co-occurrence matrix...
MLP pre-training complete. Penalty matrix frozen.
Epoch: 00, Loss: 2.1948, Train: 34.12%, Valid: 32.82%, Test: 35.63%, Best Valid: 32.82%, Best Test: 35.63%
Epoch: 100, Loss: 0.6777, Train: 91.37%, Valid: 32.82%, Test: 37.42%, Best Valid: 42.14%, Best Test: 43.88%
Epoch: 200, Loss: 0.3532, Train: 99.43%, Valid: 31.85%, Test: 35.86%, Best Valid: 42.14%, Best Test: 43.88%
Epoch: 300, Loss: 0.2487, Train: 99.53%, Valid: 30.88%, Test: 35.19%, Best Valid: 42.14%, Best Test: 43.88%
Epoch: 400, Loss: 0.2429, Train: 99.62%, Valid: 30.60%, Test: 36.30%, Best Valid: 42.14%, Best Test: 43.88%
Epoch: 500, Loss: 0.2860, Train: 99.15%, Valid: 33.66%, Test: 33.85%, Best Valid: 42.14%, Best Test: 43.88%
Epoch: 600, Loss: 0.2242, Train: 99.43%, Valid: 34.21%, Test: 34.97%, Best Valid: 42.14%, Best Test: 43.88%
Epoch: 700, Loss: 0.2900, Train: 99.24%, Valid: 32.55%, Test: 34.30%, Best Valid: 42.14%, Best Test: 43.88%
Epoch: 800, Loss: 0.2103, Train: 99.34%, Valid: 31.43%, Test: 34.30%, Best Valid: 42.14%, Best Test: 43.88%
Epoch: 900, Loss: 0.2720, Train: 99.34%, Valid: 31.57%, Test: 35.41%, Best Valid: 42.14%, Best Test: 43.88%
Run 05:
Highest Train: 99.81
Highest Valid: 42.14
Highest Test: 44.99
Chosen epoch: 52
Final Train: 45.50
Final Test: 43.88
All runs:
Highest Train: 99.87 ± 0.08
Highest Test: 44.92 ± 0.79
Highest Valid: 42.65 ± 0.60
  Final Train: 45.30 ± 4.15
   Final Test: 43.18 ± 0.79
Saving results to results/mlp_gnn_clamp/squirrel/MPNN_gcn.csv
Running MLP_REG lambda=0.4...
Namespace(bn=False, cpu=False, data_dir='./data/', dataset='squirrel', device=0, display_step=100, dropout=0.7, epochs=1000, gnn='gcn', hidden_channels=256, jk=False, label_num_per_class=20, lambda_val=0.4, ln=True, local_layers=4, lr=0.01, metric='acc', mlp_epochs=500, mlp_reg=True, model='MPNN', model_dir='./model/', num_heads=1, oracle_reg=False, pre_linear=False, pre_ln=False, rand_split=False, rand_split_class=False, reg_start_epoch=10, reg_update_freq=5, res=True, result_dir='results/mlp_gnn_clamp', runs=5, save_model=False, seed=42, test_num=1000, train_prop=0.5, use_reg=True, valid_num=500, valid_prop=0.25, weight_decay=0.0005)
squirrel
dataset squirrel | num nodes 2223 | num edge 46998 | num node feats 2089 | num classes 5
MODEL: MPNNs(
  (h_lins): ModuleList()
  (local_convs): ModuleList(
    (0): GCNConv(2089, 256)
    (1): GCNConv(256, 256)
    (2): GCNConv(256, 256)
    (3): GCNConv(256, 256)
  )
  (lins): ModuleList(
    (0): Linear(in_features=2089, out_features=256, bias=True)
    (1): Linear(in_features=256, out_features=256, bias=True)
    (2): Linear(in_features=256, out_features=256, bias=True)
    (3): Linear(in_features=256, out_features=256, bias=True)
  )
  (lns): ModuleList(
    (0): LayerNorm((256,), eps=1e-05, elementwise_affine=True)
    (1): LayerNorm((256,), eps=1e-05, elementwise_affine=True)
    (2): LayerNorm((256,), eps=1e-05, elementwise_affine=True)
    (3): LayerNorm((256,), eps=1e-05, elementwise_affine=True)
  )
  (bns): ModuleList(
    (0): BatchNorm1d(256, eps=1e-05, momentum=0.1, affine=True, track_running_stats=True)
    (1): BatchNorm1d(256, eps=1e-05, momentum=0.1, affine=True, track_running_stats=True)
    (2): BatchNorm1d(256, eps=1e-05, momentum=0.1, affine=True, track_running_stats=True)
    (3): BatchNorm1d(256, eps=1e-05, momentum=0.1, affine=True, track_running_stats=True)
  )
  (lin_in): Linear(in_features=2089, out_features=256, bias=True)
  (pred_local): Linear(in_features=256, out_features=5, bias=True)
)
Pre-training MLP for 500 epochs to generate co-occurrence matrix...
MLP pre-training complete. Penalty matrix frozen.
Epoch: 00, Loss: 2.5330, Train: 32.95%, Valid: 35.10%, Test: 34.73%, Best Valid: 35.10%, Best Test: 34.73%
Epoch: 100, Loss: 1.2095, Train: 70.18%, Valid: 37.47%, Test: 41.37%, Best Valid: 39.55%, Best Test: 41.59%
Epoch: 200, Loss: 0.4759, Train: 99.43%, Valid: 32.17%, Test: 32.52%, Best Valid: 39.55%, Best Test: 41.59%
Epoch: 300, Loss: 0.3067, Train: 99.72%, Valid: 31.48%, Test: 34.07%, Best Valid: 39.55%, Best Test: 41.59%
Epoch: 400, Loss: 0.2965, Train: 99.72%, Valid: 33.43%, Test: 35.40%, Best Valid: 39.55%, Best Test: 41.59%
Epoch: 500, Loss: 0.3163, Train: 99.62%, Valid: 36.49%, Test: 36.73%, Best Valid: 39.55%, Best Test: 41.59%
Epoch: 600, Loss: 0.2500, Train: 99.62%, Valid: 33.98%, Test: 36.50%, Best Valid: 39.55%, Best Test: 41.59%
Epoch: 700, Loss: 0.2689, Train: 99.24%, Valid: 34.68%, Test: 37.39%, Best Valid: 39.55%, Best Test: 41.59%
Epoch: 800, Loss: 0.3084, Train: 99.72%, Valid: 34.68%, Test: 36.95%, Best Valid: 39.55%, Best Test: 41.59%
Epoch: 900, Loss: 0.3310, Train: 99.72%, Valid: 34.82%, Test: 37.39%, Best Valid: 39.55%, Best Test: 41.59%
Run 01:
Highest Train: 99.81
Highest Valid: 39.55
Highest Test: 43.81
Chosen epoch: 73
Final Train: 50.81
Final Test: 41.59
Pre-training MLP for 500 epochs to generate co-occurrence matrix...
MLP pre-training complete. Penalty matrix frozen.
Epoch: 00, Loss: 2.5355, Train: 32.22%, Valid: 35.57%, Test: 35.89%, Best Valid: 35.57%, Best Test: 35.89%
Epoch: 100, Loss: 1.0717, Train: 80.65%, Valid: 37.71%, Test: 34.76%, Best Valid: 42.57%, Best Test: 40.63%
Epoch: 200, Loss: 0.4528, Train: 99.35%, Valid: 36.43%, Test: 32.73%, Best Valid: 42.57%, Best Test: 40.63%
Epoch: 300, Loss: 0.3530, Train: 99.63%, Valid: 34.00%, Test: 32.96%, Best Valid: 42.57%, Best Test: 40.63%
Epoch: 400, Loss: 0.2998, Train: 99.63%, Valid: 33.00%, Test: 34.99%, Best Valid: 42.57%, Best Test: 40.63%
Epoch: 500, Loss: 0.2473, Train: 99.54%, Valid: 35.71%, Test: 39.28%, Best Valid: 42.57%, Best Test: 40.63%
Epoch: 600, Loss: 0.2681, Train: 99.35%, Valid: 35.57%, Test: 34.54%, Best Valid: 42.57%, Best Test: 40.63%
Epoch: 700, Loss: 0.2389, Train: 99.63%, Valid: 36.43%, Test: 36.57%, Best Valid: 42.57%, Best Test: 40.63%
Epoch: 800, Loss: 0.2865, Train: 99.63%, Valid: 36.71%, Test: 35.89%, Best Valid: 42.57%, Best Test: 40.63%
Epoch: 900, Loss: 0.2424, Train: 99.54%, Valid: 34.71%, Test: 38.60%, Best Valid: 42.57%, Best Test: 40.63%
Run 02:
Highest Train: 99.81
Highest Valid: 42.57
Highest Test: 42.66
Chosen epoch: 55
Final Train: 38.06
Final Test: 40.63
Pre-training MLP for 500 epochs to generate co-occurrence matrix...
MLP pre-training complete. Penalty matrix frozen.
Epoch: 00, Loss: 2.5024, Train: 33.14%, Valid: 33.20%, Test: 37.33%, Best Valid: 33.20%, Best Test: 37.33%
Epoch: 100, Loss: 1.2726, Train: 63.32%, Valid: 37.05%, Test: 37.78%, Best Valid: 40.22%, Best Test: 42.44%
Epoch: 200, Loss: 0.5225, Train: 95.42%, Valid: 34.99%, Test: 34.89%, Best Valid: 40.22%, Best Test: 42.44%
Epoch: 300, Loss: 0.3843, Train: 99.52%, Valid: 35.12%, Test: 36.89%, Best Valid: 40.22%, Best Test: 42.44%
Epoch: 400, Loss: 0.3554, Train: 99.43%, Valid: 34.57%, Test: 34.44%, Best Valid: 40.22%, Best Test: 42.44%
Epoch: 500, Loss: 0.3168, Train: 99.52%, Valid: 35.81%, Test: 35.33%, Best Valid: 40.22%, Best Test: 42.44%
Epoch: 600, Loss: 0.3225, Train: 99.43%, Valid: 34.02%, Test: 34.67%, Best Valid: 40.22%, Best Test: 42.44%
Epoch: 700, Loss: 0.2884, Train: 99.33%, Valid: 34.85%, Test: 39.11%, Best Valid: 40.22%, Best Test: 42.44%
Epoch: 800, Loss: 0.3103, Train: 99.52%, Valid: 34.30%, Test: 35.11%, Best Valid: 40.22%, Best Test: 42.44%
Epoch: 900, Loss: 0.2527, Train: 99.62%, Valid: 35.95%, Test: 38.22%, Best Valid: 40.22%, Best Test: 42.44%
Run 03:
Highest Train: 99.81
Highest Valid: 40.22
Highest Test: 44.89
Chosen epoch: 76
Final Train: 48.14
Final Test: 42.44
Pre-training MLP for 500 epochs to generate co-occurrence matrix...
MLP pre-training complete. Penalty matrix frozen.
Epoch: 00, Loss: 2.6146, Train: 33.30%, Valid: 34.08%, Test: 35.56%, Best Valid: 34.08%, Best Test: 35.56%
Epoch: 100, Loss: 1.2463, Train: 80.57%, Valid: 32.26%, Test: 34.89%, Best Valid: 40.25%, Best Test: 41.33%
Epoch: 200, Loss: 0.5056, Train: 98.68%, Valid: 32.12%, Test: 34.67%, Best Valid: 40.25%, Best Test: 41.33%
Epoch: 300, Loss: 0.3322, Train: 99.53%, Valid: 34.78%, Test: 35.78%, Best Valid: 40.25%, Best Test: 41.33%
Epoch: 400, Loss: 0.2945, Train: 99.43%, Valid: 33.94%, Test: 34.00%, Best Valid: 40.25%, Best Test: 41.33%
Epoch: 500, Loss: 0.2505, Train: 99.72%, Valid: 36.47%, Test: 37.11%, Best Valid: 40.25%, Best Test: 41.33%
Epoch: 600, Loss: 0.2628, Train: 99.34%, Valid: 34.22%, Test: 36.44%, Best Valid: 40.25%, Best Test: 41.33%
Epoch: 700, Loss: 0.3212, Train: 99.72%, Valid: 34.78%, Test: 35.78%, Best Valid: 40.25%, Best Test: 41.33%
Epoch: 800, Loss: 0.2810, Train: 99.81%, Valid: 36.75%, Test: 35.78%, Best Valid: 40.25%, Best Test: 41.33%
Epoch: 900, Loss: 0.2526, Train: 99.53%, Valid: 33.94%, Test: 34.44%, Best Valid: 40.25%, Best Test: 41.33%
Run 04:
Highest Train: 99.91
Highest Valid: 40.25
Highest Test: 43.78
Chosen epoch: 79
Final Train: 56.60
Final Test: 41.33
Pre-training MLP for 500 epochs to generate co-occurrence matrix...
MLP pre-training complete. Penalty matrix frozen.
Epoch: 00, Loss: 2.5606, Train: 34.12%, Valid: 32.82%, Test: 35.63%, Best Valid: 32.82%, Best Test: 35.63%
Epoch: 100, Loss: 0.9454, Train: 71.28%, Valid: 32.82%, Test: 40.09%, Best Valid: 41.17%, Best Test: 42.76%
Epoch: 200, Loss: 0.4130, Train: 99.05%, Valid: 31.57%, Test: 34.97%, Best Valid: 41.17%, Best Test: 42.76%
Epoch: 300, Loss: 0.3486, Train: 99.43%, Valid: 31.57%, Test: 35.19%, Best Valid: 41.17%, Best Test: 42.76%
Epoch: 400, Loss: 0.2854, Train: 99.53%, Valid: 33.52%, Test: 35.19%, Best Valid: 41.17%, Best Test: 42.76%
Epoch: 500, Loss: 0.2758, Train: 99.34%, Valid: 32.82%, Test: 36.97%, Best Valid: 41.17%, Best Test: 42.76%
Epoch: 600, Loss: 0.3032, Train: 99.43%, Valid: 33.80%, Test: 33.85%, Best Valid: 41.17%, Best Test: 42.76%
Epoch: 700, Loss: 0.3001, Train: 99.72%, Valid: 32.55%, Test: 38.75%, Best Valid: 41.17%, Best Test: 42.76%
Epoch: 800, Loss: 0.3144, Train: 99.24%, Valid: 34.21%, Test: 37.19%, Best Valid: 41.17%, Best Test: 42.76%
Epoch: 900, Loss: 0.2715, Train: 99.62%, Valid: 32.41%, Test: 38.53%, Best Valid: 41.17%, Best Test: 42.76%
Run 05:
Highest Train: 99.81
Highest Valid: 41.17
Highest Test: 44.10
Chosen epoch: 55
Final Train: 41.33
Final Test: 42.76
All runs:
Highest Train: 99.83 ± 0.04
Highest Test: 43.85 ± 0.80
Highest Valid: 40.75 ± 1.17
  Final Train: 46.99 ± 7.42
   Final Test: 41.75 ± 0.86
Saving results to results/mlp_gnn_clamp/squirrel/MPNN_gcn.csv
==========================================================
Task 3 completed at: Fri May  1 12:10:37 AM EDT 2026
==========================================================
