==========================================================
Clamp-GNN Task 1
Job: 1016832 | Date: Fri May  1 12:15:10 AM EDT 2026 | Host: n0091
==========================================================
Fri May  1 00:15:12 2026       
+-----------------------------------------------------------------------------------------+
| NVIDIA-SMI 570.211.01             Driver Version: 570.211.01     CUDA Version: 12.8     |
|-----------------------------------------+------------------------+----------------------+
| GPU  Name                 Persistence-M | Bus-Id          Disp.A | Volatile Uncorr. ECC |
| Fan  Temp   Perf          Pwr:Usage/Cap |           Memory-Usage | GPU-Util  Compute M. |
|                                         |                        |               MIG M. |
|=========================================+========================+======================|
|   0  NVIDIA A100-SXM4-80GB          On  |   00000000:01:00.0 Off |                   On |
| N/A   47C    P0            192W /  500W |   37003MiB /  81920MiB |     N/A      Default |
|                                         |                        |              Enabled |
+-----------------------------------------+------------------------+----------------------+
|   1  NVIDIA A100-SXM4-80GB          On  |   00000000:41:00.0 Off |                   On |
| N/A   42C    P0            233W /  500W |   39564MiB /  81920MiB |     N/A      Default |
|                                         |                        |              Enabled |
+-----------------------------------------+------------------------+----------------------+
|   2  NVIDIA A100-SXM4-80GB          On  |   00000000:81:00.0 Off |                   On |
| N/A   40C    P0            148W /  500W |    4189MiB /  81920MiB |     N/A      Default |
|                                         |                        |              Enabled |
+-----------------------------------------+------------------------+----------------------+
|   3  NVIDIA A100-SXM4-80GB          On  |   00000000:C1:00.0 Off |                   On |
| N/A   42C    P0            237W /  500W |   38424MiB /  81920MiB |     N/A      Default |
|                                         |                        |              Enabled |
+-----------------------------------------+------------------------+----------------------+

+-----------------------------------------------------------------------------------------+
| MIG devices:                                                                            |
+------------------+----------------------------------+-----------+-----------------------+
| GPU  GI  CI  MIG |                     Memory-Usage |        Vol|        Shared         |
|      ID  ID  Dev |                       BAR1-Usage | SM     Unc| CE ENC  DEC  OFA  JPG |
|                  |                                  |        ECC|                       |
|==================+==================================+===========+=======================|
|  2    3   0   0  |              53MiB / 19968MiB    | 28      0 |  2   0    1    0    0 |
|                  |                 0MiB / 32767MiB  |           |                       |
+------------------+----------------------------------+-----------+-----------------------+
                                                                                         
+-----------------------------------------------------------------------------------------+
| Processes:                                                                              |
|  GPU   GI   CI              PID   Type   Process name                        GPU Memory |
|        ID   ID                                                               Usage      |
|=========================================================================================|
|    0    1    0          4162874      C   python3                               36812MiB |
|    1    1    0            83956      C   python3                               36812MiB |
|    1    5    0           318789      C   python                                 2556MiB |
|    3    1    0           104080      C   python3                               36812MiB |
|    3    5    0           318791      C   python                                 1416MiB |
+-----------------------------------------------------------------------------------------+
1.12.1
True
NVIDIA A100-SXM4-80GB MIG 2g.20gb
Dataset: minesweeper | GCN
Running GCN baseline (no reg)...
Namespace(bn=True, cpu=False, data_dir='./data/', dataset='minesweeper', device=0, display_step=100, dropout=0.2, epochs=1000, gnn='gcn', hidden_channels=64, jk=False, label_num_per_class=20, lambda_val=0.5, ln=False, local_layers=12, lr=0.01, metric='rocauc', mlp_epochs=500, mlp_reg=False, model='MPNN', model_dir='./model/', num_heads=1, oracle_reg=False, pre_linear=False, pre_ln=False, rand_split=False, rand_split_class=False, reg_start_epoch=10, reg_update_freq=5, res=True, result_dir='results/mlp_gnn_clamp', runs=5, save_model=False, seed=42, test_num=1000, train_prop=0.5, use_reg=False, valid_num=500, valid_prop=0.25, weight_decay=0.0005)
minesweeper
dataset minesweeper | num nodes 10000 | num edge 39402 | num node feats 7 | num classes 2
MODEL: MPNNs(
  (h_lins): ModuleList()
  (local_convs): ModuleList(
    (0): GCNConv(7, 64)
    (1): GCNConv(64, 64)
    (2): GCNConv(64, 64)
    (3): GCNConv(64, 64)
    (4): GCNConv(64, 64)
    (5): GCNConv(64, 64)
    (6): GCNConv(64, 64)
    (7): GCNConv(64, 64)
    (8): GCNConv(64, 64)
    (9): GCNConv(64, 64)
    (10): GCNConv(64, 64)
    (11): GCNConv(64, 64)
  )
  (lins): ModuleList(
    (0): Linear(in_features=7, out_features=64, bias=True)
    (1): Linear(in_features=64, out_features=64, bias=True)
    (2): Linear(in_features=64, out_features=64, bias=True)
    (3): Linear(in_features=64, out_features=64, bias=True)
    (4): Linear(in_features=64, out_features=64, bias=True)
    (5): Linear(in_features=64, out_features=64, bias=True)
    (6): Linear(in_features=64, out_features=64, bias=True)
    (7): Linear(in_features=64, out_features=64, bias=True)
    (8): Linear(in_features=64, out_features=64, bias=True)
    (9): Linear(in_features=64, out_features=64, bias=True)
    (10): Linear(in_features=64, out_features=64, bias=True)
    (11): Linear(in_features=64, out_features=64, bias=True)
  )
  (lns): ModuleList(
    (0): LayerNorm((64,), eps=1e-05, elementwise_affine=True)
    (1): LayerNorm((64,), eps=1e-05, elementwise_affine=True)
    (2): LayerNorm((64,), eps=1e-05, elementwise_affine=True)
    (3): LayerNorm((64,), eps=1e-05, elementwise_affine=True)
    (4): LayerNorm((64,), eps=1e-05, elementwise_affine=True)
    (5): LayerNorm((64,), eps=1e-05, elementwise_affine=True)
    (6): LayerNorm((64,), eps=1e-05, elementwise_affine=True)
    (7): LayerNorm((64,), eps=1e-05, elementwise_affine=True)
    (8): LayerNorm((64,), eps=1e-05, elementwise_affine=True)
    (9): LayerNorm((64,), eps=1e-05, elementwise_affine=True)
    (10): LayerNorm((64,), eps=1e-05, elementwise_affine=True)
    (11): LayerNorm((64,), eps=1e-05, elementwise_affine=True)
  )
  (bns): ModuleList(
    (0): BatchNorm1d(64, eps=1e-05, momentum=0.1, affine=True, track_running_stats=True)
    (1): BatchNorm1d(64, eps=1e-05, momentum=0.1, affine=True, track_running_stats=True)
    (2): BatchNorm1d(64, eps=1e-05, momentum=0.1, affine=True, track_running_stats=True)
    (3): BatchNorm1d(64, eps=1e-05, momentum=0.1, affine=True, track_running_stats=True)
    (4): BatchNorm1d(64, eps=1e-05, momentum=0.1, affine=True, track_running_stats=True)
    (5): BatchNorm1d(64, eps=1e-05, momentum=0.1, affine=True, track_running_stats=True)
    (6): BatchNorm1d(64, eps=1e-05, momentum=0.1, affine=True, track_running_stats=True)
    (7): BatchNorm1d(64, eps=1e-05, momentum=0.1, affine=True, track_running_stats=True)
    (8): BatchNorm1d(64, eps=1e-05, momentum=0.1, affine=True, track_running_stats=True)
    (9): BatchNorm1d(64, eps=1e-05, momentum=0.1, affine=True, track_running_stats=True)
    (10): BatchNorm1d(64, eps=1e-05, momentum=0.1, affine=True, track_running_stats=True)
    (11): BatchNorm1d(64, eps=1e-05, momentum=0.1, affine=True, track_running_stats=True)
  )
  (lin_in): Linear(in_features=7, out_features=64, bias=True)
  (pred_local): Linear(in_features=64, out_features=2, bias=True)
)
Epoch: 00, Loss: 0.8907, Train: 41.50%, Valid: 41.55%, Test: 41.73%, Best Valid: 41.55%, Best Test: 41.73%
Epoch: 100, Loss: 0.2473, Train: 94.74%, Valid: 92.45%, Test: 93.82%, Best Valid: 92.45%, Best Test: 93.82%
Epoch: 200, Loss: 0.1979, Train: 97.61%, Valid: 95.28%, Test: 96.21%, Best Valid: 95.95%, Best Test: 96.52%
Epoch: 300, Loss: 0.1787, Train: 98.26%, Valid: 96.16%, Test: 96.80%, Best Valid: 96.45%, Best Test: 97.18%
Epoch: 400, Loss: 0.1653, Train: 98.56%, Valid: 96.76%, Test: 97.06%, Best Valid: 96.84%, Best Test: 97.09%
Epoch: 500, Loss: 0.1719, Train: 98.43%, Valid: 96.31%, Test: 96.50%, Best Valid: 96.97%, Best Test: 97.32%
Epoch: 600, Loss: 0.1684, Train: 98.65%, Valid: 96.60%, Test: 97.06%, Best Valid: 97.04%, Best Test: 97.31%
Epoch: 700, Loss: 0.1631, Train: 98.81%, Valid: 96.82%, Test: 97.22%, Best Valid: 97.12%, Best Test: 97.18%
Epoch: 800, Loss: 0.1669, Train: 98.69%, Valid: 96.31%, Test: 96.96%, Best Valid: 97.29%, Best Test: 97.71%
Epoch: 900, Loss: 0.1557, Train: 99.18%, Valid: 96.77%, Test: 97.53%, Best Valid: 97.29%, Best Test: 97.71%
Run 01:
Highest Train: 99.32
Highest Valid: 97.29
Highest Test: 97.71
Chosen epoch: 728
Final Train: 99.21
Final Test: 97.71
Epoch: 00, Loss: 0.7168, Train: 47.17%, Valid: 46.87%, Test: 43.78%, Best Valid: 46.87%, Best Test: 43.78%
Epoch: 100, Loss: 0.2231, Train: 95.09%, Valid: 93.62%, Test: 93.38%, Best Valid: 95.10%, Best Test: 94.48%
Epoch: 200, Loss: 0.1878, Train: 98.26%, Valid: 95.67%, Test: 95.92%, Best Valid: 96.06%, Best Test: 95.93%
Epoch: 300, Loss: 0.1707, Train: 99.12%, Valid: 96.34%, Test: 96.50%, Best Valid: 96.36%, Best Test: 96.30%
Epoch: 400, Loss: 0.1643, Train: 99.35%, Valid: 96.13%, Test: 96.26%, Best Valid: 96.65%, Best Test: 96.74%
Epoch: 500, Loss: 0.1568, Train: 99.58%, Valid: 96.35%, Test: 96.54%, Best Valid: 96.65%, Best Test: 96.74%
Epoch: 600, Loss: 0.1420, Train: 99.57%, Valid: 96.62%, Test: 96.81%, Best Valid: 97.08%, Best Test: 96.90%
Epoch: 700, Loss: 0.1489, Train: 99.48%, Valid: 96.15%, Test: 95.86%, Best Valid: 97.12%, Best Test: 96.98%
Epoch: 800, Loss: 0.1254, Train: 99.81%, Valid: 96.77%, Test: 96.77%, Best Valid: 97.12%, Best Test: 96.98%
Epoch: 900, Loss: 0.1410, Train: 99.69%, Valid: 96.87%, Test: 96.78%, Best Valid: 97.45%, Best Test: 97.30%
Run 02:
Highest Train: 99.86
Highest Valid: 97.45
Highest Test: 97.30
Chosen epoch: 897
Final Train: 99.78
Final Test: 97.30
Epoch: 00, Loss: 0.7192, Train: 62.41%, Valid: 60.59%, Test: 61.59%, Best Valid: 60.59%, Best Test: 61.59%
Epoch: 100, Loss: 0.2235, Train: 94.57%, Valid: 94.08%, Test: 93.53%, Best Valid: 94.25%, Best Test: 94.22%
Epoch: 200, Loss: 0.1938, Train: 98.27%, Valid: 95.88%, Test: 96.43%, Best Valid: 96.10%, Best Test: 96.49%
Epoch: 300, Loss: 0.1738, Train: 98.96%, Valid: 96.50%, Test: 97.09%, Best Valid: 96.72%, Best Test: 97.07%
Epoch: 400, Loss: 0.1644, Train: 99.01%, Valid: 96.63%, Test: 97.03%, Best Valid: 96.85%, Best Test: 96.88%
Epoch: 500, Loss: 0.1468, Train: 99.16%, Valid: 96.38%, Test: 96.85%, Best Valid: 96.95%, Best Test: 97.01%
Epoch: 600, Loss: 0.1530, Train: 99.38%, Valid: 97.02%, Test: 97.15%, Best Valid: 97.20%, Best Test: 97.47%
Epoch: 700, Loss: 0.1486, Train: 99.54%, Valid: 96.36%, Test: 97.09%, Best Valid: 97.32%, Best Test: 97.52%
Epoch: 800, Loss: 0.1339, Train: 99.13%, Valid: 96.42%, Test: 97.02%, Best Valid: 97.33%, Best Test: 97.93%
Epoch: 900, Loss: 0.1409, Train: 99.73%, Valid: 97.12%, Test: 97.43%, Best Valid: 97.48%, Best Test: 97.52%
Run 03:
Highest Train: 99.82
Highest Valid: 97.48
Highest Test: 97.93
Chosen epoch: 827
Final Train: 99.74
Final Test: 97.52
Epoch: 00, Loss: 0.6067, Train: 50.53%, Valid: 51.55%, Test: 50.18%, Best Valid: 51.55%, Best Test: 50.18%
Epoch: 100, Loss: 0.2138, Train: 95.41%, Valid: 93.30%, Test: 93.56%, Best Valid: 93.53%, Best Test: 93.90%
Epoch: 200, Loss: 0.1873, Train: 98.25%, Valid: 95.39%, Test: 95.31%, Best Valid: 95.68%, Best Test: 95.26%
Epoch: 300, Loss: 0.1685, Train: 98.73%, Valid: 95.79%, Test: 95.87%, Best Valid: 96.50%, Best Test: 96.33%
Epoch: 400, Loss: 0.1497, Train: 99.29%, Valid: 95.99%, Test: 96.23%, Best Valid: 96.50%, Best Test: 96.33%
Epoch: 500, Loss: 0.1377, Train: 99.31%, Valid: 96.05%, Test: 96.44%, Best Valid: 96.50%, Best Test: 96.33%
Epoch: 600, Loss: 0.1445, Train: 99.59%, Valid: 96.09%, Test: 96.38%, Best Valid: 96.63%, Best Test: 96.87%
Epoch: 700, Loss: 0.1342, Train: 99.57%, Valid: 95.94%, Test: 96.48%, Best Valid: 96.65%, Best Test: 96.72%
Epoch: 800, Loss: 0.1288, Train: 99.63%, Valid: 96.33%, Test: 96.68%, Best Valid: 96.87%, Best Test: 97.21%
Epoch: 900, Loss: 0.1233, Train: 99.75%, Valid: 96.35%, Test: 96.65%, Best Valid: 96.90%, Best Test: 97.20%
Run 04:
Highest Train: 99.85
Highest Valid: 96.92
Highest Test: 97.36
Chosen epoch: 989
Final Train: 99.72
Final Test: 96.85
Epoch: 00, Loss: 0.7592, Train: 56.18%, Valid: 57.40%, Test: 57.89%, Best Valid: 57.40%, Best Test: 57.89%
Epoch: 100, Loss: 0.2261, Train: 95.02%, Valid: 92.83%, Test: 93.08%, Best Valid: 93.67%, Best Test: 93.37%
Epoch: 200, Loss: 0.1774, Train: 97.85%, Valid: 95.71%, Test: 95.17%, Best Valid: 96.21%, Best Test: 95.54%
Epoch: 300, Loss: 0.1643, Train: 98.73%, Valid: 97.03%, Test: 96.44%, Best Valid: 97.03%, Best Test: 96.46%
Epoch: 400, Loss: 0.1553, Train: 99.15%, Valid: 96.90%, Test: 96.85%, Best Valid: 97.29%, Best Test: 96.44%
Epoch: 500, Loss: 0.1456, Train: 99.21%, Valid: 97.22%, Test: 96.71%, Best Valid: 97.56%, Best Test: 96.93%
Epoch: 600, Loss: 0.1428, Train: 99.33%, Valid: 97.53%, Test: 96.75%, Best Valid: 97.60%, Best Test: 96.96%
Epoch: 700, Loss: 0.1383, Train: 99.50%, Valid: 97.39%, Test: 96.97%, Best Valid: 97.81%, Best Test: 96.81%
Epoch: 800, Loss: 0.1447, Train: 99.55%, Valid: 97.29%, Test: 97.11%, Best Valid: 97.81%, Best Test: 96.81%
Epoch: 900, Loss: 0.1357, Train: 99.36%, Valid: 97.31%, Test: 97.05%, Best Valid: 97.81%, Best Test: 96.81%
Run 05:
Highest Train: 99.72
Highest Valid: 97.87
Highest Test: 97.47
Chosen epoch: 953
Final Train: 99.55
Final Test: 97.39
All runs:
Highest Train: 99.71 ± 0.23
Highest Test: 97.55 ± 0.26
Highest Valid: 97.40 ± 0.34
  Final Train: 99.60 ± 0.23
   Final Test: 97.35 ± 0.32
Saving results to results/mlp_gnn_clamp/minesweeper/MPNN_gcn.csv
Running MLP_REG lambda=0.01...
Namespace(bn=True, cpu=False, data_dir='./data/', dataset='minesweeper', device=0, display_step=100, dropout=0.2, epochs=1000, gnn='gcn', hidden_channels=64, jk=False, label_num_per_class=20, lambda_val=0.01, ln=False, local_layers=12, lr=0.01, metric='rocauc', mlp_epochs=500, mlp_reg=True, model='MPNN', model_dir='./model/', num_heads=1, oracle_reg=False, pre_linear=False, pre_ln=False, rand_split=False, rand_split_class=False, reg_start_epoch=10, reg_update_freq=5, res=True, result_dir='results/mlp_gnn_clamp', runs=5, save_model=False, seed=42, test_num=1000, train_prop=0.5, use_reg=True, valid_num=500, valid_prop=0.25, weight_decay=0.0005)
minesweeper
dataset minesweeper | num nodes 10000 | num edge 39402 | num node feats 7 | num classes 2
MODEL: MPNNs(
  (h_lins): ModuleList()
  (local_convs): ModuleList(
    (0): GCNConv(7, 64)
    (1): GCNConv(64, 64)
    (2): GCNConv(64, 64)
    (3): GCNConv(64, 64)
    (4): GCNConv(64, 64)
    (5): GCNConv(64, 64)
    (6): GCNConv(64, 64)
    (7): GCNConv(64, 64)
    (8): GCNConv(64, 64)
    (9): GCNConv(64, 64)
    (10): GCNConv(64, 64)
    (11): GCNConv(64, 64)
  )
  (lins): ModuleList(
    (0): Linear(in_features=7, out_features=64, bias=True)
    (1): Linear(in_features=64, out_features=64, bias=True)
    (2): Linear(in_features=64, out_features=64, bias=True)
    (3): Linear(in_features=64, out_features=64, bias=True)
    (4): Linear(in_features=64, out_features=64, bias=True)
    (5): Linear(in_features=64, out_features=64, bias=True)
    (6): Linear(in_features=64, out_features=64, bias=True)
    (7): Linear(in_features=64, out_features=64, bias=True)
    (8): Linear(in_features=64, out_features=64, bias=True)
    (9): Linear(in_features=64, out_features=64, bias=True)
    (10): Linear(in_features=64, out_features=64, bias=True)
    (11): Linear(in_features=64, out_features=64, bias=True)
  )
  (lns): ModuleList(
    (0): LayerNorm((64,), eps=1e-05, elementwise_affine=True)
    (1): LayerNorm((64,), eps=1e-05, elementwise_affine=True)
    (2): LayerNorm((64,), eps=1e-05, elementwise_affine=True)
    (3): LayerNorm((64,), eps=1e-05, elementwise_affine=True)
    (4): LayerNorm((64,), eps=1e-05, elementwise_affine=True)
    (5): LayerNorm((64,), eps=1e-05, elementwise_affine=True)
    (6): LayerNorm((64,), eps=1e-05, elementwise_affine=True)
    (7): LayerNorm((64,), eps=1e-05, elementwise_affine=True)
    (8): LayerNorm((64,), eps=1e-05, elementwise_affine=True)
    (9): LayerNorm((64,), eps=1e-05, elementwise_affine=True)
    (10): LayerNorm((64,), eps=1e-05, elementwise_affine=True)
    (11): LayerNorm((64,), eps=1e-05, elementwise_affine=True)
  )
  (bns): ModuleList(
    (0): BatchNorm1d(64, eps=1e-05, momentum=0.1, affine=True, track_running_stats=True)
    (1): BatchNorm1d(64, eps=1e-05, momentum=0.1, affine=True, track_running_stats=True)
    (2): BatchNorm1d(64, eps=1e-05, momentum=0.1, affine=True, track_running_stats=True)
    (3): BatchNorm1d(64, eps=1e-05, momentum=0.1, affine=True, track_running_stats=True)
    (4): BatchNorm1d(64, eps=1e-05, momentum=0.1, affine=True, track_running_stats=True)
    (5): BatchNorm1d(64, eps=1e-05, momentum=0.1, affine=True, track_running_stats=True)
    (6): BatchNorm1d(64, eps=1e-05, momentum=0.1, affine=True, track_running_stats=True)
    (7): BatchNorm1d(64, eps=1e-05, momentum=0.1, affine=True, track_running_stats=True)
    (8): BatchNorm1d(64, eps=1e-05, momentum=0.1, affine=True, track_running_stats=True)
    (9): BatchNorm1d(64, eps=1e-05, momentum=0.1, affine=True, track_running_stats=True)
    (10): BatchNorm1d(64, eps=1e-05, momentum=0.1, affine=True, track_running_stats=True)
    (11): BatchNorm1d(64, eps=1e-05, momentum=0.1, affine=True, track_running_stats=True)
  )
  (lin_in): Linear(in_features=7, out_features=64, bias=True)
  (pred_local): Linear(in_features=64, out_features=2, bias=True)
)
Pre-training MLP for 500 epochs to generate co-occurrence matrix...
MLP pre-training complete. Penalty matrix frozen.
Epoch: 00, Loss: 0.9026, Train: 47.26%, Valid: 48.80%, Test: 46.23%, Best Valid: 48.80%, Best Test: 46.23%
Epoch: 100, Loss: 0.2334, Train: 95.40%, Valid: 92.79%, Test: 93.71%, Best Valid: 93.14%, Best Test: 93.84%
Epoch: 200, Loss: 0.1909, Train: 97.87%, Valid: 95.29%, Test: 96.14%, Best Valid: 95.54%, Best Test: 96.34%
Epoch: 300, Loss: 0.1722, Train: 98.57%, Valid: 96.02%, Test: 96.38%, Best Valid: 96.41%, Best Test: 96.59%
Epoch: 400, Loss: 0.1684, Train: 99.07%, Valid: 96.48%, Test: 97.01%, Best Valid: 96.66%, Best Test: 97.03%
Epoch: 500, Loss: 0.1621, Train: 98.77%, Valid: 95.80%, Test: 96.12%, Best Valid: 96.67%, Best Test: 97.02%
Epoch: 600, Loss: 0.1552, Train: 98.65%, Valid: 96.18%, Test: 96.65%, Best Valid: 96.98%, Best Test: 97.25%
Epoch: 700, Loss: 0.1407, Train: 99.35%, Valid: 96.64%, Test: 97.00%, Best Valid: 97.15%, Best Test: 97.48%
Epoch: 800, Loss: 0.1454, Train: 99.15%, Valid: 96.31%, Test: 96.83%, Best Valid: 97.27%, Best Test: 97.57%
Epoch: 900, Loss: 0.1379, Train: 99.57%, Valid: 96.90%, Test: 97.37%, Best Valid: 97.40%, Best Test: 97.52%
Run 01:
Highest Train: 99.62
Highest Valid: 97.40
Highest Test: 97.70
Chosen epoch: 853
Final Train: 99.59
Final Test: 97.52
Pre-training MLP for 500 epochs to generate co-occurrence matrix...
MLP pre-training complete. Penalty matrix frozen.
Epoch: 00, Loss: 0.7823, Train: 63.07%, Valid: 64.46%, Test: 65.38%, Best Valid: 64.46%, Best Test: 65.38%
Epoch: 100, Loss: 0.2266, Train: 96.04%, Valid: 95.16%, Test: 94.88%, Best Valid: 95.26%, Best Test: 95.04%
Epoch: 200, Loss: 0.1838, Train: 98.11%, Valid: 96.21%, Test: 96.25%, Best Valid: 96.65%, Best Test: 96.50%
Epoch: 300, Loss: 0.1654, Train: 98.35%, Valid: 96.36%, Test: 96.22%, Best Valid: 97.25%, Best Test: 97.13%
Epoch: 400, Loss: 0.1615, Train: 99.19%, Valid: 97.54%, Test: 97.56%, Best Valid: 97.54%, Best Test: 97.56%
Epoch: 500, Loss: 0.1356, Train: 99.52%, Valid: 97.51%, Test: 97.46%, Best Valid: 97.73%, Best Test: 97.73%
Epoch: 600, Loss: 0.1452, Train: 99.35%, Valid: 97.18%, Test: 97.33%, Best Valid: 97.76%, Best Test: 97.61%
Epoch: 700, Loss: 0.1422, Train: 99.56%, Valid: 97.35%, Test: 97.16%, Best Valid: 97.76%, Best Test: 97.61%
Epoch: 800, Loss: 0.1396, Train: 99.53%, Valid: 97.25%, Test: 97.08%, Best Valid: 97.84%, Best Test: 97.50%
Epoch: 900, Loss: 0.1365, Train: 99.75%, Valid: 97.70%, Test: 97.45%, Best Valid: 97.90%, Best Test: 97.61%
Run 02:
Highest Train: 99.84
Highest Valid: 98.00
Highest Test: 97.83
Chosen epoch: 938
Final Train: 99.79
Final Test: 97.81
Pre-training MLP for 500 epochs to generate co-occurrence matrix...
MLP pre-training complete. Penalty matrix frozen.
Epoch: 00, Loss: 0.6995, Train: 47.48%, Valid: 47.79%, Test: 46.63%, Best Valid: 47.79%, Best Test: 46.63%
Epoch: 100, Loss: 0.2159, Train: 95.60%, Valid: 94.61%, Test: 94.64%, Best Valid: 94.61%, Best Test: 94.64%
Epoch: 200, Loss: 0.1845, Train: 98.05%, Valid: 96.23%, Test: 96.36%, Best Valid: 96.53%, Best Test: 96.75%
Epoch: 300, Loss: 0.1736, Train: 98.38%, Valid: 96.27%, Test: 96.56%, Best Valid: 96.77%, Best Test: 97.33%
Epoch: 400, Loss: 0.1592, Train: 98.88%, Valid: 96.59%, Test: 97.12%, Best Valid: 96.96%, Best Test: 97.31%
Epoch: 500, Loss: 0.1694, Train: 98.93%, Valid: 96.57%, Test: 97.01%, Best Valid: 96.96%, Best Test: 97.41%
Epoch: 600, Loss: 0.1568, Train: 98.60%, Valid: 96.33%, Test: 96.87%, Best Valid: 97.16%, Best Test: 97.52%
Epoch: 700, Loss: 0.1684, Train: 98.83%, Valid: 96.25%, Test: 97.16%, Best Valid: 97.16%, Best Test: 97.52%
Epoch: 800, Loss: 0.1594, Train: 99.22%, Valid: 96.93%, Test: 97.53%, Best Valid: 97.23%, Best Test: 97.58%
Epoch: 900, Loss: 0.1631, Train: 98.64%, Valid: 96.27%, Test: 97.05%, Best Valid: 97.30%, Best Test: 97.42%
Run 03:
Highest Train: 99.42
Highest Valid: 97.34
Highest Test: 97.80
Chosen epoch: 956
Final Train: 99.22
Final Test: 97.79
Pre-training MLP for 500 epochs to generate co-occurrence matrix...
MLP pre-training complete. Penalty matrix frozen.
Epoch: 00, Loss: 0.6774, Train: 49.17%, Valid: 47.93%, Test: 49.27%, Best Valid: 47.93%, Best Test: 49.27%
Epoch: 100, Loss: 0.2231, Train: 95.88%, Valid: 93.14%, Test: 93.27%, Best Valid: 93.14%, Best Test: 93.27%
Epoch: 200, Loss: 0.1840, Train: 97.92%, Valid: 95.75%, Test: 95.30%, Best Valid: 96.02%, Best Test: 95.66%
Epoch: 300, Loss: 0.1587, Train: 98.95%, Valid: 96.22%, Test: 96.08%, Best Valid: 96.22%, Best Test: 96.08%
Epoch: 400, Loss: 0.1640, Train: 99.10%, Valid: 96.10%, Test: 95.86%, Best Valid: 96.44%, Best Test: 95.99%
Epoch: 500, Loss: 0.1505, Train: 99.51%, Valid: 96.35%, Test: 96.49%, Best Valid: 96.48%, Best Test: 96.25%
Epoch: 600, Loss: 0.1534, Train: 99.51%, Valid: 96.34%, Test: 96.28%, Best Valid: 96.87%, Best Test: 96.91%
Epoch: 700, Loss: 0.1424, Train: 99.63%, Valid: 96.66%, Test: 96.51%, Best Valid: 96.90%, Best Test: 96.63%
Epoch: 800, Loss: 0.1373, Train: 99.47%, Valid: 95.82%, Test: 96.17%, Best Valid: 97.25%, Best Test: 97.23%
Epoch: 900, Loss: 0.1349, Train: 99.71%, Valid: 96.59%, Test: 97.12%, Best Valid: 97.28%, Best Test: 97.40%
Run 04:
Highest Train: 99.82
Highest Valid: 97.28
Highest Test: 97.40
Chosen epoch: 884
Final Train: 99.79
Final Test: 97.40
Pre-training MLP for 500 epochs to generate co-occurrence matrix...
MLP pre-training complete. Penalty matrix frozen.
Epoch: 00, Loss: 0.8504, Train: 61.40%, Valid: 61.36%, Test: 61.77%, Best Valid: 61.36%, Best Test: 61.77%
Epoch: 100, Loss: 0.2314, Train: 95.45%, Valid: 93.25%, Test: 93.89%, Best Valid: 94.64%, Best Test: 94.56%
Epoch: 200, Loss: 0.1786, Train: 98.69%, Valid: 96.71%, Test: 96.52%, Best Valid: 96.71%, Best Test: 96.52%
Epoch: 300, Loss: 0.1681, Train: 98.43%, Valid: 96.52%, Test: 96.09%, Best Valid: 97.08%, Best Test: 96.43%
Epoch: 400, Loss: 0.1563, Train: 98.59%, Valid: 96.63%, Test: 96.07%, Best Valid: 97.08%, Best Test: 96.43%
Epoch: 500, Loss: 0.1534, Train: 99.07%, Valid: 96.35%, Test: 96.30%, Best Valid: 97.29%, Best Test: 96.58%
Epoch: 600, Loss: 0.1515, Train: 99.14%, Valid: 96.58%, Test: 96.39%, Best Valid: 97.51%, Best Test: 97.15%
Epoch: 700, Loss: 0.1425, Train: 99.12%, Valid: 96.17%, Test: 96.04%, Best Valid: 97.51%, Best Test: 97.15%
Epoch: 800, Loss: 0.1374, Train: 99.40%, Valid: 97.14%, Test: 96.30%, Best Valid: 97.62%, Best Test: 97.08%
Epoch: 900, Loss: 0.1312, Train: 99.58%, Valid: 96.83%, Test: 96.41%, Best Valid: 97.62%, Best Test: 97.08%
Run 05:
Highest Train: 99.71
Highest Valid: 97.66
Highest Test: 97.36
Chosen epoch: 933
Final Train: 99.64
Final Test: 97.25
All runs:
Highest Train: 99.68 ± 0.17
Highest Test: 97.62 ± 0.22
Highest Valid: 97.54 ± 0.30
  Final Train: 99.61 ± 0.23
   Final Test: 97.55 ± 0.24
Saving results to results/mlp_gnn_clamp/minesweeper/MPNN_gcn.csv
Running MLP_REG lambda=0.1...
Namespace(bn=True, cpu=False, data_dir='./data/', dataset='minesweeper', device=0, display_step=100, dropout=0.2, epochs=1000, gnn='gcn', hidden_channels=64, jk=False, label_num_per_class=20, lambda_val=0.1, ln=False, local_layers=12, lr=0.01, metric='rocauc', mlp_epochs=500, mlp_reg=True, model='MPNN', model_dir='./model/', num_heads=1, oracle_reg=False, pre_linear=False, pre_ln=False, rand_split=False, rand_split_class=False, reg_start_epoch=10, reg_update_freq=5, res=True, result_dir='results/mlp_gnn_clamp', runs=5, save_model=False, seed=42, test_num=1000, train_prop=0.5, use_reg=True, valid_num=500, valid_prop=0.25, weight_decay=0.0005)
minesweeper
dataset minesweeper | num nodes 10000 | num edge 39402 | num node feats 7 | num classes 2
MODEL: MPNNs(
  (h_lins): ModuleList()
  (local_convs): ModuleList(
    (0): GCNConv(7, 64)
    (1): GCNConv(64, 64)
    (2): GCNConv(64, 64)
    (3): GCNConv(64, 64)
    (4): GCNConv(64, 64)
    (5): GCNConv(64, 64)
    (6): GCNConv(64, 64)
    (7): GCNConv(64, 64)
    (8): GCNConv(64, 64)
    (9): GCNConv(64, 64)
    (10): GCNConv(64, 64)
    (11): GCNConv(64, 64)
  )
  (lins): ModuleList(
    (0): Linear(in_features=7, out_features=64, bias=True)
    (1): Linear(in_features=64, out_features=64, bias=True)
    (2): Linear(in_features=64, out_features=64, bias=True)
    (3): Linear(in_features=64, out_features=64, bias=True)
    (4): Linear(in_features=64, out_features=64, bias=True)
    (5): Linear(in_features=64, out_features=64, bias=True)
    (6): Linear(in_features=64, out_features=64, bias=True)
    (7): Linear(in_features=64, out_features=64, bias=True)
    (8): Linear(in_features=64, out_features=64, bias=True)
    (9): Linear(in_features=64, out_features=64, bias=True)
    (10): Linear(in_features=64, out_features=64, bias=True)
    (11): Linear(in_features=64, out_features=64, bias=True)
  )
  (lns): ModuleList(
    (0): LayerNorm((64,), eps=1e-05, elementwise_affine=True)
    (1): LayerNorm((64,), eps=1e-05, elementwise_affine=True)
    (2): LayerNorm((64,), eps=1e-05, elementwise_affine=True)
    (3): LayerNorm((64,), eps=1e-05, elementwise_affine=True)
    (4): LayerNorm((64,), eps=1e-05, elementwise_affine=True)
    (5): LayerNorm((64,), eps=1e-05, elementwise_affine=True)
    (6): LayerNorm((64,), eps=1e-05, elementwise_affine=True)
    (7): LayerNorm((64,), eps=1e-05, elementwise_affine=True)
    (8): LayerNorm((64,), eps=1e-05, elementwise_affine=True)
    (9): LayerNorm((64,), eps=1e-05, elementwise_affine=True)
    (10): LayerNorm((64,), eps=1e-05, elementwise_affine=True)
    (11): LayerNorm((64,), eps=1e-05, elementwise_affine=True)
  )
  (bns): ModuleList(
    (0): BatchNorm1d(64, eps=1e-05, momentum=0.1, affine=True, track_running_stats=True)
    (1): BatchNorm1d(64, eps=1e-05, momentum=0.1, affine=True, track_running_stats=True)
    (2): BatchNorm1d(64, eps=1e-05, momentum=0.1, affine=True, track_running_stats=True)
    (3): BatchNorm1d(64, eps=1e-05, momentum=0.1, affine=True, track_running_stats=True)
    (4): BatchNorm1d(64, eps=1e-05, momentum=0.1, affine=True, track_running_stats=True)
    (5): BatchNorm1d(64, eps=1e-05, momentum=0.1, affine=True, track_running_stats=True)
    (6): BatchNorm1d(64, eps=1e-05, momentum=0.1, affine=True, track_running_stats=True)
    (7): BatchNorm1d(64, eps=1e-05, momentum=0.1, affine=True, track_running_stats=True)
    (8): BatchNorm1d(64, eps=1e-05, momentum=0.1, affine=True, track_running_stats=True)
    (9): BatchNorm1d(64, eps=1e-05, momentum=0.1, affine=True, track_running_stats=True)
    (10): BatchNorm1d(64, eps=1e-05, momentum=0.1, affine=True, track_running_stats=True)
    (11): BatchNorm1d(64, eps=1e-05, momentum=0.1, affine=True, track_running_stats=True)
  )
  (lin_in): Linear(in_features=7, out_features=64, bias=True)
  (pred_local): Linear(in_features=64, out_features=2, bias=True)
)
Pre-training MLP for 500 epochs to generate co-occurrence matrix...
MLP pre-training complete. Penalty matrix frozen.
Epoch: 00, Loss: 0.9830, Train: 47.53%, Valid: 49.07%, Test: 46.17%, Best Valid: 49.07%, Best Test: 46.17%
Epoch: 100, Loss: 0.2563, Train: 94.75%, Valid: 92.07%, Test: 93.27%, Best Valid: 92.42%, Best Test: 93.49%
Epoch: 200, Loss: 0.2059, Train: 98.04%, Valid: 95.51%, Test: 96.03%, Best Valid: 95.51%, Best Test: 96.03%
Epoch: 300, Loss: 0.1826, Train: 98.51%, Valid: 95.69%, Test: 96.26%, Best Valid: 95.98%, Best Test: 96.43%
Epoch: 400, Loss: 0.1633, Train: 98.84%, Valid: 95.80%, Test: 96.61%, Best Valid: 96.51%, Best Test: 97.04%
Epoch: 500, Loss: 0.1674, Train: 98.86%, Valid: 95.71%, Test: 96.57%, Best Valid: 96.51%, Best Test: 97.04%
Epoch: 600, Loss: 0.1626, Train: 99.31%, Valid: 96.39%, Test: 96.70%, Best Valid: 96.75%, Best Test: 97.53%
Epoch: 700, Loss: 0.1525, Train: 99.42%, Valid: 96.47%, Test: 96.74%, Best Valid: 97.08%, Best Test: 97.23%
Epoch: 800, Loss: 0.1494, Train: 99.45%, Valid: 96.50%, Test: 96.83%, Best Valid: 97.16%, Best Test: 97.28%
Epoch: 900, Loss: 0.1400, Train: 99.66%, Valid: 96.92%, Test: 97.41%, Best Valid: 97.27%, Best Test: 97.74%
Run 01:
Highest Train: 99.77
Highest Valid: 97.51
Highest Test: 97.75
Chosen epoch: 943
Final Train: 99.77
Final Test: 97.75
Pre-training MLP for 500 epochs to generate co-occurrence matrix...
MLP pre-training complete. Penalty matrix frozen.
Epoch: 00, Loss: 0.8520, Train: 58.34%, Valid: 60.37%, Test: 60.95%, Best Valid: 60.37%, Best Test: 60.95%
Epoch: 100, Loss: 0.2533, Train: 96.30%, Valid: 95.47%, Test: 95.31%, Best Valid: 95.51%, Best Test: 95.16%
Epoch: 200, Loss: 0.2029, Train: 98.40%, Valid: 96.79%, Test: 96.77%, Best Valid: 96.79%, Best Test: 96.77%
Epoch: 300, Loss: 0.1862, Train: 98.78%, Valid: 97.08%, Test: 97.24%, Best Valid: 97.14%, Best Test: 97.06%
Epoch: 400, Loss: 0.1783, Train: 98.85%, Valid: 97.06%, Test: 96.84%, Best Valid: 97.25%, Best Test: 97.32%
Epoch: 500, Loss: 0.1659, Train: 99.09%, Valid: 97.23%, Test: 97.22%, Best Valid: 97.54%, Best Test: 97.40%
Epoch: 600, Loss: 0.1550, Train: 99.50%, Valid: 97.22%, Test: 97.63%, Best Valid: 97.57%, Best Test: 97.42%
Epoch: 700, Loss: 0.1618, Train: 99.29%, Valid: 96.86%, Test: 96.74%, Best Valid: 97.69%, Best Test: 97.63%
Epoch: 800, Loss: 0.1521, Train: 99.54%, Valid: 97.44%, Test: 97.46%, Best Valid: 97.69%, Best Test: 97.55%
Epoch: 900, Loss: 0.1503, Train: 99.59%, Valid: 97.39%, Test: 97.18%, Best Valid: 97.70%, Best Test: 97.67%
Run 02:
Highest Train: 99.82
Highest Valid: 97.76
Highest Test: 97.79
Chosen epoch: 925
Final Train: 99.71
Final Test: 97.55
Pre-training MLP for 500 epochs to generate co-occurrence matrix...
MLP pre-training complete. Penalty matrix frozen.
Epoch: 00, Loss: 0.7619, Train: 47.34%, Valid: 47.76%, Test: 46.50%, Best Valid: 47.76%, Best Test: 46.50%
Epoch: 100, Loss: 0.2383, Train: 93.71%, Valid: 93.20%, Test: 92.88%, Best Valid: 94.36%, Best Test: 94.32%
Epoch: 200, Loss: 0.2269, Train: 98.02%, Valid: 96.29%, Test: 96.78%, Best Valid: 96.29%, Best Test: 96.78%
Epoch: 300, Loss: 0.1912, Train: 98.55%, Valid: 96.16%, Test: 96.71%, Best Valid: 96.55%, Best Test: 96.98%
Epoch: 400, Loss: 0.1841, Train: 98.78%, Valid: 96.68%, Test: 97.00%, Best Valid: 96.91%, Best Test: 97.35%
Epoch: 500, Loss: 0.1697, Train: 99.29%, Valid: 96.96%, Test: 97.52%, Best Valid: 96.99%, Best Test: 97.11%
Epoch: 600, Loss: 0.1685, Train: 98.77%, Valid: 96.27%, Test: 97.43%, Best Valid: 97.17%, Best Test: 97.62%
Epoch: 700, Loss: 0.1669, Train: 99.31%, Valid: 96.85%, Test: 97.53%, Best Valid: 97.17%, Best Test: 97.62%
Epoch: 800, Loss: 0.1638, Train: 99.21%, Valid: 96.75%, Test: 96.89%, Best Valid: 97.17%, Best Test: 97.62%
Epoch: 900, Loss: 0.1669, Train: 99.15%, Valid: 96.30%, Test: 96.94%, Best Valid: 97.38%, Best Test: 97.66%
Run 03:
Highest Train: 99.64
Highest Valid: 97.38
Highest Test: 97.82
Chosen epoch: 866
Final Train: 99.38
Final Test: 97.66
Pre-training MLP for 500 epochs to generate co-occurrence matrix...
MLP pre-training complete. Penalty matrix frozen.
Epoch: 00, Loss: 0.7378, Train: 49.65%, Valid: 48.44%, Test: 49.83%, Best Valid: 48.44%, Best Test: 49.83%
Epoch: 100, Loss: 0.2409, Train: 94.79%, Valid: 92.73%, Test: 92.68%, Best Valid: 93.57%, Best Test: 93.80%
Epoch: 200, Loss: 0.1968, Train: 98.51%, Valid: 95.82%, Test: 95.84%, Best Valid: 95.90%, Best Test: 95.41%
Epoch: 300, Loss: 0.1771, Train: 98.95%, Valid: 96.21%, Test: 95.72%, Best Valid: 96.32%, Best Test: 95.47%
Epoch: 400, Loss: 0.1764, Train: 99.08%, Valid: 96.03%, Test: 95.90%, Best Valid: 96.51%, Best Test: 96.02%
Epoch: 500, Loss: 0.1588, Train: 99.28%, Valid: 96.35%, Test: 96.30%, Best Valid: 96.63%, Best Test: 96.05%
Epoch: 600, Loss: 0.1629, Train: 99.46%, Valid: 96.41%, Test: 96.52%, Best Valid: 96.95%, Best Test: 96.71%
Epoch: 700, Loss: 0.1530, Train: 99.49%, Valid: 96.24%, Test: 96.10%, Best Valid: 96.98%, Best Test: 96.87%
Epoch: 800, Loss: 0.1522, Train: 99.58%, Valid: 96.80%, Test: 96.55%, Best Valid: 97.20%, Best Test: 96.87%
Epoch: 900, Loss: 0.1405, Train: 99.55%, Valid: 96.45%, Test: 96.37%, Best Valid: 97.24%, Best Test: 96.84%
Run 04:
Highest Train: 99.80
Highest Valid: 97.56
Highest Test: 97.29
Chosen epoch: 982
Final Train: 99.73
Final Test: 97.13
Pre-training MLP for 500 epochs to generate co-occurrence matrix...
MLP pre-training complete. Penalty matrix frozen.
Epoch: 00, Loss: 0.9261, Train: 62.23%, Valid: 62.28%, Test: 62.77%, Best Valid: 62.28%, Best Test: 62.77%
Epoch: 100, Loss: 0.2498, Train: 95.95%, Valid: 94.02%, Test: 94.27%, Best Valid: 94.54%, Best Test: 94.31%
Epoch: 200, Loss: 0.1990, Train: 98.31%, Valid: 95.80%, Test: 95.56%, Best Valid: 96.33%, Best Test: 95.56%
Epoch: 300, Loss: 0.1907, Train: 98.61%, Valid: 96.42%, Test: 96.06%, Best Valid: 96.67%, Best Test: 96.21%
Epoch: 400, Loss: 0.1753, Train: 99.04%, Valid: 96.68%, Test: 96.49%, Best Valid: 97.16%, Best Test: 96.36%
Epoch: 500, Loss: 0.1731, Train: 98.83%, Valid: 96.35%, Test: 96.22%, Best Valid: 97.16%, Best Test: 96.36%
Epoch: 600, Loss: 0.1596, Train: 99.43%, Valid: 97.06%, Test: 96.93%, Best Valid: 97.16%, Best Test: 96.36%
Epoch: 700, Loss: 0.1619, Train: 99.13%, Valid: 96.77%, Test: 96.26%, Best Valid: 97.17%, Best Test: 96.82%
Epoch: 800, Loss: 0.1524, Train: 99.41%, Valid: 96.60%, Test: 96.37%, Best Valid: 97.37%, Best Test: 96.86%
Epoch: 900, Loss: 0.1552, Train: 99.58%, Valid: 96.84%, Test: 96.44%, Best Valid: 97.47%, Best Test: 97.06%
Run 05:
Highest Train: 99.69
Highest Valid: 97.49
Highest Test: 97.30
Chosen epoch: 989
Final Train: 99.63
Final Test: 96.84
All runs:
Highest Train: 99.74 ± 0.07
Highest Test: 97.59 ± 0.27
Highest Valid: 97.54 ± 0.14
  Final Train: 99.64 ± 0.16
   Final Test: 97.38 ± 0.39
Saving results to results/mlp_gnn_clamp/minesweeper/MPNN_gcn.csv
Running MLP_REG lambda=0.2...
Namespace(bn=True, cpu=False, data_dir='./data/', dataset='minesweeper', device=0, display_step=100, dropout=0.2, epochs=1000, gnn='gcn', hidden_channels=64, jk=False, label_num_per_class=20, lambda_val=0.2, ln=False, local_layers=12, lr=0.01, metric='rocauc', mlp_epochs=500, mlp_reg=True, model='MPNN', model_dir='./model/', num_heads=1, oracle_reg=False, pre_linear=False, pre_ln=False, rand_split=False, rand_split_class=False, reg_start_epoch=10, reg_update_freq=5, res=True, result_dir='results/mlp_gnn_clamp', runs=5, save_model=False, seed=42, test_num=1000, train_prop=0.5, use_reg=True, valid_num=500, valid_prop=0.25, weight_decay=0.0005)
minesweeper
dataset minesweeper | num nodes 10000 | num edge 39402 | num node feats 7 | num classes 2
MODEL: MPNNs(
  (h_lins): ModuleList()
  (local_convs): ModuleList(
    (0): GCNConv(7, 64)
    (1): GCNConv(64, 64)
    (2): GCNConv(64, 64)
    (3): GCNConv(64, 64)
    (4): GCNConv(64, 64)
    (5): GCNConv(64, 64)
    (6): GCNConv(64, 64)
    (7): GCNConv(64, 64)
    (8): GCNConv(64, 64)
    (9): GCNConv(64, 64)
    (10): GCNConv(64, 64)
    (11): GCNConv(64, 64)
  )
  (lins): ModuleList(
    (0): Linear(in_features=7, out_features=64, bias=True)
    (1): Linear(in_features=64, out_features=64, bias=True)
    (2): Linear(in_features=64, out_features=64, bias=True)
    (3): Linear(in_features=64, out_features=64, bias=True)
    (4): Linear(in_features=64, out_features=64, bias=True)
    (5): Linear(in_features=64, out_features=64, bias=True)
    (6): Linear(in_features=64, out_features=64, bias=True)
    (7): Linear(in_features=64, out_features=64, bias=True)
    (8): Linear(in_features=64, out_features=64, bias=True)
    (9): Linear(in_features=64, out_features=64, bias=True)
    (10): Linear(in_features=64, out_features=64, bias=True)
    (11): Linear(in_features=64, out_features=64, bias=True)
  )
  (lns): ModuleList(
    (0): LayerNorm((64,), eps=1e-05, elementwise_affine=True)
    (1): LayerNorm((64,), eps=1e-05, elementwise_affine=True)
    (2): LayerNorm((64,), eps=1e-05, elementwise_affine=True)
    (3): LayerNorm((64,), eps=1e-05, elementwise_affine=True)
    (4): LayerNorm((64,), eps=1e-05, elementwise_affine=True)
    (5): LayerNorm((64,), eps=1e-05, elementwise_affine=True)
    (6): LayerNorm((64,), eps=1e-05, elementwise_affine=True)
    (7): LayerNorm((64,), eps=1e-05, elementwise_affine=True)
    (8): LayerNorm((64,), eps=1e-05, elementwise_affine=True)
    (9): LayerNorm((64,), eps=1e-05, elementwise_affine=True)
    (10): LayerNorm((64,), eps=1e-05, elementwise_affine=True)
    (11): LayerNorm((64,), eps=1e-05, elementwise_affine=True)
  )
  (bns): ModuleList(
    (0): BatchNorm1d(64, eps=1e-05, momentum=0.1, affine=True, track_running_stats=True)
    (1): BatchNorm1d(64, eps=1e-05, momentum=0.1, affine=True, track_running_stats=True)
    (2): BatchNorm1d(64, eps=1e-05, momentum=0.1, affine=True, track_running_stats=True)
    (3): BatchNorm1d(64, eps=1e-05, momentum=0.1, affine=True, track_running_stats=True)
    (4): BatchNorm1d(64, eps=1e-05, momentum=0.1, affine=True, track_running_stats=True)
    (5): BatchNorm1d(64, eps=1e-05, momentum=0.1, affine=True, track_running_stats=True)
    (6): BatchNorm1d(64, eps=1e-05, momentum=0.1, affine=True, track_running_stats=True)
    (7): BatchNorm1d(64, eps=1e-05, momentum=0.1, affine=True, track_running_stats=True)
    (8): BatchNorm1d(64, eps=1e-05, momentum=0.1, affine=True, track_running_stats=True)
    (9): BatchNorm1d(64, eps=1e-05, momentum=0.1, affine=True, track_running_stats=True)
    (10): BatchNorm1d(64, eps=1e-05, momentum=0.1, affine=True, track_running_stats=True)
    (11): BatchNorm1d(64, eps=1e-05, momentum=0.1, affine=True, track_running_stats=True)
  )
  (lin_in): Linear(in_features=7, out_features=64, bias=True)
  (pred_local): Linear(in_features=64, out_features=2, bias=True)
)
Pre-training MLP for 500 epochs to generate co-occurrence matrix...
MLP pre-training complete. Penalty matrix frozen.
Epoch: 00, Loss: 1.0724, Train: 48.08%, Valid: 49.06%, Test: 46.96%, Best Valid: 49.06%, Best Test: 46.96%
Epoch: 100, Loss: 0.2802, Train: 94.67%, Valid: 91.51%, Test: 93.25%, Best Valid: 92.45%, Best Test: 93.30%
Epoch: 200, Loss: 0.2276, Train: 98.31%, Valid: 95.37%, Test: 96.46%, Best Valid: 95.68%, Best Test: 96.41%
Epoch: 300, Loss: 0.1978, Train: 98.85%, Valid: 96.05%, Test: 96.75%, Best Valid: 96.05%, Best Test: 96.75%
Epoch: 400, Loss: 0.2000, Train: 99.23%, Valid: 96.59%, Test: 97.11%, Best Valid: 96.59%, Best Test: 97.11%
Epoch: 500, Loss: 0.1776, Train: 99.29%, Valid: 96.29%, Test: 97.03%, Best Valid: 96.59%, Best Test: 97.11%
Epoch: 600, Loss: 0.1766, Train: 99.45%, Valid: 96.50%, Test: 96.86%, Best Valid: 96.64%, Best Test: 97.11%
Epoch: 700, Loss: 0.1769, Train: 99.58%, Valid: 96.24%, Test: 96.90%, Best Valid: 97.04%, Best Test: 97.32%
Epoch: 800, Loss: 0.1552, Train: 99.69%, Valid: 96.47%, Test: 97.20%, Best Valid: 97.04%, Best Test: 97.32%
Epoch: 900, Loss: 0.1600, Train: 99.60%, Valid: 96.32%, Test: 96.77%, Best Valid: 97.19%, Best Test: 97.41%
Run 01:
Highest Train: 99.86
Highest Valid: 97.20
Highest Test: 97.53
Chosen epoch: 973
Final Train: 99.84
Final Test: 97.41
Pre-training MLP for 500 epochs to generate co-occurrence matrix...
MLP pre-training complete. Penalty matrix frozen.
Epoch: 00, Loss: 0.9294, Train: 55.88%, Valid: 58.15%, Test: 58.76%, Best Valid: 58.15%, Best Test: 58.76%
Epoch: 100, Loss: 0.2756, Train: 94.43%, Valid: 93.94%, Test: 93.33%, Best Valid: 94.76%, Best Test: 94.53%
Epoch: 200, Loss: 0.2241, Train: 97.92%, Valid: 95.90%, Test: 95.99%, Best Valid: 96.55%, Best Test: 96.58%
Epoch: 300, Loss: 0.1921, Train: 98.55%, Valid: 96.61%, Test: 96.55%, Best Valid: 97.39%, Best Test: 97.30%
Epoch: 400, Loss: 0.1923, Train: 99.08%, Valid: 97.11%, Test: 97.05%, Best Valid: 97.39%, Best Test: 97.30%
Epoch: 500, Loss: 0.1994, Train: 98.86%, Valid: 96.90%, Test: 96.77%, Best Valid: 97.41%, Best Test: 97.21%
Epoch: 600, Loss: 0.1806, Train: 99.44%, Valid: 97.10%, Test: 97.32%, Best Valid: 97.41%, Best Test: 97.21%
Epoch: 700, Loss: 0.1733, Train: 99.57%, Valid: 97.16%, Test: 97.43%, Best Valid: 97.52%, Best Test: 97.60%
Epoch: 800, Loss: 0.1775, Train: 99.49%, Valid: 97.04%, Test: 96.96%, Best Valid: 97.70%, Best Test: 97.56%
Epoch: 900, Loss: 0.1650, Train: 99.53%, Valid: 97.48%, Test: 97.28%, Best Valid: 97.75%, Best Test: 97.49%
Run 02:
Highest Train: 99.78
Highest Valid: 97.80
Highest Test: 97.76
Chosen epoch: 902
Final Train: 99.73
Final Test: 97.69
Pre-training MLP for 500 epochs to generate co-occurrence matrix...
MLP pre-training complete. Penalty matrix frozen.
Epoch: 00, Loss: 0.8311, Train: 48.39%, Valid: 48.57%, Test: 47.56%, Best Valid: 48.57%, Best Test: 47.56%
Epoch: 100, Loss: 0.2710, Train: 95.69%, Valid: 94.75%, Test: 94.55%, Best Valid: 94.75%, Best Test: 94.55%
Epoch: 200, Loss: 0.2236, Train: 97.77%, Valid: 95.80%, Test: 96.54%, Best Valid: 96.15%, Best Test: 96.33%
Epoch: 300, Loss: 0.2083, Train: 98.44%, Valid: 96.82%, Test: 97.08%, Best Valid: 96.85%, Best Test: 97.08%
Epoch: 400, Loss: 0.1958, Train: 98.63%, Valid: 96.70%, Test: 96.87%, Best Valid: 97.03%, Best Test: 97.28%
Epoch: 500, Loss: 0.1883, Train: 98.81%, Valid: 97.04%, Test: 97.17%, Best Valid: 97.24%, Best Test: 97.35%
Epoch: 600, Loss: 0.1868, Train: 99.15%, Valid: 97.27%, Test: 97.61%, Best Valid: 97.45%, Best Test: 97.73%
Epoch: 700, Loss: 0.1684, Train: 99.09%, Valid: 97.18%, Test: 97.80%, Best Valid: 97.48%, Best Test: 97.53%
Epoch: 800, Loss: 0.1818, Train: 99.12%, Valid: 97.17%, Test: 97.48%, Best Valid: 97.48%, Best Test: 97.53%
Epoch: 900, Loss: 0.1627, Train: 98.72%, Valid: 96.75%, Test: 96.80%, Best Valid: 97.48%, Best Test: 97.53%
Run 03:
Highest Train: 99.56
Highest Valid: 97.57
Highest Test: 97.99
Chosen epoch: 958
Final Train: 99.39
Final Test: 97.48
Pre-training MLP for 500 epochs to generate co-occurrence matrix...
MLP pre-training complete. Penalty matrix frozen.
Epoch: 00, Loss: 0.8049, Train: 54.81%, Valid: 53.57%, Test: 55.96%, Best Valid: 53.57%, Best Test: 55.96%
Epoch: 100, Loss: 0.2620, Train: 96.11%, Valid: 93.91%, Test: 93.91%, Best Valid: 93.91%, Best Test: 93.91%
Epoch: 200, Loss: 0.2137, Train: 98.56%, Valid: 95.59%, Test: 95.54%, Best Valid: 96.12%, Best Test: 95.87%
Epoch: 300, Loss: 0.1953, Train: 98.90%, Valid: 96.26%, Test: 96.19%, Best Valid: 96.37%, Best Test: 96.61%
Epoch: 400, Loss: 0.1802, Train: 98.88%, Valid: 95.79%, Test: 95.60%, Best Valid: 96.84%, Best Test: 96.65%
Epoch: 500, Loss: 0.1757, Train: 99.43%, Valid: 95.88%, Test: 96.22%, Best Valid: 96.84%, Best Test: 96.65%
Epoch: 600, Loss: 0.1591, Train: 99.61%, Valid: 96.60%, Test: 96.41%, Best Valid: 96.84%, Best Test: 96.65%
Epoch: 700, Loss: 0.1587, Train: 99.72%, Valid: 96.80%, Test: 96.54%, Best Valid: 97.00%, Best Test: 96.73%
Epoch: 800, Loss: 0.1562, Train: 99.67%, Valid: 96.26%, Test: 96.26%, Best Valid: 97.15%, Best Test: 96.90%
Epoch: 900, Loss: 0.1482, Train: 99.68%, Valid: 96.80%, Test: 96.73%, Best Valid: 97.20%, Best Test: 97.06%
Run 04:
Highest Train: 99.90
Highest Valid: 97.22
Highest Test: 97.06
Chosen epoch: 969
Final Train: 99.85
Final Test: 97.06
Pre-training MLP for 500 epochs to generate co-occurrence matrix...
MLP pre-training complete. Penalty matrix frozen.
Epoch: 00, Loss: 1.0103, Train: 61.56%, Valid: 62.84%, Test: 62.52%, Best Valid: 62.84%, Best Test: 62.52%
Epoch: 100, Loss: 0.2712, Train: 95.27%, Valid: 93.96%, Test: 93.62%, Best Valid: 93.96%, Best Test: 93.62%
Epoch: 200, Loss: 0.2177, Train: 97.40%, Valid: 95.99%, Test: 95.05%, Best Valid: 96.93%, Best Test: 96.12%
Epoch: 300, Loss: 0.2101, Train: 98.56%, Valid: 96.18%, Test: 96.36%, Best Valid: 97.08%, Best Test: 96.26%
Epoch: 400, Loss: 0.1958, Train: 98.89%, Valid: 96.49%, Test: 96.63%, Best Valid: 97.25%, Best Test: 96.67%
Epoch: 500, Loss: 0.2027, Train: 99.01%, Valid: 97.08%, Test: 96.72%, Best Valid: 97.25%, Best Test: 96.67%
Epoch: 600, Loss: 0.1821, Train: 98.97%, Valid: 96.70%, Test: 96.73%, Best Valid: 97.25%, Best Test: 96.67%
Epoch: 700, Loss: 0.1863, Train: 99.06%, Valid: 97.18%, Test: 96.95%, Best Valid: 97.25%, Best Test: 96.67%
Epoch: 800, Loss: 0.1912, Train: 98.68%, Valid: 96.67%, Test: 96.34%, Best Valid: 97.43%, Best Test: 96.99%
Epoch: 900, Loss: 0.1852, Train: 99.06%, Valid: 97.16%, Test: 96.54%, Best Valid: 97.53%, Best Test: 96.81%
Run 05:
Highest Train: 99.38
Highest Valid: 97.57
Highest Test: 97.28
Chosen epoch: 953
Final Train: 99.37
Final Test: 96.86
All runs:
Highest Train: 99.70 ± 0.22
Highest Test: 97.52 ± 0.37
Highest Valid: 97.47 ± 0.26
  Final Train: 99.64 ± 0.24
   Final Test: 97.30 ± 0.34
Saving results to results/mlp_gnn_clamp/minesweeper/MPNN_gcn.csv
Running MLP_REG lambda=0.4...
Namespace(bn=True, cpu=False, data_dir='./data/', dataset='minesweeper', device=0, display_step=100, dropout=0.2, epochs=1000, gnn='gcn', hidden_channels=64, jk=False, label_num_per_class=20, lambda_val=0.4, ln=False, local_layers=12, lr=0.01, metric='rocauc', mlp_epochs=500, mlp_reg=True, model='MPNN', model_dir='./model/', num_heads=1, oracle_reg=False, pre_linear=False, pre_ln=False, rand_split=False, rand_split_class=False, reg_start_epoch=10, reg_update_freq=5, res=True, result_dir='results/mlp_gnn_clamp', runs=5, save_model=False, seed=42, test_num=1000, train_prop=0.5, use_reg=True, valid_num=500, valid_prop=0.25, weight_decay=0.0005)
minesweeper
dataset minesweeper | num nodes 10000 | num edge 39402 | num node feats 7 | num classes 2
MODEL: MPNNs(
  (h_lins): ModuleList()
  (local_convs): ModuleList(
    (0): GCNConv(7, 64)
    (1): GCNConv(64, 64)
    (2): GCNConv(64, 64)
    (3): GCNConv(64, 64)
    (4): GCNConv(64, 64)
    (5): GCNConv(64, 64)
    (6): GCNConv(64, 64)
    (7): GCNConv(64, 64)
    (8): GCNConv(64, 64)
    (9): GCNConv(64, 64)
    (10): GCNConv(64, 64)
    (11): GCNConv(64, 64)
  )
  (lins): ModuleList(
    (0): Linear(in_features=7, out_features=64, bias=True)
    (1): Linear(in_features=64, out_features=64, bias=True)
    (2): Linear(in_features=64, out_features=64, bias=True)
    (3): Linear(in_features=64, out_features=64, bias=True)
    (4): Linear(in_features=64, out_features=64, bias=True)
    (5): Linear(in_features=64, out_features=64, bias=True)
    (6): Linear(in_features=64, out_features=64, bias=True)
    (7): Linear(in_features=64, out_features=64, bias=True)
    (8): Linear(in_features=64, out_features=64, bias=True)
    (9): Linear(in_features=64, out_features=64, bias=True)
    (10): Linear(in_features=64, out_features=64, bias=True)
    (11): Linear(in_features=64, out_features=64, bias=True)
  )
  (lns): ModuleList(
    (0): LayerNorm((64,), eps=1e-05, elementwise_affine=True)
    (1): LayerNorm((64,), eps=1e-05, elementwise_affine=True)
    (2): LayerNorm((64,), eps=1e-05, elementwise_affine=True)
    (3): LayerNorm((64,), eps=1e-05, elementwise_affine=True)
    (4): LayerNorm((64,), eps=1e-05, elementwise_affine=True)
    (5): LayerNorm((64,), eps=1e-05, elementwise_affine=True)
    (6): LayerNorm((64,), eps=1e-05, elementwise_affine=True)
    (7): LayerNorm((64,), eps=1e-05, elementwise_affine=True)
    (8): LayerNorm((64,), eps=1e-05, elementwise_affine=True)
    (9): LayerNorm((64,), eps=1e-05, elementwise_affine=True)
    (10): LayerNorm((64,), eps=1e-05, elementwise_affine=True)
    (11): LayerNorm((64,), eps=1e-05, elementwise_affine=True)
  )
  (bns): ModuleList(
    (0): BatchNorm1d(64, eps=1e-05, momentum=0.1, affine=True, track_running_stats=True)
    (1): BatchNorm1d(64, eps=1e-05, momentum=0.1, affine=True, track_running_stats=True)
    (2): BatchNorm1d(64, eps=1e-05, momentum=0.1, affine=True, track_running_stats=True)
    (3): BatchNorm1d(64, eps=1e-05, momentum=0.1, affine=True, track_running_stats=True)
    (4): BatchNorm1d(64, eps=1e-05, momentum=0.1, affine=True, track_running_stats=True)
    (5): BatchNorm1d(64, eps=1e-05, momentum=0.1, affine=True, track_running_stats=True)
    (6): BatchNorm1d(64, eps=1e-05, momentum=0.1, affine=True, track_running_stats=True)
    (7): BatchNorm1d(64, eps=1e-05, momentum=0.1, affine=True, track_running_stats=True)
    (8): BatchNorm1d(64, eps=1e-05, momentum=0.1, affine=True, track_running_stats=True)
    (9): BatchNorm1d(64, eps=1e-05, momentum=0.1, affine=True, track_running_stats=True)
    (10): BatchNorm1d(64, eps=1e-05, momentum=0.1, affine=True, track_running_stats=True)
    (11): BatchNorm1d(64, eps=1e-05, momentum=0.1, affine=True, track_running_stats=True)
  )
  (lin_in): Linear(in_features=7, out_features=64, bias=True)
  (pred_local): Linear(in_features=64, out_features=2, bias=True)
)
Pre-training MLP for 500 epochs to generate co-occurrence matrix...
MLP pre-training complete. Penalty matrix frozen.
Epoch: 00, Loss: 1.2511, Train: 45.13%, Valid: 46.10%, Test: 44.82%, Best Valid: 46.10%, Best Test: 44.82%
Epoch: 100, Loss: 0.3317, Train: 94.62%, Valid: 92.57%, Test: 93.82%, Best Valid: 93.09%, Best Test: 94.01%
Epoch: 200, Loss: 0.2612, Train: 97.51%, Valid: 95.03%, Test: 95.90%, Best Valid: 95.86%, Best Test: 96.55%
Epoch: 300, Loss: 0.2362, Train: 98.62%, Valid: 96.44%, Test: 97.02%, Best Valid: 96.69%, Best Test: 97.17%
Epoch: 400, Loss: 0.2313, Train: 98.59%, Valid: 96.41%, Test: 97.11%, Best Valid: 96.74%, Best Test: 97.14%
Epoch: 500, Loss: 0.2360, Train: 99.10%, Valid: 96.45%, Test: 97.28%, Best Valid: 96.78%, Best Test: 97.13%
Epoch: 600, Loss: 0.2212, Train: 99.20%, Valid: 96.46%, Test: 96.90%, Best Valid: 97.07%, Best Test: 97.51%
Epoch: 700, Loss: 0.1978, Train: 99.28%, Valid: 96.97%, Test: 97.00%, Best Valid: 97.14%, Best Test: 97.40%
Epoch: 800, Loss: 0.2144, Train: 99.42%, Valid: 96.88%, Test: 97.17%, Best Valid: 97.21%, Best Test: 97.54%
Epoch: 900, Loss: 0.1884, Train: 99.54%, Valid: 96.52%, Test: 96.81%, Best Valid: 97.26%, Best Test: 97.35%
Run 01:
Highest Train: 99.74
Highest Valid: 97.26
Highest Test: 97.90
Chosen epoch: 831
Final Train: 99.50
Final Test: 97.35
Pre-training MLP for 500 epochs to generate co-occurrence matrix...
MLP pre-training complete. Penalty matrix frozen.
Epoch: 00, Loss: 1.0843, Train: 55.52%, Valid: 57.77%, Test: 58.36%, Best Valid: 57.77%, Best Test: 58.36%
Epoch: 100, Loss: 0.3822, Train: 94.07%, Valid: 93.51%, Test: 93.25%, Best Valid: 93.99%, Best Test: 93.10%
Epoch: 200, Loss: 0.2819, Train: 97.76%, Valid: 95.81%, Test: 95.91%, Best Valid: 95.91%, Best Test: 96.12%
Epoch: 300, Loss: 0.2391, Train: 98.51%, Valid: 96.18%, Test: 96.47%, Best Valid: 96.74%, Best Test: 96.47%
Epoch: 400, Loss: 0.2191, Train: 98.77%, Valid: 96.69%, Test: 96.73%, Best Valid: 96.99%, Best Test: 96.92%
Epoch: 500, Loss: 0.2239, Train: 98.78%, Valid: 96.72%, Test: 96.71%, Best Valid: 97.23%, Best Test: 97.17%
Epoch: 600, Loss: 0.2175, Train: 98.95%, Valid: 96.84%, Test: 96.98%, Best Valid: 97.34%, Best Test: 97.11%
Epoch: 700, Loss: 0.1893, Train: 99.60%, Valid: 97.46%, Test: 97.41%, Best Valid: 97.68%, Best Test: 97.53%
Epoch: 800, Loss: 0.2094, Train: 99.60%, Valid: 97.31%, Test: 97.40%, Best Valid: 97.84%, Best Test: 97.83%
Epoch: 900, Loss: 0.1982, Train: 99.56%, Valid: 97.43%, Test: 97.49%, Best Valid: 97.84%, Best Test: 97.83%
Run 02:
Highest Train: 99.81
Highest Valid: 97.84
Highest Test: 97.88
Chosen epoch: 782
Final Train: 99.64
Final Test: 97.83
Pre-training MLP for 500 epochs to generate co-occurrence matrix...
MLP pre-training complete. Penalty matrix frozen.
Epoch: 00, Loss: 0.9697, Train: 50.60%, Valid: 50.28%, Test: 49.80%, Best Valid: 50.28%, Best Test: 49.80%
Epoch: 100, Loss: 0.3145, Train: 94.46%, Valid: 93.99%, Test: 94.06%, Best Valid: 94.70%, Best Test: 94.70%
Epoch: 200, Loss: 0.2692, Train: 98.16%, Valid: 96.14%, Test: 96.33%, Best Valid: 96.45%, Best Test: 96.58%
Epoch: 300, Loss: 0.2486, Train: 98.74%, Valid: 96.84%, Test: 97.17%, Best Valid: 96.84%, Best Test: 97.17%
Epoch: 400, Loss: 0.2315, Train: 98.91%, Valid: 96.47%, Test: 96.91%, Best Valid: 97.14%, Best Test: 97.69%
Epoch: 500, Loss: 0.2182, Train: 99.09%, Valid: 96.89%, Test: 97.45%, Best Valid: 97.23%, Best Test: 97.60%
Epoch: 600, Loss: 0.2162, Train: 99.22%, Valid: 96.97%, Test: 97.28%, Best Valid: 97.54%, Best Test: 97.53%
Epoch: 700, Loss: 0.2155, Train: 98.93%, Valid: 96.51%, Test: 96.88%, Best Valid: 97.57%, Best Test: 97.73%
Epoch: 800, Loss: 0.1947, Train: 99.48%, Valid: 96.96%, Test: 97.28%, Best Valid: 97.57%, Best Test: 97.73%
Epoch: 900, Loss: 0.1850, Train: 99.48%, Valid: 97.13%, Test: 97.25%, Best Valid: 97.72%, Best Test: 97.52%
Run 03:
Highest Train: 99.67
Highest Valid: 97.72
Highest Test: 97.78
Chosen epoch: 804
Final Train: 99.63
Final Test: 97.52
Pre-training MLP for 500 epochs to generate co-occurrence matrix...
MLP pre-training complete. Penalty matrix frozen.
Epoch: 00, Loss: 0.9390, Train: 54.47%, Valid: 52.75%, Test: 54.63%, Best Valid: 52.75%, Best Test: 54.63%
Epoch: 100, Loss: 0.3196, Train: 94.93%, Valid: 91.67%, Test: 92.25%, Best Valid: 93.32%, Best Test: 93.17%
Epoch: 200, Loss: 0.2604, Train: 98.51%, Valid: 95.49%, Test: 95.15%, Best Valid: 95.56%, Best Test: 95.00%
Epoch: 300, Loss: 0.2365, Train: 98.29%, Valid: 95.18%, Test: 95.04%, Best Valid: 95.97%, Best Test: 95.62%
Epoch: 400, Loss: 0.2216, Train: 99.11%, Valid: 95.78%, Test: 95.79%, Best Valid: 96.05%, Best Test: 95.96%
Epoch: 500, Loss: 0.2010, Train: 99.49%, Valid: 95.94%, Test: 95.95%, Best Valid: 96.14%, Best Test: 95.98%
Epoch: 600, Loss: 0.2057, Train: 99.49%, Valid: 95.70%, Test: 95.90%, Best Valid: 96.34%, Best Test: 96.19%
Epoch: 700, Loss: 0.1937, Train: 99.54%, Valid: 95.89%, Test: 95.75%, Best Valid: 96.34%, Best Test: 96.19%
Epoch: 800, Loss: 0.1825, Train: 99.75%, Valid: 96.08%, Test: 96.19%, Best Valid: 96.68%, Best Test: 96.48%
Epoch: 900, Loss: 0.1686, Train: 99.80%, Valid: 96.36%, Test: 96.49%, Best Valid: 96.68%, Best Test: 96.48%
Run 04:
Highest Train: 99.90
Highest Valid: 97.14
Highest Test: 96.91
Chosen epoch: 989
Final Train: 99.89
Final Test: 96.77
Pre-training MLP for 500 epochs to generate co-occurrence matrix...
MLP pre-training complete. Penalty matrix frozen.
Epoch: 00, Loss: 1.1787, Train: 59.15%, Valid: 60.42%, Test: 59.82%, Best Valid: 60.42%, Best Test: 59.82%
Epoch: 100, Loss: 0.3276, Train: 96.26%, Valid: 94.69%, Test: 94.33%, Best Valid: 94.89%, Best Test: 94.46%
Epoch: 200, Loss: 0.2582, Train: 98.21%, Valid: 95.91%, Test: 95.75%, Best Valid: 96.44%, Best Test: 95.86%
Epoch: 300, Loss: 0.2429, Train: 98.81%, Valid: 95.74%, Test: 95.80%, Best Valid: 96.66%, Best Test: 96.23%
Epoch: 400, Loss: 0.2224, Train: 98.99%, Valid: 96.35%, Test: 96.23%, Best Valid: 96.71%, Best Test: 96.26%
Epoch: 500, Loss: 0.2109, Train: 99.30%, Valid: 96.70%, Test: 96.51%, Best Valid: 96.84%, Best Test: 96.62%
Epoch: 600, Loss: 0.2194, Train: 99.27%, Valid: 96.56%, Test: 96.73%, Best Valid: 97.03%, Best Test: 96.45%
Epoch: 700, Loss: 0.2106, Train: 99.48%, Valid: 96.80%, Test: 96.33%, Best Valid: 97.28%, Best Test: 97.10%
Epoch: 800, Loss: 0.1834, Train: 99.61%, Valid: 97.04%, Test: 97.02%, Best Valid: 97.29%, Best Test: 96.75%
Epoch: 900, Loss: 0.1817, Train: 99.72%, Valid: 97.10%, Test: 96.94%, Best Valid: 97.29%, Best Test: 96.75%
Run 05:
Highest Train: 99.74
Highest Valid: 97.32
Highest Test: 97.24
Chosen epoch: 961
Final Train: 99.62
Final Test: 97.19
All runs:
Highest Train: 99.77 ± 0.09
Highest Test: 97.54 ± 0.44
Highest Valid: 97.46 ± 0.30
  Final Train: 99.66 ± 0.14
   Final Test: 97.33 ± 0.39
Saving results to results/mlp_gnn_clamp/minesweeper/MPNN_gcn.csv
==========================================================
Task 1 completed at: Fri May  1 12:33:05 AM EDT 2026
==========================================================
