==========================================================
Clamp-GNN Task 0
Job: 1016832 | Date: Thu Apr 30 11:11:12 PM EDT 2026 | Host: n0001
==========================================================
Thu Apr 30 23:11:15 2026       
+-----------------------------------------------------------------------------------------+
| NVIDIA-SMI 570.211.01             Driver Version: 570.211.01     CUDA Version: 12.8     |
|-----------------------------------------+------------------------+----------------------+
| GPU  Name                 Persistence-M | Bus-Id          Disp.A | Volatile Uncorr. ECC |
| Fan  Temp   Perf          Pwr:Usage/Cap |           Memory-Usage | GPU-Util  Compute M. |
|                                         |                        |               MIG M. |
|=========================================+========================+======================|
|   0  NVIDIA A100-SXM4-80GB          On  |   00000000:01:00.0 Off |                   On |
| N/A   36C    P0             84W /  500W |    1335MiB /  81920MiB |     N/A      Default |
|                                         |                        |              Enabled |
+-----------------------------------------+------------------------+----------------------+
|   1  NVIDIA A100-SXM4-80GB          On  |   00000000:41:00.0 Off |                   On |
| N/A   32C    P0             50W /  500W |     185MiB /  81920MiB |     N/A      Default |
|                                         |                        |              Enabled |
+-----------------------------------------+------------------------+----------------------+
|   2  NVIDIA A100-SXM4-80GB          On  |   00000000:81:00.0 Off |                   On |
| N/A   40C    P0            138W /  500W |   17452MiB /  81920MiB |     N/A      Default |
|                                         |                        |              Enabled |
+-----------------------------------------+------------------------+----------------------+
|   3  NVIDIA A100-SXM4-80GB          On  |   00000000:C1:00.0 Off |                   On |
| N/A   39C    P0            191W /  500W |   13022MiB /  81920MiB |     N/A      Default |
|                                         |                        |              Enabled |
+-----------------------------------------+------------------------+----------------------+

+-----------------------------------------------------------------------------------------+
| MIG devices:                                                                            |
+------------------+----------------------------------+-----------+-----------------------+
| GPU  GI  CI  MIG |                     Memory-Usage |        Vol|        Shared         |
|      ID  ID  Dev |                       BAR1-Usage | SM     Unc| CE ENC  DEC  OFA  JPG |
|                  |                                  |        ECC|                       |
|==================+==================================+===========+=======================|
|  0    5   0   0  |              53MiB / 19968MiB    | 28      0 |  2   0    1    0    0 |
|                  |                 0MiB / 32767MiB  |           |                       |
+------------------+----------------------------------+-----------+-----------------------+
                                                                                         
+-----------------------------------------------------------------------------------------+
| Processes:                                                                              |
|  GPU   GI   CI              PID   Type   Process name                        GPU Memory |
|        ID   ID                                                               Usage      |
|=========================================================================================|
|    2    2    0          1952877      C   python                                  768MiB |
|    2    3    0          1959382      C   python                                16488MiB |
|    3    5    0          1960087      C   python                                 7736MiB |
|    3    1    0          1983037      C   python                                 5090MiB |
+-----------------------------------------------------------------------------------------+
1.12.1
True
NVIDIA A100-SXM4-80GB MIG 2g.20gb
Dataset: pubmed | GCN
Running GCN baseline (no reg)...
Namespace(bn=False, cpu=False, data_dir='./data/', dataset='pubmed', device=0, display_step=100, dropout=0.7, epochs=1000, gnn='gcn', hidden_channels=256, jk=False, label_num_per_class=20, lambda_val=0.5, ln=False, local_layers=2, lr=0.005, metric='acc', mlp_epochs=500, mlp_reg=False, model='MPNN', model_dir='./model/', num_heads=1, oracle_reg=False, pre_linear=False, pre_ln=False, rand_split=False, rand_split_class=True, reg_start_epoch=10, reg_update_freq=5, res=False, result_dir='results/mlp_gnn_clamp', runs=5, save_model=False, seed=123, test_num=1000, train_prop=0.5, use_reg=False, valid_num=500, valid_prop=0.25, weight_decay=0.0005)
pubmed
Num nodes: 19717
train:torch.Size([60]), valid:torch.Size([500]), test:torch.Size([1000])
dataset pubmed | num nodes 19717 | num edge 88648 | num node feats 500 | num classes 3
MODEL: MPNNs(
  (h_lins): ModuleList()
  (local_convs): ModuleList(
    (0): GCNConv(500, 256)
    (1): GCNConv(256, 256)
  )
  (lins): ModuleList(
    (0): Linear(in_features=500, out_features=256, bias=True)
    (1): Linear(in_features=256, out_features=256, bias=True)
  )
  (lns): ModuleList(
    (0): LayerNorm((256,), eps=1e-05, elementwise_affine=True)
    (1): LayerNorm((256,), eps=1e-05, elementwise_affine=True)
  )
  (bns): ModuleList(
    (0): BatchNorm1d(256, eps=1e-05, momentum=0.1, affine=True, track_running_stats=True)
    (1): BatchNorm1d(256, eps=1e-05, momentum=0.1, affine=True, track_running_stats=True)
  )
  (lin_in): Linear(in_features=500, out_features=256, bias=True)
  (pred_local): Linear(in_features=256, out_features=3, bias=True)
)
Epoch: 00, Loss: 1.0986, Train: 33.33%, Valid: 41.80%, Test: 38.80%, Best Valid: 41.80%, Best Test: 38.80%
Epoch: 100, Loss: 0.0139, Train: 100.00%, Valid: 74.80%, Test: 77.80%, Best Valid: 79.60%, Best Test: 80.90%
Epoch: 200, Loss: 0.0285, Train: 100.00%, Valid: 75.40%, Test: 78.50%, Best Valid: 79.60%, Best Test: 80.90%
Epoch: 300, Loss: 0.0120, Train: 100.00%, Valid: 74.20%, Test: 76.90%, Best Valid: 79.60%, Best Test: 80.90%
Epoch: 400, Loss: 0.0093, Train: 100.00%, Valid: 74.60%, Test: 77.80%, Best Valid: 79.60%, Best Test: 80.90%
Epoch: 500, Loss: 0.0089, Train: 100.00%, Valid: 74.80%, Test: 76.50%, Best Valid: 79.60%, Best Test: 80.90%
Epoch: 600, Loss: 0.0091, Train: 100.00%, Valid: 73.20%, Test: 75.00%, Best Valid: 79.60%, Best Test: 80.90%
Epoch: 700, Loss: 0.0057, Train: 100.00%, Valid: 73.60%, Test: 75.70%, Best Valid: 79.60%, Best Test: 80.90%
Epoch: 800, Loss: 0.0118, Train: 100.00%, Valid: 74.20%, Test: 77.60%, Best Valid: 79.60%, Best Test: 80.90%
Epoch: 900, Loss: 0.0131, Train: 100.00%, Valid: 74.00%, Test: 78.70%, Best Valid: 79.60%, Best Test: 80.90%
Run 01:
Highest Train: 100.00
Highest Valid: 79.60
Highest Test: 81.60
Chosen epoch: 27
Final Train: 100.00
Final Test: 80.90
Epoch: 00, Loss: 1.0994, Train: 35.00%, Valid: 42.60%, Test: 41.30%, Best Valid: 42.60%, Best Test: 41.30%
Epoch: 100, Loss: 0.0152, Train: 100.00%, Valid: 76.60%, Test: 77.20%, Best Valid: 78.80%, Best Test: 80.30%
Epoch: 200, Loss: 0.0225, Train: 100.00%, Valid: 74.80%, Test: 77.00%, Best Valid: 78.80%, Best Test: 80.30%
Epoch: 300, Loss: 0.0141, Train: 100.00%, Valid: 73.60%, Test: 76.20%, Best Valid: 78.80%, Best Test: 80.30%
Epoch: 400, Loss: 0.0185, Train: 100.00%, Valid: 74.60%, Test: 76.50%, Best Valid: 78.80%, Best Test: 80.30%
Epoch: 500, Loss: 0.0122, Train: 100.00%, Valid: 72.80%, Test: 76.80%, Best Valid: 78.80%, Best Test: 80.30%
Epoch: 600, Loss: 0.0118, Train: 100.00%, Valid: 75.20%, Test: 78.00%, Best Valid: 78.80%, Best Test: 80.30%
Epoch: 700, Loss: 0.0207, Train: 100.00%, Valid: 73.20%, Test: 75.00%, Best Valid: 78.80%, Best Test: 80.30%
Epoch: 800, Loss: 0.0063, Train: 100.00%, Valid: 74.80%, Test: 76.60%, Best Valid: 78.80%, Best Test: 80.30%
Epoch: 900, Loss: 0.0135, Train: 100.00%, Valid: 73.80%, Test: 77.50%, Best Valid: 78.80%, Best Test: 80.30%
Run 02:
Highest Train: 100.00
Highest Valid: 78.80
Highest Test: 81.10
Chosen epoch: 25
Final Train: 98.33
Final Test: 80.30
Epoch: 00, Loss: 1.0987, Train: 55.00%, Valid: 48.00%, Test: 45.70%, Best Valid: 48.00%, Best Test: 45.70%
Epoch: 100, Loss: 0.0176, Train: 100.00%, Valid: 76.80%, Test: 78.80%, Best Valid: 79.00%, Best Test: 79.40%
Epoch: 200, Loss: 0.0157, Train: 100.00%, Valid: 76.40%, Test: 78.70%, Best Valid: 79.00%, Best Test: 79.40%
Epoch: 300, Loss: 0.0099, Train: 100.00%, Valid: 75.20%, Test: 77.70%, Best Valid: 79.00%, Best Test: 79.40%
Epoch: 400, Loss: 0.0140, Train: 100.00%, Valid: 75.80%, Test: 78.30%, Best Valid: 79.00%, Best Test: 79.40%
Epoch: 500, Loss: 0.0075, Train: 100.00%, Valid: 74.60%, Test: 77.50%, Best Valid: 79.00%, Best Test: 79.40%
Epoch: 600, Loss: 0.0092, Train: 100.00%, Valid: 72.20%, Test: 74.40%, Best Valid: 79.00%, Best Test: 79.40%
Epoch: 700, Loss: 0.0089, Train: 100.00%, Valid: 75.00%, Test: 76.00%, Best Valid: 79.00%, Best Test: 79.40%
Epoch: 800, Loss: 0.0044, Train: 100.00%, Valid: 73.00%, Test: 74.60%, Best Valid: 79.00%, Best Test: 79.40%
Epoch: 900, Loss: 0.0083, Train: 100.00%, Valid: 73.60%, Test: 76.10%, Best Valid: 79.00%, Best Test: 79.40%
Run 03:
Highest Train: 100.00
Highest Valid: 79.00
Highest Test: 80.60
Chosen epoch: 41
Final Train: 100.00
Final Test: 79.40
Epoch: 00, Loss: 1.0997, Train: 33.33%, Valid: 35.00%, Test: 39.70%, Best Valid: 35.00%, Best Test: 39.70%
Epoch: 100, Loss: 0.0134, Train: 100.00%, Valid: 74.60%, Test: 76.00%, Best Valid: 79.60%, Best Test: 80.50%
Epoch: 200, Loss: 0.0143, Train: 100.00%, Valid: 75.40%, Test: 77.90%, Best Valid: 79.60%, Best Test: 80.50%
Epoch: 300, Loss: 0.0066, Train: 100.00%, Valid: 75.60%, Test: 78.30%, Best Valid: 79.60%, Best Test: 80.50%
Epoch: 400, Loss: 0.0061, Train: 100.00%, Valid: 75.40%, Test: 77.40%, Best Valid: 79.60%, Best Test: 80.50%
Epoch: 500, Loss: 0.0074, Train: 100.00%, Valid: 73.80%, Test: 77.40%, Best Valid: 79.60%, Best Test: 80.50%
Epoch: 600, Loss: 0.0043, Train: 100.00%, Valid: 74.20%, Test: 78.50%, Best Valid: 79.60%, Best Test: 80.50%
Epoch: 700, Loss: 0.0063, Train: 100.00%, Valid: 74.20%, Test: 76.90%, Best Valid: 79.60%, Best Test: 80.50%
Epoch: 800, Loss: 0.0090, Train: 100.00%, Valid: 75.20%, Test: 78.50%, Best Valid: 79.60%, Best Test: 80.50%
Epoch: 900, Loss: 0.0065, Train: 100.00%, Valid: 70.80%, Test: 71.40%, Best Valid: 79.60%, Best Test: 80.50%
Run 04:
Highest Train: 100.00
Highest Valid: 79.60
Highest Test: 81.00
Chosen epoch: 32
Final Train: 100.00
Final Test: 80.50
Epoch: 00, Loss: 1.0981, Train: 48.33%, Valid: 40.80%, Test: 46.70%, Best Valid: 40.80%, Best Test: 46.70%
Epoch: 100, Loss: 0.0154, Train: 100.00%, Valid: 75.80%, Test: 77.70%, Best Valid: 79.60%, Best Test: 79.70%
Epoch: 200, Loss: 0.0201, Train: 100.00%, Valid: 69.60%, Test: 71.10%, Best Valid: 79.60%, Best Test: 79.70%
Epoch: 300, Loss: 0.0175, Train: 100.00%, Valid: 74.60%, Test: 77.80%, Best Valid: 79.60%, Best Test: 79.70%
Epoch: 400, Loss: 0.0093, Train: 100.00%, Valid: 75.00%, Test: 78.40%, Best Valid: 79.60%, Best Test: 79.70%
Epoch: 500, Loss: 0.0102, Train: 100.00%, Valid: 74.40%, Test: 76.00%, Best Valid: 79.60%, Best Test: 79.70%
Epoch: 600, Loss: 0.0101, Train: 100.00%, Valid: 74.20%, Test: 76.10%, Best Valid: 79.60%, Best Test: 79.70%
Epoch: 700, Loss: 0.0132, Train: 100.00%, Valid: 74.60%, Test: 77.10%, Best Valid: 79.60%, Best Test: 79.70%
Epoch: 800, Loss: 0.0079, Train: 100.00%, Valid: 75.20%, Test: 78.40%, Best Valid: 79.60%, Best Test: 79.70%
Epoch: 900, Loss: 0.0188, Train: 100.00%, Valid: 74.20%, Test: 77.40%, Best Valid: 79.60%, Best Test: 79.70%
Run 05:
Highest Train: 100.00
Highest Valid: 79.60
Highest Test: 81.60
Chosen epoch: 30
Final Train: 100.00
Final Test: 79.70
All runs:
Highest Train: 100.00 ± 0.00
Highest Test: 81.18 ± 0.43
Highest Valid: 79.32 ± 0.39
  Final Train: 99.67 ± 0.75
   Final Test: 80.16 ± 0.61
Saving results to results/mlp_gnn_clamp/pubmed/MPNN_gcn.csv
Running MLP_REG lambda=0.01...
Namespace(bn=False, cpu=False, data_dir='./data/', dataset='pubmed', device=0, display_step=100, dropout=0.7, epochs=1000, gnn='gcn', hidden_channels=256, jk=False, label_num_per_class=20, lambda_val=0.01, ln=False, local_layers=2, lr=0.005, metric='acc', mlp_epochs=500, mlp_reg=True, model='MPNN', model_dir='./model/', num_heads=1, oracle_reg=False, pre_linear=False, pre_ln=False, rand_split=False, rand_split_class=True, reg_start_epoch=10, reg_update_freq=5, res=False, result_dir='results/mlp_gnn_clamp', runs=5, save_model=False, seed=123, test_num=1000, train_prop=0.5, use_reg=True, valid_num=500, valid_prop=0.25, weight_decay=0.0005)
pubmed
Num nodes: 19717
train:torch.Size([60]), valid:torch.Size([500]), test:torch.Size([1000])
dataset pubmed | num nodes 19717 | num edge 88648 | num node feats 500 | num classes 3
MODEL: MPNNs(
  (h_lins): ModuleList()
  (local_convs): ModuleList(
    (0): GCNConv(500, 256)
    (1): GCNConv(256, 256)
  )
  (lins): ModuleList(
    (0): Linear(in_features=500, out_features=256, bias=True)
    (1): Linear(in_features=256, out_features=256, bias=True)
  )
  (lns): ModuleList(
    (0): LayerNorm((256,), eps=1e-05, elementwise_affine=True)
    (1): LayerNorm((256,), eps=1e-05, elementwise_affine=True)
  )
  (bns): ModuleList(
    (0): BatchNorm1d(256, eps=1e-05, momentum=0.1, affine=True, track_running_stats=True)
    (1): BatchNorm1d(256, eps=1e-05, momentum=0.1, affine=True, track_running_stats=True)
  )
  (lin_in): Linear(in_features=500, out_features=256, bias=True)
  (pred_local): Linear(in_features=256, out_features=3, bias=True)
)
Pre-training MLP for 500 epochs to generate co-occurrence matrix...
MLP pre-training complete. Penalty matrix frozen.
Epoch: 00, Loss: 1.1107, Train: 33.33%, Valid: 41.80%, Test: 38.80%, Best Valid: 41.80%, Best Test: 38.80%
Epoch: 100, Loss: 0.0260, Train: 100.00%, Valid: 76.80%, Test: 78.40%, Best Valid: 78.80%, Best Test: 78.70%
Epoch: 200, Loss: 0.0131, Train: 100.00%, Valid: 75.00%, Test: 78.90%, Best Valid: 78.80%, Best Test: 78.70%
Epoch: 300, Loss: 0.0057, Train: 100.00%, Valid: 75.20%, Test: 78.00%, Best Valid: 78.80%, Best Test: 78.70%
Epoch: 400, Loss: 0.0096, Train: 100.00%, Valid: 71.20%, Test: 73.80%, Best Valid: 78.80%, Best Test: 78.70%
Epoch: 500, Loss: 0.0103, Train: 100.00%, Valid: 73.00%, Test: 74.90%, Best Valid: 78.80%, Best Test: 78.70%
Epoch: 600, Loss: 0.0215, Train: 100.00%, Valid: 75.00%, Test: 78.20%, Best Valid: 78.80%, Best Test: 78.70%
Epoch: 700, Loss: 0.0093, Train: 100.00%, Valid: 74.80%, Test: 77.10%, Best Valid: 78.80%, Best Test: 78.70%
Epoch: 800, Loss: 0.0109, Train: 100.00%, Valid: 74.80%, Test: 77.10%, Best Valid: 78.80%, Best Test: 78.70%
Epoch: 900, Loss: 0.0189, Train: 100.00%, Valid: 74.60%, Test: 78.00%, Best Valid: 78.80%, Best Test: 78.70%
Run 01:
Highest Train: 100.00
Highest Valid: 78.80
Highest Test: 79.80
Chosen epoch: 25
Final Train: 100.00
Final Test: 78.70
Pre-training MLP for 500 epochs to generate co-occurrence matrix...
MLP pre-training complete. Penalty matrix frozen.
Epoch: 00, Loss: 1.1079, Train: 40.00%, Valid: 44.60%, Test: 43.00%, Best Valid: 44.60%, Best Test: 43.00%
Epoch: 100, Loss: 0.0159, Train: 100.00%, Valid: 75.40%, Test: 78.30%, Best Valid: 80.20%, Best Test: 79.90%
Epoch: 200, Loss: 0.0116, Train: 100.00%, Valid: 72.60%, Test: 73.50%, Best Valid: 80.20%, Best Test: 79.90%
Epoch: 300, Loss: 0.0134, Train: 100.00%, Valid: 74.40%, Test: 76.80%, Best Valid: 80.20%, Best Test: 79.90%
Epoch: 400, Loss: 0.0135, Train: 100.00%, Valid: 74.60%, Test: 78.60%, Best Valid: 80.20%, Best Test: 79.90%
Epoch: 500, Loss: 0.0119, Train: 100.00%, Valid: 74.20%, Test: 77.40%, Best Valid: 80.20%, Best Test: 79.90%
Epoch: 600, Loss: 0.0084, Train: 100.00%, Valid: 74.80%, Test: 76.00%, Best Valid: 80.20%, Best Test: 79.90%
Epoch: 700, Loss: 0.0063, Train: 100.00%, Valid: 74.80%, Test: 79.10%, Best Valid: 80.20%, Best Test: 79.90%
Epoch: 800, Loss: 0.0493, Train: 100.00%, Valid: 74.60%, Test: 76.60%, Best Valid: 80.20%, Best Test: 79.90%
Epoch: 900, Loss: 0.0061, Train: 100.00%, Valid: 75.80%, Test: 78.10%, Best Valid: 80.20%, Best Test: 79.90%
Run 02:
Highest Train: 100.00
Highest Valid: 80.20
Highest Test: 80.70
Chosen epoch: 41
Final Train: 100.00
Final Test: 79.90
Pre-training MLP for 500 epochs to generate co-occurrence matrix...
MLP pre-training complete. Penalty matrix frozen.
Epoch: 00, Loss: 1.1102, Train: 50.00%, Valid: 53.00%, Test: 54.80%, Best Valid: 53.00%, Best Test: 54.80%
Epoch: 100, Loss: 0.0277, Train: 100.00%, Valid: 75.20%, Test: 77.50%, Best Valid: 79.60%, Best Test: 80.50%
Epoch: 200, Loss: 0.0072, Train: 100.00%, Valid: 75.40%, Test: 77.90%, Best Valid: 79.60%, Best Test: 80.50%
Epoch: 300, Loss: 0.0075, Train: 100.00%, Valid: 74.40%, Test: 77.80%, Best Valid: 79.60%, Best Test: 80.50%
Epoch: 400, Loss: 0.0076, Train: 100.00%, Valid: 74.40%, Test: 78.00%, Best Valid: 79.60%, Best Test: 80.50%
Epoch: 500, Loss: 0.0137, Train: 100.00%, Valid: 73.60%, Test: 77.50%, Best Valid: 79.60%, Best Test: 80.50%
Epoch: 600, Loss: 0.0150, Train: 100.00%, Valid: 75.60%, Test: 77.70%, Best Valid: 79.60%, Best Test: 80.50%
Epoch: 700, Loss: 0.0065, Train: 100.00%, Valid: 74.20%, Test: 74.70%, Best Valid: 79.60%, Best Test: 80.50%
Epoch: 800, Loss: 0.0084, Train: 100.00%, Valid: 73.80%, Test: 74.90%, Best Valid: 79.60%, Best Test: 80.50%
Epoch: 900, Loss: 0.0084, Train: 100.00%, Valid: 73.80%, Test: 76.00%, Best Valid: 79.60%, Best Test: 80.50%
Run 03:
Highest Train: 100.00
Highest Valid: 79.60
Highest Test: 81.10
Chosen epoch: 21
Final Train: 98.33
Final Test: 80.50
Pre-training MLP for 500 epochs to generate co-occurrence matrix...
MLP pre-training complete. Penalty matrix frozen.
Epoch: 00, Loss: 1.1108, Train: 33.33%, Valid: 36.00%, Test: 40.70%, Best Valid: 36.00%, Best Test: 40.70%
Epoch: 100, Loss: 0.0147, Train: 100.00%, Valid: 75.00%, Test: 78.20%, Best Valid: 79.20%, Best Test: 80.20%
Epoch: 200, Loss: 0.0093, Train: 100.00%, Valid: 73.60%, Test: 75.40%, Best Valid: 79.20%, Best Test: 80.20%
Epoch: 300, Loss: 0.0075, Train: 100.00%, Valid: 74.20%, Test: 75.80%, Best Valid: 79.20%, Best Test: 80.20%
Epoch: 400, Loss: 0.0103, Train: 100.00%, Valid: 75.20%, Test: 76.70%, Best Valid: 79.20%, Best Test: 80.20%
Epoch: 500, Loss: 0.0113, Train: 100.00%, Valid: 74.40%, Test: 77.70%, Best Valid: 79.20%, Best Test: 80.20%
Epoch: 600, Loss: 0.0098, Train: 100.00%, Valid: 74.80%, Test: 78.20%, Best Valid: 79.20%, Best Test: 80.20%
Epoch: 700, Loss: 0.0095, Train: 100.00%, Valid: 73.60%, Test: 75.00%, Best Valid: 79.20%, Best Test: 80.20%
Epoch: 800, Loss: 0.0052, Train: 100.00%, Valid: 75.00%, Test: 78.60%, Best Valid: 79.20%, Best Test: 80.20%
Epoch: 900, Loss: 0.0080, Train: 100.00%, Valid: 72.00%, Test: 76.90%, Best Valid: 79.20%, Best Test: 80.20%
Run 04:
Highest Train: 100.00
Highest Valid: 79.20
Highest Test: 80.90
Chosen epoch: 23
Final Train: 100.00
Final Test: 80.20
Pre-training MLP for 500 epochs to generate co-occurrence matrix...
MLP pre-training complete. Penalty matrix frozen.
Epoch: 00, Loss: 1.1105, Train: 33.33%, Valid: 23.20%, Test: 21.50%, Best Valid: 23.20%, Best Test: 21.50%
Epoch: 100, Loss: 0.0177, Train: 100.00%, Valid: 75.20%, Test: 77.70%, Best Valid: 79.40%, Best Test: 80.20%
Epoch: 200, Loss: 0.0162, Train: 100.00%, Valid: 74.40%, Test: 77.40%, Best Valid: 79.40%, Best Test: 80.20%
Epoch: 300, Loss: 0.0213, Train: 100.00%, Valid: 76.40%, Test: 77.90%, Best Valid: 79.40%, Best Test: 80.20%
Epoch: 400, Loss: 0.0081, Train: 100.00%, Valid: 73.60%, Test: 76.00%, Best Valid: 79.40%, Best Test: 80.20%
Epoch: 500, Loss: 0.0124, Train: 100.00%, Valid: 74.80%, Test: 77.90%, Best Valid: 79.40%, Best Test: 80.20%
Epoch: 600, Loss: 0.0087, Train: 100.00%, Valid: 74.40%, Test: 77.00%, Best Valid: 79.40%, Best Test: 80.20%
Epoch: 700, Loss: 0.0106, Train: 100.00%, Valid: 75.00%, Test: 77.00%, Best Valid: 79.40%, Best Test: 80.20%
Epoch: 800, Loss: 0.0054, Train: 100.00%, Valid: 75.60%, Test: 78.30%, Best Valid: 79.40%, Best Test: 80.20%
Epoch: 900, Loss: 0.0032, Train: 100.00%, Valid: 76.60%, Test: 78.60%, Best Valid: 79.40%, Best Test: 80.20%
Run 05:
Highest Train: 100.00
Highest Valid: 79.40
Highest Test: 81.80
Chosen epoch: 24
Final Train: 100.00
Final Test: 80.20
All runs:
Highest Train: 100.00 ± 0.00
Highest Test: 80.86 ± 0.72
Highest Valid: 79.44 ± 0.52
  Final Train: 99.67 ± 0.75
   Final Test: 79.90 ± 0.70
Saving results to results/mlp_gnn_clamp/pubmed/MPNN_gcn.csv
Running MLP_REG lambda=0.1...
Namespace(bn=False, cpu=False, data_dir='./data/', dataset='pubmed', device=0, display_step=100, dropout=0.7, epochs=1000, gnn='gcn', hidden_channels=256, jk=False, label_num_per_class=20, lambda_val=0.1, ln=False, local_layers=2, lr=0.005, metric='acc', mlp_epochs=500, mlp_reg=True, model='MPNN', model_dir='./model/', num_heads=1, oracle_reg=False, pre_linear=False, pre_ln=False, rand_split=False, rand_split_class=True, reg_start_epoch=10, reg_update_freq=5, res=False, result_dir='results/mlp_gnn_clamp', runs=5, save_model=False, seed=123, test_num=1000, train_prop=0.5, use_reg=True, valid_num=500, valid_prop=0.25, weight_decay=0.0005)
pubmed
Num nodes: 19717
train:torch.Size([60]), valid:torch.Size([500]), test:torch.Size([1000])
dataset pubmed | num nodes 19717 | num edge 88648 | num node feats 500 | num classes 3
MODEL: MPNNs(
  (h_lins): ModuleList()
  (local_convs): ModuleList(
    (0): GCNConv(500, 256)
    (1): GCNConv(256, 256)
  )
  (lins): ModuleList(
    (0): Linear(in_features=500, out_features=256, bias=True)
    (1): Linear(in_features=256, out_features=256, bias=True)
  )
  (lns): ModuleList(
    (0): LayerNorm((256,), eps=1e-05, elementwise_affine=True)
    (1): LayerNorm((256,), eps=1e-05, elementwise_affine=True)
  )
  (bns): ModuleList(
    (0): BatchNorm1d(256, eps=1e-05, momentum=0.1, affine=True, track_running_stats=True)
    (1): BatchNorm1d(256, eps=1e-05, momentum=0.1, affine=True, track_running_stats=True)
  )
  (lin_in): Linear(in_features=500, out_features=256, bias=True)
  (pred_local): Linear(in_features=256, out_features=3, bias=True)
)
Pre-training MLP for 500 epochs to generate co-occurrence matrix...
MLP pre-training complete. Penalty matrix frozen.
Epoch: 00, Loss: 1.2097, Train: 33.33%, Valid: 41.80%, Test: 38.80%, Best Valid: 41.80%, Best Test: 38.80%
Epoch: 100, Loss: 0.0291, Train: 100.00%, Valid: 77.00%, Test: 78.20%, Best Valid: 78.60%, Best Test: 79.20%
Epoch: 200, Loss: 0.0149, Train: 100.00%, Valid: 75.20%, Test: 79.20%, Best Valid: 78.60%, Best Test: 79.20%
Epoch: 300, Loss: 0.0067, Train: 100.00%, Valid: 75.40%, Test: 77.90%, Best Valid: 78.60%, Best Test: 79.20%
Epoch: 400, Loss: 0.0065, Train: 100.00%, Valid: 73.20%, Test: 76.00%, Best Valid: 78.60%, Best Test: 79.20%
Epoch: 500, Loss: 0.0070, Train: 100.00%, Valid: 73.60%, Test: 76.50%, Best Valid: 78.60%, Best Test: 79.20%
Epoch: 600, Loss: 0.0645, Train: 100.00%, Valid: 75.00%, Test: 77.60%, Best Valid: 78.60%, Best Test: 79.20%
Epoch: 700, Loss: 0.0115, Train: 100.00%, Valid: 75.20%, Test: 78.30%, Best Valid: 78.60%, Best Test: 79.20%
Epoch: 800, Loss: 0.0178, Train: 100.00%, Valid: 73.60%, Test: 76.90%, Best Valid: 78.60%, Best Test: 79.20%
Epoch: 900, Loss: 0.0149, Train: 100.00%, Valid: 74.80%, Test: 77.40%, Best Valid: 78.60%, Best Test: 79.20%
Run 01:
Highest Train: 100.00
Highest Valid: 78.60
Highest Test: 80.00
Chosen epoch: 25
Final Train: 100.00
Final Test: 79.20
Pre-training MLP for 500 epochs to generate co-occurrence matrix...
MLP pre-training complete. Penalty matrix frozen.
Epoch: 00, Loss: 1.2066, Train: 38.33%, Valid: 43.00%, Test: 41.20%, Best Valid: 43.00%, Best Test: 41.20%
Epoch: 100, Loss: 0.0180, Train: 100.00%, Valid: 76.00%, Test: 79.10%, Best Valid: 79.60%, Best Test: 79.60%
Epoch: 200, Loss: 0.0103, Train: 100.00%, Valid: 73.80%, Test: 75.20%, Best Valid: 79.60%, Best Test: 79.60%
Epoch: 300, Loss: 0.0165, Train: 100.00%, Valid: 74.60%, Test: 78.00%, Best Valid: 79.60%, Best Test: 79.60%
Epoch: 400, Loss: 0.0153, Train: 100.00%, Valid: 73.80%, Test: 78.30%, Best Valid: 79.60%, Best Test: 79.60%
Epoch: 500, Loss: 0.0117, Train: 100.00%, Valid: 74.80%, Test: 78.60%, Best Valid: 79.60%, Best Test: 79.60%
Epoch: 600, Loss: 0.0115, Train: 100.00%, Valid: 73.20%, Test: 76.70%, Best Valid: 79.60%, Best Test: 79.60%
Epoch: 700, Loss: 0.0112, Train: 100.00%, Valid: 75.40%, Test: 78.40%, Best Valid: 79.60%, Best Test: 79.60%
Epoch: 800, Loss: 0.0144, Train: 100.00%, Valid: 74.00%, Test: 77.70%, Best Valid: 79.60%, Best Test: 79.60%
Epoch: 900, Loss: 0.0055, Train: 100.00%, Valid: 77.20%, Test: 79.10%, Best Valid: 79.60%, Best Test: 79.60%
Run 02:
Highest Train: 100.00
Highest Valid: 79.60
Highest Test: 80.80
Chosen epoch: 42
Final Train: 100.00
Final Test: 79.60
Pre-training MLP for 500 epochs to generate co-occurrence matrix...
MLP pre-training complete. Penalty matrix frozen.
Epoch: 00, Loss: 1.2091, Train: 51.67%, Valid: 52.80%, Test: 54.20%, Best Valid: 52.80%, Best Test: 54.20%
Epoch: 100, Loss: 0.0334, Train: 100.00%, Valid: 76.20%, Test: 77.30%, Best Valid: 79.40%, Best Test: 80.50%
Epoch: 200, Loss: 0.0091, Train: 100.00%, Valid: 75.60%, Test: 78.80%, Best Valid: 79.40%, Best Test: 80.50%
Epoch: 300, Loss: 0.0074, Train: 100.00%, Valid: 74.40%, Test: 77.70%, Best Valid: 79.40%, Best Test: 80.50%
Epoch: 400, Loss: 0.0141, Train: 100.00%, Valid: 74.40%, Test: 77.70%, Best Valid: 79.40%, Best Test: 80.50%
Epoch: 500, Loss: 0.0158, Train: 100.00%, Valid: 73.20%, Test: 76.80%, Best Valid: 79.40%, Best Test: 80.50%
Epoch: 600, Loss: 0.0098, Train: 100.00%, Valid: 76.20%, Test: 77.40%, Best Valid: 79.40%, Best Test: 80.50%
Epoch: 700, Loss: 0.0053, Train: 100.00%, Valid: 75.00%, Test: 76.50%, Best Valid: 79.40%, Best Test: 80.50%
Epoch: 800, Loss: 0.0082, Train: 100.00%, Valid: 74.40%, Test: 76.00%, Best Valid: 79.40%, Best Test: 80.50%
Epoch: 900, Loss: 0.0083, Train: 100.00%, Valid: 74.00%, Test: 75.70%, Best Valid: 79.40%, Best Test: 80.50%
Run 03:
Highest Train: 100.00
Highest Valid: 79.40
Highest Test: 81.40
Chosen epoch: 21
Final Train: 98.33
Final Test: 80.50
Pre-training MLP for 500 epochs to generate co-occurrence matrix...
MLP pre-training complete. Penalty matrix frozen.
Epoch: 00, Loss: 1.2098, Train: 33.33%, Valid: 35.00%, Test: 39.70%, Best Valid: 35.00%, Best Test: 39.70%
Epoch: 100, Loss: 0.0171, Train: 100.00%, Valid: 75.60%, Test: 78.90%, Best Valid: 79.20%, Best Test: 81.10%
Epoch: 200, Loss: 0.0084, Train: 100.00%, Valid: 74.00%, Test: 75.80%, Best Valid: 79.20%, Best Test: 81.10%
Epoch: 300, Loss: 0.0087, Train: 100.00%, Valid: 74.00%, Test: 75.50%, Best Valid: 79.20%, Best Test: 81.10%
Epoch: 400, Loss: 0.0130, Train: 100.00%, Valid: 75.80%, Test: 76.60%, Best Valid: 79.20%, Best Test: 81.10%
Epoch: 500, Loss: 0.0173, Train: 100.00%, Valid: 75.00%, Test: 78.10%, Best Valid: 79.20%, Best Test: 81.10%
Epoch: 600, Loss: 0.0104, Train: 100.00%, Valid: 75.60%, Test: 79.00%, Best Valid: 79.20%, Best Test: 81.10%
Epoch: 700, Loss: 0.0137, Train: 100.00%, Valid: 73.60%, Test: 75.20%, Best Valid: 79.20%, Best Test: 81.10%
Epoch: 800, Loss: 0.0050, Train: 100.00%, Valid: 75.60%, Test: 78.60%, Best Valid: 79.20%, Best Test: 81.10%
Epoch: 900, Loss: 0.0075, Train: 100.00%, Valid: 74.40%, Test: 77.90%, Best Valid: 79.20%, Best Test: 81.10%
Run 04:
Highest Train: 100.00
Highest Valid: 79.20
Highest Test: 81.10
Chosen epoch: 25
Final Train: 100.00
Final Test: 81.10
Pre-training MLP for 500 epochs to generate co-occurrence matrix...
MLP pre-training complete. Penalty matrix frozen.
Epoch: 00, Loss: 1.2094, Train: 33.33%, Valid: 23.20%, Test: 21.50%, Best Valid: 23.20%, Best Test: 21.50%
Epoch: 100, Loss: 0.0203, Train: 100.00%, Valid: 75.60%, Test: 77.40%, Best Valid: 79.00%, Best Test: 79.40%
Epoch: 200, Loss: 0.0246, Train: 100.00%, Valid: 74.60%, Test: 78.40%, Best Valid: 79.00%, Best Test: 79.40%
Epoch: 300, Loss: 0.0144, Train: 100.00%, Valid: 75.60%, Test: 78.30%, Best Valid: 79.00%, Best Test: 79.40%
Epoch: 400, Loss: 0.0096, Train: 100.00%, Valid: 73.00%, Test: 75.40%, Best Valid: 79.00%, Best Test: 79.40%
Epoch: 500, Loss: 0.0153, Train: 100.00%, Valid: 77.00%, Test: 79.30%, Best Valid: 79.00%, Best Test: 79.40%
Epoch: 600, Loss: 0.0071, Train: 100.00%, Valid: 75.80%, Test: 78.40%, Best Valid: 79.00%, Best Test: 79.40%
Epoch: 700, Loss: 0.0068, Train: 100.00%, Valid: 71.80%, Test: 73.00%, Best Valid: 79.00%, Best Test: 79.40%
Epoch: 800, Loss: 0.0068, Train: 100.00%, Valid: 75.00%, Test: 77.00%, Best Valid: 79.00%, Best Test: 79.40%
Epoch: 900, Loss: 0.0093, Train: 100.00%, Valid: 74.40%, Test: 77.90%, Best Valid: 79.00%, Best Test: 79.40%
Run 05:
Highest Train: 100.00
Highest Valid: 79.00
Highest Test: 81.70
Chosen epoch: 18
Final Train: 96.67
Final Test: 79.40
All runs:
Highest Train: 100.00 ± 0.00
Highest Test: 81.00 ± 0.65
Highest Valid: 79.16 ± 0.38
  Final Train: 99.00 ± 1.49
   Final Test: 79.96 ± 0.81
Saving results to results/mlp_gnn_clamp/pubmed/MPNN_gcn.csv
Running MLP_REG lambda=0.2...
Namespace(bn=False, cpu=False, data_dir='./data/', dataset='pubmed', device=0, display_step=100, dropout=0.7, epochs=1000, gnn='gcn', hidden_channels=256, jk=False, label_num_per_class=20, lambda_val=0.2, ln=False, local_layers=2, lr=0.005, metric='acc', mlp_epochs=500, mlp_reg=True, model='MPNN', model_dir='./model/', num_heads=1, oracle_reg=False, pre_linear=False, pre_ln=False, rand_split=False, rand_split_class=True, reg_start_epoch=10, reg_update_freq=5, res=False, result_dir='results/mlp_gnn_clamp', runs=5, save_model=False, seed=123, test_num=1000, train_prop=0.5, use_reg=True, valid_num=500, valid_prop=0.25, weight_decay=0.0005)
pubmed
Num nodes: 19717
train:torch.Size([60]), valid:torch.Size([500]), test:torch.Size([1000])
dataset pubmed | num nodes 19717 | num edge 88648 | num node feats 500 | num classes 3
MODEL: MPNNs(
  (h_lins): ModuleList()
  (local_convs): ModuleList(
    (0): GCNConv(500, 256)
    (1): GCNConv(256, 256)
  )
  (lins): ModuleList(
    (0): Linear(in_features=500, out_features=256, bias=True)
    (1): Linear(in_features=256, out_features=256, bias=True)
  )
  (lns): ModuleList(
    (0): LayerNorm((256,), eps=1e-05, elementwise_affine=True)
    (1): LayerNorm((256,), eps=1e-05, elementwise_affine=True)
  )
  (bns): ModuleList(
    (0): BatchNorm1d(256, eps=1e-05, momentum=0.1, affine=True, track_running_stats=True)
    (1): BatchNorm1d(256, eps=1e-05, momentum=0.1, affine=True, track_running_stats=True)
  )
  (lin_in): Linear(in_features=500, out_features=256, bias=True)
  (pred_local): Linear(in_features=256, out_features=3, bias=True)
)
Pre-training MLP for 500 epochs to generate co-occurrence matrix...
MLP pre-training complete. Penalty matrix frozen.
Epoch: 00, Loss: 1.3196, Train: 33.33%, Valid: 41.80%, Test: 38.80%, Best Valid: 41.80%, Best Test: 38.80%
Epoch: 100, Loss: 0.0321, Train: 100.00%, Valid: 77.20%, Test: 78.20%, Best Valid: 79.60%, Best Test: 78.90%
Epoch: 200, Loss: 0.0154, Train: 100.00%, Valid: 75.20%, Test: 78.70%, Best Valid: 79.60%, Best Test: 78.90%
Epoch: 300, Loss: 0.0074, Train: 100.00%, Valid: 73.60%, Test: 76.90%, Best Valid: 79.60%, Best Test: 78.90%
Epoch: 400, Loss: 0.0099, Train: 100.00%, Valid: 72.80%, Test: 75.90%, Best Valid: 79.60%, Best Test: 78.90%
Epoch: 500, Loss: 0.0108, Train: 100.00%, Valid: 74.40%, Test: 76.70%, Best Valid: 79.60%, Best Test: 78.90%
Epoch: 600, Loss: 0.0293, Train: 100.00%, Valid: 74.60%, Test: 78.50%, Best Valid: 79.60%, Best Test: 78.90%
Epoch: 700, Loss: 0.0117, Train: 100.00%, Valid: 75.00%, Test: 79.00%, Best Valid: 79.60%, Best Test: 78.90%
Epoch: 800, Loss: 0.0223, Train: 100.00%, Valid: 74.20%, Test: 76.10%, Best Valid: 79.60%, Best Test: 78.90%
Epoch: 900, Loss: 0.0185, Train: 100.00%, Valid: 74.20%, Test: 77.00%, Best Valid: 79.60%, Best Test: 78.90%
Run 01:
Highest Train: 100.00
Highest Valid: 79.60
Highest Test: 80.10
Chosen epoch: 24
Final Train: 100.00
Final Test: 78.90
Pre-training MLP for 500 epochs to generate co-occurrence matrix...
MLP pre-training complete. Penalty matrix frozen.
Epoch: 00, Loss: 1.3163, Train: 33.33%, Valid: 41.60%, Test: 39.30%, Best Valid: 41.60%, Best Test: 39.30%
Epoch: 100, Loss: 0.0191, Train: 100.00%, Valid: 75.60%, Test: 78.80%, Best Valid: 79.60%, Best Test: 79.60%
Epoch: 200, Loss: 0.0093, Train: 100.00%, Valid: 74.40%, Test: 77.10%, Best Valid: 79.60%, Best Test: 79.60%
Epoch: 300, Loss: 0.0166, Train: 100.00%, Valid: 74.80%, Test: 77.10%, Best Valid: 79.60%, Best Test: 79.60%
Epoch: 400, Loss: 0.0159, Train: 100.00%, Valid: 75.20%, Test: 78.50%, Best Valid: 79.60%, Best Test: 79.60%
Epoch: 500, Loss: 0.0124, Train: 100.00%, Valid: 74.60%, Test: 79.00%, Best Valid: 79.60%, Best Test: 79.60%
Epoch: 600, Loss: 0.0123, Train: 100.00%, Valid: 74.40%, Test: 77.40%, Best Valid: 79.60%, Best Test: 79.60%
Epoch: 700, Loss: 0.0054, Train: 100.00%, Valid: 74.80%, Test: 78.00%, Best Valid: 79.60%, Best Test: 79.60%
Epoch: 800, Loss: 0.0477, Train: 100.00%, Valid: 75.20%, Test: 76.90%, Best Valid: 79.60%, Best Test: 79.60%
Epoch: 900, Loss: 0.0060, Train: 100.00%, Valid: 76.00%, Test: 78.20%, Best Valid: 79.60%, Best Test: 79.60%
Run 02:
Highest Train: 100.00
Highest Valid: 79.60
Highest Test: 81.10
Chosen epoch: 42
Final Train: 100.00
Final Test: 79.60
Pre-training MLP for 500 epochs to generate co-occurrence matrix...
MLP pre-training complete. Penalty matrix frozen.
Epoch: 00, Loss: 1.3190, Train: 51.67%, Valid: 52.60%, Test: 53.90%, Best Valid: 52.60%, Best Test: 53.90%
Epoch: 100, Loss: 0.0324, Train: 100.00%, Valid: 76.00%, Test: 77.60%, Best Valid: 80.20%, Best Test: 81.30%
Epoch: 200, Loss: 0.0117, Train: 100.00%, Valid: 75.80%, Test: 78.60%, Best Valid: 80.20%, Best Test: 81.30%
Epoch: 300, Loss: 0.0106, Train: 100.00%, Valid: 74.40%, Test: 78.20%, Best Valid: 80.20%, Best Test: 81.30%
Epoch: 400, Loss: 0.0155, Train: 100.00%, Valid: 73.00%, Test: 77.00%, Best Valid: 80.20%, Best Test: 81.30%
Epoch: 500, Loss: 0.0161, Train: 100.00%, Valid: 74.40%, Test: 78.30%, Best Valid: 80.20%, Best Test: 81.30%
Epoch: 600, Loss: 0.0080, Train: 100.00%, Valid: 75.00%, Test: 77.70%, Best Valid: 80.20%, Best Test: 81.30%
Epoch: 700, Loss: 0.0055, Train: 100.00%, Valid: 75.00%, Test: 76.40%, Best Valid: 80.20%, Best Test: 81.30%
Epoch: 800, Loss: 0.0110, Train: 100.00%, Valid: 75.20%, Test: 78.40%, Best Valid: 80.20%, Best Test: 81.30%
Epoch: 900, Loss: 0.0115, Train: 100.00%, Valid: 73.20%, Test: 75.30%, Best Valid: 80.20%, Best Test: 81.30%
Run 03:
Highest Train: 100.00
Highest Valid: 80.20
Highest Test: 81.70
Chosen epoch: 21
Final Train: 98.33
Final Test: 81.30
Pre-training MLP for 500 epochs to generate co-occurrence matrix...
MLP pre-training complete. Penalty matrix frozen.
Epoch: 00, Loss: 1.3197, Train: 33.33%, Valid: 35.00%, Test: 39.70%, Best Valid: 35.00%, Best Test: 39.70%
Epoch: 100, Loss: 0.0182, Train: 100.00%, Valid: 76.40%, Test: 78.90%, Best Valid: 79.20%, Best Test: 81.10%
Epoch: 200, Loss: 0.0168, Train: 100.00%, Valid: 74.60%, Test: 76.10%, Best Valid: 79.20%, Best Test: 81.10%
Epoch: 300, Loss: 0.0070, Train: 100.00%, Valid: 74.80%, Test: 78.00%, Best Valid: 79.20%, Best Test: 81.10%
Epoch: 400, Loss: 0.0184, Train: 100.00%, Valid: 76.80%, Test: 76.00%, Best Valid: 79.20%, Best Test: 81.10%
Epoch: 500, Loss: 0.0153, Train: 100.00%, Valid: 73.20%, Test: 78.10%, Best Valid: 79.20%, Best Test: 81.10%
Epoch: 600, Loss: 0.0100, Train: 100.00%, Valid: 73.80%, Test: 77.90%, Best Valid: 79.20%, Best Test: 81.10%
Epoch: 700, Loss: 0.0120, Train: 100.00%, Valid: 74.80%, Test: 77.30%, Best Valid: 79.20%, Best Test: 81.10%
Epoch: 800, Loss: 0.0098, Train: 100.00%, Valid: 74.40%, Test: 78.30%, Best Valid: 79.20%, Best Test: 81.10%
Epoch: 900, Loss: 0.0093, Train: 100.00%, Valid: 74.00%, Test: 77.40%, Best Valid: 79.20%, Best Test: 81.10%
Run 04:
Highest Train: 100.00
Highest Valid: 79.20
Highest Test: 81.10
Chosen epoch: 25
Final Train: 100.00
Final Test: 81.10
Pre-training MLP for 500 epochs to generate co-occurrence matrix...
MLP pre-training complete. Penalty matrix frozen.
Epoch: 00, Loss: 1.3194, Train: 33.33%, Valid: 23.20%, Test: 21.50%, Best Valid: 23.20%, Best Test: 21.50%
Epoch: 100, Loss: 0.0226, Train: 100.00%, Valid: 75.40%, Test: 77.30%, Best Valid: 79.20%, Best Test: 82.40%
Epoch: 200, Loss: 0.0228, Train: 100.00%, Valid: 75.00%, Test: 77.80%, Best Valid: 79.20%, Best Test: 82.40%
Epoch: 300, Loss: 0.0105, Train: 100.00%, Valid: 76.20%, Test: 78.10%, Best Valid: 79.20%, Best Test: 82.40%
Epoch: 400, Loss: 0.0259, Train: 100.00%, Valid: 73.80%, Test: 76.90%, Best Valid: 79.20%, Best Test: 82.40%
Epoch: 500, Loss: 0.0113, Train: 100.00%, Valid: 75.40%, Test: 78.40%, Best Valid: 79.20%, Best Test: 82.40%
Epoch: 600, Loss: 0.0078, Train: 100.00%, Valid: 75.80%, Test: 78.50%, Best Valid: 79.20%, Best Test: 82.40%
Epoch: 700, Loss: 0.0081, Train: 100.00%, Valid: 72.60%, Test: 74.20%, Best Valid: 79.20%, Best Test: 82.40%
Epoch: 800, Loss: 0.0074, Train: 100.00%, Valid: 75.40%, Test: 77.00%, Best Valid: 79.20%, Best Test: 82.40%
Epoch: 900, Loss: 0.0051, Train: 100.00%, Valid: 74.80%, Test: 78.60%, Best Valid: 79.20%, Best Test: 82.40%
Run 05:
Highest Train: 100.00
Highest Valid: 79.20
Highest Test: 82.40
Chosen epoch: 23
Final Train: 98.33
Final Test: 82.40
All runs:
Highest Train: 100.00 ± 0.00
Highest Test: 81.28 ± 0.85
Highest Valid: 79.56 ± 0.41
  Final Train: 99.33 ± 0.91
   Final Test: 80.66 ± 1.40
Saving results to results/mlp_gnn_clamp/pubmed/MPNN_gcn.csv
Running MLP_REG lambda=0.4...
Namespace(bn=False, cpu=False, data_dir='./data/', dataset='pubmed', device=0, display_step=100, dropout=0.7, epochs=1000, gnn='gcn', hidden_channels=256, jk=False, label_num_per_class=20, lambda_val=0.4, ln=False, local_layers=2, lr=0.005, metric='acc', mlp_epochs=500, mlp_reg=True, model='MPNN', model_dir='./model/', num_heads=1, oracle_reg=False, pre_linear=False, pre_ln=False, rand_split=False, rand_split_class=True, reg_start_epoch=10, reg_update_freq=5, res=False, result_dir='results/mlp_gnn_clamp', runs=5, save_model=False, seed=123, test_num=1000, train_prop=0.5, use_reg=True, valid_num=500, valid_prop=0.25, weight_decay=0.0005)
pubmed
Num nodes: 19717
train:torch.Size([60]), valid:torch.Size([500]), test:torch.Size([1000])
dataset pubmed | num nodes 19717 | num edge 88648 | num node feats 500 | num classes 3
MODEL: MPNNs(
  (h_lins): ModuleList()
  (local_convs): ModuleList(
    (0): GCNConv(500, 256)
    (1): GCNConv(256, 256)
  )
  (lins): ModuleList(
    (0): Linear(in_features=500, out_features=256, bias=True)
    (1): Linear(in_features=256, out_features=256, bias=True)
  )
  (lns): ModuleList(
    (0): LayerNorm((256,), eps=1e-05, elementwise_affine=True)
    (1): LayerNorm((256,), eps=1e-05, elementwise_affine=True)
  )
  (bns): ModuleList(
    (0): BatchNorm1d(256, eps=1e-05, momentum=0.1, affine=True, track_running_stats=True)
    (1): BatchNorm1d(256, eps=1e-05, momentum=0.1, affine=True, track_running_stats=True)
  )
  (lin_in): Linear(in_features=500, out_features=256, bias=True)
  (pred_local): Linear(in_features=256, out_features=3, bias=True)
)
Pre-training MLP for 500 epochs to generate co-occurrence matrix...
MLP pre-training complete. Penalty matrix frozen.
Epoch: 00, Loss: 1.5396, Train: 33.33%, Valid: 41.80%, Test: 38.80%, Best Valid: 41.80%, Best Test: 38.80%
Epoch: 100, Loss: 0.0336, Train: 100.00%, Valid: 78.00%, Test: 79.50%, Best Valid: 78.80%, Best Test: 79.90%
Epoch: 200, Loss: 0.0201, Train: 100.00%, Valid: 75.40%, Test: 78.80%, Best Valid: 78.80%, Best Test: 79.90%
Epoch: 300, Loss: 0.0085, Train: 100.00%, Valid: 74.00%, Test: 77.50%, Best Valid: 78.80%, Best Test: 79.90%
Epoch: 400, Loss: 0.0174, Train: 100.00%, Valid: 73.60%, Test: 76.40%, Best Valid: 78.80%, Best Test: 79.90%
Epoch: 500, Loss: 0.0135, Train: 100.00%, Valid: 75.20%, Test: 77.30%, Best Valid: 78.80%, Best Test: 79.90%
Epoch: 600, Loss: 0.0399, Train: 100.00%, Valid: 75.60%, Test: 77.90%, Best Valid: 78.80%, Best Test: 79.90%
Epoch: 700, Loss: 0.0087, Train: 100.00%, Valid: 75.00%, Test: 76.20%, Best Valid: 78.80%, Best Test: 79.90%
Epoch: 800, Loss: 0.0182, Train: 100.00%, Valid: 74.20%, Test: 76.80%, Best Valid: 78.80%, Best Test: 79.90%
Epoch: 900, Loss: 0.0207, Train: 100.00%, Valid: 74.60%, Test: 75.00%, Best Valid: 78.80%, Best Test: 79.90%
Run 01:
Highest Train: 100.00
Highest Valid: 78.80
Highest Test: 80.30
Chosen epoch: 16
Final Train: 91.67
Final Test: 79.90
Pre-training MLP for 500 epochs to generate co-occurrence matrix...
MLP pre-training complete. Penalty matrix frozen.
Epoch: 00, Loss: 1.5357, Train: 33.33%, Valid: 41.80%, Test: 38.80%, Best Valid: 41.80%, Best Test: 38.80%
Epoch: 100, Loss: 0.0197, Train: 100.00%, Valid: 76.00%, Test: 78.70%, Best Valid: 80.40%, Best Test: 80.90%
Epoch: 200, Loss: 0.0147, Train: 100.00%, Valid: 75.20%, Test: 77.80%, Best Valid: 80.40%, Best Test: 80.90%
Epoch: 300, Loss: 0.0172, Train: 100.00%, Valid: 75.40%, Test: 78.50%, Best Valid: 80.40%, Best Test: 80.90%
Epoch: 400, Loss: 0.0219, Train: 100.00%, Valid: 75.20%, Test: 78.90%, Best Valid: 80.40%, Best Test: 80.90%
Epoch: 500, Loss: 0.0184, Train: 100.00%, Valid: 74.80%, Test: 77.40%, Best Valid: 80.40%, Best Test: 80.90%
Epoch: 600, Loss: 0.0171, Train: 100.00%, Valid: 74.80%, Test: 78.10%, Best Valid: 80.40%, Best Test: 80.90%
Epoch: 700, Loss: 0.0090, Train: 100.00%, Valid: 76.40%, Test: 78.40%, Best Valid: 80.40%, Best Test: 80.90%
Epoch: 800, Loss: 0.0646, Train: 100.00%, Valid: 73.60%, Test: 77.40%, Best Valid: 80.40%, Best Test: 80.90%
Epoch: 900, Loss: 0.0079, Train: 100.00%, Valid: 76.00%, Test: 78.70%, Best Valid: 80.40%, Best Test: 80.90%
Run 02:
Highest Train: 100.00
Highest Valid: 80.40
Highest Test: 81.00
Chosen epoch: 15
Final Train: 93.33
Final Test: 80.90
Pre-training MLP for 500 epochs to generate co-occurrence matrix...
MLP pre-training complete. Penalty matrix frozen.
Epoch: 00, Loss: 1.5389, Train: 33.33%, Valid: 41.80%, Test: 38.80%, Best Valid: 41.80%, Best Test: 38.80%
Epoch: 100, Loss: 0.0348, Train: 100.00%, Valid: 76.60%, Test: 78.20%, Best Valid: 80.00%, Best Test: 81.20%
Epoch: 200, Loss: 0.0135, Train: 100.00%, Valid: 76.00%, Test: 78.00%, Best Valid: 80.00%, Best Test: 81.20%
Epoch: 300, Loss: 0.0108, Train: 100.00%, Valid: 75.40%, Test: 79.30%, Best Valid: 80.00%, Best Test: 81.20%
Epoch: 400, Loss: 0.0338, Train: 100.00%, Valid: 75.00%, Test: 78.10%, Best Valid: 80.00%, Best Test: 81.20%
Epoch: 500, Loss: 0.0212, Train: 100.00%, Valid: 73.60%, Test: 75.20%, Best Valid: 80.00%, Best Test: 81.20%
Epoch: 600, Loss: 0.0137, Train: 100.00%, Valid: 75.80%, Test: 76.40%, Best Valid: 80.00%, Best Test: 81.20%
Epoch: 700, Loss: 0.0099, Train: 100.00%, Valid: 74.20%, Test: 74.50%, Best Valid: 80.00%, Best Test: 81.20%
Epoch: 800, Loss: 0.0149, Train: 100.00%, Valid: 73.60%, Test: 75.00%, Best Valid: 80.00%, Best Test: 81.20%
Epoch: 900, Loss: 0.0121, Train: 100.00%, Valid: 74.40%, Test: 77.60%, Best Valid: 80.00%, Best Test: 81.20%
Run 03:
Highest Train: 100.00
Highest Valid: 80.00
Highest Test: 81.70
Chosen epoch: 21
Final Train: 98.33
Final Test: 81.20
Pre-training MLP for 500 epochs to generate co-occurrence matrix...
MLP pre-training complete. Penalty matrix frozen.
Epoch: 00, Loss: 1.5397, Train: 33.33%, Valid: 35.00%, Test: 39.70%, Best Valid: 35.00%, Best Test: 39.70%
Epoch: 100, Loss: 0.0217, Train: 100.00%, Valid: 76.40%, Test: 79.20%, Best Valid: 79.40%, Best Test: 81.00%
Epoch: 200, Loss: 0.0129, Train: 100.00%, Valid: 73.60%, Test: 76.00%, Best Valid: 79.40%, Best Test: 81.00%
Epoch: 300, Loss: 0.0085, Train: 100.00%, Valid: 73.40%, Test: 75.10%, Best Valid: 79.40%, Best Test: 81.00%
Epoch: 400, Loss: 0.0133, Train: 100.00%, Valid: 77.40%, Test: 77.20%, Best Valid: 79.40%, Best Test: 81.00%
Epoch: 500, Loss: 0.0149, Train: 100.00%, Valid: 75.20%, Test: 78.20%, Best Valid: 79.40%, Best Test: 81.00%
Epoch: 600, Loss: 0.0112, Train: 100.00%, Valid: 74.20%, Test: 77.60%, Best Valid: 79.40%, Best Test: 81.00%
Epoch: 700, Loss: 0.0103, Train: 100.00%, Valid: 72.80%, Test: 75.80%, Best Valid: 79.40%, Best Test: 81.00%
Epoch: 800, Loss: 0.0071, Train: 100.00%, Valid: 77.60%, Test: 78.20%, Best Valid: 79.40%, Best Test: 81.00%
Epoch: 900, Loss: 0.0093, Train: 100.00%, Valid: 75.40%, Test: 78.80%, Best Valid: 79.40%, Best Test: 81.00%
Run 04:
Highest Train: 100.00
Highest Valid: 79.40
Highest Test: 81.10
Chosen epoch: 24
Final Train: 98.33
Final Test: 81.00
Pre-training MLP for 500 epochs to generate co-occurrence matrix...
MLP pre-training complete. Penalty matrix frozen.
Epoch: 00, Loss: 1.5393, Train: 33.33%, Valid: 23.20%, Test: 21.50%, Best Valid: 23.20%, Best Test: 21.50%
Epoch: 100, Loss: 0.0264, Train: 100.00%, Valid: 75.60%, Test: 77.70%, Best Valid: 79.60%, Best Test: 79.40%
Epoch: 200, Loss: 0.0210, Train: 100.00%, Valid: 75.00%, Test: 77.70%, Best Valid: 79.60%, Best Test: 79.40%
Epoch: 300, Loss: 0.0185, Train: 100.00%, Valid: 76.40%, Test: 78.90%, Best Valid: 79.60%, Best Test: 79.40%
Epoch: 400, Loss: 0.0111, Train: 100.00%, Valid: 74.80%, Test: 77.00%, Best Valid: 79.60%, Best Test: 79.40%
Epoch: 500, Loss: 0.0160, Train: 100.00%, Valid: 76.80%, Test: 78.60%, Best Valid: 79.60%, Best Test: 79.40%
Epoch: 600, Loss: 0.0079, Train: 100.00%, Valid: 75.60%, Test: 78.50%, Best Valid: 79.60%, Best Test: 79.40%
Epoch: 700, Loss: 0.0258, Train: 100.00%, Valid: 71.80%, Test: 73.80%, Best Valid: 79.60%, Best Test: 79.40%
Epoch: 800, Loss: 0.0101, Train: 100.00%, Valid: 75.00%, Test: 78.20%, Best Valid: 79.60%, Best Test: 79.40%
Epoch: 900, Loss: 0.0072, Train: 100.00%, Valid: 74.40%, Test: 78.20%, Best Valid: 79.60%, Best Test: 79.40%
Run 05:
Highest Train: 100.00
Highest Valid: 79.60
Highest Test: 82.20
Chosen epoch: 20
Final Train: 93.33
Final Test: 79.40
All runs:
Highest Train: 100.00 ± 0.00
Highest Test: 81.26 ± 0.72
Highest Valid: 79.64 ± 0.61
  Final Train: 95.00 ± 3.12
   Final Test: 80.48 ± 0.79
Saving results to results/mlp_gnn_clamp/pubmed/MPNN_gcn.csv
==========================================================
Task 0 completed at: Thu Apr 30 11:22:52 PM EDT 2026
==========================================================
