Sun May  3 19:56:08 2026       
+-----------------------------------------------------------------------------------------+
| NVIDIA-SMI 570.211.01             Driver Version: 570.211.01     CUDA Version: 12.8     |
|-----------------------------------------+------------------------+----------------------+
| GPU  Name                 Persistence-M | Bus-Id          Disp.A | Volatile Uncorr. ECC |
| Fan  Temp   Perf          Pwr:Usage/Cap |           Memory-Usage | GPU-Util  Compute M. |
|                                         |                        |               MIG M. |
|=========================================+========================+======================|
|   0  NVIDIA A100-SXM4-80GB          On  |   00000000:01:00.0 Off |                   On |
| N/A   35C    P0            111W /  500W |    1365MiB /  81920MiB |     N/A      Default |
|                                         |                        |              Enabled |
+-----------------------------------------+------------------------+----------------------+
|   1  NVIDIA A100-SXM4-80GB          On  |   00000000:41:00.0 Off |                   On |
| N/A   30C    P0             78W /  500W |    1407MiB /  81920MiB |     N/A      Default |
|                                         |                        |              Enabled |
+-----------------------------------------+------------------------+----------------------+
|   2  NVIDIA A100-SXM4-80GB          On  |   00000000:81:00.0 Off |                   On |
| N/A   31C    P0             78W /  500W |    1315MiB /  81920MiB |     N/A      Default |
|                                         |                        |              Enabled |
+-----------------------------------------+------------------------+----------------------+
|   3  NVIDIA A100-SXM4-80GB          On  |   00000000:C1:00.0 Off |                   On |
| N/A   29C    P0             78W /  500W |     803MiB /  81920MiB |     N/A      Default |
|                                         |                        |              Enabled |
+-----------------------------------------+------------------------+----------------------+

+-----------------------------------------------------------------------------------------+
| MIG devices:                                                                            |
+------------------+----------------------------------+-----------+-----------------------+
| GPU  GI  CI  MIG |                     Memory-Usage |        Vol|        Shared         |
|      ID  ID  Dev |                       BAR1-Usage | SM     Unc| CE ENC  DEC  OFA  JPG |
|                  |                                  |        ECC|                       |
|==================+==================================+===========+=======================|
|  0    5   0   0  |              53MiB / 19968MiB    | 28      0 |  2   0    1    0    0 |
|                  |                 0MiB / 32767MiB  |           |                       |
+------------------+----------------------------------+-----------+-----------------------+
                                                                                         
+-----------------------------------------------------------------------------------------+
| Processes:                                                                              |
|  GPU   GI   CI              PID   Type   Process name                        GPU Memory |
|        ID   ID                                                               Usage      |
|=========================================================================================|
|    1    2    0          2162273      C   python                                 1216MiB |
|    2    2    0          2143650      C   python                                 1124MiB |
|    3    1    0          2171557      C   python                                  612MiB |
+-----------------------------------------------------------------------------------------+
1.12.1 True
==========================================================
cooc_quality Task 0
Job: 1018943 | Date: Sun May  3 07:56:11 PM EDT 2026 | Host: n0002
==========================================================
Dataset: cora
Device: cuda:0 | Dataset: cora | Runs: 3
cora
Num nodes: 2708
train:torch.Size([140]), valid:torch.Size([500]), test:torch.Size([1000])
n=2708, c=7, d=1433, train=140

Pre-training MLP for 500 epochs...
MLP pre-training done.

--- baseline ---
  run 1: acc=79.40  fro=0.0892
  run 2: acc=77.60  fro=0.1050
  run 3: acc=78.00  fro=0.1121
  → acc: 78.33 ± 0.77  |  fro: 0.1021 ± 0.0096

--- mlp_reg λ=0.01 ---
  run 1: acc=79.40  fro=0.0979
  run 2: acc=77.80  fro=0.1101
  run 3: acc=78.20  fro=0.1120
  → acc: 78.47 ± 0.68  |  fro: 0.1067 ± 0.0062

--- mlp_reg λ=0.1 ---
  run 1: acc=79.30  fro=0.0887
  run 2: acc=77.70  fro=0.1076
  run 3: acc=79.80  fro=0.1070
  → acc: 78.93 ± 0.90  |  fro: 0.1011 ± 0.0088

--- mlp_reg λ=0.2 ---
  run 1: acc=79.60  fro=0.0804
  run 2: acc=79.00  fro=0.0938
  run 3: acc=78.40  fro=0.1060
  → acc: 79.00 ± 0.49  |  fro: 0.0934 ± 0.0105

--- mlp_reg λ=0.4 ---
  run 1: acc=79.90  fro=0.0897
  run 2: acc=81.10  fro=0.0829
  run 3: acc=79.20  fro=0.0899
  → acc: 80.07 ± 0.78  |  fro: 0.0875 ± 0.0033

Saved to results/cooc_quality/cora_gcn.csv

Condition                 Acc      ±      Fro      ±
----------------------------------------------------
baseline                78.33   0.77   0.1021 0.0096
mlp_reg λ=0.01          78.47   0.68   0.1067 0.0062 ↑
mlp_reg λ=0.1           78.93   0.90   0.1011 0.0088 ↓
mlp_reg λ=0.2           79.00   0.49   0.0934 0.0105 ↓
mlp_reg λ=0.4           80.07   0.78   0.0875 0.0033 ↓
==========================================================
Task 0 completed at: Sun May  3 08:00:03 PM EDT 2026
==========================================================
