Sun May  3 20:34:20 2026       
+-----------------------------------------------------------------------------------------+
| NVIDIA-SMI 570.211.01             Driver Version: 570.211.01     CUDA Version: 12.8     |
|-----------------------------------------+------------------------+----------------------+
| GPU  Name                 Persistence-M | Bus-Id          Disp.A | Volatile Uncorr. ECC |
| Fan  Temp   Perf          Pwr:Usage/Cap |           Memory-Usage | GPU-Util  Compute M. |
|                                         |                        |               MIG M. |
|=========================================+========================+======================|
|   0  NVIDIA A100-SXM4-80GB          On  |   00000000:01:00.0 Off |                   On |
| N/A   36C    P0            112W /  500W |    1365MiB /  81920MiB |     N/A      Default |
|                                         |                        |              Enabled |
+-----------------------------------------+------------------------+----------------------+
|   1  NVIDIA A100-SXM4-80GB          On  |   00000000:41:00.0 Off |                   On |
| N/A   30C    P0             78W /  500W |    1407MiB /  81920MiB |     N/A      Default |
|                                         |                        |              Enabled |
+-----------------------------------------+------------------------+----------------------+
|   2  NVIDIA A100-SXM4-80GB          On  |   00000000:81:00.0 Off |                   On |
| N/A   32C    P0             77W /  500W |    1315MiB /  81920MiB |     N/A      Default |
|                                         |                        |              Enabled |
+-----------------------------------------+------------------------+----------------------+
|   3  NVIDIA A100-SXM4-80GB          On  |   00000000:C1:00.0 Off |                   On |
| N/A   29C    P0             82W /  500W |     817MiB /  81920MiB |     N/A      Default |
|                                         |                        |              Enabled |
+-----------------------------------------+------------------------+----------------------+

+-----------------------------------------------------------------------------------------+
| MIG devices:                                                                            |
+------------------+----------------------------------+-----------+-----------------------+
| GPU  GI  CI  MIG |                     Memory-Usage |        Vol|        Shared         |
|      ID  ID  Dev |                       BAR1-Usage | SM     Unc| CE ENC  DEC  OFA  JPG |
|                  |                                  |        ECC|                       |
|==================+==================================+===========+=======================|
|  2    3   0   0  |              53MiB / 19968MiB    | 28      0 |  2   0    1    0    0 |
|                  |                 0MiB / 32767MiB  |           |                       |
+------------------+----------------------------------+-----------+-----------------------+
                                                                                         
+-----------------------------------------------------------------------------------------+
| Processes:                                                                              |
|  GPU   GI   CI              PID   Type   Process name                        GPU Memory |
|        ID   ID                                                               Usage      |
|=========================================================================================|
|    0    1    0          2210450      C   python                                 1174MiB |
|    1    2    0          2162273      C   python                                 1216MiB |
|    3    1    0          2198412      C   python                                  626MiB |
+-----------------------------------------------------------------------------------------+
1.12.1 True
==========================================================
cooc_quality Task 3
Job: 1018943 | Date: Sun May  3 08:34:25 PM EDT 2026 | Host: n0002
==========================================================
Dataset: amazon-computer
Device: cuda:0 | Dataset: amazon-computer | Runs: 3
amazon-computer
train:torch.Size([200]), valid:torch.Size([500]), test:torch.Size([1000])
n=13752, c=10, d=767, train=200

Pre-training MLP for 500 epochs...
MLP pre-training done.

--- baseline ---
  run 1: acc=83.40  fro=0.1290
  run 2: acc=84.90  fro=0.1778
  run 3: acc=83.00  fro=0.1421
  → acc: 83.77 ± 0.82  |  fro: 0.1496 ± 0.0206

--- mlp_reg λ=0.01 ---
  run 1: acc=83.40  fro=0.0936
  run 2: acc=83.40  fro=0.1840
  run 3: acc=83.60  fro=0.1348
  → acc: 83.47 ± 0.09  |  fro: 0.1375 ± 0.0369

--- mlp_reg λ=0.1 ---
  run 1: acc=84.10  fro=0.1717
  run 2: acc=84.50  fro=0.1547
  run 3: acc=83.00  fro=0.1477
  → acc: 83.87 ± 0.63  |  fro: 0.1580 ± 0.0101

--- mlp_reg λ=0.2 ---
  run 1: acc=84.10  fro=0.1627
  run 2: acc=82.70  fro=0.1348
  run 3: acc=83.90  fro=0.1238
  → acc: 83.57 ± 0.62  |  fro: 0.1404 ± 0.0164

--- mlp_reg λ=0.4 ---
  run 1: acc=84.30  fro=0.1086
  run 2: acc=83.20  fro=0.1501
  run 3: acc=84.50  fro=0.1384
  → acc: 84.00 ± 0.57  |  fro: 0.1324 ± 0.0175

Saved to results/cooc_quality/amazon-computer_gcn.csv

Condition                 Acc      ±      Fro      ±
----------------------------------------------------
baseline                83.77   0.82   0.1496 0.0206
mlp_reg λ=0.01          83.47   0.09   0.1375 0.0369 ↓
mlp_reg λ=0.1           83.87   0.63   0.1580 0.0101 ↑
mlp_reg λ=0.2           83.57   0.62   0.1404 0.0164 ↓
mlp_reg λ=0.4           84.00   0.57   0.1324 0.0175 ↓
==========================================================
Task 3 completed at: Sun May  3 09:31:51 PM EDT 2026
==========================================================
