Sun May  3 20:34:20 2026       
+-----------------------------------------------------------------------------------------+
| NVIDIA-SMI 570.211.01             Driver Version: 570.211.01     CUDA Version: 12.8     |
|-----------------------------------------+------------------------+----------------------+
| GPU  Name                 Persistence-M | Bus-Id          Disp.A | Volatile Uncorr. ECC |
| Fan  Temp   Perf          Pwr:Usage/Cap |           Memory-Usage | GPU-Util  Compute M. |
|                                         |                        |               MIG M. |
|=========================================+========================+======================|
|   0  NVIDIA A100-SXM4-80GB          On  |   00000000:01:00.0 Off |                   On |
| N/A   36C    P0            112W /  500W |    1365MiB /  81920MiB |     N/A      Default |
|                                         |                        |              Enabled |
+-----------------------------------------+------------------------+----------------------+
|   1  NVIDIA A100-SXM4-80GB          On  |   00000000:41:00.0 Off |                   On |
| N/A   30C    P0             78W /  500W |    1407MiB /  81920MiB |     N/A      Default |
|                                         |                        |              Enabled |
+-----------------------------------------+------------------------+----------------------+
|   2  NVIDIA A100-SXM4-80GB          On  |   00000000:81:00.0 Off |                   On |
| N/A   32C    P0             77W /  500W |    1315MiB /  81920MiB |     N/A      Default |
|                                         |                        |              Enabled |
+-----------------------------------------+------------------------+----------------------+
|   3  NVIDIA A100-SXM4-80GB          On  |   00000000:C1:00.0 Off |                   On |
| N/A   29C    P0             80W /  500W |     817MiB /  81920MiB |     N/A      Default |
|                                         |                        |              Enabled |
+-----------------------------------------+------------------------+----------------------+

+-----------------------------------------------------------------------------------------+
| MIG devices:                                                                            |
+------------------+----------------------------------+-----------+-----------------------+
| GPU  GI  CI  MIG |                     Memory-Usage |        Vol|        Shared         |
|      ID  ID  Dev |                       BAR1-Usage | SM     Unc| CE ENC  DEC  OFA  JPG |
|                  |                                  |        ECC|                       |
|==================+==================================+===========+=======================|
|  1    3   0   0  |              53MiB / 19968MiB    | 28      0 |  2   0    1    0    0 |
|                  |                 0MiB / 32767MiB  |           |                       |
+------------------+----------------------------------+-----------+-----------------------+
                                                                                         
+-----------------------------------------------------------------------------------------+
| Processes:                                                                              |
|  GPU   GI   CI              PID   Type   Process name                        GPU Memory |
|        ID   ID                                                               Usage      |
|=========================================================================================|
|    0    1    0          2210450      C   python                                 1174MiB |
|    2    2    0          2143650      C   python                                 1124MiB |
|    3    1    0          2198412      C   python                                  626MiB |
+-----------------------------------------------------------------------------------------+
1.12.1 True
==========================================================
cooc_quality Task 2
Job: 1018943 | Date: Sun May  3 08:34:25 PM EDT 2026 | Host: n0002
==========================================================
Dataset: amazon-ratings
Device: cuda:0 | Dataset: amazon-ratings | Runs: 3
amazon-ratings
n=24492, c=5, d=300, train=12246

Pre-training MLP for 500 epochs...
MLP pre-training done.

--- baseline ---
  run 1: acc=52.28  fro=0.0812
  run 2: acc=54.30  fro=0.0781
  run 3: acc=53.75  fro=0.1021
  → acc: 53.44 ± 0.85  |  fro: 0.0872 ± 0.0106

--- mlp_reg λ=0.01 ---
  run 1: acc=53.37  fro=0.0769
  run 2: acc=53.60  fro=0.0826
  run 3: acc=53.09  fro=0.0882
  → acc: 53.36 ± 0.21  |  fro: 0.0826 ± 0.0046

--- mlp_reg λ=0.1 ---
  run 1: acc=53.55  fro=0.0911
  run 2: acc=53.99  fro=0.0729
  run 3: acc=53.81  fro=0.0873
  → acc: 53.79 ± 0.18  |  fro: 0.0838 ± 0.0079

--- mlp_reg λ=0.2 ---
  run 1: acc=53.60  fro=0.0807
  run 2: acc=54.21  fro=0.0877
  run 3: acc=53.72  fro=0.0916
  → acc: 53.84 ± 0.26  |  fro: 0.0867 ± 0.0045

--- mlp_reg λ=0.4 ---
  run 1: acc=53.29  fro=0.1020
  run 2: acc=54.39  fro=0.1015
  run 3: acc=54.04  fro=0.1073
  → acc: 53.91 ± 0.46  |  fro: 0.1036 ± 0.0026

Saved to results/cooc_quality/amazon-ratings_gcn.csv

Condition                 Acc      ±      Fro      ±
----------------------------------------------------
baseline                53.44   0.85   0.0872 0.0106
mlp_reg λ=0.01          53.36   0.21   0.0826 0.0046 ↓
mlp_reg λ=0.1           53.79   0.18   0.0838 0.0079 ↓
mlp_reg λ=0.2           53.84   0.26   0.0867 0.0045
mlp_reg λ=0.4           53.91   0.46   0.1036 0.0026 ↑
==========================================================
Task 2 completed at: Sun May  3 09:28:37 PM EDT 2026
==========================================================
