==========================================================
Heterophilic Small Lambda MLP-Reg Sweep — Dataset: amazon-ratings
Array task: 0 / Job: 992953
Date: Sat Apr 25 07:13:27 PM EDT 2026 | Host: n0001
==========================================================
Sat Apr 25 19:13:33 2026       
+-----------------------------------------------------------------------------------------+
| NVIDIA-SMI 570.211.01             Driver Version: 570.211.01     CUDA Version: 12.8     |
|-----------------------------------------+------------------------+----------------------+
| GPU  Name                 Persistence-M | Bus-Id          Disp.A | Volatile Uncorr. ECC |
| Fan  Temp   Perf          Pwr:Usage/Cap |           Memory-Usage | GPU-Util  Compute M. |
|                                         |                        |               MIG M. |
|=========================================+========================+======================|
|   0  NVIDIA A100-SXM4-80GB          On  |   00000000:01:00.0 Off |                   On |
| N/A   36C    P0            132W /  500W |   13924MiB /  81920MiB |     N/A      Default |
|                                         |                        |              Enabled |
+-----------------------------------------+------------------------+----------------------+
|   1  NVIDIA A100-SXM4-80GB          On  |   00000000:41:00.0 Off |                   On |
| N/A   34C    P0            121W /  500W |    7935MiB /  81920MiB |     N/A      Default |
|                                         |                        |              Enabled |
+-----------------------------------------+------------------------+----------------------+
|   2  NVIDIA A100-SXM4-80GB          On  |   00000000:81:00.0 Off |                   On |
| N/A   33C    P0             85W /  500W |    1430MiB /  81920MiB |     N/A      Default |
|                                         |                        |              Enabled |
+-----------------------------------------+------------------------+----------------------+
|   3  NVIDIA A100-SXM4-80GB          On  |   00000000:C1:00.0 Off |                   On |
| N/A   25C    P0             49W /  500W |     185MiB /  81920MiB |     N/A      Default |
|                                         |                        |              Enabled |
+-----------------------------------------+------------------------+----------------------+

+-----------------------------------------------------------------------------------------+
| MIG devices:                                                                            |
+------------------+----------------------------------+-----------+-----------------------+
| GPU  GI  CI  MIG |                     Memory-Usage |        Vol|        Shared         |
|      ID  ID  Dev |                       BAR1-Usage | SM     Unc| CE ENC  DEC  OFA  JPG |
|                  |                                  |        ECC|                       |
|==================+==================================+===========+=======================|
|  0   13   0   0  |              27MiB /  9728MiB    | 14      0 |  1   0    0    0    0 |
|                  |                 0MiB / 16383MiB  |           |                       |
+------------------+----------------------------------+-----------+-----------------------+
                                                                                         
+-----------------------------------------------------------------------------------------+
| Processes:                                                                              |
|  GPU   GI   CI              PID   Type   Process name                        GPU Memory |
|        ID   ID                                                               Usage      |
|=========================================================================================|
|    1    1    0           654165      C   python3                                1180MiB |
|    1   14    0           662958      C   python                                 6560MiB |
|    2    2    0           657309      C   ...da_env/torch-ksp82/bin/python        246MiB |
|    2    2    0           657312      C   ...da_env/torch-ksp82/bin/python        246MiB |
|    2    2    0           657313      C   ...da_env/torch-ksp82/bin/python        246MiB |
|    2    2    0           660387      C   ...da_env/torch-ksp82/bin/python        246MiB |
|    2    2    0           660538      C   ...da_env/torch-ksp82/bin/python        246MiB |
+-----------------------------------------------------------------------------------------+
1.12.1
True
NVIDIA A100-SXM4-80GB MIG 1g.10gb
==========================================================
Starting Small Lambda MLP-Reg Sweep for:
python main.py --gnn gcn  --dataset amazon-ratings --hidden_channels 512 --epochs 2500 --lr 0.001 --runs 3 --local_layers 4  --weight_decay 0.0   --dropout 0.5 --device 0 --bn --res
==========================================================

Running with Pre-trained MLP Regularization (lambda=1e-4)...
Namespace(bn=True, cpu=False, data_dir='./data/', dataset='amazon-ratings', device=0, display_step=100, dropout=0.5, epochs=2500, gnn='gcn', hidden_channels=512, jk=False, label_num_per_class=20, lambda_val=0.0001, ln=False, local_layers=4, lr=0.001, metric='acc', mlp_epochs=500, mlp_reg=True, model='MPNN', model_dir='./model/', num_heads=1, pre_linear=False, pre_ln=False, rand_split=False, rand_split_class=False, reg_start_epoch=10, reg_update_freq=5, res=True, runs=3, save_model=False, seed=42, test_num=1000, train_prop=0.5, use_reg=True, valid_num=500, valid_prop=0.25, weight_decay=0.0)
amazon-ratings
dataset amazon-ratings | num nodes 24492 | num edge 93050 | num node feats 300 | num classes 5
MODEL: MPNNs(
  (h_lins): ModuleList()
  (local_convs): ModuleList(
    (0): GCNConv(300, 512)
    (1): GCNConv(512, 512)
    (2): GCNConv(512, 512)
    (3): GCNConv(512, 512)
  )
  (lins): ModuleList(
    (0): Linear(in_features=300, out_features=512, bias=True)
    (1): Linear(in_features=512, out_features=512, bias=True)
    (2): Linear(in_features=512, out_features=512, bias=True)
    (3): Linear(in_features=512, out_features=512, bias=True)
  )
  (lns): ModuleList(
    (0): LayerNorm((512,), eps=1e-05, elementwise_affine=True)
    (1): LayerNorm((512,), eps=1e-05, elementwise_affine=True)
    (2): LayerNorm((512,), eps=1e-05, elementwise_affine=True)
    (3): LayerNorm((512,), eps=1e-05, elementwise_affine=True)
  )
  (bns): ModuleList(
    (0): BatchNorm1d(512, eps=1e-05, momentum=0.1, affine=True, track_running_stats=True)
    (1): BatchNorm1d(512, eps=1e-05, momentum=0.1, affine=True, track_running_stats=True)
    (2): BatchNorm1d(512, eps=1e-05, momentum=0.1, affine=True, track_running_stats=True)
    (3): BatchNorm1d(512, eps=1e-05, momentum=0.1, affine=True, track_running_stats=True)
  )
  (lin_in): Linear(in_features=300, out_features=512, bias=True)
  (pred_local): Linear(in_features=512, out_features=5, bias=True)
)
Pre-training MLP for 500 epochs to generate co-occurrence matrix...
MLP pre-training complete. Penalty matrix frozen.
Epoch: 00, Loss: 1.7940, Train: 28.65%, Valid: 28.17%, Test: 28.38%, Best Valid: 28.17%, Best Test: 28.38%
Epoch: 100, Loss: 0.7947, Train: 74.26%, Valid: 49.00%, Test: 48.98%, Best Valid: 49.00%, Best Test: 48.98%
Epoch: 200, Loss: 0.4365, Train: 93.77%, Valid: 50.56%, Test: 50.99%, Best Valid: 51.85%, Best Test: 51.30%
Epoch: 300, Loss: 0.2374, Train: 98.18%, Valid: 51.12%, Test: 51.71%, Best Valid: 52.60%, Best Test: 52.46%
Epoch: 400, Loss: 0.1543, Train: 99.23%, Valid: 51.59%, Test: 51.43%, Best Valid: 52.60%, Best Test: 52.46%
Epoch: 500, Loss: 0.1187, Train: 99.64%, Valid: 52.69%, Test: 51.95%, Best Valid: 53.11%, Best Test: 52.59%
Epoch: 600, Loss: 0.0887, Train: 99.67%, Valid: 52.33%, Test: 52.21%, Best Valid: 53.11%, Best Test: 52.59%
Epoch: 700, Loss: 0.0616, Train: 99.77%, Valid: 53.05%, Test: 52.92%, Best Valid: 53.14%, Best Test: 52.59%
Epoch: 800, Loss: 0.0578, Train: 99.83%, Valid: 52.26%, Test: 52.28%, Best Valid: 53.19%, Best Test: 53.00%
Epoch: 900, Loss: 0.0466, Train: 99.84%, Valid: 52.38%, Test: 52.54%, Best Valid: 53.26%, Best Test: 52.92%
Epoch: 1000, Loss: 0.0341, Train: 99.89%, Valid: 52.44%, Test: 52.85%, Best Valid: 53.26%, Best Test: 52.92%
Epoch: 1100, Loss: 0.0361, Train: 99.89%, Valid: 52.23%, Test: 52.77%, Best Valid: 53.26%, Best Test: 52.92%
Epoch: 1200, Loss: 0.0334, Train: 99.91%, Valid: 52.56%, Test: 53.16%, Best Valid: 53.26%, Best Test: 52.92%
Epoch: 1300, Loss: 0.0313, Train: 99.92%, Valid: 52.59%, Test: 52.95%, Best Valid: 53.26%, Best Test: 52.92%
Epoch: 1400, Loss: 0.0268, Train: 99.92%, Valid: 52.80%, Test: 52.78%, Best Valid: 53.26%, Best Test: 52.92%
Epoch: 1500, Loss: 0.0233, Train: 99.93%, Valid: 52.39%, Test: 52.87%, Best Valid: 53.55%, Best Test: 53.36%
Epoch: 1600, Loss: 0.0215, Train: 99.93%, Valid: 52.88%, Test: 52.72%, Best Valid: 53.58%, Best Test: 53.41%
Epoch: 1700, Loss: 0.0211, Train: 99.95%, Valid: 52.49%, Test: 53.23%, Best Valid: 53.58%, Best Test: 53.41%
Epoch: 1800, Loss: 0.0191, Train: 99.96%, Valid: 52.80%, Test: 53.60%, Best Valid: 53.58%, Best Test: 53.41%
Epoch: 1900, Loss: 0.0188, Train: 99.96%, Valid: 52.77%, Test: 53.49%, Best Valid: 53.58%, Best Test: 53.41%
Epoch: 2000, Loss: 0.0179, Train: 99.96%, Valid: 52.64%, Test: 53.47%, Best Valid: 53.58%, Best Test: 53.41%
Epoch: 2100, Loss: 0.0157, Train: 99.98%, Valid: 52.72%, Test: 53.08%, Best Valid: 53.58%, Best Test: 53.41%
Epoch: 2200, Loss: 0.0163, Train: 99.98%, Valid: 52.47%, Test: 53.93%, Best Valid: 53.58%, Best Test: 53.41%
Epoch: 2300, Loss: 0.0151, Train: 99.98%, Valid: 53.21%, Test: 53.31%, Best Valid: 53.58%, Best Test: 53.41%
Epoch: 2400, Loss: 0.0145, Train: 99.98%, Valid: 52.78%, Test: 53.24%, Best Valid: 53.58%, Best Test: 53.41%
Run 01:
Highest Train: 99.98
Highest Valid: 53.72
Highest Test: 54.17
Chosen epoch: 2460
Final Train: 99.98
Final Test: 53.60
Pre-training MLP for 500 epochs to generate co-occurrence matrix...
MLP pre-training complete. Penalty matrix frozen.
Epoch: 00, Loss: 1.8028, Train: 26.83%, Valid: 26.75%, Test: 26.69%, Best Valid: 26.75%, Best Test: 26.69%
Epoch: 100, Loss: 0.8025, Train: 71.88%, Valid: 47.92%, Test: 48.20%, Best Valid: 49.57%, Best Test: 49.34%
Epoch: 200, Loss: 0.4419, Train: 94.19%, Valid: 51.97%, Test: 51.49%, Best Valid: 52.26%, Best Test: 51.43%
Epoch: 300, Loss: 0.2438, Train: 98.73%, Valid: 53.18%, Test: 52.85%, Best Valid: 53.34%, Best Test: 52.11%
Epoch: 400, Loss: 0.1570, Train: 99.45%, Valid: 53.19%, Test: 53.13%, Best Valid: 53.81%, Best Test: 53.14%
Epoch: 500, Loss: 0.1038, Train: 99.68%, Valid: 53.16%, Test: 52.54%, Best Valid: 53.91%, Best Test: 53.73%
Epoch: 600, Loss: 0.0853, Train: 99.77%, Valid: 53.65%, Test: 53.16%, Best Valid: 54.11%, Best Test: 53.68%
Epoch: 700, Loss: 0.0673, Train: 99.85%, Valid: 53.34%, Test: 53.27%, Best Valid: 54.45%, Best Test: 54.03%
Epoch: 800, Loss: 0.0508, Train: 99.86%, Valid: 53.47%, Test: 53.18%, Best Valid: 54.45%, Best Test: 54.03%
Epoch: 900, Loss: 0.0447, Train: 99.84%, Valid: 53.24%, Test: 53.26%, Best Valid: 54.45%, Best Test: 54.03%
Epoch: 1000, Loss: 0.0410, Train: 99.88%, Valid: 53.32%, Test: 53.16%, Best Valid: 54.45%, Best Test: 54.03%
Epoch: 1100, Loss: 0.0353, Train: 99.90%, Valid: 53.62%, Test: 53.55%, Best Valid: 54.45%, Best Test: 54.03%
Epoch: 1200, Loss: 0.0313, Train: 99.93%, Valid: 54.03%, Test: 53.68%, Best Valid: 54.45%, Best Test: 54.03%
Epoch: 1300, Loss: 0.0255, Train: 99.93%, Valid: 53.26%, Test: 53.06%, Best Valid: 54.45%, Best Test: 54.03%
Epoch: 1400, Loss: 0.0246, Train: 99.94%, Valid: 53.34%, Test: 53.24%, Best Valid: 54.45%, Best Test: 54.03%
Epoch: 1500, Loss: 0.0207, Train: 99.94%, Valid: 54.40%, Test: 53.98%, Best Valid: 54.47%, Best Test: 53.94%
Epoch: 1600, Loss: 0.0192, Train: 99.94%, Valid: 54.16%, Test: 53.41%, Best Valid: 54.60%, Best Test: 53.39%
Epoch: 1700, Loss: 0.0228, Train: 99.96%, Valid: 53.76%, Test: 53.45%, Best Valid: 54.60%, Best Test: 53.39%
Epoch: 1800, Loss: 0.0200, Train: 99.97%, Valid: 53.85%, Test: 53.58%, Best Valid: 54.60%, Best Test: 53.39%
Epoch: 1900, Loss: 0.0210, Train: 99.96%, Valid: 53.63%, Test: 53.81%, Best Valid: 54.60%, Best Test: 53.39%
Epoch: 2000, Loss: 0.0154, Train: 99.97%, Valid: 53.81%, Test: 53.68%, Best Valid: 54.63%, Best Test: 53.49%
Epoch: 2100, Loss: 0.0134, Train: 99.97%, Valid: 53.76%, Test: 53.05%, Best Valid: 54.63%, Best Test: 53.49%
Epoch: 2200, Loss: 0.0178, Train: 99.98%, Valid: 53.96%, Test: 53.06%, Best Valid: 54.63%, Best Test: 53.49%
Epoch: 2300, Loss: 0.0118, Train: 99.98%, Valid: 53.27%, Test: 52.93%, Best Valid: 54.63%, Best Test: 53.49%
Epoch: 2400, Loss: 0.0145, Train: 99.97%, Valid: 53.52%, Test: 53.21%, Best Valid: 54.63%, Best Test: 53.49%
Run 02:
Highest Train: 99.98
Highest Valid: 54.63
Highest Test: 54.25
Chosen epoch: 1930
Final Train: 99.98
Final Test: 53.49
Pre-training MLP for 500 epochs to generate co-occurrence matrix...
MLP pre-training complete. Penalty matrix frozen.
Epoch: 00, Loss: 1.7243, Train: 26.78%, Valid: 26.78%, Test: 26.78%, Best Valid: 26.78%, Best Test: 26.78%
Epoch: 100, Loss: 0.7992, Train: 72.51%, Valid: 49.14%, Test: 49.73%, Best Valid: 49.60%, Best Test: 49.26%
Epoch: 200, Loss: 0.4409, Train: 92.99%, Valid: 50.22%, Test: 50.68%, Best Valid: 52.05%, Best Test: 51.90%
Epoch: 300, Loss: 0.2475, Train: 98.23%, Valid: 52.75%, Test: 52.75%, Best Valid: 53.14%, Best Test: 52.90%
Epoch: 400, Loss: 0.1612, Train: 99.23%, Valid: 52.70%, Test: 52.47%, Best Valid: 53.58%, Best Test: 53.13%
Epoch: 500, Loss: 0.1065, Train: 99.58%, Valid: 53.42%, Test: 53.80%, Best Valid: 53.60%, Best Test: 53.00%
Epoch: 600, Loss: 0.0844, Train: 99.76%, Valid: 53.57%, Test: 53.50%, Best Valid: 53.85%, Best Test: 53.90%
Epoch: 700, Loss: 0.0690, Train: 99.85%, Valid: 53.00%, Test: 53.16%, Best Valid: 53.85%, Best Test: 53.90%
Epoch: 800, Loss: 0.0552, Train: 99.88%, Valid: 53.16%, Test: 53.21%, Best Valid: 53.85%, Best Test: 53.90%
Epoch: 900, Loss: 0.0454, Train: 99.89%, Valid: 53.24%, Test: 53.47%, Best Valid: 53.90%, Best Test: 53.27%
Epoch: 1000, Loss: 0.0417, Train: 99.89%, Valid: 53.52%, Test: 53.27%, Best Valid: 53.90%, Best Test: 53.27%
Epoch: 1100, Loss: 0.0342, Train: 99.91%, Valid: 53.13%, Test: 53.42%, Best Valid: 54.11%, Best Test: 53.27%
Epoch: 1200, Loss: 0.0301, Train: 99.93%, Valid: 53.39%, Test: 53.19%, Best Valid: 54.11%, Best Test: 53.27%
Epoch: 1300, Loss: 0.0240, Train: 99.95%, Valid: 53.45%, Test: 53.41%, Best Valid: 54.24%, Best Test: 53.70%
Epoch: 1400, Loss: 0.0252, Train: 99.94%, Valid: 53.81%, Test: 53.54%, Best Valid: 54.24%, Best Test: 53.70%
Epoch: 1500, Loss: 0.0248, Train: 99.98%, Valid: 53.21%, Test: 53.00%, Best Valid: 54.24%, Best Test: 53.70%
Epoch: 1600, Loss: 0.0222, Train: 99.95%, Valid: 53.47%, Test: 53.73%, Best Valid: 54.24%, Best Test: 53.70%
Epoch: 1700, Loss: 0.0212, Train: 99.98%, Valid: 53.67%, Test: 53.76%, Best Valid: 54.24%, Best Test: 53.70%
Epoch: 1800, Loss: 0.0178, Train: 99.97%, Valid: 53.27%, Test: 53.58%, Best Valid: 54.24%, Best Test: 53.70%
Epoch: 1900, Loss: 0.0184, Train: 99.98%, Valid: 53.62%, Test: 53.41%, Best Valid: 54.24%, Best Test: 53.70%
Epoch: 2000, Loss: 0.0186, Train: 99.98%, Valid: 53.90%, Test: 53.78%, Best Valid: 54.24%, Best Test: 53.70%
Epoch: 2100, Loss: 0.0148, Train: 99.98%, Valid: 53.65%, Test: 53.49%, Best Valid: 54.24%, Best Test: 53.70%
Epoch: 2200, Loss: 0.0199, Train: 99.98%, Valid: 54.17%, Test: 54.43%, Best Valid: 54.24%, Best Test: 53.70%
Epoch: 2300, Loss: 0.0178, Train: 99.98%, Valid: 54.01%, Test: 53.78%, Best Valid: 54.24%, Best Test: 53.70%
Epoch: 2400, Loss: 0.0110, Train: 99.98%, Valid: 53.21%, Test: 53.24%, Best Valid: 54.24%, Best Test: 53.70%
Run 03:
Highest Train: 99.99
Highest Valid: 54.24
Highest Test: 54.43
Chosen epoch: 1252
Final Train: 99.93
Final Test: 53.70
All runs:
Highest Train: 99.99 ± 0.00
Highest Test: 54.29 ± 0.13
Highest Valid: 54.19 ± 0.46
  Final Train: 99.96 ± 0.03
   Final Test: 53.60 ± 0.11
Saving results to results/amazon-ratings/MPNN_gcn.csv

Running with Pre-trained MLP Regularization (lambda=0.001)...
Namespace(bn=True, cpu=False, data_dir='./data/', dataset='amazon-ratings', device=0, display_step=100, dropout=0.5, epochs=2500, gnn='gcn', hidden_channels=512, jk=False, label_num_per_class=20, lambda_val=0.001, ln=False, local_layers=4, lr=0.001, metric='acc', mlp_epochs=500, mlp_reg=True, model='MPNN', model_dir='./model/', num_heads=1, pre_linear=False, pre_ln=False, rand_split=False, rand_split_class=False, reg_start_epoch=10, reg_update_freq=5, res=True, runs=3, save_model=False, seed=42, test_num=1000, train_prop=0.5, use_reg=True, valid_num=500, valid_prop=0.25, weight_decay=0.0)
amazon-ratings
dataset amazon-ratings | num nodes 24492 | num edge 93050 | num node feats 300 | num classes 5
MODEL: MPNNs(
  (h_lins): ModuleList()
  (local_convs): ModuleList(
    (0): GCNConv(300, 512)
    (1): GCNConv(512, 512)
    (2): GCNConv(512, 512)
    (3): GCNConv(512, 512)
  )
  (lins): ModuleList(
    (0): Linear(in_features=300, out_features=512, bias=True)
    (1): Linear(in_features=512, out_features=512, bias=True)
    (2): Linear(in_features=512, out_features=512, bias=True)
    (3): Linear(in_features=512, out_features=512, bias=True)
  )
  (lns): ModuleList(
    (0): LayerNorm((512,), eps=1e-05, elementwise_affine=True)
    (1): LayerNorm((512,), eps=1e-05, elementwise_affine=True)
    (2): LayerNorm((512,), eps=1e-05, elementwise_affine=True)
    (3): LayerNorm((512,), eps=1e-05, elementwise_affine=True)
  )
  (bns): ModuleList(
    (0): BatchNorm1d(512, eps=1e-05, momentum=0.1, affine=True, track_running_stats=True)
    (1): BatchNorm1d(512, eps=1e-05, momentum=0.1, affine=True, track_running_stats=True)
    (2): BatchNorm1d(512, eps=1e-05, momentum=0.1, affine=True, track_running_stats=True)
    (3): BatchNorm1d(512, eps=1e-05, momentum=0.1, affine=True, track_running_stats=True)
  )
  (lin_in): Linear(in_features=300, out_features=512, bias=True)
  (pred_local): Linear(in_features=512, out_features=5, bias=True)
)
Pre-training MLP for 500 epochs to generate co-occurrence matrix...
MLP pre-training complete. Penalty matrix frozen.
Epoch: 00, Loss: 1.7957, Train: 28.65%, Valid: 28.17%, Test: 28.42%, Best Valid: 28.17%, Best Test: 28.42%
Epoch: 100, Loss: 0.7939, Train: 74.01%, Valid: 49.04%, Test: 49.19%, Best Valid: 49.04%, Best Test: 49.19%
Epoch: 200, Loss: 0.4327, Train: 93.48%, Valid: 50.32%, Test: 51.00%, Best Valid: 51.80%, Best Test: 51.53%
Epoch: 300, Loss: 0.2381, Train: 98.20%, Valid: 51.27%, Test: 51.46%, Best Valid: 52.29%, Best Test: 52.23%
Epoch: 400, Loss: 0.1553, Train: 99.20%, Valid: 50.91%, Test: 50.73%, Best Valid: 52.43%, Best Test: 52.60%
Epoch: 500, Loss: 0.1188, Train: 99.60%, Valid: 52.10%, Test: 51.61%, Best Valid: 52.98%, Best Test: 52.88%
Epoch: 600, Loss: 0.0872, Train: 99.72%, Valid: 52.82%, Test: 52.54%, Best Valid: 53.08%, Best Test: 52.59%
Epoch: 700, Loss: 0.0686, Train: 99.77%, Valid: 52.57%, Test: 52.52%, Best Valid: 53.31%, Best Test: 52.62%
Epoch: 800, Loss: 0.0558, Train: 99.84%, Valid: 51.98%, Test: 52.11%, Best Valid: 53.31%, Best Test: 52.62%
Epoch: 900, Loss: 0.0454, Train: 99.84%, Valid: 52.69%, Test: 52.43%, Best Valid: 53.31%, Best Test: 52.62%
Epoch: 1000, Loss: 0.0359, Train: 99.88%, Valid: 52.20%, Test: 52.43%, Best Valid: 53.31%, Best Test: 52.62%
Epoch: 1100, Loss: 0.0344, Train: 99.87%, Valid: 52.95%, Test: 53.08%, Best Valid: 53.31%, Best Test: 52.62%
Epoch: 1200, Loss: 0.0298, Train: 99.88%, Valid: 52.13%, Test: 52.85%, Best Valid: 53.52%, Best Test: 53.36%
Epoch: 1300, Loss: 0.0289, Train: 99.91%, Valid: 52.59%, Test: 52.83%, Best Valid: 53.52%, Best Test: 53.36%
Epoch: 1400, Loss: 0.0238, Train: 99.91%, Valid: 52.77%, Test: 52.95%, Best Valid: 53.52%, Best Test: 53.36%
Epoch: 1500, Loss: 0.0234, Train: 99.93%, Valid: 52.95%, Test: 53.24%, Best Valid: 53.65%, Best Test: 53.54%
Epoch: 1600, Loss: 0.0230, Train: 99.93%, Valid: 52.72%, Test: 53.24%, Best Valid: 53.65%, Best Test: 53.54%
Epoch: 1700, Loss: 0.0246, Train: 99.94%, Valid: 52.83%, Test: 52.85%, Best Valid: 53.65%, Best Test: 53.54%
Epoch: 1800, Loss: 0.0191, Train: 99.93%, Valid: 52.44%, Test: 52.78%, Best Valid: 53.65%, Best Test: 53.54%
Epoch: 1900, Loss: 0.0161, Train: 99.96%, Valid: 52.75%, Test: 53.16%, Best Valid: 53.65%, Best Test: 53.54%
Epoch: 2000, Loss: 0.0168, Train: 99.97%, Valid: 52.54%, Test: 53.55%, Best Valid: 53.65%, Best Test: 53.54%
Epoch: 2100, Loss: 0.0170, Train: 99.98%, Valid: 52.07%, Test: 52.87%, Best Valid: 53.65%, Best Test: 53.54%
Epoch: 2200, Loss: 0.0143, Train: 99.98%, Valid: 52.77%, Test: 53.05%, Best Valid: 53.65%, Best Test: 53.54%
Epoch: 2300, Loss: 0.0144, Train: 99.98%, Valid: 52.77%, Test: 52.83%, Best Valid: 53.65%, Best Test: 53.54%
Epoch: 2400, Loss: 0.0155, Train: 99.98%, Valid: 52.93%, Test: 53.78%, Best Valid: 53.65%, Best Test: 53.54%
Run 01:
Highest Train: 99.98
Highest Valid: 53.65
Highest Test: 53.90
Chosen epoch: 1470
Final Train: 99.93
Final Test: 53.54
Pre-training MLP for 500 epochs to generate co-occurrence matrix...
MLP pre-training complete. Penalty matrix frozen.
Epoch: 00, Loss: 1.8044, Train: 26.83%, Valid: 26.77%, Test: 26.70%, Best Valid: 26.77%, Best Test: 26.70%
Epoch: 100, Loss: 0.8046, Train: 72.19%, Valid: 48.08%, Test: 48.78%, Best Valid: 49.31%, Best Test: 49.47%
Epoch: 200, Loss: 0.4418, Train: 93.92%, Valid: 52.18%, Test: 51.80%, Best Valid: 52.47%, Best Test: 51.35%
Epoch: 300, Loss: 0.2461, Train: 98.72%, Valid: 53.42%, Test: 52.59%, Best Valid: 53.55%, Best Test: 52.65%
Epoch: 400, Loss: 0.1522, Train: 99.33%, Valid: 53.14%, Test: 52.75%, Best Valid: 53.55%, Best Test: 52.65%
Epoch: 500, Loss: 0.1019, Train: 99.69%, Valid: 53.85%, Test: 52.98%, Best Valid: 54.17%, Best Test: 53.72%
Epoch: 600, Loss: 0.0851, Train: 99.76%, Valid: 54.04%, Test: 53.37%, Best Valid: 54.35%, Best Test: 53.60%
Epoch: 700, Loss: 0.0689, Train: 99.82%, Valid: 53.90%, Test: 53.36%, Best Valid: 54.53%, Best Test: 53.68%
Epoch: 800, Loss: 0.0494, Train: 99.84%, Valid: 53.34%, Test: 53.24%, Best Valid: 54.53%, Best Test: 53.68%
Epoch: 900, Loss: 0.0421, Train: 99.83%, Valid: 53.78%, Test: 53.55%, Best Valid: 54.53%, Best Test: 53.68%
Epoch: 1000, Loss: 0.0447, Train: 99.90%, Valid: 53.85%, Test: 53.42%, Best Valid: 54.53%, Best Test: 53.68%
Epoch: 1100, Loss: 0.0354, Train: 99.91%, Valid: 53.47%, Test: 53.52%, Best Valid: 54.74%, Best Test: 54.19%
Epoch: 1200, Loss: 0.0331, Train: 99.93%, Valid: 53.90%, Test: 53.86%, Best Valid: 54.74%, Best Test: 54.19%
Epoch: 1300, Loss: 0.0256, Train: 99.93%, Valid: 53.98%, Test: 53.52%, Best Valid: 54.91%, Best Test: 54.17%
Epoch: 1400, Loss: 0.0289, Train: 99.93%, Valid: 53.72%, Test: 53.75%, Best Valid: 54.91%, Best Test: 54.17%
Epoch: 1500, Loss: 0.0216, Train: 99.94%, Valid: 53.65%, Test: 53.34%, Best Valid: 54.91%, Best Test: 54.17%
Epoch: 1600, Loss: 0.0222, Train: 99.95%, Valid: 53.90%, Test: 53.19%, Best Valid: 54.91%, Best Test: 54.17%
Epoch: 1700, Loss: 0.0194, Train: 99.97%, Valid: 53.86%, Test: 53.73%, Best Valid: 54.91%, Best Test: 54.17%
Epoch: 1800, Loss: 0.0201, Train: 99.96%, Valid: 54.45%, Test: 53.91%, Best Valid: 54.91%, Best Test: 54.17%
Epoch: 1900, Loss: 0.0194, Train: 99.97%, Valid: 54.06%, Test: 53.67%, Best Valid: 54.91%, Best Test: 54.17%
Epoch: 2000, Loss: 0.0131, Train: 99.97%, Valid: 54.22%, Test: 53.45%, Best Valid: 54.91%, Best Test: 54.17%
Epoch: 2100, Loss: 0.0144, Train: 99.97%, Valid: 54.04%, Test: 53.88%, Best Valid: 54.96%, Best Test: 54.04%
Epoch: 2200, Loss: 0.0164, Train: 99.97%, Valid: 53.91%, Test: 53.50%, Best Valid: 54.96%, Best Test: 54.04%
Epoch: 2300, Loss: 0.0122, Train: 99.98%, Valid: 53.29%, Test: 53.36%, Best Valid: 54.96%, Best Test: 54.04%
Epoch: 2400, Loss: 0.0148, Train: 99.98%, Valid: 53.67%, Test: 53.26%, Best Valid: 54.96%, Best Test: 54.04%
Run 02:
Highest Train: 99.98
Highest Valid: 54.96
Highest Test: 54.34
Chosen epoch: 2008
Final Train: 99.96
Final Test: 54.04
Pre-training MLP for 500 epochs to generate co-occurrence matrix...
MLP pre-training complete. Penalty matrix frozen.
Epoch: 00, Loss: 1.7258, Train: 26.78%, Valid: 26.78%, Test: 26.78%, Best Valid: 26.78%, Best Test: 26.78%
Epoch: 100, Loss: 0.8000, Train: 72.67%, Valid: 49.21%, Test: 49.68%, Best Valid: 49.32%, Best Test: 49.00%
Epoch: 200, Loss: 0.4429, Train: 92.99%, Valid: 50.16%, Test: 51.15%, Best Valid: 51.79%, Best Test: 51.71%
Epoch: 300, Loss: 0.2526, Train: 98.29%, Valid: 51.92%, Test: 52.59%, Best Valid: 52.95%, Best Test: 52.77%
Epoch: 400, Loss: 0.1615, Train: 99.34%, Valid: 52.20%, Test: 52.52%, Best Valid: 53.26%, Best Test: 52.65%
Epoch: 500, Loss: 0.1077, Train: 99.57%, Valid: 53.55%, Test: 53.49%, Best Valid: 53.72%, Best Test: 53.26%
Epoch: 600, Loss: 0.0841, Train: 99.78%, Valid: 53.09%, Test: 53.16%, Best Valid: 53.91%, Best Test: 53.26%
Epoch: 700, Loss: 0.0672, Train: 99.83%, Valid: 52.95%, Test: 53.01%, Best Valid: 53.91%, Best Test: 53.26%
Epoch: 800, Loss: 0.0573, Train: 99.85%, Valid: 53.65%, Test: 53.08%, Best Valid: 53.91%, Best Test: 53.26%
Epoch: 900, Loss: 0.0469, Train: 99.88%, Valid: 53.50%, Test: 53.00%, Best Valid: 54.01%, Best Test: 53.23%
Epoch: 1000, Loss: 0.0344, Train: 99.88%, Valid: 53.47%, Test: 53.23%, Best Valid: 54.01%, Best Test: 53.23%
Epoch: 1100, Loss: 0.0318, Train: 99.91%, Valid: 53.55%, Test: 53.09%, Best Valid: 54.01%, Best Test: 53.23%
Epoch: 1200, Loss: 0.0325, Train: 99.92%, Valid: 53.60%, Test: 53.05%, Best Valid: 54.01%, Best Test: 53.23%
Epoch: 1300, Loss: 0.0271, Train: 99.91%, Valid: 53.06%, Test: 53.03%, Best Valid: 54.01%, Best Test: 53.23%
Epoch: 1400, Loss: 0.0252, Train: 99.93%, Valid: 53.29%, Test: 52.56%, Best Valid: 54.01%, Best Test: 53.23%
Epoch: 1500, Loss: 0.0268, Train: 99.97%, Valid: 53.58%, Test: 53.36%, Best Valid: 54.01%, Best Test: 53.23%
Epoch: 1600, Loss: 0.0204, Train: 99.96%, Valid: 53.54%, Test: 53.52%, Best Valid: 54.01%, Best Test: 53.23%
Epoch: 1700, Loss: 0.0211, Train: 99.97%, Valid: 53.31%, Test: 53.23%, Best Valid: 54.01%, Best Test: 53.23%
Epoch: 1800, Loss: 0.0169, Train: 99.98%, Valid: 53.34%, Test: 53.41%, Best Valid: 54.01%, Best Test: 53.23%
Epoch: 1900, Loss: 0.0183, Train: 99.97%, Valid: 53.41%, Test: 53.54%, Best Valid: 54.01%, Best Test: 53.23%
Epoch: 2000, Loss: 0.0178, Train: 99.98%, Valid: 53.19%, Test: 53.72%, Best Valid: 54.21%, Best Test: 53.72%
Epoch: 2100, Loss: 0.0142, Train: 99.98%, Valid: 53.57%, Test: 53.55%, Best Valid: 54.21%, Best Test: 53.72%
Epoch: 2200, Loss: 0.0189, Train: 99.98%, Valid: 54.34%, Test: 53.63%, Best Valid: 54.37%, Best Test: 53.58%
Epoch: 2300, Loss: 0.0167, Train: 99.98%, Valid: 53.47%, Test: 53.42%, Best Valid: 54.39%, Best Test: 53.73%
Epoch: 2400, Loss: 0.0120, Train: 99.98%, Valid: 53.55%, Test: 53.41%, Best Valid: 54.39%, Best Test: 53.73%
Run 03:
Highest Train: 99.99
Highest Valid: 54.39
Highest Test: 54.19
Chosen epoch: 2201
Final Train: 99.98
Final Test: 53.73
All runs:
Highest Train: 99.99 ± 0.00
Highest Test: 54.14 ± 0.22
Highest Valid: 54.33 ± 0.65
  Final Train: 99.96 ± 0.02
   Final Test: 53.77 ± 0.26
Saving results to results/amazon-ratings/MPNN_gcn.csv

Running with Pre-trained MLP Regularization (lambda=0.005)...
Namespace(bn=True, cpu=False, data_dir='./data/', dataset='amazon-ratings', device=0, display_step=100, dropout=0.5, epochs=2500, gnn='gcn', hidden_channels=512, jk=False, label_num_per_class=20, lambda_val=0.005, ln=False, local_layers=4, lr=0.001, metric='acc', mlp_epochs=500, mlp_reg=True, model='MPNN', model_dir='./model/', num_heads=1, pre_linear=False, pre_ln=False, rand_split=False, rand_split_class=False, reg_start_epoch=10, reg_update_freq=5, res=True, runs=3, save_model=False, seed=42, test_num=1000, train_prop=0.5, use_reg=True, valid_num=500, valid_prop=0.25, weight_decay=0.0)
amazon-ratings
dataset amazon-ratings | num nodes 24492 | num edge 93050 | num node feats 300 | num classes 5
MODEL: MPNNs(
  (h_lins): ModuleList()
  (local_convs): ModuleList(
    (0): GCNConv(300, 512)
    (1): GCNConv(512, 512)
    (2): GCNConv(512, 512)
    (3): GCNConv(512, 512)
  )
  (lins): ModuleList(
    (0): Linear(in_features=300, out_features=512, bias=True)
    (1): Linear(in_features=512, out_features=512, bias=True)
    (2): Linear(in_features=512, out_features=512, bias=True)
    (3): Linear(in_features=512, out_features=512, bias=True)
  )
  (lns): ModuleList(
    (0): LayerNorm((512,), eps=1e-05, elementwise_affine=True)
    (1): LayerNorm((512,), eps=1e-05, elementwise_affine=True)
    (2): LayerNorm((512,), eps=1e-05, elementwise_affine=True)
    (3): LayerNorm((512,), eps=1e-05, elementwise_affine=True)
  )
  (bns): ModuleList(
    (0): BatchNorm1d(512, eps=1e-05, momentum=0.1, affine=True, track_running_stats=True)
    (1): BatchNorm1d(512, eps=1e-05, momentum=0.1, affine=True, track_running_stats=True)
    (2): BatchNorm1d(512, eps=1e-05, momentum=0.1, affine=True, track_running_stats=True)
    (3): BatchNorm1d(512, eps=1e-05, momentum=0.1, affine=True, track_running_stats=True)
  )
  (lin_in): Linear(in_features=300, out_features=512, bias=True)
  (pred_local): Linear(in_features=512, out_features=5, bias=True)
)
Pre-training MLP for 500 epochs to generate co-occurrence matrix...
MLP pre-training complete. Penalty matrix frozen.
Epoch: 00, Loss: 1.8028, Train: 28.56%, Valid: 28.06%, Test: 28.30%, Best Valid: 28.06%, Best Test: 28.30%
Epoch: 100, Loss: 0.7964, Train: 74.43%, Valid: 49.16%, Test: 49.24%, Best Valid: 49.16%, Best Test: 49.24%
Epoch: 200, Loss: 0.4360, Train: 93.20%, Valid: 50.63%, Test: 50.60%, Best Valid: 51.95%, Best Test: 51.38%
Epoch: 300, Loss: 0.2374, Train: 98.11%, Valid: 51.67%, Test: 51.98%, Best Valid: 52.49%, Best Test: 52.57%
Epoch: 400, Loss: 0.1563, Train: 99.16%, Valid: 51.46%, Test: 51.18%, Best Valid: 52.75%, Best Test: 52.59%
Epoch: 500, Loss: 0.1228, Train: 99.62%, Valid: 52.57%, Test: 52.33%, Best Valid: 53.05%, Best Test: 52.77%
Epoch: 600, Loss: 0.0859, Train: 99.70%, Valid: 52.20%, Test: 52.34%, Best Valid: 53.05%, Best Test: 52.77%
Epoch: 700, Loss: 0.0662, Train: 99.76%, Valid: 52.38%, Test: 52.34%, Best Valid: 53.27%, Best Test: 52.83%
Epoch: 800, Loss: 0.0593, Train: 99.82%, Valid: 52.41%, Test: 52.74%, Best Valid: 53.27%, Best Test: 52.83%
Epoch: 900, Loss: 0.0452, Train: 99.84%, Valid: 52.13%, Test: 52.49%, Best Valid: 53.27%, Best Test: 52.83%
Epoch: 1000, Loss: 0.0368, Train: 99.89%, Valid: 52.80%, Test: 52.54%, Best Valid: 53.27%, Best Test: 52.83%
Epoch: 1100, Loss: 0.0323, Train: 99.89%, Valid: 52.83%, Test: 53.06%, Best Valid: 53.39%, Best Test: 53.08%
Epoch: 1200, Loss: 0.0305, Train: 99.89%, Valid: 52.41%, Test: 52.93%, Best Valid: 53.39%, Best Test: 53.08%
Epoch: 1300, Loss: 0.0263, Train: 99.91%, Valid: 52.75%, Test: 53.05%, Best Valid: 53.39%, Best Test: 53.08%
Epoch: 1400, Loss: 0.0249, Train: 99.93%, Valid: 52.78%, Test: 53.36%, Best Valid: 53.39%, Best Test: 53.08%
Epoch: 1500, Loss: 0.0261, Train: 99.93%, Valid: 52.72%, Test: 53.01%, Best Valid: 53.39%, Best Test: 53.08%
Epoch: 1600, Loss: 0.0214, Train: 99.96%, Valid: 53.23%, Test: 53.34%, Best Valid: 53.39%, Best Test: 53.08%
Epoch: 1700, Loss: 0.0215, Train: 99.94%, Valid: 52.65%, Test: 53.49%, Best Valid: 53.52%, Best Test: 53.80%
Epoch: 1800, Loss: 0.0188, Train: 99.94%, Valid: 52.96%, Test: 53.23%, Best Valid: 53.52%, Best Test: 53.80%
Epoch: 1900, Loss: 0.0164, Train: 99.98%, Valid: 53.23%, Test: 53.72%, Best Valid: 53.60%, Best Test: 53.75%
Epoch: 2000, Loss: 0.0186, Train: 99.98%, Valid: 52.92%, Test: 53.11%, Best Valid: 53.60%, Best Test: 53.75%
Epoch: 2100, Loss: 0.0197, Train: 99.96%, Valid: 52.62%, Test: 53.21%, Best Valid: 53.60%, Best Test: 53.75%
Epoch: 2200, Loss: 0.0146, Train: 99.98%, Valid: 53.11%, Test: 53.94%, Best Valid: 53.60%, Best Test: 53.75%
Epoch: 2300, Loss: 0.0156, Train: 99.98%, Valid: 53.34%, Test: 53.76%, Best Valid: 53.60%, Best Test: 53.75%
Epoch: 2400, Loss: 0.0117, Train: 99.98%, Valid: 53.18%, Test: 53.57%, Best Valid: 53.65%, Best Test: 53.60%
Run 01:
Highest Train: 99.98
Highest Valid: 53.72
Highest Test: 54.39
Chosen epoch: 2476
Final Train: 99.98
Final Test: 53.80
Pre-training MLP for 500 epochs to generate co-occurrence matrix...
MLP pre-training complete. Penalty matrix frozen.
Epoch: 00, Loss: 1.8116, Train: 26.83%, Valid: 26.77%, Test: 26.70%, Best Valid: 26.77%, Best Test: 26.70%
Epoch: 100, Loss: 0.8078, Train: 71.48%, Valid: 47.75%, Test: 48.13%, Best Valid: 49.78%, Best Test: 49.76%
Epoch: 200, Loss: 0.4414, Train: 93.81%, Valid: 52.28%, Test: 51.74%, Best Valid: 52.28%, Best Test: 51.74%
Epoch: 300, Loss: 0.2448, Train: 98.64%, Valid: 52.80%, Test: 52.44%, Best Valid: 53.75%, Best Test: 52.43%
Epoch: 400, Loss: 0.1537, Train: 99.38%, Valid: 53.47%, Test: 52.90%, Best Valid: 53.75%, Best Test: 52.43%
Epoch: 500, Loss: 0.1038, Train: 99.62%, Valid: 53.11%, Test: 53.08%, Best Valid: 53.93%, Best Test: 53.00%
Epoch: 600, Loss: 0.0840, Train: 99.74%, Valid: 53.72%, Test: 53.34%, Best Valid: 53.98%, Best Test: 53.26%
Epoch: 700, Loss: 0.0637, Train: 99.83%, Valid: 53.86%, Test: 53.34%, Best Valid: 54.24%, Best Test: 53.21%
Epoch: 800, Loss: 0.0532, Train: 99.83%, Valid: 53.47%, Test: 53.24%, Best Valid: 54.24%, Best Test: 53.21%
Epoch: 900, Loss: 0.0420, Train: 99.84%, Valid: 53.93%, Test: 53.21%, Best Valid: 54.45%, Best Test: 53.70%
Epoch: 1000, Loss: 0.0370, Train: 99.88%, Valid: 53.67%, Test: 53.08%, Best Valid: 54.45%, Best Test: 53.70%
Epoch: 1100, Loss: 0.0372, Train: 99.90%, Valid: 53.62%, Test: 53.60%, Best Valid: 54.45%, Best Test: 53.70%
Epoch: 1200, Loss: 0.0349, Train: 99.92%, Valid: 53.83%, Test: 53.32%, Best Valid: 54.45%, Best Test: 53.70%
Epoch: 1300, Loss: 0.0294, Train: 99.92%, Valid: 53.60%, Test: 53.52%, Best Valid: 54.53%, Best Test: 53.88%
Epoch: 1400, Loss: 0.0298, Train: 99.94%, Valid: 53.93%, Test: 53.63%, Best Valid: 54.53%, Best Test: 53.88%
Epoch: 1500, Loss: 0.0244, Train: 99.95%, Valid: 54.14%, Test: 53.81%, Best Valid: 54.53%, Best Test: 53.88%
Epoch: 1600, Loss: 0.0230, Train: 99.95%, Valid: 53.72%, Test: 53.39%, Best Valid: 54.53%, Best Test: 53.88%
Epoch: 1700, Loss: 0.0235, Train: 99.95%, Valid: 54.25%, Test: 53.58%, Best Valid: 54.53%, Best Test: 53.88%
Epoch: 1800, Loss: 0.0183, Train: 99.96%, Valid: 53.73%, Test: 53.80%, Best Valid: 54.58%, Best Test: 53.54%
Epoch: 1900, Loss: 0.0217, Train: 99.96%, Valid: 53.37%, Test: 53.62%, Best Valid: 54.58%, Best Test: 53.54%
Epoch: 2000, Loss: 0.0158, Train: 99.96%, Valid: 54.16%, Test: 53.57%, Best Valid: 54.58%, Best Test: 53.54%
Epoch: 2100, Loss: 0.0158, Train: 99.96%, Valid: 53.62%, Test: 53.50%, Best Valid: 54.58%, Best Test: 53.54%
Epoch: 2200, Loss: 0.0153, Train: 99.97%, Valid: 54.01%, Test: 54.01%, Best Valid: 54.58%, Best Test: 53.54%
Epoch: 2300, Loss: 0.0145, Train: 99.98%, Valid: 54.17%, Test: 53.31%, Best Valid: 54.58%, Best Test: 53.54%
Epoch: 2400, Loss: 0.0114, Train: 99.98%, Valid: 53.81%, Test: 53.45%, Best Valid: 54.58%, Best Test: 53.54%
Run 02:
Highest Train: 99.98
Highest Valid: 54.58
Highest Test: 54.32
Chosen epoch: 1784
Final Train: 99.95
Final Test: 53.54
Pre-training MLP for 500 epochs to generate co-occurrence matrix...
MLP pre-training complete. Penalty matrix frozen.
Epoch: 00, Loss: 1.7327, Train: 26.78%, Valid: 26.78%, Test: 26.78%, Best Valid: 26.78%, Best Test: 26.78%
Epoch: 100, Loss: 0.8018, Train: 71.64%, Valid: 49.01%, Test: 49.32%, Best Valid: 49.83%, Best Test: 49.75%
Epoch: 200, Loss: 0.4422, Train: 93.02%, Valid: 50.33%, Test: 50.91%, Best Valid: 51.94%, Best Test: 51.74%
Epoch: 300, Loss: 0.2511, Train: 98.30%, Valid: 52.38%, Test: 52.46%, Best Valid: 53.09%, Best Test: 52.57%
Epoch: 400, Loss: 0.1611, Train: 99.29%, Valid: 52.95%, Test: 52.93%, Best Valid: 53.57%, Best Test: 53.55%
Epoch: 500, Loss: 0.1101, Train: 99.62%, Valid: 53.37%, Test: 53.42%, Best Valid: 53.78%, Best Test: 53.49%
Epoch: 600, Loss: 0.0829, Train: 99.74%, Valid: 53.05%, Test: 53.06%, Best Valid: 53.85%, Best Test: 53.00%
Epoch: 700, Loss: 0.0679, Train: 99.84%, Valid: 53.06%, Test: 52.54%, Best Valid: 53.85%, Best Test: 53.00%
Epoch: 800, Loss: 0.0523, Train: 99.85%, Valid: 53.55%, Test: 53.13%, Best Valid: 54.07%, Best Test: 53.50%
Epoch: 900, Loss: 0.0457, Train: 99.86%, Valid: 53.24%, Test: 52.72%, Best Valid: 54.07%, Best Test: 53.50%
Epoch: 1000, Loss: 0.0341, Train: 99.89%, Valid: 53.03%, Test: 53.21%, Best Valid: 54.07%, Best Test: 53.50%
Epoch: 1100, Loss: 0.0328, Train: 99.92%, Valid: 53.37%, Test: 53.52%, Best Valid: 54.07%, Best Test: 53.50%
Epoch: 1200, Loss: 0.0310, Train: 99.93%, Valid: 53.52%, Test: 53.18%, Best Valid: 54.07%, Best Test: 53.50%
Epoch: 1300, Loss: 0.0306, Train: 99.94%, Valid: 52.96%, Test: 52.56%, Best Valid: 54.07%, Best Test: 53.50%
Epoch: 1400, Loss: 0.0213, Train: 99.93%, Valid: 53.52%, Test: 52.95%, Best Valid: 54.07%, Best Test: 53.50%
Epoch: 1500, Loss: 0.0243, Train: 99.96%, Valid: 53.52%, Test: 53.34%, Best Valid: 54.07%, Best Test: 53.50%
Epoch: 1600, Loss: 0.0191, Train: 99.95%, Valid: 53.27%, Test: 53.57%, Best Valid: 54.07%, Best Test: 53.50%
Epoch: 1700, Loss: 0.0252, Train: 99.98%, Valid: 53.65%, Test: 53.05%, Best Valid: 54.07%, Best Test: 53.50%
Epoch: 1800, Loss: 0.0176, Train: 99.98%, Valid: 53.08%, Test: 53.55%, Best Valid: 54.11%, Best Test: 53.75%
Epoch: 1900, Loss: 0.0170, Train: 99.97%, Valid: 53.47%, Test: 53.49%, Best Valid: 54.19%, Best Test: 53.72%
Epoch: 2000, Loss: 0.0178, Train: 99.97%, Valid: 53.37%, Test: 53.37%, Best Valid: 54.19%, Best Test: 53.72%
Epoch: 2100, Loss: 0.0162, Train: 99.98%, Valid: 53.13%, Test: 53.19%, Best Valid: 54.19%, Best Test: 53.72%
Epoch: 2200, Loss: 0.0179, Train: 99.98%, Valid: 53.83%, Test: 54.29%, Best Valid: 54.19%, Best Test: 53.72%
Epoch: 2300, Loss: 0.0137, Train: 99.98%, Valid: 53.65%, Test: 53.52%, Best Valid: 54.39%, Best Test: 53.78%
Epoch: 2400, Loss: 0.0122, Train: 99.98%, Valid: 53.39%, Test: 54.07%, Best Valid: 54.39%, Best Test: 53.78%
Run 03:
Highest Train: 99.99
Highest Valid: 54.39
Highest Test: 54.52
Chosen epoch: 2209
Final Train: 99.98
Final Test: 53.78
All runs:
Highest Train: 99.99 ± 0.00
Highest Test: 54.41 ± 0.10
Highest Valid: 54.23 ± 0.45
  Final Train: 99.97 ± 0.02
   Final Test: 53.70 ± 0.15
Saving results to results/amazon-ratings/MPNN_gcn.csv

Small lambda sweep completed!
==========================================================
Starting Small Lambda MLP-Reg Sweep for:
python main.py --gnn sage --dataset amazon-ratings --hidden_channels 512 --epochs 2500 --lr 0.001 --runs 3 --local_layers 9  --weight_decay 0.0   --dropout 0.5 --device 0 --bn --res
==========================================================

Running with Pre-trained MLP Regularization (lambda=1e-4)...
