==========================================================
Homophilic MLP-Reg GNN Sweep — Dataset: wikics
Array task: 4 / Job: 998532
Date: Sun Apr 26 12:03:06 AM EDT 2026 | Host: n0001
==========================================================
Sun Apr 26 00:03:15 2026       
+-----------------------------------------------------------------------------------------+
| NVIDIA-SMI 570.211.01             Driver Version: 570.211.01     CUDA Version: 12.8     |
|-----------------------------------------+------------------------+----------------------+
| GPU  Name                 Persistence-M | Bus-Id          Disp.A | Volatile Uncorr. ECC |
| Fan  Temp   Perf          Pwr:Usage/Cap |           Memory-Usage | GPU-Util  Compute M. |
|                                         |                        |               MIG M. |
|=========================================+========================+======================|
|   0  NVIDIA A100-SXM4-80GB          On  |   00000000:01:00.0 Off |                   On |
| N/A   35C    P0            114W /  500W |    3547MiB /  81920MiB |     N/A      Default |
|                                         |                        |              Enabled |
+-----------------------------------------+------------------------+----------------------+
|   1  NVIDIA A100-SXM4-80GB          On  |   00000000:41:00.0 Off |                   On |
| N/A   34C    P0            111W /  500W |    2169MiB /  81920MiB |     N/A      Default |
|                                         |                        |              Enabled |
+-----------------------------------------+------------------------+----------------------+
|   2  NVIDIA A100-SXM4-80GB          On  |   00000000:81:00.0 Off |                   On |
| N/A   36C    P0            111W /  500W |    5561MiB /  81920MiB |     N/A      Default |
|                                         |                        |              Enabled |
+-----------------------------------------+------------------------+----------------------+
|   3  NVIDIA A100-SXM4-80GB          On  |   00000000:C1:00.0 Off |                   On |
| N/A   25C    P0             49W /  500W |     185MiB /  81920MiB |     N/A      Default |
|                                         |                        |              Enabled |
+-----------------------------------------+------------------------+----------------------+

+-----------------------------------------------------------------------------------------+
| MIG devices:                                                                            |
+------------------+----------------------------------+-----------+-----------------------+
| GPU  GI  CI  MIG |                     Memory-Usage |        Vol|        Shared         |
|      ID  ID  Dev |                       BAR1-Usage | SM     Unc| CE ENC  DEC  OFA  JPG |
|                  |                                  |        ECC|                       |
|==================+==================================+===========+=======================|
|  3   14   0   0  |              27MiB /  9728MiB    | 14      0 |  1   0    0    0    0 |
|                  |                 0MiB / 16383MiB  |           |                       |
+------------------+----------------------------------+-----------+-----------------------+
                                                                                         
+-----------------------------------------------------------------------------------------+
| Processes:                                                                              |
|  GPU   GI   CI              PID   Type   Process name                        GPU Memory |
|        ID   ID                                                               Usage      |
|=========================================================================================|
|    0   13    0           722285      C   python                                 3358MiB |
|    1   13    0           761464      C   python                                 1980MiB |
|    2    9    0           720307      C   python                                 5372MiB |
+-----------------------------------------------------------------------------------------+
1.12.1
True
NVIDIA A100-SXM4-80GB MIG 1g.10gb
==========================================================
Starting Homophilic MLP-Reg Sweep for:
python main.py --gnn gcn  --dataset wikics --hidden_channels 256 --epochs 1000 --lr 0.001 --runs 3 --local_layers 3 --weight_decay 0.0 --dropout 0.5 --device 0 --ln
==========================================================
Running Baseline (REG: False)...
Namespace(bn=False, cpu=False, data_dir='./data/', dataset='wikics', device=0, display_step=100, dropout=0.5, epochs=1000, gnn='gcn', hidden_channels=256, jk=False, label_num_per_class=20, lambda_val=0.5, ln=True, local_layers=3, lr=0.001, metric='acc', mlp_epochs=500, mlp_reg=False, model='MPNN', model_dir='./model/', num_heads=1, pre_linear=False, pre_ln=False, rand_split=False, rand_split_class=False, reg_start_epoch=10, reg_update_freq=5, res=False, runs=3, save_model=False, seed=42, test_num=1000, train_prop=0.5, use_reg=False, valid_num=500, valid_prop=0.25, weight_decay=0.0)
wikics
dataset wikics | num nodes 11701 | num edge 431726 | num node feats 300 | num classes 10
MODEL: MPNNs(
  (h_lins): ModuleList()
  (local_convs): ModuleList(
    (0): GCNConv(300, 256)
    (1): GCNConv(256, 256)
    (2): GCNConv(256, 256)
  )
  (lins): ModuleList(
    (0): Linear(in_features=300, out_features=256, bias=True)
    (1): Linear(in_features=256, out_features=256, bias=True)
    (2): Linear(in_features=256, out_features=256, bias=True)
  )
  (lns): ModuleList(
    (0): LayerNorm((256,), eps=1e-05, elementwise_affine=True)
    (1): LayerNorm((256,), eps=1e-05, elementwise_affine=True)
    (2): LayerNorm((256,), eps=1e-05, elementwise_affine=True)
  )
  (bns): ModuleList(
    (0): BatchNorm1d(256, eps=1e-05, momentum=0.1, affine=True, track_running_stats=True)
    (1): BatchNorm1d(256, eps=1e-05, momentum=0.1, affine=True, track_running_stats=True)
    (2): BatchNorm1d(256, eps=1e-05, momentum=0.1, affine=True, track_running_stats=True)
  )
  (lin_in): Linear(in_features=300, out_features=256, bias=True)
  (pred_local): Linear(in_features=256, out_features=10, bias=True)
)
Epoch: 00, Loss: 2.4576, Train: 23.28%, Valid: 22.37%, Test: 22.87%, Best Valid: 22.37%, Best Test: 22.87%
Epoch: 100, Loss: 0.2166, Train: 95.17%, Valid: 80.77%, Test: 80.50%, Best Valid: 81.82%, Best Test: 80.40%
Epoch: 200, Loss: 0.1073, Train: 98.28%, Valid: 79.41%, Test: 79.27%, Best Valid: 81.82%, Best Test: 80.40%
Epoch: 300, Loss: 0.0733, Train: 98.97%, Valid: 78.29%, Test: 78.90%, Best Valid: 81.82%, Best Test: 80.40%
Epoch: 400, Loss: 0.0304, Train: 99.48%, Valid: 78.23%, Test: 78.47%, Best Valid: 81.82%, Best Test: 80.40%
Epoch: 500, Loss: 0.0162, Train: 99.66%, Valid: 77.99%, Test: 78.23%, Best Valid: 81.82%, Best Test: 80.40%
Epoch: 600, Loss: 0.0156, Train: 99.66%, Valid: 78.06%, Test: 78.01%, Best Valid: 81.82%, Best Test: 80.40%
Epoch: 700, Loss: 0.0285, Train: 100.00%, Valid: 78.14%, Test: 78.48%, Best Valid: 81.82%, Best Test: 80.40%
Epoch: 800, Loss: 0.0195, Train: 99.83%, Valid: 78.06%, Test: 77.94%, Best Valid: 81.82%, Best Test: 80.40%
Epoch: 900, Loss: 0.0165, Train: 99.83%, Valid: 77.25%, Test: 78.02%, Best Valid: 81.82%, Best Test: 80.40%
Run 01:
Highest Train: 100.00
Highest Valid: 81.82
Highest Test: 80.69
Chosen epoch: 63
Final Train: 91.21
Final Test: 80.40
Epoch: 00, Loss: 2.3201, Train: 33.10%, Valid: 30.98%, Test: 30.61%, Best Valid: 30.98%, Best Test: 30.61%
Epoch: 100, Loss: 0.2729, Train: 93.45%, Valid: 80.43%, Test: 78.96%, Best Valid: 81.42%, Best Test: 79.68%
Epoch: 200, Loss: 0.1109, Train: 98.28%, Valid: 78.40%, Test: 77.44%, Best Valid: 81.42%, Best Test: 79.68%
Epoch: 300, Loss: 0.0736, Train: 98.79%, Valid: 77.85%, Test: 76.57%, Best Valid: 81.42%, Best Test: 79.68%
Epoch: 400, Loss: 0.0471, Train: 99.31%, Valid: 77.65%, Test: 76.43%, Best Valid: 81.42%, Best Test: 79.68%
Epoch: 500, Loss: 0.0364, Train: 99.14%, Valid: 78.12%, Test: 77.00%, Best Valid: 81.42%, Best Test: 79.68%
Epoch: 600, Loss: 0.0506, Train: 99.14%, Valid: 77.00%, Test: 76.12%, Best Valid: 81.42%, Best Test: 79.68%
Epoch: 700, Loss: 0.0196, Train: 99.48%, Valid: 76.89%, Test: 76.21%, Best Valid: 81.42%, Best Test: 79.68%
Epoch: 800, Loss: 0.0318, Train: 99.83%, Valid: 77.04%, Test: 75.90%, Best Valid: 81.42%, Best Test: 79.68%
Epoch: 900, Loss: 0.0170, Train: 99.31%, Valid: 76.70%, Test: 75.80%, Best Valid: 81.42%, Best Test: 79.68%
Run 02:
Highest Train: 100.00
Highest Valid: 81.42
Highest Test: 79.68
Chosen epoch: 68
Final Train: 91.38
Final Test: 79.68
Epoch: 00, Loss: 2.6098, Train: 27.24%, Valid: 25.62%, Test: 26.27%, Best Valid: 25.62%, Best Test: 26.27%
Epoch: 100, Loss: 0.2144, Train: 95.69%, Valid: 81.10%, Test: 80.13%, Best Valid: 81.65%, Best Test: 80.42%
Epoch: 200, Loss: 0.0970, Train: 98.62%, Valid: 80.53%, Test: 79.15%, Best Valid: 81.99%, Best Test: 80.19%
Epoch: 300, Loss: 0.0465, Train: 99.14%, Valid: 81.04%, Test: 79.24%, Best Valid: 81.99%, Best Test: 80.19%
Epoch: 400, Loss: 0.0511, Train: 99.14%, Valid: 80.60%, Test: 79.05%, Best Valid: 81.99%, Best Test: 80.19%
Epoch: 500, Loss: 0.0255, Train: 99.66%, Valid: 80.19%, Test: 78.88%, Best Valid: 81.99%, Best Test: 80.19%
Epoch: 600, Loss: 0.0240, Train: 99.48%, Valid: 80.28%, Test: 79.03%, Best Valid: 81.99%, Best Test: 80.19%
Epoch: 700, Loss: 0.0272, Train: 99.31%, Valid: 80.60%, Test: 78.88%, Best Valid: 81.99%, Best Test: 80.19%
Epoch: 800, Loss: 0.0172, Train: 99.66%, Valid: 80.19%, Test: 78.62%, Best Valid: 81.99%, Best Test: 80.19%
Epoch: 900, Loss: 0.0346, Train: 99.48%, Valid: 80.26%, Test: 78.71%, Best Valid: 81.99%, Best Test: 80.19%
Run 03:
Highest Train: 99.83
Highest Valid: 81.99
Highest Test: 80.62
Chosen epoch: 121
Final Train: 96.55
Final Test: 80.19
All runs:
Highest Train: 99.94 ± 0.10
Highest Test: 80.33 ± 0.56
Highest Valid: 81.74 ± 0.29
  Final Train: 93.05 ± 3.04
   Final Test: 80.09 ± 0.37
Saving results to results/wikics/MPNN_gcn.csv

Running with Pre-trained MLP Regularization (lambda=0.01)...
Namespace(bn=False, cpu=False, data_dir='./data/', dataset='wikics', device=0, display_step=100, dropout=0.5, epochs=1000, gnn='gcn', hidden_channels=256, jk=False, label_num_per_class=20, lambda_val=0.01, ln=True, local_layers=3, lr=0.001, metric='acc', mlp_epochs=500, mlp_reg=True, model='MPNN', model_dir='./model/', num_heads=1, pre_linear=False, pre_ln=False, rand_split=False, rand_split_class=False, reg_start_epoch=10, reg_update_freq=5, res=False, runs=3, save_model=False, seed=42, test_num=1000, train_prop=0.5, use_reg=True, valid_num=500, valid_prop=0.25, weight_decay=0.0)
wikics
dataset wikics | num nodes 11701 | num edge 431726 | num node feats 300 | num classes 10
MODEL: MPNNs(
  (h_lins): ModuleList()
  (local_convs): ModuleList(
    (0): GCNConv(300, 256)
    (1): GCNConv(256, 256)
    (2): GCNConv(256, 256)
  )
  (lins): ModuleList(
    (0): Linear(in_features=300, out_features=256, bias=True)
    (1): Linear(in_features=256, out_features=256, bias=True)
    (2): Linear(in_features=256, out_features=256, bias=True)
  )
  (lns): ModuleList(
    (0): LayerNorm((256,), eps=1e-05, elementwise_affine=True)
    (1): LayerNorm((256,), eps=1e-05, elementwise_affine=True)
    (2): LayerNorm((256,), eps=1e-05, elementwise_affine=True)
  )
  (bns): ModuleList(
    (0): BatchNorm1d(256, eps=1e-05, momentum=0.1, affine=True, track_running_stats=True)
    (1): BatchNorm1d(256, eps=1e-05, momentum=0.1, affine=True, track_running_stats=True)
    (2): BatchNorm1d(256, eps=1e-05, momentum=0.1, affine=True, track_running_stats=True)
  )
  (lin_in): Linear(in_features=300, out_features=256, bias=True)
  (pred_local): Linear(in_features=256, out_features=10, bias=True)
)
Pre-training MLP for 500 epochs to generate co-occurrence matrix...
MLP pre-training complete. Penalty matrix frozen.
Epoch: 00, Loss: 2.4866, Train: 20.52%, Valid: 20.06%, Test: 20.51%, Best Valid: 20.06%, Best Test: 20.51%
Epoch: 100, Loss: 0.2122, Train: 95.86%, Valid: 81.17%, Test: 80.50%, Best Valid: 81.97%, Best Test: 80.52%
Epoch: 200, Loss: 0.0887, Train: 97.59%, Valid: 78.54%, Test: 78.84%, Best Valid: 81.97%, Best Test: 80.52%
Epoch: 300, Loss: 0.0385, Train: 99.48%, Valid: 78.12%, Test: 78.74%, Best Valid: 81.97%, Best Test: 80.52%
Epoch: 400, Loss: 0.0391, Train: 99.66%, Valid: 78.04%, Test: 78.57%, Best Valid: 81.97%, Best Test: 80.52%
Epoch: 500, Loss: 0.0368, Train: 99.31%, Valid: 77.95%, Test: 78.06%, Best Valid: 81.97%, Best Test: 80.52%
Epoch: 600, Loss: 0.0148, Train: 99.66%, Valid: 77.59%, Test: 77.73%, Best Valid: 81.97%, Best Test: 80.52%
Epoch: 700, Loss: 0.0179, Train: 99.48%, Valid: 77.97%, Test: 78.43%, Best Valid: 81.97%, Best Test: 80.52%
Epoch: 800, Loss: 0.0117, Train: 99.66%, Valid: 78.18%, Test: 78.35%, Best Valid: 81.97%, Best Test: 80.52%
Epoch: 900, Loss: 0.0126, Train: 99.66%, Valid: 76.87%, Test: 77.65%, Best Valid: 81.97%, Best Test: 80.52%
Run 01:
Highest Train: 100.00
Highest Valid: 81.97
Highest Test: 80.84
Chosen epoch: 60
Final Train: 90.69
Final Test: 80.52
Pre-training MLP for 500 epochs to generate co-occurrence matrix...
MLP pre-training complete. Penalty matrix frozen.
Epoch: 00, Loss: 2.5145, Train: 22.76%, Valid: 22.87%, Test: 22.88%, Best Valid: 22.87%, Best Test: 22.88%
Epoch: 100, Loss: 0.2725, Train: 94.48%, Valid: 80.38%, Test: 78.83%, Best Valid: 81.38%, Best Test: 79.25%
Epoch: 200, Loss: 0.1123, Train: 96.90%, Valid: 78.44%, Test: 77.27%, Best Valid: 81.38%, Best Test: 79.25%
Epoch: 300, Loss: 0.0770, Train: 98.10%, Valid: 77.78%, Test: 76.26%, Best Valid: 81.38%, Best Test: 79.25%
Epoch: 400, Loss: 0.0491, Train: 99.14%, Valid: 77.21%, Test: 76.47%, Best Valid: 81.38%, Best Test: 79.25%
Epoch: 500, Loss: 0.0341, Train: 99.14%, Valid: 77.68%, Test: 76.06%, Best Valid: 81.38%, Best Test: 79.25%
Epoch: 600, Loss: 0.0354, Train: 99.48%, Valid: 77.65%, Test: 75.95%, Best Valid: 81.38%, Best Test: 79.25%
Epoch: 700, Loss: 0.0237, Train: 99.66%, Valid: 77.78%, Test: 76.31%, Best Valid: 81.38%, Best Test: 79.25%
Epoch: 800, Loss: 0.0332, Train: 99.48%, Valid: 77.91%, Test: 76.30%, Best Valid: 81.38%, Best Test: 79.25%
Epoch: 900, Loss: 0.0249, Train: 99.66%, Valid: 77.59%, Test: 76.35%, Best Valid: 81.38%, Best Test: 79.25%
Run 02:
Highest Train: 100.00
Highest Valid: 81.38
Highest Test: 79.68
Chosen epoch: 84
Final Train: 92.41
Final Test: 79.25
Pre-training MLP for 500 epochs to generate co-occurrence matrix...
MLP pre-training complete. Penalty matrix frozen.
Epoch: 00, Loss: 2.4459, Train: 47.76%, Valid: 47.25%, Test: 47.48%, Best Valid: 47.25%, Best Test: 47.48%
Epoch: 100, Loss: 0.2092, Train: 95.17%, Valid: 81.29%, Test: 80.08%, Best Valid: 81.87%, Best Test: 80.55%
Epoch: 200, Loss: 0.0883, Train: 98.97%, Valid: 81.70%, Test: 79.92%, Best Valid: 82.03%, Best Test: 80.09%
Epoch: 300, Loss: 0.0511, Train: 98.97%, Valid: 81.21%, Test: 79.75%, Best Valid: 82.03%, Best Test: 80.09%
Epoch: 400, Loss: 0.0329, Train: 99.14%, Valid: 79.71%, Test: 78.23%, Best Valid: 82.03%, Best Test: 80.09%
Epoch: 500, Loss: 0.0837, Train: 98.62%, Valid: 80.30%, Test: 78.93%, Best Valid: 82.03%, Best Test: 80.09%
Epoch: 600, Loss: 0.0246, Train: 99.66%, Valid: 80.43%, Test: 79.03%, Best Valid: 82.03%, Best Test: 80.09%
Epoch: 700, Loss: 0.0201, Train: 99.66%, Valid: 80.51%, Test: 78.95%, Best Valid: 82.03%, Best Test: 80.09%
Epoch: 800, Loss: 0.0212, Train: 99.66%, Valid: 79.48%, Test: 78.55%, Best Valid: 82.03%, Best Test: 80.09%
Epoch: 900, Loss: 0.0167, Train: 99.48%, Valid: 80.05%, Test: 78.45%, Best Valid: 82.03%, Best Test: 80.09%
Run 03:
Highest Train: 99.83
Highest Valid: 82.03
Highest Test: 80.55
Chosen epoch: 152
Final Train: 97.41
Final Test: 80.09
All runs:
Highest Train: 99.94 ± 0.10
Highest Test: 80.36 ± 0.61
Highest Valid: 81.79 ± 0.36
  Final Train: 93.51 ± 3.49
   Final Test: 79.96 ± 0.64
Saving results to results/wikics/MPNN_gcn.csv

Running with Pre-trained MLP Regularization (lambda=0.1)...
Namespace(bn=False, cpu=False, data_dir='./data/', dataset='wikics', device=0, display_step=100, dropout=0.5, epochs=1000, gnn='gcn', hidden_channels=256, jk=False, label_num_per_class=20, lambda_val=0.1, ln=True, local_layers=3, lr=0.001, metric='acc', mlp_epochs=500, mlp_reg=True, model='MPNN', model_dir='./model/', num_heads=1, pre_linear=False, pre_ln=False, rand_split=False, rand_split_class=False, reg_start_epoch=10, reg_update_freq=5, res=False, runs=3, save_model=False, seed=42, test_num=1000, train_prop=0.5, use_reg=True, valid_num=500, valid_prop=0.25, weight_decay=0.0)
wikics
dataset wikics | num nodes 11701 | num edge 431726 | num node feats 300 | num classes 10
MODEL: MPNNs(
  (h_lins): ModuleList()
  (local_convs): ModuleList(
    (0): GCNConv(300, 256)
    (1): GCNConv(256, 256)
    (2): GCNConv(256, 256)
  )
  (lins): ModuleList(
    (0): Linear(in_features=300, out_features=256, bias=True)
    (1): Linear(in_features=256, out_features=256, bias=True)
    (2): Linear(in_features=256, out_features=256, bias=True)
  )
  (lns): ModuleList(
    (0): LayerNorm((256,), eps=1e-05, elementwise_affine=True)
    (1): LayerNorm((256,), eps=1e-05, elementwise_affine=True)
    (2): LayerNorm((256,), eps=1e-05, elementwise_affine=True)
  )
  (bns): ModuleList(
    (0): BatchNorm1d(256, eps=1e-05, momentum=0.1, affine=True, track_running_stats=True)
    (1): BatchNorm1d(256, eps=1e-05, momentum=0.1, affine=True, track_running_stats=True)
    (2): BatchNorm1d(256, eps=1e-05, momentum=0.1, affine=True, track_running_stats=True)
  )
  (lin_in): Linear(in_features=300, out_features=256, bias=True)
  (pred_local): Linear(in_features=256, out_features=10, bias=True)
)
Pre-training MLP for 500 epochs to generate co-occurrence matrix...
MLP pre-training complete. Penalty matrix frozen.
Epoch: 00, Loss: 2.7082, Train: 18.79%, Valid: 18.49%, Test: 18.56%, Best Valid: 18.49%, Best Test: 18.56%
Epoch: 100, Loss: 0.2379, Train: 96.21%, Valid: 81.30%, Test: 80.49%, Best Valid: 81.76%, Best Test: 80.50%
Epoch: 200, Loss: 0.1158, Train: 97.93%, Valid: 78.18%, Test: 78.35%, Best Valid: 81.76%, Best Test: 80.50%
Epoch: 300, Loss: 0.0436, Train: 99.48%, Valid: 78.08%, Test: 78.74%, Best Valid: 81.76%, Best Test: 80.50%
Epoch: 400, Loss: 0.0481, Train: 99.48%, Valid: 78.35%, Test: 78.64%, Best Valid: 81.76%, Best Test: 80.50%
Epoch: 500, Loss: 0.0344, Train: 98.97%, Valid: 77.23%, Test: 77.82%, Best Valid: 81.76%, Best Test: 80.50%
Epoch: 600, Loss: 0.0303, Train: 99.66%, Valid: 77.34%, Test: 78.06%, Best Valid: 81.76%, Best Test: 80.50%
Epoch: 700, Loss: 0.0801, Train: 99.48%, Valid: 77.61%, Test: 78.21%, Best Valid: 81.76%, Best Test: 80.50%
Epoch: 800, Loss: 0.0157, Train: 99.48%, Valid: 78.37%, Test: 78.69%, Best Valid: 81.76%, Best Test: 80.50%
Epoch: 900, Loss: 0.0113, Train: 100.00%, Valid: 77.49%, Test: 77.85%, Best Valid: 81.76%, Best Test: 80.50%
Run 01:
Highest Train: 100.00
Highest Valid: 81.76
Highest Test: 80.81
Chosen epoch: 60
Final Train: 90.52
Final Test: 80.50
Pre-training MLP for 500 epochs to generate co-occurrence matrix...
MLP pre-training complete. Penalty matrix frozen.
Epoch: 00, Loss: 2.7386, Train: 22.76%, Valid: 22.89%, Test: 22.82%, Best Valid: 22.89%, Best Test: 22.82%
Epoch: 100, Loss: 0.3065, Train: 94.48%, Valid: 80.49%, Test: 79.00%, Best Valid: 81.38%, Best Test: 79.39%
Epoch: 200, Loss: 0.1299, Train: 97.24%, Valid: 78.95%, Test: 77.48%, Best Valid: 81.38%, Best Test: 79.39%
Epoch: 300, Loss: 0.0979, Train: 99.48%, Valid: 78.19%, Test: 76.64%, Best Valid: 81.38%, Best Test: 79.39%
Epoch: 400, Loss: 0.0624, Train: 98.97%, Valid: 77.70%, Test: 76.67%, Best Valid: 81.38%, Best Test: 79.39%
Epoch: 500, Loss: 0.0423, Train: 99.48%, Valid: 78.01%, Test: 76.45%, Best Valid: 81.38%, Best Test: 79.39%
Epoch: 600, Loss: 0.0437, Train: 99.66%, Valid: 77.65%, Test: 76.42%, Best Valid: 81.38%, Best Test: 79.39%
Epoch: 700, Loss: 0.0446, Train: 98.97%, Valid: 77.40%, Test: 76.18%, Best Valid: 81.38%, Best Test: 79.39%
Epoch: 800, Loss: 0.0265, Train: 99.66%, Valid: 77.68%, Test: 75.87%, Best Valid: 81.38%, Best Test: 79.39%
Epoch: 900, Loss: 0.0204, Train: 99.66%, Valid: 77.27%, Test: 75.99%, Best Valid: 81.38%, Best Test: 79.39%
Run 02:
Highest Train: 100.00
Highest Valid: 81.38
Highest Test: 79.80
Chosen epoch: 73
Final Train: 91.90
Final Test: 79.39
Pre-training MLP for 500 epochs to generate co-occurrence matrix...
MLP pre-training complete. Penalty matrix frozen.
Epoch: 00, Loss: 2.6639, Train: 47.93%, Valid: 46.62%, Test: 47.10%, Best Valid: 46.62%, Best Test: 47.10%
Epoch: 100, Loss: 0.2449, Train: 95.52%, Valid: 80.96%, Test: 80.18%, Best Valid: 81.78%, Best Test: 80.42%
Epoch: 200, Loss: 0.0945, Train: 98.79%, Valid: 80.70%, Test: 79.24%, Best Valid: 81.99%, Best Test: 80.06%
Epoch: 300, Loss: 0.0488, Train: 99.14%, Valid: 81.32%, Test: 79.58%, Best Valid: 81.99%, Best Test: 80.06%
Epoch: 400, Loss: 0.0416, Train: 99.14%, Valid: 80.74%, Test: 79.27%, Best Valid: 81.99%, Best Test: 80.06%
Epoch: 500, Loss: 0.0720, Train: 99.14%, Valid: 80.75%, Test: 79.17%, Best Valid: 81.99%, Best Test: 80.06%
Epoch: 600, Loss: 0.0211, Train: 99.31%, Valid: 79.88%, Test: 78.57%, Best Valid: 81.99%, Best Test: 80.06%
Epoch: 700, Loss: 0.0234, Train: 99.31%, Valid: 80.32%, Test: 78.57%, Best Valid: 81.99%, Best Test: 80.06%
Epoch: 800, Loss: 0.0254, Train: 99.48%, Valid: 79.88%, Test: 78.52%, Best Valid: 81.99%, Best Test: 80.06%
Epoch: 900, Loss: 0.0194, Train: 99.31%, Valid: 79.41%, Test: 77.94%, Best Valid: 81.99%, Best Test: 80.06%
Run 03:
Highest Train: 99.83
Highest Valid: 81.99
Highest Test: 80.42
Chosen epoch: 187
Final Train: 97.07
Final Test: 80.06
All runs:
Highest Train: 99.94 ± 0.10
Highest Test: 80.34 ± 0.51
Highest Valid: 81.71 ± 0.31
  Final Train: 93.16 ± 3.45
   Final Test: 79.98 ± 0.56
Saving results to results/wikics/MPNN_gcn.csv

Running with Pre-trained MLP Regularization (lambda=1.0)...
Namespace(bn=False, cpu=False, data_dir='./data/', dataset='wikics', device=0, display_step=100, dropout=0.5, epochs=1000, gnn='gcn', hidden_channels=256, jk=False, label_num_per_class=20, lambda_val=1.0, ln=True, local_layers=3, lr=0.001, metric='acc', mlp_epochs=500, mlp_reg=True, model='MPNN', model_dir='./model/', num_heads=1, pre_linear=False, pre_ln=False, rand_split=False, rand_split_class=False, reg_start_epoch=10, reg_update_freq=5, res=False, runs=3, save_model=False, seed=42, test_num=1000, train_prop=0.5, use_reg=True, valid_num=500, valid_prop=0.25, weight_decay=0.0)
wikics
dataset wikics | num nodes 11701 | num edge 431726 | num node feats 300 | num classes 10
MODEL: MPNNs(
  (h_lins): ModuleList()
  (local_convs): ModuleList(
    (0): GCNConv(300, 256)
    (1): GCNConv(256, 256)
    (2): GCNConv(256, 256)
  )
  (lins): ModuleList(
    (0): Linear(in_features=300, out_features=256, bias=True)
    (1): Linear(in_features=256, out_features=256, bias=True)
    (2): Linear(in_features=256, out_features=256, bias=True)
  )
  (lns): ModuleList(
    (0): LayerNorm((256,), eps=1e-05, elementwise_affine=True)
    (1): LayerNorm((256,), eps=1e-05, elementwise_affine=True)
    (2): LayerNorm((256,), eps=1e-05, elementwise_affine=True)
  )
  (bns): ModuleList(
    (0): BatchNorm1d(256, eps=1e-05, momentum=0.1, affine=True, track_running_stats=True)
    (1): BatchNorm1d(256, eps=1e-05, momentum=0.1, affine=True, track_running_stats=True)
    (2): BatchNorm1d(256, eps=1e-05, momentum=0.1, affine=True, track_running_stats=True)
  )
  (lin_in): Linear(in_features=300, out_features=256, bias=True)
  (pred_local): Linear(in_features=256, out_features=10, bias=True)
)
Pre-training MLP for 500 epochs to generate co-occurrence matrix...
MLP pre-training complete. Penalty matrix frozen.
Epoch: 00, Loss: 4.9240, Train: 18.45%, Valid: 18.39%, Test: 18.40%, Best Valid: 18.39%, Best Test: 18.40%
Epoch: 100, Loss: 0.6421, Train: 94.66%, Valid: 81.08%, Test: 80.62%, Best Valid: 81.63%, Best Test: 80.30%
Epoch: 200, Loss: 0.2254, Train: 98.62%, Valid: 80.15%, Test: 80.18%, Best Valid: 81.63%, Best Test: 80.30%
Epoch: 300, Loss: 0.1150, Train: 98.97%, Valid: 78.37%, Test: 78.79%, Best Valid: 81.63%, Best Test: 80.30%
Epoch: 400, Loss: 0.1083, Train: 99.48%, Valid: 78.54%, Test: 79.12%, Best Valid: 81.63%, Best Test: 80.30%
Epoch: 500, Loss: 0.1077, Train: 99.83%, Valid: 78.67%, Test: 78.96%, Best Valid: 81.63%, Best Test: 80.30%
Epoch: 600, Loss: 0.0411, Train: 99.83%, Valid: 78.31%, Test: 78.60%, Best Valid: 81.63%, Best Test: 80.30%
Epoch: 700, Loss: 0.0654, Train: 99.48%, Valid: 78.31%, Test: 78.38%, Best Valid: 81.63%, Best Test: 80.30%
Epoch: 800, Loss: 0.0316, Train: 99.66%, Valid: 77.87%, Test: 78.40%, Best Valid: 81.63%, Best Test: 80.30%
Epoch: 900, Loss: 0.0293, Train: 99.66%, Valid: 77.68%, Test: 78.33%, Best Valid: 81.63%, Best Test: 80.30%
Run 01:
Highest Train: 100.00
Highest Valid: 81.63
Highest Test: 80.95
Chosen epoch: 85
Final Train: 93.10
Final Test: 80.30
Pre-training MLP for 500 epochs to generate co-occurrence matrix...
MLP pre-training complete. Penalty matrix frozen.
Epoch: 00, Loss: 4.9793, Train: 12.41%, Valid: 12.40%, Test: 12.33%, Best Valid: 12.40%, Best Test: 12.33%
Epoch: 100, Loss: 0.7860, Train: 92.59%, Valid: 80.66%, Test: 79.00%, Best Valid: 80.79%, Best Test: 78.86%
Epoch: 200, Loss: 0.2867, Train: 97.41%, Valid: 79.05%, Test: 77.42%, Best Valid: 80.79%, Best Test: 78.86%
Epoch: 300, Loss: 0.1689, Train: 98.62%, Valid: 78.18%, Test: 77.22%, Best Valid: 80.79%, Best Test: 78.86%
Epoch: 400, Loss: 0.1289, Train: 98.62%, Valid: 77.66%, Test: 76.71%, Best Valid: 80.79%, Best Test: 78.86%
Epoch: 500, Loss: 0.0911, Train: 99.48%, Valid: 78.33%, Test: 76.79%, Best Valid: 80.79%, Best Test: 78.86%
Epoch: 600, Loss: 0.0990, Train: 99.31%, Valid: 78.18%, Test: 76.77%, Best Valid: 80.79%, Best Test: 78.86%
Epoch: 700, Loss: 0.0653, Train: 99.48%, Valid: 77.55%, Test: 76.43%, Best Valid: 80.79%, Best Test: 78.86%
Epoch: 800, Loss: 0.0450, Train: 99.66%, Valid: 78.46%, Test: 77.13%, Best Valid: 80.79%, Best Test: 78.86%
Epoch: 900, Loss: 0.0508, Train: 99.48%, Valid: 78.08%, Test: 76.71%, Best Valid: 80.79%, Best Test: 78.86%
Run 02:
Highest Train: 100.00
Highest Valid: 80.79
Highest Test: 79.22
Chosen epoch: 95
Final Train: 92.07
Final Test: 78.86
Pre-training MLP for 500 epochs to generate co-occurrence matrix...
MLP pre-training complete. Penalty matrix frozen.
Epoch: 00, Loss: 4.8434, Train: 29.31%, Valid: 28.16%, Test: 27.81%, Best Valid: 28.16%, Best Test: 27.81%
Epoch: 100, Loss: 0.6204, Train: 94.48%, Valid: 80.79%, Test: 79.44%, Best Valid: 81.21%, Best Test: 79.85%
Epoch: 200, Loss: 0.1952, Train: 98.45%, Valid: 81.27%, Test: 79.55%, Best Valid: 81.57%, Best Test: 79.73%
Epoch: 300, Loss: 0.2902, Train: 97.59%, Valid: 81.23%, Test: 79.97%, Best Valid: 81.65%, Best Test: 79.72%
Epoch: 400, Loss: 0.0780, Train: 99.48%, Valid: 81.02%, Test: 79.24%, Best Valid: 81.65%, Best Test: 79.72%
Epoch: 500, Loss: 0.0972, Train: 99.14%, Valid: 80.66%, Test: 79.03%, Best Valid: 81.65%, Best Test: 79.72%
Epoch: 600, Loss: 0.0638, Train: 99.83%, Valid: 80.68%, Test: 78.84%, Best Valid: 81.65%, Best Test: 79.72%
Epoch: 700, Loss: 0.0465, Train: 99.31%, Valid: 81.08%, Test: 79.17%, Best Valid: 81.65%, Best Test: 79.72%
Epoch: 800, Loss: 0.0480, Train: 99.48%, Valid: 80.53%, Test: 79.27%, Best Valid: 81.65%, Best Test: 79.72%
Epoch: 900, Loss: 0.0389, Train: 99.31%, Valid: 80.49%, Test: 78.90%, Best Valid: 81.65%, Best Test: 79.72%
Run 03:
Highest Train: 99.83
Highest Valid: 81.65
Highest Test: 80.21
Chosen epoch: 239
Final Train: 98.79
Final Test: 79.72
All runs:
Highest Train: 99.94 ± 0.10
Highest Test: 80.13 ± 0.87
Highest Valid: 81.36 ± 0.49
  Final Train: 94.66 ± 3.62
   Final Test: 79.62 ± 0.72
Saving results to results/wikics/MPNN_gcn.csv

Homophilic sweep completed!
==========================================================
Starting Homophilic MLP-Reg Sweep for:
python main.py --gnn sage --dataset wikics --hidden_channels 256 --epochs 1000 --lr 0.001 --runs 3 --local_layers 2 --weight_decay 0.0 --dropout 0.7 --device 0 --ln
==========================================================
Running Baseline (REG: False)...
Namespace(bn=False, cpu=False, data_dir='./data/', dataset='wikics', device=0, display_step=100, dropout=0.7, epochs=1000, gnn='sage', hidden_channels=256, jk=False, label_num_per_class=20, lambda_val=0.5, ln=True, local_layers=2, lr=0.001, metric='acc', mlp_epochs=500, mlp_reg=False, model='MPNN', model_dir='./model/', num_heads=1, pre_linear=False, pre_ln=False, rand_split=False, rand_split_class=False, reg_start_epoch=10, reg_update_freq=5, res=False, runs=3, save_model=False, seed=42, test_num=1000, train_prop=0.5, use_reg=False, valid_num=500, valid_prop=0.25, weight_decay=0.0)
wikics
dataset wikics | num nodes 11701 | num edge 431726 | num node feats 300 | num classes 10
MODEL: MPNNs(
  (h_lins): ModuleList()
  (local_convs): ModuleList(
    (0): SAGEConv(300, 256, aggr=mean)
    (1): SAGEConv(256, 256, aggr=mean)
  )
  (lins): ModuleList(
    (0): Linear(in_features=300, out_features=256, bias=True)
    (1): Linear(in_features=256, out_features=256, bias=True)
  )
  (lns): ModuleList(
    (0): LayerNorm((256,), eps=1e-05, elementwise_affine=True)
    (1): LayerNorm((256,), eps=1e-05, elementwise_affine=True)
  )
  (bns): ModuleList(
    (0): BatchNorm1d(256, eps=1e-05, momentum=0.1, affine=True, track_running_stats=True)
    (1): BatchNorm1d(256, eps=1e-05, momentum=0.1, affine=True, track_running_stats=True)
  )
  (lin_in): Linear(in_features=300, out_features=256, bias=True)
  (pred_local): Linear(in_features=256, out_features=10, bias=True)
)
Epoch: 00, Loss: 2.4612, Train: 33.79%, Valid: 33.85%, Test: 33.56%, Best Valid: 33.85%, Best Test: 33.56%
Epoch: 100, Loss: 0.2676, Train: 97.59%, Valid: 81.84%, Test: 80.61%, Best Valid: 82.25%, Best Test: 80.83%
Epoch: 200, Loss: 0.0689, Train: 99.83%, Valid: 80.60%, Test: 79.58%, Best Valid: 82.25%, Best Test: 80.83%
Epoch: 300, Loss: 0.0251, Train: 100.00%, Valid: 80.17%, Test: 79.75%, Best Valid: 82.25%, Best Test: 80.83%
Epoch: 400, Loss: 0.0311, Train: 100.00%, Valid: 79.65%, Test: 79.32%, Best Valid: 82.25%, Best Test: 80.83%
Epoch: 500, Loss: 0.0199, Train: 100.00%, Valid: 79.41%, Test: 79.17%, Best Valid: 82.25%, Best Test: 80.83%
Epoch: 600, Loss: 0.0085, Train: 100.00%, Valid: 79.62%, Test: 79.13%, Best Valid: 82.25%, Best Test: 80.83%
Epoch: 700, Loss: 0.0106, Train: 100.00%, Valid: 79.26%, Test: 78.93%, Best Valid: 82.25%, Best Test: 80.83%
Epoch: 800, Loss: 0.0192, Train: 100.00%, Valid: 79.24%, Test: 79.44%, Best Valid: 82.25%, Best Test: 80.83%
Epoch: 900, Loss: 0.0056, Train: 100.00%, Valid: 79.29%, Test: 78.79%, Best Valid: 82.25%, Best Test: 80.83%
Run 01:
Highest Train: 100.00
Highest Valid: 82.25
Highest Test: 80.91
Chosen epoch: 88
Final Train: 96.38
Final Test: 80.83
Epoch: 00, Loss: 2.4898, Train: 24.83%, Valid: 23.83%, Test: 24.18%, Best Valid: 23.83%, Best Test: 24.18%
Epoch: 100, Loss: 0.3330, Train: 95.00%, Valid: 81.48%, Test: 79.97%, Best Valid: 81.49%, Best Test: 79.66%
Epoch: 200, Loss: 0.1038, Train: 99.48%, Valid: 80.79%, Test: 79.72%, Best Valid: 81.82%, Best Test: 80.11%
Epoch: 300, Loss: 0.0551, Train: 99.83%, Valid: 79.75%, Test: 79.17%, Best Valid: 81.82%, Best Test: 80.11%
Epoch: 400, Loss: 0.0230, Train: 100.00%, Valid: 79.94%, Test: 79.10%, Best Valid: 81.82%, Best Test: 80.11%
Epoch: 500, Loss: 0.0364, Train: 100.00%, Valid: 79.58%, Test: 79.08%, Best Valid: 81.82%, Best Test: 80.11%
Epoch: 600, Loss: 0.0344, Train: 100.00%, Valid: 79.62%, Test: 78.98%, Best Valid: 81.82%, Best Test: 80.11%
Epoch: 700, Loss: 0.0186, Train: 100.00%, Valid: 79.69%, Test: 79.03%, Best Valid: 81.82%, Best Test: 80.11%
Epoch: 800, Loss: 0.0104, Train: 100.00%, Valid: 79.14%, Test: 78.47%, Best Valid: 81.82%, Best Test: 80.11%
Epoch: 900, Loss: 0.0211, Train: 100.00%, Valid: 79.11%, Test: 78.43%, Best Valid: 81.82%, Best Test: 80.11%
Run 02:
Highest Train: 100.00
Highest Valid: 81.82
Highest Test: 80.66
Chosen epoch: 121
Final Train: 97.24
Final Test: 80.11
Epoch: 00, Loss: 2.5308, Train: 35.34%, Valid: 34.85%, Test: 36.00%, Best Valid: 34.85%, Best Test: 36.00%
Epoch: 100, Loss: 0.2284, Train: 97.59%, Valid: 81.93%, Test: 80.69%, Best Valid: 82.23%, Best Test: 80.61%
Epoch: 200, Loss: 0.0675, Train: 100.00%, Valid: 82.42%, Test: 80.55%, Best Valid: 82.73%, Best Test: 81.07%
Epoch: 300, Loss: 0.0399, Train: 100.00%, Valid: 81.08%, Test: 79.80%, Best Valid: 82.73%, Best Test: 81.07%
Epoch: 400, Loss: 0.0178, Train: 100.00%, Valid: 81.15%, Test: 79.49%, Best Valid: 82.73%, Best Test: 81.07%
Epoch: 500, Loss: 0.0188, Train: 100.00%, Valid: 81.57%, Test: 79.78%, Best Valid: 82.73%, Best Test: 81.07%
Epoch: 600, Loss: 0.0119, Train: 100.00%, Valid: 81.40%, Test: 80.04%, Best Valid: 82.73%, Best Test: 81.07%
Epoch: 700, Loss: 0.0128, Train: 100.00%, Valid: 81.66%, Test: 79.77%, Best Valid: 82.73%, Best Test: 81.07%
Epoch: 800, Loss: 0.0118, Train: 100.00%, Valid: 81.65%, Test: 80.04%, Best Valid: 82.73%, Best Test: 81.07%
Epoch: 900, Loss: 0.0087, Train: 100.00%, Valid: 80.93%, Test: 79.32%, Best Valid: 82.73%, Best Test: 81.07%
Run 03:
Highest Train: 100.00
Highest Valid: 82.73
Highest Test: 81.10
Chosen epoch: 136
Final Train: 99.14
Final Test: 81.07
All runs:
Highest Train: 100.00 ± 0.00
Highest Test: 80.89 ± 0.22
Highest Valid: 82.27 ± 0.46
  Final Train: 97.59 ± 1.41
   Final Test: 80.67 ± 0.50
Saving results to results/wikics/MPNN_sage.csv

Running with Pre-trained MLP Regularization (lambda=0.01)...
Namespace(bn=False, cpu=False, data_dir='./data/', dataset='wikics', device=0, display_step=100, dropout=0.7, epochs=1000, gnn='sage', hidden_channels=256, jk=False, label_num_per_class=20, lambda_val=0.01, ln=True, local_layers=2, lr=0.001, metric='acc', mlp_epochs=500, mlp_reg=True, model='MPNN', model_dir='./model/', num_heads=1, pre_linear=False, pre_ln=False, rand_split=False, rand_split_class=False, reg_start_epoch=10, reg_update_freq=5, res=False, runs=3, save_model=False, seed=42, test_num=1000, train_prop=0.5, use_reg=True, valid_num=500, valid_prop=0.25, weight_decay=0.0)
wikics
dataset wikics | num nodes 11701 | num edge 431726 | num node feats 300 | num classes 10
MODEL: MPNNs(
  (h_lins): ModuleList()
  (local_convs): ModuleList(
    (0): SAGEConv(300, 256, aggr=mean)
    (1): SAGEConv(256, 256, aggr=mean)
  )
  (lins): ModuleList(
    (0): Linear(in_features=300, out_features=256, bias=True)
    (1): Linear(in_features=256, out_features=256, bias=True)
  )
  (lns): ModuleList(
    (0): LayerNorm((256,), eps=1e-05, elementwise_affine=True)
    (1): LayerNorm((256,), eps=1e-05, elementwise_affine=True)
  )
  (bns): ModuleList(
    (0): BatchNorm1d(256, eps=1e-05, momentum=0.1, affine=True, track_running_stats=True)
    (1): BatchNorm1d(256, eps=1e-05, momentum=0.1, affine=True, track_running_stats=True)
  )
  (lin_in): Linear(in_features=300, out_features=256, bias=True)
  (pred_local): Linear(in_features=256, out_features=10, bias=True)
)
Pre-training MLP for 500 epochs to generate co-occurrence matrix...
MLP pre-training complete. Penalty matrix frozen.
Epoch: 00, Loss: 2.4852, Train: 33.28%, Valid: 32.99%, Test: 33.01%, Best Valid: 32.99%, Best Test: 33.01%
Epoch: 100, Loss: 0.2617, Train: 97.41%, Valid: 81.78%, Test: 80.78%, Best Valid: 82.21%, Best Test: 80.78%
Epoch: 200, Loss: 0.0798, Train: 99.83%, Valid: 80.70%, Test: 79.58%, Best Valid: 82.21%, Best Test: 80.78%
Epoch: 300, Loss: 0.0364, Train: 100.00%, Valid: 80.34%, Test: 79.72%, Best Valid: 82.21%, Best Test: 80.78%
Epoch: 400, Loss: 0.0203, Train: 100.00%, Valid: 79.39%, Test: 78.91%, Best Valid: 82.21%, Best Test: 80.78%
Epoch: 500, Loss: 0.0302, Train: 100.00%, Valid: 79.90%, Test: 79.34%, Best Valid: 82.21%, Best Test: 80.78%
Epoch: 600, Loss: 0.0103, Train: 100.00%, Valid: 79.81%, Test: 79.68%, Best Valid: 82.21%, Best Test: 80.78%
Epoch: 700, Loss: 0.0064, Train: 100.00%, Valid: 80.13%, Test: 79.70%, Best Valid: 82.21%, Best Test: 80.78%
Epoch: 800, Loss: 0.0188, Train: 100.00%, Valid: 79.73%, Test: 79.31%, Best Valid: 82.21%, Best Test: 80.78%
Epoch: 900, Loss: 0.0080, Train: 100.00%, Valid: 80.09%, Test: 79.58%, Best Valid: 82.21%, Best Test: 80.78%
Run 01:
Highest Train: 100.00
Highest Valid: 82.21
Highest Test: 81.02
Chosen epoch: 91
Final Train: 95.86
Final Test: 80.78
Pre-training MLP for 500 epochs to generate co-occurrence matrix...
MLP pre-training complete. Penalty matrix frozen.
Epoch: 00, Loss: 2.5988, Train: 23.10%, Valid: 23.09%, Test: 23.07%, Best Valid: 23.09%, Best Test: 23.07%
Epoch: 100, Loss: 0.3137, Train: 94.31%, Valid: 81.91%, Test: 80.47%, Best Valid: 81.97%, Best Test: 80.40%
Epoch: 200, Loss: 0.1072, Train: 99.48%, Valid: 81.29%, Test: 79.92%, Best Valid: 82.08%, Best Test: 80.37%
Epoch: 300, Loss: 0.0715, Train: 99.83%, Valid: 79.84%, Test: 79.00%, Best Valid: 82.08%, Best Test: 80.37%
Epoch: 400, Loss: 0.0323, Train: 100.00%, Valid: 80.05%, Test: 79.22%, Best Valid: 82.08%, Best Test: 80.37%
Epoch: 500, Loss: 0.0314, Train: 100.00%, Valid: 79.37%, Test: 78.93%, Best Valid: 82.08%, Best Test: 80.37%
Epoch: 600, Loss: 0.0166, Train: 100.00%, Valid: 79.77%, Test: 79.10%, Best Valid: 82.08%, Best Test: 80.37%
Epoch: 700, Loss: 0.0266, Train: 100.00%, Valid: 79.79%, Test: 78.64%, Best Valid: 82.08%, Best Test: 80.37%
Epoch: 800, Loss: 0.0174, Train: 100.00%, Valid: 79.84%, Test: 78.55%, Best Valid: 82.08%, Best Test: 80.37%
Epoch: 900, Loss: 0.0165, Train: 100.00%, Valid: 79.43%, Test: 78.93%, Best Valid: 82.08%, Best Test: 80.37%
Run 02:
Highest Train: 100.00
Highest Valid: 82.08
Highest Test: 80.47
Chosen epoch: 111
Final Train: 95.86
Final Test: 80.37
Pre-training MLP for 500 epochs to generate co-occurrence matrix...
MLP pre-training complete. Penalty matrix frozen.
Epoch: 00, Loss: 2.5775, Train: 39.14%, Valid: 40.18%, Test: 40.67%, Best Valid: 40.18%, Best Test: 40.67%
Epoch: 100, Loss: 0.2294, Train: 97.76%, Valid: 81.76%, Test: 80.45%, Best Valid: 81.97%, Best Test: 80.45%
Epoch: 200, Loss: 0.0445, Train: 99.83%, Valid: 81.63%, Test: 80.04%, Best Valid: 82.61%, Best Test: 80.86%
Epoch: 300, Loss: 0.0363, Train: 100.00%, Valid: 81.95%, Test: 80.52%, Best Valid: 82.61%, Best Test: 80.86%
Epoch: 400, Loss: 0.0212, Train: 100.00%, Valid: 81.82%, Test: 80.11%, Best Valid: 82.61%, Best Test: 80.86%
Epoch: 500, Loss: 0.0228, Train: 100.00%, Valid: 81.63%, Test: 80.23%, Best Valid: 82.61%, Best Test: 80.86%
Epoch: 600, Loss: 0.0078, Train: 100.00%, Valid: 80.75%, Test: 79.46%, Best Valid: 82.61%, Best Test: 80.86%
Epoch: 700, Loss: 0.0127, Train: 100.00%, Valid: 81.95%, Test: 80.31%, Best Valid: 82.61%, Best Test: 80.86%
Epoch: 800, Loss: 0.0122, Train: 100.00%, Valid: 81.59%, Test: 79.82%, Best Valid: 82.61%, Best Test: 80.86%
Epoch: 900, Loss: 0.0118, Train: 100.00%, Valid: 82.16%, Test: 80.13%, Best Valid: 82.61%, Best Test: 80.86%
Run 03:
Highest Train: 100.00
Highest Valid: 82.61
Highest Test: 81.03
Chosen epoch: 195
Final Train: 100.00
Final Test: 80.86
All runs:
Highest Train: 100.00 ± 0.00
Highest Test: 80.84 ± 0.32
Highest Valid: 82.30 ± 0.28
  Final Train: 97.24 ± 2.39
   Final Test: 80.67 ± 0.27
Saving results to results/wikics/MPNN_sage.csv

Running with Pre-trained MLP Regularization (lambda=0.1)...
Namespace(bn=False, cpu=False, data_dir='./data/', dataset='wikics', device=0, display_step=100, dropout=0.7, epochs=1000, gnn='sage', hidden_channels=256, jk=False, label_num_per_class=20, lambda_val=0.1, ln=True, local_layers=2, lr=0.001, metric='acc', mlp_epochs=500, mlp_reg=True, model='MPNN', model_dir='./model/', num_heads=1, pre_linear=False, pre_ln=False, rand_split=False, rand_split_class=False, reg_start_epoch=10, reg_update_freq=5, res=False, runs=3, save_model=False, seed=42, test_num=1000, train_prop=0.5, use_reg=True, valid_num=500, valid_prop=0.25, weight_decay=0.0)
wikics
dataset wikics | num nodes 11701 | num edge 431726 | num node feats 300 | num classes 10
MODEL: MPNNs(
  (h_lins): ModuleList()
  (local_convs): ModuleList(
    (0): SAGEConv(300, 256, aggr=mean)
    (1): SAGEConv(256, 256, aggr=mean)
  )
  (lins): ModuleList(
    (0): Linear(in_features=300, out_features=256, bias=True)
    (1): Linear(in_features=256, out_features=256, bias=True)
  )
  (lns): ModuleList(
    (0): LayerNorm((256,), eps=1e-05, elementwise_affine=True)
    (1): LayerNorm((256,), eps=1e-05, elementwise_affine=True)
  )
  (bns): ModuleList(
    (0): BatchNorm1d(256, eps=1e-05, momentum=0.1, affine=True, track_running_stats=True)
    (1): BatchNorm1d(256, eps=1e-05, momentum=0.1, affine=True, track_running_stats=True)
  )
  (lin_in): Linear(in_features=300, out_features=256, bias=True)
  (pred_local): Linear(in_features=256, out_features=10, bias=True)
)
Pre-training MLP for 500 epochs to generate co-occurrence matrix...
MLP pre-training complete. Penalty matrix frozen.
Epoch: 00, Loss: 2.7067, Train: 31.03%, Valid: 31.08%, Test: 31.23%, Best Valid: 31.08%, Best Test: 31.23%
Epoch: 100, Loss: 0.2858, Train: 97.24%, Valid: 81.57%, Test: 80.79%, Best Valid: 82.23%, Best Test: 80.73%
Epoch: 200, Loss: 0.0951, Train: 99.83%, Valid: 80.85%, Test: 79.66%, Best Valid: 82.23%, Best Test: 80.73%
Epoch: 300, Loss: 0.0458, Train: 100.00%, Valid: 79.98%, Test: 79.36%, Best Valid: 82.23%, Best Test: 80.73%
Epoch: 400, Loss: 0.0221, Train: 100.00%, Valid: 79.29%, Test: 79.12%, Best Valid: 82.23%, Best Test: 80.73%
Epoch: 500, Loss: 0.0280, Train: 100.00%, Valid: 80.38%, Test: 79.77%, Best Valid: 82.23%, Best Test: 80.73%
Epoch: 600, Loss: 0.0119, Train: 100.00%, Valid: 79.96%, Test: 79.36%, Best Valid: 82.23%, Best Test: 80.73%
Epoch: 700, Loss: 0.0160, Train: 100.00%, Valid: 80.05%, Test: 79.92%, Best Valid: 82.23%, Best Test: 80.73%
Epoch: 800, Loss: 0.0059, Train: 100.00%, Valid: 79.67%, Test: 79.51%, Best Valid: 82.23%, Best Test: 80.73%
Epoch: 900, Loss: 0.0126, Train: 100.00%, Valid: 79.83%, Test: 79.36%, Best Valid: 82.23%, Best Test: 80.73%
Run 01:
Highest Train: 100.00
Highest Valid: 82.23
Highest Test: 80.95
Chosen epoch: 90
Final Train: 96.03
Final Test: 80.73
Pre-training MLP for 500 epochs to generate co-occurrence matrix...
MLP pre-training complete. Penalty matrix frozen.
Epoch: 00, Loss: 2.8303, Train: 22.93%, Valid: 23.02%, Test: 23.04%, Best Valid: 23.02%, Best Test: 23.04%
Epoch: 100, Loss: 0.3566, Train: 94.14%, Valid: 81.72%, Test: 80.08%, Best Valid: 81.91%, Best Test: 80.18%
Epoch: 200, Loss: 0.1104, Train: 99.48%, Valid: 81.30%, Test: 80.06%, Best Valid: 82.03%, Best Test: 80.08%
Epoch: 300, Loss: 0.0892, Train: 99.83%, Valid: 79.96%, Test: 78.74%, Best Valid: 82.03%, Best Test: 80.08%
Epoch: 400, Loss: 0.0302, Train: 99.83%, Valid: 80.24%, Test: 79.22%, Best Valid: 82.03%, Best Test: 80.08%
Epoch: 500, Loss: 0.0405, Train: 100.00%, Valid: 79.35%, Test: 78.96%, Best Valid: 82.03%, Best Test: 80.08%
Epoch: 600, Loss: 0.0262, Train: 100.00%, Valid: 79.94%, Test: 78.93%, Best Valid: 82.03%, Best Test: 80.08%
Epoch: 700, Loss: 0.0171, Train: 100.00%, Valid: 79.47%, Test: 78.55%, Best Valid: 82.03%, Best Test: 80.08%
Epoch: 800, Loss: 0.0154, Train: 100.00%, Valid: 79.35%, Test: 78.90%, Best Valid: 82.03%, Best Test: 80.08%
Epoch: 900, Loss: 0.0195, Train: 100.00%, Valid: 79.33%, Test: 78.42%, Best Valid: 82.03%, Best Test: 80.08%
Run 02:
Highest Train: 100.00
Highest Valid: 82.03
Highest Test: 80.47
Chosen epoch: 106
Final Train: 94.66
Final Test: 80.08
Pre-training MLP for 500 epochs to generate co-occurrence matrix...
MLP pre-training complete. Penalty matrix frozen.
Epoch: 00, Loss: 2.8071, Train: 41.90%, Valid: 41.32%, Test: 41.46%, Best Valid: 41.32%, Best Test: 41.46%
Epoch: 100, Loss: 0.2601, Train: 97.59%, Valid: 81.68%, Test: 80.54%, Best Valid: 81.91%, Best Test: 80.57%
Epoch: 200, Loss: 0.0559, Train: 100.00%, Valid: 81.55%, Test: 80.11%, Best Valid: 82.57%, Best Test: 80.69%
Epoch: 300, Loss: 0.0358, Train: 100.00%, Valid: 82.14%, Test: 80.31%, Best Valid: 82.69%, Best Test: 80.64%
Epoch: 400, Loss: 0.0214, Train: 100.00%, Valid: 82.23%, Test: 80.49%, Best Valid: 82.69%, Best Test: 80.64%
Epoch: 500, Loss: 0.0174, Train: 100.00%, Valid: 81.74%, Test: 80.08%, Best Valid: 82.69%, Best Test: 80.64%
Epoch: 600, Loss: 0.0083, Train: 100.00%, Valid: 80.55%, Test: 79.25%, Best Valid: 82.69%, Best Test: 80.64%
Epoch: 700, Loss: 0.0226, Train: 100.00%, Valid: 81.84%, Test: 80.40%, Best Valid: 82.69%, Best Test: 80.64%
Epoch: 800, Loss: 0.0144, Train: 100.00%, Valid: 81.76%, Test: 80.09%, Best Valid: 82.69%, Best Test: 80.64%
Epoch: 900, Loss: 0.0089, Train: 100.00%, Valid: 81.93%, Test: 80.21%, Best Valid: 82.69%, Best Test: 80.64%
Run 03:
Highest Train: 100.00
Highest Valid: 82.69
Highest Test: 81.08
Chosen epoch: 297
Final Train: 100.00
Final Test: 80.64
All runs:
Highest Train: 100.00 ± 0.00
Highest Test: 80.83 ± 0.32
Highest Valid: 82.32 ± 0.34
  Final Train: 96.90 ± 2.77
   Final Test: 80.48 ± 0.35
Saving results to results/wikics/MPNN_sage.csv

Running with Pre-trained MLP Regularization (lambda=1.0)...
Namespace(bn=False, cpu=False, data_dir='./data/', dataset='wikics', device=0, display_step=100, dropout=0.7, epochs=1000, gnn='sage', hidden_channels=256, jk=False, label_num_per_class=20, lambda_val=1.0, ln=True, local_layers=2, lr=0.001, metric='acc', mlp_epochs=500, mlp_reg=True, model='MPNN', model_dir='./model/', num_heads=1, pre_linear=False, pre_ln=False, rand_split=False, rand_split_class=False, reg_start_epoch=10, reg_update_freq=5, res=False, runs=3, save_model=False, seed=42, test_num=1000, train_prop=0.5, use_reg=True, valid_num=500, valid_prop=0.25, weight_decay=0.0)
wikics
dataset wikics | num nodes 11701 | num edge 431726 | num node feats 300 | num classes 10
MODEL: MPNNs(
  (h_lins): ModuleList()
  (local_convs): ModuleList(
    (0): SAGEConv(300, 256, aggr=mean)
    (1): SAGEConv(256, 256, aggr=mean)
  )
  (lins): ModuleList(
    (0): Linear(in_features=300, out_features=256, bias=True)
    (1): Linear(in_features=256, out_features=256, bias=True)
  )
  (lns): ModuleList(
    (0): LayerNorm((256,), eps=1e-05, elementwise_affine=True)
    (1): LayerNorm((256,), eps=1e-05, elementwise_affine=True)
  )
  (bns): ModuleList(
    (0): BatchNorm1d(256, eps=1e-05, momentum=0.1, affine=True, track_running_stats=True)
    (1): BatchNorm1d(256, eps=1e-05, momentum=0.1, affine=True, track_running_stats=True)
  )
  (lin_in): Linear(in_features=300, out_features=256, bias=True)
  (pred_local): Linear(in_features=256, out_features=10, bias=True)
)
Pre-training MLP for 500 epochs to generate co-occurrence matrix...
MLP pre-training complete. Penalty matrix frozen.
Epoch: 00, Loss: 4.9213, Train: 24.14%, Valid: 23.44%, Test: 23.55%, Best Valid: 23.44%, Best Test: 23.55%
Epoch: 100, Loss: 0.7486, Train: 96.38%, Valid: 81.65%, Test: 80.37%, Best Valid: 81.87%, Best Test: 80.84%
Epoch: 200, Loss: 0.1869, Train: 99.48%, Valid: 81.23%, Test: 80.38%, Best Valid: 81.99%, Best Test: 80.61%
Epoch: 300, Loss: 0.0896, Train: 100.00%, Valid: 81.11%, Test: 80.49%, Best Valid: 81.99%, Best Test: 80.61%
Epoch: 400, Loss: 0.0466, Train: 100.00%, Valid: 80.20%, Test: 79.97%, Best Valid: 81.99%, Best Test: 80.61%
Epoch: 500, Loss: 0.0571, Train: 100.00%, Valid: 80.53%, Test: 79.96%, Best Valid: 81.99%, Best Test: 80.61%
Epoch: 600, Loss: 0.0302, Train: 100.00%, Valid: 80.64%, Test: 80.18%, Best Valid: 81.99%, Best Test: 80.61%
Epoch: 700, Loss: 0.0247, Train: 100.00%, Valid: 80.39%, Test: 79.48%, Best Valid: 81.99%, Best Test: 80.61%
Epoch: 800, Loss: 0.0179, Train: 100.00%, Valid: 80.49%, Test: 79.87%, Best Valid: 81.99%, Best Test: 80.61%
Epoch: 900, Loss: 0.0146, Train: 100.00%, Valid: 80.58%, Test: 79.85%, Best Valid: 81.99%, Best Test: 80.61%
Run 01:
Highest Train: 100.00
Highest Valid: 81.99
Highest Test: 81.03
Chosen epoch: 116
Final Train: 97.24
Final Test: 80.61
Pre-training MLP for 500 epochs to generate co-occurrence matrix...
MLP pre-training complete. Penalty matrix frozen.
Epoch: 00, Loss: 5.1461, Train: 23.45%, Valid: 24.73%, Test: 23.94%, Best Valid: 24.73%, Best Test: 23.94%
Epoch: 100, Loss: 0.8943, Train: 93.10%, Valid: 81.21%, Test: 80.18%, Best Valid: 81.48%, Best Test: 79.94%
Epoch: 200, Loss: 0.2600, Train: 98.97%, Valid: 81.27%, Test: 79.51%, Best Valid: 81.82%, Best Test: 79.96%
Epoch: 300, Loss: 0.1678, Train: 99.83%, Valid: 80.17%, Test: 78.96%, Best Valid: 81.82%, Best Test: 79.96%
Epoch: 400, Loss: 0.0766, Train: 99.83%, Valid: 80.57%, Test: 79.44%, Best Valid: 81.82%, Best Test: 79.96%
Epoch: 500, Loss: 0.0596, Train: 100.00%, Valid: 80.09%, Test: 79.22%, Best Valid: 81.82%, Best Test: 79.96%
Epoch: 600, Loss: 0.0611, Train: 100.00%, Valid: 79.90%, Test: 78.90%, Best Valid: 81.82%, Best Test: 79.96%
Epoch: 700, Loss: 0.0500, Train: 100.00%, Valid: 79.81%, Test: 79.19%, Best Valid: 81.82%, Best Test: 79.96%
Epoch: 800, Loss: 0.0313, Train: 100.00%, Valid: 79.58%, Test: 78.96%, Best Valid: 81.82%, Best Test: 79.96%
Epoch: 900, Loss: 0.0237, Train: 100.00%, Valid: 80.15%, Test: 78.71%, Best Valid: 81.82%, Best Test: 79.96%
Run 02:
Highest Train: 100.00
Highest Valid: 81.82
Highest Test: 80.38
Chosen epoch: 106
Final Train: 93.45
Final Test: 79.96
Pre-training MLP for 500 epochs to generate co-occurrence matrix...
MLP pre-training complete. Penalty matrix frozen.
Epoch: 00, Loss: 5.1039, Train: 18.62%, Valid: 18.47%, Test: 18.61%, Best Valid: 18.47%, Best Test: 18.61%
Epoch: 100, Loss: 0.7129, Train: 95.69%, Valid: 81.76%, Test: 79.84%, Best Valid: 81.95%, Best Test: 80.37%
Epoch: 200, Loss: 0.1497, Train: 99.83%, Valid: 82.21%, Test: 80.69%, Best Valid: 82.76%, Best Test: 80.95%
Epoch: 300, Loss: 0.0829, Train: 100.00%, Valid: 82.27%, Test: 80.42%, Best Valid: 82.76%, Best Test: 80.95%
Epoch: 400, Loss: 0.0518, Train: 100.00%, Valid: 82.12%, Test: 80.47%, Best Valid: 82.76%, Best Test: 80.95%
Epoch: 500, Loss: 0.0372, Train: 100.00%, Valid: 81.84%, Test: 79.92%, Best Valid: 82.76%, Best Test: 80.95%
Epoch: 600, Loss: 0.0372, Train: 100.00%, Valid: 81.66%, Test: 80.08%, Best Valid: 82.76%, Best Test: 80.95%
Epoch: 700, Loss: 0.0201, Train: 100.00%, Valid: 82.04%, Test: 80.43%, Best Valid: 82.76%, Best Test: 80.95%
Epoch: 800, Loss: 0.0208, Train: 100.00%, Valid: 81.82%, Test: 80.30%, Best Valid: 82.76%, Best Test: 80.95%
Epoch: 900, Loss: 0.0284, Train: 100.00%, Valid: 82.14%, Test: 80.81%, Best Valid: 82.76%, Best Test: 80.95%
Run 03:
Highest Train: 100.00
Highest Valid: 82.76
Highest Test: 81.19
Chosen epoch: 140
Final Train: 98.79
Final Test: 80.95
All runs:
Highest Train: 100.00 ± 0.00
Highest Test: 80.87 ± 0.43
Highest Valid: 82.19 ± 0.51
  Final Train: 96.49 ± 2.75
   Final Test: 80.50 ± 0.50
Saving results to results/wikics/MPNN_sage.csv

Homophilic sweep completed!
==========================================================
Starting Homophilic MLP-Reg Sweep for:
python main.py --gnn gat  --dataset wikics --hidden_channels 512 --epochs 1000 --lr 0.001 --runs 3 --local_layers 2 --weight_decay 0.0 --dropout 0.7 --device 0 --ln --res
==========================================================
Running Baseline (REG: False)...
Namespace(bn=False, cpu=False, data_dir='./data/', dataset='wikics', device=0, display_step=100, dropout=0.7, epochs=1000, gnn='gat', hidden_channels=512, jk=False, label_num_per_class=20, lambda_val=0.5, ln=True, local_layers=2, lr=0.001, metric='acc', mlp_epochs=500, mlp_reg=False, model='MPNN', model_dir='./model/', num_heads=1, pre_linear=False, pre_ln=False, rand_split=False, rand_split_class=False, reg_start_epoch=10, reg_update_freq=5, res=True, runs=3, save_model=False, seed=42, test_num=1000, train_prop=0.5, use_reg=False, valid_num=500, valid_prop=0.25, weight_decay=0.0)
wikics
dataset wikics | num nodes 11701 | num edge 431726 | num node feats 300 | num classes 10
MODEL: MPNNs(
  (h_lins): ModuleList()
  (local_convs): ModuleList(
    (0): GATConv(300, 512, heads=1)
    (1): GATConv(512, 512, heads=1)
  )
  (lins): ModuleList(
    (0): Linear(in_features=300, out_features=512, bias=True)
    (1): Linear(in_features=512, out_features=512, bias=True)
  )
  (lns): ModuleList(
    (0): LayerNorm((512,), eps=1e-05, elementwise_affine=True)
    (1): LayerNorm((512,), eps=1e-05, elementwise_affine=True)
  )
  (bns): ModuleList(
    (0): BatchNorm1d(512, eps=1e-05, momentum=0.1, affine=True, track_running_stats=True)
    (1): BatchNorm1d(512, eps=1e-05, momentum=0.1, affine=True, track_running_stats=True)
  )
  (lin_in): Linear(in_features=300, out_features=512, bias=True)
  (pred_local): Linear(in_features=512, out_features=10, bias=True)
)
Epoch: 00, Loss: 2.5524, Train: 23.79%, Valid: 23.61%, Test: 23.72%, Best Valid: 23.61%, Best Test: 23.72%
Epoch: 100, Loss: 0.1039, Train: 98.97%, Valid: 81.95%, Test: 80.59%, Best Valid: 82.50%, Best Test: 81.22%
Epoch: 200, Loss: 0.0201, Train: 100.00%, Valid: 80.96%, Test: 80.19%, Best Valid: 82.50%, Best Test: 81.22%
Epoch: 300, Loss: 0.0110, Train: 100.00%, Valid: 80.70%, Test: 80.23%, Best Valid: 82.50%, Best Test: 81.22%
Epoch: 400, Loss: 0.0077, Train: 100.00%, Valid: 80.77%, Test: 80.13%, Best Valid: 82.50%, Best Test: 81.22%
Epoch: 500, Loss: 0.0084, Train: 100.00%, Valid: 80.43%, Test: 80.18%, Best Valid: 82.50%, Best Test: 81.22%
Epoch: 600, Loss: 0.0099, Train: 100.00%, Valid: 80.47%, Test: 79.80%, Best Valid: 82.50%, Best Test: 81.22%
Epoch: 700, Loss: 0.0032, Train: 100.00%, Valid: 80.58%, Test: 79.72%, Best Valid: 82.50%, Best Test: 81.22%
Epoch: 800, Loss: 0.0026, Train: 100.00%, Valid: 79.98%, Test: 79.65%, Best Valid: 82.50%, Best Test: 81.22%
Epoch: 900, Loss: 0.0061, Train: 100.00%, Valid: 80.03%, Test: 79.80%, Best Valid: 82.50%, Best Test: 81.22%
Run 01:
Highest Train: 100.00
Highest Valid: 82.50
Highest Test: 81.60
Chosen epoch: 78
Final Train: 97.76
Final Test: 81.22
Epoch: 00, Loss: 2.5016, Train: 36.55%, Valid: 36.22%, Test: 36.29%, Best Valid: 36.22%, Best Test: 36.29%
Epoch: 100, Loss: 0.1611, Train: 98.97%, Valid: 81.70%, Test: 80.55%, Best Valid: 81.93%, Best Test: 80.11%
Epoch: 200, Loss: 0.0189, Train: 100.00%, Valid: 80.93%, Test: 79.96%, Best Valid: 82.14%, Best Test: 80.33%
Epoch: 300, Loss: 0.0087, Train: 100.00%, Valid: 80.74%, Test: 79.92%, Best Valid: 82.14%, Best Test: 80.33%
Epoch: 400, Loss: 0.0049, Train: 100.00%, Valid: 80.47%, Test: 79.43%, Best Valid: 82.14%, Best Test: 80.33%
Epoch: 500, Loss: 0.0153, Train: 100.00%, Valid: 80.74%, Test: 80.18%, Best Valid: 82.14%, Best Test: 80.33%
Epoch: 600, Loss: 0.0087, Train: 100.00%, Valid: 80.47%, Test: 79.65%, Best Valid: 82.14%, Best Test: 80.33%
Epoch: 700, Loss: 0.0040, Train: 100.00%, Valid: 80.22%, Test: 79.56%, Best Valid: 82.14%, Best Test: 80.33%
Epoch: 800, Loss: 0.0041, Train: 100.00%, Valid: 80.28%, Test: 79.55%, Best Valid: 82.14%, Best Test: 80.33%
Epoch: 900, Loss: 0.0033, Train: 100.00%, Valid: 80.41%, Test: 79.31%, Best Valid: 82.14%, Best Test: 80.33%
Run 02:
Highest Train: 100.00
Highest Valid: 82.14
Highest Test: 80.57
Chosen epoch: 115
Final Train: 99.14
Final Test: 80.33
Epoch: 00, Loss: 2.4556, Train: 23.62%, Valid: 23.61%, Test: 23.74%, Best Valid: 23.61%, Best Test: 23.74%
Epoch: 100, Loss: 0.1193, Train: 99.31%, Valid: 82.29%, Test: 81.31%, Best Valid: 82.44%, Best Test: 81.14%
Epoch: 200, Loss: 0.0188, Train: 100.00%, Valid: 82.37%, Test: 80.74%, Best Valid: 82.86%, Best Test: 81.31%
Epoch: 300, Loss: 0.0073, Train: 100.00%, Valid: 81.61%, Test: 80.21%, Best Valid: 82.86%, Best Test: 81.31%
Epoch: 400, Loss: 0.0066, Train: 100.00%, Valid: 81.27%, Test: 79.85%, Best Valid: 82.88%, Best Test: 81.10%
Epoch: 500, Loss: 0.0075, Train: 100.00%, Valid: 81.97%, Test: 80.64%, Best Valid: 82.88%, Best Test: 81.10%
Epoch: 600, Loss: 0.0072, Train: 100.00%, Valid: 81.51%, Test: 80.33%, Best Valid: 82.88%, Best Test: 81.10%
Epoch: 700, Loss: 0.0113, Train: 100.00%, Valid: 82.40%, Test: 80.66%, Best Valid: 82.88%, Best Test: 81.10%
Epoch: 800, Loss: 0.0131, Train: 100.00%, Valid: 81.85%, Test: 80.59%, Best Valid: 82.88%, Best Test: 81.10%
Epoch: 900, Loss: 0.0013, Train: 100.00%, Valid: 82.14%, Test: 80.67%, Best Valid: 82.88%, Best Test: 81.10%
Run 03:
Highest Train: 100.00
Highest Valid: 82.88
Highest Test: 81.60
Chosen epoch: 311
Final Train: 100.00
Final Test: 81.10
All runs:
Highest Train: 100.00 ± 0.00
Highest Test: 81.26 ± 0.59
Highest Valid: 82.51 ± 0.37
  Final Train: 98.97 ± 1.13
   Final Test: 80.88 ± 0.48
Saving results to results/wikics/MPNN_gat.csv

Running with Pre-trained MLP Regularization (lambda=0.01)...
Namespace(bn=False, cpu=False, data_dir='./data/', dataset='wikics', device=0, display_step=100, dropout=0.7, epochs=1000, gnn='gat', hidden_channels=512, jk=False, label_num_per_class=20, lambda_val=0.01, ln=True, local_layers=2, lr=0.001, metric='acc', mlp_epochs=500, mlp_reg=True, model='MPNN', model_dir='./model/', num_heads=1, pre_linear=False, pre_ln=False, rand_split=False, rand_split_class=False, reg_start_epoch=10, reg_update_freq=5, res=True, runs=3, save_model=False, seed=42, test_num=1000, train_prop=0.5, use_reg=True, valid_num=500, valid_prop=0.25, weight_decay=0.0)
wikics
dataset wikics | num nodes 11701 | num edge 431726 | num node feats 300 | num classes 10
MODEL: MPNNs(
  (h_lins): ModuleList()
  (local_convs): ModuleList(
    (0): GATConv(300, 512, heads=1)
    (1): GATConv(512, 512, heads=1)
  )
  (lins): ModuleList(
    (0): Linear(in_features=300, out_features=512, bias=True)
    (1): Linear(in_features=512, out_features=512, bias=True)
  )
  (lns): ModuleList(
    (0): LayerNorm((512,), eps=1e-05, elementwise_affine=True)
    (1): LayerNorm((512,), eps=1e-05, elementwise_affine=True)
  )
  (bns): ModuleList(
    (0): BatchNorm1d(512, eps=1e-05, momentum=0.1, affine=True, track_running_stats=True)
    (1): BatchNorm1d(512, eps=1e-05, momentum=0.1, affine=True, track_running_stats=True)
  )
  (lin_in): Linear(in_features=300, out_features=512, bias=True)
  (pred_local): Linear(in_features=512, out_features=10, bias=True)
)
Pre-training MLP for 500 epochs to generate co-occurrence matrix...
MLP pre-training complete. Penalty matrix frozen.
Epoch: 00, Loss: 2.5390, Train: 23.28%, Valid: 23.15%, Test: 23.19%, Best Valid: 23.15%, Best Test: 23.19%
Epoch: 100, Loss: 0.1052, Train: 98.79%, Valid: 81.61%, Test: 80.33%, Best Valid: 82.31%, Best Test: 81.20%
Epoch: 200, Loss: 0.0207, Train: 100.00%, Valid: 81.15%, Test: 80.45%, Best Valid: 82.31%, Best Test: 81.20%
Epoch: 300, Loss: 0.0097, Train: 100.00%, Valid: 80.89%, Test: 80.21%, Best Valid: 82.31%, Best Test: 81.20%
Epoch: 400, Loss: 0.0073, Train: 100.00%, Valid: 80.60%, Test: 80.38%, Best Valid: 82.31%, Best Test: 81.20%
Epoch: 500, Loss: 0.0056, Train: 100.00%, Valid: 80.81%, Test: 80.47%, Best Valid: 82.31%, Best Test: 81.20%
Epoch: 600, Loss: 0.0033, Train: 100.00%, Valid: 80.57%, Test: 80.14%, Best Valid: 82.31%, Best Test: 81.20%
Epoch: 700, Loss: 0.0035, Train: 100.00%, Valid: 80.55%, Test: 80.19%, Best Valid: 82.31%, Best Test: 81.20%
Epoch: 800, Loss: 0.0063, Train: 100.00%, Valid: 80.11%, Test: 79.87%, Best Valid: 82.31%, Best Test: 81.20%
Epoch: 900, Loss: 0.0116, Train: 100.00%, Valid: 80.13%, Test: 79.78%, Best Valid: 82.31%, Best Test: 81.20%
Run 01:
Highest Train: 100.00
Highest Valid: 82.31
Highest Test: 81.27
Chosen epoch: 59
Final Train: 94.83
Final Test: 81.20
Pre-training MLP for 500 epochs to generate co-occurrence matrix...
MLP pre-training complete. Penalty matrix frozen.
Epoch: 00, Loss: 2.4448, Train: 26.72%, Valid: 27.15%, Test: 26.92%, Best Valid: 27.15%, Best Test: 26.92%
Epoch: 100, Loss: 0.1327, Train: 98.79%, Valid: 81.85%, Test: 80.06%, Best Valid: 81.99%, Best Test: 80.47%
Epoch: 200, Loss: 0.0258, Train: 100.00%, Valid: 80.94%, Test: 79.66%, Best Valid: 81.99%, Best Test: 80.47%
Epoch: 300, Loss: 0.0153, Train: 100.00%, Valid: 81.23%, Test: 80.02%, Best Valid: 81.99%, Best Test: 80.47%
Epoch: 400, Loss: 0.0084, Train: 100.00%, Valid: 80.83%, Test: 79.89%, Best Valid: 81.99%, Best Test: 80.47%
Epoch: 500, Loss: 0.0117, Train: 100.00%, Valid: 80.43%, Test: 79.63%, Best Valid: 81.99%, Best Test: 80.47%
Epoch: 600, Loss: 0.0193, Train: 100.00%, Valid: 80.68%, Test: 79.89%, Best Valid: 81.99%, Best Test: 80.47%
Epoch: 700, Loss: 0.0146, Train: 100.00%, Valid: 80.28%, Test: 79.41%, Best Valid: 81.99%, Best Test: 80.47%
Epoch: 800, Loss: 0.0095, Train: 100.00%, Valid: 80.72%, Test: 79.87%, Best Valid: 81.99%, Best Test: 80.47%
Epoch: 900, Loss: 0.0179, Train: 100.00%, Valid: 79.56%, Test: 79.08%, Best Valid: 81.99%, Best Test: 80.47%
Run 02:
Highest Train: 100.00
Highest Valid: 81.99
Highest Test: 80.71
Chosen epoch: 75
Final Train: 95.17
Final Test: 80.47
Pre-training MLP for 500 epochs to generate co-occurrence matrix...
MLP pre-training complete. Penalty matrix frozen.
Epoch: 00, Loss: 2.6477, Train: 42.59%, Valid: 42.42%, Test: 42.67%, Best Valid: 42.42%, Best Test: 42.67%
Epoch: 100, Loss: 0.1077, Train: 98.97%, Valid: 82.10%, Test: 81.10%, Best Valid: 82.84%, Best Test: 81.41%
Epoch: 200, Loss: 0.0180, Train: 100.00%, Valid: 82.06%, Test: 80.76%, Best Valid: 83.14%, Best Test: 81.48%
Epoch: 300, Loss: 0.0137, Train: 100.00%, Valid: 81.76%, Test: 80.47%, Best Valid: 83.14%, Best Test: 81.48%
Epoch: 400, Loss: 0.0074, Train: 100.00%, Valid: 82.25%, Test: 81.36%, Best Valid: 83.14%, Best Test: 81.48%
Epoch: 500, Loss: 0.0026, Train: 100.00%, Valid: 82.16%, Test: 80.84%, Best Valid: 83.14%, Best Test: 81.48%
Epoch: 600, Loss: 0.0053, Train: 100.00%, Valid: 81.55%, Test: 80.38%, Best Valid: 83.14%, Best Test: 81.48%
Epoch: 700, Loss: 0.0038, Train: 100.00%, Valid: 80.66%, Test: 79.96%, Best Valid: 83.14%, Best Test: 81.48%
Epoch: 800, Loss: 0.0096, Train: 100.00%, Valid: 80.83%, Test: 79.97%, Best Valid: 83.14%, Best Test: 81.48%
Epoch: 900, Loss: 0.0071, Train: 100.00%, Valid: 81.80%, Test: 80.78%, Best Valid: 83.14%, Best Test: 81.48%
Run 03:
Highest Train: 100.00
Highest Valid: 83.14
Highest Test: 81.92
Chosen epoch: 124
Final Train: 99.83
Final Test: 81.48
All runs:
Highest Train: 100.00 ± 0.00
Highest Test: 81.30 ± 0.61
Highest Valid: 82.48 ± 0.60
  Final Train: 96.61 ± 2.79
   Final Test: 81.05 ± 0.52
Saving results to results/wikics/MPNN_gat.csv

Running with Pre-trained MLP Regularization (lambda=0.1)...
Namespace(bn=False, cpu=False, data_dir='./data/', dataset='wikics', device=0, display_step=100, dropout=0.7, epochs=1000, gnn='gat', hidden_channels=512, jk=False, label_num_per_class=20, lambda_val=0.1, ln=True, local_layers=2, lr=0.001, metric='acc', mlp_epochs=500, mlp_reg=True, model='MPNN', model_dir='./model/', num_heads=1, pre_linear=False, pre_ln=False, rand_split=False, rand_split_class=False, reg_start_epoch=10, reg_update_freq=5, res=True, runs=3, save_model=False, seed=42, test_num=1000, train_prop=0.5, use_reg=True, valid_num=500, valid_prop=0.25, weight_decay=0.0)
wikics
dataset wikics | num nodes 11701 | num edge 431726 | num node feats 300 | num classes 10
MODEL: MPNNs(
  (h_lins): ModuleList()
  (local_convs): ModuleList(
    (0): GATConv(300, 512, heads=1)
    (1): GATConv(512, 512, heads=1)
  )
  (lins): ModuleList(
    (0): Linear(in_features=300, out_features=512, bias=True)
    (1): Linear(in_features=512, out_features=512, bias=True)
  )
  (lns): ModuleList(
    (0): LayerNorm((512,), eps=1e-05, elementwise_affine=True)
    (1): LayerNorm((512,), eps=1e-05, elementwise_affine=True)
  )
  (bns): ModuleList(
    (0): BatchNorm1d(512, eps=1e-05, momentum=0.1, affine=True, track_running_stats=True)
    (1): BatchNorm1d(512, eps=1e-05, momentum=0.1, affine=True, track_running_stats=True)
  )
  (lin_in): Linear(in_features=300, out_features=512, bias=True)
  (pred_local): Linear(in_features=512, out_features=10, bias=True)
)
Pre-training MLP for 500 epochs to generate co-occurrence matrix...
MLP pre-training complete. Penalty matrix frozen.
Epoch: 00, Loss: 2.7653, Train: 22.93%, Valid: 22.94%, Test: 22.95%, Best Valid: 22.94%, Best Test: 22.95%
Epoch: 100, Loss: 0.1231, Train: 99.31%, Valid: 81.70%, Test: 80.26%, Best Valid: 82.42%, Best Test: 81.10%
Epoch: 200, Loss: 0.0288, Train: 100.00%, Valid: 81.36%, Test: 80.76%, Best Valid: 82.42%, Best Test: 81.10%
Epoch: 300, Loss: 0.0197, Train: 100.00%, Valid: 80.66%, Test: 80.06%, Best Valid: 82.42%, Best Test: 81.10%
Epoch: 400, Loss: 0.0096, Train: 100.00%, Valid: 80.77%, Test: 80.30%, Best Valid: 82.42%, Best Test: 81.10%
Epoch: 500, Loss: 0.0059, Train: 100.00%, Valid: 80.34%, Test: 79.70%, Best Valid: 82.42%, Best Test: 81.10%
Epoch: 600, Loss: 0.0050, Train: 100.00%, Valid: 80.81%, Test: 80.42%, Best Valid: 82.42%, Best Test: 81.10%
Epoch: 700, Loss: 0.0018, Train: 100.00%, Valid: 80.81%, Test: 80.35%, Best Valid: 82.42%, Best Test: 81.10%
Epoch: 800, Loss: 0.0077, Train: 100.00%, Valid: 80.45%, Test: 79.27%, Best Valid: 82.42%, Best Test: 81.10%
Epoch: 900, Loss: 0.0101, Train: 100.00%, Valid: 80.47%, Test: 80.16%, Best Valid: 82.42%, Best Test: 81.10%
Run 01:
Highest Train: 100.00
Highest Valid: 82.42
Highest Test: 81.49
Chosen epoch: 66
Final Train: 96.03
Final Test: 81.10
Pre-training MLP for 500 epochs to generate co-occurrence matrix...
MLP pre-training complete. Penalty matrix frozen.
Epoch: 00, Loss: 2.6627, Train: 31.55%, Valid: 31.30%, Test: 31.67%, Best Valid: 31.30%, Best Test: 31.67%
Epoch: 100, Loss: 0.1516, Train: 99.14%, Valid: 82.10%, Test: 80.19%, Best Valid: 82.10%, Best Test: 80.19%
Epoch: 200, Loss: 0.0304, Train: 100.00%, Valid: 80.53%, Test: 79.85%, Best Valid: 82.10%, Best Test: 80.19%
Epoch: 300, Loss: 0.0140, Train: 100.00%, Valid: 80.91%, Test: 79.84%, Best Valid: 82.10%, Best Test: 80.19%
Epoch: 400, Loss: 0.0069, Train: 100.00%, Valid: 80.79%, Test: 80.25%, Best Valid: 82.10%, Best Test: 80.19%
Epoch: 500, Loss: 0.0106, Train: 100.00%, Valid: 80.94%, Test: 79.63%, Best Valid: 82.10%, Best Test: 80.19%
Epoch: 600, Loss: 0.0069, Train: 100.00%, Valid: 80.60%, Test: 79.43%, Best Valid: 82.10%, Best Test: 80.19%
Epoch: 700, Loss: 0.0043, Train: 100.00%, Valid: 80.81%, Test: 79.84%, Best Valid: 82.10%, Best Test: 80.19%
Epoch: 800, Loss: 0.0097, Train: 100.00%, Valid: 80.05%, Test: 79.48%, Best Valid: 82.10%, Best Test: 80.19%
Epoch: 900, Loss: 0.0229, Train: 100.00%, Valid: 79.77%, Test: 79.31%, Best Valid: 82.10%, Best Test: 80.19%
Run 02:
Highest Train: 100.00
Highest Valid: 82.10
Highest Test: 80.61
Chosen epoch: 100
Final Train: 99.14
Final Test: 80.19
Pre-training MLP for 500 epochs to generate co-occurrence matrix...
MLP pre-training complete. Penalty matrix frozen.
Epoch: 00, Loss: 2.8837, Train: 37.93%, Valid: 38.45%, Test: 38.45%, Best Valid: 38.45%, Best Test: 38.45%
Epoch: 100, Loss: 0.1297, Train: 99.48%, Valid: 81.89%, Test: 80.81%, Best Valid: 82.59%, Best Test: 81.48%
Epoch: 200, Loss: 0.0212, Train: 100.00%, Valid: 82.44%, Test: 81.22%, Best Valid: 82.97%, Best Test: 81.24%
Epoch: 300, Loss: 0.0114, Train: 100.00%, Valid: 82.20%, Test: 80.84%, Best Valid: 82.97%, Best Test: 81.24%
Epoch: 400, Loss: 0.0076, Train: 100.00%, Valid: 81.80%, Test: 80.79%, Best Valid: 82.97%, Best Test: 81.24%
Epoch: 500, Loss: 0.0034, Train: 100.00%, Valid: 82.23%, Test: 80.62%, Best Valid: 82.97%, Best Test: 81.24%
Epoch: 600, Loss: 0.0088, Train: 100.00%, Valid: 82.48%, Test: 80.88%, Best Valid: 82.97%, Best Test: 81.24%
Epoch: 700, Loss: 0.0065, Train: 100.00%, Valid: 82.18%, Test: 80.98%, Best Valid: 82.97%, Best Test: 81.24%
Epoch: 800, Loss: 0.0110, Train: 100.00%, Valid: 81.51%, Test: 80.64%, Best Valid: 82.97%, Best Test: 81.24%
Epoch: 900, Loss: 0.0043, Train: 100.00%, Valid: 82.01%, Test: 80.76%, Best Valid: 82.97%, Best Test: 81.24%
Run 03:
Highest Train: 100.00
Highest Valid: 82.97
Highest Test: 81.58
Chosen epoch: 172
Final Train: 100.00
Final Test: 81.24
All runs:
Highest Train: 100.00 ± 0.00
Highest Test: 81.23 ± 0.54
Highest Valid: 82.50 ± 0.44
  Final Train: 98.39 ± 2.09
   Final Test: 80.84 ± 0.57
Saving results to results/wikics/MPNN_gat.csv

Running with Pre-trained MLP Regularization (lambda=1.0)...
Namespace(bn=False, cpu=False, data_dir='./data/', dataset='wikics', device=0, display_step=100, dropout=0.7, epochs=1000, gnn='gat', hidden_channels=512, jk=False, label_num_per_class=20, lambda_val=1.0, ln=True, local_layers=2, lr=0.001, metric='acc', mlp_epochs=500, mlp_reg=True, model='MPNN', model_dir='./model/', num_heads=1, pre_linear=False, pre_ln=False, rand_split=False, rand_split_class=False, reg_start_epoch=10, reg_update_freq=5, res=True, runs=3, save_model=False, seed=42, test_num=1000, train_prop=0.5, use_reg=True, valid_num=500, valid_prop=0.25, weight_decay=0.0)
wikics
dataset wikics | num nodes 11701 | num edge 431726 | num node feats 300 | num classes 10
MODEL: MPNNs(
  (h_lins): ModuleList()
  (local_convs): ModuleList(
    (0): GATConv(300, 512, heads=1)
    (1): GATConv(512, 512, heads=1)
  )
  (lins): ModuleList(
    (0): Linear(in_features=300, out_features=512, bias=True)
    (1): Linear(in_features=512, out_features=512, bias=True)
  )
  (lns): ModuleList(
    (0): LayerNorm((512,), eps=1e-05, elementwise_affine=True)
    (1): LayerNorm((512,), eps=1e-05, elementwise_affine=True)
  )
  (bns): ModuleList(
    (0): BatchNorm1d(512, eps=1e-05, momentum=0.1, affine=True, track_running_stats=True)
    (1): BatchNorm1d(512, eps=1e-05, momentum=0.1, affine=True, track_running_stats=True)
  )
  (lin_in): Linear(in_features=300, out_features=512, bias=True)
  (pred_local): Linear(in_features=512, out_features=10, bias=True)
)
Pre-training MLP for 500 epochs to generate co-occurrence matrix...
MLP pre-training complete. Penalty matrix frozen.
Epoch: 00, Loss: 5.0278, Train: 18.45%, Valid: 18.39%, Test: 18.40%, Best Valid: 18.39%, Best Test: 18.40%
Epoch: 100, Loss: 0.4585, Train: 98.28%, Valid: 81.65%, Test: 80.78%, Best Valid: 81.97%, Best Test: 81.07%
Epoch: 200, Loss: 0.0630, Train: 100.00%, Valid: 81.66%, Test: 80.74%, Best Valid: 81.97%, Best Test: 81.07%
Epoch: 300, Loss: 0.0413, Train: 100.00%, Valid: 80.79%, Test: 80.54%, Best Valid: 81.97%, Best Test: 81.07%
Epoch: 400, Loss: 0.0198, Train: 100.00%, Valid: 81.17%, Test: 80.91%, Best Valid: 81.97%, Best Test: 81.07%
Epoch: 500, Loss: 0.0165, Train: 100.00%, Valid: 80.74%, Test: 80.50%, Best Valid: 81.97%, Best Test: 81.07%
Epoch: 600, Loss: 0.0139, Train: 100.00%, Valid: 80.28%, Test: 79.73%, Best Valid: 81.97%, Best Test: 81.07%
Epoch: 700, Loss: 0.0108, Train: 100.00%, Valid: 81.27%, Test: 80.47%, Best Valid: 81.97%, Best Test: 81.07%
Epoch: 800, Loss: 0.0050, Train: 100.00%, Valid: 81.06%, Test: 80.59%, Best Valid: 81.97%, Best Test: 81.07%
Epoch: 900, Loss: 0.0152, Train: 100.00%, Valid: 80.93%, Test: 80.59%, Best Valid: 81.97%, Best Test: 81.07%
Run 01:
Highest Train: 100.00
Highest Valid: 81.97
Highest Test: 81.31
Chosen epoch: 91
Final Train: 97.59
Final Test: 81.07
Pre-training MLP for 500 epochs to generate co-occurrence matrix...
MLP pre-training complete. Penalty matrix frozen.
Epoch: 00, Loss: 4.8413, Train: 19.83%, Valid: 20.17%, Test: 20.08%, Best Valid: 20.17%, Best Test: 20.08%
Epoch: 100, Loss: 0.5865, Train: 96.38%, Valid: 81.72%, Test: 80.18%, Best Valid: 81.78%, Best Test: 80.52%
Epoch: 200, Loss: 0.1160, Train: 100.00%, Valid: 81.30%, Test: 79.84%, Best Valid: 82.20%, Best Test: 80.66%
Epoch: 300, Loss: 0.0436, Train: 100.00%, Valid: 81.23%, Test: 79.97%, Best Valid: 82.20%, Best Test: 80.66%
Epoch: 400, Loss: 0.0303, Train: 100.00%, Valid: 81.02%, Test: 80.19%, Best Valid: 82.20%, Best Test: 80.66%
Epoch: 500, Loss: 0.0274, Train: 100.00%, Valid: 80.96%, Test: 79.96%, Best Valid: 82.20%, Best Test: 80.66%
Epoch: 600, Loss: 0.0293, Train: 100.00%, Valid: 80.96%, Test: 79.58%, Best Valid: 82.20%, Best Test: 80.66%
Epoch: 700, Loss: 0.0066, Train: 100.00%, Valid: 81.17%, Test: 79.90%, Best Valid: 82.20%, Best Test: 80.66%
Epoch: 800, Loss: 0.0158, Train: 100.00%, Valid: 80.85%, Test: 79.96%, Best Valid: 82.20%, Best Test: 80.66%
Epoch: 900, Loss: 0.0101, Train: 100.00%, Valid: 80.85%, Test: 79.89%, Best Valid: 82.20%, Best Test: 80.66%
Run 02:
Highest Train: 100.00
Highest Valid: 82.20
Highest Test: 80.86
Chosen epoch: 122
Final Train: 98.79
Final Test: 80.66
Pre-training MLP for 500 epochs to generate co-occurrence matrix...
MLP pre-training complete. Penalty matrix frozen.
Epoch: 00, Loss: 5.2430, Train: 18.79%, Valid: 19.02%, Test: 19.00%, Best Valid: 19.02%, Best Test: 19.00%
Epoch: 100, Loss: 0.4105, Train: 98.28%, Valid: 81.85%, Test: 80.96%, Best Valid: 82.25%, Best Test: 80.84%
Epoch: 200, Loss: 0.0520, Train: 100.00%, Valid: 82.50%, Test: 81.00%, Best Valid: 82.92%, Best Test: 81.24%
Epoch: 300, Loss: 0.0304, Train: 100.00%, Valid: 82.42%, Test: 81.15%, Best Valid: 83.11%, Best Test: 81.14%
Epoch: 400, Loss: 0.0115, Train: 100.00%, Valid: 82.46%, Test: 80.84%, Best Valid: 83.11%, Best Test: 81.14%
Epoch: 500, Loss: 0.0092, Train: 100.00%, Valid: 82.76%, Test: 81.34%, Best Valid: 83.11%, Best Test: 81.14%
Epoch: 600, Loss: 0.0159, Train: 100.00%, Valid: 82.65%, Test: 80.71%, Best Valid: 83.11%, Best Test: 81.14%
Epoch: 700, Loss: 0.0065, Train: 100.00%, Valid: 82.08%, Test: 80.67%, Best Valid: 83.11%, Best Test: 81.14%
Epoch: 800, Loss: 0.0237, Train: 100.00%, Valid: 82.10%, Test: 80.55%, Best Valid: 83.11%, Best Test: 81.14%
Epoch: 900, Loss: 0.0078, Train: 100.00%, Valid: 82.57%, Test: 80.98%, Best Valid: 83.11%, Best Test: 81.14%
Run 03:
Highest Train: 100.00
Highest Valid: 83.11
Highest Test: 81.60
Chosen epoch: 214
Final Train: 100.00
Final Test: 81.14
All runs:
Highest Train: 100.00 ± 0.00
Highest Test: 81.26 ± 0.37
Highest Valid: 82.42 ± 0.60
  Final Train: 98.79 ± 1.21
   Final Test: 80.95 ± 0.26
Saving results to results/wikics/MPNN_gat.csv

Homophilic sweep completed!
==========================================================
Sweep for wikics completed at: Sun Apr 26 02:10:56 AM EDT 2026
==========================================================
