==========================================================
Heterophilic MLP-Reg GNN Sweep — Dataset: chameleon
Array task: 5 / Job: 983325
Date: Fri Apr 24 03:55:17 PM EDT 2026 | Host: n0001
==========================================================
Fri Apr 24 15:55:23 2026       
+-----------------------------------------------------------------------------------------+
| NVIDIA-SMI 570.211.01             Driver Version: 570.211.01     CUDA Version: 12.8     |
|-----------------------------------------+------------------------+----------------------+
| GPU  Name                 Persistence-M | Bus-Id          Disp.A | Volatile Uncorr. ECC |
| Fan  Temp   Perf          Pwr:Usage/Cap |           Memory-Usage | GPU-Util  Compute M. |
|                                         |                        |               MIG M. |
|=========================================+========================+======================|
|   0  NVIDIA A100-SXM4-80GB          On  |   00000000:01:00.0 Off |                   On |
| N/A   28C    P0             52W /  500W |     185MiB /  81920MiB |     N/A      Default |
|                                         |                        |              Enabled |
+-----------------------------------------+------------------------+----------------------+
|   1  NVIDIA A100-SXM4-80GB          On  |   00000000:41:00.0 Off |                   On |
| N/A   39C    P0            198W /  500W |   31789MiB /  81920MiB |     N/A      Default |
|                                         |                        |              Enabled |
+-----------------------------------------+------------------------+----------------------+
|   2  NVIDIA A100-SXM4-80GB          On  |   00000000:81:00.0 Off |                   On |
| N/A   44C    P0            213W /  500W |   31789MiB /  81920MiB |     N/A      Default |
|                                         |                        |              Enabled |
+-----------------------------------------+------------------------+----------------------+
|   3  NVIDIA A100-SXM4-80GB          On  |   00000000:C1:00.0 Off |                   On |
| N/A   28C    P0             76W /  500W |     563MiB /  81920MiB |     N/A      Default |
|                                         |                        |              Enabled |
+-----------------------------------------+------------------------+----------------------+

+-----------------------------------------------------------------------------------------+
| MIG devices:                                                                            |
+------------------+----------------------------------+-----------+-----------------------+
| GPU  GI  CI  MIG |                     Memory-Usage |        Vol|        Shared         |
|      ID  ID  Dev |                       BAR1-Usage | SM     Unc| CE ENC  DEC  OFA  JPG |
|                  |                                  |        ECC|                       |
|==================+==================================+===========+=======================|
|  2   10   0   0  |              27MiB /  9728MiB    | 14      0 |  1   0    0    0    0 |
|                  |                 0MiB / 16383MiB  |           |                       |
+------------------+----------------------------------+-----------+-----------------------+
                                                                                         
+-----------------------------------------------------------------------------------------+
| Processes:                                                                              |
|  GPU   GI   CI              PID   Type   Process name                        GPU Memory |
|        ID   ID                                                               Usage      |
|=========================================================================================|
|    1    1    0            98798      C   ...hz54/envs/dist/bin/python3.10      31598MiB |
|    3    1    0           101016      C   ...conda3/envs/unimol/bin/python        372MiB |
+-----------------------------------------------------------------------------------------+
1.12.1
True
NVIDIA A100-SXM4-80GB MIG 1g.10gb
==========================================================
Starting MLP-Based Inference Sweep for Baseline Command:
python main.py --gnn gcn  --dataset chameleon --lr 0.005 --local_layers 5 --hidden_channels 512 --weight_decay 0.001 --dropout 0.2 --device 0 --runs 10 --epochs 200
==========================================================
Running Baseline (REG: False)...
Namespace(bn=False, cpu=False, data_dir='./data/', dataset='chameleon', device=0, display_step=100, dropout=0.2, epochs=200, gnn='gcn', hidden_channels=512, jk=False, label_num_per_class=20, lambda_val=0.5, ln=False, local_layers=5, lr=0.005, metric='acc', mlp_epochs=500, mlp_reg=False, model='MPNN', model_dir='./model/', num_heads=1, pre_linear=False, pre_ln=False, rand_split=False, rand_split_class=False, reg_start_epoch=10, reg_update_freq=5, res=False, runs=10, save_model=False, seed=42, test_num=1000, train_prop=0.5, use_reg=False, valid_num=500, valid_prop=0.25, weight_decay=0.001)
chameleon

Running with Pre-trained MLP Regularization (lambda=0.01)...
Namespace(bn=False, cpu=False, data_dir='./data/', dataset='chameleon', device=0, display_step=100, dropout=0.2, epochs=200, gnn='gcn', hidden_channels=512, jk=False, label_num_per_class=20, lambda_val=0.01, ln=False, local_layers=5, lr=0.005, metric='acc', mlp_epochs=500, mlp_reg=True, model='MPNN', model_dir='./model/', num_heads=1, pre_linear=False, pre_ln=False, rand_split=False, rand_split_class=False, reg_start_epoch=10, reg_update_freq=5, res=False, runs=10, save_model=False, seed=42, test_num=1000, train_prop=0.5, use_reg=True, valid_num=500, valid_prop=0.25, weight_decay=0.001)
chameleon

Running with Pre-trained MLP Regularization (lambda=0.05)...
Namespace(bn=False, cpu=False, data_dir='./data/', dataset='chameleon', device=0, display_step=100, dropout=0.2, epochs=200, gnn='gcn', hidden_channels=512, jk=False, label_num_per_class=20, lambda_val=0.05, ln=False, local_layers=5, lr=0.005, metric='acc', mlp_epochs=500, mlp_reg=True, model='MPNN', model_dir='./model/', num_heads=1, pre_linear=False, pre_ln=False, rand_split=False, rand_split_class=False, reg_start_epoch=10, reg_update_freq=5, res=False, runs=10, save_model=False, seed=42, test_num=1000, train_prop=0.5, use_reg=True, valid_num=500, valid_prop=0.25, weight_decay=0.001)
chameleon

Running with Pre-trained MLP Regularization (lambda=0.1)...
Namespace(bn=False, cpu=False, data_dir='./data/', dataset='chameleon', device=0, display_step=100, dropout=0.2, epochs=200, gnn='gcn', hidden_channels=512, jk=False, label_num_per_class=20, lambda_val=0.1, ln=False, local_layers=5, lr=0.005, metric='acc', mlp_epochs=500, mlp_reg=True, model='MPNN', model_dir='./model/', num_heads=1, pre_linear=False, pre_ln=False, rand_split=False, rand_split_class=False, reg_start_epoch=10, reg_update_freq=5, res=False, runs=10, save_model=False, seed=42, test_num=1000, train_prop=0.5, use_reg=True, valid_num=500, valid_prop=0.25, weight_decay=0.001)
chameleon

Running with Pre-trained MLP Regularization (lambda=0.5)...
Namespace(bn=False, cpu=False, data_dir='./data/', dataset='chameleon', device=0, display_step=100, dropout=0.2, epochs=200, gnn='gcn', hidden_channels=512, jk=False, label_num_per_class=20, lambda_val=0.5, ln=False, local_layers=5, lr=0.005, metric='acc', mlp_epochs=500, mlp_reg=True, model='MPNN', model_dir='./model/', num_heads=1, pre_linear=False, pre_ln=False, rand_split=False, rand_split_class=False, reg_start_epoch=10, reg_update_freq=5, res=False, runs=10, save_model=False, seed=42, test_num=1000, train_prop=0.5, use_reg=True, valid_num=500, valid_prop=0.25, weight_decay=0.001)
chameleon

Running with Pre-trained MLP Regularization (lambda=1.0)...
Namespace(bn=False, cpu=False, data_dir='./data/', dataset='chameleon', device=0, display_step=100, dropout=0.2, epochs=200, gnn='gcn', hidden_channels=512, jk=False, label_num_per_class=20, lambda_val=1.0, ln=False, local_layers=5, lr=0.005, metric='acc', mlp_epochs=500, mlp_reg=True, model='MPNN', model_dir='./model/', num_heads=1, pre_linear=False, pre_ln=False, rand_split=False, rand_split_class=False, reg_start_epoch=10, reg_update_freq=5, res=False, runs=10, save_model=False, seed=42, test_num=1000, train_prop=0.5, use_reg=True, valid_num=500, valid_prop=0.25, weight_decay=0.001)
chameleon

MLP Inference Sweep completed!
==========================================================
Starting MLP-Based Inference Sweep for Baseline Command:
python main.py --gnn sage --dataset chameleon --lr 0.01  --local_layers 4 --hidden_channels 256 --weight_decay 0.001 --dropout 0.7 --device 0 --runs 10 --epochs 200 --bn --res
==========================================================
Running Baseline (REG: False)...
Namespace(bn=True, cpu=False, data_dir='./data/', dataset='chameleon', device=0, display_step=100, dropout=0.7, epochs=200, gnn='sage', hidden_channels=256, jk=False, label_num_per_class=20, lambda_val=0.5, ln=False, local_layers=4, lr=0.01, metric='acc', mlp_epochs=500, mlp_reg=False, model='MPNN', model_dir='./model/', num_heads=1, pre_linear=False, pre_ln=False, rand_split=False, rand_split_class=False, reg_start_epoch=10, reg_update_freq=5, res=True, runs=10, save_model=False, seed=42, test_num=1000, train_prop=0.5, use_reg=False, valid_num=500, valid_prop=0.25, weight_decay=0.001)
chameleon

Running with Pre-trained MLP Regularization (lambda=0.01)...
Namespace(bn=True, cpu=False, data_dir='./data/', dataset='chameleon', device=0, display_step=100, dropout=0.7, epochs=200, gnn='sage', hidden_channels=256, jk=False, label_num_per_class=20, lambda_val=0.01, ln=False, local_layers=4, lr=0.01, metric='acc', mlp_epochs=500, mlp_reg=True, model='MPNN', model_dir='./model/', num_heads=1, pre_linear=False, pre_ln=False, rand_split=False, rand_split_class=False, reg_start_epoch=10, reg_update_freq=5, res=True, runs=10, save_model=False, seed=42, test_num=1000, train_prop=0.5, use_reg=True, valid_num=500, valid_prop=0.25, weight_decay=0.001)
chameleon

Running with Pre-trained MLP Regularization (lambda=0.05)...
Namespace(bn=True, cpu=False, data_dir='./data/', dataset='chameleon', device=0, display_step=100, dropout=0.7, epochs=200, gnn='sage', hidden_channels=256, jk=False, label_num_per_class=20, lambda_val=0.05, ln=False, local_layers=4, lr=0.01, metric='acc', mlp_epochs=500, mlp_reg=True, model='MPNN', model_dir='./model/', num_heads=1, pre_linear=False, pre_ln=False, rand_split=False, rand_split_class=False, reg_start_epoch=10, reg_update_freq=5, res=True, runs=10, save_model=False, seed=42, test_num=1000, train_prop=0.5, use_reg=True, valid_num=500, valid_prop=0.25, weight_decay=0.001)
chameleon

Running with Pre-trained MLP Regularization (lambda=0.1)...
Namespace(bn=True, cpu=False, data_dir='./data/', dataset='chameleon', device=0, display_step=100, dropout=0.7, epochs=200, gnn='sage', hidden_channels=256, jk=False, label_num_per_class=20, lambda_val=0.1, ln=False, local_layers=4, lr=0.01, metric='acc', mlp_epochs=500, mlp_reg=True, model='MPNN', model_dir='./model/', num_heads=1, pre_linear=False, pre_ln=False, rand_split=False, rand_split_class=False, reg_start_epoch=10, reg_update_freq=5, res=True, runs=10, save_model=False, seed=42, test_num=1000, train_prop=0.5, use_reg=True, valid_num=500, valid_prop=0.25, weight_decay=0.001)
chameleon

Running with Pre-trained MLP Regularization (lambda=0.5)...
Namespace(bn=True, cpu=False, data_dir='./data/', dataset='chameleon', device=0, display_step=100, dropout=0.7, epochs=200, gnn='sage', hidden_channels=256, jk=False, label_num_per_class=20, lambda_val=0.5, ln=False, local_layers=4, lr=0.01, metric='acc', mlp_epochs=500, mlp_reg=True, model='MPNN', model_dir='./model/', num_heads=1, pre_linear=False, pre_ln=False, rand_split=False, rand_split_class=False, reg_start_epoch=10, reg_update_freq=5, res=True, runs=10, save_model=False, seed=42, test_num=1000, train_prop=0.5, use_reg=True, valid_num=500, valid_prop=0.25, weight_decay=0.001)
chameleon

Running with Pre-trained MLP Regularization (lambda=1.0)...
Namespace(bn=True, cpu=False, data_dir='./data/', dataset='chameleon', device=0, display_step=100, dropout=0.7, epochs=200, gnn='sage', hidden_channels=256, jk=False, label_num_per_class=20, lambda_val=1.0, ln=False, local_layers=4, lr=0.01, metric='acc', mlp_epochs=500, mlp_reg=True, model='MPNN', model_dir='./model/', num_heads=1, pre_linear=False, pre_ln=False, rand_split=False, rand_split_class=False, reg_start_epoch=10, reg_update_freq=5, res=True, runs=10, save_model=False, seed=42, test_num=1000, train_prop=0.5, use_reg=True, valid_num=500, valid_prop=0.25, weight_decay=0.001)
chameleon

MLP Inference Sweep completed!
==========================================================
Starting MLP-Based Inference Sweep for Baseline Command:
python main.py --gnn gat  --dataset chameleon --lr 0.01  --local_layers 2 --hidden_channels 256 --weight_decay 0.001 --dropout 0.7 --device 0 --runs 10 --epochs 200 --bn --res
==========================================================
Running Baseline (REG: False)...
Namespace(bn=True, cpu=False, data_dir='./data/', dataset='chameleon', device=0, display_step=100, dropout=0.7, epochs=200, gnn='gat', hidden_channels=256, jk=False, label_num_per_class=20, lambda_val=0.5, ln=False, local_layers=2, lr=0.01, metric='acc', mlp_epochs=500, mlp_reg=False, model='MPNN', model_dir='./model/', num_heads=1, pre_linear=False, pre_ln=False, rand_split=False, rand_split_class=False, reg_start_epoch=10, reg_update_freq=5, res=True, runs=10, save_model=False, seed=42, test_num=1000, train_prop=0.5, use_reg=False, valid_num=500, valid_prop=0.25, weight_decay=0.001)
chameleon

Running with Pre-trained MLP Regularization (lambda=0.01)...
Namespace(bn=True, cpu=False, data_dir='./data/', dataset='chameleon', device=0, display_step=100, dropout=0.7, epochs=200, gnn='gat', hidden_channels=256, jk=False, label_num_per_class=20, lambda_val=0.01, ln=False, local_layers=2, lr=0.01, metric='acc', mlp_epochs=500, mlp_reg=True, model='MPNN', model_dir='./model/', num_heads=1, pre_linear=False, pre_ln=False, rand_split=False, rand_split_class=False, reg_start_epoch=10, reg_update_freq=5, res=True, runs=10, save_model=False, seed=42, test_num=1000, train_prop=0.5, use_reg=True, valid_num=500, valid_prop=0.25, weight_decay=0.001)
chameleon

Running with Pre-trained MLP Regularization (lambda=0.05)...
Namespace(bn=True, cpu=False, data_dir='./data/', dataset='chameleon', device=0, display_step=100, dropout=0.7, epochs=200, gnn='gat', hidden_channels=256, jk=False, label_num_per_class=20, lambda_val=0.05, ln=False, local_layers=2, lr=0.01, metric='acc', mlp_epochs=500, mlp_reg=True, model='MPNN', model_dir='./model/', num_heads=1, pre_linear=False, pre_ln=False, rand_split=False, rand_split_class=False, reg_start_epoch=10, reg_update_freq=5, res=True, runs=10, save_model=False, seed=42, test_num=1000, train_prop=0.5, use_reg=True, valid_num=500, valid_prop=0.25, weight_decay=0.001)
chameleon

Running with Pre-trained MLP Regularization (lambda=0.1)...
Namespace(bn=True, cpu=False, data_dir='./data/', dataset='chameleon', device=0, display_step=100, dropout=0.7, epochs=200, gnn='gat', hidden_channels=256, jk=False, label_num_per_class=20, lambda_val=0.1, ln=False, local_layers=2, lr=0.01, metric='acc', mlp_epochs=500, mlp_reg=True, model='MPNN', model_dir='./model/', num_heads=1, pre_linear=False, pre_ln=False, rand_split=False, rand_split_class=False, reg_start_epoch=10, reg_update_freq=5, res=True, runs=10, save_model=False, seed=42, test_num=1000, train_prop=0.5, use_reg=True, valid_num=500, valid_prop=0.25, weight_decay=0.001)
chameleon

Running with Pre-trained MLP Regularization (lambda=0.5)...
Namespace(bn=True, cpu=False, data_dir='./data/', dataset='chameleon', device=0, display_step=100, dropout=0.7, epochs=200, gnn='gat', hidden_channels=256, jk=False, label_num_per_class=20, lambda_val=0.5, ln=False, local_layers=2, lr=0.01, metric='acc', mlp_epochs=500, mlp_reg=True, model='MPNN', model_dir='./model/', num_heads=1, pre_linear=False, pre_ln=False, rand_split=False, rand_split_class=False, reg_start_epoch=10, reg_update_freq=5, res=True, runs=10, save_model=False, seed=42, test_num=1000, train_prop=0.5, use_reg=True, valid_num=500, valid_prop=0.25, weight_decay=0.001)
chameleon

Running with Pre-trained MLP Regularization (lambda=1.0)...
Namespace(bn=True, cpu=False, data_dir='./data/', dataset='chameleon', device=0, display_step=100, dropout=0.7, epochs=200, gnn='gat', hidden_channels=256, jk=False, label_num_per_class=20, lambda_val=1.0, ln=False, local_layers=2, lr=0.01, metric='acc', mlp_epochs=500, mlp_reg=True, model='MPNN', model_dir='./model/', num_heads=1, pre_linear=False, pre_ln=False, rand_split=False, rand_split_class=False, reg_start_epoch=10, reg_update_freq=5, res=True, runs=10, save_model=False, seed=42, test_num=1000, train_prop=0.5, use_reg=True, valid_num=500, valid_prop=0.25, weight_decay=0.001)
chameleon

MLP Inference Sweep completed!
==========================================================
Sweep for chameleon completed at: Fri Apr 24 03:57:13 PM EDT 2026
==========================================================
