==========================================================
Heterophilic MLP-Reg GNN Sweep — Dataset: amazon-ratings
Array task: 0 / Job: 983325
Date: Fri Apr 24 03:55:17 PM EDT 2026 | Host: n0001
==========================================================
Fri Apr 24 15:55:23 2026       
+-----------------------------------------------------------------------------------------+
| NVIDIA-SMI 570.211.01             Driver Version: 570.211.01     CUDA Version: 12.8     |
|-----------------------------------------+------------------------+----------------------+
| GPU  Name                 Persistence-M | Bus-Id          Disp.A | Volatile Uncorr. ECC |
| Fan  Temp   Perf          Pwr:Usage/Cap |           Memory-Usage | GPU-Util  Compute M. |
|                                         |                        |               MIG M. |
|=========================================+========================+======================|
|   0  NVIDIA A100-SXM4-80GB          On  |   00000000:01:00.0 Off |                   On |
| N/A   28C    P0             52W /  500W |     185MiB /  81920MiB |     N/A      Default |
|                                         |                        |              Enabled |
+-----------------------------------------+------------------------+----------------------+
|   1  NVIDIA A100-SXM4-80GB          On  |   00000000:41:00.0 Off |                   On |
| N/A   39C    P0            198W /  500W |   31789MiB /  81920MiB |     N/A      Default |
|                                         |                        |              Enabled |
+-----------------------------------------+------------------------+----------------------+
|   2  NVIDIA A100-SXM4-80GB          On  |   00000000:81:00.0 Off |                   On |
| N/A   44C    P0            213W /  500W |   31789MiB /  81920MiB |     N/A      Default |
|                                         |                        |              Enabled |
+-----------------------------------------+------------------------+----------------------+
|   3  NVIDIA A100-SXM4-80GB          On  |   00000000:C1:00.0 Off |                   On |
| N/A   28C    P0             76W /  500W |     563MiB /  81920MiB |     N/A      Default |
|                                         |                        |              Enabled |
+-----------------------------------------+------------------------+----------------------+

+-----------------------------------------------------------------------------------------+
| MIG devices:                                                                            |
+------------------+----------------------------------+-----------+-----------------------+
| GPU  GI  CI  MIG |                     Memory-Usage |        Vol|        Shared         |
|      ID  ID  Dev |                       BAR1-Usage | SM     Unc| CE ENC  DEC  OFA  JPG |
|                  |                                  |        ECC|                       |
|==================+==================================+===========+=======================|
|  0   13   0   0  |              27MiB /  9728MiB    | 14      0 |  1   0    0    0    0 |
|                  |                 0MiB / 16383MiB  |           |                       |
+------------------+----------------------------------+-----------+-----------------------+
                                                                                         
+-----------------------------------------------------------------------------------------+
| Processes:                                                                              |
|  GPU   GI   CI              PID   Type   Process name                        GPU Memory |
|        ID   ID                                                               Usage      |
|=========================================================================================|
|    1    1    0            98798      C   ...hz54/envs/dist/bin/python3.10      31598MiB |
|    2    2    0            98799      C   ...hz54/envs/dist/bin/python3.10      31598MiB |
|    3    1    0           101016      C   ...conda3/envs/unimol/bin/python        372MiB |
+-----------------------------------------------------------------------------------------+
1.12.1
True
NVIDIA A100-SXM4-80GB MIG 1g.10gb
==========================================================
Starting MLP-Based Inference Sweep for Baseline Command:
python main.py --gnn gcn  --dataset amazon-ratings --hidden_channels 512 --epochs 2500 --lr 0.001 --runs 3 --local_layers 4  --weight_decay 0.0   --dropout 0.5 --device 0 --bn --res
==========================================================
Running Baseline (REG: False)...
Namespace(bn=True, cpu=False, data_dir='./data/', dataset='amazon-ratings', device=0, display_step=100, dropout=0.5, epochs=2500, gnn='gcn', hidden_channels=512, jk=False, label_num_per_class=20, lambda_val=0.5, ln=False, local_layers=4, lr=0.001, metric='acc', mlp_epochs=500, mlp_reg=False, model='MPNN', model_dir='./model/', num_heads=1, pre_linear=False, pre_ln=False, rand_split=False, rand_split_class=False, reg_start_epoch=10, reg_update_freq=5, res=True, runs=3, save_model=False, seed=42, test_num=1000, train_prop=0.5, use_reg=False, valid_num=500, valid_prop=0.25, weight_decay=0.0)
amazon-ratings
dataset amazon-ratings | num nodes 24492 | num edge 93050 | num node feats 300 | num classes 5
MODEL: MPNNs(
  (h_lins): ModuleList()
  (local_convs): ModuleList(
    (0): GCNConv(300, 512)
    (1): GCNConv(512, 512)
    (2): GCNConv(512, 512)
    (3): GCNConv(512, 512)
  )
  (lins): ModuleList(
    (0): Linear(in_features=300, out_features=512, bias=True)
    (1): Linear(in_features=512, out_features=512, bias=True)
    (2): Linear(in_features=512, out_features=512, bias=True)
    (3): Linear(in_features=512, out_features=512, bias=True)
  )
  (lns): ModuleList(
    (0): LayerNorm((512,), eps=1e-05, elementwise_affine=True)
    (1): LayerNorm((512,), eps=1e-05, elementwise_affine=True)
    (2): LayerNorm((512,), eps=1e-05, elementwise_affine=True)
    (3): LayerNorm((512,), eps=1e-05, elementwise_affine=True)
  )
  (bns): ModuleList(
    (0): BatchNorm1d(512, eps=1e-05, momentum=0.1, affine=True, track_running_stats=True)
    (1): BatchNorm1d(512, eps=1e-05, momentum=0.1, affine=True, track_running_stats=True)
    (2): BatchNorm1d(512, eps=1e-05, momentum=0.1, affine=True, track_running_stats=True)
    (3): BatchNorm1d(512, eps=1e-05, momentum=0.1, affine=True, track_running_stats=True)
  )
  (lin_in): Linear(in_features=300, out_features=512, bias=True)
  (pred_local): Linear(in_features=512, out_features=5, bias=True)
)
Epoch: 00, Loss: 1.8089, Train: 27.82%, Valid: 27.55%, Test: 27.65%, Best Valid: 27.55%, Best Test: 27.65%
Epoch: 100, Loss: 0.7962, Train: 73.40%, Valid: 47.46%, Test: 48.21%, Best Valid: 48.86%, Best Test: 48.82%
Epoch: 200, Loss: 0.4364, Train: 93.17%, Valid: 50.63%, Test: 50.84%, Best Valid: 51.90%, Best Test: 52.07%
Epoch: 300, Loss: 0.2485, Train: 98.51%, Valid: 51.49%, Test: 51.22%, Best Valid: 52.67%, Best Test: 52.31%
Epoch: 400, Loss: 0.1522, Train: 99.27%, Valid: 52.16%, Test: 51.72%, Best Valid: 52.67%, Best Test: 52.31%
Epoch: 500, Loss: 0.1112, Train: 99.58%, Valid: 51.33%, Test: 51.41%, Best Valid: 52.67%, Best Test: 52.31%
Epoch: 600, Loss: 0.0878, Train: 99.73%, Valid: 51.74%, Test: 52.47%, Best Valid: 52.80%, Best Test: 52.11%
Epoch: 700, Loss: 0.0657, Train: 99.76%, Valid: 51.51%, Test: 52.43%, Best Valid: 52.80%, Best Test: 52.11%
Epoch: 800, Loss: 0.0538, Train: 99.83%, Valid: 51.92%, Test: 52.00%, Best Valid: 52.80%, Best Test: 52.11%
Epoch: 900, Loss: 0.0449, Train: 99.84%, Valid: 52.20%, Test: 51.97%, Best Valid: 52.95%, Best Test: 52.57%
Epoch: 1000, Loss: 0.0365, Train: 99.92%, Valid: 52.33%, Test: 52.52%, Best Valid: 52.95%, Best Test: 52.57%
Epoch: 1100, Loss: 0.0342, Train: 99.92%, Valid: 52.16%, Test: 52.51%, Best Valid: 52.95%, Best Test: 52.57%
Epoch: 1200, Loss: 0.0287, Train: 99.89%, Valid: 52.51%, Test: 52.69%, Best Valid: 52.95%, Best Test: 52.57%
Epoch: 1300, Loss: 0.0289, Train: 99.93%, Valid: 52.51%, Test: 52.54%, Best Valid: 52.95%, Best Test: 52.57%
Epoch: 1400, Loss: 0.0272, Train: 99.94%, Valid: 52.29%, Test: 52.51%, Best Valid: 52.95%, Best Test: 52.57%
Epoch: 1500, Loss: 0.0199, Train: 99.96%, Valid: 52.26%, Test: 52.62%, Best Valid: 53.14%, Best Test: 52.70%
Epoch: 1600, Loss: 0.0212, Train: 99.96%, Valid: 52.21%, Test: 52.21%, Best Valid: 53.14%, Best Test: 52.70%
Epoch: 1700, Loss: 0.0188, Train: 99.97%, Valid: 51.82%, Test: 52.39%, Best Valid: 53.14%, Best Test: 52.70%
Epoch: 1800, Loss: 0.0234, Train: 99.98%, Valid: 52.39%, Test: 53.03%, Best Valid: 53.14%, Best Test: 52.70%
Epoch: 1900, Loss: 0.0180, Train: 99.96%, Valid: 52.47%, Test: 52.78%, Best Valid: 53.14%, Best Test: 52.70%
Epoch: 2000, Loss: 0.0143, Train: 99.98%, Valid: 53.05%, Test: 53.01%, Best Valid: 53.14%, Best Test: 52.70%
Epoch: 2100, Loss: 0.0139, Train: 99.98%, Valid: 53.09%, Test: 52.69%, Best Valid: 53.14%, Best Test: 52.70%
Epoch: 2200, Loss: 0.0135, Train: 99.98%, Valid: 52.25%, Test: 52.70%, Best Valid: 53.54%, Best Test: 52.92%
Epoch: 2300, Loss: 0.0141, Train: 99.98%, Valid: 52.49%, Test: 52.21%, Best Valid: 53.54%, Best Test: 52.92%
Epoch: 2400, Loss: 0.0142, Train: 99.98%, Valid: 52.93%, Test: 52.54%, Best Valid: 53.54%, Best Test: 52.92%
Run 01:
Highest Train: 99.98
Highest Valid: 53.54
Highest Test: 53.72
Chosen epoch: 2109
Final Train: 99.98
Final Test: 52.92
Epoch: 00, Loss: 1.6781, Train: 27.91%, Valid: 27.65%, Test: 27.49%, Best Valid: 27.65%, Best Test: 27.49%
Epoch: 100, Loss: 0.8096, Train: 72.66%, Valid: 47.12%, Test: 47.31%, Best Valid: 49.29%, Best Test: 49.62%
Epoch: 200, Loss: 0.4563, Train: 92.36%, Valid: 51.45%, Test: 51.76%, Best Valid: 51.85%, Best Test: 51.41%
Epoch: 300, Loss: 0.2443, Train: 98.69%, Valid: 51.87%, Test: 52.36%, Best Valid: 52.92%, Best Test: 52.80%
Epoch: 400, Loss: 0.1540, Train: 99.51%, Valid: 52.59%, Test: 52.85%, Best Valid: 53.18%, Best Test: 52.85%
Epoch: 500, Loss: 0.1109, Train: 99.73%, Valid: 52.62%, Test: 52.83%, Best Valid: 53.57%, Best Test: 53.06%
Epoch: 600, Loss: 0.0771, Train: 99.80%, Valid: 52.54%, Test: 53.00%, Best Valid: 54.01%, Best Test: 53.42%
Epoch: 700, Loss: 0.0658, Train: 99.83%, Valid: 53.34%, Test: 53.67%, Best Valid: 54.01%, Best Test: 53.42%
Epoch: 800, Loss: 0.0521, Train: 99.85%, Valid: 53.23%, Test: 53.47%, Best Valid: 54.01%, Best Test: 53.42%
Epoch: 900, Loss: 0.0438, Train: 99.87%, Valid: 52.85%, Test: 53.80%, Best Valid: 54.01%, Best Test: 53.42%
Epoch: 1000, Loss: 0.0397, Train: 99.89%, Valid: 53.08%, Test: 53.73%, Best Valid: 54.01%, Best Test: 53.42%
Epoch: 1100, Loss: 0.0340, Train: 99.90%, Valid: 52.82%, Test: 53.36%, Best Valid: 54.01%, Best Test: 53.42%
Epoch: 1200, Loss: 0.0321, Train: 99.93%, Valid: 52.93%, Test: 52.93%, Best Valid: 54.01%, Best Test: 53.42%
Epoch: 1300, Loss: 0.0284, Train: 99.94%, Valid: 53.01%, Test: 53.44%, Best Valid: 54.01%, Best Test: 53.42%
Epoch: 1400, Loss: 0.0249, Train: 99.97%, Valid: 53.63%, Test: 53.96%, Best Valid: 54.01%, Best Test: 53.42%
Epoch: 1500, Loss: 0.0242, Train: 99.97%, Valid: 53.29%, Test: 53.54%, Best Valid: 54.01%, Best Test: 53.42%
Epoch: 1600, Loss: 0.0234, Train: 99.96%, Valid: 53.29%, Test: 53.70%, Best Valid: 54.16%, Best Test: 54.45%
Epoch: 1700, Loss: 0.0220, Train: 99.96%, Valid: 53.98%, Test: 53.67%, Best Valid: 54.16%, Best Test: 54.45%
Epoch: 1800, Loss: 0.0175, Train: 99.97%, Valid: 53.34%, Test: 53.45%, Best Valid: 54.25%, Best Test: 53.90%
Epoch: 1900, Loss: 0.0163, Train: 99.98%, Valid: 53.29%, Test: 54.07%, Best Valid: 54.25%, Best Test: 53.90%
Epoch: 2000, Loss: 0.0182, Train: 99.98%, Valid: 53.75%, Test: 53.67%, Best Valid: 54.25%, Best Test: 53.90%
Epoch: 2100, Loss: 0.0147, Train: 99.98%, Valid: 53.44%, Test: 53.90%, Best Valid: 54.25%, Best Test: 53.90%
Epoch: 2200, Loss: 0.0134, Train: 99.97%, Valid: 53.90%, Test: 53.65%, Best Valid: 54.25%, Best Test: 53.90%
Epoch: 2300, Loss: 0.0169, Train: 99.98%, Valid: 54.01%, Test: 54.14%, Best Valid: 54.35%, Best Test: 54.11%
Epoch: 2400, Loss: 0.0150, Train: 99.98%, Valid: 53.63%, Test: 54.14%, Best Valid: 54.35%, Best Test: 54.11%
Run 02:
Highest Train: 99.98
Highest Valid: 54.35
Highest Test: 54.45
Chosen epoch: 2230
Final Train: 99.97
Final Test: 54.11
Epoch: 00, Loss: 1.7556, Train: 36.79%, Valid: 36.78%, Test: 36.80%, Best Valid: 36.78%, Best Test: 36.80%
Epoch: 100, Loss: 0.7980, Train: 72.95%, Valid: 47.56%, Test: 47.74%, Best Valid: 49.35%, Best Test: 48.93%
Epoch: 200, Loss: 0.4399, Train: 92.67%, Valid: 50.27%, Test: 50.48%, Best Valid: 52.29%, Best Test: 51.67%
Epoch: 300, Loss: 0.2463, Train: 98.46%, Valid: 52.23%, Test: 51.77%, Best Valid: 53.23%, Best Test: 52.43%
Epoch: 400, Loss: 0.1566, Train: 99.18%, Valid: 52.74%, Test: 52.29%, Best Valid: 53.34%, Best Test: 52.65%
Epoch: 500, Loss: 0.1160, Train: 99.57%, Valid: 53.16%, Test: 52.57%, Best Valid: 53.52%, Best Test: 53.31%
Epoch: 600, Loss: 0.0836, Train: 99.82%, Valid: 52.52%, Test: 52.47%, Best Valid: 53.57%, Best Test: 52.88%
Epoch: 700, Loss: 0.0633, Train: 99.85%, Valid: 52.78%, Test: 52.75%, Best Valid: 53.99%, Best Test: 53.16%
Epoch: 800, Loss: 0.0514, Train: 99.86%, Valid: 53.42%, Test: 53.24%, Best Valid: 53.99%, Best Test: 53.16%
Epoch: 900, Loss: 0.0440, Train: 99.89%, Valid: 52.90%, Test: 52.51%, Best Valid: 53.99%, Best Test: 53.16%
Epoch: 1000, Loss: 0.0361, Train: 99.91%, Valid: 52.80%, Test: 52.54%, Best Valid: 53.99%, Best Test: 53.16%
Epoch: 1100, Loss: 0.0396, Train: 99.93%, Valid: 52.90%, Test: 53.23%, Best Valid: 54.19%, Best Test: 52.65%
Epoch: 1200, Loss: 0.0315, Train: 99.93%, Valid: 53.23%, Test: 53.67%, Best Valid: 54.19%, Best Test: 52.65%
Epoch: 1300, Loss: 0.0294, Train: 99.96%, Valid: 52.93%, Test: 53.34%, Best Valid: 54.19%, Best Test: 52.65%
Epoch: 1400, Loss: 0.0244, Train: 99.96%, Valid: 52.60%, Test: 52.80%, Best Valid: 54.19%, Best Test: 52.65%
Epoch: 1500, Loss: 0.0217, Train: 99.96%, Valid: 53.42%, Test: 52.96%, Best Valid: 54.29%, Best Test: 53.34%
Epoch: 1600, Loss: 0.0239, Train: 99.97%, Valid: 53.24%, Test: 53.13%, Best Valid: 54.29%, Best Test: 53.34%
Epoch: 1700, Loss: 0.0208, Train: 99.98%, Valid: 53.08%, Test: 53.42%, Best Valid: 54.29%, Best Test: 53.34%
Epoch: 1800, Loss: 0.0205, Train: 99.98%, Valid: 53.44%, Test: 53.49%, Best Valid: 54.29%, Best Test: 53.34%
Epoch: 1900, Loss: 0.0155, Train: 99.98%, Valid: 53.36%, Test: 52.80%, Best Valid: 54.29%, Best Test: 53.34%
Epoch: 2000, Loss: 0.0179, Train: 99.98%, Valid: 53.50%, Test: 53.49%, Best Valid: 54.29%, Best Test: 53.34%
Epoch: 2100, Loss: 0.0161, Train: 99.98%, Valid: 53.75%, Test: 53.31%, Best Valid: 54.29%, Best Test: 53.34%
Epoch: 2200, Loss: 0.0144, Train: 99.98%, Valid: 53.93%, Test: 53.36%, Best Valid: 54.29%, Best Test: 53.34%
Epoch: 2300, Loss: 0.0155, Train: 99.98%, Valid: 53.75%, Test: 53.37%, Best Valid: 54.32%, Best Test: 53.36%
Epoch: 2400, Loss: 0.0136, Train: 99.98%, Valid: 53.86%, Test: 52.75%, Best Valid: 54.32%, Best Test: 53.36%
Run 03:
Highest Train: 99.99
Highest Valid: 54.32
Highest Test: 53.96
Chosen epoch: 2275
Final Train: 99.98
Final Test: 53.36
All runs:
Highest Train: 99.98 ± 0.01
Highest Test: 54.04 ± 0.37
Highest Valid: 54.07 ± 0.46
  Final Train: 99.98 ± 0.01
   Final Test: 53.46 ± 0.60
Saving results to results/amazon-ratings/MPNN_gcn.csv

Running with Pre-trained MLP Regularization (lambda=0.01)...
Namespace(bn=True, cpu=False, data_dir='./data/', dataset='amazon-ratings', device=0, display_step=100, dropout=0.5, epochs=2500, gnn='gcn', hidden_channels=512, jk=False, label_num_per_class=20, lambda_val=0.01, ln=False, local_layers=4, lr=0.001, metric='acc', mlp_epochs=500, mlp_reg=True, model='MPNN', model_dir='./model/', num_heads=1, pre_linear=False, pre_ln=False, rand_split=False, rand_split_class=False, reg_start_epoch=10, reg_update_freq=5, res=True, runs=3, save_model=False, seed=42, test_num=1000, train_prop=0.5, use_reg=True, valid_num=500, valid_prop=0.25, weight_decay=0.0)
amazon-ratings
dataset amazon-ratings | num nodes 24492 | num edge 93050 | num node feats 300 | num classes 5
MODEL: MPNNs(
  (h_lins): ModuleList()
  (local_convs): ModuleList(
    (0): GCNConv(300, 512)
    (1): GCNConv(512, 512)
    (2): GCNConv(512, 512)
    (3): GCNConv(512, 512)
  )
  (lins): ModuleList(
    (0): Linear(in_features=300, out_features=512, bias=True)
    (1): Linear(in_features=512, out_features=512, bias=True)
    (2): Linear(in_features=512, out_features=512, bias=True)
    (3): Linear(in_features=512, out_features=512, bias=True)
  )
  (lns): ModuleList(
    (0): LayerNorm((512,), eps=1e-05, elementwise_affine=True)
    (1): LayerNorm((512,), eps=1e-05, elementwise_affine=True)
    (2): LayerNorm((512,), eps=1e-05, elementwise_affine=True)
    (3): LayerNorm((512,), eps=1e-05, elementwise_affine=True)
  )
  (bns): ModuleList(
    (0): BatchNorm1d(512, eps=1e-05, momentum=0.1, affine=True, track_running_stats=True)
    (1): BatchNorm1d(512, eps=1e-05, momentum=0.1, affine=True, track_running_stats=True)
    (2): BatchNorm1d(512, eps=1e-05, momentum=0.1, affine=True, track_running_stats=True)
    (3): BatchNorm1d(512, eps=1e-05, momentum=0.1, affine=True, track_running_stats=True)
  )
  (lin_in): Linear(in_features=300, out_features=512, bias=True)
  (pred_local): Linear(in_features=512, out_features=5, bias=True)
)
Pre-training MLP for 500 epochs to generate co-occurrence matrix...
MLP pre-training complete. Penalty matrix frozen.
Epoch: 00, Loss: 1.8118, Train: 28.56%, Valid: 28.04%, Test: 28.30%, Best Valid: 28.04%, Best Test: 28.30%
Epoch: 100, Loss: 0.8021, Train: 74.27%, Valid: 49.06%, Test: 49.18%, Best Valid: 49.06%, Best Test: 49.18%
Epoch: 200, Loss: 0.4371, Train: 93.46%, Valid: 50.68%, Test: 51.31%, Best Valid: 51.64%, Best Test: 51.67%
Epoch: 300, Loss: 0.2396, Train: 98.15%, Valid: 51.27%, Test: 51.56%, Best Valid: 52.23%, Best Test: 52.67%
Epoch: 400, Loss: 0.1559, Train: 99.24%, Valid: 51.40%, Test: 50.94%, Best Valid: 52.74%, Best Test: 52.00%
Epoch: 500, Loss: 0.1209, Train: 99.61%, Valid: 53.06%, Test: 52.02%, Best Valid: 53.16%, Best Test: 51.97%
Epoch: 600, Loss: 0.0839, Train: 99.67%, Valid: 51.97%, Test: 51.74%, Best Valid: 53.16%, Best Test: 51.97%
Epoch: 700, Loss: 0.0668, Train: 99.78%, Valid: 52.52%, Test: 52.49%, Best Valid: 53.16%, Best Test: 51.97%
Epoch: 800, Loss: 0.0551, Train: 99.78%, Valid: 52.29%, Test: 52.39%, Best Valid: 53.32%, Best Test: 52.25%
Epoch: 900, Loss: 0.0492, Train: 99.85%, Valid: 52.47%, Test: 52.51%, Best Valid: 53.45%, Best Test: 52.85%
Epoch: 1000, Loss: 0.0370, Train: 99.85%, Valid: 52.90%, Test: 52.26%, Best Valid: 53.45%, Best Test: 52.85%
Epoch: 1100, Loss: 0.0337, Train: 99.86%, Valid: 52.25%, Test: 52.49%, Best Valid: 53.45%, Best Test: 52.85%
Epoch: 1200, Loss: 0.0333, Train: 99.89%, Valid: 52.39%, Test: 53.11%, Best Valid: 53.45%, Best Test: 52.85%
Epoch: 1300, Loss: 0.0307, Train: 99.92%, Valid: 52.77%, Test: 53.45%, Best Valid: 53.45%, Best Test: 52.85%
Epoch: 1400, Loss: 0.0274, Train: 99.93%, Valid: 53.19%, Test: 53.39%, Best Valid: 53.45%, Best Test: 52.85%
Epoch: 1500, Loss: 0.0256, Train: 99.93%, Valid: 52.49%, Test: 53.13%, Best Valid: 53.62%, Best Test: 53.23%
Epoch: 1600, Loss: 0.0206, Train: 99.94%, Valid: 52.78%, Test: 53.18%, Best Valid: 53.62%, Best Test: 53.23%
Epoch: 1700, Loss: 0.0193, Train: 99.94%, Valid: 53.14%, Test: 53.44%, Best Valid: 53.62%, Best Test: 53.23%
Epoch: 1800, Loss: 0.0202, Train: 99.97%, Valid: 52.62%, Test: 53.42%, Best Valid: 53.62%, Best Test: 53.23%
Epoch: 1900, Loss: 0.0196, Train: 99.98%, Valid: 52.92%, Test: 52.82%, Best Valid: 53.62%, Best Test: 53.23%
Epoch: 2000, Loss: 0.0182, Train: 99.96%, Valid: 53.37%, Test: 53.24%, Best Valid: 53.62%, Best Test: 53.23%
Epoch: 2100, Loss: 0.0211, Train: 99.97%, Valid: 52.69%, Test: 53.27%, Best Valid: 53.62%, Best Test: 53.23%
Epoch: 2200, Loss: 0.0143, Train: 99.98%, Valid: 53.19%, Test: 53.91%, Best Valid: 53.62%, Best Test: 53.23%
Epoch: 2300, Loss: 0.0152, Train: 99.98%, Valid: 53.26%, Test: 53.47%, Best Valid: 53.62%, Best Test: 53.23%
Epoch: 2400, Loss: 0.0127, Train: 99.98%, Valid: 53.36%, Test: 53.11%, Best Valid: 53.62%, Best Test: 53.23%
Run 01:
Highest Train: 99.98
Highest Valid: 53.76
Highest Test: 54.21
Chosen epoch: 2498
Final Train: 99.98
Final Test: 53.42
Pre-training MLP for 500 epochs to generate co-occurrence matrix...
MLP pre-training complete. Penalty matrix frozen.
Epoch: 00, Loss: 1.8207, Train: 26.83%, Valid: 26.75%, Test: 26.70%, Best Valid: 26.75%, Best Test: 26.70%
Epoch: 100, Loss: 0.8114, Train: 72.81%, Valid: 48.20%, Test: 48.83%, Best Valid: 50.01%, Best Test: 49.83%
Epoch: 200, Loss: 0.4449, Train: 93.63%, Valid: 52.05%, Test: 51.80%, Best Valid: 52.43%, Best Test: 51.36%
Epoch: 300, Loss: 0.2480, Train: 98.71%, Valid: 52.88%, Test: 52.33%, Best Valid: 53.42%, Best Test: 52.25%
Epoch: 400, Loss: 0.1558, Train: 99.31%, Valid: 53.19%, Test: 53.11%, Best Valid: 53.58%, Best Test: 53.13%
Epoch: 500, Loss: 0.1051, Train: 99.68%, Valid: 53.32%, Test: 53.11%, Best Valid: 54.04%, Best Test: 53.45%
Epoch: 600, Loss: 0.0810, Train: 99.74%, Valid: 53.68%, Test: 53.08%, Best Valid: 54.12%, Best Test: 53.50%
Epoch: 700, Loss: 0.0691, Train: 99.80%, Valid: 54.21%, Test: 53.72%, Best Valid: 54.39%, Best Test: 53.32%
Epoch: 800, Loss: 0.0521, Train: 99.84%, Valid: 53.83%, Test: 53.41%, Best Valid: 54.55%, Best Test: 53.81%
Epoch: 900, Loss: 0.0448, Train: 99.85%, Valid: 53.68%, Test: 53.31%, Best Valid: 54.55%, Best Test: 53.81%
Epoch: 1000, Loss: 0.0364, Train: 99.90%, Valid: 53.90%, Test: 53.21%, Best Valid: 54.55%, Best Test: 53.81%
Epoch: 1100, Loss: 0.0356, Train: 99.92%, Valid: 53.58%, Test: 53.19%, Best Valid: 54.55%, Best Test: 53.81%
Epoch: 1200, Loss: 0.0359, Train: 99.93%, Valid: 53.80%, Test: 53.23%, Best Valid: 54.55%, Best Test: 53.81%
Epoch: 1300, Loss: 0.0275, Train: 99.91%, Valid: 53.65%, Test: 53.72%, Best Valid: 54.79%, Best Test: 53.72%
Epoch: 1400, Loss: 0.0294, Train: 99.93%, Valid: 54.04%, Test: 53.55%, Best Valid: 54.79%, Best Test: 53.72%
Epoch: 1500, Loss: 0.0229, Train: 99.93%, Valid: 53.73%, Test: 53.32%, Best Valid: 54.79%, Best Test: 53.72%
Epoch: 1600, Loss: 0.0215, Train: 99.94%, Valid: 54.35%, Test: 53.54%, Best Valid: 54.79%, Best Test: 53.72%
Epoch: 1700, Loss: 0.0231, Train: 99.96%, Valid: 53.68%, Test: 53.67%, Best Valid: 54.79%, Best Test: 53.72%
Epoch: 1800, Loss: 0.0174, Train: 99.94%, Valid: 53.81%, Test: 53.80%, Best Valid: 54.79%, Best Test: 53.72%
Epoch: 1900, Loss: 0.0183, Train: 99.96%, Valid: 53.99%, Test: 53.78%, Best Valid: 54.79%, Best Test: 53.72%
Epoch: 2000, Loss: 0.0164, Train: 99.97%, Valid: 53.75%, Test: 53.06%, Best Valid: 54.79%, Best Test: 53.72%
Epoch: 2100, Loss: 0.0168, Train: 99.98%, Valid: 53.90%, Test: 53.45%, Best Valid: 54.79%, Best Test: 53.72%
Epoch: 2200, Loss: 0.0162, Train: 99.98%, Valid: 54.48%, Test: 53.63%, Best Valid: 54.79%, Best Test: 53.72%
Epoch: 2300, Loss: 0.0151, Train: 99.98%, Valid: 53.73%, Test: 53.31%, Best Valid: 54.79%, Best Test: 53.72%
Epoch: 2400, Loss: 0.0144, Train: 99.97%, Valid: 54.37%, Test: 53.91%, Best Valid: 54.79%, Best Test: 53.72%
Run 02:
Highest Train: 99.98
Highest Valid: 54.79
Highest Test: 54.32
Chosen epoch: 1243
Final Train: 99.93
Final Test: 53.72
Pre-training MLP for 500 epochs to generate co-occurrence matrix...
MLP pre-training complete. Penalty matrix frozen.
Epoch: 00, Loss: 1.7414, Train: 26.78%, Valid: 26.78%, Test: 26.78%, Best Valid: 26.78%, Best Test: 26.78%
Epoch: 100, Loss: 0.8068, Train: 72.48%, Valid: 49.11%, Test: 49.81%, Best Valid: 49.27%, Best Test: 49.27%
Epoch: 200, Loss: 0.4460, Train: 92.89%, Valid: 50.27%, Test: 50.89%, Best Valid: 51.97%, Best Test: 51.74%
Epoch: 300, Loss: 0.2543, Train: 98.33%, Valid: 52.57%, Test: 52.44%, Best Valid: 52.98%, Best Test: 52.59%
Epoch: 400, Loss: 0.1622, Train: 99.31%, Valid: 52.44%, Test: 52.75%, Best Valid: 53.73%, Best Test: 53.11%
Epoch: 500, Loss: 0.1091, Train: 99.58%, Valid: 53.47%, Test: 53.58%, Best Valid: 53.73%, Best Test: 53.11%
Epoch: 600, Loss: 0.0852, Train: 99.73%, Valid: 53.13%, Test: 52.92%, Best Valid: 53.76%, Best Test: 53.01%
Epoch: 700, Loss: 0.0701, Train: 99.86%, Valid: 53.16%, Test: 53.39%, Best Valid: 53.81%, Best Test: 53.31%
Epoch: 800, Loss: 0.0519, Train: 99.87%, Valid: 52.92%, Test: 53.36%, Best Valid: 53.81%, Best Test: 53.31%
Epoch: 900, Loss: 0.0453, Train: 99.88%, Valid: 53.62%, Test: 53.14%, Best Valid: 53.85%, Best Test: 53.50%
Epoch: 1000, Loss: 0.0382, Train: 99.88%, Valid: 53.37%, Test: 53.21%, Best Valid: 53.98%, Best Test: 52.69%
Epoch: 1100, Loss: 0.0349, Train: 99.93%, Valid: 53.65%, Test: 52.92%, Best Valid: 53.98%, Best Test: 52.69%
Epoch: 1200, Loss: 0.0288, Train: 99.91%, Valid: 53.57%, Test: 53.11%, Best Valid: 53.98%, Best Test: 52.69%
Epoch: 1300, Loss: 0.0261, Train: 99.93%, Valid: 53.08%, Test: 53.44%, Best Valid: 54.11%, Best Test: 53.24%
Epoch: 1400, Loss: 0.0300, Train: 99.96%, Valid: 53.63%, Test: 53.42%, Best Valid: 54.11%, Best Test: 53.24%
Epoch: 1500, Loss: 0.0243, Train: 99.96%, Valid: 53.26%, Test: 53.14%, Best Valid: 54.14%, Best Test: 53.05%
Epoch: 1600, Loss: 0.0230, Train: 99.96%, Valid: 53.23%, Test: 53.27%, Best Valid: 54.14%, Best Test: 53.05%
Epoch: 1700, Loss: 0.0197, Train: 99.98%, Valid: 53.36%, Test: 53.67%, Best Valid: 54.14%, Best Test: 53.05%
Epoch: 1800, Loss: 0.0163, Train: 99.95%, Valid: 53.45%, Test: 53.68%, Best Valid: 54.14%, Best Test: 53.05%
Epoch: 1900, Loss: 0.0176, Train: 99.98%, Valid: 53.47%, Test: 53.08%, Best Valid: 54.14%, Best Test: 53.05%
Epoch: 2000, Loss: 0.0185, Train: 99.98%, Valid: 53.21%, Test: 52.96%, Best Valid: 54.14%, Best Test: 53.05%
Epoch: 2100, Loss: 0.0144, Train: 99.98%, Valid: 53.76%, Test: 53.70%, Best Valid: 54.14%, Best Test: 53.05%
Epoch: 2200, Loss: 0.0151, Train: 99.98%, Valid: 53.90%, Test: 53.18%, Best Valid: 54.19%, Best Test: 53.42%
Epoch: 2300, Loss: 0.0175, Train: 99.98%, Valid: 53.93%, Test: 53.41%, Best Valid: 54.34%, Best Test: 53.76%
Epoch: 2400, Loss: 0.0149, Train: 99.98%, Valid: 53.49%, Test: 53.19%, Best Valid: 54.34%, Best Test: 53.76%
Run 03:
Highest Train: 99.99
Highest Valid: 54.34
Highest Test: 54.12
Chosen epoch: 2258
Final Train: 99.98
Final Test: 53.76
All runs:
Highest Train: 99.99 ± 0.00
Highest Test: 54.22 ± 0.10
Highest Valid: 54.30 ± 0.52
  Final Train: 99.96 ± 0.03
   Final Test: 53.63 ± 0.19
Saving results to results/amazon-ratings/MPNN_gcn.csv

Running with Pre-trained MLP Regularization (lambda=0.05)...
Namespace(bn=True, cpu=False, data_dir='./data/', dataset='amazon-ratings', device=0, display_step=100, dropout=0.5, epochs=2500, gnn='gcn', hidden_channels=512, jk=False, label_num_per_class=20, lambda_val=0.05, ln=False, local_layers=4, lr=0.001, metric='acc', mlp_epochs=500, mlp_reg=True, model='MPNN', model_dir='./model/', num_heads=1, pre_linear=False, pre_ln=False, rand_split=False, rand_split_class=False, reg_start_epoch=10, reg_update_freq=5, res=True, runs=3, save_model=False, seed=42, test_num=1000, train_prop=0.5, use_reg=True, valid_num=500, valid_prop=0.25, weight_decay=0.0)
amazon-ratings
dataset amazon-ratings | num nodes 24492 | num edge 93050 | num node feats 300 | num classes 5
MODEL: MPNNs(
  (h_lins): ModuleList()
  (local_convs): ModuleList(
    (0): GCNConv(300, 512)
    (1): GCNConv(512, 512)
    (2): GCNConv(512, 512)
    (3): GCNConv(512, 512)
  )
  (lins): ModuleList(
    (0): Linear(in_features=300, out_features=512, bias=True)
    (1): Linear(in_features=512, out_features=512, bias=True)
    (2): Linear(in_features=512, out_features=512, bias=True)
    (3): Linear(in_features=512, out_features=512, bias=True)
  )
  (lns): ModuleList(
    (0): LayerNorm((512,), eps=1e-05, elementwise_affine=True)
    (1): LayerNorm((512,), eps=1e-05, elementwise_affine=True)
    (2): LayerNorm((512,), eps=1e-05, elementwise_affine=True)
    (3): LayerNorm((512,), eps=1e-05, elementwise_affine=True)
  )
  (bns): ModuleList(
    (0): BatchNorm1d(512, eps=1e-05, momentum=0.1, affine=True, track_running_stats=True)
    (1): BatchNorm1d(512, eps=1e-05, momentum=0.1, affine=True, track_running_stats=True)
    (2): BatchNorm1d(512, eps=1e-05, momentum=0.1, affine=True, track_running_stats=True)
    (3): BatchNorm1d(512, eps=1e-05, momentum=0.1, affine=True, track_running_stats=True)
  )
  (lin_in): Linear(in_features=300, out_features=512, bias=True)
  (pred_local): Linear(in_features=512, out_features=5, bias=True)
)
Pre-training MLP for 500 epochs to generate co-occurrence matrix...
MLP pre-training complete. Penalty matrix frozen.
Epoch: 00, Loss: 1.8836, Train: 28.32%, Valid: 27.81%, Test: 28.19%, Best Valid: 27.81%, Best Test: 28.19%
Epoch: 100, Loss: 0.8356, Train: 74.10%, Valid: 49.32%, Test: 49.42%, Best Valid: 49.32%, Best Test: 49.42%
Epoch: 200, Loss: 0.4590, Train: 93.53%, Valid: 50.94%, Test: 51.30%, Best Valid: 51.95%, Best Test: 51.97%
Epoch: 300, Loss: 0.2500, Train: 98.08%, Valid: 52.02%, Test: 52.07%, Best Valid: 52.10%, Best Test: 52.07%
Epoch: 400, Loss: 0.1628, Train: 99.27%, Valid: 51.25%, Test: 51.25%, Best Valid: 52.78%, Best Test: 52.70%
Epoch: 500, Loss: 0.1289, Train: 99.58%, Valid: 52.77%, Test: 52.67%, Best Valid: 53.06%, Best Test: 52.47%
Epoch: 600, Loss: 0.0897, Train: 99.76%, Valid: 52.62%, Test: 52.20%, Best Valid: 53.08%, Best Test: 52.92%
Epoch: 700, Loss: 0.0684, Train: 99.76%, Valid: 52.56%, Test: 52.75%, Best Valid: 53.19%, Best Test: 52.98%
Epoch: 800, Loss: 0.0597, Train: 99.82%, Valid: 52.26%, Test: 52.15%, Best Valid: 53.19%, Best Test: 52.98%
Epoch: 900, Loss: 0.0493, Train: 99.84%, Valid: 52.56%, Test: 52.72%, Best Valid: 53.19%, Best Test: 52.98%
Epoch: 1000, Loss: 0.0412, Train: 99.87%, Valid: 52.65%, Test: 52.87%, Best Valid: 53.27%, Best Test: 53.08%
Epoch: 1100, Loss: 0.0387, Train: 99.89%, Valid: 52.28%, Test: 52.90%, Best Valid: 53.49%, Best Test: 52.96%
Epoch: 1200, Loss: 0.0383, Train: 99.93%, Valid: 52.78%, Test: 53.18%, Best Valid: 53.58%, Best Test: 53.49%
Epoch: 1300, Loss: 0.0316, Train: 99.93%, Valid: 52.78%, Test: 53.42%, Best Valid: 53.58%, Best Test: 53.49%
Epoch: 1400, Loss: 0.0261, Train: 99.92%, Valid: 52.78%, Test: 53.11%, Best Valid: 53.58%, Best Test: 53.49%
Epoch: 1500, Loss: 0.0265, Train: 99.95%, Valid: 53.41%, Test: 53.47%, Best Valid: 53.58%, Best Test: 53.49%
Epoch: 1600, Loss: 0.0198, Train: 99.98%, Valid: 53.29%, Test: 53.39%, Best Valid: 53.78%, Best Test: 53.47%
Epoch: 1700, Loss: 0.0210, Train: 99.97%, Valid: 53.23%, Test: 53.47%, Best Valid: 53.91%, Best Test: 53.54%
Epoch: 1800, Loss: 0.0185, Train: 99.98%, Valid: 52.95%, Test: 53.37%, Best Valid: 53.91%, Best Test: 53.54%
Epoch: 1900, Loss: 0.0196, Train: 99.98%, Valid: 53.21%, Test: 53.42%, Best Valid: 53.91%, Best Test: 53.54%
Epoch: 2000, Loss: 0.0207, Train: 99.98%, Valid: 53.03%, Test: 53.70%, Best Valid: 53.91%, Best Test: 53.54%
Epoch: 2100, Loss: 0.0179, Train: 99.98%, Valid: 52.83%, Test: 53.27%, Best Valid: 53.91%, Best Test: 53.54%
Epoch: 2200, Loss: 0.0180, Train: 99.98%, Valid: 52.60%, Test: 53.55%, Best Valid: 53.91%, Best Test: 53.54%
Epoch: 2300, Loss: 0.0153, Train: 99.98%, Valid: 52.83%, Test: 53.27%, Best Valid: 53.91%, Best Test: 53.54%
Epoch: 2400, Loss: 0.0147, Train: 99.98%, Valid: 52.74%, Test: 53.24%, Best Valid: 53.91%, Best Test: 53.54%
Run 01:
Highest Train: 99.98
Highest Valid: 53.91
Highest Test: 54.01
Chosen epoch: 1610
Final Train: 99.97
Final Test: 53.54
Pre-training MLP for 500 epochs to generate co-occurrence matrix...
MLP pre-training complete. Penalty matrix frozen.
Epoch: 00, Loss: 1.8928, Train: 26.85%, Valid: 26.72%, Test: 26.69%, Best Valid: 26.72%, Best Test: 26.69%
Epoch: 100, Loss: 0.8442, Train: 72.29%, Valid: 48.24%, Test: 48.78%, Best Valid: 49.50%, Best Test: 49.68%
Epoch: 200, Loss: 0.4631, Train: 93.98%, Valid: 52.00%, Test: 51.51%, Best Valid: 52.59%, Best Test: 51.77%
Epoch: 300, Loss: 0.2555, Train: 98.64%, Valid: 53.18%, Test: 52.57%, Best Valid: 53.49%, Best Test: 53.29%
Epoch: 400, Loss: 0.1641, Train: 99.39%, Valid: 53.09%, Test: 53.06%, Best Valid: 53.54%, Best Test: 53.18%
Epoch: 500, Loss: 0.1037, Train: 99.64%, Valid: 53.08%, Test: 52.60%, Best Valid: 53.91%, Best Test: 53.60%
Epoch: 600, Loss: 0.0897, Train: 99.78%, Valid: 53.67%, Test: 53.13%, Best Valid: 54.11%, Best Test: 53.39%
Epoch: 700, Loss: 0.0692, Train: 99.82%, Valid: 53.85%, Test: 53.21%, Best Valid: 54.34%, Best Test: 53.37%
Epoch: 800, Loss: 0.0552, Train: 99.85%, Valid: 53.65%, Test: 52.98%, Best Valid: 54.40%, Best Test: 53.52%
Epoch: 900, Loss: 0.0436, Train: 99.84%, Valid: 53.67%, Test: 53.26%, Best Valid: 54.40%, Best Test: 53.52%
Epoch: 1000, Loss: 0.0419, Train: 99.89%, Valid: 53.63%, Test: 53.24%, Best Valid: 54.52%, Best Test: 53.49%
Epoch: 1100, Loss: 0.0364, Train: 99.92%, Valid: 53.58%, Test: 53.16%, Best Valid: 54.52%, Best Test: 53.49%
Epoch: 1200, Loss: 0.0360, Train: 99.91%, Valid: 53.99%, Test: 53.32%, Best Valid: 54.52%, Best Test: 53.49%
Epoch: 1300, Loss: 0.0314, Train: 99.90%, Valid: 53.26%, Test: 53.27%, Best Valid: 54.52%, Best Test: 53.49%
Epoch: 1400, Loss: 0.0284, Train: 99.94%, Valid: 53.94%, Test: 53.88%, Best Valid: 54.52%, Best Test: 53.49%
Epoch: 1500, Loss: 0.0224, Train: 99.91%, Valid: 53.44%, Test: 53.55%, Best Valid: 54.52%, Best Test: 53.49%
Epoch: 1600, Loss: 0.0226, Train: 99.93%, Valid: 54.09%, Test: 53.58%, Best Valid: 54.52%, Best Test: 53.49%
Epoch: 1700, Loss: 0.0228, Train: 99.96%, Valid: 54.06%, Test: 53.83%, Best Valid: 54.53%, Best Test: 53.93%
Epoch: 1800, Loss: 0.0195, Train: 99.96%, Valid: 53.83%, Test: 54.21%, Best Valid: 54.53%, Best Test: 53.93%
Epoch: 1900, Loss: 0.0195, Train: 99.95%, Valid: 54.11%, Test: 53.91%, Best Valid: 54.53%, Best Test: 53.93%
Epoch: 2000, Loss: 0.0202, Train: 99.97%, Valid: 53.91%, Test: 53.83%, Best Valid: 54.63%, Best Test: 53.60%
Epoch: 2100, Loss: 0.0176, Train: 99.98%, Valid: 54.16%, Test: 53.55%, Best Valid: 54.63%, Best Test: 53.60%
Epoch: 2200, Loss: 0.0172, Train: 99.97%, Valid: 53.60%, Test: 53.86%, Best Valid: 54.63%, Best Test: 53.60%
Epoch: 2300, Loss: 0.0150, Train: 99.98%, Valid: 54.03%, Test: 53.49%, Best Valid: 54.63%, Best Test: 53.60%
Epoch: 2400, Loss: 0.0144, Train: 99.98%, Valid: 53.72%, Test: 53.90%, Best Valid: 54.63%, Best Test: 53.60%
Run 02:
Highest Train: 99.98
Highest Valid: 54.63
Highest Test: 54.39
Chosen epoch: 1960
Final Train: 99.97
Final Test: 53.60
Pre-training MLP for 500 epochs to generate co-occurrence matrix...
MLP pre-training complete. Penalty matrix frozen.
Epoch: 00, Loss: 1.8103, Train: 26.78%, Valid: 26.78%, Test: 26.78%, Best Valid: 26.78%, Best Test: 26.78%
Epoch: 100, Loss: 0.8422, Train: 72.05%, Valid: 49.49%, Test: 49.96%, Best Valid: 49.58%, Best Test: 49.44%
Epoch: 200, Loss: 0.4672, Train: 92.39%, Valid: 50.32%, Test: 50.61%, Best Valid: 51.85%, Best Test: 51.51%
Epoch: 300, Loss: 0.2673, Train: 98.41%, Valid: 52.60%, Test: 52.54%, Best Valid: 53.31%, Best Test: 52.82%
Epoch: 400, Loss: 0.1681, Train: 99.31%, Valid: 52.31%, Test: 52.51%, Best Valid: 53.67%, Best Test: 53.06%
Epoch: 500, Loss: 0.1141, Train: 99.57%, Valid: 53.65%, Test: 53.68%, Best Valid: 53.93%, Best Test: 53.16%
Epoch: 600, Loss: 0.0894, Train: 99.73%, Valid: 53.47%, Test: 53.44%, Best Valid: 54.06%, Best Test: 53.50%
Epoch: 700, Loss: 0.0698, Train: 99.82%, Valid: 53.36%, Test: 53.42%, Best Valid: 54.06%, Best Test: 53.50%
Epoch: 800, Loss: 0.0586, Train: 99.84%, Valid: 52.93%, Test: 53.27%, Best Valid: 54.06%, Best Test: 53.50%
Epoch: 900, Loss: 0.0454, Train: 99.86%, Valid: 53.50%, Test: 53.58%, Best Valid: 54.06%, Best Test: 53.50%
Epoch: 1000, Loss: 0.0381, Train: 99.90%, Valid: 53.47%, Test: 53.36%, Best Valid: 54.06%, Best Test: 53.50%
Epoch: 1100, Loss: 0.0352, Train: 99.93%, Valid: 52.78%, Test: 53.27%, Best Valid: 54.06%, Best Test: 53.50%
Epoch: 1200, Loss: 0.0316, Train: 99.94%, Valid: 53.57%, Test: 53.23%, Best Valid: 54.06%, Best Test: 53.50%
Epoch: 1300, Loss: 0.0282, Train: 99.91%, Valid: 52.83%, Test: 53.47%, Best Valid: 54.06%, Best Test: 53.50%
Epoch: 1400, Loss: 0.0271, Train: 99.95%, Valid: 52.90%, Test: 53.27%, Best Valid: 54.06%, Best Test: 53.50%
Epoch: 1500, Loss: 0.0284, Train: 99.96%, Valid: 53.21%, Test: 53.60%, Best Valid: 54.06%, Best Test: 53.50%
Epoch: 1600, Loss: 0.0237, Train: 99.96%, Valid: 52.67%, Test: 53.45%, Best Valid: 54.06%, Best Test: 53.50%
Epoch: 1700, Loss: 0.0225, Train: 99.96%, Valid: 54.30%, Test: 53.90%, Best Valid: 54.30%, Best Test: 53.90%
Epoch: 1800, Loss: 0.0169, Train: 99.98%, Valid: 53.42%, Test: 53.68%, Best Valid: 54.30%, Best Test: 53.90%
Epoch: 1900, Loss: 0.0193, Train: 99.98%, Valid: 53.65%, Test: 53.67%, Best Valid: 54.30%, Best Test: 53.90%
Epoch: 2000, Loss: 0.0175, Train: 99.98%, Valid: 53.27%, Test: 53.90%, Best Valid: 54.30%, Best Test: 53.90%
Epoch: 2100, Loss: 0.0141, Train: 99.97%, Valid: 53.58%, Test: 53.73%, Best Valid: 54.30%, Best Test: 53.90%
Epoch: 2200, Loss: 0.0155, Train: 99.98%, Valid: 53.83%, Test: 53.54%, Best Valid: 54.30%, Best Test: 53.90%
Epoch: 2300, Loss: 0.0152, Train: 99.98%, Valid: 53.96%, Test: 53.42%, Best Valid: 54.30%, Best Test: 53.90%
Epoch: 2400, Loss: 0.0142, Train: 99.98%, Valid: 53.31%, Test: 53.72%, Best Valid: 54.30%, Best Test: 53.90%
Run 03:
Highest Train: 99.99
Highest Valid: 54.30
Highest Test: 54.37
Chosen epoch: 1700
Final Train: 99.96
Final Test: 53.90
All runs:
Highest Train: 99.99 ± 0.00
Highest Test: 54.25 ± 0.21
Highest Valid: 54.28 ± 0.36
  Final Train: 99.96 ± 0.00
   Final Test: 53.68 ± 0.19
Saving results to results/amazon-ratings/MPNN_gcn.csv

Running with Pre-trained MLP Regularization (lambda=0.1)...
Namespace(bn=True, cpu=False, data_dir='./data/', dataset='amazon-ratings', device=0, display_step=100, dropout=0.5, epochs=2500, gnn='gcn', hidden_channels=512, jk=False, label_num_per_class=20, lambda_val=0.1, ln=False, local_layers=4, lr=0.001, metric='acc', mlp_epochs=500, mlp_reg=True, model='MPNN', model_dir='./model/', num_heads=1, pre_linear=False, pre_ln=False, rand_split=False, rand_split_class=False, reg_start_epoch=10, reg_update_freq=5, res=True, runs=3, save_model=False, seed=42, test_num=1000, train_prop=0.5, use_reg=True, valid_num=500, valid_prop=0.25, weight_decay=0.0)
amazon-ratings
dataset amazon-ratings | num nodes 24492 | num edge 93050 | num node feats 300 | num classes 5
MODEL: MPNNs(
  (h_lins): ModuleList()
  (local_convs): ModuleList(
    (0): GCNConv(300, 512)
    (1): GCNConv(512, 512)
    (2): GCNConv(512, 512)
    (3): GCNConv(512, 512)
  )
  (lins): ModuleList(
    (0): Linear(in_features=300, out_features=512, bias=True)
    (1): Linear(in_features=512, out_features=512, bias=True)
    (2): Linear(in_features=512, out_features=512, bias=True)
    (3): Linear(in_features=512, out_features=512, bias=True)
  )
  (lns): ModuleList(
    (0): LayerNorm((512,), eps=1e-05, elementwise_affine=True)
    (1): LayerNorm((512,), eps=1e-05, elementwise_affine=True)
    (2): LayerNorm((512,), eps=1e-05, elementwise_affine=True)
    (3): LayerNorm((512,), eps=1e-05, elementwise_affine=True)
  )
  (bns): ModuleList(
    (0): BatchNorm1d(512, eps=1e-05, momentum=0.1, affine=True, track_running_stats=True)
    (1): BatchNorm1d(512, eps=1e-05, momentum=0.1, affine=True, track_running_stats=True)
    (2): BatchNorm1d(512, eps=1e-05, momentum=0.1, affine=True, track_running_stats=True)
    (3): BatchNorm1d(512, eps=1e-05, momentum=0.1, affine=True, track_running_stats=True)
  )
  (lin_in): Linear(in_features=300, out_features=512, bias=True)
  (pred_local): Linear(in_features=512, out_features=5, bias=True)
)
Pre-training MLP for 500 epochs to generate co-occurrence matrix...
MLP pre-training complete. Penalty matrix frozen.
Epoch: 00, Loss: 1.9732, Train: 27.80%, Valid: 27.49%, Test: 27.72%, Best Valid: 27.49%, Best Test: 27.72%
Epoch: 100, Loss: 0.8828, Train: 74.16%, Valid: 49.29%, Test: 49.18%, Best Valid: 49.42%, Best Test: 49.42%
Epoch: 200, Loss: 0.4905, Train: 93.43%, Valid: 50.89%, Test: 51.43%, Best Valid: 51.79%, Best Test: 52.34%
Epoch: 300, Loss: 0.2697, Train: 97.95%, Valid: 51.66%, Test: 52.03%, Best Valid: 52.33%, Best Test: 52.00%
Epoch: 400, Loss: 0.1692, Train: 99.20%, Valid: 51.09%, Test: 51.36%, Best Valid: 52.67%, Best Test: 52.60%
Epoch: 500, Loss: 0.1318, Train: 99.58%, Valid: 52.70%, Test: 52.56%, Best Valid: 53.13%, Best Test: 52.98%
Epoch: 600, Loss: 0.0950, Train: 99.72%, Valid: 52.31%, Test: 52.64%, Best Valid: 53.68%, Best Test: 53.32%
Epoch: 700, Loss: 0.0755, Train: 99.78%, Valid: 52.36%, Test: 52.67%, Best Valid: 53.68%, Best Test: 53.32%
Epoch: 800, Loss: 0.0604, Train: 99.85%, Valid: 52.93%, Test: 52.77%, Best Valid: 53.68%, Best Test: 53.32%
Epoch: 900, Loss: 0.0511, Train: 99.89%, Valid: 52.60%, Test: 53.27%, Best Valid: 53.68%, Best Test: 53.32%
Epoch: 1000, Loss: 0.0377, Train: 99.87%, Valid: 52.77%, Test: 52.93%, Best Valid: 53.68%, Best Test: 53.32%
Epoch: 1100, Loss: 0.0385, Train: 99.85%, Valid: 52.69%, Test: 52.87%, Best Valid: 53.68%, Best Test: 53.32%
Epoch: 1200, Loss: 0.0341, Train: 99.89%, Valid: 52.05%, Test: 52.69%, Best Valid: 53.68%, Best Test: 53.32%
Epoch: 1300, Loss: 0.0335, Train: 99.91%, Valid: 52.38%, Test: 52.77%, Best Valid: 53.68%, Best Test: 53.32%
Epoch: 1400, Loss: 0.0280, Train: 99.91%, Valid: 52.65%, Test: 53.03%, Best Valid: 53.68%, Best Test: 53.32%
Epoch: 1500, Loss: 0.0267, Train: 99.93%, Valid: 52.93%, Test: 53.55%, Best Valid: 53.68%, Best Test: 53.32%
Epoch: 1600, Loss: 0.0238, Train: 99.98%, Valid: 52.56%, Test: 52.96%, Best Valid: 53.68%, Best Test: 53.32%
Epoch: 1700, Loss: 0.0238, Train: 99.95%, Valid: 53.01%, Test: 53.34%, Best Valid: 53.68%, Best Test: 53.32%
Epoch: 1800, Loss: 0.0229, Train: 99.93%, Valid: 52.57%, Test: 52.60%, Best Valid: 53.68%, Best Test: 53.32%
Epoch: 1900, Loss: 0.0202, Train: 99.98%, Valid: 52.80%, Test: 53.39%, Best Valid: 53.68%, Best Test: 53.32%
Epoch: 2000, Loss: 0.0222, Train: 99.96%, Valid: 52.69%, Test: 53.14%, Best Valid: 53.68%, Best Test: 53.32%
Epoch: 2100, Loss: 0.0183, Train: 99.97%, Valid: 53.11%, Test: 53.27%, Best Valid: 53.68%, Best Test: 53.32%
Epoch: 2200, Loss: 0.0178, Train: 99.98%, Valid: 52.56%, Test: 53.26%, Best Valid: 53.68%, Best Test: 53.32%
Epoch: 2300, Loss: 0.0176, Train: 99.98%, Valid: 52.69%, Test: 53.01%, Best Valid: 53.68%, Best Test: 53.32%
Epoch: 2400, Loss: 0.0214, Train: 99.98%, Valid: 52.69%, Test: 53.67%, Best Valid: 53.68%, Best Test: 53.32%
Run 01:
Highest Train: 99.98
Highest Valid: 53.68
Highest Test: 54.16
Chosen epoch: 526
Final Train: 99.64
Final Test: 53.32
Pre-training MLP for 500 epochs to generate co-occurrence matrix...
MLP pre-training complete. Penalty matrix frozen.
Epoch: 00, Loss: 1.9829, Train: 26.83%, Valid: 26.75%, Test: 26.74%, Best Valid: 26.75%, Best Test: 26.74%
Epoch: 100, Loss: 0.8900, Train: 72.44%, Valid: 48.44%, Test: 49.42%, Best Valid: 49.58%, Best Test: 50.01%
Epoch: 200, Loss: 0.4882, Train: 93.46%, Valid: 52.54%, Test: 51.46%, Best Valid: 52.54%, Best Test: 51.46%
Epoch: 300, Loss: 0.2657, Train: 98.80%, Valid: 52.82%, Test: 52.70%, Best Valid: 53.32%, Best Test: 52.21%
Epoch: 400, Loss: 0.1717, Train: 99.35%, Valid: 53.18%, Test: 53.24%, Best Valid: 53.78%, Best Test: 53.34%
Epoch: 500, Loss: 0.1152, Train: 99.69%, Valid: 53.11%, Test: 52.85%, Best Valid: 53.98%, Best Test: 53.65%
Epoch: 600, Loss: 0.0884, Train: 99.77%, Valid: 54.07%, Test: 53.19%, Best Valid: 54.19%, Best Test: 53.49%
Epoch: 700, Loss: 0.0712, Train: 99.80%, Valid: 54.07%, Test: 53.09%, Best Valid: 54.34%, Best Test: 53.34%
Epoch: 800, Loss: 0.0583, Train: 99.85%, Valid: 53.49%, Test: 53.32%, Best Valid: 54.35%, Best Test: 53.65%
Epoch: 900, Loss: 0.0490, Train: 99.85%, Valid: 53.98%, Test: 53.41%, Best Valid: 54.58%, Best Test: 53.65%
Epoch: 1000, Loss: 0.0428, Train: 99.88%, Valid: 53.18%, Test: 52.64%, Best Valid: 54.58%, Best Test: 53.65%
Epoch: 1100, Loss: 0.0360, Train: 99.88%, Valid: 53.93%, Test: 53.27%, Best Valid: 54.58%, Best Test: 53.65%
Epoch: 1200, Loss: 0.0377, Train: 99.91%, Valid: 53.67%, Test: 53.23%, Best Valid: 54.61%, Best Test: 53.01%
Epoch: 1300, Loss: 0.0321, Train: 99.93%, Valid: 53.91%, Test: 53.54%, Best Valid: 54.61%, Best Test: 53.01%
Epoch: 1400, Loss: 0.0305, Train: 99.91%, Valid: 53.83%, Test: 53.24%, Best Valid: 54.61%, Best Test: 53.01%
Epoch: 1500, Loss: 0.0256, Train: 99.95%, Valid: 53.94%, Test: 53.21%, Best Valid: 54.61%, Best Test: 53.01%
Epoch: 1600, Loss: 0.0209, Train: 99.95%, Valid: 53.88%, Test: 53.21%, Best Valid: 54.61%, Best Test: 53.01%
Epoch: 1700, Loss: 0.0250, Train: 99.97%, Valid: 53.60%, Test: 53.18%, Best Valid: 54.61%, Best Test: 53.01%
Epoch: 1800, Loss: 0.0206, Train: 99.97%, Valid: 53.60%, Test: 53.39%, Best Valid: 54.61%, Best Test: 53.01%
Epoch: 1900, Loss: 0.0203, Train: 99.96%, Valid: 53.80%, Test: 53.41%, Best Valid: 54.61%, Best Test: 53.01%
Epoch: 2000, Loss: 0.0189, Train: 99.97%, Valid: 54.27%, Test: 53.37%, Best Valid: 54.61%, Best Test: 53.01%
Epoch: 2100, Loss: 0.0178, Train: 99.96%, Valid: 53.70%, Test: 53.23%, Best Valid: 54.61%, Best Test: 53.01%
Epoch: 2200, Loss: 0.0165, Train: 99.98%, Valid: 53.94%, Test: 52.82%, Best Valid: 54.61%, Best Test: 53.01%
Epoch: 2300, Loss: 0.0171, Train: 99.98%, Valid: 53.96%, Test: 53.18%, Best Valid: 54.61%, Best Test: 53.01%
Epoch: 2400, Loss: 0.0133, Train: 99.97%, Valid: 53.78%, Test: 53.42%, Best Valid: 54.61%, Best Test: 53.01%
Run 02:
Highest Train: 99.98
Highest Valid: 54.79
Highest Test: 54.22
Chosen epoch: 2493
Final Train: 99.97
Final Test: 53.19
Pre-training MLP for 500 epochs to generate co-occurrence matrix...
MLP pre-training complete. Penalty matrix frozen.
Epoch: 00, Loss: 1.8965, Train: 26.78%, Valid: 26.80%, Test: 26.78%, Best Valid: 26.80%, Best Test: 26.78%
Epoch: 100, Loss: 0.8873, Train: 72.58%, Valid: 49.45%, Test: 49.80%, Best Valid: 49.68%, Best Test: 49.24%
Epoch: 200, Loss: 0.4970, Train: 92.14%, Valid: 50.07%, Test: 50.06%, Best Valid: 52.03%, Best Test: 51.89%
Epoch: 300, Loss: 0.2812, Train: 98.19%, Valid: 52.41%, Test: 52.44%, Best Valid: 53.11%, Best Test: 52.05%
Epoch: 400, Loss: 0.1789, Train: 99.18%, Valid: 52.31%, Test: 52.62%, Best Valid: 53.60%, Best Test: 53.72%
Epoch: 500, Loss: 0.1208, Train: 99.55%, Valid: 53.83%, Test: 53.96%, Best Valid: 53.96%, Best Test: 53.58%
Epoch: 600, Loss: 0.0929, Train: 99.78%, Valid: 53.99%, Test: 53.55%, Best Valid: 54.25%, Best Test: 53.63%
Epoch: 700, Loss: 0.0723, Train: 99.84%, Valid: 53.63%, Test: 53.50%, Best Valid: 54.25%, Best Test: 53.63%
Epoch: 800, Loss: 0.0616, Train: 99.86%, Valid: 53.23%, Test: 53.44%, Best Valid: 54.25%, Best Test: 53.63%
Epoch: 900, Loss: 0.0492, Train: 99.89%, Valid: 53.94%, Test: 53.85%, Best Valid: 54.25%, Best Test: 53.63%
Epoch: 1000, Loss: 0.0434, Train: 99.91%, Valid: 53.81%, Test: 53.70%, Best Valid: 54.25%, Best Test: 53.63%
Epoch: 1100, Loss: 0.0377, Train: 99.91%, Valid: 52.96%, Test: 53.60%, Best Valid: 54.25%, Best Test: 53.63%
Epoch: 1200, Loss: 0.0338, Train: 99.93%, Valid: 53.47%, Test: 53.42%, Best Valid: 54.35%, Best Test: 53.29%
Epoch: 1300, Loss: 0.0290, Train: 99.93%, Valid: 53.06%, Test: 53.55%, Best Valid: 54.48%, Best Test: 54.11%
Epoch: 1400, Loss: 0.0307, Train: 99.94%, Valid: 53.18%, Test: 53.91%, Best Valid: 54.48%, Best Test: 54.11%
Epoch: 1500, Loss: 0.0259, Train: 99.96%, Valid: 53.44%, Test: 53.58%, Best Valid: 54.48%, Best Test: 54.11%
Epoch: 1600, Loss: 0.0224, Train: 99.96%, Valid: 53.49%, Test: 53.85%, Best Valid: 54.48%, Best Test: 54.11%
Epoch: 1700, Loss: 0.0247, Train: 99.96%, Valid: 52.93%, Test: 53.13%, Best Valid: 54.48%, Best Test: 54.11%
Epoch: 1800, Loss: 0.0202, Train: 99.97%, Valid: 53.72%, Test: 53.76%, Best Valid: 54.48%, Best Test: 54.11%
Epoch: 1900, Loss: 0.0223, Train: 99.97%, Valid: 53.62%, Test: 53.93%, Best Valid: 54.48%, Best Test: 54.11%
Epoch: 2000, Loss: 0.0183, Train: 99.97%, Valid: 53.52%, Test: 53.31%, Best Valid: 54.48%, Best Test: 54.11%
Epoch: 2100, Loss: 0.0175, Train: 99.98%, Valid: 53.90%, Test: 53.68%, Best Valid: 54.48%, Best Test: 54.11%
Epoch: 2200, Loss: 0.0177, Train: 99.98%, Valid: 53.60%, Test: 53.58%, Best Valid: 54.48%, Best Test: 54.11%
Epoch: 2300, Loss: 0.0176, Train: 99.98%, Valid: 53.90%, Test: 53.76%, Best Valid: 54.48%, Best Test: 54.11%
Epoch: 2400, Loss: 0.0169, Train: 99.98%, Valid: 54.29%, Test: 53.98%, Best Valid: 54.48%, Best Test: 54.11%
Run 03:
Highest Train: 99.99
Highest Valid: 54.48
Highest Test: 54.58
Chosen epoch: 1267
Final Train: 99.98
Final Test: 54.11
All runs:
Highest Train: 99.99 ± 0.00
Highest Test: 54.32 ± 0.23
Highest Valid: 54.32 ± 0.57
  Final Train: 99.86 ± 0.19
   Final Test: 53.54 ± 0.49
Saving results to results/amazon-ratings/MPNN_gcn.csv

Running with Pre-trained MLP Regularization (lambda=0.5)...
