==========================================================
Heterophilic Small Lambda MLP-Reg Sweep — Dataset: chameleon
Array task: 5 / Job: 993397
Date: Sat Apr 25 08:37:51 PM EDT 2026 | Host: n0089
==========================================================
Sat Apr 25 20:38:01 2026       
+-----------------------------------------------------------------------------------------+
| NVIDIA-SMI 570.211.01             Driver Version: 570.211.01     CUDA Version: 12.8     |
|-----------------------------------------+------------------------+----------------------+
| GPU  Name                 Persistence-M | Bus-Id          Disp.A | Volatile Uncorr. ECC |
| Fan  Temp   Perf          Pwr:Usage/Cap |           Memory-Usage | GPU-Util  Compute M. |
|                                         |                        |               MIG M. |
|=========================================+========================+======================|
|   0  NVIDIA A100-SXM4-80GB          On  |   00000000:01:00.0 Off |                   On |
| N/A   26C    P0             52W /  500W |     185MiB /  81920MiB |     N/A      Default |
|                                         |                        |              Enabled |
+-----------------------------------------+------------------------+----------------------+
|   1  NVIDIA A100-SXM4-80GB          On  |   00000000:41:00.0 Off |                   On |
| N/A   25C    P0             48W /  500W |     185MiB /  81920MiB |     N/A      Default |
|                                         |                        |              Enabled |
+-----------------------------------------+------------------------+----------------------+
|   2  NVIDIA A100-SXM4-80GB          On  |   00000000:81:00.0 Off |                   On |
| N/A   34C    P0            109W /  500W |   11717MiB /  81920MiB |     N/A      Default |
|                                         |                        |              Enabled |
+-----------------------------------------+------------------------+----------------------+
|   3  NVIDIA A100-SXM4-80GB          On  |   00000000:C1:00.0 Off |                   On |
| N/A   25C    P0             51W /  500W |     185MiB /  81920MiB |     N/A      Default |
|                                         |                        |              Enabled |
+-----------------------------------------+------------------------+----------------------+

+-----------------------------------------------------------------------------------------+
| MIG devices:                                                                            |
+------------------+----------------------------------+-----------+-----------------------+
| GPU  GI  CI  MIG |                     Memory-Usage |        Vol|        Shared         |
|      ID  ID  Dev |                       BAR1-Usage | SM     Unc| CE ENC  DEC  OFA  JPG |
|                  |                                  |        ECC|                       |
|==================+==================================+===========+=======================|
|  1   10   0   0  |              27MiB /  9728MiB    | 14      0 |  1   0    0    0    0 |
|                  |                 0MiB / 16383MiB  |           |                       |
+------------------+----------------------------------+-----------+-----------------------+
                                                                                         
+-----------------------------------------------------------------------------------------+
| Processes:                                                                              |
|  GPU   GI   CI              PID   Type   Process name                        GPU Memory |
|        ID   ID                                                               Usage      |
|=========================================================================================|
|    2    2    0           556885      C   ...kt477/DS681/.conda/bin/python       6086MiB |
|    2    2    0           677115      C   ...kt477/DS681/.conda/bin/python       5438MiB |
+-----------------------------------------------------------------------------------------+
1.12.1
True
NVIDIA A100-SXM4-80GB MIG 1g.10gb
==========================================================
Starting Small Lambda MLP-Reg Sweep for:
python main.py --gnn gcn  --dataset chameleon --lr 0.005 --local_layers 5 --hidden_channels 512 --weight_decay 0.001 --dropout 0.2 --device 0 --runs 10 --epochs 200
==========================================================

Running with Pre-trained MLP Regularization (lambda=1e-4)...
Namespace(bn=False, cpu=False, data_dir='./data/', dataset='chameleon', device=0, display_step=100, dropout=0.2, epochs=200, gnn='gcn', hidden_channels=512, jk=False, label_num_per_class=20, lambda_val=0.0001, ln=False, local_layers=5, lr=0.005, metric='acc', mlp_epochs=500, mlp_reg=True, model='MPNN', model_dir='./model/', num_heads=1, pre_linear=False, pre_ln=False, rand_split=False, rand_split_class=False, reg_start_epoch=10, reg_update_freq=5, res=False, runs=10, save_model=False, seed=42, test_num=1000, train_prop=0.5, use_reg=True, valid_num=500, valid_prop=0.25, weight_decay=0.001)
chameleon
dataset chameleon | num nodes 890 | num edge 8854 | num node feats 2325 | num classes 5
MODEL: MPNNs(
  (h_lins): ModuleList()
  (local_convs): ModuleList(
    (0): GCNConv(2325, 512)
    (1): GCNConv(512, 512)
    (2): GCNConv(512, 512)
    (3): GCNConv(512, 512)
    (4): GCNConv(512, 512)
  )
  (lins): ModuleList(
    (0): Linear(in_features=2325, out_features=512, bias=True)
    (1): Linear(in_features=512, out_features=512, bias=True)
    (2): Linear(in_features=512, out_features=512, bias=True)
    (3): Linear(in_features=512, out_features=512, bias=True)
    (4): Linear(in_features=512, out_features=512, bias=True)
  )
  (lns): ModuleList(
    (0): LayerNorm((512,), eps=1e-05, elementwise_affine=True)
    (1): LayerNorm((512,), eps=1e-05, elementwise_affine=True)
    (2): LayerNorm((512,), eps=1e-05, elementwise_affine=True)
    (3): LayerNorm((512,), eps=1e-05, elementwise_affine=True)
    (4): LayerNorm((512,), eps=1e-05, elementwise_affine=True)
  )
  (bns): ModuleList(
    (0): BatchNorm1d(512, eps=1e-05, momentum=0.1, affine=True, track_running_stats=True)
    (1): BatchNorm1d(512, eps=1e-05, momentum=0.1, affine=True, track_running_stats=True)
    (2): BatchNorm1d(512, eps=1e-05, momentum=0.1, affine=True, track_running_stats=True)
    (3): BatchNorm1d(512, eps=1e-05, momentum=0.1, affine=True, track_running_stats=True)
    (4): BatchNorm1d(512, eps=1e-05, momentum=0.1, affine=True, track_running_stats=True)
  )
  (lin_in): Linear(in_features=2325, out_features=512, bias=True)
  (pred_local): Linear(in_features=512, out_features=5, bias=True)
)
Pre-training MLP for 500 epochs to generate co-occurrence matrix...
MLP pre-training complete. Penalty matrix frozen.
Epoch: 00, Loss: 1.6034, Train: 24.21%, Valid: 22.65%, Test: 23.20%, Best Valid: 22.65%, Best Test: 23.20%
Epoch: 100, Loss: 1.1151, Train: 54.28%, Valid: 43.21%, Test: 43.30%, Best Valid: 48.08%, Best Test: 42.78%
Run 01:
Highest Train: 64.55
Highest Valid: 48.08
Highest Test: 48.97
Chosen epoch: 30
Final Train: 50.61
Final Test: 42.78
Pre-training MLP for 500 epochs to generate co-occurrence matrix...
MLP pre-training complete. Penalty matrix frozen.
Epoch: 00, Loss: 1.6128, Train: 23.89%, Valid: 23.18%, Test: 22.98%, Best Valid: 23.18%, Best Test: 22.98%
Epoch: 100, Loss: 0.9855, Train: 59.25%, Valid: 38.74%, Test: 44.10%, Best Valid: 43.71%, Best Test: 43.48%
Run 02:
Highest Train: 62.76
Highest Valid: 43.71
Highest Test: 47.83
Chosen epoch: 79
Final Train: 60.42
Final Test: 43.48
Pre-training MLP for 500 epochs to generate co-occurrence matrix...
MLP pre-training complete. Penalty matrix frozen.
Epoch: 00, Loss: 1.6087, Train: 30.57%, Valid: 26.55%, Test: 22.47%, Best Valid: 26.55%, Best Test: 22.47%
Epoch: 100, Loss: 1.0101, Train: 59.24%, Valid: 46.90%, Test: 44.38%, Best Valid: 47.59%, Best Test: 38.76%
Run 03:
Highest Train: 65.64
Highest Valid: 50.69
Highest Test: 45.51
Chosen epoch: 129
Final Train: 60.19
Final Test: 38.76
Pre-training MLP for 500 epochs to generate co-occurrence matrix...
MLP pre-training complete. Penalty matrix frozen.
Epoch: 00, Loss: 1.6088, Train: 23.79%, Valid: 23.13%, Test: 23.37%, Best Valid: 23.13%, Best Test: 23.37%
Epoch: 100, Loss: 0.9568, Train: 60.92%, Valid: 44.56%, Test: 46.74%, Best Valid: 46.26%, Best Test: 46.20%
Run 04:
Highest Train: 67.72
Highest Valid: 46.26
Highest Test: 51.09
Chosen epoch: 30
Final Train: 47.57
Final Test: 46.20
Pre-training MLP for 500 epochs to generate co-occurrence matrix...
MLP pre-training complete. Penalty matrix frozen.
Epoch: 00, Loss: 1.6135, Train: 22.73%, Valid: 25.00%, Test: 20.33%, Best Valid: 25.00%, Best Test: 20.33%
Epoch: 100, Loss: 1.0172, Train: 56.36%, Valid: 43.28%, Test: 42.86%, Best Valid: 45.90%, Best Test: 46.15%
Run 05:
Highest Train: 63.86
Highest Valid: 45.90
Highest Test: 50.55
Chosen epoch: 74
Final Train: 52.50
Final Test: 46.15
Pre-training MLP for 500 epochs to generate co-occurrence matrix...
MLP pre-training complete. Penalty matrix frozen.
Epoch: 00, Loss: 1.6086, Train: 25.35%, Valid: 21.23%, Test: 22.56%, Best Valid: 21.23%, Best Test: 22.56%
Epoch: 100, Loss: 0.9982, Train: 55.30%, Valid: 43.15%, Test: 39.02%, Best Valid: 48.63%, Best Test: 36.59%
Run 06:
Highest Train: 66.13
Highest Valid: 48.63
Highest Test: 42.07
Chosen epoch: 66
Final Train: 57.14
Final Test: 36.59
Pre-training MLP for 500 epochs to generate co-occurrence matrix...
MLP pre-training complete. Penalty matrix frozen.
Epoch: 00, Loss: 1.6081, Train: 26.08%, Valid: 20.77%, Test: 21.81%, Best Valid: 20.77%, Best Test: 21.81%
Epoch: 100, Loss: 0.9892, Train: 60.29%, Valid: 38.73%, Test: 46.81%, Best Valid: 41.20%, Best Test: 48.94%
Run 07:
Highest Train: 71.53
Highest Valid: 41.55
Highest Test: 52.13
Chosen epoch: 153
Final Train: 64.83
Final Test: 48.40
Pre-training MLP for 500 epochs to generate co-occurrence matrix...
MLP pre-training complete. Penalty matrix frozen.
Epoch: 00, Loss: 1.6130, Train: 28.74%, Valid: 26.13%, Test: 23.27%, Best Valid: 26.13%, Best Test: 23.27%
Epoch: 100, Loss: 0.9624, Train: 62.95%, Valid: 43.55%, Test: 52.20%, Best Valid: 46.13%, Best Test: 50.94%
Run 08:
Highest Train: 67.93
Highest Valid: 46.13
Highest Test: 54.09
Chosen epoch: 72
Final Train: 55.58
Final Test: 50.94
Pre-training MLP for 500 epochs to generate co-occurrence matrix...
MLP pre-training complete. Penalty matrix frozen.
Epoch: 00, Loss: 1.6065, Train: 18.10%, Valid: 13.94%, Test: 13.37%, Best Valid: 13.94%, Best Test: 13.37%
Epoch: 100, Loss: 1.0733, Train: 54.99%, Valid: 44.95%, Test: 41.86%, Best Valid: 50.87%, Best Test: 42.44%
Run 09:
Highest Train: 62.88
Highest Valid: 50.87
Highest Test: 46.51
Chosen epoch: 55
Final Train: 51.74
Final Test: 42.44
Pre-training MLP for 500 epochs to generate co-occurrence matrix...
MLP pre-training complete. Penalty matrix frozen.
Epoch: 00, Loss: 1.6064, Train: 27.93%, Valid: 30.58%, Test: 20.43%, Best Valid: 30.58%, Best Test: 20.43%
Epoch: 100, Loss: 1.0221, Train: 51.88%, Valid: 37.77%, Test: 38.71%, Best Valid: 44.60%, Best Test: 44.62%
Run 10:
Highest Train: 66.90
Highest Valid: 45.32
Highest Test: 52.69
Chosen epoch: 156
Final Train: 62.68
Final Test: 48.92
All runs:
Highest Train: 65.99 ± 2.69
Highest Test: 49.14 ± 3.71
Highest Valid: 46.71 ± 2.93
  Final Train: 56.33 ± 5.68
   Final Test: 44.47 ± 4.54
Saving results to results/chameleon/MPNN_gcn.csv

Running with Pre-trained MLP Regularization (lambda=0.001)...
Namespace(bn=False, cpu=False, data_dir='./data/', dataset='chameleon', device=0, display_step=100, dropout=0.2, epochs=200, gnn='gcn', hidden_channels=512, jk=False, label_num_per_class=20, lambda_val=0.001, ln=False, local_layers=5, lr=0.005, metric='acc', mlp_epochs=500, mlp_reg=True, model='MPNN', model_dir='./model/', num_heads=1, pre_linear=False, pre_ln=False, rand_split=False, rand_split_class=False, reg_start_epoch=10, reg_update_freq=5, res=False, runs=10, save_model=False, seed=42, test_num=1000, train_prop=0.5, use_reg=True, valid_num=500, valid_prop=0.25, weight_decay=0.001)
chameleon
dataset chameleon | num nodes 890 | num edge 8854 | num node feats 2325 | num classes 5
MODEL: MPNNs(
  (h_lins): ModuleList()
  (local_convs): ModuleList(
    (0): GCNConv(2325, 512)
    (1): GCNConv(512, 512)
    (2): GCNConv(512, 512)
    (3): GCNConv(512, 512)
    (4): GCNConv(512, 512)
  )
  (lins): ModuleList(
    (0): Linear(in_features=2325, out_features=512, bias=True)
    (1): Linear(in_features=512, out_features=512, bias=True)
    (2): Linear(in_features=512, out_features=512, bias=True)
    (3): Linear(in_features=512, out_features=512, bias=True)
    (4): Linear(in_features=512, out_features=512, bias=True)
  )
  (lns): ModuleList(
    (0): LayerNorm((512,), eps=1e-05, elementwise_affine=True)
    (1): LayerNorm((512,), eps=1e-05, elementwise_affine=True)
    (2): LayerNorm((512,), eps=1e-05, elementwise_affine=True)
    (3): LayerNorm((512,), eps=1e-05, elementwise_affine=True)
    (4): LayerNorm((512,), eps=1e-05, elementwise_affine=True)
  )
  (bns): ModuleList(
    (0): BatchNorm1d(512, eps=1e-05, momentum=0.1, affine=True, track_running_stats=True)
    (1): BatchNorm1d(512, eps=1e-05, momentum=0.1, affine=True, track_running_stats=True)
    (2): BatchNorm1d(512, eps=1e-05, momentum=0.1, affine=True, track_running_stats=True)
    (3): BatchNorm1d(512, eps=1e-05, momentum=0.1, affine=True, track_running_stats=True)
    (4): BatchNorm1d(512, eps=1e-05, momentum=0.1, affine=True, track_running_stats=True)
  )
  (lin_in): Linear(in_features=2325, out_features=512, bias=True)
  (pred_local): Linear(in_features=512, out_features=5, bias=True)
)
Pre-training MLP for 500 epochs to generate co-occurrence matrix...
MLP pre-training complete. Penalty matrix frozen.
Epoch: 00, Loss: 1.6049, Train: 24.21%, Valid: 22.65%, Test: 23.20%, Best Valid: 22.65%, Best Test: 23.20%
Epoch: 100, Loss: 1.0787, Train: 56.23%, Valid: 45.30%, Test: 45.36%, Best Valid: 45.64%, Best Test: 38.14%
Run 01:
Highest Train: 64.06
Highest Valid: 47.74
Highest Test: 48.45
Chosen epoch: 195
Final Train: 55.99
Final Test: 44.33
Pre-training MLP for 500 epochs to generate co-occurrence matrix...
MLP pre-training complete. Penalty matrix frozen.
Epoch: 00, Loss: 1.6142, Train: 23.89%, Valid: 23.18%, Test: 22.98%, Best Valid: 23.18%, Best Test: 22.98%
Epoch: 100, Loss: 1.0746, Train: 56.91%, Valid: 37.09%, Test: 42.86%, Best Valid: 42.38%, Best Test: 43.48%
Run 02:
Highest Train: 64.17
Highest Valid: 42.38
Highest Test: 47.83
Chosen epoch: 87
Final Train: 60.42
Final Test: 43.48
Pre-training MLP for 500 epochs to generate co-occurrence matrix...
MLP pre-training complete. Penalty matrix frozen.
Epoch: 00, Loss: 1.6102, Train: 30.57%, Valid: 26.55%, Test: 22.47%, Best Valid: 26.55%, Best Test: 22.47%
Epoch: 100, Loss: 1.1408, Train: 55.21%, Valid: 47.59%, Test: 40.45%, Best Valid: 47.59%, Best Test: 40.45%
Run 03:
Highest Train: 65.17
Highest Valid: 49.31
Highest Test: 46.07
Chosen epoch: 158
Final Train: 63.74
Final Test: 40.45
Pre-training MLP for 500 epochs to generate co-occurrence matrix...
MLP pre-training complete. Penalty matrix frozen.
Epoch: 00, Loss: 1.6102, Train: 23.79%, Valid: 23.13%, Test: 23.37%, Best Valid: 23.13%, Best Test: 23.37%
Epoch: 100, Loss: 0.9496, Train: 60.92%, Valid: 43.20%, Test: 43.48%, Best Valid: 45.58%, Best Test: 44.57%
Run 04:
Highest Train: 67.72
Highest Valid: 45.92
Highest Test: 49.46
Chosen epoch: 101
Final Train: 60.44
Final Test: 47.83
Pre-training MLP for 500 epochs to generate co-occurrence matrix...
MLP pre-training complete. Penalty matrix frozen.
Epoch: 00, Loss: 1.6150, Train: 22.50%, Valid: 25.00%, Test: 20.88%, Best Valid: 25.00%, Best Test: 20.88%
Epoch: 100, Loss: 1.0593, Train: 55.00%, Valid: 41.79%, Test: 45.05%, Best Valid: 44.03%, Best Test: 45.05%
Run 05:
Highest Train: 62.73
Highest Valid: 46.27
Highest Test: 49.45
Chosen epoch: 129
Final Train: 49.09
Final Test: 46.70
Pre-training MLP for 500 epochs to generate co-occurrence matrix...
MLP pre-training complete. Penalty matrix frozen.
Epoch: 00, Loss: 1.6101, Train: 25.35%, Valid: 21.23%, Test: 22.56%, Best Valid: 21.23%, Best Test: 22.56%
Epoch: 100, Loss: 0.9898, Train: 56.22%, Valid: 45.55%, Test: 37.80%, Best Valid: 48.29%, Best Test: 37.80%
Run 06:
Highest Train: 63.59
Highest Valid: 48.29
Highest Test: 43.90
Chosen epoch: 61
Final Train: 56.91
Final Test: 37.80
Pre-training MLP for 500 epochs to generate co-occurrence matrix...
MLP pre-training complete. Penalty matrix frozen.
Epoch: 00, Loss: 1.6096, Train: 26.08%, Valid: 20.77%, Test: 21.81%, Best Valid: 20.77%, Best Test: 21.81%
Epoch: 100, Loss: 0.8853, Train: 65.07%, Valid: 38.03%, Test: 50.00%, Best Valid: 40.49%, Best Test: 50.00%
Run 07:
Highest Train: 69.14
Highest Valid: 42.25
Highest Test: 52.13
Chosen epoch: 142
Final Train: 59.33
Final Test: 50.00
Pre-training MLP for 500 epochs to generate co-occurrence matrix...
MLP pre-training complete. Penalty matrix frozen.
Epoch: 00, Loss: 1.6144, Train: 28.74%, Valid: 26.13%, Test: 23.27%, Best Valid: 26.13%, Best Test: 23.27%
Epoch: 100, Loss: 1.0940, Train: 48.22%, Valid: 36.13%, Test: 44.03%, Best Valid: 45.16%, Best Test: 47.17%
Run 08:
Highest Train: 66.98
Highest Valid: 47.74
Highest Test: 55.97
Chosen epoch: 183
Final Train: 66.98
Final Test: 55.35
Pre-training MLP for 500 epochs to generate co-occurrence matrix...
MLP pre-training complete. Penalty matrix frozen.
Epoch: 00, Loss: 1.6080, Train: 18.10%, Valid: 13.94%, Test: 13.37%, Best Valid: 13.94%, Best Test: 13.37%
Epoch: 100, Loss: 1.0686, Train: 56.38%, Valid: 43.55%, Test: 41.86%, Best Valid: 48.78%, Best Test: 42.44%
Run 09:
Highest Train: 64.27
Highest Valid: 49.48
Highest Test: 48.26
Chosen epoch: 180
Final Train: 60.32
Final Test: 38.95
Pre-training MLP for 500 epochs to generate co-occurrence matrix...
MLP pre-training complete. Penalty matrix frozen.
Epoch: 00, Loss: 1.6078, Train: 27.93%, Valid: 30.58%, Test: 20.43%, Best Valid: 30.58%, Best Test: 20.43%
Epoch: 100, Loss: 0.9971, Train: 56.34%, Valid: 39.57%, Test: 46.77%, Best Valid: 44.96%, Best Test: 45.70%
Run 10:
Highest Train: 65.26
Highest Valid: 44.96
Highest Test: 53.23
Chosen epoch: 81
Final Train: 55.16
Final Test: 45.70
All runs:
Highest Train: 65.31 ± 2.02
Highest Test: 49.47 ± 3.52
Highest Valid: 46.43 ± 2.60
  Final Train: 58.84 ± 4.92
   Final Test: 45.06 ± 5.32
Saving results to results/chameleon/MPNN_gcn.csv

Running with Pre-trained MLP Regularization (lambda=0.005)...
Namespace(bn=False, cpu=False, data_dir='./data/', dataset='chameleon', device=0, display_step=100, dropout=0.2, epochs=200, gnn='gcn', hidden_channels=512, jk=False, label_num_per_class=20, lambda_val=0.005, ln=False, local_layers=5, lr=0.005, metric='acc', mlp_epochs=500, mlp_reg=True, model='MPNN', model_dir='./model/', num_heads=1, pre_linear=False, pre_ln=False, rand_split=False, rand_split_class=False, reg_start_epoch=10, reg_update_freq=5, res=False, runs=10, save_model=False, seed=42, test_num=1000, train_prop=0.5, use_reg=True, valid_num=500, valid_prop=0.25, weight_decay=0.001)
chameleon
dataset chameleon | num nodes 890 | num edge 8854 | num node feats 2325 | num classes 5
MODEL: MPNNs(
  (h_lins): ModuleList()
  (local_convs): ModuleList(
    (0): GCNConv(2325, 512)
    (1): GCNConv(512, 512)
    (2): GCNConv(512, 512)
    (3): GCNConv(512, 512)
    (4): GCNConv(512, 512)
  )
  (lins): ModuleList(
    (0): Linear(in_features=2325, out_features=512, bias=True)
    (1): Linear(in_features=512, out_features=512, bias=True)
    (2): Linear(in_features=512, out_features=512, bias=True)
    (3): Linear(in_features=512, out_features=512, bias=True)
    (4): Linear(in_features=512, out_features=512, bias=True)
  )
  (lns): ModuleList(
    (0): LayerNorm((512,), eps=1e-05, elementwise_affine=True)
    (1): LayerNorm((512,), eps=1e-05, elementwise_affine=True)
    (2): LayerNorm((512,), eps=1e-05, elementwise_affine=True)
    (3): LayerNorm((512,), eps=1e-05, elementwise_affine=True)
    (4): LayerNorm((512,), eps=1e-05, elementwise_affine=True)
  )
  (bns): ModuleList(
    (0): BatchNorm1d(512, eps=1e-05, momentum=0.1, affine=True, track_running_stats=True)
    (1): BatchNorm1d(512, eps=1e-05, momentum=0.1, affine=True, track_running_stats=True)
    (2): BatchNorm1d(512, eps=1e-05, momentum=0.1, affine=True, track_running_stats=True)
    (3): BatchNorm1d(512, eps=1e-05, momentum=0.1, affine=True, track_running_stats=True)
    (4): BatchNorm1d(512, eps=1e-05, momentum=0.1, affine=True, track_running_stats=True)
  )
  (lin_in): Linear(in_features=2325, out_features=512, bias=True)
  (pred_local): Linear(in_features=512, out_features=5, bias=True)
)
Pre-training MLP for 500 epochs to generate co-occurrence matrix...
MLP pre-training complete. Penalty matrix frozen.
Epoch: 00, Loss: 1.6113, Train: 24.21%, Valid: 22.65%, Test: 23.20%, Best Valid: 22.65%, Best Test: 23.20%
Epoch: 100, Loss: 1.1147, Train: 51.10%, Valid: 42.16%, Test: 41.24%, Best Valid: 46.34%, Best Test: 39.18%
Run 01:
Highest Train: 62.35
Highest Valid: 47.04
Highest Test: 48.97
Chosen epoch: 146
Final Train: 55.50
Final Test: 45.88
Pre-training MLP for 500 epochs to generate co-occurrence matrix...
MLP pre-training complete. Penalty matrix frozen.
Epoch: 00, Loss: 1.6207, Train: 23.89%, Valid: 23.18%, Test: 22.98%, Best Valid: 23.18%, Best Test: 22.98%
Epoch: 100, Loss: 1.0164, Train: 58.31%, Valid: 39.07%, Test: 42.86%, Best Valid: 41.06%, Best Test: 42.86%
Run 02:
Highest Train: 63.47
Highest Valid: 41.06
Highest Test: 49.07
Chosen epoch: 76
Final Train: 58.55
Final Test: 42.86
Pre-training MLP for 500 epochs to generate co-occurrence matrix...
MLP pre-training complete. Penalty matrix frozen.
Epoch: 00, Loss: 1.6166, Train: 30.57%, Valid: 26.55%, Test: 22.47%, Best Valid: 26.55%, Best Test: 22.47%
Epoch: 100, Loss: 1.0558, Train: 53.32%, Valid: 46.55%, Test: 38.76%, Best Valid: 47.59%, Best Test: 42.70%
Run 03:
Highest Train: 65.40
Highest Valid: 49.66
Highest Test: 46.07
Chosen epoch: 170
Final Train: 64.45
Final Test: 42.13
Pre-training MLP for 500 epochs to generate co-occurrence matrix...
MLP pre-training complete. Penalty matrix frozen.
Epoch: 00, Loss: 1.6166, Train: 23.79%, Valid: 23.13%, Test: 23.37%, Best Valid: 23.13%, Best Test: 23.37%
Epoch: 100, Loss: 0.9970, Train: 58.25%, Valid: 41.50%, Test: 46.74%, Best Valid: 45.58%, Best Test: 47.83%
Run 04:
Highest Train: 65.29
Highest Valid: 46.26
Highest Test: 52.72
Chosen epoch: 178
Final Train: 62.86
Final Test: 45.65
Pre-training MLP for 500 epochs to generate co-occurrence matrix...
MLP pre-training complete. Penalty matrix frozen.
Epoch: 00, Loss: 1.6215, Train: 21.82%, Valid: 24.25%, Test: 20.88%, Best Valid: 24.25%, Best Test: 20.88%
Epoch: 100, Loss: 1.0354, Train: 54.32%, Valid: 41.79%, Test: 43.96%, Best Valid: 45.15%, Best Test: 46.15%
Run 05:
Highest Train: 63.64
Highest Valid: 45.15
Highest Test: 52.20
Chosen epoch: 90
Final Train: 55.45
Final Test: 46.15
Pre-training MLP for 500 epochs to generate co-occurrence matrix...
MLP pre-training complete. Penalty matrix frozen.
Epoch: 00, Loss: 1.6165, Train: 25.35%, Valid: 21.23%, Test: 22.56%, Best Valid: 21.23%, Best Test: 22.56%
Epoch: 100, Loss: 0.9909, Train: 59.22%, Valid: 45.89%, Test: 39.02%, Best Valid: 47.95%, Best Test: 39.02%
Run 06:
Highest Train: 67.05
Highest Valid: 48.97
Highest Test: 42.68
Chosen epoch: 139
Final Train: 61.06
Final Test: 37.20
Pre-training MLP for 500 epochs to generate co-occurrence matrix...
MLP pre-training complete. Penalty matrix frozen.
Epoch: 00, Loss: 1.6160, Train: 26.08%, Valid: 20.77%, Test: 21.81%, Best Valid: 20.77%, Best Test: 21.81%
Epoch: 100, Loss: 0.9279, Train: 61.72%, Valid: 38.38%, Test: 45.74%, Best Valid: 40.14%, Best Test: 48.94%
Run 07:
Highest Train: 71.05
Highest Valid: 42.61
Highest Test: 53.19
Chosen epoch: 181
Final Train: 60.53
Final Test: 48.94
Pre-training MLP for 500 epochs to generate co-occurrence matrix...
MLP pre-training complete. Penalty matrix frozen.
Epoch: 00, Loss: 1.6209, Train: 27.79%, Valid: 25.81%, Test: 22.01%, Best Valid: 25.81%, Best Test: 22.01%
Epoch: 100, Loss: 1.0442, Train: 54.63%, Valid: 43.55%, Test: 52.20%, Best Valid: 44.52%, Best Test: 51.57%
Run 08:
Highest Train: 66.27
Highest Valid: 46.13
Highest Test: 57.23
Chosen epoch: 145
Final Train: 57.24
Final Test: 50.94
Pre-training MLP for 500 epochs to generate co-occurrence matrix...
MLP pre-training complete. Penalty matrix frozen.
Epoch: 00, Loss: 1.6144, Train: 18.10%, Valid: 13.94%, Test: 13.37%, Best Valid: 13.94%, Best Test: 13.37%
Epoch: 100, Loss: 1.0563, Train: 54.76%, Valid: 43.55%, Test: 43.02%, Best Valid: 49.13%, Best Test: 41.28%
Run 09:
Highest Train: 63.11
Highest Valid: 49.83
Highest Test: 48.26
Chosen epoch: 114
Final Train: 57.31
Final Test: 40.70
Pre-training MLP for 500 epochs to generate co-occurrence matrix...
MLP pre-training complete. Penalty matrix frozen.
Epoch: 00, Loss: 1.6143, Train: 27.93%, Valid: 30.58%, Test: 20.43%, Best Valid: 30.58%, Best Test: 20.43%
Epoch: 100, Loss: 0.9930, Train: 57.51%, Valid: 43.53%, Test: 47.85%, Best Valid: 45.32%, Best Test: 52.69%
Run 10:
Highest Train: 66.20
Highest Valid: 46.04
Highest Test: 53.23
Chosen epoch: 192
Final Train: 65.02
Final Test: 50.54
All runs:
Highest Train: 65.38 ± 2.53
Highest Test: 50.36 ± 4.19
Highest Valid: 46.27 ± 2.87
  Final Train: 59.80 ± 3.53
   Final Test: 45.10 ± 4.42
Saving results to results/chameleon/MPNN_gcn.csv

Small lambda sweep completed!
==========================================================
Starting Small Lambda MLP-Reg Sweep for:
python main.py --gnn sage --dataset chameleon --lr 0.01  --local_layers 4 --hidden_channels 256 --weight_decay 0.001 --dropout 0.7 --device 0 --runs 10 --epochs 200 --bn --res
==========================================================

Running with Pre-trained MLP Regularization (lambda=1e-4)...
Namespace(bn=True, cpu=False, data_dir='./data/', dataset='chameleon', device=0, display_step=100, dropout=0.7, epochs=200, gnn='sage', hidden_channels=256, jk=False, label_num_per_class=20, lambda_val=0.0001, ln=False, local_layers=4, lr=0.01, metric='acc', mlp_epochs=500, mlp_reg=True, model='MPNN', model_dir='./model/', num_heads=1, pre_linear=False, pre_ln=False, rand_split=False, rand_split_class=False, reg_start_epoch=10, reg_update_freq=5, res=True, runs=10, save_model=False, seed=42, test_num=1000, train_prop=0.5, use_reg=True, valid_num=500, valid_prop=0.25, weight_decay=0.001)
chameleon
dataset chameleon | num nodes 890 | num edge 8854 | num node feats 2325 | num classes 5
MODEL: MPNNs(
  (h_lins): ModuleList()
  (local_convs): ModuleList(
    (0): SAGEConv(2325, 256, aggr=mean)
    (1): SAGEConv(256, 256, aggr=mean)
    (2): SAGEConv(256, 256, aggr=mean)
    (3): SAGEConv(256, 256, aggr=mean)
  )
  (lins): ModuleList(
    (0): Linear(in_features=2325, out_features=256, bias=True)
    (1): Linear(in_features=256, out_features=256, bias=True)
    (2): Linear(in_features=256, out_features=256, bias=True)
    (3): Linear(in_features=256, out_features=256, bias=True)
  )
  (lns): ModuleList(
    (0): LayerNorm((256,), eps=1e-05, elementwise_affine=True)
    (1): LayerNorm((256,), eps=1e-05, elementwise_affine=True)
    (2): LayerNorm((256,), eps=1e-05, elementwise_affine=True)
    (3): LayerNorm((256,), eps=1e-05, elementwise_affine=True)
  )
  (bns): ModuleList(
    (0): BatchNorm1d(256, eps=1e-05, momentum=0.1, affine=True, track_running_stats=True)
    (1): BatchNorm1d(256, eps=1e-05, momentum=0.1, affine=True, track_running_stats=True)
    (2): BatchNorm1d(256, eps=1e-05, momentum=0.1, affine=True, track_running_stats=True)
    (3): BatchNorm1d(256, eps=1e-05, momentum=0.1, affine=True, track_running_stats=True)
  )
  (lin_in): Linear(in_features=2325, out_features=256, bias=True)
  (pred_local): Linear(in_features=256, out_features=5, bias=True)
)
Pre-training MLP for 500 epochs to generate co-occurrence matrix...
MLP pre-training complete. Penalty matrix frozen.
Epoch: 00, Loss: 1.8297, Train: 15.89%, Valid: 14.29%, Test: 18.04%, Best Valid: 14.29%, Best Test: 18.04%
Epoch: 100, Loss: 0.2327, Train: 98.78%, Valid: 36.59%, Test: 35.57%, Best Valid: 48.43%, Best Test: 47.94%
Run 01:
Highest Train: 100.00
Highest Valid: 48.43
Highest Test: 47.94
Chosen epoch: 14
Final Train: 52.08
Final Test: 47.94
Pre-training MLP for 500 epochs to generate co-occurrence matrix...
MLP pre-training complete. Penalty matrix frozen.
Epoch: 00, Loss: 1.9729, Train: 17.10%, Valid: 14.24%, Test: 15.53%, Best Valid: 14.24%, Best Test: 15.53%
Epoch: 100, Loss: 0.2339, Train: 99.53%, Valid: 33.11%, Test: 42.24%, Best Valid: 42.72%, Best Test: 45.34%
Run 02:
Highest Train: 100.00
Highest Valid: 42.72
Highest Test: 45.96
Chosen epoch: 16
Final Train: 59.02
Final Test: 45.34
Pre-training MLP for 500 epochs to generate co-occurrence matrix...
MLP pre-training complete. Penalty matrix frozen.
Epoch: 00, Loss: 1.8288, Train: 18.72%, Valid: 12.76%, Test: 14.04%, Best Valid: 12.76%, Best Test: 14.04%
Epoch: 100, Loss: 0.1979, Train: 99.05%, Valid: 37.24%, Test: 26.40%, Best Valid: 48.97%, Best Test: 36.52%
Run 03:
Highest Train: 99.76
Highest Valid: 48.97
Highest Test: 38.20
Chosen epoch: 17
Final Train: 63.27
Final Test: 36.52
Pre-training MLP for 500 epochs to generate co-occurrence matrix...
MLP pre-training complete. Penalty matrix frozen.
Epoch: 00, Loss: 1.8409, Train: 15.29%, Valid: 16.33%, Test: 16.30%, Best Valid: 16.33%, Best Test: 16.30%
Epoch: 100, Loss: 0.2019, Train: 99.27%, Valid: 32.65%, Test: 32.61%, Best Valid: 46.60%, Best Test: 45.65%
Run 04:
Highest Train: 99.76
Highest Valid: 46.60
Highest Test: 46.74
Chosen epoch: 13
Final Train: 44.90
Final Test: 45.65
Pre-training MLP for 500 epochs to generate co-occurrence matrix...
MLP pre-training complete. Penalty matrix frozen.
Epoch: 00, Loss: 1.8106, Train: 15.68%, Valid: 16.42%, Test: 15.38%, Best Valid: 16.42%, Best Test: 15.38%
Epoch: 100, Loss: 0.1797, Train: 99.09%, Valid: 31.34%, Test: 32.42%, Best Valid: 44.78%, Best Test: 46.70%
Run 05:
Highest Train: 99.77
Highest Valid: 44.78
Highest Test: 46.70
Chosen epoch: 16
Final Train: 58.41
Final Test: 46.70
Pre-training MLP for 500 epochs to generate co-occurrence matrix...
MLP pre-training complete. Penalty matrix frozen.
Epoch: 00, Loss: 1.7980, Train: 17.05%, Valid: 18.15%, Test: 12.20%, Best Valid: 18.15%, Best Test: 12.20%
Epoch: 100, Loss: 0.1733, Train: 97.70%, Valid: 35.62%, Test: 34.76%, Best Valid: 48.29%, Best Test: 36.59%
Run 06:
Highest Train: 100.00
Highest Valid: 48.29
Highest Test: 42.07
Chosen epoch: 17
Final Train: 62.67
Final Test: 36.59
Pre-training MLP for 500 epochs to generate co-occurrence matrix...
MLP pre-training complete. Penalty matrix frozen.
Epoch: 00, Loss: 1.8445, Train: 16.27%, Valid: 15.14%, Test: 15.96%, Best Valid: 15.14%, Best Test: 15.96%
Epoch: 100, Loss: 0.1679, Train: 99.04%, Valid: 33.45%, Test: 28.19%, Best Valid: 40.49%, Best Test: 45.21%
Run 07:
Highest Train: 100.00
Highest Valid: 40.85
Highest Test: 47.87
Chosen epoch: 177
Final Train: 100.00
Final Test: 35.64
Pre-training MLP for 500 epochs to generate co-occurrence matrix...
MLP pre-training complete. Penalty matrix frozen.
Epoch: 00, Loss: 1.7898, Train: 16.86%, Valid: 17.42%, Test: 22.64%, Best Valid: 17.42%, Best Test: 22.64%
Epoch: 100, Loss: 0.1539, Train: 99.76%, Valid: 32.26%, Test: 33.33%, Best Valid: 43.23%, Best Test: 47.17%
Run 08:
Highest Train: 99.76
Highest Valid: 43.23
Highest Test: 47.17
Chosen epoch: 18
Final Train: 57.01
Final Test: 47.17
Pre-training MLP for 500 epochs to generate co-occurrence matrix...
MLP pre-training complete. Penalty matrix frozen.
Epoch: 00, Loss: 1.8526, Train: 18.10%, Valid: 13.94%, Test: 13.37%, Best Valid: 13.94%, Best Test: 13.37%
Epoch: 100, Loss: 0.2229, Train: 99.30%, Valid: 36.59%, Test: 31.98%, Best Valid: 47.74%, Best Test: 42.44%
Run 09:
Highest Train: 99.77
Highest Valid: 47.74
Highest Test: 43.60
Chosen epoch: 13
Final Train: 50.58
Final Test: 42.44
Pre-training MLP for 500 epochs to generate co-occurrence matrix...
MLP pre-training complete. Penalty matrix frozen.
Epoch: 00, Loss: 1.7865, Train: 14.32%, Valid: 14.39%, Test: 21.51%, Best Valid: 14.39%, Best Test: 21.51%
Epoch: 100, Loss: 0.2156, Train: 99.53%, Valid: 26.26%, Test: 29.03%, Best Valid: 44.96%, Best Test: 47.31%
Run 10:
Highest Train: 100.00
Highest Valid: 44.96
Highest Test: 47.31
Chosen epoch: 14
Final Train: 57.98
Final Test: 47.31
All runs:
Highest Train: 99.88 ± 0.12
Highest Test: 45.36 ± 3.15
Highest Valid: 45.65 ± 2.78
  Final Train: 60.59 ± 14.95
   Final Test: 43.13 ± 4.99
Saving results to results/chameleon/MPNN_sage.csv

Running with Pre-trained MLP Regularization (lambda=0.001)...
Namespace(bn=True, cpu=False, data_dir='./data/', dataset='chameleon', device=0, display_step=100, dropout=0.7, epochs=200, gnn='sage', hidden_channels=256, jk=False, label_num_per_class=20, lambda_val=0.001, ln=False, local_layers=4, lr=0.01, metric='acc', mlp_epochs=500, mlp_reg=True, model='MPNN', model_dir='./model/', num_heads=1, pre_linear=False, pre_ln=False, rand_split=False, rand_split_class=False, reg_start_epoch=10, reg_update_freq=5, res=True, runs=10, save_model=False, seed=42, test_num=1000, train_prop=0.5, use_reg=True, valid_num=500, valid_prop=0.25, weight_decay=0.001)
chameleon
dataset chameleon | num nodes 890 | num edge 8854 | num node feats 2325 | num classes 5
MODEL: MPNNs(
  (h_lins): ModuleList()
  (local_convs): ModuleList(
    (0): SAGEConv(2325, 256, aggr=mean)
    (1): SAGEConv(256, 256, aggr=mean)
    (2): SAGEConv(256, 256, aggr=mean)
    (3): SAGEConv(256, 256, aggr=mean)
  )
  (lins): ModuleList(
    (0): Linear(in_features=2325, out_features=256, bias=True)
    (1): Linear(in_features=256, out_features=256, bias=True)
    (2): Linear(in_features=256, out_features=256, bias=True)
    (3): Linear(in_features=256, out_features=256, bias=True)
  )
  (lns): ModuleList(
    (0): LayerNorm((256,), eps=1e-05, elementwise_affine=True)
    (1): LayerNorm((256,), eps=1e-05, elementwise_affine=True)
    (2): LayerNorm((256,), eps=1e-05, elementwise_affine=True)
    (3): LayerNorm((256,), eps=1e-05, elementwise_affine=True)
  )
  (bns): ModuleList(
    (0): BatchNorm1d(256, eps=1e-05, momentum=0.1, affine=True, track_running_stats=True)
    (1): BatchNorm1d(256, eps=1e-05, momentum=0.1, affine=True, track_running_stats=True)
    (2): BatchNorm1d(256, eps=1e-05, momentum=0.1, affine=True, track_running_stats=True)
    (3): BatchNorm1d(256, eps=1e-05, momentum=0.1, affine=True, track_running_stats=True)
  )
  (lin_in): Linear(in_features=2325, out_features=256, bias=True)
  (pred_local): Linear(in_features=256, out_features=5, bias=True)
)
Pre-training MLP for 500 epochs to generate co-occurrence matrix...
MLP pre-training complete. Penalty matrix frozen.
Epoch: 00, Loss: 1.8314, Train: 15.89%, Valid: 14.29%, Test: 18.04%, Best Valid: 14.29%, Best Test: 18.04%
Epoch: 100, Loss: 0.1892, Train: 99.51%, Valid: 35.19%, Test: 32.99%, Best Valid: 49.13%, Best Test: 47.42%
Run 01:
Highest Train: 100.00
Highest Valid: 49.13
Highest Test: 47.42
Chosen epoch: 14
Final Train: 52.32
Final Test: 47.42
Pre-training MLP for 500 epochs to generate co-occurrence matrix...
MLP pre-training complete. Penalty matrix frozen.
Epoch: 00, Loss: 1.9747, Train: 17.10%, Valid: 14.24%, Test: 15.53%, Best Valid: 14.24%, Best Test: 15.53%
Epoch: 100, Loss: 0.2525, Train: 99.30%, Valid: 31.46%, Test: 40.99%, Best Valid: 41.72%, Best Test: 45.96%
Run 02:
Highest Train: 100.00
Highest Valid: 41.72
Highest Test: 45.96
Chosen epoch: 15
Final Train: 56.67
Final Test: 45.96
Pre-training MLP for 500 epochs to generate co-occurrence matrix...
MLP pre-training complete. Penalty matrix frozen.
Epoch: 00, Loss: 1.8305, Train: 18.72%, Valid: 12.76%, Test: 14.04%, Best Valid: 12.76%, Best Test: 14.04%
Epoch: 100, Loss: 0.2007, Train: 99.53%, Valid: 38.28%, Test: 26.97%, Best Valid: 47.93%, Best Test: 36.52%
Run 03:
Highest Train: 99.76
Highest Valid: 47.93
Highest Test: 38.20
Chosen epoch: 16
Final Train: 59.95
Final Test: 36.52
Pre-training MLP for 500 epochs to generate co-occurrence matrix...
MLP pre-training complete. Penalty matrix frozen.
Epoch: 00, Loss: 1.8425, Train: 15.29%, Valid: 16.33%, Test: 16.30%, Best Valid: 16.33%, Best Test: 16.30%
Epoch: 100, Loss: 0.1503, Train: 99.27%, Valid: 31.97%, Test: 33.70%, Best Valid: 46.60%, Best Test: 45.11%
Run 04:
Highest Train: 99.76
Highest Valid: 46.60
Highest Test: 46.20
Chosen epoch: 13
Final Train: 45.39
Final Test: 45.11
Pre-training MLP for 500 epochs to generate co-occurrence matrix...
MLP pre-training complete. Penalty matrix frozen.
Epoch: 00, Loss: 1.8122, Train: 15.68%, Valid: 16.42%, Test: 15.38%, Best Valid: 16.42%, Best Test: 15.38%
Epoch: 100, Loss: 0.1866, Train: 99.09%, Valid: 31.72%, Test: 37.91%, Best Valid: 43.66%, Best Test: 43.96%
Run 05:
Highest Train: 99.77
Highest Valid: 43.66
Highest Test: 46.70
Chosen epoch: 14
Final Train: 51.14
Final Test: 43.96
Pre-training MLP for 500 epochs to generate co-occurrence matrix...
MLP pre-training complete. Penalty matrix frozen.
Epoch: 00, Loss: 1.7996, Train: 17.05%, Valid: 18.15%, Test: 12.20%, Best Valid: 18.15%, Best Test: 12.20%
Epoch: 100, Loss: 0.1325, Train: 99.31%, Valid: 36.64%, Test: 32.93%, Best Valid: 47.95%, Best Test: 36.59%
Run 06:
Highest Train: 100.00
Highest Valid: 47.95
Highest Test: 42.07
Chosen epoch: 15
Final Train: 59.22
Final Test: 36.59
Pre-training MLP for 500 epochs to generate co-occurrence matrix...
MLP pre-training complete. Penalty matrix frozen.
Epoch: 00, Loss: 1.8462, Train: 16.27%, Valid: 15.14%, Test: 15.96%, Best Valid: 15.14%, Best Test: 15.96%
Epoch: 100, Loss: 0.1852, Train: 99.04%, Valid: 34.51%, Test: 30.32%, Best Valid: 41.20%, Best Test: 45.74%
Run 07:
Highest Train: 100.00
Highest Valid: 41.20
Highest Test: 47.87
Chosen epoch: 24
Final Train: 70.10
Final Test: 45.74
Pre-training MLP for 500 epochs to generate co-occurrence matrix...
MLP pre-training complete. Penalty matrix frozen.
Epoch: 00, Loss: 1.7914, Train: 16.86%, Valid: 17.42%, Test: 22.64%, Best Valid: 17.42%, Best Test: 22.64%
Epoch: 100, Loss: 0.2032, Train: 99.29%, Valid: 34.52%, Test: 35.85%, Best Valid: 44.52%, Best Test: 44.03%
Run 08:
Highest Train: 100.00
Highest Valid: 44.52
Highest Test: 47.17
Chosen epoch: 13
Final Train: 48.22
Final Test: 44.03
Pre-training MLP for 500 epochs to generate co-occurrence matrix...
MLP pre-training complete. Penalty matrix frozen.
Epoch: 00, Loss: 1.8543, Train: 18.10%, Valid: 13.94%, Test: 13.37%, Best Valid: 13.94%, Best Test: 13.37%
Epoch: 100, Loss: 0.1678, Train: 99.30%, Valid: 35.19%, Test: 40.12%, Best Valid: 45.64%, Best Test: 43.02%
Run 09:
Highest Train: 99.77
Highest Valid: 45.64
Highest Test: 43.02
Chosen epoch: 14
Final Train: 52.44
Final Test: 43.02
Pre-training MLP for 500 epochs to generate co-occurrence matrix...
MLP pre-training complete. Penalty matrix frozen.
Epoch: 00, Loss: 1.7882, Train: 14.32%, Valid: 14.39%, Test: 21.51%, Best Valid: 14.39%, Best Test: 21.51%
Epoch: 100, Loss: 0.2022, Train: 99.77%, Valid: 29.14%, Test: 30.11%, Best Valid: 45.32%, Best Test: 47.31%
Run 10:
Highest Train: 100.00
Highest Valid: 45.32
Highest Test: 47.31
Chosen epoch: 14
Final Train: 57.75
Final Test: 47.31
All runs:
Highest Train: 99.91 ± 0.12
Highest Test: 45.19 ± 3.12
Highest Valid: 45.37 ± 2.65
  Final Train: 55.32 ± 7.04
   Final Test: 43.57 ± 3.96
Saving results to results/chameleon/MPNN_sage.csv

Running with Pre-trained MLP Regularization (lambda=0.005)...
Namespace(bn=True, cpu=False, data_dir='./data/', dataset='chameleon', device=0, display_step=100, dropout=0.7, epochs=200, gnn='sage', hidden_channels=256, jk=False, label_num_per_class=20, lambda_val=0.005, ln=False, local_layers=4, lr=0.01, metric='acc', mlp_epochs=500, mlp_reg=True, model='MPNN', model_dir='./model/', num_heads=1, pre_linear=False, pre_ln=False, rand_split=False, rand_split_class=False, reg_start_epoch=10, reg_update_freq=5, res=True, runs=10, save_model=False, seed=42, test_num=1000, train_prop=0.5, use_reg=True, valid_num=500, valid_prop=0.25, weight_decay=0.001)
chameleon
dataset chameleon | num nodes 890 | num edge 8854 | num node feats 2325 | num classes 5
MODEL: MPNNs(
  (h_lins): ModuleList()
  (local_convs): ModuleList(
    (0): SAGEConv(2325, 256, aggr=mean)
    (1): SAGEConv(256, 256, aggr=mean)
    (2): SAGEConv(256, 256, aggr=mean)
    (3): SAGEConv(256, 256, aggr=mean)
  )
  (lins): ModuleList(
    (0): Linear(in_features=2325, out_features=256, bias=True)
    (1): Linear(in_features=256, out_features=256, bias=True)
    (2): Linear(in_features=256, out_features=256, bias=True)
    (3): Linear(in_features=256, out_features=256, bias=True)
  )
  (lns): ModuleList(
    (0): LayerNorm((256,), eps=1e-05, elementwise_affine=True)
    (1): LayerNorm((256,), eps=1e-05, elementwise_affine=True)
    (2): LayerNorm((256,), eps=1e-05, elementwise_affine=True)
    (3): LayerNorm((256,), eps=1e-05, elementwise_affine=True)
  )
  (bns): ModuleList(
    (0): BatchNorm1d(256, eps=1e-05, momentum=0.1, affine=True, track_running_stats=True)
    (1): BatchNorm1d(256, eps=1e-05, momentum=0.1, affine=True, track_running_stats=True)
    (2): BatchNorm1d(256, eps=1e-05, momentum=0.1, affine=True, track_running_stats=True)
    (3): BatchNorm1d(256, eps=1e-05, momentum=0.1, affine=True, track_running_stats=True)
  )
  (lin_in): Linear(in_features=2325, out_features=256, bias=True)
  (pred_local): Linear(in_features=256, out_features=5, bias=True)
)
Pre-training MLP for 500 epochs to generate co-occurrence matrix...
MLP pre-training complete. Penalty matrix frozen.
Epoch: 00, Loss: 1.8387, Train: 15.89%, Valid: 14.29%, Test: 18.04%, Best Valid: 14.29%, Best Test: 18.04%
Epoch: 100, Loss: 0.1844, Train: 99.51%, Valid: 32.75%, Test: 29.90%, Best Valid: 49.13%, Best Test: 47.94%
Run 01:
Highest Train: 100.00
Highest Valid: 49.13
Highest Test: 47.94
Chosen epoch: 14
Final Train: 52.32
Final Test: 47.94
Pre-training MLP for 500 epochs to generate co-occurrence matrix...
MLP pre-training complete. Penalty matrix frozen.
Epoch: 00, Loss: 1.9826, Train: 17.10%, Valid: 14.24%, Test: 15.53%, Best Valid: 14.24%, Best Test: 15.53%
Epoch: 100, Loss: 0.2090, Train: 99.30%, Valid: 31.46%, Test: 40.37%, Best Valid: 41.39%, Best Test: 45.96%
Run 02:
Highest Train: 100.00
Highest Valid: 41.39
Highest Test: 45.96
Chosen epoch: 12
Final Train: 54.80
Final Test: 45.96
Pre-training MLP for 500 epochs to generate co-occurrence matrix...
MLP pre-training complete. Penalty matrix frozen.
Epoch: 00, Loss: 1.8378, Train: 18.72%, Valid: 12.76%, Test: 14.04%, Best Valid: 12.76%, Best Test: 14.04%
Epoch: 100, Loss: 0.2052, Train: 99.05%, Valid: 38.62%, Test: 23.60%, Best Valid: 48.97%, Best Test: 36.52%
Run 03:
Highest Train: 99.76
Highest Valid: 48.97
Highest Test: 38.20
Chosen epoch: 17
Final Train: 61.14
Final Test: 36.52
Pre-training MLP for 500 epochs to generate co-occurrence matrix...
MLP pre-training complete. Penalty matrix frozen.
Epoch: 00, Loss: 1.8499, Train: 15.29%, Valid: 16.33%, Test: 16.30%, Best Valid: 16.33%, Best Test: 16.30%
Epoch: 100, Loss: 0.1625, Train: 99.27%, Valid: 31.97%, Test: 33.70%, Best Valid: 46.94%, Best Test: 45.11%
Run 04:
Highest Train: 99.76
Highest Valid: 46.94
Highest Test: 45.65
Chosen epoch: 14
Final Train: 48.79
Final Test: 45.11
Pre-training MLP for 500 epochs to generate co-occurrence matrix...
MLP pre-training complete. Penalty matrix frozen.
Epoch: 00, Loss: 1.8195, Train: 15.68%, Valid: 16.42%, Test: 15.38%, Best Valid: 16.42%, Best Test: 15.38%
Epoch: 100, Loss: 0.2149, Train: 99.55%, Valid: 35.07%, Test: 40.11%, Best Valid: 44.40%, Best Test: 44.51%
Run 05:
Highest Train: 99.77
Highest Valid: 44.40
Highest Test: 47.25
Chosen epoch: 14
Final Train: 50.45
Final Test: 44.51
Pre-training MLP for 500 epochs to generate co-occurrence matrix...
MLP pre-training complete. Penalty matrix frozen.
Epoch: 00, Loss: 1.8068, Train: 17.05%, Valid: 18.15%, Test: 12.20%, Best Valid: 18.15%, Best Test: 12.20%
Epoch: 100, Loss: 0.1402, Train: 99.54%, Valid: 34.25%, Test: 35.98%, Best Valid: 48.63%, Best Test: 35.37%
Run 06:
Highest Train: 100.00
Highest Valid: 48.63
Highest Test: 42.68
Chosen epoch: 17
Final Train: 63.13
Final Test: 35.37
Pre-training MLP for 500 epochs to generate co-occurrence matrix...
MLP pre-training complete. Penalty matrix frozen.
Epoch: 00, Loss: 1.8536, Train: 16.27%, Valid: 15.14%, Test: 15.96%, Best Valid: 15.14%, Best Test: 15.96%
Epoch: 100, Loss: 0.1924, Train: 99.28%, Valid: 36.62%, Test: 31.91%, Best Valid: 40.49%, Best Test: 40.96%
Run 07:
Highest Train: 100.00
Highest Valid: 42.61
Highest Test: 46.28
Chosen epoch: 199
Final Train: 99.52
Final Test: 33.51
Pre-training MLP for 500 epochs to generate co-occurrence matrix...
MLP pre-training complete. Penalty matrix frozen.
Epoch: 00, Loss: 1.7986, Train: 17.34%, Valid: 18.06%, Test: 23.27%, Best Valid: 18.06%, Best Test: 23.27%
Epoch: 100, Loss: 0.2143, Train: 99.29%, Valid: 32.90%, Test: 30.19%, Best Valid: 44.84%, Best Test: 46.54%
Run 08:
Highest Train: 100.00
Highest Valid: 44.84
Highest Test: 49.06
Chosen epoch: 13
Final Train: 50.83
Final Test: 46.54
Pre-training MLP for 500 epochs to generate co-occurrence matrix...
MLP pre-training complete. Penalty matrix frozen.
Epoch: 00, Loss: 1.8617, Train: 18.10%, Valid: 13.94%, Test: 13.37%, Best Valid: 13.94%, Best Test: 13.37%
Epoch: 100, Loss: 0.1639, Train: 99.54%, Valid: 34.49%, Test: 31.40%, Best Valid: 46.69%, Best Test: 43.02%
Run 09:
Highest Train: 99.77
Highest Valid: 46.69
Highest Test: 43.60
Chosen epoch: 13
Final Train: 50.58
Final Test: 43.02
Pre-training MLP for 500 epochs to generate co-occurrence matrix...
MLP pre-training complete. Penalty matrix frozen.
Epoch: 00, Loss: 1.7953, Train: 14.32%, Valid: 14.39%, Test: 21.51%, Best Valid: 14.39%, Best Test: 21.51%
Epoch: 100, Loss: 0.2300, Train: 97.89%, Valid: 31.65%, Test: 27.96%, Best Valid: 44.96%, Best Test: 49.46%
Run 10:
Highest Train: 100.00
Highest Valid: 44.96
Highest Test: 49.46
Chosen epoch: 13
Final Train: 55.40
Final Test: 49.46
All runs:
Highest Train: 99.91 ± 0.12
Highest Test: 45.61 ± 3.38
Highest Valid: 45.86 ± 2.67
  Final Train: 58.70 ± 15.10
   Final Test: 42.79 ± 5.62
Saving results to results/chameleon/MPNN_sage.csv

Small lambda sweep completed!
==========================================================
Starting Small Lambda MLP-Reg Sweep for:
python main.py --gnn gat  --dataset chameleon --lr 0.01  --local_layers 2 --hidden_channels 256 --weight_decay 0.001 --dropout 0.7 --device 0 --runs 10 --epochs 200 --bn --res
==========================================================

Running with Pre-trained MLP Regularization (lambda=1e-4)...
Namespace(bn=True, cpu=False, data_dir='./data/', dataset='chameleon', device=0, display_step=100, dropout=0.7, epochs=200, gnn='gat', hidden_channels=256, jk=False, label_num_per_class=20, lambda_val=0.0001, ln=False, local_layers=2, lr=0.01, metric='acc', mlp_epochs=500, mlp_reg=True, model='MPNN', model_dir='./model/', num_heads=1, pre_linear=False, pre_ln=False, rand_split=False, rand_split_class=False, reg_start_epoch=10, reg_update_freq=5, res=True, runs=10, save_model=False, seed=42, test_num=1000, train_prop=0.5, use_reg=True, valid_num=500, valid_prop=0.25, weight_decay=0.001)
chameleon
dataset chameleon | num nodes 890 | num edge 8854 | num node feats 2325 | num classes 5
MODEL: MPNNs(
  (h_lins): ModuleList()
  (local_convs): ModuleList(
    (0): GATConv(2325, 256, heads=1)
    (1): GATConv(256, 256, heads=1)
  )
  (lins): ModuleList(
    (0): Linear(in_features=2325, out_features=256, bias=True)
    (1): Linear(in_features=256, out_features=256, bias=True)
  )
  (lns): ModuleList(
    (0): LayerNorm((256,), eps=1e-05, elementwise_affine=True)
    (1): LayerNorm((256,), eps=1e-05, elementwise_affine=True)
  )
  (bns): ModuleList(
    (0): BatchNorm1d(256, eps=1e-05, momentum=0.1, affine=True, track_running_stats=True)
    (1): BatchNorm1d(256, eps=1e-05, momentum=0.1, affine=True, track_running_stats=True)
  )
  (lin_in): Linear(in_features=2325, out_features=256, bias=True)
  (pred_local): Linear(in_features=256, out_features=5, bias=True)
)
Pre-training MLP for 500 epochs to generate co-occurrence matrix...
MLP pre-training complete. Penalty matrix frozen.
Epoch: 00, Loss: 1.7684, Train: 30.07%, Valid: 24.74%, Test: 28.87%, Best Valid: 24.74%, Best Test: 28.87%
Epoch: 100, Loss: 0.0658, Train: 100.00%, Valid: 41.46%, Test: 40.72%, Best Valid: 45.99%, Best Test: 46.91%
Run 01:
Highest Train: 100.00
Highest Valid: 46.34
Highest Test: 47.94
Chosen epoch: 163
Final Train: 100.00
Final Test: 38.14
Pre-training MLP for 500 epochs to generate co-occurrence matrix...
MLP pre-training complete. Penalty matrix frozen.
Epoch: 00, Loss: 1.8806, Train: 30.21%, Valid: 20.20%, Test: 22.36%, Best Valid: 20.20%, Best Test: 22.36%
Epoch: 100, Loss: 0.0485, Train: 100.00%, Valid: 36.75%, Test: 41.61%, Best Valid: 41.06%, Best Test: 44.10%
Run 02:
Highest Train: 100.00
Highest Valid: 41.06
Highest Test: 44.72
Chosen epoch: 13
Final Train: 81.03
Final Test: 44.10
Pre-training MLP for 500 epochs to generate co-occurrence matrix...
MLP pre-training complete. Penalty matrix frozen.
Epoch: 00, Loss: 1.9449, Train: 18.72%, Valid: 12.76%, Test: 14.04%, Best Valid: 12.76%, Best Test: 14.04%
Epoch: 100, Loss: 0.0526, Train: 99.76%, Valid: 41.03%, Test: 32.02%, Best Valid: 47.93%, Best Test: 39.33%
Run 03:
Highest Train: 100.00
Highest Valid: 47.93
Highest Test: 43.82
Chosen epoch: 17
Final Train: 82.23
Final Test: 39.33
Pre-training MLP for 500 epochs to generate co-occurrence matrix...
MLP pre-training complete. Penalty matrix frozen.
Epoch: 00, Loss: 1.8459, Train: 34.47%, Valid: 28.57%, Test: 28.26%, Best Valid: 28.57%, Best Test: 28.26%
Epoch: 100, Loss: 0.0443, Train: 100.00%, Valid: 36.73%, Test: 45.65%, Best Valid: 48.30%, Best Test: 48.91%
Run 04:
Highest Train: 100.00
Highest Valid: 48.30
Highest Test: 50.00
Chosen epoch: 9
Final Train: 65.05
Final Test: 48.91
Pre-training MLP for 500 epochs to generate co-occurrence matrix...
MLP pre-training complete. Penalty matrix frozen.
Epoch: 00, Loss: 1.8035, Train: 36.36%, Valid: 26.87%, Test: 27.47%, Best Valid: 26.87%, Best Test: 27.47%
Epoch: 100, Loss: 0.0957, Train: 100.00%, Valid: 40.67%, Test: 38.46%, Best Valid: 48.51%, Best Test: 41.76%
Run 05:
Highest Train: 100.00
Highest Valid: 48.51
Highest Test: 44.51
Chosen epoch: 11
Final Train: 89.77
Final Test: 41.76
Pre-training MLP for 500 epochs to generate co-occurrence matrix...
MLP pre-training complete. Penalty matrix frozen.
Epoch: 00, Loss: 1.7707, Train: 20.05%, Valid: 20.21%, Test: 12.80%, Best Valid: 20.21%, Best Test: 12.80%
Epoch: 100, Loss: 0.0366, Train: 100.00%, Valid: 35.96%, Test: 38.41%, Best Valid: 50.00%, Best Test: 32.93%
Run 06:
Highest Train: 100.00
Highest Valid: 50.00
Highest Test: 45.12
Chosen epoch: 13
Final Train: 70.74
Final Test: 32.93
Pre-training MLP for 500 epochs to generate co-occurrence matrix...
MLP pre-training complete. Penalty matrix frozen.
Epoch: 00, Loss: 1.8235, Train: 30.14%, Valid: 20.42%, Test: 21.81%, Best Valid: 20.42%, Best Test: 21.81%
Epoch: 100, Loss: 0.0278, Train: 100.00%, Valid: 40.49%, Test: 38.30%, Best Valid: 43.31%, Best Test: 45.21%
Run 07:
Highest Train: 100.00
Highest Valid: 45.07
Highest Test: 45.74
Chosen epoch: 112
Final Train: 100.00
Final Test: 39.89
Pre-training MLP for 500 epochs to generate co-occurrence matrix...
MLP pre-training complete. Penalty matrix frozen.
Epoch: 00, Loss: 1.7810, Train: 32.78%, Valid: 23.55%, Test: 26.42%, Best Valid: 23.55%, Best Test: 26.42%
Epoch: 100, Loss: 0.0508, Train: 100.00%, Valid: 40.32%, Test: 41.51%, Best Valid: 46.13%, Best Test: 48.43%
Run 08:
Highest Train: 100.00
Highest Valid: 46.13
Highest Test: 52.83
Chosen epoch: 13
Final Train: 86.94
Final Test: 48.43
Pre-training MLP for 500 epochs to generate co-occurrence matrix...
MLP pre-training complete. Penalty matrix frozen.
Epoch: 00, Loss: 1.8155, Train: 18.10%, Valid: 13.94%, Test: 13.37%, Best Valid: 13.94%, Best Test: 13.37%
Epoch: 100, Loss: 0.0461, Train: 99.77%, Valid: 40.77%, Test: 39.53%, Best Valid: 48.43%, Best Test: 41.86%
Run 09:
Highest Train: 100.00
Highest Valid: 48.43
Highest Test: 47.09
Chosen epoch: 10
Final Train: 78.42
Final Test: 41.86
Pre-training MLP for 500 epochs to generate co-occurrence matrix...
MLP pre-training complete. Penalty matrix frozen.
Epoch: 00, Loss: 1.8096, Train: 22.77%, Valid: 17.99%, Test: 24.19%, Best Valid: 17.99%, Best Test: 24.19%
Epoch: 100, Loss: 0.0479, Train: 100.00%, Valid: 35.97%, Test: 37.10%, Best Valid: 45.32%, Best Test: 44.62%
Run 10:
Highest Train: 100.00
Highest Valid: 45.32
Highest Test: 45.16
Chosen epoch: 12
Final Train: 79.58
Final Test: 44.62
All runs:
Highest Train: 100.00 ± 0.00
Highest Test: 46.69 ± 2.85
Highest Valid: 46.71 ± 2.54
  Final Train: 83.38 ± 11.29
   Final Test: 42.00 ± 4.82
Saving results to results/chameleon/MPNN_gat.csv

Running with Pre-trained MLP Regularization (lambda=0.001)...
Namespace(bn=True, cpu=False, data_dir='./data/', dataset='chameleon', device=0, display_step=100, dropout=0.7, epochs=200, gnn='gat', hidden_channels=256, jk=False, label_num_per_class=20, lambda_val=0.001, ln=False, local_layers=2, lr=0.01, metric='acc', mlp_epochs=500, mlp_reg=True, model='MPNN', model_dir='./model/', num_heads=1, pre_linear=False, pre_ln=False, rand_split=False, rand_split_class=False, reg_start_epoch=10, reg_update_freq=5, res=True, runs=10, save_model=False, seed=42, test_num=1000, train_prop=0.5, use_reg=True, valid_num=500, valid_prop=0.25, weight_decay=0.001)
chameleon
dataset chameleon | num nodes 890 | num edge 8854 | num node feats 2325 | num classes 5
MODEL: MPNNs(
  (h_lins): ModuleList()
  (local_convs): ModuleList(
    (0): GATConv(2325, 256, heads=1)
    (1): GATConv(256, 256, heads=1)
  )
  (lins): ModuleList(
    (0): Linear(in_features=2325, out_features=256, bias=True)
    (1): Linear(in_features=256, out_features=256, bias=True)
  )
  (lns): ModuleList(
    (0): LayerNorm((256,), eps=1e-05, elementwise_affine=True)
    (1): LayerNorm((256,), eps=1e-05, elementwise_affine=True)
  )
  (bns): ModuleList(
    (0): BatchNorm1d(256, eps=1e-05, momentum=0.1, affine=True, track_running_stats=True)
    (1): BatchNorm1d(256, eps=1e-05, momentum=0.1, affine=True, track_running_stats=True)
  )
  (lin_in): Linear(in_features=2325, out_features=256, bias=True)
  (pred_local): Linear(in_features=256, out_features=5, bias=True)
)
Pre-training MLP for 500 epochs to generate co-occurrence matrix...
MLP pre-training complete. Penalty matrix frozen.
Epoch: 00, Loss: 1.7700, Train: 30.07%, Valid: 24.74%, Test: 28.87%, Best Valid: 24.74%, Best Test: 28.87%
Epoch: 100, Loss: 0.1430, Train: 100.00%, Valid: 42.86%, Test: 40.72%, Best Valid: 45.99%, Best Test: 46.91%
Run 01:
Highest Train: 100.00
Highest Valid: 46.69
Highest Test: 48.45
Chosen epoch: 196
Final Train: 100.00
Final Test: 37.63
Pre-training MLP for 500 epochs to generate co-occurrence matrix...
MLP pre-training complete. Penalty matrix frozen.
Epoch: 00, Loss: 1.8823, Train: 30.21%, Valid: 20.20%, Test: 22.36%, Best Valid: 20.20%, Best Test: 22.36%
Epoch: 100, Loss: 0.0573, Train: 100.00%, Valid: 35.76%, Test: 44.72%, Best Valid: 41.06%, Best Test: 42.86%
Run 02:
Highest Train: 100.00
Highest Valid: 41.06
Highest Test: 45.96
Chosen epoch: 8
Final Train: 70.02
Final Test: 42.86
Pre-training MLP for 500 epochs to generate co-occurrence matrix...
MLP pre-training complete. Penalty matrix frozen.
Epoch: 00, Loss: 1.9466, Train: 18.72%, Valid: 12.76%, Test: 14.04%, Best Valid: 12.76%, Best Test: 14.04%
Epoch: 100, Loss: 0.0543, Train: 99.76%, Valid: 38.28%, Test: 28.09%, Best Valid: 50.00%, Best Test: 39.33%
Run 03:
Highest Train: 100.00
Highest Valid: 50.00
Highest Test: 44.94
Chosen epoch: 26
Final Train: 92.42
Final Test: 39.33
Pre-training MLP for 500 epochs to generate co-occurrence matrix...
MLP pre-training complete. Penalty matrix frozen.
Epoch: 00, Loss: 1.8475, Train: 34.47%, Valid: 28.57%, Test: 27.72%, Best Valid: 28.57%, Best Test: 27.72%
Epoch: 100, Loss: 0.0475, Train: 100.00%, Valid: 35.03%, Test: 42.39%, Best Valid: 47.96%, Best Test: 47.83%
Run 04:
Highest Train: 100.00
Highest Valid: 47.96
Highest Test: 48.37
Chosen epoch: 13
Final Train: 80.34
Final Test: 47.83
Pre-training MLP for 500 epochs to generate co-occurrence matrix...
MLP pre-training complete. Penalty matrix frozen.
Epoch: 00, Loss: 1.8051, Train: 36.36%, Valid: 26.87%, Test: 27.47%, Best Valid: 26.87%, Best Test: 27.47%
Epoch: 100, Loss: 0.0625, Train: 100.00%, Valid: 39.55%, Test: 40.66%, Best Valid: 49.25%, Best Test: 42.86%
Run 05:
Highest Train: 100.00
Highest Valid: 49.25
Highest Test: 44.51
Chosen epoch: 13
Final Train: 94.55
Final Test: 42.86
Pre-training MLP for 500 epochs to generate co-occurrence matrix...
MLP pre-training complete. Penalty matrix frozen.
Epoch: 00, Loss: 1.7723, Train: 20.05%, Valid: 20.21%, Test: 12.80%, Best Valid: 20.21%, Best Test: 12.80%
Epoch: 100, Loss: 0.0556, Train: 100.00%, Valid: 35.62%, Test: 37.20%, Best Valid: 49.32%, Best Test: 39.63%
Run 06:
Highest Train: 100.00
Highest Valid: 49.32
Highest Test: 43.90
Chosen epoch: 19
Final Train: 86.87
Final Test: 39.63
Pre-training MLP for 500 epochs to generate co-occurrence matrix...
MLP pre-training complete. Penalty matrix frozen.
Epoch: 00, Loss: 1.8251, Train: 30.14%, Valid: 20.42%, Test: 21.81%, Best Valid: 20.42%, Best Test: 21.81%
Epoch: 100, Loss: 0.0328, Train: 100.00%, Valid: 42.61%, Test: 42.55%, Best Valid: 43.31%, Best Test: 46.28%
Run 07:
Highest Train: 100.00
Highest Valid: 43.31
Highest Test: 46.28
Chosen epoch: 15
Final Train: 89.95
Final Test: 46.28
Pre-training MLP for 500 epochs to generate co-occurrence matrix...
MLP pre-training complete. Penalty matrix frozen.
Epoch: 00, Loss: 1.7826, Train: 33.02%, Valid: 23.55%, Test: 26.42%, Best Valid: 23.55%, Best Test: 26.42%
Epoch: 100, Loss: 0.0356, Train: 100.00%, Valid: 38.71%, Test: 44.65%, Best Valid: 45.16%, Best Test: 50.31%
Run 08:
Highest Train: 100.00
Highest Valid: 45.16
Highest Test: 50.94
Chosen epoch: 12
Final Train: 83.37
Final Test: 50.31
Pre-training MLP for 500 epochs to generate co-occurrence matrix...
MLP pre-training complete. Penalty matrix frozen.
Epoch: 00, Loss: 1.8171, Train: 18.10%, Valid: 13.94%, Test: 13.37%, Best Valid: 13.94%, Best Test: 13.37%
Epoch: 100, Loss: 0.0443, Train: 99.77%, Valid: 42.16%, Test: 40.70%, Best Valid: 48.43%, Best Test: 41.86%
Run 09:
Highest Train: 100.00
Highest Valid: 48.43
Highest Test: 44.77
Chosen epoch: 11
Final Train: 82.60
Final Test: 41.86
Pre-training MLP for 500 epochs to generate co-occurrence matrix...
MLP pre-training complete. Penalty matrix frozen.
Epoch: 00, Loss: 1.8112, Train: 22.77%, Valid: 17.99%, Test: 24.19%, Best Valid: 17.99%, Best Test: 24.19%
Epoch: 100, Loss: 0.0576, Train: 100.00%, Valid: 36.33%, Test: 39.25%, Best Valid: 44.96%, Best Test: 41.94%
Run 10:
Highest Train: 100.00
Highest Valid: 44.96
Highest Test: 45.70
Chosen epoch: 15
Final Train: 88.50
Final Test: 41.94
All runs:
Highest Train: 100.00 ± 0.00
Highest Test: 46.38 ± 2.21
Highest Valid: 46.61 ± 2.93
  Final Train: 86.86 ± 8.37
   Final Test: 43.05 ± 4.00
Saving results to results/chameleon/MPNN_gat.csv

Running with Pre-trained MLP Regularization (lambda=0.005)...
Namespace(bn=True, cpu=False, data_dir='./data/', dataset='chameleon', device=0, display_step=100, dropout=0.7, epochs=200, gnn='gat', hidden_channels=256, jk=False, label_num_per_class=20, lambda_val=0.005, ln=False, local_layers=2, lr=0.01, metric='acc', mlp_epochs=500, mlp_reg=True, model='MPNN', model_dir='./model/', num_heads=1, pre_linear=False, pre_ln=False, rand_split=False, rand_split_class=False, reg_start_epoch=10, reg_update_freq=5, res=True, runs=10, save_model=False, seed=42, test_num=1000, train_prop=0.5, use_reg=True, valid_num=500, valid_prop=0.25, weight_decay=0.001)
chameleon
dataset chameleon | num nodes 890 | num edge 8854 | num node feats 2325 | num classes 5
MODEL: MPNNs(
  (h_lins): ModuleList()
  (local_convs): ModuleList(
    (0): GATConv(2325, 256, heads=1)
    (1): GATConv(256, 256, heads=1)
  )
  (lins): ModuleList(
    (0): Linear(in_features=2325, out_features=256, bias=True)
    (1): Linear(in_features=256, out_features=256, bias=True)
  )
  (lns): ModuleList(
    (0): LayerNorm((256,), eps=1e-05, elementwise_affine=True)
    (1): LayerNorm((256,), eps=1e-05, elementwise_affine=True)
  )
  (bns): ModuleList(
    (0): BatchNorm1d(256, eps=1e-05, momentum=0.1, affine=True, track_running_stats=True)
    (1): BatchNorm1d(256, eps=1e-05, momentum=0.1, affine=True, track_running_stats=True)
  )
  (lin_in): Linear(in_features=2325, out_features=256, bias=True)
  (pred_local): Linear(in_features=256, out_features=5, bias=True)
)
Pre-training MLP for 500 epochs to generate co-occurrence matrix...
MLP pre-training complete. Penalty matrix frozen.
Epoch: 00, Loss: 1.7770, Train: 30.07%, Valid: 24.74%, Test: 28.87%, Best Valid: 24.74%, Best Test: 28.87%
Epoch: 100, Loss: 0.0648, Train: 100.00%, Valid: 45.30%, Test: 41.24%, Best Valid: 46.69%, Best Test: 47.42%
Run 01:
Highest Train: 100.00
Highest Valid: 47.04
Highest Test: 48.45
Chosen epoch: 158
Final Train: 100.00
Final Test: 40.21
Pre-training MLP for 500 epochs to generate co-occurrence matrix...
MLP pre-training complete. Penalty matrix frozen.
Epoch: 00, Loss: 1.8898, Train: 30.21%, Valid: 20.20%, Test: 22.36%, Best Valid: 20.20%, Best Test: 22.36%
Epoch: 100, Loss: 0.0554, Train: 100.00%, Valid: 36.42%, Test: 42.86%, Best Valid: 41.06%, Best Test: 40.37%
Run 02:
Highest Train: 100.00
Highest Valid: 41.06
Highest Test: 44.72
Chosen epoch: 8
Final Train: 70.96
Final Test: 40.37
Pre-training MLP for 500 epochs to generate co-occurrence matrix...
MLP pre-training complete. Penalty matrix frozen.
Epoch: 00, Loss: 1.9544, Train: 18.72%, Valid: 12.76%, Test: 14.04%, Best Valid: 12.76%, Best Test: 14.04%
Epoch: 100, Loss: 0.0850, Train: 99.76%, Valid: 38.97%, Test: 29.78%, Best Valid: 48.28%, Best Test: 43.82%
Run 03:
Highest Train: 100.00
Highest Valid: 48.28
Highest Test: 43.82
Chosen epoch: 15
Final Train: 77.01
Final Test: 43.82
Pre-training MLP for 500 epochs to generate co-occurrence matrix...
MLP pre-training complete. Penalty matrix frozen.
Epoch: 00, Loss: 1.8549, Train: 34.71%, Valid: 28.57%, Test: 27.72%, Best Valid: 28.57%, Best Test: 27.72%
Epoch: 100, Loss: 0.0722, Train: 100.00%, Valid: 37.07%, Test: 39.13%, Best Valid: 50.34%, Best Test: 47.28%
Run 04:
Highest Train: 100.00
Highest Valid: 50.34
Highest Test: 48.91
Chosen epoch: 11
Final Train: 71.60
Final Test: 47.28
Pre-training MLP for 500 epochs to generate co-occurrence matrix...
MLP pre-training complete. Penalty matrix frozen.
Epoch: 00, Loss: 1.8123, Train: 36.36%, Valid: 26.87%, Test: 27.47%, Best Valid: 26.87%, Best Test: 27.47%
Epoch: 100, Loss: 0.0353, Train: 100.00%, Valid: 37.31%, Test: 38.46%, Best Valid: 48.88%, Best Test: 42.31%
Run 05:
Highest Train: 100.00
Highest Valid: 48.88
Highest Test: 43.41
Chosen epoch: 10
Final Train: 86.82
Final Test: 42.31
Pre-training MLP for 500 epochs to generate co-occurrence matrix...
MLP pre-training complete. Penalty matrix frozen.
Epoch: 00, Loss: 1.7793, Train: 20.05%, Valid: 20.21%, Test: 12.80%, Best Valid: 20.21%, Best Test: 12.80%
Epoch: 100, Loss: 0.0654, Train: 100.00%, Valid: 38.01%, Test: 40.24%, Best Valid: 48.29%, Best Test: 40.85%
Run 06:
Highest Train: 100.00
Highest Valid: 48.29
Highest Test: 45.12
Chosen epoch: 13
Final Train: 77.19
Final Test: 40.85
Pre-training MLP for 500 epochs to generate co-occurrence matrix...
MLP pre-training complete. Penalty matrix frozen.
Epoch: 00, Loss: 1.8324, Train: 30.14%, Valid: 20.42%, Test: 21.81%, Best Valid: 20.42%, Best Test: 21.81%
Epoch: 100, Loss: 0.0345, Train: 100.00%, Valid: 40.85%, Test: 38.83%, Best Valid: 45.07%, Best Test: 42.55%
Run 07:
Highest Train: 100.00
Highest Valid: 45.07
Highest Test: 45.21
Chosen epoch: 17
Final Train: 89.47
Final Test: 42.55
Pre-training MLP for 500 epochs to generate co-occurrence matrix...
MLP pre-training complete. Penalty matrix frozen.
Epoch: 00, Loss: 1.7897, Train: 33.02%, Valid: 23.87%, Test: 26.42%, Best Valid: 23.87%, Best Test: 26.42%
Epoch: 100, Loss: 0.0672, Train: 100.00%, Valid: 42.26%, Test: 46.54%, Best Valid: 46.45%, Best Test: 49.69%
Run 08:
Highest Train: 100.00
Highest Valid: 46.45
Highest Test: 50.94
Chosen epoch: 10
Final Train: 78.38
Final Test: 49.69
Pre-training MLP for 500 epochs to generate co-occurrence matrix...
MLP pre-training complete. Penalty matrix frozen.
Epoch: 00, Loss: 1.8244, Train: 18.10%, Valid: 13.94%, Test: 13.37%, Best Valid: 13.94%, Best Test: 13.37%
Epoch: 100, Loss: 0.0472, Train: 99.77%, Valid: 43.21%, Test: 38.95%, Best Valid: 47.74%, Best Test: 41.28%
Run 09:
Highest Train: 100.00
Highest Valid: 47.74
Highest Test: 45.93
Chosen epoch: 12
Final Train: 85.15
Final Test: 41.28
Pre-training MLP for 500 epochs to generate co-occurrence matrix...
MLP pre-training complete. Penalty matrix frozen.
Epoch: 00, Loss: 1.8185, Train: 22.77%, Valid: 17.99%, Test: 24.19%, Best Valid: 17.99%, Best Test: 24.19%
Epoch: 100, Loss: 0.0440, Train: 100.00%, Valid: 37.41%, Test: 38.71%, Best Valid: 45.32%, Best Test: 45.16%
Run 10:
Highest Train: 100.00
Highest Valid: 45.32
Highest Test: 45.16
Chosen epoch: 15
Final Train: 88.50
Final Test: 45.16
All runs:
Highest Train: 100.00 ± 0.00
Highest Test: 46.17 ± 2.45
Highest Valid: 46.85 ± 2.59
  Final Train: 82.51 ± 9.09
   Final Test: 43.35 ± 3.16
Saving results to results/chameleon/MPNN_gat.csv

Small lambda sweep completed!
==========================================================
Sweep for chameleon completed at: Sat Apr 25 08:49:53 PM EDT 2026
==========================================================
