==========================================================
Homophilic MLP-Reg GNN Sweep — Dataset: coauthor-cs
Array task: 2 / Job: 998532
Date: Sun Apr 26 12:03:06 AM EDT 2026 | Host: n0001
==========================================================
Sun Apr 26 00:03:15 2026       
+-----------------------------------------------------------------------------------------+
| NVIDIA-SMI 570.211.01             Driver Version: 570.211.01     CUDA Version: 12.8     |
|-----------------------------------------+------------------------+----------------------+
| GPU  Name                 Persistence-M | Bus-Id          Disp.A | Volatile Uncorr. ECC |
| Fan  Temp   Perf          Pwr:Usage/Cap |           Memory-Usage | GPU-Util  Compute M. |
|                                         |                        |               MIG M. |
|=========================================+========================+======================|
|   0  NVIDIA A100-SXM4-80GB          On  |   00000000:01:00.0 Off |                   On |
| N/A   35C    P0            114W /  500W |    3547MiB /  81920MiB |     N/A      Default |
|                                         |                        |              Enabled |
+-----------------------------------------+------------------------+----------------------+
|   1  NVIDIA A100-SXM4-80GB          On  |   00000000:41:00.0 Off |                   On |
| N/A   34C    P0            111W /  500W |    2169MiB /  81920MiB |     N/A      Default |
|                                         |                        |              Enabled |
+-----------------------------------------+------------------------+----------------------+
|   2  NVIDIA A100-SXM4-80GB          On  |   00000000:81:00.0 Off |                   On |
| N/A   36C    P0            111W /  500W |    5561MiB /  81920MiB |     N/A      Default |
|                                         |                        |              Enabled |
+-----------------------------------------+------------------------+----------------------+
|   3  NVIDIA A100-SXM4-80GB          On  |   00000000:C1:00.0 Off |                   On |
| N/A   25C    P0             49W /  500W |     185MiB /  81920MiB |     N/A      Default |
|                                         |                        |              Enabled |
+-----------------------------------------+------------------------+----------------------+

+-----------------------------------------------------------------------------------------+
| MIG devices:                                                                            |
+------------------+----------------------------------+-----------+-----------------------+
| GPU  GI  CI  MIG |                     Memory-Usage |        Vol|        Shared         |
|      ID  ID  Dev |                       BAR1-Usage | SM     Unc| CE ENC  DEC  OFA  JPG |
|                  |                                  |        ECC|                       |
|==================+==================================+===========+=======================|
|  2   10   0   0  |              27MiB /  9728MiB    | 14      0 |  1   0    0    0    0 |
|                  |                 0MiB / 16383MiB  |           |                       |
+------------------+----------------------------------+-----------+-----------------------+
                                                                                         
+-----------------------------------------------------------------------------------------+
| Processes:                                                                              |
|  GPU   GI   CI              PID   Type   Process name                        GPU Memory |
|        ID   ID                                                               Usage      |
|=========================================================================================|
|    0   13    0           722285      C   python                                 3358MiB |
|    1   13    0           761464      C   python                                 1980MiB |
+-----------------------------------------------------------------------------------------+
1.12.1
True
NVIDIA A100-SXM4-80GB MIG 1g.10gb
==========================================================
Starting Homophilic MLP-Reg Sweep for:
python main.py --gnn gcn  --dataset coauthor-cs --hidden_channels 512 --epochs 1500 --lr 0.001 --runs 3 --local_layers 2 --weight_decay 5e-4 --dropout 0.3 --device 0 --ln --res
==========================================================
Running Baseline (REG: False)...
Namespace(bn=False, cpu=False, data_dir='./data/', dataset='coauthor-cs', device=0, display_step=100, dropout=0.3, epochs=1500, gnn='gcn', hidden_channels=512, jk=False, label_num_per_class=20, lambda_val=0.5, ln=True, local_layers=2, lr=0.001, metric='acc', mlp_epochs=500, mlp_reg=False, model='MPNN', model_dir='./model/', num_heads=1, pre_linear=False, pre_ln=False, rand_split=False, rand_split_class=False, reg_start_epoch=10, reg_update_freq=5, res=True, runs=3, save_model=False, seed=42, test_num=1000, train_prop=0.5, use_reg=False, valid_num=500, valid_prop=0.25, weight_decay=0.0005)
coauthor-cs
dataset coauthor-cs | num nodes 18333 | num edge 163788 | num node feats 6805 | num classes 15
MODEL: MPNNs(
  (h_lins): ModuleList()
  (local_convs): ModuleList(
    (0): GCNConv(6805, 512)
    (1): GCNConv(512, 512)
  )
  (lins): ModuleList(
    (0): Linear(in_features=6805, out_features=512, bias=True)
    (1): Linear(in_features=512, out_features=512, bias=True)
  )
  (lns): ModuleList(
    (0): LayerNorm((512,), eps=1e-05, elementwise_affine=True)
    (1): LayerNorm((512,), eps=1e-05, elementwise_affine=True)
  )
  (bns): ModuleList(
    (0): BatchNorm1d(512, eps=1e-05, momentum=0.1, affine=True, track_running_stats=True)
    (1): BatchNorm1d(512, eps=1e-05, momentum=0.1, affine=True, track_running_stats=True)
  )
  (lin_in): Linear(in_features=6805, out_features=512, bias=True)
  (pred_local): Linear(in_features=512, out_features=15, bias=True)
)
Epoch: 00, Loss: 2.8285, Train: 22.05%, Valid: 23.92%, Test: 22.74%, Best Valid: 23.92%, Best Test: 22.74%
Epoch: 100, Loss: 0.0032, Train: 100.00%, Valid: 94.49%, Test: 95.39%, Best Valid: 95.23%, Best Test: 96.07%
Epoch: 200, Loss: 0.0135, Train: 99.84%, Valid: 94.95%, Test: 95.61%, Best Valid: 95.23%, Best Test: 96.07%
Epoch: 300, Loss: 0.0039, Train: 100.00%, Valid: 94.74%, Test: 95.37%, Best Valid: 95.23%, Best Test: 96.07%
Epoch: 400, Loss: 0.0023, Train: 100.00%, Valid: 94.41%, Test: 95.04%, Best Valid: 95.23%, Best Test: 96.07%
Epoch: 500, Loss: 0.0016, Train: 100.00%, Valid: 94.11%, Test: 94.38%, Best Valid: 95.23%, Best Test: 96.07%
Epoch: 600, Loss: 0.0084, Train: 99.94%, Valid: 94.87%, Test: 95.64%, Best Valid: 95.23%, Best Test: 96.07%
Epoch: 700, Loss: 0.0028, Train: 100.00%, Valid: 94.63%, Test: 95.37%, Best Valid: 95.23%, Best Test: 96.07%
Epoch: 800, Loss: 0.0018, Train: 100.00%, Valid: 94.38%, Test: 94.93%, Best Valid: 95.23%, Best Test: 96.07%
Epoch: 900, Loss: 0.0016, Train: 100.00%, Valid: 94.22%, Test: 94.93%, Best Valid: 95.23%, Best Test: 96.07%
Epoch: 1000, Loss: 0.0015, Train: 100.00%, Valid: 94.19%, Test: 94.66%, Best Valid: 95.23%, Best Test: 96.07%
Epoch: 1100, Loss: 0.0016, Train: 100.00%, Valid: 93.97%, Test: 94.82%, Best Valid: 95.23%, Best Test: 96.07%
Epoch: 1200, Loss: 0.3721, Train: 92.74%, Valid: 91.41%, Test: 91.58%, Best Valid: 95.23%, Best Test: 96.07%
Epoch: 1300, Loss: 0.0371, Train: 99.67%, Valid: 94.82%, Test: 95.64%, Best Valid: 95.23%, Best Test: 96.07%
Epoch: 1400, Loss: 0.0108, Train: 99.99%, Valid: 94.71%, Test: 95.15%, Best Valid: 95.23%, Best Test: 96.07%
Run 01:
Highest Train: 100.00
Highest Valid: 95.23
Highest Test: 96.13
Chosen epoch: 30
Final Train: 99.47
Final Test: 96.07
Epoch: 00, Loss: 2.8266, Train: 22.05%, Valid: 23.92%, Test: 22.74%, Best Valid: 23.92%, Best Test: 22.74%
Epoch: 100, Loss: 0.0037, Train: 100.00%, Valid: 94.49%, Test: 95.42%, Best Valid: 95.20%, Best Test: 95.91%
Epoch: 200, Loss: 0.0514, Train: 98.78%, Valid: 94.68%, Test: 95.77%, Best Valid: 95.20%, Best Test: 95.91%
Epoch: 300, Loss: 0.0072, Train: 100.00%, Valid: 94.74%, Test: 95.58%, Best Valid: 95.28%, Best Test: 95.91%
Epoch: 400, Loss: 0.0039, Train: 100.00%, Valid: 94.49%, Test: 95.15%, Best Valid: 95.28%, Best Test: 95.91%
Epoch: 500, Loss: 0.0026, Train: 100.00%, Valid: 94.49%, Test: 95.12%, Best Valid: 95.28%, Best Test: 95.91%
Epoch: 600, Loss: 0.0019, Train: 100.00%, Valid: 94.33%, Test: 95.01%, Best Valid: 95.28%, Best Test: 95.91%
Epoch: 700, Loss: 2.1361, Train: 69.30%, Valid: 68.22%, Test: 67.23%, Best Valid: 95.28%, Best Test: 95.91%
Epoch: 800, Loss: 0.0278, Train: 99.75%, Valid: 94.63%, Test: 95.64%, Best Valid: 95.28%, Best Test: 95.91%
Epoch: 900, Loss: 0.0084, Train: 100.00%, Valid: 94.71%, Test: 95.12%, Best Valid: 95.28%, Best Test: 95.91%
Epoch: 1000, Loss: 0.0043, Train: 100.00%, Valid: 94.38%, Test: 95.07%, Best Valid: 95.28%, Best Test: 95.91%
Epoch: 1100, Loss: 0.0028, Train: 100.00%, Valid: 94.19%, Test: 95.01%, Best Valid: 95.28%, Best Test: 95.91%
Epoch: 1200, Loss: 0.2255, Train: 95.12%, Valid: 93.15%, Test: 94.25%, Best Valid: 95.28%, Best Test: 95.91%
Epoch: 1300, Loss: 0.0194, Train: 99.86%, Valid: 95.01%, Test: 95.69%, Best Valid: 95.28%, Best Test: 95.91%
Epoch: 1400, Loss: 0.0056, Train: 100.00%, Valid: 94.52%, Test: 95.34%, Best Valid: 95.28%, Best Test: 95.91%
Run 02:
Highest Train: 100.00
Highest Valid: 95.28
Highest Test: 95.99
Chosen epoch: 235
Final Train: 99.83
Final Test: 95.91
Epoch: 00, Loss: 2.8100, Train: 22.05%, Valid: 23.92%, Test: 22.74%, Best Valid: 23.92%, Best Test: 22.74%
Epoch: 100, Loss: 0.0028, Train: 100.00%, Valid: 94.76%, Test: 95.31%, Best Valid: 95.20%, Best Test: 96.02%
Epoch: 200, Loss: 0.0055, Train: 99.99%, Valid: 94.74%, Test: 95.39%, Best Valid: 95.20%, Best Test: 96.02%
Epoch: 300, Loss: 0.0022, Train: 100.00%, Valid: 94.87%, Test: 95.17%, Best Valid: 95.20%, Best Test: 96.02%
Epoch: 400, Loss: 1.9893, Train: 74.77%, Valid: 72.56%, Test: 73.34%, Best Valid: 95.20%, Best Test: 96.02%
Epoch: 500, Loss: 0.0273, Train: 99.76%, Valid: 95.01%, Test: 95.56%, Best Valid: 95.20%, Best Test: 96.02%
Epoch: 600, Loss: 0.0096, Train: 100.00%, Valid: 94.44%, Test: 95.37%, Best Valid: 95.20%, Best Test: 96.02%
Epoch: 700, Loss: 0.0053, Train: 100.00%, Valid: 94.52%, Test: 95.07%, Best Valid: 95.20%, Best Test: 96.02%
Epoch: 800, Loss: 0.0034, Train: 100.00%, Valid: 94.65%, Test: 95.09%, Best Valid: 95.20%, Best Test: 96.02%
Epoch: 900, Loss: 0.0027, Train: 100.00%, Valid: 94.35%, Test: 94.96%, Best Valid: 95.20%, Best Test: 96.02%
Epoch: 1000, Loss: 0.0023, Train: 100.00%, Valid: 94.33%, Test: 94.82%, Best Valid: 95.20%, Best Test: 96.02%
Epoch: 1100, Loss: 0.0024, Train: 100.00%, Valid: 94.33%, Test: 94.90%, Best Valid: 95.20%, Best Test: 96.02%
Epoch: 1200, Loss: 0.0423, Train: 99.27%, Valid: 94.79%, Test: 95.91%, Best Valid: 95.20%, Best Test: 96.02%
Epoch: 1300, Loss: 0.0041, Train: 100.00%, Valid: 94.84%, Test: 95.37%, Best Valid: 95.20%, Best Test: 96.02%
Epoch: 1400, Loss: 0.0019, Train: 100.00%, Valid: 94.54%, Test: 95.01%, Best Valid: 95.20%, Best Test: 96.02%
Run 03:
Highest Train: 100.00
Highest Valid: 95.20
Highest Test: 96.05
Chosen epoch: 31
Final Train: 99.54
Final Test: 96.02
All runs:
Highest Train: 100.00 ± 0.00
Highest Test: 96.06 ± 0.07
Highest Valid: 95.24 ± 0.04
  Final Train: 99.61 ± 0.19
   Final Test: 96.00 ± 0.08
Saving results to results/coauthor-cs/MPNN_gcn.csv

Running with Pre-trained MLP Regularization (lambda=0.01)...
Namespace(bn=False, cpu=False, data_dir='./data/', dataset='coauthor-cs', device=0, display_step=100, dropout=0.3, epochs=1500, gnn='gcn', hidden_channels=512, jk=False, label_num_per_class=20, lambda_val=0.01, ln=True, local_layers=2, lr=0.001, metric='acc', mlp_epochs=500, mlp_reg=True, model='MPNN', model_dir='./model/', num_heads=1, pre_linear=False, pre_ln=False, rand_split=False, rand_split_class=False, reg_start_epoch=10, reg_update_freq=5, res=True, runs=3, save_model=False, seed=42, test_num=1000, train_prop=0.5, use_reg=True, valid_num=500, valid_prop=0.25, weight_decay=0.0005)
coauthor-cs
dataset coauthor-cs | num nodes 18333 | num edge 163788 | num node feats 6805 | num classes 15
MODEL: MPNNs(
  (h_lins): ModuleList()
  (local_convs): ModuleList(
    (0): GCNConv(6805, 512)
    (1): GCNConv(512, 512)
  )
  (lins): ModuleList(
    (0): Linear(in_features=6805, out_features=512, bias=True)
    (1): Linear(in_features=512, out_features=512, bias=True)
  )
  (lns): ModuleList(
    (0): LayerNorm((512,), eps=1e-05, elementwise_affine=True)
    (1): LayerNorm((512,), eps=1e-05, elementwise_affine=True)
  )
  (bns): ModuleList(
    (0): BatchNorm1d(512, eps=1e-05, momentum=0.1, affine=True, track_running_stats=True)
    (1): BatchNorm1d(512, eps=1e-05, momentum=0.1, affine=True, track_running_stats=True)
  )
  (lin_in): Linear(in_features=6805, out_features=512, bias=True)
  (pred_local): Linear(in_features=512, out_features=15, bias=True)
)
Pre-training MLP for 500 epochs to generate co-occurrence matrix...
MLP pre-training complete. Penalty matrix frozen.
Epoch: 00, Loss: 2.8520, Train: 22.05%, Valid: 23.92%, Test: 22.74%, Best Valid: 23.92%, Best Test: 22.74%
Epoch: 100, Loss: 0.0030, Train: 100.00%, Valid: 94.54%, Test: 95.39%, Best Valid: 95.28%, Best Test: 95.94%
Epoch: 200, Loss: 0.0244, Train: 99.65%, Valid: 94.95%, Test: 96.05%, Best Valid: 95.28%, Best Test: 95.94%
Epoch: 300, Loss: 0.0051, Train: 100.00%, Valid: 94.82%, Test: 95.20%, Best Valid: 95.28%, Best Test: 95.94%
Epoch: 400, Loss: 0.0027, Train: 100.00%, Valid: 94.82%, Test: 95.20%, Best Valid: 95.28%, Best Test: 95.94%
Epoch: 500, Loss: 0.0019, Train: 100.00%, Valid: 94.49%, Test: 94.90%, Best Valid: 95.28%, Best Test: 95.94%
Epoch: 600, Loss: 0.0014, Train: 100.00%, Valid: 94.52%, Test: 94.85%, Best Valid: 95.28%, Best Test: 95.94%
Epoch: 700, Loss: 0.1058, Train: 97.57%, Valid: 94.65%, Test: 95.50%, Best Valid: 95.28%, Best Test: 95.94%
Epoch: 800, Loss: 0.0191, Train: 99.90%, Valid: 94.71%, Test: 95.28%, Best Valid: 95.28%, Best Test: 95.94%
Epoch: 900, Loss: 0.0061, Train: 100.00%, Valid: 94.49%, Test: 95.04%, Best Valid: 95.28%, Best Test: 95.94%
Epoch: 1000, Loss: 0.0038, Train: 100.00%, Valid: 94.68%, Test: 94.71%, Best Valid: 95.28%, Best Test: 95.94%
Epoch: 1100, Loss: 0.0027, Train: 100.00%, Valid: 94.52%, Test: 94.79%, Best Valid: 95.28%, Best Test: 95.94%
Epoch: 1200, Loss: 0.0019, Train: 100.00%, Valid: 94.76%, Test: 94.93%, Best Valid: 95.28%, Best Test: 95.94%
Epoch: 1300, Loss: 1.4689, Train: 60.35%, Valid: 59.79%, Test: 60.03%, Best Valid: 95.28%, Best Test: 95.94%
Epoch: 1400, Loss: 0.0281, Train: 99.76%, Valid: 95.09%, Test: 95.56%, Best Valid: 95.28%, Best Test: 95.94%
Run 01:
Highest Train: 100.00
Highest Valid: 95.28
Highest Test: 96.10
Chosen epoch: 34
Final Train: 99.74
Final Test: 95.94
Pre-training MLP for 500 epochs to generate co-occurrence matrix...
MLP pre-training complete. Penalty matrix frozen.
Epoch: 00, Loss: 2.9775, Train: 22.06%, Valid: 23.92%, Test: 22.74%, Best Valid: 23.92%, Best Test: 22.74%
Epoch: 100, Loss: 0.0033, Train: 100.00%, Valid: 94.41%, Test: 95.61%, Best Valid: 95.34%, Best Test: 95.94%
Epoch: 200, Loss: 0.0024, Train: 100.00%, Valid: 94.95%, Test: 95.56%, Best Valid: 95.39%, Best Test: 95.72%
Epoch: 300, Loss: 0.0013, Train: 100.00%, Valid: 94.52%, Test: 95.31%, Best Valid: 95.39%, Best Test: 95.72%
Epoch: 400, Loss: 0.0864, Train: 97.90%, Valid: 94.71%, Test: 96.07%, Best Valid: 95.39%, Best Test: 95.72%
Epoch: 500, Loss: 0.0154, Train: 99.96%, Valid: 94.74%, Test: 95.64%, Best Valid: 95.39%, Best Test: 95.72%
Epoch: 600, Loss: 0.0067, Train: 100.00%, Valid: 94.65%, Test: 95.39%, Best Valid: 95.39%, Best Test: 95.72%
Epoch: 700, Loss: 0.0052, Train: 100.00%, Valid: 94.54%, Test: 95.15%, Best Valid: 95.39%, Best Test: 95.72%
Epoch: 800, Loss: 0.0032, Train: 100.00%, Valid: 94.63%, Test: 95.09%, Best Valid: 95.39%, Best Test: 95.72%
Epoch: 900, Loss: 0.0031, Train: 100.00%, Valid: 94.38%, Test: 95.01%, Best Valid: 95.39%, Best Test: 95.72%
Epoch: 1000, Loss: 0.0817, Train: 98.08%, Valid: 94.65%, Test: 95.80%, Best Valid: 95.39%, Best Test: 95.72%
Epoch: 1100, Loss: 0.0094, Train: 99.99%, Valid: 94.54%, Test: 95.69%, Best Valid: 95.39%, Best Test: 95.72%
Epoch: 1200, Loss: 0.0043, Train: 100.00%, Valid: 94.46%, Test: 95.37%, Best Valid: 95.39%, Best Test: 95.72%
Epoch: 1300, Loss: 0.0024, Train: 100.00%, Valid: 94.22%, Test: 94.98%, Best Valid: 95.39%, Best Test: 95.72%
Epoch: 1400, Loss: 0.0021, Train: 100.00%, Valid: 94.24%, Test: 94.90%, Best Valid: 95.39%, Best Test: 95.72%
Run 02:
Highest Train: 100.00
Highest Valid: 95.39
Highest Test: 96.10
Chosen epoch: 136
Final Train: 99.76
Final Test: 95.72
Pre-training MLP for 500 epochs to generate co-occurrence matrix...
MLP pre-training complete. Penalty matrix frozen.
Epoch: 00, Loss: 2.7839, Train: 22.05%, Valid: 23.92%, Test: 22.74%, Best Valid: 23.92%, Best Test: 22.74%
Epoch: 100, Loss: 0.0030, Train: 100.00%, Valid: 94.79%, Test: 95.58%, Best Valid: 95.23%, Best Test: 95.88%
Epoch: 200, Loss: 0.0038, Train: 99.99%, Valid: 94.90%, Test: 95.23%, Best Valid: 95.23%, Best Test: 95.88%
Epoch: 300, Loss: 0.0018, Train: 100.00%, Valid: 94.74%, Test: 95.12%, Best Valid: 95.23%, Best Test: 95.88%
Epoch: 400, Loss: 0.0014, Train: 100.00%, Valid: 93.97%, Test: 94.98%, Best Valid: 95.23%, Best Test: 95.88%
Epoch: 500, Loss: 0.0401, Train: 99.47%, Valid: 94.90%, Test: 95.61%, Best Valid: 95.23%, Best Test: 95.88%
Epoch: 600, Loss: 0.0146, Train: 99.99%, Valid: 94.71%, Test: 95.37%, Best Valid: 95.23%, Best Test: 95.88%
Epoch: 700, Loss: 0.0071, Train: 100.00%, Valid: 94.54%, Test: 95.12%, Best Valid: 95.23%, Best Test: 95.88%
Epoch: 800, Loss: 0.0048, Train: 100.00%, Valid: 94.63%, Test: 95.04%, Best Valid: 95.23%, Best Test: 95.88%
Epoch: 900, Loss: 0.0042, Train: 100.00%, Valid: 94.71%, Test: 95.01%, Best Valid: 95.23%, Best Test: 95.88%
Epoch: 1000, Loss: 0.0032, Train: 100.00%, Valid: 94.65%, Test: 95.01%, Best Valid: 95.23%, Best Test: 95.88%
Epoch: 1100, Loss: 0.0423, Train: 99.27%, Valid: 94.90%, Test: 95.88%, Best Valid: 95.23%, Best Test: 95.88%
Epoch: 1200, Loss: 0.0069, Train: 100.00%, Valid: 94.79%, Test: 95.17%, Best Valid: 95.23%, Best Test: 95.88%
Epoch: 1300, Loss: 0.0040, Train: 100.00%, Valid: 94.30%, Test: 94.90%, Best Valid: 95.23%, Best Test: 95.88%
Epoch: 1400, Loss: 0.0031, Train: 100.00%, Valid: 94.22%, Test: 94.90%, Best Valid: 95.23%, Best Test: 95.88%
Run 03:
Highest Train: 100.00
Highest Valid: 95.23
Highest Test: 96.18
Chosen epoch: 27
Final Train: 99.35
Final Test: 95.88
All runs:
Highest Train: 100.00 ± 0.00
Highest Test: 96.13 ± 0.05
Highest Valid: 95.30 ± 0.08
  Final Train: 99.62 ± 0.23
   Final Test: 95.85 ± 0.11
Saving results to results/coauthor-cs/MPNN_gcn.csv

Running with Pre-trained MLP Regularization (lambda=0.1)...
Namespace(bn=False, cpu=False, data_dir='./data/', dataset='coauthor-cs', device=0, display_step=100, dropout=0.3, epochs=1500, gnn='gcn', hidden_channels=512, jk=False, label_num_per_class=20, lambda_val=0.1, ln=True, local_layers=2, lr=0.001, metric='acc', mlp_epochs=500, mlp_reg=True, model='MPNN', model_dir='./model/', num_heads=1, pre_linear=False, pre_ln=False, rand_split=False, rand_split_class=False, reg_start_epoch=10, reg_update_freq=5, res=True, runs=3, save_model=False, seed=42, test_num=1000, train_prop=0.5, use_reg=True, valid_num=500, valid_prop=0.25, weight_decay=0.0005)
coauthor-cs
dataset coauthor-cs | num nodes 18333 | num edge 163788 | num node feats 6805 | num classes 15
MODEL: MPNNs(
  (h_lins): ModuleList()
  (local_convs): ModuleList(
    (0): GCNConv(6805, 512)
    (1): GCNConv(512, 512)
  )
  (lins): ModuleList(
    (0): Linear(in_features=6805, out_features=512, bias=True)
    (1): Linear(in_features=512, out_features=512, bias=True)
  )
  (lns): ModuleList(
    (0): LayerNorm((512,), eps=1e-05, elementwise_affine=True)
    (1): LayerNorm((512,), eps=1e-05, elementwise_affine=True)
  )
  (bns): ModuleList(
    (0): BatchNorm1d(512, eps=1e-05, momentum=0.1, affine=True, track_running_stats=True)
    (1): BatchNorm1d(512, eps=1e-05, momentum=0.1, affine=True, track_running_stats=True)
  )
  (lin_in): Linear(in_features=6805, out_features=512, bias=True)
  (pred_local): Linear(in_features=512, out_features=15, bias=True)
)
Pre-training MLP for 500 epochs to generate co-occurrence matrix...
MLP pre-training complete. Penalty matrix frozen.
Epoch: 00, Loss: 3.1062, Train: 22.05%, Valid: 23.92%, Test: 22.74%, Best Valid: 23.92%, Best Test: 22.74%
Epoch: 100, Loss: 0.0051, Train: 100.00%, Valid: 94.68%, Test: 95.50%, Best Valid: 95.34%, Best Test: 95.91%
Epoch: 200, Loss: 0.0070, Train: 99.99%, Valid: 94.87%, Test: 95.45%, Best Valid: 95.34%, Best Test: 95.91%
Epoch: 300, Loss: 0.0028, Train: 100.00%, Valid: 94.71%, Test: 95.15%, Best Valid: 95.34%, Best Test: 95.91%
Epoch: 400, Loss: 0.0016, Train: 100.00%, Valid: 94.60%, Test: 94.90%, Best Valid: 95.34%, Best Test: 95.91%
Epoch: 500, Loss: 0.1408, Train: 96.74%, Valid: 94.60%, Test: 95.56%, Best Valid: 95.34%, Best Test: 95.91%
Epoch: 600, Loss: 0.0229, Train: 99.90%, Valid: 94.79%, Test: 95.47%, Best Valid: 95.34%, Best Test: 95.91%
Epoch: 700, Loss: 0.0093, Train: 100.00%, Valid: 94.79%, Test: 95.07%, Best Valid: 95.34%, Best Test: 95.91%
Epoch: 800, Loss: 0.0052, Train: 100.00%, Valid: 94.95%, Test: 95.04%, Best Valid: 95.34%, Best Test: 95.91%
Epoch: 900, Loss: 0.0073, Train: 100.00%, Valid: 94.76%, Test: 95.12%, Best Valid: 95.34%, Best Test: 95.91%
Epoch: 1000, Loss: 0.0027, Train: 100.00%, Valid: 94.79%, Test: 95.04%, Best Valid: 95.34%, Best Test: 95.91%
Epoch: 1100, Loss: 0.0582, Train: 99.07%, Valid: 95.04%, Test: 95.83%, Best Valid: 95.34%, Best Test: 95.91%
Epoch: 1200, Loss: 0.0077, Train: 100.00%, Valid: 94.63%, Test: 95.64%, Best Valid: 95.34%, Best Test: 95.91%
Epoch: 1300, Loss: 0.0035, Train: 100.00%, Valid: 94.54%, Test: 95.37%, Best Valid: 95.34%, Best Test: 95.91%
Epoch: 1400, Loss: 0.0026, Train: 100.00%, Valid: 94.22%, Test: 95.09%, Best Valid: 95.34%, Best Test: 95.91%
Run 01:
Highest Train: 100.00
Highest Valid: 95.34
Highest Test: 96.07
Chosen epoch: 35
Final Train: 99.75
Final Test: 95.91
Pre-training MLP for 500 epochs to generate co-occurrence matrix...
MLP pre-training complete. Penalty matrix frozen.
Epoch: 00, Loss: 3.2428, Train: 22.06%, Valid: 23.92%, Test: 22.74%, Best Valid: 23.92%, Best Test: 22.74%
Epoch: 100, Loss: 0.0055, Train: 100.00%, Valid: 94.95%, Test: 95.56%, Best Valid: 95.36%, Best Test: 95.99%
Epoch: 200, Loss: 0.0156, Train: 99.87%, Valid: 95.06%, Test: 95.61%, Best Valid: 95.36%, Best Test: 95.99%
Epoch: 300, Loss: 0.0046, Train: 100.00%, Valid: 94.49%, Test: 95.26%, Best Valid: 95.36%, Best Test: 95.99%
Epoch: 400, Loss: 0.0027, Train: 100.00%, Valid: 94.90%, Test: 95.12%, Best Valid: 95.36%, Best Test: 95.99%
Epoch: 500, Loss: 0.0018, Train: 100.00%, Valid: 94.49%, Test: 94.93%, Best Valid: 95.36%, Best Test: 95.99%
Epoch: 600, Loss: 0.0014, Train: 100.00%, Valid: 94.52%, Test: 95.01%, Best Valid: 95.36%, Best Test: 95.99%
Epoch: 700, Loss: 0.0540, Train: 99.32%, Valid: 95.06%, Test: 95.75%, Best Valid: 95.36%, Best Test: 95.99%
Epoch: 800, Loss: 0.0134, Train: 99.97%, Valid: 94.93%, Test: 95.37%, Best Valid: 95.36%, Best Test: 95.99%
Epoch: 900, Loss: 0.0065, Train: 100.00%, Valid: 94.54%, Test: 95.28%, Best Valid: 95.36%, Best Test: 95.99%
Epoch: 1000, Loss: 0.0035, Train: 100.00%, Valid: 94.24%, Test: 94.79%, Best Valid: 95.36%, Best Test: 95.99%
Epoch: 1100, Loss: 0.0026, Train: 100.00%, Valid: 94.24%, Test: 94.90%, Best Valid: 95.36%, Best Test: 95.99%
Epoch: 1200, Loss: 0.0021, Train: 100.00%, Valid: 94.46%, Test: 94.85%, Best Valid: 95.36%, Best Test: 95.99%
Epoch: 1300, Loss: 0.0019, Train: 100.00%, Valid: 94.49%, Test: 94.96%, Best Valid: 95.36%, Best Test: 95.99%
Epoch: 1400, Loss: 0.0020, Train: 100.00%, Valid: 94.35%, Test: 94.87%, Best Valid: 95.36%, Best Test: 95.99%
Run 02:
Highest Train: 100.00
Highest Valid: 95.36
Highest Test: 96.05
Chosen epoch: 30
Final Train: 99.59
Final Test: 95.99
Pre-training MLP for 500 epochs to generate co-occurrence matrix...
MLP pre-training complete. Penalty matrix frozen.
Epoch: 00, Loss: 3.0320, Train: 22.05%, Valid: 23.92%, Test: 22.74%, Best Valid: 23.92%, Best Test: 22.74%
Epoch: 100, Loss: 0.0050, Train: 100.00%, Valid: 94.95%, Test: 95.47%, Best Valid: 95.34%, Best Test: 95.67%
Epoch: 200, Loss: 0.0045, Train: 99.99%, Valid: 94.74%, Test: 95.34%, Best Valid: 95.34%, Best Test: 95.67%
Epoch: 300, Loss: 0.0021, Train: 100.00%, Valid: 94.63%, Test: 94.77%, Best Valid: 95.34%, Best Test: 95.67%
Epoch: 400, Loss: 0.0013, Train: 100.00%, Valid: 94.38%, Test: 94.90%, Best Valid: 95.34%, Best Test: 95.67%
Epoch: 500, Loss: 0.4602, Train: 94.10%, Valid: 92.36%, Test: 93.24%, Best Valid: 95.34%, Best Test: 95.67%
Epoch: 600, Loss: 0.0202, Train: 99.89%, Valid: 94.87%, Test: 95.69%, Best Valid: 95.34%, Best Test: 95.67%
Epoch: 700, Loss: 0.0071, Train: 100.00%, Valid: 94.71%, Test: 95.04%, Best Valid: 95.34%, Best Test: 95.67%
Epoch: 800, Loss: 0.0039, Train: 100.00%, Valid: 94.44%, Test: 94.77%, Best Valid: 95.34%, Best Test: 95.67%
Epoch: 900, Loss: 0.0026, Train: 100.00%, Valid: 94.33%, Test: 94.87%, Best Valid: 95.34%, Best Test: 95.67%
Epoch: 1000, Loss: 0.0020, Train: 100.00%, Valid: 94.60%, Test: 94.79%, Best Valid: 95.34%, Best Test: 95.67%
Epoch: 1100, Loss: 0.0972, Train: 98.22%, Valid: 94.65%, Test: 95.61%, Best Valid: 95.34%, Best Test: 95.67%
Epoch: 1200, Loss: 0.0126, Train: 99.99%, Valid: 94.82%, Test: 95.39%, Best Valid: 95.34%, Best Test: 95.67%
Epoch: 1300, Loss: 0.0045, Train: 100.00%, Valid: 94.30%, Test: 94.93%, Best Valid: 95.34%, Best Test: 95.67%
Epoch: 1400, Loss: 0.0027, Train: 100.00%, Valid: 94.00%, Test: 94.90%, Best Valid: 95.34%, Best Test: 95.67%
Run 03:
Highest Train: 100.00
Highest Valid: 95.34
Highest Test: 95.94
Chosen epoch: 41
Final Train: 99.93
Final Test: 95.67
All runs:
Highest Train: 100.00 ± 0.00
Highest Test: 96.02 ± 0.07
Highest Valid: 95.34 ± 0.02
  Final Train: 99.76 ± 0.17
   Final Test: 95.86 ± 0.17
Saving results to results/coauthor-cs/MPNN_gcn.csv

Running with Pre-trained MLP Regularization (lambda=1.0)...
Namespace(bn=False, cpu=False, data_dir='./data/', dataset='coauthor-cs', device=0, display_step=100, dropout=0.3, epochs=1500, gnn='gcn', hidden_channels=512, jk=False, label_num_per_class=20, lambda_val=1.0, ln=True, local_layers=2, lr=0.001, metric='acc', mlp_epochs=500, mlp_reg=True, model='MPNN', model_dir='./model/', num_heads=1, pre_linear=False, pre_ln=False, rand_split=False, rand_split_class=False, reg_start_epoch=10, reg_update_freq=5, res=True, runs=3, save_model=False, seed=42, test_num=1000, train_prop=0.5, use_reg=True, valid_num=500, valid_prop=0.25, weight_decay=0.0005)
coauthor-cs
dataset coauthor-cs | num nodes 18333 | num edge 163788 | num node feats 6805 | num classes 15
MODEL: MPNNs(
  (h_lins): ModuleList()
  (local_convs): ModuleList(
    (0): GCNConv(6805, 512)
    (1): GCNConv(512, 512)
  )
  (lins): ModuleList(
    (0): Linear(in_features=6805, out_features=512, bias=True)
    (1): Linear(in_features=512, out_features=512, bias=True)
  )
  (lns): ModuleList(
    (0): LayerNorm((512,), eps=1e-05, elementwise_affine=True)
    (1): LayerNorm((512,), eps=1e-05, elementwise_affine=True)
  )
  (bns): ModuleList(
    (0): BatchNorm1d(512, eps=1e-05, momentum=0.1, affine=True, track_running_stats=True)
    (1): BatchNorm1d(512, eps=1e-05, momentum=0.1, affine=True, track_running_stats=True)
  )
  (lin_in): Linear(in_features=6805, out_features=512, bias=True)
  (pred_local): Linear(in_features=512, out_features=15, bias=True)
)
Pre-training MLP for 500 epochs to generate co-occurrence matrix...
MLP pre-training complete. Penalty matrix frozen.
Epoch: 00, Loss: 5.6476, Train: 29.86%, Valid: 31.07%, Test: 30.45%, Best Valid: 31.07%, Best Test: 30.45%
Epoch: 100, Loss: 0.0318, Train: 100.00%, Valid: 94.90%, Test: 95.28%, Best Valid: 95.23%, Best Test: 95.58%
Epoch: 200, Loss: 0.0830, Train: 99.40%, Valid: 94.76%, Test: 95.61%, Best Valid: 95.34%, Best Test: 95.83%
Epoch: 300, Loss: 0.0092, Train: 100.00%, Valid: 94.98%, Test: 95.17%, Best Valid: 95.34%, Best Test: 95.83%
Epoch: 400, Loss: 0.0041, Train: 100.00%, Valid: 94.82%, Test: 95.07%, Best Valid: 95.34%, Best Test: 95.83%
Epoch: 500, Loss: 0.0030, Train: 100.00%, Valid: 94.54%, Test: 94.96%, Best Valid: 95.34%, Best Test: 95.83%
Epoch: 600, Loss: 0.0026, Train: 100.00%, Valid: 94.44%, Test: 94.85%, Best Valid: 95.34%, Best Test: 95.83%
Epoch: 700, Loss: 0.1462, Train: 98.94%, Valid: 94.74%, Test: 95.42%, Best Valid: 95.34%, Best Test: 95.83%
Epoch: 800, Loss: 0.0289, Train: 99.95%, Valid: 94.68%, Test: 95.26%, Best Valid: 95.34%, Best Test: 95.83%
Epoch: 900, Loss: 0.0129, Train: 100.00%, Valid: 94.35%, Test: 94.87%, Best Valid: 95.34%, Best Test: 95.83%
Epoch: 1000, Loss: 0.0074, Train: 100.00%, Valid: 94.60%, Test: 94.85%, Best Valid: 95.34%, Best Test: 95.83%
Epoch: 1100, Loss: 0.0052, Train: 100.00%, Valid: 94.68%, Test: 94.79%, Best Valid: 95.34%, Best Test: 95.83%
Epoch: 1200, Loss: 0.0042, Train: 100.00%, Valid: 94.44%, Test: 94.79%, Best Valid: 95.34%, Best Test: 95.83%
Epoch: 1300, Loss: 0.0035, Train: 100.00%, Valid: 94.87%, Test: 94.98%, Best Valid: 95.34%, Best Test: 95.83%
Epoch: 1400, Loss: 0.0036, Train: 100.00%, Valid: 94.41%, Test: 94.77%, Best Valid: 95.34%, Best Test: 95.83%
Run 01:
Highest Train: 100.00
Highest Valid: 95.34
Highest Test: 95.88
Chosen epoch: 190
Final Train: 99.10
Final Test: 95.83
Pre-training MLP for 500 epochs to generate co-occurrence matrix...
MLP pre-training complete. Penalty matrix frozen.
Epoch: 00, Loss: 5.8961, Train: 22.06%, Valid: 23.92%, Test: 22.74%, Best Valid: 23.92%, Best Test: 22.74%
Epoch: 100, Loss: 0.0341, Train: 100.00%, Valid: 94.79%, Test: 95.34%, Best Valid: 95.06%, Best Test: 95.64%
Epoch: 200, Loss: 0.0036, Train: 100.00%, Valid: 94.33%, Test: 95.09%, Best Valid: 95.06%, Best Test: 95.64%
Epoch: 300, Loss: 0.0214, Train: 99.98%, Valid: 94.87%, Test: 95.58%, Best Valid: 95.28%, Best Test: 95.97%
Epoch: 400, Loss: 0.0063, Train: 100.00%, Valid: 94.65%, Test: 95.15%, Best Valid: 95.28%, Best Test: 95.97%
Epoch: 500, Loss: 0.0038, Train: 100.00%, Valid: 94.82%, Test: 95.04%, Best Valid: 95.28%, Best Test: 95.97%
Epoch: 600, Loss: 0.0027, Train: 100.00%, Valid: 94.57%, Test: 94.77%, Best Valid: 95.28%, Best Test: 95.97%
Epoch: 700, Loss: 0.7249, Train: 92.74%, Valid: 90.81%, Test: 91.55%, Best Valid: 95.28%, Best Test: 95.97%
Epoch: 800, Loss: 0.0659, Train: 99.75%, Valid: 95.04%, Test: 95.67%, Best Valid: 95.28%, Best Test: 95.97%
Epoch: 900, Loss: 0.0196, Train: 99.99%, Valid: 94.95%, Test: 95.28%, Best Valid: 95.28%, Best Test: 95.97%
Epoch: 1000, Loss: 0.0092, Train: 100.00%, Valid: 94.74%, Test: 95.26%, Best Valid: 95.28%, Best Test: 95.97%
Epoch: 1100, Loss: 0.0058, Train: 100.00%, Valid: 94.74%, Test: 95.09%, Best Valid: 95.28%, Best Test: 95.97%
Epoch: 1200, Loss: 0.0046, Train: 100.00%, Valid: 94.84%, Test: 95.07%, Best Valid: 95.28%, Best Test: 95.97%
Epoch: 1300, Loss: 0.0038, Train: 100.00%, Valid: 94.71%, Test: 94.79%, Best Valid: 95.28%, Best Test: 95.97%
Epoch: 1400, Loss: 0.0035, Train: 100.00%, Valid: 94.79%, Test: 94.90%, Best Valid: 95.28%, Best Test: 95.97%
Run 02:
Highest Train: 100.00
Highest Valid: 95.28
Highest Test: 96.07
Chosen epoch: 231
Final Train: 98.70
Final Test: 95.97
Pre-training MLP for 500 epochs to generate co-occurrence matrix...
MLP pre-training complete. Penalty matrix frozen.
Epoch: 00, Loss: 5.5128, Train: 28.18%, Valid: 29.30%, Test: 28.41%, Best Valid: 29.30%, Best Test: 28.41%
Epoch: 100, Loss: 0.0304, Train: 100.00%, Valid: 94.95%, Test: 95.17%, Best Valid: 95.14%, Best Test: 95.56%
Epoch: 200, Loss: 0.0032, Train: 100.00%, Valid: 94.82%, Test: 95.26%, Best Valid: 95.14%, Best Test: 95.56%
Epoch: 300, Loss: 0.1033, Train: 99.42%, Valid: 94.90%, Test: 95.64%, Best Valid: 95.25%, Best Test: 95.94%
Epoch: 400, Loss: 0.0168, Train: 99.99%, Valid: 94.76%, Test: 95.61%, Best Valid: 95.25%, Best Test: 95.94%
Epoch: 500, Loss: 0.0082, Train: 100.00%, Valid: 94.84%, Test: 95.37%, Best Valid: 95.25%, Best Test: 95.94%
Epoch: 600, Loss: 0.0053, Train: 100.00%, Valid: 94.57%, Test: 95.26%, Best Valid: 95.25%, Best Test: 95.94%
Epoch: 700, Loss: 0.0040, Train: 100.00%, Valid: 94.82%, Test: 95.17%, Best Valid: 95.25%, Best Test: 95.94%
Epoch: 800, Loss: 0.0032, Train: 100.00%, Valid: 94.63%, Test: 95.12%, Best Valid: 95.25%, Best Test: 95.94%
Epoch: 900, Loss: 0.0031, Train: 100.00%, Valid: 94.71%, Test: 95.07%, Best Valid: 95.25%, Best Test: 95.94%
Epoch: 1000, Loss: 0.1237, Train: 99.08%, Valid: 94.82%, Test: 95.83%, Best Valid: 95.25%, Best Test: 95.94%
Epoch: 1100, Loss: 0.0172, Train: 99.98%, Valid: 94.68%, Test: 95.45%, Best Valid: 95.25%, Best Test: 95.94%
Epoch: 1200, Loss: 0.0071, Train: 100.00%, Valid: 94.54%, Test: 94.93%, Best Valid: 95.25%, Best Test: 95.94%
Epoch: 1300, Loss: 0.0045, Train: 100.00%, Valid: 94.90%, Test: 94.96%, Best Valid: 95.25%, Best Test: 95.94%
Epoch: 1400, Loss: 0.0037, Train: 100.00%, Valid: 94.65%, Test: 94.79%, Best Valid: 95.25%, Best Test: 95.94%
Run 03:
Highest Train: 100.00
Highest Valid: 95.25
Highest Test: 96.02
Chosen epoch: 282
Final Train: 98.64
Final Test: 95.94
All runs:
Highest Train: 100.00 ± 0.00
Highest Test: 95.99 ± 0.10
Highest Valid: 95.29 ± 0.04
  Final Train: 98.81 ± 0.25
   Final Test: 95.91 ± 0.07
Saving results to results/coauthor-cs/MPNN_gcn.csv

Homophilic sweep completed!
==========================================================
Starting Homophilic MLP-Reg Sweep for:
python main.py --gnn sage --dataset coauthor-cs --hidden_channels 512 --epochs 1500 --lr 0.001 --runs 3 --local_layers 2 --weight_decay 5e-4 --dropout 0.5 --device 0 --ln --res
==========================================================
Running Baseline (REG: False)...
Namespace(bn=False, cpu=False, data_dir='./data/', dataset='coauthor-cs', device=0, display_step=100, dropout=0.5, epochs=1500, gnn='sage', hidden_channels=512, jk=False, label_num_per_class=20, lambda_val=0.5, ln=True, local_layers=2, lr=0.001, metric='acc', mlp_epochs=500, mlp_reg=False, model='MPNN', model_dir='./model/', num_heads=1, pre_linear=False, pre_ln=False, rand_split=False, rand_split_class=False, reg_start_epoch=10, reg_update_freq=5, res=True, runs=3, save_model=False, seed=42, test_num=1000, train_prop=0.5, use_reg=False, valid_num=500, valid_prop=0.25, weight_decay=0.0005)
coauthor-cs
dataset coauthor-cs | num nodes 18333 | num edge 163788 | num node feats 6805 | num classes 15
MODEL: MPNNs(
  (h_lins): ModuleList()
  (local_convs): ModuleList(
    (0): SAGEConv(6805, 512, aggr=mean)
    (1): SAGEConv(512, 512, aggr=mean)
  )
  (lins): ModuleList(
    (0): Linear(in_features=6805, out_features=512, bias=True)
    (1): Linear(in_features=512, out_features=512, bias=True)
  )
  (lns): ModuleList(
    (0): LayerNorm((512,), eps=1e-05, elementwise_affine=True)
    (1): LayerNorm((512,), eps=1e-05, elementwise_affine=True)
  )
  (bns): ModuleList(
    (0): BatchNorm1d(512, eps=1e-05, momentum=0.1, affine=True, track_running_stats=True)
    (1): BatchNorm1d(512, eps=1e-05, momentum=0.1, affine=True, track_running_stats=True)
  )
  (lin_in): Linear(in_features=6805, out_features=512, bias=True)
  (pred_local): Linear(in_features=512, out_features=15, bias=True)
)
Epoch: 00, Loss: 2.7947, Train: 22.05%, Valid: 23.92%, Test: 22.74%, Best Valid: 23.92%, Best Test: 22.74%
Epoch: 100, Loss: 0.0034, Train: 100.00%, Valid: 94.52%, Test: 95.50%, Best Valid: 95.50%, Best Test: 96.40%
Epoch: 200, Loss: 0.0019, Train: 100.00%, Valid: 94.22%, Test: 95.17%, Best Valid: 95.50%, Best Test: 96.40%
Epoch: 300, Loss: 0.1380, Train: 97.49%, Valid: 94.57%, Test: 95.47%, Best Valid: 95.50%, Best Test: 96.40%
Epoch: 400, Loss: 0.0207, Train: 99.98%, Valid: 94.87%, Test: 95.75%, Best Valid: 95.50%, Best Test: 96.40%
Epoch: 500, Loss: 0.0083, Train: 100.00%, Valid: 94.79%, Test: 95.69%, Best Valid: 95.50%, Best Test: 96.40%
Epoch: 600, Loss: 0.0063, Train: 100.00%, Valid: 94.38%, Test: 95.45%, Best Valid: 95.50%, Best Test: 96.40%
Epoch: 700, Loss: 0.0036, Train: 100.00%, Valid: 94.65%, Test: 95.17%, Best Valid: 95.50%, Best Test: 96.40%
Epoch: 800, Loss: 0.1315, Train: 97.29%, Valid: 94.38%, Test: 95.42%, Best Valid: 95.50%, Best Test: 96.40%
Epoch: 900, Loss: 0.0082, Train: 100.00%, Valid: 94.79%, Test: 95.56%, Best Valid: 95.50%, Best Test: 96.40%
Epoch: 1000, Loss: 0.0032, Train: 100.00%, Valid: 94.35%, Test: 95.15%, Best Valid: 95.50%, Best Test: 96.40%
Epoch: 1100, Loss: 0.0025, Train: 100.00%, Valid: 93.94%, Test: 94.74%, Best Valid: 95.50%, Best Test: 96.40%
Epoch: 1200, Loss: 0.0028, Train: 100.00%, Valid: 93.81%, Test: 94.96%, Best Valid: 95.50%, Best Test: 96.40%
Epoch: 1300, Loss: 0.0072, Train: 99.97%, Valid: 95.20%, Test: 95.94%, Best Valid: 95.50%, Best Test: 96.40%
Epoch: 1400, Loss: 0.0027, Train: 100.00%, Valid: 94.54%, Test: 95.12%, Best Valid: 95.50%, Best Test: 96.40%
Run 01:
Highest Train: 100.00
Highest Valid: 95.50
Highest Test: 96.40
Chosen epoch: 25
Final Train: 99.19
Final Test: 96.40
Epoch: 00, Loss: 2.9611, Train: 22.05%, Valid: 23.92%, Test: 22.74%, Best Valid: 23.92%, Best Test: 22.74%
Epoch: 100, Loss: 0.0032, Train: 99.99%, Valid: 94.14%, Test: 95.28%, Best Valid: 95.47%, Best Test: 96.21%
Epoch: 200, Loss: 0.0018, Train: 100.00%, Valid: 94.54%, Test: 95.07%, Best Valid: 95.47%, Best Test: 96.21%
Epoch: 300, Loss: 0.0789, Train: 98.42%, Valid: 95.04%, Test: 95.91%, Best Valid: 95.47%, Best Test: 96.21%
Epoch: 400, Loss: 0.0092, Train: 100.00%, Valid: 95.04%, Test: 95.45%, Best Valid: 95.47%, Best Test: 96.21%
Epoch: 500, Loss: 0.0049, Train: 100.00%, Valid: 94.63%, Test: 95.56%, Best Valid: 95.47%, Best Test: 96.21%
Epoch: 600, Loss: 0.0030, Train: 100.00%, Valid: 94.19%, Test: 95.09%, Best Valid: 95.47%, Best Test: 96.21%
Epoch: 700, Loss: 0.0022, Train: 100.00%, Valid: 94.22%, Test: 94.93%, Best Valid: 95.47%, Best Test: 96.21%
Epoch: 800, Loss: 0.0020, Train: 100.00%, Valid: 94.33%, Test: 94.93%, Best Valid: 95.47%, Best Test: 96.21%
Epoch: 900, Loss: 0.1244, Train: 97.45%, Valid: 94.63%, Test: 95.50%, Best Valid: 95.47%, Best Test: 96.21%
Epoch: 1000, Loss: 0.0179, Train: 99.99%, Valid: 94.65%, Test: 95.67%, Best Valid: 95.47%, Best Test: 96.21%
Epoch: 1100, Loss: 0.0059, Train: 100.00%, Valid: 94.33%, Test: 95.47%, Best Valid: 95.47%, Best Test: 96.21%
Epoch: 1200, Loss: 0.0033, Train: 100.00%, Valid: 94.11%, Test: 95.28%, Best Valid: 95.47%, Best Test: 96.21%
Epoch: 1300, Loss: 0.0027, Train: 100.00%, Valid: 93.81%, Test: 95.04%, Best Valid: 95.47%, Best Test: 96.21%
Epoch: 1400, Loss: 0.3742, Train: 94.87%, Valid: 91.95%, Test: 92.86%, Best Valid: 95.47%, Best Test: 96.21%
Run 02:
Highest Train: 100.00
Highest Valid: 95.47
Highest Test: 96.37
Chosen epoch: 31
Final Train: 99.85
Final Test: 96.21
Epoch: 00, Loss: 2.8274, Train: 22.05%, Valid: 23.92%, Test: 22.74%, Best Valid: 23.92%, Best Test: 22.74%
Epoch: 100, Loss: 0.0033, Train: 100.00%, Valid: 94.63%, Test: 95.64%, Best Valid: 95.39%, Best Test: 96.32%
Epoch: 200, Loss: 0.0111, Train: 99.93%, Valid: 95.20%, Test: 95.77%, Best Valid: 95.42%, Best Test: 95.77%
Epoch: 300, Loss: 0.0029, Train: 100.00%, Valid: 94.74%, Test: 95.42%, Best Valid: 95.42%, Best Test: 95.77%
Epoch: 400, Loss: 0.0023, Train: 100.00%, Valid: 94.38%, Test: 95.07%, Best Valid: 95.42%, Best Test: 95.77%
Epoch: 500, Loss: 0.0020, Train: 100.00%, Valid: 94.08%, Test: 94.96%, Best Valid: 95.42%, Best Test: 95.77%
Epoch: 600, Loss: 0.0230, Train: 99.89%, Valid: 95.12%, Test: 95.91%, Best Valid: 95.42%, Best Test: 95.77%
Epoch: 700, Loss: 0.0054, Train: 100.00%, Valid: 94.22%, Test: 95.45%, Best Valid: 95.42%, Best Test: 95.77%
Epoch: 800, Loss: 0.0032, Train: 100.00%, Valid: 94.27%, Test: 95.12%, Best Valid: 95.42%, Best Test: 95.77%
Epoch: 900, Loss: 0.0023, Train: 100.00%, Valid: 93.89%, Test: 94.74%, Best Valid: 95.42%, Best Test: 95.77%
Epoch: 1000, Loss: 0.0022, Train: 100.00%, Valid: 94.11%, Test: 94.66%, Best Valid: 95.42%, Best Test: 95.77%
Epoch: 1100, Loss: 0.0024, Train: 100.00%, Valid: 93.89%, Test: 94.74%, Best Valid: 95.42%, Best Test: 95.77%
Epoch: 1200, Loss: 0.1131, Train: 97.73%, Valid: 94.65%, Test: 95.45%, Best Valid: 95.42%, Best Test: 95.77%
Epoch: 1300, Loss: 0.0047, Train: 100.00%, Valid: 94.46%, Test: 95.37%, Best Valid: 95.42%, Best Test: 95.77%
Epoch: 1400, Loss: 0.0029, Train: 100.00%, Valid: 94.33%, Test: 95.09%, Best Valid: 95.42%, Best Test: 95.77%
Run 03:
Highest Train: 100.00
Highest Valid: 95.42
Highest Test: 96.51
Chosen epoch: 170
Final Train: 99.57
Final Test: 95.77
All runs:
Highest Train: 100.00 ± 0.00
Highest Test: 96.43 ± 0.07
Highest Valid: 95.46 ± 0.04
  Final Train: 99.54 ± 0.33
   Final Test: 96.13 ± 0.32
Saving results to results/coauthor-cs/MPNN_sage.csv

Running with Pre-trained MLP Regularization (lambda=0.01)...
Namespace(bn=False, cpu=False, data_dir='./data/', dataset='coauthor-cs', device=0, display_step=100, dropout=0.5, epochs=1500, gnn='sage', hidden_channels=512, jk=False, label_num_per_class=20, lambda_val=0.01, ln=True, local_layers=2, lr=0.001, metric='acc', mlp_epochs=500, mlp_reg=True, model='MPNN', model_dir='./model/', num_heads=1, pre_linear=False, pre_ln=False, rand_split=False, rand_split_class=False, reg_start_epoch=10, reg_update_freq=5, res=True, runs=3, save_model=False, seed=42, test_num=1000, train_prop=0.5, use_reg=True, valid_num=500, valid_prop=0.25, weight_decay=0.0005)
coauthor-cs
dataset coauthor-cs | num nodes 18333 | num edge 163788 | num node feats 6805 | num classes 15
MODEL: MPNNs(
  (h_lins): ModuleList()
  (local_convs): ModuleList(
    (0): SAGEConv(6805, 512, aggr=mean)
    (1): SAGEConv(512, 512, aggr=mean)
  )
  (lins): ModuleList(
    (0): Linear(in_features=6805, out_features=512, bias=True)
    (1): Linear(in_features=512, out_features=512, bias=True)
  )
  (lns): ModuleList(
    (0): LayerNorm((512,), eps=1e-05, elementwise_affine=True)
    (1): LayerNorm((512,), eps=1e-05, elementwise_affine=True)
  )
  (bns): ModuleList(
    (0): BatchNorm1d(512, eps=1e-05, momentum=0.1, affine=True, track_running_stats=True)
    (1): BatchNorm1d(512, eps=1e-05, momentum=0.1, affine=True, track_running_stats=True)
  )
  (lin_in): Linear(in_features=6805, out_features=512, bias=True)
  (pred_local): Linear(in_features=512, out_features=15, bias=True)
)
Pre-training MLP for 500 epochs to generate co-occurrence matrix...
MLP pre-training complete. Penalty matrix frozen.
Epoch: 00, Loss: 2.8170, Train: 22.05%, Valid: 23.92%, Test: 22.74%, Best Valid: 23.92%, Best Test: 22.74%
Epoch: 100, Loss: 0.0036, Train: 100.00%, Valid: 94.60%, Test: 95.72%, Best Valid: 95.39%, Best Test: 96.24%
Epoch: 200, Loss: 0.0120, Train: 99.96%, Valid: 95.09%, Test: 95.53%, Best Valid: 95.42%, Best Test: 95.75%
Epoch: 300, Loss: 0.0033, Train: 100.00%, Valid: 94.57%, Test: 95.45%, Best Valid: 95.42%, Best Test: 95.75%
Epoch: 400, Loss: 0.0022, Train: 100.00%, Valid: 94.16%, Test: 95.09%, Best Valid: 95.42%, Best Test: 95.75%
Epoch: 500, Loss: 0.0019, Train: 100.00%, Valid: 94.14%, Test: 94.82%, Best Valid: 95.42%, Best Test: 95.75%
Epoch: 600, Loss: 0.0507, Train: 99.60%, Valid: 95.25%, Test: 95.94%, Best Valid: 95.42%, Best Test: 95.75%
Epoch: 700, Loss: 0.0130, Train: 100.00%, Valid: 94.93%, Test: 95.58%, Best Valid: 95.42%, Best Test: 95.75%
Epoch: 800, Loss: 0.0060, Train: 100.00%, Valid: 94.57%, Test: 95.37%, Best Valid: 95.42%, Best Test: 95.75%
Epoch: 900, Loss: 0.0035, Train: 100.00%, Valid: 94.60%, Test: 95.20%, Best Valid: 95.42%, Best Test: 95.75%
Epoch: 1000, Loss: 0.0033, Train: 100.00%, Valid: 94.63%, Test: 94.90%, Best Valid: 95.42%, Best Test: 95.75%
Epoch: 1100, Loss: 0.0424, Train: 99.54%, Valid: 95.25%, Test: 95.91%, Best Valid: 95.42%, Best Test: 95.75%
Epoch: 1200, Loss: 0.0062, Train: 100.00%, Valid: 94.79%, Test: 95.34%, Best Valid: 95.42%, Best Test: 95.75%
Epoch: 1300, Loss: 0.0035, Train: 100.00%, Valid: 94.57%, Test: 95.01%, Best Valid: 95.42%, Best Test: 95.75%
Epoch: 1400, Loss: 0.0027, Train: 100.00%, Valid: 94.27%, Test: 94.93%, Best Valid: 95.42%, Best Test: 95.75%
Run 01:
Highest Train: 100.00
Highest Valid: 95.42
Highest Test: 96.37
Chosen epoch: 168
Final Train: 99.66
Final Test: 95.75
Pre-training MLP for 500 epochs to generate co-occurrence matrix...
MLP pre-training complete. Penalty matrix frozen.
Epoch: 00, Loss: 2.8597, Train: 22.05%, Valid: 23.92%, Test: 22.74%, Best Valid: 23.92%, Best Test: 22.74%
Epoch: 100, Loss: 0.0040, Train: 100.00%, Valid: 94.60%, Test: 95.67%, Best Valid: 95.47%, Best Test: 96.21%
Epoch: 200, Loss: 0.0022, Train: 100.00%, Valid: 94.84%, Test: 95.50%, Best Valid: 95.64%, Best Test: 95.86%
Epoch: 300, Loss: 0.0015, Train: 100.00%, Valid: 93.92%, Test: 94.77%, Best Valid: 95.64%, Best Test: 95.86%
Epoch: 400, Loss: 0.0018, Train: 100.00%, Valid: 93.89%, Test: 94.79%, Best Valid: 95.64%, Best Test: 95.86%
Epoch: 500, Loss: 0.0258, Train: 99.82%, Valid: 95.04%, Test: 95.77%, Best Valid: 95.64%, Best Test: 95.86%
Epoch: 600, Loss: 0.0064, Train: 100.00%, Valid: 94.41%, Test: 95.58%, Best Valid: 95.64%, Best Test: 95.86%
Epoch: 700, Loss: 0.0036, Train: 100.00%, Valid: 94.24%, Test: 95.26%, Best Valid: 95.64%, Best Test: 95.86%
Epoch: 800, Loss: 0.0030, Train: 100.00%, Valid: 94.19%, Test: 95.07%, Best Valid: 95.64%, Best Test: 95.86%
Epoch: 900, Loss: 0.0025, Train: 100.00%, Valid: 93.92%, Test: 94.85%, Best Valid: 95.64%, Best Test: 95.86%
Epoch: 1000, Loss: 0.0026, Train: 100.00%, Valid: 94.16%, Test: 94.93%, Best Valid: 95.64%, Best Test: 95.86%
Epoch: 1100, Loss: 0.0963, Train: 98.11%, Valid: 94.87%, Test: 95.77%, Best Valid: 95.64%, Best Test: 95.86%
Epoch: 1200, Loss: 0.0064, Train: 100.00%, Valid: 94.90%, Test: 95.69%, Best Valid: 95.64%, Best Test: 95.86%
Epoch: 1300, Loss: 0.0030, Train: 100.00%, Valid: 94.24%, Test: 95.17%, Best Valid: 95.64%, Best Test: 95.86%
Epoch: 1400, Loss: 0.0025, Train: 100.00%, Valid: 94.05%, Test: 94.90%, Best Valid: 95.64%, Best Test: 95.86%
Run 02:
Highest Train: 100.00
Highest Valid: 95.64
Highest Test: 96.48
Chosen epoch: 169
Final Train: 99.95
Final Test: 95.86
Pre-training MLP for 500 epochs to generate co-occurrence matrix...
MLP pre-training complete. Penalty matrix frozen.
Epoch: 00, Loss: 2.8777, Train: 22.05%, Valid: 23.92%, Test: 22.74%, Best Valid: 23.92%, Best Test: 22.74%
Epoch: 100, Loss: 0.0042, Train: 100.00%, Valid: 94.49%, Test: 95.67%, Best Valid: 95.58%, Best Test: 96.26%
Epoch: 200, Loss: 0.0108, Train: 99.98%, Valid: 94.95%, Test: 95.53%, Best Valid: 95.58%, Best Test: 96.26%
Epoch: 300, Loss: 0.0034, Train: 100.00%, Valid: 94.46%, Test: 95.39%, Best Valid: 95.58%, Best Test: 96.26%
Epoch: 400, Loss: 0.0018, Train: 100.00%, Valid: 94.22%, Test: 94.79%, Best Valid: 95.58%, Best Test: 96.26%
Epoch: 500, Loss: 0.0990, Train: 98.07%, Valid: 94.82%, Test: 95.58%, Best Valid: 95.58%, Best Test: 96.26%
Epoch: 600, Loss: 0.0180, Train: 99.99%, Valid: 94.90%, Test: 95.99%, Best Valid: 95.58%, Best Test: 96.26%
Epoch: 700, Loss: 0.0082, Train: 100.00%, Valid: 94.46%, Test: 95.47%, Best Valid: 95.58%, Best Test: 96.26%
Epoch: 800, Loss: 0.0039, Train: 100.00%, Valid: 94.52%, Test: 95.39%, Best Valid: 95.58%, Best Test: 96.26%
Epoch: 900, Loss: 0.0034, Train: 100.00%, Valid: 94.46%, Test: 95.20%, Best Valid: 95.58%, Best Test: 96.26%
Epoch: 1000, Loss: 0.0050, Train: 100.00%, Valid: 93.84%, Test: 94.49%, Best Valid: 95.58%, Best Test: 96.26%
Epoch: 1100, Loss: 0.0029, Train: 100.00%, Valid: 94.08%, Test: 95.20%, Best Valid: 95.58%, Best Test: 96.26%
Epoch: 1200, Loss: 0.0103, Train: 99.99%, Valid: 95.14%, Test: 96.02%, Best Valid: 95.58%, Best Test: 96.26%
Epoch: 1300, Loss: 0.0032, Train: 100.00%, Valid: 94.14%, Test: 95.31%, Best Valid: 95.58%, Best Test: 96.26%
Epoch: 1400, Loss: 0.0025, Train: 100.00%, Valid: 94.03%, Test: 94.85%, Best Valid: 95.58%, Best Test: 96.26%
Run 03:
Highest Train: 100.00
Highest Valid: 95.58
Highest Test: 96.46
Chosen epoch: 34
Final Train: 99.88
Final Test: 96.26
All runs:
Highest Train: 100.00 ± 0.00
Highest Test: 96.44 ± 0.06
Highest Valid: 95.54 ± 0.11
  Final Train: 99.83 ± 0.15
   Final Test: 95.96 ± 0.27
Saving results to results/coauthor-cs/MPNN_sage.csv

Running with Pre-trained MLP Regularization (lambda=0.1)...
Namespace(bn=False, cpu=False, data_dir='./data/', dataset='coauthor-cs', device=0, display_step=100, dropout=0.5, epochs=1500, gnn='sage', hidden_channels=512, jk=False, label_num_per_class=20, lambda_val=0.1, ln=True, local_layers=2, lr=0.001, metric='acc', mlp_epochs=500, mlp_reg=True, model='MPNN', model_dir='./model/', num_heads=1, pre_linear=False, pre_ln=False, rand_split=False, rand_split_class=False, reg_start_epoch=10, reg_update_freq=5, res=True, runs=3, save_model=False, seed=42, test_num=1000, train_prop=0.5, use_reg=True, valid_num=500, valid_prop=0.25, weight_decay=0.0005)
coauthor-cs
dataset coauthor-cs | num nodes 18333 | num edge 163788 | num node feats 6805 | num classes 15
MODEL: MPNNs(
  (h_lins): ModuleList()
  (local_convs): ModuleList(
    (0): SAGEConv(6805, 512, aggr=mean)
    (1): SAGEConv(512, 512, aggr=mean)
  )
  (lins): ModuleList(
    (0): Linear(in_features=6805, out_features=512, bias=True)
    (1): Linear(in_features=512, out_features=512, bias=True)
  )
  (lns): ModuleList(
    (0): LayerNorm((512,), eps=1e-05, elementwise_affine=True)
    (1): LayerNorm((512,), eps=1e-05, elementwise_affine=True)
  )
  (bns): ModuleList(
    (0): BatchNorm1d(512, eps=1e-05, momentum=0.1, affine=True, track_running_stats=True)
    (1): BatchNorm1d(512, eps=1e-05, momentum=0.1, affine=True, track_running_stats=True)
  )
  (lin_in): Linear(in_features=6805, out_features=512, bias=True)
  (pred_local): Linear(in_features=512, out_features=15, bias=True)
)
Pre-training MLP for 500 epochs to generate co-occurrence matrix...
MLP pre-training complete. Penalty matrix frozen.
Epoch: 00, Loss: 3.0680, Train: 22.05%, Valid: 23.92%, Test: 22.74%, Best Valid: 23.92%, Best Test: 22.74%
Epoch: 100, Loss: 0.0056, Train: 100.00%, Valid: 94.74%, Test: 95.69%, Best Valid: 95.44%, Best Test: 96.18%
Epoch: 200, Loss: 0.0063, Train: 100.00%, Valid: 95.20%, Test: 95.61%, Best Valid: 95.53%, Best Test: 95.88%
Epoch: 300, Loss: 0.0024, Train: 100.00%, Valid: 94.38%, Test: 95.20%, Best Valid: 95.53%, Best Test: 95.88%
Epoch: 400, Loss: 0.0018, Train: 100.00%, Valid: 94.00%, Test: 94.71%, Best Valid: 95.53%, Best Test: 95.88%
Epoch: 500, Loss: 0.0018, Train: 100.00%, Valid: 93.94%, Test: 94.82%, Best Valid: 95.53%, Best Test: 95.88%
Epoch: 600, Loss: 0.0029, Train: 100.00%, Valid: 93.89%, Test: 94.79%, Best Valid: 95.53%, Best Test: 95.88%
Epoch: 700, Loss: 0.0706, Train: 99.20%, Valid: 94.87%, Test: 95.94%, Best Valid: 95.53%, Best Test: 95.88%
Epoch: 800, Loss: 0.0142, Train: 100.00%, Valid: 94.52%, Test: 95.61%, Best Valid: 95.53%, Best Test: 95.88%
Epoch: 900, Loss: 0.0040, Train: 100.00%, Valid: 94.46%, Test: 95.34%, Best Valid: 95.53%, Best Test: 95.88%
Epoch: 1000, Loss: 0.0033, Train: 100.00%, Valid: 94.54%, Test: 95.07%, Best Valid: 95.53%, Best Test: 95.88%
Epoch: 1100, Loss: 0.0022, Train: 100.00%, Valid: 94.16%, Test: 94.96%, Best Valid: 95.53%, Best Test: 95.88%
Epoch: 1200, Loss: 0.0028, Train: 100.00%, Valid: 94.08%, Test: 94.63%, Best Valid: 95.53%, Best Test: 95.88%
Epoch: 1300, Loss: 0.0242, Train: 99.89%, Valid: 95.12%, Test: 95.69%, Best Valid: 95.53%, Best Test: 95.88%
Epoch: 1400, Loss: 0.0049, Train: 100.00%, Valid: 94.79%, Test: 95.45%, Best Valid: 95.53%, Best Test: 95.88%
Run 01:
Highest Train: 100.00
Highest Valid: 95.53
Highest Test: 96.46
Chosen epoch: 158
Final Train: 99.77
Final Test: 95.88
Pre-training MLP for 500 epochs to generate co-occurrence matrix...
MLP pre-training complete. Penalty matrix frozen.
Epoch: 00, Loss: 3.1145, Train: 22.05%, Valid: 23.92%, Test: 22.74%, Best Valid: 23.92%, Best Test: 22.74%
Epoch: 100, Loss: 0.0060, Train: 100.00%, Valid: 94.87%, Test: 95.75%, Best Valid: 95.55%, Best Test: 96.51%
Epoch: 200, Loss: 0.0128, Train: 99.95%, Valid: 95.14%, Test: 95.91%, Best Valid: 95.55%, Best Test: 96.51%
Epoch: 300, Loss: 0.0027, Train: 100.00%, Valid: 94.44%, Test: 95.15%, Best Valid: 95.55%, Best Test: 96.51%
Epoch: 400, Loss: 0.0021, Train: 100.00%, Valid: 94.38%, Test: 94.82%, Best Valid: 95.55%, Best Test: 96.51%
Epoch: 500, Loss: 0.0683, Train: 99.01%, Valid: 94.98%, Test: 96.05%, Best Valid: 95.55%, Best Test: 96.51%
Epoch: 600, Loss: 0.0081, Train: 100.00%, Valid: 94.84%, Test: 95.83%, Best Valid: 95.55%, Best Test: 96.51%
Epoch: 700, Loss: 0.0039, Train: 100.00%, Valid: 94.41%, Test: 95.31%, Best Valid: 95.55%, Best Test: 96.51%
Epoch: 800, Loss: 0.0026, Train: 100.00%, Valid: 94.35%, Test: 95.04%, Best Valid: 95.55%, Best Test: 96.51%
Epoch: 900, Loss: 0.0025, Train: 100.00%, Valid: 94.30%, Test: 95.12%, Best Valid: 95.55%, Best Test: 96.51%
Epoch: 1000, Loss: 0.1026, Train: 98.22%, Valid: 94.90%, Test: 95.91%, Best Valid: 95.55%, Best Test: 96.51%
Epoch: 1100, Loss: 0.0116, Train: 99.96%, Valid: 94.65%, Test: 95.67%, Best Valid: 95.55%, Best Test: 96.51%
Epoch: 1200, Loss: 0.0047, Train: 100.00%, Valid: 94.41%, Test: 95.09%, Best Valid: 95.55%, Best Test: 96.51%
Epoch: 1300, Loss: 0.0026, Train: 100.00%, Valid: 94.14%, Test: 94.85%, Best Valid: 95.55%, Best Test: 96.51%
Epoch: 1400, Loss: 0.0023, Train: 100.00%, Valid: 93.89%, Test: 94.74%, Best Valid: 95.55%, Best Test: 96.51%
Run 02:
Highest Train: 100.00
Highest Valid: 95.55
Highest Test: 96.51
Chosen epoch: 33
Final Train: 99.82
Final Test: 96.51
Pre-training MLP for 500 epochs to generate co-occurrence matrix...
MLP pre-training complete. Penalty matrix frozen.
Epoch: 00, Loss: 3.1342, Train: 22.05%, Valid: 23.92%, Test: 22.74%, Best Valid: 23.92%, Best Test: 22.74%
Epoch: 100, Loss: 0.0057, Train: 100.00%, Valid: 94.76%, Test: 95.56%, Best Valid: 95.55%, Best Test: 96.29%
Epoch: 200, Loss: 0.0101, Train: 99.99%, Valid: 94.76%, Test: 95.64%, Best Valid: 95.55%, Best Test: 96.29%
Epoch: 300, Loss: 0.0034, Train: 100.00%, Valid: 94.49%, Test: 95.56%, Best Valid: 95.55%, Best Test: 96.29%
Epoch: 400, Loss: 0.0020, Train: 100.00%, Valid: 94.22%, Test: 95.15%, Best Valid: 95.55%, Best Test: 96.29%
Epoch: 500, Loss: 0.0019, Train: 100.00%, Valid: 94.41%, Test: 95.15%, Best Valid: 95.55%, Best Test: 96.29%
Epoch: 600, Loss: 0.1412, Train: 97.57%, Valid: 94.54%, Test: 95.53%, Best Valid: 95.55%, Best Test: 96.29%
Epoch: 700, Loss: 0.0243, Train: 99.99%, Valid: 95.20%, Test: 95.80%, Best Valid: 95.55%, Best Test: 96.29%
Epoch: 800, Loss: 0.0085, Train: 100.00%, Valid: 94.74%, Test: 95.47%, Best Valid: 95.55%, Best Test: 96.29%
Epoch: 900, Loss: 0.0047, Train: 100.00%, Valid: 94.54%, Test: 95.37%, Best Valid: 95.55%, Best Test: 96.29%
Epoch: 1000, Loss: 0.1097, Train: 98.25%, Valid: 94.98%, Test: 95.61%, Best Valid: 95.55%, Best Test: 96.29%
Epoch: 1100, Loss: 0.0112, Train: 99.98%, Valid: 94.68%, Test: 95.61%, Best Valid: 95.55%, Best Test: 96.29%
Epoch: 1200, Loss: 0.0044, Train: 100.00%, Valid: 94.38%, Test: 95.04%, Best Valid: 95.55%, Best Test: 96.29%
Epoch: 1300, Loss: 0.0033, Train: 100.00%, Valid: 94.14%, Test: 94.98%, Best Valid: 95.55%, Best Test: 96.29%
Epoch: 1400, Loss: 0.0028, Train: 100.00%, Valid: 93.75%, Test: 95.07%, Best Valid: 95.55%, Best Test: 96.29%
Run 03:
Highest Train: 100.00
Highest Valid: 95.55
Highest Test: 96.46
Chosen epoch: 35
Final Train: 99.88
Final Test: 96.29
All runs:
Highest Train: 100.00 ± 0.00
Highest Test: 96.47 ± 0.03
Highest Valid: 95.54 ± 0.02
  Final Train: 99.82 ± 0.05
   Final Test: 96.23 ± 0.32
Saving results to results/coauthor-cs/MPNN_sage.csv

Running with Pre-trained MLP Regularization (lambda=1.0)...
Namespace(bn=False, cpu=False, data_dir='./data/', dataset='coauthor-cs', device=0, display_step=100, dropout=0.5, epochs=1500, gnn='sage', hidden_channels=512, jk=False, label_num_per_class=20, lambda_val=1.0, ln=True, local_layers=2, lr=0.001, metric='acc', mlp_epochs=500, mlp_reg=True, model='MPNN', model_dir='./model/', num_heads=1, pre_linear=False, pre_ln=False, rand_split=False, rand_split_class=False, reg_start_epoch=10, reg_update_freq=5, res=True, runs=3, save_model=False, seed=42, test_num=1000, train_prop=0.5, use_reg=True, valid_num=500, valid_prop=0.25, weight_decay=0.0005)
coauthor-cs
dataset coauthor-cs | num nodes 18333 | num edge 163788 | num node feats 6805 | num classes 15
MODEL: MPNNs(
  (h_lins): ModuleList()
  (local_convs): ModuleList(
    (0): SAGEConv(6805, 512, aggr=mean)
    (1): SAGEConv(512, 512, aggr=mean)
  )
  (lins): ModuleList(
    (0): Linear(in_features=6805, out_features=512, bias=True)
    (1): Linear(in_features=512, out_features=512, bias=True)
  )
  (lns): ModuleList(
    (0): LayerNorm((512,), eps=1e-05, elementwise_affine=True)
    (1): LayerNorm((512,), eps=1e-05, elementwise_affine=True)
  )
  (bns): ModuleList(
    (0): BatchNorm1d(512, eps=1e-05, momentum=0.1, affine=True, track_running_stats=True)
    (1): BatchNorm1d(512, eps=1e-05, momentum=0.1, affine=True, track_running_stats=True)
  )
  (lin_in): Linear(in_features=6805, out_features=512, bias=True)
  (pred_local): Linear(in_features=512, out_features=15, bias=True)
)
Pre-training MLP for 500 epochs to generate co-occurrence matrix...
MLP pre-training complete. Penalty matrix frozen.
Epoch: 00, Loss: 5.5781, Train: 22.05%, Valid: 23.92%, Test: 22.74%, Best Valid: 23.92%, Best Test: 22.74%
Epoch: 100, Loss: 0.0320, Train: 100.00%, Valid: 94.79%, Test: 95.69%, Best Valid: 95.31%, Best Test: 95.80%
Epoch: 200, Loss: 0.1006, Train: 99.41%, Valid: 95.39%, Test: 95.80%, Best Valid: 95.39%, Best Test: 95.80%
Epoch: 300, Loss: 0.0077, Train: 100.00%, Valid: 95.06%, Test: 95.64%, Best Valid: 95.72%, Best Test: 96.21%
Epoch: 400, Loss: 0.0038, Train: 100.00%, Valid: 94.35%, Test: 95.23%, Best Valid: 95.72%, Best Test: 96.21%
Epoch: 500, Loss: 0.0223, Train: 81.55%, Valid: 76.65%, Test: 78.49%, Best Valid: 95.72%, Best Test: 96.21%
Epoch: 600, Loss: 0.0456, Train: 99.96%, Valid: 95.17%, Test: 96.02%, Best Valid: 95.72%, Best Test: 96.21%
Epoch: 700, Loss: 0.0129, Train: 100.00%, Valid: 94.63%, Test: 95.56%, Best Valid: 95.72%, Best Test: 96.21%
Epoch: 800, Loss: 0.0078, Train: 100.00%, Valid: 94.44%, Test: 95.34%, Best Valid: 95.72%, Best Test: 96.21%
Epoch: 900, Loss: 0.0047, Train: 100.00%, Valid: 94.33%, Test: 95.12%, Best Valid: 95.72%, Best Test: 96.21%
Epoch: 1000, Loss: 0.0038, Train: 100.00%, Valid: 94.08%, Test: 95.15%, Best Valid: 95.72%, Best Test: 96.21%
Epoch: 1100, Loss: 0.0044, Train: 100.00%, Valid: 94.22%, Test: 95.09%, Best Valid: 95.72%, Best Test: 96.21%
Epoch: 1200, Loss: 0.0666, Train: 99.85%, Valid: 95.01%, Test: 95.91%, Best Valid: 95.72%, Best Test: 96.21%
Epoch: 1300, Loss: 0.0087, Train: 100.00%, Valid: 94.57%, Test: 95.72%, Best Valid: 95.72%, Best Test: 96.21%
Epoch: 1400, Loss: 0.0050, Train: 100.00%, Valid: 94.33%, Test: 95.23%, Best Valid: 95.72%, Best Test: 96.21%
Run 01:
Highest Train: 100.00
Highest Valid: 95.72
Highest Test: 96.24
Chosen epoch: 217
Final Train: 99.79
Final Test: 96.21
Pre-training MLP for 500 epochs to generate co-occurrence matrix...
MLP pre-training complete. Penalty matrix frozen.
Epoch: 00, Loss: 5.6627, Train: 22.11%, Valid: 24.03%, Test: 22.76%, Best Valid: 24.03%, Best Test: 22.76%
Epoch: 100, Loss: 0.0335, Train: 100.00%, Valid: 94.98%, Test: 95.77%, Best Valid: 95.25%, Best Test: 95.88%
Epoch: 200, Loss: 0.0040, Train: 100.00%, Valid: 94.90%, Test: 95.53%, Best Valid: 95.25%, Best Test: 95.88%
Epoch: 300, Loss: 0.1326, Train: 99.30%, Valid: 95.23%, Test: 96.21%, Best Valid: 95.25%, Best Test: 95.88%
Epoch: 400, Loss: 0.0250, Train: 100.00%, Valid: 94.84%, Test: 95.75%, Best Valid: 95.28%, Best Test: 96.16%
Epoch: 500, Loss: 0.0117, Train: 100.00%, Valid: 94.52%, Test: 95.72%, Best Valid: 95.28%, Best Test: 96.16%
Epoch: 600, Loss: 0.0073, Train: 100.00%, Valid: 94.65%, Test: 95.50%, Best Valid: 95.28%, Best Test: 96.16%
Epoch: 700, Loss: 0.0054, Train: 100.00%, Valid: 94.52%, Test: 95.53%, Best Valid: 95.28%, Best Test: 96.16%
Epoch: 800, Loss: 0.0040, Train: 100.00%, Valid: 94.44%, Test: 95.45%, Best Valid: 95.28%, Best Test: 96.16%
Epoch: 900, Loss: 0.1152, Train: 99.54%, Valid: 95.12%, Test: 96.07%, Best Valid: 95.50%, Best Test: 96.24%
Epoch: 1000, Loss: 0.0098, Train: 100.00%, Valid: 94.76%, Test: 95.94%, Best Valid: 95.50%, Best Test: 96.24%
Epoch: 1100, Loss: 0.0052, Train: 100.00%, Valid: 94.33%, Test: 95.34%, Best Valid: 95.50%, Best Test: 96.24%
Epoch: 1200, Loss: 0.0038, Train: 100.00%, Valid: 94.27%, Test: 95.12%, Best Valid: 95.50%, Best Test: 96.24%
Epoch: 1300, Loss: 0.0045, Train: 100.00%, Valid: 94.30%, Test: 95.15%, Best Valid: 95.50%, Best Test: 96.24%
Epoch: 1400, Loss: 0.0497, Train: 99.87%, Valid: 95.28%, Test: 96.16%, Best Valid: 95.50%, Best Test: 96.24%
Run 02:
Highest Train: 100.00
Highest Valid: 95.50
Highest Test: 96.32
Chosen epoch: 892
Final Train: 99.22
Final Test: 96.24
Pre-training MLP for 500 epochs to generate co-occurrence matrix...
MLP pre-training complete. Penalty matrix frozen.
Epoch: 00, Loss: 5.6985, Train: 42.99%, Valid: 44.38%, Test: 42.99%, Best Valid: 44.38%, Best Test: 42.99%
Epoch: 100, Loss: 0.0316, Train: 100.00%, Valid: 95.01%, Test: 95.86%, Best Valid: 95.34%, Best Test: 95.88%
Epoch: 200, Loss: 0.0035, Train: 100.00%, Valid: 94.95%, Test: 95.67%, Best Valid: 95.34%, Best Test: 95.88%
Epoch: 300, Loss: 0.0356, Train: 99.97%, Valid: 95.20%, Test: 95.80%, Best Valid: 95.34%, Best Test: 95.88%
Epoch: 400, Loss: 0.0094, Train: 100.00%, Valid: 94.41%, Test: 95.53%, Best Valid: 95.34%, Best Test: 95.88%
Epoch: 500, Loss: 0.0056, Train: 100.00%, Valid: 94.60%, Test: 95.31%, Best Valid: 95.34%, Best Test: 95.88%
Epoch: 600, Loss: 0.0042, Train: 100.00%, Valid: 94.46%, Test: 95.28%, Best Valid: 95.34%, Best Test: 95.88%
Epoch: 700, Loss: 0.1250, Train: 99.44%, Valid: 95.25%, Test: 96.29%, Best Valid: 95.34%, Best Test: 95.88%
Epoch: 800, Loss: 0.0083, Train: 100.00%, Valid: 94.76%, Test: 95.67%, Best Valid: 95.39%, Best Test: 96.37%
Epoch: 900, Loss: 0.0044, Train: 100.00%, Valid: 94.41%, Test: 95.17%, Best Valid: 95.39%, Best Test: 96.37%
Epoch: 1000, Loss: 0.0039, Train: 100.00%, Valid: 94.65%, Test: 95.34%, Best Valid: 95.39%, Best Test: 96.37%
Epoch: 1100, Loss: 0.0041, Train: 100.00%, Valid: 94.41%, Test: 95.12%, Best Valid: 95.39%, Best Test: 96.37%
Epoch: 1200, Loss: 0.0056, Train: 100.00%, Valid: 94.57%, Test: 95.17%, Best Valid: 95.39%, Best Test: 96.37%
Epoch: 1300, Loss: 0.0059, Train: 99.98%, Valid: 94.52%, Test: 94.93%, Best Valid: 95.39%, Best Test: 96.37%
Epoch: 1400, Loss: 0.0929, Train: 99.76%, Valid: 95.17%, Test: 96.02%, Best Valid: 95.39%, Best Test: 96.37%
Run 03:
Highest Train: 100.00
Highest Valid: 95.39
Highest Test: 96.46
Chosen epoch: 716
Final Train: 99.86
Final Test: 96.37
All runs:
Highest Train: 100.00 ± 0.00
Highest Test: 96.34 ± 0.11
Highest Valid: 95.54 ± 0.17
  Final Train: 99.62 ± 0.35
   Final Test: 96.27 ± 0.09
Saving results to results/coauthor-cs/MPNN_sage.csv

Homophilic sweep completed!
==========================================================
Starting Homophilic MLP-Reg Sweep for:
python main.py --gnn gat  --dataset coauthor-cs --hidden_channels 256 --epochs 1500 --lr 0.001 --runs 3 --local_layers 1 --weight_decay 5e-4 --dropout 0.3 --device 0 --ln --res
==========================================================
Running Baseline (REG: False)...
Namespace(bn=False, cpu=False, data_dir='./data/', dataset='coauthor-cs', device=0, display_step=100, dropout=0.3, epochs=1500, gnn='gat', hidden_channels=256, jk=False, label_num_per_class=20, lambda_val=0.5, ln=True, local_layers=1, lr=0.001, metric='acc', mlp_epochs=500, mlp_reg=False, model='MPNN', model_dir='./model/', num_heads=1, pre_linear=False, pre_ln=False, rand_split=False, rand_split_class=False, reg_start_epoch=10, reg_update_freq=5, res=True, runs=3, save_model=False, seed=42, test_num=1000, train_prop=0.5, use_reg=False, valid_num=500, valid_prop=0.25, weight_decay=0.0005)
coauthor-cs
dataset coauthor-cs | num nodes 18333 | num edge 163788 | num node feats 6805 | num classes 15
MODEL: MPNNs(
  (h_lins): ModuleList()
  (local_convs): ModuleList(
    (0): GATConv(6805, 256, heads=1)
  )
  (lins): ModuleList(
    (0): Linear(in_features=6805, out_features=256, bias=True)
  )
  (lns): ModuleList(
    (0): LayerNorm((256,), eps=1e-05, elementwise_affine=True)
  )
  (bns): ModuleList(
    (0): BatchNorm1d(256, eps=1e-05, momentum=0.1, affine=True, track_running_stats=True)
  )
  (lin_in): Linear(in_features=6805, out_features=256, bias=True)
  (pred_local): Linear(in_features=256, out_features=15, bias=True)
)
Epoch: 00, Loss: 2.9841, Train: 56.93%, Valid: 55.26%, Test: 55.15%, Best Valid: 55.26%, Best Test: 55.15%
Epoch: 100, Loss: 0.0146, Train: 100.00%, Valid: 95.31%, Test: 96.02%, Best Valid: 95.36%, Best Test: 96.24%
Epoch: 200, Loss: 0.0084, Train: 100.00%, Valid: 94.90%, Test: 95.72%, Best Valid: 95.36%, Best Test: 96.24%
Epoch: 300, Loss: 0.0064, Train: 100.00%, Valid: 94.65%, Test: 95.56%, Best Valid: 95.36%, Best Test: 96.24%
Epoch: 400, Loss: 0.0058, Train: 100.00%, Valid: 94.79%, Test: 95.56%, Best Valid: 95.36%, Best Test: 96.24%
Epoch: 500, Loss: 0.0057, Train: 100.00%, Valid: 94.76%, Test: 95.58%, Best Valid: 95.36%, Best Test: 96.24%
Epoch: 600, Loss: 0.0054, Train: 100.00%, Valid: 94.84%, Test: 95.67%, Best Valid: 95.36%, Best Test: 96.24%
Epoch: 700, Loss: 0.0053, Train: 100.00%, Valid: 94.84%, Test: 95.61%, Best Valid: 95.36%, Best Test: 96.24%
Epoch: 800, Loss: 0.0053, Train: 100.00%, Valid: 94.82%, Test: 95.67%, Best Valid: 95.36%, Best Test: 96.24%
Epoch: 900, Loss: 0.0051, Train: 100.00%, Valid: 94.63%, Test: 95.72%, Best Valid: 95.36%, Best Test: 96.24%
Epoch: 1000, Loss: 0.0050, Train: 100.00%, Valid: 94.68%, Test: 95.58%, Best Valid: 95.36%, Best Test: 96.24%
Epoch: 1100, Loss: 0.0053, Train: 100.00%, Valid: 94.71%, Test: 95.67%, Best Valid: 95.36%, Best Test: 96.24%
Epoch: 1200, Loss: 0.0050, Train: 100.00%, Valid: 94.68%, Test: 95.80%, Best Valid: 95.36%, Best Test: 96.24%
Epoch: 1300, Loss: 0.0049, Train: 100.00%, Valid: 94.71%, Test: 95.58%, Best Valid: 95.36%, Best Test: 96.24%
Epoch: 1400, Loss: 0.0052, Train: 100.00%, Valid: 94.84%, Test: 95.77%, Best Valid: 95.36%, Best Test: 96.24%
Run 01:
Highest Train: 100.00
Highest Valid: 95.36
Highest Test: 96.24
Chosen epoch: 62
Final Train: 99.89
Final Test: 96.24
Epoch: 00, Loss: 2.6883, Train: 33.93%, Valid: 35.35%, Test: 33.56%, Best Valid: 35.35%, Best Test: 33.56%
Epoch: 100, Loss: 0.0132, Train: 100.00%, Valid: 95.12%, Test: 95.97%, Best Valid: 95.36%, Best Test: 96.10%
Epoch: 200, Loss: 0.0076, Train: 100.00%, Valid: 94.68%, Test: 95.80%, Best Valid: 95.36%, Best Test: 96.10%
Epoch: 300, Loss: 0.0064, Train: 100.00%, Valid: 94.60%, Test: 95.67%, Best Valid: 95.36%, Best Test: 96.10%
Epoch: 400, Loss: 0.0057, Train: 100.00%, Valid: 94.63%, Test: 95.72%, Best Valid: 95.36%, Best Test: 96.10%
Epoch: 500, Loss: 0.0053, Train: 100.00%, Valid: 94.76%, Test: 95.61%, Best Valid: 95.36%, Best Test: 96.10%
Epoch: 600, Loss: 0.0052, Train: 100.00%, Valid: 94.71%, Test: 95.64%, Best Valid: 95.36%, Best Test: 96.10%
Epoch: 700, Loss: 0.0052, Train: 100.00%, Valid: 94.79%, Test: 95.69%, Best Valid: 95.36%, Best Test: 96.10%
Epoch: 800, Loss: 0.0051, Train: 100.00%, Valid: 94.63%, Test: 95.64%, Best Valid: 95.36%, Best Test: 96.10%
Epoch: 900, Loss: 0.0053, Train: 100.00%, Valid: 94.71%, Test: 95.64%, Best Valid: 95.36%, Best Test: 96.10%
Epoch: 1000, Loss: 0.0055, Train: 100.00%, Valid: 94.57%, Test: 95.67%, Best Valid: 95.36%, Best Test: 96.10%
Epoch: 1100, Loss: 0.0053, Train: 100.00%, Valid: 94.68%, Test: 95.64%, Best Valid: 95.36%, Best Test: 96.10%
Epoch: 1200, Loss: 0.0050, Train: 100.00%, Valid: 94.60%, Test: 95.64%, Best Valid: 95.36%, Best Test: 96.10%
Epoch: 1300, Loss: 0.0053, Train: 100.00%, Valid: 94.63%, Test: 95.56%, Best Valid: 95.36%, Best Test: 96.10%
Epoch: 1400, Loss: 0.0050, Train: 100.00%, Valid: 94.74%, Test: 95.53%, Best Valid: 95.36%, Best Test: 96.10%
Run 02:
Highest Train: 100.00
Highest Valid: 95.36
Highest Test: 96.32
Chosen epoch: 41
Final Train: 99.47
Final Test: 96.10
Epoch: 00, Loss: 2.7520, Train: 46.07%, Valid: 46.43%, Test: 44.98%, Best Valid: 46.43%, Best Test: 44.98%
Epoch: 100, Loss: 0.0131, Train: 100.00%, Valid: 94.98%, Test: 95.99%, Best Valid: 95.28%, Best Test: 96.13%
Epoch: 200, Loss: 0.0075, Train: 100.00%, Valid: 94.65%, Test: 95.69%, Best Valid: 95.28%, Best Test: 96.13%
Epoch: 300, Loss: 0.0060, Train: 100.00%, Valid: 94.74%, Test: 95.61%, Best Valid: 95.28%, Best Test: 96.13%
Epoch: 400, Loss: 0.0056, Train: 100.00%, Valid: 94.79%, Test: 95.69%, Best Valid: 95.28%, Best Test: 96.13%
Epoch: 500, Loss: 0.0056, Train: 100.00%, Valid: 94.82%, Test: 95.61%, Best Valid: 95.28%, Best Test: 96.13%
Epoch: 600, Loss: 0.0055, Train: 100.00%, Valid: 94.71%, Test: 95.61%, Best Valid: 95.28%, Best Test: 96.13%
Epoch: 700, Loss: 0.0054, Train: 100.00%, Valid: 94.76%, Test: 95.58%, Best Valid: 95.28%, Best Test: 96.13%
Epoch: 800, Loss: 0.0051, Train: 100.00%, Valid: 94.76%, Test: 95.67%, Best Valid: 95.28%, Best Test: 96.13%
Epoch: 900, Loss: 0.0053, Train: 100.00%, Valid: 94.76%, Test: 95.67%, Best Valid: 95.28%, Best Test: 96.13%
Epoch: 1000, Loss: 0.0051, Train: 100.00%, Valid: 94.71%, Test: 95.64%, Best Valid: 95.28%, Best Test: 96.13%
Epoch: 1100, Loss: 0.0052, Train: 100.00%, Valid: 94.65%, Test: 95.67%, Best Valid: 95.28%, Best Test: 96.13%
Epoch: 1200, Loss: 0.0051, Train: 100.00%, Valid: 94.84%, Test: 95.64%, Best Valid: 95.28%, Best Test: 96.13%
Epoch: 1300, Loss: 0.0053, Train: 100.00%, Valid: 94.65%, Test: 95.72%, Best Valid: 95.28%, Best Test: 96.13%
Epoch: 1400, Loss: 0.0051, Train: 100.00%, Valid: 94.74%, Test: 95.64%, Best Valid: 95.28%, Best Test: 96.13%
Run 03:
Highest Train: 100.00
Highest Valid: 95.28
Highest Test: 96.32
Chosen epoch: 66
Final Train: 99.92
Final Test: 96.13
All runs:
Highest Train: 100.00 ± 0.00
Highest Test: 96.29 ± 0.05
Highest Valid: 95.34 ± 0.05
  Final Train: 99.76 ± 0.25
   Final Test: 96.16 ± 0.07
Saving results to results/coauthor-cs/MPNN_gat.csv

Running with Pre-trained MLP Regularization (lambda=0.01)...
Namespace(bn=False, cpu=False, data_dir='./data/', dataset='coauthor-cs', device=0, display_step=100, dropout=0.3, epochs=1500, gnn='gat', hidden_channels=256, jk=False, label_num_per_class=20, lambda_val=0.01, ln=True, local_layers=1, lr=0.001, metric='acc', mlp_epochs=500, mlp_reg=True, model='MPNN', model_dir='./model/', num_heads=1, pre_linear=False, pre_ln=False, rand_split=False, rand_split_class=False, reg_start_epoch=10, reg_update_freq=5, res=True, runs=3, save_model=False, seed=42, test_num=1000, train_prop=0.5, use_reg=True, valid_num=500, valid_prop=0.25, weight_decay=0.0005)
coauthor-cs
dataset coauthor-cs | num nodes 18333 | num edge 163788 | num node feats 6805 | num classes 15
MODEL: MPNNs(
  (h_lins): ModuleList()
  (local_convs): ModuleList(
    (0): GATConv(6805, 256, heads=1)
  )
  (lins): ModuleList(
    (0): Linear(in_features=6805, out_features=256, bias=True)
  )
  (lns): ModuleList(
    (0): LayerNorm((256,), eps=1e-05, elementwise_affine=True)
  )
  (bns): ModuleList(
    (0): BatchNorm1d(256, eps=1e-05, momentum=0.1, affine=True, track_running_stats=True)
  )
  (lin_in): Linear(in_features=6805, out_features=256, bias=True)
  (pred_local): Linear(in_features=256, out_features=15, bias=True)
)
Pre-training MLP for 500 epochs to generate co-occurrence matrix...
MLP pre-training complete. Penalty matrix frozen.
Epoch: 00, Loss: 3.0184, Train: 56.53%, Valid: 54.91%, Test: 54.69%, Best Valid: 54.91%, Best Test: 54.69%
Epoch: 100, Loss: 0.0150, Train: 100.00%, Valid: 95.25%, Test: 96.05%, Best Valid: 95.34%, Best Test: 96.10%
Epoch: 200, Loss: 0.0083, Train: 100.00%, Valid: 94.79%, Test: 95.75%, Best Valid: 95.34%, Best Test: 96.10%
Epoch: 300, Loss: 0.0066, Train: 100.00%, Valid: 94.60%, Test: 95.58%, Best Valid: 95.34%, Best Test: 96.10%
Epoch: 400, Loss: 0.0059, Train: 100.00%, Valid: 94.68%, Test: 95.58%, Best Valid: 95.34%, Best Test: 96.10%
Epoch: 500, Loss: 0.0054, Train: 100.00%, Valid: 94.82%, Test: 95.61%, Best Valid: 95.34%, Best Test: 96.10%
Epoch: 600, Loss: 0.0056, Train: 100.00%, Valid: 94.79%, Test: 95.77%, Best Valid: 95.34%, Best Test: 96.10%
Epoch: 700, Loss: 0.0053, Train: 100.00%, Valid: 94.71%, Test: 95.75%, Best Valid: 95.34%, Best Test: 96.10%
Epoch: 800, Loss: 0.0052, Train: 100.00%, Valid: 94.74%, Test: 95.67%, Best Valid: 95.34%, Best Test: 96.10%
Epoch: 900, Loss: 0.0052, Train: 100.00%, Valid: 94.71%, Test: 95.69%, Best Valid: 95.34%, Best Test: 96.10%
Epoch: 1000, Loss: 0.0052, Train: 100.00%, Valid: 94.74%, Test: 95.77%, Best Valid: 95.34%, Best Test: 96.10%
Epoch: 1100, Loss: 0.0056, Train: 100.00%, Valid: 94.79%, Test: 95.69%, Best Valid: 95.34%, Best Test: 96.10%
Epoch: 1200, Loss: 0.0053, Train: 100.00%, Valid: 94.68%, Test: 95.69%, Best Valid: 95.34%, Best Test: 96.10%
Epoch: 1300, Loss: 0.0052, Train: 100.00%, Valid: 94.57%, Test: 95.47%, Best Valid: 95.34%, Best Test: 96.10%
Epoch: 1400, Loss: 0.0052, Train: 100.00%, Valid: 94.74%, Test: 95.72%, Best Valid: 95.34%, Best Test: 96.10%
Run 01:
Highest Train: 100.00
Highest Valid: 95.34
Highest Test: 96.29
Chosen epoch: 81
Final Train: 100.00
Final Test: 96.10
Pre-training MLP for 500 epochs to generate co-occurrence matrix...
MLP pre-training complete. Penalty matrix frozen.
Epoch: 00, Loss: 2.8785, Train: 46.77%, Valid: 46.75%, Test: 45.12%, Best Valid: 46.75%, Best Test: 45.12%
Epoch: 100, Loss: 0.0140, Train: 100.00%, Valid: 95.25%, Test: 95.99%, Best Valid: 95.44%, Best Test: 96.32%
Epoch: 200, Loss: 0.0076, Train: 100.00%, Valid: 94.54%, Test: 95.69%, Best Valid: 95.44%, Best Test: 96.32%
Epoch: 300, Loss: 0.0063, Train: 100.00%, Valid: 94.71%, Test: 95.67%, Best Valid: 95.44%, Best Test: 96.32%
Epoch: 400, Loss: 0.0057, Train: 100.00%, Valid: 94.54%, Test: 95.56%, Best Valid: 95.44%, Best Test: 96.32%
Epoch: 500, Loss: 0.0054, Train: 100.00%, Valid: 94.52%, Test: 95.58%, Best Valid: 95.44%, Best Test: 96.32%
Epoch: 600, Loss: 0.0055, Train: 100.00%, Valid: 94.52%, Test: 95.61%, Best Valid: 95.44%, Best Test: 96.32%
Epoch: 700, Loss: 0.0052, Train: 100.00%, Valid: 94.49%, Test: 95.56%, Best Valid: 95.44%, Best Test: 96.32%
Epoch: 800, Loss: 0.0053, Train: 100.00%, Valid: 94.60%, Test: 95.72%, Best Valid: 95.44%, Best Test: 96.32%
Epoch: 900, Loss: 0.0050, Train: 100.00%, Valid: 94.46%, Test: 95.64%, Best Valid: 95.44%, Best Test: 96.32%
Epoch: 1000, Loss: 0.0052, Train: 100.00%, Valid: 94.65%, Test: 95.64%, Best Valid: 95.44%, Best Test: 96.32%
Epoch: 1100, Loss: 0.0050, Train: 100.00%, Valid: 94.57%, Test: 95.69%, Best Valid: 95.44%, Best Test: 96.32%
Epoch: 1200, Loss: 0.0053, Train: 100.00%, Valid: 94.79%, Test: 95.72%, Best Valid: 95.44%, Best Test: 96.32%
Epoch: 1300, Loss: 0.0052, Train: 100.00%, Valid: 94.57%, Test: 95.53%, Best Valid: 95.44%, Best Test: 96.32%
Epoch: 1400, Loss: 0.0053, Train: 100.00%, Valid: 94.60%, Test: 95.67%, Best Valid: 95.44%, Best Test: 96.32%
Run 02:
Highest Train: 100.00
Highest Valid: 95.44
Highest Test: 96.37
Chosen epoch: 61
Final Train: 99.87
Final Test: 96.32
Pre-training MLP for 500 epochs to generate co-occurrence matrix...
MLP pre-training complete. Penalty matrix frozen.
Epoch: 00, Loss: 2.7682, Train: 52.12%, Valid: 51.47%, Test: 50.85%, Best Valid: 51.47%, Best Test: 50.85%
Epoch: 100, Loss: 0.0143, Train: 100.00%, Valid: 95.12%, Test: 95.88%, Best Valid: 95.39%, Best Test: 96.07%
Epoch: 200, Loss: 0.0079, Train: 100.00%, Valid: 94.79%, Test: 95.64%, Best Valid: 95.39%, Best Test: 96.07%
Epoch: 300, Loss: 0.0062, Train: 100.00%, Valid: 94.90%, Test: 95.67%, Best Valid: 95.39%, Best Test: 96.07%
Epoch: 400, Loss: 0.0057, Train: 100.00%, Valid: 94.65%, Test: 95.67%, Best Valid: 95.39%, Best Test: 96.07%
Epoch: 500, Loss: 0.0053, Train: 100.00%, Valid: 94.71%, Test: 95.69%, Best Valid: 95.39%, Best Test: 96.07%
Epoch: 600, Loss: 0.0052, Train: 100.00%, Valid: 94.60%, Test: 95.64%, Best Valid: 95.39%, Best Test: 96.07%
Epoch: 700, Loss: 0.0052, Train: 100.00%, Valid: 94.52%, Test: 95.67%, Best Valid: 95.39%, Best Test: 96.07%
Epoch: 800, Loss: 0.0052, Train: 100.00%, Valid: 94.46%, Test: 95.69%, Best Valid: 95.39%, Best Test: 96.07%
Epoch: 900, Loss: 0.0052, Train: 100.00%, Valid: 94.71%, Test: 95.67%, Best Valid: 95.39%, Best Test: 96.07%
Epoch: 1000, Loss: 0.0049, Train: 100.00%, Valid: 94.49%, Test: 95.61%, Best Valid: 95.39%, Best Test: 96.07%
Epoch: 1100, Loss: 0.0052, Train: 100.00%, Valid: 94.60%, Test: 95.64%, Best Valid: 95.39%, Best Test: 96.07%
Epoch: 1200, Loss: 0.0050, Train: 100.00%, Valid: 94.68%, Test: 95.75%, Best Valid: 95.39%, Best Test: 96.07%
Epoch: 1300, Loss: 0.0052, Train: 100.00%, Valid: 94.71%, Test: 95.64%, Best Valid: 95.39%, Best Test: 96.07%
Epoch: 1400, Loss: 0.0050, Train: 100.00%, Valid: 94.63%, Test: 95.72%, Best Valid: 95.39%, Best Test: 96.07%
Run 03:
Highest Train: 100.00
Highest Valid: 95.39
Highest Test: 96.21
Chosen epoch: 73
Final Train: 99.99
Final Test: 96.07
All runs:
Highest Train: 100.00 ± 0.00
Highest Test: 96.29 ± 0.08
Highest Valid: 95.39 ± 0.05
  Final Train: 99.95 ± 0.07
   Final Test: 96.17 ± 0.13
Saving results to results/coauthor-cs/MPNN_gat.csv

Running with Pre-trained MLP Regularization (lambda=0.1)...
Namespace(bn=False, cpu=False, data_dir='./data/', dataset='coauthor-cs', device=0, display_step=100, dropout=0.3, epochs=1500, gnn='gat', hidden_channels=256, jk=False, label_num_per_class=20, lambda_val=0.1, ln=True, local_layers=1, lr=0.001, metric='acc', mlp_epochs=500, mlp_reg=True, model='MPNN', model_dir='./model/', num_heads=1, pre_linear=False, pre_ln=False, rand_split=False, rand_split_class=False, reg_start_epoch=10, reg_update_freq=5, res=True, runs=3, save_model=False, seed=42, test_num=1000, train_prop=0.5, use_reg=True, valid_num=500, valid_prop=0.25, weight_decay=0.0005)
coauthor-cs
dataset coauthor-cs | num nodes 18333 | num edge 163788 | num node feats 6805 | num classes 15
MODEL: MPNNs(
  (h_lins): ModuleList()
  (local_convs): ModuleList(
    (0): GATConv(6805, 256, heads=1)
  )
  (lins): ModuleList(
    (0): Linear(in_features=6805, out_features=256, bias=True)
  )
  (lns): ModuleList(
    (0): LayerNorm((256,), eps=1e-05, elementwise_affine=True)
  )
  (bns): ModuleList(
    (0): BatchNorm1d(256, eps=1e-05, momentum=0.1, affine=True, track_running_stats=True)
  )
  (lin_in): Linear(in_features=6805, out_features=256, bias=True)
  (pred_local): Linear(in_features=256, out_features=15, bias=True)
)
Pre-training MLP for 500 epochs to generate co-occurrence matrix...
MLP pre-training complete. Penalty matrix frozen.
Epoch: 00, Loss: 3.2873, Train: 54.90%, Valid: 53.90%, Test: 53.63%, Best Valid: 53.90%, Best Test: 53.63%
Epoch: 100, Loss: 0.0191, Train: 100.00%, Valid: 95.23%, Test: 96.07%, Best Valid: 95.31%, Best Test: 96.05%
Epoch: 200, Loss: 0.0095, Train: 100.00%, Valid: 94.90%, Test: 95.64%, Best Valid: 95.34%, Best Test: 96.07%
Epoch: 300, Loss: 0.0075, Train: 100.00%, Valid: 94.49%, Test: 95.67%, Best Valid: 95.34%, Best Test: 96.07%
Epoch: 400, Loss: 0.0066, Train: 100.00%, Valid: 94.54%, Test: 95.72%, Best Valid: 95.34%, Best Test: 96.07%
Epoch: 500, Loss: 0.0061, Train: 100.00%, Valid: 94.71%, Test: 95.69%, Best Valid: 95.34%, Best Test: 96.07%
Epoch: 600, Loss: 0.0061, Train: 100.00%, Valid: 94.79%, Test: 95.77%, Best Valid: 95.34%, Best Test: 96.07%
Epoch: 700, Loss: 0.0058, Train: 100.00%, Valid: 94.68%, Test: 95.77%, Best Valid: 95.34%, Best Test: 96.07%
Epoch: 800, Loss: 0.0057, Train: 100.00%, Valid: 94.79%, Test: 95.67%, Best Valid: 95.34%, Best Test: 96.07%
Epoch: 900, Loss: 0.0057, Train: 100.00%, Valid: 94.74%, Test: 95.80%, Best Valid: 95.34%, Best Test: 96.07%
Epoch: 1000, Loss: 0.0056, Train: 100.00%, Valid: 94.79%, Test: 95.69%, Best Valid: 95.34%, Best Test: 96.07%
Epoch: 1100, Loss: 0.0059, Train: 100.00%, Valid: 94.76%, Test: 95.72%, Best Valid: 95.34%, Best Test: 96.07%
Epoch: 1200, Loss: 0.0058, Train: 100.00%, Valid: 94.79%, Test: 95.67%, Best Valid: 95.34%, Best Test: 96.07%
Epoch: 1300, Loss: 0.0058, Train: 100.00%, Valid: 94.57%, Test: 95.67%, Best Valid: 95.34%, Best Test: 96.07%
Epoch: 1400, Loss: 0.0057, Train: 100.00%, Valid: 94.74%, Test: 95.75%, Best Valid: 95.34%, Best Test: 96.07%
Run 01:
Highest Train: 100.00
Highest Valid: 95.34
Highest Test: 96.26
Chosen epoch: 112
Final Train: 100.00
Final Test: 96.07
Pre-training MLP for 500 epochs to generate co-occurrence matrix...
MLP pre-training complete. Penalty matrix frozen.
Epoch: 00, Loss: 3.1350, Train: 47.56%, Valid: 47.27%, Test: 45.50%, Best Valid: 47.27%, Best Test: 45.50%
Epoch: 100, Loss: 0.0178, Train: 100.00%, Valid: 95.34%, Test: 96.16%, Best Valid: 95.42%, Best Test: 96.18%
Epoch: 200, Loss: 0.0086, Train: 100.00%, Valid: 94.71%, Test: 95.72%, Best Valid: 95.42%, Best Test: 96.18%
Epoch: 300, Loss: 0.0069, Train: 100.00%, Valid: 94.74%, Test: 95.75%, Best Valid: 95.42%, Best Test: 96.18%
Epoch: 400, Loss: 0.0063, Train: 100.00%, Valid: 94.71%, Test: 95.64%, Best Valid: 95.42%, Best Test: 96.18%
Epoch: 500, Loss: 0.0059, Train: 100.00%, Valid: 94.71%, Test: 95.64%, Best Valid: 95.42%, Best Test: 96.18%
Epoch: 600, Loss: 0.0059, Train: 100.00%, Valid: 94.65%, Test: 95.69%, Best Valid: 95.42%, Best Test: 96.18%
Epoch: 700, Loss: 0.0057, Train: 100.00%, Valid: 94.57%, Test: 95.67%, Best Valid: 95.42%, Best Test: 96.18%
Epoch: 800, Loss: 0.0058, Train: 100.00%, Valid: 94.65%, Test: 95.69%, Best Valid: 95.42%, Best Test: 96.18%
Epoch: 900, Loss: 0.0054, Train: 100.00%, Valid: 94.63%, Test: 95.69%, Best Valid: 95.42%, Best Test: 96.18%
Epoch: 1000, Loss: 0.0057, Train: 100.00%, Valid: 94.79%, Test: 95.61%, Best Valid: 95.42%, Best Test: 96.18%
Epoch: 1100, Loss: 0.0056, Train: 100.00%, Valid: 94.57%, Test: 95.64%, Best Valid: 95.42%, Best Test: 96.18%
Epoch: 1200, Loss: 0.0058, Train: 100.00%, Valid: 94.79%, Test: 95.75%, Best Valid: 95.42%, Best Test: 96.18%
Epoch: 1300, Loss: 0.0057, Train: 100.00%, Valid: 94.68%, Test: 95.72%, Best Valid: 95.42%, Best Test: 96.18%
Epoch: 1400, Loss: 0.0058, Train: 100.00%, Valid: 94.57%, Test: 95.69%, Best Valid: 95.42%, Best Test: 96.18%
Run 02:
Highest Train: 100.00
Highest Valid: 95.42
Highest Test: 96.32
Chosen epoch: 60
Final Train: 99.86
Final Test: 96.18
Pre-training MLP for 500 epochs to generate co-occurrence matrix...
MLP pre-training complete. Penalty matrix frozen.
Epoch: 00, Loss: 3.0149, Train: 51.95%, Valid: 51.50%, Test: 50.90%, Best Valid: 51.50%, Best Test: 50.90%
Epoch: 100, Loss: 0.0179, Train: 100.00%, Valid: 95.34%, Test: 95.91%, Best Valid: 95.42%, Best Test: 96.07%
Epoch: 200, Loss: 0.0089, Train: 100.00%, Valid: 94.84%, Test: 95.69%, Best Valid: 95.42%, Best Test: 96.07%
Epoch: 300, Loss: 0.0070, Train: 100.00%, Valid: 94.93%, Test: 95.77%, Best Valid: 95.42%, Best Test: 96.07%
Epoch: 400, Loss: 0.0063, Train: 100.00%, Valid: 94.68%, Test: 95.61%, Best Valid: 95.42%, Best Test: 96.07%
Epoch: 500, Loss: 0.0058, Train: 100.00%, Valid: 94.71%, Test: 95.69%, Best Valid: 95.42%, Best Test: 96.07%
Epoch: 600, Loss: 0.0057, Train: 100.00%, Valid: 94.65%, Test: 95.67%, Best Valid: 95.42%, Best Test: 96.07%
Epoch: 700, Loss: 0.0057, Train: 100.00%, Valid: 94.68%, Test: 95.61%, Best Valid: 95.42%, Best Test: 96.07%
Epoch: 800, Loss: 0.0057, Train: 100.00%, Valid: 94.60%, Test: 95.67%, Best Valid: 95.42%, Best Test: 96.07%
Epoch: 900, Loss: 0.0056, Train: 100.00%, Valid: 94.63%, Test: 95.64%, Best Valid: 95.42%, Best Test: 96.07%
Epoch: 1000, Loss: 0.0053, Train: 100.00%, Valid: 94.63%, Test: 95.56%, Best Valid: 95.42%, Best Test: 96.07%
Epoch: 1100, Loss: 0.0057, Train: 100.00%, Valid: 94.79%, Test: 95.61%, Best Valid: 95.42%, Best Test: 96.07%
Epoch: 1200, Loss: 0.0055, Train: 100.00%, Valid: 94.71%, Test: 95.64%, Best Valid: 95.42%, Best Test: 96.07%
Epoch: 1300, Loss: 0.0058, Train: 100.00%, Valid: 94.82%, Test: 95.58%, Best Valid: 95.42%, Best Test: 96.07%
Epoch: 1400, Loss: 0.0055, Train: 100.00%, Valid: 94.57%, Test: 95.75%, Best Valid: 95.42%, Best Test: 96.07%
Run 03:
Highest Train: 100.00
Highest Valid: 95.42
Highest Test: 96.24
Chosen epoch: 90
Final Train: 100.00
Final Test: 96.07
All runs:
Highest Train: 100.00 ± 0.00
Highest Test: 96.27 ± 0.04
Highest Valid: 95.39 ± 0.05
  Final Train: 99.95 ± 0.08
   Final Test: 96.11 ± 0.06
Saving results to results/coauthor-cs/MPNN_gat.csv

Running with Pre-trained MLP Regularization (lambda=1.0)...
Namespace(bn=False, cpu=False, data_dir='./data/', dataset='coauthor-cs', device=0, display_step=100, dropout=0.3, epochs=1500, gnn='gat', hidden_channels=256, jk=False, label_num_per_class=20, lambda_val=1.0, ln=True, local_layers=1, lr=0.001, metric='acc', mlp_epochs=500, mlp_reg=True, model='MPNN', model_dir='./model/', num_heads=1, pre_linear=False, pre_ln=False, rand_split=False, rand_split_class=False, reg_start_epoch=10, reg_update_freq=5, res=True, runs=3, save_model=False, seed=42, test_num=1000, train_prop=0.5, use_reg=True, valid_num=500, valid_prop=0.25, weight_decay=0.0005)
coauthor-cs
dataset coauthor-cs | num nodes 18333 | num edge 163788 | num node feats 6805 | num classes 15
MODEL: MPNNs(
  (h_lins): ModuleList()
  (local_convs): ModuleList(
    (0): GATConv(6805, 256, heads=1)
  )
  (lins): ModuleList(
    (0): Linear(in_features=6805, out_features=256, bias=True)
  )
  (lns): ModuleList(
    (0): LayerNorm((256,), eps=1e-05, elementwise_affine=True)
  )
  (bns): ModuleList(
    (0): BatchNorm1d(256, eps=1e-05, momentum=0.1, affine=True, track_running_stats=True)
  )
  (lin_in): Linear(in_features=6805, out_features=256, bias=True)
  (pred_local): Linear(in_features=256, out_features=15, bias=True)
)
Pre-training MLP for 500 epochs to generate co-occurrence matrix...
MLP pre-training complete. Penalty matrix frozen.
Epoch: 00, Loss: 5.9770, Train: 23.80%, Valid: 23.16%, Test: 23.75%, Best Valid: 23.16%, Best Test: 23.75%
Epoch: 100, Loss: 0.0638, Train: 99.93%, Valid: 95.25%, Test: 95.88%, Best Valid: 95.36%, Best Test: 95.83%
Epoch: 200, Loss: 0.0209, Train: 100.00%, Valid: 95.01%, Test: 95.91%, Best Valid: 95.36%, Best Test: 95.83%
Epoch: 300, Loss: 0.0156, Train: 100.00%, Valid: 94.98%, Test: 95.72%, Best Valid: 95.36%, Best Test: 95.83%
Epoch: 400, Loss: 0.0130, Train: 100.00%, Valid: 94.82%, Test: 95.80%, Best Valid: 95.36%, Best Test: 95.83%
Epoch: 500, Loss: 0.0117, Train: 100.00%, Valid: 94.84%, Test: 95.80%, Best Valid: 95.36%, Best Test: 95.83%
Epoch: 600, Loss: 0.0114, Train: 100.00%, Valid: 94.98%, Test: 95.86%, Best Valid: 95.36%, Best Test: 95.83%
Epoch: 700, Loss: 0.0107, Train: 100.00%, Valid: 94.87%, Test: 95.72%, Best Valid: 95.36%, Best Test: 95.83%
Epoch: 800, Loss: 0.0105, Train: 100.00%, Valid: 94.90%, Test: 95.80%, Best Valid: 95.36%, Best Test: 95.83%
Epoch: 900, Loss: 0.0102, Train: 100.00%, Valid: 94.82%, Test: 95.72%, Best Valid: 95.36%, Best Test: 95.83%
Epoch: 1000, Loss: 0.0101, Train: 100.00%, Valid: 94.87%, Test: 95.75%, Best Valid: 95.36%, Best Test: 95.83%
Epoch: 1100, Loss: 0.0104, Train: 100.00%, Valid: 94.87%, Test: 95.75%, Best Valid: 95.36%, Best Test: 95.83%
Epoch: 1200, Loss: 0.0104, Train: 100.00%, Valid: 94.71%, Test: 95.72%, Best Valid: 95.36%, Best Test: 95.83%
Epoch: 1300, Loss: 0.0103, Train: 100.00%, Valid: 94.87%, Test: 95.77%, Best Valid: 95.36%, Best Test: 95.83%
Epoch: 1400, Loss: 0.0101, Train: 100.00%, Valid: 94.74%, Test: 95.83%, Best Valid: 95.36%, Best Test: 95.83%
Run 01:
Highest Train: 100.00
Highest Valid: 95.36
Highest Test: 96.02
Chosen epoch: 59
Final Train: 99.32
Final Test: 95.83
Pre-training MLP for 500 epochs to generate co-occurrence matrix...
MLP pre-training complete. Penalty matrix frozen.
Epoch: 00, Loss: 5.7000, Train: 32.66%, Valid: 32.38%, Test: 31.57%, Best Valid: 32.38%, Best Test: 31.57%
Epoch: 100, Loss: 0.0609, Train: 99.92%, Valid: 95.23%, Test: 95.94%, Best Valid: 95.36%, Best Test: 95.83%
Epoch: 200, Loss: 0.0193, Train: 100.00%, Valid: 95.01%, Test: 95.80%, Best Valid: 95.36%, Best Test: 95.83%
Epoch: 300, Loss: 0.0146, Train: 100.00%, Valid: 94.87%, Test: 95.64%, Best Valid: 95.36%, Best Test: 95.83%
Epoch: 400, Loss: 0.0126, Train: 100.00%, Valid: 94.93%, Test: 95.77%, Best Valid: 95.36%, Best Test: 95.83%
Epoch: 500, Loss: 0.0115, Train: 100.00%, Valid: 94.87%, Test: 95.64%, Best Valid: 95.36%, Best Test: 95.83%
Epoch: 600, Loss: 0.0109, Train: 100.00%, Valid: 94.93%, Test: 95.77%, Best Valid: 95.36%, Best Test: 95.83%
Epoch: 700, Loss: 0.0106, Train: 100.00%, Valid: 94.90%, Test: 95.72%, Best Valid: 95.36%, Best Test: 95.83%
Epoch: 800, Loss: 0.0103, Train: 100.00%, Valid: 94.74%, Test: 95.58%, Best Valid: 95.36%, Best Test: 95.83%
Epoch: 900, Loss: 0.0102, Train: 100.00%, Valid: 94.87%, Test: 95.69%, Best Valid: 95.36%, Best Test: 95.83%
Epoch: 1000, Loss: 0.0102, Train: 100.00%, Valid: 94.84%, Test: 95.67%, Best Valid: 95.36%, Best Test: 95.83%
Epoch: 1100, Loss: 0.0101, Train: 100.00%, Valid: 94.57%, Test: 95.67%, Best Valid: 95.36%, Best Test: 95.83%
Epoch: 1200, Loss: 0.0101, Train: 100.00%, Valid: 94.90%, Test: 95.69%, Best Valid: 95.36%, Best Test: 95.83%
Epoch: 1300, Loss: 0.0100, Train: 100.00%, Valid: 94.82%, Test: 95.80%, Best Valid: 95.36%, Best Test: 95.83%
Epoch: 1400, Loss: 0.0100, Train: 100.00%, Valid: 94.76%, Test: 95.67%, Best Valid: 95.36%, Best Test: 95.83%
Run 02:
Highest Train: 100.00
Highest Valid: 95.36
Highest Test: 96.07
Chosen epoch: 64
Final Train: 99.55
Final Test: 95.83
Pre-training MLP for 500 epochs to generate co-occurrence matrix...
MLP pre-training complete. Penalty matrix frozen.
Epoch: 00, Loss: 5.4817, Train: 57.69%, Valid: 56.30%, Test: 56.54%, Best Valid: 56.30%, Best Test: 56.54%
Epoch: 100, Loss: 0.0585, Train: 99.97%, Valid: 95.42%, Test: 95.80%, Best Valid: 95.42%, Best Test: 95.77%
Epoch: 200, Loss: 0.0190, Train: 100.00%, Valid: 95.01%, Test: 95.77%, Best Valid: 95.44%, Best Test: 95.83%
Epoch: 300, Loss: 0.0144, Train: 100.00%, Valid: 95.04%, Test: 95.77%, Best Valid: 95.44%, Best Test: 95.83%
Epoch: 400, Loss: 0.0126, Train: 100.00%, Valid: 94.87%, Test: 95.72%, Best Valid: 95.44%, Best Test: 95.83%
Epoch: 500, Loss: 0.0113, Train: 100.00%, Valid: 94.95%, Test: 95.77%, Best Valid: 95.44%, Best Test: 95.83%
Epoch: 600, Loss: 0.0107, Train: 100.00%, Valid: 95.01%, Test: 95.83%, Best Valid: 95.44%, Best Test: 95.83%
Epoch: 700, Loss: 0.0103, Train: 100.00%, Valid: 94.90%, Test: 95.77%, Best Valid: 95.44%, Best Test: 95.83%
Epoch: 800, Loss: 0.0103, Train: 100.00%, Valid: 94.68%, Test: 95.86%, Best Valid: 95.44%, Best Test: 95.83%
Epoch: 900, Loss: 0.0101, Train: 100.00%, Valid: 94.87%, Test: 95.86%, Best Valid: 95.44%, Best Test: 95.83%
Epoch: 1000, Loss: 0.0097, Train: 100.00%, Valid: 94.82%, Test: 95.72%, Best Valid: 95.44%, Best Test: 95.83%
Epoch: 1100, Loss: 0.0099, Train: 100.00%, Valid: 94.98%, Test: 95.77%, Best Valid: 95.44%, Best Test: 95.83%
Epoch: 1200, Loss: 0.0098, Train: 100.00%, Valid: 94.76%, Test: 95.77%, Best Valid: 95.44%, Best Test: 95.83%
Epoch: 1300, Loss: 0.0097, Train: 100.00%, Valid: 94.87%, Test: 95.77%, Best Valid: 95.44%, Best Test: 95.83%
Epoch: 1400, Loss: 0.0096, Train: 100.00%, Valid: 94.90%, Test: 95.75%, Best Valid: 95.44%, Best Test: 95.83%
Run 03:
Highest Train: 100.00
Highest Valid: 95.44
Highest Test: 96.13
Chosen epoch: 102
Final Train: 99.98
Final Test: 95.83
All runs:
Highest Train: 100.00 ± 0.00
Highest Test: 96.07 ± 0.05
Highest Valid: 95.39 ± 0.05
  Final Train: 99.62 ± 0.34
   Final Test: 95.83 ± 0.00
Saving results to results/coauthor-cs/MPNN_gat.csv

Homophilic sweep completed!
==========================================================
Sweep for coauthor-cs completed at: Sun Apr 26 08:31:55 AM EDT 2026
==========================================================
