==========================================================
Homophilic MLP-Reg GNN Sweep — Dataset: amazon-computer
Array task: 0 / Job: 998532
Date: Sun Apr 26 12:03:06 AM EDT 2026 | Host: n0001
==========================================================
Sun Apr 26 00:03:15 2026       
+-----------------------------------------------------------------------------------------+
| NVIDIA-SMI 570.211.01             Driver Version: 570.211.01     CUDA Version: 12.8     |
|-----------------------------------------+------------------------+----------------------+
| GPU  Name                 Persistence-M | Bus-Id          Disp.A | Volatile Uncorr. ECC |
| Fan  Temp   Perf          Pwr:Usage/Cap |           Memory-Usage | GPU-Util  Compute M. |
|                                         |                        |               MIG M. |
|=========================================+========================+======================|
|   0  NVIDIA A100-SXM4-80GB          On  |   00000000:01:00.0 Off |                   On |
| N/A   35C    P0            114W /  500W |    3547MiB /  81920MiB |     N/A      Default |
|                                         |                        |              Enabled |
+-----------------------------------------+------------------------+----------------------+
|   1  NVIDIA A100-SXM4-80GB          On  |   00000000:41:00.0 Off |                   On |
| N/A   34C    P0            111W /  500W |    2169MiB /  81920MiB |     N/A      Default |
|                                         |                        |              Enabled |
+-----------------------------------------+------------------------+----------------------+
|   2  NVIDIA A100-SXM4-80GB          On  |   00000000:81:00.0 Off |                   On |
| N/A   36C    P0            107W /  500W |    5561MiB /  81920MiB |     N/A      Default |
|                                         |                        |              Enabled |
+-----------------------------------------+------------------------+----------------------+
|   3  NVIDIA A100-SXM4-80GB          On  |   00000000:C1:00.0 Off |                   On |
| N/A   25C    P0             49W /  500W |     185MiB /  81920MiB |     N/A      Default |
|                                         |                        |              Enabled |
+-----------------------------------------+------------------------+----------------------+

+-----------------------------------------------------------------------------------------+
| MIG devices:                                                                            |
+------------------+----------------------------------+-----------+-----------------------+
| GPU  GI  CI  MIG |                     Memory-Usage |        Vol|        Shared         |
|      ID  ID  Dev |                       BAR1-Usage | SM     Unc| CE ENC  DEC  OFA  JPG |
|                  |                                  |        ECC|                       |
|==================+==================================+===========+=======================|
|  0   14   0   0  |              27MiB /  9728MiB    | 14      0 |  1   0    0    0    0 |
|                  |                 0MiB / 16383MiB  |           |                       |
+------------------+----------------------------------+-----------+-----------------------+
                                                                                         
+-----------------------------------------------------------------------------------------+
| Processes:                                                                              |
|  GPU   GI   CI              PID   Type   Process name                        GPU Memory |
|        ID   ID                                                               Usage      |
|=========================================================================================|
|    1   13    0           761464      C   python                                 1980MiB |
|    2    9    0           720307      C   python                                 5372MiB |
+-----------------------------------------------------------------------------------------+
1.12.1
True
NVIDIA A100-SXM4-80GB MIG 1g.10gb
==========================================================
Starting Homophilic MLP-Reg Sweep for:
python main.py --gnn gcn  --dataset amazon-computer --hidden_channels 512 --epochs 1000 --lr 0.001 --runs 3 --local_layers 3 --weight_decay 5e-5 --dropout 0.5 --device 0 --ln
==========================================================
Running Baseline (REG: False)...
Namespace(bn=False, cpu=False, data_dir='./data/', dataset='amazon-computer', device=0, display_step=100, dropout=0.5, epochs=1000, gnn='gcn', hidden_channels=512, jk=False, label_num_per_class=20, lambda_val=0.5, ln=True, local_layers=3, lr=0.001, metric='acc', mlp_epochs=500, mlp_reg=False, model='MPNN', model_dir='./model/', num_heads=1, pre_linear=False, pre_ln=False, rand_split=False, rand_split_class=False, reg_start_epoch=10, reg_update_freq=5, res=False, runs=3, save_model=False, seed=42, test_num=1000, train_prop=0.5, use_reg=False, valid_num=500, valid_prop=0.25, weight_decay=5e-05)
amazon-computer
dataset amazon-computer | num nodes 13752 | num edge 491722 | num node feats 767 | num classes 10
MODEL: MPNNs(
  (h_lins): ModuleList()
  (local_convs): ModuleList(
    (0): GCNConv(767, 512)
    (1): GCNConv(512, 512)
    (2): GCNConv(512, 512)
  )
  (lins): ModuleList(
    (0): Linear(in_features=767, out_features=512, bias=True)
    (1): Linear(in_features=512, out_features=512, bias=True)
    (2): Linear(in_features=512, out_features=512, bias=True)
  )
  (lns): ModuleList(
    (0): LayerNorm((512,), eps=1e-05, elementwise_affine=True)
    (1): LayerNorm((512,), eps=1e-05, elementwise_affine=True)
    (2): LayerNorm((512,), eps=1e-05, elementwise_affine=True)
  )
  (bns): ModuleList(
    (0): BatchNorm1d(512, eps=1e-05, momentum=0.1, affine=True, track_running_stats=True)
    (1): BatchNorm1d(512, eps=1e-05, momentum=0.1, affine=True, track_running_stats=True)
    (2): BatchNorm1d(512, eps=1e-05, momentum=0.1, affine=True, track_running_stats=True)
  )
  (lin_in): Linear(in_features=767, out_features=512, bias=True)
  (pred_local): Linear(in_features=512, out_features=10, bias=True)
)
Epoch: 00, Loss: 2.5506, Train: 37.61%, Valid: 36.18%, Test: 38.53%, Best Valid: 36.18%, Best Test: 38.53%
Epoch: 100, Loss: 0.2976, Train: 91.16%, Valid: 89.53%, Test: 91.31%, Best Valid: 89.53%, Best Test: 91.24%
Epoch: 200, Loss: 0.2347, Train: 92.61%, Valid: 91.27%, Test: 92.80%, Best Valid: 91.67%, Best Test: 93.06%
Epoch: 300, Loss: 0.2035, Train: 93.87%, Valid: 91.56%, Test: 93.24%, Best Valid: 92.29%, Best Test: 93.57%
Epoch: 400, Loss: 0.1925, Train: 94.57%, Valid: 92.04%, Test: 93.49%, Best Valid: 92.55%, Best Test: 94.00%
Epoch: 500, Loss: 0.1730, Train: 94.79%, Valid: 92.00%, Test: 93.75%, Best Valid: 92.55%, Best Test: 94.00%
Epoch: 600, Loss: 0.1469, Train: 95.09%, Valid: 91.89%, Test: 93.93%, Best Valid: 92.65%, Best Test: 94.07%
Epoch: 700, Loss: 0.1437, Train: 95.25%, Valid: 92.25%, Test: 93.64%, Best Valid: 92.65%, Best Test: 94.07%
Epoch: 800, Loss: 0.1404, Train: 95.29%, Valid: 92.29%, Test: 93.60%, Best Valid: 92.65%, Best Test: 94.07%
Epoch: 900, Loss: 0.1273, Train: 95.78%, Valid: 92.47%, Test: 93.89%, Best Valid: 92.65%, Best Test: 94.07%
Run 01:
Highest Train: 95.92
Highest Valid: 92.65
Highest Test: 94.29
Chosen epoch: 560
Final Train: 95.35
Final Test: 94.07
Epoch: 00, Loss: 2.4214, Train: 37.61%, Valid: 36.18%, Test: 38.53%, Best Valid: 36.18%, Best Test: 38.53%
Epoch: 100, Loss: 0.3393, Train: 89.58%, Valid: 87.96%, Test: 90.22%, Best Valid: 89.67%, Best Test: 91.49%
Epoch: 200, Loss: 0.2330, Train: 92.86%, Valid: 90.44%, Test: 92.48%, Best Valid: 91.20%, Best Test: 92.88%
Epoch: 300, Loss: 0.2006, Train: 94.10%, Valid: 91.85%, Test: 93.57%, Best Valid: 91.93%, Best Test: 93.71%
Epoch: 400, Loss: 0.2108, Train: 91.31%, Valid: 89.20%, Test: 90.08%, Best Valid: 92.18%, Best Test: 93.68%
Epoch: 500, Loss: 0.1594, Train: 94.85%, Valid: 91.75%, Test: 93.93%, Best Valid: 92.44%, Best Test: 94.15%
Epoch: 600, Loss: 0.1476, Train: 95.08%, Valid: 91.67%, Test: 93.64%, Best Valid: 92.44%, Best Test: 94.15%
Epoch: 700, Loss: 0.3090, Train: 91.19%, Valid: 89.56%, Test: 91.42%, Best Valid: 92.44%, Best Test: 94.15%
Epoch: 800, Loss: 0.2237, Train: 92.91%, Valid: 90.73%, Test: 92.44%, Best Valid: 92.44%, Best Test: 94.15%
Epoch: 900, Loss: 0.1910, Train: 94.26%, Valid: 91.71%, Test: 93.60%, Best Valid: 92.44%, Best Test: 94.15%
Run 02:
Highest Train: 95.41
Highest Valid: 92.44
Highest Test: 94.26
Chosen epoch: 461
Final Train: 94.93
Final Test: 94.15
Epoch: 00, Loss: 2.6695, Train: 37.61%, Valid: 36.18%, Test: 38.53%, Best Valid: 36.18%, Best Test: 38.53%
Epoch: 100, Loss: 0.3160, Train: 90.67%, Valid: 90.11%, Test: 91.42%, Best Valid: 90.15%, Best Test: 91.53%
Epoch: 200, Loss: 0.2641, Train: 92.28%, Valid: 90.55%, Test: 92.51%, Best Valid: 91.64%, Best Test: 93.38%
Epoch: 300, Loss: 0.2021, Train: 93.88%, Valid: 91.56%, Test: 93.38%, Best Valid: 91.96%, Best Test: 93.42%
Epoch: 400, Loss: 0.1782, Train: 94.47%, Valid: 92.29%, Test: 93.78%, Best Valid: 92.40%, Best Test: 93.46%
Epoch: 500, Loss: 0.1771, Train: 94.87%, Valid: 92.15%, Test: 94.15%, Best Valid: 92.40%, Best Test: 93.46%
Epoch: 600, Loss: 0.1576, Train: 94.90%, Valid: 91.82%, Test: 93.86%, Best Valid: 92.47%, Best Test: 93.97%
Epoch: 700, Loss: 0.1410, Train: 95.12%, Valid: 92.11%, Test: 93.75%, Best Valid: 92.47%, Best Test: 93.97%
Epoch: 800, Loss: 0.1574, Train: 94.55%, Valid: 91.53%, Test: 92.95%, Best Valid: 92.47%, Best Test: 93.97%
Epoch: 900, Loss: 0.1483, Train: 95.14%, Valid: 92.04%, Test: 93.38%, Best Valid: 92.51%, Best Test: 94.11%
Run 03:
Highest Train: 96.05
Highest Valid: 92.58
Highest Test: 94.33
Chosen epoch: 974
Final Train: 95.95
Final Test: 93.82
All runs:
Highest Train: 95.79 ± 0.34
Highest Test: 94.29 ± 0.04
Highest Valid: 92.56 ± 0.11
  Final Train: 95.41 ± 0.51
   Final Test: 94.01 ± 0.17
Saving results to results/amazon-computer/MPNN_gcn.csv

Running with Pre-trained MLP Regularization (lambda=0.01)...
Namespace(bn=False, cpu=False, data_dir='./data/', dataset='amazon-computer', device=0, display_step=100, dropout=0.5, epochs=1000, gnn='gcn', hidden_channels=512, jk=False, label_num_per_class=20, lambda_val=0.01, ln=True, local_layers=3, lr=0.001, metric='acc', mlp_epochs=500, mlp_reg=True, model='MPNN', model_dir='./model/', num_heads=1, pre_linear=False, pre_ln=False, rand_split=False, rand_split_class=False, reg_start_epoch=10, reg_update_freq=5, res=False, runs=3, save_model=False, seed=42, test_num=1000, train_prop=0.5, use_reg=True, valid_num=500, valid_prop=0.25, weight_decay=5e-05)
amazon-computer
dataset amazon-computer | num nodes 13752 | num edge 491722 | num node feats 767 | num classes 10
MODEL: MPNNs(
  (h_lins): ModuleList()
  (local_convs): ModuleList(
    (0): GCNConv(767, 512)
    (1): GCNConv(512, 512)
    (2): GCNConv(512, 512)
  )
  (lins): ModuleList(
    (0): Linear(in_features=767, out_features=512, bias=True)
    (1): Linear(in_features=512, out_features=512, bias=True)
    (2): Linear(in_features=512, out_features=512, bias=True)
  )
  (lns): ModuleList(
    (0): LayerNorm((512,), eps=1e-05, elementwise_affine=True)
    (1): LayerNorm((512,), eps=1e-05, elementwise_affine=True)
    (2): LayerNorm((512,), eps=1e-05, elementwise_affine=True)
  )
  (bns): ModuleList(
    (0): BatchNorm1d(512, eps=1e-05, momentum=0.1, affine=True, track_running_stats=True)
    (1): BatchNorm1d(512, eps=1e-05, momentum=0.1, affine=True, track_running_stats=True)
    (2): BatchNorm1d(512, eps=1e-05, momentum=0.1, affine=True, track_running_stats=True)
  )
  (lin_in): Linear(in_features=767, out_features=512, bias=True)
  (pred_local): Linear(in_features=512, out_features=10, bias=True)
)
Pre-training MLP for 500 epochs to generate co-occurrence matrix...
MLP pre-training complete. Penalty matrix frozen.
Epoch: 00, Loss: 2.5804, Train: 37.61%, Valid: 36.18%, Test: 38.53%, Best Valid: 36.18%, Best Test: 38.53%
Epoch: 100, Loss: 0.3058, Train: 91.14%, Valid: 89.64%, Test: 91.64%, Best Valid: 89.78%, Best Test: 91.17%
Epoch: 200, Loss: 0.2546, Train: 92.64%, Valid: 90.91%, Test: 92.55%, Best Valid: 91.16%, Best Test: 92.66%
Epoch: 300, Loss: 0.1976, Train: 93.67%, Valid: 91.38%, Test: 93.64%, Best Valid: 92.11%, Best Test: 93.71%
Epoch: 400, Loss: 0.2411, Train: 92.38%, Valid: 90.47%, Test: 92.00%, Best Valid: 92.51%, Best Test: 94.07%
Epoch: 500, Loss: 0.1631, Train: 94.67%, Valid: 91.82%, Test: 93.82%, Best Valid: 92.51%, Best Test: 94.07%
Epoch: 600, Loss: 0.1909, Train: 90.93%, Valid: 88.44%, Test: 89.89%, Best Valid: 92.55%, Best Test: 94.11%
Epoch: 700, Loss: 0.1551, Train: 95.12%, Valid: 92.18%, Test: 93.93%, Best Valid: 92.55%, Best Test: 94.11%
Epoch: 800, Loss: 0.1484, Train: 94.79%, Valid: 92.18%, Test: 93.17%, Best Valid: 92.55%, Best Test: 94.11%
Epoch: 900, Loss: 0.1421, Train: 95.54%, Valid: 92.36%, Test: 93.78%, Best Valid: 92.55%, Best Test: 94.11%
Run 01:
Highest Train: 96.01
Highest Valid: 92.58
Highest Test: 94.40
Chosen epoch: 980
Final Train: 95.50
Final Test: 93.49
Pre-training MLP for 500 epochs to generate co-occurrence matrix...
MLP pre-training complete. Penalty matrix frozen.
Epoch: 00, Loss: 2.5606, Train: 37.61%, Valid: 36.18%, Test: 38.53%, Best Valid: 36.18%, Best Test: 38.53%
Epoch: 100, Loss: 0.3052, Train: 90.62%, Valid: 89.64%, Test: 91.20%, Best Valid: 90.07%, Best Test: 91.82%
Epoch: 200, Loss: 0.3384, Train: 89.50%, Valid: 87.67%, Test: 89.57%, Best Valid: 91.75%, Best Test: 93.24%
Epoch: 300, Loss: 0.2005, Train: 94.18%, Valid: 91.82%, Test: 93.89%, Best Valid: 92.07%, Best Test: 93.86%
Epoch: 400, Loss: 0.3162, Train: 91.00%, Valid: 89.13%, Test: 91.02%, Best Valid: 92.11%, Best Test: 93.78%
Epoch: 500, Loss: 0.1955, Train: 94.16%, Valid: 92.00%, Test: 94.04%, Best Valid: 92.11%, Best Test: 93.78%
Epoch: 600, Loss: 0.1674, Train: 94.91%, Valid: 91.78%, Test: 94.15%, Best Valid: 92.22%, Best Test: 94.00%
Epoch: 700, Loss: 0.1582, Train: 95.09%, Valid: 92.00%, Test: 94.15%, Best Valid: 92.40%, Best Test: 93.64%
Epoch: 800, Loss: 0.1436, Train: 95.42%, Valid: 92.00%, Test: 94.00%, Best Valid: 92.40%, Best Test: 93.64%
Epoch: 900, Loss: 0.1400, Train: 95.58%, Valid: 91.96%, Test: 93.86%, Best Valid: 92.47%, Best Test: 93.68%
Run 02:
Highest Train: 95.99
Highest Valid: 92.55
Highest Test: 94.47
Chosen epoch: 967
Final Train: 95.56
Final Test: 93.93
Pre-training MLP for 500 epochs to generate co-occurrence matrix...
MLP pre-training complete. Penalty matrix frozen.
Epoch: 00, Loss: 2.4668, Train: 37.61%, Valid: 36.18%, Test: 38.53%, Best Valid: 36.18%, Best Test: 38.53%
Epoch: 100, Loss: 0.3008, Train: 91.01%, Valid: 89.53%, Test: 91.31%, Best Valid: 89.71%, Best Test: 91.17%
Epoch: 200, Loss: 0.2297, Train: 93.04%, Valid: 91.38%, Test: 92.84%, Best Valid: 91.78%, Best Test: 92.58%
Epoch: 300, Loss: 0.2111, Train: 93.52%, Valid: 91.49%, Test: 92.88%, Best Valid: 92.18%, Best Test: 93.38%
Epoch: 400, Loss: 0.2126, Train: 93.67%, Valid: 91.75%, Test: 93.02%, Best Valid: 92.33%, Best Test: 93.82%
Epoch: 500, Loss: 0.1777, Train: 94.70%, Valid: 92.40%, Test: 93.49%, Best Valid: 92.58%, Best Test: 93.42%
Epoch: 600, Loss: 0.2098, Train: 93.37%, Valid: 91.38%, Test: 92.84%, Best Valid: 92.80%, Best Test: 93.82%
Epoch: 700, Loss: 0.1554, Train: 95.10%, Valid: 92.07%, Test: 93.31%, Best Valid: 92.80%, Best Test: 93.82%
Epoch: 800, Loss: 0.1695, Train: 94.15%, Valid: 91.20%, Test: 92.58%, Best Valid: 92.80%, Best Test: 93.82%
Epoch: 900, Loss: 0.1593, Train: 95.20%, Valid: 92.15%, Test: 93.78%, Best Valid: 92.80%, Best Test: 93.82%
Run 03:
Highest Train: 95.96
Highest Valid: 92.87
Highest Test: 94.29
Chosen epoch: 966
Final Train: 95.31
Final Test: 93.46
All runs:
Highest Train: 95.99 ± 0.02
Highest Test: 94.39 ± 0.09
Highest Valid: 92.67 ± 0.18
  Final Train: 95.46 ± 0.13
   Final Test: 93.63 ± 0.26
Saving results to results/amazon-computer/MPNN_gcn.csv

Running with Pre-trained MLP Regularization (lambda=0.1)...
Namespace(bn=False, cpu=False, data_dir='./data/', dataset='amazon-computer', device=0, display_step=100, dropout=0.5, epochs=1000, gnn='gcn', hidden_channels=512, jk=False, label_num_per_class=20, lambda_val=0.1, ln=True, local_layers=3, lr=0.001, metric='acc', mlp_epochs=500, mlp_reg=True, model='MPNN', model_dir='./model/', num_heads=1, pre_linear=False, pre_ln=False, rand_split=False, rand_split_class=False, reg_start_epoch=10, reg_update_freq=5, res=False, runs=3, save_model=False, seed=42, test_num=1000, train_prop=0.5, use_reg=True, valid_num=500, valid_prop=0.25, weight_decay=5e-05)
amazon-computer
dataset amazon-computer | num nodes 13752 | num edge 491722 | num node feats 767 | num classes 10
MODEL: MPNNs(
  (h_lins): ModuleList()
  (local_convs): ModuleList(
    (0): GCNConv(767, 512)
    (1): GCNConv(512, 512)
    (2): GCNConv(512, 512)
  )
  (lins): ModuleList(
    (0): Linear(in_features=767, out_features=512, bias=True)
    (1): Linear(in_features=512, out_features=512, bias=True)
    (2): Linear(in_features=512, out_features=512, bias=True)
  )
  (lns): ModuleList(
    (0): LayerNorm((512,), eps=1e-05, elementwise_affine=True)
    (1): LayerNorm((512,), eps=1e-05, elementwise_affine=True)
    (2): LayerNorm((512,), eps=1e-05, elementwise_affine=True)
  )
  (bns): ModuleList(
    (0): BatchNorm1d(512, eps=1e-05, momentum=0.1, affine=True, track_running_stats=True)
    (1): BatchNorm1d(512, eps=1e-05, momentum=0.1, affine=True, track_running_stats=True)
    (2): BatchNorm1d(512, eps=1e-05, momentum=0.1, affine=True, track_running_stats=True)
  )
  (lin_in): Linear(in_features=767, out_features=512, bias=True)
  (pred_local): Linear(in_features=512, out_features=10, bias=True)
)
Pre-training MLP for 500 epochs to generate co-occurrence matrix...
MLP pre-training complete. Penalty matrix frozen.
Epoch: 00, Loss: 2.8104, Train: 37.61%, Valid: 36.18%, Test: 38.53%, Best Valid: 36.18%, Best Test: 38.53%
Epoch: 100, Loss: 0.3435, Train: 90.57%, Valid: 89.71%, Test: 91.42%, Best Valid: 89.71%, Best Test: 91.42%
Epoch: 200, Loss: 0.3260, Train: 91.78%, Valid: 90.18%, Test: 92.29%, Best Valid: 91.56%, Best Test: 93.06%
Epoch: 300, Loss: 0.2363, Train: 93.37%, Valid: 91.93%, Test: 93.53%, Best Valid: 92.11%, Best Test: 93.24%
Epoch: 400, Loss: 0.2100, Train: 94.12%, Valid: 91.56%, Test: 93.75%, Best Valid: 92.40%, Best Test: 93.89%
Epoch: 500, Loss: 0.1869, Train: 94.47%, Valid: 91.93%, Test: 93.86%, Best Valid: 92.55%, Best Test: 94.07%
Epoch: 600, Loss: 0.1833, Train: 94.50%, Valid: 91.67%, Test: 93.46%, Best Valid: 92.55%, Best Test: 94.07%
Epoch: 700, Loss: 0.2465, Train: 92.01%, Valid: 90.33%, Test: 91.02%, Best Valid: 92.55%, Best Test: 94.07%
Epoch: 800, Loss: 0.1573, Train: 95.55%, Valid: 92.29%, Test: 94.29%, Best Valid: 92.55%, Best Test: 94.07%
Epoch: 900, Loss: 0.1512, Train: 95.61%, Valid: 92.22%, Test: 94.00%, Best Valid: 92.55%, Best Test: 94.07%
Run 01:
Highest Train: 95.95
Highest Valid: 92.55
Highest Test: 94.37
Chosen epoch: 431
Final Train: 94.34
Final Test: 94.07
Pre-training MLP for 500 epochs to generate co-occurrence matrix...
MLP pre-training complete. Penalty matrix frozen.
Epoch: 00, Loss: 2.7888, Train: 37.61%, Valid: 36.18%, Test: 38.53%, Best Valid: 36.18%, Best Test: 38.53%
Epoch: 100, Loss: 0.3328, Train: 90.74%, Valid: 89.42%, Test: 90.80%, Best Valid: 89.96%, Best Test: 91.71%
Epoch: 200, Loss: 0.2585, Train: 92.90%, Valid: 91.20%, Test: 92.88%, Best Valid: 91.60%, Best Test: 92.88%
Epoch: 300, Loss: 0.2075, Train: 94.30%, Valid: 92.25%, Test: 93.82%, Best Valid: 92.25%, Best Test: 93.82%
Epoch: 400, Loss: 0.1881, Train: 94.49%, Valid: 91.49%, Test: 93.35%, Best Valid: 92.36%, Best Test: 93.89%
Epoch: 500, Loss: 0.3359, Train: 91.67%, Valid: 90.15%, Test: 91.78%, Best Valid: 92.36%, Best Test: 93.89%
Epoch: 600, Loss: 0.2026, Train: 94.34%, Valid: 91.75%, Test: 93.78%, Best Valid: 92.36%, Best Test: 93.89%
Epoch: 700, Loss: 0.1878, Train: 94.86%, Valid: 91.96%, Test: 93.71%, Best Valid: 92.36%, Best Test: 93.89%
Epoch: 800, Loss: 0.1589, Train: 95.37%, Valid: 91.56%, Test: 94.04%, Best Valid: 92.36%, Best Test: 93.89%
Epoch: 900, Loss: 0.1547, Train: 95.33%, Valid: 91.38%, Test: 93.57%, Best Valid: 92.36%, Best Test: 93.89%
Run 02:
Highest Train: 95.76
Highest Valid: 92.36
Highest Test: 94.51
Chosen epoch: 356
Final Train: 94.51
Final Test: 93.89
Pre-training MLP for 500 epochs to generate co-occurrence matrix...
MLP pre-training complete. Penalty matrix frozen.
Epoch: 00, Loss: 2.6866, Train: 37.61%, Valid: 36.18%, Test: 38.53%, Best Valid: 36.18%, Best Test: 38.53%
Epoch: 100, Loss: 0.3607, Train: 86.01%, Valid: 86.40%, Test: 86.88%, Best Valid: 89.75%, Best Test: 91.49%
Epoch: 200, Loss: 0.2938, Train: 92.57%, Valid: 90.62%, Test: 92.62%, Best Valid: 91.67%, Best Test: 93.06%
Epoch: 300, Loss: 0.2186, Train: 93.99%, Valid: 91.71%, Test: 93.46%, Best Valid: 92.44%, Best Test: 93.78%
Epoch: 400, Loss: 0.2061, Train: 94.06%, Valid: 91.71%, Test: 93.35%, Best Valid: 92.44%, Best Test: 93.78%
Epoch: 500, Loss: 0.1785, Train: 94.86%, Valid: 91.85%, Test: 93.64%, Best Valid: 92.44%, Best Test: 93.78%
Epoch: 600, Loss: 0.1658, Train: 95.10%, Valid: 92.29%, Test: 93.82%, Best Valid: 92.51%, Best Test: 93.93%
Epoch: 700, Loss: 0.2048, Train: 94.34%, Valid: 91.45%, Test: 93.09%, Best Valid: 92.55%, Best Test: 93.86%
Epoch: 800, Loss: 0.1652, Train: 95.21%, Valid: 91.93%, Test: 93.71%, Best Valid: 92.55%, Best Test: 93.86%
Epoch: 900, Loss: 0.1569, Train: 95.47%, Valid: 92.29%, Test: 93.46%, Best Valid: 92.69%, Best Test: 94.00%
Run 03:
Highest Train: 95.81
Highest Valid: 92.73
Highest Test: 94.33
Chosen epoch: 962
Final Train: 95.65
Final Test: 93.97
All runs:
Highest Train: 95.84 ± 0.10
Highest Test: 94.40 ± 0.10
Highest Valid: 92.55 ± 0.18
  Final Train: 94.83 ± 0.71
   Final Test: 93.98 ± 0.09
Saving results to results/amazon-computer/MPNN_gcn.csv

Running with Pre-trained MLP Regularization (lambda=1.0)...
Namespace(bn=False, cpu=False, data_dir='./data/', dataset='amazon-computer', device=0, display_step=100, dropout=0.5, epochs=1000, gnn='gcn', hidden_channels=512, jk=False, label_num_per_class=20, lambda_val=1.0, ln=True, local_layers=3, lr=0.001, metric='acc', mlp_epochs=500, mlp_reg=True, model='MPNN', model_dir='./model/', num_heads=1, pre_linear=False, pre_ln=False, rand_split=False, rand_split_class=False, reg_start_epoch=10, reg_update_freq=5, res=False, runs=3, save_model=False, seed=42, test_num=1000, train_prop=0.5, use_reg=True, valid_num=500, valid_prop=0.25, weight_decay=5e-05)
amazon-computer
dataset amazon-computer | num nodes 13752 | num edge 491722 | num node feats 767 | num classes 10
MODEL: MPNNs(
  (h_lins): ModuleList()
  (local_convs): ModuleList(
    (0): GCNConv(767, 512)
    (1): GCNConv(512, 512)
    (2): GCNConv(512, 512)
  )
  (lins): ModuleList(
    (0): Linear(in_features=767, out_features=512, bias=True)
    (1): Linear(in_features=512, out_features=512, bias=True)
    (2): Linear(in_features=512, out_features=512, bias=True)
  )
  (lns): ModuleList(
    (0): LayerNorm((512,), eps=1e-05, elementwise_affine=True)
    (1): LayerNorm((512,), eps=1e-05, elementwise_affine=True)
    (2): LayerNorm((512,), eps=1e-05, elementwise_affine=True)
  )
  (bns): ModuleList(
    (0): BatchNorm1d(512, eps=1e-05, momentum=0.1, affine=True, track_running_stats=True)
    (1): BatchNorm1d(512, eps=1e-05, momentum=0.1, affine=True, track_running_stats=True)
    (2): BatchNorm1d(512, eps=1e-05, momentum=0.1, affine=True, track_running_stats=True)
  )
  (lin_in): Linear(in_features=767, out_features=512, bias=True)
  (pred_local): Linear(in_features=512, out_features=10, bias=True)
)
Pre-training MLP for 500 epochs to generate co-occurrence matrix...
MLP pre-training complete. Penalty matrix frozen.
Epoch: 00, Loss: 5.1098, Train: 37.61%, Valid: 36.18%, Test: 38.53%, Best Valid: 36.18%, Best Test: 38.53%
Epoch: 100, Loss: 0.8353, Train: 90.44%, Valid: 89.05%, Test: 91.17%, Best Valid: 89.09%, Best Test: 90.77%
Epoch: 200, Loss: 0.5342, Train: 92.24%, Valid: 90.36%, Test: 92.22%, Best Valid: 91.09%, Best Test: 92.55%
Epoch: 300, Loss: 0.4612, Train: 93.37%, Valid: 90.98%, Test: 93.31%, Best Valid: 91.85%, Best Test: 93.42%
Epoch: 400, Loss: 0.3991, Train: 94.07%, Valid: 91.71%, Test: 93.49%, Best Valid: 92.00%, Best Test: 93.42%
Epoch: 500, Loss: 0.4489, Train: 92.80%, Valid: 90.40%, Test: 92.48%, Best Valid: 92.07%, Best Test: 93.71%
Epoch: 600, Loss: 0.3883, Train: 93.30%, Valid: 89.53%, Test: 92.22%, Best Valid: 92.22%, Best Test: 93.68%
Epoch: 700, Loss: 0.3141, Train: 94.67%, Valid: 91.27%, Test: 93.46%, Best Valid: 92.44%, Best Test: 93.75%
Epoch: 800, Loss: 0.3281, Train: 94.95%, Valid: 91.85%, Test: 93.31%, Best Valid: 92.44%, Best Test: 93.75%
Epoch: 900, Loss: 0.3174, Train: 95.27%, Valid: 92.18%, Test: 93.64%, Best Valid: 92.44%, Best Test: 93.75%
Run 01:
Highest Train: 95.83
Highest Valid: 92.47
Highest Test: 94.15
Chosen epoch: 976
Final Train: 95.55
Final Test: 93.71
Pre-training MLP for 500 epochs to generate co-occurrence matrix...
MLP pre-training complete. Penalty matrix frozen.
Epoch: 00, Loss: 5.0706, Train: 37.66%, Valid: 36.22%, Test: 38.64%, Best Valid: 36.22%, Best Test: 38.64%
Epoch: 100, Loss: 0.8941, Train: 88.91%, Valid: 86.73%, Test: 89.13%, Best Valid: 88.51%, Best Test: 90.55%
Epoch: 200, Loss: 0.5178, Train: 92.19%, Valid: 89.75%, Test: 91.64%, Best Valid: 91.05%, Best Test: 92.77%
Epoch: 300, Loss: 0.4336, Train: 92.97%, Valid: 90.55%, Test: 92.69%, Best Valid: 91.78%, Best Test: 93.46%
Epoch: 400, Loss: 0.3882, Train: 94.30%, Valid: 91.42%, Test: 93.42%, Best Valid: 91.78%, Best Test: 93.46%
Epoch: 500, Loss: 0.3693, Train: 94.34%, Valid: 91.71%, Test: 93.09%, Best Valid: 91.85%, Best Test: 93.68%
Epoch: 600, Loss: 0.3416, Train: 94.62%, Valid: 91.71%, Test: 93.57%, Best Valid: 92.15%, Best Test: 94.00%
Epoch: 700, Loss: 0.3504, Train: 93.32%, Valid: 89.96%, Test: 92.08%, Best Valid: 92.33%, Best Test: 93.49%
Epoch: 800, Loss: 0.3077, Train: 95.06%, Valid: 91.56%, Test: 93.57%, Best Valid: 92.33%, Best Test: 93.49%
Epoch: 900, Loss: 0.2938, Train: 95.26%, Valid: 92.11%, Test: 93.78%, Best Valid: 92.33%, Best Test: 93.49%
Run 02:
Highest Train: 95.90
Highest Valid: 92.33
Highest Test: 94.22
Chosen epoch: 657
Final Train: 94.90
Final Test: 93.49
Pre-training MLP for 500 epochs to generate co-occurrence matrix...
MLP pre-training complete. Penalty matrix frozen.
Epoch: 00, Loss: 4.8848, Train: 37.61%, Valid: 36.18%, Test: 38.53%, Best Valid: 36.18%, Best Test: 38.53%
Epoch: 100, Loss: 0.7458, Train: 91.16%, Valid: 89.60%, Test: 91.49%, Best Valid: 89.60%, Best Test: 90.80%
Epoch: 200, Loss: 0.5091, Train: 92.97%, Valid: 90.95%, Test: 92.91%, Best Valid: 91.38%, Best Test: 92.88%
Epoch: 300, Loss: 0.5065, Train: 93.01%, Valid: 90.91%, Test: 92.80%, Best Valid: 91.38%, Best Test: 92.88%
Epoch: 400, Loss: 0.4166, Train: 94.11%, Valid: 91.60%, Test: 93.49%, Best Valid: 91.78%, Best Test: 93.60%
Epoch: 500, Loss: 0.3897, Train: 94.19%, Valid: 91.93%, Test: 93.49%, Best Valid: 92.07%, Best Test: 93.71%
Epoch: 600, Loss: 0.3799, Train: 93.46%, Valid: 90.95%, Test: 92.51%, Best Valid: 92.15%, Best Test: 93.17%
Epoch: 700, Loss: 0.4164, Train: 92.90%, Valid: 90.33%, Test: 92.18%, Best Valid: 92.36%, Best Test: 93.38%
Epoch: 800, Loss: 0.3629, Train: 94.23%, Valid: 91.64%, Test: 93.28%, Best Valid: 92.40%, Best Test: 93.78%
Epoch: 900, Loss: 0.3169, Train: 95.09%, Valid: 92.00%, Test: 93.28%, Best Valid: 92.44%, Best Test: 93.49%
Run 03:
Highest Train: 95.54
Highest Valid: 92.47
Highest Test: 94.04
Chosen epoch: 951
Final Train: 95.21
Final Test: 93.42
All runs:
Highest Train: 95.76 ± 0.19
Highest Test: 94.14 ± 0.09
Highest Valid: 92.42 ± 0.08
  Final Train: 95.22 ± 0.33
   Final Test: 93.54 ± 0.15
Saving results to results/amazon-computer/MPNN_gcn.csv

Homophilic sweep completed!
==========================================================
Starting Homophilic MLP-Reg Sweep for:
python main.py --gnn sage --dataset amazon-computer --hidden_channels 64  --epochs 1000 --lr 0.001 --runs 3 --local_layers 4 --weight_decay 5e-5 --dropout 0.3 --device 0 --ln
==========================================================
Running Baseline (REG: False)...
Namespace(bn=False, cpu=False, data_dir='./data/', dataset='amazon-computer', device=0, display_step=100, dropout=0.3, epochs=1000, gnn='sage', hidden_channels=64, jk=False, label_num_per_class=20, lambda_val=0.5, ln=True, local_layers=4, lr=0.001, metric='acc', mlp_epochs=500, mlp_reg=False, model='MPNN', model_dir='./model/', num_heads=1, pre_linear=False, pre_ln=False, rand_split=False, rand_split_class=False, reg_start_epoch=10, reg_update_freq=5, res=False, runs=3, save_model=False, seed=42, test_num=1000, train_prop=0.5, use_reg=False, valid_num=500, valid_prop=0.25, weight_decay=5e-05)
amazon-computer
dataset amazon-computer | num nodes 13752 | num edge 491722 | num node feats 767 | num classes 10
MODEL: MPNNs(
  (h_lins): ModuleList()
  (local_convs): ModuleList(
    (0): SAGEConv(767, 64, aggr=mean)
    (1): SAGEConv(64, 64, aggr=mean)
    (2): SAGEConv(64, 64, aggr=mean)
    (3): SAGEConv(64, 64, aggr=mean)
  )
  (lins): ModuleList(
    (0): Linear(in_features=767, out_features=64, bias=True)
    (1): Linear(in_features=64, out_features=64, bias=True)
    (2): Linear(in_features=64, out_features=64, bias=True)
    (3): Linear(in_features=64, out_features=64, bias=True)
  )
  (lns): ModuleList(
    (0): LayerNorm((64,), eps=1e-05, elementwise_affine=True)
    (1): LayerNorm((64,), eps=1e-05, elementwise_affine=True)
    (2): LayerNorm((64,), eps=1e-05, elementwise_affine=True)
    (3): LayerNorm((64,), eps=1e-05, elementwise_affine=True)
  )
  (bns): ModuleList(
    (0): BatchNorm1d(64, eps=1e-05, momentum=0.1, affine=True, track_running_stats=True)
    (1): BatchNorm1d(64, eps=1e-05, momentum=0.1, affine=True, track_running_stats=True)
    (2): BatchNorm1d(64, eps=1e-05, momentum=0.1, affine=True, track_running_stats=True)
    (3): BatchNorm1d(64, eps=1e-05, momentum=0.1, affine=True, track_running_stats=True)
  )
  (lin_in): Linear(in_features=767, out_features=64, bias=True)
  (pred_local): Linear(in_features=64, out_features=10, bias=True)
)
Epoch: 00, Loss: 2.2890, Train: 37.61%, Valid: 36.18%, Test: 38.50%, Best Valid: 36.18%, Best Test: 38.50%
Epoch: 100, Loss: 0.4471, Train: 89.18%, Valid: 87.53%, Test: 88.40%, Best Valid: 88.25%, Best Test: 90.08%
Epoch: 200, Loss: 0.2343, Train: 95.09%, Valid: 91.93%, Test: 92.55%, Best Valid: 92.29%, Best Test: 93.46%
Epoch: 300, Loss: 0.1645, Train: 96.96%, Valid: 91.89%, Test: 93.09%, Best Valid: 92.29%, Best Test: 93.46%
Epoch: 400, Loss: 0.1144, Train: 97.85%, Valid: 91.60%, Test: 92.77%, Best Valid: 92.47%, Best Test: 93.35%
Epoch: 500, Loss: 0.1004, Train: 98.52%, Valid: 91.60%, Test: 92.40%, Best Valid: 92.47%, Best Test: 93.35%
Epoch: 600, Loss: 0.0728, Train: 98.88%, Valid: 91.05%, Test: 92.66%, Best Valid: 92.47%, Best Test: 93.35%
Epoch: 700, Loss: 0.0566, Train: 99.37%, Valid: 90.80%, Test: 92.37%, Best Valid: 92.47%, Best Test: 93.35%
Epoch: 800, Loss: 0.0559, Train: 99.24%, Valid: 91.13%, Test: 92.33%, Best Valid: 92.47%, Best Test: 93.35%
Epoch: 900, Loss: 0.0359, Train: 99.65%, Valid: 90.51%, Test: 91.97%, Best Valid: 92.47%, Best Test: 93.35%
Run 01:
Highest Train: 99.76
Highest Valid: 92.47
Highest Test: 93.57
Chosen epoch: 302
Final Train: 96.98
Final Test: 93.35
Epoch: 00, Loss: 2.5566, Train: 3.36%, Valid: 4.00%, Test: 3.64%, Best Valid: 4.00%, Best Test: 3.64%
Epoch: 100, Loss: 0.4585, Train: 91.01%, Valid: 89.13%, Test: 91.09%, Best Valid: 89.13%, Best Test: 91.09%
Epoch: 200, Loss: 0.2256, Train: 95.50%, Valid: 91.89%, Test: 93.09%, Best Valid: 92.29%, Best Test: 92.91%
Epoch: 300, Loss: 0.1468, Train: 97.25%, Valid: 92.15%, Test: 93.13%, Best Valid: 92.73%, Best Test: 93.46%
Epoch: 400, Loss: 0.1196, Train: 98.00%, Valid: 91.49%, Test: 92.77%, Best Valid: 92.73%, Best Test: 93.46%
Epoch: 500, Loss: 0.1598, Train: 97.61%, Valid: 90.62%, Test: 91.82%, Best Valid: 92.73%, Best Test: 93.46%
Epoch: 600, Loss: 0.1025, Train: 98.45%, Valid: 91.64%, Test: 92.62%, Best Valid: 92.73%, Best Test: 93.46%
Epoch: 700, Loss: 0.0690, Train: 98.98%, Valid: 91.78%, Test: 92.55%, Best Valid: 92.73%, Best Test: 93.46%
Epoch: 800, Loss: 0.0544, Train: 99.30%, Valid: 91.09%, Test: 92.18%, Best Valid: 92.73%, Best Test: 93.46%
Epoch: 900, Loss: 0.0466, Train: 99.48%, Valid: 91.45%, Test: 92.48%, Best Valid: 92.73%, Best Test: 93.46%
Run 02:
Highest Train: 99.68
Highest Valid: 92.73
Highest Test: 93.49
Chosen epoch: 271
Final Train: 96.82
Final Test: 93.46
Epoch: 00, Loss: 2.3008, Train: 37.61%, Valid: 36.18%, Test: 38.53%, Best Valid: 36.18%, Best Test: 38.53%
Epoch: 100, Loss: 0.4605, Train: 90.50%, Valid: 88.65%, Test: 90.88%, Best Valid: 88.80%, Best Test: 90.80%
Epoch: 200, Loss: 0.2201, Train: 94.90%, Valid: 91.78%, Test: 92.91%, Best Valid: 91.96%, Best Test: 92.88%
Epoch: 300, Loss: 0.1503, Train: 96.63%, Valid: 91.75%, Test: 92.91%, Best Valid: 92.44%, Best Test: 92.77%
Epoch: 400, Loss: 0.1090, Train: 97.96%, Valid: 92.36%, Test: 93.06%, Best Valid: 92.47%, Best Test: 93.20%
Epoch: 500, Loss: 0.0909, Train: 98.25%, Valid: 91.53%, Test: 92.37%, Best Valid: 92.47%, Best Test: 93.20%
Epoch: 600, Loss: 1.1389, Train: 69.06%, Valid: 65.38%, Test: 67.58%, Best Valid: 92.47%, Best Test: 93.20%
Epoch: 700, Loss: 0.1581, Train: 97.33%, Valid: 91.56%, Test: 92.55%, Best Valid: 92.47%, Best Test: 93.20%
Epoch: 800, Loss: 0.0817, Train: 98.64%, Valid: 91.67%, Test: 93.13%, Best Valid: 92.47%, Best Test: 93.20%
Epoch: 900, Loss: 0.0662, Train: 99.10%, Valid: 91.38%, Test: 92.69%, Best Valid: 92.47%, Best Test: 93.20%
Run 03:
Highest Train: 99.36
Highest Valid: 92.47
Highest Test: 93.46
Chosen epoch: 306
Final Train: 97.27
Final Test: 93.20
All runs:
Highest Train: 99.60 ± 0.21
Highest Test: 93.51 ± 0.06
Highest Valid: 92.56 ± 0.15
  Final Train: 97.03 ± 0.23
   Final Test: 93.34 ± 0.13
Saving results to results/amazon-computer/MPNN_sage.csv

Running with Pre-trained MLP Regularization (lambda=0.01)...
Namespace(bn=False, cpu=False, data_dir='./data/', dataset='amazon-computer', device=0, display_step=100, dropout=0.3, epochs=1000, gnn='sage', hidden_channels=64, jk=False, label_num_per_class=20, lambda_val=0.01, ln=True, local_layers=4, lr=0.001, metric='acc', mlp_epochs=500, mlp_reg=True, model='MPNN', model_dir='./model/', num_heads=1, pre_linear=False, pre_ln=False, rand_split=False, rand_split_class=False, reg_start_epoch=10, reg_update_freq=5, res=False, runs=3, save_model=False, seed=42, test_num=1000, train_prop=0.5, use_reg=True, valid_num=500, valid_prop=0.25, weight_decay=5e-05)
amazon-computer
dataset amazon-computer | num nodes 13752 | num edge 491722 | num node feats 767 | num classes 10
MODEL: MPNNs(
  (h_lins): ModuleList()
  (local_convs): ModuleList(
    (0): SAGEConv(767, 64, aggr=mean)
    (1): SAGEConv(64, 64, aggr=mean)
    (2): SAGEConv(64, 64, aggr=mean)
    (3): SAGEConv(64, 64, aggr=mean)
  )
  (lins): ModuleList(
    (0): Linear(in_features=767, out_features=64, bias=True)
    (1): Linear(in_features=64, out_features=64, bias=True)
    (2): Linear(in_features=64, out_features=64, bias=True)
    (3): Linear(in_features=64, out_features=64, bias=True)
  )
  (lns): ModuleList(
    (0): LayerNorm((64,), eps=1e-05, elementwise_affine=True)
    (1): LayerNorm((64,), eps=1e-05, elementwise_affine=True)
    (2): LayerNorm((64,), eps=1e-05, elementwise_affine=True)
    (3): LayerNorm((64,), eps=1e-05, elementwise_affine=True)
  )
  (bns): ModuleList(
    (0): BatchNorm1d(64, eps=1e-05, momentum=0.1, affine=True, track_running_stats=True)
    (1): BatchNorm1d(64, eps=1e-05, momentum=0.1, affine=True, track_running_stats=True)
    (2): BatchNorm1d(64, eps=1e-05, momentum=0.1, affine=True, track_running_stats=True)
    (3): BatchNorm1d(64, eps=1e-05, momentum=0.1, affine=True, track_running_stats=True)
  )
  (lin_in): Linear(in_features=767, out_features=64, bias=True)
  (pred_local): Linear(in_features=64, out_features=10, bias=True)
)
Pre-training MLP for 500 epochs to generate co-occurrence matrix...
MLP pre-training complete. Penalty matrix frozen.
Epoch: 00, Loss: 2.3173, Train: 37.62%, Valid: 36.18%, Test: 38.50%, Best Valid: 36.18%, Best Test: 38.50%
Epoch: 100, Loss: 0.4809, Train: 90.20%, Valid: 87.96%, Test: 90.04%, Best Valid: 87.96%, Best Test: 90.04%
Epoch: 200, Loss: 0.2255, Train: 95.26%, Valid: 91.45%, Test: 92.95%, Best Valid: 92.11%, Best Test: 92.95%
Epoch: 300, Loss: 0.1471, Train: 97.14%, Valid: 91.93%, Test: 93.17%, Best Valid: 92.29%, Best Test: 93.17%
Epoch: 400, Loss: 0.1097, Train: 97.87%, Valid: 91.42%, Test: 92.84%, Best Valid: 92.44%, Best Test: 92.95%
Epoch: 500, Loss: 0.2331, Train: 95.78%, Valid: 90.76%, Test: 92.15%, Best Valid: 92.44%, Best Test: 92.95%
Epoch: 600, Loss: 0.0793, Train: 98.80%, Valid: 90.91%, Test: 92.73%, Best Valid: 92.44%, Best Test: 92.95%
Epoch: 700, Loss: 0.0647, Train: 99.20%, Valid: 90.95%, Test: 92.44%, Best Valid: 92.44%, Best Test: 92.95%
Epoch: 800, Loss: 0.0532, Train: 99.31%, Valid: 90.80%, Test: 92.55%, Best Valid: 92.44%, Best Test: 92.95%
Epoch: 900, Loss: 0.0543, Train: 99.44%, Valid: 90.73%, Test: 91.97%, Best Valid: 92.44%, Best Test: 92.95%
Run 01:
Highest Train: 99.52
Highest Valid: 92.44
Highest Test: 93.57
Chosen epoch: 311
Final Train: 97.27
Final Test: 92.95
Pre-training MLP for 500 epochs to generate co-occurrence matrix...
MLP pre-training complete. Penalty matrix frozen.
Epoch: 00, Loss: 2.5231, Train: 15.71%, Valid: 16.22%, Test: 14.69%, Best Valid: 16.22%, Best Test: 14.69%
Epoch: 100, Loss: 0.4812, Train: 90.21%, Valid: 88.22%, Test: 90.44%, Best Valid: 88.22%, Best Test: 90.44%
Epoch: 200, Loss: 0.2365, Train: 95.13%, Valid: 92.25%, Test: 92.84%, Best Valid: 92.36%, Best Test: 92.69%
Epoch: 300, Loss: 0.1521, Train: 97.08%, Valid: 92.00%, Test: 92.98%, Best Valid: 92.73%, Best Test: 93.02%
Epoch: 400, Loss: 0.1115, Train: 97.95%, Valid: 91.78%, Test: 92.18%, Best Valid: 92.73%, Best Test: 93.02%
Epoch: 500, Loss: 0.0985, Train: 98.40%, Valid: 91.93%, Test: 92.58%, Best Valid: 92.73%, Best Test: 93.02%
Epoch: 600, Loss: 0.0736, Train: 98.84%, Valid: 91.16%, Test: 92.37%, Best Valid: 92.73%, Best Test: 93.02%
Epoch: 700, Loss: 0.0650, Train: 99.26%, Valid: 91.09%, Test: 92.51%, Best Valid: 92.73%, Best Test: 93.02%
Epoch: 800, Loss: 0.0803, Train: 98.90%, Valid: 90.40%, Test: 90.88%, Best Valid: 92.73%, Best Test: 93.02%
Epoch: 900, Loss: 0.1053, Train: 98.90%, Valid: 91.85%, Test: 92.69%, Best Valid: 92.73%, Best Test: 93.02%
Run 02:
Highest Train: 99.53
Highest Valid: 92.73
Highest Test: 93.38
Chosen epoch: 257
Final Train: 96.55
Final Test: 93.02
Pre-training MLP for 500 epochs to generate co-occurrence matrix...
MLP pre-training complete. Penalty matrix frozen.
Epoch: 00, Loss: 2.5892, Train: 2.18%, Valid: 2.29%, Test: 2.36%, Best Valid: 2.29%, Best Test: 2.36%
Epoch: 100, Loss: 0.6533, Train: 83.43%, Valid: 81.38%, Test: 83.93%, Best Valid: 81.78%, Best Test: 84.04%
Epoch: 200, Loss: 0.2947, Train: 93.69%, Valid: 90.76%, Test: 91.46%, Best Valid: 91.27%, Best Test: 92.91%
Epoch: 300, Loss: 0.1835, Train: 95.41%, Valid: 90.40%, Test: 91.97%, Best Valid: 91.96%, Best Test: 93.42%
Epoch: 400, Loss: 0.1209, Train: 97.90%, Valid: 91.67%, Test: 93.09%, Best Valid: 91.96%, Best Test: 93.42%
Epoch: 500, Loss: 0.0914, Train: 98.62%, Valid: 91.02%, Test: 92.58%, Best Valid: 91.96%, Best Test: 93.42%
Epoch: 600, Loss: 0.0744, Train: 98.93%, Valid: 90.80%, Test: 92.08%, Best Valid: 91.96%, Best Test: 93.42%
Epoch: 700, Loss: 0.1132, Train: 98.69%, Valid: 90.29%, Test: 91.71%, Best Valid: 91.96%, Best Test: 93.42%
Epoch: 800, Loss: 0.0515, Train: 99.24%, Valid: 90.80%, Test: 92.08%, Best Valid: 91.96%, Best Test: 93.42%
Epoch: 900, Loss: 0.0501, Train: 99.48%, Valid: 90.76%, Test: 91.89%, Best Valid: 91.96%, Best Test: 93.42%
Run 03:
Highest Train: 99.54
Highest Valid: 91.96
Highest Test: 93.53
Chosen epoch: 252
Final Train: 96.18
Final Test: 93.42
All runs:
Highest Train: 99.53 ± 0.01
Highest Test: 93.49 ± 0.10
Highest Valid: 92.38 ± 0.39
  Final Train: 96.67 ± 0.56
   Final Test: 93.13 ± 0.25
Saving results to results/amazon-computer/MPNN_sage.csv

Running with Pre-trained MLP Regularization (lambda=0.1)...
Namespace(bn=False, cpu=False, data_dir='./data/', dataset='amazon-computer', device=0, display_step=100, dropout=0.3, epochs=1000, gnn='sage', hidden_channels=64, jk=False, label_num_per_class=20, lambda_val=0.1, ln=True, local_layers=4, lr=0.001, metric='acc', mlp_epochs=500, mlp_reg=True, model='MPNN', model_dir='./model/', num_heads=1, pre_linear=False, pre_ln=False, rand_split=False, rand_split_class=False, reg_start_epoch=10, reg_update_freq=5, res=False, runs=3, save_model=False, seed=42, test_num=1000, train_prop=0.5, use_reg=True, valid_num=500, valid_prop=0.25, weight_decay=5e-05)
amazon-computer
dataset amazon-computer | num nodes 13752 | num edge 491722 | num node feats 767 | num classes 10
MODEL: MPNNs(
  (h_lins): ModuleList()
  (local_convs): ModuleList(
    (0): SAGEConv(767, 64, aggr=mean)
    (1): SAGEConv(64, 64, aggr=mean)
    (2): SAGEConv(64, 64, aggr=mean)
    (3): SAGEConv(64, 64, aggr=mean)
  )
  (lins): ModuleList(
    (0): Linear(in_features=767, out_features=64, bias=True)
    (1): Linear(in_features=64, out_features=64, bias=True)
    (2): Linear(in_features=64, out_features=64, bias=True)
    (3): Linear(in_features=64, out_features=64, bias=True)
  )
  (lns): ModuleList(
    (0): LayerNorm((64,), eps=1e-05, elementwise_affine=True)
    (1): LayerNorm((64,), eps=1e-05, elementwise_affine=True)
    (2): LayerNorm((64,), eps=1e-05, elementwise_affine=True)
    (3): LayerNorm((64,), eps=1e-05, elementwise_affine=True)
  )
  (bns): ModuleList(
    (0): BatchNorm1d(64, eps=1e-05, momentum=0.1, affine=True, track_running_stats=True)
    (1): BatchNorm1d(64, eps=1e-05, momentum=0.1, affine=True, track_running_stats=True)
    (2): BatchNorm1d(64, eps=1e-05, momentum=0.1, affine=True, track_running_stats=True)
    (3): BatchNorm1d(64, eps=1e-05, momentum=0.1, affine=True, track_running_stats=True)
  )
  (lin_in): Linear(in_features=767, out_features=64, bias=True)
  (pred_local): Linear(in_features=64, out_features=10, bias=True)
)
Pre-training MLP for 500 epochs to generate co-occurrence matrix...
MLP pre-training complete. Penalty matrix frozen.
Epoch: 00, Loss: 2.5238, Train: 37.62%, Valid: 36.18%, Test: 38.50%, Best Valid: 36.18%, Best Test: 38.50%
Epoch: 100, Loss: 0.5000, Train: 90.81%, Valid: 88.04%, Test: 90.29%, Best Valid: 88.51%, Best Test: 90.08%
Epoch: 200, Loss: 0.2406, Train: 95.65%, Valid: 91.75%, Test: 92.98%, Best Valid: 92.07%, Best Test: 93.09%
Epoch: 300, Loss: 0.1565, Train: 96.99%, Valid: 92.36%, Test: 92.95%, Best Valid: 92.47%, Best Test: 93.28%
Epoch: 400, Loss: 0.1264, Train: 97.67%, Valid: 91.02%, Test: 92.44%, Best Valid: 92.47%, Best Test: 93.28%
Epoch: 500, Loss: 0.1195, Train: 98.12%, Valid: 91.42%, Test: 92.51%, Best Valid: 92.47%, Best Test: 93.28%
Epoch: 600, Loss: 0.0755, Train: 99.12%, Valid: 90.76%, Test: 92.48%, Best Valid: 92.47%, Best Test: 93.28%
Epoch: 700, Loss: 0.0835, Train: 99.22%, Valid: 90.87%, Test: 92.22%, Best Valid: 92.47%, Best Test: 93.28%
Epoch: 800, Loss: 0.0848, Train: 99.14%, Valid: 90.98%, Test: 92.58%, Best Valid: 92.47%, Best Test: 93.28%
Epoch: 900, Loss: 0.0491, Train: 99.43%, Valid: 90.87%, Test: 92.55%, Best Valid: 92.47%, Best Test: 93.28%
Run 01:
Highest Train: 99.61
Highest Valid: 92.47
Highest Test: 93.38
Chosen epoch: 271
Final Train: 96.73
Final Test: 93.28
Pre-training MLP for 500 epochs to generate co-occurrence matrix...
MLP pre-training complete. Penalty matrix frozen.
Epoch: 00, Loss: 2.7479, Train: 15.76%, Valid: 16.18%, Test: 14.72%, Best Valid: 16.18%, Best Test: 14.72%
Epoch: 100, Loss: 0.5542, Train: 89.25%, Valid: 87.05%, Test: 89.24%, Best Valid: 87.45%, Best Test: 89.42%
Epoch: 200, Loss: 0.2529, Train: 94.95%, Valid: 91.60%, Test: 92.51%, Best Valid: 92.00%, Best Test: 92.73%
Epoch: 300, Loss: 0.1695, Train: 97.14%, Valid: 92.22%, Test: 92.98%, Best Valid: 92.44%, Best Test: 93.06%
Epoch: 400, Loss: 0.1292, Train: 98.09%, Valid: 92.33%, Test: 92.66%, Best Valid: 92.47%, Best Test: 93.06%
Epoch: 500, Loss: 0.0959, Train: 98.64%, Valid: 91.89%, Test: 92.77%, Best Valid: 92.47%, Best Test: 93.06%
Epoch: 600, Loss: 2.3056, Train: 20.92%, Valid: 19.60%, Test: 19.12%, Best Valid: 92.47%, Best Test: 93.06%
Epoch: 700, Loss: 0.1763, Train: 97.47%, Valid: 92.29%, Test: 92.77%, Best Valid: 92.47%, Best Test: 93.06%
Epoch: 800, Loss: 0.0949, Train: 98.84%, Valid: 92.00%, Test: 92.44%, Best Valid: 92.62%, Best Test: 92.66%
Epoch: 900, Loss: 0.0722, Train: 99.20%, Valid: 91.45%, Test: 92.08%, Best Valid: 92.62%, Best Test: 92.66%
Run 02:
Highest Train: 99.50
Highest Valid: 92.62
Highest Test: 93.17
Chosen epoch: 706
Final Train: 97.67
Final Test: 92.66
Pre-training MLP for 500 epochs to generate co-occurrence matrix...
MLP pre-training complete. Penalty matrix frozen.
Epoch: 00, Loss: 2.8199, Train: 2.18%, Valid: 2.29%, Test: 2.36%, Best Valid: 2.29%, Best Test: 2.36%
Epoch: 100, Loss: 0.6960, Train: 84.44%, Valid: 82.25%, Test: 84.66%, Best Valid: 82.25%, Best Test: 84.51%
Epoch: 200, Loss: 0.2612, Train: 94.72%, Valid: 91.38%, Test: 92.58%, Best Valid: 91.53%, Best Test: 93.06%
Epoch: 300, Loss: 0.1794, Train: 97.03%, Valid: 91.24%, Test: 93.35%, Best Valid: 92.00%, Best Test: 93.35%
Epoch: 400, Loss: 0.1292, Train: 98.11%, Valid: 91.27%, Test: 92.91%, Best Valid: 92.00%, Best Test: 93.35%
Epoch: 500, Loss: 0.1040, Train: 98.65%, Valid: 90.98%, Test: 92.73%, Best Valid: 92.00%, Best Test: 93.35%
Epoch: 600, Loss: 0.1336, Train: 98.24%, Valid: 91.75%, Test: 92.80%, Best Valid: 92.00%, Best Test: 93.35%
Epoch: 700, Loss: 0.0785, Train: 99.01%, Valid: 90.91%, Test: 92.66%, Best Valid: 92.00%, Best Test: 93.35%
Epoch: 800, Loss: 0.0690, Train: 99.25%, Valid: 90.73%, Test: 92.26%, Best Valid: 92.00%, Best Test: 93.35%
Epoch: 900, Loss: 0.0626, Train: 99.38%, Valid: 90.55%, Test: 92.00%, Best Valid: 92.00%, Best Test: 93.35%
Run 03:
Highest Train: 99.50
Highest Valid: 92.00
Highest Test: 93.68
Chosen epoch: 255
Final Train: 96.49
Final Test: 93.35
All runs:
Highest Train: 99.54 ± 0.06
Highest Test: 93.41 ± 0.26
Highest Valid: 92.36 ± 0.32
  Final Train: 96.96 ± 0.63
   Final Test: 93.09 ± 0.38
Saving results to results/amazon-computer/MPNN_sage.csv

Running with Pre-trained MLP Regularization (lambda=1.0)...
Namespace(bn=False, cpu=False, data_dir='./data/', dataset='amazon-computer', device=0, display_step=100, dropout=0.3, epochs=1000, gnn='sage', hidden_channels=64, jk=False, label_num_per_class=20, lambda_val=1.0, ln=True, local_layers=4, lr=0.001, metric='acc', mlp_epochs=500, mlp_reg=True, model='MPNN', model_dir='./model/', num_heads=1, pre_linear=False, pre_ln=False, rand_split=False, rand_split_class=False, reg_start_epoch=10, reg_update_freq=5, res=False, runs=3, save_model=False, seed=42, test_num=1000, train_prop=0.5, use_reg=True, valid_num=500, valid_prop=0.25, weight_decay=5e-05)
amazon-computer
dataset amazon-computer | num nodes 13752 | num edge 491722 | num node feats 767 | num classes 10
MODEL: MPNNs(
  (h_lins): ModuleList()
  (local_convs): ModuleList(
    (0): SAGEConv(767, 64, aggr=mean)
    (1): SAGEConv(64, 64, aggr=mean)
    (2): SAGEConv(64, 64, aggr=mean)
    (3): SAGEConv(64, 64, aggr=mean)
  )
  (lins): ModuleList(
    (0): Linear(in_features=767, out_features=64, bias=True)
    (1): Linear(in_features=64, out_features=64, bias=True)
    (2): Linear(in_features=64, out_features=64, bias=True)
    (3): Linear(in_features=64, out_features=64, bias=True)
  )
  (lns): ModuleList(
    (0): LayerNorm((64,), eps=1e-05, elementwise_affine=True)
    (1): LayerNorm((64,), eps=1e-05, elementwise_affine=True)
    (2): LayerNorm((64,), eps=1e-05, elementwise_affine=True)
    (3): LayerNorm((64,), eps=1e-05, elementwise_affine=True)
  )
  (bns): ModuleList(
    (0): BatchNorm1d(64, eps=1e-05, momentum=0.1, affine=True, track_running_stats=True)
    (1): BatchNorm1d(64, eps=1e-05, momentum=0.1, affine=True, track_running_stats=True)
    (2): BatchNorm1d(64, eps=1e-05, momentum=0.1, affine=True, track_running_stats=True)
    (3): BatchNorm1d(64, eps=1e-05, momentum=0.1, affine=True, track_running_stats=True)
  )
  (lin_in): Linear(in_features=767, out_features=64, bias=True)
  (pred_local): Linear(in_features=64, out_features=10, bias=True)
)
Pre-training MLP for 500 epochs to generate co-occurrence matrix...
MLP pre-training complete. Penalty matrix frozen.
Epoch: 00, Loss: 4.5886, Train: 37.60%, Valid: 36.18%, Test: 38.46%, Best Valid: 36.18%, Best Test: 38.46%
Epoch: 100, Loss: 5.1734, Train: 37.61%, Valid: 36.18%, Test: 38.53%, Best Valid: 36.18%, Best Test: 38.46%
Epoch: 200, Loss: 4.6361, Train: 37.66%, Valid: 36.18%, Test: 38.53%, Best Valid: 36.18%, Best Test: 38.46%
Epoch: 300, Loss: 3.8666, Train: 40.14%, Valid: 37.05%, Test: 39.37%, Best Valid: 37.67%, Best Test: 40.13%
Epoch: 400, Loss: 3.2582, Train: 43.33%, Valid: 38.29%, Test: 40.68%, Best Valid: 40.76%, Best Test: 42.97%
Epoch: 500, Loss: 2.3756, Train: 53.42%, Valid: 45.49%, Test: 47.26%, Best Valid: 47.38%, Best Test: 48.93%
Epoch: 600, Loss: 0.4187, Train: 96.68%, Valid: 87.82%, Test: 90.55%, Best Valid: 89.31%, Best Test: 90.73%
Epoch: 700, Loss: 0.2342, Train: 98.28%, Valid: 87.96%, Test: 90.73%, Best Valid: 89.75%, Best Test: 92.08%
Epoch: 800, Loss: 0.1569, Train: 98.47%, Valid: 88.18%, Test: 91.46%, Best Valid: 89.75%, Best Test: 92.08%
Epoch: 900, Loss: 0.1212, Train: 99.36%, Valid: 87.64%, Test: 90.59%, Best Valid: 90.04%, Best Test: 91.42%
Run 01:
Highest Train: 99.60
Highest Valid: 90.04
Highest Test: 92.22
Chosen epoch: 825
Final Train: 97.09
Final Test: 91.42
Pre-training MLP for 500 epochs to generate co-occurrence matrix...
MLP pre-training complete. Penalty matrix frozen.
Epoch: 00, Loss: 4.9962, Train: 3.84%, Valid: 3.75%, Test: 4.43%, Best Valid: 3.75%, Best Test: 4.43%
Epoch: 100, Loss: 5.0450, Train: 37.61%, Valid: 36.18%, Test: 38.53%, Best Valid: 36.18%, Best Test: 38.53%
Epoch: 200, Loss: 4.6327, Train: 37.78%, Valid: 36.15%, Test: 38.64%, Best Valid: 36.18%, Best Test: 38.53%
Epoch: 300, Loss: 3.9486, Train: 39.78%, Valid: 37.13%, Test: 39.00%, Best Valid: 37.38%, Best Test: 39.29%
Epoch: 400, Loss: 3.3951, Train: 43.51%, Valid: 38.47%, Test: 40.64%, Best Valid: 38.87%, Best Test: 41.19%
Epoch: 500, Loss: 2.7659, Train: 51.82%, Valid: 43.85%, Test: 45.47%, Best Valid: 43.85%, Best Test: 45.47%
Epoch: 600, Loss: 0.7474, Train: 95.58%, Valid: 87.27%, Test: 89.49%, Best Valid: 87.27%, Best Test: 89.49%
Epoch: 700, Loss: 0.2332, Train: 98.06%, Valid: 90.73%, Test: 91.78%, Best Valid: 90.87%, Best Test: 91.82%
Epoch: 800, Loss: 0.1671, Train: 98.56%, Valid: 90.55%, Test: 91.89%, Best Valid: 90.87%, Best Test: 91.82%
Epoch: 900, Loss: 0.1211, Train: 99.31%, Valid: 89.78%, Test: 90.91%, Best Valid: 90.87%, Best Test: 91.82%
Run 02:
Highest Train: 99.39
Highest Valid: 90.91
Highest Test: 92.66
Chosen epoch: 999
Final Train: 95.50
Final Test: 92.40
Pre-training MLP for 500 epochs to generate co-occurrence matrix...
MLP pre-training complete. Penalty matrix frozen.
Epoch: 00, Loss: 5.1271, Train: 2.40%, Valid: 2.44%, Test: 2.44%, Best Valid: 2.44%, Best Test: 2.44%
Epoch: 100, Loss: 5.8394, Train: 37.61%, Valid: 36.18%, Test: 38.53%, Best Valid: 36.18%, Best Test: 38.53%
Epoch: 200, Loss: 5.0883, Train: 37.92%, Valid: 36.25%, Test: 38.50%, Best Valid: 36.29%, Best Test: 38.50%
Epoch: 300, Loss: 4.1057, Train: 39.86%, Valid: 37.09%, Test: 39.22%, Best Valid: 37.75%, Best Test: 39.73%
Epoch: 400, Loss: 3.4241, Train: 48.21%, Valid: 40.87%, Test: 42.75%, Best Valid: 41.38%, Best Test: 42.86%
Epoch: 500, Loss: 2.5640, Train: 53.12%, Valid: 45.71%, Test: 47.04%, Best Valid: 47.56%, Best Test: 49.25%
Epoch: 600, Loss: 0.6527, Train: 95.96%, Valid: 89.45%, Test: 91.53%, Best Valid: 89.45%, Best Test: 91.53%
Epoch: 700, Loss: 0.2134, Train: 98.29%, Valid: 88.44%, Test: 90.33%, Best Valid: 89.93%, Best Test: 91.42%
Epoch: 800, Loss: 0.1491, Train: 98.97%, Valid: 88.69%, Test: 91.09%, Best Valid: 90.00%, Best Test: 91.28%
Epoch: 900, Loss: 0.1137, Train: 99.42%, Valid: 88.55%, Test: 91.17%, Best Valid: 90.00%, Best Test: 91.28%
Run 03:
Highest Train: 99.61
Highest Valid: 90.00
Highest Test: 92.04
Chosen epoch: 751
Final Train: 98.55
Final Test: 91.28
All runs:
Highest Train: 99.54 ± 0.12
Highest Test: 92.31 ± 0.32
Highest Valid: 90.32 ± 0.51
  Final Train: 97.05 ± 1.52
   Final Test: 91.70 ± 0.61
Saving results to results/amazon-computer/MPNN_sage.csv

Homophilic sweep completed!
==========================================================
Starting Homophilic MLP-Reg Sweep for:
python main.py --gnn gat  --dataset amazon-computer --hidden_channels 64  --epochs 1000 --lr 0.001 --runs 3 --local_layers 2 --weight_decay 5e-5 --dropout 0.5 --device 0 --ln
==========================================================
Running Baseline (REG: False)...
Namespace(bn=False, cpu=False, data_dir='./data/', dataset='amazon-computer', device=0, display_step=100, dropout=0.5, epochs=1000, gnn='gat', hidden_channels=64, jk=False, label_num_per_class=20, lambda_val=0.5, ln=True, local_layers=2, lr=0.001, metric='acc', mlp_epochs=500, mlp_reg=False, model='MPNN', model_dir='./model/', num_heads=1, pre_linear=False, pre_ln=False, rand_split=False, rand_split_class=False, reg_start_epoch=10, reg_update_freq=5, res=False, runs=3, save_model=False, seed=42, test_num=1000, train_prop=0.5, use_reg=False, valid_num=500, valid_prop=0.25, weight_decay=5e-05)
amazon-computer
dataset amazon-computer | num nodes 13752 | num edge 491722 | num node feats 767 | num classes 10
MODEL: MPNNs(
  (h_lins): ModuleList()
  (local_convs): ModuleList(
    (0): GATConv(767, 64, heads=1)
    (1): GATConv(64, 64, heads=1)
  )
  (lins): ModuleList(
    (0): Linear(in_features=767, out_features=64, bias=True)
    (1): Linear(in_features=64, out_features=64, bias=True)
  )
  (lns): ModuleList(
    (0): LayerNorm((64,), eps=1e-05, elementwise_affine=True)
    (1): LayerNorm((64,), eps=1e-05, elementwise_affine=True)
  )
  (bns): ModuleList(
    (0): BatchNorm1d(64, eps=1e-05, momentum=0.1, affine=True, track_running_stats=True)
    (1): BatchNorm1d(64, eps=1e-05, momentum=0.1, affine=True, track_running_stats=True)
  )
  (lin_in): Linear(in_features=767, out_features=64, bias=True)
  (pred_local): Linear(in_features=64, out_features=10, bias=True)
)
Epoch: 00, Loss: 2.4074, Train: 17.96%, Valid: 18.36%, Test: 16.72%, Best Valid: 18.36%, Best Test: 16.72%
Epoch: 100, Loss: 0.4913, Train: 89.04%, Valid: 87.53%, Test: 90.26%, Best Valid: 88.29%, Best Test: 91.17%
Epoch: 200, Loss: 0.3256, Train: 92.98%, Valid: 91.24%, Test: 92.98%, Best Valid: 91.56%, Best Test: 92.84%
Epoch: 300, Loss: 0.2631, Train: 94.10%, Valid: 91.64%, Test: 93.24%, Best Valid: 92.29%, Best Test: 93.53%
Epoch: 400, Loss: 0.2392, Train: 94.87%, Valid: 91.96%, Test: 93.82%, Best Valid: 92.33%, Best Test: 93.78%
Epoch: 500, Loss: 0.2175, Train: 95.24%, Valid: 92.47%, Test: 93.49%, Best Valid: 92.55%, Best Test: 93.82%
Epoch: 600, Loss: 0.2013, Train: 95.39%, Valid: 91.64%, Test: 93.64%, Best Valid: 92.55%, Best Test: 93.82%
Epoch: 700, Loss: 0.1813, Train: 95.78%, Valid: 92.15%, Test: 93.42%, Best Valid: 92.69%, Best Test: 93.71%
Epoch: 800, Loss: 0.1713, Train: 96.06%, Valid: 92.58%, Test: 93.71%, Best Valid: 92.69%, Best Test: 93.71%
Epoch: 900, Loss: 0.1607, Train: 96.33%, Valid: 92.40%, Test: 93.78%, Best Valid: 92.69%, Best Test: 93.71%
Run 01:
Highest Train: 96.63
Highest Valid: 92.69
Highest Test: 94.22
Chosen epoch: 649
Final Train: 95.90
Final Test: 93.71
Epoch: 00, Loss: 2.6024, Train: 13.16%, Valid: 11.67%, Test: 12.54%, Best Valid: 11.67%, Best Test: 12.54%
Epoch: 100, Loss: 0.4971, Train: 88.45%, Valid: 87.78%, Test: 89.82%, Best Valid: 88.69%, Best Test: 90.88%
Epoch: 200, Loss: 0.3345, Train: 92.53%, Valid: 91.09%, Test: 92.88%, Best Valid: 91.60%, Best Test: 92.98%
Epoch: 300, Loss: 0.2840, Train: 93.82%, Valid: 91.85%, Test: 93.20%, Best Valid: 92.25%, Best Test: 93.46%
Epoch: 400, Loss: 0.2386, Train: 94.63%, Valid: 92.29%, Test: 93.71%, Best Valid: 92.44%, Best Test: 93.49%
Epoch: 500, Loss: 0.2219, Train: 94.89%, Valid: 92.33%, Test: 93.24%, Best Valid: 92.62%, Best Test: 93.93%
Epoch: 600, Loss: 0.1971, Train: 95.53%, Valid: 92.40%, Test: 93.71%, Best Valid: 92.65%, Best Test: 93.93%
Epoch: 700, Loss: 0.1835, Train: 95.70%, Valid: 92.47%, Test: 93.49%, Best Valid: 92.73%, Best Test: 93.89%
Epoch: 800, Loss: 0.1739, Train: 95.88%, Valid: 92.44%, Test: 93.93%, Best Valid: 92.84%, Best Test: 94.00%
Epoch: 900, Loss: 0.1730, Train: 96.06%, Valid: 92.58%, Test: 93.57%, Best Valid: 92.87%, Best Test: 93.60%
Run 02:
Highest Train: 96.47
Highest Valid: 92.95
Highest Test: 94.26
Chosen epoch: 907
Final Train: 96.17
Final Test: 93.75
Epoch: 00, Loss: 2.2479, Train: 38.06%, Valid: 36.44%, Test: 39.22%, Best Valid: 36.44%, Best Test: 39.22%
Epoch: 100, Loss: 0.4779, Train: 89.70%, Valid: 88.55%, Test: 90.80%, Best Valid: 88.55%, Best Test: 90.80%
Epoch: 200, Loss: 0.3355, Train: 92.73%, Valid: 91.13%, Test: 92.80%, Best Valid: 91.16%, Best Test: 92.91%
Epoch: 300, Loss: 0.2805, Train: 93.90%, Valid: 91.42%, Test: 93.35%, Best Valid: 91.89%, Best Test: 93.20%
Epoch: 400, Loss: 0.2482, Train: 94.56%, Valid: 91.78%, Test: 93.68%, Best Valid: 92.18%, Best Test: 93.38%
Epoch: 500, Loss: 0.2367, Train: 94.82%, Valid: 91.82%, Test: 93.53%, Best Valid: 92.29%, Best Test: 93.86%
Epoch: 600, Loss: 0.2002, Train: 95.31%, Valid: 92.18%, Test: 93.53%, Best Valid: 92.29%, Best Test: 93.86%
Epoch: 700, Loss: 0.1929, Train: 95.49%, Valid: 92.11%, Test: 93.82%, Best Valid: 92.36%, Best Test: 93.57%
Epoch: 800, Loss: 0.2015, Train: 95.65%, Valid: 91.89%, Test: 93.49%, Best Valid: 92.55%, Best Test: 94.18%
Epoch: 900, Loss: 0.1726, Train: 95.92%, Valid: 92.18%, Test: 93.68%, Best Valid: 92.69%, Best Test: 93.82%
Run 03:
Highest Train: 96.29
Highest Valid: 92.76
Highest Test: 94.22
Chosen epoch: 962
Final Train: 96.15
Final Test: 93.78
All runs:
Highest Train: 96.47 ± 0.17
Highest Test: 94.23 ± 0.02
Highest Valid: 92.80 ± 0.13
  Final Train: 96.07 ± 0.15
   Final Test: 93.75 ± 0.04
Saving results to results/amazon-computer/MPNN_gat.csv

Running with Pre-trained MLP Regularization (lambda=0.01)...
Namespace(bn=False, cpu=False, data_dir='./data/', dataset='amazon-computer', device=0, display_step=100, dropout=0.5, epochs=1000, gnn='gat', hidden_channels=64, jk=False, label_num_per_class=20, lambda_val=0.01, ln=True, local_layers=2, lr=0.001, metric='acc', mlp_epochs=500, mlp_reg=True, model='MPNN', model_dir='./model/', num_heads=1, pre_linear=False, pre_ln=False, rand_split=False, rand_split_class=False, reg_start_epoch=10, reg_update_freq=5, res=False, runs=3, save_model=False, seed=42, test_num=1000, train_prop=0.5, use_reg=True, valid_num=500, valid_prop=0.25, weight_decay=5e-05)
amazon-computer
dataset amazon-computer | num nodes 13752 | num edge 491722 | num node feats 767 | num classes 10
MODEL: MPNNs(
  (h_lins): ModuleList()
  (local_convs): ModuleList(
    (0): GATConv(767, 64, heads=1)
    (1): GATConv(64, 64, heads=1)
  )
  (lins): ModuleList(
    (0): Linear(in_features=767, out_features=64, bias=True)
    (1): Linear(in_features=64, out_features=64, bias=True)
  )
  (lns): ModuleList(
    (0): LayerNorm((64,), eps=1e-05, elementwise_affine=True)
    (1): LayerNorm((64,), eps=1e-05, elementwise_affine=True)
  )
  (bns): ModuleList(
    (0): BatchNorm1d(64, eps=1e-05, momentum=0.1, affine=True, track_running_stats=True)
    (1): BatchNorm1d(64, eps=1e-05, momentum=0.1, affine=True, track_running_stats=True)
  )
  (lin_in): Linear(in_features=767, out_features=64, bias=True)
  (pred_local): Linear(in_features=64, out_features=10, bias=True)
)
Pre-training MLP for 500 epochs to generate co-occurrence matrix...
MLP pre-training complete. Penalty matrix frozen.
Epoch: 00, Loss: 2.4345, Train: 18.01%, Valid: 18.44%, Test: 17.16%, Best Valid: 18.44%, Best Test: 17.16%
Epoch: 100, Loss: 0.5011, Train: 89.16%, Valid: 87.60%, Test: 90.40%, Best Valid: 87.60%, Best Test: 90.40%
Epoch: 200, Loss: 0.3252, Train: 93.03%, Valid: 91.20%, Test: 93.06%, Best Valid: 91.53%, Best Test: 93.28%
Epoch: 300, Loss: 0.2850, Train: 94.26%, Valid: 91.89%, Test: 93.68%, Best Valid: 92.15%, Best Test: 93.49%
Epoch: 400, Loss: 0.2404, Train: 94.79%, Valid: 92.18%, Test: 93.64%, Best Valid: 92.47%, Best Test: 93.75%
Epoch: 500, Loss: 0.2233, Train: 95.20%, Valid: 92.29%, Test: 93.89%, Best Valid: 92.58%, Best Test: 93.97%
Epoch: 600, Loss: 0.1992, Train: 95.46%, Valid: 92.36%, Test: 93.64%, Best Valid: 92.58%, Best Test: 93.97%
Epoch: 700, Loss: 0.1802, Train: 95.93%, Valid: 92.36%, Test: 94.00%, Best Valid: 92.69%, Best Test: 93.89%
Epoch: 800, Loss: 0.1727, Train: 96.02%, Valid: 92.25%, Test: 93.71%, Best Valid: 92.69%, Best Test: 93.89%
Epoch: 900, Loss: 0.1588, Train: 96.32%, Valid: 92.18%, Test: 93.82%, Best Valid: 92.69%, Best Test: 93.89%
Run 01:
Highest Train: 96.63
Highest Valid: 92.69
Highest Test: 94.26
Chosen epoch: 657
Final Train: 95.89
Final Test: 93.89
Pre-training MLP for 500 epochs to generate co-occurrence matrix...
MLP pre-training complete. Penalty matrix frozen.
Epoch: 00, Loss: 2.5352, Train: 37.39%, Valid: 35.78%, Test: 38.60%, Best Valid: 35.78%, Best Test: 38.60%
Epoch: 100, Loss: 0.5192, Train: 88.81%, Valid: 87.53%, Test: 89.82%, Best Valid: 87.53%, Best Test: 89.82%
Epoch: 200, Loss: 0.3394, Train: 92.68%, Valid: 90.62%, Test: 92.29%, Best Valid: 90.91%, Best Test: 92.40%
Epoch: 300, Loss: 0.2872, Train: 93.87%, Valid: 91.35%, Test: 93.31%, Best Valid: 91.60%, Best Test: 92.91%
Epoch: 400, Loss: 0.2498, Train: 94.35%, Valid: 91.53%, Test: 93.31%, Best Valid: 91.82%, Best Test: 93.06%
Epoch: 500, Loss: 0.2287, Train: 94.90%, Valid: 91.85%, Test: 93.71%, Best Valid: 92.25%, Best Test: 93.75%
Epoch: 600, Loss: 0.2102, Train: 95.35%, Valid: 91.96%, Test: 93.86%, Best Valid: 92.40%, Best Test: 93.64%
Epoch: 700, Loss: 0.1928, Train: 95.82%, Valid: 92.18%, Test: 93.93%, Best Valid: 92.47%, Best Test: 93.75%
Epoch: 800, Loss: 0.1922, Train: 95.49%, Valid: 92.00%, Test: 93.02%, Best Valid: 92.62%, Best Test: 93.97%
Epoch: 900, Loss: 0.1669, Train: 96.15%, Valid: 92.55%, Test: 93.68%, Best Valid: 92.80%, Best Test: 93.86%
Run 02:
Highest Train: 96.42
Highest Valid: 92.80
Highest Test: 94.15
Chosen epoch: 854
Final Train: 96.10
Final Test: 93.86
Pre-training MLP for 500 epochs to generate co-occurrence matrix...
MLP pre-training complete. Penalty matrix frozen.
Epoch: 00, Loss: 2.2580, Train: 37.13%, Valid: 35.82%, Test: 38.39%, Best Valid: 35.82%, Best Test: 38.39%
Epoch: 100, Loss: 0.4799, Train: 89.77%, Valid: 88.80%, Test: 90.95%, Best Valid: 89.42%, Best Test: 91.42%
Epoch: 200, Loss: 0.3314, Train: 93.02%, Valid: 91.31%, Test: 93.20%, Best Valid: 91.49%, Best Test: 93.17%
Epoch: 300, Loss: 0.2851, Train: 94.01%, Valid: 91.78%, Test: 93.64%, Best Valid: 91.96%, Best Test: 93.64%
Epoch: 400, Loss: 0.2479, Train: 94.29%, Valid: 91.82%, Test: 92.98%, Best Valid: 92.44%, Best Test: 93.42%
Epoch: 500, Loss: 0.2202, Train: 95.13%, Valid: 92.58%, Test: 93.78%, Best Valid: 92.73%, Best Test: 93.46%
Epoch: 600, Loss: 0.2073, Train: 95.48%, Valid: 92.62%, Test: 94.22%, Best Valid: 92.73%, Best Test: 93.46%
Epoch: 700, Loss: 0.1837, Train: 95.66%, Valid: 92.47%, Test: 93.60%, Best Valid: 92.98%, Best Test: 94.04%
Epoch: 800, Loss: 0.1737, Train: 95.99%, Valid: 92.55%, Test: 93.97%, Best Valid: 92.98%, Best Test: 94.04%
Epoch: 900, Loss: 0.1822, Train: 95.86%, Valid: 92.40%, Test: 93.89%, Best Valid: 92.98%, Best Test: 94.04%
Run 03:
Highest Train: 96.29
Highest Valid: 92.98
Highest Test: 94.37
Chosen epoch: 641
Final Train: 95.62
Final Test: 94.04
All runs:
Highest Train: 96.45 ± 0.17
Highest Test: 94.26 ± 0.11
Highest Valid: 92.82 ± 0.15
  Final Train: 95.87 ± 0.24
   Final Test: 93.93 ± 0.10
Saving results to results/amazon-computer/MPNN_gat.csv

Running with Pre-trained MLP Regularization (lambda=0.1)...
Namespace(bn=False, cpu=False, data_dir='./data/', dataset='amazon-computer', device=0, display_step=100, dropout=0.5, epochs=1000, gnn='gat', hidden_channels=64, jk=False, label_num_per_class=20, lambda_val=0.1, ln=True, local_layers=2, lr=0.001, metric='acc', mlp_epochs=500, mlp_reg=True, model='MPNN', model_dir='./model/', num_heads=1, pre_linear=False, pre_ln=False, rand_split=False, rand_split_class=False, reg_start_epoch=10, reg_update_freq=5, res=False, runs=3, save_model=False, seed=42, test_num=1000, train_prop=0.5, use_reg=True, valid_num=500, valid_prop=0.25, weight_decay=5e-05)
amazon-computer
dataset amazon-computer | num nodes 13752 | num edge 491722 | num node feats 767 | num classes 10
MODEL: MPNNs(
  (h_lins): ModuleList()
  (local_convs): ModuleList(
    (0): GATConv(767, 64, heads=1)
    (1): GATConv(64, 64, heads=1)
  )
  (lins): ModuleList(
    (0): Linear(in_features=767, out_features=64, bias=True)
    (1): Linear(in_features=64, out_features=64, bias=True)
  )
  (lns): ModuleList(
    (0): LayerNorm((64,), eps=1e-05, elementwise_affine=True)
    (1): LayerNorm((64,), eps=1e-05, elementwise_affine=True)
  )
  (bns): ModuleList(
    (0): BatchNorm1d(64, eps=1e-05, momentum=0.1, affine=True, track_running_stats=True)
    (1): BatchNorm1d(64, eps=1e-05, momentum=0.1, affine=True, track_running_stats=True)
  )
  (lin_in): Linear(in_features=767, out_features=64, bias=True)
  (pred_local): Linear(in_features=64, out_features=10, bias=True)
)
Pre-training MLP for 500 epochs to generate co-occurrence matrix...
MLP pre-training complete. Penalty matrix frozen.
Epoch: 00, Loss: 2.6514, Train: 17.82%, Valid: 18.29%, Test: 17.01%, Best Valid: 18.29%, Best Test: 17.01%
Epoch: 100, Loss: 0.5612, Train: 88.79%, Valid: 87.05%, Test: 89.79%, Best Valid: 87.05%, Best Test: 89.86%
Epoch: 200, Loss: 0.3626, Train: 92.87%, Valid: 91.38%, Test: 92.95%, Best Valid: 91.38%, Best Test: 93.02%
Epoch: 300, Loss: 0.3104, Train: 94.18%, Valid: 91.64%, Test: 93.46%, Best Valid: 92.00%, Best Test: 93.38%
Epoch: 400, Loss: 0.2623, Train: 94.86%, Valid: 92.29%, Test: 93.71%, Best Valid: 92.40%, Best Test: 93.64%
Epoch: 500, Loss: 0.2448, Train: 95.25%, Valid: 92.55%, Test: 93.78%, Best Valid: 92.69%, Best Test: 93.86%
Epoch: 600, Loss: 0.2099, Train: 95.66%, Valid: 92.44%, Test: 93.75%, Best Valid: 92.69%, Best Test: 93.86%
Epoch: 700, Loss: 0.2004, Train: 95.84%, Valid: 92.47%, Test: 93.75%, Best Valid: 92.84%, Best Test: 93.86%
Epoch: 800, Loss: 0.1936, Train: 95.82%, Valid: 91.93%, Test: 93.49%, Best Valid: 92.87%, Best Test: 93.68%
Epoch: 900, Loss: 0.1703, Train: 96.30%, Valid: 92.62%, Test: 93.71%, Best Valid: 92.87%, Best Test: 93.68%
Run 01:
Highest Train: 96.53
Highest Valid: 92.87
Highest Test: 94.22
Chosen epoch: 759
Final Train: 96.04
Final Test: 93.68
Pre-training MLP for 500 epochs to generate co-occurrence matrix...
MLP pre-training complete. Penalty matrix frozen.
Epoch: 00, Loss: 2.7611, Train: 37.44%, Valid: 35.78%, Test: 38.68%, Best Valid: 35.78%, Best Test: 38.68%
Epoch: 100, Loss: 0.5783, Train: 88.70%, Valid: 87.27%, Test: 89.89%, Best Valid: 87.27%, Best Test: 89.89%
Epoch: 200, Loss: 0.3785, Train: 92.59%, Valid: 90.84%, Test: 92.33%, Best Valid: 90.84%, Best Test: 92.33%
Epoch: 300, Loss: 0.3134, Train: 93.87%, Valid: 91.27%, Test: 93.20%, Best Valid: 91.53%, Best Test: 93.20%
Epoch: 400, Loss: 0.2737, Train: 94.51%, Valid: 91.45%, Test: 93.57%, Best Valid: 91.89%, Best Test: 93.28%
Epoch: 500, Loss: 0.2490, Train: 94.75%, Valid: 91.24%, Test: 93.42%, Best Valid: 92.22%, Best Test: 93.42%
Epoch: 600, Loss: 0.2257, Train: 95.39%, Valid: 91.89%, Test: 93.75%, Best Valid: 92.25%, Best Test: 93.60%
Epoch: 700, Loss: 0.2170, Train: 95.70%, Valid: 92.18%, Test: 93.60%, Best Valid: 92.36%, Best Test: 93.60%
Epoch: 800, Loss: 0.2292, Train: 95.48%, Valid: 92.11%, Test: 93.35%, Best Valid: 92.55%, Best Test: 93.86%
Epoch: 900, Loss: 0.1874, Train: 96.05%, Valid: 92.40%, Test: 93.57%, Best Valid: 92.65%, Best Test: 93.78%
Run 02:
Highest Train: 96.33
Highest Valid: 92.73
Highest Test: 94.15
Chosen epoch: 921
Final Train: 96.17
Final Test: 93.57
Pre-training MLP for 500 epochs to generate co-occurrence matrix...
MLP pre-training complete. Penalty matrix frozen.
Epoch: 00, Loss: 2.4592, Train: 37.15%, Valid: 35.82%, Test: 38.35%, Best Valid: 35.82%, Best Test: 38.35%
Epoch: 100, Loss: 0.5310, Train: 89.66%, Valid: 88.76%, Test: 90.95%, Best Valid: 88.76%, Best Test: 90.95%
Epoch: 200, Loss: 0.3676, Train: 92.98%, Valid: 91.45%, Test: 93.17%, Best Valid: 91.45%, Best Test: 92.95%
Epoch: 300, Loss: 0.3130, Train: 93.77%, Valid: 91.49%, Test: 93.38%, Best Valid: 91.82%, Best Test: 93.31%
Epoch: 400, Loss: 0.2718, Train: 94.47%, Valid: 92.15%, Test: 93.46%, Best Valid: 92.33%, Best Test: 93.89%
Epoch: 500, Loss: 0.2438, Train: 94.84%, Valid: 92.22%, Test: 93.42%, Best Valid: 92.51%, Best Test: 93.60%
Epoch: 600, Loss: 0.2269, Train: 95.49%, Valid: 92.55%, Test: 94.11%, Best Valid: 92.69%, Best Test: 94.11%
Epoch: 700, Loss: 0.1994, Train: 95.72%, Valid: 92.47%, Test: 93.53%, Best Valid: 92.69%, Best Test: 94.11%
Epoch: 800, Loss: 0.1904, Train: 95.73%, Valid: 92.47%, Test: 93.68%, Best Valid: 92.69%, Best Test: 94.11%
Epoch: 900, Loss: 0.1930, Train: 95.81%, Valid: 92.29%, Test: 93.13%, Best Valid: 92.69%, Best Test: 94.11%
Run 03:
Highest Train: 96.30
Highest Valid: 92.69
Highest Test: 94.33
Chosen epoch: 551
Final Train: 95.20
Final Test: 94.11
All runs:
Highest Train: 96.39 ± 0.13
Highest Test: 94.23 ± 0.09
Highest Valid: 92.76 ± 0.10
  Final Train: 95.80 ± 0.53
   Final Test: 93.78 ± 0.29
Saving results to results/amazon-computer/MPNN_gat.csv

Running with Pre-trained MLP Regularization (lambda=1.0)...
Namespace(bn=False, cpu=False, data_dir='./data/', dataset='amazon-computer', device=0, display_step=100, dropout=0.5, epochs=1000, gnn='gat', hidden_channels=64, jk=False, label_num_per_class=20, lambda_val=1.0, ln=True, local_layers=2, lr=0.001, metric='acc', mlp_epochs=500, mlp_reg=True, model='MPNN', model_dir='./model/', num_heads=1, pre_linear=False, pre_ln=False, rand_split=False, rand_split_class=False, reg_start_epoch=10, reg_update_freq=5, res=False, runs=3, save_model=False, seed=42, test_num=1000, train_prop=0.5, use_reg=True, valid_num=500, valid_prop=0.25, weight_decay=5e-05)
amazon-computer
dataset amazon-computer | num nodes 13752 | num edge 491722 | num node feats 767 | num classes 10
MODEL: MPNNs(
  (h_lins): ModuleList()
  (local_convs): ModuleList(
    (0): GATConv(767, 64, heads=1)
    (1): GATConv(64, 64, heads=1)
  )
  (lins): ModuleList(
    (0): Linear(in_features=767, out_features=64, bias=True)
    (1): Linear(in_features=64, out_features=64, bias=True)
  )
  (lns): ModuleList(
    (0): LayerNorm((64,), eps=1e-05, elementwise_affine=True)
    (1): LayerNorm((64,), eps=1e-05, elementwise_affine=True)
  )
  (bns): ModuleList(
    (0): BatchNorm1d(64, eps=1e-05, momentum=0.1, affine=True, track_running_stats=True)
    (1): BatchNorm1d(64, eps=1e-05, momentum=0.1, affine=True, track_running_stats=True)
  )
  (lin_in): Linear(in_features=767, out_features=64, bias=True)
  (pred_local): Linear(in_features=64, out_features=10, bias=True)
)
Pre-training MLP for 500 epochs to generate co-occurrence matrix...
MLP pre-training complete. Penalty matrix frozen.
Epoch: 00, Loss: 4.8207, Train: 14.62%, Valid: 15.24%, Test: 14.69%, Best Valid: 15.24%, Best Test: 14.69%
Epoch: 100, Loss: 2.1920, Train: 74.84%, Valid: 73.05%, Test: 74.12%, Best Valid: 73.05%, Best Test: 74.12%
Epoch: 200, Loss: 0.8118, Train: 90.16%, Valid: 88.44%, Test: 90.55%, Best Valid: 88.55%, Best Test: 90.62%
Epoch: 300, Loss: 0.6547, Train: 92.52%, Valid: 90.07%, Test: 92.04%, Best Valid: 90.87%, Best Test: 92.62%
Epoch: 400, Loss: 0.5480, Train: 93.29%, Valid: 90.51%, Test: 92.26%, Best Valid: 91.78%, Best Test: 93.35%
Epoch: 500, Loss: 0.4928, Train: 94.70%, Valid: 91.78%, Test: 93.20%, Best Valid: 91.93%, Best Test: 93.28%
Epoch: 600, Loss: 0.4485, Train: 95.18%, Valid: 92.22%, Test: 93.42%, Best Valid: 92.22%, Best Test: 93.42%
Epoch: 700, Loss: 0.4131, Train: 95.48%, Valid: 92.29%, Test: 93.60%, Best Valid: 92.40%, Best Test: 93.64%
Epoch: 800, Loss: 0.3790, Train: 95.78%, Valid: 92.36%, Test: 93.71%, Best Valid: 92.40%, Best Test: 93.64%
Epoch: 900, Loss: 0.3654, Train: 96.00%, Valid: 92.18%, Test: 93.71%, Best Valid: 92.47%, Best Test: 93.49%
Run 01:
Highest Train: 96.19
Highest Valid: 92.47
Highest Test: 93.97
Chosen epoch: 859
Final Train: 95.81
Final Test: 93.49
Pre-training MLP for 500 epochs to generate co-occurrence matrix...
MLP pre-training complete. Penalty matrix frozen.
Epoch: 00, Loss: 5.0202, Train: 37.63%, Valid: 36.00%, Test: 38.64%, Best Valid: 36.00%, Best Test: 38.64%
Epoch: 100, Loss: 2.6023, Train: 53.63%, Valid: 52.22%, Test: 54.05%, Best Valid: 52.22%, Best Test: 54.05%
Epoch: 200, Loss: 0.8463, Train: 89.96%, Valid: 88.11%, Test: 90.29%, Best Valid: 88.15%, Best Test: 90.29%
Epoch: 300, Loss: 0.6457, Train: 92.46%, Valid: 89.85%, Test: 92.00%, Best Valid: 90.11%, Best Test: 92.40%
Epoch: 400, Loss: 0.5583, Train: 93.70%, Valid: 90.69%, Test: 92.80%, Best Valid: 91.20%, Best Test: 93.06%
Epoch: 500, Loss: 0.5016, Train: 94.21%, Valid: 90.76%, Test: 92.80%, Best Valid: 91.45%, Best Test: 93.49%
Epoch: 600, Loss: 0.4739, Train: 94.40%, Valid: 90.69%, Test: 92.84%, Best Valid: 91.53%, Best Test: 93.35%
Epoch: 700, Loss: 0.4310, Train: 95.27%, Valid: 91.20%, Test: 93.75%, Best Valid: 91.85%, Best Test: 93.64%
Epoch: 800, Loss: 0.4129, Train: 95.58%, Valid: 91.53%, Test: 93.35%, Best Valid: 91.93%, Best Test: 93.38%
Epoch: 900, Loss: 0.3869, Train: 95.82%, Valid: 91.82%, Test: 93.53%, Best Valid: 92.15%, Best Test: 93.71%
Run 02:
Highest Train: 95.96
Highest Valid: 92.15
Highest Test: 94.00
Chosen epoch: 842
Final Train: 95.69
Final Test: 93.71
Pre-training MLP for 500 epochs to generate co-occurrence matrix...
MLP pre-training complete. Penalty matrix frozen.
Epoch: 00, Loss: 4.4713, Train: 37.13%, Valid: 35.82%, Test: 38.28%, Best Valid: 35.82%, Best Test: 38.28%
Epoch: 100, Loss: 1.3602, Train: 81.25%, Valid: 79.67%, Test: 80.63%, Best Valid: 79.67%, Best Test: 80.63%
Epoch: 200, Loss: 0.7582, Train: 90.55%, Valid: 89.05%, Test: 90.88%, Best Valid: 89.71%, Best Test: 91.78%
Epoch: 300, Loss: 0.6361, Train: 93.20%, Valid: 90.95%, Test: 92.73%, Best Valid: 91.38%, Best Test: 93.02%
Epoch: 400, Loss: 0.5588, Train: 93.90%, Valid: 91.45%, Test: 93.06%, Best Valid: 91.85%, Best Test: 93.31%
Epoch: 500, Loss: 0.5151, Train: 94.40%, Valid: 91.38%, Test: 93.06%, Best Valid: 92.15%, Best Test: 93.06%
Epoch: 600, Loss: 0.4634, Train: 94.73%, Valid: 91.64%, Test: 92.91%, Best Valid: 92.22%, Best Test: 93.13%
Epoch: 700, Loss: 0.4365, Train: 95.27%, Valid: 91.78%, Test: 93.13%, Best Valid: 92.29%, Best Test: 93.49%
Epoch: 800, Loss: 0.4222, Train: 95.37%, Valid: 91.96%, Test: 93.24%, Best Valid: 92.29%, Best Test: 93.49%
Epoch: 900, Loss: 0.3821, Train: 95.62%, Valid: 92.25%, Test: 93.86%, Best Valid: 92.36%, Best Test: 93.53%
Run 03:
Highest Train: 95.94
Highest Valid: 92.36
Highest Test: 93.89
Chosen epoch: 801
Final Train: 95.58
Final Test: 93.53
All runs:
Highest Train: 96.03 ± 0.14
Highest Test: 93.95 ± 0.06
Highest Valid: 92.33 ± 0.17
  Final Train: 95.69 ± 0.12
   Final Test: 93.58 ± 0.12
Saving results to results/amazon-computer/MPNN_gat.csv

Homophilic sweep completed!
==========================================================
Sweep for amazon-computer completed at: Sun Apr 26 02:25:25 AM EDT 2026
==========================================================
