==========================================================
Heterophilic Small Lambda MLP-Reg Sweep — Dataset: chameleon
Array task: 5 / Job: 998462
Date: Sat Apr 25 11:58:34 PM EDT 2026 | Host: n0001
==========================================================
Sat Apr 25 23:58:44 2026       
+-----------------------------------------------------------------------------------------+
| NVIDIA-SMI 570.211.01             Driver Version: 570.211.01     CUDA Version: 12.8     |
|-----------------------------------------+------------------------+----------------------+
| GPU  Name                 Persistence-M | Bus-Id          Disp.A | Volatile Uncorr. ECC |
| Fan  Temp   Perf          Pwr:Usage/Cap |           Memory-Usage | GPU-Util  Compute M. |
|                                         |                        |               MIG M. |
|=========================================+========================+======================|
|   0  NVIDIA A100-SXM4-80GB          On  |   00000000:01:00.0 Off |                   On |
| N/A   34C    P0            115W /  500W |    3547MiB /  81920MiB |     N/A      Default |
|                                         |                        |              Enabled |
+-----------------------------------------+------------------------+----------------------+
|   1  NVIDIA A100-SXM4-80GB          On  |   00000000:41:00.0 Off |                   On |
| N/A   33C    P0            112W /  500W |    2169MiB /  81920MiB |     N/A      Default |
|                                         |                        |              Enabled |
+-----------------------------------------+------------------------+----------------------+
|   2  NVIDIA A100-SXM4-80GB          On  |   00000000:81:00.0 Off |                   On |
| N/A   35C    P0            109W /  500W |    5561MiB /  81920MiB |     N/A      Default |
|                                         |                        |              Enabled |
+-----------------------------------------+------------------------+----------------------+
|   3  NVIDIA A100-SXM4-80GB          On  |   00000000:C1:00.0 Off |                   On |
| N/A   25C    P0             49W /  500W |     185MiB /  81920MiB |     N/A      Default |
|                                         |                        |              Enabled |
+-----------------------------------------+------------------------+----------------------+

+-----------------------------------------------------------------------------------------+
| MIG devices:                                                                            |
+------------------+----------------------------------+-----------+-----------------------+
| GPU  GI  CI  MIG |                     Memory-Usage |        Vol|        Shared         |
|      ID  ID  Dev |                       BAR1-Usage | SM     Unc| CE ENC  DEC  OFA  JPG |
|                  |                                  |        ECC|                       |
|==================+==================================+===========+=======================|
|  3   13   0   0  |              27MiB /  9728MiB    | 14      0 |  1   0    0    0    0 |
|                  |                 0MiB / 16383MiB  |           |                       |
+------------------+----------------------------------+-----------+-----------------------+
                                                                                         
+-----------------------------------------------------------------------------------------+
| Processes:                                                                              |
|  GPU   GI   CI              PID   Type   Process name                        GPU Memory |
|        ID   ID                                                               Usage      |
|=========================================================================================|
|    0   13    0           722285      C   python                                 3358MiB |
|    1   13    0           761464      C   python                                 1980MiB |
|    2    9    0           720307      C   python                                 5372MiB |
+-----------------------------------------------------------------------------------------+
1.12.1
True
NVIDIA A100-SXM4-80GB MIG 1g.10gb
==========================================================
Starting Small Lambda MLP-Reg Sweep for:
python main.py --gnn gcn  --dataset chameleon --lr 0.005 --local_layers 5 --hidden_channels 512 --weight_decay 0.001 --dropout 0.2 --device 0 --runs 10 --epochs 200
==========================================================

Running with Pre-trained MLP Regularization (lambda=1e-4)...
Namespace(bn=False, cpu=False, data_dir='./data/', dataset='chameleon', device=0, display_step=100, dropout=0.2, epochs=200, gnn='gcn', hidden_channels=512, jk=False, label_num_per_class=20, lambda_val=0.0001, ln=False, local_layers=5, lr=0.005, metric='acc', mlp_epochs=500, mlp_reg=True, model='MPNN', model_dir='./model/', num_heads=1, pre_linear=False, pre_ln=False, rand_split=False, rand_split_class=False, reg_start_epoch=10, reg_update_freq=5, res=False, runs=10, save_model=False, seed=42, test_num=1000, train_prop=0.5, use_reg=True, valid_num=500, valid_prop=0.25, weight_decay=0.001)
chameleon
dataset chameleon | num nodes 890 | num edge 8854 | num node feats 2325 | num classes 5
MODEL: MPNNs(
  (h_lins): ModuleList()
  (local_convs): ModuleList(
    (0): GCNConv(2325, 512)
    (1): GCNConv(512, 512)
    (2): GCNConv(512, 512)
    (3): GCNConv(512, 512)
    (4): GCNConv(512, 512)
  )
  (lins): ModuleList(
    (0): Linear(in_features=2325, out_features=512, bias=True)
    (1): Linear(in_features=512, out_features=512, bias=True)
    (2): Linear(in_features=512, out_features=512, bias=True)
    (3): Linear(in_features=512, out_features=512, bias=True)
    (4): Linear(in_features=512, out_features=512, bias=True)
  )
  (lns): ModuleList(
    (0): LayerNorm((512,), eps=1e-05, elementwise_affine=True)
    (1): LayerNorm((512,), eps=1e-05, elementwise_affine=True)
    (2): LayerNorm((512,), eps=1e-05, elementwise_affine=True)
    (3): LayerNorm((512,), eps=1e-05, elementwise_affine=True)
    (4): LayerNorm((512,), eps=1e-05, elementwise_affine=True)
  )
  (bns): ModuleList(
    (0): BatchNorm1d(512, eps=1e-05, momentum=0.1, affine=True, track_running_stats=True)
    (1): BatchNorm1d(512, eps=1e-05, momentum=0.1, affine=True, track_running_stats=True)
    (2): BatchNorm1d(512, eps=1e-05, momentum=0.1, affine=True, track_running_stats=True)
    (3): BatchNorm1d(512, eps=1e-05, momentum=0.1, affine=True, track_running_stats=True)
    (4): BatchNorm1d(512, eps=1e-05, momentum=0.1, affine=True, track_running_stats=True)
  )
  (lin_in): Linear(in_features=2325, out_features=512, bias=True)
  (pred_local): Linear(in_features=512, out_features=5, bias=True)
)
Pre-training MLP for 500 epochs to generate co-occurrence matrix...
MLP pre-training complete. Penalty matrix frozen.
Epoch: 00, Loss: 1.6034, Train: 24.21%, Valid: 22.65%, Test: 23.20%, Best Valid: 22.65%, Best Test: 23.20%
Epoch: 100, Loss: 1.1958, Train: 47.68%, Valid: 42.51%, Test: 38.66%, Best Valid: 48.08%, Best Test: 42.78%
Run 01:
Highest Train: 63.08
Highest Valid: 48.08
Highest Test: 48.97
Chosen epoch: 30
Final Train: 50.37
Final Test: 42.78
Pre-training MLP for 500 epochs to generate co-occurrence matrix...
MLP pre-training complete. Penalty matrix frozen.
Epoch: 00, Loss: 1.6128, Train: 23.89%, Valid: 23.18%, Test: 22.98%, Best Valid: 23.18%, Best Test: 22.98%
Epoch: 100, Loss: 1.0755, Train: 51.29%, Valid: 33.44%, Test: 42.24%, Best Valid: 42.38%, Best Test: 44.10%
Run 02:
Highest Train: 63.70
Highest Valid: 43.05
Highest Test: 48.45
Chosen epoch: 128
Final Train: 61.59
Final Test: 42.86
Pre-training MLP for 500 epochs to generate co-occurrence matrix...
MLP pre-training complete. Penalty matrix frozen.
Epoch: 00, Loss: 1.6087, Train: 30.57%, Valid: 26.55%, Test: 22.47%, Best Valid: 26.55%, Best Test: 22.47%
Epoch: 100, Loss: 1.0236, Train: 58.77%, Valid: 43.79%, Test: 44.38%, Best Valid: 47.93%, Best Test: 42.70%
Run 03:
Highest Train: 66.59
Highest Valid: 50.69
Highest Test: 45.51
Chosen epoch: 131
Final Train: 61.37
Final Test: 40.45
Pre-training MLP for 500 epochs to generate co-occurrence matrix...
MLP pre-training complete. Penalty matrix frozen.
Epoch: 00, Loss: 1.6088, Train: 23.79%, Valid: 23.13%, Test: 23.37%, Best Valid: 23.13%, Best Test: 23.37%
Epoch: 100, Loss: 1.0569, Train: 59.71%, Valid: 40.14%, Test: 41.30%, Best Valid: 46.26%, Best Test: 46.20%
Run 04:
Highest Train: 67.23
Highest Valid: 46.26
Highest Test: 49.46
Chosen epoch: 30
Final Train: 47.82
Final Test: 46.20
Pre-training MLP for 500 epochs to generate co-occurrence matrix...
MLP pre-training complete. Penalty matrix frozen.
Epoch: 00, Loss: 1.6135, Train: 22.73%, Valid: 25.00%, Test: 20.33%, Best Valid: 25.00%, Best Test: 20.33%
Epoch: 100, Loss: 1.0254, Train: 56.59%, Valid: 42.54%, Test: 43.41%, Best Valid: 45.90%, Best Test: 46.70%
Run 05:
Highest Train: 61.82
Highest Valid: 45.90
Highest Test: 49.45
Chosen epoch: 47
Final Train: 48.41
Final Test: 46.70
Pre-training MLP for 500 epochs to generate co-occurrence matrix...
MLP pre-training complete. Penalty matrix frozen.
Epoch: 00, Loss: 1.6086, Train: 25.35%, Valid: 21.23%, Test: 22.56%, Best Valid: 21.23%, Best Test: 22.56%
Epoch: 100, Loss: 1.0052, Train: 55.07%, Valid: 43.84%, Test: 38.41%, Best Valid: 48.29%, Best Test: 37.80%
Run 06:
Highest Train: 64.52
Highest Valid: 48.29
Highest Test: 44.51
Chosen epoch: 48
Final Train: 56.45
Final Test: 37.80
Pre-training MLP for 500 epochs to generate co-occurrence matrix...
MLP pre-training complete. Penalty matrix frozen.
Epoch: 00, Loss: 1.6081, Train: 26.08%, Valid: 20.77%, Test: 21.81%, Best Valid: 20.77%, Best Test: 21.81%
Epoch: 100, Loss: 0.9458, Train: 63.64%, Valid: 41.20%, Test: 46.28%, Best Valid: 41.90%, Best Test: 53.19%
Run 07:
Highest Train: 69.86
Highest Valid: 42.25
Highest Test: 53.19
Chosen epoch: 173
Final Train: 62.44
Final Test: 43.09
Pre-training MLP for 500 epochs to generate co-occurrence matrix...
MLP pre-training complete. Penalty matrix frozen.
Epoch: 00, Loss: 1.6130, Train: 28.74%, Valid: 26.13%, Test: 23.27%, Best Valid: 26.13%, Best Test: 23.27%
Epoch: 100, Loss: 1.1015, Train: 52.02%, Valid: 41.61%, Test: 50.31%, Best Valid: 45.16%, Best Test: 45.91%
Run 08:
Highest Train: 67.46
Highest Valid: 47.74
Highest Test: 55.97
Chosen epoch: 186
Final Train: 66.51
Final Test: 49.06
Pre-training MLP for 500 epochs to generate co-occurrence matrix...
MLP pre-training complete. Penalty matrix frozen.
Epoch: 00, Loss: 1.6065, Train: 18.10%, Valid: 13.94%, Test: 13.37%, Best Valid: 13.94%, Best Test: 13.37%
Epoch: 100, Loss: 1.0522, Train: 55.92%, Valid: 43.90%, Test: 43.02%, Best Valid: 47.74%, Best Test: 34.88%
Run 09:
Highest Train: 64.04
Highest Valid: 48.78
Highest Test: 47.09
Chosen epoch: 115
Final Train: 54.76
Final Test: 43.60
Pre-training MLP for 500 epochs to generate co-occurrence matrix...
MLP pre-training complete. Penalty matrix frozen.
Epoch: 00, Loss: 1.6064, Train: 27.93%, Valid: 30.58%, Test: 20.43%, Best Valid: 30.58%, Best Test: 20.43%
Epoch: 100, Loss: 1.1058, Train: 56.10%, Valid: 41.01%, Test: 45.70%, Best Valid: 45.32%, Best Test: 45.70%
Run 10:
Highest Train: 66.67
Highest Valid: 46.04
Highest Test: 52.15
Chosen epoch: 130
Final Train: 58.69
Final Test: 48.39
All runs:
Highest Train: 65.50 ± 2.45
Highest Test: 49.48 ± 3.51
Highest Valid: 46.71 ± 2.59
  Final Train: 56.84 ± 6.41
   Final Test: 44.09 ± 3.52
Saving results to results/chameleon/MPNN_gcn.csv

Running with Pre-trained MLP Regularization (lambda=0.001)...
