==========================================================
Homophilic MLP-Reg GNN Sweep — Dataset: coauthor-physics
Array task: 3 / Job: 998532
Date: Sun Apr 26 12:03:06 AM EDT 2026 | Host: n0001
==========================================================
Sun Apr 26 00:03:15 2026       
+-----------------------------------------------------------------------------------------+
| NVIDIA-SMI 570.211.01             Driver Version: 570.211.01     CUDA Version: 12.8     |
|-----------------------------------------+------------------------+----------------------+
| GPU  Name                 Persistence-M | Bus-Id          Disp.A | Volatile Uncorr. ECC |
| Fan  Temp   Perf          Pwr:Usage/Cap |           Memory-Usage | GPU-Util  Compute M. |
|                                         |                        |               MIG M. |
|=========================================+========================+======================|
|   0  NVIDIA A100-SXM4-80GB          On  |   00000000:01:00.0 Off |                   On |
| N/A   35C    P0            114W /  500W |    3547MiB /  81920MiB |     N/A      Default |
|                                         |                        |              Enabled |
+-----------------------------------------+------------------------+----------------------+
|   1  NVIDIA A100-SXM4-80GB          On  |   00000000:41:00.0 Off |                   On |
| N/A   34C    P0            110W /  500W |    2169MiB /  81920MiB |     N/A      Default |
|                                         |                        |              Enabled |
+-----------------------------------------+------------------------+----------------------+
|   2  NVIDIA A100-SXM4-80GB          On  |   00000000:81:00.0 Off |                   On |
| N/A   36C    P0            111W /  500W |    5561MiB /  81920MiB |     N/A      Default |
|                                         |                        |              Enabled |
+-----------------------------------------+------------------------+----------------------+
|   3  NVIDIA A100-SXM4-80GB          On  |   00000000:C1:00.0 Off |                   On |
| N/A   25C    P0             49W /  500W |     185MiB /  81920MiB |     N/A      Default |
|                                         |                        |              Enabled |
+-----------------------------------------+------------------------+----------------------+

+-----------------------------------------------------------------------------------------+
| MIG devices:                                                                            |
+------------------+----------------------------------+-----------+-----------------------+
| GPU  GI  CI  MIG |                     Memory-Usage |        Vol|        Shared         |
|      ID  ID  Dev |                       BAR1-Usage | SM     Unc| CE ENC  DEC  OFA  JPG |
|                  |                                  |        ECC|                       |
|==================+==================================+===========+=======================|
|  3   13   0   0  |              27MiB /  9728MiB    | 14      0 |  1   0    0    0    0 |
|                  |                 0MiB / 16383MiB  |           |                       |
+------------------+----------------------------------+-----------+-----------------------+
                                                                                         
+-----------------------------------------------------------------------------------------+
| Processes:                                                                              |
|  GPU   GI   CI              PID   Type   Process name                        GPU Memory |
|        ID   ID                                                               Usage      |
|=========================================================================================|
|    0   13    0           722285      C   python                                 3358MiB |
|    1   13    0           761464      C   python                                 1980MiB |
|    2    9    0           720307      C   python                                 5372MiB |
+-----------------------------------------------------------------------------------------+
1.12.1
True
NVIDIA A100-SXM4-80GB MIG 1g.10gb
==========================================================
Starting Homophilic MLP-Reg Sweep for:
python main.py --gnn gcn  --dataset coauthor-physics --hidden_channels 64  --epochs 1500 --lr 0.001 --runs 3 --local_layers 2 --weight_decay 5e-4 --dropout 0.3 --device 0 --ln --res
==========================================================
Running Baseline (REG: False)...
Namespace(bn=False, cpu=False, data_dir='./data/', dataset='coauthor-physics', device=0, display_step=100, dropout=0.3, epochs=1500, gnn='gcn', hidden_channels=64, jk=False, label_num_per_class=20, lambda_val=0.5, ln=True, local_layers=2, lr=0.001, metric='acc', mlp_epochs=500, mlp_reg=False, model='MPNN', model_dir='./model/', num_heads=1, pre_linear=False, pre_ln=False, rand_split=False, rand_split_class=False, reg_start_epoch=10, reg_update_freq=5, res=True, runs=3, save_model=False, seed=42, test_num=1000, train_prop=0.5, use_reg=False, valid_num=500, valid_prop=0.25, weight_decay=0.0005)
coauthor-physics
dataset coauthor-physics | num nodes 34493 | num edge 495924 | num node feats 8415 | num classes 5
MODEL: MPNNs(
  (h_lins): ModuleList()
  (local_convs): ModuleList(
    (0): GCNConv(8415, 64)
    (1): GCNConv(64, 64)
  )
  (lins): ModuleList(
    (0): Linear(in_features=8415, out_features=64, bias=True)
    (1): Linear(in_features=64, out_features=64, bias=True)
  )
  (lns): ModuleList(
    (0): LayerNorm((64,), eps=1e-05, elementwise_affine=True)
    (1): LayerNorm((64,), eps=1e-05, elementwise_affine=True)
  )
  (bns): ModuleList(
    (0): BatchNorm1d(64, eps=1e-05, momentum=0.1, affine=True, track_running_stats=True)
    (1): BatchNorm1d(64, eps=1e-05, momentum=0.1, affine=True, track_running_stats=True)
  )
  (lin_in): Linear(in_features=8415, out_features=64, bias=True)
  (pred_local): Linear(in_features=64, out_features=5, bias=True)
)
Epoch: 00, Loss: 1.8974, Train: 17.13%, Valid: 17.03%, Test: 16.68%, Best Valid: 17.03%, Best Test: 16.68%
Epoch: 100, Loss: 0.0441, Train: 99.90%, Valid: 97.06%, Test: 97.57%, Best Valid: 97.23%, Best Test: 97.52%
Epoch: 200, Loss: 0.0146, Train: 99.99%, Valid: 96.81%, Test: 97.07%, Best Valid: 97.23%, Best Test: 97.52%
Epoch: 300, Loss: 0.0078, Train: 100.00%, Valid: 96.58%, Test: 97.12%, Best Valid: 97.23%, Best Test: 97.52%
Epoch: 400, Loss: 0.0058, Train: 100.00%, Valid: 96.59%, Test: 96.83%, Best Valid: 97.23%, Best Test: 97.52%
Epoch: 500, Loss: 0.0047, Train: 100.00%, Valid: 96.65%, Test: 96.87%, Best Valid: 97.23%, Best Test: 97.52%
Epoch: 600, Loss: 0.1374, Train: 97.12%, Valid: 95.90%, Test: 96.59%, Best Valid: 97.23%, Best Test: 97.52%
Epoch: 700, Loss: 0.0459, Train: 99.20%, Valid: 96.88%, Test: 97.38%, Best Valid: 97.23%, Best Test: 97.52%
Epoch: 800, Loss: 0.0214, Train: 99.82%, Valid: 96.88%, Test: 97.25%, Best Valid: 97.23%, Best Test: 97.52%
Epoch: 900, Loss: 0.0116, Train: 99.98%, Valid: 96.90%, Test: 97.04%, Best Valid: 97.23%, Best Test: 97.52%
Epoch: 1000, Loss: 0.0068, Train: 99.99%, Valid: 96.71%, Test: 96.88%, Best Valid: 97.23%, Best Test: 97.52%
Epoch: 1100, Loss: 0.0053, Train: 100.00%, Valid: 96.64%, Test: 96.96%, Best Valid: 97.23%, Best Test: 97.52%
Epoch: 1200, Loss: 0.0045, Train: 100.00%, Valid: 96.48%, Test: 96.88%, Best Valid: 97.23%, Best Test: 97.52%
Epoch: 1300, Loss: 0.0037, Train: 100.00%, Valid: 96.48%, Test: 96.84%, Best Valid: 97.23%, Best Test: 97.52%
Epoch: 1400, Loss: 0.0032, Train: 100.00%, Valid: 96.43%, Test: 96.84%, Best Valid: 97.23%, Best Test: 97.52%
Run 01:
Highest Train: 100.00
Highest Valid: 97.23
Highest Test: 97.61
Chosen epoch: 83
Final Train: 99.75
Final Test: 97.52
Epoch: 00, Loss: 1.7590, Train: 51.04%, Valid: 52.41%, Test: 50.97%, Best Valid: 52.41%, Best Test: 50.97%
Epoch: 100, Loss: 0.0396, Train: 99.91%, Valid: 97.04%, Test: 97.41%, Best Valid: 97.20%, Best Test: 97.55%
Epoch: 200, Loss: 0.0121, Train: 100.00%, Valid: 96.84%, Test: 97.09%, Best Valid: 97.20%, Best Test: 97.55%
Epoch: 300, Loss: 0.0071, Train: 100.00%, Valid: 96.59%, Test: 96.93%, Best Valid: 97.20%, Best Test: 97.55%
Epoch: 400, Loss: 0.0071, Train: 99.99%, Valid: 96.36%, Test: 96.71%, Best Valid: 97.20%, Best Test: 97.55%
Epoch: 500, Loss: 0.0041, Train: 100.00%, Valid: 96.43%, Test: 96.86%, Best Valid: 97.20%, Best Test: 97.55%
Epoch: 600, Loss: 0.0038, Train: 100.00%, Valid: 96.32%, Test: 96.93%, Best Valid: 97.20%, Best Test: 97.55%
Epoch: 700, Loss: 0.0556, Train: 98.99%, Valid: 96.81%, Test: 97.29%, Best Valid: 97.20%, Best Test: 97.55%
Epoch: 800, Loss: 0.0201, Train: 99.87%, Valid: 96.94%, Test: 97.26%, Best Valid: 97.20%, Best Test: 97.55%
Epoch: 900, Loss: 0.0103, Train: 99.99%, Valid: 96.84%, Test: 96.94%, Best Valid: 97.20%, Best Test: 97.55%
Epoch: 1000, Loss: 0.0066, Train: 100.00%, Valid: 96.77%, Test: 96.99%, Best Valid: 97.20%, Best Test: 97.55%
Epoch: 1100, Loss: 0.0050, Train: 100.00%, Valid: 96.83%, Test: 96.88%, Best Valid: 97.20%, Best Test: 97.55%
Epoch: 1200, Loss: 0.0033, Train: 100.00%, Valid: 96.77%, Test: 96.86%, Best Valid: 97.20%, Best Test: 97.55%
Epoch: 1300, Loss: 0.0035, Train: 100.00%, Valid: 96.75%, Test: 96.84%, Best Valid: 97.20%, Best Test: 97.55%
Epoch: 1400, Loss: 0.0030, Train: 100.00%, Valid: 96.74%, Test: 96.84%, Best Valid: 97.20%, Best Test: 97.55%
Run 02:
Highest Train: 100.00
Highest Valid: 97.20
Highest Test: 97.59
Chosen epoch: 70
Final Train: 99.56
Final Test: 97.55
Epoch: 00, Loss: 1.6208, Train: 50.17%, Valid: 51.83%, Test: 50.45%, Best Valid: 51.83%, Best Test: 50.45%
Epoch: 100, Loss: 0.0309, Train: 99.96%, Valid: 97.01%, Test: 97.30%, Best Valid: 97.23%, Best Test: 97.48%
Epoch: 200, Loss: 0.0097, Train: 100.00%, Valid: 96.78%, Test: 96.99%, Best Valid: 97.23%, Best Test: 97.48%
Epoch: 300, Loss: 0.0056, Train: 100.00%, Valid: 96.68%, Test: 96.90%, Best Valid: 97.23%, Best Test: 97.48%
Epoch: 400, Loss: 0.0735, Train: 98.38%, Valid: 96.65%, Test: 97.09%, Best Valid: 97.23%, Best Test: 97.48%
Epoch: 500, Loss: 0.0132, Train: 99.96%, Valid: 96.91%, Test: 97.13%, Best Valid: 97.23%, Best Test: 97.48%
Epoch: 600, Loss: 0.0067, Train: 100.00%, Valid: 96.90%, Test: 97.06%, Best Valid: 97.23%, Best Test: 97.48%
Epoch: 700, Loss: 0.0041, Train: 100.00%, Valid: 96.68%, Test: 96.78%, Best Valid: 97.23%, Best Test: 97.48%
Epoch: 800, Loss: 0.0029, Train: 100.00%, Valid: 96.59%, Test: 96.77%, Best Valid: 97.23%, Best Test: 97.48%
Epoch: 900, Loss: 0.0026, Train: 100.00%, Valid: 96.54%, Test: 96.77%, Best Valid: 97.23%, Best Test: 97.48%
Epoch: 1000, Loss: 0.0024, Train: 100.00%, Valid: 96.46%, Test: 96.77%, Best Valid: 97.23%, Best Test: 97.48%
Epoch: 1100, Loss: 0.0028, Train: 100.00%, Valid: 96.52%, Test: 96.57%, Best Valid: 97.23%, Best Test: 97.48%
Epoch: 1200, Loss: 0.0025, Train: 100.00%, Valid: 96.58%, Test: 96.68%, Best Valid: 97.23%, Best Test: 97.48%
Epoch: 1300, Loss: 0.0033, Train: 100.00%, Valid: 96.20%, Test: 96.52%, Best Valid: 97.23%, Best Test: 97.48%
Epoch: 1400, Loss: 0.0031, Train: 100.00%, Valid: 96.46%, Test: 96.59%, Best Valid: 97.23%, Best Test: 97.48%
Run 03:
Highest Train: 100.00
Highest Valid: 97.23
Highest Test: 97.51
Chosen epoch: 65
Final Train: 99.59
Final Test: 97.48
All runs:
Highest Train: 100.00 ± 0.00
Highest Test: 97.57 ± 0.05
Highest Valid: 97.22 ± 0.02
  Final Train: 99.64 ± 0.10
   Final Test: 97.52 ± 0.04
Saving results to results/coauthor-physics/MPNN_gcn.csv

Running with Pre-trained MLP Regularization (lambda=0.01)...
Namespace(bn=False, cpu=False, data_dir='./data/', dataset='coauthor-physics', device=0, display_step=100, dropout=0.3, epochs=1500, gnn='gcn', hidden_channels=64, jk=False, label_num_per_class=20, lambda_val=0.01, ln=True, local_layers=2, lr=0.001, metric='acc', mlp_epochs=500, mlp_reg=True, model='MPNN', model_dir='./model/', num_heads=1, pre_linear=False, pre_ln=False, rand_split=False, rand_split_class=False, reg_start_epoch=10, reg_update_freq=5, res=True, runs=3, save_model=False, seed=42, test_num=1000, train_prop=0.5, use_reg=True, valid_num=500, valid_prop=0.25, weight_decay=0.0005)
coauthor-physics
dataset coauthor-physics | num nodes 34493 | num edge 495924 | num node feats 8415 | num classes 5
MODEL: MPNNs(
  (h_lins): ModuleList()
  (local_convs): ModuleList(
    (0): GCNConv(8415, 64)
    (1): GCNConv(64, 64)
  )
  (lins): ModuleList(
    (0): Linear(in_features=8415, out_features=64, bias=True)
    (1): Linear(in_features=64, out_features=64, bias=True)
  )
  (lns): ModuleList(
    (0): LayerNorm((64,), eps=1e-05, elementwise_affine=True)
    (1): LayerNorm((64,), eps=1e-05, elementwise_affine=True)
  )
  (bns): ModuleList(
    (0): BatchNorm1d(64, eps=1e-05, momentum=0.1, affine=True, track_running_stats=True)
    (1): BatchNorm1d(64, eps=1e-05, momentum=0.1, affine=True, track_running_stats=True)
  )
  (lin_in): Linear(in_features=8415, out_features=64, bias=True)
  (pred_local): Linear(in_features=64, out_features=5, bias=True)
)
Pre-training MLP for 500 epochs to generate co-occurrence matrix...
MLP pre-training complete. Penalty matrix frozen.
Epoch: 00, Loss: 1.9121, Train: 17.16%, Valid: 17.09%, Test: 16.88%, Best Valid: 17.09%, Best Test: 16.88%
Epoch: 100, Loss: 0.0444, Train: 99.90%, Valid: 97.16%, Test: 97.52%, Best Valid: 97.23%, Best Test: 97.58%
Epoch: 200, Loss: 0.0142, Train: 100.00%, Valid: 96.83%, Test: 97.16%, Best Valid: 97.23%, Best Test: 97.58%
Epoch: 300, Loss: 0.0084, Train: 100.00%, Valid: 96.58%, Test: 96.96%, Best Valid: 97.23%, Best Test: 97.58%
Epoch: 400, Loss: 0.1274, Train: 97.10%, Valid: 95.98%, Test: 96.10%, Best Valid: 97.23%, Best Test: 97.58%
Epoch: 500, Loss: 0.0191, Train: 99.84%, Valid: 97.03%, Test: 97.30%, Best Valid: 97.23%, Best Test: 97.58%
Epoch: 600, Loss: 0.0076, Train: 100.00%, Valid: 96.84%, Test: 97.06%, Best Valid: 97.23%, Best Test: 97.58%
Epoch: 700, Loss: 0.0049, Train: 100.00%, Valid: 96.74%, Test: 96.90%, Best Valid: 97.23%, Best Test: 97.58%
Epoch: 800, Loss: 0.0035, Train: 100.00%, Valid: 96.59%, Test: 96.88%, Best Valid: 97.23%, Best Test: 97.58%
Epoch: 900, Loss: 0.0038, Train: 100.00%, Valid: 96.55%, Test: 96.75%, Best Valid: 97.23%, Best Test: 97.58%
Epoch: 1000, Loss: 0.0029, Train: 100.00%, Valid: 96.61%, Test: 96.75%, Best Valid: 97.23%, Best Test: 97.58%
Epoch: 1100, Loss: 0.0030, Train: 100.00%, Valid: 96.51%, Test: 96.72%, Best Valid: 97.23%, Best Test: 97.58%
Epoch: 1200, Loss: 0.0028, Train: 100.00%, Valid: 96.48%, Test: 96.74%, Best Valid: 97.23%, Best Test: 97.58%
Epoch: 1300, Loss: 0.0032, Train: 100.00%, Valid: 96.38%, Test: 96.58%, Best Valid: 97.23%, Best Test: 97.58%
Epoch: 1400, Loss: 0.0028, Train: 100.00%, Valid: 96.51%, Test: 96.64%, Best Valid: 97.23%, Best Test: 97.58%
Run 01:
Highest Train: 100.00
Highest Valid: 97.23
Highest Test: 97.59
Chosen epoch: 82
Final Train: 99.73
Final Test: 97.58
Pre-training MLP for 500 epochs to generate co-occurrence matrix...
MLP pre-training complete. Penalty matrix frozen.
Epoch: 00, Loss: 1.6600, Train: 50.23%, Valid: 51.88%, Test: 50.57%, Best Valid: 51.88%, Best Test: 50.57%
Epoch: 100, Loss: 0.0364, Train: 99.92%, Valid: 97.09%, Test: 97.38%, Best Valid: 97.25%, Best Test: 97.46%
Epoch: 200, Loss: 0.0112, Train: 100.00%, Valid: 96.84%, Test: 97.06%, Best Valid: 97.25%, Best Test: 97.46%
Epoch: 300, Loss: 0.0074, Train: 100.00%, Valid: 96.67%, Test: 96.87%, Best Valid: 97.25%, Best Test: 97.46%
Epoch: 400, Loss: 0.0051, Train: 100.00%, Valid: 96.77%, Test: 96.70%, Best Valid: 97.25%, Best Test: 97.46%
Epoch: 500, Loss: 0.0045, Train: 100.00%, Valid: 96.35%, Test: 96.74%, Best Valid: 97.25%, Best Test: 97.46%
Epoch: 600, Loss: 0.0040, Train: 100.00%, Valid: 96.58%, Test: 96.77%, Best Valid: 97.25%, Best Test: 97.46%
Epoch: 700, Loss: 0.1123, Train: 97.52%, Valid: 96.32%, Test: 96.78%, Best Valid: 97.25%, Best Test: 97.46%
Epoch: 800, Loss: 0.0285, Train: 99.69%, Valid: 96.88%, Test: 97.20%, Best Valid: 97.25%, Best Test: 97.46%
Epoch: 900, Loss: 0.0114, Train: 99.97%, Valid: 96.83%, Test: 97.12%, Best Valid: 97.25%, Best Test: 97.46%
Epoch: 1000, Loss: 0.0069, Train: 100.00%, Valid: 96.78%, Test: 96.88%, Best Valid: 97.25%, Best Test: 97.46%
Epoch: 1100, Loss: 0.0048, Train: 100.00%, Valid: 96.65%, Test: 96.93%, Best Valid: 97.25%, Best Test: 97.46%
Epoch: 1200, Loss: 0.0036, Train: 100.00%, Valid: 96.74%, Test: 96.87%, Best Valid: 97.25%, Best Test: 97.46%
Epoch: 1300, Loss: 0.0033, Train: 100.00%, Valid: 96.62%, Test: 96.88%, Best Valid: 97.25%, Best Test: 97.46%
Epoch: 1400, Loss: 0.0030, Train: 100.00%, Valid: 96.62%, Test: 96.84%, Best Valid: 97.25%, Best Test: 97.46%
Run 02:
Highest Train: 100.00
Highest Valid: 97.25
Highest Test: 97.49
Chosen epoch: 66
Final Train: 99.43
Final Test: 97.46
Pre-training MLP for 500 epochs to generate co-occurrence matrix...
MLP pre-training complete. Penalty matrix frozen.
Epoch: 00, Loss: 1.6110, Train: 50.21%, Valid: 51.86%, Test: 50.43%, Best Valid: 51.86%, Best Test: 50.43%
Epoch: 100, Loss: 0.0368, Train: 99.91%, Valid: 97.03%, Test: 97.36%, Best Valid: 97.25%, Best Test: 97.48%
Epoch: 200, Loss: 0.0112, Train: 100.00%, Valid: 96.71%, Test: 97.04%, Best Valid: 97.25%, Best Test: 97.48%
Epoch: 300, Loss: 0.0067, Train: 100.00%, Valid: 96.65%, Test: 96.93%, Best Valid: 97.25%, Best Test: 97.48%
Epoch: 400, Loss: 0.0051, Train: 100.00%, Valid: 96.59%, Test: 96.83%, Best Valid: 97.25%, Best Test: 97.48%
Epoch: 500, Loss: 0.0046, Train: 100.00%, Valid: 96.69%, Test: 96.67%, Best Valid: 97.25%, Best Test: 97.48%
Epoch: 600, Loss: 0.0619, Train: 98.85%, Valid: 96.98%, Test: 97.36%, Best Valid: 97.25%, Best Test: 97.48%
Epoch: 700, Loss: 0.0259, Train: 99.75%, Valid: 97.01%, Test: 97.36%, Best Valid: 97.25%, Best Test: 97.48%
Epoch: 800, Loss: 0.0123, Train: 99.97%, Valid: 96.97%, Test: 97.19%, Best Valid: 97.25%, Best Test: 97.48%
Epoch: 900, Loss: 0.0082, Train: 100.00%, Valid: 96.78%, Test: 97.10%, Best Valid: 97.25%, Best Test: 97.48%
Epoch: 1000, Loss: 0.0059, Train: 100.00%, Valid: 96.83%, Test: 96.94%, Best Valid: 97.25%, Best Test: 97.48%
Epoch: 1100, Loss: 0.0048, Train: 100.00%, Valid: 96.75%, Test: 96.90%, Best Valid: 97.25%, Best Test: 97.48%
Epoch: 1200, Loss: 0.0037, Train: 100.00%, Valid: 96.65%, Test: 96.81%, Best Valid: 97.25%, Best Test: 97.48%
Epoch: 1300, Loss: 0.0033, Train: 100.00%, Valid: 96.68%, Test: 96.91%, Best Valid: 97.25%, Best Test: 97.48%
Epoch: 1400, Loss: 0.0028, Train: 100.00%, Valid: 96.55%, Test: 96.78%, Best Valid: 97.25%, Best Test: 97.48%
Run 03:
Highest Train: 100.00
Highest Valid: 97.25
Highest Test: 97.57
Chosen epoch: 72
Final Train: 99.64
Final Test: 97.48
All runs:
Highest Train: 100.00 ± 0.00
Highest Test: 97.55 ± 0.05
Highest Valid: 97.24 ± 0.01
  Final Train: 99.60 ± 0.15
   Final Test: 97.51 ± 0.06
Saving results to results/coauthor-physics/MPNN_gcn.csv

Running with Pre-trained MLP Regularization (lambda=0.1)...
Namespace(bn=False, cpu=False, data_dir='./data/', dataset='coauthor-physics', device=0, display_step=100, dropout=0.3, epochs=1500, gnn='gcn', hidden_channels=64, jk=False, label_num_per_class=20, lambda_val=0.1, ln=True, local_layers=2, lr=0.001, metric='acc', mlp_epochs=500, mlp_reg=True, model='MPNN', model_dir='./model/', num_heads=1, pre_linear=False, pre_ln=False, rand_split=False, rand_split_class=False, reg_start_epoch=10, reg_update_freq=5, res=True, runs=3, save_model=False, seed=42, test_num=1000, train_prop=0.5, use_reg=True, valid_num=500, valid_prop=0.25, weight_decay=0.0005)
coauthor-physics
dataset coauthor-physics | num nodes 34493 | num edge 495924 | num node feats 8415 | num classes 5
MODEL: MPNNs(
  (h_lins): ModuleList()
  (local_convs): ModuleList(
    (0): GCNConv(8415, 64)
    (1): GCNConv(64, 64)
  )
  (lins): ModuleList(
    (0): Linear(in_features=8415, out_features=64, bias=True)
    (1): Linear(in_features=64, out_features=64, bias=True)
  )
  (lns): ModuleList(
    (0): LayerNorm((64,), eps=1e-05, elementwise_affine=True)
    (1): LayerNorm((64,), eps=1e-05, elementwise_affine=True)
  )
  (bns): ModuleList(
    (0): BatchNorm1d(64, eps=1e-05, momentum=0.1, affine=True, track_running_stats=True)
    (1): BatchNorm1d(64, eps=1e-05, momentum=0.1, affine=True, track_running_stats=True)
  )
  (lin_in): Linear(in_features=8415, out_features=64, bias=True)
  (pred_local): Linear(in_features=64, out_features=5, bias=True)
)
Pre-training MLP for 500 epochs to generate co-occurrence matrix...
MLP pre-training complete. Penalty matrix frozen.
Epoch: 00, Loss: 2.0825, Train: 17.23%, Valid: 17.22%, Test: 17.10%, Best Valid: 17.22%, Best Test: 17.10%
Epoch: 100, Loss: 0.0493, Train: 99.89%, Valid: 97.19%, Test: 97.57%, Best Valid: 97.26%, Best Test: 97.65%
Epoch: 200, Loss: 0.0161, Train: 99.99%, Valid: 96.81%, Test: 97.19%, Best Valid: 97.26%, Best Test: 97.65%
Epoch: 300, Loss: 0.0883, Train: 91.04%, Valid: 89.48%, Test: 89.75%, Best Valid: 97.26%, Best Test: 97.65%
Epoch: 400, Loss: 0.0095, Train: 100.00%, Valid: 96.90%, Test: 97.19%, Best Valid: 97.26%, Best Test: 97.65%
Epoch: 500, Loss: 0.0052, Train: 100.00%, Valid: 96.83%, Test: 96.93%, Best Valid: 97.26%, Best Test: 97.65%
Epoch: 600, Loss: 0.0041, Train: 100.00%, Valid: 96.69%, Test: 96.87%, Best Valid: 97.26%, Best Test: 97.65%
Epoch: 700, Loss: 0.0038, Train: 100.00%, Valid: 96.52%, Test: 96.80%, Best Valid: 97.26%, Best Test: 97.65%
Epoch: 800, Loss: 0.0034, Train: 100.00%, Valid: 96.58%, Test: 96.87%, Best Valid: 97.26%, Best Test: 97.65%
Epoch: 900, Loss: 0.0036, Train: 100.00%, Valid: 96.61%, Test: 96.84%, Best Valid: 97.26%, Best Test: 97.65%
Epoch: 1000, Loss: 0.0034, Train: 100.00%, Valid: 96.39%, Test: 96.75%, Best Valid: 97.26%, Best Test: 97.65%
Epoch: 1100, Loss: 0.0033, Train: 100.00%, Valid: 96.62%, Test: 96.83%, Best Valid: 97.26%, Best Test: 97.65%
Epoch: 1200, Loss: 0.0038, Train: 100.00%, Valid: 96.46%, Test: 96.71%, Best Valid: 97.26%, Best Test: 97.65%
Epoch: 1300, Loss: 0.0038, Train: 100.00%, Valid: 96.43%, Test: 96.68%, Best Valid: 97.26%, Best Test: 97.65%
Epoch: 1400, Loss: 0.0036, Train: 100.00%, Valid: 96.49%, Test: 96.87%, Best Valid: 97.26%, Best Test: 97.65%
Run 01:
Highest Train: 100.00
Highest Valid: 97.26
Highest Test: 97.65
Chosen epoch: 92
Final Train: 99.84
Final Test: 97.65
Pre-training MLP for 500 epochs to generate co-occurrence matrix...
MLP pre-training complete. Penalty matrix frozen.
Epoch: 00, Loss: 1.8079, Train: 50.24%, Valid: 51.91%, Test: 50.55%, Best Valid: 51.91%, Best Test: 50.55%
Epoch: 100, Loss: 0.0416, Train: 99.92%, Valid: 97.16%, Test: 97.42%, Best Valid: 97.26%, Best Test: 97.49%
Epoch: 200, Loss: 0.0127, Train: 100.00%, Valid: 96.90%, Test: 97.06%, Best Valid: 97.26%, Best Test: 97.49%
Epoch: 300, Loss: 0.0082, Train: 100.00%, Valid: 96.75%, Test: 96.87%, Best Valid: 97.26%, Best Test: 97.49%
Epoch: 400, Loss: 0.0059, Train: 100.00%, Valid: 96.56%, Test: 96.99%, Best Valid: 97.26%, Best Test: 97.49%
Epoch: 500, Loss: 0.0480, Train: 99.28%, Valid: 96.97%, Test: 97.41%, Best Valid: 97.26%, Best Test: 97.49%
Epoch: 600, Loss: 0.0131, Train: 99.98%, Valid: 96.85%, Test: 97.23%, Best Valid: 97.26%, Best Test: 97.49%
Epoch: 700, Loss: 0.0060, Train: 100.00%, Valid: 96.78%, Test: 97.06%, Best Valid: 97.26%, Best Test: 97.49%
Epoch: 800, Loss: 0.0042, Train: 100.00%, Valid: 96.80%, Test: 96.96%, Best Valid: 97.26%, Best Test: 97.49%
Epoch: 900, Loss: 0.0036, Train: 100.00%, Valid: 96.74%, Test: 96.93%, Best Valid: 97.26%, Best Test: 97.49%
Epoch: 1000, Loss: 0.0032, Train: 100.00%, Valid: 96.68%, Test: 96.86%, Best Valid: 97.26%, Best Test: 97.49%
Epoch: 1100, Loss: 0.0031, Train: 100.00%, Valid: 96.59%, Test: 96.86%, Best Valid: 97.26%, Best Test: 97.49%
Epoch: 1200, Loss: 0.0029, Train: 100.00%, Valid: 96.61%, Test: 96.80%, Best Valid: 97.26%, Best Test: 97.49%
Epoch: 1300, Loss: 0.0028, Train: 100.00%, Valid: 96.64%, Test: 96.88%, Best Valid: 97.26%, Best Test: 97.49%
Epoch: 1400, Loss: 0.0027, Train: 100.00%, Valid: 96.55%, Test: 96.77%, Best Valid: 97.26%, Best Test: 97.49%
Run 02:
Highest Train: 100.00
Highest Valid: 97.26
Highest Test: 97.57
Chosen epoch: 73
Final Train: 99.60
Final Test: 97.49
Pre-training MLP for 500 epochs to generate co-occurrence matrix...
MLP pre-training complete. Penalty matrix frozen.
Epoch: 00, Loss: 1.7546, Train: 50.19%, Valid: 51.86%, Test: 50.41%, Best Valid: 51.86%, Best Test: 50.41%
Epoch: 100, Loss: 0.0414, Train: 99.90%, Valid: 97.12%, Test: 97.36%, Best Valid: 97.20%, Best Test: 97.46%
Epoch: 200, Loss: 0.0130, Train: 100.00%, Valid: 96.78%, Test: 97.12%, Best Valid: 97.20%, Best Test: 97.46%
Epoch: 300, Loss: 0.0074, Train: 100.00%, Valid: 96.71%, Test: 96.93%, Best Valid: 97.20%, Best Test: 97.46%
Epoch: 400, Loss: 0.0055, Train: 100.00%, Valid: 96.59%, Test: 96.93%, Best Valid: 97.20%, Best Test: 97.46%
Epoch: 500, Loss: 0.0050, Train: 100.00%, Valid: 96.58%, Test: 96.86%, Best Valid: 97.20%, Best Test: 97.46%
Epoch: 600, Loss: 0.0426, Train: 99.42%, Valid: 96.96%, Test: 97.38%, Best Valid: 97.20%, Best Test: 97.46%
Epoch: 700, Loss: 0.0111, Train: 99.99%, Valid: 96.90%, Test: 97.20%, Best Valid: 97.20%, Best Test: 97.46%
Epoch: 800, Loss: 0.0056, Train: 100.00%, Valid: 96.80%, Test: 97.00%, Best Valid: 97.20%, Best Test: 97.46%
Epoch: 900, Loss: 0.0043, Train: 100.00%, Valid: 96.74%, Test: 96.90%, Best Valid: 97.20%, Best Test: 97.46%
Epoch: 1000, Loss: 0.0034, Train: 100.00%, Valid: 96.74%, Test: 96.90%, Best Valid: 97.20%, Best Test: 97.46%
Epoch: 1100, Loss: 0.0036, Train: 100.00%, Valid: 96.62%, Test: 96.87%, Best Valid: 97.20%, Best Test: 97.46%
Epoch: 1200, Loss: 0.0033, Train: 100.00%, Valid: 96.62%, Test: 96.80%, Best Valid: 97.20%, Best Test: 97.46%
Epoch: 1300, Loss: 0.0028, Train: 100.00%, Valid: 96.67%, Test: 96.94%, Best Valid: 97.20%, Best Test: 97.46%
Epoch: 1400, Loss: 0.0024, Train: 100.00%, Valid: 96.56%, Test: 96.87%, Best Valid: 97.20%, Best Test: 97.46%
Run 03:
Highest Train: 100.00
Highest Valid: 97.20
Highest Test: 97.55
Chosen epoch: 82
Final Train: 99.80
Final Test: 97.46
All runs:
Highest Train: 100.00 ± 0.00
Highest Test: 97.59 ± 0.05
Highest Valid: 97.24 ± 0.03
  Final Train: 99.75 ± 0.13
   Final Test: 97.54 ± 0.10
Saving results to results/coauthor-physics/MPNN_gcn.csv

Running with Pre-trained MLP Regularization (lambda=1.0)...
Namespace(bn=False, cpu=False, data_dir='./data/', dataset='coauthor-physics', device=0, display_step=100, dropout=0.3, epochs=1500, gnn='gcn', hidden_channels=64, jk=False, label_num_per_class=20, lambda_val=1.0, ln=True, local_layers=2, lr=0.001, metric='acc', mlp_epochs=500, mlp_reg=True, model='MPNN', model_dir='./model/', num_heads=1, pre_linear=False, pre_ln=False, rand_split=False, rand_split_class=False, reg_start_epoch=10, reg_update_freq=5, res=True, runs=3, save_model=False, seed=42, test_num=1000, train_prop=0.5, use_reg=True, valid_num=500, valid_prop=0.25, weight_decay=0.0005)
coauthor-physics
dataset coauthor-physics | num nodes 34493 | num edge 495924 | num node feats 8415 | num classes 5
MODEL: MPNNs(
  (h_lins): ModuleList()
  (local_convs): ModuleList(
    (0): GCNConv(8415, 64)
    (1): GCNConv(64, 64)
  )
  (lins): ModuleList(
    (0): Linear(in_features=8415, out_features=64, bias=True)
    (1): Linear(in_features=64, out_features=64, bias=True)
  )
  (lns): ModuleList(
    (0): LayerNorm((64,), eps=1e-05, elementwise_affine=True)
    (1): LayerNorm((64,), eps=1e-05, elementwise_affine=True)
  )
  (bns): ModuleList(
    (0): BatchNorm1d(64, eps=1e-05, momentum=0.1, affine=True, track_running_stats=True)
    (1): BatchNorm1d(64, eps=1e-05, momentum=0.1, affine=True, track_running_stats=True)
  )
  (lin_in): Linear(in_features=8415, out_features=64, bias=True)
  (pred_local): Linear(in_features=64, out_features=5, bias=True)
)
Pre-training MLP for 500 epochs to generate co-occurrence matrix...
MLP pre-training complete. Penalty matrix frozen.
Epoch: 00, Loss: 3.7863, Train: 14.82%, Valid: 14.50%, Test: 14.19%, Best Valid: 14.50%, Best Test: 14.19%
Epoch: 100, Loss: 0.1109, Train: 99.78%, Valid: 97.13%, Test: 97.45%, Best Valid: 97.20%, Best Test: 97.43%
Epoch: 200, Loss: 0.0340, Train: 99.99%, Valid: 96.98%, Test: 97.33%, Best Valid: 97.20%, Best Test: 97.43%
Epoch: 300, Loss: 0.0204, Train: 100.00%, Valid: 96.91%, Test: 97.17%, Best Valid: 97.20%, Best Test: 97.43%
Epoch: 400, Loss: 0.0161, Train: 100.00%, Valid: 96.97%, Test: 97.22%, Best Valid: 97.20%, Best Test: 97.43%
Epoch: 500, Loss: 0.0116, Train: 100.00%, Valid: 96.96%, Test: 97.17%, Best Valid: 97.20%, Best Test: 97.43%
Epoch: 600, Loss: 0.1040, Train: 99.24%, Valid: 96.91%, Test: 97.39%, Best Valid: 97.20%, Best Test: 97.43%
Epoch: 700, Loss: 0.0381, Train: 99.92%, Valid: 97.00%, Test: 97.36%, Best Valid: 97.20%, Best Test: 97.43%
Epoch: 800, Loss: 0.0191, Train: 99.99%, Valid: 96.96%, Test: 97.28%, Best Valid: 97.20%, Best Test: 97.43%
Epoch: 900, Loss: 0.0128, Train: 100.00%, Valid: 96.88%, Test: 97.23%, Best Valid: 97.20%, Best Test: 97.43%
Epoch: 1000, Loss: 0.0092, Train: 100.00%, Valid: 96.88%, Test: 97.22%, Best Valid: 97.20%, Best Test: 97.43%
Epoch: 1100, Loss: 0.0079, Train: 100.00%, Valid: 96.78%, Test: 97.16%, Best Valid: 97.20%, Best Test: 97.43%
Epoch: 1200, Loss: 0.0064, Train: 100.00%, Valid: 96.77%, Test: 97.12%, Best Valid: 97.20%, Best Test: 97.43%
Epoch: 1300, Loss: 0.0062, Train: 100.00%, Valid: 96.83%, Test: 97.03%, Best Valid: 97.20%, Best Test: 97.43%
Epoch: 1400, Loss: 0.0065, Train: 100.00%, Valid: 96.87%, Test: 97.07%, Best Valid: 97.20%, Best Test: 97.43%
Run 01:
Highest Train: 100.00
Highest Valid: 97.20
Highest Test: 97.52
Chosen epoch: 92
Final Train: 99.69
Final Test: 97.43
Pre-training MLP for 500 epochs to generate co-occurrence matrix...
MLP pre-training complete. Penalty matrix frozen.
Epoch: 00, Loss: 3.2871, Train: 50.24%, Valid: 51.91%, Test: 50.54%, Best Valid: 51.91%, Best Test: 50.54%
Epoch: 100, Loss: 0.1029, Train: 99.76%, Valid: 97.12%, Test: 97.41%, Best Valid: 97.16%, Best Test: 97.42%
Epoch: 200, Loss: 0.0296, Train: 99.99%, Valid: 97.06%, Test: 97.36%, Best Valid: 97.16%, Best Test: 97.42%
Epoch: 300, Loss: 0.0187, Train: 100.00%, Valid: 97.03%, Test: 97.28%, Best Valid: 97.16%, Best Test: 97.42%
Epoch: 400, Loss: 0.0140, Train: 100.00%, Valid: 96.78%, Test: 97.12%, Best Valid: 97.16%, Best Test: 97.42%
Epoch: 500, Loss: 0.0110, Train: 100.00%, Valid: 96.71%, Test: 97.13%, Best Valid: 97.16%, Best Test: 97.42%
Epoch: 600, Loss: 0.0091, Train: 100.00%, Valid: 96.87%, Test: 97.06%, Best Valid: 97.16%, Best Test: 97.42%
Epoch: 700, Loss: 0.0078, Train: 100.00%, Valid: 96.87%, Test: 97.12%, Best Valid: 97.16%, Best Test: 97.42%
Epoch: 800, Loss: 0.1308, Train: 98.79%, Valid: 96.84%, Test: 97.28%, Best Valid: 97.16%, Best Test: 97.42%
Epoch: 900, Loss: 0.0405, Train: 99.83%, Valid: 96.96%, Test: 97.25%, Best Valid: 97.16%, Best Test: 97.42%
Epoch: 1000, Loss: 0.0157, Train: 100.00%, Valid: 96.94%, Test: 97.17%, Best Valid: 97.16%, Best Test: 97.42%
Epoch: 1100, Loss: 0.0101, Train: 100.00%, Valid: 96.77%, Test: 97.10%, Best Valid: 97.16%, Best Test: 97.42%
Epoch: 1200, Loss: 0.0079, Train: 100.00%, Valid: 96.71%, Test: 97.06%, Best Valid: 97.16%, Best Test: 97.42%
Epoch: 1300, Loss: 0.0066, Train: 100.00%, Valid: 96.72%, Test: 96.90%, Best Valid: 97.16%, Best Test: 97.42%
Epoch: 1400, Loss: 0.0060, Train: 100.00%, Valid: 96.81%, Test: 96.88%, Best Valid: 97.16%, Best Test: 97.42%
Run 02:
Highest Train: 100.00
Highest Valid: 97.16
Highest Test: 97.45
Chosen epoch: 96
Final Train: 99.72
Final Test: 97.42
Pre-training MLP for 500 epochs to generate co-occurrence matrix...
MLP pre-training complete. Penalty matrix frozen.
Epoch: 00, Loss: 3.1902, Train: 50.16%, Valid: 51.78%, Test: 50.41%, Best Valid: 51.78%, Best Test: 50.41%
Epoch: 100, Loss: 0.1054, Train: 99.78%, Valid: 97.10%, Test: 97.41%, Best Valid: 97.20%, Best Test: 97.45%
Epoch: 200, Loss: 0.0299, Train: 99.99%, Valid: 97.06%, Test: 97.23%, Best Valid: 97.23%, Best Test: 97.32%
Epoch: 300, Loss: 0.0177, Train: 100.00%, Valid: 96.85%, Test: 97.26%, Best Valid: 97.23%, Best Test: 97.32%
Epoch: 400, Loss: 0.0140, Train: 100.00%, Valid: 96.78%, Test: 97.23%, Best Valid: 97.23%, Best Test: 97.32%
Epoch: 500, Loss: 0.0101, Train: 100.00%, Valid: 96.77%, Test: 97.13%, Best Valid: 97.23%, Best Test: 97.32%
Epoch: 600, Loss: 0.0885, Train: 99.34%, Valid: 97.03%, Test: 97.32%, Best Valid: 97.23%, Best Test: 97.32%
Epoch: 700, Loss: 0.0310, Train: 99.93%, Valid: 97.03%, Test: 97.36%, Best Valid: 97.23%, Best Test: 97.32%
Epoch: 800, Loss: 0.0149, Train: 100.00%, Valid: 96.90%, Test: 97.36%, Best Valid: 97.23%, Best Test: 97.32%
Epoch: 900, Loss: 0.0105, Train: 100.00%, Valid: 96.84%, Test: 97.25%, Best Valid: 97.23%, Best Test: 97.32%
Epoch: 1000, Loss: 0.0077, Train: 100.00%, Valid: 96.83%, Test: 97.14%, Best Valid: 97.23%, Best Test: 97.32%
Epoch: 1100, Loss: 0.0072, Train: 100.00%, Valid: 96.91%, Test: 97.14%, Best Valid: 97.23%, Best Test: 97.32%
Epoch: 1200, Loss: 0.0062, Train: 100.00%, Valid: 96.71%, Test: 97.13%, Best Valid: 97.23%, Best Test: 97.32%
Epoch: 1300, Loss: 0.0059, Train: 100.00%, Valid: 96.78%, Test: 97.07%, Best Valid: 97.23%, Best Test: 97.32%
Epoch: 1400, Loss: 0.0055, Train: 100.00%, Valid: 96.84%, Test: 97.09%, Best Valid: 97.23%, Best Test: 97.32%
Run 03:
Highest Train: 100.00
Highest Valid: 97.23
Highest Test: 97.48
Chosen epoch: 126
Final Train: 99.93
Final Test: 97.32
All runs:
Highest Train: 100.00 ± 0.00
Highest Test: 97.48 ± 0.04
Highest Valid: 97.20 ± 0.04
  Final Train: 99.78 ± 0.13
   Final Test: 97.39 ± 0.06
Saving results to results/coauthor-physics/MPNN_gcn.csv

Homophilic sweep completed!
==========================================================
Starting Homophilic MLP-Reg Sweep for:
python main.py --gnn sage --dataset coauthor-physics --hidden_channels 64  --epochs 1500 --lr 0.001 --runs 3 --local_layers 2 --weight_decay 5e-4 --dropout 0.7 --device 0 --bn --res
==========================================================
Running Baseline (REG: False)...
Namespace(bn=True, cpu=False, data_dir='./data/', dataset='coauthor-physics', device=0, display_step=100, dropout=0.7, epochs=1500, gnn='sage', hidden_channels=64, jk=False, label_num_per_class=20, lambda_val=0.5, ln=False, local_layers=2, lr=0.001, metric='acc', mlp_epochs=500, mlp_reg=False, model='MPNN', model_dir='./model/', num_heads=1, pre_linear=False, pre_ln=False, rand_split=False, rand_split_class=False, reg_start_epoch=10, reg_update_freq=5, res=True, runs=3, save_model=False, seed=42, test_num=1000, train_prop=0.5, use_reg=False, valid_num=500, valid_prop=0.25, weight_decay=0.0005)
coauthor-physics
dataset coauthor-physics | num nodes 34493 | num edge 495924 | num node feats 8415 | num classes 5
MODEL: MPNNs(
  (h_lins): ModuleList()
  (local_convs): ModuleList(
    (0): SAGEConv(8415, 64, aggr=mean)
    (1): SAGEConv(64, 64, aggr=mean)
  )
  (lins): ModuleList(
    (0): Linear(in_features=8415, out_features=64, bias=True)
    (1): Linear(in_features=64, out_features=64, bias=True)
  )
  (lns): ModuleList(
    (0): LayerNorm((64,), eps=1e-05, elementwise_affine=True)
    (1): LayerNorm((64,), eps=1e-05, elementwise_affine=True)
  )
  (bns): ModuleList(
    (0): BatchNorm1d(64, eps=1e-05, momentum=0.1, affine=True, track_running_stats=True)
    (1): BatchNorm1d(64, eps=1e-05, momentum=0.1, affine=True, track_running_stats=True)
  )
  (lin_in): Linear(in_features=8415, out_features=64, bias=True)
  (pred_local): Linear(in_features=64, out_features=5, bias=True)
)

Running with Pre-trained MLP Regularization (lambda=0.01)...
Namespace(bn=True, cpu=False, data_dir='./data/', dataset='coauthor-physics', device=0, display_step=100, dropout=0.7, epochs=1500, gnn='sage', hidden_channels=64, jk=False, label_num_per_class=20, lambda_val=0.01, ln=False, local_layers=2, lr=0.001, metric='acc', mlp_epochs=500, mlp_reg=True, model='MPNN', model_dir='./model/', num_heads=1, pre_linear=False, pre_ln=False, rand_split=False, rand_split_class=False, reg_start_epoch=10, reg_update_freq=5, res=True, runs=3, save_model=False, seed=42, test_num=1000, train_prop=0.5, use_reg=True, valid_num=500, valid_prop=0.25, weight_decay=0.0005)
coauthor-physics
dataset coauthor-physics | num nodes 34493 | num edge 495924 | num node feats 8415 | num classes 5
MODEL: MPNNs(
  (h_lins): ModuleList()
  (local_convs): ModuleList(
    (0): SAGEConv(8415, 64, aggr=mean)
    (1): SAGEConv(64, 64, aggr=mean)
  )
  (lins): ModuleList(
    (0): Linear(in_features=8415, out_features=64, bias=True)
    (1): Linear(in_features=64, out_features=64, bias=True)
  )
  (lns): ModuleList(
    (0): LayerNorm((64,), eps=1e-05, elementwise_affine=True)
    (1): LayerNorm((64,), eps=1e-05, elementwise_affine=True)
  )
  (bns): ModuleList(
    (0): BatchNorm1d(64, eps=1e-05, momentum=0.1, affine=True, track_running_stats=True)
    (1): BatchNorm1d(64, eps=1e-05, momentum=0.1, affine=True, track_running_stats=True)
  )
  (lin_in): Linear(in_features=8415, out_features=64, bias=True)
  (pred_local): Linear(in_features=64, out_features=5, bias=True)
)
Pre-training MLP for 500 epochs to generate co-occurrence matrix...
MLP pre-training complete. Penalty matrix frozen.

Running with Pre-trained MLP Regularization (lambda=0.1)...
Namespace(bn=True, cpu=False, data_dir='./data/', dataset='coauthor-physics', device=0, display_step=100, dropout=0.7, epochs=1500, gnn='sage', hidden_channels=64, jk=False, label_num_per_class=20, lambda_val=0.1, ln=False, local_layers=2, lr=0.001, metric='acc', mlp_epochs=500, mlp_reg=True, model='MPNN', model_dir='./model/', num_heads=1, pre_linear=False, pre_ln=False, rand_split=False, rand_split_class=False, reg_start_epoch=10, reg_update_freq=5, res=True, runs=3, save_model=False, seed=42, test_num=1000, train_prop=0.5, use_reg=True, valid_num=500, valid_prop=0.25, weight_decay=0.0005)
coauthor-physics
dataset coauthor-physics | num nodes 34493 | num edge 495924 | num node feats 8415 | num classes 5
MODEL: MPNNs(
  (h_lins): ModuleList()
  (local_convs): ModuleList(
    (0): SAGEConv(8415, 64, aggr=mean)
    (1): SAGEConv(64, 64, aggr=mean)
  )
  (lins): ModuleList(
    (0): Linear(in_features=8415, out_features=64, bias=True)
    (1): Linear(in_features=64, out_features=64, bias=True)
  )
  (lns): ModuleList(
    (0): LayerNorm((64,), eps=1e-05, elementwise_affine=True)
    (1): LayerNorm((64,), eps=1e-05, elementwise_affine=True)
  )
  (bns): ModuleList(
    (0): BatchNorm1d(64, eps=1e-05, momentum=0.1, affine=True, track_running_stats=True)
    (1): BatchNorm1d(64, eps=1e-05, momentum=0.1, affine=True, track_running_stats=True)
  )
  (lin_in): Linear(in_features=8415, out_features=64, bias=True)
  (pred_local): Linear(in_features=64, out_features=5, bias=True)
)
Pre-training MLP for 500 epochs to generate co-occurrence matrix...
MLP pre-training complete. Penalty matrix frozen.

Running with Pre-trained MLP Regularization (lambda=1.0)...
Namespace(bn=True, cpu=False, data_dir='./data/', dataset='coauthor-physics', device=0, display_step=100, dropout=0.7, epochs=1500, gnn='sage', hidden_channels=64, jk=False, label_num_per_class=20, lambda_val=1.0, ln=False, local_layers=2, lr=0.001, metric='acc', mlp_epochs=500, mlp_reg=True, model='MPNN', model_dir='./model/', num_heads=1, pre_linear=False, pre_ln=False, rand_split=False, rand_split_class=False, reg_start_epoch=10, reg_update_freq=5, res=True, runs=3, save_model=False, seed=42, test_num=1000, train_prop=0.5, use_reg=True, valid_num=500, valid_prop=0.25, weight_decay=0.0005)
coauthor-physics
dataset coauthor-physics | num nodes 34493 | num edge 495924 | num node feats 8415 | num classes 5
MODEL: MPNNs(
  (h_lins): ModuleList()
  (local_convs): ModuleList(
    (0): SAGEConv(8415, 64, aggr=mean)
    (1): SAGEConv(64, 64, aggr=mean)
  )
  (lins): ModuleList(
    (0): Linear(in_features=8415, out_features=64, bias=True)
    (1): Linear(in_features=64, out_features=64, bias=True)
  )
  (lns): ModuleList(
    (0): LayerNorm((64,), eps=1e-05, elementwise_affine=True)
    (1): LayerNorm((64,), eps=1e-05, elementwise_affine=True)
  )
  (bns): ModuleList(
    (0): BatchNorm1d(64, eps=1e-05, momentum=0.1, affine=True, track_running_stats=True)
    (1): BatchNorm1d(64, eps=1e-05, momentum=0.1, affine=True, track_running_stats=True)
  )
  (lin_in): Linear(in_features=8415, out_features=64, bias=True)
  (pred_local): Linear(in_features=64, out_features=5, bias=True)
)
Pre-training MLP for 500 epochs to generate co-occurrence matrix...
MLP pre-training complete. Penalty matrix frozen.

Homophilic sweep completed!
==========================================================
Starting Homophilic MLP-Reg Sweep for:
python main.py --gnn gat  --dataset coauthor-physics --hidden_channels 256 --epochs 1500 --lr 0.001 --runs 3 --local_layers 2 --weight_decay 5e-4 --dropout 0.7 --device 0 --bn --res
==========================================================
Running Baseline (REG: False)...
Namespace(bn=True, cpu=False, data_dir='./data/', dataset='coauthor-physics', device=0, display_step=100, dropout=0.7, epochs=1500, gnn='gat', hidden_channels=256, jk=False, label_num_per_class=20, lambda_val=0.5, ln=False, local_layers=2, lr=0.001, metric='acc', mlp_epochs=500, mlp_reg=False, model='MPNN', model_dir='./model/', num_heads=1, pre_linear=False, pre_ln=False, rand_split=False, rand_split_class=False, reg_start_epoch=10, reg_update_freq=5, res=True, runs=3, save_model=False, seed=42, test_num=1000, train_prop=0.5, use_reg=False, valid_num=500, valid_prop=0.25, weight_decay=0.0005)
coauthor-physics
dataset coauthor-physics | num nodes 34493 | num edge 495924 | num node feats 8415 | num classes 5
MODEL: MPNNs(
  (h_lins): ModuleList()
  (local_convs): ModuleList(
    (0): GATConv(8415, 256, heads=1)
    (1): GATConv(256, 256, heads=1)
  )
  (lins): ModuleList(
    (0): Linear(in_features=8415, out_features=256, bias=True)
    (1): Linear(in_features=256, out_features=256, bias=True)
  )
  (lns): ModuleList(
    (0): LayerNorm((256,), eps=1e-05, elementwise_affine=True)
    (1): LayerNorm((256,), eps=1e-05, elementwise_affine=True)
  )
  (bns): ModuleList(
    (0): BatchNorm1d(256, eps=1e-05, momentum=0.1, affine=True, track_running_stats=True)
    (1): BatchNorm1d(256, eps=1e-05, momentum=0.1, affine=True, track_running_stats=True)
  )
  (lin_in): Linear(in_features=8415, out_features=256, bias=True)
  (pred_local): Linear(in_features=256, out_features=5, bias=True)
)
Epoch: 00, Loss: 1.9469, Train: 16.90%, Valid: 15.92%, Test: 16.72%, Best Valid: 15.92%, Best Test: 16.72%
Epoch: 100, Loss: 0.0197, Train: 99.86%, Valid: 97.13%, Test: 97.16%, Best Valid: 97.13%, Best Test: 97.07%
Epoch: 200, Loss: 0.0074, Train: 100.00%, Valid: 96.97%, Test: 97.16%, Best Valid: 97.13%, Best Test: 97.07%
Epoch: 300, Loss: 0.0060, Train: 100.00%, Valid: 96.81%, Test: 97.00%, Best Valid: 97.13%, Best Test: 97.07%
Epoch: 400, Loss: 0.0042, Train: 100.00%, Valid: 96.67%, Test: 97.06%, Best Valid: 97.13%, Best Test: 97.07%
Epoch: 500, Loss: 0.0045, Train: 100.00%, Valid: 96.74%, Test: 97.03%, Best Valid: 97.13%, Best Test: 97.07%
Epoch: 600, Loss: 0.0041, Train: 100.00%, Valid: 96.81%, Test: 97.03%, Best Valid: 97.13%, Best Test: 97.07%
Epoch: 700, Loss: 0.0051, Train: 100.00%, Valid: 96.88%, Test: 96.99%, Best Valid: 97.13%, Best Test: 97.07%
Epoch: 800, Loss: 0.0051, Train: 100.00%, Valid: 96.84%, Test: 96.94%, Best Valid: 97.13%, Best Test: 97.07%
Epoch: 900, Loss: 0.0047, Train: 100.00%, Valid: 96.81%, Test: 96.87%, Best Valid: 97.13%, Best Test: 97.07%
Epoch: 1000, Loss: 0.0048, Train: 100.00%, Valid: 96.71%, Test: 97.20%, Best Valid: 97.13%, Best Test: 97.07%
Epoch: 1100, Loss: 0.0052, Train: 100.00%, Valid: 96.98%, Test: 96.91%, Best Valid: 97.13%, Best Test: 97.07%
Epoch: 1200, Loss: 0.0052, Train: 100.00%, Valid: 97.04%, Test: 96.91%, Best Valid: 97.13%, Best Test: 97.07%
Epoch: 1300, Loss: 0.0056, Train: 100.00%, Valid: 96.90%, Test: 97.04%, Best Valid: 97.13%, Best Test: 97.07%
Epoch: 1400, Loss: 0.0048, Train: 100.00%, Valid: 96.77%, Test: 97.06%, Best Valid: 97.13%, Best Test: 97.07%
Run 01:
Highest Train: 100.00
Highest Valid: 97.13
Highest Test: 97.43
Chosen epoch: 97
Final Train: 99.74
Final Test: 97.07
Epoch: 00, Loss: 1.7844, Train: 14.82%, Valid: 14.50%, Test: 14.19%, Best Valid: 14.50%, Best Test: 14.19%
Epoch: 100, Loss: 0.0180, Train: 99.92%, Valid: 97.09%, Test: 97.22%, Best Valid: 97.10%, Best Test: 97.14%
Epoch: 200, Loss: 0.0070, Train: 100.00%, Valid: 96.83%, Test: 97.12%, Best Valid: 97.12%, Best Test: 97.25%
Epoch: 300, Loss: 0.0054, Train: 100.00%, Valid: 96.46%, Test: 96.99%, Best Valid: 97.12%, Best Test: 97.25%
Epoch: 400, Loss: 0.0049, Train: 100.00%, Valid: 96.74%, Test: 96.99%, Best Valid: 97.12%, Best Test: 97.25%
Epoch: 500, Loss: 0.0048, Train: 100.00%, Valid: 96.74%, Test: 96.99%, Best Valid: 97.12%, Best Test: 97.25%
Epoch: 600, Loss: 0.0047, Train: 100.00%, Valid: 96.88%, Test: 97.10%, Best Valid: 97.12%, Best Test: 97.25%
Epoch: 700, Loss: 0.0053, Train: 100.00%, Valid: 96.75%, Test: 96.97%, Best Valid: 97.12%, Best Test: 97.25%
Epoch: 800, Loss: 0.0045, Train: 100.00%, Valid: 96.88%, Test: 97.09%, Best Valid: 97.12%, Best Test: 97.25%
Epoch: 900, Loss: 0.0049, Train: 100.00%, Valid: 96.78%, Test: 97.06%, Best Valid: 97.12%, Best Test: 97.25%
Epoch: 1000, Loss: 0.0047, Train: 100.00%, Valid: 96.88%, Test: 97.07%, Best Valid: 97.12%, Best Test: 97.25%
Epoch: 1100, Loss: 0.0051, Train: 100.00%, Valid: 96.80%, Test: 96.93%, Best Valid: 97.12%, Best Test: 97.25%
Epoch: 1200, Loss: 0.0052, Train: 100.00%, Valid: 96.93%, Test: 97.06%, Best Valid: 97.12%, Best Test: 97.25%
Epoch: 1300, Loss: 0.0062, Train: 100.00%, Valid: 96.83%, Test: 97.07%, Best Valid: 97.12%, Best Test: 97.25%
Epoch: 1400, Loss: 0.0053, Train: 100.00%, Valid: 96.75%, Test: 97.03%, Best Valid: 97.12%, Best Test: 97.25%
Run 02:
Highest Train: 100.00
Highest Valid: 97.12
Highest Test: 97.29
Chosen epoch: 102
Final Train: 99.93
Final Test: 97.25
Epoch: 00, Loss: 1.8285, Train: 7.92%, Valid: 7.94%, Test: 8.19%, Best Valid: 7.94%, Best Test: 8.19%
Epoch: 100, Loss: 0.0195, Train: 99.89%, Valid: 97.06%, Test: 97.32%, Best Valid: 97.13%, Best Test: 97.23%
Epoch: 200, Loss: 0.0073, Train: 100.00%, Valid: 96.77%, Test: 97.09%, Best Valid: 97.17%, Best Test: 97.26%
Epoch: 300, Loss: 0.0060, Train: 100.00%, Valid: 96.74%, Test: 97.00%, Best Valid: 97.17%, Best Test: 97.26%
Epoch: 400, Loss: 0.0053, Train: 100.00%, Valid: 96.77%, Test: 97.06%, Best Valid: 97.17%, Best Test: 97.26%
Epoch: 500, Loss: 0.0052, Train: 100.00%, Valid: 96.72%, Test: 97.12%, Best Valid: 97.17%, Best Test: 97.26%
Epoch: 600, Loss: 0.0046, Train: 100.00%, Valid: 96.81%, Test: 97.03%, Best Valid: 97.17%, Best Test: 97.26%
Epoch: 700, Loss: 0.0043, Train: 100.00%, Valid: 96.81%, Test: 96.97%, Best Valid: 97.17%, Best Test: 97.26%
Epoch: 800, Loss: 0.0051, Train: 100.00%, Valid: 96.85%, Test: 96.99%, Best Valid: 97.17%, Best Test: 97.26%
Epoch: 900, Loss: 0.0045, Train: 100.00%, Valid: 96.91%, Test: 97.03%, Best Valid: 97.17%, Best Test: 97.26%
Epoch: 1000, Loss: 0.0050, Train: 100.00%, Valid: 97.01%, Test: 97.06%, Best Valid: 97.17%, Best Test: 97.26%
Epoch: 1100, Loss: 0.0055, Train: 100.00%, Valid: 96.90%, Test: 97.00%, Best Valid: 97.17%, Best Test: 97.26%
Epoch: 1200, Loss: 0.0046, Train: 100.00%, Valid: 96.78%, Test: 97.09%, Best Valid: 97.17%, Best Test: 97.26%
Epoch: 1300, Loss: 0.0044, Train: 100.00%, Valid: 96.88%, Test: 96.93%, Best Valid: 97.17%, Best Test: 97.26%
Epoch: 1400, Loss: 0.0044, Train: 100.00%, Valid: 96.80%, Test: 97.10%, Best Valid: 97.17%, Best Test: 97.26%
Run 03:
Highest Train: 100.00
Highest Valid: 97.17
Highest Test: 97.33
Chosen epoch: 106
Final Train: 99.95
Final Test: 97.26
All runs:
Highest Train: 100.00 ± 0.00
Highest Test: 97.35 ± 0.07
Highest Valid: 97.14 ± 0.03
  Final Train: 99.87 ± 0.11
   Final Test: 97.19 ± 0.10
Saving results to results/coauthor-physics/MPNN_gat.csv

Running with Pre-trained MLP Regularization (lambda=0.01)...
Namespace(bn=True, cpu=False, data_dir='./data/', dataset='coauthor-physics', device=0, display_step=100, dropout=0.7, epochs=1500, gnn='gat', hidden_channels=256, jk=False, label_num_per_class=20, lambda_val=0.01, ln=False, local_layers=2, lr=0.001, metric='acc', mlp_epochs=500, mlp_reg=True, model='MPNN', model_dir='./model/', num_heads=1, pre_linear=False, pre_ln=False, rand_split=False, rand_split_class=False, reg_start_epoch=10, reg_update_freq=5, res=True, runs=3, save_model=False, seed=42, test_num=1000, train_prop=0.5, use_reg=True, valid_num=500, valid_prop=0.25, weight_decay=0.0005)
coauthor-physics
dataset coauthor-physics | num nodes 34493 | num edge 495924 | num node feats 8415 | num classes 5
MODEL: MPNNs(
  (h_lins): ModuleList()
  (local_convs): ModuleList(
    (0): GATConv(8415, 256, heads=1)
    (1): GATConv(256, 256, heads=1)
  )
  (lins): ModuleList(
    (0): Linear(in_features=8415, out_features=256, bias=True)
    (1): Linear(in_features=256, out_features=256, bias=True)
  )
  (lns): ModuleList(
    (0): LayerNorm((256,), eps=1e-05, elementwise_affine=True)
    (1): LayerNorm((256,), eps=1e-05, elementwise_affine=True)
  )
  (bns): ModuleList(
    (0): BatchNorm1d(256, eps=1e-05, momentum=0.1, affine=True, track_running_stats=True)
    (1): BatchNorm1d(256, eps=1e-05, momentum=0.1, affine=True, track_running_stats=True)
  )
  (lin_in): Linear(in_features=8415, out_features=256, bias=True)
  (pred_local): Linear(in_features=256, out_features=5, bias=True)
)
Pre-training MLP for 500 epochs to generate co-occurrence matrix...
MLP pre-training complete. Penalty matrix frozen.
Epoch: 00, Loss: 1.9619, Train: 16.90%, Valid: 15.92%, Test: 16.72%, Best Valid: 15.92%, Best Test: 16.72%
Epoch: 100, Loss: 0.0196, Train: 99.86%, Valid: 97.00%, Test: 97.19%, Best Valid: 97.00%, Best Test: 97.17%
Epoch: 200, Loss: 0.0075, Train: 100.00%, Valid: 96.83%, Test: 97.14%, Best Valid: 97.07%, Best Test: 97.26%
Epoch: 300, Loss: 0.0058, Train: 100.00%, Valid: 96.81%, Test: 97.03%, Best Valid: 97.07%, Best Test: 97.26%
Epoch: 400, Loss: 0.0054, Train: 100.00%, Valid: 96.69%, Test: 97.01%, Best Valid: 97.07%, Best Test: 97.26%
Epoch: 500, Loss: 0.0048, Train: 100.00%, Valid: 96.62%, Test: 97.00%, Best Valid: 97.07%, Best Test: 97.26%
Epoch: 600, Loss: 0.0048, Train: 100.00%, Valid: 96.74%, Test: 96.93%, Best Valid: 97.07%, Best Test: 97.26%
Epoch: 700, Loss: 0.0046, Train: 100.00%, Valid: 96.72%, Test: 97.23%, Best Valid: 97.07%, Best Test: 97.26%
Epoch: 800, Loss: 0.0049, Train: 100.00%, Valid: 96.77%, Test: 97.12%, Best Valid: 97.07%, Best Test: 97.26%
Epoch: 900, Loss: 0.0050, Train: 100.00%, Valid: 96.78%, Test: 97.07%, Best Valid: 97.07%, Best Test: 97.26%
Epoch: 1000, Loss: 0.0048, Train: 100.00%, Valid: 96.77%, Test: 97.12%, Best Valid: 97.07%, Best Test: 97.26%
Epoch: 1100, Loss: 0.0058, Train: 100.00%, Valid: 96.78%, Test: 97.23%, Best Valid: 97.07%, Best Test: 97.26%
Epoch: 1200, Loss: 0.0047, Train: 100.00%, Valid: 96.83%, Test: 96.94%, Best Valid: 97.07%, Best Test: 97.26%
Epoch: 1300, Loss: 0.0046, Train: 100.00%, Valid: 96.94%, Test: 97.03%, Best Valid: 97.07%, Best Test: 97.26%
Epoch: 1400, Loss: 0.0056, Train: 100.00%, Valid: 96.81%, Test: 96.93%, Best Valid: 97.07%, Best Test: 97.26%
Run 01:
Highest Train: 100.00
Highest Valid: 97.07
Highest Test: 97.35
Chosen epoch: 104
Final Train: 99.93
Final Test: 97.26
Pre-training MLP for 500 epochs to generate co-occurrence matrix...
MLP pre-training complete. Penalty matrix frozen.
Epoch: 00, Loss: 1.8940, Train: 10.22%, Valid: 9.86%, Test: 10.49%, Best Valid: 9.86%, Best Test: 10.49%
Epoch: 100, Loss: 0.0203, Train: 99.85%, Valid: 97.09%, Test: 97.19%, Best Valid: 97.09%, Best Test: 97.19%
Epoch: 200, Loss: 0.0074, Train: 100.00%, Valid: 96.83%, Test: 97.22%, Best Valid: 97.13%, Best Test: 97.26%
Epoch: 300, Loss: 0.0053, Train: 100.00%, Valid: 96.64%, Test: 96.90%, Best Valid: 97.13%, Best Test: 97.26%
Epoch: 400, Loss: 0.0049, Train: 100.00%, Valid: 96.87%, Test: 96.97%, Best Valid: 97.13%, Best Test: 97.26%
Epoch: 500, Loss: 0.0047, Train: 100.00%, Valid: 96.68%, Test: 97.06%, Best Valid: 97.13%, Best Test: 97.26%
Epoch: 600, Loss: 0.0046, Train: 100.00%, Valid: 96.65%, Test: 96.86%, Best Valid: 97.13%, Best Test: 97.26%
Epoch: 700, Loss: 0.0049, Train: 100.00%, Valid: 96.80%, Test: 97.04%, Best Valid: 97.13%, Best Test: 97.26%
Epoch: 800, Loss: 0.0043, Train: 100.00%, Valid: 96.65%, Test: 96.93%, Best Valid: 97.13%, Best Test: 97.26%
Epoch: 900, Loss: 0.0050, Train: 100.00%, Valid: 96.96%, Test: 97.09%, Best Valid: 97.13%, Best Test: 97.26%
Epoch: 1000, Loss: 0.0057, Train: 100.00%, Valid: 96.69%, Test: 97.00%, Best Valid: 97.13%, Best Test: 97.26%
Epoch: 1100, Loss: 0.0052, Train: 100.00%, Valid: 96.67%, Test: 96.94%, Best Valid: 97.13%, Best Test: 97.26%
Epoch: 1200, Loss: 0.0046, Train: 100.00%, Valid: 96.88%, Test: 96.90%, Best Valid: 97.13%, Best Test: 97.26%
Epoch: 1300, Loss: 0.0047, Train: 100.00%, Valid: 96.83%, Test: 97.03%, Best Valid: 97.13%, Best Test: 97.26%
Epoch: 1400, Loss: 0.0046, Train: 100.00%, Valid: 96.85%, Test: 97.07%, Best Valid: 97.13%, Best Test: 97.26%
Run 02:
Highest Train: 100.00
Highest Valid: 97.13
Highest Test: 97.30
Chosen epoch: 109
Final Train: 99.96
Final Test: 97.26
Pre-training MLP for 500 epochs to generate co-occurrence matrix...
MLP pre-training complete. Penalty matrix frozen.
Epoch: 00, Loss: 1.7849, Train: 17.44%, Valid: 17.11%, Test: 18.10%, Best Valid: 17.11%, Best Test: 18.10%
Epoch: 100, Loss: 0.0179, Train: 99.89%, Valid: 97.14%, Test: 97.22%, Best Valid: 97.17%, Best Test: 97.19%
Epoch: 200, Loss: 0.0074, Train: 100.00%, Valid: 96.85%, Test: 97.20%, Best Valid: 97.19%, Best Test: 97.20%
Epoch: 300, Loss: 0.0064, Train: 100.00%, Valid: 96.62%, Test: 97.12%, Best Valid: 97.19%, Best Test: 97.20%
Epoch: 400, Loss: 0.0053, Train: 100.00%, Valid: 96.77%, Test: 97.00%, Best Valid: 97.19%, Best Test: 97.20%
Epoch: 500, Loss: 0.0050, Train: 100.00%, Valid: 96.78%, Test: 97.03%, Best Valid: 97.19%, Best Test: 97.20%
Epoch: 600, Loss: 0.0048, Train: 100.00%, Valid: 96.77%, Test: 97.00%, Best Valid: 97.19%, Best Test: 97.20%
Epoch: 700, Loss: 0.0058, Train: 100.00%, Valid: 96.77%, Test: 96.99%, Best Valid: 97.19%, Best Test: 97.20%
Epoch: 800, Loss: 0.0055, Train: 100.00%, Valid: 96.68%, Test: 97.09%, Best Valid: 97.19%, Best Test: 97.20%
Epoch: 900, Loss: 0.0046, Train: 100.00%, Valid: 96.85%, Test: 96.99%, Best Valid: 97.19%, Best Test: 97.20%
Epoch: 1000, Loss: 0.0044, Train: 100.00%, Valid: 96.87%, Test: 97.12%, Best Valid: 97.19%, Best Test: 97.20%
Epoch: 1100, Loss: 0.0056, Train: 100.00%, Valid: 96.69%, Test: 96.94%, Best Valid: 97.19%, Best Test: 97.20%
Epoch: 1200, Loss: 0.0049, Train: 100.00%, Valid: 96.65%, Test: 96.88%, Best Valid: 97.19%, Best Test: 97.20%
Epoch: 1300, Loss: 0.0050, Train: 100.00%, Valid: 96.96%, Test: 96.97%, Best Valid: 97.19%, Best Test: 97.20%
Epoch: 1400, Loss: 0.0049, Train: 100.00%, Valid: 96.62%, Test: 96.91%, Best Valid: 97.19%, Best Test: 97.20%
Run 03:
Highest Train: 100.00
Highest Valid: 97.19
Highest Test: 97.36
Chosen epoch: 104
Final Train: 99.96
Final Test: 97.20
All runs:
Highest Train: 100.00 ± 0.00
Highest Test: 97.34 ± 0.03
Highest Valid: 97.13 ± 0.06
  Final Train: 99.95 ± 0.01
   Final Test: 97.24 ± 0.03
Saving results to results/coauthor-physics/MPNN_gat.csv

Running with Pre-trained MLP Regularization (lambda=0.1)...
Namespace(bn=True, cpu=False, data_dir='./data/', dataset='coauthor-physics', device=0, display_step=100, dropout=0.7, epochs=1500, gnn='gat', hidden_channels=256, jk=False, label_num_per_class=20, lambda_val=0.1, ln=False, local_layers=2, lr=0.001, metric='acc', mlp_epochs=500, mlp_reg=True, model='MPNN', model_dir='./model/', num_heads=1, pre_linear=False, pre_ln=False, rand_split=False, rand_split_class=False, reg_start_epoch=10, reg_update_freq=5, res=True, runs=3, save_model=False, seed=42, test_num=1000, train_prop=0.5, use_reg=True, valid_num=500, valid_prop=0.25, weight_decay=0.0005)
coauthor-physics
dataset coauthor-physics | num nodes 34493 | num edge 495924 | num node feats 8415 | num classes 5
MODEL: MPNNs(
  (h_lins): ModuleList()
  (local_convs): ModuleList(
    (0): GATConv(8415, 256, heads=1)
    (1): GATConv(256, 256, heads=1)
  )
  (lins): ModuleList(
    (0): Linear(in_features=8415, out_features=256, bias=True)
    (1): Linear(in_features=256, out_features=256, bias=True)
  )
  (lns): ModuleList(
    (0): LayerNorm((256,), eps=1e-05, elementwise_affine=True)
    (1): LayerNorm((256,), eps=1e-05, elementwise_affine=True)
  )
  (bns): ModuleList(
    (0): BatchNorm1d(256, eps=1e-05, momentum=0.1, affine=True, track_running_stats=True)
    (1): BatchNorm1d(256, eps=1e-05, momentum=0.1, affine=True, track_running_stats=True)
  )
  (lin_in): Linear(in_features=8415, out_features=256, bias=True)
  (pred_local): Linear(in_features=256, out_features=5, bias=True)
)
Pre-training MLP for 500 epochs to generate co-occurrence matrix...
MLP pre-training complete. Penalty matrix frozen.
Epoch: 00, Loss: 2.1367, Train: 16.90%, Valid: 15.92%, Test: 16.72%, Best Valid: 15.92%, Best Test: 16.72%
Epoch: 100, Loss: 0.0231, Train: 99.85%, Valid: 97.04%, Test: 97.19%, Best Valid: 97.06%, Best Test: 97.16%
Epoch: 200, Loss: 0.0084, Train: 100.00%, Valid: 96.85%, Test: 97.19%, Best Valid: 97.09%, Best Test: 97.28%
Epoch: 300, Loss: 0.0066, Train: 100.00%, Valid: 96.72%, Test: 97.10%, Best Valid: 97.09%, Best Test: 97.28%
Epoch: 400, Loss: 0.0054, Train: 100.00%, Valid: 96.58%, Test: 97.06%, Best Valid: 97.09%, Best Test: 97.28%
Epoch: 500, Loss: 0.0053, Train: 100.00%, Valid: 96.78%, Test: 97.07%, Best Valid: 97.09%, Best Test: 97.28%
Epoch: 600, Loss: 0.0052, Train: 100.00%, Valid: 96.68%, Test: 97.01%, Best Valid: 97.09%, Best Test: 97.28%
Epoch: 700, Loss: 0.0044, Train: 100.00%, Valid: 96.80%, Test: 97.07%, Best Valid: 97.09%, Best Test: 97.28%
Epoch: 800, Loss: 0.0055, Train: 100.00%, Valid: 96.72%, Test: 97.32%, Best Valid: 97.09%, Best Test: 97.28%
Epoch: 900, Loss: 0.0058, Train: 100.00%, Valid: 96.90%, Test: 97.09%, Best Valid: 97.09%, Best Test: 97.28%
Epoch: 1000, Loss: 0.0058, Train: 100.00%, Valid: 96.75%, Test: 97.06%, Best Valid: 97.09%, Best Test: 97.28%
Epoch: 1100, Loss: 0.0057, Train: 100.00%, Valid: 96.94%, Test: 96.86%, Best Valid: 97.09%, Best Test: 97.28%
Epoch: 1200, Loss: 0.0059, Train: 100.00%, Valid: 96.78%, Test: 97.01%, Best Valid: 97.09%, Best Test: 97.28%
Epoch: 1300, Loss: 0.0058, Train: 100.00%, Valid: 96.74%, Test: 97.09%, Best Valid: 97.09%, Best Test: 97.28%
Epoch: 1400, Loss: 0.0054, Train: 100.00%, Valid: 96.78%, Test: 97.07%, Best Valid: 97.09%, Best Test: 97.28%
Run 01:
Highest Train: 100.00
Highest Valid: 97.09
Highest Test: 97.38
Chosen epoch: 103
Final Train: 99.91
Final Test: 97.28
Pre-training MLP for 500 epochs to generate co-occurrence matrix...
MLP pre-training complete. Penalty matrix frozen.
Epoch: 00, Loss: 2.0627, Train: 10.22%, Valid: 9.86%, Test: 10.49%, Best Valid: 9.86%, Best Test: 10.49%
Epoch: 100, Loss: 0.0238, Train: 99.83%, Valid: 97.07%, Test: 97.14%, Best Valid: 97.07%, Best Test: 97.14%
Epoch: 200, Loss: 0.0083, Train: 100.00%, Valid: 96.85%, Test: 97.29%, Best Valid: 97.16%, Best Test: 97.28%
Epoch: 300, Loss: 0.0055, Train: 100.00%, Valid: 96.78%, Test: 97.00%, Best Valid: 97.16%, Best Test: 97.28%
Epoch: 400, Loss: 0.0050, Train: 100.00%, Valid: 96.90%, Test: 97.01%, Best Valid: 97.16%, Best Test: 97.28%
Epoch: 500, Loss: 0.0054, Train: 100.00%, Valid: 96.71%, Test: 97.03%, Best Valid: 97.16%, Best Test: 97.28%
Epoch: 600, Loss: 0.0049, Train: 100.00%, Valid: 96.75%, Test: 97.04%, Best Valid: 97.16%, Best Test: 97.28%
Epoch: 700, Loss: 0.0054, Train: 100.00%, Valid: 96.77%, Test: 97.28%, Best Valid: 97.16%, Best Test: 97.28%
Epoch: 800, Loss: 0.0050, Train: 100.00%, Valid: 96.87%, Test: 97.12%, Best Valid: 97.16%, Best Test: 97.28%
Epoch: 900, Loss: 0.0056, Train: 100.00%, Valid: 96.88%, Test: 97.07%, Best Valid: 97.16%, Best Test: 97.28%
Epoch: 1000, Loss: 0.0057, Train: 100.00%, Valid: 96.78%, Test: 97.00%, Best Valid: 97.16%, Best Test: 97.28%
Epoch: 1100, Loss: 0.0055, Train: 100.00%, Valid: 96.72%, Test: 96.96%, Best Valid: 97.16%, Best Test: 97.28%
Epoch: 1200, Loss: 0.0056, Train: 100.00%, Valid: 96.88%, Test: 97.10%, Best Valid: 97.16%, Best Test: 97.28%
Epoch: 1300, Loss: 0.0056, Train: 100.00%, Valid: 96.88%, Test: 97.01%, Best Valid: 97.16%, Best Test: 97.28%
Epoch: 1400, Loss: 0.0060, Train: 100.00%, Valid: 96.88%, Test: 97.00%, Best Valid: 97.16%, Best Test: 97.28%
Run 02:
Highest Train: 100.00
Highest Valid: 97.16
Highest Test: 97.36
Chosen epoch: 105
Final Train: 99.92
Final Test: 97.28
Pre-training MLP for 500 epochs to generate co-occurrence matrix...
MLP pre-training complete. Penalty matrix frozen.
Epoch: 00, Loss: 1.9440, Train: 17.40%, Valid: 17.08%, Test: 18.03%, Best Valid: 17.08%, Best Test: 18.03%
Epoch: 100, Loss: 0.0213, Train: 99.89%, Valid: 97.14%, Test: 97.25%, Best Valid: 97.17%, Best Test: 97.19%
Epoch: 200, Loss: 0.0081, Train: 100.00%, Valid: 96.84%, Test: 97.23%, Best Valid: 97.19%, Best Test: 97.22%
Epoch: 300, Loss: 0.0064, Train: 100.00%, Valid: 96.65%, Test: 97.06%, Best Valid: 97.19%, Best Test: 97.22%
Epoch: 400, Loss: 0.0063, Train: 100.00%, Valid: 96.64%, Test: 97.09%, Best Valid: 97.19%, Best Test: 97.22%
Epoch: 500, Loss: 0.0052, Train: 100.00%, Valid: 96.78%, Test: 97.16%, Best Valid: 97.19%, Best Test: 97.22%
Epoch: 600, Loss: 0.0055, Train: 100.00%, Valid: 96.69%, Test: 96.97%, Best Valid: 97.19%, Best Test: 97.22%
Epoch: 700, Loss: 0.0047, Train: 100.00%, Valid: 96.75%, Test: 96.99%, Best Valid: 97.19%, Best Test: 97.22%
Epoch: 800, Loss: 0.0060, Train: 100.00%, Valid: 96.75%, Test: 97.04%, Best Valid: 97.19%, Best Test: 97.22%
Epoch: 900, Loss: 0.0059, Train: 100.00%, Valid: 96.81%, Test: 97.17%, Best Valid: 97.19%, Best Test: 97.22%
Epoch: 1000, Loss: 0.0050, Train: 100.00%, Valid: 96.96%, Test: 97.19%, Best Valid: 97.19%, Best Test: 97.22%
Epoch: 1100, Loss: 0.0056, Train: 100.00%, Valid: 96.80%, Test: 97.03%, Best Valid: 97.19%, Best Test: 97.22%
Epoch: 1200, Loss: 0.0057, Train: 100.00%, Valid: 97.00%, Test: 97.13%, Best Valid: 97.19%, Best Test: 97.22%
Epoch: 1300, Loss: 0.0057, Train: 100.00%, Valid: 96.80%, Test: 97.10%, Best Valid: 97.19%, Best Test: 97.22%
Epoch: 1400, Loss: 0.0054, Train: 100.00%, Valid: 96.75%, Test: 97.03%, Best Valid: 97.19%, Best Test: 97.22%
Run 03:
Highest Train: 100.00
Highest Valid: 97.19
Highest Test: 97.33
Chosen epoch: 105
Final Train: 99.95
Final Test: 97.22
All runs:
Highest Train: 100.00 ± 0.00
Highest Test: 97.36 ± 0.02
Highest Valid: 97.14 ± 0.05
  Final Train: 99.93 ± 0.02
   Final Test: 97.26 ± 0.03
Saving results to results/coauthor-physics/MPNN_gat.csv

Running with Pre-trained MLP Regularization (lambda=1.0)...
Namespace(bn=True, cpu=False, data_dir='./data/', dataset='coauthor-physics', device=0, display_step=100, dropout=0.7, epochs=1500, gnn='gat', hidden_channels=256, jk=False, label_num_per_class=20, lambda_val=1.0, ln=False, local_layers=2, lr=0.001, metric='acc', mlp_epochs=500, mlp_reg=True, model='MPNN', model_dir='./model/', num_heads=1, pre_linear=False, pre_ln=False, rand_split=False, rand_split_class=False, reg_start_epoch=10, reg_update_freq=5, res=True, runs=3, save_model=False, seed=42, test_num=1000, train_prop=0.5, use_reg=True, valid_num=500, valid_prop=0.25, weight_decay=0.0005)
coauthor-physics
dataset coauthor-physics | num nodes 34493 | num edge 495924 | num node feats 8415 | num classes 5
MODEL: MPNNs(
  (h_lins): ModuleList()
  (local_convs): ModuleList(
    (0): GATConv(8415, 256, heads=1)
    (1): GATConv(256, 256, heads=1)
  )
  (lins): ModuleList(
    (0): Linear(in_features=8415, out_features=256, bias=True)
    (1): Linear(in_features=256, out_features=256, bias=True)
  )
  (lns): ModuleList(
    (0): LayerNorm((256,), eps=1e-05, elementwise_affine=True)
    (1): LayerNorm((256,), eps=1e-05, elementwise_affine=True)
  )
  (bns): ModuleList(
    (0): BatchNorm1d(256, eps=1e-05, momentum=0.1, affine=True, track_running_stats=True)
    (1): BatchNorm1d(256, eps=1e-05, momentum=0.1, affine=True, track_running_stats=True)
  )
  (lin_in): Linear(in_features=8415, out_features=256, bias=True)
  (pred_local): Linear(in_features=256, out_features=5, bias=True)
)
Pre-training MLP for 500 epochs to generate co-occurrence matrix...
MLP pre-training complete. Penalty matrix frozen.
Epoch: 00, Loss: 3.8850, Train: 16.90%, Valid: 15.92%, Test: 16.72%, Best Valid: 15.92%, Best Test: 16.72%
Epoch: 100, Loss: 0.0671, Train: 99.66%, Valid: 96.97%, Test: 97.12%, Best Valid: 97.00%, Best Test: 97.06%
Epoch: 200, Loss: 0.0171, Train: 100.00%, Valid: 97.03%, Test: 97.29%, Best Valid: 97.09%, Best Test: 97.30%
Epoch: 300, Loss: 0.0121, Train: 100.00%, Valid: 96.91%, Test: 97.09%, Best Valid: 97.12%, Best Test: 97.23%
Epoch: 400, Loss: 0.0108, Train: 100.00%, Valid: 96.96%, Test: 97.09%, Best Valid: 97.12%, Best Test: 97.23%
Epoch: 500, Loss: 0.0103, Train: 100.00%, Valid: 96.85%, Test: 97.19%, Best Valid: 97.12%, Best Test: 97.23%
Epoch: 600, Loss: 0.0095, Train: 100.00%, Valid: 96.84%, Test: 97.04%, Best Valid: 97.12%, Best Test: 97.23%
Epoch: 700, Loss: 0.0089, Train: 100.00%, Valid: 96.84%, Test: 97.12%, Best Valid: 97.12%, Best Test: 97.23%
Epoch: 800, Loss: 0.0106, Train: 100.00%, Valid: 96.94%, Test: 97.03%, Best Valid: 97.13%, Best Test: 97.13%
Epoch: 900, Loss: 0.0097, Train: 100.00%, Valid: 97.04%, Test: 97.10%, Best Valid: 97.13%, Best Test: 97.13%
Epoch: 1000, Loss: 0.0103, Train: 100.00%, Valid: 96.90%, Test: 97.07%, Best Valid: 97.13%, Best Test: 97.13%
Epoch: 1100, Loss: 0.0102, Train: 100.00%, Valid: 96.88%, Test: 97.16%, Best Valid: 97.13%, Best Test: 97.13%
Epoch: 1200, Loss: 0.0096, Train: 100.00%, Valid: 96.85%, Test: 97.12%, Best Valid: 97.13%, Best Test: 97.13%
Epoch: 1300, Loss: 0.0104, Train: 100.00%, Valid: 96.97%, Test: 97.09%, Best Valid: 97.13%, Best Test: 97.13%
Epoch: 1400, Loss: 0.0091, Train: 100.00%, Valid: 96.94%, Test: 97.06%, Best Valid: 97.13%, Best Test: 97.13%
Run 01:
Highest Train: 100.00
Highest Valid: 97.13
Highest Test: 97.36
Chosen epoch: 792
Final Train: 100.00
Final Test: 97.13
Pre-training MLP for 500 epochs to generate co-occurrence matrix...
MLP pre-training complete. Penalty matrix frozen.
Epoch: 00, Loss: 3.7504, Train: 10.22%, Valid: 9.86%, Test: 10.49%, Best Valid: 9.86%, Best Test: 10.49%
Epoch: 100, Loss: 0.0669, Train: 99.62%, Valid: 96.98%, Test: 97.23%, Best Valid: 97.00%, Best Test: 97.20%
Epoch: 200, Loss: 0.0170, Train: 100.00%, Valid: 96.98%, Test: 97.28%, Best Valid: 97.07%, Best Test: 97.22%
Epoch: 300, Loss: 0.0116, Train: 100.00%, Valid: 97.03%, Test: 97.14%, Best Valid: 97.12%, Best Test: 97.26%
Epoch: 400, Loss: 0.0104, Train: 100.00%, Valid: 96.96%, Test: 97.35%, Best Valid: 97.12%, Best Test: 97.26%
Epoch: 500, Loss: 0.0102, Train: 100.00%, Valid: 96.98%, Test: 97.23%, Best Valid: 97.12%, Best Test: 97.26%
Epoch: 600, Loss: 0.0097, Train: 100.00%, Valid: 96.93%, Test: 96.99%, Best Valid: 97.12%, Best Test: 97.26%
Epoch: 700, Loss: 0.0099, Train: 100.00%, Valid: 96.94%, Test: 97.16%, Best Valid: 97.12%, Best Test: 97.26%
Epoch: 800, Loss: 0.0088, Train: 100.00%, Valid: 96.77%, Test: 97.13%, Best Valid: 97.12%, Best Test: 97.26%
Epoch: 900, Loss: 0.0096, Train: 100.00%, Valid: 97.01%, Test: 97.14%, Best Valid: 97.12%, Best Test: 97.26%
Epoch: 1000, Loss: 0.0094, Train: 100.00%, Valid: 96.88%, Test: 97.22%, Best Valid: 97.13%, Best Test: 97.06%
Epoch: 1100, Loss: 0.0106, Train: 100.00%, Valid: 96.93%, Test: 97.19%, Best Valid: 97.13%, Best Test: 97.06%
Epoch: 1200, Loss: 0.0090, Train: 100.00%, Valid: 96.90%, Test: 97.14%, Best Valid: 97.13%, Best Test: 97.06%
Epoch: 1300, Loss: 0.0092, Train: 100.00%, Valid: 96.87%, Test: 97.20%, Best Valid: 97.13%, Best Test: 97.06%
Epoch: 1400, Loss: 0.0100, Train: 100.00%, Valid: 96.80%, Test: 97.09%, Best Valid: 97.13%, Best Test: 97.06%
Run 02:
Highest Train: 100.00
Highest Valid: 97.13
Highest Test: 97.38
Chosen epoch: 916
Final Train: 100.00
Final Test: 97.06
Pre-training MLP for 500 epochs to generate co-occurrence matrix...
MLP pre-training complete. Penalty matrix frozen.
Epoch: 00, Loss: 3.5345, Train: 17.29%, Valid: 17.02%, Test: 17.94%, Best Valid: 17.02%, Best Test: 17.94%
Epoch: 100, Loss: 0.0645, Train: 99.64%, Valid: 97.04%, Test: 97.16%, Best Valid: 97.04%, Best Test: 97.16%
Epoch: 200, Loss: 0.0175, Train: 100.00%, Valid: 97.13%, Test: 97.25%, Best Valid: 97.16%, Best Test: 97.28%
Epoch: 300, Loss: 0.0122, Train: 100.00%, Valid: 96.93%, Test: 97.07%, Best Valid: 97.17%, Best Test: 97.23%
Epoch: 400, Loss: 0.0108, Train: 100.00%, Valid: 96.77%, Test: 97.16%, Best Valid: 97.17%, Best Test: 97.23%
Epoch: 500, Loss: 0.0093, Train: 100.00%, Valid: 96.96%, Test: 97.26%, Best Valid: 97.17%, Best Test: 97.23%
Epoch: 600, Loss: 0.0098, Train: 100.00%, Valid: 96.72%, Test: 97.19%, Best Valid: 97.17%, Best Test: 97.23%
Epoch: 700, Loss: 0.0090, Train: 100.00%, Valid: 96.90%, Test: 97.16%, Best Valid: 97.17%, Best Test: 97.23%
Epoch: 800, Loss: 0.0096, Train: 100.00%, Valid: 96.97%, Test: 97.20%, Best Valid: 97.17%, Best Test: 97.23%
Epoch: 900, Loss: 0.0093, Train: 100.00%, Valid: 96.88%, Test: 97.13%, Best Valid: 97.17%, Best Test: 97.23%
Epoch: 1000, Loss: 0.0104, Train: 100.00%, Valid: 96.91%, Test: 97.04%, Best Valid: 97.17%, Best Test: 97.23%
Epoch: 1100, Loss: 0.0096, Train: 100.00%, Valid: 96.85%, Test: 97.20%, Best Valid: 97.17%, Best Test: 97.23%
Epoch: 1200, Loss: 0.0099, Train: 100.00%, Valid: 96.93%, Test: 97.17%, Best Valid: 97.17%, Best Test: 97.23%
Epoch: 1300, Loss: 0.0108, Train: 100.00%, Valid: 96.96%, Test: 97.14%, Best Valid: 97.17%, Best Test: 97.23%
Epoch: 1400, Loss: 0.0101, Train: 100.00%, Valid: 96.83%, Test: 97.07%, Best Valid: 97.17%, Best Test: 97.23%
Run 03:
Highest Train: 100.00
Highest Valid: 97.17
Highest Test: 97.39
Chosen epoch: 201
Final Train: 100.00
Final Test: 97.23
All runs:
Highest Train: 100.00 ± 0.00
Highest Test: 97.38 ± 0.01
Highest Valid: 97.14 ± 0.03
  Final Train: 100.00 ± 0.00
   Final Test: 97.14 ± 0.09
Saving results to results/coauthor-physics/MPNN_gat.csv

Homophilic sweep completed!
==========================================================
Sweep for coauthor-physics completed at: Sun Apr 26 03:58:45 AM EDT 2026
==========================================================
