==========================================================
Heterophilic Small Lambda MLP-Reg Sweep — Dataset: squirrel
Array task: 4 / Job: 992953
Date: Sat Apr 25 07:13:27 PM EDT 2026 | Host: n0001
==========================================================
Sat Apr 25 19:13:33 2026       
+-----------------------------------------------------------------------------------------+
| NVIDIA-SMI 570.211.01             Driver Version: 570.211.01     CUDA Version: 12.8     |
|-----------------------------------------+------------------------+----------------------+
| GPU  Name                 Persistence-M | Bus-Id          Disp.A | Volatile Uncorr. ECC |
| Fan  Temp   Perf          Pwr:Usage/Cap |           Memory-Usage | GPU-Util  Compute M. |
|                                         |                        |               MIG M. |
|=========================================+========================+======================|
|   0  NVIDIA A100-SXM4-80GB          On  |   00000000:01:00.0 Off |                   On |
| N/A   36C    P0            132W /  500W |   13924MiB /  81920MiB |     N/A      Default |
|                                         |                        |              Enabled |
+-----------------------------------------+------------------------+----------------------+
|   1  NVIDIA A100-SXM4-80GB          On  |   00000000:41:00.0 Off |                   On |
| N/A   34C    P0            121W /  500W |    7935MiB /  81920MiB |     N/A      Default |
|                                         |                        |              Enabled |
+-----------------------------------------+------------------------+----------------------+
|   2  NVIDIA A100-SXM4-80GB          On  |   00000000:81:00.0 Off |                   On |
| N/A   33C    P0             85W /  500W |    1430MiB /  81920MiB |     N/A      Default |
|                                         |                        |              Enabled |
+-----------------------------------------+------------------------+----------------------+
|   3  NVIDIA A100-SXM4-80GB          On  |   00000000:C1:00.0 Off |                   On |
| N/A   25C    P0             49W /  500W |     185MiB /  81920MiB |     N/A      Default |
|                                         |                        |              Enabled |
+-----------------------------------------+------------------------+----------------------+

+-----------------------------------------------------------------------------------------+
| MIG devices:                                                                            |
+------------------+----------------------------------+-----------+-----------------------+
| GPU  GI  CI  MIG |                     Memory-Usage |        Vol|        Shared         |
|      ID  ID  Dev |                       BAR1-Usage | SM     Unc| CE ENC  DEC  OFA  JPG |
|                  |                                  |        ECC|                       |
|==================+==================================+===========+=======================|
|  2   10   0   0  |              27MiB /  9728MiB    | 14      0 |  1   0    0    0    0 |
|                  |                 0MiB / 16383MiB  |           |                       |
+------------------+----------------------------------+-----------+-----------------------+
                                                                                         
+-----------------------------------------------------------------------------------------+
| Processes:                                                                              |
|  GPU   GI   CI              PID   Type   Process name                        GPU Memory |
|        ID   ID                                                               Usage      |
|=========================================================================================|
|    0    5    0           662043      C   python                                13734MiB |
|    1    1    0           654165      C   python3                                1180MiB |
|    1   14    0           662958      C   python                                 6560MiB |
+-----------------------------------------------------------------------------------------+
1.12.1
True
NVIDIA A100-SXM4-80GB MIG 1g.10gb
==========================================================
Starting Small Lambda MLP-Reg Sweep for:
python main.py --gnn gcn  --dataset squirrel --lr 0.01  --local_layers 4 --hidden_channels 256 --weight_decay 5e-4 --dropout 0.7 --device 0 --runs 10 --bn --res
==========================================================

Running with Pre-trained MLP Regularization (lambda=1e-4)...
Namespace(bn=True, cpu=False, data_dir='./data/', dataset='squirrel', device=0, display_step=100, dropout=0.7, epochs=500, gnn='gcn', hidden_channels=256, jk=False, label_num_per_class=20, lambda_val=0.0001, ln=False, local_layers=4, lr=0.01, metric='acc', mlp_epochs=500, mlp_reg=True, model='MPNN', model_dir='./model/', num_heads=1, pre_linear=False, pre_ln=False, rand_split=False, rand_split_class=False, reg_start_epoch=10, reg_update_freq=5, res=True, runs=10, save_model=False, seed=42, test_num=1000, train_prop=0.5, use_reg=True, valid_num=500, valid_prop=0.25, weight_decay=0.0005)
squirrel

Running with Pre-trained MLP Regularization (lambda=0.001)...
Namespace(bn=True, cpu=False, data_dir='./data/', dataset='squirrel', device=0, display_step=100, dropout=0.7, epochs=500, gnn='gcn', hidden_channels=256, jk=False, label_num_per_class=20, lambda_val=0.001, ln=False, local_layers=4, lr=0.01, metric='acc', mlp_epochs=500, mlp_reg=True, model='MPNN', model_dir='./model/', num_heads=1, pre_linear=False, pre_ln=False, rand_split=False, rand_split_class=False, reg_start_epoch=10, reg_update_freq=5, res=True, runs=10, save_model=False, seed=42, test_num=1000, train_prop=0.5, use_reg=True, valid_num=500, valid_prop=0.25, weight_decay=0.0005)
squirrel

Running with Pre-trained MLP Regularization (lambda=0.005)...
Namespace(bn=True, cpu=False, data_dir='./data/', dataset='squirrel', device=0, display_step=100, dropout=0.7, epochs=500, gnn='gcn', hidden_channels=256, jk=False, label_num_per_class=20, lambda_val=0.005, ln=False, local_layers=4, lr=0.01, metric='acc', mlp_epochs=500, mlp_reg=True, model='MPNN', model_dir='./model/', num_heads=1, pre_linear=False, pre_ln=False, rand_split=False, rand_split_class=False, reg_start_epoch=10, reg_update_freq=5, res=True, runs=10, save_model=False, seed=42, test_num=1000, train_prop=0.5, use_reg=True, valid_num=500, valid_prop=0.25, weight_decay=0.0005)
squirrel

Small lambda sweep completed!
==========================================================
Starting Small Lambda MLP-Reg Sweep for:
python main.py --gnn sage --dataset squirrel --lr 0.01  --local_layers 3 --hidden_channels 256 --weight_decay 5e-4 --dropout 0.7 --device 0 --runs 10 --bn --res
==========================================================

Running with Pre-trained MLP Regularization (lambda=1e-4)...
Namespace(bn=True, cpu=False, data_dir='./data/', dataset='squirrel', device=0, display_step=100, dropout=0.7, epochs=500, gnn='sage', hidden_channels=256, jk=False, label_num_per_class=20, lambda_val=0.0001, ln=False, local_layers=3, lr=0.01, metric='acc', mlp_epochs=500, mlp_reg=True, model='MPNN', model_dir='./model/', num_heads=1, pre_linear=False, pre_ln=False, rand_split=False, rand_split_class=False, reg_start_epoch=10, reg_update_freq=5, res=True, runs=10, save_model=False, seed=42, test_num=1000, train_prop=0.5, use_reg=True, valid_num=500, valid_prop=0.25, weight_decay=0.0005)
squirrel

Running with Pre-trained MLP Regularization (lambda=0.001)...
Namespace(bn=True, cpu=False, data_dir='./data/', dataset='squirrel', device=0, display_step=100, dropout=0.7, epochs=500, gnn='sage', hidden_channels=256, jk=False, label_num_per_class=20, lambda_val=0.001, ln=False, local_layers=3, lr=0.01, metric='acc', mlp_epochs=500, mlp_reg=True, model='MPNN', model_dir='./model/', num_heads=1, pre_linear=False, pre_ln=False, rand_split=False, rand_split_class=False, reg_start_epoch=10, reg_update_freq=5, res=True, runs=10, save_model=False, seed=42, test_num=1000, train_prop=0.5, use_reg=True, valid_num=500, valid_prop=0.25, weight_decay=0.0005)
squirrel

Running with Pre-trained MLP Regularization (lambda=0.005)...
Namespace(bn=True, cpu=False, data_dir='./data/', dataset='squirrel', device=0, display_step=100, dropout=0.7, epochs=500, gnn='sage', hidden_channels=256, jk=False, label_num_per_class=20, lambda_val=0.005, ln=False, local_layers=3, lr=0.01, metric='acc', mlp_epochs=500, mlp_reg=True, model='MPNN', model_dir='./model/', num_heads=1, pre_linear=False, pre_ln=False, rand_split=False, rand_split_class=False, reg_start_epoch=10, reg_update_freq=5, res=True, runs=10, save_model=False, seed=42, test_num=1000, train_prop=0.5, use_reg=True, valid_num=500, valid_prop=0.25, weight_decay=0.0005)
squirrel

Small lambda sweep completed!
==========================================================
Starting Small Lambda MLP-Reg Sweep for:
python main.py --gnn gat  --dataset squirrel --lr 0.005 --local_layers 7 --hidden_channels 512 --weight_decay 5e-4 --dropout 0.5 --device 0 --runs 10 --bn --res
==========================================================

Running with Pre-trained MLP Regularization (lambda=1e-4)...
Namespace(bn=True, cpu=False, data_dir='./data/', dataset='squirrel', device=0, display_step=100, dropout=0.5, epochs=500, gnn='gat', hidden_channels=512, jk=False, label_num_per_class=20, lambda_val=0.0001, ln=False, local_layers=7, lr=0.005, metric='acc', mlp_epochs=500, mlp_reg=True, model='MPNN', model_dir='./model/', num_heads=1, pre_linear=False, pre_ln=False, rand_split=False, rand_split_class=False, reg_start_epoch=10, reg_update_freq=5, res=True, runs=10, save_model=False, seed=42, test_num=1000, train_prop=0.5, use_reg=True, valid_num=500, valid_prop=0.25, weight_decay=0.0005)
squirrel

Running with Pre-trained MLP Regularization (lambda=0.001)...
Namespace(bn=True, cpu=False, data_dir='./data/', dataset='squirrel', device=0, display_step=100, dropout=0.5, epochs=500, gnn='gat', hidden_channels=512, jk=False, label_num_per_class=20, lambda_val=0.001, ln=False, local_layers=7, lr=0.005, metric='acc', mlp_epochs=500, mlp_reg=True, model='MPNN', model_dir='./model/', num_heads=1, pre_linear=False, pre_ln=False, rand_split=False, rand_split_class=False, reg_start_epoch=10, reg_update_freq=5, res=True, runs=10, save_model=False, seed=42, test_num=1000, train_prop=0.5, use_reg=True, valid_num=500, valid_prop=0.25, weight_decay=0.0005)
squirrel

Running with Pre-trained MLP Regularization (lambda=0.005)...
Namespace(bn=True, cpu=False, data_dir='./data/', dataset='squirrel', device=0, display_step=100, dropout=0.5, epochs=500, gnn='gat', hidden_channels=512, jk=False, label_num_per_class=20, lambda_val=0.005, ln=False, local_layers=7, lr=0.005, metric='acc', mlp_epochs=500, mlp_reg=True, model='MPNN', model_dir='./model/', num_heads=1, pre_linear=False, pre_ln=False, rand_split=False, rand_split_class=False, reg_start_epoch=10, reg_update_freq=5, res=True, runs=10, save_model=False, seed=42, test_num=1000, train_prop=0.5, use_reg=True, valid_num=500, valid_prop=0.25, weight_decay=0.0005)
squirrel

Small lambda sweep completed!
==========================================================
Sweep for squirrel completed at: Sat Apr 25 07:14:41 PM EDT 2026
==========================================================
