==========================================================
GNN-GNN rerun: roman-empire / GAT
Job: 1012004 | Date: Tue Apr 28 08:08:21 AM EDT 2026 | Host: n0001
==========================================================
Tue Apr 28 08:08:28 2026       
+-----------------------------------------------------------------------------------------+
| NVIDIA-SMI 570.211.01             Driver Version: 570.211.01     CUDA Version: 12.8     |
|-----------------------------------------+------------------------+----------------------+
| GPU  Name                 Persistence-M | Bus-Id          Disp.A | Volatile Uncorr. ECC |
| Fan  Temp   Perf          Pwr:Usage/Cap |           Memory-Usage | GPU-Util  Compute M. |
|                                         |                        |               MIG M. |
|=========================================+========================+======================|
|   0  NVIDIA A100-SXM4-80GB          On  |   00000000:01:00.0 Off |                   On |
| N/A   42C    P0            159W /  500W |    7782MiB /  81920MiB |     N/A      Default |
|                                         |                        |              Enabled |
+-----------------------------------------+------------------------+----------------------+
|   1  NVIDIA A100-SXM4-80GB          On  |   00000000:41:00.0 Off |                   On |
| N/A   42C    P0            160W /  500W |    4884MiB /  81920MiB |     N/A      Default |
|                                         |                        |              Enabled |
+-----------------------------------------+------------------------+----------------------+
|   2  NVIDIA A100-SXM4-80GB          On  |   00000000:81:00.0 Off |                   On |
| N/A   42C    P0            140W /  500W |    3022MiB /  81920MiB |     N/A      Default |
|                                         |                        |              Enabled |
+-----------------------------------------+------------------------+----------------------+
|   3  NVIDIA A100-SXM4-80GB          On  |   00000000:C1:00.0 Off |                   On |
| N/A   34C    P0            134W /  500W |    4264MiB /  81920MiB |     N/A      Default |
|                                         |                        |              Enabled |
+-----------------------------------------+------------------------+----------------------+

+-----------------------------------------------------------------------------------------+
| MIG devices:                                                                            |
+------------------+----------------------------------+-----------+-----------------------+
| GPU  GI  CI  MIG |                     Memory-Usage |        Vol|        Shared         |
|      ID  ID  Dev |                       BAR1-Usage | SM     Unc| CE ENC  DEC  OFA  JPG |
|                  |                                  |        ECC|                       |
|==================+==================================+===========+=======================|
|  0   13   0   0  |              27MiB /  9728MiB    | 14      0 |  1   0    0    0    0 |
|                  |                 0MiB / 16383MiB  |           |                       |
+------------------+----------------------------------+-----------+-----------------------+
                                                                                         
+-----------------------------------------------------------------------------------------+
| Processes:                                                                              |
|  GPU   GI   CI              PID   Type   Process name                        GPU Memory |
|        ID   ID                                                               Usage      |
|=========================================================================================|
|    1    1    0           564678      C   python                                 3460MiB |
|    1    5    0           593970      C   python                                 1228MiB |
|    2    3    0           592799      C   python                                 2832MiB |
|    3    5    0           592805      C   python                                 4074MiB |
+-----------------------------------------------------------------------------------------+
1.12.1
True
NVIDIA A100-SXM4-80GB MIG 1g.10gb
==========================================================
Starting gnn_gnn (dynamic) Sweep for:
python main.py --gnn gat --dataset roman-empire     --hidden_channels 512 --epochs 1000 --lr 0.001 --runs 5     --local_layers 10 --weight_decay 5e-4 --dropout 0.3     --bn --res --device 0
==========================================================
Running GNN Baseline (no reg)...
Namespace(bn=True, cpu=False, data_dir='./data/', dataset='roman-empire', device=0, display_step=100, dropout=0.3, epochs=1000, gnn='gat', hidden_channels=512, jk=False, label_num_per_class=20, lambda_val=0.5, ln=False, local_layers=10, lr=0.001, metric='acc', mlp_epochs=500, mlp_reg=False, model='MPNN', model_dir='./model/', num_heads=1, oracle_reg=False, pre_linear=False, pre_ln=False, rand_split=False, rand_split_class=False, reg_start_epoch=10, reg_update_freq=5, res=True, result_dir='results/gnn_gnn', runs=5, save_model=False, seed=42, test_num=1000, train_prop=0.5, use_reg=False, valid_num=500, valid_prop=0.25, weight_decay=0.0005)
roman-empire
dataset roman-empire | num nodes 22662 | num edge 32927 | num node feats 300 | num classes 18
MODEL: MPNNs(
  (h_lins): ModuleList()
  (local_convs): ModuleList(
    (0): GATConv(300, 512, heads=1)
    (1): GATConv(512, 512, heads=1)
    (2): GATConv(512, 512, heads=1)
    (3): GATConv(512, 512, heads=1)
    (4): GATConv(512, 512, heads=1)
    (5): GATConv(512, 512, heads=1)
    (6): GATConv(512, 512, heads=1)
    (7): GATConv(512, 512, heads=1)
    (8): GATConv(512, 512, heads=1)
    (9): GATConv(512, 512, heads=1)
  )
  (lins): ModuleList(
    (0): Linear(in_features=300, out_features=512, bias=True)
    (1): Linear(in_features=512, out_features=512, bias=True)
    (2): Linear(in_features=512, out_features=512, bias=True)
    (3): Linear(in_features=512, out_features=512, bias=True)
    (4): Linear(in_features=512, out_features=512, bias=True)
    (5): Linear(in_features=512, out_features=512, bias=True)
    (6): Linear(in_features=512, out_features=512, bias=True)
    (7): Linear(in_features=512, out_features=512, bias=True)
    (8): Linear(in_features=512, out_features=512, bias=True)
    (9): Linear(in_features=512, out_features=512, bias=True)
  )
  (lns): ModuleList(
    (0): LayerNorm((512,), eps=1e-05, elementwise_affine=True)
    (1): LayerNorm((512,), eps=1e-05, elementwise_affine=True)
    (2): LayerNorm((512,), eps=1e-05, elementwise_affine=True)
    (3): LayerNorm((512,), eps=1e-05, elementwise_affine=True)
    (4): LayerNorm((512,), eps=1e-05, elementwise_affine=True)
    (5): LayerNorm((512,), eps=1e-05, elementwise_affine=True)
    (6): LayerNorm((512,), eps=1e-05, elementwise_affine=True)
    (7): LayerNorm((512,), eps=1e-05, elementwise_affine=True)
    (8): LayerNorm((512,), eps=1e-05, elementwise_affine=True)
    (9): LayerNorm((512,), eps=1e-05, elementwise_affine=True)
  )
  (bns): ModuleList(
    (0): BatchNorm1d(512, eps=1e-05, momentum=0.1, affine=True, track_running_stats=True)
    (1): BatchNorm1d(512, eps=1e-05, momentum=0.1, affine=True, track_running_stats=True)
    (2): BatchNorm1d(512, eps=1e-05, momentum=0.1, affine=True, track_running_stats=True)
    (3): BatchNorm1d(512, eps=1e-05, momentum=0.1, affine=True, track_running_stats=True)
    (4): BatchNorm1d(512, eps=1e-05, momentum=0.1, affine=True, track_running_stats=True)
    (5): BatchNorm1d(512, eps=1e-05, momentum=0.1, affine=True, track_running_stats=True)
    (6): BatchNorm1d(512, eps=1e-05, momentum=0.1, affine=True, track_running_stats=True)
    (7): BatchNorm1d(512, eps=1e-05, momentum=0.1, affine=True, track_running_stats=True)
    (8): BatchNorm1d(512, eps=1e-05, momentum=0.1, affine=True, track_running_stats=True)
    (9): BatchNorm1d(512, eps=1e-05, momentum=0.1, affine=True, track_running_stats=True)
  )
  (lin_in): Linear(in_features=300, out_features=512, bias=True)
  (pred_local): Linear(in_features=512, out_features=18, bias=True)
)
Epoch: 00, Loss: 3.0176, Train: 13.83%, Valid: 13.82%, Test: 13.82%, Best Valid: 13.82%, Best Test: 13.82%
Epoch: 100, Loss: 0.2440, Train: 95.91%, Valid: 81.09%, Test: 81.24%, Best Valid: 81.38%, Best Test: 80.78%
Epoch: 200, Loss: 0.0440, Train: 99.89%, Valid: 85.44%, Test: 84.72%, Best Valid: 85.58%, Best Test: 85.39%
Epoch: 300, Loss: 0.0234, Train: 99.98%, Valid: 86.74%, Test: 86.45%, Best Valid: 87.08%, Best Test: 86.48%
Epoch: 400, Loss: 0.0179, Train: 99.97%, Valid: 86.32%, Test: 86.89%, Best Valid: 87.50%, Best Test: 87.29%
Epoch: 500, Loss: 0.0216, Train: 99.99%, Valid: 87.66%, Test: 87.59%, Best Valid: 88.07%, Best Test: 87.58%
Epoch: 600, Loss: 0.0189, Train: 99.96%, Valid: 86.92%, Test: 87.36%, Best Valid: 88.07%, Best Test: 87.58%
Epoch: 700, Loss: 0.0173, Train: 99.99%, Valid: 87.56%, Test: 87.56%, Best Valid: 88.07%, Best Test: 87.58%
Epoch: 800, Loss: 0.0189, Train: 99.99%, Valid: 88.01%, Test: 87.75%, Best Valid: 88.16%, Best Test: 87.88%
Epoch: 900, Loss: 0.0157, Train: 100.00%, Valid: 87.89%, Test: 87.98%, Best Valid: 88.31%, Best Test: 88.18%
Run 01:
Highest Train: 100.00
Highest Valid: 88.31
Highest Test: 88.30
Chosen epoch: 890
Final Train: 99.99
Final Test: 88.18
Epoch: 00, Loss: 2.9905, Train: 13.83%, Valid: 13.84%, Test: 13.84%, Best Valid: 13.84%, Best Test: 13.84%
Epoch: 100, Loss: 0.2487, Train: 95.91%, Valid: 80.92%, Test: 81.50%, Best Valid: 81.47%, Best Test: 81.43%
Epoch: 200, Loss: 0.0372, Train: 99.97%, Valid: 86.58%, Test: 86.52%, Best Valid: 86.76%, Best Test: 86.32%
Epoch: 300, Loss: 0.0228, Train: 100.00%, Valid: 87.54%, Test: 87.26%, Best Valid: 88.01%, Best Test: 87.38%
Epoch: 400, Loss: 0.0198, Train: 99.97%, Valid: 88.38%, Test: 88.21%, Best Valid: 88.83%, Best Test: 88.19%
Epoch: 500, Loss: 0.0185, Train: 100.00%, Valid: 88.40%, Test: 88.23%, Best Valid: 88.83%, Best Test: 88.19%
Epoch: 600, Loss: 0.0178, Train: 99.93%, Valid: 87.87%, Test: 87.84%, Best Valid: 88.95%, Best Test: 88.69%
Epoch: 700, Loss: 0.0178, Train: 99.98%, Valid: 88.19%, Test: 88.07%, Best Valid: 89.13%, Best Test: 89.06%
Epoch: 800, Loss: 0.0182, Train: 99.96%, Valid: 88.74%, Test: 88.46%, Best Valid: 89.21%, Best Test: 88.69%
Epoch: 900, Loss: 0.0175, Train: 99.99%, Valid: 88.33%, Test: 88.85%, Best Valid: 89.21%, Best Test: 88.69%
Run 02:
Highest Train: 100.00
Highest Valid: 89.21
Highest Test: 89.45
Chosen epoch: 714
Final Train: 99.99
Final Test: 88.69
Epoch: 00, Loss: 2.9880, Train: 5.99%, Valid: 6.00%, Test: 6.00%, Best Valid: 6.00%, Best Test: 6.00%
Epoch: 100, Loss: 0.3280, Train: 93.21%, Valid: 79.54%, Test: 80.73%, Best Valid: 79.75%, Best Test: 80.60%
Epoch: 200, Loss: 0.0584, Train: 99.88%, Valid: 84.47%, Test: 85.39%, Best Valid: 85.03%, Best Test: 85.86%
Epoch: 300, Loss: 0.0268, Train: 99.98%, Valid: 85.61%, Test: 86.57%, Best Valid: 86.14%, Best Test: 86.66%
Epoch: 400, Loss: 0.0248, Train: 99.98%, Valid: 86.43%, Test: 87.47%, Best Valid: 86.64%, Best Test: 87.40%
Epoch: 500, Loss: 0.0184, Train: 99.99%, Valid: 86.74%, Test: 87.86%, Best Valid: 87.06%, Best Test: 87.08%
Epoch: 600, Loss: 0.0209, Train: 99.99%, Valid: 86.60%, Test: 87.36%, Best Valid: 87.38%, Best Test: 87.52%
Epoch: 700, Loss: 0.0178, Train: 100.00%, Valid: 86.65%, Test: 87.10%, Best Valid: 87.40%, Best Test: 87.59%
Epoch: 800, Loss: 0.0165, Train: 99.96%, Valid: 87.03%, Test: 87.56%, Best Valid: 87.61%, Best Test: 88.05%
Epoch: 900, Loss: 0.0195, Train: 99.99%, Valid: 86.69%, Test: 87.15%, Best Valid: 87.61%, Best Test: 88.05%
Run 03:
Highest Train: 100.00
Highest Valid: 87.61
Highest Test: 88.39
Chosen epoch: 789
Final Train: 100.00
Final Test: 88.05
Epoch: 00, Loss: 2.9935, Train: 1.46%, Valid: 1.45%, Test: 1.45%, Best Valid: 1.45%, Best Test: 1.45%
Epoch: 100, Loss: 0.3341, Train: 93.65%, Valid: 82.81%, Test: 82.19%, Best Valid: 82.81%, Best Test: 82.19%
Epoch: 200, Loss: 0.0546, Train: 99.87%, Valid: 86.20%, Test: 86.23%, Best Valid: 86.20%, Best Test: 86.23%
Epoch: 300, Loss: 0.0288, Train: 100.00%, Valid: 87.82%, Test: 87.86%, Best Valid: 88.17%, Best Test: 87.66%
Epoch: 400, Loss: 0.0197, Train: 99.91%, Valid: 87.63%, Test: 87.45%, Best Valid: 88.49%, Best Test: 87.17%
Epoch: 500, Loss: 0.0183, Train: 99.96%, Valid: 88.10%, Test: 87.65%, Best Valid: 88.83%, Best Test: 88.30%
Epoch: 600, Loss: 0.0212, Train: 99.94%, Valid: 89.02%, Test: 88.30%, Best Valid: 89.23%, Best Test: 88.28%
Epoch: 700, Loss: 0.0164, Train: 99.99%, Valid: 88.67%, Test: 88.76%, Best Valid: 89.23%, Best Test: 88.28%
Epoch: 800, Loss: 0.0187, Train: 100.00%, Valid: 88.67%, Test: 88.28%, Best Valid: 89.34%, Best Test: 87.93%
Epoch: 900, Loss: 0.0158, Train: 99.99%, Valid: 88.79%, Test: 88.09%, Best Valid: 89.37%, Best Test: 88.12%
Run 04:
Highest Train: 100.00
Highest Valid: 89.59
Highest Test: 88.76
Chosen epoch: 902
Final Train: 100.00
Final Test: 88.32
Epoch: 00, Loss: 2.9715, Train: 13.74%, Valid: 14.07%, Test: 13.77%, Best Valid: 14.07%, Best Test: 13.77%
Epoch: 100, Loss: 0.2311, Train: 96.66%, Valid: 81.31%, Test: 80.41%, Best Valid: 81.31%, Best Test: 80.41%
Epoch: 200, Loss: 0.0371, Train: 99.90%, Valid: 84.31%, Test: 84.63%, Best Valid: 85.19%, Best Test: 84.66%
Epoch: 300, Loss: 0.0269, Train: 99.97%, Valid: 85.70%, Test: 84.95%, Best Valid: 86.60%, Best Test: 85.67%
Epoch: 400, Loss: 0.0188, Train: 100.00%, Valid: 86.20%, Test: 86.59%, Best Valid: 87.10%, Best Test: 86.83%
Epoch: 500, Loss: 0.0221, Train: 99.97%, Valid: 86.76%, Test: 86.64%, Best Valid: 87.10%, Best Test: 86.83%
Epoch: 600, Loss: 0.0180, Train: 99.99%, Valid: 87.26%, Test: 87.05%, Best Valid: 87.36%, Best Test: 87.36%
Epoch: 700, Loss: 0.0173, Train: 100.00%, Valid: 86.69%, Test: 87.17%, Best Valid: 87.36%, Best Test: 87.36%
Epoch: 800, Loss: 0.0172, Train: 99.99%, Valid: 87.17%, Test: 87.31%, Best Valid: 87.36%, Best Test: 87.36%
Epoch: 900, Loss: 0.0166, Train: 99.92%, Valid: 86.30%, Test: 86.25%, Best Valid: 87.36%, Best Test: 87.36%
Run 05:
Highest Train: 100.00
Highest Valid: 87.36
Highest Test: 87.75
Chosen epoch: 529
Final Train: 99.96
Final Test: 87.36
All runs:
Highest Train: 100.00 ± 0.00
Highest Test: 88.53 ± 0.63
Highest Valid: 88.42 ± 0.97
  Final Train: 99.99 ± 0.01
   Final Test: 88.12 ± 0.48
Saving results to results/gnn_gnn/roman-empire/MPNN_gat.csv

Running with GNN-GNN Regularization (lambda=0.01, freq=50)...
Namespace(bn=True, cpu=False, data_dir='./data/', dataset='roman-empire', device=0, display_step=100, dropout=0.3, epochs=1000, gnn='gat', hidden_channels=512, jk=False, label_num_per_class=20, lambda_val=0.01, ln=False, local_layers=10, lr=0.001, metric='acc', mlp_epochs=500, mlp_reg=False, model='MPNN', model_dir='./model/', num_heads=1, oracle_reg=False, pre_linear=False, pre_ln=False, rand_split=False, rand_split_class=False, reg_start_epoch=10, reg_update_freq=50, res=True, result_dir='results/gnn_gnn', runs=5, save_model=False, seed=42, test_num=1000, train_prop=0.5, use_reg=True, valid_num=500, valid_prop=0.25, weight_decay=0.0005)
roman-empire
dataset roman-empire | num nodes 22662 | num edge 32927 | num node feats 300 | num classes 18
MODEL: MPNNs(
  (h_lins): ModuleList()
  (local_convs): ModuleList(
    (0): GATConv(300, 512, heads=1)
    (1): GATConv(512, 512, heads=1)
    (2): GATConv(512, 512, heads=1)
    (3): GATConv(512, 512, heads=1)
    (4): GATConv(512, 512, heads=1)
    (5): GATConv(512, 512, heads=1)
    (6): GATConv(512, 512, heads=1)
    (7): GATConv(512, 512, heads=1)
    (8): GATConv(512, 512, heads=1)
    (9): GATConv(512, 512, heads=1)
  )
  (lins): ModuleList(
    (0): Linear(in_features=300, out_features=512, bias=True)
    (1): Linear(in_features=512, out_features=512, bias=True)
    (2): Linear(in_features=512, out_features=512, bias=True)
    (3): Linear(in_features=512, out_features=512, bias=True)
    (4): Linear(in_features=512, out_features=512, bias=True)
    (5): Linear(in_features=512, out_features=512, bias=True)
    (6): Linear(in_features=512, out_features=512, bias=True)
    (7): Linear(in_features=512, out_features=512, bias=True)
    (8): Linear(in_features=512, out_features=512, bias=True)
    (9): Linear(in_features=512, out_features=512, bias=True)
  )
  (lns): ModuleList(
    (0): LayerNorm((512,), eps=1e-05, elementwise_affine=True)
    (1): LayerNorm((512,), eps=1e-05, elementwise_affine=True)
    (2): LayerNorm((512,), eps=1e-05, elementwise_affine=True)
    (3): LayerNorm((512,), eps=1e-05, elementwise_affine=True)
    (4): LayerNorm((512,), eps=1e-05, elementwise_affine=True)
    (5): LayerNorm((512,), eps=1e-05, elementwise_affine=True)
    (6): LayerNorm((512,), eps=1e-05, elementwise_affine=True)
    (7): LayerNorm((512,), eps=1e-05, elementwise_affine=True)
    (8): LayerNorm((512,), eps=1e-05, elementwise_affine=True)
    (9): LayerNorm((512,), eps=1e-05, elementwise_affine=True)
  )
  (bns): ModuleList(
    (0): BatchNorm1d(512, eps=1e-05, momentum=0.1, affine=True, track_running_stats=True)
    (1): BatchNorm1d(512, eps=1e-05, momentum=0.1, affine=True, track_running_stats=True)
    (2): BatchNorm1d(512, eps=1e-05, momentum=0.1, affine=True, track_running_stats=True)
    (3): BatchNorm1d(512, eps=1e-05, momentum=0.1, affine=True, track_running_stats=True)
    (4): BatchNorm1d(512, eps=1e-05, momentum=0.1, affine=True, track_running_stats=True)
    (5): BatchNorm1d(512, eps=1e-05, momentum=0.1, affine=True, track_running_stats=True)
    (6): BatchNorm1d(512, eps=1e-05, momentum=0.1, affine=True, track_running_stats=True)
    (7): BatchNorm1d(512, eps=1e-05, momentum=0.1, affine=True, track_running_stats=True)
    (8): BatchNorm1d(512, eps=1e-05, momentum=0.1, affine=True, track_running_stats=True)
    (9): BatchNorm1d(512, eps=1e-05, momentum=0.1, affine=True, track_running_stats=True)
  )
  (lin_in): Linear(in_features=300, out_features=512, bias=True)
  (pred_local): Linear(in_features=512, out_features=18, bias=True)
)
Epoch: 00, Loss: 3.0176, Train: 13.83%, Valid: 13.82%, Test: 13.82%, Best Valid: 13.82%, Best Test: 13.82%
Epoch: 100, Loss: 0.2476, Train: 95.88%, Valid: 81.09%, Test: 80.48%, Best Valid: 81.09%, Best Test: 80.48%
Epoch: 200, Loss: 0.0444, Train: 99.92%, Valid: 85.14%, Test: 84.86%, Best Valid: 85.21%, Best Test: 84.66%
Epoch: 300, Loss: 0.0263, Train: 99.95%, Valid: 85.95%, Test: 85.90%, Best Valid: 86.28%, Best Test: 85.67%
Epoch: 400, Loss: 0.0215, Train: 99.98%, Valid: 86.58%, Test: 86.55%, Best Valid: 87.03%, Best Test: 86.52%
Epoch: 500, Loss: 0.0202, Train: 99.97%, Valid: 86.92%, Test: 86.97%, Best Valid: 87.50%, Best Test: 86.76%
Epoch: 600, Loss: 0.0222, Train: 99.97%, Valid: 87.08%, Test: 86.96%, Best Valid: 87.68%, Best Test: 87.19%
Epoch: 700, Loss: 0.0177, Train: 99.99%, Valid: 86.99%, Test: 87.17%, Best Valid: 87.68%, Best Test: 87.19%
Epoch: 800, Loss: 0.0205, Train: 99.97%, Valid: 87.13%, Test: 87.29%, Best Valid: 87.68%, Best Test: 87.19%
Epoch: 900, Loss: 0.0168, Train: 99.97%, Valid: 87.13%, Test: 87.10%, Best Valid: 87.68%, Best Test: 87.19%
Run 01:
Highest Train: 100.00
Highest Valid: 87.68
Highest Test: 87.82
Chosen epoch: 548
Final Train: 99.99
Final Test: 87.19
Epoch: 00, Loss: 2.9905, Train: 13.83%, Valid: 13.82%, Test: 13.84%, Best Valid: 13.82%, Best Test: 13.84%
Epoch: 100, Loss: 0.2489, Train: 95.90%, Valid: 81.22%, Test: 81.29%, Best Valid: 81.68%, Best Test: 81.80%
Epoch: 200, Loss: 0.0433, Train: 99.96%, Valid: 86.57%, Test: 86.16%, Best Valid: 86.78%, Best Test: 87.15%
Epoch: 300, Loss: 0.0289, Train: 99.97%, Valid: 87.11%, Test: 86.92%, Best Valid: 88.10%, Best Test: 87.50%
Epoch: 400, Loss: 0.0232, Train: 100.00%, Valid: 88.07%, Test: 88.05%, Best Valid: 88.79%, Best Test: 87.72%
Epoch: 500, Loss: 0.0187, Train: 99.99%, Valid: 87.78%, Test: 87.77%, Best Valid: 89.02%, Best Test: 88.49%
Epoch: 600, Loss: 0.0183, Train: 99.97%, Valid: 88.40%, Test: 88.12%, Best Valid: 89.21%, Best Test: 88.00%
Epoch: 700, Loss: 0.0173, Train: 99.98%, Valid: 88.54%, Test: 88.51%, Best Valid: 89.21%, Best Test: 88.00%
Epoch: 800, Loss: 0.0185, Train: 100.00%, Valid: 88.10%, Test: 88.19%, Best Valid: 89.21%, Best Test: 88.00%
Epoch: 900, Loss: 0.0162, Train: 100.00%, Valid: 88.98%, Test: 88.35%, Best Valid: 89.21%, Best Test: 88.00%
Run 02:
Highest Train: 100.00
Highest Valid: 89.21
Highest Test: 89.15
Chosen epoch: 575
Final Train: 99.99
Final Test: 88.00
Epoch: 00, Loss: 2.9880, Train: 5.99%, Valid: 6.00%, Test: 6.00%, Best Valid: 6.00%, Best Test: 6.00%
Epoch: 100, Loss: 0.3500, Train: 92.85%, Valid: 80.26%, Test: 81.70%, Best Valid: 80.49%, Best Test: 81.40%
Epoch: 200, Loss: 0.0621, Train: 99.87%, Valid: 85.40%, Test: 86.37%, Best Valid: 85.95%, Best Test: 86.85%
Epoch: 300, Loss: 0.0325, Train: 100.00%, Valid: 86.41%, Test: 87.26%, Best Valid: 86.95%, Best Test: 87.31%
Epoch: 400, Loss: 0.0199, Train: 99.97%, Valid: 86.99%, Test: 87.24%, Best Valid: 87.56%, Best Test: 87.31%
Epoch: 500, Loss: 0.0189, Train: 99.99%, Valid: 87.03%, Test: 87.40%, Best Valid: 87.68%, Best Test: 87.68%
Epoch: 600, Loss: 0.0214, Train: 100.00%, Valid: 87.03%, Test: 88.40%, Best Valid: 87.68%, Best Test: 87.68%
Epoch: 700, Loss: 0.0184, Train: 99.99%, Valid: 87.11%, Test: 87.58%, Best Valid: 87.78%, Best Test: 87.59%
Epoch: 800, Loss: 0.0171, Train: 100.00%, Valid: 87.52%, Test: 87.65%, Best Valid: 87.78%, Best Test: 87.59%
Epoch: 900, Loss: 0.0162, Train: 99.99%, Valid: 87.29%, Test: 87.98%, Best Valid: 87.78%, Best Test: 87.59%
Run 03:
Highest Train: 100.00
Highest Valid: 88.00
Highest Test: 88.60
Chosen epoch: 960
Final Train: 99.96
Final Test: 88.42
Epoch: 00, Loss: 2.9935, Train: 1.46%, Valid: 1.45%, Test: 1.45%, Best Valid: 1.45%, Best Test: 1.45%
Epoch: 100, Loss: 0.3341, Train: 93.45%, Valid: 81.89%, Test: 81.24%, Best Valid: 81.89%, Best Test: 81.24%
Epoch: 200, Loss: 0.0509, Train: 99.93%, Valid: 85.77%, Test: 85.83%, Best Valid: 86.57%, Best Test: 86.18%
Epoch: 300, Loss: 0.0387, Train: 99.98%, Valid: 87.47%, Test: 87.10%, Best Valid: 87.61%, Best Test: 87.19%
Epoch: 400, Loss: 0.0232, Train: 99.97%, Valid: 87.27%, Test: 87.19%, Best Valid: 88.49%, Best Test: 87.84%
Epoch: 500, Loss: 0.0241, Train: 99.90%, Valid: 88.10%, Test: 87.08%, Best Valid: 88.61%, Best Test: 88.18%
Epoch: 600, Loss: 0.0195, Train: 99.98%, Valid: 88.28%, Test: 87.91%, Best Valid: 88.86%, Best Test: 87.80%
Epoch: 700, Loss: 0.0175, Train: 99.99%, Valid: 88.19%, Test: 87.73%, Best Valid: 89.11%, Best Test: 88.35%
Epoch: 800, Loss: 0.0207, Train: 99.97%, Valid: 88.54%, Test: 87.86%, Best Valid: 89.11%, Best Test: 88.35%
Epoch: 900, Loss: 0.0189, Train: 100.00%, Valid: 88.98%, Test: 87.54%, Best Valid: 89.13%, Best Test: 87.73%
Run 04:
Highest Train: 100.00
Highest Valid: 89.13
Highest Test: 88.72
Chosen epoch: 896
Final Train: 99.97
Final Test: 87.73
Epoch: 00, Loss: 2.9715, Train: 13.74%, Valid: 14.05%, Test: 13.78%, Best Valid: 14.05%, Best Test: 13.78%
Epoch: 100, Loss: 0.2319, Train: 96.57%, Valid: 80.51%, Test: 80.06%, Best Valid: 80.51%, Best Test: 80.06%
Epoch: 200, Loss: 0.0385, Train: 99.90%, Valid: 84.70%, Test: 84.87%, Best Valid: 85.40%, Best Test: 85.32%
Epoch: 300, Loss: 0.0264, Train: 99.97%, Valid: 85.72%, Test: 85.74%, Best Valid: 86.09%, Best Test: 86.29%
Epoch: 400, Loss: 0.0245, Train: 99.95%, Valid: 85.91%, Test: 85.72%, Best Valid: 86.65%, Best Test: 86.39%
Epoch: 500, Loss: 0.0221, Train: 99.97%, Valid: 86.32%, Test: 86.71%, Best Valid: 87.01%, Best Test: 86.75%
Epoch: 600, Loss: 0.0201, Train: 100.00%, Valid: 86.35%, Test: 86.62%, Best Valid: 87.18%, Best Test: 86.60%
Epoch: 700, Loss: 0.0183, Train: 99.96%, Valid: 87.08%, Test: 86.80%, Best Valid: 87.34%, Best Test: 86.69%
Epoch: 800, Loss: 0.0137, Train: 100.00%, Valid: 86.81%, Test: 86.48%, Best Valid: 87.34%, Best Test: 86.69%
Epoch: 900, Loss: 0.0200, Train: 99.95%, Valid: 86.27%, Test: 86.20%, Best Valid: 87.34%, Best Test: 86.69%
Run 05:
Highest Train: 100.00
Highest Valid: 87.34
Highest Test: 87.75
Chosen epoch: 621
Final Train: 100.00
Final Test: 86.69
All runs:
Highest Train: 100.00 ± 0.00
Highest Test: 88.41 ± 0.60
Highest Valid: 88.27 ± 0.85
  Final Train: 99.98 ± 0.01
   Final Test: 87.61 ± 0.68
Saving results to results/gnn_gnn/roman-empire/MPNN_gat.csv

Running with GNN-GNN Regularization (lambda=0.1, freq=50)...
Namespace(bn=True, cpu=False, data_dir='./data/', dataset='roman-empire', device=0, display_step=100, dropout=0.3, epochs=1000, gnn='gat', hidden_channels=512, jk=False, label_num_per_class=20, lambda_val=0.1, ln=False, local_layers=10, lr=0.001, metric='acc', mlp_epochs=500, mlp_reg=False, model='MPNN', model_dir='./model/', num_heads=1, oracle_reg=False, pre_linear=False, pre_ln=False, rand_split=False, rand_split_class=False, reg_start_epoch=10, reg_update_freq=50, res=True, result_dir='results/gnn_gnn', runs=5, save_model=False, seed=42, test_num=1000, train_prop=0.5, use_reg=True, valid_num=500, valid_prop=0.25, weight_decay=0.0005)
roman-empire
dataset roman-empire | num nodes 22662 | num edge 32927 | num node feats 300 | num classes 18
MODEL: MPNNs(
  (h_lins): ModuleList()
  (local_convs): ModuleList(
    (0): GATConv(300, 512, heads=1)
    (1): GATConv(512, 512, heads=1)
    (2): GATConv(512, 512, heads=1)
    (3): GATConv(512, 512, heads=1)
    (4): GATConv(512, 512, heads=1)
    (5): GATConv(512, 512, heads=1)
    (6): GATConv(512, 512, heads=1)
    (7): GATConv(512, 512, heads=1)
    (8): GATConv(512, 512, heads=1)
    (9): GATConv(512, 512, heads=1)
  )
  (lins): ModuleList(
    (0): Linear(in_features=300, out_features=512, bias=True)
    (1): Linear(in_features=512, out_features=512, bias=True)
    (2): Linear(in_features=512, out_features=512, bias=True)
    (3): Linear(in_features=512, out_features=512, bias=True)
    (4): Linear(in_features=512, out_features=512, bias=True)
    (5): Linear(in_features=512, out_features=512, bias=True)
    (6): Linear(in_features=512, out_features=512, bias=True)
    (7): Linear(in_features=512, out_features=512, bias=True)
    (8): Linear(in_features=512, out_features=512, bias=True)
    (9): Linear(in_features=512, out_features=512, bias=True)
  )
  (lns): ModuleList(
    (0): LayerNorm((512,), eps=1e-05, elementwise_affine=True)
    (1): LayerNorm((512,), eps=1e-05, elementwise_affine=True)
    (2): LayerNorm((512,), eps=1e-05, elementwise_affine=True)
    (3): LayerNorm((512,), eps=1e-05, elementwise_affine=True)
    (4): LayerNorm((512,), eps=1e-05, elementwise_affine=True)
    (5): LayerNorm((512,), eps=1e-05, elementwise_affine=True)
    (6): LayerNorm((512,), eps=1e-05, elementwise_affine=True)
    (7): LayerNorm((512,), eps=1e-05, elementwise_affine=True)
    (8): LayerNorm((512,), eps=1e-05, elementwise_affine=True)
    (9): LayerNorm((512,), eps=1e-05, elementwise_affine=True)
  )
  (bns): ModuleList(
    (0): BatchNorm1d(512, eps=1e-05, momentum=0.1, affine=True, track_running_stats=True)
    (1): BatchNorm1d(512, eps=1e-05, momentum=0.1, affine=True, track_running_stats=True)
    (2): BatchNorm1d(512, eps=1e-05, momentum=0.1, affine=True, track_running_stats=True)
    (3): BatchNorm1d(512, eps=1e-05, momentum=0.1, affine=True, track_running_stats=True)
    (4): BatchNorm1d(512, eps=1e-05, momentum=0.1, affine=True, track_running_stats=True)
    (5): BatchNorm1d(512, eps=1e-05, momentum=0.1, affine=True, track_running_stats=True)
    (6): BatchNorm1d(512, eps=1e-05, momentum=0.1, affine=True, track_running_stats=True)
    (7): BatchNorm1d(512, eps=1e-05, momentum=0.1, affine=True, track_running_stats=True)
    (8): BatchNorm1d(512, eps=1e-05, momentum=0.1, affine=True, track_running_stats=True)
    (9): BatchNorm1d(512, eps=1e-05, momentum=0.1, affine=True, track_running_stats=True)
  )
  (lin_in): Linear(in_features=300, out_features=512, bias=True)
  (pred_local): Linear(in_features=512, out_features=18, bias=True)
)
Epoch: 00, Loss: 3.0176, Train: 13.83%, Valid: 13.82%, Test: 13.82%, Best Valid: 13.82%, Best Test: 13.82%
Epoch: 100, Loss: 0.2722, Train: 95.14%, Valid: 80.76%, Test: 79.88%, Best Valid: 80.76%, Best Test: 79.88%
Epoch: 200, Loss: 0.0477, Train: 99.96%, Valid: 85.28%, Test: 84.73%, Best Valid: 85.38%, Best Test: 84.77%
Epoch: 300, Loss: 0.0265, Train: 99.96%, Valid: 86.37%, Test: 85.32%, Best Valid: 86.85%, Best Test: 86.07%
Epoch: 400, Loss: 0.0265, Train: 100.00%, Valid: 86.83%, Test: 86.04%, Best Valid: 87.22%, Best Test: 87.08%
Epoch: 500, Loss: 0.0182, Train: 99.96%, Valid: 87.31%, Test: 87.24%, Best Valid: 87.54%, Best Test: 86.78%
Epoch: 600, Loss: 0.0210, Train: 100.00%, Valid: 86.92%, Test: 86.64%, Best Valid: 87.68%, Best Test: 87.45%
Epoch: 700, Loss: 0.0223, Train: 99.98%, Valid: 87.01%, Test: 87.13%, Best Valid: 87.77%, Best Test: 87.49%
Epoch: 800, Loss: 0.0217, Train: 99.98%, Valid: 87.24%, Test: 87.17%, Best Valid: 87.93%, Best Test: 87.61%
Epoch: 900, Loss: 0.0193, Train: 99.98%, Valid: 87.63%, Test: 87.43%, Best Valid: 87.93%, Best Test: 87.61%
Run 01:
Highest Train: 100.00
Highest Valid: 87.94
Highest Test: 88.07
Chosen epoch: 984
Final Train: 99.99
Final Test: 87.66
Epoch: 00, Loss: 2.9905, Train: 13.83%, Valid: 13.82%, Test: 13.84%, Best Valid: 13.82%, Best Test: 13.84%
Epoch: 100, Loss: 0.2721, Train: 96.05%, Valid: 81.55%, Test: 81.94%, Best Valid: 81.80%, Best Test: 81.89%
Epoch: 200, Loss: 0.0523, Train: 99.95%, Valid: 86.09%, Test: 85.77%, Best Valid: 86.92%, Best Test: 86.32%
Epoch: 300, Loss: 0.0299, Train: 99.96%, Valid: 87.93%, Test: 87.54%, Best Valid: 88.38%, Best Test: 87.61%
Epoch: 400, Loss: 0.0383, Train: 99.97%, Valid: 88.30%, Test: 88.03%, Best Valid: 88.76%, Best Test: 88.58%
Epoch: 500, Loss: 0.0232, Train: 100.00%, Valid: 88.56%, Test: 88.58%, Best Valid: 88.95%, Best Test: 88.65%
Epoch: 600, Loss: 0.0217, Train: 99.98%, Valid: 88.68%, Test: 87.72%, Best Valid: 89.16%, Best Test: 88.49%
Epoch: 700, Loss: 0.0183, Train: 99.98%, Valid: 88.98%, Test: 88.74%, Best Valid: 89.39%, Best Test: 88.28%
Epoch: 800, Loss: 0.0196, Train: 99.95%, Valid: 87.96%, Test: 87.72%, Best Valid: 89.39%, Best Test: 88.28%
Epoch: 900, Loss: 0.0206, Train: 99.98%, Valid: 88.16%, Test: 88.19%, Best Valid: 89.39%, Best Test: 88.28%
Run 02:
Highest Train: 100.00
Highest Valid: 89.39
Highest Test: 89.06
Chosen epoch: 630
Final Train: 100.00
Final Test: 88.28
Epoch: 00, Loss: 2.9880, Train: 5.99%, Valid: 6.00%, Test: 6.00%, Best Valid: 6.00%, Best Test: 6.00%
Epoch: 100, Loss: 0.3596, Train: 93.30%, Valid: 79.26%, Test: 80.34%, Best Valid: 79.26%, Best Test: 80.34%
Epoch: 200, Loss: 0.0654, Train: 99.75%, Valid: 84.50%, Test: 85.56%, Best Valid: 84.70%, Best Test: 85.67%
Epoch: 300, Loss: 0.0311, Train: 99.99%, Valid: 86.23%, Test: 87.10%, Best Valid: 86.28%, Best Test: 87.08%
Epoch: 400, Loss: 0.0262, Train: 100.00%, Valid: 86.78%, Test: 87.40%, Best Valid: 87.08%, Best Test: 87.52%
Epoch: 500, Loss: 0.0267, Train: 100.00%, Valid: 87.08%, Test: 87.79%, Best Valid: 87.34%, Best Test: 87.77%
Epoch: 600, Loss: 0.0237, Train: 99.99%, Valid: 87.13%, Test: 87.54%, Best Valid: 87.43%, Best Test: 88.21%
Epoch: 700, Loss: 0.0205, Train: 99.99%, Valid: 87.34%, Test: 88.14%, Best Valid: 87.68%, Best Test: 88.23%
Epoch: 800, Loss: 0.0197, Train: 100.00%, Valid: 87.17%, Test: 88.12%, Best Valid: 87.78%, Best Test: 88.44%
Epoch: 900, Loss: 0.0196, Train: 100.00%, Valid: 87.26%, Test: 88.44%, Best Valid: 87.78%, Best Test: 88.44%
Run 03:
Highest Train: 100.00
Highest Valid: 87.78
Highest Test: 88.76
Chosen epoch: 703
Final Train: 100.00
Final Test: 88.44
Epoch: 00, Loss: 2.9935, Train: 1.46%, Valid: 1.45%, Test: 1.45%, Best Valid: 1.45%, Best Test: 1.45%
Epoch: 100, Loss: 0.3584, Train: 93.86%, Valid: 82.88%, Test: 82.35%, Best Valid: 82.88%, Best Test: 82.35%
Epoch: 200, Loss: 0.0552, Train: 99.92%, Valid: 87.01%, Test: 86.43%, Best Valid: 87.01%, Best Test: 86.43%
Epoch: 300, Loss: 0.0360, Train: 100.00%, Valid: 87.84%, Test: 86.85%, Best Valid: 87.86%, Best Test: 87.50%
Epoch: 400, Loss: 0.0259, Train: 99.94%, Valid: 88.07%, Test: 87.29%, Best Valid: 88.58%, Best Test: 87.93%
Epoch: 500, Loss: 0.0273, Train: 99.99%, Valid: 88.54%, Test: 88.65%, Best Valid: 89.00%, Best Test: 88.33%
Epoch: 600, Loss: 0.0263, Train: 100.00%, Valid: 88.76%, Test: 88.39%, Best Valid: 89.30%, Best Test: 88.23%
Epoch: 700, Loss: 0.0204, Train: 99.99%, Valid: 88.60%, Test: 87.77%, Best Valid: 89.30%, Best Test: 88.23%
Epoch: 800, Loss: 0.0149, Train: 99.99%, Valid: 89.32%, Test: 88.60%, Best Valid: 89.43%, Best Test: 88.58%
Epoch: 900, Loss: 0.0135, Train: 99.98%, Valid: 88.63%, Test: 88.30%, Best Valid: 89.43%, Best Test: 88.58%
Run 04:
Highest Train: 100.00
Highest Valid: 89.43
Highest Test: 88.79
Chosen epoch: 799
Final Train: 99.99
Final Test: 88.58
Epoch: 00, Loss: 2.9715, Train: 13.74%, Valid: 14.05%, Test: 13.77%, Best Valid: 14.05%, Best Test: 13.77%
Epoch: 100, Loss: 0.2580, Train: 96.58%, Valid: 81.17%, Test: 80.62%, Best Valid: 81.31%, Best Test: 80.90%
Epoch: 200, Loss: 0.0411, Train: 99.97%, Valid: 85.24%, Test: 84.93%, Best Valid: 85.44%, Best Test: 84.96%
Epoch: 300, Loss: 0.0293, Train: 100.00%, Valid: 86.39%, Test: 86.36%, Best Valid: 86.64%, Best Test: 86.06%
Epoch: 400, Loss: 0.0269, Train: 99.93%, Valid: 85.65%, Test: 85.49%, Best Valid: 86.65%, Best Test: 86.57%
Epoch: 500, Loss: 0.0266, Train: 100.00%, Valid: 87.10%, Test: 87.33%, Best Valid: 87.59%, Best Test: 87.31%
Epoch: 600, Loss: 0.0217, Train: 99.99%, Valid: 86.58%, Test: 86.78%, Best Valid: 87.59%, Best Test: 87.31%
Epoch: 700, Loss: 0.0217, Train: 99.99%, Valid: 87.01%, Test: 87.12%, Best Valid: 87.59%, Best Test: 87.31%
Epoch: 800, Loss: 0.0193, Train: 99.98%, Valid: 86.97%, Test: 86.80%, Best Valid: 87.59%, Best Test: 87.31%
Epoch: 900, Loss: 0.0250, Train: 99.99%, Valid: 86.53%, Test: 86.50%, Best Valid: 87.59%, Best Test: 87.31%
Run 05:
Highest Train: 100.00
Highest Valid: 87.59
Highest Test: 87.89
Chosen epoch: 479
Final Train: 99.99
Final Test: 87.31
All runs:
Highest Train: 100.00 ± 0.00
Highest Test: 88.51 ± 0.50
Highest Valid: 88.43 ± 0.90
  Final Train: 99.99 ± 0.00
   Final Test: 88.06 ± 0.54
Saving results to results/gnn_gnn/roman-empire/MPNN_gat.csv

Running with GNN-GNN Regularization (lambda=0.2, freq=50)...
Namespace(bn=True, cpu=False, data_dir='./data/', dataset='roman-empire', device=0, display_step=100, dropout=0.3, epochs=1000, gnn='gat', hidden_channels=512, jk=False, label_num_per_class=20, lambda_val=0.2, ln=False, local_layers=10, lr=0.001, metric='acc', mlp_epochs=500, mlp_reg=False, model='MPNN', model_dir='./model/', num_heads=1, oracle_reg=False, pre_linear=False, pre_ln=False, rand_split=False, rand_split_class=False, reg_start_epoch=10, reg_update_freq=50, res=True, result_dir='results/gnn_gnn', runs=5, save_model=False, seed=42, test_num=1000, train_prop=0.5, use_reg=True, valid_num=500, valid_prop=0.25, weight_decay=0.0005)
roman-empire
dataset roman-empire | num nodes 22662 | num edge 32927 | num node feats 300 | num classes 18
MODEL: MPNNs(
  (h_lins): ModuleList()
  (local_convs): ModuleList(
    (0): GATConv(300, 512, heads=1)
    (1): GATConv(512, 512, heads=1)
    (2): GATConv(512, 512, heads=1)
    (3): GATConv(512, 512, heads=1)
    (4): GATConv(512, 512, heads=1)
    (5): GATConv(512, 512, heads=1)
    (6): GATConv(512, 512, heads=1)
    (7): GATConv(512, 512, heads=1)
    (8): GATConv(512, 512, heads=1)
    (9): GATConv(512, 512, heads=1)
  )
  (lins): ModuleList(
    (0): Linear(in_features=300, out_features=512, bias=True)
    (1): Linear(in_features=512, out_features=512, bias=True)
    (2): Linear(in_features=512, out_features=512, bias=True)
    (3): Linear(in_features=512, out_features=512, bias=True)
    (4): Linear(in_features=512, out_features=512, bias=True)
    (5): Linear(in_features=512, out_features=512, bias=True)
    (6): Linear(in_features=512, out_features=512, bias=True)
    (7): Linear(in_features=512, out_features=512, bias=True)
    (8): Linear(in_features=512, out_features=512, bias=True)
    (9): Linear(in_features=512, out_features=512, bias=True)
  )
  (lns): ModuleList(
    (0): LayerNorm((512,), eps=1e-05, elementwise_affine=True)
    (1): LayerNorm((512,), eps=1e-05, elementwise_affine=True)
    (2): LayerNorm((512,), eps=1e-05, elementwise_affine=True)
    (3): LayerNorm((512,), eps=1e-05, elementwise_affine=True)
    (4): LayerNorm((512,), eps=1e-05, elementwise_affine=True)
    (5): LayerNorm((512,), eps=1e-05, elementwise_affine=True)
    (6): LayerNorm((512,), eps=1e-05, elementwise_affine=True)
    (7): LayerNorm((512,), eps=1e-05, elementwise_affine=True)
    (8): LayerNorm((512,), eps=1e-05, elementwise_affine=True)
    (9): LayerNorm((512,), eps=1e-05, elementwise_affine=True)
  )
  (bns): ModuleList(
    (0): BatchNorm1d(512, eps=1e-05, momentum=0.1, affine=True, track_running_stats=True)
    (1): BatchNorm1d(512, eps=1e-05, momentum=0.1, affine=True, track_running_stats=True)
    (2): BatchNorm1d(512, eps=1e-05, momentum=0.1, affine=True, track_running_stats=True)
    (3): BatchNorm1d(512, eps=1e-05, momentum=0.1, affine=True, track_running_stats=True)
    (4): BatchNorm1d(512, eps=1e-05, momentum=0.1, affine=True, track_running_stats=True)
    (5): BatchNorm1d(512, eps=1e-05, momentum=0.1, affine=True, track_running_stats=True)
    (6): BatchNorm1d(512, eps=1e-05, momentum=0.1, affine=True, track_running_stats=True)
    (7): BatchNorm1d(512, eps=1e-05, momentum=0.1, affine=True, track_running_stats=True)
    (8): BatchNorm1d(512, eps=1e-05, momentum=0.1, affine=True, track_running_stats=True)
    (9): BatchNorm1d(512, eps=1e-05, momentum=0.1, affine=True, track_running_stats=True)
  )
  (lin_in): Linear(in_features=300, out_features=512, bias=True)
  (pred_local): Linear(in_features=512, out_features=18, bias=True)
)
Epoch: 00, Loss: 3.0176, Train: 13.83%, Valid: 13.82%, Test: 13.82%, Best Valid: 13.82%, Best Test: 13.82%
Epoch: 100, Loss: 0.3038, Train: 95.49%, Valid: 80.90%, Test: 80.62%, Best Valid: 80.90%, Best Test: 80.62%
Epoch: 200, Loss: 0.0514, Train: 99.96%, Valid: 84.91%, Test: 84.72%, Best Valid: 85.28%, Best Test: 85.00%
Epoch: 300, Loss: 0.0279, Train: 99.97%, Valid: 86.60%, Test: 86.50%, Best Valid: 86.60%, Best Test: 86.50%
Epoch: 400, Loss: 0.0252, Train: 99.98%, Valid: 86.69%, Test: 86.43%, Best Valid: 87.29%, Best Test: 86.66%
Epoch: 500, Loss: 0.0242, Train: 99.97%, Valid: 87.41%, Test: 86.55%, Best Valid: 87.57%, Best Test: 87.31%
Epoch: 600, Loss: 0.0177, Train: 99.98%, Valid: 87.48%, Test: 86.85%, Best Valid: 87.84%, Best Test: 87.17%
Epoch: 700, Loss: 0.0216, Train: 99.98%, Valid: 87.17%, Test: 86.64%, Best Valid: 88.24%, Best Test: 87.63%
Epoch: 800, Loss: 0.0210, Train: 99.99%, Valid: 87.04%, Test: 87.01%, Best Valid: 88.24%, Best Test: 87.63%
Epoch: 900, Loss: 0.0160, Train: 99.99%, Valid: 87.29%, Test: 87.35%, Best Valid: 88.24%, Best Test: 87.63%
Run 01:
Highest Train: 100.00
Highest Valid: 88.24
Highest Test: 87.84
Chosen epoch: 685
Final Train: 99.98
Final Test: 87.63
Epoch: 00, Loss: 2.9905, Train: 13.83%, Valid: 13.84%, Test: 13.84%, Best Valid: 13.84%, Best Test: 13.84%
Epoch: 100, Loss: 0.3129, Train: 95.64%, Valid: 82.07%, Test: 81.06%, Best Valid: 82.07%, Best Test: 81.06%
Epoch: 200, Loss: 0.0519, Train: 99.96%, Valid: 86.97%, Test: 86.25%, Best Valid: 86.97%, Best Test: 86.25%
Epoch: 300, Loss: 0.0362, Train: 99.98%, Valid: 87.11%, Test: 87.17%, Best Valid: 87.96%, Best Test: 87.20%
Epoch: 400, Loss: 0.0272, Train: 99.99%, Valid: 87.29%, Test: 87.59%, Best Valid: 88.35%, Best Test: 88.26%
Epoch: 500, Loss: 0.0171, Train: 100.00%, Valid: 88.07%, Test: 88.07%, Best Valid: 88.60%, Best Test: 88.26%
Epoch: 600, Loss: 0.0211, Train: 100.00%, Valid: 88.35%, Test: 88.51%, Best Valid: 88.79%, Best Test: 88.62%
Epoch: 700, Loss: 0.0214, Train: 99.98%, Valid: 87.68%, Test: 87.91%, Best Valid: 88.86%, Best Test: 88.74%
Epoch: 800, Loss: 0.0227, Train: 99.99%, Valid: 88.37%, Test: 88.09%, Best Valid: 89.07%, Best Test: 88.67%
Epoch: 900, Loss: 0.0230, Train: 99.96%, Valid: 88.37%, Test: 88.40%, Best Valid: 89.07%, Best Test: 88.67%
Run 02:
Highest Train: 100.00
Highest Valid: 89.07
Highest Test: 89.08
Chosen epoch: 751
Final Train: 99.99
Final Test: 88.67
Epoch: 00, Loss: 2.9880, Train: 5.99%, Valid: 6.00%, Test: 6.00%, Best Valid: 6.00%, Best Test: 6.00%
Epoch: 100, Loss: 0.6205, Train: 87.50%, Valid: 78.78%, Test: 79.49%, Best Valid: 78.85%, Best Test: 79.09%
Epoch: 200, Loss: 0.1597, Train: 98.99%, Valid: 85.61%, Test: 86.59%, Best Valid: 85.90%, Best Test: 86.11%
Epoch: 300, Loss: 0.0684, Train: 99.97%, Valid: 87.03%, Test: 87.56%, Best Valid: 87.18%, Best Test: 87.75%
Epoch: 400, Loss: 0.0410, Train: 100.00%, Valid: 87.45%, Test: 87.80%, Best Valid: 88.01%, Best Test: 87.89%
Epoch: 500, Loss: 0.0327, Train: 100.00%, Valid: 87.75%, Test: 88.14%, Best Valid: 88.38%, Best Test: 88.86%
Epoch: 600, Loss: 0.0316, Train: 99.99%, Valid: 88.08%, Test: 88.44%, Best Valid: 88.38%, Best Test: 88.86%
Epoch: 700, Loss: 0.0250, Train: 99.98%, Valid: 87.22%, Test: 88.14%, Best Valid: 88.49%, Best Test: 88.90%
Epoch: 800, Loss: 0.0308, Train: 100.00%, Valid: 87.61%, Test: 88.12%, Best Valid: 88.49%, Best Test: 88.90%
Epoch: 900, Loss: 0.0293, Train: 100.00%, Valid: 87.91%, Test: 88.37%, Best Valid: 88.49%, Best Test: 88.90%
Run 03:
Highest Train: 100.00
Highest Valid: 88.63
Highest Test: 89.25
Chosen epoch: 962
Final Train: 99.99
Final Test: 88.65
Epoch: 00, Loss: 2.9935, Train: 1.46%, Valid: 1.45%, Test: 1.45%, Best Valid: 1.45%, Best Test: 1.45%
Epoch: 100, Loss: 0.3902, Train: 93.83%, Valid: 82.77%, Test: 82.44%, Best Valid: 82.77%, Best Test: 82.44%
Epoch: 200, Loss: 0.0699, Train: 99.91%, Valid: 86.76%, Test: 86.94%, Best Valid: 87.13%, Best Test: 87.01%
Epoch: 300, Loss: 0.0390, Train: 99.96%, Valid: 87.61%, Test: 86.82%, Best Valid: 88.07%, Best Test: 87.75%
Epoch: 400, Loss: 0.0250, Train: 99.96%, Valid: 88.46%, Test: 87.75%, Best Valid: 88.63%, Best Test: 87.96%
Epoch: 500, Loss: 0.0253, Train: 99.96%, Valid: 88.14%, Test: 87.61%, Best Valid: 88.86%, Best Test: 88.10%
Epoch: 600, Loss: 0.0281, Train: 99.97%, Valid: 88.76%, Test: 88.30%, Best Valid: 88.97%, Best Test: 88.30%
Epoch: 700, Loss: 0.0177, Train: 100.00%, Valid: 88.72%, Test: 87.93%, Best Valid: 89.25%, Best Test: 88.74%
Epoch: 800, Loss: 0.0198, Train: 100.00%, Valid: 88.51%, Test: 87.75%, Best Valid: 89.25%, Best Test: 88.74%
Epoch: 900, Loss: 0.0174, Train: 99.97%, Valid: 88.44%, Test: 87.52%, Best Valid: 89.25%, Best Test: 88.74%
Run 04:
Highest Train: 100.00
Highest Valid: 89.25
Highest Test: 88.92
Chosen epoch: 630
Final Train: 100.00
Final Test: 88.74
Epoch: 00, Loss: 2.9715, Train: 13.75%, Valid: 14.05%, Test: 13.77%, Best Valid: 14.05%, Best Test: 13.77%
Epoch: 100, Loss: 0.2765, Train: 96.56%, Valid: 81.29%, Test: 80.36%, Best Valid: 81.29%, Best Test: 80.36%
Epoch: 200, Loss: 0.0441, Train: 99.96%, Valid: 85.01%, Test: 84.95%, Best Valid: 85.77%, Best Test: 85.35%
Epoch: 300, Loss: 0.0349, Train: 99.94%, Valid: 85.24%, Test: 84.87%, Best Valid: 86.55%, Best Test: 85.83%
Epoch: 400, Loss: 0.0221, Train: 99.99%, Valid: 86.48%, Test: 86.25%, Best Valid: 87.01%, Best Test: 87.13%
Epoch: 500, Loss: 0.0247, Train: 99.99%, Valid: 86.46%, Test: 87.13%, Best Valid: 87.22%, Best Test: 87.33%
Epoch: 600, Loss: 0.0254, Train: 99.98%, Valid: 85.95%, Test: 86.83%, Best Valid: 87.22%, Best Test: 87.33%
Epoch: 700, Loss: 0.0246, Train: 99.97%, Valid: 86.76%, Test: 87.24%, Best Valid: 87.68%, Best Test: 87.08%
Epoch: 800, Loss: 0.0207, Train: 100.00%, Valid: 86.88%, Test: 87.05%, Best Valid: 87.68%, Best Test: 87.08%
Epoch: 900, Loss: 0.0217, Train: 99.93%, Valid: 86.92%, Test: 87.19%, Best Valid: 87.68%, Best Test: 87.08%
Run 05:
Highest Train: 100.00
Highest Valid: 87.68
Highest Test: 87.86
Chosen epoch: 680
Final Train: 100.00
Final Test: 87.08
All runs:
Highest Train: 100.00 ± 0.00
Highest Test: 88.59 ± 0.69
Highest Valid: 88.58 ± 0.64
  Final Train: 99.99 ± 0.01
   Final Test: 88.15 ± 0.76
Saving results to results/gnn_gnn/roman-empire/MPNN_gat.csv

Running with GNN-GNN Regularization (lambda=0.4, freq=50)...
Namespace(bn=True, cpu=False, data_dir='./data/', dataset='roman-empire', device=0, display_step=100, dropout=0.3, epochs=1000, gnn='gat', hidden_channels=512, jk=False, label_num_per_class=20, lambda_val=0.4, ln=False, local_layers=10, lr=0.001, metric='acc', mlp_epochs=500, mlp_reg=False, model='MPNN', model_dir='./model/', num_heads=1, oracle_reg=False, pre_linear=False, pre_ln=False, rand_split=False, rand_split_class=False, reg_start_epoch=10, reg_update_freq=50, res=True, result_dir='results/gnn_gnn', runs=5, save_model=False, seed=42, test_num=1000, train_prop=0.5, use_reg=True, valid_num=500, valid_prop=0.25, weight_decay=0.0005)
roman-empire
dataset roman-empire | num nodes 22662 | num edge 32927 | num node feats 300 | num classes 18
MODEL: MPNNs(
  (h_lins): ModuleList()
  (local_convs): ModuleList(
    (0): GATConv(300, 512, heads=1)
    (1): GATConv(512, 512, heads=1)
    (2): GATConv(512, 512, heads=1)
    (3): GATConv(512, 512, heads=1)
    (4): GATConv(512, 512, heads=1)
    (5): GATConv(512, 512, heads=1)
    (6): GATConv(512, 512, heads=1)
    (7): GATConv(512, 512, heads=1)
    (8): GATConv(512, 512, heads=1)
    (9): GATConv(512, 512, heads=1)
  )
  (lins): ModuleList(
    (0): Linear(in_features=300, out_features=512, bias=True)
    (1): Linear(in_features=512, out_features=512, bias=True)
    (2): Linear(in_features=512, out_features=512, bias=True)
    (3): Linear(in_features=512, out_features=512, bias=True)
    (4): Linear(in_features=512, out_features=512, bias=True)
    (5): Linear(in_features=512, out_features=512, bias=True)
    (6): Linear(in_features=512, out_features=512, bias=True)
    (7): Linear(in_features=512, out_features=512, bias=True)
    (8): Linear(in_features=512, out_features=512, bias=True)
    (9): Linear(in_features=512, out_features=512, bias=True)
  )
  (lns): ModuleList(
    (0): LayerNorm((512,), eps=1e-05, elementwise_affine=True)
    (1): LayerNorm((512,), eps=1e-05, elementwise_affine=True)
    (2): LayerNorm((512,), eps=1e-05, elementwise_affine=True)
    (3): LayerNorm((512,), eps=1e-05, elementwise_affine=True)
    (4): LayerNorm((512,), eps=1e-05, elementwise_affine=True)
    (5): LayerNorm((512,), eps=1e-05, elementwise_affine=True)
    (6): LayerNorm((512,), eps=1e-05, elementwise_affine=True)
    (7): LayerNorm((512,), eps=1e-05, elementwise_affine=True)
    (8): LayerNorm((512,), eps=1e-05, elementwise_affine=True)
    (9): LayerNorm((512,), eps=1e-05, elementwise_affine=True)
  )
  (bns): ModuleList(
    (0): BatchNorm1d(512, eps=1e-05, momentum=0.1, affine=True, track_running_stats=True)
    (1): BatchNorm1d(512, eps=1e-05, momentum=0.1, affine=True, track_running_stats=True)
    (2): BatchNorm1d(512, eps=1e-05, momentum=0.1, affine=True, track_running_stats=True)
    (3): BatchNorm1d(512, eps=1e-05, momentum=0.1, affine=True, track_running_stats=True)
    (4): BatchNorm1d(512, eps=1e-05, momentum=0.1, affine=True, track_running_stats=True)
    (5): BatchNorm1d(512, eps=1e-05, momentum=0.1, affine=True, track_running_stats=True)
    (6): BatchNorm1d(512, eps=1e-05, momentum=0.1, affine=True, track_running_stats=True)
    (7): BatchNorm1d(512, eps=1e-05, momentum=0.1, affine=True, track_running_stats=True)
    (8): BatchNorm1d(512, eps=1e-05, momentum=0.1, affine=True, track_running_stats=True)
    (9): BatchNorm1d(512, eps=1e-05, momentum=0.1, affine=True, track_running_stats=True)
  )
  (lin_in): Linear(in_features=300, out_features=512, bias=True)
  (pred_local): Linear(in_features=512, out_features=18, bias=True)
)
Epoch: 00, Loss: 3.0176, Train: 13.83%, Valid: 13.82%, Test: 13.82%, Best Valid: 13.82%, Best Test: 13.82%
Epoch: 100, Loss: 0.3447, Train: 95.02%, Valid: 80.67%, Test: 78.98%, Best Valid: 80.67%, Best Test: 78.98%
Epoch: 200, Loss: 0.0615, Train: 99.94%, Valid: 86.05%, Test: 85.23%, Best Valid: 86.05%, Best Test: 85.23%
Epoch: 300, Loss: 0.0414, Train: 99.96%, Valid: 85.88%, Test: 85.86%, Best Valid: 86.85%, Best Test: 86.39%
Epoch: 400, Loss: 0.0370, Train: 99.99%, Valid: 86.57%, Test: 86.85%, Best Valid: 87.26%, Best Test: 87.06%
Epoch: 500, Loss: 0.0273, Train: 99.99%, Valid: 86.94%, Test: 87.03%, Best Valid: 87.64%, Best Test: 87.27%
Epoch: 600, Loss: 0.0242, Train: 99.98%, Valid: 88.08%, Test: 87.35%, Best Valid: 88.14%, Best Test: 87.96%
Epoch: 700, Loss: 0.0236, Train: 99.92%, Valid: 86.60%, Test: 86.94%, Best Valid: 88.33%, Best Test: 88.53%
Epoch: 800, Loss: 0.0224, Train: 99.98%, Valid: 87.36%, Test: 87.40%, Best Valid: 88.33%, Best Test: 88.53%
Epoch: 900, Loss: 0.0236, Train: 99.99%, Valid: 87.38%, Test: 87.75%, Best Valid: 88.33%, Best Test: 88.53%
Run 01:
Highest Train: 100.00
Highest Valid: 88.33
Highest Test: 88.55
Chosen epoch: 620
Final Train: 99.97
Final Test: 88.53
Epoch: 00, Loss: 2.9905, Train: 13.83%, Valid: 13.82%, Test: 13.84%, Best Valid: 13.82%, Best Test: 13.84%
Epoch: 100, Loss: 0.3408, Train: 95.66%, Valid: 80.88%, Test: 81.13%, Best Valid: 81.82%, Best Test: 81.63%
Epoch: 200, Loss: 0.0535, Train: 99.96%, Valid: 86.53%, Test: 85.46%, Best Valid: 86.57%, Best Test: 85.79%
Epoch: 300, Loss: 0.0404, Train: 100.00%, Valid: 87.40%, Test: 87.03%, Best Valid: 87.98%, Best Test: 87.43%
Epoch: 400, Loss: 0.0317, Train: 99.99%, Valid: 87.77%, Test: 87.40%, Best Valid: 88.54%, Best Test: 87.56%
Epoch: 500, Loss: 0.0274, Train: 99.97%, Valid: 87.86%, Test: 87.79%, Best Valid: 88.58%, Best Test: 88.21%
Epoch: 600, Loss: 0.0238, Train: 100.00%, Valid: 88.70%, Test: 88.37%, Best Valid: 88.86%, Best Test: 88.35%
Epoch: 700, Loss: 0.0279, Train: 99.99%, Valid: 88.24%, Test: 88.00%, Best Valid: 88.98%, Best Test: 89.00%
Epoch: 800, Loss: 0.0207, Train: 99.99%, Valid: 88.08%, Test: 87.98%, Best Valid: 89.13%, Best Test: 88.63%
Epoch: 900, Loss: 0.0276, Train: 100.00%, Valid: 88.88%, Test: 88.19%, Best Valid: 89.13%, Best Test: 88.63%
Run 02:
Highest Train: 100.00
Highest Valid: 89.13
Highest Test: 89.13
Chosen epoch: 739
Final Train: 99.99
Final Test: 88.63
Epoch: 00, Loss: 2.9880, Train: 5.99%, Valid: 6.00%, Test: 6.00%, Best Valid: 6.00%, Best Test: 6.00%
Epoch: 100, Loss: 0.4599, Train: 92.82%, Valid: 79.65%, Test: 81.12%, Best Valid: 79.65%, Best Test: 81.12%
Epoch: 200, Loss: 0.0820, Train: 99.85%, Valid: 84.91%, Test: 86.09%, Best Valid: 85.14%, Best Test: 85.77%
Epoch: 300, Loss: 0.0466, Train: 99.99%, Valid: 86.23%, Test: 86.75%, Best Valid: 86.44%, Best Test: 86.75%
Epoch: 400, Loss: 0.0291, Train: 99.97%, Valid: 86.20%, Test: 87.08%, Best Valid: 87.15%, Best Test: 87.56%
Epoch: 500, Loss: 0.0300, Train: 100.00%, Valid: 86.39%, Test: 87.24%, Best Valid: 87.34%, Best Test: 88.12%
Epoch: 600, Loss: 0.0299, Train: 100.00%, Valid: 87.04%, Test: 88.09%, Best Valid: 87.56%, Best Test: 88.14%
Epoch: 700, Loss: 0.0200, Train: 99.98%, Valid: 87.01%, Test: 87.93%, Best Valid: 87.64%, Best Test: 88.32%
Epoch: 800, Loss: 0.0268, Train: 100.00%, Valid: 87.40%, Test: 88.03%, Best Valid: 87.66%, Best Test: 88.37%
Epoch: 900, Loss: 0.0215, Train: 99.99%, Valid: 87.04%, Test: 87.72%, Best Valid: 87.66%, Best Test: 88.37%
Run 03:
Highest Train: 100.00
Highest Valid: 87.66
Highest Test: 88.63
Chosen epoch: 755
Final Train: 99.99
Final Test: 88.37
Epoch: 00, Loss: 2.9935, Train: 1.46%, Valid: 1.45%, Test: 1.45%, Best Valid: 1.45%, Best Test: 1.45%
Epoch: 100, Loss: 0.4843, Train: 93.78%, Valid: 82.65%, Test: 81.75%, Best Valid: 82.65%, Best Test: 81.75%
Epoch: 200, Loss: 0.0735, Train: 99.90%, Valid: 86.35%, Test: 86.36%, Best Valid: 86.74%, Best Test: 86.00%
Epoch: 300, Loss: 0.0404, Train: 99.98%, Valid: 87.22%, Test: 87.26%, Best Valid: 88.31%, Best Test: 87.29%
Epoch: 400, Loss: 0.0275, Train: 99.99%, Valid: 87.84%, Test: 87.36%, Best Valid: 88.54%, Best Test: 87.54%
Epoch: 500, Loss: 0.0284, Train: 99.96%, Valid: 87.87%, Test: 87.72%, Best Valid: 88.88%, Best Test: 87.56%
Epoch: 600, Loss: 0.0237, Train: 99.99%, Valid: 88.58%, Test: 88.02%, Best Valid: 88.88%, Best Test: 87.56%
Epoch: 700, Loss: 0.0246, Train: 99.99%, Valid: 87.78%, Test: 87.59%, Best Valid: 88.88%, Best Test: 87.56%
Epoch: 800, Loss: 0.0399, Train: 99.81%, Valid: 88.21%, Test: 87.75%, Best Valid: 89.06%, Best Test: 87.91%
Epoch: 900, Loss: 0.0209, Train: 99.97%, Valid: 88.53%, Test: 88.21%, Best Valid: 89.06%, Best Test: 87.91%
Run 04:
Highest Train: 100.00
Highest Valid: 89.06
Highest Test: 88.44
Chosen epoch: 764
Final Train: 99.97
Final Test: 87.91
Epoch: 00, Loss: 2.9715, Train: 13.74%, Valid: 14.05%, Test: 13.77%, Best Valid: 14.05%, Best Test: 13.77%
Epoch: 100, Loss: 0.3187, Train: 96.71%, Valid: 81.22%, Test: 80.43%, Best Valid: 81.22%, Best Test: 80.43%
Epoch: 200, Loss: 0.0519, Train: 99.95%, Valid: 84.73%, Test: 84.95%, Best Valid: 85.47%, Best Test: 85.30%
Epoch: 300, Loss: 0.0343, Train: 100.00%, Valid: 86.34%, Test: 86.27%, Best Valid: 86.34%, Best Test: 86.27%
Epoch: 400, Loss: 0.0238, Train: 99.99%, Valid: 86.16%, Test: 85.99%, Best Valid: 86.90%, Best Test: 86.36%
Epoch: 500, Loss: 0.0356, Train: 99.97%, Valid: 86.65%, Test: 86.59%, Best Valid: 87.11%, Best Test: 86.87%
Epoch: 600, Loss: 0.0225, Train: 100.00%, Valid: 86.67%, Test: 87.08%, Best Valid: 87.15%, Best Test: 86.97%
Epoch: 700, Loss: 0.0298, Train: 99.99%, Valid: 86.35%, Test: 86.89%, Best Valid: 87.15%, Best Test: 86.97%
Epoch: 800, Loss: 0.0245, Train: 100.00%, Valid: 86.50%, Test: 86.85%, Best Valid: 87.22%, Best Test: 87.13%
Epoch: 900, Loss: 0.0270, Train: 100.00%, Valid: 86.81%, Test: 86.96%, Best Valid: 87.22%, Best Test: 87.13%
Run 05:
Highest Train: 100.00
Highest Valid: 87.22
Highest Test: 87.73
Chosen epoch: 736
Final Train: 100.00
Final Test: 87.13
All runs:
Highest Train: 100.00 ± 0.00
Highest Test: 88.50 ± 0.50
Highest Valid: 88.28 ± 0.84
  Final Train: 99.99 ± 0.01
   Final Test: 88.12 ± 0.61
Saving results to results/gnn_gnn/roman-empire/MPNN_gat.csv

GNN-GNN sweep completed!
==========================================================
Rerun completed at: Tue Apr 28 01:40:29 PM EDT 2026
==========================================================
