==========================================================
Homophilic MLP-Reg GNN Sweep — Dataset: citeseer
Array task: 6 / Job: 998532
Date: Sun Apr 26 12:03:06 AM EDT 2026 | Host: n0002
==========================================================
Sun Apr 26 00:03:15 2026       
+-----------------------------------------------------------------------------------------+
| NVIDIA-SMI 570.211.01             Driver Version: 570.211.01     CUDA Version: 12.8     |
|-----------------------------------------+------------------------+----------------------+
| GPU  Name                 Persistence-M | Bus-Id          Disp.A | Volatile Uncorr. ECC |
| Fan  Temp   Perf          Pwr:Usage/Cap |           Memory-Usage | GPU-Util  Compute M. |
|                                         |                        |               MIG M. |
|=========================================+========================+======================|
|   0  NVIDIA A100-SXM4-80GB          On  |   00000000:01:00.0 Off |                   On |
| N/A   43C    P0            202W /  500W |   38971MiB /  81920MiB |     N/A      Default |
|                                         |                        |              Enabled |
+-----------------------------------------+------------------------+----------------------+
|   1  NVIDIA A100-SXM4-80GB          On  |   00000000:41:00.0 Off |                   On |
| N/A   41C    P0            187W /  500W |   16939MiB /  81920MiB |     N/A      Default |
|                                         |                        |              Enabled |
+-----------------------------------------+------------------------+----------------------+
|   2  NVIDIA A100-SXM4-80GB          On  |   00000000:81:00.0 Off |                   On |
| N/A   42C    P0            155W /  500W |   36855MiB /  81920MiB |     N/A      Default |
|                                         |                        |              Enabled |
+-----------------------------------------+------------------------+----------------------+
|   3  NVIDIA A100-SXM4-80GB          On  |   00000000:C1:00.0 Off |                   On |
| N/A   25C    P0             49W /  500W |     185MiB /  81920MiB |     N/A      Default |
|                                         |                        |              Enabled |
+-----------------------------------------+------------------------+----------------------+

+-----------------------------------------------------------------------------------------+
| MIG devices:                                                                            |
+------------------+----------------------------------+-----------+-----------------------+
| GPU  GI  CI  MIG |                     Memory-Usage |        Vol|        Shared         |
|      ID  ID  Dev |                       BAR1-Usage | SM     Unc| CE ENC  DEC  OFA  JPG |
|                  |                                  |        ECC|                       |
|==================+==================================+===========+=======================|
|  0   14   0   0  |              27MiB /  9728MiB    | 14      0 |  1   0    0    0    0 |
|                  |                 0MiB / 16383MiB  |           |                       |
+------------------+----------------------------------+-----------+-----------------------+
                                                                                         
+-----------------------------------------------------------------------------------------+
| Processes:                                                                              |
|  GPU   GI   CI              PID   Type   Process name                        GPU Memory |
|        ID   ID                                                               Usage      |
|=========================================================================================|
|    1    2    0            53019      C   python                                16748MiB |
|    2    2    0            26137      C   ...strained-crl/.venv/bin/python      36664MiB |
+-----------------------------------------------------------------------------------------+
1.12.1
True
NVIDIA A100-SXM4-80GB MIG 1g.10gb
==========================================================
Starting Homophilic MLP-Reg Sweep for:
python main.py --gnn gcn  --dataset citeseer --hidden_channels 512 --lr 0.001 --runs 5 --local_layers 2 --weight_decay 0.01 --dropout 0.5 --rand_split_class --valid_num 500 --test_num 1000 --seed 123 --device 0
==========================================================
Running Baseline (REG: False)...
Namespace(bn=False, cpu=False, data_dir='./data/', dataset='citeseer', device=0, display_step=100, dropout=0.5, epochs=500, gnn='gcn', hidden_channels=512, jk=False, label_num_per_class=20, lambda_val=0.5, ln=False, local_layers=2, lr=0.001, metric='acc', mlp_epochs=500, mlp_reg=False, model='MPNN', model_dir='./model/', num_heads=1, pre_linear=False, pre_ln=False, rand_split=False, rand_split_class=True, reg_start_epoch=10, reg_update_freq=5, res=False, runs=5, save_model=False, seed=123, test_num=1000, train_prop=0.5, use_reg=False, valid_num=500, valid_prop=0.25, weight_decay=0.01)
citeseer
Num nodes: 3327
train:torch.Size([120]), valid:torch.Size([500]), test:torch.Size([1000])
dataset citeseer | num nodes 3327 | num edge 9104 | num node feats 3703 | num classes 6
MODEL: MPNNs(
  (h_lins): ModuleList()
  (local_convs): ModuleList(
    (0): GCNConv(3703, 512)
    (1): GCNConv(512, 512)
  )
  (lins): ModuleList(
    (0): Linear(in_features=3703, out_features=512, bias=True)
    (1): Linear(in_features=512, out_features=512, bias=True)
  )
  (lns): ModuleList(
    (0): LayerNorm((512,), eps=1e-05, elementwise_affine=True)
    (1): LayerNorm((512,), eps=1e-05, elementwise_affine=True)
  )
  (bns): ModuleList(
    (0): BatchNorm1d(512, eps=1e-05, momentum=0.1, affine=True, track_running_stats=True)
    (1): BatchNorm1d(512, eps=1e-05, momentum=0.1, affine=True, track_running_stats=True)
  )
  (lin_in): Linear(in_features=3703, out_features=512, bias=True)
  (pred_local): Linear(in_features=512, out_features=6, bias=True)
)
Epoch: 00, Loss: 1.7945, Train: 37.50%, Valid: 31.40%, Test: 30.20%, Best Valid: 31.40%, Best Test: 30.20%
Epoch: 100, Loss: 0.0689, Train: 100.00%, Valid: 68.20%, Test: 71.50%, Best Valid: 70.40%, Best Test: 72.10%
Epoch: 200, Loss: 0.0504, Train: 100.00%, Valid: 67.40%, Test: 71.40%, Best Valid: 70.40%, Best Test: 72.10%
Epoch: 300, Loss: 0.0543, Train: 100.00%, Valid: 67.00%, Test: 71.30%, Best Valid: 70.40%, Best Test: 72.10%
Epoch: 400, Loss: 0.0518, Train: 100.00%, Valid: 67.20%, Test: 70.60%, Best Valid: 70.40%, Best Test: 72.10%
Run 01:
Highest Train: 100.00
Highest Valid: 70.40
Highest Test: 73.10
Chosen epoch: 22
Final Train: 96.67
Final Test: 72.10
Epoch: 00, Loss: 1.7932, Train: 35.00%, Valid: 22.00%, Test: 20.90%, Best Valid: 22.00%, Best Test: 20.90%
Epoch: 100, Loss: 0.0712, Train: 100.00%, Valid: 67.60%, Test: 71.00%, Best Valid: 69.00%, Best Test: 71.60%
Epoch: 200, Loss: 0.0549, Train: 100.00%, Valid: 67.60%, Test: 71.30%, Best Valid: 70.00%, Best Test: 71.90%
Epoch: 300, Loss: 0.0462, Train: 100.00%, Valid: 69.00%, Test: 71.30%, Best Valid: 70.00%, Best Test: 71.90%
Epoch: 400, Loss: 0.0534, Train: 100.00%, Valid: 69.20%, Test: 71.60%, Best Valid: 70.00%, Best Test: 71.90%
Run 02:
Highest Train: 100.00
Highest Valid: 70.00
Highest Test: 73.10
Chosen epoch: 160
Final Train: 100.00
Final Test: 71.90
Epoch: 00, Loss: 1.7890, Train: 42.50%, Valid: 25.80%, Test: 25.90%, Best Valid: 25.80%, Best Test: 25.90%
Epoch: 100, Loss: 0.0700, Train: 100.00%, Valid: 67.80%, Test: 71.30%, Best Valid: 69.00%, Best Test: 72.10%
Epoch: 200, Loss: 0.0532, Train: 100.00%, Valid: 68.20%, Test: 71.70%, Best Valid: 69.00%, Best Test: 72.10%
Epoch: 300, Loss: 0.0517, Train: 100.00%, Valid: 67.60%, Test: 70.90%, Best Valid: 69.40%, Best Test: 71.70%
Epoch: 400, Loss: 0.0519, Train: 100.00%, Valid: 67.20%, Test: 70.50%, Best Valid: 69.40%, Best Test: 71.70%
Run 03:
Highest Train: 100.00
Highest Valid: 69.60
Highest Test: 73.20
Chosen epoch: 443
Final Train: 100.00
Final Test: 72.80
Epoch: 00, Loss: 1.7922, Train: 20.83%, Valid: 17.40%, Test: 16.70%, Best Valid: 17.40%, Best Test: 16.70%
Epoch: 100, Loss: 0.0643, Train: 100.00%, Valid: 68.20%, Test: 71.40%, Best Valid: 69.40%, Best Test: 72.30%
Epoch: 200, Loss: 0.0487, Train: 100.00%, Valid: 66.80%, Test: 70.40%, Best Valid: 69.40%, Best Test: 72.30%
Epoch: 300, Loss: 0.0448, Train: 100.00%, Valid: 68.20%, Test: 70.80%, Best Valid: 69.80%, Best Test: 72.60%
Epoch: 400, Loss: 0.0523, Train: 100.00%, Valid: 67.40%, Test: 71.00%, Best Valid: 69.80%, Best Test: 72.60%
Run 04:
Highest Train: 100.00
Highest Valid: 69.80
Highest Test: 73.10
Chosen epoch: 215
Final Train: 100.00
Final Test: 72.60
Epoch: 00, Loss: 1.7908, Train: 30.83%, Valid: 18.40%, Test: 19.80%, Best Valid: 18.40%, Best Test: 19.80%
Epoch: 100, Loss: 0.0705, Train: 100.00%, Valid: 66.60%, Test: 71.40%, Best Valid: 68.40%, Best Test: 72.20%
Epoch: 200, Loss: 0.0544, Train: 100.00%, Valid: 67.60%, Test: 71.20%, Best Valid: 69.20%, Best Test: 72.30%
Epoch: 300, Loss: 0.0474, Train: 100.00%, Valid: 67.40%, Test: 70.40%, Best Valid: 70.00%, Best Test: 72.40%
Epoch: 400, Loss: 0.0469, Train: 100.00%, Valid: 69.00%, Test: 71.90%, Best Valid: 70.00%, Best Test: 72.40%
Run 05:
Highest Train: 100.00
Highest Valid: 70.00
Highest Test: 73.20
Chosen epoch: 251
Final Train: 100.00
Final Test: 72.40
All runs:
Highest Train: 100.00 ± 0.00
Highest Test: 73.14 ± 0.05
Highest Valid: 69.96 ± 0.30
  Final Train: 99.33 ± 1.49
   Final Test: 72.36 ± 0.36
Saving results to results/citeseer/MPNN_gcn.csv

Running with Pre-trained MLP Regularization (lambda=0.01)...
Namespace(bn=False, cpu=False, data_dir='./data/', dataset='citeseer', device=0, display_step=100, dropout=0.5, epochs=500, gnn='gcn', hidden_channels=512, jk=False, label_num_per_class=20, lambda_val=0.01, ln=False, local_layers=2, lr=0.001, metric='acc', mlp_epochs=500, mlp_reg=True, model='MPNN', model_dir='./model/', num_heads=1, pre_linear=False, pre_ln=False, rand_split=False, rand_split_class=True, reg_start_epoch=10, reg_update_freq=5, res=False, runs=5, save_model=False, seed=123, test_num=1000, train_prop=0.5, use_reg=True, valid_num=500, valid_prop=0.25, weight_decay=0.01)
citeseer
Num nodes: 3327
train:torch.Size([120]), valid:torch.Size([500]), test:torch.Size([1000])
dataset citeseer | num nodes 3327 | num edge 9104 | num node feats 3703 | num classes 6
MODEL: MPNNs(
  (h_lins): ModuleList()
  (local_convs): ModuleList(
    (0): GCNConv(3703, 512)
    (1): GCNConv(512, 512)
  )
  (lins): ModuleList(
    (0): Linear(in_features=3703, out_features=512, bias=True)
    (1): Linear(in_features=512, out_features=512, bias=True)
  )
  (lns): ModuleList(
    (0): LayerNorm((512,), eps=1e-05, elementwise_affine=True)
    (1): LayerNorm((512,), eps=1e-05, elementwise_affine=True)
  )
  (bns): ModuleList(
    (0): BatchNorm1d(512, eps=1e-05, momentum=0.1, affine=True, track_running_stats=True)
    (1): BatchNorm1d(512, eps=1e-05, momentum=0.1, affine=True, track_running_stats=True)
  )
  (lin_in): Linear(in_features=3703, out_features=512, bias=True)
  (pred_local): Linear(in_features=512, out_features=6, bias=True)
)
Pre-training MLP for 500 epochs to generate co-occurrence matrix...
MLP pre-training complete. Penalty matrix frozen.
Epoch: 00, Loss: 1.8086, Train: 35.83%, Valid: 30.80%, Test: 29.60%, Best Valid: 30.80%, Best Test: 29.60%
Epoch: 100, Loss: 0.0728, Train: 100.00%, Valid: 68.20%, Test: 71.40%, Best Valid: 70.40%, Best Test: 72.30%
Epoch: 200, Loss: 0.0503, Train: 100.00%, Valid: 68.80%, Test: 71.70%, Best Valid: 70.40%, Best Test: 72.30%
Epoch: 300, Loss: 0.0498, Train: 100.00%, Valid: 67.80%, Test: 71.10%, Best Valid: 70.40%, Best Test: 72.30%
Epoch: 400, Loss: 0.0447, Train: 100.00%, Valid: 69.20%, Test: 71.90%, Best Valid: 70.40%, Best Test: 72.30%
Run 01:
Highest Train: 100.00
Highest Valid: 70.40
Highest Test: 73.30
Chosen epoch: 22
Final Train: 96.67
Final Test: 72.30
Pre-training MLP for 500 epochs to generate co-occurrence matrix...
MLP pre-training complete. Penalty matrix frozen.
Epoch: 00, Loss: 1.8089, Train: 35.00%, Valid: 16.80%, Test: 16.30%, Best Valid: 16.80%, Best Test: 16.30%
Epoch: 100, Loss: 0.0716, Train: 100.00%, Valid: 67.60%, Test: 70.80%, Best Valid: 70.00%, Best Test: 71.80%
Epoch: 200, Loss: 0.0531, Train: 100.00%, Valid: 67.60%, Test: 71.40%, Best Valid: 70.00%, Best Test: 71.80%
Epoch: 300, Loss: 0.0470, Train: 100.00%, Valid: 68.40%, Test: 70.30%, Best Valid: 70.00%, Best Test: 71.80%
Epoch: 400, Loss: 0.0506, Train: 100.00%, Valid: 68.20%, Test: 70.70%, Best Valid: 70.20%, Best Test: 72.10%
Run 02:
Highest Train: 100.00
Highest Valid: 70.20
Highest Test: 73.40
Chosen epoch: 304
Final Train: 100.00
Final Test: 72.10
Pre-training MLP for 500 epochs to generate co-occurrence matrix...
MLP pre-training complete. Penalty matrix frozen.
Epoch: 00, Loss: 1.8060, Train: 21.67%, Valid: 18.00%, Test: 17.10%, Best Valid: 18.00%, Best Test: 17.10%
Epoch: 100, Loss: 0.0663, Train: 100.00%, Valid: 67.60%, Test: 70.20%, Best Valid: 69.00%, Best Test: 72.30%
Epoch: 200, Loss: 0.0545, Train: 100.00%, Valid: 68.80%, Test: 71.40%, Best Valid: 69.20%, Best Test: 71.30%
Epoch: 300, Loss: 0.0497, Train: 100.00%, Valid: 67.00%, Test: 71.10%, Best Valid: 70.00%, Best Test: 71.60%
Epoch: 400, Loss: 0.0510, Train: 100.00%, Valid: 68.00%, Test: 70.50%, Best Valid: 70.00%, Best Test: 71.60%
Run 03:
Highest Train: 100.00
Highest Valid: 70.00
Highest Test: 72.80
Chosen epoch: 261
Final Train: 100.00
Final Test: 71.60
Pre-training MLP for 500 epochs to generate co-occurrence matrix...
MLP pre-training complete. Penalty matrix frozen.
Epoch: 00, Loss: 1.8112, Train: 34.17%, Valid: 18.60%, Test: 20.60%, Best Valid: 18.60%, Best Test: 20.60%
Epoch: 100, Loss: 0.0742, Train: 100.00%, Valid: 67.60%, Test: 71.40%, Best Valid: 69.60%, Best Test: 72.80%
Epoch: 200, Loss: 0.0560, Train: 100.00%, Valid: 67.20%, Test: 70.50%, Best Valid: 69.60%, Best Test: 72.80%
Epoch: 300, Loss: 0.0496, Train: 100.00%, Valid: 67.40%, Test: 70.60%, Best Valid: 70.40%, Best Test: 72.80%
Epoch: 400, Loss: 0.0523, Train: 100.00%, Valid: 67.40%, Test: 70.10%, Best Valid: 70.40%, Best Test: 72.80%
Run 04:
Highest Train: 100.00
Highest Valid: 70.40
Highest Test: 73.40
Chosen epoch: 204
Final Train: 100.00
Final Test: 72.80
Pre-training MLP for 500 epochs to generate co-occurrence matrix...
MLP pre-training complete. Penalty matrix frozen.
Epoch: 00, Loss: 1.8146, Train: 35.00%, Valid: 21.40%, Test: 23.50%, Best Valid: 21.40%, Best Test: 23.50%
Epoch: 100, Loss: 0.0727, Train: 100.00%, Valid: 67.80%, Test: 70.80%, Best Valid: 69.40%, Best Test: 72.20%
Epoch: 200, Loss: 0.0583, Train: 100.00%, Valid: 67.80%, Test: 71.90%, Best Valid: 69.40%, Best Test: 72.20%
Epoch: 300, Loss: 0.0492, Train: 100.00%, Valid: 67.60%, Test: 71.20%, Best Valid: 69.40%, Best Test: 72.20%
Epoch: 400, Loss: 0.0541, Train: 100.00%, Valid: 69.20%, Test: 72.10%, Best Valid: 69.80%, Best Test: 72.00%
Run 05:
Highest Train: 100.00
Highest Valid: 70.00
Highest Test: 73.20
Chosen epoch: 452
Final Train: 100.00
Final Test: 72.80
All runs:
Highest Train: 100.00 ± 0.00
Highest Test: 73.22 ± 0.25
Highest Valid: 70.20 ± 0.20
  Final Train: 99.33 ± 1.49
   Final Test: 72.32 ± 0.51
Saving results to results/citeseer/MPNN_gcn.csv

Running with Pre-trained MLP Regularization (lambda=0.1)...
Namespace(bn=False, cpu=False, data_dir='./data/', dataset='citeseer', device=0, display_step=100, dropout=0.5, epochs=500, gnn='gcn', hidden_channels=512, jk=False, label_num_per_class=20, lambda_val=0.1, ln=False, local_layers=2, lr=0.001, metric='acc', mlp_epochs=500, mlp_reg=True, model='MPNN', model_dir='./model/', num_heads=1, pre_linear=False, pre_ln=False, rand_split=False, rand_split_class=True, reg_start_epoch=10, reg_update_freq=5, res=False, runs=5, save_model=False, seed=123, test_num=1000, train_prop=0.5, use_reg=True, valid_num=500, valid_prop=0.25, weight_decay=0.01)
citeseer
Num nodes: 3327
train:torch.Size([120]), valid:torch.Size([500]), test:torch.Size([1000])
dataset citeseer | num nodes 3327 | num edge 9104 | num node feats 3703 | num classes 6
MODEL: MPNNs(
  (h_lins): ModuleList()
  (local_convs): ModuleList(
    (0): GCNConv(3703, 512)
    (1): GCNConv(512, 512)
  )
  (lins): ModuleList(
    (0): Linear(in_features=3703, out_features=512, bias=True)
    (1): Linear(in_features=512, out_features=512, bias=True)
  )
  (lns): ModuleList(
    (0): LayerNorm((512,), eps=1e-05, elementwise_affine=True)
    (1): LayerNorm((512,), eps=1e-05, elementwise_affine=True)
  )
  (bns): ModuleList(
    (0): BatchNorm1d(512, eps=1e-05, momentum=0.1, affine=True, track_running_stats=True)
    (1): BatchNorm1d(512, eps=1e-05, momentum=0.1, affine=True, track_running_stats=True)
  )
  (lin_in): Linear(in_features=3703, out_features=512, bias=True)
  (pred_local): Linear(in_features=512, out_features=6, bias=True)
)
Pre-training MLP for 500 epochs to generate co-occurrence matrix...
MLP pre-training complete. Penalty matrix frozen.
Epoch: 00, Loss: 1.9698, Train: 36.67%, Valid: 30.60%, Test: 30.10%, Best Valid: 30.60%, Best Test: 30.10%
Epoch: 100, Loss: 0.0819, Train: 100.00%, Valid: 68.60%, Test: 71.40%, Best Valid: 70.40%, Best Test: 72.00%
Epoch: 200, Loss: 0.0552, Train: 100.00%, Valid: 68.60%, Test: 71.60%, Best Valid: 70.40%, Best Test: 72.00%
Epoch: 300, Loss: 0.0539, Train: 100.00%, Valid: 67.80%, Test: 71.30%, Best Valid: 70.40%, Best Test: 72.00%
Epoch: 400, Loss: 0.0490, Train: 100.00%, Valid: 69.40%, Test: 72.30%, Best Valid: 70.40%, Best Test: 72.00%
Run 01:
Highest Train: 100.00
Highest Valid: 70.40
Highest Test: 73.40
Chosen epoch: 22
Final Train: 97.50
Final Test: 72.00
Pre-training MLP for 500 epochs to generate co-occurrence matrix...
MLP pre-training complete. Penalty matrix frozen.
Epoch: 00, Loss: 1.9701, Train: 35.83%, Valid: 16.80%, Test: 16.60%, Best Valid: 16.80%, Best Test: 16.60%
Epoch: 100, Loss: 0.0806, Train: 100.00%, Valid: 68.00%, Test: 70.90%, Best Valid: 70.20%, Best Test: 72.50%
Epoch: 200, Loss: 0.0580, Train: 100.00%, Valid: 68.00%, Test: 71.70%, Best Valid: 70.20%, Best Test: 72.50%
Epoch: 300, Loss: 0.0515, Train: 100.00%, Valid: 68.40%, Test: 70.40%, Best Valid: 70.20%, Best Test: 72.50%
Epoch: 400, Loss: 0.0551, Train: 100.00%, Valid: 68.20%, Test: 70.70%, Best Valid: 70.20%, Best Test: 72.50%
Run 02:
Highest Train: 100.00
Highest Valid: 70.20
Highest Test: 73.50
Chosen epoch: 23
Final Train: 97.50
Final Test: 72.50
Pre-training MLP for 500 epochs to generate co-occurrence matrix...
MLP pre-training complete. Penalty matrix frozen.
Epoch: 00, Loss: 1.9670, Train: 21.67%, Valid: 17.80%, Test: 17.00%, Best Valid: 17.80%, Best Test: 17.00%
Epoch: 100, Loss: 0.0751, Train: 100.00%, Valid: 67.80%, Test: 70.60%, Best Valid: 68.80%, Best Test: 72.60%
Epoch: 200, Loss: 0.0593, Train: 100.00%, Valid: 68.80%, Test: 71.70%, Best Valid: 69.60%, Best Test: 71.50%
Epoch: 300, Loss: 0.0542, Train: 100.00%, Valid: 66.80%, Test: 71.30%, Best Valid: 70.00%, Best Test: 71.70%
Epoch: 400, Loss: 0.0555, Train: 100.00%, Valid: 68.00%, Test: 70.70%, Best Valid: 70.00%, Best Test: 71.70%
Run 03:
Highest Train: 100.00
Highest Valid: 70.00
Highest Test: 73.00
Chosen epoch: 261
Final Train: 100.00
Final Test: 71.70
Pre-training MLP for 500 epochs to generate co-occurrence matrix...
MLP pre-training complete. Penalty matrix frozen.
Epoch: 00, Loss: 1.9726, Train: 33.33%, Valid: 19.20%, Test: 21.80%, Best Valid: 19.20%, Best Test: 21.80%
Epoch: 100, Loss: 0.0832, Train: 100.00%, Valid: 68.60%, Test: 71.90%, Best Valid: 69.60%, Best Test: 73.00%
Epoch: 200, Loss: 0.0607, Train: 100.00%, Valid: 67.00%, Test: 71.00%, Best Valid: 69.80%, Best Test: 71.90%
Epoch: 300, Loss: 0.0541, Train: 100.00%, Valid: 67.60%, Test: 70.70%, Best Valid: 70.20%, Best Test: 73.30%
Epoch: 400, Loss: 0.0568, Train: 100.00%, Valid: 67.20%, Test: 70.50%, Best Valid: 70.20%, Best Test: 73.30%
Run 04:
Highest Train: 100.00
Highest Valid: 70.20
Highest Test: 73.60
Chosen epoch: 204
Final Train: 100.00
Final Test: 73.30
Pre-training MLP for 500 epochs to generate co-occurrence matrix...
MLP pre-training complete. Penalty matrix frozen.
Epoch: 00, Loss: 1.9763, Train: 35.00%, Valid: 21.40%, Test: 23.70%, Best Valid: 21.40%, Best Test: 23.70%
Epoch: 100, Loss: 0.0816, Train: 100.00%, Valid: 68.20%, Test: 70.80%, Best Valid: 69.00%, Best Test: 71.40%
Epoch: 200, Loss: 0.0634, Train: 100.00%, Valid: 67.60%, Test: 71.80%, Best Valid: 69.40%, Best Test: 71.60%
Epoch: 300, Loss: 0.0538, Train: 100.00%, Valid: 67.60%, Test: 71.30%, Best Valid: 69.80%, Best Test: 72.20%
Epoch: 400, Loss: 0.0585, Train: 100.00%, Valid: 69.20%, Test: 72.30%, Best Valid: 69.80%, Best Test: 72.20%
Run 05:
Highest Train: 100.00
Highest Valid: 69.80
Highest Test: 73.10
Chosen epoch: 207
Final Train: 100.00
Final Test: 72.20
All runs:
Highest Train: 100.00 ± 0.00
Highest Test: 73.32 ± 0.26
Highest Valid: 70.12 ± 0.23
  Final Train: 99.00 ± 1.37
   Final Test: 72.34 ± 0.61
Saving results to results/citeseer/MPNN_gcn.csv

Running with Pre-trained MLP Regularization (lambda=1.0)...
Namespace(bn=False, cpu=False, data_dir='./data/', dataset='citeseer', device=0, display_step=100, dropout=0.5, epochs=500, gnn='gcn', hidden_channels=512, jk=False, label_num_per_class=20, lambda_val=1.0, ln=False, local_layers=2, lr=0.001, metric='acc', mlp_epochs=500, mlp_reg=True, model='MPNN', model_dir='./model/', num_heads=1, pre_linear=False, pre_ln=False, rand_split=False, rand_split_class=True, reg_start_epoch=10, reg_update_freq=5, res=False, runs=5, save_model=False, seed=123, test_num=1000, train_prop=0.5, use_reg=True, valid_num=500, valid_prop=0.25, weight_decay=0.01)
citeseer
Num nodes: 3327
train:torch.Size([120]), valid:torch.Size([500]), test:torch.Size([1000])
dataset citeseer | num nodes 3327 | num edge 9104 | num node feats 3703 | num classes 6
MODEL: MPNNs(
  (h_lins): ModuleList()
  (local_convs): ModuleList(
    (0): GCNConv(3703, 512)
    (1): GCNConv(512, 512)
  )
  (lins): ModuleList(
    (0): Linear(in_features=3703, out_features=512, bias=True)
    (1): Linear(in_features=512, out_features=512, bias=True)
  )
  (lns): ModuleList(
    (0): LayerNorm((512,), eps=1e-05, elementwise_affine=True)
    (1): LayerNorm((512,), eps=1e-05, elementwise_affine=True)
  )
  (bns): ModuleList(
    (0): BatchNorm1d(512, eps=1e-05, momentum=0.1, affine=True, track_running_stats=True)
    (1): BatchNorm1d(512, eps=1e-05, momentum=0.1, affine=True, track_running_stats=True)
  )
  (lin_in): Linear(in_features=3703, out_features=512, bias=True)
  (pred_local): Linear(in_features=512, out_features=6, bias=True)
)
Pre-training MLP for 500 epochs to generate co-occurrence matrix...
MLP pre-training complete. Penalty matrix frozen.
Epoch: 00, Loss: 3.5814, Train: 45.00%, Valid: 34.80%, Test: 33.40%, Best Valid: 34.80%, Best Test: 33.40%
Epoch: 100, Loss: 0.1708, Train: 100.00%, Valid: 67.80%, Test: 71.70%, Best Valid: 68.00%, Best Test: 71.90%
Epoch: 200, Loss: 0.1022, Train: 100.00%, Valid: 68.80%, Test: 72.40%, Best Valid: 69.20%, Best Test: 72.00%
Epoch: 300, Loss: 0.0982, Train: 100.00%, Valid: 67.60%, Test: 71.80%, Best Valid: 70.00%, Best Test: 71.80%
Epoch: 400, Loss: 0.0927, Train: 100.00%, Valid: 69.40%, Test: 71.80%, Best Valid: 70.00%, Best Test: 71.80%
Run 01:
Highest Train: 100.00
Highest Valid: 70.00
Highest Test: 73.40
Chosen epoch: 225
Final Train: 100.00
Final Test: 71.80
Pre-training MLP for 500 epochs to generate co-occurrence matrix...
MLP pre-training complete. Penalty matrix frozen.
Epoch: 00, Loss: 3.5820, Train: 35.00%, Valid: 12.40%, Test: 12.50%, Best Valid: 12.40%, Best Test: 12.50%
Epoch: 100, Loss: 0.1692, Train: 100.00%, Valid: 66.40%, Test: 70.20%, Best Valid: 68.20%, Best Test: 71.40%
Epoch: 200, Loss: 0.1053, Train: 100.00%, Valid: 68.40%, Test: 71.90%, Best Valid: 69.80%, Best Test: 72.50%
Epoch: 300, Loss: 0.0967, Train: 100.00%, Valid: 68.40%, Test: 70.90%, Best Valid: 70.00%, Best Test: 72.20%
Epoch: 400, Loss: 0.0980, Train: 100.00%, Valid: 68.20%, Test: 71.90%, Best Valid: 70.00%, Best Test: 72.20%
Run 02:
Highest Train: 100.00
Highest Valid: 70.00
Highest Test: 73.30
Chosen epoch: 280
Final Train: 100.00
Final Test: 72.20
Pre-training MLP for 500 epochs to generate co-occurrence matrix...
MLP pre-training complete. Penalty matrix frozen.
Epoch: 00, Loss: 3.5763, Train: 24.17%, Valid: 17.40%, Test: 18.00%, Best Valid: 17.40%, Best Test: 18.00%
Epoch: 100, Loss: 0.1646, Train: 100.00%, Valid: 68.00%, Test: 71.10%, Best Valid: 68.80%, Best Test: 72.50%
Epoch: 200, Loss: 0.1071, Train: 100.00%, Valid: 69.20%, Test: 72.10%, Best Valid: 70.00%, Best Test: 72.20%
Epoch: 300, Loss: 0.1002, Train: 100.00%, Valid: 67.60%, Test: 71.80%, Best Valid: 70.00%, Best Test: 72.20%
Epoch: 400, Loss: 0.0989, Train: 100.00%, Valid: 67.80%, Test: 71.50%, Best Valid: 70.20%, Best Test: 71.70%
Run 03:
Highest Train: 100.00
Highest Valid: 70.20
Highest Test: 73.40
Chosen epoch: 373
Final Train: 100.00
Final Test: 71.70
Pre-training MLP for 500 epochs to generate co-occurrence matrix...
MLP pre-training complete. Penalty matrix frozen.
Epoch: 00, Loss: 3.5866, Train: 20.83%, Valid: 22.40%, Test: 23.10%, Best Valid: 22.40%, Best Test: 23.10%
Epoch: 100, Loss: 0.1913, Train: 100.00%, Valid: 55.40%, Test: 55.00%, Best Valid: 55.40%, Best Test: 55.00%
Epoch: 200, Loss: 0.1103, Train: 100.00%, Valid: 68.20%, Test: 72.00%, Best Valid: 69.60%, Best Test: 71.30%
Epoch: 300, Loss: 0.1008, Train: 100.00%, Valid: 68.20%, Test: 71.50%, Best Valid: 70.60%, Best Test: 72.70%
Epoch: 400, Loss: 0.0995, Train: 100.00%, Valid: 67.60%, Test: 71.20%, Best Valid: 70.60%, Best Test: 72.70%
Run 04:
Highest Train: 100.00
Highest Valid: 70.60
Highest Test: 73.70
Chosen epoch: 204
Final Train: 100.00
Final Test: 72.70
Pre-training MLP for 500 epochs to generate co-occurrence matrix...
MLP pre-training complete. Penalty matrix frozen.
Epoch: 00, Loss: 3.5933, Train: 47.50%, Valid: 24.80%, Test: 25.10%, Best Valid: 24.80%, Best Test: 25.10%
Epoch: 100, Loss: 0.1767, Train: 100.00%, Valid: 59.60%, Test: 64.20%, Best Valid: 59.60%, Best Test: 64.20%
Epoch: 200, Loss: 0.1122, Train: 100.00%, Valid: 68.20%, Test: 71.60%, Best Valid: 69.00%, Best Test: 71.70%
Epoch: 300, Loss: 0.0965, Train: 100.00%, Valid: 67.40%, Test: 70.20%, Best Valid: 69.60%, Best Test: 72.10%
Epoch: 400, Loss: 0.1020, Train: 100.00%, Valid: 68.40%, Test: 71.80%, Best Valid: 69.60%, Best Test: 72.10%
Run 05:
Highest Train: 100.00
Highest Valid: 69.60
Highest Test: 73.30
Chosen epoch: 207
Final Train: 100.00
Final Test: 72.10
All runs:
Highest Train: 100.00 ± 0.00
Highest Test: 73.42 ± 0.16
Highest Valid: 70.08 ± 0.36
  Final Train: 100.00 ± 0.00
   Final Test: 72.10 ± 0.39
Saving results to results/citeseer/MPNN_gcn.csv

Homophilic sweep completed!
==========================================================
Starting Homophilic MLP-Reg Sweep for:
python main.py --gnn sage --dataset citeseer --hidden_channels 512 --lr 0.001 --runs 5 --local_layers 3 --weight_decay 0.01 --dropout 0.2 --rand_split_class --valid_num 500 --test_num 1000 --seed 123 --device 0
==========================================================
Running Baseline (REG: False)...
Namespace(bn=False, cpu=False, data_dir='./data/', dataset='citeseer', device=0, display_step=100, dropout=0.2, epochs=500, gnn='sage', hidden_channels=512, jk=False, label_num_per_class=20, lambda_val=0.5, ln=False, local_layers=3, lr=0.001, metric='acc', mlp_epochs=500, mlp_reg=False, model='MPNN', model_dir='./model/', num_heads=1, pre_linear=False, pre_ln=False, rand_split=False, rand_split_class=True, reg_start_epoch=10, reg_update_freq=5, res=False, runs=5, save_model=False, seed=123, test_num=1000, train_prop=0.5, use_reg=False, valid_num=500, valid_prop=0.25, weight_decay=0.01)
citeseer
Num nodes: 3327
train:torch.Size([120]), valid:torch.Size([500]), test:torch.Size([1000])
dataset citeseer | num nodes 3327 | num edge 9104 | num node feats 3703 | num classes 6
MODEL: MPNNs(
  (h_lins): ModuleList()
  (local_convs): ModuleList(
    (0): SAGEConv(3703, 512, aggr=mean)
    (1): SAGEConv(512, 512, aggr=mean)
    (2): SAGEConv(512, 512, aggr=mean)
  )
  (lins): ModuleList(
    (0): Linear(in_features=3703, out_features=512, bias=True)
    (1): Linear(in_features=512, out_features=512, bias=True)
    (2): Linear(in_features=512, out_features=512, bias=True)
  )
  (lns): ModuleList(
    (0): LayerNorm((512,), eps=1e-05, elementwise_affine=True)
    (1): LayerNorm((512,), eps=1e-05, elementwise_affine=True)
    (2): LayerNorm((512,), eps=1e-05, elementwise_affine=True)
  )
  (bns): ModuleList(
    (0): BatchNorm1d(512, eps=1e-05, momentum=0.1, affine=True, track_running_stats=True)
    (1): BatchNorm1d(512, eps=1e-05, momentum=0.1, affine=True, track_running_stats=True)
    (2): BatchNorm1d(512, eps=1e-05, momentum=0.1, affine=True, track_running_stats=True)
  )
  (lin_in): Linear(in_features=3703, out_features=512, bias=True)
  (pred_local): Linear(in_features=512, out_features=6, bias=True)
)
Epoch: 00, Loss: 1.7929, Train: 35.00%, Valid: 27.20%, Test: 27.50%, Best Valid: 27.20%, Best Test: 27.50%
Epoch: 100, Loss: 0.0172, Train: 100.00%, Valid: 64.60%, Test: 69.10%, Best Valid: 65.80%, Best Test: 70.40%
Epoch: 200, Loss: 0.0166, Train: 100.00%, Valid: 65.00%, Test: 70.20%, Best Valid: 65.80%, Best Test: 70.40%
Epoch: 300, Loss: 0.0140, Train: 100.00%, Valid: 66.00%, Test: 70.20%, Best Valid: 66.00%, Best Test: 70.20%
Epoch: 400, Loss: 0.0159, Train: 100.00%, Valid: 63.00%, Test: 68.80%, Best Valid: 66.00%, Best Test: 70.20%
Run 01:
Highest Train: 100.00
Highest Valid: 66.20
Highest Test: 70.70
Chosen epoch: 440
Final Train: 100.00
Final Test: 69.70
Epoch: 00, Loss: 1.7931, Train: 27.50%, Valid: 22.60%, Test: 22.90%, Best Valid: 22.60%, Best Test: 22.90%
Epoch: 100, Loss: 0.0210, Train: 100.00%, Valid: 66.40%, Test: 70.70%, Best Valid: 68.20%, Best Test: 71.90%
Epoch: 200, Loss: 0.0169, Train: 100.00%, Valid: 66.20%, Test: 71.20%, Best Valid: 68.20%, Best Test: 71.90%
Epoch: 300, Loss: 0.0160, Train: 100.00%, Valid: 65.80%, Test: 70.50%, Best Valid: 68.20%, Best Test: 71.90%
Epoch: 400, Loss: 0.0164, Train: 100.00%, Valid: 65.80%, Test: 69.90%, Best Valid: 68.20%, Best Test: 71.90%
Run 02:
Highest Train: 100.00
Highest Valid: 68.20
Highest Test: 72.70
Chosen epoch: 91
Final Train: 100.00
Final Test: 71.90
Epoch: 00, Loss: 1.7921, Train: 37.50%, Valid: 26.20%, Test: 24.50%, Best Valid: 26.20%, Best Test: 24.50%
Epoch: 100, Loss: 0.0184, Train: 100.00%, Valid: 66.00%, Test: 71.30%, Best Valid: 67.20%, Best Test: 71.70%
Epoch: 200, Loss: 0.0155, Train: 100.00%, Valid: 64.40%, Test: 70.20%, Best Valid: 67.80%, Best Test: 71.40%
Epoch: 300, Loss: 0.0177, Train: 100.00%, Valid: 67.00%, Test: 71.20%, Best Valid: 68.20%, Best Test: 72.50%
Epoch: 400, Loss: 0.0195, Train: 100.00%, Valid: 67.20%, Test: 71.70%, Best Valid: 68.60%, Best Test: 72.10%
Run 03:
Highest Train: 100.00
Highest Valid: 68.60
Highest Test: 72.90
Chosen epoch: 364
Final Train: 100.00
Final Test: 72.10
Epoch: 00, Loss: 1.7918, Train: 19.17%, Valid: 22.40%, Test: 22.80%, Best Valid: 22.40%, Best Test: 22.80%
Epoch: 100, Loss: 0.0185, Train: 100.00%, Valid: 66.80%, Test: 69.10%, Best Valid: 67.80%, Best Test: 70.10%
Epoch: 200, Loss: 0.0156, Train: 100.00%, Valid: 65.60%, Test: 69.30%, Best Valid: 67.80%, Best Test: 70.10%
Epoch: 300, Loss: 0.0151, Train: 100.00%, Valid: 65.20%, Test: 69.80%, Best Valid: 67.80%, Best Test: 70.10%
Epoch: 400, Loss: 0.0136, Train: 100.00%, Valid: 65.60%, Test: 69.40%, Best Valid: 67.80%, Best Test: 70.10%
Run 04:
Highest Train: 100.00
Highest Valid: 67.80
Highest Test: 71.20
Chosen epoch: 55
Final Train: 100.00
Final Test: 70.10
Epoch: 00, Loss: 1.7922, Train: 22.50%, Valid: 22.40%, Test: 22.90%, Best Valid: 22.40%, Best Test: 22.90%
Epoch: 100, Loss: 0.0187, Train: 100.00%, Valid: 65.80%, Test: 71.00%, Best Valid: 68.20%, Best Test: 72.00%
Epoch: 200, Loss: 0.0157, Train: 100.00%, Valid: 66.80%, Test: 71.80%, Best Valid: 68.20%, Best Test: 72.00%
Epoch: 300, Loss: 0.0172, Train: 100.00%, Valid: 63.40%, Test: 70.00%, Best Valid: 68.20%, Best Test: 72.00%
Epoch: 400, Loss: 0.0156, Train: 100.00%, Valid: 66.00%, Test: 70.40%, Best Valid: 68.20%, Best Test: 72.00%
Run 05:
Highest Train: 100.00
Highest Valid: 68.20
Highest Test: 72.70
Chosen epoch: 33
Final Train: 100.00
Final Test: 72.00
All runs:
Highest Train: 100.00 ± 0.00
Highest Test: 72.04 ± 1.01
Highest Valid: 67.80 ± 0.94
  Final Train: 100.00 ± 0.00
   Final Test: 71.16 ± 1.16
Saving results to results/citeseer/MPNN_sage.csv

Running with Pre-trained MLP Regularization (lambda=0.01)...
Namespace(bn=False, cpu=False, data_dir='./data/', dataset='citeseer', device=0, display_step=100, dropout=0.2, epochs=500, gnn='sage', hidden_channels=512, jk=False, label_num_per_class=20, lambda_val=0.01, ln=False, local_layers=3, lr=0.001, metric='acc', mlp_epochs=500, mlp_reg=True, model='MPNN', model_dir='./model/', num_heads=1, pre_linear=False, pre_ln=False, rand_split=False, rand_split_class=True, reg_start_epoch=10, reg_update_freq=5, res=False, runs=5, save_model=False, seed=123, test_num=1000, train_prop=0.5, use_reg=True, valid_num=500, valid_prop=0.25, weight_decay=0.01)
citeseer
Num nodes: 3327
train:torch.Size([120]), valid:torch.Size([500]), test:torch.Size([1000])
dataset citeseer | num nodes 3327 | num edge 9104 | num node feats 3703 | num classes 6
MODEL: MPNNs(
  (h_lins): ModuleList()
  (local_convs): ModuleList(
    (0): SAGEConv(3703, 512, aggr=mean)
    (1): SAGEConv(512, 512, aggr=mean)
    (2): SAGEConv(512, 512, aggr=mean)
  )
  (lins): ModuleList(
    (0): Linear(in_features=3703, out_features=512, bias=True)
    (1): Linear(in_features=512, out_features=512, bias=True)
    (2): Linear(in_features=512, out_features=512, bias=True)
  )
  (lns): ModuleList(
    (0): LayerNorm((512,), eps=1e-05, elementwise_affine=True)
    (1): LayerNorm((512,), eps=1e-05, elementwise_affine=True)
    (2): LayerNorm((512,), eps=1e-05, elementwise_affine=True)
  )
  (bns): ModuleList(
    (0): BatchNorm1d(512, eps=1e-05, momentum=0.1, affine=True, track_running_stats=True)
    (1): BatchNorm1d(512, eps=1e-05, momentum=0.1, affine=True, track_running_stats=True)
    (2): BatchNorm1d(512, eps=1e-05, momentum=0.1, affine=True, track_running_stats=True)
  )
  (lin_in): Linear(in_features=3703, out_features=512, bias=True)
  (pred_local): Linear(in_features=512, out_features=6, bias=True)
)
Pre-training MLP for 500 epochs to generate co-occurrence matrix...
MLP pre-training complete. Penalty matrix frozen.
Epoch: 00, Loss: 1.8106, Train: 35.00%, Valid: 28.00%, Test: 28.20%, Best Valid: 28.00%, Best Test: 28.20%
Epoch: 100, Loss: 0.0181, Train: 100.00%, Valid: 63.80%, Test: 69.70%, Best Valid: 66.00%, Best Test: 69.40%
Epoch: 200, Loss: 0.0162, Train: 100.00%, Valid: 62.60%, Test: 67.40%, Best Valid: 66.00%, Best Test: 69.40%
Epoch: 300, Loss: 0.0154, Train: 100.00%, Valid: 63.40%, Test: 68.70%, Best Valid: 66.60%, Best Test: 69.80%
Epoch: 400, Loss: 0.0154, Train: 100.00%, Valid: 63.80%, Test: 69.00%, Best Valid: 66.60%, Best Test: 69.80%
Run 01:
Highest Train: 100.00
Highest Valid: 66.60
Highest Test: 71.10
Chosen epoch: 203
Final Train: 100.00
Final Test: 69.80
Pre-training MLP for 500 epochs to generate co-occurrence matrix...
MLP pre-training complete. Penalty matrix frozen.
Epoch: 00, Loss: 1.8094, Train: 49.17%, Valid: 19.20%, Test: 21.10%, Best Valid: 19.20%, Best Test: 21.10%
Epoch: 100, Loss: 0.0202, Train: 100.00%, Valid: 65.60%, Test: 69.30%, Best Valid: 67.40%, Best Test: 71.50%
Epoch: 200, Loss: 0.0172, Train: 100.00%, Valid: 63.00%, Test: 68.40%, Best Valid: 67.40%, Best Test: 71.50%
Epoch: 300, Loss: 0.0146, Train: 100.00%, Valid: 61.00%, Test: 67.10%, Best Valid: 67.40%, Best Test: 71.50%
Epoch: 400, Loss: 0.0152, Train: 100.00%, Valid: 60.20%, Test: 65.90%, Best Valid: 67.40%, Best Test: 71.50%
Run 02:
Highest Train: 100.00
Highest Valid: 67.40
Highest Test: 71.50
Chosen epoch: 10
Final Train: 96.67
Final Test: 71.50
Pre-training MLP for 500 epochs to generate co-occurrence matrix...
MLP pre-training complete. Penalty matrix frozen.
Epoch: 00, Loss: 1.8110, Train: 25.00%, Valid: 7.80%, Test: 7.30%, Best Valid: 7.80%, Best Test: 7.30%
Epoch: 100, Loss: 0.0188, Train: 100.00%, Valid: 65.00%, Test: 69.90%, Best Valid: 68.00%, Best Test: 69.80%
Epoch: 200, Loss: 0.0170, Train: 100.00%, Valid: 66.20%, Test: 70.30%, Best Valid: 68.20%, Best Test: 72.10%
Epoch: 300, Loss: 0.0158, Train: 100.00%, Valid: 67.20%, Test: 72.00%, Best Valid: 68.20%, Best Test: 72.10%
Epoch: 400, Loss: 0.0164, Train: 100.00%, Valid: 64.40%, Test: 69.50%, Best Valid: 68.20%, Best Test: 72.10%
Run 03:
Highest Train: 100.00
Highest Valid: 68.20
Highest Test: 73.00
Chosen epoch: 116
Final Train: 100.00
Final Test: 72.10
Pre-training MLP for 500 epochs to generate co-occurrence matrix...
MLP pre-training complete. Penalty matrix frozen.
Epoch: 00, Loss: 1.8100, Train: 26.67%, Valid: 17.00%, Test: 15.30%, Best Valid: 17.00%, Best Test: 15.30%
Epoch: 100, Loss: 0.0188, Train: 100.00%, Valid: 66.40%, Test: 70.90%, Best Valid: 67.60%, Best Test: 72.40%
Epoch: 200, Loss: 0.0182, Train: 100.00%, Valid: 65.80%, Test: 71.00%, Best Valid: 68.20%, Best Test: 72.20%
Epoch: 300, Loss: 0.0194, Train: 100.00%, Valid: 66.80%, Test: 71.40%, Best Valid: 68.20%, Best Test: 72.20%
Epoch: 400, Loss: 0.0175, Train: 100.00%, Valid: 66.80%, Test: 71.10%, Best Valid: 68.20%, Best Test: 72.20%
Run 04:
Highest Train: 100.00
Highest Valid: 68.40
Highest Test: 72.90
Chosen epoch: 498
Final Train: 100.00
Final Test: 72.30
Pre-training MLP for 500 epochs to generate co-occurrence matrix...
MLP pre-training complete. Penalty matrix frozen.
Epoch: 00, Loss: 1.8098, Train: 51.67%, Valid: 31.20%, Test: 30.60%, Best Valid: 31.20%, Best Test: 30.60%
Epoch: 100, Loss: 0.0193, Train: 100.00%, Valid: 66.40%, Test: 71.10%, Best Valid: 67.80%, Best Test: 71.40%
Epoch: 200, Loss: 0.0153, Train: 100.00%, Valid: 65.00%, Test: 70.20%, Best Valid: 68.40%, Best Test: 71.70%
Epoch: 300, Loss: 0.0181, Train: 100.00%, Valid: 66.80%, Test: 71.70%, Best Valid: 68.40%, Best Test: 71.70%
Epoch: 400, Loss: 0.0159, Train: 100.00%, Valid: 66.20%, Test: 71.00%, Best Valid: 68.40%, Best Test: 71.70%
Run 05:
Highest Train: 100.00
Highest Valid: 68.40
Highest Test: 72.60
Chosen epoch: 150
Final Train: 100.00
Final Test: 71.70
All runs:
Highest Train: 100.00 ± 0.00
Highest Test: 72.22 ± 0.86
Highest Valid: 67.80 ± 0.79
  Final Train: 99.33 ± 1.49
   Final Test: 71.48 ± 0.99
Saving results to results/citeseer/MPNN_sage.csv

Running with Pre-trained MLP Regularization (lambda=0.1)...
Namespace(bn=False, cpu=False, data_dir='./data/', dataset='citeseer', device=0, display_step=100, dropout=0.2, epochs=500, gnn='sage', hidden_channels=512, jk=False, label_num_per_class=20, lambda_val=0.1, ln=False, local_layers=3, lr=0.001, metric='acc', mlp_epochs=500, mlp_reg=True, model='MPNN', model_dir='./model/', num_heads=1, pre_linear=False, pre_ln=False, rand_split=False, rand_split_class=True, reg_start_epoch=10, reg_update_freq=5, res=False, runs=5, save_model=False, seed=123, test_num=1000, train_prop=0.5, use_reg=True, valid_num=500, valid_prop=0.25, weight_decay=0.01)
citeseer
Num nodes: 3327
train:torch.Size([120]), valid:torch.Size([500]), test:torch.Size([1000])
dataset citeseer | num nodes 3327 | num edge 9104 | num node feats 3703 | num classes 6
MODEL: MPNNs(
  (h_lins): ModuleList()
  (local_convs): ModuleList(
    (0): SAGEConv(3703, 512, aggr=mean)
    (1): SAGEConv(512, 512, aggr=mean)
    (2): SAGEConv(512, 512, aggr=mean)
  )
  (lins): ModuleList(
    (0): Linear(in_features=3703, out_features=512, bias=True)
    (1): Linear(in_features=512, out_features=512, bias=True)
    (2): Linear(in_features=512, out_features=512, bias=True)
  )
  (lns): ModuleList(
    (0): LayerNorm((512,), eps=1e-05, elementwise_affine=True)
    (1): LayerNorm((512,), eps=1e-05, elementwise_affine=True)
    (2): LayerNorm((512,), eps=1e-05, elementwise_affine=True)
  )
  (bns): ModuleList(
    (0): BatchNorm1d(512, eps=1e-05, momentum=0.1, affine=True, track_running_stats=True)
    (1): BatchNorm1d(512, eps=1e-05, momentum=0.1, affine=True, track_running_stats=True)
    (2): BatchNorm1d(512, eps=1e-05, momentum=0.1, affine=True, track_running_stats=True)
  )
  (lin_in): Linear(in_features=3703, out_features=512, bias=True)
  (pred_local): Linear(in_features=512, out_features=6, bias=True)
)
Pre-training MLP for 500 epochs to generate co-occurrence matrix...
MLP pre-training complete. Penalty matrix frozen.
Epoch: 00, Loss: 1.9719, Train: 35.83%, Valid: 27.80%, Test: 28.10%, Best Valid: 27.80%, Best Test: 28.10%
Epoch: 100, Loss: 0.0212, Train: 100.00%, Valid: 64.80%, Test: 70.10%, Best Valid: 66.40%, Best Test: 70.30%
Epoch: 200, Loss: 0.0177, Train: 100.00%, Valid: 62.80%, Test: 67.40%, Best Valid: 66.40%, Best Test: 70.30%
Epoch: 300, Loss: 0.0167, Train: 100.00%, Valid: 63.60%, Test: 68.80%, Best Valid: 66.60%, Best Test: 70.20%
Epoch: 400, Loss: 0.0168, Train: 100.00%, Valid: 63.20%, Test: 69.00%, Best Valid: 66.60%, Best Test: 70.20%
Run 01:
Highest Train: 100.00
Highest Valid: 66.60
Highest Test: 71.40
Chosen epoch: 203
Final Train: 100.00
Final Test: 70.20
Pre-training MLP for 500 epochs to generate co-occurrence matrix...
MLP pre-training complete. Penalty matrix frozen.
Epoch: 00, Loss: 1.9707, Train: 46.67%, Valid: 16.80%, Test: 17.80%, Best Valid: 16.80%, Best Test: 17.80%
Epoch: 100, Loss: 0.0237, Train: 100.00%, Valid: 65.00%, Test: 69.40%, Best Valid: 68.20%, Best Test: 72.30%
Epoch: 200, Loss: 0.0186, Train: 100.00%, Valid: 63.00%, Test: 68.00%, Best Valid: 68.20%, Best Test: 72.30%
Epoch: 300, Loss: 0.0160, Train: 100.00%, Valid: 60.60%, Test: 66.80%, Best Valid: 68.20%, Best Test: 72.30%
Epoch: 400, Loss: 0.0168, Train: 100.00%, Valid: 60.60%, Test: 65.50%, Best Valid: 68.20%, Best Test: 72.30%
Run 02:
Highest Train: 100.00
Highest Valid: 68.20
Highest Test: 72.30
Chosen epoch: 10
Final Train: 96.67
Final Test: 72.30
Pre-training MLP for 500 epochs to generate co-occurrence matrix...
MLP pre-training complete. Penalty matrix frozen.
Epoch: 00, Loss: 1.9724, Train: 22.50%, Valid: 7.80%, Test: 7.20%, Best Valid: 7.80%, Best Test: 7.20%
Epoch: 100, Loss: 0.0221, Train: 100.00%, Valid: 65.40%, Test: 70.10%, Best Valid: 68.60%, Best Test: 70.90%
Epoch: 200, Loss: 0.0182, Train: 100.00%, Valid: 65.80%, Test: 70.10%, Best Valid: 68.60%, Best Test: 70.90%
Epoch: 300, Loss: 0.0174, Train: 100.00%, Valid: 67.20%, Test: 72.30%, Best Valid: 68.60%, Best Test: 70.90%
Epoch: 400, Loss: 0.0178, Train: 100.00%, Valid: 64.20%, Test: 69.00%, Best Valid: 68.60%, Best Test: 70.90%
Run 03:
Highest Train: 100.00
Highest Valid: 68.60
Highest Test: 72.90
Chosen epoch: 9
Final Train: 95.83
Final Test: 70.90
Pre-training MLP for 500 epochs to generate co-occurrence matrix...
MLP pre-training complete. Penalty matrix frozen.
Epoch: 00, Loss: 1.9712, Train: 29.17%, Valid: 17.40%, Test: 15.40%, Best Valid: 17.40%, Best Test: 15.40%
Epoch: 100, Loss: 0.0220, Train: 100.00%, Valid: 66.40%, Test: 71.20%, Best Valid: 67.00%, Best Test: 71.40%
Epoch: 200, Loss: 0.0196, Train: 100.00%, Valid: 65.80%, Test: 70.80%, Best Valid: 68.00%, Best Test: 72.40%
Epoch: 300, Loss: 0.0200, Train: 100.00%, Valid: 66.60%, Test: 71.50%, Best Valid: 68.00%, Best Test: 72.40%
Epoch: 400, Loss: 0.0186, Train: 100.00%, Valid: 66.80%, Test: 71.00%, Best Valid: 68.80%, Best Test: 71.90%
Run 04:
Highest Train: 100.00
Highest Valid: 68.80
Highest Test: 72.80
Chosen epoch: 321
Final Train: 100.00
Final Test: 71.90
Pre-training MLP for 500 epochs to generate co-occurrence matrix...
MLP pre-training complete. Penalty matrix frozen.
Epoch: 00, Loss: 1.9711, Train: 53.33%, Valid: 30.80%, Test: 30.00%, Best Valid: 30.80%, Best Test: 30.00%
Epoch: 100, Loss: 0.0227, Train: 100.00%, Valid: 67.00%, Test: 71.10%, Best Valid: 68.20%, Best Test: 71.70%
Epoch: 200, Loss: 0.0169, Train: 100.00%, Valid: 65.00%, Test: 70.20%, Best Valid: 68.40%, Best Test: 71.60%
Epoch: 300, Loss: 0.0196, Train: 100.00%, Valid: 67.20%, Test: 71.80%, Best Valid: 68.40%, Best Test: 71.60%
Epoch: 400, Loss: 0.0174, Train: 100.00%, Valid: 66.20%, Test: 71.10%, Best Valid: 68.40%, Best Test: 71.60%
Run 05:
Highest Train: 100.00
Highest Valid: 68.60
Highest Test: 72.80
Chosen epoch: 481
Final Train: 100.00
Final Test: 72.60
All runs:
Highest Train: 100.00 ± 0.00
Highest Test: 72.44 ± 0.63
Highest Valid: 68.16 ± 0.90
  Final Train: 98.50 ± 2.07
   Final Test: 71.58 ± 1.00
Saving results to results/citeseer/MPNN_sage.csv

Running with Pre-trained MLP Regularization (lambda=1.0)...
Namespace(bn=False, cpu=False, data_dir='./data/', dataset='citeseer', device=0, display_step=100, dropout=0.2, epochs=500, gnn='sage', hidden_channels=512, jk=False, label_num_per_class=20, lambda_val=1.0, ln=False, local_layers=3, lr=0.001, metric='acc', mlp_epochs=500, mlp_reg=True, model='MPNN', model_dir='./model/', num_heads=1, pre_linear=False, pre_ln=False, rand_split=False, rand_split_class=True, reg_start_epoch=10, reg_update_freq=5, res=False, runs=5, save_model=False, seed=123, test_num=1000, train_prop=0.5, use_reg=True, valid_num=500, valid_prop=0.25, weight_decay=0.01)
citeseer
Num nodes: 3327
train:torch.Size([120]), valid:torch.Size([500]), test:torch.Size([1000])
dataset citeseer | num nodes 3327 | num edge 9104 | num node feats 3703 | num classes 6
MODEL: MPNNs(
  (h_lins): ModuleList()
  (local_convs): ModuleList(
    (0): SAGEConv(3703, 512, aggr=mean)
    (1): SAGEConv(512, 512, aggr=mean)
    (2): SAGEConv(512, 512, aggr=mean)
  )
  (lins): ModuleList(
    (0): Linear(in_features=3703, out_features=512, bias=True)
    (1): Linear(in_features=512, out_features=512, bias=True)
    (2): Linear(in_features=512, out_features=512, bias=True)
  )
  (lns): ModuleList(
    (0): LayerNorm((512,), eps=1e-05, elementwise_affine=True)
    (1): LayerNorm((512,), eps=1e-05, elementwise_affine=True)
    (2): LayerNorm((512,), eps=1e-05, elementwise_affine=True)
  )
  (bns): ModuleList(
    (0): BatchNorm1d(512, eps=1e-05, momentum=0.1, affine=True, track_running_stats=True)
    (1): BatchNorm1d(512, eps=1e-05, momentum=0.1, affine=True, track_running_stats=True)
    (2): BatchNorm1d(512, eps=1e-05, momentum=0.1, affine=True, track_running_stats=True)
  )
  (lin_in): Linear(in_features=3703, out_features=512, bias=True)
  (pred_local): Linear(in_features=512, out_features=6, bias=True)
)
Pre-training MLP for 500 epochs to generate co-occurrence matrix...
MLP pre-training complete. Penalty matrix frozen.
Epoch: 00, Loss: 3.5853, Train: 74.17%, Valid: 36.20%, Test: 36.80%, Best Valid: 36.20%, Best Test: 36.80%
Epoch: 100, Loss: 0.0548, Train: 100.00%, Valid: 62.60%, Test: 68.00%, Best Valid: 62.60%, Best Test: 68.00%
Epoch: 200, Loss: 0.0322, Train: 100.00%, Valid: 63.80%, Test: 69.50%, Best Valid: 66.00%, Best Test: 70.90%
Epoch: 300, Loss: 0.0314, Train: 100.00%, Valid: 65.20%, Test: 69.60%, Best Valid: 66.40%, Best Test: 70.70%
Epoch: 400, Loss: 0.0301, Train: 100.00%, Valid: 63.60%, Test: 68.70%, Best Valid: 68.00%, Best Test: 70.60%
Run 01:
Highest Train: 100.00
Highest Valid: 68.00
Highest Test: 71.90
Chosen epoch: 396
Final Train: 100.00
Final Test: 70.60
Pre-training MLP for 500 epochs to generate co-occurrence matrix...
MLP pre-training complete. Penalty matrix frozen.
Epoch: 00, Loss: 3.5830, Train: 22.50%, Valid: 7.80%, Test: 7.40%, Best Valid: 7.80%, Best Test: 7.40%
Epoch: 100, Loss: 0.0574, Train: 100.00%, Valid: 61.80%, Test: 64.70%, Best Valid: 62.40%, Best Test: 65.30%
Epoch: 200, Loss: 0.0335, Train: 100.00%, Valid: 62.40%, Test: 67.60%, Best Valid: 63.60%, Best Test: 68.40%
Epoch: 300, Loss: 0.0304, Train: 100.00%, Valid: 58.60%, Test: 65.60%, Best Valid: 63.80%, Best Test: 68.50%
Epoch: 400, Loss: 0.0308, Train: 100.00%, Valid: 59.40%, Test: 65.10%, Best Valid: 63.80%, Best Test: 68.50%
Run 02:
Highest Train: 100.00
Highest Valid: 63.80
Highest Test: 68.80
Chosen epoch: 217
Final Train: 100.00
Final Test: 68.50
Pre-training MLP for 500 epochs to generate co-occurrence matrix...
MLP pre-training complete. Penalty matrix frozen.
Epoch: 00, Loss: 3.5862, Train: 16.67%, Valid: 7.80%, Test: 7.20%, Best Valid: 7.80%, Best Test: 7.20%
Epoch: 100, Loss: 0.0582, Train: 100.00%, Valid: 57.40%, Test: 62.10%, Best Valid: 57.40%, Best Test: 62.10%
Epoch: 200, Loss: 0.0341, Train: 100.00%, Valid: 66.40%, Test: 70.20%, Best Valid: 68.00%, Best Test: 72.10%
Epoch: 300, Loss: 0.0327, Train: 100.00%, Valid: 66.20%, Test: 70.50%, Best Valid: 68.00%, Best Test: 72.10%
Epoch: 400, Loss: 0.0325, Train: 100.00%, Valid: 66.20%, Test: 68.80%, Best Valid: 68.20%, Best Test: 72.40%
Run 03:
Highest Train: 100.00
Highest Valid: 68.20
Highest Test: 72.50
Chosen epoch: 336
Final Train: 100.00
Final Test: 72.40
Pre-training MLP for 500 epochs to generate co-occurrence matrix...
MLP pre-training complete. Penalty matrix frozen.
Epoch: 00, Loss: 3.5841, Train: 50.00%, Valid: 23.80%, Test: 20.80%, Best Valid: 23.80%, Best Test: 20.80%
Epoch: 100, Loss: 0.0585, Train: 100.00%, Valid: 39.00%, Test: 40.10%, Best Valid: 39.00%, Best Test: 40.10%
Epoch: 200, Loss: 0.0342, Train: 100.00%, Valid: 67.00%, Test: 70.60%, Best Valid: 67.80%, Best Test: 72.70%
Epoch: 300, Loss: 0.0324, Train: 100.00%, Valid: 67.80%, Test: 71.30%, Best Valid: 67.80%, Best Test: 72.70%
Epoch: 400, Loss: 0.0325, Train: 100.00%, Valid: 66.60%, Test: 70.90%, Best Valid: 68.60%, Best Test: 72.40%
Run 04:
Highest Train: 100.00
Highest Valid: 68.60
Highest Test: 72.70
Chosen epoch: 322
Final Train: 100.00
Final Test: 72.40
Pre-training MLP for 500 epochs to generate co-occurrence matrix...
MLP pre-training complete. Penalty matrix frozen.
Epoch: 00, Loss: 3.5838, Train: 20.00%, Valid: 20.60%, Test: 20.30%, Best Valid: 20.60%, Best Test: 20.30%
Epoch: 100, Loss: 0.0575, Train: 100.00%, Valid: 64.60%, Test: 69.40%, Best Valid: 66.40%, Best Test: 69.30%
Epoch: 200, Loss: 0.0311, Train: 100.00%, Valid: 62.80%, Test: 67.50%, Best Valid: 66.40%, Best Test: 69.30%
Epoch: 300, Loss: 0.0323, Train: 100.00%, Valid: 64.00%, Test: 67.90%, Best Valid: 66.40%, Best Test: 69.30%
Epoch: 400, Loss: 0.0313, Train: 100.00%, Valid: 63.40%, Test: 67.40%, Best Valid: 66.40%, Best Test: 69.30%
Run 05:
Highest Train: 100.00
Highest Valid: 66.40
Highest Test: 70.40
Chosen epoch: 88
Final Train: 100.00
Final Test: 69.30
All runs:
Highest Train: 100.00 ± 0.00
Highest Test: 71.26 ± 1.64
Highest Valid: 67.00 ± 1.97
  Final Train: 100.00 ± 0.00
   Final Test: 70.64 ± 1.77
Saving results to results/citeseer/MPNN_sage.csv

Homophilic sweep completed!
==========================================================
Starting Homophilic MLP-Reg Sweep for:
python main.py --gnn gat  --dataset citeseer --hidden_channels 256 --lr 0.001 --runs 5 --local_layers 3 --weight_decay 0.01 --dropout 0.5 --rand_split_class --valid_num 500 --test_num 1000 --seed 123 --device 0 --res
==========================================================
Running Baseline (REG: False)...
Namespace(bn=False, cpu=False, data_dir='./data/', dataset='citeseer', device=0, display_step=100, dropout=0.5, epochs=500, gnn='gat', hidden_channels=256, jk=False, label_num_per_class=20, lambda_val=0.5, ln=False, local_layers=3, lr=0.001, metric='acc', mlp_epochs=500, mlp_reg=False, model='MPNN', model_dir='./model/', num_heads=1, pre_linear=False, pre_ln=False, rand_split=False, rand_split_class=True, reg_start_epoch=10, reg_update_freq=5, res=True, runs=5, save_model=False, seed=123, test_num=1000, train_prop=0.5, use_reg=False, valid_num=500, valid_prop=0.25, weight_decay=0.01)
citeseer
Num nodes: 3327
train:torch.Size([120]), valid:torch.Size([500]), test:torch.Size([1000])
dataset citeseer | num nodes 3327 | num edge 9104 | num node feats 3703 | num classes 6
MODEL: MPNNs(
  (h_lins): ModuleList()
  (local_convs): ModuleList(
    (0): GATConv(3703, 256, heads=1)
    (1): GATConv(256, 256, heads=1)
    (2): GATConv(256, 256, heads=1)
  )
  (lins): ModuleList(
    (0): Linear(in_features=3703, out_features=256, bias=True)
    (1): Linear(in_features=256, out_features=256, bias=True)
    (2): Linear(in_features=256, out_features=256, bias=True)
  )
  (lns): ModuleList(
    (0): LayerNorm((256,), eps=1e-05, elementwise_affine=True)
    (1): LayerNorm((256,), eps=1e-05, elementwise_affine=True)
    (2): LayerNorm((256,), eps=1e-05, elementwise_affine=True)
  )
  (bns): ModuleList(
    (0): BatchNorm1d(256, eps=1e-05, momentum=0.1, affine=True, track_running_stats=True)
    (1): BatchNorm1d(256, eps=1e-05, momentum=0.1, affine=True, track_running_stats=True)
    (2): BatchNorm1d(256, eps=1e-05, momentum=0.1, affine=True, track_running_stats=True)
  )
  (lin_in): Linear(in_features=3703, out_features=256, bias=True)
  (pred_local): Linear(in_features=256, out_features=6, bias=True)
)
Epoch: 00, Loss: 1.8001, Train: 20.00%, Valid: 8.00%, Test: 7.10%, Best Valid: 8.00%, Best Test: 7.10%
Epoch: 100, Loss: 0.0355, Train: 100.00%, Valid: 67.00%, Test: 72.00%, Best Valid: 68.20%, Best Test: 71.30%
Epoch: 200, Loss: 0.0205, Train: 100.00%, Valid: 67.60%, Test: 71.10%, Best Valid: 68.80%, Best Test: 70.40%
Epoch: 300, Loss: 0.0193, Train: 100.00%, Valid: 65.00%, Test: 69.20%, Best Valid: 68.80%, Best Test: 70.40%
Epoch: 400, Loss: 0.0185, Train: 100.00%, Valid: 65.80%, Test: 70.40%, Best Valid: 68.80%, Best Test: 70.40%
Run 01:
Highest Train: 100.00
Highest Valid: 68.80
Highest Test: 72.90
Chosen epoch: 162
Final Train: 100.00
Final Test: 70.40
Epoch: 00, Loss: 1.7954, Train: 17.50%, Valid: 17.00%, Test: 16.70%, Best Valid: 17.00%, Best Test: 16.70%
Epoch: 100, Loss: 0.0378, Train: 100.00%, Valid: 66.00%, Test: 70.50%, Best Valid: 67.80%, Best Test: 70.40%
Epoch: 200, Loss: 0.0218, Train: 100.00%, Valid: 66.40%, Test: 69.50%, Best Valid: 68.80%, Best Test: 72.60%
Epoch: 300, Loss: 0.0221, Train: 100.00%, Valid: 66.60%, Test: 71.00%, Best Valid: 68.80%, Best Test: 72.60%
Epoch: 400, Loss: 0.0252, Train: 100.00%, Valid: 60.80%, Test: 66.90%, Best Valid: 68.80%, Best Test: 72.60%
Run 02:
Highest Train: 100.00
Highest Valid: 68.80
Highest Test: 73.10
Chosen epoch: 167
Final Train: 100.00
Final Test: 72.60
Epoch: 00, Loss: 1.7876, Train: 27.50%, Valid: 21.20%, Test: 20.10%, Best Valid: 21.20%, Best Test: 20.10%
Epoch: 100, Loss: 0.0311, Train: 100.00%, Valid: 67.20%, Test: 69.50%, Best Valid: 67.80%, Best Test: 72.10%
Epoch: 200, Loss: 0.0222, Train: 100.00%, Valid: 63.80%, Test: 68.80%, Best Valid: 67.80%, Best Test: 72.10%
Epoch: 300, Loss: 0.0201, Train: 100.00%, Valid: 67.20%, Test: 71.60%, Best Valid: 68.00%, Best Test: 71.80%
Epoch: 400, Loss: 0.0220, Train: 100.00%, Valid: 68.60%, Test: 72.30%, Best Valid: 68.80%, Best Test: 72.10%
Run 03:
Highest Train: 100.00
Highest Valid: 68.80
Highest Test: 72.90
Chosen epoch: 309
Final Train: 100.00
Final Test: 72.10
Epoch: 00, Loss: 1.7916, Train: 30.83%, Valid: 21.00%, Test: 20.80%, Best Valid: 21.00%, Best Test: 20.80%
Epoch: 100, Loss: 0.0261, Train: 100.00%, Valid: 67.40%, Test: 72.60%, Best Valid: 69.00%, Best Test: 72.60%
Epoch: 200, Loss: 0.0253, Train: 100.00%, Valid: 64.00%, Test: 68.40%, Best Valid: 69.00%, Best Test: 72.60%
Epoch: 300, Loss: 0.0185, Train: 100.00%, Valid: 64.80%, Test: 69.50%, Best Valid: 69.00%, Best Test: 72.60%
Epoch: 400, Loss: 0.0216, Train: 100.00%, Valid: 68.00%, Test: 71.60%, Best Valid: 69.00%, Best Test: 72.60%
Run 04:
Highest Train: 100.00
Highest Valid: 69.00
Highest Test: 74.10
Chosen epoch: 38
Final Train: 99.17
Final Test: 72.60
Epoch: 00, Loss: 1.7912, Train: 22.50%, Valid: 11.60%, Test: 12.10%, Best Valid: 11.60%, Best Test: 12.10%
Epoch: 100, Loss: 0.0269, Train: 100.00%, Valid: 63.60%, Test: 68.50%, Best Valid: 67.80%, Best Test: 71.60%
Epoch: 200, Loss: 0.0268, Train: 100.00%, Valid: 66.40%, Test: 70.30%, Best Valid: 68.00%, Best Test: 72.20%
Epoch: 300, Loss: 0.0240, Train: 100.00%, Valid: 68.20%, Test: 71.90%, Best Valid: 69.00%, Best Test: 71.00%
Epoch: 400, Loss: 0.0217, Train: 100.00%, Valid: 66.80%, Test: 70.50%, Best Valid: 69.00%, Best Test: 71.00%
Run 05:
Highest Train: 100.00
Highest Valid: 69.00
Highest Test: 73.40
Chosen epoch: 238
Final Train: 100.00
Final Test: 71.00
All runs:
Highest Train: 100.00 ± 0.00
Highest Test: 73.28 ± 0.50
Highest Valid: 68.88 ± 0.11
  Final Train: 99.83 ± 0.37
   Final Test: 71.74 ± 0.99
Saving results to results/citeseer/MPNN_gat.csv

Running with Pre-trained MLP Regularization (lambda=0.01)...
Namespace(bn=False, cpu=False, data_dir='./data/', dataset='citeseer', device=0, display_step=100, dropout=0.5, epochs=500, gnn='gat', hidden_channels=256, jk=False, label_num_per_class=20, lambda_val=0.01, ln=False, local_layers=3, lr=0.001, metric='acc', mlp_epochs=500, mlp_reg=True, model='MPNN', model_dir='./model/', num_heads=1, pre_linear=False, pre_ln=False, rand_split=False, rand_split_class=True, reg_start_epoch=10, reg_update_freq=5, res=True, runs=5, save_model=False, seed=123, test_num=1000, train_prop=0.5, use_reg=True, valid_num=500, valid_prop=0.25, weight_decay=0.01)
citeseer
Num nodes: 3327
train:torch.Size([120]), valid:torch.Size([500]), test:torch.Size([1000])
dataset citeseer | num nodes 3327 | num edge 9104 | num node feats 3703 | num classes 6
MODEL: MPNNs(
  (h_lins): ModuleList()
  (local_convs): ModuleList(
    (0): GATConv(3703, 256, heads=1)
    (1): GATConv(256, 256, heads=1)
    (2): GATConv(256, 256, heads=1)
  )
  (lins): ModuleList(
    (0): Linear(in_features=3703, out_features=256, bias=True)
    (1): Linear(in_features=256, out_features=256, bias=True)
    (2): Linear(in_features=256, out_features=256, bias=True)
  )
  (lns): ModuleList(
    (0): LayerNorm((256,), eps=1e-05, elementwise_affine=True)
    (1): LayerNorm((256,), eps=1e-05, elementwise_affine=True)
    (2): LayerNorm((256,), eps=1e-05, elementwise_affine=True)
  )
  (bns): ModuleList(
    (0): BatchNorm1d(256, eps=1e-05, momentum=0.1, affine=True, track_running_stats=True)
    (1): BatchNorm1d(256, eps=1e-05, momentum=0.1, affine=True, track_running_stats=True)
    (2): BatchNorm1d(256, eps=1e-05, momentum=0.1, affine=True, track_running_stats=True)
  )
  (lin_in): Linear(in_features=3703, out_features=256, bias=True)
  (pred_local): Linear(in_features=256, out_features=6, bias=True)
)
Pre-training MLP for 500 epochs to generate co-occurrence matrix...
MLP pre-training complete. Penalty matrix frozen.
Epoch: 00, Loss: 1.8052, Train: 21.67%, Valid: 9.20%, Test: 8.10%, Best Valid: 9.20%, Best Test: 8.10%
Epoch: 100, Loss: 0.0325, Train: 100.00%, Valid: 65.00%, Test: 69.20%, Best Valid: 68.60%, Best Test: 68.70%
Epoch: 200, Loss: 0.0278, Train: 100.00%, Valid: 66.80%, Test: 72.10%, Best Valid: 68.60%, Best Test: 68.70%
Epoch: 300, Loss: 0.0217, Train: 100.00%, Valid: 65.80%, Test: 70.20%, Best Valid: 68.60%, Best Test: 68.70%
Epoch: 400, Loss: 0.0185, Train: 100.00%, Valid: 66.20%, Test: 71.70%, Best Valid: 68.60%, Best Test: 68.70%
Run 01:
Highest Train: 100.00
Highest Valid: 68.60
Highest Test: 72.80
Chosen epoch: 17
Final Train: 96.67
Final Test: 68.70
Pre-training MLP for 500 epochs to generate co-occurrence matrix...
MLP pre-training complete. Penalty matrix frozen.
Epoch: 00, Loss: 1.8137, Train: 30.83%, Valid: 24.20%, Test: 26.00%, Best Valid: 24.20%, Best Test: 26.00%
Epoch: 100, Loss: 0.0362, Train: 100.00%, Valid: 64.60%, Test: 68.00%, Best Valid: 67.20%, Best Test: 70.60%
Epoch: 200, Loss: 0.0229, Train: 100.00%, Valid: 64.00%, Test: 67.90%, Best Valid: 67.40%, Best Test: 70.30%
Epoch: 300, Loss: 0.0221, Train: 100.00%, Valid: 65.00%, Test: 69.80%, Best Valid: 67.40%, Best Test: 70.30%
Epoch: 400, Loss: 0.0179, Train: 100.00%, Valid: 64.80%, Test: 67.90%, Best Valid: 67.40%, Best Test: 70.30%
Run 02:
Highest Train: 100.00
Highest Valid: 68.20
Highest Test: 72.30
Chosen epoch: 469
Final Train: 100.00
Final Test: 69.60
Pre-training MLP for 500 epochs to generate co-occurrence matrix...
MLP pre-training complete. Penalty matrix frozen.
Epoch: 00, Loss: 1.8139, Train: 40.00%, Valid: 25.40%, Test: 28.30%, Best Valid: 25.40%, Best Test: 28.30%
Epoch: 100, Loss: 0.0355, Train: 100.00%, Valid: 66.40%, Test: 71.10%, Best Valid: 69.60%, Best Test: 70.50%
Epoch: 200, Loss: 0.0256, Train: 100.00%, Valid: 65.80%, Test: 69.60%, Best Valid: 69.60%, Best Test: 70.50%
Epoch: 300, Loss: 0.0180, Train: 100.00%, Valid: 67.80%, Test: 71.80%, Best Valid: 69.60%, Best Test: 70.50%
Epoch: 400, Loss: 0.0211, Train: 100.00%, Valid: 64.60%, Test: 70.30%, Best Valid: 69.60%, Best Test: 70.50%
Run 03:
Highest Train: 100.00
Highest Valid: 69.60
Highest Test: 73.20
Chosen epoch: 10
Final Train: 95.00
Final Test: 70.50
Pre-training MLP for 500 epochs to generate co-occurrence matrix...
MLP pre-training complete. Penalty matrix frozen.
Epoch: 00, Loss: 1.8184, Train: 22.50%, Valid: 22.20%, Test: 23.10%, Best Valid: 22.20%, Best Test: 23.10%
Epoch: 100, Loss: 0.0314, Train: 100.00%, Valid: 65.60%, Test: 71.00%, Best Valid: 67.60%, Best Test: 68.90%
Epoch: 200, Loss: 0.0210, Train: 100.00%, Valid: 66.40%, Test: 69.70%, Best Valid: 67.80%, Best Test: 71.00%
Epoch: 300, Loss: 0.0229, Train: 100.00%, Valid: 66.20%, Test: 71.00%, Best Valid: 68.20%, Best Test: 70.70%
Epoch: 400, Loss: 0.0216, Train: 100.00%, Valid: 68.40%, Test: 71.80%, Best Valid: 68.60%, Best Test: 70.40%
Run 04:
Highest Train: 100.00
Highest Valid: 68.60
Highest Test: 72.40
Chosen epoch: 391
Final Train: 100.00
Final Test: 70.40
Pre-training MLP for 500 epochs to generate co-occurrence matrix...
MLP pre-training complete. Penalty matrix frozen.
Epoch: 00, Loss: 1.8060, Train: 29.17%, Valid: 23.20%, Test: 21.80%, Best Valid: 23.20%, Best Test: 21.80%
Epoch: 100, Loss: 0.0429, Train: 100.00%, Valid: 64.20%, Test: 70.10%, Best Valid: 66.80%, Best Test: 68.50%
Epoch: 200, Loss: 0.0243, Train: 100.00%, Valid: 65.00%, Test: 68.90%, Best Valid: 66.80%, Best Test: 68.50%
Epoch: 300, Loss: 0.0204, Train: 100.00%, Valid: 64.20%, Test: 68.60%, Best Valid: 66.80%, Best Test: 68.50%
Epoch: 400, Loss: 0.0195, Train: 100.00%, Valid: 62.40%, Test: 68.20%, Best Valid: 66.80%, Best Test: 68.50%
Run 05:
Highest Train: 100.00
Highest Valid: 66.80
Highest Test: 71.30
Chosen epoch: 54
Final Train: 100.00
Final Test: 68.50
All runs:
Highest Train: 100.00 ± 0.00
Highest Test: 72.40 ± 0.71
Highest Valid: 68.36 ± 1.01
  Final Train: 98.33 ± 2.36
   Final Test: 69.54 ± 0.93
Saving results to results/citeseer/MPNN_gat.csv

Running with Pre-trained MLP Regularization (lambda=0.1)...
Namespace(bn=False, cpu=False, data_dir='./data/', dataset='citeseer', device=0, display_step=100, dropout=0.5, epochs=500, gnn='gat', hidden_channels=256, jk=False, label_num_per_class=20, lambda_val=0.1, ln=False, local_layers=3, lr=0.001, metric='acc', mlp_epochs=500, mlp_reg=True, model='MPNN', model_dir='./model/', num_heads=1, pre_linear=False, pre_ln=False, rand_split=False, rand_split_class=True, reg_start_epoch=10, reg_update_freq=5, res=True, runs=5, save_model=False, seed=123, test_num=1000, train_prop=0.5, use_reg=True, valid_num=500, valid_prop=0.25, weight_decay=0.01)
citeseer
Num nodes: 3327
train:torch.Size([120]), valid:torch.Size([500]), test:torch.Size([1000])
dataset citeseer | num nodes 3327 | num edge 9104 | num node feats 3703 | num classes 6
MODEL: MPNNs(
  (h_lins): ModuleList()
  (local_convs): ModuleList(
    (0): GATConv(3703, 256, heads=1)
    (1): GATConv(256, 256, heads=1)
    (2): GATConv(256, 256, heads=1)
  )
  (lins): ModuleList(
    (0): Linear(in_features=3703, out_features=256, bias=True)
    (1): Linear(in_features=256, out_features=256, bias=True)
    (2): Linear(in_features=256, out_features=256, bias=True)
  )
  (lns): ModuleList(
    (0): LayerNorm((256,), eps=1e-05, elementwise_affine=True)
    (1): LayerNorm((256,), eps=1e-05, elementwise_affine=True)
    (2): LayerNorm((256,), eps=1e-05, elementwise_affine=True)
  )
  (bns): ModuleList(
    (0): BatchNorm1d(256, eps=1e-05, momentum=0.1, affine=True, track_running_stats=True)
    (1): BatchNorm1d(256, eps=1e-05, momentum=0.1, affine=True, track_running_stats=True)
    (2): BatchNorm1d(256, eps=1e-05, momentum=0.1, affine=True, track_running_stats=True)
  )
  (lin_in): Linear(in_features=3703, out_features=256, bias=True)
  (pred_local): Linear(in_features=256, out_features=6, bias=True)
)
Pre-training MLP for 500 epochs to generate co-occurrence matrix...
MLP pre-training complete. Penalty matrix frozen.
Epoch: 00, Loss: 1.9660, Train: 20.83%, Valid: 8.60%, Test: 7.60%, Best Valid: 8.60%, Best Test: 7.60%
Epoch: 100, Loss: 0.0374, Train: 100.00%, Valid: 65.00%, Test: 68.90%, Best Valid: 67.60%, Best Test: 69.10%
Epoch: 200, Loss: 0.0307, Train: 100.00%, Valid: 66.40%, Test: 72.10%, Best Valid: 68.00%, Best Test: 72.30%
Epoch: 300, Loss: 0.0234, Train: 100.00%, Valid: 66.00%, Test: 70.20%, Best Valid: 68.00%, Best Test: 72.30%
Epoch: 400, Loss: 0.0205, Train: 100.00%, Valid: 66.00%, Test: 71.60%, Best Valid: 68.40%, Best Test: 71.60%
Run 01:
Highest Train: 100.00
Highest Valid: 68.40
Highest Test: 72.90
Chosen epoch: 393
Final Train: 100.00
Final Test: 71.60
Pre-training MLP for 500 epochs to generate co-occurrence matrix...
MLP pre-training complete. Penalty matrix frozen.
Epoch: 00, Loss: 1.9753, Train: 30.83%, Valid: 24.20%, Test: 26.00%, Best Valid: 24.20%, Best Test: 26.00%
Epoch: 100, Loss: 0.0412, Train: 100.00%, Valid: 64.80%, Test: 67.90%, Best Valid: 67.80%, Best Test: 72.20%
Epoch: 200, Loss: 0.0256, Train: 100.00%, Valid: 64.00%, Test: 67.90%, Best Valid: 67.80%, Best Test: 72.20%
Epoch: 300, Loss: 0.0242, Train: 100.00%, Valid: 65.20%, Test: 70.20%, Best Valid: 67.80%, Best Test: 72.20%
Epoch: 400, Loss: 0.0200, Train: 100.00%, Valid: 64.80%, Test: 68.40%, Best Valid: 67.80%, Best Test: 72.20%
Run 02:
Highest Train: 100.00
Highest Valid: 67.80
Highest Test: 72.70
Chosen epoch: 55
Final Train: 100.00
Final Test: 72.20
Pre-training MLP for 500 epochs to generate co-occurrence matrix...
MLP pre-training complete. Penalty matrix frozen.
Epoch: 00, Loss: 1.9756, Train: 40.00%, Valid: 25.60%, Test: 28.50%, Best Valid: 25.60%, Best Test: 28.50%
Epoch: 100, Loss: 0.0408, Train: 100.00%, Valid: 65.80%, Test: 71.20%, Best Valid: 69.20%, Best Test: 70.30%
Epoch: 200, Loss: 0.0278, Train: 100.00%, Valid: 65.80%, Test: 69.70%, Best Valid: 69.20%, Best Test: 70.30%
Epoch: 300, Loss: 0.0202, Train: 100.00%, Valid: 67.60%, Test: 72.00%, Best Valid: 69.20%, Best Test: 70.30%
Epoch: 400, Loss: 0.0236, Train: 100.00%, Valid: 64.60%, Test: 70.50%, Best Valid: 69.20%, Best Test: 70.30%
Run 03:
Highest Train: 100.00
Highest Valid: 69.20
Highest Test: 73.00
Chosen epoch: 9
Final Train: 95.83
Final Test: 70.30
Pre-training MLP for 500 epochs to generate co-occurrence matrix...
MLP pre-training complete. Penalty matrix frozen.
Epoch: 00, Loss: 1.9804, Train: 23.33%, Valid: 22.80%, Test: 23.00%, Best Valid: 22.80%, Best Test: 23.00%
Epoch: 100, Loss: 0.0366, Train: 100.00%, Valid: 66.20%, Test: 72.10%, Best Valid: 68.40%, Best Test: 68.20%
Epoch: 200, Loss: 0.0235, Train: 100.00%, Valid: 66.60%, Test: 70.50%, Best Valid: 68.40%, Best Test: 68.20%
Epoch: 300, Loss: 0.0241, Train: 100.00%, Valid: 66.20%, Test: 70.10%, Best Valid: 68.40%, Best Test: 68.20%
Epoch: 400, Loss: 0.0239, Train: 100.00%, Valid: 68.40%, Test: 72.60%, Best Valid: 68.80%, Best Test: 70.60%
Run 04:
Highest Train: 100.00
Highest Valid: 68.80
Highest Test: 73.30
Chosen epoch: 391
Final Train: 100.00
Final Test: 70.60
Pre-training MLP for 500 epochs to generate co-occurrence matrix...
MLP pre-training complete. Penalty matrix frozen.
Epoch: 00, Loss: 1.9669, Train: 29.17%, Valid: 24.00%, Test: 22.20%, Best Valid: 24.00%, Best Test: 22.20%
Epoch: 100, Loss: 0.0478, Train: 100.00%, Valid: 64.00%, Test: 70.10%, Best Valid: 67.20%, Best Test: 68.40%
Epoch: 200, Loss: 0.0261, Train: 100.00%, Valid: 64.80%, Test: 68.90%, Best Valid: 67.20%, Best Test: 68.40%
Epoch: 300, Loss: 0.0218, Train: 100.00%, Valid: 64.20%, Test: 68.90%, Best Valid: 67.20%, Best Test: 68.40%
Epoch: 400, Loss: 0.0221, Train: 100.00%, Valid: 62.60%, Test: 68.40%, Best Valid: 67.20%, Best Test: 68.40%
Run 05:
Highest Train: 100.00
Highest Valid: 67.20
Highest Test: 71.30
Chosen epoch: 16
Final Train: 94.17
Final Test: 68.40
All runs:
Highest Train: 100.00 ± 0.00
Highest Test: 72.64 ± 0.78
Highest Valid: 68.28 ± 0.79
  Final Train: 98.00 ± 2.80
   Final Test: 70.62 ± 1.46
Saving results to results/citeseer/MPNN_gat.csv

Running with Pre-trained MLP Regularization (lambda=1.0)...
Namespace(bn=False, cpu=False, data_dir='./data/', dataset='citeseer', device=0, display_step=100, dropout=0.5, epochs=500, gnn='gat', hidden_channels=256, jk=False, label_num_per_class=20, lambda_val=1.0, ln=False, local_layers=3, lr=0.001, metric='acc', mlp_epochs=500, mlp_reg=True, model='MPNN', model_dir='./model/', num_heads=1, pre_linear=False, pre_ln=False, rand_split=False, rand_split_class=True, reg_start_epoch=10, reg_update_freq=5, res=True, runs=5, save_model=False, seed=123, test_num=1000, train_prop=0.5, use_reg=True, valid_num=500, valid_prop=0.25, weight_decay=0.01)
citeseer
Num nodes: 3327
train:torch.Size([120]), valid:torch.Size([500]), test:torch.Size([1000])
dataset citeseer | num nodes 3327 | num edge 9104 | num node feats 3703 | num classes 6
MODEL: MPNNs(
  (h_lins): ModuleList()
  (local_convs): ModuleList(
    (0): GATConv(3703, 256, heads=1)
    (1): GATConv(256, 256, heads=1)
    (2): GATConv(256, 256, heads=1)
  )
  (lins): ModuleList(
    (0): Linear(in_features=3703, out_features=256, bias=True)
    (1): Linear(in_features=256, out_features=256, bias=True)
    (2): Linear(in_features=256, out_features=256, bias=True)
  )
  (lns): ModuleList(
    (0): LayerNorm((256,), eps=1e-05, elementwise_affine=True)
    (1): LayerNorm((256,), eps=1e-05, elementwise_affine=True)
    (2): LayerNorm((256,), eps=1e-05, elementwise_affine=True)
  )
  (bns): ModuleList(
    (0): BatchNorm1d(256, eps=1e-05, momentum=0.1, affine=True, track_running_stats=True)
    (1): BatchNorm1d(256, eps=1e-05, momentum=0.1, affine=True, track_running_stats=True)
    (2): BatchNorm1d(256, eps=1e-05, momentum=0.1, affine=True, track_running_stats=True)
  )
  (lin_in): Linear(in_features=3703, out_features=256, bias=True)
  (pred_local): Linear(in_features=256, out_features=6, bias=True)
)
Pre-training MLP for 500 epochs to generate co-occurrence matrix...
MLP pre-training complete. Penalty matrix frozen.
Epoch: 00, Loss: 3.5746, Train: 16.67%, Valid: 7.80%, Test: 7.20%, Best Valid: 7.80%, Best Test: 7.20%
Epoch: 100, Loss: 0.0866, Train: 100.00%, Valid: 41.60%, Test: 43.70%, Best Valid: 45.00%, Best Test: 46.90%
Epoch: 200, Loss: 0.0528, Train: 100.00%, Valid: 64.40%, Test: 70.10%, Best Valid: 65.80%, Best Test: 70.00%
Epoch: 300, Loss: 0.0476, Train: 100.00%, Valid: 65.80%, Test: 70.10%, Best Valid: 67.80%, Best Test: 71.80%
Epoch: 400, Loss: 0.0388, Train: 100.00%, Valid: 64.60%, Test: 70.00%, Best Valid: 68.00%, Best Test: 72.20%
Run 01:
Highest Train: 100.00
Highest Valid: 68.00
Highest Test: 72.60
Chosen epoch: 392
Final Train: 100.00
Final Test: 72.20
Pre-training MLP for 500 epochs to generate co-occurrence matrix...
MLP pre-training complete. Penalty matrix frozen.
Epoch: 00, Loss: 3.5915, Train: 31.67%, Valid: 23.80%, Test: 26.70%, Best Valid: 23.80%, Best Test: 26.70%
Epoch: 100, Loss: 0.0886, Train: 100.00%, Valid: 62.20%, Test: 66.70%, Best Valid: 64.60%, Best Test: 69.40%
Epoch: 200, Loss: 0.0478, Train: 100.00%, Valid: 64.20%, Test: 67.60%, Best Valid: 66.60%, Best Test: 71.80%
Epoch: 300, Loss: 0.0419, Train: 100.00%, Valid: 65.20%, Test: 69.80%, Best Valid: 67.00%, Best Test: 70.40%
Epoch: 400, Loss: 0.0402, Train: 100.00%, Valid: 64.40%, Test: 68.60%, Best Valid: 67.00%, Best Test: 70.40%
Run 02:
Highest Train: 100.00
Highest Valid: 67.60
Highest Test: 71.80
Chosen epoch: 461
Final Train: 100.00
Final Test: 69.80
Pre-training MLP for 500 epochs to generate co-occurrence matrix...
MLP pre-training complete. Penalty matrix frozen.
Epoch: 00, Loss: 3.5919, Train: 42.50%, Valid: 25.00%, Test: 28.10%, Best Valid: 25.00%, Best Test: 28.10%
Epoch: 100, Loss: 0.0869, Train: 100.00%, Valid: 57.40%, Test: 58.80%, Best Valid: 57.40%, Best Test: 58.80%
Epoch: 200, Loss: 0.0501, Train: 100.00%, Valid: 65.20%, Test: 68.90%, Best Valid: 67.20%, Best Test: 70.00%
Epoch: 300, Loss: 0.0394, Train: 100.00%, Valid: 67.40%, Test: 71.30%, Best Valid: 68.60%, Best Test: 72.40%
Epoch: 400, Loss: 0.0404, Train: 100.00%, Valid: 65.40%, Test: 69.80%, Best Valid: 68.80%, Best Test: 72.90%
Run 03:
Highest Train: 100.00
Highest Valid: 68.80
Highest Test: 72.90
Chosen epoch: 363
Final Train: 100.00
Final Test: 72.90
Pre-training MLP for 500 epochs to generate co-occurrence matrix...
MLP pre-training complete. Penalty matrix frozen.
Epoch: 00, Loss: 3.6007, Train: 30.00%, Valid: 25.00%, Test: 28.10%, Best Valid: 25.00%, Best Test: 28.10%
Epoch: 100, Loss: 0.0830, Train: 100.00%, Valid: 55.80%, Test: 54.30%, Best Valid: 62.00%, Best Test: 62.40%
Epoch: 200, Loss: 0.0466, Train: 100.00%, Valid: 67.40%, Test: 71.90%, Best Valid: 68.60%, Best Test: 71.30%
Epoch: 300, Loss: 0.0457, Train: 100.00%, Valid: 67.00%, Test: 71.00%, Best Valid: 69.00%, Best Test: 70.50%
Epoch: 400, Loss: 0.0457, Train: 100.00%, Valid: 68.40%, Test: 73.20%, Best Valid: 69.20%, Best Test: 72.10%
Run 04:
Highest Train: 100.00
Highest Valid: 69.20
Highest Test: 73.40
Chosen epoch: 372
Final Train: 100.00
Final Test: 72.10
Pre-training MLP for 500 epochs to generate co-occurrence matrix...
MLP pre-training complete. Penalty matrix frozen.
Epoch: 00, Loss: 3.5762, Train: 38.33%, Valid: 28.00%, Test: 26.60%, Best Valid: 28.00%, Best Test: 26.60%
Epoch: 100, Loss: 0.0997, Train: 100.00%, Valid: 60.20%, Test: 65.50%, Best Valid: 63.60%, Best Test: 67.30%
Epoch: 200, Loss: 0.0483, Train: 100.00%, Valid: 64.40%, Test: 69.50%, Best Valid: 65.60%, Best Test: 69.80%
Epoch: 300, Loss: 0.0416, Train: 100.00%, Valid: 63.40%, Test: 69.00%, Best Valid: 65.60%, Best Test: 69.80%
Epoch: 400, Loss: 0.0399, Train: 100.00%, Valid: 62.80%, Test: 68.60%, Best Valid: 65.60%, Best Test: 69.80%
Run 05:
Highest Train: 100.00
Highest Valid: 65.60
Highest Test: 70.30
Chosen epoch: 120
Final Train: 100.00
Final Test: 69.80
All runs:
Highest Train: 100.00 ± 0.00
Highest Test: 72.20 ± 1.21
Highest Valid: 67.84 ± 1.40
  Final Train: 100.00 ± 0.00
   Final Test: 71.36 ± 1.46
Saving results to results/citeseer/MPNN_gat.csv

Homophilic sweep completed!
==========================================================
Sweep for citeseer completed at: Sun Apr 26 12:33:13 AM EDT 2026
==========================================================
