==========================================================
Homophilic MLP-Reg GNN Sweep — Dataset: amazon-photo
Array task: 1 / Job: 998532
Date: Sun Apr 26 12:03:06 AM EDT 2026 | Host: n0001
==========================================================
Sun Apr 26 00:03:15 2026       
+-----------------------------------------------------------------------------------------+
| NVIDIA-SMI 570.211.01             Driver Version: 570.211.01     CUDA Version: 12.8     |
|-----------------------------------------+------------------------+----------------------+
| GPU  Name                 Persistence-M | Bus-Id          Disp.A | Volatile Uncorr. ECC |
| Fan  Temp   Perf          Pwr:Usage/Cap |           Memory-Usage | GPU-Util  Compute M. |
|                                         |                        |               MIG M. |
|=========================================+========================+======================|
|   0  NVIDIA A100-SXM4-80GB          On  |   00000000:01:00.0 Off |                   On |
| N/A   35C    P0            114W /  500W |    3547MiB /  81920MiB |     N/A      Default |
|                                         |                        |              Enabled |
+-----------------------------------------+------------------------+----------------------+
|   1  NVIDIA A100-SXM4-80GB          On  |   00000000:41:00.0 Off |                   On |
| N/A   34C    P0            111W /  500W |    2169MiB /  81920MiB |     N/A      Default |
|                                         |                        |              Enabled |
+-----------------------------------------+------------------------+----------------------+
|   2  NVIDIA A100-SXM4-80GB          On  |   00000000:81:00.0 Off |                   On |
| N/A   36C    P0            111W /  500W |    5561MiB /  81920MiB |     N/A      Default |
|                                         |                        |              Enabled |
+-----------------------------------------+------------------------+----------------------+
|   3  NVIDIA A100-SXM4-80GB          On  |   00000000:C1:00.0 Off |                   On |
| N/A   25C    P0             49W /  500W |     185MiB /  81920MiB |     N/A      Default |
|                                         |                        |              Enabled |
+-----------------------------------------+------------------------+----------------------+

+-----------------------------------------------------------------------------------------+
| MIG devices:                                                                            |
+------------------+----------------------------------+-----------+-----------------------+
| GPU  GI  CI  MIG |                     Memory-Usage |        Vol|        Shared         |
|      ID  ID  Dev |                       BAR1-Usage | SM     Unc| CE ENC  DEC  OFA  JPG |
|                  |                                  |        ECC|                       |
|==================+==================================+===========+=======================|
|  1   14   0   0  |              27MiB /  9728MiB    | 14      0 |  1   0    0    0    0 |
|                  |                 0MiB / 16383MiB  |           |                       |
+------------------+----------------------------------+-----------+-----------------------+
                                                                                         
+-----------------------------------------------------------------------------------------+
| Processes:                                                                              |
|  GPU   GI   CI              PID   Type   Process name                        GPU Memory |
|        ID   ID                                                               Usage      |
|=========================================================================================|
|    0   13    0           722285      C   python                                 3358MiB |
|    2    9    0           720307      C   python                                 5372MiB |
+-----------------------------------------------------------------------------------------+
1.12.1
True
NVIDIA A100-SXM4-80GB MIG 1g.10gb
==========================================================
Starting Homophilic MLP-Reg Sweep for:
python main.py --gnn gcn  --dataset amazon-photo --hidden_channels 256 --epochs 1000 --lr 0.001 --runs 3 --local_layers 6 --weight_decay 5e-5 --dropout 0.5 --device 0 --ln --res
==========================================================
Running Baseline (REG: False)...
Namespace(bn=False, cpu=False, data_dir='./data/', dataset='amazon-photo', device=0, display_step=100, dropout=0.5, epochs=1000, gnn='gcn', hidden_channels=256, jk=False, label_num_per_class=20, lambda_val=0.5, ln=True, local_layers=6, lr=0.001, metric='acc', mlp_epochs=500, mlp_reg=False, model='MPNN', model_dir='./model/', num_heads=1, pre_linear=False, pre_ln=False, rand_split=False, rand_split_class=False, reg_start_epoch=10, reg_update_freq=5, res=True, runs=3, save_model=False, seed=42, test_num=1000, train_prop=0.5, use_reg=False, valid_num=500, valid_prop=0.25, weight_decay=5e-05)
amazon-photo
dataset amazon-photo | num nodes 7650 | num edge 238162 | num node feats 745 | num classes 8
MODEL: MPNNs(
  (h_lins): ModuleList()
  (local_convs): ModuleList(
    (0): GCNConv(745, 256)
    (1): GCNConv(256, 256)
    (2): GCNConv(256, 256)
    (3): GCNConv(256, 256)
    (4): GCNConv(256, 256)
    (5): GCNConv(256, 256)
  )
  (lins): ModuleList(
    (0): Linear(in_features=745, out_features=256, bias=True)
    (1): Linear(in_features=256, out_features=256, bias=True)
    (2): Linear(in_features=256, out_features=256, bias=True)
    (3): Linear(in_features=256, out_features=256, bias=True)
    (4): Linear(in_features=256, out_features=256, bias=True)
    (5): Linear(in_features=256, out_features=256, bias=True)
  )
  (lns): ModuleList(
    (0): LayerNorm((256,), eps=1e-05, elementwise_affine=True)
    (1): LayerNorm((256,), eps=1e-05, elementwise_affine=True)
    (2): LayerNorm((256,), eps=1e-05, elementwise_affine=True)
    (3): LayerNorm((256,), eps=1e-05, elementwise_affine=True)
    (4): LayerNorm((256,), eps=1e-05, elementwise_affine=True)
    (5): LayerNorm((256,), eps=1e-05, elementwise_affine=True)
  )
  (bns): ModuleList(
    (0): BatchNorm1d(256, eps=1e-05, momentum=0.1, affine=True, track_running_stats=True)
    (1): BatchNorm1d(256, eps=1e-05, momentum=0.1, affine=True, track_running_stats=True)
    (2): BatchNorm1d(256, eps=1e-05, momentum=0.1, affine=True, track_running_stats=True)
    (3): BatchNorm1d(256, eps=1e-05, momentum=0.1, affine=True, track_running_stats=True)
    (4): BatchNorm1d(256, eps=1e-05, momentum=0.1, affine=True, track_running_stats=True)
    (5): BatchNorm1d(256, eps=1e-05, momentum=0.1, affine=True, track_running_stats=True)
  )
  (lin_in): Linear(in_features=745, out_features=256, bias=True)
  (pred_local): Linear(in_features=256, out_features=8, bias=True)
)
Epoch: 00, Loss: 2.2032, Train: 27.67%, Valid: 27.19%, Test: 27.71%, Best Valid: 27.19%, Best Test: 27.71%
Epoch: 100, Loss: 0.2031, Train: 95.45%, Valid: 93.46%, Test: 94.38%, Best Valid: 94.25%, Best Test: 94.64%
Epoch: 200, Loss: 0.1068, Train: 98.21%, Valid: 95.10%, Test: 95.88%, Best Valid: 95.10%, Best Test: 95.88%
Epoch: 300, Loss: 0.0564, Train: 99.06%, Valid: 95.03%, Test: 95.95%, Best Valid: 95.23%, Best Test: 96.08%
Epoch: 400, Loss: 0.0390, Train: 99.46%, Valid: 94.97%, Test: 95.95%, Best Valid: 95.69%, Best Test: 96.08%
Epoch: 500, Loss: 0.0258, Train: 99.72%, Valid: 95.03%, Test: 95.82%, Best Valid: 95.69%, Best Test: 96.08%
Epoch: 600, Loss: 0.0227, Train: 99.76%, Valid: 95.10%, Test: 95.75%, Best Valid: 95.69%, Best Test: 96.08%
Epoch: 700, Loss: 0.0209, Train: 99.76%, Valid: 95.36%, Test: 95.88%, Best Valid: 95.69%, Best Test: 96.08%
Epoch: 800, Loss: 0.0193, Train: 99.72%, Valid: 94.77%, Test: 95.62%, Best Valid: 95.69%, Best Test: 96.08%
Epoch: 900, Loss: 1.2494, Train: 64.25%, Valid: 63.33%, Test: 63.14%, Best Valid: 95.69%, Best Test: 96.08%
Run 01:
Highest Train: 99.80
Highest Valid: 95.69
Highest Test: 96.54
Chosen epoch: 318
Final Train: 99.32
Final Test: 96.08
Epoch: 00, Loss: 2.2035, Train: 24.95%, Valid: 26.47%, Test: 25.56%, Best Valid: 26.47%, Best Test: 25.56%
Epoch: 100, Loss: 0.2782, Train: 92.09%, Valid: 90.92%, Test: 91.57%, Best Valid: 93.66%, Best Test: 94.38%
Epoch: 200, Loss: 0.1043, Train: 98.06%, Valid: 94.58%, Test: 95.49%, Best Valid: 94.90%, Best Test: 94.84%
Epoch: 300, Loss: 0.0664, Train: 99.13%, Valid: 95.03%, Test: 96.01%, Best Valid: 95.16%, Best Test: 95.75%
Epoch: 400, Loss: 0.0351, Train: 99.39%, Valid: 95.23%, Test: 95.82%, Best Valid: 95.42%, Best Test: 96.27%
Epoch: 500, Loss: 0.2129, Train: 95.80%, Valid: 93.86%, Test: 94.64%, Best Valid: 95.42%, Best Test: 96.27%
Epoch: 600, Loss: 0.0566, Train: 99.19%, Valid: 94.84%, Test: 96.01%, Best Valid: 95.42%, Best Test: 96.27%
Epoch: 700, Loss: 0.0323, Train: 99.61%, Valid: 94.97%, Test: 95.75%, Best Valid: 95.42%, Best Test: 96.27%
Epoch: 800, Loss: 0.0253, Train: 99.56%, Valid: 94.51%, Test: 94.77%, Best Valid: 95.42%, Best Test: 96.27%
Epoch: 900, Loss: 0.0183, Train: 99.80%, Valid: 94.77%, Test: 95.56%, Best Valid: 95.42%, Best Test: 96.27%
Run 02:
Highest Train: 99.83
Highest Valid: 95.42
Highest Test: 96.27
Chosen epoch: 361
Final Train: 99.35
Final Test: 96.27
Epoch: 00, Loss: 2.2487, Train: 24.97%, Valid: 26.27%, Test: 25.62%, Best Valid: 26.27%, Best Test: 25.62%
Epoch: 100, Loss: 0.2119, Train: 95.32%, Valid: 93.79%, Test: 94.84%, Best Valid: 93.99%, Best Test: 94.71%
Epoch: 200, Loss: 0.1006, Train: 98.00%, Valid: 94.64%, Test: 95.10%, Best Valid: 94.90%, Best Test: 95.23%
Epoch: 300, Loss: 0.0522, Train: 99.26%, Valid: 95.23%, Test: 95.95%, Best Valid: 95.36%, Best Test: 95.95%
Epoch: 400, Loss: 0.0340, Train: 99.52%, Valid: 94.84%, Test: 95.62%, Best Valid: 95.49%, Best Test: 96.08%
Epoch: 500, Loss: 0.0337, Train: 99.69%, Valid: 95.16%, Test: 96.01%, Best Valid: 95.49%, Best Test: 96.08%
Epoch: 600, Loss: 0.0176, Train: 99.76%, Valid: 94.77%, Test: 95.62%, Best Valid: 95.49%, Best Test: 96.08%
Epoch: 700, Loss: 0.0192, Train: 99.83%, Valid: 94.84%, Test: 95.36%, Best Valid: 95.49%, Best Test: 96.08%
Epoch: 800, Loss: 0.0146, Train: 99.83%, Valid: 95.16%, Test: 95.36%, Best Valid: 95.49%, Best Test: 96.08%
Epoch: 900, Loss: 1.7726, Train: 40.28%, Valid: 40.52%, Test: 38.37%, Best Valid: 95.49%, Best Test: 96.08%
Run 03:
Highest Train: 99.85
Highest Valid: 95.49
Highest Test: 96.27
Chosen epoch: 378
Final Train: 99.50
Final Test: 96.08
All runs:
Highest Train: 99.83 ± 0.02
Highest Test: 96.36 ± 0.15
Highest Valid: 95.53 ± 0.14
  Final Train: 99.39 ± 0.09
   Final Test: 96.14 ± 0.11
Saving results to results/amazon-photo/MPNN_gcn.csv

Running with Pre-trained MLP Regularization (lambda=0.01)...
Namespace(bn=False, cpu=False, data_dir='./data/', dataset='amazon-photo', device=0, display_step=100, dropout=0.5, epochs=1000, gnn='gcn', hidden_channels=256, jk=False, label_num_per_class=20, lambda_val=0.01, ln=True, local_layers=6, lr=0.001, metric='acc', mlp_epochs=500, mlp_reg=True, model='MPNN', model_dir='./model/', num_heads=1, pre_linear=False, pre_ln=False, rand_split=False, rand_split_class=False, reg_start_epoch=10, reg_update_freq=5, res=True, runs=3, save_model=False, seed=42, test_num=1000, train_prop=0.5, use_reg=True, valid_num=500, valid_prop=0.25, weight_decay=5e-05)
amazon-photo
dataset amazon-photo | num nodes 7650 | num edge 238162 | num node feats 745 | num classes 8
MODEL: MPNNs(
  (h_lins): ModuleList()
  (local_convs): ModuleList(
    (0): GCNConv(745, 256)
    (1): GCNConv(256, 256)
    (2): GCNConv(256, 256)
    (3): GCNConv(256, 256)
    (4): GCNConv(256, 256)
    (5): GCNConv(256, 256)
  )
  (lins): ModuleList(
    (0): Linear(in_features=745, out_features=256, bias=True)
    (1): Linear(in_features=256, out_features=256, bias=True)
    (2): Linear(in_features=256, out_features=256, bias=True)
    (3): Linear(in_features=256, out_features=256, bias=True)
    (4): Linear(in_features=256, out_features=256, bias=True)
    (5): Linear(in_features=256, out_features=256, bias=True)
  )
  (lns): ModuleList(
    (0): LayerNorm((256,), eps=1e-05, elementwise_affine=True)
    (1): LayerNorm((256,), eps=1e-05, elementwise_affine=True)
    (2): LayerNorm((256,), eps=1e-05, elementwise_affine=True)
    (3): LayerNorm((256,), eps=1e-05, elementwise_affine=True)
    (4): LayerNorm((256,), eps=1e-05, elementwise_affine=True)
    (5): LayerNorm((256,), eps=1e-05, elementwise_affine=True)
  )
  (bns): ModuleList(
    (0): BatchNorm1d(256, eps=1e-05, momentum=0.1, affine=True, track_running_stats=True)
    (1): BatchNorm1d(256, eps=1e-05, momentum=0.1, affine=True, track_running_stats=True)
    (2): BatchNorm1d(256, eps=1e-05, momentum=0.1, affine=True, track_running_stats=True)
    (3): BatchNorm1d(256, eps=1e-05, momentum=0.1, affine=True, track_running_stats=True)
    (4): BatchNorm1d(256, eps=1e-05, momentum=0.1, affine=True, track_running_stats=True)
    (5): BatchNorm1d(256, eps=1e-05, momentum=0.1, affine=True, track_running_stats=True)
  )
  (lin_in): Linear(in_features=745, out_features=256, bias=True)
  (pred_local): Linear(in_features=256, out_features=8, bias=True)
)
Pre-training MLP for 500 epochs to generate co-occurrence matrix...
MLP pre-training complete. Penalty matrix frozen.
Epoch: 00, Loss: 2.2219, Train: 28.21%, Valid: 27.71%, Test: 28.43%, Best Valid: 27.71%, Best Test: 28.43%
Epoch: 100, Loss: 0.2193, Train: 95.03%, Valid: 93.46%, Test: 94.58%, Best Valid: 93.46%, Best Test: 93.92%
Epoch: 200, Loss: 0.1022, Train: 97.76%, Valid: 94.25%, Test: 95.03%, Best Valid: 95.29%, Best Test: 95.42%
Epoch: 300, Loss: 0.0870, Train: 98.78%, Valid: 94.90%, Test: 96.01%, Best Valid: 95.42%, Best Test: 95.88%
Epoch: 400, Loss: 0.0408, Train: 99.52%, Valid: 95.36%, Test: 96.14%, Best Valid: 95.56%, Best Test: 96.27%
Epoch: 500, Loss: 0.0677, Train: 99.46%, Valid: 94.90%, Test: 95.82%, Best Valid: 95.56%, Best Test: 96.27%
Epoch: 600, Loss: 0.2365, Train: 96.01%, Valid: 93.92%, Test: 94.71%, Best Valid: 95.56%, Best Test: 96.27%
Epoch: 700, Loss: 0.0842, Train: 98.93%, Valid: 94.71%, Test: 96.01%, Best Valid: 95.56%, Best Test: 96.27%
Epoch: 800, Loss: 0.0484, Train: 99.39%, Valid: 95.03%, Test: 95.82%, Best Valid: 95.56%, Best Test: 96.27%
Epoch: 900, Loss: 0.0359, Train: 99.65%, Valid: 94.84%, Test: 95.69%, Best Valid: 95.56%, Best Test: 96.27%
Run 01:
Highest Train: 99.74
Highest Valid: 95.56
Highest Test: 96.41
Chosen epoch: 369
Final Train: 99.37
Final Test: 96.27
Pre-training MLP for 500 epochs to generate co-occurrence matrix...
MLP pre-training complete. Penalty matrix frozen.
Epoch: 00, Loss: 2.1568, Train: 24.95%, Valid: 26.47%, Test: 25.56%, Best Valid: 26.47%, Best Test: 25.56%
Epoch: 100, Loss: 0.1838, Train: 95.64%, Valid: 93.66%, Test: 94.84%, Best Valid: 94.25%, Best Test: 94.97%
Epoch: 200, Loss: 0.0821, Train: 98.50%, Valid: 94.64%, Test: 95.88%, Best Valid: 94.97%, Best Test: 95.75%
Epoch: 300, Loss: 0.0772, Train: 99.08%, Valid: 94.97%, Test: 96.08%, Best Valid: 95.56%, Best Test: 95.95%
Epoch: 400, Loss: 0.0383, Train: 99.61%, Valid: 95.23%, Test: 95.88%, Best Valid: 95.56%, Best Test: 95.95%
Epoch: 500, Loss: 1.9951, Train: 27.67%, Valid: 27.65%, Test: 28.04%, Best Valid: 95.56%, Best Test: 95.95%
Epoch: 600, Loss: 1.9193, Train: 28.21%, Valid: 27.39%, Test: 27.84%, Best Valid: 95.56%, Best Test: 95.95%
Epoch: 700, Loss: 1.9085, Train: 28.15%, Valid: 27.25%, Test: 28.56%, Best Valid: 95.56%, Best Test: 95.95%
Epoch: 800, Loss: 1.5109, Train: 43.75%, Valid: 45.23%, Test: 43.73%, Best Valid: 95.56%, Best Test: 95.95%
Epoch: 900, Loss: 0.9848, Train: 72.35%, Valid: 71.90%, Test: 72.48%, Best Valid: 95.56%, Best Test: 95.95%
Run 02:
Highest Train: 99.72
Highest Valid: 95.56
Highest Test: 96.41
Chosen epoch: 263
Final Train: 98.98
Final Test: 95.95
Pre-training MLP for 500 epochs to generate co-occurrence matrix...
MLP pre-training complete. Penalty matrix frozen.
Epoch: 00, Loss: 2.1839, Train: 22.11%, Valid: 21.57%, Test: 22.29%, Best Valid: 21.57%, Best Test: 22.29%
Epoch: 100, Loss: 0.3283, Train: 93.03%, Valid: 92.09%, Test: 92.55%, Best Valid: 92.29%, Best Test: 93.27%
Epoch: 200, Loss: 0.1303, Train: 97.23%, Valid: 94.58%, Test: 95.23%, Best Valid: 94.77%, Best Test: 95.36%
Epoch: 300, Loss: 0.0732, Train: 98.93%, Valid: 95.03%, Test: 96.01%, Best Valid: 95.23%, Best Test: 96.01%
Epoch: 400, Loss: 0.0404, Train: 99.46%, Valid: 95.23%, Test: 96.01%, Best Valid: 95.29%, Best Test: 96.08%
Epoch: 500, Loss: 0.3476, Train: 94.34%, Valid: 92.68%, Test: 93.86%, Best Valid: 95.29%, Best Test: 96.08%
Epoch: 600, Loss: 0.0850, Train: 98.69%, Valid: 94.58%, Test: 96.08%, Best Valid: 95.29%, Best Test: 96.08%
Epoch: 700, Loss: 0.0378, Train: 99.46%, Valid: 94.97%, Test: 96.14%, Best Valid: 95.29%, Best Test: 96.08%
Epoch: 800, Loss: 0.0314, Train: 99.56%, Valid: 94.90%, Test: 95.95%, Best Valid: 95.29%, Best Test: 96.08%
Epoch: 900, Loss: 0.0250, Train: 99.80%, Valid: 94.58%, Test: 95.56%, Best Valid: 95.29%, Best Test: 96.08%
Run 03:
Highest Train: 99.85
Highest Valid: 95.29
Highest Test: 96.54
Chosen epoch: 375
Final Train: 99.37
Final Test: 96.08
All runs:
Highest Train: 99.77 ± 0.07
Highest Test: 96.45 ± 0.08
Highest Valid: 95.47 ± 0.15
  Final Train: 99.24 ± 0.23
   Final Test: 96.10 ± 0.16
Saving results to results/amazon-photo/MPNN_gcn.csv

Running with Pre-trained MLP Regularization (lambda=0.1)...
Namespace(bn=False, cpu=False, data_dir='./data/', dataset='amazon-photo', device=0, display_step=100, dropout=0.5, epochs=1000, gnn='gcn', hidden_channels=256, jk=False, label_num_per_class=20, lambda_val=0.1, ln=True, local_layers=6, lr=0.001, metric='acc', mlp_epochs=500, mlp_reg=True, model='MPNN', model_dir='./model/', num_heads=1, pre_linear=False, pre_ln=False, rand_split=False, rand_split_class=False, reg_start_epoch=10, reg_update_freq=5, res=True, runs=3, save_model=False, seed=42, test_num=1000, train_prop=0.5, use_reg=True, valid_num=500, valid_prop=0.25, weight_decay=5e-05)
amazon-photo
dataset amazon-photo | num nodes 7650 | num edge 238162 | num node feats 745 | num classes 8
MODEL: MPNNs(
  (h_lins): ModuleList()
  (local_convs): ModuleList(
    (0): GCNConv(745, 256)
    (1): GCNConv(256, 256)
    (2): GCNConv(256, 256)
    (3): GCNConv(256, 256)
    (4): GCNConv(256, 256)
    (5): GCNConv(256, 256)
  )
  (lins): ModuleList(
    (0): Linear(in_features=745, out_features=256, bias=True)
    (1): Linear(in_features=256, out_features=256, bias=True)
    (2): Linear(in_features=256, out_features=256, bias=True)
    (3): Linear(in_features=256, out_features=256, bias=True)
    (4): Linear(in_features=256, out_features=256, bias=True)
    (5): Linear(in_features=256, out_features=256, bias=True)
  )
  (lns): ModuleList(
    (0): LayerNorm((256,), eps=1e-05, elementwise_affine=True)
    (1): LayerNorm((256,), eps=1e-05, elementwise_affine=True)
    (2): LayerNorm((256,), eps=1e-05, elementwise_affine=True)
    (3): LayerNorm((256,), eps=1e-05, elementwise_affine=True)
    (4): LayerNorm((256,), eps=1e-05, elementwise_affine=True)
    (5): LayerNorm((256,), eps=1e-05, elementwise_affine=True)
  )
  (bns): ModuleList(
    (0): BatchNorm1d(256, eps=1e-05, momentum=0.1, affine=True, track_running_stats=True)
    (1): BatchNorm1d(256, eps=1e-05, momentum=0.1, affine=True, track_running_stats=True)
    (2): BatchNorm1d(256, eps=1e-05, momentum=0.1, affine=True, track_running_stats=True)
    (3): BatchNorm1d(256, eps=1e-05, momentum=0.1, affine=True, track_running_stats=True)
    (4): BatchNorm1d(256, eps=1e-05, momentum=0.1, affine=True, track_running_stats=True)
    (5): BatchNorm1d(256, eps=1e-05, momentum=0.1, affine=True, track_running_stats=True)
  )
  (lin_in): Linear(in_features=745, out_features=256, bias=True)
  (pred_local): Linear(in_features=256, out_features=8, bias=True)
)
Pre-training MLP for 500 epochs to generate co-occurrence matrix...
MLP pre-training complete. Penalty matrix frozen.
Epoch: 00, Loss: 2.4199, Train: 24.25%, Valid: 25.42%, Test: 24.44%, Best Valid: 25.42%, Best Test: 24.44%
Epoch: 100, Loss: 0.2571, Train: 95.01%, Valid: 93.46%, Test: 93.86%, Best Valid: 93.86%, Best Test: 94.31%
Epoch: 200, Loss: 0.1018, Train: 98.50%, Valid: 94.90%, Test: 95.49%, Best Valid: 95.23%, Best Test: 95.36%
Epoch: 300, Loss: 0.0607, Train: 99.24%, Valid: 95.56%, Test: 96.14%, Best Valid: 95.56%, Best Test: 96.14%
Epoch: 400, Loss: 1.7439, Train: 55.82%, Valid: 56.67%, Test: 57.19%, Best Valid: 95.62%, Best Test: 96.21%
Epoch: 500, Loss: 0.1544, Train: 97.82%, Valid: 94.44%, Test: 95.16%, Best Valid: 95.62%, Best Test: 96.21%
Epoch: 600, Loss: 0.0663, Train: 99.06%, Valid: 94.84%, Test: 95.95%, Best Valid: 95.62%, Best Test: 96.21%
Epoch: 700, Loss: 0.0474, Train: 99.52%, Valid: 94.97%, Test: 96.01%, Best Valid: 95.62%, Best Test: 96.21%
Epoch: 800, Loss: 0.0338, Train: 99.65%, Valid: 95.03%, Test: 95.69%, Best Valid: 95.62%, Best Test: 96.21%
Epoch: 900, Loss: 0.0252, Train: 99.52%, Valid: 95.03%, Test: 95.49%, Best Valid: 95.62%, Best Test: 96.21%
Run 01:
Highest Train: 99.74
Highest Valid: 95.62
Highest Test: 96.41
Chosen epoch: 305
Final Train: 99.19
Final Test: 96.21
Pre-training MLP for 500 epochs to generate co-occurrence matrix...
MLP pre-training complete. Penalty matrix frozen.
Epoch: 00, Loss: 2.3490, Train: 24.95%, Valid: 26.47%, Test: 25.56%, Best Valid: 26.47%, Best Test: 25.56%
Epoch: 100, Loss: 0.2342, Train: 94.62%, Valid: 93.86%, Test: 94.58%, Best Valid: 93.86%, Best Test: 94.51%
Epoch: 200, Loss: 0.1080, Train: 98.13%, Valid: 94.71%, Test: 95.56%, Best Valid: 95.16%, Best Test: 95.69%
Epoch: 300, Loss: 0.0613, Train: 99.11%, Valid: 95.29%, Test: 95.88%, Best Valid: 95.29%, Best Test: 96.14%
Epoch: 400, Loss: 0.0393, Train: 99.50%, Valid: 95.16%, Test: 95.95%, Best Valid: 95.42%, Best Test: 96.21%
Epoch: 500, Loss: 0.0393, Train: 99.69%, Valid: 95.16%, Test: 95.75%, Best Valid: 95.56%, Best Test: 95.95%
Epoch: 600, Loss: 0.2257, Train: 96.25%, Valid: 93.92%, Test: 94.90%, Best Valid: 95.56%, Best Test: 95.95%
Epoch: 700, Loss: 0.0824, Train: 98.93%, Valid: 94.97%, Test: 95.23%, Best Valid: 95.56%, Best Test: 95.95%
Epoch: 800, Loss: 0.0493, Train: 99.50%, Valid: 95.16%, Test: 95.62%, Best Valid: 95.56%, Best Test: 95.95%
Epoch: 900, Loss: 0.0329, Train: 99.67%, Valid: 95.03%, Test: 95.36%, Best Valid: 95.56%, Best Test: 95.95%
Run 02:
Highest Train: 99.76
Highest Valid: 95.56
Highest Test: 96.54
Chosen epoch: 412
Final Train: 99.59
Final Test: 95.95
Pre-training MLP for 500 epochs to generate co-occurrence matrix...
MLP pre-training complete. Penalty matrix frozen.
Epoch: 00, Loss: 2.3785, Train: 22.18%, Valid: 21.57%, Test: 22.55%, Best Valid: 21.57%, Best Test: 22.55%
Epoch: 100, Loss: 0.2564, Train: 94.64%, Valid: 93.27%, Test: 94.31%, Best Valid: 93.33%, Best Test: 93.86%
Epoch: 200, Loss: 0.1079, Train: 98.24%, Valid: 94.51%, Test: 95.69%, Best Valid: 94.77%, Best Test: 95.69%
Epoch: 300, Loss: 0.0603, Train: 99.17%, Valid: 94.97%, Test: 95.88%, Best Valid: 95.29%, Best Test: 95.88%
Epoch: 400, Loss: 0.0382, Train: 99.54%, Valid: 94.90%, Test: 95.82%, Best Valid: 95.29%, Best Test: 95.88%
Epoch: 500, Loss: 2.1976, Train: 24.95%, Valid: 26.47%, Test: 25.56%, Best Valid: 95.29%, Best Test: 95.88%
Epoch: 600, Loss: 0.5680, Train: 87.71%, Valid: 85.56%, Test: 86.34%, Best Valid: 95.29%, Best Test: 95.88%
Epoch: 700, Loss: 0.3133, Train: 94.12%, Valid: 91.18%, Test: 92.22%, Best Valid: 95.29%, Best Test: 95.88%
Epoch: 800, Loss: 0.2152, Train: 95.66%, Valid: 92.48%, Test: 92.94%, Best Valid: 95.29%, Best Test: 95.88%
Epoch: 900, Loss: 0.1544, Train: 97.34%, Valid: 93.20%, Test: 94.12%, Best Valid: 95.29%, Best Test: 95.88%
Run 03:
Highest Train: 99.72
Highest Valid: 95.29
Highest Test: 96.60
Chosen epoch: 295
Final Train: 99.08
Final Test: 95.88
All runs:
Highest Train: 99.74 ± 0.02
Highest Test: 96.51 ± 0.10
Highest Valid: 95.49 ± 0.17
  Final Train: 99.29 ± 0.26
   Final Test: 96.01 ± 0.17
Saving results to results/amazon-photo/MPNN_gcn.csv

Running with Pre-trained MLP Regularization (lambda=1.0)...
Namespace(bn=False, cpu=False, data_dir='./data/', dataset='amazon-photo', device=0, display_step=100, dropout=0.5, epochs=1000, gnn='gcn', hidden_channels=256, jk=False, label_num_per_class=20, lambda_val=1.0, ln=True, local_layers=6, lr=0.001, metric='acc', mlp_epochs=500, mlp_reg=True, model='MPNN', model_dir='./model/', num_heads=1, pre_linear=False, pre_ln=False, rand_split=False, rand_split_class=False, reg_start_epoch=10, reg_update_freq=5, res=True, runs=3, save_model=False, seed=42, test_num=1000, train_prop=0.5, use_reg=True, valid_num=500, valid_prop=0.25, weight_decay=5e-05)
amazon-photo
dataset amazon-photo | num nodes 7650 | num edge 238162 | num node feats 745 | num classes 8
MODEL: MPNNs(
  (h_lins): ModuleList()
  (local_convs): ModuleList(
    (0): GCNConv(745, 256)
    (1): GCNConv(256, 256)
    (2): GCNConv(256, 256)
    (3): GCNConv(256, 256)
    (4): GCNConv(256, 256)
    (5): GCNConv(256, 256)
  )
  (lins): ModuleList(
    (0): Linear(in_features=745, out_features=256, bias=True)
    (1): Linear(in_features=256, out_features=256, bias=True)
    (2): Linear(in_features=256, out_features=256, bias=True)
    (3): Linear(in_features=256, out_features=256, bias=True)
    (4): Linear(in_features=256, out_features=256, bias=True)
    (5): Linear(in_features=256, out_features=256, bias=True)
  )
  (lns): ModuleList(
    (0): LayerNorm((256,), eps=1e-05, elementwise_affine=True)
    (1): LayerNorm((256,), eps=1e-05, elementwise_affine=True)
    (2): LayerNorm((256,), eps=1e-05, elementwise_affine=True)
    (3): LayerNorm((256,), eps=1e-05, elementwise_affine=True)
    (4): LayerNorm((256,), eps=1e-05, elementwise_affine=True)
    (5): LayerNorm((256,), eps=1e-05, elementwise_affine=True)
  )
  (bns): ModuleList(
    (0): BatchNorm1d(256, eps=1e-05, momentum=0.1, affine=True, track_running_stats=True)
    (1): BatchNorm1d(256, eps=1e-05, momentum=0.1, affine=True, track_running_stats=True)
    (2): BatchNorm1d(256, eps=1e-05, momentum=0.1, affine=True, track_running_stats=True)
    (3): BatchNorm1d(256, eps=1e-05, momentum=0.1, affine=True, track_running_stats=True)
    (4): BatchNorm1d(256, eps=1e-05, momentum=0.1, affine=True, track_running_stats=True)
    (5): BatchNorm1d(256, eps=1e-05, momentum=0.1, affine=True, track_running_stats=True)
  )
  (lin_in): Linear(in_features=745, out_features=256, bias=True)
  (pred_local): Linear(in_features=256, out_features=8, bias=True)
)
Pre-training MLP for 500 epochs to generate co-occurrence matrix...
MLP pre-training complete. Penalty matrix frozen.
Epoch: 00, Loss: 4.3998, Train: 24.95%, Valid: 26.47%, Test: 25.56%, Best Valid: 26.47%, Best Test: 25.56%
Epoch: 100, Loss: 5.4907, Train: 24.95%, Valid: 26.47%, Test: 25.56%, Best Valid: 28.24%, Best Test: 27.71%
Epoch: 200, Loss: 6.5383, Train: 25.36%, Valid: 26.47%, Test: 25.56%, Best Valid: 28.24%, Best Test: 27.71%
Epoch: 300, Loss: 6.3580, Train: 26.69%, Valid: 26.67%, Test: 25.75%, Best Valid: 28.24%, Best Test: 27.71%
Epoch: 400, Loss: 6.3527, Train: 26.69%, Valid: 26.67%, Test: 25.75%, Best Valid: 28.24%, Best Test: 27.71%
Epoch: 500, Loss: 6.1065, Train: 27.15%, Valid: 26.73%, Test: 25.95%, Best Valid: 28.24%, Best Test: 27.71%
Epoch: 600, Loss: 5.9986, Train: 27.69%, Valid: 26.86%, Test: 26.01%, Best Valid: 28.24%, Best Test: 27.71%
Epoch: 700, Loss: 5.9300, Train: 27.82%, Valid: 26.86%, Test: 26.08%, Best Valid: 28.24%, Best Test: 27.71%
Epoch: 800, Loss: 7.1239, Train: 24.97%, Valid: 26.47%, Test: 25.56%, Best Valid: 28.24%, Best Test: 27.71%
Epoch: 900, Loss: 6.2727, Train: 27.02%, Valid: 26.80%, Test: 25.82%, Best Valid: 28.24%, Best Test: 27.71%
Run 01:
Highest Train: 28.67
Highest Valid: 28.24
Highest Test: 27.71
Chosen epoch: 31
Final Train: 26.54
Final Test: 27.71
Pre-training MLP for 500 epochs to generate co-occurrence matrix...
MLP pre-training complete. Penalty matrix frozen.
Epoch: 00, Loss: 4.2708, Train: 22.11%, Valid: 21.57%, Test: 22.29%, Best Valid: 21.57%, Best Test: 22.29%
Epoch: 100, Loss: 6.6826, Train: 22.11%, Valid: 21.57%, Test: 22.29%, Best Valid: 22.61%, Best Test: 23.59%
Epoch: 200, Loss: 6.6103, Train: 23.64%, Valid: 21.63%, Test: 22.48%, Best Valid: 22.61%, Best Test: 23.59%
Epoch: 300, Loss: 6.3705, Train: 24.73%, Valid: 22.03%, Test: 22.75%, Best Valid: 22.61%, Best Test: 23.59%
Epoch: 400, Loss: 6.0468, Train: 25.86%, Valid: 22.35%, Test: 22.94%, Best Valid: 22.61%, Best Test: 23.59%
Epoch: 500, Loss: 5.8909, Train: 25.97%, Valid: 22.35%, Test: 22.81%, Best Valid: 22.61%, Best Test: 23.59%
Epoch: 600, Loss: 5.8679, Train: 26.30%, Valid: 22.35%, Test: 22.68%, Best Valid: 22.61%, Best Test: 23.59%
Epoch: 700, Loss: 7.4744, Train: 22.51%, Valid: 21.57%, Test: 22.35%, Best Valid: 32.68%, Best Test: 34.05%
Epoch: 800, Loss: 6.5520, Train: 23.27%, Valid: 21.90%, Test: 22.68%, Best Valid: 32.68%, Best Test: 34.05%
Epoch: 900, Loss: 6.0487, Train: 25.73%, Valid: 22.29%, Test: 22.94%, Best Valid: 32.68%, Best Test: 34.05%
Run 02:
Highest Train: 36.01
Highest Valid: 32.68
Highest Test: 34.05
Chosen epoch: 605
Final Train: 36.01
Final Test: 34.05
Pre-training MLP for 500 epochs to generate co-occurrence matrix...
MLP pre-training complete. Penalty matrix frozen.
Epoch: 00, Loss: 4.3245, Train: 24.95%, Valid: 26.47%, Test: 25.56%, Best Valid: 26.47%, Best Test: 25.56%
Epoch: 100, Loss: 7.5191, Train: 24.95%, Valid: 26.47%, Test: 25.56%, Best Valid: 26.47%, Best Test: 25.56%
Epoch: 200, Loss: 7.0870, Train: 24.99%, Valid: 26.47%, Test: 25.56%, Best Valid: 26.47%, Best Test: 25.56%
Epoch: 300, Loss: 6.5149, Train: 26.43%, Valid: 26.60%, Test: 25.75%, Best Valid: 26.67%, Best Test: 25.75%
Epoch: 400, Loss: 6.2543, Train: 27.17%, Valid: 26.73%, Test: 25.88%, Best Valid: 26.73%, Best Test: 25.69%
Epoch: 500, Loss: 6.0744, Train: 27.73%, Valid: 26.80%, Test: 25.95%, Best Valid: 26.80%, Best Test: 26.01%
Epoch: 600, Loss: 6.3691, Train: 25.56%, Valid: 26.47%, Test: 25.62%, Best Valid: 26.86%, Best Test: 26.08%
Epoch: 700, Loss: 7.6878, Train: 24.95%, Valid: 26.47%, Test: 25.56%, Best Valid: 36.86%, Best Test: 36.60%
Epoch: 800, Loss: 6.8837, Train: 24.95%, Valid: 26.47%, Test: 25.56%, Best Valid: 36.86%, Best Test: 36.60%
Epoch: 900, Loss: 6.5581, Train: 24.99%, Valid: 26.47%, Test: 25.56%, Best Valid: 36.86%, Best Test: 36.60%
Run 03:
Highest Train: 39.13
Highest Valid: 36.86
Highest Test: 36.60
Chosen epoch: 603
Final Train: 39.13
Final Test: 36.60
All runs:
Highest Train: 34.60 ± 5.37
Highest Test: 32.79 ± 4.58
Highest Valid: 32.59 ± 4.31
  Final Train: 33.89 ± 6.56
   Final Test: 32.79 ± 4.58
Saving results to results/amazon-photo/MPNN_gcn.csv

Homophilic sweep completed!
==========================================================
Starting Homophilic MLP-Reg Sweep for:
python main.py --gnn sage --dataset amazon-photo --hidden_channels 64  --epochs 1000 --lr 0.001 --runs 3 --local_layers 6 --weight_decay 5e-5 --dropout 0.2 --device 0 --ln --res
==========================================================
Running Baseline (REG: False)...
Namespace(bn=False, cpu=False, data_dir='./data/', dataset='amazon-photo', device=0, display_step=100, dropout=0.2, epochs=1000, gnn='sage', hidden_channels=64, jk=False, label_num_per_class=20, lambda_val=0.5, ln=True, local_layers=6, lr=0.001, metric='acc', mlp_epochs=500, mlp_reg=False, model='MPNN', model_dir='./model/', num_heads=1, pre_linear=False, pre_ln=False, rand_split=False, rand_split_class=False, reg_start_epoch=10, reg_update_freq=5, res=True, runs=3, save_model=False, seed=42, test_num=1000, train_prop=0.5, use_reg=False, valid_num=500, valid_prop=0.25, weight_decay=5e-05)
amazon-photo
dataset amazon-photo | num nodes 7650 | num edge 238162 | num node feats 745 | num classes 8
MODEL: MPNNs(
  (h_lins): ModuleList()
  (local_convs): ModuleList(
    (0): SAGEConv(745, 64, aggr=mean)
    (1): SAGEConv(64, 64, aggr=mean)
    (2): SAGEConv(64, 64, aggr=mean)
    (3): SAGEConv(64, 64, aggr=mean)
    (4): SAGEConv(64, 64, aggr=mean)
    (5): SAGEConv(64, 64, aggr=mean)
  )
  (lins): ModuleList(
    (0): Linear(in_features=745, out_features=64, bias=True)
    (1): Linear(in_features=64, out_features=64, bias=True)
    (2): Linear(in_features=64, out_features=64, bias=True)
    (3): Linear(in_features=64, out_features=64, bias=True)
    (4): Linear(in_features=64, out_features=64, bias=True)
    (5): Linear(in_features=64, out_features=64, bias=True)
  )
  (lns): ModuleList(
    (0): LayerNorm((64,), eps=1e-05, elementwise_affine=True)
    (1): LayerNorm((64,), eps=1e-05, elementwise_affine=True)
    (2): LayerNorm((64,), eps=1e-05, elementwise_affine=True)
    (3): LayerNorm((64,), eps=1e-05, elementwise_affine=True)
    (4): LayerNorm((64,), eps=1e-05, elementwise_affine=True)
    (5): LayerNorm((64,), eps=1e-05, elementwise_affine=True)
  )
  (bns): ModuleList(
    (0): BatchNorm1d(64, eps=1e-05, momentum=0.1, affine=True, track_running_stats=True)
    (1): BatchNorm1d(64, eps=1e-05, momentum=0.1, affine=True, track_running_stats=True)
    (2): BatchNorm1d(64, eps=1e-05, momentum=0.1, affine=True, track_running_stats=True)
    (3): BatchNorm1d(64, eps=1e-05, momentum=0.1, affine=True, track_running_stats=True)
    (4): BatchNorm1d(64, eps=1e-05, momentum=0.1, affine=True, track_running_stats=True)
    (5): BatchNorm1d(64, eps=1e-05, momentum=0.1, affine=True, track_running_stats=True)
  )
  (lin_in): Linear(in_features=745, out_features=64, bias=True)
  (pred_local): Linear(in_features=64, out_features=8, bias=True)
)
Epoch: 00, Loss: 2.1355, Train: 22.11%, Valid: 21.57%, Test: 22.29%, Best Valid: 21.57%, Best Test: 22.29%
Epoch: 100, Loss: 0.2668, Train: 95.16%, Valid: 93.07%, Test: 94.31%, Best Valid: 93.46%, Best Test: 94.18%
Epoch: 200, Loss: 0.0753, Train: 99.30%, Valid: 95.29%, Test: 96.60%, Best Valid: 95.36%, Best Test: 96.60%
Epoch: 300, Loss: 0.0425, Train: 99.54%, Valid: 94.71%, Test: 96.08%, Best Valid: 95.36%, Best Test: 96.60%
Epoch: 400, Loss: 0.0239, Train: 99.78%, Valid: 95.03%, Test: 96.27%, Best Valid: 95.49%, Best Test: 96.34%
Epoch: 500, Loss: 0.0213, Train: 99.80%, Valid: 94.90%, Test: 95.95%, Best Valid: 95.49%, Best Test: 96.34%
Epoch: 600, Loss: 0.0200, Train: 99.83%, Valid: 94.97%, Test: 95.95%, Best Valid: 95.49%, Best Test: 96.34%
Epoch: 700, Loss: 0.0179, Train: 99.78%, Valid: 94.84%, Test: 95.42%, Best Valid: 95.49%, Best Test: 96.34%
Epoch: 800, Loss: 0.0162, Train: 99.85%, Valid: 95.03%, Test: 95.75%, Best Valid: 95.49%, Best Test: 96.34%
Epoch: 900, Loss: 0.0182, Train: 99.85%, Valid: 94.38%, Test: 95.88%, Best Valid: 95.49%, Best Test: 96.34%
Run 01:
Highest Train: 99.89
Highest Valid: 95.49
Highest Test: 96.86
Chosen epoch: 301
Final Train: 99.65
Final Test: 96.34
Epoch: 00, Loss: 2.0664, Train: 24.20%, Valid: 26.01%, Test: 26.08%, Best Valid: 26.01%, Best Test: 26.08%
Epoch: 100, Loss: 0.1679, Train: 97.56%, Valid: 94.71%, Test: 96.41%, Best Valid: 95.03%, Best Test: 96.47%
Epoch: 200, Loss: 0.0548, Train: 99.46%, Valid: 95.29%, Test: 96.47%, Best Valid: 95.62%, Best Test: 96.41%
Epoch: 300, Loss: 0.0364, Train: 99.61%, Valid: 95.03%, Test: 96.01%, Best Valid: 95.62%, Best Test: 96.41%
Epoch: 400, Loss: 0.0253, Train: 99.74%, Valid: 94.90%, Test: 96.47%, Best Valid: 95.62%, Best Test: 96.41%
Epoch: 500, Loss: 0.1380, Train: 97.93%, Valid: 94.31%, Test: 95.82%, Best Valid: 95.62%, Best Test: 96.41%
Epoch: 600, Loss: 0.0400, Train: 99.63%, Valid: 95.29%, Test: 96.14%, Best Valid: 95.62%, Best Test: 96.41%
Epoch: 700, Loss: 0.0315, Train: 99.74%, Valid: 95.16%, Test: 96.14%, Best Valid: 95.62%, Best Test: 96.41%
Epoch: 800, Loss: 0.0246, Train: 99.74%, Valid: 95.10%, Test: 96.27%, Best Valid: 95.62%, Best Test: 96.41%
Epoch: 900, Loss: 0.0200, Train: 99.78%, Valid: 94.77%, Test: 96.21%, Best Valid: 95.62%, Best Test: 96.41%
Run 02:
Highest Train: 99.78
Highest Valid: 95.62
Highest Test: 96.93
Chosen epoch: 155
Final Train: 99.00
Final Test: 96.41
Epoch: 00, Loss: 2.1035, Train: 24.95%, Valid: 26.47%, Test: 25.56%, Best Valid: 26.47%, Best Test: 25.56%
Epoch: 100, Loss: 0.1879, Train: 97.32%, Valid: 94.44%, Test: 96.27%, Best Valid: 94.58%, Best Test: 96.01%
Epoch: 200, Loss: 0.0715, Train: 99.35%, Valid: 95.49%, Test: 96.54%, Best Valid: 95.56%, Best Test: 96.41%
Epoch: 300, Loss: 0.0430, Train: 99.30%, Valid: 95.29%, Test: 95.95%, Best Valid: 95.56%, Best Test: 96.41%
Epoch: 400, Loss: 0.0351, Train: 99.67%, Valid: 95.03%, Test: 96.34%, Best Valid: 95.69%, Best Test: 96.47%
Epoch: 500, Loss: 0.0281, Train: 99.74%, Valid: 94.97%, Test: 96.14%, Best Valid: 95.69%, Best Test: 96.47%
Epoch: 600, Loss: 0.1280, Train: 98.28%, Valid: 94.18%, Test: 95.62%, Best Valid: 95.69%, Best Test: 96.47%
Epoch: 700, Loss: 0.0169, Train: 99.80%, Valid: 94.90%, Test: 96.27%, Best Valid: 95.69%, Best Test: 96.47%
Epoch: 800, Loss: 0.0179, Train: 99.80%, Valid: 94.90%, Test: 96.27%, Best Valid: 95.69%, Best Test: 96.47%
Epoch: 900, Loss: 0.0136, Train: 99.80%, Valid: 95.10%, Test: 96.41%, Best Valid: 95.69%, Best Test: 96.47%
Run 03:
Highest Train: 99.83
Highest Valid: 95.69
Highest Test: 96.86
Chosen epoch: 370
Final Train: 99.61
Final Test: 96.47
All runs:
Highest Train: 99.83 ± 0.05
Highest Test: 96.88 ± 0.04
Highest Valid: 95.60 ± 0.10
  Final Train: 99.42 ± 0.37
   Final Test: 96.41 ± 0.07
Saving results to results/amazon-photo/MPNN_sage.csv

Running with Pre-trained MLP Regularization (lambda=0.01)...
Namespace(bn=False, cpu=False, data_dir='./data/', dataset='amazon-photo', device=0, display_step=100, dropout=0.2, epochs=1000, gnn='sage', hidden_channels=64, jk=False, label_num_per_class=20, lambda_val=0.01, ln=True, local_layers=6, lr=0.001, metric='acc', mlp_epochs=500, mlp_reg=True, model='MPNN', model_dir='./model/', num_heads=1, pre_linear=False, pre_ln=False, rand_split=False, rand_split_class=False, reg_start_epoch=10, reg_update_freq=5, res=True, runs=3, save_model=False, seed=42, test_num=1000, train_prop=0.5, use_reg=True, valid_num=500, valid_prop=0.25, weight_decay=5e-05)
amazon-photo
dataset amazon-photo | num nodes 7650 | num edge 238162 | num node feats 745 | num classes 8
MODEL: MPNNs(
  (h_lins): ModuleList()
  (local_convs): ModuleList(
    (0): SAGEConv(745, 64, aggr=mean)
    (1): SAGEConv(64, 64, aggr=mean)
    (2): SAGEConv(64, 64, aggr=mean)
    (3): SAGEConv(64, 64, aggr=mean)
    (4): SAGEConv(64, 64, aggr=mean)
    (5): SAGEConv(64, 64, aggr=mean)
  )
  (lins): ModuleList(
    (0): Linear(in_features=745, out_features=64, bias=True)
    (1): Linear(in_features=64, out_features=64, bias=True)
    (2): Linear(in_features=64, out_features=64, bias=True)
    (3): Linear(in_features=64, out_features=64, bias=True)
    (4): Linear(in_features=64, out_features=64, bias=True)
    (5): Linear(in_features=64, out_features=64, bias=True)
  )
  (lns): ModuleList(
    (0): LayerNorm((64,), eps=1e-05, elementwise_affine=True)
    (1): LayerNorm((64,), eps=1e-05, elementwise_affine=True)
    (2): LayerNorm((64,), eps=1e-05, elementwise_affine=True)
    (3): LayerNorm((64,), eps=1e-05, elementwise_affine=True)
    (4): LayerNorm((64,), eps=1e-05, elementwise_affine=True)
    (5): LayerNorm((64,), eps=1e-05, elementwise_affine=True)
  )
  (bns): ModuleList(
    (0): BatchNorm1d(64, eps=1e-05, momentum=0.1, affine=True, track_running_stats=True)
    (1): BatchNorm1d(64, eps=1e-05, momentum=0.1, affine=True, track_running_stats=True)
    (2): BatchNorm1d(64, eps=1e-05, momentum=0.1, affine=True, track_running_stats=True)
    (3): BatchNorm1d(64, eps=1e-05, momentum=0.1, affine=True, track_running_stats=True)
    (4): BatchNorm1d(64, eps=1e-05, momentum=0.1, affine=True, track_running_stats=True)
    (5): BatchNorm1d(64, eps=1e-05, momentum=0.1, affine=True, track_running_stats=True)
  )
  (lin_in): Linear(in_features=745, out_features=64, bias=True)
  (pred_local): Linear(in_features=64, out_features=8, bias=True)
)
Pre-training MLP for 500 epochs to generate co-occurrence matrix...
MLP pre-training complete. Penalty matrix frozen.
Epoch: 00, Loss: 2.1571, Train: 22.11%, Valid: 21.57%, Test: 22.29%, Best Valid: 21.57%, Best Test: 22.29%
Epoch: 100, Loss: 0.2288, Train: 96.54%, Valid: 93.99%, Test: 95.29%, Best Valid: 94.25%, Best Test: 95.42%
Epoch: 200, Loss: 0.0667, Train: 99.43%, Valid: 95.36%, Test: 96.14%, Best Valid: 95.62%, Best Test: 96.27%
Epoch: 300, Loss: 0.0630, Train: 99.46%, Valid: 94.77%, Test: 96.01%, Best Valid: 95.62%, Best Test: 96.27%
Epoch: 400, Loss: 0.0377, Train: 99.69%, Valid: 94.97%, Test: 95.88%, Best Valid: 95.62%, Best Test: 96.27%
Epoch: 500, Loss: 0.0327, Train: 99.69%, Valid: 94.90%, Test: 95.75%, Best Valid: 95.62%, Best Test: 96.27%
Epoch: 600, Loss: 0.0283, Train: 99.69%, Valid: 95.03%, Test: 96.08%, Best Valid: 95.62%, Best Test: 96.27%
Epoch: 700, Loss: 0.0227, Train: 99.72%, Valid: 95.03%, Test: 95.82%, Best Valid: 95.62%, Best Test: 96.27%
Epoch: 800, Loss: 0.0240, Train: 99.74%, Valid: 94.97%, Test: 95.56%, Best Valid: 95.62%, Best Test: 96.27%
Epoch: 900, Loss: 0.0189, Train: 99.76%, Valid: 94.90%, Test: 95.49%, Best Valid: 95.62%, Best Test: 96.27%
Run 01:
Highest Train: 99.78
Highest Valid: 95.62
Highest Test: 96.80
Chosen epoch: 177
Final Train: 99.24
Final Test: 96.27
Pre-training MLP for 500 epochs to generate co-occurrence matrix...
MLP pre-training complete. Penalty matrix frozen.
Epoch: 00, Loss: 2.1625, Train: 24.95%, Valid: 26.47%, Test: 25.56%, Best Valid: 26.47%, Best Test: 25.56%
Epoch: 100, Loss: 0.2201, Train: 96.73%, Valid: 94.44%, Test: 95.88%, Best Valid: 94.71%, Best Test: 95.29%
Epoch: 200, Loss: 0.0635, Train: 99.43%, Valid: 95.29%, Test: 96.67%, Best Valid: 95.69%, Best Test: 96.41%
Epoch: 300, Loss: 0.0390, Train: 99.61%, Valid: 94.97%, Test: 96.34%, Best Valid: 95.69%, Best Test: 96.41%
Epoch: 400, Loss: 0.0267, Train: 99.69%, Valid: 95.03%, Test: 96.21%, Best Valid: 95.69%, Best Test: 96.41%
Epoch: 500, Loss: 0.1303, Train: 98.43%, Valid: 94.97%, Test: 96.47%, Best Valid: 95.69%, Best Test: 96.41%
Epoch: 600, Loss: 0.0448, Train: 99.61%, Valid: 95.29%, Test: 96.41%, Best Valid: 95.69%, Best Test: 96.41%
Epoch: 700, Loss: 0.0314, Train: 99.72%, Valid: 94.90%, Test: 96.34%, Best Valid: 95.69%, Best Test: 96.41%
Epoch: 800, Loss: 0.0270, Train: 99.72%, Valid: 95.23%, Test: 96.34%, Best Valid: 95.69%, Best Test: 96.41%
Epoch: 900, Loss: 0.0234, Train: 99.72%, Valid: 94.90%, Test: 96.01%, Best Valid: 95.69%, Best Test: 96.41%
Run 02:
Highest Train: 99.78
Highest Valid: 95.69
Highest Test: 96.99
Chosen epoch: 162
Final Train: 98.98
Final Test: 96.41
Pre-training MLP for 500 epochs to generate co-occurrence matrix...
MLP pre-training complete. Penalty matrix frozen.
Epoch: 00, Loss: 2.2089, Train: 24.95%, Valid: 26.47%, Test: 25.56%, Best Valid: 26.47%, Best Test: 25.56%
Epoch: 100, Loss: 0.2253, Train: 96.67%, Valid: 94.12%, Test: 95.49%, Best Valid: 94.77%, Best Test: 95.82%
Epoch: 200, Loss: 0.0718, Train: 99.28%, Valid: 95.62%, Test: 96.34%, Best Valid: 95.62%, Best Test: 96.34%
Epoch: 300, Loss: 0.1157, Train: 98.76%, Valid: 94.58%, Test: 96.01%, Best Valid: 95.62%, Best Test: 96.34%
Epoch: 400, Loss: 0.0350, Train: 99.72%, Valid: 95.16%, Test: 96.41%, Best Valid: 95.62%, Best Test: 96.34%
Epoch: 500, Loss: 0.0274, Train: 99.74%, Valid: 95.03%, Test: 96.27%, Best Valid: 95.62%, Best Test: 96.34%
Epoch: 600, Loss: 0.0289, Train: 99.74%, Valid: 95.10%, Test: 96.41%, Best Valid: 95.62%, Best Test: 96.34%
Epoch: 700, Loss: 0.0334, Train: 99.74%, Valid: 94.64%, Test: 96.01%, Best Valid: 95.62%, Best Test: 96.34%
Epoch: 800, Loss: 0.0186, Train: 99.76%, Valid: 95.23%, Test: 96.27%, Best Valid: 95.62%, Best Test: 96.34%
Epoch: 900, Loss: 0.0185, Train: 99.80%, Valid: 94.97%, Test: 96.01%, Best Valid: 95.62%, Best Test: 96.34%
Run 03:
Highest Train: 99.83
Highest Valid: 95.62
Highest Test: 96.93
Chosen epoch: 200
Final Train: 99.28
Final Test: 96.34
All runs:
Highest Train: 99.80 ± 0.03
Highest Test: 96.91 ± 0.10
Highest Valid: 95.64 ± 0.04
  Final Train: 99.16 ± 0.16
   Final Test: 96.34 ± 0.07
Saving results to results/amazon-photo/MPNN_sage.csv

Running with Pre-trained MLP Regularization (lambda=0.1)...
Namespace(bn=False, cpu=False, data_dir='./data/', dataset='amazon-photo', device=0, display_step=100, dropout=0.2, epochs=1000, gnn='sage', hidden_channels=64, jk=False, label_num_per_class=20, lambda_val=0.1, ln=True, local_layers=6, lr=0.001, metric='acc', mlp_epochs=500, mlp_reg=True, model='MPNN', model_dir='./model/', num_heads=1, pre_linear=False, pre_ln=False, rand_split=False, rand_split_class=False, reg_start_epoch=10, reg_update_freq=5, res=True, runs=3, save_model=False, seed=42, test_num=1000, train_prop=0.5, use_reg=True, valid_num=500, valid_prop=0.25, weight_decay=5e-05)
amazon-photo
dataset amazon-photo | num nodes 7650 | num edge 238162 | num node feats 745 | num classes 8
MODEL: MPNNs(
  (h_lins): ModuleList()
  (local_convs): ModuleList(
    (0): SAGEConv(745, 64, aggr=mean)
    (1): SAGEConv(64, 64, aggr=mean)
    (2): SAGEConv(64, 64, aggr=mean)
    (3): SAGEConv(64, 64, aggr=mean)
    (4): SAGEConv(64, 64, aggr=mean)
    (5): SAGEConv(64, 64, aggr=mean)
  )
  (lins): ModuleList(
    (0): Linear(in_features=745, out_features=64, bias=True)
    (1): Linear(in_features=64, out_features=64, bias=True)
    (2): Linear(in_features=64, out_features=64, bias=True)
    (3): Linear(in_features=64, out_features=64, bias=True)
    (4): Linear(in_features=64, out_features=64, bias=True)
    (5): Linear(in_features=64, out_features=64, bias=True)
  )
  (lns): ModuleList(
    (0): LayerNorm((64,), eps=1e-05, elementwise_affine=True)
    (1): LayerNorm((64,), eps=1e-05, elementwise_affine=True)
    (2): LayerNorm((64,), eps=1e-05, elementwise_affine=True)
    (3): LayerNorm((64,), eps=1e-05, elementwise_affine=True)
    (4): LayerNorm((64,), eps=1e-05, elementwise_affine=True)
    (5): LayerNorm((64,), eps=1e-05, elementwise_affine=True)
  )
  (bns): ModuleList(
    (0): BatchNorm1d(64, eps=1e-05, momentum=0.1, affine=True, track_running_stats=True)
    (1): BatchNorm1d(64, eps=1e-05, momentum=0.1, affine=True, track_running_stats=True)
    (2): BatchNorm1d(64, eps=1e-05, momentum=0.1, affine=True, track_running_stats=True)
    (3): BatchNorm1d(64, eps=1e-05, momentum=0.1, affine=True, track_running_stats=True)
    (4): BatchNorm1d(64, eps=1e-05, momentum=0.1, affine=True, track_running_stats=True)
    (5): BatchNorm1d(64, eps=1e-05, momentum=0.1, affine=True, track_running_stats=True)
  )
  (lin_in): Linear(in_features=745, out_features=64, bias=True)
  (pred_local): Linear(in_features=64, out_features=8, bias=True)
)
Pre-training MLP for 500 epochs to generate co-occurrence matrix...
MLP pre-training complete. Penalty matrix frozen.
Epoch: 00, Loss: 2.3493, Train: 22.11%, Valid: 21.57%, Test: 22.29%, Best Valid: 21.57%, Best Test: 22.29%
Epoch: 100, Loss: 0.2567, Train: 96.27%, Valid: 93.66%, Test: 95.49%, Best Valid: 93.86%, Best Test: 95.16%
Epoch: 200, Loss: 0.0818, Train: 99.11%, Valid: 94.97%, Test: 96.27%, Best Valid: 95.42%, Best Test: 96.14%
Epoch: 300, Loss: 0.0429, Train: 99.59%, Valid: 95.16%, Test: 96.21%, Best Valid: 95.49%, Best Test: 96.27%
Epoch: 400, Loss: 0.0324, Train: 99.72%, Valid: 94.71%, Test: 95.82%, Best Valid: 95.49%, Best Test: 96.27%
Epoch: 500, Loss: 1.6210, Train: 67.12%, Valid: 66.67%, Test: 65.75%, Best Valid: 95.49%, Best Test: 96.27%
Epoch: 600, Loss: 0.1112, Train: 98.85%, Valid: 94.71%, Test: 95.75%, Best Valid: 95.49%, Best Test: 96.27%
Epoch: 700, Loss: 0.0417, Train: 99.67%, Valid: 94.84%, Test: 95.42%, Best Valid: 95.49%, Best Test: 96.27%
Epoch: 800, Loss: 0.0360, Train: 99.74%, Valid: 95.10%, Test: 95.75%, Best Valid: 95.49%, Best Test: 96.27%
Epoch: 900, Loss: 0.0225, Train: 99.76%, Valid: 94.44%, Test: 95.69%, Best Valid: 95.49%, Best Test: 96.27%
Run 01:
Highest Train: 99.80
Highest Valid: 95.49
Highest Test: 96.73
Chosen epoch: 223
Final Train: 99.41
Final Test: 96.27
Pre-training MLP for 500 epochs to generate co-occurrence matrix...
MLP pre-training complete. Penalty matrix frozen.
Epoch: 00, Loss: 2.3552, Train: 24.95%, Valid: 26.47%, Test: 25.56%, Best Valid: 26.47%, Best Test: 25.56%
Epoch: 100, Loss: 0.2020, Train: 97.56%, Valid: 94.77%, Test: 96.27%, Best Valid: 94.97%, Best Test: 96.21%
Epoch: 200, Loss: 0.0626, Train: 99.37%, Valid: 95.10%, Test: 96.60%, Best Valid: 95.69%, Best Test: 96.93%
Epoch: 300, Loss: 0.0389, Train: 99.67%, Valid: 94.84%, Test: 96.60%, Best Valid: 95.69%, Best Test: 96.93%
Epoch: 400, Loss: 0.5550, Train: 78.67%, Valid: 74.97%, Test: 76.99%, Best Valid: 95.69%, Best Test: 96.93%
Epoch: 500, Loss: 0.0454, Train: 99.67%, Valid: 94.90%, Test: 96.41%, Best Valid: 95.69%, Best Test: 96.93%
Epoch: 600, Loss: 0.0284, Train: 99.69%, Valid: 95.10%, Test: 96.21%, Best Valid: 95.69%, Best Test: 96.93%
Epoch: 700, Loss: 0.0260, Train: 99.74%, Valid: 95.49%, Test: 96.21%, Best Valid: 95.69%, Best Test: 96.93%
Epoch: 800, Loss: 0.0217, Train: 99.78%, Valid: 94.97%, Test: 96.14%, Best Valid: 95.69%, Best Test: 96.93%
Epoch: 900, Loss: 0.0194, Train: 99.78%, Valid: 94.90%, Test: 95.95%, Best Valid: 95.69%, Best Test: 96.93%
Run 02:
Highest Train: 99.78
Highest Valid: 95.69
Highest Test: 96.99
Chosen epoch: 170
Final Train: 99.19
Final Test: 96.93
Pre-training MLP for 500 epochs to generate co-occurrence matrix...
MLP pre-training complete. Penalty matrix frozen.
Epoch: 00, Loss: 2.4057, Train: 24.95%, Valid: 26.47%, Test: 25.56%, Best Valid: 26.47%, Best Test: 25.56%
Epoch: 100, Loss: 0.2424, Train: 96.30%, Valid: 94.64%, Test: 95.75%, Best Valid: 94.64%, Best Test: 95.75%
Epoch: 200, Loss: 0.0957, Train: 98.91%, Valid: 95.10%, Test: 96.27%, Best Valid: 95.49%, Best Test: 96.60%
Epoch: 300, Loss: 0.0498, Train: 99.46%, Valid: 95.42%, Test: 96.27%, Best Valid: 95.56%, Best Test: 96.41%
Epoch: 400, Loss: 0.0331, Train: 99.54%, Valid: 95.03%, Test: 96.14%, Best Valid: 95.56%, Best Test: 96.41%
Epoch: 500, Loss: 0.1654, Train: 97.82%, Valid: 94.64%, Test: 96.08%, Best Valid: 95.56%, Best Test: 96.41%
Epoch: 600, Loss: 0.0504, Train: 99.61%, Valid: 95.03%, Test: 96.41%, Best Valid: 95.56%, Best Test: 96.41%
Epoch: 700, Loss: 0.0349, Train: 99.76%, Valid: 94.97%, Test: 96.34%, Best Valid: 95.56%, Best Test: 96.41%
Epoch: 800, Loss: 0.0252, Train: 99.76%, Valid: 94.84%, Test: 96.21%, Best Valid: 95.56%, Best Test: 96.41%
Epoch: 900, Loss: 0.0288, Train: 99.76%, Valid: 94.90%, Test: 96.08%, Best Valid: 95.56%, Best Test: 96.41%
Run 03:
Highest Train: 99.78
Highest Valid: 95.56
Highest Test: 96.86
Chosen epoch: 240
Final Train: 99.41
Final Test: 96.41
All runs:
Highest Train: 99.79 ± 0.01
Highest Test: 96.86 ± 0.13
Highest Valid: 95.58 ± 0.10
  Final Train: 99.34 ± 0.13
   Final Test: 96.54 ± 0.35
Saving results to results/amazon-photo/MPNN_sage.csv

Running with Pre-trained MLP Regularization (lambda=1.0)...
Namespace(bn=False, cpu=False, data_dir='./data/', dataset='amazon-photo', device=0, display_step=100, dropout=0.2, epochs=1000, gnn='sage', hidden_channels=64, jk=False, label_num_per_class=20, lambda_val=1.0, ln=True, local_layers=6, lr=0.001, metric='acc', mlp_epochs=500, mlp_reg=True, model='MPNN', model_dir='./model/', num_heads=1, pre_linear=False, pre_ln=False, rand_split=False, rand_split_class=False, reg_start_epoch=10, reg_update_freq=5, res=True, runs=3, save_model=False, seed=42, test_num=1000, train_prop=0.5, use_reg=True, valid_num=500, valid_prop=0.25, weight_decay=5e-05)
amazon-photo
dataset amazon-photo | num nodes 7650 | num edge 238162 | num node feats 745 | num classes 8
MODEL: MPNNs(
  (h_lins): ModuleList()
  (local_convs): ModuleList(
    (0): SAGEConv(745, 64, aggr=mean)
    (1): SAGEConv(64, 64, aggr=mean)
    (2): SAGEConv(64, 64, aggr=mean)
    (3): SAGEConv(64, 64, aggr=mean)
    (4): SAGEConv(64, 64, aggr=mean)
    (5): SAGEConv(64, 64, aggr=mean)
  )
  (lins): ModuleList(
    (0): Linear(in_features=745, out_features=64, bias=True)
    (1): Linear(in_features=64, out_features=64, bias=True)
    (2): Linear(in_features=64, out_features=64, bias=True)
    (3): Linear(in_features=64, out_features=64, bias=True)
    (4): Linear(in_features=64, out_features=64, bias=True)
    (5): Linear(in_features=64, out_features=64, bias=True)
  )
  (lns): ModuleList(
    (0): LayerNorm((64,), eps=1e-05, elementwise_affine=True)
    (1): LayerNorm((64,), eps=1e-05, elementwise_affine=True)
    (2): LayerNorm((64,), eps=1e-05, elementwise_affine=True)
    (3): LayerNorm((64,), eps=1e-05, elementwise_affine=True)
    (4): LayerNorm((64,), eps=1e-05, elementwise_affine=True)
    (5): LayerNorm((64,), eps=1e-05, elementwise_affine=True)
  )
  (bns): ModuleList(
    (0): BatchNorm1d(64, eps=1e-05, momentum=0.1, affine=True, track_running_stats=True)
    (1): BatchNorm1d(64, eps=1e-05, momentum=0.1, affine=True, track_running_stats=True)
    (2): BatchNorm1d(64, eps=1e-05, momentum=0.1, affine=True, track_running_stats=True)
    (3): BatchNorm1d(64, eps=1e-05, momentum=0.1, affine=True, track_running_stats=True)
    (4): BatchNorm1d(64, eps=1e-05, momentum=0.1, affine=True, track_running_stats=True)
    (5): BatchNorm1d(64, eps=1e-05, momentum=0.1, affine=True, track_running_stats=True)
  )
  (lin_in): Linear(in_features=745, out_features=64, bias=True)
  (pred_local): Linear(in_features=64, out_features=8, bias=True)
)
Pre-training MLP for 500 epochs to generate co-occurrence matrix...
MLP pre-training complete. Penalty matrix frozen.
Epoch: 00, Loss: 4.2715, Train: 22.11%, Valid: 21.57%, Test: 22.29%, Best Valid: 21.57%, Best Test: 22.29%
Epoch: 100, Loss: 6.0689, Train: 24.95%, Valid: 26.47%, Test: 25.56%, Best Valid: 26.47%, Best Test: 25.56%
Epoch: 200, Loss: 6.8361, Train: 25.36%, Valid: 26.47%, Test: 25.56%, Best Valid: 26.54%, Best Test: 25.56%
Epoch: 300, Loss: 6.2562, Train: 26.36%, Valid: 26.47%, Test: 25.56%, Best Valid: 26.80%, Best Test: 25.88%
Epoch: 400, Loss: 5.7472, Train: 27.65%, Valid: 26.80%, Test: 25.88%, Best Valid: 26.80%, Best Test: 25.88%
Epoch: 500, Loss: 5.4292, Train: 28.47%, Valid: 26.80%, Test: 25.95%, Best Valid: 26.80%, Best Test: 25.88%
Epoch: 600, Loss: 5.1905, Train: 28.65%, Valid: 26.80%, Test: 25.95%, Best Valid: 26.86%, Best Test: 26.01%
Epoch: 700, Loss: 7.7193, Train: 24.95%, Valid: 26.47%, Test: 25.56%, Best Valid: 26.86%, Best Test: 26.01%
Epoch: 800, Loss: 6.5723, Train: 26.03%, Valid: 26.54%, Test: 25.75%, Best Valid: 26.86%, Best Test: 26.01%
Epoch: 900, Loss: 5.8397, Train: 27.71%, Valid: 26.73%, Test: 26.01%, Best Valid: 26.86%, Best Test: 26.01%
Run 01:
Highest Train: 29.43
Highest Valid: 26.86
Highest Test: 26.27
Chosen epoch: 540
Final Train: 28.69
Final Test: 26.01
Pre-training MLP for 500 epochs to generate co-occurrence matrix...
MLP pre-training complete. Penalty matrix frozen.
Epoch: 00, Loss: 4.2822, Train: 24.95%, Valid: 26.47%, Test: 25.56%, Best Valid: 26.47%, Best Test: 25.56%
Epoch: 100, Loss: 6.3704, Train: 24.95%, Valid: 26.47%, Test: 25.56%, Best Valid: 26.47%, Best Test: 25.56%
Epoch: 200, Loss: 6.5077, Train: 25.32%, Valid: 26.47%, Test: 25.56%, Best Valid: 26.47%, Best Test: 25.56%
Epoch: 300, Loss: 5.9579, Train: 26.82%, Valid: 26.67%, Test: 25.62%, Best Valid: 26.80%, Best Test: 25.75%
Epoch: 400, Loss: 5.6301, Train: 26.60%, Valid: 26.60%, Test: 25.82%, Best Valid: 26.93%, Best Test: 26.08%
Epoch: 500, Loss: 5.4738, Train: 28.58%, Valid: 26.86%, Test: 26.14%, Best Valid: 27.12%, Best Test: 26.41%
Epoch: 600, Loss: 5.0770, Train: 29.22%, Valid: 26.93%, Test: 26.21%, Best Valid: 27.12%, Best Test: 26.41%
Epoch: 700, Loss: 4.8456, Train: 29.52%, Valid: 26.93%, Test: 26.21%, Best Valid: 27.12%, Best Test: 26.41%
Epoch: 800, Loss: 4.7702, Train: 29.24%, Valid: 26.93%, Test: 26.08%, Best Valid: 27.12%, Best Test: 26.41%
Epoch: 900, Loss: 4.6526, Train: 30.07%, Valid: 26.93%, Test: 26.21%, Best Valid: 27.12%, Best Test: 26.41%
Run 02:
Highest Train: 30.87
Highest Valid: 27.12
Highest Test: 26.41
Chosen epoch: 403
Final Train: 28.61
Final Test: 26.41
Pre-training MLP for 500 epochs to generate co-occurrence matrix...
MLP pre-training complete. Penalty matrix frozen.
Epoch: 00, Loss: 4.3740, Train: 24.95%, Valid: 26.47%, Test: 25.56%, Best Valid: 26.47%, Best Test: 25.56%
Epoch: 100, Loss: 6.8687, Train: 24.95%, Valid: 26.47%, Test: 25.56%, Best Valid: 26.47%, Best Test: 25.56%
Epoch: 200, Loss: 7.0371, Train: 25.21%, Valid: 26.47%, Test: 25.56%, Best Valid: 26.47%, Best Test: 25.56%
Epoch: 300, Loss: 6.6325, Train: 26.12%, Valid: 26.47%, Test: 25.56%, Best Valid: 26.60%, Best Test: 25.56%
Epoch: 400, Loss: 6.3985, Train: 26.82%, Valid: 26.54%, Test: 25.75%, Best Valid: 26.80%, Best Test: 25.95%
Epoch: 500, Loss: 5.9996, Train: 27.39%, Valid: 26.67%, Test: 25.88%, Best Valid: 26.80%, Best Test: 25.95%
Epoch: 600, Loss: 5.7105, Train: 27.73%, Valid: 26.73%, Test: 26.08%, Best Valid: 26.80%, Best Test: 25.95%
Epoch: 700, Loss: 5.5375, Train: 28.02%, Valid: 26.80%, Test: 26.01%, Best Valid: 26.86%, Best Test: 26.08%
Epoch: 800, Loss: 5.3432, Train: 28.52%, Valid: 26.86%, Test: 26.08%, Best Valid: 26.86%, Best Test: 26.08%
Epoch: 900, Loss: 5.2444, Train: 28.32%, Valid: 26.86%, Test: 26.08%, Best Valid: 26.93%, Best Test: 26.08%
Run 03:
Highest Train: 29.15
Highest Valid: 26.93
Highest Test: 26.08
Chosen epoch: 855
Final Train: 28.78
Final Test: 26.08
All runs:
Highest Train: 29.82 ± 0.92
Highest Test: 26.25 ± 0.16
Highest Valid: 26.97 ± 0.14
  Final Train: 28.69 ± 0.09
   Final Test: 26.17 ± 0.21
Saving results to results/amazon-photo/MPNN_sage.csv

Homophilic sweep completed!
==========================================================
Starting Homophilic MLP-Reg Sweep for:
python main.py --gnn gat  --dataset amazon-photo --hidden_channels 64  --epochs 1000 --lr 0.001 --runs 3 --local_layers 3 --weight_decay 5e-5 --dropout 0.5 --device 0 --ln --res
==========================================================
Running Baseline (REG: False)...
Namespace(bn=False, cpu=False, data_dir='./data/', dataset='amazon-photo', device=0, display_step=100, dropout=0.5, epochs=1000, gnn='gat', hidden_channels=64, jk=False, label_num_per_class=20, lambda_val=0.5, ln=True, local_layers=3, lr=0.001, metric='acc', mlp_epochs=500, mlp_reg=False, model='MPNN', model_dir='./model/', num_heads=1, pre_linear=False, pre_ln=False, rand_split=False, rand_split_class=False, reg_start_epoch=10, reg_update_freq=5, res=True, runs=3, save_model=False, seed=42, test_num=1000, train_prop=0.5, use_reg=False, valid_num=500, valid_prop=0.25, weight_decay=5e-05)
amazon-photo
dataset amazon-photo | num nodes 7650 | num edge 238162 | num node feats 745 | num classes 8
MODEL: MPNNs(
  (h_lins): ModuleList()
  (local_convs): ModuleList(
    (0): GATConv(745, 64, heads=1)
    (1): GATConv(64, 64, heads=1)
    (2): GATConv(64, 64, heads=1)
  )
  (lins): ModuleList(
    (0): Linear(in_features=745, out_features=64, bias=True)
    (1): Linear(in_features=64, out_features=64, bias=True)
    (2): Linear(in_features=64, out_features=64, bias=True)
  )
  (lns): ModuleList(
    (0): LayerNorm((64,), eps=1e-05, elementwise_affine=True)
    (1): LayerNorm((64,), eps=1e-05, elementwise_affine=True)
    (2): LayerNorm((64,), eps=1e-05, elementwise_affine=True)
  )
  (bns): ModuleList(
    (0): BatchNorm1d(64, eps=1e-05, momentum=0.1, affine=True, track_running_stats=True)
    (1): BatchNorm1d(64, eps=1e-05, momentum=0.1, affine=True, track_running_stats=True)
    (2): BatchNorm1d(64, eps=1e-05, momentum=0.1, affine=True, track_running_stats=True)
  )
  (lin_in): Linear(in_features=745, out_features=64, bias=True)
  (pred_local): Linear(in_features=64, out_features=8, bias=True)
)
Epoch: 00, Loss: 2.2842, Train: 4.49%, Valid: 3.66%, Test: 4.64%, Best Valid: 3.66%, Best Test: 4.64%
Epoch: 100, Loss: 0.3155, Train: 96.49%, Valid: 94.51%, Test: 95.10%, Best Valid: 94.51%, Best Test: 94.84%
Epoch: 200, Loss: 0.1180, Train: 99.15%, Valid: 95.10%, Test: 96.54%, Best Valid: 95.49%, Best Test: 96.41%
Epoch: 300, Loss: 0.0744, Train: 99.72%, Valid: 95.29%, Test: 96.54%, Best Valid: 95.56%, Best Test: 96.67%
Epoch: 400, Loss: 0.0474, Train: 99.83%, Valid: 95.23%, Test: 96.41%, Best Valid: 95.69%, Best Test: 96.41%
Epoch: 500, Loss: 0.0405, Train: 99.85%, Valid: 95.16%, Test: 96.01%, Best Valid: 95.69%, Best Test: 96.41%
Epoch: 600, Loss: 0.0316, Train: 99.85%, Valid: 95.36%, Test: 96.21%, Best Valid: 95.69%, Best Test: 96.41%
Epoch: 700, Loss: 0.0253, Train: 99.87%, Valid: 95.36%, Test: 95.95%, Best Valid: 95.69%, Best Test: 96.41%
Epoch: 800, Loss: 0.0193, Train: 99.98%, Valid: 95.16%, Test: 95.88%, Best Valid: 95.69%, Best Test: 96.41%
Epoch: 900, Loss: 0.0188, Train: 99.98%, Valid: 95.16%, Test: 95.88%, Best Valid: 95.69%, Best Test: 96.41%
Run 01:
Highest Train: 99.98
Highest Valid: 95.69
Highest Test: 96.86
Chosen epoch: 313
Final Train: 99.72
Final Test: 96.41
Epoch: 00, Loss: 2.1996, Train: 9.08%, Valid: 10.00%, Test: 8.30%, Best Valid: 10.00%, Best Test: 8.30%
Epoch: 100, Loss: 0.2833, Train: 96.56%, Valid: 94.31%, Test: 95.49%, Best Valid: 94.44%, Best Test: 95.62%
Epoch: 200, Loss: 0.1265, Train: 99.15%, Valid: 94.84%, Test: 96.47%, Best Valid: 95.62%, Best Test: 96.67%
Epoch: 300, Loss: 0.0705, Train: 99.65%, Valid: 95.49%, Test: 96.67%, Best Valid: 95.62%, Best Test: 96.67%
Epoch: 400, Loss: 0.0580, Train: 99.69%, Valid: 95.49%, Test: 96.21%, Best Valid: 95.88%, Best Test: 96.73%
Epoch: 500, Loss: 0.0452, Train: 99.87%, Valid: 95.56%, Test: 96.41%, Best Valid: 96.01%, Best Test: 96.34%
Epoch: 600, Loss: 0.0400, Train: 99.87%, Valid: 95.62%, Test: 96.34%, Best Valid: 96.01%, Best Test: 96.34%
Epoch: 700, Loss: 0.0250, Train: 99.93%, Valid: 95.36%, Test: 95.88%, Best Valid: 96.01%, Best Test: 96.34%
Epoch: 800, Loss: 0.0338, Train: 99.93%, Valid: 95.42%, Test: 96.08%, Best Valid: 96.01%, Best Test: 96.34%
Epoch: 900, Loss: 0.0258, Train: 99.91%, Valid: 95.42%, Test: 96.21%, Best Valid: 96.01%, Best Test: 96.34%
Run 02:
Highest Train: 99.93
Highest Valid: 96.01
Highest Test: 96.99
Chosen epoch: 449
Final Train: 99.85
Final Test: 96.34
Epoch: 00, Loss: 2.1835, Train: 22.31%, Valid: 21.70%, Test: 22.42%, Best Valid: 21.70%, Best Test: 22.42%
Epoch: 100, Loss: 0.2726, Train: 96.71%, Valid: 94.44%, Test: 95.62%, Best Valid: 94.58%, Best Test: 95.82%
Epoch: 200, Loss: 0.1124, Train: 99.13%, Valid: 95.16%, Test: 96.08%, Best Valid: 95.69%, Best Test: 96.21%
Epoch: 300, Loss: 0.0690, Train: 99.59%, Valid: 95.56%, Test: 96.34%, Best Valid: 95.82%, Best Test: 96.47%
Epoch: 400, Loss: 0.0509, Train: 99.78%, Valid: 95.36%, Test: 96.54%, Best Valid: 95.95%, Best Test: 96.41%
Epoch: 500, Loss: 0.0367, Train: 99.85%, Valid: 95.49%, Test: 96.47%, Best Valid: 95.95%, Best Test: 96.41%
Epoch: 600, Loss: 0.0368, Train: 99.89%, Valid: 95.49%, Test: 96.21%, Best Valid: 95.95%, Best Test: 96.41%
Epoch: 700, Loss: 0.0235, Train: 99.85%, Valid: 94.97%, Test: 96.08%, Best Valid: 95.95%, Best Test: 96.41%
Epoch: 800, Loss: 0.0228, Train: 99.93%, Valid: 95.23%, Test: 95.88%, Best Valid: 95.95%, Best Test: 96.41%
Epoch: 900, Loss: 0.0159, Train: 99.96%, Valid: 95.16%, Test: 96.41%, Best Valid: 95.95%, Best Test: 96.41%
Run 03:
Highest Train: 99.98
Highest Valid: 95.95
Highest Test: 96.80
Chosen epoch: 335
Final Train: 99.74
Final Test: 96.41
All runs:
Highest Train: 99.96 ± 0.03
Highest Test: 96.88 ± 0.10
Highest Valid: 95.88 ± 0.17
  Final Train: 99.77 ± 0.07
   Final Test: 96.38 ± 0.04
Saving results to results/amazon-photo/MPNN_gat.csv

Running with Pre-trained MLP Regularization (lambda=0.01)...
Namespace(bn=False, cpu=False, data_dir='./data/', dataset='amazon-photo', device=0, display_step=100, dropout=0.5, epochs=1000, gnn='gat', hidden_channels=64, jk=False, label_num_per_class=20, lambda_val=0.01, ln=True, local_layers=3, lr=0.001, metric='acc', mlp_epochs=500, mlp_reg=True, model='MPNN', model_dir='./model/', num_heads=1, pre_linear=False, pre_ln=False, rand_split=False, rand_split_class=False, reg_start_epoch=10, reg_update_freq=5, res=True, runs=3, save_model=False, seed=42, test_num=1000, train_prop=0.5, use_reg=True, valid_num=500, valid_prop=0.25, weight_decay=5e-05)
amazon-photo
dataset amazon-photo | num nodes 7650 | num edge 238162 | num node feats 745 | num classes 8
MODEL: MPNNs(
  (h_lins): ModuleList()
  (local_convs): ModuleList(
    (0): GATConv(745, 64, heads=1)
    (1): GATConv(64, 64, heads=1)
    (2): GATConv(64, 64, heads=1)
  )
  (lins): ModuleList(
    (0): Linear(in_features=745, out_features=64, bias=True)
    (1): Linear(in_features=64, out_features=64, bias=True)
    (2): Linear(in_features=64, out_features=64, bias=True)
  )
  (lns): ModuleList(
    (0): LayerNorm((64,), eps=1e-05, elementwise_affine=True)
    (1): LayerNorm((64,), eps=1e-05, elementwise_affine=True)
    (2): LayerNorm((64,), eps=1e-05, elementwise_affine=True)
  )
  (bns): ModuleList(
    (0): BatchNorm1d(64, eps=1e-05, momentum=0.1, affine=True, track_running_stats=True)
    (1): BatchNorm1d(64, eps=1e-05, momentum=0.1, affine=True, track_running_stats=True)
    (2): BatchNorm1d(64, eps=1e-05, momentum=0.1, affine=True, track_running_stats=True)
  )
  (lin_in): Linear(in_features=745, out_features=64, bias=True)
  (pred_local): Linear(in_features=64, out_features=8, bias=True)
)
Pre-training MLP for 500 epochs to generate co-occurrence matrix...
MLP pre-training complete. Penalty matrix frozen.
Epoch: 00, Loss: 2.3140, Train: 4.49%, Valid: 3.66%, Test: 4.64%, Best Valid: 3.66%, Best Test: 4.64%
Epoch: 100, Loss: 0.3144, Train: 96.43%, Valid: 94.44%, Test: 95.10%, Best Valid: 94.71%, Best Test: 95.42%
Epoch: 200, Loss: 0.1166, Train: 99.26%, Valid: 95.29%, Test: 96.54%, Best Valid: 95.56%, Best Test: 96.54%
Epoch: 300, Loss: 0.0779, Train: 99.67%, Valid: 95.56%, Test: 96.21%, Best Valid: 95.69%, Best Test: 96.67%
Epoch: 400, Loss: 0.0617, Train: 99.83%, Valid: 95.42%, Test: 96.34%, Best Valid: 95.69%, Best Test: 96.67%
Epoch: 500, Loss: 0.0440, Train: 99.85%, Valid: 95.42%, Test: 96.21%, Best Valid: 95.69%, Best Test: 96.67%
Epoch: 600, Loss: 0.0297, Train: 99.87%, Valid: 95.23%, Test: 95.82%, Best Valid: 95.69%, Best Test: 96.67%
Epoch: 700, Loss: 0.0256, Train: 99.89%, Valid: 95.23%, Test: 96.01%, Best Valid: 95.69%, Best Test: 96.67%
Epoch: 800, Loss: 0.0343, Train: 99.91%, Valid: 95.36%, Test: 96.14%, Best Valid: 95.69%, Best Test: 96.67%
Epoch: 900, Loss: 0.0210, Train: 99.96%, Valid: 95.10%, Test: 95.88%, Best Valid: 95.69%, Best Test: 96.67%
Run 01:
Highest Train: 99.96
Highest Valid: 95.69
Highest Test: 96.80
Chosen epoch: 267
Final Train: 99.61
Final Test: 96.67
Pre-training MLP for 500 epochs to generate co-occurrence matrix...
MLP pre-training complete. Penalty matrix frozen.
Epoch: 00, Loss: 2.3839, Train: 12.31%, Valid: 11.70%, Test: 12.75%, Best Valid: 11.70%, Best Test: 12.75%
Epoch: 100, Loss: 0.2866, Train: 96.25%, Valid: 94.05%, Test: 95.23%, Best Valid: 94.31%, Best Test: 95.36%
Epoch: 200, Loss: 0.1361, Train: 99.04%, Valid: 94.90%, Test: 96.47%, Best Valid: 95.82%, Best Test: 96.67%
Epoch: 300, Loss: 0.0711, Train: 99.56%, Valid: 95.62%, Test: 96.60%, Best Valid: 95.95%, Best Test: 96.60%
Epoch: 400, Loss: 0.0518, Train: 99.80%, Valid: 95.69%, Test: 96.54%, Best Valid: 96.01%, Best Test: 96.27%
Epoch: 500, Loss: 0.0388, Train: 99.80%, Valid: 95.56%, Test: 96.67%, Best Valid: 96.01%, Best Test: 96.27%
Epoch: 600, Loss: 0.0393, Train: 99.87%, Valid: 95.62%, Test: 96.47%, Best Valid: 96.01%, Best Test: 96.27%
Epoch: 700, Loss: 0.0300, Train: 99.91%, Valid: 95.49%, Test: 96.27%, Best Valid: 96.01%, Best Test: 96.27%
Epoch: 800, Loss: 0.0199, Train: 99.93%, Valid: 95.42%, Test: 96.41%, Best Valid: 96.01%, Best Test: 96.27%
Epoch: 900, Loss: 0.0229, Train: 99.93%, Valid: 95.29%, Test: 96.14%, Best Valid: 96.01%, Best Test: 96.27%
Run 02:
Highest Train: 99.96
Highest Valid: 96.01
Highest Test: 97.12
Chosen epoch: 359
Final Train: 99.72
Final Test: 96.27
Pre-training MLP for 500 epochs to generate co-occurrence matrix...
MLP pre-training complete. Penalty matrix frozen.
Epoch: 00, Loss: 2.1611, Train: 24.95%, Valid: 26.47%, Test: 25.56%, Best Valid: 26.47%, Best Test: 25.56%
Epoch: 100, Loss: 0.2649, Train: 96.71%, Valid: 94.77%, Test: 95.42%, Best Valid: 94.90%, Best Test: 95.03%
Epoch: 200, Loss: 0.1166, Train: 99.06%, Valid: 95.56%, Test: 96.60%, Best Valid: 95.69%, Best Test: 96.67%
Epoch: 300, Loss: 0.0780, Train: 99.54%, Valid: 95.82%, Test: 96.73%, Best Valid: 96.01%, Best Test: 96.60%
Epoch: 400, Loss: 0.0485, Train: 99.83%, Valid: 95.42%, Test: 96.41%, Best Valid: 96.01%, Best Test: 96.60%
Epoch: 500, Loss: 0.0360, Train: 99.89%, Valid: 95.36%, Test: 96.27%, Best Valid: 96.01%, Best Test: 96.60%
Epoch: 600, Loss: 0.0331, Train: 99.91%, Valid: 94.97%, Test: 96.47%, Best Valid: 96.01%, Best Test: 96.60%
Epoch: 700, Loss: 0.0203, Train: 99.93%, Valid: 95.23%, Test: 96.21%, Best Valid: 96.01%, Best Test: 96.60%
Epoch: 800, Loss: 0.0230, Train: 99.93%, Valid: 95.16%, Test: 96.41%, Best Valid: 96.01%, Best Test: 96.60%
Epoch: 900, Loss: 0.0138, Train: 99.96%, Valid: 95.16%, Test: 96.14%, Best Valid: 96.01%, Best Test: 96.60%
Run 03:
Highest Train: 99.98
Highest Valid: 96.01
Highest Test: 96.86
Chosen epoch: 294
Final Train: 99.54
Final Test: 96.60
All runs:
Highest Train: 99.96 ± 0.01
Highest Test: 96.93 ± 0.17
Highest Valid: 95.90 ± 0.19
  Final Train: 99.62 ± 0.09
   Final Test: 96.51 ± 0.21
Saving results to results/amazon-photo/MPNN_gat.csv

Running with Pre-trained MLP Regularization (lambda=0.1)...
Namespace(bn=False, cpu=False, data_dir='./data/', dataset='amazon-photo', device=0, display_step=100, dropout=0.5, epochs=1000, gnn='gat', hidden_channels=64, jk=False, label_num_per_class=20, lambda_val=0.1, ln=True, local_layers=3, lr=0.001, metric='acc', mlp_epochs=500, mlp_reg=True, model='MPNN', model_dir='./model/', num_heads=1, pre_linear=False, pre_ln=False, rand_split=False, rand_split_class=False, reg_start_epoch=10, reg_update_freq=5, res=True, runs=3, save_model=False, seed=42, test_num=1000, train_prop=0.5, use_reg=True, valid_num=500, valid_prop=0.25, weight_decay=5e-05)
amazon-photo
dataset amazon-photo | num nodes 7650 | num edge 238162 | num node feats 745 | num classes 8
MODEL: MPNNs(
  (h_lins): ModuleList()
  (local_convs): ModuleList(
    (0): GATConv(745, 64, heads=1)
    (1): GATConv(64, 64, heads=1)
    (2): GATConv(64, 64, heads=1)
  )
  (lins): ModuleList(
    (0): Linear(in_features=745, out_features=64, bias=True)
    (1): Linear(in_features=64, out_features=64, bias=True)
    (2): Linear(in_features=64, out_features=64, bias=True)
  )
  (lns): ModuleList(
    (0): LayerNorm((64,), eps=1e-05, elementwise_affine=True)
    (1): LayerNorm((64,), eps=1e-05, elementwise_affine=True)
    (2): LayerNorm((64,), eps=1e-05, elementwise_affine=True)
  )
  (bns): ModuleList(
    (0): BatchNorm1d(64, eps=1e-05, momentum=0.1, affine=True, track_running_stats=True)
    (1): BatchNorm1d(64, eps=1e-05, momentum=0.1, affine=True, track_running_stats=True)
    (2): BatchNorm1d(64, eps=1e-05, momentum=0.1, affine=True, track_running_stats=True)
  )
  (lin_in): Linear(in_features=745, out_features=64, bias=True)
  (pred_local): Linear(in_features=64, out_features=8, bias=True)
)
Pre-training MLP for 500 epochs to generate co-occurrence matrix...
MLP pre-training complete. Penalty matrix frozen.
Epoch: 00, Loss: 2.5203, Train: 4.49%, Valid: 3.66%, Test: 4.64%, Best Valid: 3.66%, Best Test: 4.64%
Epoch: 100, Loss: 0.3521, Train: 96.27%, Valid: 94.58%, Test: 95.03%, Best Valid: 94.58%, Best Test: 95.03%
Epoch: 200, Loss: 0.1254, Train: 99.11%, Valid: 95.16%, Test: 96.34%, Best Valid: 95.62%, Best Test: 96.34%
Epoch: 300, Loss: 0.1007, Train: 99.72%, Valid: 95.82%, Test: 96.27%, Best Valid: 95.82%, Best Test: 96.60%
Epoch: 400, Loss: 0.0593, Train: 99.78%, Valid: 95.49%, Test: 96.34%, Best Valid: 95.82%, Best Test: 96.60%
Epoch: 500, Loss: 0.0446, Train: 99.83%, Valid: 95.16%, Test: 96.08%, Best Valid: 95.82%, Best Test: 96.60%
Epoch: 600, Loss: 0.0396, Train: 99.85%, Valid: 95.23%, Test: 96.08%, Best Valid: 95.82%, Best Test: 96.60%
Epoch: 700, Loss: 0.0333, Train: 99.87%, Valid: 95.29%, Test: 95.95%, Best Valid: 95.82%, Best Test: 96.60%
Epoch: 800, Loss: 0.0339, Train: 99.87%, Valid: 95.29%, Test: 95.95%, Best Valid: 95.82%, Best Test: 96.60%
Epoch: 900, Loss: 0.0210, Train: 99.91%, Valid: 95.10%, Test: 96.08%, Best Valid: 95.82%, Best Test: 96.60%
Run 01:
Highest Train: 99.98
Highest Valid: 95.82
Highest Test: 96.80
Chosen epoch: 276
Final Train: 99.65
Final Test: 96.60
Pre-training MLP for 500 epochs to generate co-occurrence matrix...
MLP pre-training complete. Penalty matrix frozen.
Epoch: 00, Loss: 2.5963, Train: 22.48%, Valid: 22.48%, Test: 22.42%, Best Valid: 22.48%, Best Test: 22.42%
Epoch: 100, Loss: 0.3151, Train: 96.34%, Valid: 94.18%, Test: 95.29%, Best Valid: 94.25%, Best Test: 95.10%
Epoch: 200, Loss: 0.1385, Train: 98.93%, Valid: 95.23%, Test: 96.54%, Best Valid: 95.75%, Best Test: 96.47%
Epoch: 300, Loss: 0.0796, Train: 99.43%, Valid: 95.42%, Test: 96.47%, Best Valid: 95.95%, Best Test: 96.47%
Epoch: 400, Loss: 0.0566, Train: 99.74%, Valid: 95.56%, Test: 96.27%, Best Valid: 96.01%, Best Test: 96.34%
Epoch: 500, Loss: 0.0405, Train: 99.83%, Valid: 96.01%, Test: 96.34%, Best Valid: 96.01%, Best Test: 96.34%
Epoch: 600, Loss: 0.0372, Train: 99.87%, Valid: 95.49%, Test: 96.21%, Best Valid: 96.01%, Best Test: 96.34%
Epoch: 700, Loss: 0.0330, Train: 99.91%, Valid: 95.29%, Test: 96.34%, Best Valid: 96.01%, Best Test: 96.34%
Epoch: 800, Loss: 0.0255, Train: 99.89%, Valid: 95.49%, Test: 96.08%, Best Valid: 96.01%, Best Test: 96.34%
Epoch: 900, Loss: 0.0267, Train: 99.96%, Valid: 95.62%, Test: 95.75%, Best Valid: 96.01%, Best Test: 96.34%
Run 02:
Highest Train: 99.96
Highest Valid: 96.01
Highest Test: 97.06
Chosen epoch: 326
Final Train: 99.65
Final Test: 96.34
Pre-training MLP for 500 epochs to generate co-occurrence matrix...
MLP pre-training complete. Penalty matrix frozen.
Epoch: 00, Loss: 2.3537, Train: 24.95%, Valid: 26.47%, Test: 25.56%, Best Valid: 26.47%, Best Test: 25.56%
Epoch: 100, Loss: 0.2932, Train: 96.58%, Valid: 94.77%, Test: 95.36%, Best Valid: 94.84%, Best Test: 95.36%
Epoch: 200, Loss: 0.1270, Train: 98.95%, Valid: 95.49%, Test: 96.21%, Best Valid: 95.56%, Best Test: 96.54%
Epoch: 300, Loss: 0.0834, Train: 99.52%, Valid: 95.62%, Test: 96.60%, Best Valid: 95.82%, Best Test: 96.47%
Epoch: 400, Loss: 0.0528, Train: 99.78%, Valid: 95.16%, Test: 96.60%, Best Valid: 95.82%, Best Test: 96.47%
Epoch: 500, Loss: 0.0458, Train: 99.87%, Valid: 95.42%, Test: 96.47%, Best Valid: 95.82%, Best Test: 96.47%
Epoch: 600, Loss: 0.0374, Train: 99.91%, Valid: 95.49%, Test: 96.41%, Best Valid: 95.82%, Best Test: 96.47%
Epoch: 700, Loss: 0.0244, Train: 99.93%, Valid: 95.23%, Test: 96.01%, Best Valid: 95.82%, Best Test: 96.47%
Epoch: 800, Loss: 0.0224, Train: 99.93%, Valid: 95.36%, Test: 96.21%, Best Valid: 95.82%, Best Test: 96.47%
Epoch: 900, Loss: 0.0155, Train: 99.98%, Valid: 95.49%, Test: 95.88%, Best Valid: 95.82%, Best Test: 96.47%
Run 03:
Highest Train: 99.98
Highest Valid: 95.82
Highest Test: 96.86
Chosen epoch: 236
Final Train: 99.30
Final Test: 96.47
All runs:
Highest Train: 99.97 ± 0.01
Highest Test: 96.91 ± 0.14
Highest Valid: 95.88 ± 0.11
  Final Train: 99.54 ± 0.20
   Final Test: 96.47 ± 0.13
Saving results to results/amazon-photo/MPNN_gat.csv

Running with Pre-trained MLP Regularization (lambda=1.0)...
Namespace(bn=False, cpu=False, data_dir='./data/', dataset='amazon-photo', device=0, display_step=100, dropout=0.5, epochs=1000, gnn='gat', hidden_channels=64, jk=False, label_num_per_class=20, lambda_val=1.0, ln=True, local_layers=3, lr=0.001, metric='acc', mlp_epochs=500, mlp_reg=True, model='MPNN', model_dir='./model/', num_heads=1, pre_linear=False, pre_ln=False, rand_split=False, rand_split_class=False, reg_start_epoch=10, reg_update_freq=5, res=True, runs=3, save_model=False, seed=42, test_num=1000, train_prop=0.5, use_reg=True, valid_num=500, valid_prop=0.25, weight_decay=5e-05)
amazon-photo
dataset amazon-photo | num nodes 7650 | num edge 238162 | num node feats 745 | num classes 8
MODEL: MPNNs(
  (h_lins): ModuleList()
  (local_convs): ModuleList(
    (0): GATConv(745, 64, heads=1)
    (1): GATConv(64, 64, heads=1)
    (2): GATConv(64, 64, heads=1)
  )
  (lins): ModuleList(
    (0): Linear(in_features=745, out_features=64, bias=True)
    (1): Linear(in_features=64, out_features=64, bias=True)
    (2): Linear(in_features=64, out_features=64, bias=True)
  )
  (lns): ModuleList(
    (0): LayerNorm((64,), eps=1e-05, elementwise_affine=True)
    (1): LayerNorm((64,), eps=1e-05, elementwise_affine=True)
    (2): LayerNorm((64,), eps=1e-05, elementwise_affine=True)
  )
  (bns): ModuleList(
    (0): BatchNorm1d(64, eps=1e-05, momentum=0.1, affine=True, track_running_stats=True)
    (1): BatchNorm1d(64, eps=1e-05, momentum=0.1, affine=True, track_running_stats=True)
    (2): BatchNorm1d(64, eps=1e-05, momentum=0.1, affine=True, track_running_stats=True)
  )
  (lin_in): Linear(in_features=745, out_features=64, bias=True)
  (pred_local): Linear(in_features=64, out_features=8, bias=True)
)
Pre-training MLP for 500 epochs to generate co-occurrence matrix...
MLP pre-training complete. Penalty matrix frozen.
Epoch: 00, Loss: 4.5823, Train: 4.49%, Valid: 3.66%, Test: 4.51%, Best Valid: 3.66%, Best Test: 4.51%
Epoch: 100, Loss: 5.5025, Train: 22.11%, Valid: 21.57%, Test: 22.29%, Best Valid: 21.57%, Best Test: 22.29%
Epoch: 200, Loss: 6.0941, Train: 23.55%, Valid: 21.76%, Test: 22.75%, Best Valid: 21.76%, Best Test: 22.48%
Epoch: 300, Loss: 5.6574, Train: 25.66%, Valid: 22.03%, Test: 23.20%, Best Valid: 22.35%, Best Test: 23.46%
Epoch: 400, Loss: 5.2501, Train: 28.06%, Valid: 22.55%, Test: 23.73%, Best Valid: 22.55%, Best Test: 23.73%
Epoch: 500, Loss: 4.9714, Train: 27.56%, Valid: 22.35%, Test: 23.40%, Best Valid: 22.68%, Best Test: 23.59%
Epoch: 600, Loss: 4.7072, Train: 28.39%, Valid: 22.48%, Test: 23.40%, Best Valid: 22.94%, Best Test: 23.53%
Epoch: 700, Loss: 4.4871, Train: 29.80%, Valid: 22.81%, Test: 23.59%, Best Valid: 22.94%, Best Test: 23.53%
Epoch: 800, Loss: 4.2656, Train: 29.87%, Valid: 22.68%, Test: 23.66%, Best Valid: 22.94%, Best Test: 23.53%
Epoch: 900, Loss: 4.0973, Train: 31.02%, Valid: 22.94%, Test: 23.66%, Best Valid: 23.20%, Best Test: 23.99%
Run 01:
Highest Train: 32.98
Highest Valid: 23.20
Highest Test: 23.99
Chosen epoch: 858
Final Train: 31.92
Final Test: 23.99
Pre-training MLP for 500 epochs to generate co-occurrence matrix...
MLP pre-training complete. Penalty matrix frozen.
Epoch: 00, Loss: 4.7206, Train: 22.14%, Valid: 21.63%, Test: 22.29%, Best Valid: 21.63%, Best Test: 22.29%
Epoch: 100, Loss: 5.4195, Train: 22.11%, Valid: 21.57%, Test: 22.29%, Best Valid: 21.63%, Best Test: 22.29%
Epoch: 200, Loss: 6.2306, Train: 23.31%, Valid: 21.76%, Test: 22.61%, Best Valid: 21.76%, Best Test: 22.55%
Epoch: 300, Loss: 5.7975, Train: 25.69%, Valid: 21.96%, Test: 22.94%, Best Valid: 22.29%, Best Test: 22.94%
Epoch: 400, Loss: 5.4643, Train: 26.73%, Valid: 22.09%, Test: 23.01%, Best Valid: 22.29%, Best Test: 22.94%
Epoch: 500, Loss: 5.0582, Train: 27.39%, Valid: 22.48%, Test: 23.40%, Best Valid: 22.61%, Best Test: 23.53%
Epoch: 600, Loss: 4.8112, Train: 27.86%, Valid: 22.55%, Test: 23.40%, Best Valid: 22.81%, Best Test: 23.66%
Epoch: 700, Loss: 4.5802, Train: 28.63%, Valid: 22.68%, Test: 23.40%, Best Valid: 23.01%, Best Test: 23.53%
Epoch: 800, Loss: 4.4408, Train: 28.56%, Valid: 22.68%, Test: 23.46%, Best Valid: 23.27%, Best Test: 23.86%
Epoch: 900, Loss: 4.2326, Train: 30.28%, Valid: 22.94%, Test: 23.46%, Best Valid: 23.27%, Best Test: 23.86%
Run 02:
Highest Train: 31.37
Highest Valid: 23.27
Highest Test: 23.99
Chosen epoch: 775
Final Train: 30.24
Final Test: 23.86
Pre-training MLP for 500 epochs to generate co-occurrence matrix...
MLP pre-training complete. Penalty matrix frozen.
Epoch: 00, Loss: 4.2794, Train: 24.95%, Valid: 26.47%, Test: 25.56%, Best Valid: 26.47%, Best Test: 25.56%
Epoch: 100, Loss: 2.8486, Train: 46.73%, Valid: 46.80%, Test: 47.06%, Best Valid: 47.25%, Best Test: 47.39%
Epoch: 200, Loss: 2.0715, Train: 68.04%, Valid: 60.46%, Test: 60.46%, Best Valid: 61.05%, Best Test: 60.78%
Epoch: 300, Loss: 0.2394, Train: 98.98%, Valid: 95.29%, Test: 96.54%, Best Valid: 95.42%, Best Test: 96.14%
Epoch: 400, Loss: 0.1441, Train: 99.54%, Valid: 95.29%, Test: 96.34%, Best Valid: 95.56%, Best Test: 96.21%
Epoch: 500, Loss: 0.0978, Train: 99.67%, Valid: 95.10%, Test: 96.08%, Best Valid: 95.56%, Best Test: 96.21%
Epoch: 600, Loss: 0.0784, Train: 99.85%, Valid: 95.69%, Test: 96.01%, Best Valid: 95.69%, Best Test: 96.01%
Epoch: 700, Loss: 0.0603, Train: 99.87%, Valid: 95.42%, Test: 96.08%, Best Valid: 95.69%, Best Test: 96.01%
Epoch: 800, Loss: 0.0501, Train: 99.93%, Valid: 95.16%, Test: 96.01%, Best Valid: 95.69%, Best Test: 96.01%
Epoch: 900, Loss: 0.0464, Train: 99.93%, Valid: 95.16%, Test: 96.08%, Best Valid: 95.69%, Best Test: 96.01%
Run 03:
Highest Train: 99.96
Highest Valid: 95.69
Highest Test: 96.73
Chosen epoch: 600
Final Train: 99.85
Final Test: 96.01
All runs:
Highest Train: 54.77 ± 39.14
Highest Test: 48.24 ± 42.00
Highest Valid: 47.39 ± 41.83
  Final Train: 54.00 ± 39.71
   Final Test: 47.95 ± 41.62
Saving results to results/amazon-photo/MPNN_gat.csv

Homophilic sweep completed!
==========================================================
Sweep for amazon-photo completed at: Sun Apr 26 01:21:41 AM EDT 2026
==========================================================
