==========================================================
Heterophilic Small Lambda MLP-Reg Sweep — Dataset: squirrel
Array task: 4 / Job: 993397
Date: Sat Apr 25 08:37:51 PM EDT 2026 | Host: n0089
==========================================================
Sat Apr 25 20:38:01 2026       
+-----------------------------------------------------------------------------------------+
| NVIDIA-SMI 570.211.01             Driver Version: 570.211.01     CUDA Version: 12.8     |
|-----------------------------------------+------------------------+----------------------+
| GPU  Name                 Persistence-M | Bus-Id          Disp.A | Volatile Uncorr. ECC |
| Fan  Temp   Perf          Pwr:Usage/Cap |           Memory-Usage | GPU-Util  Compute M. |
|                                         |                        |               MIG M. |
|=========================================+========================+======================|
|   0  NVIDIA A100-SXM4-80GB          On  |   00000000:01:00.0 Off |                   On |
| N/A   26C    P0             52W /  500W |     185MiB /  81920MiB |     N/A      Default |
|                                         |                        |              Enabled |
+-----------------------------------------+------------------------+----------------------+
|   1  NVIDIA A100-SXM4-80GB          On  |   00000000:41:00.0 Off |                   On |
| N/A   25C    P0             48W /  500W |     185MiB /  81920MiB |     N/A      Default |
|                                         |                        |              Enabled |
+-----------------------------------------+------------------------+----------------------+
|   2  NVIDIA A100-SXM4-80GB          On  |   00000000:81:00.0 Off |                   On |
| N/A   34C    P0            109W /  500W |   11717MiB /  81920MiB |     N/A      Default |
|                                         |                        |              Enabled |
+-----------------------------------------+------------------------+----------------------+
|   3  NVIDIA A100-SXM4-80GB          On  |   00000000:C1:00.0 Off |                   On |
| N/A   25C    P0             51W /  500W |     185MiB /  81920MiB |     N/A      Default |
|                                         |                        |              Enabled |
+-----------------------------------------+------------------------+----------------------+

+-----------------------------------------------------------------------------------------+
| MIG devices:                                                                            |
+------------------+----------------------------------+-----------+-----------------------+
| GPU  GI  CI  MIG |                     Memory-Usage |        Vol|        Shared         |
|      ID  ID  Dev |                       BAR1-Usage | SM     Unc| CE ENC  DEC  OFA  JPG |
|                  |                                  |        ECC|                       |
|==================+==================================+===========+=======================|
|  1    9   0   0  |              27MiB /  9728MiB    | 14      0 |  1   0    0    0    0 |
|                  |                 0MiB / 16383MiB  |           |                       |
+------------------+----------------------------------+-----------+-----------------------+
                                                                                         
+-----------------------------------------------------------------------------------------+
| Processes:                                                                              |
|  GPU   GI   CI              PID   Type   Process name                        GPU Memory |
|        ID   ID                                                               Usage      |
|=========================================================================================|
|    2    2    0           556885      C   ...kt477/DS681/.conda/bin/python       6086MiB |
|    2    2    0           677115      C   ...kt477/DS681/.conda/bin/python       5438MiB |
+-----------------------------------------------------------------------------------------+
1.12.1
True
NVIDIA A100-SXM4-80GB MIG 1g.10gb
==========================================================
Starting Small Lambda MLP-Reg Sweep for:
python main.py --gnn gcn  --dataset squirrel --lr 0.01  --local_layers 4 --hidden_channels 256 --weight_decay 5e-4 --dropout 0.7 --device 0 --runs 10 --bn --res
==========================================================

Running with Pre-trained MLP Regularization (lambda=1e-4)...
Namespace(bn=True, cpu=False, data_dir='./data/', dataset='squirrel', device=0, display_step=100, dropout=0.7, epochs=500, gnn='gcn', hidden_channels=256, jk=False, label_num_per_class=20, lambda_val=0.0001, ln=False, local_layers=4, lr=0.01, metric='acc', mlp_epochs=500, mlp_reg=True, model='MPNN', model_dir='./model/', num_heads=1, pre_linear=False, pre_ln=False, rand_split=False, rand_split_class=False, reg_start_epoch=10, reg_update_freq=5, res=True, runs=10, save_model=False, seed=42, test_num=1000, train_prop=0.5, use_reg=True, valid_num=500, valid_prop=0.25, weight_decay=0.0005)
squirrel
dataset squirrel | num nodes 2223 | num edge 46998 | num node feats 2089 | num classes 5
MODEL: MPNNs(
  (h_lins): ModuleList()
  (local_convs): ModuleList(
    (0): GCNConv(2089, 256)
    (1): GCNConv(256, 256)
    (2): GCNConv(256, 256)
    (3): GCNConv(256, 256)
  )
  (lins): ModuleList(
    (0): Linear(in_features=2089, out_features=256, bias=True)
    (1): Linear(in_features=256, out_features=256, bias=True)
    (2): Linear(in_features=256, out_features=256, bias=True)
    (3): Linear(in_features=256, out_features=256, bias=True)
  )
  (lns): ModuleList(
    (0): LayerNorm((256,), eps=1e-05, elementwise_affine=True)
    (1): LayerNorm((256,), eps=1e-05, elementwise_affine=True)
    (2): LayerNorm((256,), eps=1e-05, elementwise_affine=True)
    (3): LayerNorm((256,), eps=1e-05, elementwise_affine=True)
  )
  (bns): ModuleList(
    (0): BatchNorm1d(256, eps=1e-05, momentum=0.1, affine=True, track_running_stats=True)
    (1): BatchNorm1d(256, eps=1e-05, momentum=0.1, affine=True, track_running_stats=True)
    (2): BatchNorm1d(256, eps=1e-05, momentum=0.1, affine=True, track_running_stats=True)
    (3): BatchNorm1d(256, eps=1e-05, momentum=0.1, affine=True, track_running_stats=True)
  )
  (lin_in): Linear(in_features=2089, out_features=256, bias=True)
  (pred_local): Linear(in_features=256, out_features=5, bias=True)
)
Pre-training MLP for 500 epochs to generate co-occurrence matrix...
MLP pre-training complete. Penalty matrix frozen.
Epoch: 00, Loss: 1.7480, Train: 17.95%, Valid: 19.22%, Test: 18.81%, Best Valid: 19.22%, Best Test: 18.81%
Epoch: 100, Loss: 0.2061, Train: 97.91%, Valid: 33.70%, Test: 36.06%, Best Valid: 45.26%, Best Test: 44.47%
Epoch: 200, Loss: 0.1144, Train: 99.53%, Valid: 34.96%, Test: 37.83%, Best Valid: 45.26%, Best Test: 44.47%
Epoch: 300, Loss: 0.1387, Train: 99.62%, Valid: 35.93%, Test: 37.61%, Best Valid: 45.26%, Best Test: 44.47%
Epoch: 400, Loss: 0.1380, Train: 99.53%, Valid: 34.12%, Test: 37.17%, Best Valid: 45.26%, Best Test: 44.47%
Run 01:
Highest Train: 99.81
Highest Valid: 45.26
Highest Test: 47.35
Chosen epoch: 25
Final Train: 53.18
Final Test: 44.47
Pre-training MLP for 500 epochs to generate co-occurrence matrix...
MLP pre-training complete. Penalty matrix frozen.
Epoch: 00, Loss: 1.8542, Train: 10.74%, Valid: 9.86%, Test: 10.84%, Best Valid: 9.86%, Best Test: 10.84%
Epoch: 100, Loss: 0.1546, Train: 99.54%, Valid: 36.29%, Test: 36.12%, Best Valid: 47.86%, Best Test: 44.70%
Epoch: 200, Loss: 0.1177, Train: 99.44%, Valid: 37.14%, Test: 42.44%, Best Valid: 47.86%, Best Test: 44.70%
Epoch: 300, Loss: 0.1061, Train: 99.72%, Valid: 36.71%, Test: 36.12%, Best Valid: 47.86%, Best Test: 44.70%
Epoch: 400, Loss: 0.1395, Train: 99.72%, Valid: 36.71%, Test: 39.73%, Best Valid: 47.86%, Best Test: 44.70%
Run 02:
Highest Train: 99.81
Highest Valid: 47.86
Highest Test: 46.95
Chosen epoch: 24
Final Train: 50.00
Final Test: 44.70
Pre-training MLP for 500 epochs to generate co-occurrence matrix...
MLP pre-training complete. Penalty matrix frozen.
Epoch: 00, Loss: 1.8190, Train: 10.70%, Valid: 12.95%, Test: 10.89%, Best Valid: 12.95%, Best Test: 10.89%
Epoch: 100, Loss: 0.2090, Train: 98.95%, Valid: 36.64%, Test: 37.56%, Best Valid: 44.90%, Best Test: 46.22%
Epoch: 200, Loss: 0.1047, Train: 99.33%, Valid: 35.81%, Test: 38.89%, Best Valid: 44.90%, Best Test: 46.22%
Epoch: 300, Loss: 0.1175, Train: 99.62%, Valid: 37.33%, Test: 39.78%, Best Valid: 44.90%, Best Test: 46.22%
Epoch: 400, Loss: 0.1131, Train: 99.81%, Valid: 34.30%, Test: 37.78%, Best Valid: 44.90%, Best Test: 46.22%
Run 03:
Highest Train: 99.90
Highest Valid: 44.90
Highest Test: 48.22
Chosen epoch: 27
Final Train: 55.59
Final Test: 46.22
Pre-training MLP for 500 epochs to generate co-occurrence matrix...
MLP pre-training complete. Penalty matrix frozen.
Epoch: 00, Loss: 1.8881, Train: 14.34%, Valid: 18.09%, Test: 16.22%, Best Valid: 18.09%, Best Test: 16.22%
Epoch: 100, Loss: 0.1987, Train: 98.77%, Valid: 36.04%, Test: 34.89%, Best Valid: 44.74%, Best Test: 44.89%
Epoch: 200, Loss: 0.1162, Train: 99.81%, Valid: 37.87%, Test: 35.78%, Best Valid: 44.74%, Best Test: 44.89%
Epoch: 300, Loss: 0.1381, Train: 99.62%, Valid: 37.59%, Test: 36.00%, Best Valid: 44.74%, Best Test: 44.89%
Epoch: 400, Loss: 0.1394, Train: 99.72%, Valid: 36.61%, Test: 35.56%, Best Valid: 44.74%, Best Test: 44.89%
Run 04:
Highest Train: 100.00
Highest Valid: 44.74
Highest Test: 48.00
Chosen epoch: 25
Final Train: 51.23
Final Test: 44.89
Pre-training MLP for 500 epochs to generate co-occurrence matrix...
MLP pre-training complete. Penalty matrix frozen.
Epoch: 00, Loss: 1.7226, Train: 15.26%, Valid: 15.99%, Test: 14.92%, Best Valid: 15.99%, Best Test: 14.92%
Epoch: 100, Loss: 0.1731, Train: 98.96%, Valid: 34.63%, Test: 40.31%, Best Valid: 42.70%, Best Test: 43.21%
Epoch: 200, Loss: 0.1078, Train: 99.43%, Valid: 35.19%, Test: 40.09%, Best Valid: 42.70%, Best Test: 43.21%
Epoch: 300, Loss: 0.1230, Train: 99.43%, Valid: 34.63%, Test: 37.42%, Best Valid: 42.70%, Best Test: 43.21%
Epoch: 400, Loss: 0.1375, Train: 99.43%, Valid: 35.19%, Test: 35.41%, Best Valid: 42.70%, Best Test: 43.21%
Run 05:
Highest Train: 99.81
Highest Valid: 42.70
Highest Test: 43.88
Chosen epoch: 21
Final Train: 54.69
Final Test: 43.21
Pre-training MLP for 500 epochs to generate co-occurrence matrix...
MLP pre-training complete. Penalty matrix frozen.
Epoch: 00, Loss: 1.8506, Train: 19.87%, Valid: 20.41%, Test: 19.34%, Best Valid: 20.41%, Best Test: 19.34%
Epoch: 100, Loss: 0.1818, Train: 99.26%, Valid: 33.14%, Test: 37.58%, Best Valid: 42.11%, Best Test: 42.64%
Epoch: 200, Loss: 0.0899, Train: 99.54%, Valid: 36.03%, Test: 36.92%, Best Valid: 42.11%, Best Test: 42.64%
Epoch: 300, Loss: 0.1581, Train: 99.44%, Valid: 34.88%, Test: 38.68%, Best Valid: 42.11%, Best Test: 42.64%
Epoch: 400, Loss: 0.1229, Train: 99.63%, Valid: 36.47%, Test: 36.04%, Best Valid: 42.11%, Best Test: 42.64%
Run 06:
Highest Train: 99.72
Highest Valid: 42.11
Highest Test: 45.27
Chosen epoch: 18
Final Train: 51.16
Final Test: 42.64
Pre-training MLP for 500 epochs to generate co-occurrence matrix...
MLP pre-training complete. Penalty matrix frozen.
Epoch: 00, Loss: 1.8156, Train: 18.62%, Valid: 19.65%, Test: 22.20%, Best Valid: 19.65%, Best Test: 22.20%
Epoch: 100, Loss: 0.2037, Train: 98.89%, Valid: 37.72%, Test: 35.87%, Best Valid: 46.97%, Best Test: 43.50%
Epoch: 200, Loss: 0.1210, Train: 100.00%, Valid: 36.27%, Test: 33.63%, Best Valid: 46.97%, Best Test: 43.50%
Epoch: 300, Loss: 0.1273, Train: 99.91%, Valid: 35.55%, Test: 35.43%, Best Valid: 46.97%, Best Test: 43.50%
Epoch: 400, Loss: 0.1476, Train: 100.00%, Valid: 37.72%, Test: 33.18%, Best Valid: 46.97%, Best Test: 43.50%
Run 07:
Highest Train: 100.00
Highest Valid: 46.97
Highest Test: 44.17
Chosen epoch: 21
Final Train: 54.01
Final Test: 43.50
Pre-training MLP for 500 epochs to generate co-occurrence matrix...
MLP pre-training complete. Penalty matrix frozen.
Epoch: 00, Loss: 1.7830, Train: 11.61%, Valid: 10.01%, Test: 8.55%, Best Valid: 10.01%, Best Test: 8.55%
Epoch: 100, Loss: 0.2291, Train: 97.72%, Valid: 35.05%, Test: 36.49%, Best Valid: 44.11%, Best Test: 42.96%
Epoch: 200, Loss: 0.1527, Train: 99.33%, Valid: 36.40%, Test: 33.95%, Best Valid: 44.11%, Best Test: 42.96%
Epoch: 300, Loss: 0.1320, Train: 99.52%, Valid: 36.13%, Test: 35.57%, Best Valid: 44.11%, Best Test: 42.96%
Epoch: 400, Loss: 0.1297, Train: 99.71%, Valid: 35.99%, Test: 38.57%, Best Valid: 44.11%, Best Test: 42.96%
Run 08:
Highest Train: 99.81
Highest Valid: 44.11
Highest Test: 42.96
Chosen epoch: 34
Final Train: 54.42
Final Test: 42.96
Pre-training MLP for 500 epochs to generate co-occurrence matrix...
MLP pre-training complete. Penalty matrix frozen.
Epoch: 00, Loss: 1.7634, Train: 13.63%, Valid: 16.79%, Test: 16.36%, Best Valid: 16.79%, Best Test: 16.36%
Epoch: 100, Loss: 0.1931, Train: 99.33%, Valid: 35.89%, Test: 35.82%, Best Valid: 44.28%, Best Test: 44.72%
Epoch: 200, Loss: 0.1520, Train: 99.90%, Valid: 36.61%, Test: 36.65%, Best Valid: 44.28%, Best Test: 44.72%
Epoch: 300, Loss: 0.1331, Train: 99.90%, Valid: 35.75%, Test: 35.82%, Best Valid: 44.28%, Best Test: 44.72%
Epoch: 400, Loss: 0.0937, Train: 99.90%, Valid: 36.90%, Test: 37.27%, Best Valid: 44.28%, Best Test: 44.72%
Run 09:
Highest Train: 100.00
Highest Valid: 44.28
Highest Test: 46.79
Chosen epoch: 22
Final Train: 50.24
Final Test: 44.72
Pre-training MLP for 500 epochs to generate co-occurrence matrix...
MLP pre-training complete. Penalty matrix frozen.
Epoch: 00, Loss: 1.7835, Train: 10.15%, Valid: 12.01%, Test: 11.06%, Best Valid: 12.01%, Best Test: 11.06%
Epoch: 100, Loss: 0.2290, Train: 98.04%, Valid: 35.06%, Test: 35.10%, Best Valid: 46.52%, Best Test: 43.99%
Epoch: 200, Loss: 0.1008, Train: 99.53%, Valid: 33.97%, Test: 32.93%, Best Valid: 46.52%, Best Test: 43.99%
Epoch: 300, Loss: 0.1155, Train: 99.81%, Valid: 33.42%, Test: 35.82%, Best Valid: 46.52%, Best Test: 43.99%
Epoch: 400, Loss: 0.1303, Train: 99.53%, Valid: 36.43%, Test: 34.13%, Best Valid: 46.52%, Best Test: 43.99%
Run 10:
Highest Train: 99.81
Highest Valid: 46.52
Highest Test: 45.91
Chosen epoch: 18
Final Train: 50.84
Final Test: 43.99
All runs:
Highest Train: 99.87 ± 0.10
Highest Test: 45.95 ± 1.82
Highest Valid: 44.95 ± 1.81
  Final Train: 52.54 ± 2.06
   Final Test: 44.13 ± 1.09
Saving results to results/squirrel/MPNN_gcn.csv

Running with Pre-trained MLP Regularization (lambda=0.001)...
Namespace(bn=True, cpu=False, data_dir='./data/', dataset='squirrel', device=0, display_step=100, dropout=0.7, epochs=500, gnn='gcn', hidden_channels=256, jk=False, label_num_per_class=20, lambda_val=0.001, ln=False, local_layers=4, lr=0.01, metric='acc', mlp_epochs=500, mlp_reg=True, model='MPNN', model_dir='./model/', num_heads=1, pre_linear=False, pre_ln=False, rand_split=False, rand_split_class=False, reg_start_epoch=10, reg_update_freq=5, res=True, runs=10, save_model=False, seed=42, test_num=1000, train_prop=0.5, use_reg=True, valid_num=500, valid_prop=0.25, weight_decay=0.0005)
squirrel
dataset squirrel | num nodes 2223 | num edge 46998 | num node feats 2089 | num classes 5
MODEL: MPNNs(
  (h_lins): ModuleList()
  (local_convs): ModuleList(
    (0): GCNConv(2089, 256)
    (1): GCNConv(256, 256)
    (2): GCNConv(256, 256)
    (3): GCNConv(256, 256)
  )
  (lins): ModuleList(
    (0): Linear(in_features=2089, out_features=256, bias=True)
    (1): Linear(in_features=256, out_features=256, bias=True)
    (2): Linear(in_features=256, out_features=256, bias=True)
    (3): Linear(in_features=256, out_features=256, bias=True)
  )
  (lns): ModuleList(
    (0): LayerNorm((256,), eps=1e-05, elementwise_affine=True)
    (1): LayerNorm((256,), eps=1e-05, elementwise_affine=True)
    (2): LayerNorm((256,), eps=1e-05, elementwise_affine=True)
    (3): LayerNorm((256,), eps=1e-05, elementwise_affine=True)
  )
  (bns): ModuleList(
    (0): BatchNorm1d(256, eps=1e-05, momentum=0.1, affine=True, track_running_stats=True)
    (1): BatchNorm1d(256, eps=1e-05, momentum=0.1, affine=True, track_running_stats=True)
    (2): BatchNorm1d(256, eps=1e-05, momentum=0.1, affine=True, track_running_stats=True)
    (3): BatchNorm1d(256, eps=1e-05, momentum=0.1, affine=True, track_running_stats=True)
  )
  (lin_in): Linear(in_features=2089, out_features=256, bias=True)
  (pred_local): Linear(in_features=256, out_features=5, bias=True)
)
Pre-training MLP for 500 epochs to generate co-occurrence matrix...
MLP pre-training complete. Penalty matrix frozen.
Epoch: 00, Loss: 1.7496, Train: 17.95%, Valid: 19.22%, Test: 19.03%, Best Valid: 19.22%, Best Test: 19.03%
Epoch: 100, Loss: 0.2129, Train: 98.96%, Valid: 34.54%, Test: 37.17%, Best Valid: 45.26%, Best Test: 43.14%
Epoch: 200, Loss: 0.1171, Train: 99.34%, Valid: 33.98%, Test: 36.73%, Best Valid: 45.26%, Best Test: 43.14%
Epoch: 300, Loss: 0.1002, Train: 99.62%, Valid: 33.01%, Test: 34.73%, Best Valid: 45.26%, Best Test: 43.14%
Epoch: 400, Loss: 0.1332, Train: 99.62%, Valid: 32.87%, Test: 34.96%, Best Valid: 45.26%, Best Test: 43.14%
Run 01:
Highest Train: 99.81
Highest Valid: 45.26
Highest Test: 47.12
Chosen epoch: 28
Final Train: 52.99
Final Test: 43.14
Pre-training MLP for 500 epochs to generate co-occurrence matrix...
MLP pre-training complete. Penalty matrix frozen.
Epoch: 00, Loss: 1.8559, Train: 10.74%, Valid: 9.86%, Test: 10.84%, Best Valid: 9.86%, Best Test: 10.84%
Epoch: 100, Loss: 0.1680, Train: 99.26%, Valid: 35.29%, Test: 38.60%, Best Valid: 47.57%, Best Test: 44.47%
Epoch: 200, Loss: 0.1089, Train: 99.44%, Valid: 35.71%, Test: 39.95%, Best Valid: 47.57%, Best Test: 44.47%
Epoch: 300, Loss: 0.1250, Train: 99.72%, Valid: 35.71%, Test: 38.37%, Best Valid: 47.57%, Best Test: 44.47%
Epoch: 400, Loss: 0.1393, Train: 99.72%, Valid: 32.57%, Test: 36.79%, Best Valid: 47.57%, Best Test: 44.47%
Run 02:
Highest Train: 99.81
Highest Valid: 47.57
Highest Test: 47.18
Chosen epoch: 24
Final Train: 50.09
Final Test: 44.47
Pre-training MLP for 500 epochs to generate co-occurrence matrix...
MLP pre-training complete. Penalty matrix frozen.
Epoch: 00, Loss: 1.8206, Train: 10.70%, Valid: 12.95%, Test: 10.89%, Best Valid: 12.95%, Best Test: 10.89%
Epoch: 100, Loss: 0.2191, Train: 99.04%, Valid: 38.02%, Test: 37.56%, Best Valid: 44.35%, Best Test: 46.44%
Epoch: 200, Loss: 0.1280, Train: 99.62%, Valid: 37.19%, Test: 36.44%, Best Valid: 44.35%, Best Test: 46.44%
Epoch: 300, Loss: 0.1255, Train: 99.33%, Valid: 37.19%, Test: 35.78%, Best Valid: 44.35%, Best Test: 46.44%
Epoch: 400, Loss: 0.1459, Train: 99.62%, Valid: 36.78%, Test: 36.89%, Best Valid: 44.35%, Best Test: 46.44%
Run 03:
Highest Train: 99.90
Highest Valid: 44.35
Highest Test: 48.22
Chosen epoch: 27
Final Train: 54.82
Final Test: 46.44
Pre-training MLP for 500 epochs to generate co-occurrence matrix...
MLP pre-training complete. Penalty matrix frozen.
Epoch: 00, Loss: 1.8898, Train: 14.34%, Valid: 17.95%, Test: 16.22%, Best Valid: 17.95%, Best Test: 16.22%
Epoch: 100, Loss: 0.2250, Train: 99.43%, Valid: 35.90%, Test: 37.78%, Best Valid: 45.30%, Best Test: 46.22%
Epoch: 200, Loss: 0.1144, Train: 99.43%, Valid: 36.47%, Test: 38.44%, Best Valid: 45.30%, Best Test: 46.22%
Epoch: 300, Loss: 0.1192, Train: 99.53%, Valid: 35.48%, Test: 36.67%, Best Valid: 45.30%, Best Test: 46.22%
Epoch: 400, Loss: 0.1219, Train: 99.62%, Valid: 36.33%, Test: 34.67%, Best Valid: 45.30%, Best Test: 46.22%
Run 04:
Highest Train: 99.91
Highest Valid: 45.30
Highest Test: 47.78
Chosen epoch: 24
Final Train: 52.83
Final Test: 46.22
Pre-training MLP for 500 epochs to generate co-occurrence matrix...
MLP pre-training complete. Penalty matrix frozen.
Epoch: 00, Loss: 1.7242, Train: 15.36%, Valid: 16.55%, Test: 15.14%, Best Valid: 16.55%, Best Test: 15.14%
Epoch: 100, Loss: 0.1867, Train: 99.43%, Valid: 34.77%, Test: 38.53%, Best Valid: 42.00%, Best Test: 42.54%
Epoch: 200, Loss: 0.1197, Train: 99.43%, Valid: 33.10%, Test: 38.98%, Best Valid: 42.00%, Best Test: 42.54%
Epoch: 300, Loss: 0.1461, Train: 99.43%, Valid: 34.49%, Test: 37.42%, Best Valid: 42.00%, Best Test: 42.54%
Epoch: 400, Loss: 0.1034, Train: 99.62%, Valid: 34.91%, Test: 37.19%, Best Valid: 42.00%, Best Test: 42.54%
Run 05:
Highest Train: 99.81
Highest Valid: 42.00
Highest Test: 43.43
Chosen epoch: 23
Final Train: 56.21
Final Test: 42.54
Pre-training MLP for 500 epochs to generate co-occurrence matrix...
MLP pre-training complete. Penalty matrix frozen.
Epoch: 00, Loss: 1.8522, Train: 19.87%, Valid: 20.41%, Test: 19.56%, Best Valid: 20.41%, Best Test: 19.56%
Epoch: 100, Loss: 0.1973, Train: 98.89%, Valid: 35.89%, Test: 35.16%, Best Valid: 42.11%, Best Test: 43.52%
Epoch: 200, Loss: 0.1471, Train: 99.54%, Valid: 36.76%, Test: 34.29%, Best Valid: 42.11%, Best Test: 43.52%
Epoch: 300, Loss: 0.1566, Train: 99.63%, Valid: 33.29%, Test: 35.82%, Best Valid: 42.11%, Best Test: 43.52%
Epoch: 400, Loss: 0.1432, Train: 99.63%, Valid: 36.18%, Test: 40.00%, Best Valid: 42.11%, Best Test: 43.52%
Run 06:
Highest Train: 99.72
Highest Valid: 42.11
Highest Test: 44.18
Chosen epoch: 21
Final Train: 51.62
Final Test: 43.52
Pre-training MLP for 500 epochs to generate co-occurrence matrix...
MLP pre-training complete. Penalty matrix frozen.
Epoch: 00, Loss: 1.8172, Train: 18.62%, Valid: 19.65%, Test: 22.87%, Best Valid: 19.65%, Best Test: 22.87%
Epoch: 100, Loss: 0.1855, Train: 97.79%, Valid: 36.42%, Test: 35.65%, Best Valid: 46.24%, Best Test: 43.50%
Epoch: 200, Loss: 0.0786, Train: 99.91%, Valid: 36.56%, Test: 33.18%, Best Valid: 46.24%, Best Test: 43.50%
Epoch: 300, Loss: 0.1264, Train: 99.91%, Valid: 36.13%, Test: 33.41%, Best Valid: 46.24%, Best Test: 43.50%
Epoch: 400, Loss: 0.1111, Train: 99.91%, Valid: 37.28%, Test: 35.65%, Best Valid: 46.24%, Best Test: 43.50%
Run 07:
Highest Train: 100.00
Highest Valid: 46.24
Highest Test: 44.39
Chosen epoch: 22
Final Train: 53.27
Final Test: 43.50
Pre-training MLP for 500 epochs to generate co-occurrence matrix...
MLP pre-training complete. Penalty matrix frozen.
Epoch: 00, Loss: 1.7846, Train: 11.61%, Valid: 10.01%, Test: 8.55%, Best Valid: 10.01%, Best Test: 8.55%
Epoch: 100, Loss: 0.2395, Train: 98.48%, Valid: 35.72%, Test: 37.88%, Best Valid: 44.65%, Best Test: 41.11%
Epoch: 200, Loss: 0.1374, Train: 99.33%, Valid: 37.08%, Test: 37.64%, Best Valid: 44.65%, Best Test: 41.11%
Epoch: 300, Loss: 0.1314, Train: 99.62%, Valid: 36.81%, Test: 37.88%, Best Valid: 44.65%, Best Test: 41.11%
Epoch: 400, Loss: 0.1659, Train: 99.43%, Valid: 35.72%, Test: 35.10%, Best Valid: 44.65%, Best Test: 41.11%
Run 08:
Highest Train: 99.81
Highest Valid: 44.65
Highest Test: 42.73
Chosen epoch: 24
Final Train: 51.95
Final Test: 41.11
Pre-training MLP for 500 epochs to generate co-occurrence matrix...
MLP pre-training complete. Penalty matrix frozen.
Epoch: 00, Loss: 1.7650, Train: 13.63%, Valid: 16.79%, Test: 16.36%, Best Valid: 16.79%, Best Test: 16.36%
Epoch: 100, Loss: 0.2030, Train: 99.05%, Valid: 37.34%, Test: 35.20%, Best Valid: 44.14%, Best Test: 45.34%
Epoch: 200, Loss: 0.1227, Train: 99.81%, Valid: 36.61%, Test: 36.44%, Best Valid: 44.14%, Best Test: 45.34%
Epoch: 300, Loss: 0.1113, Train: 99.90%, Valid: 36.61%, Test: 33.13%, Best Valid: 44.14%, Best Test: 45.34%
Epoch: 400, Loss: 0.1044, Train: 99.90%, Valid: 36.47%, Test: 36.65%, Best Valid: 44.14%, Best Test: 45.34%
Run 09:
Highest Train: 100.00
Highest Valid: 44.14
Highest Test: 46.79
Chosen epoch: 18
Final Train: 50.14
Final Test: 45.34
Pre-training MLP for 500 epochs to generate co-occurrence matrix...
MLP pre-training complete. Penalty matrix frozen.
Epoch: 00, Loss: 1.7851, Train: 10.15%, Valid: 12.01%, Test: 10.82%, Best Valid: 12.01%, Best Test: 10.82%
Epoch: 100, Loss: 0.2366, Train: 99.07%, Valid: 34.52%, Test: 36.30%, Best Valid: 46.11%, Best Test: 43.27%
Epoch: 200, Loss: 0.1197, Train: 99.44%, Valid: 36.70%, Test: 34.38%, Best Valid: 46.11%, Best Test: 43.27%
Epoch: 300, Loss: 0.1216, Train: 99.72%, Valid: 34.92%, Test: 34.38%, Best Valid: 46.11%, Best Test: 43.27%
Epoch: 400, Loss: 0.1176, Train: 99.53%, Valid: 38.34%, Test: 36.54%, Best Valid: 46.11%, Best Test: 43.27%
Run 10:
Highest Train: 99.81
Highest Valid: 46.11
Highest Test: 47.36
Chosen epoch: 19
Final Train: 51.68
Final Test: 43.27
All runs:
Highest Train: 99.86 ± 0.09
Highest Test: 45.92 ± 2.01
Highest Valid: 44.78 ± 1.75
  Final Train: 52.56 ± 1.92
   Final Test: 43.96 ± 1.67
Saving results to results/squirrel/MPNN_gcn.csv

Running with Pre-trained MLP Regularization (lambda=0.005)...
Namespace(bn=True, cpu=False, data_dir='./data/', dataset='squirrel', device=0, display_step=100, dropout=0.7, epochs=500, gnn='gcn', hidden_channels=256, jk=False, label_num_per_class=20, lambda_val=0.005, ln=False, local_layers=4, lr=0.01, metric='acc', mlp_epochs=500, mlp_reg=True, model='MPNN', model_dir='./model/', num_heads=1, pre_linear=False, pre_ln=False, rand_split=False, rand_split_class=False, reg_start_epoch=10, reg_update_freq=5, res=True, runs=10, save_model=False, seed=42, test_num=1000, train_prop=0.5, use_reg=True, valid_num=500, valid_prop=0.25, weight_decay=0.0005)
squirrel
dataset squirrel | num nodes 2223 | num edge 46998 | num node feats 2089 | num classes 5
MODEL: MPNNs(
  (h_lins): ModuleList()
  (local_convs): ModuleList(
    (0): GCNConv(2089, 256)
    (1): GCNConv(256, 256)
    (2): GCNConv(256, 256)
    (3): GCNConv(256, 256)
  )
  (lins): ModuleList(
    (0): Linear(in_features=2089, out_features=256, bias=True)
    (1): Linear(in_features=256, out_features=256, bias=True)
    (2): Linear(in_features=256, out_features=256, bias=True)
    (3): Linear(in_features=256, out_features=256, bias=True)
  )
  (lns): ModuleList(
    (0): LayerNorm((256,), eps=1e-05, elementwise_affine=True)
    (1): LayerNorm((256,), eps=1e-05, elementwise_affine=True)
    (2): LayerNorm((256,), eps=1e-05, elementwise_affine=True)
    (3): LayerNorm((256,), eps=1e-05, elementwise_affine=True)
  )
  (bns): ModuleList(
    (0): BatchNorm1d(256, eps=1e-05, momentum=0.1, affine=True, track_running_stats=True)
    (1): BatchNorm1d(256, eps=1e-05, momentum=0.1, affine=True, track_running_stats=True)
    (2): BatchNorm1d(256, eps=1e-05, momentum=0.1, affine=True, track_running_stats=True)
    (3): BatchNorm1d(256, eps=1e-05, momentum=0.1, affine=True, track_running_stats=True)
  )
  (lin_in): Linear(in_features=2089, out_features=256, bias=True)
  (pred_local): Linear(in_features=256, out_features=5, bias=True)
)
Pre-training MLP for 500 epochs to generate co-occurrence matrix...
MLP pre-training complete. Penalty matrix frozen.
Epoch: 00, Loss: 1.7566, Train: 17.95%, Valid: 19.22%, Test: 19.03%, Best Valid: 19.22%, Best Test: 19.03%
Epoch: 100, Loss: 0.2038, Train: 98.77%, Valid: 34.40%, Test: 38.05%, Best Valid: 44.85%, Best Test: 43.36%
Epoch: 200, Loss: 0.1470, Train: 99.43%, Valid: 32.45%, Test: 38.05%, Best Valid: 44.85%, Best Test: 43.36%
Epoch: 300, Loss: 0.1150, Train: 99.62%, Valid: 34.82%, Test: 36.73%, Best Valid: 44.85%, Best Test: 43.36%
Epoch: 400, Loss: 0.1332, Train: 99.72%, Valid: 35.79%, Test: 37.39%, Best Valid: 44.85%, Best Test: 43.36%
Run 01:
Highest Train: 99.81
Highest Valid: 44.85
Highest Test: 46.90
Chosen epoch: 25
Final Train: 53.47
Final Test: 43.36
Pre-training MLP for 500 epochs to generate co-occurrence matrix...
MLP pre-training complete. Penalty matrix frozen.
Epoch: 00, Loss: 1.8633, Train: 10.74%, Valid: 9.86%, Test: 10.84%, Best Valid: 9.86%, Best Test: 10.84%
Epoch: 100, Loss: 0.1673, Train: 99.26%, Valid: 35.14%, Test: 39.50%, Best Valid: 46.29%, Best Test: 42.66%
Epoch: 200, Loss: 0.1373, Train: 99.54%, Valid: 38.14%, Test: 40.41%, Best Valid: 46.29%, Best Test: 42.66%
Epoch: 300, Loss: 0.1287, Train: 99.63%, Valid: 37.29%, Test: 37.02%, Best Valid: 46.29%, Best Test: 42.66%
Epoch: 400, Loss: 0.1250, Train: 99.72%, Valid: 35.71%, Test: 34.31%, Best Valid: 46.29%, Best Test: 42.66%
Run 02:
Highest Train: 99.81
Highest Valid: 46.29
Highest Test: 46.73
Chosen epoch: 23
Final Train: 50.83
Final Test: 42.66
Pre-training MLP for 500 epochs to generate co-occurrence matrix...
MLP pre-training complete. Penalty matrix frozen.
Epoch: 00, Loss: 1.8279, Train: 10.70%, Valid: 12.95%, Test: 10.89%, Best Valid: 12.95%, Best Test: 10.89%
Epoch: 100, Loss: 0.1856, Train: 99.52%, Valid: 38.57%, Test: 39.33%, Best Valid: 44.90%, Best Test: 45.56%
Epoch: 200, Loss: 0.1377, Train: 99.43%, Valid: 36.23%, Test: 36.22%, Best Valid: 44.90%, Best Test: 45.56%
Epoch: 300, Loss: 0.1120, Train: 99.62%, Valid: 37.74%, Test: 39.56%, Best Valid: 44.90%, Best Test: 45.56%
Epoch: 400, Loss: 0.1024, Train: 99.52%, Valid: 37.05%, Test: 37.56%, Best Valid: 44.90%, Best Test: 45.56%
Run 03:
Highest Train: 99.90
Highest Valid: 44.90
Highest Test: 49.11
Chosen epoch: 18
Final Train: 50.81
Final Test: 45.56
Pre-training MLP for 500 epochs to generate co-occurrence matrix...
MLP pre-training complete. Penalty matrix frozen.
Epoch: 00, Loss: 1.8974, Train: 14.34%, Valid: 18.09%, Test: 16.22%, Best Valid: 18.09%, Best Test: 16.22%
Epoch: 100, Loss: 0.2046, Train: 99.15%, Valid: 36.04%, Test: 35.78%, Best Valid: 44.88%, Best Test: 47.78%
Epoch: 200, Loss: 0.1470, Train: 99.72%, Valid: 36.75%, Test: 36.89%, Best Valid: 44.88%, Best Test: 47.78%
Epoch: 300, Loss: 0.1537, Train: 99.62%, Valid: 35.90%, Test: 38.00%, Best Valid: 44.88%, Best Test: 47.78%
Epoch: 400, Loss: 0.1199, Train: 99.72%, Valid: 35.76%, Test: 34.44%, Best Valid: 44.88%, Best Test: 47.78%
Run 04:
Highest Train: 99.91
Highest Valid: 44.88
Highest Test: 48.44
Chosen epoch: 19
Final Train: 50.75
Final Test: 47.78
Pre-training MLP for 500 epochs to generate co-occurrence matrix...
MLP pre-training complete. Penalty matrix frozen.
Epoch: 00, Loss: 1.7310, Train: 15.83%, Valid: 16.69%, Test: 14.70%, Best Valid: 16.69%, Best Test: 14.70%
Epoch: 100, Loss: 0.1839, Train: 99.34%, Valid: 33.66%, Test: 38.98%, Best Valid: 42.00%, Best Test: 43.88%
Epoch: 200, Loss: 0.1277, Train: 99.53%, Valid: 35.33%, Test: 37.42%, Best Valid: 42.00%, Best Test: 43.88%
Epoch: 300, Loss: 0.1149, Train: 99.34%, Valid: 33.66%, Test: 36.75%, Best Valid: 42.00%, Best Test: 43.88%
Epoch: 400, Loss: 0.1203, Train: 99.53%, Valid: 32.96%, Test: 35.63%, Best Valid: 42.00%, Best Test: 43.88%
Run 05:
Highest Train: 99.81
Highest Valid: 42.00
Highest Test: 43.88
Chosen epoch: 20
Final Train: 55.64
Final Test: 43.88
Pre-training MLP for 500 epochs to generate co-occurrence matrix...
MLP pre-training complete. Penalty matrix frozen.
Epoch: 00, Loss: 1.8596, Train: 19.87%, Valid: 20.41%, Test: 19.56%, Best Valid: 20.41%, Best Test: 19.56%
Epoch: 100, Loss: 0.1715, Train: 98.70%, Valid: 33.72%, Test: 35.60%, Best Valid: 41.68%, Best Test: 44.84%
Epoch: 200, Loss: 0.1085, Train: 99.63%, Valid: 35.31%, Test: 36.48%, Best Valid: 41.68%, Best Test: 44.84%
Epoch: 300, Loss: 0.1382, Train: 99.63%, Valid: 36.03%, Test: 36.04%, Best Valid: 41.68%, Best Test: 44.84%
Epoch: 400, Loss: 0.1175, Train: 99.63%, Valid: 37.19%, Test: 36.26%, Best Valid: 41.68%, Best Test: 44.84%
Run 06:
Highest Train: 99.72
Highest Valid: 41.68
Highest Test: 46.59
Chosen epoch: 21
Final Train: 52.55
Final Test: 44.84
Pre-training MLP for 500 epochs to generate co-occurrence matrix...
MLP pre-training complete. Penalty matrix frozen.
Epoch: 00, Loss: 1.8245, Train: 18.62%, Valid: 19.65%, Test: 22.65%, Best Valid: 19.65%, Best Test: 22.65%
Epoch: 100, Loss: 0.2243, Train: 99.08%, Valid: 36.56%, Test: 33.18%, Best Valid: 45.81%, Best Test: 43.95%
Epoch: 200, Loss: 0.1060, Train: 99.72%, Valid: 34.97%, Test: 34.30%, Best Valid: 45.81%, Best Test: 43.95%
Epoch: 300, Loss: 0.1132, Train: 100.00%, Valid: 38.15%, Test: 33.18%, Best Valid: 45.81%, Best Test: 43.95%
Epoch: 400, Loss: 0.1568, Train: 100.00%, Valid: 36.13%, Test: 35.65%, Best Valid: 45.81%, Best Test: 43.95%
Run 07:
Highest Train: 100.00
Highest Valid: 45.81
Highest Test: 45.07
Chosen epoch: 21
Final Train: 53.09
Final Test: 43.95
Pre-training MLP for 500 epochs to generate co-occurrence matrix...
MLP pre-training complete. Penalty matrix frozen.
Epoch: 00, Loss: 1.7917, Train: 11.61%, Valid: 10.01%, Test: 8.55%, Best Valid: 10.01%, Best Test: 8.55%
Epoch: 100, Loss: 0.2402, Train: 98.29%, Valid: 36.13%, Test: 37.64%, Best Valid: 44.25%, Best Test: 42.26%
Epoch: 200, Loss: 0.1554, Train: 99.52%, Valid: 35.86%, Test: 36.03%, Best Valid: 44.25%, Best Test: 42.26%
Epoch: 300, Loss: 0.1281, Train: 99.52%, Valid: 36.40%, Test: 38.57%, Best Valid: 44.25%, Best Test: 42.26%
Epoch: 400, Loss: 0.1046, Train: 99.52%, Valid: 34.24%, Test: 36.26%, Best Valid: 44.25%, Best Test: 42.26%
Run 08:
Highest Train: 99.81
Highest Valid: 44.25
Highest Test: 43.19
Chosen epoch: 24
Final Train: 52.90
Final Test: 42.26
Pre-training MLP for 500 epochs to generate co-occurrence matrix...
MLP pre-training complete. Penalty matrix frozen.
Epoch: 00, Loss: 1.7720, Train: 13.63%, Valid: 16.93%, Test: 15.94%, Best Valid: 16.93%, Best Test: 15.94%
Epoch: 100, Loss: 0.2252, Train: 99.14%, Valid: 34.59%, Test: 35.20%, Best Valid: 43.42%, Best Test: 45.76%
Epoch: 200, Loss: 0.1264, Train: 99.90%, Valid: 38.49%, Test: 34.78%, Best Valid: 43.42%, Best Test: 45.76%
Epoch: 300, Loss: 0.1214, Train: 99.90%, Valid: 38.78%, Test: 36.44%, Best Valid: 43.42%, Best Test: 45.76%
Epoch: 400, Loss: 0.0877, Train: 99.90%, Valid: 38.21%, Test: 36.02%, Best Valid: 43.42%, Best Test: 45.76%
Run 09:
Highest Train: 99.90
Highest Valid: 43.42
Highest Test: 45.96
Chosen epoch: 17
Final Train: 49.95
Final Test: 45.76
Pre-training MLP for 500 epochs to generate co-occurrence matrix...
MLP pre-training complete. Penalty matrix frozen.
Epoch: 00, Loss: 1.7922, Train: 10.15%, Valid: 12.01%, Test: 11.06%, Best Valid: 12.01%, Best Test: 11.06%
Epoch: 100, Loss: 0.1945, Train: 99.35%, Valid: 35.20%, Test: 35.58%, Best Valid: 46.52%, Best Test: 42.55%
Epoch: 200, Loss: 0.1220, Train: 99.63%, Valid: 36.56%, Test: 32.69%, Best Valid: 46.52%, Best Test: 42.55%
Epoch: 300, Loss: 0.1684, Train: 99.63%, Valid: 37.52%, Test: 33.89%, Best Valid: 46.52%, Best Test: 42.55%
Epoch: 400, Loss: 0.1238, Train: 99.63%, Valid: 35.88%, Test: 33.41%, Best Valid: 46.52%, Best Test: 42.55%
Run 10:
Highest Train: 99.81
Highest Valid: 46.52
Highest Test: 46.88
Chosen epoch: 18
Final Train: 51.77
Final Test: 42.55
All runs:
Highest Train: 99.85 ± 0.08
Highest Test: 46.27 ± 1.85
Highest Valid: 44.46 ± 1.66
  Final Train: 52.18 ± 1.70
   Final Test: 44.26 ± 1.74
Saving results to results/squirrel/MPNN_gcn.csv

Small lambda sweep completed!
==========================================================
Starting Small Lambda MLP-Reg Sweep for:
python main.py --gnn sage --dataset squirrel --lr 0.01  --local_layers 3 --hidden_channels 256 --weight_decay 5e-4 --dropout 0.7 --device 0 --runs 10 --bn --res
==========================================================

Running with Pre-trained MLP Regularization (lambda=1e-4)...
Namespace(bn=True, cpu=False, data_dir='./data/', dataset='squirrel', device=0, display_step=100, dropout=0.7, epochs=500, gnn='sage', hidden_channels=256, jk=False, label_num_per_class=20, lambda_val=0.0001, ln=False, local_layers=3, lr=0.01, metric='acc', mlp_epochs=500, mlp_reg=True, model='MPNN', model_dir='./model/', num_heads=1, pre_linear=False, pre_ln=False, rand_split=False, rand_split_class=False, reg_start_epoch=10, reg_update_freq=5, res=True, runs=10, save_model=False, seed=42, test_num=1000, train_prop=0.5, use_reg=True, valid_num=500, valid_prop=0.25, weight_decay=0.0005)
squirrel
dataset squirrel | num nodes 2223 | num edge 46998 | num node feats 2089 | num classes 5
MODEL: MPNNs(
  (h_lins): ModuleList()
  (local_convs): ModuleList(
    (0): SAGEConv(2089, 256, aggr=mean)
    (1): SAGEConv(256, 256, aggr=mean)
    (2): SAGEConv(256, 256, aggr=mean)
  )
  (lins): ModuleList(
    (0): Linear(in_features=2089, out_features=256, bias=True)
    (1): Linear(in_features=256, out_features=256, bias=True)
    (2): Linear(in_features=256, out_features=256, bias=True)
  )
  (lns): ModuleList(
    (0): LayerNorm((256,), eps=1e-05, elementwise_affine=True)
    (1): LayerNorm((256,), eps=1e-05, elementwise_affine=True)
    (2): LayerNorm((256,), eps=1e-05, elementwise_affine=True)
  )
  (bns): ModuleList(
    (0): BatchNorm1d(256, eps=1e-05, momentum=0.1, affine=True, track_running_stats=True)
    (1): BatchNorm1d(256, eps=1e-05, momentum=0.1, affine=True, track_running_stats=True)
    (2): BatchNorm1d(256, eps=1e-05, momentum=0.1, affine=True, track_running_stats=True)
  )
  (lin_in): Linear(in_features=2089, out_features=256, bias=True)
  (pred_local): Linear(in_features=256, out_features=5, bias=True)
)
Pre-training MLP for 500 epochs to generate co-occurrence matrix...
MLP pre-training complete. Penalty matrix frozen.
Epoch: 00, Loss: 1.8079, Train: 15.48%, Valid: 13.51%, Test: 13.50%, Best Valid: 13.51%, Best Test: 13.50%
Epoch: 100, Loss: 0.1248, Train: 99.43%, Valid: 34.68%, Test: 35.84%, Best Valid: 42.34%, Best Test: 40.04%
Epoch: 200, Loss: 0.1123, Train: 99.43%, Valid: 33.57%, Test: 32.96%, Best Valid: 42.34%, Best Test: 40.04%
Epoch: 300, Loss: 0.1237, Train: 99.43%, Valid: 33.01%, Test: 32.96%, Best Valid: 42.34%, Best Test: 40.04%
Epoch: 400, Loss: 0.1452, Train: 99.53%, Valid: 29.81%, Test: 32.30%, Best Valid: 42.34%, Best Test: 40.04%
Run 01:
Highest Train: 99.62
Highest Valid: 42.34
Highest Test: 40.49
Chosen epoch: 12
Final Train: 58.78
Final Test: 40.04
Pre-training MLP for 500 epochs to generate co-occurrence matrix...
MLP pre-training complete. Penalty matrix frozen.
Epoch: 00, Loss: 1.8142, Train: 19.63%, Valid: 16.00%, Test: 17.61%, Best Valid: 16.00%, Best Test: 17.61%
Epoch: 100, Loss: 0.1395, Train: 99.54%, Valid: 30.29%, Test: 35.67%, Best Valid: 39.71%, Best Test: 39.73%
Epoch: 200, Loss: 0.1512, Train: 99.72%, Valid: 33.14%, Test: 33.63%, Best Valid: 39.71%, Best Test: 39.73%
Epoch: 300, Loss: 0.1065, Train: 99.63%, Valid: 33.57%, Test: 32.96%, Best Valid: 39.71%, Best Test: 39.73%
Epoch: 400, Loss: 0.1267, Train: 99.63%, Valid: 32.00%, Test: 33.18%, Best Valid: 39.71%, Best Test: 39.73%
Run 02:
Highest Train: 99.72
Highest Valid: 39.71
Highest Test: 41.53
Chosen epoch: 16
Final Train: 67.13
Final Test: 39.73
Pre-training MLP for 500 epochs to generate co-occurrence matrix...
MLP pre-training complete. Penalty matrix frozen.
Epoch: 00, Loss: 1.8062, Train: 21.49%, Valid: 21.63%, Test: 20.00%, Best Valid: 21.63%, Best Test: 20.00%
Epoch: 100, Loss: 0.1649, Train: 99.33%, Valid: 34.99%, Test: 33.56%, Best Valid: 40.50%, Best Test: 40.22%
Epoch: 200, Loss: 0.1475, Train: 99.43%, Valid: 35.81%, Test: 34.67%, Best Valid: 40.50%, Best Test: 40.22%
Epoch: 300, Loss: 0.1409, Train: 99.43%, Valid: 35.67%, Test: 35.33%, Best Valid: 40.50%, Best Test: 40.22%
Epoch: 400, Loss: 0.1087, Train: 99.43%, Valid: 35.67%, Test: 35.56%, Best Valid: 40.50%, Best Test: 40.22%
Run 03:
Highest Train: 99.62
Highest Valid: 40.50
Highest Test: 42.00
Chosen epoch: 8
Final Train: 47.28
Final Test: 40.22
Pre-training MLP for 500 epochs to generate co-occurrence matrix...
MLP pre-training complete. Penalty matrix frozen.
Epoch: 00, Loss: 1.8134, Train: 18.11%, Valid: 18.79%, Test: 15.78%, Best Valid: 18.79%, Best Test: 15.78%
Epoch: 100, Loss: 0.1535, Train: 99.43%, Valid: 32.54%, Test: 33.33%, Best Valid: 40.67%, Best Test: 41.11%
Epoch: 200, Loss: 0.1373, Train: 99.53%, Valid: 31.28%, Test: 32.00%, Best Valid: 40.67%, Best Test: 41.11%
Epoch: 300, Loss: 0.1382, Train: 99.43%, Valid: 32.40%, Test: 32.00%, Best Valid: 40.67%, Best Test: 41.11%
Epoch: 400, Loss: 0.1234, Train: 99.34%, Valid: 33.80%, Test: 33.33%, Best Valid: 40.67%, Best Test: 41.11%
Run 04:
Highest Train: 99.72
Highest Valid: 40.67
Highest Test: 43.78
Chosen epoch: 12
Final Train: 58.02
Final Test: 41.11
Pre-training MLP for 500 epochs to generate co-occurrence matrix...
MLP pre-training complete. Penalty matrix frozen.
Epoch: 00, Loss: 1.7932, Train: 14.69%, Valid: 10.71%, Test: 12.03%, Best Valid: 10.71%, Best Test: 12.03%
Epoch: 100, Loss: 0.1612, Train: 99.34%, Valid: 30.60%, Test: 35.41%, Best Valid: 39.64%, Best Test: 39.20%
Epoch: 200, Loss: 0.1201, Train: 99.34%, Valid: 28.09%, Test: 33.18%, Best Valid: 39.64%, Best Test: 39.20%
Epoch: 300, Loss: 0.1389, Train: 99.34%, Valid: 30.04%, Test: 34.08%, Best Valid: 39.64%, Best Test: 39.20%
Epoch: 400, Loss: 0.1071, Train: 99.43%, Valid: 30.04%, Test: 33.41%, Best Valid: 39.64%, Best Test: 39.20%
Run 05:
Highest Train: 99.53
Highest Valid: 39.64
Highest Test: 40.31
Chosen epoch: 11
Final Train: 62.27
Final Test: 39.20
Pre-training MLP for 500 epochs to generate co-occurrence matrix...
MLP pre-training complete. Penalty matrix frozen.
Epoch: 00, Loss: 1.7741, Train: 13.18%, Valid: 10.56%, Test: 13.19%, Best Valid: 10.56%, Best Test: 13.19%
Epoch: 100, Loss: 0.1334, Train: 98.98%, Valid: 31.26%, Test: 32.75%, Best Valid: 39.94%, Best Test: 39.56%
Epoch: 200, Loss: 0.1492, Train: 99.63%, Valid: 30.82%, Test: 29.89%, Best Valid: 39.94%, Best Test: 39.56%
Epoch: 300, Loss: 0.1424, Train: 99.44%, Valid: 32.27%, Test: 35.60%, Best Valid: 39.94%, Best Test: 39.56%
Epoch: 400, Loss: 0.1514, Train: 99.54%, Valid: 30.10%, Test: 34.29%, Best Valid: 39.94%, Best Test: 39.56%
Run 06:
Highest Train: 99.63
Highest Valid: 39.94
Highest Test: 41.10
Chosen epoch: 13
Final Train: 53.11
Final Test: 39.56
Pre-training MLP for 500 epochs to generate co-occurrence matrix...
MLP pre-training complete. Penalty matrix frozen.
Epoch: 00, Loss: 1.8621, Train: 16.96%, Valid: 16.04%, Test: 16.14%, Best Valid: 16.04%, Best Test: 16.14%
Epoch: 100, Loss: 0.1734, Train: 99.54%, Valid: 33.67%, Test: 29.82%, Best Valid: 42.20%, Best Test: 40.58%
Epoch: 200, Loss: 0.1131, Train: 99.63%, Valid: 34.39%, Test: 34.30%, Best Valid: 42.20%, Best Test: 40.58%
Epoch: 300, Loss: 0.1247, Train: 99.63%, Valid: 34.83%, Test: 32.51%, Best Valid: 42.20%, Best Test: 40.58%
Epoch: 400, Loss: 0.1351, Train: 99.72%, Valid: 36.42%, Test: 32.06%, Best Valid: 42.20%, Best Test: 40.58%
Run 07:
Highest Train: 99.91
Highest Valid: 42.20
Highest Test: 41.70
Chosen epoch: 11
Final Train: 59.82
Final Test: 40.58
Pre-training MLP for 500 epochs to generate co-occurrence matrix...
MLP pre-training complete. Penalty matrix frozen.
Epoch: 00, Loss: 1.8284, Train: 18.84%, Valid: 16.24%, Test: 18.24%, Best Valid: 16.24%, Best Test: 18.24%
Epoch: 100, Loss: 0.1660, Train: 99.33%, Valid: 31.12%, Test: 33.72%, Best Valid: 40.46%, Best Test: 39.03%
Epoch: 200, Loss: 0.1378, Train: 99.24%, Valid: 32.07%, Test: 33.03%, Best Valid: 40.46%, Best Test: 39.03%
Epoch: 300, Loss: 0.1538, Train: 99.43%, Valid: 30.85%, Test: 35.80%, Best Valid: 40.46%, Best Test: 39.03%
Epoch: 400, Loss: 0.1864, Train: 99.52%, Valid: 31.94%, Test: 32.79%, Best Valid: 40.46%, Best Test: 39.03%
Run 08:
Highest Train: 99.71
Highest Valid: 40.46
Highest Test: 40.18
Chosen epoch: 12
Final Train: 58.52
Final Test: 39.03
Pre-training MLP for 500 epochs to generate co-occurrence matrix...
MLP pre-training complete. Penalty matrix frozen.
Epoch: 00, Loss: 1.7616, Train: 10.10%, Valid: 10.42%, Test: 11.59%, Best Valid: 10.42%, Best Test: 11.59%
Epoch: 100, Loss: 0.1105, Train: 99.71%, Valid: 33.00%, Test: 34.99%, Best Valid: 40.09%, Best Test: 41.20%
Epoch: 200, Loss: 0.1234, Train: 99.81%, Valid: 33.00%, Test: 34.78%, Best Valid: 40.09%, Best Test: 41.20%
Epoch: 300, Loss: 0.1142, Train: 99.81%, Valid: 33.57%, Test: 32.30%, Best Valid: 40.09%, Best Test: 41.20%
Epoch: 400, Loss: 0.1240, Train: 99.81%, Valid: 33.57%, Test: 34.16%, Best Valid: 40.09%, Best Test: 41.20%
Run 09:
Highest Train: 99.90
Highest Valid: 40.09
Highest Test: 41.41
Chosen epoch: 7
Final Train: 46.43
Final Test: 41.20
Pre-training MLP for 500 epochs to generate co-occurrence matrix...
MLP pre-training complete. Penalty matrix frozen.
Epoch: 00, Loss: 1.8022, Train: 15.74%, Valid: 13.92%, Test: 16.11%, Best Valid: 13.92%, Best Test: 16.11%
Epoch: 100, Loss: 0.1471, Train: 99.44%, Valid: 31.65%, Test: 30.53%, Best Valid: 41.61%, Best Test: 35.82%
Epoch: 200, Loss: 0.1420, Train: 99.44%, Valid: 31.38%, Test: 28.12%, Best Valid: 41.61%, Best Test: 35.82%
Epoch: 300, Loss: 0.1920, Train: 99.44%, Valid: 32.88%, Test: 27.64%, Best Valid: 41.61%, Best Test: 35.82%
Epoch: 400, Loss: 0.1237, Train: 99.44%, Valid: 32.74%, Test: 29.81%, Best Valid: 41.61%, Best Test: 35.82%
Run 10:
Highest Train: 99.44
Highest Valid: 41.61
Highest Test: 38.70
Chosen epoch: 6
Final Train: 50.84
Final Test: 35.82
All runs:
Highest Train: 99.68 ± 0.15
Highest Test: 41.12 ± 1.34
Highest Valid: 40.72 ± 0.99
  Final Train: 56.22 ± 6.65
   Final Test: 39.65 ± 1.53
Saving results to results/squirrel/MPNN_sage.csv

Running with Pre-trained MLP Regularization (lambda=0.001)...
Namespace(bn=True, cpu=False, data_dir='./data/', dataset='squirrel', device=0, display_step=100, dropout=0.7, epochs=500, gnn='sage', hidden_channels=256, jk=False, label_num_per_class=20, lambda_val=0.001, ln=False, local_layers=3, lr=0.01, metric='acc', mlp_epochs=500, mlp_reg=True, model='MPNN', model_dir='./model/', num_heads=1, pre_linear=False, pre_ln=False, rand_split=False, rand_split_class=False, reg_start_epoch=10, reg_update_freq=5, res=True, runs=10, save_model=False, seed=42, test_num=1000, train_prop=0.5, use_reg=True, valid_num=500, valid_prop=0.25, weight_decay=0.0005)
squirrel
dataset squirrel | num nodes 2223 | num edge 46998 | num node feats 2089 | num classes 5
MODEL: MPNNs(
  (h_lins): ModuleList()
  (local_convs): ModuleList(
    (0): SAGEConv(2089, 256, aggr=mean)
    (1): SAGEConv(256, 256, aggr=mean)
    (2): SAGEConv(256, 256, aggr=mean)
  )
  (lins): ModuleList(
    (0): Linear(in_features=2089, out_features=256, bias=True)
    (1): Linear(in_features=256, out_features=256, bias=True)
    (2): Linear(in_features=256, out_features=256, bias=True)
  )
  (lns): ModuleList(
    (0): LayerNorm((256,), eps=1e-05, elementwise_affine=True)
    (1): LayerNorm((256,), eps=1e-05, elementwise_affine=True)
    (2): LayerNorm((256,), eps=1e-05, elementwise_affine=True)
  )
  (bns): ModuleList(
    (0): BatchNorm1d(256, eps=1e-05, momentum=0.1, affine=True, track_running_stats=True)
    (1): BatchNorm1d(256, eps=1e-05, momentum=0.1, affine=True, track_running_stats=True)
    (2): BatchNorm1d(256, eps=1e-05, momentum=0.1, affine=True, track_running_stats=True)
  )
  (lin_in): Linear(in_features=2089, out_features=256, bias=True)
  (pred_local): Linear(in_features=256, out_features=5, bias=True)
)
Pre-training MLP for 500 epochs to generate co-occurrence matrix...
MLP pre-training complete. Penalty matrix frozen.
Epoch: 00, Loss: 1.8095, Train: 15.48%, Valid: 13.51%, Test: 13.50%, Best Valid: 13.51%, Best Test: 13.50%
Epoch: 100, Loss: 0.1269, Train: 99.34%, Valid: 33.29%, Test: 35.18%, Best Valid: 41.78%, Best Test: 40.71%
Epoch: 200, Loss: 0.1448, Train: 99.43%, Valid: 34.26%, Test: 35.18%, Best Valid: 41.78%, Best Test: 40.71%
Epoch: 300, Loss: 0.1576, Train: 99.43%, Valid: 34.96%, Test: 34.73%, Best Valid: 41.78%, Best Test: 40.71%
Epoch: 400, Loss: 0.1488, Train: 99.43%, Valid: 32.59%, Test: 32.52%, Best Valid: 41.78%, Best Test: 40.71%
Run 01:
Highest Train: 99.62
Highest Valid: 41.78
Highest Test: 40.71
Chosen epoch: 11
Final Train: 54.80
Final Test: 40.71
Pre-training MLP for 500 epochs to generate co-occurrence matrix...
MLP pre-training complete. Penalty matrix frozen.
Epoch: 00, Loss: 1.8159, Train: 19.63%, Valid: 16.00%, Test: 17.61%, Best Valid: 16.00%, Best Test: 17.61%
Epoch: 100, Loss: 0.1378, Train: 99.72%, Valid: 31.00%, Test: 35.44%, Best Valid: 39.29%, Best Test: 40.86%
Epoch: 200, Loss: 0.1148, Train: 99.63%, Valid: 31.57%, Test: 34.54%, Best Valid: 39.29%, Best Test: 40.86%
Epoch: 300, Loss: 0.1141, Train: 99.72%, Valid: 30.14%, Test: 30.93%, Best Valid: 39.29%, Best Test: 40.86%
Epoch: 400, Loss: 0.1726, Train: 99.63%, Valid: 33.00%, Test: 33.18%, Best Valid: 39.29%, Best Test: 40.86%
Run 02:
Highest Train: 99.72
Highest Valid: 39.29
Highest Test: 42.21
Chosen epoch: 17
Final Train: 70.28
Final Test: 40.86
Pre-training MLP for 500 epochs to generate co-occurrence matrix...
MLP pre-training complete. Penalty matrix frozen.
Epoch: 00, Loss: 1.8078, Train: 21.59%, Valid: 21.63%, Test: 20.22%, Best Valid: 21.63%, Best Test: 20.22%
Epoch: 100, Loss: 0.1824, Train: 99.33%, Valid: 35.12%, Test: 32.89%, Best Valid: 40.08%, Best Test: 40.00%
Epoch: 200, Loss: 0.1687, Train: 99.33%, Valid: 33.61%, Test: 31.33%, Best Valid: 40.08%, Best Test: 40.00%
Epoch: 300, Loss: 0.1404, Train: 99.62%, Valid: 34.44%, Test: 33.33%, Best Valid: 40.08%, Best Test: 40.00%
Epoch: 400, Loss: 0.1507, Train: 99.52%, Valid: 33.75%, Test: 34.22%, Best Valid: 40.08%, Best Test: 40.00%
Run 03:
Highest Train: 99.71
Highest Valid: 40.08
Highest Test: 42.44
Chosen epoch: 8
Final Train: 46.70
Final Test: 40.00
Pre-training MLP for 500 epochs to generate co-occurrence matrix...
MLP pre-training complete. Penalty matrix frozen.
Epoch: 00, Loss: 1.8151, Train: 18.11%, Valid: 18.79%, Test: 15.78%, Best Valid: 18.79%, Best Test: 15.78%
Epoch: 100, Loss: 0.1456, Train: 99.34%, Valid: 31.84%, Test: 33.11%, Best Valid: 40.11%, Best Test: 40.00%
Epoch: 200, Loss: 0.1701, Train: 99.34%, Valid: 33.94%, Test: 33.78%, Best Valid: 40.11%, Best Test: 40.00%
Epoch: 300, Loss: 0.1736, Train: 99.43%, Valid: 34.92%, Test: 32.89%, Best Valid: 40.11%, Best Test: 40.00%
Epoch: 400, Loss: 0.1490, Train: 99.53%, Valid: 35.34%, Test: 33.33%, Best Valid: 40.11%, Best Test: 40.00%
Run 04:
Highest Train: 99.72
Highest Valid: 40.11
Highest Test: 43.56
Chosen epoch: 13
Final Train: 60.47
Final Test: 40.00
Pre-training MLP for 500 epochs to generate co-occurrence matrix...
MLP pre-training complete. Penalty matrix frozen.
Epoch: 00, Loss: 1.7948, Train: 14.69%, Valid: 10.71%, Test: 12.03%, Best Valid: 10.71%, Best Test: 12.03%
Epoch: 100, Loss: 0.1450, Train: 99.34%, Valid: 30.18%, Test: 32.52%, Best Valid: 39.08%, Best Test: 41.20%
Epoch: 200, Loss: 0.1318, Train: 99.34%, Valid: 29.76%, Test: 32.52%, Best Valid: 39.08%, Best Test: 41.20%
Epoch: 300, Loss: 0.1482, Train: 99.34%, Valid: 29.21%, Test: 35.86%, Best Valid: 39.08%, Best Test: 41.20%
Epoch: 400, Loss: 0.1393, Train: 99.34%, Valid: 29.49%, Test: 32.96%, Best Valid: 39.08%, Best Test: 41.20%
Run 05:
Highest Train: 99.53
Highest Valid: 39.08
Highest Test: 41.65
Chosen epoch: 9
Final Train: 59.05
Final Test: 41.20
Pre-training MLP for 500 epochs to generate co-occurrence matrix...
MLP pre-training complete. Penalty matrix frozen.
Epoch: 00, Loss: 1.7757, Train: 13.28%, Valid: 10.56%, Test: 13.19%, Best Valid: 10.56%, Best Test: 13.19%
Epoch: 100, Loss: 0.1350, Train: 99.44%, Valid: 30.54%, Test: 32.09%, Best Valid: 40.09%, Best Test: 39.12%
Epoch: 200, Loss: 0.1618, Train: 99.44%, Valid: 32.71%, Test: 33.63%, Best Valid: 40.09%, Best Test: 39.12%
Epoch: 300, Loss: 0.1659, Train: 99.44%, Valid: 32.27%, Test: 32.09%, Best Valid: 40.09%, Best Test: 39.12%
Epoch: 400, Loss: 0.1161, Train: 99.54%, Valid: 31.69%, Test: 30.33%, Best Valid: 40.09%, Best Test: 39.12%
Run 06:
Highest Train: 99.63
Highest Valid: 40.09
Highest Test: 41.10
Chosen epoch: 13
Final Train: 55.43
Final Test: 39.12
Pre-training MLP for 500 epochs to generate co-occurrence matrix...
MLP pre-training complete. Penalty matrix frozen.
Epoch: 00, Loss: 1.8638, Train: 16.87%, Valid: 16.18%, Test: 16.14%, Best Valid: 16.18%, Best Test: 16.14%
Epoch: 100, Loss: 0.1545, Train: 99.54%, Valid: 34.97%, Test: 33.41%, Best Valid: 42.34%, Best Test: 39.91%
Epoch: 200, Loss: 0.1244, Train: 99.82%, Valid: 33.96%, Test: 33.86%, Best Valid: 42.34%, Best Test: 39.91%
Epoch: 300, Loss: 0.1091, Train: 99.82%, Valid: 32.80%, Test: 33.63%, Best Valid: 42.34%, Best Test: 39.91%
Epoch: 400, Loss: 0.1362, Train: 99.91%, Valid: 33.38%, Test: 34.98%, Best Valid: 42.34%, Best Test: 39.91%
Run 07:
Highest Train: 99.91
Highest Valid: 42.34
Highest Test: 41.70
Chosen epoch: 11
Final Train: 60.74
Final Test: 39.91
Pre-training MLP for 500 epochs to generate co-occurrence matrix...
MLP pre-training complete. Penalty matrix frozen.
Epoch: 00, Loss: 1.8300, Train: 18.84%, Valid: 16.24%, Test: 18.24%, Best Valid: 16.24%, Best Test: 18.24%
Epoch: 100, Loss: 0.1827, Train: 99.14%, Valid: 32.07%, Test: 32.56%, Best Valid: 40.46%, Best Test: 38.80%
Epoch: 200, Loss: 0.1368, Train: 99.43%, Valid: 31.12%, Test: 32.33%, Best Valid: 40.46%, Best Test: 38.80%
Epoch: 300, Loss: 0.1396, Train: 99.43%, Valid: 30.99%, Test: 33.72%, Best Valid: 40.46%, Best Test: 38.80%
Epoch: 400, Loss: 0.1663, Train: 99.33%, Valid: 30.04%, Test: 33.26%, Best Valid: 40.46%, Best Test: 38.80%
Run 08:
Highest Train: 99.71
Highest Valid: 40.46
Highest Test: 40.65
Chosen epoch: 12
Final Train: 58.52
Final Test: 38.80
Pre-training MLP for 500 epochs to generate co-occurrence matrix...
MLP pre-training complete. Penalty matrix frozen.
Epoch: 00, Loss: 1.7632, Train: 10.10%, Valid: 10.42%, Test: 11.59%, Best Valid: 10.42%, Best Test: 11.59%
Epoch: 100, Loss: 0.1430, Train: 99.71%, Valid: 32.27%, Test: 33.13%, Best Valid: 40.52%, Best Test: 39.34%
Epoch: 200, Loss: 0.1271, Train: 99.81%, Valid: 32.42%, Test: 33.33%, Best Valid: 40.52%, Best Test: 39.34%
Epoch: 300, Loss: 0.1602, Train: 99.81%, Valid: 32.56%, Test: 33.33%, Best Valid: 40.52%, Best Test: 39.34%
Epoch: 400, Loss: 0.1095, Train: 99.81%, Valid: 32.71%, Test: 35.20%, Best Valid: 40.52%, Best Test: 39.34%
Run 09:
Highest Train: 99.90
Highest Valid: 40.52
Highest Test: 41.20
Chosen epoch: 12
Final Train: 57.77
Final Test: 39.34
Pre-training MLP for 500 epochs to generate co-occurrence matrix...
MLP pre-training complete. Penalty matrix frozen.
Epoch: 00, Loss: 1.8038, Train: 15.74%, Valid: 13.92%, Test: 16.11%, Best Valid: 13.92%, Best Test: 16.11%
Epoch: 100, Loss: 0.1522, Train: 99.44%, Valid: 33.15%, Test: 30.77%, Best Valid: 42.16%, Best Test: 37.50%
Epoch: 200, Loss: 0.1253, Train: 99.44%, Valid: 32.33%, Test: 27.88%, Best Valid: 42.16%, Best Test: 37.50%
Epoch: 300, Loss: 0.1587, Train: 99.44%, Valid: 32.88%, Test: 30.53%, Best Valid: 42.16%, Best Test: 37.50%
Epoch: 400, Loss: 0.1661, Train: 99.44%, Valid: 34.79%, Test: 28.85%, Best Valid: 42.16%, Best Test: 37.50%
Run 10:
Highest Train: 99.53
Highest Valid: 42.16
Highest Test: 38.22
Chosen epoch: 10
Final Train: 54.93
Final Test: 37.50
All runs:
Highest Train: 99.70 ± 0.13
Highest Test: 41.34 ± 1.41
Highest Valid: 40.59 ± 1.14
  Final Train: 57.87 ± 5.96
   Final Test: 39.74 ± 1.10
Saving results to results/squirrel/MPNN_sage.csv

Running with Pre-trained MLP Regularization (lambda=0.005)...
Namespace(bn=True, cpu=False, data_dir='./data/', dataset='squirrel', device=0, display_step=100, dropout=0.7, epochs=500, gnn='sage', hidden_channels=256, jk=False, label_num_per_class=20, lambda_val=0.005, ln=False, local_layers=3, lr=0.01, metric='acc', mlp_epochs=500, mlp_reg=True, model='MPNN', model_dir='./model/', num_heads=1, pre_linear=False, pre_ln=False, rand_split=False, rand_split_class=False, reg_start_epoch=10, reg_update_freq=5, res=True, runs=10, save_model=False, seed=42, test_num=1000, train_prop=0.5, use_reg=True, valid_num=500, valid_prop=0.25, weight_decay=0.0005)
squirrel
dataset squirrel | num nodes 2223 | num edge 46998 | num node feats 2089 | num classes 5
MODEL: MPNNs(
  (h_lins): ModuleList()
  (local_convs): ModuleList(
    (0): SAGEConv(2089, 256, aggr=mean)
    (1): SAGEConv(256, 256, aggr=mean)
    (2): SAGEConv(256, 256, aggr=mean)
  )
  (lins): ModuleList(
    (0): Linear(in_features=2089, out_features=256, bias=True)
    (1): Linear(in_features=256, out_features=256, bias=True)
    (2): Linear(in_features=256, out_features=256, bias=True)
  )
  (lns): ModuleList(
    (0): LayerNorm((256,), eps=1e-05, elementwise_affine=True)
    (1): LayerNorm((256,), eps=1e-05, elementwise_affine=True)
    (2): LayerNorm((256,), eps=1e-05, elementwise_affine=True)
  )
  (bns): ModuleList(
    (0): BatchNorm1d(256, eps=1e-05, momentum=0.1, affine=True, track_running_stats=True)
    (1): BatchNorm1d(256, eps=1e-05, momentum=0.1, affine=True, track_running_stats=True)
    (2): BatchNorm1d(256, eps=1e-05, momentum=0.1, affine=True, track_running_stats=True)
  )
  (lin_in): Linear(in_features=2089, out_features=256, bias=True)
  (pred_local): Linear(in_features=256, out_features=5, bias=True)
)
Pre-training MLP for 500 epochs to generate co-occurrence matrix...
MLP pre-training complete. Penalty matrix frozen.
Epoch: 00, Loss: 1.8168, Train: 15.48%, Valid: 13.51%, Test: 13.50%, Best Valid: 13.51%, Best Test: 13.50%
Epoch: 100, Loss: 0.1318, Train: 99.24%, Valid: 33.43%, Test: 34.51%, Best Valid: 42.20%, Best Test: 40.93%
Epoch: 200, Loss: 0.1093, Train: 99.43%, Valid: 32.31%, Test: 34.73%, Best Valid: 42.20%, Best Test: 40.93%
Epoch: 300, Loss: 0.1520, Train: 99.43%, Valid: 33.84%, Test: 34.96%, Best Valid: 42.20%, Best Test: 40.93%
Epoch: 400, Loss: 0.1511, Train: 99.62%, Valid: 32.87%, Test: 34.51%, Best Valid: 42.20%, Best Test: 40.93%
Run 01:
Highest Train: 99.62
Highest Valid: 42.20
Highest Test: 41.15
Chosen epoch: 10
Final Train: 52.99
Final Test: 40.93
Pre-training MLP for 500 epochs to generate co-occurrence matrix...
MLP pre-training complete. Penalty matrix frozen.
Epoch: 00, Loss: 1.8231, Train: 19.63%, Valid: 16.00%, Test: 17.61%, Best Valid: 16.00%, Best Test: 17.61%
Epoch: 100, Loss: 0.0998, Train: 99.54%, Valid: 33.29%, Test: 32.28%, Best Valid: 39.00%, Best Test: 40.41%
Epoch: 200, Loss: 0.1460, Train: 99.63%, Valid: 33.71%, Test: 34.99%, Best Valid: 39.00%, Best Test: 40.41%
Epoch: 300, Loss: 0.1052, Train: 99.63%, Valid: 30.29%, Test: 34.09%, Best Valid: 39.00%, Best Test: 40.41%
Epoch: 400, Loss: 0.1214, Train: 99.72%, Valid: 32.00%, Test: 34.76%, Best Valid: 39.00%, Best Test: 40.41%
Run 02:
Highest Train: 99.72
Highest Valid: 39.00
Highest Test: 42.66
Chosen epoch: 18
Final Train: 74.26
Final Test: 40.41
Pre-training MLP for 500 epochs to generate co-occurrence matrix...
MLP pre-training complete. Penalty matrix frozen.
Epoch: 00, Loss: 1.8150, Train: 21.49%, Valid: 21.49%, Test: 20.00%, Best Valid: 21.49%, Best Test: 20.00%
Epoch: 100, Loss: 0.1383, Train: 99.33%, Valid: 36.23%, Test: 34.22%, Best Valid: 40.22%, Best Test: 40.22%
Epoch: 200, Loss: 0.1184, Train: 99.43%, Valid: 33.47%, Test: 30.67%, Best Valid: 40.22%, Best Test: 40.22%
Epoch: 300, Loss: 0.1265, Train: 99.43%, Valid: 34.99%, Test: 32.44%, Best Valid: 40.22%, Best Test: 40.22%
Epoch: 400, Loss: 0.1509, Train: 99.43%, Valid: 35.26%, Test: 37.33%, Best Valid: 40.22%, Best Test: 40.22%
Run 03:
Highest Train: 99.62
Highest Valid: 40.22
Highest Test: 42.00
Chosen epoch: 8
Final Train: 47.37
Final Test: 40.22
Pre-training MLP for 500 epochs to generate co-occurrence matrix...
MLP pre-training complete. Penalty matrix frozen.
Epoch: 00, Loss: 1.8223, Train: 18.11%, Valid: 18.79%, Test: 15.78%, Best Valid: 18.79%, Best Test: 15.78%
Epoch: 100, Loss: 0.1502, Train: 99.43%, Valid: 31.14%, Test: 30.89%, Best Valid: 40.39%, Best Test: 43.56%
Epoch: 200, Loss: 0.1455, Train: 99.43%, Valid: 32.68%, Test: 32.44%, Best Valid: 40.39%, Best Test: 43.56%
Epoch: 300, Loss: 0.1807, Train: 99.53%, Valid: 33.66%, Test: 33.33%, Best Valid: 40.39%, Best Test: 43.56%
Epoch: 400, Loss: 0.1229, Train: 99.53%, Valid: 33.80%, Test: 32.44%, Best Valid: 40.39%, Best Test: 43.56%
Run 04:
Highest Train: 99.72
Highest Valid: 40.39
Highest Test: 43.56
Chosen epoch: 11
Final Train: 55.38
Final Test: 43.56
Pre-training MLP for 500 epochs to generate co-occurrence matrix...
MLP pre-training complete. Penalty matrix frozen.
Epoch: 00, Loss: 1.8020, Train: 14.69%, Valid: 10.71%, Test: 12.03%, Best Valid: 10.71%, Best Test: 12.03%
Epoch: 100, Loss: 0.1615, Train: 99.34%, Valid: 30.88%, Test: 30.73%, Best Valid: 39.36%, Best Test: 39.20%
Epoch: 200, Loss: 0.1353, Train: 99.34%, Valid: 30.04%, Test: 33.41%, Best Valid: 39.36%, Best Test: 39.20%
Epoch: 300, Loss: 0.1485, Train: 99.34%, Valid: 30.46%, Test: 34.97%, Best Valid: 39.36%, Best Test: 39.20%
Epoch: 400, Loss: 0.1320, Train: 99.24%, Valid: 29.90%, Test: 33.63%, Best Valid: 39.36%, Best Test: 39.20%
Run 05:
Highest Train: 99.43
Highest Valid: 39.36
Highest Test: 41.65
Chosen epoch: 10
Final Train: 60.95
Final Test: 39.20
Pre-training MLP for 500 epochs to generate co-occurrence matrix...
MLP pre-training complete. Penalty matrix frozen.
Epoch: 00, Loss: 1.7828, Train: 13.09%, Valid: 10.56%, Test: 13.19%, Best Valid: 10.56%, Best Test: 13.19%
Epoch: 100, Loss: 0.1173, Train: 99.16%, Valid: 32.71%, Test: 31.43%, Best Valid: 40.09%, Best Test: 39.34%
Epoch: 200, Loss: 0.1431, Train: 99.35%, Valid: 30.54%, Test: 32.09%, Best Valid: 40.09%, Best Test: 39.34%
Epoch: 300, Loss: 0.1285, Train: 99.54%, Valid: 30.68%, Test: 31.87%, Best Valid: 40.09%, Best Test: 39.34%
Epoch: 400, Loss: 0.1298, Train: 99.44%, Valid: 30.82%, Test: 32.53%, Best Valid: 40.09%, Best Test: 39.34%
Run 06:
Highest Train: 99.63
Highest Valid: 40.09
Highest Test: 40.88
Chosen epoch: 14
Final Train: 57.66
Final Test: 39.34
Pre-training MLP for 500 epochs to generate co-occurrence matrix...
MLP pre-training complete. Penalty matrix frozen.
Epoch: 00, Loss: 1.8712, Train: 17.05%, Valid: 16.18%, Test: 16.59%, Best Valid: 16.18%, Best Test: 16.59%
Epoch: 100, Loss: 0.1509, Train: 99.63%, Valid: 32.80%, Test: 32.96%, Best Valid: 42.49%, Best Test: 40.13%
Epoch: 200, Loss: 0.1537, Train: 99.72%, Valid: 33.67%, Test: 31.61%, Best Valid: 42.49%, Best Test: 40.13%
Epoch: 300, Loss: 0.1195, Train: 99.91%, Valid: 33.96%, Test: 33.41%, Best Valid: 42.49%, Best Test: 40.13%
Epoch: 400, Loss: 0.1645, Train: 99.82%, Valid: 34.83%, Test: 33.63%, Best Valid: 42.49%, Best Test: 40.13%
Run 07:
Highest Train: 99.91
Highest Valid: 42.49
Highest Test: 41.26
Chosen epoch: 11
Final Train: 58.53
Final Test: 40.13
Pre-training MLP for 500 epochs to generate co-occurrence matrix...
MLP pre-training complete. Penalty matrix frozen.
Epoch: 00, Loss: 1.8373, Train: 18.84%, Valid: 16.24%, Test: 18.24%, Best Valid: 16.24%, Best Test: 18.24%
Epoch: 100, Loss: 0.1677, Train: 99.05%, Valid: 32.61%, Test: 33.95%, Best Valid: 41.54%, Best Test: 38.57%
Epoch: 200, Loss: 0.1061, Train: 99.33%, Valid: 33.15%, Test: 31.41%, Best Valid: 41.54%, Best Test: 38.57%
Epoch: 300, Loss: 0.1580, Train: 99.43%, Valid: 31.12%, Test: 32.33%, Best Valid: 41.54%, Best Test: 38.57%
Epoch: 400, Loss: 0.1345, Train: 99.43%, Valid: 31.39%, Test: 33.49%, Best Valid: 41.54%, Best Test: 38.57%
Run 08:
Highest Train: 99.62
Highest Valid: 41.54
Highest Test: 39.26
Chosen epoch: 12
Final Train: 59.09
Final Test: 38.57
Pre-training MLP for 500 epochs to generate co-occurrence matrix...
MLP pre-training complete. Penalty matrix frozen.
Epoch: 00, Loss: 1.7702, Train: 10.10%, Valid: 10.42%, Test: 11.59%, Best Valid: 10.42%, Best Test: 11.59%
Epoch: 100, Loss: 0.1562, Train: 99.62%, Valid: 32.56%, Test: 34.37%, Best Valid: 40.67%, Best Test: 41.41%
Epoch: 200, Loss: 0.1222, Train: 99.81%, Valid: 32.56%, Test: 34.16%, Best Valid: 40.67%, Best Test: 41.41%
Epoch: 300, Loss: 0.0941, Train: 99.81%, Valid: 33.43%, Test: 34.99%, Best Valid: 40.67%, Best Test: 41.41%
Epoch: 400, Loss: 0.1808, Train: 99.81%, Valid: 34.15%, Test: 33.95%, Best Valid: 40.67%, Best Test: 41.41%
Run 09:
Highest Train: 99.81
Highest Valid: 40.67
Highest Test: 42.65
Chosen epoch: 7
Final Train: 47.09
Final Test: 41.41
Pre-training MLP for 500 epochs to generate co-occurrence matrix...
MLP pre-training complete. Penalty matrix frozen.
Epoch: 00, Loss: 1.8110, Train: 15.74%, Valid: 13.92%, Test: 16.11%, Best Valid: 13.92%, Best Test: 16.11%
Epoch: 100, Loss: 0.1469, Train: 99.35%, Valid: 32.74%, Test: 31.49%, Best Valid: 41.75%, Best Test: 37.02%
Epoch: 200, Loss: 0.1375, Train: 99.44%, Valid: 32.61%, Test: 29.57%, Best Valid: 41.75%, Best Test: 37.02%
Epoch: 300, Loss: 0.1348, Train: 99.44%, Valid: 32.74%, Test: 29.33%, Best Valid: 41.75%, Best Test: 37.02%
Epoch: 400, Loss: 0.1485, Train: 99.44%, Valid: 30.97%, Test: 29.33%, Best Valid: 41.75%, Best Test: 37.02%
Run 10:
Highest Train: 99.53
Highest Valid: 41.75
Highest Test: 40.38
Chosen epoch: 10
Final Train: 55.49
Final Test: 37.02
All runs:
Highest Train: 99.66 ± 0.14
Highest Test: 41.54 ± 1.25
Highest Valid: 40.77 ± 1.18
  Final Train: 56.88 ± 7.69
   Final Test: 40.08 ± 1.75
Saving results to results/squirrel/MPNN_sage.csv

Small lambda sweep completed!
==========================================================
Starting Small Lambda MLP-Reg Sweep for:
python main.py --gnn gat  --dataset squirrel --lr 0.005 --local_layers 7 --hidden_channels 512 --weight_decay 5e-4 --dropout 0.5 --device 0 --runs 10 --bn --res
==========================================================

Running with Pre-trained MLP Regularization (lambda=1e-4)...
Namespace(bn=True, cpu=False, data_dir='./data/', dataset='squirrel', device=0, display_step=100, dropout=0.5, epochs=500, gnn='gat', hidden_channels=512, jk=False, label_num_per_class=20, lambda_val=0.0001, ln=False, local_layers=7, lr=0.005, metric='acc', mlp_epochs=500, mlp_reg=True, model='MPNN', model_dir='./model/', num_heads=1, pre_linear=False, pre_ln=False, rand_split=False, rand_split_class=False, reg_start_epoch=10, reg_update_freq=5, res=True, runs=10, save_model=False, seed=42, test_num=1000, train_prop=0.5, use_reg=True, valid_num=500, valid_prop=0.25, weight_decay=0.0005)
squirrel
dataset squirrel | num nodes 2223 | num edge 46998 | num node feats 2089 | num classes 5
MODEL: MPNNs(
  (h_lins): ModuleList()
  (local_convs): ModuleList(
    (0): GATConv(2089, 512, heads=1)
    (1): GATConv(512, 512, heads=1)
    (2): GATConv(512, 512, heads=1)
    (3): GATConv(512, 512, heads=1)
    (4): GATConv(512, 512, heads=1)
    (5): GATConv(512, 512, heads=1)
    (6): GATConv(512, 512, heads=1)
  )
  (lins): ModuleList(
    (0): Linear(in_features=2089, out_features=512, bias=True)
    (1): Linear(in_features=512, out_features=512, bias=True)
    (2): Linear(in_features=512, out_features=512, bias=True)
    (3): Linear(in_features=512, out_features=512, bias=True)
    (4): Linear(in_features=512, out_features=512, bias=True)
    (5): Linear(in_features=512, out_features=512, bias=True)
    (6): Linear(in_features=512, out_features=512, bias=True)
  )
  (lns): ModuleList(
    (0): LayerNorm((512,), eps=1e-05, elementwise_affine=True)
    (1): LayerNorm((512,), eps=1e-05, elementwise_affine=True)
    (2): LayerNorm((512,), eps=1e-05, elementwise_affine=True)
    (3): LayerNorm((512,), eps=1e-05, elementwise_affine=True)
    (4): LayerNorm((512,), eps=1e-05, elementwise_affine=True)
    (5): LayerNorm((512,), eps=1e-05, elementwise_affine=True)
    (6): LayerNorm((512,), eps=1e-05, elementwise_affine=True)
  )
  (bns): ModuleList(
    (0): BatchNorm1d(512, eps=1e-05, momentum=0.1, affine=True, track_running_stats=True)
    (1): BatchNorm1d(512, eps=1e-05, momentum=0.1, affine=True, track_running_stats=True)
    (2): BatchNorm1d(512, eps=1e-05, momentum=0.1, affine=True, track_running_stats=True)
    (3): BatchNorm1d(512, eps=1e-05, momentum=0.1, affine=True, track_running_stats=True)
    (4): BatchNorm1d(512, eps=1e-05, momentum=0.1, affine=True, track_running_stats=True)
    (5): BatchNorm1d(512, eps=1e-05, momentum=0.1, affine=True, track_running_stats=True)
    (6): BatchNorm1d(512, eps=1e-05, momentum=0.1, affine=True, track_running_stats=True)
  )
  (lin_in): Linear(in_features=2089, out_features=512, bias=True)
  (pred_local): Linear(in_features=512, out_features=5, bias=True)
)
Pre-training MLP for 500 epochs to generate co-occurrence matrix...
MLP pre-training complete. Penalty matrix frozen.
Epoch: 00, Loss: 1.7030, Train: 28.49%, Valid: 31.48%, Test: 29.20%, Best Valid: 31.48%, Best Test: 29.20%
Epoch: 100, Loss: 0.8974, Train: 57.08%, Valid: 38.02%, Test: 40.04%, Best Valid: 41.78%, Best Test: 40.49%
Epoch: 200, Loss: 0.2168, Train: 93.92%, Valid: 31.89%, Test: 37.39%, Best Valid: 42.20%, Best Test: 44.25%
Epoch: 300, Loss: 0.0792, Train: 99.15%, Valid: 33.98%, Test: 37.17%, Best Valid: 42.20%, Best Test: 44.25%
Epoch: 400, Loss: 0.0481, Train: 99.53%, Valid: 33.57%, Test: 36.50%, Best Valid: 42.20%, Best Test: 44.25%
Run 01:
Highest Train: 99.91
Highest Valid: 42.20
Highest Test: 46.24
Chosen epoch: 110
Final Train: 69.90
Final Test: 44.25
Pre-training MLP for 500 epochs to generate co-occurrence matrix...
MLP pre-training complete. Penalty matrix frozen.
Epoch: 00, Loss: 1.7353, Train: 17.22%, Valid: 19.29%, Test: 17.16%, Best Valid: 19.29%, Best Test: 17.16%
Epoch: 100, Loss: 1.3773, Train: 37.69%, Valid: 37.00%, Test: 37.02%, Best Valid: 39.57%, Best Test: 40.41%
Epoch: 200, Loss: 1.3048, Train: 40.56%, Valid: 37.00%, Test: 38.60%, Best Valid: 42.29%, Best Test: 42.44%
Epoch: 300, Loss: 0.9262, Train: 58.98%, Valid: 37.71%, Test: 35.89%, Best Valid: 42.29%, Best Test: 42.44%
Epoch: 400, Loss: 0.4384, Train: 84.26%, Valid: 39.57%, Test: 31.83%, Best Valid: 42.29%, Best Test: 42.44%
Run 02:
Highest Train: 97.50
Highest Valid: 42.29
Highest Test: 42.44
Chosen epoch: 155
Final Train: 39.35
Final Test: 42.44
Pre-training MLP for 500 epochs to generate co-occurrence matrix...
MLP pre-training complete. Penalty matrix frozen.
Epoch: 00, Loss: 1.6931, Train: 30.66%, Valid: 32.64%, Test: 35.11%, Best Valid: 32.64%, Best Test: 35.11%
Epoch: 100, Loss: 1.3484, Train: 38.97%, Valid: 37.33%, Test: 38.00%, Best Valid: 40.08%, Best Test: 42.00%
Epoch: 200, Loss: 1.3275, Train: 38.30%, Valid: 35.67%, Test: 39.33%, Best Valid: 40.08%, Best Test: 42.00%
Epoch: 300, Loss: 1.2706, Train: 45.18%, Valid: 37.88%, Test: 38.22%, Best Valid: 40.36%, Best Test: 40.67%
Epoch: 400, Loss: 0.7104, Train: 68.58%, Valid: 39.12%, Test: 40.67%, Best Valid: 41.18%, Best Test: 42.89%
Run 03:
Highest Train: 95.80
Highest Valid: 41.18
Highest Test: 44.22
Chosen epoch: 359
Final Train: 52.72
Final Test: 42.89
Pre-training MLP for 500 epochs to generate co-occurrence matrix...
MLP pre-training complete. Penalty matrix frozen.
Epoch: 00, Loss: 1.7089, Train: 31.60%, Valid: 32.68%, Test: 35.78%, Best Valid: 32.68%, Best Test: 35.78%
Epoch: 100, Loss: 1.3611, Train: 35.75%, Valid: 36.19%, Test: 35.56%, Best Valid: 38.43%, Best Test: 40.44%
Epoch: 200, Loss: 1.1681, Train: 44.81%, Valid: 39.41%, Test: 37.11%, Best Valid: 40.81%, Best Test: 40.44%
Epoch: 300, Loss: 0.5962, Train: 78.68%, Valid: 38.01%, Test: 40.67%, Best Valid: 42.08%, Best Test: 42.44%
Epoch: 400, Loss: 0.3332, Train: 92.36%, Valid: 35.48%, Test: 38.44%, Best Valid: 42.08%, Best Test: 42.44%
Run 04:
Highest Train: 97.92
Highest Valid: 42.08
Highest Test: 44.44
Chosen epoch: 238
Final Train: 54.72
Final Test: 42.44
Pre-training MLP for 500 epochs to generate co-occurrence matrix...
MLP pre-training complete. Penalty matrix frozen.
Epoch: 00, Loss: 1.7381, Train: 15.07%, Valid: 17.66%, Test: 14.92%, Best Valid: 17.66%, Best Test: 14.92%
Epoch: 100, Loss: 1.4038, Train: 37.06%, Valid: 34.35%, Test: 37.86%, Best Valid: 35.33%, Best Test: 37.42%
Epoch: 200, Loss: 1.4024, Train: 34.12%, Valid: 32.82%, Test: 35.63%, Best Valid: 35.61%, Best Test: 37.19%
Epoch: 300, Loss: 1.3510, Train: 38.39%, Valid: 34.63%, Test: 38.75%, Best Valid: 38.66%, Best Test: 40.53%
Epoch: 400, Loss: 1.0986, Train: 46.54%, Valid: 39.92%, Test: 38.53%, Best Valid: 40.33%, Best Test: 42.54%
Run 05:
Highest Train: 93.08
Highest Valid: 40.33
Highest Test: 43.21
Chosen epoch: 383
Final Train: 48.53
Final Test: 42.54
Pre-training MLP for 500 epochs to generate co-occurrence matrix...
MLP pre-training complete. Penalty matrix frozen.
Epoch: 00, Loss: 1.7352, Train: 14.76%, Valid: 13.60%, Test: 14.95%, Best Valid: 13.60%, Best Test: 14.95%
Epoch: 100, Loss: 1.1580, Train: 41.97%, Valid: 38.49%, Test: 38.24%, Best Valid: 38.49%, Best Test: 38.24%
Epoch: 200, Loss: 0.4054, Train: 85.33%, Valid: 37.34%, Test: 38.46%, Best Valid: 40.81%, Best Test: 40.00%
Epoch: 300, Loss: 0.1814, Train: 95.26%, Valid: 32.13%, Test: 33.41%, Best Valid: 40.81%, Best Test: 40.00%
Epoch: 400, Loss: 0.0756, Train: 98.98%, Valid: 32.56%, Test: 35.60%, Best Valid: 40.81%, Best Test: 40.00%
Run 06:
Highest Train: 99.72
Highest Valid: 40.81
Highest Test: 42.86
Chosen epoch: 123
Final Train: 54.78
Final Test: 40.00
Pre-training MLP for 500 epochs to generate co-occurrence matrix...
MLP pre-training complete. Penalty matrix frozen.
Epoch: 00, Loss: 1.7116, Train: 33.73%, Valid: 34.25%, Test: 33.41%, Best Valid: 34.25%, Best Test: 33.41%
Epoch: 100, Loss: 1.3421, Train: 37.79%, Valid: 39.02%, Test: 35.87%, Best Valid: 40.03%, Best Test: 36.32%
Epoch: 200, Loss: 0.9954, Train: 47.74%, Valid: 40.32%, Test: 37.67%, Best Valid: 43.35%, Best Test: 37.22%
Epoch: 300, Loss: 0.3178, Train: 94.10%, Valid: 38.44%, Test: 34.53%, Best Valid: 43.35%, Best Test: 37.22%
Epoch: 400, Loss: 0.1741, Train: 97.05%, Valid: 34.97%, Test: 32.29%, Best Valid: 43.35%, Best Test: 37.22%
Run 07:
Highest Train: 99.45
Highest Valid: 43.35
Highest Test: 41.03
Chosen epoch: 194
Final Train: 48.66
Final Test: 37.22
Pre-training MLP for 500 epochs to generate co-occurrence matrix...
MLP pre-training complete. Penalty matrix frozen.
Epoch: 00, Loss: 1.7391, Train: 24.36%, Valid: 22.19%, Test: 21.25%, Best Valid: 22.19%, Best Test: 21.25%
Epoch: 100, Loss: 1.2260, Train: 47.57%, Valid: 41.81%, Test: 38.80%, Best Valid: 42.49%, Best Test: 37.64%
Epoch: 200, Loss: 0.7229, Train: 76.69%, Valid: 38.84%, Test: 41.80%, Best Valid: 42.90%, Best Test: 38.57%
Epoch: 300, Loss: 0.3669, Train: 88.87%, Valid: 32.34%, Test: 37.88%, Best Valid: 42.90%, Best Test: 38.57%
Epoch: 400, Loss: 0.2604, Train: 96.19%, Valid: 32.34%, Test: 32.33%, Best Valid: 42.90%, Best Test: 38.57%
Run 08:
Highest Train: 99.14
Highest Valid: 42.90
Highest Test: 42.73
Chosen epoch: 103
Final Train: 48.91
Final Test: 38.57
Pre-training MLP for 500 epochs to generate co-occurrence matrix...
MLP pre-training complete. Penalty matrix frozen.
Epoch: 00, Loss: 1.6872, Train: 25.36%, Valid: 22.00%, Test: 20.29%, Best Valid: 22.00%, Best Test: 20.29%
Epoch: 100, Loss: 1.3600, Train: 35.94%, Valid: 37.63%, Test: 37.68%, Best Valid: 39.22%, Best Test: 38.10%
Epoch: 200, Loss: 1.3587, Train: 34.22%, Valid: 37.05%, Test: 37.68%, Best Valid: 39.36%, Best Test: 39.96%
Epoch: 300, Loss: 1.3083, Train: 43.09%, Valid: 37.05%, Test: 37.27%, Best Valid: 40.09%, Best Test: 39.96%
Epoch: 400, Loss: 1.1459, Train: 40.42%, Valid: 36.90%, Test: 38.92%, Best Valid: 40.09%, Best Test: 39.96%
Run 09:
Highest Train: 81.89
Highest Valid: 40.96
Highest Test: 41.82
Chosen epoch: 491
Final Train: 80.55
Final Test: 37.68
Pre-training MLP for 500 epochs to generate co-occurrence matrix...
MLP pre-training complete. Penalty matrix frozen.
Epoch: 00, Loss: 1.6839, Train: 9.96%, Valid: 11.46%, Test: 10.10%, Best Valid: 11.46%, Best Test: 10.10%
Epoch: 100, Loss: 1.3838, Train: 37.80%, Valid: 36.97%, Test: 35.58%, Best Valid: 38.61%, Best Test: 36.06%
Epoch: 200, Loss: 1.1830, Train: 47.86%, Valid: 38.47%, Test: 37.50%, Best Valid: 40.93%, Best Test: 37.50%
Epoch: 300, Loss: 0.8556, Train: 65.46%, Valid: 37.24%, Test: 35.34%, Best Valid: 40.93%, Best Test: 37.50%
Epoch: 400, Loss: 0.5477, Train: 82.87%, Valid: 35.74%, Test: 35.10%, Best Valid: 40.93%, Best Test: 37.50%
Run 10:
Highest Train: 96.00
Highest Valid: 40.93
Highest Test: 40.87
Chosen epoch: 170
Final Train: 44.04
Final Test: 37.50
All runs:
Highest Train: 96.04 ± 5.42
Highest Test: 42.99 ± 1.64
Highest Valid: 41.70 ± 1.00
  Final Train: 54.22 ± 12.28
   Final Test: 40.55 ± 2.65
Saving results to results/squirrel/MPNN_gat.csv

Running with Pre-trained MLP Regularization (lambda=0.001)...
Namespace(bn=True, cpu=False, data_dir='./data/', dataset='squirrel', device=0, display_step=100, dropout=0.5, epochs=500, gnn='gat', hidden_channels=512, jk=False, label_num_per_class=20, lambda_val=0.001, ln=False, local_layers=7, lr=0.005, metric='acc', mlp_epochs=500, mlp_reg=True, model='MPNN', model_dir='./model/', num_heads=1, pre_linear=False, pre_ln=False, rand_split=False, rand_split_class=False, reg_start_epoch=10, reg_update_freq=5, res=True, runs=10, save_model=False, seed=42, test_num=1000, train_prop=0.5, use_reg=True, valid_num=500, valid_prop=0.25, weight_decay=0.0005)
squirrel
dataset squirrel | num nodes 2223 | num edge 46998 | num node feats 2089 | num classes 5
MODEL: MPNNs(
  (h_lins): ModuleList()
  (local_convs): ModuleList(
    (0): GATConv(2089, 512, heads=1)
    (1): GATConv(512, 512, heads=1)
    (2): GATConv(512, 512, heads=1)
    (3): GATConv(512, 512, heads=1)
    (4): GATConv(512, 512, heads=1)
    (5): GATConv(512, 512, heads=1)
    (6): GATConv(512, 512, heads=1)
  )
  (lins): ModuleList(
    (0): Linear(in_features=2089, out_features=512, bias=True)
    (1): Linear(in_features=512, out_features=512, bias=True)
    (2): Linear(in_features=512, out_features=512, bias=True)
    (3): Linear(in_features=512, out_features=512, bias=True)
    (4): Linear(in_features=512, out_features=512, bias=True)
    (5): Linear(in_features=512, out_features=512, bias=True)
    (6): Linear(in_features=512, out_features=512, bias=True)
  )
  (lns): ModuleList(
    (0): LayerNorm((512,), eps=1e-05, elementwise_affine=True)
    (1): LayerNorm((512,), eps=1e-05, elementwise_affine=True)
    (2): LayerNorm((512,), eps=1e-05, elementwise_affine=True)
    (3): LayerNorm((512,), eps=1e-05, elementwise_affine=True)
    (4): LayerNorm((512,), eps=1e-05, elementwise_affine=True)
    (5): LayerNorm((512,), eps=1e-05, elementwise_affine=True)
    (6): LayerNorm((512,), eps=1e-05, elementwise_affine=True)
  )
  (bns): ModuleList(
    (0): BatchNorm1d(512, eps=1e-05, momentum=0.1, affine=True, track_running_stats=True)
    (1): BatchNorm1d(512, eps=1e-05, momentum=0.1, affine=True, track_running_stats=True)
    (2): BatchNorm1d(512, eps=1e-05, momentum=0.1, affine=True, track_running_stats=True)
    (3): BatchNorm1d(512, eps=1e-05, momentum=0.1, affine=True, track_running_stats=True)
    (4): BatchNorm1d(512, eps=1e-05, momentum=0.1, affine=True, track_running_stats=True)
    (5): BatchNorm1d(512, eps=1e-05, momentum=0.1, affine=True, track_running_stats=True)
    (6): BatchNorm1d(512, eps=1e-05, momentum=0.1, affine=True, track_running_stats=True)
  )
  (lin_in): Linear(in_features=2089, out_features=512, bias=True)
  (pred_local): Linear(in_features=512, out_features=5, bias=True)
)
Pre-training MLP for 500 epochs to generate co-occurrence matrix...
MLP pre-training complete. Penalty matrix frozen.
Epoch: 00, Loss: 1.7046, Train: 28.58%, Valid: 31.48%, Test: 29.20%, Best Valid: 31.48%, Best Test: 29.20%
Epoch: 100, Loss: 1.4312, Train: 35.52%, Valid: 37.19%, Test: 36.28%, Best Valid: 38.44%, Best Test: 36.28%
Epoch: 200, Loss: 1.2719, Train: 44.54%, Valid: 39.69%, Test: 38.50%, Best Valid: 41.23%, Best Test: 39.82%
Epoch: 300, Loss: 0.6034, Train: 83.95%, Valid: 35.52%, Test: 38.50%, Best Valid: 41.23%, Best Test: 39.82%
Epoch: 400, Loss: 0.2996, Train: 92.88%, Valid: 30.92%, Test: 29.87%, Best Valid: 41.23%, Best Test: 39.82%
Run 01:
Highest Train: 98.29
Highest Valid: 41.23
Highest Test: 44.25
Chosen epoch: 189
Final Train: 42.64
Final Test: 39.82
Pre-training MLP for 500 epochs to generate co-occurrence matrix...
MLP pre-training complete. Penalty matrix frozen.
Epoch: 00, Loss: 1.7368, Train: 17.22%, Valid: 19.29%, Test: 17.16%, Best Valid: 19.29%, Best Test: 17.16%
Epoch: 100, Loss: 1.3583, Train: 40.65%, Valid: 40.57%, Test: 40.63%, Best Valid: 41.43%, Best Test: 40.18%
Epoch: 200, Loss: 1.2007, Train: 45.56%, Valid: 38.71%, Test: 37.92%, Best Valid: 42.57%, Best Test: 39.95%
Epoch: 300, Loss: 0.6325, Train: 82.41%, Valid: 37.57%, Test: 38.37%, Best Valid: 43.57%, Best Test: 40.18%
Epoch: 400, Loss: 0.3044, Train: 95.56%, Valid: 33.43%, Test: 34.54%, Best Valid: 43.57%, Best Test: 40.18%
Run 02:
Highest Train: 99.26
Highest Valid: 43.57
Highest Test: 42.44
Chosen epoch: 212
Final Train: 52.59
Final Test: 40.18
Pre-training MLP for 500 epochs to generate co-occurrence matrix...
MLP pre-training complete. Penalty matrix frozen.
Epoch: 00, Loss: 1.6946, Train: 30.66%, Valid: 32.64%, Test: 35.11%, Best Valid: 32.64%, Best Test: 35.11%
Epoch: 100, Loss: 1.3585, Train: 37.15%, Valid: 35.95%, Test: 37.11%, Best Valid: 40.22%, Best Test: 41.11%
Epoch: 200, Loss: 1.3180, Train: 37.54%, Valid: 34.44%, Test: 36.44%, Best Valid: 40.22%, Best Test: 41.11%
Epoch: 300, Loss: 1.3180, Train: 37.92%, Valid: 33.33%, Test: 35.56%, Best Valid: 40.22%, Best Test: 41.11%
Epoch: 400, Loss: 1.3057, Train: 38.49%, Valid: 34.57%, Test: 40.89%, Best Valid: 40.22%, Best Test: 41.11%
Run 03:
Highest Train: 42.50
Highest Valid: 40.22
Highest Test: 44.67
Chosen epoch: 69
Final Train: 38.11
Final Test: 41.11
Pre-training MLP for 500 epochs to generate co-occurrence matrix...
MLP pre-training complete. Penalty matrix frozen.
Epoch: 00, Loss: 1.7104, Train: 31.60%, Valid: 32.68%, Test: 35.56%, Best Valid: 32.68%, Best Test: 35.56%
Epoch: 100, Loss: 1.3256, Train: 40.28%, Valid: 37.87%, Test: 39.33%, Best Valid: 40.81%, Best Test: 38.00%
Epoch: 200, Loss: 0.9873, Train: 56.60%, Valid: 36.61%, Test: 40.67%, Best Valid: 41.65%, Best Test: 44.89%
Epoch: 300, Loss: 0.5147, Train: 84.15%, Valid: 34.64%, Test: 38.00%, Best Valid: 41.65%, Best Test: 44.89%
Epoch: 400, Loss: 0.2207, Train: 96.89%, Valid: 34.64%, Test: 34.67%, Best Valid: 41.65%, Best Test: 44.89%
Run 04:
Highest Train: 100.00
Highest Valid: 41.65
Highest Test: 45.11
Chosen epoch: 144
Final Train: 46.13
Final Test: 44.89
Pre-training MLP for 500 epochs to generate co-occurrence matrix...
MLP pre-training complete. Penalty matrix frozen.
Epoch: 00, Loss: 1.7397, Train: 15.07%, Valid: 17.66%, Test: 14.92%, Best Valid: 17.66%, Best Test: 14.92%
Epoch: 100, Loss: 1.4000, Train: 37.25%, Valid: 34.77%, Test: 36.75%, Best Valid: 36.30%, Best Test: 37.64%
Epoch: 200, Loss: 1.3693, Train: 37.54%, Valid: 35.33%, Test: 37.86%, Best Valid: 38.25%, Best Test: 40.53%
Epoch: 300, Loss: 1.2965, Train: 44.55%, Valid: 40.06%, Test: 39.87%, Best Valid: 41.31%, Best Test: 41.20%
Epoch: 400, Loss: 0.8155, Train: 68.44%, Valid: 35.47%, Test: 39.87%, Best Valid: 42.28%, Best Test: 42.54%
Run 05:
Highest Train: 94.69
Highest Valid: 42.28
Highest Test: 44.77
Chosen epoch: 353
Final Train: 48.82
Final Test: 42.54
Pre-training MLP for 500 epochs to generate co-occurrence matrix...
MLP pre-training complete. Penalty matrix frozen.
Epoch: 00, Loss: 1.7367, Train: 14.76%, Valid: 13.60%, Test: 14.95%, Best Valid: 13.60%, Best Test: 14.95%
Epoch: 100, Loss: 1.0660, Train: 46.80%, Valid: 39.07%, Test: 36.92%, Best Valid: 39.51%, Best Test: 37.14%
Epoch: 200, Loss: 0.2672, Train: 95.82%, Valid: 34.88%, Test: 37.14%, Best Valid: 39.94%, Best Test: 40.66%
Epoch: 300, Loss: 0.1021, Train: 95.54%, Valid: 32.71%, Test: 31.43%, Best Valid: 39.94%, Best Test: 40.66%
Epoch: 400, Loss: 0.0672, Train: 98.89%, Valid: 32.56%, Test: 32.97%, Best Valid: 39.94%, Best Test: 40.66%
Run 06:
Highest Train: 99.91
Highest Valid: 39.94
Highest Test: 40.66
Chosen epoch: 115
Final Train: 60.26
Final Test: 40.66
Pre-training MLP for 500 epochs to generate co-occurrence matrix...
MLP pre-training complete. Penalty matrix frozen.
Epoch: 00, Loss: 1.7131, Train: 33.73%, Valid: 34.10%, Test: 33.41%, Best Valid: 34.10%, Best Test: 33.41%
Epoch: 100, Loss: 1.2660, Train: 46.27%, Valid: 40.61%, Test: 38.79%, Best Valid: 41.47%, Best Test: 38.34%
Epoch: 200, Loss: 0.8271, Train: 63.96%, Valid: 39.60%, Test: 38.34%, Best Valid: 42.20%, Best Test: 39.46%
Epoch: 300, Loss: 0.4089, Train: 86.08%, Valid: 36.99%, Test: 36.77%, Best Valid: 42.20%, Best Test: 39.46%
Epoch: 400, Loss: 0.1532, Train: 97.33%, Valid: 35.55%, Test: 35.43%, Best Valid: 42.20%, Best Test: 39.46%
Run 07:
Highest Train: 99.82
Highest Valid: 42.20
Highest Test: 42.38
Chosen epoch: 151
Final Train: 51.71
Final Test: 39.46
Pre-training MLP for 500 epochs to generate co-occurrence matrix...
MLP pre-training complete. Penalty matrix frozen.
Epoch: 00, Loss: 1.7407, Train: 24.36%, Valid: 22.19%, Test: 21.25%, Best Valid: 22.19%, Best Test: 21.25%
Epoch: 100, Loss: 1.4016, Train: 37.58%, Valid: 36.67%, Test: 37.88%, Best Valid: 38.43%, Best Test: 35.80%
Epoch: 200, Loss: 1.3652, Train: 37.49%, Valid: 35.32%, Test: 36.72%, Best Valid: 38.43%, Best Test: 35.80%
Epoch: 300, Loss: 1.3379, Train: 35.97%, Valid: 31.66%, Test: 32.10%, Best Valid: 38.43%, Best Test: 35.80%
Epoch: 400, Loss: 1.3265, Train: 38.25%, Valid: 36.27%, Test: 39.49%, Best Valid: 39.51%, Best Test: 36.95%
Run 08:
Highest Train: 42.72
Highest Valid: 39.92
Highest Test: 41.80
Chosen epoch: 454
Final Train: 40.44
Final Test: 39.95
Pre-training MLP for 500 epochs to generate co-occurrence matrix...
MLP pre-training complete. Penalty matrix frozen.
Epoch: 00, Loss: 1.6887, Train: 25.36%, Valid: 22.00%, Test: 20.29%, Best Valid: 22.00%, Best Test: 20.29%
Epoch: 100, Loss: 1.3670, Train: 39.66%, Valid: 39.51%, Test: 39.75%, Best Valid: 40.67%, Best Test: 40.99%
Epoch: 200, Loss: 0.8837, Train: 65.68%, Valid: 38.06%, Test: 35.61%, Best Valid: 41.53%, Best Test: 38.72%
Epoch: 300, Loss: 0.2608, Train: 92.56%, Valid: 31.69%, Test: 32.30%, Best Valid: 41.53%, Best Test: 38.72%
Epoch: 400, Loss: 0.0414, Train: 99.43%, Valid: 33.72%, Test: 36.44%, Best Valid: 41.53%, Best Test: 38.72%
Run 09:
Highest Train: 99.90
Highest Valid: 41.53
Highest Test: 42.24
Chosen epoch: 156
Final Train: 49.67
Final Test: 38.72
Pre-training MLP for 500 epochs to generate co-occurrence matrix...
MLP pre-training complete. Penalty matrix frozen.
Epoch: 00, Loss: 1.6854, Train: 9.96%, Valid: 11.46%, Test: 10.10%, Best Valid: 11.46%, Best Test: 10.10%
Epoch: 100, Loss: 1.3723, Train: 39.01%, Valid: 37.65%, Test: 35.82%, Best Valid: 39.15%, Best Test: 38.22%
Epoch: 200, Loss: 1.3586, Train: 37.71%, Valid: 36.97%, Test: 34.86%, Best Valid: 39.70%, Best Test: 37.50%
Epoch: 300, Loss: 1.3594, Train: 39.11%, Valid: 37.65%, Test: 37.02%, Best Valid: 39.70%, Best Test: 37.50%
Epoch: 400, Loss: 1.3051, Train: 42.46%, Valid: 36.15%, Test: 37.50%, Best Valid: 39.70%, Best Test: 37.50%
Run 10:
Highest Train: 44.23
Highest Valid: 39.70
Highest Test: 40.38
Chosen epoch: 169
Final Train: 39.94
Final Test: 37.50
All runs:
Highest Train: 82.13 ± 26.95
Highest Test: 42.87 ± 1.73
Highest Valid: 41.22 ± 1.27
  Final Train: 47.03 ± 6.92
   Final Test: 40.48 ± 2.05
Saving results to results/squirrel/MPNN_gat.csv

Running with Pre-trained MLP Regularization (lambda=0.005)...
Namespace(bn=True, cpu=False, data_dir='./data/', dataset='squirrel', device=0, display_step=100, dropout=0.5, epochs=500, gnn='gat', hidden_channels=512, jk=False, label_num_per_class=20, lambda_val=0.005, ln=False, local_layers=7, lr=0.005, metric='acc', mlp_epochs=500, mlp_reg=True, model='MPNN', model_dir='./model/', num_heads=1, pre_linear=False, pre_ln=False, rand_split=False, rand_split_class=False, reg_start_epoch=10, reg_update_freq=5, res=True, runs=10, save_model=False, seed=42, test_num=1000, train_prop=0.5, use_reg=True, valid_num=500, valid_prop=0.25, weight_decay=0.0005)
squirrel
dataset squirrel | num nodes 2223 | num edge 46998 | num node feats 2089 | num classes 5
MODEL: MPNNs(
  (h_lins): ModuleList()
  (local_convs): ModuleList(
    (0): GATConv(2089, 512, heads=1)
    (1): GATConv(512, 512, heads=1)
    (2): GATConv(512, 512, heads=1)
    (3): GATConv(512, 512, heads=1)
    (4): GATConv(512, 512, heads=1)
    (5): GATConv(512, 512, heads=1)
    (6): GATConv(512, 512, heads=1)
  )
  (lins): ModuleList(
    (0): Linear(in_features=2089, out_features=512, bias=True)
    (1): Linear(in_features=512, out_features=512, bias=True)
    (2): Linear(in_features=512, out_features=512, bias=True)
    (3): Linear(in_features=512, out_features=512, bias=True)
    (4): Linear(in_features=512, out_features=512, bias=True)
    (5): Linear(in_features=512, out_features=512, bias=True)
    (6): Linear(in_features=512, out_features=512, bias=True)
  )
  (lns): ModuleList(
    (0): LayerNorm((512,), eps=1e-05, elementwise_affine=True)
    (1): LayerNorm((512,), eps=1e-05, elementwise_affine=True)
    (2): LayerNorm((512,), eps=1e-05, elementwise_affine=True)
    (3): LayerNorm((512,), eps=1e-05, elementwise_affine=True)
    (4): LayerNorm((512,), eps=1e-05, elementwise_affine=True)
    (5): LayerNorm((512,), eps=1e-05, elementwise_affine=True)
    (6): LayerNorm((512,), eps=1e-05, elementwise_affine=True)
  )
  (bns): ModuleList(
    (0): BatchNorm1d(512, eps=1e-05, momentum=0.1, affine=True, track_running_stats=True)
    (1): BatchNorm1d(512, eps=1e-05, momentum=0.1, affine=True, track_running_stats=True)
    (2): BatchNorm1d(512, eps=1e-05, momentum=0.1, affine=True, track_running_stats=True)
    (3): BatchNorm1d(512, eps=1e-05, momentum=0.1, affine=True, track_running_stats=True)
    (4): BatchNorm1d(512, eps=1e-05, momentum=0.1, affine=True, track_running_stats=True)
    (5): BatchNorm1d(512, eps=1e-05, momentum=0.1, affine=True, track_running_stats=True)
    (6): BatchNorm1d(512, eps=1e-05, momentum=0.1, affine=True, track_running_stats=True)
  )
  (lin_in): Linear(in_features=2089, out_features=512, bias=True)
  (pred_local): Linear(in_features=512, out_features=5, bias=True)
)
Pre-training MLP for 500 epochs to generate co-occurrence matrix...
MLP pre-training complete. Penalty matrix frozen.
Epoch: 00, Loss: 1.7114, Train: 28.49%, Valid: 31.62%, Test: 29.20%, Best Valid: 31.62%, Best Test: 29.20%
Epoch: 100, Loss: 1.3242, Train: 40.93%, Valid: 37.60%, Test: 40.49%, Best Valid: 38.16%, Best Test: 38.05%
Epoch: 200, Loss: 0.7607, Train: 78.25%, Valid: 32.45%, Test: 38.27%, Best Valid: 41.50%, Best Test: 42.48%
Epoch: 300, Loss: 0.2746, Train: 94.21%, Valid: 30.08%, Test: 33.19%, Best Valid: 41.50%, Best Test: 42.48%
Epoch: 400, Loss: 0.0938, Train: 97.15%, Valid: 32.31%, Test: 33.41%, Best Valid: 41.50%, Best Test: 42.48%
Run 01:
Highest Train: 99.91
Highest Valid: 41.50
Highest Test: 44.03
Chosen epoch: 122
Final Train: 43.30
Final Test: 42.48
Pre-training MLP for 500 epochs to generate co-occurrence matrix...
MLP pre-training complete. Penalty matrix frozen.
Epoch: 00, Loss: 1.7438, Train: 17.22%, Valid: 19.29%, Test: 17.16%, Best Valid: 19.29%, Best Test: 17.16%
Epoch: 100, Loss: 1.4312, Train: 33.80%, Valid: 36.86%, Test: 34.76%, Best Valid: 38.86%, Best Test: 37.92%
Epoch: 200, Loss: 1.3587, Train: 38.70%, Valid: 41.00%, Test: 37.92%, Best Valid: 41.86%, Best Test: 38.60%
Epoch: 300, Loss: 1.0235, Train: 52.87%, Valid: 36.86%, Test: 35.21%, Best Valid: 43.14%, Best Test: 40.41%
Epoch: 400, Loss: 0.4735, Train: 89.91%, Valid: 39.57%, Test: 33.86%, Best Valid: 43.14%, Best Test: 40.41%
Run 02:
Highest Train: 97.31
Highest Valid: 43.14
Highest Test: 40.86
Chosen epoch: 267
Final Train: 44.54
Final Test: 40.41
Pre-training MLP for 500 epochs to generate co-occurrence matrix...
MLP pre-training complete. Penalty matrix frozen.
Epoch: 00, Loss: 1.7014, Train: 30.66%, Valid: 32.64%, Test: 35.33%, Best Valid: 32.64%, Best Test: 35.33%
Epoch: 100, Loss: 1.3819, Train: 40.02%, Valid: 39.81%, Test: 38.00%, Best Valid: 41.46%, Best Test: 41.56%
Epoch: 200, Loss: 1.1892, Train: 43.55%, Valid: 38.71%, Test: 42.00%, Best Valid: 41.46%, Best Test: 41.56%
Epoch: 300, Loss: 0.5396, Train: 84.34%, Valid: 37.33%, Test: 36.22%, Best Valid: 42.15%, Best Test: 41.78%
Epoch: 400, Loss: 0.2902, Train: 94.84%, Valid: 34.57%, Test: 32.22%, Best Valid: 42.15%, Best Test: 41.78%
Run 03:
Highest Train: 99.62
Highest Valid: 42.15
Highest Test: 44.44
Chosen epoch: 204
Final Train: 46.13
Final Test: 41.78
Pre-training MLP for 500 epochs to generate co-occurrence matrix...
MLP pre-training complete. Penalty matrix frozen.
Epoch: 00, Loss: 1.7173, Train: 31.70%, Valid: 32.40%, Test: 35.78%, Best Valid: 32.40%, Best Test: 35.78%
Epoch: 100, Loss: 1.3360, Train: 43.49%, Valid: 38.43%, Test: 43.11%, Best Valid: 40.39%, Best Test: 38.67%
Epoch: 200, Loss: 1.0935, Train: 48.02%, Valid: 39.41%, Test: 43.78%, Best Valid: 40.39%, Best Test: 38.67%
Epoch: 300, Loss: 0.7182, Train: 76.32%, Valid: 36.61%, Test: 38.89%, Best Valid: 40.81%, Best Test: 45.33%
Epoch: 400, Loss: 0.3388, Train: 92.55%, Valid: 33.10%, Test: 36.22%, Best Valid: 40.81%, Best Test: 45.33%
Run 04:
Highest Train: 98.02
Highest Valid: 40.81
Highest Test: 46.44
Chosen epoch: 225
Final Train: 49.43
Final Test: 45.33
Pre-training MLP for 500 epochs to generate co-occurrence matrix...
MLP pre-training complete. Penalty matrix frozen.
Epoch: 00, Loss: 1.7467, Train: 15.07%, Valid: 17.66%, Test: 14.92%, Best Valid: 17.66%, Best Test: 14.92%
Epoch: 100, Loss: 1.3724, Train: 37.25%, Valid: 36.16%, Test: 37.64%, Best Valid: 37.83%, Best Test: 41.87%
Epoch: 200, Loss: 1.3246, Train: 41.99%, Valid: 38.53%, Test: 41.20%, Best Valid: 39.64%, Best Test: 39.42%
Epoch: 300, Loss: 1.3274, Train: 38.10%, Valid: 36.02%, Test: 38.08%, Best Valid: 40.47%, Best Test: 41.20%
Epoch: 400, Loss: 1.2988, Train: 42.27%, Valid: 38.80%, Test: 43.43%, Best Valid: 41.03%, Best Test: 41.20%
Run 05:
Highest Train: 69.19
Highest Valid: 41.03
Highest Test: 44.10
Chosen epoch: 332
Final Train: 42.18
Final Test: 41.20
Pre-training MLP for 500 epochs to generate co-occurrence matrix...
MLP pre-training complete. Penalty matrix frozen.
Epoch: 00, Loss: 1.7437, Train: 14.76%, Valid: 13.60%, Test: 14.95%, Best Valid: 13.60%, Best Test: 14.95%
Epoch: 100, Loss: 1.3433, Train: 38.63%, Valid: 32.85%, Test: 35.60%, Best Valid: 38.35%, Best Test: 37.14%
Epoch: 200, Loss: 0.6144, Train: 75.86%, Valid: 37.34%, Test: 37.80%, Best Valid: 40.81%, Best Test: 40.00%
Epoch: 300, Loss: 0.2092, Train: 92.20%, Valid: 32.56%, Test: 33.85%, Best Valid: 40.81%, Best Test: 40.00%
Epoch: 400, Loss: 0.1297, Train: 98.89%, Valid: 35.46%, Test: 34.51%, Best Valid: 40.81%, Best Test: 40.00%
Run 06:
Highest Train: 99.91
Highest Valid: 40.81
Highest Test: 43.74
Chosen epoch: 190
Final Train: 73.91
Final Test: 40.00
Pre-training MLP for 500 epochs to generate co-occurrence matrix...
MLP pre-training complete. Penalty matrix frozen.
Epoch: 00, Loss: 1.7200, Train: 33.55%, Valid: 34.10%, Test: 33.63%, Best Valid: 34.10%, Best Test: 33.63%
Epoch: 100, Loss: 1.3446, Train: 41.38%, Valid: 40.17%, Test: 39.91%, Best Valid: 41.62%, Best Test: 37.22%
Epoch: 200, Loss: 1.0222, Train: 53.18%, Valid: 41.62%, Test: 36.55%, Best Valid: 44.36%, Best Test: 38.12%
Epoch: 300, Loss: 0.3793, Train: 82.95%, Valid: 35.98%, Test: 38.57%, Best Valid: 44.36%, Best Test: 38.12%
Epoch: 400, Loss: 0.2339, Train: 95.12%, Valid: 35.26%, Test: 34.30%, Best Valid: 44.36%, Best Test: 38.12%
Run 07:
Highest Train: 99.35
Highest Valid: 44.36
Highest Test: 41.93
Chosen epoch: 152
Final Train: 44.42
Final Test: 38.12
Pre-training MLP for 500 epochs to generate co-occurrence matrix...
MLP pre-training complete. Penalty matrix frozen.
Epoch: 00, Loss: 1.7476, Train: 24.36%, Valid: 22.19%, Test: 21.25%, Best Valid: 22.19%, Best Test: 21.25%
Epoch: 100, Loss: 1.4007, Train: 39.77%, Valid: 37.48%, Test: 34.18%, Best Valid: 39.92%, Best Test: 39.26%
Epoch: 200, Loss: 1.3354, Train: 39.30%, Valid: 37.21%, Test: 38.11%, Best Valid: 39.92%, Best Test: 39.26%
Epoch: 300, Loss: 1.2789, Train: 41.29%, Valid: 36.13%, Test: 35.57%, Best Valid: 40.19%, Best Test: 38.80%
Epoch: 400, Loss: 1.0984, Train: 54.52%, Valid: 39.51%, Test: 38.34%, Best Valid: 41.81%, Best Test: 36.95%
Run 08:
Highest Train: 92.10
Highest Valid: 42.76
Highest Test: 43.88
Chosen epoch: 441
Final Train: 70.69
Final Test: 40.88
Pre-training MLP for 500 epochs to generate co-occurrence matrix...
MLP pre-training complete. Penalty matrix frozen.
Epoch: 00, Loss: 1.6955, Train: 25.45%, Valid: 22.00%, Test: 20.29%, Best Valid: 22.00%, Best Test: 20.29%
Epoch: 100, Loss: 1.3782, Train: 38.13%, Valid: 39.36%, Test: 38.10%, Best Valid: 39.51%, Best Test: 38.92%
Epoch: 200, Loss: 1.1543, Train: 52.34%, Valid: 41.82%, Test: 38.30%, Best Valid: 42.84%, Best Test: 44.31%
Epoch: 300, Loss: 0.8387, Train: 69.40%, Valid: 37.48%, Test: 36.85%, Best Valid: 42.84%, Best Test: 44.31%
Epoch: 400, Loss: 0.5621, Train: 83.22%, Valid: 36.18%, Test: 36.65%, Best Valid: 42.84%, Best Test: 44.31%
Run 09:
Highest Train: 97.14
Highest Valid: 42.84
Highest Test: 45.13
Chosen epoch: 157
Final Train: 46.43
Final Test: 44.31
Pre-training MLP for 500 epochs to generate co-occurrence matrix...
MLP pre-training complete. Penalty matrix frozen.
Epoch: 00, Loss: 1.6921, Train: 9.96%, Valid: 11.46%, Test: 10.10%, Best Valid: 11.46%, Best Test: 10.10%
Epoch: 100, Loss: 1.4001, Train: 38.92%, Valid: 35.47%, Test: 33.89%, Best Valid: 39.02%, Best Test: 37.74%
Epoch: 200, Loss: 1.3823, Train: 40.50%, Valid: 37.79%, Test: 35.34%, Best Valid: 39.84%, Best Test: 38.22%
Epoch: 300, Loss: 1.3550, Train: 42.09%, Valid: 39.70%, Test: 38.46%, Best Valid: 40.11%, Best Test: 38.70%
Epoch: 400, Loss: 1.3291, Train: 42.09%, Valid: 36.56%, Test: 36.78%, Best Valid: 40.11%, Best Test: 38.70%
Run 10:
Highest Train: 54.93
Highest Valid: 42.02
Highest Test: 42.55
Chosen epoch: 481
Final Train: 54.47
Final Test: 40.87
All runs:
Highest Train: 90.75 ± 15.66
Highest Test: 43.71 ± 1.60
Highest Valid: 42.14 ± 1.15
  Final Train: 51.55 ± 11.50
   Final Test: 41.54 ± 2.09
Saving results to results/squirrel/MPNN_gat.csv

Small lambda sweep completed!
==========================================================
Sweep for squirrel completed at: Sat Apr 25 10:24:51 PM EDT 2026
==========================================================
