==========================================================
Heterophilic MLP-Reg GNN Sweep — Dataset: chameleon
Array task: 5 / Job: 998461
Date: Sat Apr 25 11:58:34 PM EDT 2026 | Host: n0001
==========================================================
Sat Apr 25 23:58:44 2026       
+-----------------------------------------------------------------------------------------+
| NVIDIA-SMI 570.211.01             Driver Version: 570.211.01     CUDA Version: 12.8     |
|-----------------------------------------+------------------------+----------------------+
| GPU  Name                 Persistence-M | Bus-Id          Disp.A | Volatile Uncorr. ECC |
| Fan  Temp   Perf          Pwr:Usage/Cap |           Memory-Usage | GPU-Util  Compute M. |
|                                         |                        |               MIG M. |
|=========================================+========================+======================|
|   0  NVIDIA A100-SXM4-80GB          On  |   00000000:01:00.0 Off |                   On |
| N/A   34C    P0            115W /  500W |    3547MiB /  81920MiB |     N/A      Default |
|                                         |                        |              Enabled |
+-----------------------------------------+------------------------+----------------------+
|   1  NVIDIA A100-SXM4-80GB          On  |   00000000:41:00.0 Off |                   On |
| N/A   33C    P0            112W /  500W |    2169MiB /  81920MiB |     N/A      Default |
|                                         |                        |              Enabled |
+-----------------------------------------+------------------------+----------------------+
|   2  NVIDIA A100-SXM4-80GB          On  |   00000000:81:00.0 Off |                   On |
| N/A   35C    P0            109W /  500W |    5561MiB /  81920MiB |     N/A      Default |
|                                         |                        |              Enabled |
+-----------------------------------------+------------------------+----------------------+
|   3  NVIDIA A100-SXM4-80GB          On  |   00000000:C1:00.0 Off |                   On |
| N/A   25C    P0             49W /  500W |     185MiB /  81920MiB |     N/A      Default |
|                                         |                        |              Enabled |
+-----------------------------------------+------------------------+----------------------+

+-----------------------------------------------------------------------------------------+
| MIG devices:                                                                            |
+------------------+----------------------------------+-----------+-----------------------+
| GPU  GI  CI  MIG |                     Memory-Usage |        Vol|        Shared         |
|      ID  ID  Dev |                       BAR1-Usage | SM     Unc| CE ENC  DEC  OFA  JPG |
|                  |                                  |        ECC|                       |
|==================+==================================+===========+=======================|
|  1   14   0   0  |              27MiB /  9728MiB    | 14      0 |  1   0    0    0    0 |
|                  |                 0MiB / 16383MiB  |           |                       |
+------------------+----------------------------------+-----------+-----------------------+
                                                                                         
+-----------------------------------------------------------------------------------------+
| Processes:                                                                              |
|  GPU   GI   CI              PID   Type   Process name                        GPU Memory |
|        ID   ID                                                               Usage      |
|=========================================================================================|
|    0   13    0           722285      C   python                                 3358MiB |
|    2    9    0           720307      C   python                                 5372MiB |
+-----------------------------------------------------------------------------------------+
1.12.1
True
NVIDIA A100-SXM4-80GB MIG 1g.10gb
==========================================================
Starting MLP-Based Inference Sweep for Baseline Command:
python main.py --gnn gcn  --dataset chameleon --lr 0.005 --local_layers 5 --hidden_channels 512 --weight_decay 0.001 --dropout 0.2 --device 0 --runs 10 --epochs 200
==========================================================
Running Baseline (REG: False)...
Namespace(bn=False, cpu=False, data_dir='./data/', dataset='chameleon', device=0, display_step=100, dropout=0.2, epochs=200, gnn='gcn', hidden_channels=512, jk=False, label_num_per_class=20, lambda_val=0.5, ln=False, local_layers=5, lr=0.005, metric='acc', mlp_epochs=500, mlp_reg=False, model='MPNN', model_dir='./model/', num_heads=1, pre_linear=False, pre_ln=False, rand_split=False, rand_split_class=False, reg_start_epoch=10, reg_update_freq=5, res=False, runs=10, save_model=False, seed=42, test_num=1000, train_prop=0.5, use_reg=False, valid_num=500, valid_prop=0.25, weight_decay=0.001)
chameleon
dataset chameleon | num nodes 890 | num edge 8854 | num node feats 2325 | num classes 5
MODEL: MPNNs(
  (h_lins): ModuleList()
  (local_convs): ModuleList(
    (0): GCNConv(2325, 512)
    (1): GCNConv(512, 512)
    (2): GCNConv(512, 512)
    (3): GCNConv(512, 512)
    (4): GCNConv(512, 512)
  )
  (lins): ModuleList(
    (0): Linear(in_features=2325, out_features=512, bias=True)
    (1): Linear(in_features=512, out_features=512, bias=True)
    (2): Linear(in_features=512, out_features=512, bias=True)
    (3): Linear(in_features=512, out_features=512, bias=True)
    (4): Linear(in_features=512, out_features=512, bias=True)
  )
  (lns): ModuleList(
    (0): LayerNorm((512,), eps=1e-05, elementwise_affine=True)
    (1): LayerNorm((512,), eps=1e-05, elementwise_affine=True)
    (2): LayerNorm((512,), eps=1e-05, elementwise_affine=True)
    (3): LayerNorm((512,), eps=1e-05, elementwise_affine=True)
    (4): LayerNorm((512,), eps=1e-05, elementwise_affine=True)
  )
  (bns): ModuleList(
    (0): BatchNorm1d(512, eps=1e-05, momentum=0.1, affine=True, track_running_stats=True)
    (1): BatchNorm1d(512, eps=1e-05, momentum=0.1, affine=True, track_running_stats=True)
    (2): BatchNorm1d(512, eps=1e-05, momentum=0.1, affine=True, track_running_stats=True)
    (3): BatchNorm1d(512, eps=1e-05, momentum=0.1, affine=True, track_running_stats=True)
    (4): BatchNorm1d(512, eps=1e-05, momentum=0.1, affine=True, track_running_stats=True)
  )
  (lin_in): Linear(in_features=2325, out_features=512, bias=True)
  (pred_local): Linear(in_features=512, out_features=5, bias=True)
)
Epoch: 00, Loss: 1.6033, Train: 24.21%, Valid: 22.65%, Test: 23.20%, Best Valid: 22.65%, Best Test: 23.20%
Epoch: 100, Loss: 1.1047, Train: 51.10%, Valid: 42.86%, Test: 43.81%, Best Valid: 49.13%, Best Test: 39.69%
Run 01:
Highest Train: 65.04
Highest Valid: 49.13
Highest Test: 48.97
Chosen epoch: 91
Final Train: 48.66
Final Test: 39.69
Epoch: 00, Loss: 1.6071, Train: 23.89%, Valid: 23.18%, Test: 22.98%, Best Valid: 23.18%, Best Test: 22.98%
Epoch: 100, Loss: 1.0133, Train: 58.78%, Valid: 40.07%, Test: 41.61%, Best Valid: 42.38%, Best Test: 46.58%
Run 02:
Highest Train: 64.87
Highest Valid: 42.38
Highest Test: 47.20
Chosen epoch: 96
Final Train: 58.78
Final Test: 46.58
Epoch: 00, Loss: 1.6135, Train: 26.78%, Valid: 32.76%, Test: 24.16%, Best Valid: 32.76%, Best Test: 24.16%
Epoch: 100, Loss: 1.0402, Train: 53.79%, Valid: 42.76%, Test: 41.01%, Best Valid: 48.97%, Best Test: 32.58%
Run 03:
Highest Train: 62.32
Highest Valid: 48.97
Highest Test: 46.63
Chosen epoch: 16
Final Train: 45.50
Final Test: 32.58
Epoch: 00, Loss: 1.6087, Train: 35.44%, Valid: 38.44%, Test: 38.04%, Best Valid: 38.44%, Best Test: 38.04%
Epoch: 100, Loss: 1.0012, Train: 56.80%, Valid: 41.50%, Test: 46.20%, Best Valid: 45.58%, Best Test: 51.09%
Run 04:
Highest Train: 67.96
Highest Valid: 45.58
Highest Test: 51.09
Chosen epoch: 63
Final Train: 50.49
Final Test: 51.09
Epoch: 00, Loss: 1.6092, Train: 22.05%, Valid: 25.37%, Test: 24.18%, Best Valid: 25.37%, Best Test: 24.18%
Epoch: 100, Loss: 1.0159, Train: 53.86%, Valid: 41.04%, Test: 43.96%, Best Valid: 44.78%, Best Test: 42.31%
Run 05:
Highest Train: 64.09
Highest Valid: 44.78
Highest Test: 51.10
Chosen epoch: 59
Final Train: 55.91
Final Test: 42.31
Epoch: 00, Loss: 1.6088, Train: 37.33%, Valid: 34.93%, Test: 29.88%, Best Valid: 34.93%, Best Test: 29.88%
Epoch: 100, Loss: 1.0590, Train: 57.37%, Valid: 47.60%, Test: 37.20%, Best Valid: 48.63%, Best Test: 38.41%
Run 06:
Highest Train: 65.67
Highest Valid: 48.63
Highest Test: 42.68
Chosen epoch: 65
Final Train: 57.14
Final Test: 38.41
Epoch: 00, Loss: 1.6040, Train: 26.08%, Valid: 20.77%, Test: 21.81%, Best Valid: 20.77%, Best Test: 21.81%
Epoch: 100, Loss: 0.8954, Train: 65.55%, Valid: 38.03%, Test: 50.00%, Best Valid: 40.14%, Best Test: 48.94%
Run 07:
Highest Train: 70.10
Highest Valid: 42.25
Highest Test: 53.19
Chosen epoch: 119
Final Train: 58.37
Final Test: 47.87
Epoch: 00, Loss: 1.6122, Train: 26.37%, Valid: 22.26%, Test: 18.24%, Best Valid: 22.26%, Best Test: 18.24%
Epoch: 100, Loss: 1.0189, Train: 59.62%, Valid: 41.94%, Test: 47.17%, Best Valid: 45.48%, Best Test: 50.94%
Run 08:
Highest Train: 67.22
Highest Valid: 48.39
Highest Test: 54.72
Chosen epoch: 180
Final Train: 65.80
Final Test: 50.94
Epoch: 00, Loss: 1.6070, Train: 37.59%, Valid: 38.33%, Test: 31.40%, Best Valid: 38.33%, Best Test: 31.40%
Epoch: 100, Loss: 1.0547, Train: 56.15%, Valid: 43.90%, Test: 44.19%, Best Valid: 48.78%, Best Test: 41.28%
Run 09:
Highest Train: 64.73
Highest Valid: 49.13
Highest Test: 48.26
Chosen epoch: 116
Final Train: 59.63
Final Test: 43.02
Epoch: 00, Loss: 1.6088, Train: 27.70%, Valid: 27.34%, Test: 26.34%, Best Valid: 27.34%, Best Test: 26.34%
Epoch: 100, Loss: 1.0838, Train: 55.63%, Valid: 40.29%, Test: 47.85%, Best Valid: 44.96%, Best Test: 44.09%
Run 10:
Highest Train: 68.08
Highest Valid: 46.76
Highest Test: 52.69
Chosen epoch: 128
Final Train: 63.85
Final Test: 50.00
All runs:
Highest Train: 66.01 ± 2.30
Highest Test: 49.65 ± 3.62
Highest Valid: 46.60 ± 2.72
  Final Train: 56.41 ± 6.48
   Final Test: 44.25 ± 6.14
Saving results to results/chameleon/MPNN_gcn.csv

Running with Pre-trained MLP Regularization (lambda=0.01)...
