==========================================================
Homophilic MLP-Reg GNN Sweep — Dataset: cora
Array task: 5 / Job: 998532
Date: Sun Apr 26 12:03:06 AM EDT 2026 | Host: n0002
==========================================================
Sun Apr 26 00:03:15 2026       
+-----------------------------------------------------------------------------------------+
| NVIDIA-SMI 570.211.01             Driver Version: 570.211.01     CUDA Version: 12.8     |
|-----------------------------------------+------------------------+----------------------+
| GPU  Name                 Persistence-M | Bus-Id          Disp.A | Volatile Uncorr. ECC |
| Fan  Temp   Perf          Pwr:Usage/Cap |           Memory-Usage | GPU-Util  Compute M. |
|                                         |                        |               MIG M. |
|=========================================+========================+======================|
|   0  NVIDIA A100-SXM4-80GB          On  |   00000000:01:00.0 Off |                   On |
| N/A   43C    P0            202W /  500W |   38971MiB /  81920MiB |     N/A      Default |
|                                         |                        |              Enabled |
+-----------------------------------------+------------------------+----------------------+
|   1  NVIDIA A100-SXM4-80GB          On  |   00000000:41:00.0 Off |                   On |
| N/A   41C    P0            187W /  500W |   16939MiB /  81920MiB |     N/A      Default |
|                                         |                        |              Enabled |
+-----------------------------------------+------------------------+----------------------+
|   2  NVIDIA A100-SXM4-80GB          On  |   00000000:81:00.0 Off |                   On |
| N/A   42C    P0            155W /  500W |   36855MiB /  81920MiB |     N/A      Default |
|                                         |                        |              Enabled |
+-----------------------------------------+------------------------+----------------------+
|   3  NVIDIA A100-SXM4-80GB          On  |   00000000:C1:00.0 Off |                   On |
| N/A   25C    P0             49W /  500W |     185MiB /  81920MiB |     N/A      Default |
|                                         |                        |              Enabled |
+-----------------------------------------+------------------------+----------------------+

+-----------------------------------------------------------------------------------------+
| MIG devices:                                                                            |
+------------------+----------------------------------+-----------+-----------------------+
| GPU  GI  CI  MIG |                     Memory-Usage |        Vol|        Shared         |
|      ID  ID  Dev |                       BAR1-Usage | SM     Unc| CE ENC  DEC  OFA  JPG |
|                  |                                  |        ECC|                       |
|==================+==================================+===========+=======================|
|  0   13   0   0  |              27MiB /  9728MiB    | 14      0 |  1   0    0    0    0 |
|                  |                 0MiB / 16383MiB  |           |                       |
+------------------+----------------------------------+-----------+-----------------------+
                                                                                         
+-----------------------------------------------------------------------------------------+
| Processes:                                                                              |
|  GPU   GI   CI              PID   Type   Process name                        GPU Memory |
|        ID   ID                                                               Usage      |
|=========================================================================================|
|    1    2    0            53019      C   python                                16748MiB |
|    2    2    0            26137      C   ...strained-crl/.venv/bin/python      36664MiB |
+-----------------------------------------------------------------------------------------+
1.12.1
True
NVIDIA A100-SXM4-80GB MIG 1g.10gb
==========================================================
Starting Homophilic MLP-Reg Sweep for:
python main.py --gnn gcn  --dataset cora --hidden_channels 512 --lr 0.001 --runs 5 --local_layers 3 --weight_decay 5e-4 --dropout 0.7 --rand_split_class --valid_num 500 --test_num 1000 --seed 123 --device 0
==========================================================
Running Baseline (REG: False)...
Namespace(bn=False, cpu=False, data_dir='./data/', dataset='cora', device=0, display_step=100, dropout=0.7, epochs=500, gnn='gcn', hidden_channels=512, jk=False, label_num_per_class=20, lambda_val=0.5, ln=False, local_layers=3, lr=0.001, metric='acc', mlp_epochs=500, mlp_reg=False, model='MPNN', model_dir='./model/', num_heads=1, pre_linear=False, pre_ln=False, rand_split=False, rand_split_class=True, reg_start_epoch=10, reg_update_freq=5, res=False, runs=5, save_model=False, seed=123, test_num=1000, train_prop=0.5, use_reg=False, valid_num=500, valid_prop=0.25, weight_decay=0.0005)
cora

Running with Pre-trained MLP Regularization (lambda=0.01)...
Namespace(bn=False, cpu=False, data_dir='./data/', dataset='cora', device=0, display_step=100, dropout=0.7, epochs=500, gnn='gcn', hidden_channels=512, jk=False, label_num_per_class=20, lambda_val=0.01, ln=False, local_layers=3, lr=0.001, metric='acc', mlp_epochs=500, mlp_reg=True, model='MPNN', model_dir='./model/', num_heads=1, pre_linear=False, pre_ln=False, rand_split=False, rand_split_class=True, reg_start_epoch=10, reg_update_freq=5, res=False, runs=5, save_model=False, seed=123, test_num=1000, train_prop=0.5, use_reg=True, valid_num=500, valid_prop=0.25, weight_decay=0.0005)
cora
Num nodes: 2708
train:torch.Size([140]), valid:torch.Size([500]), test:torch.Size([1000])
dataset cora | num nodes 2708 | num edge 10556 | num node feats 1433 | num classes 7
MODEL: MPNNs(
  (h_lins): ModuleList()
  (local_convs): ModuleList(
    (0): GCNConv(1433, 512)
    (1): GCNConv(512, 512)
    (2): GCNConv(512, 512)
  )
  (lins): ModuleList(
    (0): Linear(in_features=1433, out_features=512, bias=True)
    (1): Linear(in_features=512, out_features=512, bias=True)
    (2): Linear(in_features=512, out_features=512, bias=True)
  )
  (lns): ModuleList(
    (0): LayerNorm((512,), eps=1e-05, elementwise_affine=True)
    (1): LayerNorm((512,), eps=1e-05, elementwise_affine=True)
    (2): LayerNorm((512,), eps=1e-05, elementwise_affine=True)
  )
  (bns): ModuleList(
    (0): BatchNorm1d(512, eps=1e-05, momentum=0.1, affine=True, track_running_stats=True)
    (1): BatchNorm1d(512, eps=1e-05, momentum=0.1, affine=True, track_running_stats=True)
    (2): BatchNorm1d(512, eps=1e-05, momentum=0.1, affine=True, track_running_stats=True)
  )
  (lin_in): Linear(in_features=1433, out_features=512, bias=True)
  (pred_local): Linear(in_features=512, out_features=7, bias=True)
)
Pre-training MLP for 500 epochs to generate co-occurrence matrix...
MLP pre-training complete. Penalty matrix frozen.
Epoch: 00, Loss: 1.9639, Train: 16.43%, Valid: 15.80%, Test: 12.30%, Best Valid: 15.80%, Best Test: 12.30%
Epoch: 100, Loss: 0.0120, Train: 100.00%, Valid: 80.80%, Test: 84.40%, Best Valid: 81.00%, Best Test: 83.70%
Epoch: 200, Loss: 0.0050, Train: 100.00%, Valid: 78.40%, Test: 82.70%, Best Valid: 81.00%, Best Test: 83.70%
Epoch: 300, Loss: 0.0051, Train: 100.00%, Valid: 77.80%, Test: 82.20%, Best Valid: 81.00%, Best Test: 83.70%
Epoch: 400, Loss: 0.0065, Train: 100.00%, Valid: 79.40%, Test: 83.30%, Best Valid: 81.00%, Best Test: 83.70%
Run 01:
Highest Train: 100.00
Highest Valid: 81.00
Highest Test: 84.80
Chosen epoch: 25
Final Train: 95.71
Final Test: 83.70
Pre-training MLP for 500 epochs to generate co-occurrence matrix...
MLP pre-training complete. Penalty matrix frozen.
Epoch: 00, Loss: 1.9661, Train: 17.14%, Valid: 28.20%, Test: 28.90%, Best Valid: 28.20%, Best Test: 28.90%
Epoch: 100, Loss: 0.0071, Train: 100.00%, Valid: 79.00%, Test: 84.20%, Best Valid: 82.20%, Best Test: 84.60%
Epoch: 200, Loss: 0.0051, Train: 100.00%, Valid: 78.80%, Test: 84.10%, Best Valid: 82.20%, Best Test: 84.60%
Epoch: 300, Loss: 0.0040, Train: 100.00%, Valid: 79.00%, Test: 83.30%, Best Valid: 82.20%, Best Test: 84.60%
Epoch: 400, Loss: 0.0049, Train: 100.00%, Valid: 78.00%, Test: 82.60%, Best Valid: 82.20%, Best Test: 84.60%
Run 02:
Highest Train: 100.00
Highest Valid: 82.20
Highest Test: 85.40
Chosen epoch: 42
Final Train: 100.00
Final Test: 84.60
Pre-training MLP for 500 epochs to generate co-occurrence matrix...
MLP pre-training complete. Penalty matrix frozen.
Epoch: 00, Loss: 1.9653, Train: 15.71%, Valid: 16.00%, Test: 12.60%, Best Valid: 16.00%, Best Test: 12.60%
Epoch: 100, Loss: 0.0067, Train: 100.00%, Valid: 79.20%, Test: 82.90%, Best Valid: 82.80%, Best Test: 84.40%
Epoch: 200, Loss: 0.0070, Train: 100.00%, Valid: 77.60%, Test: 82.40%, Best Valid: 82.80%, Best Test: 84.40%
Epoch: 300, Loss: 0.0066, Train: 100.00%, Valid: 77.00%, Test: 81.50%, Best Valid: 82.80%, Best Test: 84.40%
Epoch: 400, Loss: 0.0050, Train: 100.00%, Valid: 77.20%, Test: 82.30%, Best Valid: 82.80%, Best Test: 84.40%
Run 03:
Highest Train: 100.00
Highest Valid: 82.80
Highest Test: 85.20
Chosen epoch: 25
Final Train: 95.71
Final Test: 84.40
Pre-training MLP for 500 epochs to generate co-occurrence matrix...
MLP pre-training complete. Penalty matrix frozen.
Epoch: 00, Loss: 1.9707, Train: 27.86%, Valid: 22.60%, Test: 25.70%, Best Valid: 22.60%, Best Test: 25.70%
Epoch: 100, Loss: 0.0078, Train: 100.00%, Valid: 78.40%, Test: 83.80%, Best Valid: 81.20%, Best Test: 83.70%
Epoch: 200, Loss: 0.0075, Train: 100.00%, Valid: 78.80%, Test: 83.50%, Best Valid: 81.20%, Best Test: 83.70%
Epoch: 300, Loss: 0.0043, Train: 100.00%, Valid: 78.40%, Test: 83.30%, Best Valid: 81.20%, Best Test: 83.70%
Epoch: 400, Loss: 0.0052, Train: 100.00%, Valid: 78.20%, Test: 82.30%, Best Valid: 81.20%, Best Test: 83.70%
Run 04:
Highest Train: 100.00
Highest Valid: 81.20
Highest Test: 85.10
Chosen epoch: 31
Final Train: 98.57
Final Test: 83.70
Pre-training MLP for 500 epochs to generate co-occurrence matrix...
MLP pre-training complete. Penalty matrix frozen.
Epoch: 00, Loss: 1.9645, Train: 25.00%, Valid: 20.20%, Test: 17.80%, Best Valid: 20.20%, Best Test: 17.80%
Epoch: 100, Loss: 0.0080, Train: 100.00%, Valid: 79.00%, Test: 83.60%, Best Valid: 81.40%, Best Test: 84.40%
Epoch: 200, Loss: 0.0073, Train: 100.00%, Valid: 78.20%, Test: 82.80%, Best Valid: 81.40%, Best Test: 84.40%
Epoch: 300, Loss: 0.0042, Train: 100.00%, Valid: 76.80%, Test: 81.00%, Best Valid: 81.40%, Best Test: 84.40%
Epoch: 400, Loss: 0.0062, Train: 100.00%, Valid: 77.00%, Test: 81.60%, Best Valid: 81.40%, Best Test: 84.40%
Run 05:
Highest Train: 100.00
Highest Valid: 81.40
Highest Test: 85.20
Chosen epoch: 35
Final Train: 100.00
Final Test: 84.40
All runs:
Highest Train: 100.00 ± 0.00
Highest Test: 85.14 ± 0.22
Highest Valid: 81.72 ± 0.76
  Final Train: 98.00 ± 2.17
   Final Test: 84.16 ± 0.43
Saving results to results/cora/MPNN_gcn.csv

Running with Pre-trained MLP Regularization (lambda=0.1)...
Namespace(bn=False, cpu=False, data_dir='./data/', dataset='cora', device=0, display_step=100, dropout=0.7, epochs=500, gnn='gcn', hidden_channels=512, jk=False, label_num_per_class=20, lambda_val=0.1, ln=False, local_layers=3, lr=0.001, metric='acc', mlp_epochs=500, mlp_reg=True, model='MPNN', model_dir='./model/', num_heads=1, pre_linear=False, pre_ln=False, rand_split=False, rand_split_class=True, reg_start_epoch=10, reg_update_freq=5, res=False, runs=5, save_model=False, seed=123, test_num=1000, train_prop=0.5, use_reg=True, valid_num=500, valid_prop=0.25, weight_decay=0.0005)
cora
Num nodes: 2708
train:torch.Size([140]), valid:torch.Size([500]), test:torch.Size([1000])
dataset cora | num nodes 2708 | num edge 10556 | num node feats 1433 | num classes 7
MODEL: MPNNs(
  (h_lins): ModuleList()
  (local_convs): ModuleList(
    (0): GCNConv(1433, 512)
    (1): GCNConv(512, 512)
    (2): GCNConv(512, 512)
  )
  (lins): ModuleList(
    (0): Linear(in_features=1433, out_features=512, bias=True)
    (1): Linear(in_features=512, out_features=512, bias=True)
    (2): Linear(in_features=512, out_features=512, bias=True)
  )
  (lns): ModuleList(
    (0): LayerNorm((512,), eps=1e-05, elementwise_affine=True)
    (1): LayerNorm((512,), eps=1e-05, elementwise_affine=True)
    (2): LayerNorm((512,), eps=1e-05, elementwise_affine=True)
  )
  (bns): ModuleList(
    (0): BatchNorm1d(512, eps=1e-05, momentum=0.1, affine=True, track_running_stats=True)
    (1): BatchNorm1d(512, eps=1e-05, momentum=0.1, affine=True, track_running_stats=True)
    (2): BatchNorm1d(512, eps=1e-05, momentum=0.1, affine=True, track_running_stats=True)
  )
  (lin_in): Linear(in_features=1433, out_features=512, bias=True)
  (pred_local): Linear(in_features=512, out_features=7, bias=True)
)
Pre-training MLP for 500 epochs to generate co-occurrence matrix...
MLP pre-training complete. Penalty matrix frozen.
Epoch: 00, Loss: 2.1389, Train: 16.43%, Valid: 15.80%, Test: 12.10%, Best Valid: 15.80%, Best Test: 12.10%
Epoch: 100, Loss: 0.0153, Train: 100.00%, Valid: 80.80%, Test: 85.00%, Best Valid: 81.80%, Best Test: 84.10%
Epoch: 200, Loss: 0.0060, Train: 100.00%, Valid: 78.60%, Test: 83.50%, Best Valid: 81.80%, Best Test: 84.10%
Epoch: 300, Loss: 0.0048, Train: 100.00%, Valid: 78.60%, Test: 82.60%, Best Valid: 81.80%, Best Test: 84.10%
Epoch: 400, Loss: 0.0079, Train: 100.00%, Valid: 79.60%, Test: 83.60%, Best Valid: 81.80%, Best Test: 84.10%
Run 01:
Highest Train: 100.00
Highest Valid: 81.80
Highest Test: 85.20
Chosen epoch: 45
Final Train: 100.00
Final Test: 84.10
Pre-training MLP for 500 epochs to generate co-occurrence matrix...
MLP pre-training complete. Penalty matrix frozen.
Epoch: 00, Loss: 2.1413, Train: 15.71%, Valid: 28.80%, Test: 29.00%, Best Valid: 28.80%, Best Test: 29.00%
Epoch: 100, Loss: 0.0108, Train: 100.00%, Valid: 79.80%, Test: 84.10%, Best Valid: 82.20%, Best Test: 85.00%
Epoch: 200, Loss: 0.0057, Train: 100.00%, Valid: 78.80%, Test: 84.50%, Best Valid: 82.20%, Best Test: 85.00%
Epoch: 300, Loss: 0.0050, Train: 100.00%, Valid: 80.00%, Test: 83.90%, Best Valid: 82.20%, Best Test: 85.00%
Epoch: 400, Loss: 0.0056, Train: 100.00%, Valid: 79.20%, Test: 83.30%, Best Valid: 82.20%, Best Test: 85.00%
Run 02:
Highest Train: 100.00
Highest Valid: 82.20
Highest Test: 86.00
Chosen epoch: 42
Final Train: 100.00
Final Test: 85.00
Pre-training MLP for 500 epochs to generate co-occurrence matrix...
MLP pre-training complete. Penalty matrix frozen.
Epoch: 00, Loss: 2.1404, Train: 15.71%, Valid: 16.40%, Test: 13.10%, Best Valid: 16.40%, Best Test: 13.10%
Epoch: 100, Loss: 0.0108, Train: 100.00%, Valid: 80.40%, Test: 83.60%, Best Valid: 82.80%, Best Test: 84.50%
Epoch: 200, Loss: 0.0074, Train: 100.00%, Valid: 78.00%, Test: 82.90%, Best Valid: 82.80%, Best Test: 84.50%
Epoch: 300, Loss: 0.0076, Train: 100.00%, Valid: 76.80%, Test: 81.50%, Best Valid: 82.80%, Best Test: 84.50%
Epoch: 400, Loss: 0.0053, Train: 100.00%, Valid: 77.20%, Test: 82.50%, Best Valid: 82.80%, Best Test: 84.50%
Run 03:
Highest Train: 100.00
Highest Valid: 82.80
Highest Test: 85.20
Chosen epoch: 25
Final Train: 96.43
Final Test: 84.50
Pre-training MLP for 500 epochs to generate co-occurrence matrix...
MLP pre-training complete. Penalty matrix frozen.
Epoch: 00, Loss: 2.1464, Train: 27.86%, Valid: 24.80%, Test: 28.20%, Best Valid: 24.80%, Best Test: 28.20%
Epoch: 100, Loss: 0.0109, Train: 100.00%, Valid: 78.80%, Test: 84.00%, Best Valid: 81.00%, Best Test: 84.00%
Epoch: 200, Loss: 0.0085, Train: 100.00%, Valid: 78.80%, Test: 83.50%, Best Valid: 81.00%, Best Test: 84.00%
Epoch: 300, Loss: 0.0043, Train: 100.00%, Valid: 79.00%, Test: 83.10%, Best Valid: 81.00%, Best Test: 84.00%
Epoch: 400, Loss: 0.0073, Train: 100.00%, Valid: 79.00%, Test: 82.60%, Best Valid: 81.00%, Best Test: 84.00%
Run 04:
Highest Train: 100.00
Highest Valid: 81.00
Highest Test: 85.60
Chosen epoch: 31
Final Train: 98.57
Final Test: 84.00
Pre-training MLP for 500 epochs to generate co-occurrence matrix...
MLP pre-training complete. Penalty matrix frozen.
Epoch: 00, Loss: 2.1396, Train: 25.00%, Valid: 20.00%, Test: 17.70%, Best Valid: 20.00%, Best Test: 17.70%
Epoch: 100, Loss: 0.0114, Train: 100.00%, Valid: 80.20%, Test: 84.20%, Best Valid: 81.60%, Best Test: 84.30%
Epoch: 200, Loss: 0.0073, Train: 100.00%, Valid: 78.60%, Test: 83.20%, Best Valid: 81.60%, Best Test: 84.30%
Epoch: 300, Loss: 0.0048, Train: 100.00%, Valid: 76.80%, Test: 81.20%, Best Valid: 81.60%, Best Test: 84.30%
Epoch: 400, Loss: 0.0072, Train: 100.00%, Valid: 77.80%, Test: 81.60%, Best Valid: 81.60%, Best Test: 84.30%
Run 05:
Highest Train: 100.00
Highest Valid: 81.60
Highest Test: 85.30
Chosen epoch: 35
Final Train: 100.00
Final Test: 84.30
All runs:
Highest Train: 100.00 ± 0.00
Highest Test: 85.46 ± 0.34
Highest Valid: 81.88 ± 0.67
  Final Train: 99.00 ± 1.56
   Final Test: 84.38 ± 0.40
Saving results to results/cora/MPNN_gcn.csv

Running with Pre-trained MLP Regularization (lambda=1.0)...
Namespace(bn=False, cpu=False, data_dir='./data/', dataset='cora', device=0, display_step=100, dropout=0.7, epochs=500, gnn='gcn', hidden_channels=512, jk=False, label_num_per_class=20, lambda_val=1.0, ln=False, local_layers=3, lr=0.001, metric='acc', mlp_epochs=500, mlp_reg=True, model='MPNN', model_dir='./model/', num_heads=1, pre_linear=False, pre_ln=False, rand_split=False, rand_split_class=True, reg_start_epoch=10, reg_update_freq=5, res=False, runs=5, save_model=False, seed=123, test_num=1000, train_prop=0.5, use_reg=True, valid_num=500, valid_prop=0.25, weight_decay=0.0005)
cora
Num nodes: 2708
train:torch.Size([140]), valid:torch.Size([500]), test:torch.Size([1000])
dataset cora | num nodes 2708 | num edge 10556 | num node feats 1433 | num classes 7
MODEL: MPNNs(
  (h_lins): ModuleList()
  (local_convs): ModuleList(
    (0): GCNConv(1433, 512)
    (1): GCNConv(512, 512)
    (2): GCNConv(512, 512)
  )
  (lins): ModuleList(
    (0): Linear(in_features=1433, out_features=512, bias=True)
    (1): Linear(in_features=512, out_features=512, bias=True)
    (2): Linear(in_features=512, out_features=512, bias=True)
  )
  (lns): ModuleList(
    (0): LayerNorm((512,), eps=1e-05, elementwise_affine=True)
    (1): LayerNorm((512,), eps=1e-05, elementwise_affine=True)
    (2): LayerNorm((512,), eps=1e-05, elementwise_affine=True)
  )
  (bns): ModuleList(
    (0): BatchNorm1d(512, eps=1e-05, momentum=0.1, affine=True, track_running_stats=True)
    (1): BatchNorm1d(512, eps=1e-05, momentum=0.1, affine=True, track_running_stats=True)
    (2): BatchNorm1d(512, eps=1e-05, momentum=0.1, affine=True, track_running_stats=True)
  )
  (lin_in): Linear(in_features=1433, out_features=512, bias=True)
  (pred_local): Linear(in_features=512, out_features=7, bias=True)
)
Pre-training MLP for 500 epochs to generate co-occurrence matrix...
MLP pre-training complete. Penalty matrix frozen.
Epoch: 00, Loss: 3.8889, Train: 16.43%, Valid: 15.40%, Test: 11.80%, Best Valid: 15.40%, Best Test: 11.80%
Epoch: 100, Loss: 0.0504, Train: 100.00%, Valid: 81.00%, Test: 85.40%, Best Valid: 83.00%, Best Test: 85.00%
Epoch: 200, Loss: 0.0136, Train: 100.00%, Valid: 81.60%, Test: 84.80%, Best Valid: 83.00%, Best Test: 85.00%
Epoch: 300, Loss: 0.0114, Train: 100.00%, Valid: 80.40%, Test: 84.70%, Best Valid: 83.00%, Best Test: 85.00%
Epoch: 400, Loss: 0.0122, Train: 100.00%, Valid: 80.00%, Test: 84.20%, Best Valid: 83.00%, Best Test: 85.00%
Run 01:
Highest Train: 100.00
Highest Valid: 83.00
Highest Test: 85.80
Chosen epoch: 47
Final Train: 100.00
Final Test: 85.00
Pre-training MLP for 500 epochs to generate co-occurrence matrix...
MLP pre-training complete. Penalty matrix frozen.
Epoch: 00, Loss: 3.8932, Train: 14.29%, Valid: 28.80%, Test: 29.40%, Best Valid: 28.80%, Best Test: 29.40%
Epoch: 100, Loss: 0.0460, Train: 100.00%, Valid: 80.80%, Test: 85.90%, Best Valid: 83.60%, Best Test: 85.50%
Epoch: 200, Loss: 0.0096, Train: 100.00%, Valid: 80.20%, Test: 85.60%, Best Valid: 83.60%, Best Test: 85.50%
Epoch: 300, Loss: 0.0116, Train: 100.00%, Valid: 81.00%, Test: 85.80%, Best Valid: 83.60%, Best Test: 85.50%
Epoch: 400, Loss: 0.0108, Train: 100.00%, Valid: 80.20%, Test: 84.50%, Best Valid: 83.60%, Best Test: 85.50%
Run 02:
Highest Train: 100.00
Highest Valid: 83.60
Highest Test: 86.50
Chosen epoch: 46
Final Train: 100.00
Final Test: 85.50
Pre-training MLP for 500 epochs to generate co-occurrence matrix...
MLP pre-training complete. Penalty matrix frozen.
Epoch: 00, Loss: 3.8917, Train: 16.43%, Valid: 17.60%, Test: 15.10%, Best Valid: 17.60%, Best Test: 15.10%
Epoch: 100, Loss: 0.0527, Train: 100.00%, Valid: 81.00%, Test: 85.00%, Best Valid: 83.60%, Best Test: 85.70%
Epoch: 200, Loss: 0.0120, Train: 100.00%, Valid: 80.40%, Test: 85.20%, Best Valid: 83.60%, Best Test: 85.70%
Epoch: 300, Loss: 0.0136, Train: 100.00%, Valid: 78.60%, Test: 84.00%, Best Valid: 83.60%, Best Test: 85.70%
Epoch: 400, Loss: 0.0097, Train: 100.00%, Valid: 77.80%, Test: 83.40%, Best Valid: 83.60%, Best Test: 85.70%
Run 03:
Highest Train: 100.00
Highest Valid: 83.60
Highest Test: 85.80
Chosen epoch: 35
Final Train: 98.57
Final Test: 85.70
Pre-training MLP for 500 epochs to generate co-occurrence matrix...
MLP pre-training complete. Penalty matrix frozen.
Epoch: 00, Loss: 3.9025, Train: 25.71%, Valid: 30.20%, Test: 30.50%, Best Valid: 30.20%, Best Test: 30.50%
Epoch: 100, Loss: 0.0474, Train: 100.00%, Valid: 81.00%, Test: 86.10%, Best Valid: 83.40%, Best Test: 85.80%
Epoch: 200, Loss: 0.0173, Train: 100.00%, Valid: 79.80%, Test: 85.10%, Best Valid: 83.40%, Best Test: 85.80%
Epoch: 300, Loss: 0.0098, Train: 100.00%, Valid: 80.20%, Test: 84.70%, Best Valid: 83.40%, Best Test: 85.80%
Epoch: 400, Loss: 0.0108, Train: 100.00%, Valid: 80.00%, Test: 83.90%, Best Valid: 83.40%, Best Test: 85.80%
Run 04:
Highest Train: 100.00
Highest Valid: 83.40
Highest Test: 86.60
Chosen epoch: 31
Final Train: 97.86
Final Test: 85.80
Pre-training MLP for 500 epochs to generate co-occurrence matrix...
MLP pre-training complete. Penalty matrix frozen.
Epoch: 00, Loss: 3.8901, Train: 21.43%, Valid: 20.00%, Test: 17.10%, Best Valid: 20.00%, Best Test: 17.10%
Epoch: 100, Loss: 0.0483, Train: 100.00%, Valid: 81.00%, Test: 85.10%, Best Valid: 82.60%, Best Test: 84.60%
Epoch: 200, Loss: 0.0123, Train: 100.00%, Valid: 81.40%, Test: 84.10%, Best Valid: 82.60%, Best Test: 84.60%
Epoch: 300, Loss: 0.0102, Train: 100.00%, Valid: 79.20%, Test: 83.90%, Best Valid: 82.60%, Best Test: 84.60%
Epoch: 400, Loss: 0.0223, Train: 100.00%, Valid: 80.60%, Test: 83.70%, Best Valid: 82.60%, Best Test: 84.60%
Run 05:
Highest Train: 100.00
Highest Valid: 82.60
Highest Test: 86.40
Chosen epoch: 37
Final Train: 100.00
Final Test: 84.60
All runs:
Highest Train: 100.00 ± 0.00
Highest Test: 86.22 ± 0.39
Highest Valid: 83.24 ± 0.43
  Final Train: 99.29 ± 1.01
   Final Test: 85.32 ± 0.51
Saving results to results/cora/MPNN_gcn.csv

Homophilic sweep completed!
==========================================================
Starting Homophilic MLP-Reg Sweep for:
python main.py --gnn sage --dataset cora --hidden_channels 256 --lr 0.001 --runs 5 --local_layers 3 --weight_decay 5e-4 --dropout 0.7 --rand_split_class --valid_num 500 --test_num 1000 --seed 123 --device 0
==========================================================
Running Baseline (REG: False)...
Namespace(bn=False, cpu=False, data_dir='./data/', dataset='cora', device=0, display_step=100, dropout=0.7, epochs=500, gnn='sage', hidden_channels=256, jk=False, label_num_per_class=20, lambda_val=0.5, ln=False, local_layers=3, lr=0.001, metric='acc', mlp_epochs=500, mlp_reg=False, model='MPNN', model_dir='./model/', num_heads=1, pre_linear=False, pre_ln=False, rand_split=False, rand_split_class=True, reg_start_epoch=10, reg_update_freq=5, res=False, runs=5, save_model=False, seed=123, test_num=1000, train_prop=0.5, use_reg=False, valid_num=500, valid_prop=0.25, weight_decay=0.0005)
cora
Num nodes: 2708
train:torch.Size([140]), valid:torch.Size([500]), test:torch.Size([1000])
dataset cora | num nodes 2708 | num edge 10556 | num node feats 1433 | num classes 7
MODEL: MPNNs(
  (h_lins): ModuleList()
  (local_convs): ModuleList(
    (0): SAGEConv(1433, 256, aggr=mean)
    (1): SAGEConv(256, 256, aggr=mean)
    (2): SAGEConv(256, 256, aggr=mean)
  )
  (lins): ModuleList(
    (0): Linear(in_features=1433, out_features=256, bias=True)
    (1): Linear(in_features=256, out_features=256, bias=True)
    (2): Linear(in_features=256, out_features=256, bias=True)
  )
  (lns): ModuleList(
    (0): LayerNorm((256,), eps=1e-05, elementwise_affine=True)
    (1): LayerNorm((256,), eps=1e-05, elementwise_affine=True)
    (2): LayerNorm((256,), eps=1e-05, elementwise_affine=True)
  )
  (bns): ModuleList(
    (0): BatchNorm1d(256, eps=1e-05, momentum=0.1, affine=True, track_running_stats=True)
    (1): BatchNorm1d(256, eps=1e-05, momentum=0.1, affine=True, track_running_stats=True)
    (2): BatchNorm1d(256, eps=1e-05, momentum=0.1, affine=True, track_running_stats=True)
  )
  (lin_in): Linear(in_features=1433, out_features=256, bias=True)
  (pred_local): Linear(in_features=256, out_features=7, bias=True)
)
Epoch: 00, Loss: 1.9466, Train: 14.29%, Valid: 15.80%, Test: 15.70%, Best Valid: 15.80%, Best Test: 15.70%
Epoch: 100, Loss: 0.0030, Train: 100.00%, Valid: 77.40%, Test: 82.40%, Best Valid: 79.40%, Best Test: 83.70%
Epoch: 200, Loss: 0.0058, Train: 100.00%, Valid: 78.60%, Test: 82.20%, Best Valid: 79.40%, Best Test: 83.70%
Epoch: 300, Loss: 0.0041, Train: 100.00%, Valid: 77.40%, Test: 81.40%, Best Valid: 79.40%, Best Test: 83.70%
Epoch: 400, Loss: 0.0040, Train: 100.00%, Valid: 77.40%, Test: 82.80%, Best Valid: 79.40%, Best Test: 83.70%
Run 01:
Highest Train: 100.00
Highest Valid: 79.40
Highest Test: 84.00
Chosen epoch: 46
Final Train: 100.00
Final Test: 83.70
Epoch: 00, Loss: 1.9421, Train: 17.14%, Valid: 28.80%, Test: 30.50%, Best Valid: 28.80%, Best Test: 30.50%
Epoch: 100, Loss: 0.0069, Train: 100.00%, Valid: 77.80%, Test: 82.10%, Best Valid: 80.40%, Best Test: 83.50%
Epoch: 200, Loss: 0.0015, Train: 100.00%, Valid: 77.60%, Test: 81.50%, Best Valid: 80.40%, Best Test: 83.50%
Epoch: 300, Loss: 0.0045, Train: 100.00%, Valid: 78.00%, Test: 82.10%, Best Valid: 80.40%, Best Test: 83.50%
Epoch: 400, Loss: 0.0016, Train: 100.00%, Valid: 77.40%, Test: 82.10%, Best Valid: 80.40%, Best Test: 83.50%
Run 02:
Highest Train: 100.00
Highest Valid: 80.40
Highest Test: 83.70
Chosen epoch: 32
Final Train: 100.00
Final Test: 83.50
Epoch: 00, Loss: 1.9502, Train: 14.29%, Valid: 15.80%, Test: 15.70%, Best Valid: 15.80%, Best Test: 15.70%
Epoch: 100, Loss: 0.0064, Train: 100.00%, Valid: 78.00%, Test: 81.70%, Best Valid: 80.20%, Best Test: 82.70%
Epoch: 200, Loss: 0.0026, Train: 100.00%, Valid: 78.20%, Test: 81.90%, Best Valid: 80.20%, Best Test: 82.70%
Epoch: 300, Loss: 0.0030, Train: 100.00%, Valid: 77.40%, Test: 81.90%, Best Valid: 80.20%, Best Test: 82.70%
Epoch: 400, Loss: 0.0024, Train: 100.00%, Valid: 77.40%, Test: 81.50%, Best Valid: 80.20%, Best Test: 82.70%
Run 03:
Highest Train: 100.00
Highest Valid: 80.20
Highest Test: 83.90
Chosen epoch: 42
Final Train: 100.00
Final Test: 82.70
Epoch: 00, Loss: 1.9461, Train: 14.29%, Valid: 14.60%, Test: 11.40%, Best Valid: 14.60%, Best Test: 11.40%
Epoch: 100, Loss: 0.0083, Train: 100.00%, Valid: 77.80%, Test: 81.10%, Best Valid: 79.20%, Best Test: 81.50%
Epoch: 200, Loss: 0.0017, Train: 100.00%, Valid: 75.80%, Test: 80.80%, Best Valid: 79.20%, Best Test: 81.50%
Epoch: 300, Loss: 0.0022, Train: 100.00%, Valid: 76.80%, Test: 80.80%, Best Valid: 79.20%, Best Test: 81.50%
Epoch: 400, Loss: 0.0031, Train: 100.00%, Valid: 76.40%, Test: 81.90%, Best Valid: 79.20%, Best Test: 81.50%
Run 04:
Highest Train: 100.00
Highest Valid: 79.20
Highest Test: 82.80
Chosen epoch: 39
Final Train: 100.00
Final Test: 81.50
Epoch: 00, Loss: 1.9522, Train: 20.71%, Valid: 15.60%, Test: 16.40%, Best Valid: 15.60%, Best Test: 16.40%
Epoch: 100, Loss: 0.0088, Train: 100.00%, Valid: 78.80%, Test: 82.80%, Best Valid: 81.00%, Best Test: 84.70%
Epoch: 200, Loss: 0.0043, Train: 100.00%, Valid: 78.80%, Test: 82.70%, Best Valid: 81.00%, Best Test: 84.70%
Epoch: 300, Loss: 0.0027, Train: 100.00%, Valid: 78.40%, Test: 82.90%, Best Valid: 81.00%, Best Test: 84.70%
Epoch: 400, Loss: 0.0036, Train: 100.00%, Valid: 78.60%, Test: 81.50%, Best Valid: 81.00%, Best Test: 84.70%
Run 05:
Highest Train: 100.00
Highest Valid: 81.00
Highest Test: 84.70
Chosen epoch: 46
Final Train: 100.00
Final Test: 84.70
All runs:
Highest Train: 100.00 ± 0.00
Highest Test: 83.82 ± 0.68
Highest Valid: 80.04 ± 0.74
  Final Train: 100.00 ± 0.00
   Final Test: 83.22 ± 1.20
Saving results to results/cora/MPNN_sage.csv

Running with Pre-trained MLP Regularization (lambda=0.01)...
Namespace(bn=False, cpu=False, data_dir='./data/', dataset='cora', device=0, display_step=100, dropout=0.7, epochs=500, gnn='sage', hidden_channels=256, jk=False, label_num_per_class=20, lambda_val=0.01, ln=False, local_layers=3, lr=0.001, metric='acc', mlp_epochs=500, mlp_reg=True, model='MPNN', model_dir='./model/', num_heads=1, pre_linear=False, pre_ln=False, rand_split=False, rand_split_class=True, reg_start_epoch=10, reg_update_freq=5, res=False, runs=5, save_model=False, seed=123, test_num=1000, train_prop=0.5, use_reg=True, valid_num=500, valid_prop=0.25, weight_decay=0.0005)
cora
Num nodes: 2708
train:torch.Size([140]), valid:torch.Size([500]), test:torch.Size([1000])
dataset cora | num nodes 2708 | num edge 10556 | num node feats 1433 | num classes 7
MODEL: MPNNs(
  (h_lins): ModuleList()
  (local_convs): ModuleList(
    (0): SAGEConv(1433, 256, aggr=mean)
    (1): SAGEConv(256, 256, aggr=mean)
    (2): SAGEConv(256, 256, aggr=mean)
  )
  (lins): ModuleList(
    (0): Linear(in_features=1433, out_features=256, bias=True)
    (1): Linear(in_features=256, out_features=256, bias=True)
    (2): Linear(in_features=256, out_features=256, bias=True)
  )
  (lns): ModuleList(
    (0): LayerNorm((256,), eps=1e-05, elementwise_affine=True)
    (1): LayerNorm((256,), eps=1e-05, elementwise_affine=True)
    (2): LayerNorm((256,), eps=1e-05, elementwise_affine=True)
  )
  (bns): ModuleList(
    (0): BatchNorm1d(256, eps=1e-05, momentum=0.1, affine=True, track_running_stats=True)
    (1): BatchNorm1d(256, eps=1e-05, momentum=0.1, affine=True, track_running_stats=True)
    (2): BatchNorm1d(256, eps=1e-05, momentum=0.1, affine=True, track_running_stats=True)
  )
  (lin_in): Linear(in_features=1433, out_features=256, bias=True)
  (pred_local): Linear(in_features=256, out_features=7, bias=True)
)
Pre-training MLP for 500 epochs to generate co-occurrence matrix...
MLP pre-training complete. Penalty matrix frozen.
Epoch: 00, Loss: 1.9710, Train: 14.29%, Valid: 15.80%, Test: 15.80%, Best Valid: 15.80%, Best Test: 15.80%
Epoch: 100, Loss: 0.0043, Train: 100.00%, Valid: 77.40%, Test: 82.80%, Best Valid: 79.40%, Best Test: 84.30%
Epoch: 200, Loss: 0.0020, Train: 100.00%, Valid: 77.60%, Test: 82.60%, Best Valid: 79.40%, Best Test: 84.30%
Epoch: 300, Loss: 0.0029, Train: 100.00%, Valid: 77.80%, Test: 82.70%, Best Valid: 79.40%, Best Test: 84.30%
Epoch: 400, Loss: 0.0030, Train: 100.00%, Valid: 77.80%, Test: 82.60%, Best Valid: 79.40%, Best Test: 84.30%
Run 01:
Highest Train: 100.00
Highest Valid: 79.40
Highest Test: 84.30
Chosen epoch: 51
Final Train: 100.00
Final Test: 84.30
Pre-training MLP for 500 epochs to generate co-occurrence matrix...
MLP pre-training complete. Penalty matrix frozen.
Epoch: 00, Loss: 1.9682, Train: 16.43%, Valid: 7.20%, Test: 6.20%, Best Valid: 7.20%, Best Test: 6.20%
Epoch: 100, Loss: 0.0105, Train: 100.00%, Valid: 78.40%, Test: 81.90%, Best Valid: 79.80%, Best Test: 82.30%
Epoch: 200, Loss: 0.0026, Train: 100.00%, Valid: 79.20%, Test: 81.70%, Best Valid: 79.80%, Best Test: 82.30%
Epoch: 300, Loss: 0.0033, Train: 100.00%, Valid: 77.20%, Test: 81.60%, Best Valid: 79.80%, Best Test: 82.30%
Epoch: 400, Loss: 0.0020, Train: 100.00%, Valid: 77.20%, Test: 79.90%, Best Valid: 79.80%, Best Test: 82.30%
Run 02:
Highest Train: 100.00
Highest Valid: 79.80
Highest Test: 83.30
Chosen epoch: 64
Final Train: 100.00
Final Test: 82.30
Pre-training MLP for 500 epochs to generate co-occurrence matrix...
MLP pre-training complete. Penalty matrix frozen.
Epoch: 00, Loss: 1.9631, Train: 15.00%, Valid: 18.00%, Test: 18.60%, Best Valid: 18.00%, Best Test: 18.60%
Epoch: 100, Loss: 0.0199, Train: 100.00%, Valid: 76.60%, Test: 81.30%, Best Valid: 78.80%, Best Test: 82.80%
Epoch: 200, Loss: 0.0019, Train: 100.00%, Valid: 77.40%, Test: 81.00%, Best Valid: 78.80%, Best Test: 82.80%
Epoch: 300, Loss: 0.0046, Train: 100.00%, Valid: 77.60%, Test: 82.40%, Best Valid: 78.80%, Best Test: 82.80%
Epoch: 400, Loss: 0.0074, Train: 100.00%, Valid: 76.20%, Test: 80.70%, Best Valid: 78.80%, Best Test: 82.80%
Run 03:
Highest Train: 100.00
Highest Valid: 78.80
Highest Test: 83.50
Chosen epoch: 41
Final Train: 100.00
Final Test: 82.80
Pre-training MLP for 500 epochs to generate co-occurrence matrix...
MLP pre-training complete. Penalty matrix frozen.
Epoch: 00, Loss: 1.9709, Train: 20.71%, Valid: 16.60%, Test: 17.40%, Best Valid: 16.60%, Best Test: 17.40%
Epoch: 100, Loss: 0.0020, Train: 100.00%, Valid: 78.20%, Test: 81.70%, Best Valid: 81.60%, Best Test: 84.30%
Epoch: 200, Loss: 0.0055, Train: 100.00%, Valid: 78.20%, Test: 81.70%, Best Valid: 81.60%, Best Test: 84.30%
Epoch: 300, Loss: 0.0031, Train: 100.00%, Valid: 77.80%, Test: 81.70%, Best Valid: 81.60%, Best Test: 84.30%
Epoch: 400, Loss: 0.0038, Train: 100.00%, Valid: 78.80%, Test: 83.20%, Best Valid: 81.60%, Best Test: 84.30%
Run 04:
Highest Train: 100.00
Highest Valid: 81.60
Highest Test: 84.30
Chosen epoch: 32
Final Train: 98.57
Final Test: 84.30
Pre-training MLP for 500 epochs to generate co-occurrence matrix...
MLP pre-training complete. Penalty matrix frozen.
Epoch: 00, Loss: 1.9707, Train: 15.71%, Valid: 14.60%, Test: 11.60%, Best Valid: 14.60%, Best Test: 11.60%
Epoch: 100, Loss: 0.0020, Train: 100.00%, Valid: 77.00%, Test: 80.80%, Best Valid: 81.40%, Best Test: 82.60%
Epoch: 200, Loss: 0.0019, Train: 100.00%, Valid: 77.80%, Test: 80.70%, Best Valid: 81.40%, Best Test: 82.60%
Epoch: 300, Loss: 0.0037, Train: 100.00%, Valid: 76.60%, Test: 81.20%, Best Valid: 81.40%, Best Test: 82.60%
Epoch: 400, Loss: 0.0018, Train: 100.00%, Valid: 79.00%, Test: 81.90%, Best Valid: 81.40%, Best Test: 82.60%
Run 05:
Highest Train: 100.00
Highest Valid: 81.40
Highest Test: 83.80
Chosen epoch: 33
Final Train: 100.00
Final Test: 82.60
All runs:
Highest Train: 100.00 ± 0.00
Highest Test: 83.84 ± 0.46
Highest Valid: 80.20 ± 1.24
  Final Train: 99.71 ± 0.64
   Final Test: 83.26 ± 0.97
Saving results to results/cora/MPNN_sage.csv

Running with Pre-trained MLP Regularization (lambda=0.1)...
Namespace(bn=False, cpu=False, data_dir='./data/', dataset='cora', device=0, display_step=100, dropout=0.7, epochs=500, gnn='sage', hidden_channels=256, jk=False, label_num_per_class=20, lambda_val=0.1, ln=False, local_layers=3, lr=0.001, metric='acc', mlp_epochs=500, mlp_reg=True, model='MPNN', model_dir='./model/', num_heads=1, pre_linear=False, pre_ln=False, rand_split=False, rand_split_class=True, reg_start_epoch=10, reg_update_freq=5, res=False, runs=5, save_model=False, seed=123, test_num=1000, train_prop=0.5, use_reg=True, valid_num=500, valid_prop=0.25, weight_decay=0.0005)
cora
Num nodes: 2708
train:torch.Size([140]), valid:torch.Size([500]), test:torch.Size([1000])
dataset cora | num nodes 2708 | num edge 10556 | num node feats 1433 | num classes 7
MODEL: MPNNs(
  (h_lins): ModuleList()
  (local_convs): ModuleList(
    (0): SAGEConv(1433, 256, aggr=mean)
    (1): SAGEConv(256, 256, aggr=mean)
    (2): SAGEConv(256, 256, aggr=mean)
  )
  (lins): ModuleList(
    (0): Linear(in_features=1433, out_features=256, bias=True)
    (1): Linear(in_features=256, out_features=256, bias=True)
    (2): Linear(in_features=256, out_features=256, bias=True)
  )
  (lns): ModuleList(
    (0): LayerNorm((256,), eps=1e-05, elementwise_affine=True)
    (1): LayerNorm((256,), eps=1e-05, elementwise_affine=True)
    (2): LayerNorm((256,), eps=1e-05, elementwise_affine=True)
  )
  (bns): ModuleList(
    (0): BatchNorm1d(256, eps=1e-05, momentum=0.1, affine=True, track_running_stats=True)
    (1): BatchNorm1d(256, eps=1e-05, momentum=0.1, affine=True, track_running_stats=True)
    (2): BatchNorm1d(256, eps=1e-05, momentum=0.1, affine=True, track_running_stats=True)
  )
  (lin_in): Linear(in_features=1433, out_features=256, bias=True)
  (pred_local): Linear(in_features=256, out_features=7, bias=True)
)
Pre-training MLP for 500 epochs to generate co-occurrence matrix...
MLP pre-training complete. Penalty matrix frozen.
Epoch: 00, Loss: 2.1467, Train: 14.29%, Valid: 15.80%, Test: 15.80%, Best Valid: 15.80%, Best Test: 15.80%
Epoch: 100, Loss: 0.0110, Train: 100.00%, Valid: 78.60%, Test: 82.40%, Best Valid: 80.00%, Best Test: 83.60%
Epoch: 200, Loss: 0.0019, Train: 100.00%, Valid: 77.60%, Test: 82.80%, Best Valid: 80.00%, Best Test: 83.60%
Epoch: 300, Loss: 0.0036, Train: 100.00%, Valid: 78.40%, Test: 82.80%, Best Valid: 80.00%, Best Test: 83.60%
Epoch: 400, Loss: 0.0042, Train: 100.00%, Valid: 77.80%, Test: 83.00%, Best Valid: 80.00%, Best Test: 83.60%
Run 01:
Highest Train: 100.00
Highest Valid: 80.00
Highest Test: 84.30
Chosen epoch: 84
Final Train: 100.00
Final Test: 83.60
Pre-training MLP for 500 epochs to generate co-occurrence matrix...
MLP pre-training complete. Penalty matrix frozen.
Epoch: 00, Loss: 2.1436, Train: 16.43%, Valid: 7.20%, Test: 6.20%, Best Valid: 7.20%, Best Test: 6.20%
Epoch: 100, Loss: 0.0127, Train: 100.00%, Valid: 78.40%, Test: 83.10%, Best Valid: 80.20%, Best Test: 83.30%
Epoch: 200, Loss: 0.0028, Train: 100.00%, Valid: 78.80%, Test: 82.80%, Best Valid: 80.20%, Best Test: 83.30%
Epoch: 300, Loss: 0.0032, Train: 100.00%, Valid: 77.60%, Test: 82.10%, Best Valid: 80.20%, Best Test: 83.30%
Epoch: 400, Loss: 0.0027, Train: 100.00%, Valid: 77.60%, Test: 80.40%, Best Valid: 80.20%, Best Test: 83.30%
Run 02:
Highest Train: 100.00
Highest Valid: 80.20
Highest Test: 83.80
Chosen epoch: 64
Final Train: 100.00
Final Test: 83.30
Pre-training MLP for 500 epochs to generate co-occurrence matrix...
MLP pre-training complete. Penalty matrix frozen.
Epoch: 00, Loss: 2.1380, Train: 15.00%, Valid: 18.00%, Test: 19.30%, Best Valid: 18.00%, Best Test: 19.30%
Epoch: 100, Loss: 0.0233, Train: 100.00%, Valid: 78.80%, Test: 81.80%, Best Valid: 79.20%, Best Test: 83.50%
Epoch: 200, Loss: 0.0022, Train: 100.00%, Valid: 77.00%, Test: 81.80%, Best Valid: 79.20%, Best Test: 83.50%
Epoch: 300, Loss: 0.0059, Train: 100.00%, Valid: 77.20%, Test: 82.30%, Best Valid: 79.20%, Best Test: 83.50%
Epoch: 400, Loss: 0.0063, Train: 100.00%, Valid: 76.40%, Test: 80.40%, Best Valid: 79.20%, Best Test: 83.50%
Run 03:
Highest Train: 100.00
Highest Valid: 79.20
Highest Test: 83.50
Chosen epoch: 55
Final Train: 100.00
Final Test: 83.50
Pre-training MLP for 500 epochs to generate co-occurrence matrix...
MLP pre-training complete. Penalty matrix frozen.
Epoch: 00, Loss: 2.1465, Train: 22.14%, Valid: 16.60%, Test: 16.70%, Best Valid: 16.60%, Best Test: 16.70%
Epoch: 100, Loss: 0.0071, Train: 100.00%, Valid: 79.00%, Test: 82.10%, Best Valid: 82.20%, Best Test: 84.20%
Epoch: 200, Loss: 0.0051, Train: 100.00%, Valid: 79.00%, Test: 82.10%, Best Valid: 82.20%, Best Test: 84.20%
Epoch: 300, Loss: 0.0032, Train: 100.00%, Valid: 78.00%, Test: 82.00%, Best Valid: 82.20%, Best Test: 84.20%
Epoch: 400, Loss: 0.0033, Train: 100.00%, Valid: 79.20%, Test: 83.50%, Best Valid: 82.20%, Best Test: 84.20%
Run 04:
Highest Train: 100.00
Highest Valid: 82.20
Highest Test: 84.40
Chosen epoch: 32
Final Train: 99.29
Final Test: 84.20
Pre-training MLP for 500 epochs to generate co-occurrence matrix...
MLP pre-training complete. Penalty matrix frozen.
Epoch: 00, Loss: 2.1463, Train: 15.71%, Valid: 14.60%, Test: 11.60%, Best Valid: 14.60%, Best Test: 11.60%
Epoch: 100, Loss: 0.0073, Train: 100.00%, Valid: 78.40%, Test: 81.50%, Best Valid: 81.20%, Best Test: 82.70%
Epoch: 200, Loss: 0.0025, Train: 100.00%, Valid: 78.00%, Test: 81.50%, Best Valid: 81.20%, Best Test: 82.70%
Epoch: 300, Loss: 0.0048, Train: 100.00%, Valid: 77.20%, Test: 81.10%, Best Valid: 81.20%, Best Test: 82.70%
Epoch: 400, Loss: 0.0018, Train: 100.00%, Valid: 79.00%, Test: 82.00%, Best Valid: 81.20%, Best Test: 82.70%
Run 05:
Highest Train: 100.00
Highest Valid: 81.20
Highest Test: 84.10
Chosen epoch: 34
Final Train: 100.00
Final Test: 82.70
All runs:
Highest Train: 100.00 ± 0.00
Highest Test: 84.02 ± 0.37
Highest Valid: 80.56 ± 1.16
  Final Train: 99.86 ± 0.32
   Final Test: 83.46 ± 0.54
Saving results to results/cora/MPNN_sage.csv

Running with Pre-trained MLP Regularization (lambda=1.0)...
Namespace(bn=False, cpu=False, data_dir='./data/', dataset='cora', device=0, display_step=100, dropout=0.7, epochs=500, gnn='sage', hidden_channels=256, jk=False, label_num_per_class=20, lambda_val=1.0, ln=False, local_layers=3, lr=0.001, metric='acc', mlp_epochs=500, mlp_reg=True, model='MPNN', model_dir='./model/', num_heads=1, pre_linear=False, pre_ln=False, rand_split=False, rand_split_class=True, reg_start_epoch=10, reg_update_freq=5, res=False, runs=5, save_model=False, seed=123, test_num=1000, train_prop=0.5, use_reg=True, valid_num=500, valid_prop=0.25, weight_decay=0.0005)
cora
Num nodes: 2708
train:torch.Size([140]), valid:torch.Size([500]), test:torch.Size([1000])
dataset cora | num nodes 2708 | num edge 10556 | num node feats 1433 | num classes 7
MODEL: MPNNs(
  (h_lins): ModuleList()
  (local_convs): ModuleList(
    (0): SAGEConv(1433, 256, aggr=mean)
    (1): SAGEConv(256, 256, aggr=mean)
    (2): SAGEConv(256, 256, aggr=mean)
  )
  (lins): ModuleList(
    (0): Linear(in_features=1433, out_features=256, bias=True)
    (1): Linear(in_features=256, out_features=256, bias=True)
    (2): Linear(in_features=256, out_features=256, bias=True)
  )
  (lns): ModuleList(
    (0): LayerNorm((256,), eps=1e-05, elementwise_affine=True)
    (1): LayerNorm((256,), eps=1e-05, elementwise_affine=True)
    (2): LayerNorm((256,), eps=1e-05, elementwise_affine=True)
  )
  (bns): ModuleList(
    (0): BatchNorm1d(256, eps=1e-05, momentum=0.1, affine=True, track_running_stats=True)
    (1): BatchNorm1d(256, eps=1e-05, momentum=0.1, affine=True, track_running_stats=True)
    (2): BatchNorm1d(256, eps=1e-05, momentum=0.1, affine=True, track_running_stats=True)
  )
  (lin_in): Linear(in_features=1433, out_features=256, bias=True)
  (pred_local): Linear(in_features=256, out_features=7, bias=True)
)
Pre-training MLP for 500 epochs to generate co-occurrence matrix...
MLP pre-training complete. Penalty matrix frozen.
Epoch: 00, Loss: 3.9030, Train: 14.29%, Valid: 15.80%, Test: 15.80%, Best Valid: 15.80%, Best Test: 15.80%
Epoch: 100, Loss: 0.0578, Train: 100.00%, Valid: 79.40%, Test: 81.50%, Best Valid: 79.40%, Best Test: 82.10%
Epoch: 200, Loss: 0.0055, Train: 100.00%, Valid: 79.40%, Test: 82.40%, Best Valid: 79.60%, Best Test: 82.10%
Epoch: 300, Loss: 0.0068, Train: 100.00%, Valid: 80.80%, Test: 83.30%, Best Valid: 80.80%, Best Test: 83.60%
Epoch: 400, Loss: 0.0074, Train: 100.00%, Valid: 79.20%, Test: 83.20%, Best Valid: 80.80%, Best Test: 83.60%
Run 01:
Highest Train: 100.00
Highest Valid: 80.80
Highest Test: 83.90
Chosen epoch: 213
Final Train: 100.00
Final Test: 83.60
Pre-training MLP for 500 epochs to generate co-occurrence matrix...
MLP pre-training complete. Penalty matrix frozen.
Epoch: 00, Loss: 3.8975, Train: 18.57%, Valid: 6.80%, Test: 6.40%, Best Valid: 6.80%, Best Test: 6.40%
Epoch: 100, Loss: 0.0665, Train: 100.00%, Valid: 78.40%, Test: 82.70%, Best Valid: 79.80%, Best Test: 82.50%
Epoch: 200, Loss: 0.0076, Train: 100.00%, Valid: 79.80%, Test: 82.50%, Best Valid: 80.40%, Best Test: 82.50%
Epoch: 300, Loss: 0.0048, Train: 100.00%, Valid: 79.60%, Test: 82.40%, Best Valid: 80.40%, Best Test: 82.50%
Epoch: 400, Loss: 0.0065, Train: 100.00%, Valid: 78.00%, Test: 80.90%, Best Valid: 80.40%, Best Test: 82.50%
Run 02:
Highest Train: 100.00
Highest Valid: 80.40
Highest Test: 83.70
Chosen epoch: 199
Final Train: 100.00
Final Test: 82.50
Pre-training MLP for 500 epochs to generate co-occurrence matrix...
MLP pre-training complete. Penalty matrix frozen.
Epoch: 00, Loss: 3.8872, Train: 20.71%, Valid: 25.40%, Test: 23.90%, Best Valid: 25.40%, Best Test: 23.90%
Epoch: 100, Loss: 0.0832, Train: 100.00%, Valid: 76.80%, Test: 80.70%, Best Valid: 77.80%, Best Test: 81.20%
Epoch: 200, Loss: 0.0047, Train: 100.00%, Valid: 79.00%, Test: 81.70%, Best Valid: 79.40%, Best Test: 81.60%
Epoch: 300, Loss: 0.0101, Train: 100.00%, Valid: 79.00%, Test: 82.30%, Best Valid: 81.00%, Best Test: 82.40%
Epoch: 400, Loss: 0.0108, Train: 100.00%, Valid: 77.80%, Test: 81.60%, Best Valid: 81.00%, Best Test: 82.40%
Run 03:
Highest Train: 100.00
Highest Valid: 81.00
Highest Test: 83.50
Chosen epoch: 229
Final Train: 100.00
Final Test: 82.40
Pre-training MLP for 500 epochs to generate co-occurrence matrix...
MLP pre-training complete. Penalty matrix frozen.
Epoch: 00, Loss: 3.9027, Train: 17.86%, Valid: 10.00%, Test: 12.50%, Best Valid: 10.00%, Best Test: 12.50%
Epoch: 100, Loss: 0.0576, Train: 100.00%, Valid: 80.80%, Test: 84.60%, Best Valid: 83.00%, Best Test: 84.50%
Epoch: 200, Loss: 0.0068, Train: 100.00%, Valid: 81.20%, Test: 84.50%, Best Valid: 83.00%, Best Test: 84.50%
Epoch: 300, Loss: 0.0067, Train: 100.00%, Valid: 80.20%, Test: 83.30%, Best Valid: 83.00%, Best Test: 84.50%
Epoch: 400, Loss: 0.0063, Train: 100.00%, Valid: 80.80%, Test: 84.30%, Best Valid: 83.00%, Best Test: 84.50%
Run 04:
Highest Train: 100.00
Highest Valid: 83.00
Highest Test: 84.90
Chosen epoch: 57
Final Train: 100.00
Final Test: 84.50
Pre-training MLP for 500 epochs to generate co-occurrence matrix...
MLP pre-training complete. Penalty matrix frozen.
Epoch: 00, Loss: 3.9024, Train: 15.71%, Valid: 14.60%, Test: 11.60%, Best Valid: 14.60%, Best Test: 11.60%
Epoch: 100, Loss: 0.0589, Train: 100.00%, Valid: 79.40%, Test: 83.30%, Best Valid: 81.00%, Best Test: 84.10%
Epoch: 200, Loss: 0.0052, Train: 100.00%, Valid: 79.80%, Test: 83.00%, Best Valid: 81.00%, Best Test: 84.10%
Epoch: 300, Loss: 0.0073, Train: 100.00%, Valid: 79.00%, Test: 82.20%, Best Valid: 81.00%, Best Test: 84.10%
Epoch: 400, Loss: 0.0050, Train: 100.00%, Valid: 79.40%, Test: 82.40%, Best Valid: 81.20%, Best Test: 83.30%
Run 05:
Highest Train: 100.00
Highest Valid: 81.20
Highest Test: 84.30
Chosen epoch: 395
Final Train: 100.00
Final Test: 83.30
All runs:
Highest Train: 100.00 ± 0.00
Highest Test: 84.06 ± 0.55
Highest Valid: 81.28 ± 1.01
  Final Train: 100.00 ± 0.00
   Final Test: 83.26 ± 0.86
Saving results to results/cora/MPNN_sage.csv

Homophilic sweep completed!
==========================================================
Starting Homophilic MLP-Reg Sweep for:
python main.py --gnn gat  --dataset cora --hidden_channels 512 --lr 0.001 --runs 5 --local_layers 3 --weight_decay 5e-4 --dropout 0.2 --rand_split_class --valid_num 500 --test_num 1000 --seed 123 --device 0 --res
==========================================================
Running Baseline (REG: False)...
Namespace(bn=False, cpu=False, data_dir='./data/', dataset='cora', device=0, display_step=100, dropout=0.2, epochs=500, gnn='gat', hidden_channels=512, jk=False, label_num_per_class=20, lambda_val=0.5, ln=False, local_layers=3, lr=0.001, metric='acc', mlp_epochs=500, mlp_reg=False, model='MPNN', model_dir='./model/', num_heads=1, pre_linear=False, pre_ln=False, rand_split=False, rand_split_class=True, reg_start_epoch=10, reg_update_freq=5, res=True, runs=5, save_model=False, seed=123, test_num=1000, train_prop=0.5, use_reg=False, valid_num=500, valid_prop=0.25, weight_decay=0.0005)
cora
Num nodes: 2708
train:torch.Size([140]), valid:torch.Size([500]), test:torch.Size([1000])
dataset cora | num nodes 2708 | num edge 10556 | num node feats 1433 | num classes 7
MODEL: MPNNs(
  (h_lins): ModuleList()
  (local_convs): ModuleList(
    (0): GATConv(1433, 512, heads=1)
    (1): GATConv(512, 512, heads=1)
    (2): GATConv(512, 512, heads=1)
  )
  (lins): ModuleList(
    (0): Linear(in_features=1433, out_features=512, bias=True)
    (1): Linear(in_features=512, out_features=512, bias=True)
    (2): Linear(in_features=512, out_features=512, bias=True)
  )
  (lns): ModuleList(
    (0): LayerNorm((512,), eps=1e-05, elementwise_affine=True)
    (1): LayerNorm((512,), eps=1e-05, elementwise_affine=True)
    (2): LayerNorm((512,), eps=1e-05, elementwise_affine=True)
  )
  (bns): ModuleList(
    (0): BatchNorm1d(512, eps=1e-05, momentum=0.1, affine=True, track_running_stats=True)
    (1): BatchNorm1d(512, eps=1e-05, momentum=0.1, affine=True, track_running_stats=True)
    (2): BatchNorm1d(512, eps=1e-05, momentum=0.1, affine=True, track_running_stats=True)
  )
  (lin_in): Linear(in_features=1433, out_features=512, bias=True)
  (pred_local): Linear(in_features=512, out_features=7, bias=True)
)
Epoch: 00, Loss: 1.9504, Train: 64.29%, Valid: 38.20%, Test: 31.60%, Best Valid: 38.20%, Best Test: 31.60%
Epoch: 100, Loss: 0.0001, Train: 100.00%, Valid: 76.60%, Test: 81.70%, Best Valid: 80.20%, Best Test: 81.30%
Epoch: 200, Loss: 0.0009, Train: 100.00%, Valid: 77.60%, Test: 80.70%, Best Valid: 80.20%, Best Test: 81.30%
Epoch: 300, Loss: 0.0012, Train: 100.00%, Valid: 79.20%, Test: 80.90%, Best Valid: 80.20%, Best Test: 81.30%
Epoch: 400, Loss: 0.0010, Train: 100.00%, Valid: 79.80%, Test: 81.70%, Best Valid: 80.20%, Best Test: 81.30%
Run 01:
Highest Train: 100.00
Highest Valid: 80.40
Highest Test: 83.00
Chosen epoch: 458
Final Train: 100.00
Final Test: 81.00
Epoch: 00, Loss: 1.9453, Train: 85.71%, Valid: 58.60%, Test: 56.80%, Best Valid: 58.60%, Best Test: 56.80%
Epoch: 100, Loss: 0.0025, Train: 100.00%, Valid: 77.20%, Test: 79.10%, Best Valid: 81.40%, Best Test: 82.90%
Epoch: 200, Loss: 0.0006, Train: 100.00%, Valid: 78.40%, Test: 80.60%, Best Valid: 81.40%, Best Test: 82.90%
Epoch: 300, Loss: 0.0011, Train: 100.00%, Valid: 78.40%, Test: 81.00%, Best Valid: 81.40%, Best Test: 82.90%
Epoch: 400, Loss: 0.0010, Train: 100.00%, Valid: 78.20%, Test: 81.30%, Best Valid: 81.40%, Best Test: 82.90%
Run 02:
Highest Train: 100.00
Highest Valid: 81.40
Highest Test: 83.20
Chosen epoch: 7
Final Train: 97.14
Final Test: 82.90
Epoch: 00, Loss: 1.9467, Train: 72.14%, Valid: 36.00%, Test: 32.90%, Best Valid: 36.00%, Best Test: 32.90%
Epoch: 100, Loss: 0.0004, Train: 100.00%, Valid: 76.20%, Test: 80.00%, Best Valid: 80.00%, Best Test: 82.40%
Epoch: 200, Loss: 0.0006, Train: 100.00%, Valid: 76.40%, Test: 80.60%, Best Valid: 80.00%, Best Test: 82.40%
Epoch: 300, Loss: 0.0010, Train: 100.00%, Valid: 77.00%, Test: 81.80%, Best Valid: 80.00%, Best Test: 82.40%
Epoch: 400, Loss: 0.0011, Train: 100.00%, Valid: 77.40%, Test: 81.30%, Best Valid: 80.00%, Best Test: 82.40%
Run 03:
Highest Train: 100.00
Highest Valid: 80.00
Highest Test: 83.60
Chosen epoch: 12
Final Train: 100.00
Final Test: 82.40
Epoch: 00, Loss: 1.9463, Train: 56.43%, Valid: 35.20%, Test: 34.30%, Best Valid: 35.20%, Best Test: 34.30%
Epoch: 100, Loss: 0.0001, Train: 100.00%, Valid: 77.00%, Test: 79.50%, Best Valid: 81.20%, Best Test: 83.50%
Epoch: 200, Loss: 0.0009, Train: 100.00%, Valid: 78.40%, Test: 81.90%, Best Valid: 81.20%, Best Test: 83.50%
Epoch: 300, Loss: 0.0011, Train: 100.00%, Valid: 78.00%, Test: 81.80%, Best Valid: 81.20%, Best Test: 83.50%
Epoch: 400, Loss: 0.0011, Train: 100.00%, Valid: 78.80%, Test: 81.80%, Best Valid: 81.20%, Best Test: 83.50%
Run 04:
Highest Train: 100.00
Highest Valid: 81.20
Highest Test: 84.30
Chosen epoch: 12
Final Train: 100.00
Final Test: 83.50
Epoch: 00, Loss: 1.9408, Train: 70.71%, Valid: 31.20%, Test: 33.80%, Best Valid: 31.20%, Best Test: 33.80%
Epoch: 100, Loss: 0.0002, Train: 100.00%, Valid: 71.80%, Test: 78.30%, Best Valid: 80.40%, Best Test: 83.10%
Epoch: 200, Loss: 0.0006, Train: 100.00%, Valid: 76.80%, Test: 81.00%, Best Valid: 80.40%, Best Test: 83.10%
Epoch: 300, Loss: 0.0011, Train: 100.00%, Valid: 77.60%, Test: 81.90%, Best Valid: 80.40%, Best Test: 83.10%
Epoch: 400, Loss: 0.0010, Train: 100.00%, Valid: 77.40%, Test: 83.00%, Best Valid: 80.40%, Best Test: 83.10%
Run 05:
Highest Train: 100.00
Highest Valid: 80.40
Highest Test: 84.00
Chosen epoch: 11
Final Train: 100.00
Final Test: 83.10
All runs:
Highest Train: 100.00 ± 0.00
Highest Test: 83.62 ± 0.54
Highest Valid: 80.68 ± 0.59
  Final Train: 99.43 ± 1.28
   Final Test: 82.58 ± 0.97
Saving results to results/cora/MPNN_gat.csv

Running with Pre-trained MLP Regularization (lambda=0.01)...
Namespace(bn=False, cpu=False, data_dir='./data/', dataset='cora', device=0, display_step=100, dropout=0.2, epochs=500, gnn='gat', hidden_channels=512, jk=False, label_num_per_class=20, lambda_val=0.01, ln=False, local_layers=3, lr=0.001, metric='acc', mlp_epochs=500, mlp_reg=True, model='MPNN', model_dir='./model/', num_heads=1, pre_linear=False, pre_ln=False, rand_split=False, rand_split_class=True, reg_start_epoch=10, reg_update_freq=5, res=True, runs=5, save_model=False, seed=123, test_num=1000, train_prop=0.5, use_reg=True, valid_num=500, valid_prop=0.25, weight_decay=0.0005)
cora
Num nodes: 2708
train:torch.Size([140]), valid:torch.Size([500]), test:torch.Size([1000])
dataset cora | num nodes 2708 | num edge 10556 | num node feats 1433 | num classes 7
MODEL: MPNNs(
  (h_lins): ModuleList()
  (local_convs): ModuleList(
    (0): GATConv(1433, 512, heads=1)
    (1): GATConv(512, 512, heads=1)
    (2): GATConv(512, 512, heads=1)
  )
  (lins): ModuleList(
    (0): Linear(in_features=1433, out_features=512, bias=True)
    (1): Linear(in_features=512, out_features=512, bias=True)
    (2): Linear(in_features=512, out_features=512, bias=True)
  )
  (lns): ModuleList(
    (0): LayerNorm((512,), eps=1e-05, elementwise_affine=True)
    (1): LayerNorm((512,), eps=1e-05, elementwise_affine=True)
    (2): LayerNorm((512,), eps=1e-05, elementwise_affine=True)
  )
  (bns): ModuleList(
    (0): BatchNorm1d(512, eps=1e-05, momentum=0.1, affine=True, track_running_stats=True)
    (1): BatchNorm1d(512, eps=1e-05, momentum=0.1, affine=True, track_running_stats=True)
    (2): BatchNorm1d(512, eps=1e-05, momentum=0.1, affine=True, track_running_stats=True)
  )
  (lin_in): Linear(in_features=1433, out_features=512, bias=True)
  (pred_local): Linear(in_features=512, out_features=7, bias=True)
)
Pre-training MLP for 500 epochs to generate co-occurrence matrix...
MLP pre-training complete. Penalty matrix frozen.
Epoch: 00, Loss: 1.9700, Train: 71.43%, Valid: 34.40%, Test: 31.70%, Best Valid: 34.40%, Best Test: 31.70%
Epoch: 100, Loss: 0.0003, Train: 100.00%, Valid: 75.60%, Test: 77.70%, Best Valid: 82.00%, Best Test: 83.10%
Epoch: 200, Loss: 0.0007, Train: 100.00%, Valid: 79.20%, Test: 80.90%, Best Valid: 82.00%, Best Test: 83.10%
Epoch: 300, Loss: 0.0010, Train: 100.00%, Valid: 79.40%, Test: 82.00%, Best Valid: 82.00%, Best Test: 83.10%
Epoch: 400, Loss: 0.0012, Train: 100.00%, Valid: 78.40%, Test: 81.50%, Best Valid: 82.00%, Best Test: 83.10%
Run 01:
Highest Train: 100.00
Highest Valid: 82.00
Highest Test: 83.20
Chosen epoch: 23
Final Train: 100.00
Final Test: 83.10
Pre-training MLP for 500 epochs to generate co-occurrence matrix...
MLP pre-training complete. Penalty matrix frozen.
Epoch: 00, Loss: 1.9632, Train: 87.86%, Valid: 64.40%, Test: 68.10%, Best Valid: 64.40%, Best Test: 68.10%
Epoch: 100, Loss: 0.0004, Train: 100.00%, Valid: 75.80%, Test: 77.50%, Best Valid: 80.80%, Best Test: 79.90%
Epoch: 200, Loss: 0.0008, Train: 100.00%, Valid: 78.20%, Test: 79.90%, Best Valid: 80.80%, Best Test: 79.90%
Epoch: 300, Loss: 0.0012, Train: 100.00%, Valid: 78.00%, Test: 80.00%, Best Valid: 80.80%, Best Test: 79.90%
Epoch: 400, Loss: 0.0010, Train: 100.00%, Valid: 77.60%, Test: 81.30%, Best Valid: 80.80%, Best Test: 79.90%
Run 02:
Highest Train: 100.00
Highest Valid: 80.80
Highest Test: 84.40
Chosen epoch: 78
Final Train: 100.00
Final Test: 79.90
Pre-training MLP for 500 epochs to generate co-occurrence matrix...
MLP pre-training complete. Penalty matrix frozen.
Epoch: 00, Loss: 1.9681, Train: 79.29%, Valid: 49.80%, Test: 49.80%, Best Valid: 49.80%, Best Test: 49.80%
Epoch: 100, Loss: 0.0051, Train: 100.00%, Valid: 75.60%, Test: 77.90%, Best Valid: 82.80%, Best Test: 84.00%
Epoch: 200, Loss: 0.0005, Train: 100.00%, Valid: 76.60%, Test: 80.40%, Best Valid: 82.80%, Best Test: 84.00%
Epoch: 300, Loss: 0.0010, Train: 100.00%, Valid: 78.40%, Test: 81.10%, Best Valid: 82.80%, Best Test: 84.00%
Epoch: 400, Loss: 0.0009, Train: 100.00%, Valid: 79.60%, Test: 81.60%, Best Valid: 82.80%, Best Test: 84.00%
Run 03:
Highest Train: 100.00
Highest Valid: 82.80
Highest Test: 84.00
Chosen epoch: 8
Final Train: 99.29
Final Test: 84.00
Pre-training MLP for 500 epochs to generate co-occurrence matrix...
MLP pre-training complete. Penalty matrix frozen.
Epoch: 00, Loss: 1.9652, Train: 80.71%, Valid: 46.40%, Test: 47.80%, Best Valid: 46.40%, Best Test: 47.80%
Epoch: 100, Loss: 0.0002, Train: 100.00%, Valid: 78.60%, Test: 80.80%, Best Valid: 80.80%, Best Test: 85.80%
Epoch: 200, Loss: 0.0009, Train: 100.00%, Valid: 78.40%, Test: 82.60%, Best Valid: 80.80%, Best Test: 85.80%
Epoch: 300, Loss: 0.0010, Train: 100.00%, Valid: 79.20%, Test: 82.10%, Best Valid: 80.80%, Best Test: 85.80%
Epoch: 400, Loss: 0.0012, Train: 100.00%, Valid: 79.00%, Test: 80.90%, Best Valid: 80.80%, Best Test: 85.80%
Run 04:
Highest Train: 100.00
Highest Valid: 80.80
Highest Test: 85.80
Chosen epoch: 8
Final Train: 99.29
Final Test: 85.80
Pre-training MLP for 500 epochs to generate co-occurrence matrix...
MLP pre-training complete. Penalty matrix frozen.
Epoch: 00, Loss: 1.9680, Train: 90.00%, Valid: 61.20%, Test: 61.00%, Best Valid: 61.20%, Best Test: 61.00%
Epoch: 100, Loss: 0.0003, Train: 100.00%, Valid: 70.60%, Test: 72.70%, Best Valid: 80.60%, Best Test: 85.00%
Epoch: 200, Loss: 0.0006, Train: 100.00%, Valid: 75.60%, Test: 79.90%, Best Valid: 80.60%, Best Test: 85.00%
Epoch: 300, Loss: 0.0011, Train: 100.00%, Valid: 77.40%, Test: 80.00%, Best Valid: 80.60%, Best Test: 85.00%
Epoch: 400, Loss: 0.0011, Train: 100.00%, Valid: 78.40%, Test: 80.30%, Best Valid: 80.60%, Best Test: 85.00%
Run 05:
Highest Train: 100.00
Highest Valid: 80.60
Highest Test: 85.00
Chosen epoch: 9
Final Train: 100.00
Final Test: 85.00
All runs:
Highest Train: 100.00 ± 0.00
Highest Test: 84.48 ± 0.99
Highest Valid: 81.40 ± 0.96
  Final Train: 99.71 ± 0.39
   Final Test: 83.56 ± 2.29
Saving results to results/cora/MPNN_gat.csv

Running with Pre-trained MLP Regularization (lambda=0.1)...
Namespace(bn=False, cpu=False, data_dir='./data/', dataset='cora', device=0, display_step=100, dropout=0.2, epochs=500, gnn='gat', hidden_channels=512, jk=False, label_num_per_class=20, lambda_val=0.1, ln=False, local_layers=3, lr=0.001, metric='acc', mlp_epochs=500, mlp_reg=True, model='MPNN', model_dir='./model/', num_heads=1, pre_linear=False, pre_ln=False, rand_split=False, rand_split_class=True, reg_start_epoch=10, reg_update_freq=5, res=True, runs=5, save_model=False, seed=123, test_num=1000, train_prop=0.5, use_reg=True, valid_num=500, valid_prop=0.25, weight_decay=0.0005)
cora
Num nodes: 2708
train:torch.Size([140]), valid:torch.Size([500]), test:torch.Size([1000])
dataset cora | num nodes 2708 | num edge 10556 | num node feats 1433 | num classes 7
MODEL: MPNNs(
  (h_lins): ModuleList()
  (local_convs): ModuleList(
    (0): GATConv(1433, 512, heads=1)
    (1): GATConv(512, 512, heads=1)
    (2): GATConv(512, 512, heads=1)
  )
  (lins): ModuleList(
    (0): Linear(in_features=1433, out_features=512, bias=True)
    (1): Linear(in_features=512, out_features=512, bias=True)
    (2): Linear(in_features=512, out_features=512, bias=True)
  )
  (lns): ModuleList(
    (0): LayerNorm((512,), eps=1e-05, elementwise_affine=True)
    (1): LayerNorm((512,), eps=1e-05, elementwise_affine=True)
    (2): LayerNorm((512,), eps=1e-05, elementwise_affine=True)
  )
  (bns): ModuleList(
    (0): BatchNorm1d(512, eps=1e-05, momentum=0.1, affine=True, track_running_stats=True)
    (1): BatchNorm1d(512, eps=1e-05, momentum=0.1, affine=True, track_running_stats=True)
    (2): BatchNorm1d(512, eps=1e-05, momentum=0.1, affine=True, track_running_stats=True)
  )
  (lin_in): Linear(in_features=1433, out_features=512, bias=True)
  (pred_local): Linear(in_features=512, out_features=7, bias=True)
)
Pre-training MLP for 500 epochs to generate co-occurrence matrix...
MLP pre-training complete. Penalty matrix frozen.
Epoch: 00, Loss: 2.1456, Train: 70.00%, Valid: 35.60%, Test: 33.40%, Best Valid: 35.60%, Best Test: 33.40%
Epoch: 100, Loss: 0.0017, Train: 100.00%, Valid: 76.40%, Test: 80.10%, Best Valid: 82.00%, Best Test: 81.90%
Epoch: 200, Loss: 0.0008, Train: 100.00%, Valid: 80.40%, Test: 82.80%, Best Valid: 82.00%, Best Test: 81.90%
Epoch: 300, Loss: 0.0011, Train: 100.00%, Valid: 80.00%, Test: 82.20%, Best Valid: 82.00%, Best Test: 81.90%
Epoch: 400, Loss: 0.0013, Train: 100.00%, Valid: 79.60%, Test: 82.00%, Best Valid: 82.00%, Best Test: 81.90%
Run 01:
Highest Train: 100.00
Highest Valid: 82.00
Highest Test: 83.50
Chosen epoch: 21
Final Train: 100.00
Final Test: 81.90
Pre-training MLP for 500 epochs to generate co-occurrence matrix...
MLP pre-training complete. Penalty matrix frozen.
Epoch: 00, Loss: 2.1381, Train: 87.14%, Valid: 64.80%, Test: 68.00%, Best Valid: 64.80%, Best Test: 68.00%
Epoch: 100, Loss: 0.0016, Train: 100.00%, Valid: 77.60%, Test: 81.90%, Best Valid: 83.60%, Best Test: 82.30%
Epoch: 200, Loss: 0.0008, Train: 100.00%, Valid: 77.20%, Test: 80.10%, Best Valid: 83.60%, Best Test: 82.30%
Epoch: 300, Loss: 0.0012, Train: 100.00%, Valid: 76.80%, Test: 80.40%, Best Valid: 83.60%, Best Test: 82.30%
Epoch: 400, Loss: 0.0011, Train: 100.00%, Valid: 77.00%, Test: 80.90%, Best Valid: 83.60%, Best Test: 82.30%
Run 02:
Highest Train: 100.00
Highest Valid: 83.60
Highest Test: 85.10
Chosen epoch: 23
Final Train: 100.00
Final Test: 82.30
Pre-training MLP for 500 epochs to generate co-occurrence matrix...
MLP pre-training complete. Penalty matrix frozen.
Epoch: 00, Loss: 2.1435, Train: 82.86%, Valid: 49.20%, Test: 52.60%, Best Valid: 49.20%, Best Test: 52.60%
Epoch: 100, Loss: 0.0017, Train: 100.00%, Valid: 79.60%, Test: 82.40%, Best Valid: 82.60%, Best Test: 84.10%
Epoch: 200, Loss: 0.0009, Train: 100.00%, Valid: 79.40%, Test: 82.20%, Best Valid: 82.60%, Best Test: 84.10%
Epoch: 300, Loss: 0.0012, Train: 100.00%, Valid: 79.40%, Test: 81.80%, Best Valid: 82.60%, Best Test: 84.10%
Epoch: 400, Loss: 0.0010, Train: 100.00%, Valid: 79.40%, Test: 82.30%, Best Valid: 82.60%, Best Test: 84.10%
Run 03:
Highest Train: 100.00
Highest Valid: 82.60
Highest Test: 84.60
Chosen epoch: 8
Final Train: 99.29
Final Test: 84.10
Pre-training MLP for 500 epochs to generate co-occurrence matrix...
MLP pre-training complete. Penalty matrix frozen.
Epoch: 00, Loss: 2.1403, Train: 78.57%, Valid: 49.40%, Test: 50.40%, Best Valid: 49.40%, Best Test: 50.40%
Epoch: 100, Loss: 0.0016, Train: 100.00%, Valid: 80.00%, Test: 83.20%, Best Valid: 81.60%, Best Test: 85.30%
Epoch: 200, Loss: 0.0011, Train: 100.00%, Valid: 79.20%, Test: 83.40%, Best Valid: 81.60%, Best Test: 85.30%
Epoch: 300, Loss: 0.0011, Train: 100.00%, Valid: 78.60%, Test: 82.30%, Best Valid: 81.60%, Best Test: 85.30%
Epoch: 400, Loss: 0.0011, Train: 100.00%, Valid: 79.00%, Test: 81.80%, Best Valid: 81.60%, Best Test: 85.30%
Run 04:
Highest Train: 100.00
Highest Valid: 81.60
Highest Test: 86.30
Chosen epoch: 9
Final Train: 100.00
Final Test: 85.30
Pre-training MLP for 500 epochs to generate co-occurrence matrix...
MLP pre-training complete. Penalty matrix frozen.
Epoch: 00, Loss: 2.1434, Train: 90.00%, Valid: 62.80%, Test: 64.90%, Best Valid: 62.80%, Best Test: 64.90%
Epoch: 100, Loss: 0.0017, Train: 100.00%, Valid: 75.60%, Test: 80.60%, Best Valid: 80.40%, Best Test: 84.30%
Epoch: 200, Loss: 0.0009, Train: 100.00%, Valid: 76.20%, Test: 81.90%, Best Valid: 80.40%, Best Test: 84.30%
Epoch: 300, Loss: 0.0014, Train: 100.00%, Valid: 78.60%, Test: 82.60%, Best Valid: 80.40%, Best Test: 84.30%
Epoch: 400, Loss: 0.0012, Train: 100.00%, Valid: 79.60%, Test: 83.00%, Best Valid: 80.40%, Best Test: 84.30%
Run 05:
Highest Train: 100.00
Highest Valid: 80.40
Highest Test: 85.40
Chosen epoch: 8
Final Train: 99.29
Final Test: 84.30
All runs:
Highest Train: 100.00 ± 0.00
Highest Test: 84.98 ± 1.03
Highest Valid: 82.04 ± 1.19
  Final Train: 99.71 ± 0.39
   Final Test: 83.58 ± 1.43
Saving results to results/cora/MPNN_gat.csv

Running with Pre-trained MLP Regularization (lambda=1.0)...
Namespace(bn=False, cpu=False, data_dir='./data/', dataset='cora', device=0, display_step=100, dropout=0.2, epochs=500, gnn='gat', hidden_channels=512, jk=False, label_num_per_class=20, lambda_val=1.0, ln=False, local_layers=3, lr=0.001, metric='acc', mlp_epochs=500, mlp_reg=True, model='MPNN', model_dir='./model/', num_heads=1, pre_linear=False, pre_ln=False, rand_split=False, rand_split_class=True, reg_start_epoch=10, reg_update_freq=5, res=True, runs=5, save_model=False, seed=123, test_num=1000, train_prop=0.5, use_reg=True, valid_num=500, valid_prop=0.25, weight_decay=0.0005)
cora
Num nodes: 2708
train:torch.Size([140]), valid:torch.Size([500]), test:torch.Size([1000])
dataset cora | num nodes 2708 | num edge 10556 | num node feats 1433 | num classes 7
MODEL: MPNNs(
  (h_lins): ModuleList()
  (local_convs): ModuleList(
    (0): GATConv(1433, 512, heads=1)
    (1): GATConv(512, 512, heads=1)
    (2): GATConv(512, 512, heads=1)
  )
  (lins): ModuleList(
    (0): Linear(in_features=1433, out_features=512, bias=True)
    (1): Linear(in_features=512, out_features=512, bias=True)
    (2): Linear(in_features=512, out_features=512, bias=True)
  )
  (lns): ModuleList(
    (0): LayerNorm((512,), eps=1e-05, elementwise_affine=True)
    (1): LayerNorm((512,), eps=1e-05, elementwise_affine=True)
    (2): LayerNorm((512,), eps=1e-05, elementwise_affine=True)
  )
  (bns): ModuleList(
    (0): BatchNorm1d(512, eps=1e-05, momentum=0.1, affine=True, track_running_stats=True)
    (1): BatchNorm1d(512, eps=1e-05, momentum=0.1, affine=True, track_running_stats=True)
    (2): BatchNorm1d(512, eps=1e-05, momentum=0.1, affine=True, track_running_stats=True)
  )
  (lin_in): Linear(in_features=1433, out_features=512, bias=True)
  (pred_local): Linear(in_features=512, out_features=7, bias=True)
)
Pre-training MLP for 500 epochs to generate co-occurrence matrix...
MLP pre-training complete. Penalty matrix frozen.
Epoch: 00, Loss: 3.9011, Train: 39.29%, Valid: 21.80%, Test: 23.40%, Best Valid: 21.80%, Best Test: 23.40%
Epoch: 100, Loss: 0.0156, Train: 100.00%, Valid: 80.80%, Test: 84.40%, Best Valid: 82.40%, Best Test: 84.20%
Epoch: 200, Loss: 0.0020, Train: 100.00%, Valid: 80.40%, Test: 83.80%, Best Valid: 82.40%, Best Test: 84.20%
Epoch: 300, Loss: 0.0022, Train: 100.00%, Valid: 79.80%, Test: 83.70%, Best Valid: 82.40%, Best Test: 84.20%
Epoch: 400, Loss: 0.0024, Train: 100.00%, Valid: 79.80%, Test: 82.10%, Best Valid: 82.40%, Best Test: 84.20%
Run 01:
Highest Train: 100.00
Highest Valid: 82.40
Highest Test: 85.00
Chosen epoch: 12
Final Train: 100.00
Final Test: 84.20
Pre-training MLP for 500 epochs to generate co-occurrence matrix...
MLP pre-training complete. Penalty matrix frozen.
Epoch: 00, Loss: 3.8875, Train: 32.14%, Valid: 34.80%, Test: 35.90%, Best Valid: 34.80%, Best Test: 35.90%
Epoch: 100, Loss: 0.0165, Train: 100.00%, Valid: 81.00%, Test: 82.40%, Best Valid: 83.60%, Best Test: 83.20%
Epoch: 200, Loss: 0.0006, Train: 100.00%, Valid: 80.80%, Test: 82.60%, Best Valid: 83.60%, Best Test: 83.20%
Epoch: 300, Loss: 0.0015, Train: 100.00%, Valid: 82.00%, Test: 83.10%, Best Valid: 83.60%, Best Test: 83.20%
Epoch: 400, Loss: 0.0020, Train: 100.00%, Valid: 80.80%, Test: 82.70%, Best Valid: 83.60%, Best Test: 83.20%
Run 02:
Highest Train: 100.00
Highest Valid: 83.60
Highest Test: 85.40
Chosen epoch: 17
Final Train: 100.00
Final Test: 83.20
Pre-training MLP for 500 epochs to generate co-occurrence matrix...
MLP pre-training complete. Penalty matrix frozen.
Epoch: 00, Loss: 3.8972, Train: 30.00%, Valid: 22.20%, Test: 26.20%, Best Valid: 22.20%, Best Test: 26.20%
Epoch: 100, Loss: 0.0176, Train: 100.00%, Valid: 83.20%, Test: 84.30%, Best Valid: 83.80%, Best Test: 84.60%
Epoch: 200, Loss: 0.0005, Train: 100.00%, Valid: 80.20%, Test: 83.40%, Best Valid: 83.80%, Best Test: 84.60%
Epoch: 300, Loss: 0.0012, Train: 100.00%, Valid: 80.40%, Test: 83.80%, Best Valid: 83.80%, Best Test: 84.60%
Epoch: 400, Loss: 0.0017, Train: 100.00%, Valid: 80.20%, Test: 83.10%, Best Valid: 83.80%, Best Test: 84.60%
Run 03:
Highest Train: 100.00
Highest Valid: 83.80
Highest Test: 85.10
Chosen epoch: 62
Final Train: 100.00
Final Test: 84.60
Pre-training MLP for 500 epochs to generate co-occurrence matrix...
MLP pre-training complete. Penalty matrix frozen.
Epoch: 00, Loss: 3.8915, Train: 32.14%, Valid: 14.00%, Test: 14.80%, Best Valid: 14.00%, Best Test: 14.80%
Epoch: 100, Loss: 0.0173, Train: 100.00%, Valid: 80.80%, Test: 83.30%, Best Valid: 82.80%, Best Test: 84.90%
Epoch: 200, Loss: 0.0011, Train: 100.00%, Valid: 80.60%, Test: 83.00%, Best Valid: 82.80%, Best Test: 84.90%
Epoch: 300, Loss: 0.0020, Train: 100.00%, Valid: 80.20%, Test: 83.40%, Best Valid: 82.80%, Best Test: 84.90%
Epoch: 400, Loss: 0.0021, Train: 100.00%, Valid: 80.80%, Test: 83.40%, Best Valid: 82.80%, Best Test: 84.90%
Run 04:
Highest Train: 100.00
Highest Valid: 82.80
Highest Test: 85.90
Chosen epoch: 12
Final Train: 100.00
Final Test: 84.90
Pre-training MLP for 500 epochs to generate co-occurrence matrix...
MLP pre-training complete. Penalty matrix frozen.
Epoch: 00, Loss: 3.8970, Train: 59.29%, Valid: 41.00%, Test: 43.70%, Best Valid: 41.00%, Best Test: 43.70%
Epoch: 100, Loss: 0.0183, Train: 100.00%, Valid: 80.60%, Test: 83.10%, Best Valid: 82.80%, Best Test: 84.80%
Epoch: 200, Loss: 0.0005, Train: 100.00%, Valid: 82.00%, Test: 83.00%, Best Valid: 82.80%, Best Test: 84.80%
Epoch: 300, Loss: 0.0017, Train: 100.00%, Valid: 81.20%, Test: 82.10%, Best Valid: 82.80%, Best Test: 84.80%
Epoch: 400, Loss: 0.0019, Train: 100.00%, Valid: 79.80%, Test: 81.70%, Best Valid: 82.80%, Best Test: 84.80%
Run 05:
Highest Train: 100.00
Highest Valid: 82.80
Highest Test: 85.50
Chosen epoch: 8
Final Train: 98.57
Final Test: 84.80
All runs:
Highest Train: 100.00 ± 0.00
Highest Test: 85.38 ± 0.36
Highest Valid: 83.08 ± 0.59
  Final Train: 99.71 ± 0.64
   Final Test: 84.34 ± 0.69
Saving results to results/cora/MPNN_gat.csv

Homophilic sweep completed!
==========================================================
Sweep for cora completed at: Sun Apr 26 12:21:45 AM EDT 2026
==========================================================
