==========================================================
Homophilic MLP-Reg GNN Sweep — Dataset: pubmed
Array task: 7 / Job: 998532
Date: Sun Apr 26 12:03:06 AM EDT 2026 | Host: n0002
==========================================================
Sun Apr 26 00:03:15 2026       
+-----------------------------------------------------------------------------------------+
| NVIDIA-SMI 570.211.01             Driver Version: 570.211.01     CUDA Version: 12.8     |
|-----------------------------------------+------------------------+----------------------+
| GPU  Name                 Persistence-M | Bus-Id          Disp.A | Volatile Uncorr. ECC |
| Fan  Temp   Perf          Pwr:Usage/Cap |           Memory-Usage | GPU-Util  Compute M. |
|                                         |                        |               MIG M. |
|=========================================+========================+======================|
|   0  NVIDIA A100-SXM4-80GB          On  |   00000000:01:00.0 Off |                   On |
| N/A   43C    P0            202W /  500W |   38971MiB /  81920MiB |     N/A      Default |
|                                         |                        |              Enabled |
+-----------------------------------------+------------------------+----------------------+
|   1  NVIDIA A100-SXM4-80GB          On  |   00000000:41:00.0 Off |                   On |
| N/A   41C    P0            187W /  500W |   16939MiB /  81920MiB |     N/A      Default |
|                                         |                        |              Enabled |
+-----------------------------------------+------------------------+----------------------+
|   2  NVIDIA A100-SXM4-80GB          On  |   00000000:81:00.0 Off |                   On |
| N/A   42C    P0            155W /  500W |   36855MiB /  81920MiB |     N/A      Default |
|                                         |                        |              Enabled |
+-----------------------------------------+------------------------+----------------------+
|   3  NVIDIA A100-SXM4-80GB          On  |   00000000:C1:00.0 Off |                   On |
| N/A   25C    P0             49W /  500W |     185MiB /  81920MiB |     N/A      Default |
|                                         |                        |              Enabled |
+-----------------------------------------+------------------------+----------------------+

+-----------------------------------------------------------------------------------------+
| MIG devices:                                                                            |
+------------------+----------------------------------+-----------+-----------------------+
| GPU  GI  CI  MIG |                     Memory-Usage |        Vol|        Shared         |
|      ID  ID  Dev |                       BAR1-Usage | SM     Unc| CE ENC  DEC  OFA  JPG |
|                  |                                  |        ECC|                       |
|==================+==================================+===========+=======================|
|  1    9   0   0  |              27MiB /  9728MiB    | 14      0 |  1   0    0    0    0 |
|                  |                 0MiB / 16383MiB  |           |                       |
+------------------+----------------------------------+-----------+-----------------------+
                                                                                         
+-----------------------------------------------------------------------------------------+
| Processes:                                                                              |
|  GPU   GI   CI              PID   Type   Process name                        GPU Memory |
|        ID   ID                                                               Usage      |
|=========================================================================================|
|    0    1    0            15121      C   ...hz54/envs/dist/bin/python3.10      38780MiB |
|    2    2    0            26137      C   ...strained-crl/.venv/bin/python      36664MiB |
+-----------------------------------------------------------------------------------------+
1.12.1
True
NVIDIA A100-SXM4-80GB MIG 1g.10gb
==========================================================
Starting Homophilic MLP-Reg Sweep for:
python main.py --gnn gcn  --dataset pubmed --hidden_channels 256 --lr 0.005 --runs 5 --local_layers 2 --weight_decay 5e-4 --dropout 0.7 --rand_split_class --valid_num 500 --test_num 1000 --seed 123 --device 0
==========================================================
Running Baseline (REG: False)...
Namespace(bn=False, cpu=False, data_dir='./data/', dataset='pubmed', device=0, display_step=100, dropout=0.7, epochs=500, gnn='gcn', hidden_channels=256, jk=False, label_num_per_class=20, lambda_val=0.5, ln=False, local_layers=2, lr=0.005, metric='acc', mlp_epochs=500, mlp_reg=False, model='MPNN', model_dir='./model/', num_heads=1, pre_linear=False, pre_ln=False, rand_split=False, rand_split_class=True, reg_start_epoch=10, reg_update_freq=5, res=False, runs=5, save_model=False, seed=123, test_num=1000, train_prop=0.5, use_reg=False, valid_num=500, valid_prop=0.25, weight_decay=0.0005)
pubmed
Num nodes: 19717
train:torch.Size([60]), valid:torch.Size([500]), test:torch.Size([1000])
dataset pubmed | num nodes 19717 | num edge 88648 | num node feats 500 | num classes 3
MODEL: MPNNs(
  (h_lins): ModuleList()
  (local_convs): ModuleList(
    (0): GCNConv(500, 256)
    (1): GCNConv(256, 256)
  )
  (lins): ModuleList(
    (0): Linear(in_features=500, out_features=256, bias=True)
    (1): Linear(in_features=256, out_features=256, bias=True)
  )
  (lns): ModuleList(
    (0): LayerNorm((256,), eps=1e-05, elementwise_affine=True)
    (1): LayerNorm((256,), eps=1e-05, elementwise_affine=True)
  )
  (bns): ModuleList(
    (0): BatchNorm1d(256, eps=1e-05, momentum=0.1, affine=True, track_running_stats=True)
    (1): BatchNorm1d(256, eps=1e-05, momentum=0.1, affine=True, track_running_stats=True)
  )
  (lin_in): Linear(in_features=500, out_features=256, bias=True)
  (pred_local): Linear(in_features=256, out_features=3, bias=True)
)
Epoch: 00, Loss: 1.0985, Train: 33.33%, Valid: 23.20%, Test: 21.50%, Best Valid: 23.20%, Best Test: 21.50%
Epoch: 100, Loss: 0.0210, Train: 100.00%, Valid: 75.00%, Test: 78.60%, Best Valid: 79.40%, Best Test: 81.90%
Epoch: 200, Loss: 0.0131, Train: 100.00%, Valid: 74.60%, Test: 78.70%, Best Valid: 79.40%, Best Test: 81.90%
Epoch: 300, Loss: 0.0144, Train: 100.00%, Valid: 73.60%, Test: 77.70%, Best Valid: 79.40%, Best Test: 81.90%
Epoch: 400, Loss: 0.0059, Train: 100.00%, Valid: 72.60%, Test: 74.70%, Best Valid: 79.40%, Best Test: 81.90%
Run 01:
Highest Train: 100.00
Highest Valid: 79.40
Highest Test: 81.90
Chosen epoch: 21
Final Train: 98.33
Final Test: 81.90
Epoch: 00, Loss: 1.0976, Train: 65.00%, Valid: 52.60%, Test: 49.00%, Best Valid: 52.60%, Best Test: 49.00%
Epoch: 100, Loss: 0.0174, Train: 100.00%, Valid: 75.20%, Test: 77.40%, Best Valid: 80.00%, Best Test: 81.50%
Epoch: 200, Loss: 0.0068, Train: 100.00%, Valid: 74.60%, Test: 78.20%, Best Valid: 80.00%, Best Test: 81.50%
Epoch: 300, Loss: 0.0098, Train: 100.00%, Valid: 75.20%, Test: 76.80%, Best Valid: 80.00%, Best Test: 81.50%
Epoch: 400, Loss: 0.0131, Train: 100.00%, Valid: 75.00%, Test: 76.80%, Best Valid: 80.00%, Best Test: 81.50%
Run 02:
Highest Train: 100.00
Highest Valid: 80.00
Highest Test: 81.50
Chosen epoch: 24
Final Train: 100.00
Final Test: 81.50
Epoch: 00, Loss: 1.0979, Train: 33.33%, Valid: 23.20%, Test: 21.50%, Best Valid: 23.20%, Best Test: 21.50%
Epoch: 100, Loss: 0.0137, Train: 100.00%, Valid: 75.60%, Test: 78.30%, Best Valid: 80.00%, Best Test: 81.70%
Epoch: 200, Loss: 0.0154, Train: 100.00%, Valid: 75.20%, Test: 76.80%, Best Valid: 80.00%, Best Test: 81.70%
Epoch: 300, Loss: 0.0124, Train: 100.00%, Valid: 75.40%, Test: 78.30%, Best Valid: 80.00%, Best Test: 81.70%
Epoch: 400, Loss: 0.0073, Train: 100.00%, Valid: 73.80%, Test: 77.20%, Best Valid: 80.00%, Best Test: 81.70%
Run 03:
Highest Train: 100.00
Highest Valid: 80.00
Highest Test: 82.10
Chosen epoch: 20
Final Train: 100.00
Final Test: 81.70
Epoch: 00, Loss: 1.0993, Train: 35.00%, Valid: 35.00%, Test: 39.70%, Best Valid: 35.00%, Best Test: 39.70%
Epoch: 100, Loss: 0.0108, Train: 100.00%, Valid: 76.40%, Test: 78.90%, Best Valid: 79.20%, Best Test: 79.70%
Epoch: 200, Loss: 0.0150, Train: 100.00%, Valid: 74.60%, Test: 77.80%, Best Valid: 79.20%, Best Test: 79.70%
Epoch: 300, Loss: 0.0091, Train: 100.00%, Valid: 75.80%, Test: 79.40%, Best Valid: 79.20%, Best Test: 79.70%
Epoch: 400, Loss: 0.0076, Train: 100.00%, Valid: 74.20%, Test: 76.60%, Best Valid: 79.20%, Best Test: 79.70%
Run 04:
Highest Train: 100.00
Highest Valid: 79.20
Highest Test: 81.20
Chosen epoch: 31
Final Train: 100.00
Final Test: 79.70
Epoch: 00, Loss: 1.0993, Train: 38.33%, Valid: 39.60%, Test: 44.10%, Best Valid: 39.60%, Best Test: 44.10%
Epoch: 100, Loss: 0.0156, Train: 100.00%, Valid: 76.20%, Test: 78.40%, Best Valid: 79.00%, Best Test: 79.80%
Epoch: 200, Loss: 0.0090, Train: 100.00%, Valid: 74.80%, Test: 75.80%, Best Valid: 79.00%, Best Test: 79.80%
Epoch: 300, Loss: 0.0071, Train: 100.00%, Valid: 75.20%, Test: 77.50%, Best Valid: 79.00%, Best Test: 79.80%
Epoch: 400, Loss: 0.0088, Train: 100.00%, Valid: 76.00%, Test: 79.30%, Best Valid: 79.00%, Best Test: 79.80%
Run 05:
Highest Train: 100.00
Highest Valid: 79.00
Highest Test: 81.10
Chosen epoch: 26
Final Train: 100.00
Final Test: 79.80
All runs:
Highest Train: 100.00 ± 0.00
Highest Test: 81.56 ± 0.43
Highest Valid: 79.52 ± 0.46
  Final Train: 99.67 ± 0.75
   Final Test: 80.92 ± 1.08
Saving results to results/pubmed/MPNN_gcn.csv

Running with Pre-trained MLP Regularization (lambda=0.01)...
Namespace(bn=False, cpu=False, data_dir='./data/', dataset='pubmed', device=0, display_step=100, dropout=0.7, epochs=500, gnn='gcn', hidden_channels=256, jk=False, label_num_per_class=20, lambda_val=0.01, ln=False, local_layers=2, lr=0.005, metric='acc', mlp_epochs=500, mlp_reg=True, model='MPNN', model_dir='./model/', num_heads=1, pre_linear=False, pre_ln=False, rand_split=False, rand_split_class=True, reg_start_epoch=10, reg_update_freq=5, res=False, runs=5, save_model=False, seed=123, test_num=1000, train_prop=0.5, use_reg=True, valid_num=500, valid_prop=0.25, weight_decay=0.0005)
pubmed
Num nodes: 19717
train:torch.Size([60]), valid:torch.Size([500]), test:torch.Size([1000])
dataset pubmed | num nodes 19717 | num edge 88648 | num node feats 500 | num classes 3
MODEL: MPNNs(
  (h_lins): ModuleList()
  (local_convs): ModuleList(
    (0): GCNConv(500, 256)
    (1): GCNConv(256, 256)
  )
  (lins): ModuleList(
    (0): Linear(in_features=500, out_features=256, bias=True)
    (1): Linear(in_features=256, out_features=256, bias=True)
  )
  (lns): ModuleList(
    (0): LayerNorm((256,), eps=1e-05, elementwise_affine=True)
    (1): LayerNorm((256,), eps=1e-05, elementwise_affine=True)
  )
  (bns): ModuleList(
    (0): BatchNorm1d(256, eps=1e-05, momentum=0.1, affine=True, track_running_stats=True)
    (1): BatchNorm1d(256, eps=1e-05, momentum=0.1, affine=True, track_running_stats=True)
  )
  (lin_in): Linear(in_features=500, out_features=256, bias=True)
  (pred_local): Linear(in_features=256, out_features=3, bias=True)
)
Pre-training MLP for 500 epochs to generate co-occurrence matrix...
MLP pre-training complete. Penalty matrix frozen.
Epoch: 00, Loss: 1.1095, Train: 33.33%, Valid: 23.20%, Test: 21.50%, Best Valid: 23.20%, Best Test: 21.50%
Epoch: 100, Loss: 0.0102, Train: 100.00%, Valid: 75.80%, Test: 77.50%, Best Valid: 79.40%, Best Test: 80.20%
Epoch: 200, Loss: 0.0179, Train: 100.00%, Valid: 73.80%, Test: 76.70%, Best Valid: 79.40%, Best Test: 80.20%
Epoch: 300, Loss: 0.0153, Train: 100.00%, Valid: 73.00%, Test: 77.00%, Best Valid: 79.40%, Best Test: 80.20%
Epoch: 400, Loss: 0.0082, Train: 100.00%, Valid: 74.80%, Test: 76.20%, Best Valid: 79.40%, Best Test: 80.20%
Run 01:
Highest Train: 100.00
Highest Valid: 79.40
Highest Test: 81.60
Chosen epoch: 29
Final Train: 100.00
Final Test: 80.20
Pre-training MLP for 500 epochs to generate co-occurrence matrix...
MLP pre-training complete. Penalty matrix frozen.
Epoch: 00, Loss: 1.1098, Train: 71.67%, Valid: 52.40%, Test: 49.50%, Best Valid: 52.40%, Best Test: 49.50%
Epoch: 100, Loss: 0.0235, Train: 100.00%, Valid: 74.40%, Test: 77.20%, Best Valid: 79.40%, Best Test: 79.50%
Epoch: 200, Loss: 0.0105, Train: 100.00%, Valid: 75.20%, Test: 77.60%, Best Valid: 79.40%, Best Test: 79.50%
Epoch: 300, Loss: 0.0067, Train: 100.00%, Valid: 76.00%, Test: 76.70%, Best Valid: 79.40%, Best Test: 79.50%
Epoch: 400, Loss: 0.0230, Train: 100.00%, Valid: 76.80%, Test: 78.90%, Best Valid: 79.40%, Best Test: 79.50%
Run 02:
Highest Train: 100.00
Highest Valid: 79.40
Highest Test: 80.00
Chosen epoch: 32
Final Train: 100.00
Final Test: 79.50
Pre-training MLP for 500 epochs to generate co-occurrence matrix...
MLP pre-training complete. Penalty matrix frozen.
Epoch: 00, Loss: 1.1100, Train: 36.67%, Valid: 42.80%, Test: 47.00%, Best Valid: 42.80%, Best Test: 47.00%
Epoch: 100, Loss: 0.0116, Train: 100.00%, Valid: 77.00%, Test: 78.70%, Best Valid: 80.00%, Best Test: 81.40%
Epoch: 200, Loss: 0.0183, Train: 100.00%, Valid: 74.80%, Test: 77.40%, Best Valid: 80.00%, Best Test: 81.40%
Epoch: 300, Loss: 0.0093, Train: 100.00%, Valid: 73.00%, Test: 74.60%, Best Valid: 80.00%, Best Test: 81.40%
Epoch: 400, Loss: 0.0165, Train: 100.00%, Valid: 76.20%, Test: 78.30%, Best Valid: 80.00%, Best Test: 81.40%
Run 03:
Highest Train: 100.00
Highest Valid: 80.00
Highest Test: 81.80
Chosen epoch: 24
Final Train: 100.00
Final Test: 81.40
Pre-training MLP for 500 epochs to generate co-occurrence matrix...
MLP pre-training complete. Penalty matrix frozen.
Epoch: 00, Loss: 1.1109, Train: 33.33%, Valid: 23.20%, Test: 21.50%, Best Valid: 23.20%, Best Test: 21.50%
Epoch: 100, Loss: 0.0229, Train: 100.00%, Valid: 77.80%, Test: 78.30%, Best Valid: 79.80%, Best Test: 81.70%
Epoch: 200, Loss: 0.0125, Train: 100.00%, Valid: 76.20%, Test: 79.00%, Best Valid: 79.80%, Best Test: 81.70%
Epoch: 300, Loss: 0.0090, Train: 100.00%, Valid: 75.20%, Test: 78.40%, Best Valid: 79.80%, Best Test: 81.70%
Epoch: 400, Loss: 0.0153, Train: 100.00%, Valid: 73.40%, Test: 74.50%, Best Valid: 79.80%, Best Test: 81.70%
Run 04:
Highest Train: 100.00
Highest Valid: 79.80
Highest Test: 81.80
Chosen epoch: 23
Final Train: 100.00
Final Test: 81.70
Pre-training MLP for 500 epochs to generate co-occurrence matrix...
MLP pre-training complete. Penalty matrix frozen.
Epoch: 00, Loss: 1.1104, Train: 33.33%, Valid: 41.80%, Test: 38.80%, Best Valid: 41.80%, Best Test: 38.80%
Epoch: 100, Loss: 0.0170, Train: 100.00%, Valid: 76.80%, Test: 78.80%, Best Valid: 79.60%, Best Test: 82.60%
Epoch: 200, Loss: 0.0128, Train: 100.00%, Valid: 76.20%, Test: 79.20%, Best Valid: 79.60%, Best Test: 82.60%
Epoch: 300, Loss: 0.0088, Train: 100.00%, Valid: 75.00%, Test: 78.40%, Best Valid: 79.60%, Best Test: 82.60%
Epoch: 400, Loss: 0.0152, Train: 100.00%, Valid: 74.80%, Test: 78.10%, Best Valid: 79.60%, Best Test: 82.60%
Run 05:
Highest Train: 100.00
Highest Valid: 79.60
Highest Test: 82.60
Chosen epoch: 20
Final Train: 98.33
Final Test: 82.60
All runs:
Highest Train: 100.00 ± 0.00
Highest Test: 81.56 ± 0.95
Highest Valid: 79.64 ± 0.26
  Final Train: 99.67 ± 0.75
   Final Test: 81.08 ± 1.23
Saving results to results/pubmed/MPNN_gcn.csv

Running with Pre-trained MLP Regularization (lambda=0.1)...
Namespace(bn=False, cpu=False, data_dir='./data/', dataset='pubmed', device=0, display_step=100, dropout=0.7, epochs=500, gnn='gcn', hidden_channels=256, jk=False, label_num_per_class=20, lambda_val=0.1, ln=False, local_layers=2, lr=0.005, metric='acc', mlp_epochs=500, mlp_reg=True, model='MPNN', model_dir='./model/', num_heads=1, pre_linear=False, pre_ln=False, rand_split=False, rand_split_class=True, reg_start_epoch=10, reg_update_freq=5, res=False, runs=5, save_model=False, seed=123, test_num=1000, train_prop=0.5, use_reg=True, valid_num=500, valid_prop=0.25, weight_decay=0.0005)
pubmed
Num nodes: 19717
train:torch.Size([60]), valid:torch.Size([500]), test:torch.Size([1000])
dataset pubmed | num nodes 19717 | num edge 88648 | num node feats 500 | num classes 3
MODEL: MPNNs(
  (h_lins): ModuleList()
  (local_convs): ModuleList(
    (0): GCNConv(500, 256)
    (1): GCNConv(256, 256)
  )
  (lins): ModuleList(
    (0): Linear(in_features=500, out_features=256, bias=True)
    (1): Linear(in_features=256, out_features=256, bias=True)
  )
  (lns): ModuleList(
    (0): LayerNorm((256,), eps=1e-05, elementwise_affine=True)
    (1): LayerNorm((256,), eps=1e-05, elementwise_affine=True)
  )
  (bns): ModuleList(
    (0): BatchNorm1d(256, eps=1e-05, momentum=0.1, affine=True, track_running_stats=True)
    (1): BatchNorm1d(256, eps=1e-05, momentum=0.1, affine=True, track_running_stats=True)
  )
  (lin_in): Linear(in_features=500, out_features=256, bias=True)
  (pred_local): Linear(in_features=256, out_features=3, bias=True)
)
Pre-training MLP for 500 epochs to generate co-occurrence matrix...
MLP pre-training complete. Penalty matrix frozen.
Epoch: 00, Loss: 1.2083, Train: 33.33%, Valid: 23.20%, Test: 21.60%, Best Valid: 23.20%, Best Test: 21.60%
Epoch: 100, Loss: 0.0122, Train: 100.00%, Valid: 76.20%, Test: 77.50%, Best Valid: 79.80%, Best Test: 79.90%
Epoch: 200, Loss: 0.0164, Train: 100.00%, Valid: 74.20%, Test: 76.50%, Best Valid: 79.80%, Best Test: 79.90%
Epoch: 300, Loss: 0.0186, Train: 100.00%, Valid: 73.40%, Test: 77.50%, Best Valid: 79.80%, Best Test: 79.90%
Epoch: 400, Loss: 0.0063, Train: 100.00%, Valid: 75.60%, Test: 77.90%, Best Valid: 79.80%, Best Test: 79.90%
Run 01:
Highest Train: 100.00
Highest Valid: 79.80
Highest Test: 81.90
Chosen epoch: 28
Final Train: 100.00
Final Test: 79.90
Pre-training MLP for 500 epochs to generate co-occurrence matrix...
MLP pre-training complete. Penalty matrix frozen.
Epoch: 00, Loss: 1.2087, Train: 46.67%, Valid: 44.20%, Test: 44.40%, Best Valid: 44.20%, Best Test: 44.40%
Epoch: 100, Loss: 0.0246, Train: 100.00%, Valid: 74.20%, Test: 76.80%, Best Valid: 79.40%, Best Test: 80.40%
Epoch: 200, Loss: 0.0100, Train: 100.00%, Valid: 75.60%, Test: 78.00%, Best Valid: 79.40%, Best Test: 80.40%
Epoch: 300, Loss: 0.0154, Train: 100.00%, Valid: 74.40%, Test: 75.80%, Best Valid: 79.40%, Best Test: 80.40%
Epoch: 400, Loss: 0.0122, Train: 100.00%, Valid: 74.80%, Test: 78.20%, Best Valid: 79.40%, Best Test: 80.40%
Run 02:
Highest Train: 100.00
Highest Valid: 79.40
Highest Test: 80.50
Chosen epoch: 40
Final Train: 100.00
Final Test: 80.40
Pre-training MLP for 500 epochs to generate co-occurrence matrix...
MLP pre-training complete. Penalty matrix frozen.
Epoch: 00, Loss: 1.2089, Train: 36.67%, Valid: 42.80%, Test: 47.60%, Best Valid: 42.80%, Best Test: 47.60%
Epoch: 100, Loss: 0.0152, Train: 100.00%, Valid: 77.20%, Test: 79.20%, Best Valid: 80.20%, Best Test: 81.40%
Epoch: 200, Loss: 0.0214, Train: 100.00%, Valid: 74.40%, Test: 77.60%, Best Valid: 80.20%, Best Test: 81.40%
Epoch: 300, Loss: 0.0088, Train: 100.00%, Valid: 74.40%, Test: 75.80%, Best Valid: 80.20%, Best Test: 81.40%
Epoch: 400, Loss: 0.0118, Train: 100.00%, Valid: 76.40%, Test: 79.00%, Best Valid: 80.20%, Best Test: 81.40%
Run 03:
Highest Train: 100.00
Highest Valid: 80.20
Highest Test: 81.80
Chosen epoch: 27
Final Train: 100.00
Final Test: 81.40
Pre-training MLP for 500 epochs to generate co-occurrence matrix...
MLP pre-training complete. Penalty matrix frozen.
Epoch: 00, Loss: 1.2099, Train: 33.33%, Valid: 23.20%, Test: 21.50%, Best Valid: 23.20%, Best Test: 21.50%
Epoch: 100, Loss: 0.0273, Train: 100.00%, Valid: 78.60%, Test: 78.80%, Best Valid: 80.00%, Best Test: 81.80%
Epoch: 200, Loss: 0.0165, Train: 100.00%, Valid: 75.00%, Test: 78.00%, Best Valid: 80.00%, Best Test: 81.80%
Epoch: 300, Loss: 0.0100, Train: 100.00%, Valid: 76.40%, Test: 78.70%, Best Valid: 80.00%, Best Test: 81.80%
Epoch: 400, Loss: 0.0145, Train: 100.00%, Valid: 72.80%, Test: 73.80%, Best Valid: 80.00%, Best Test: 81.80%
Run 04:
Highest Train: 100.00
Highest Valid: 80.00
Highest Test: 81.90
Chosen epoch: 22
Final Train: 98.33
Final Test: 81.80
Pre-training MLP for 500 epochs to generate co-occurrence matrix...
MLP pre-training complete. Penalty matrix frozen.
Epoch: 00, Loss: 1.2094, Train: 33.33%, Valid: 41.80%, Test: 38.80%, Best Valid: 41.80%, Best Test: 38.80%
Epoch: 100, Loss: 0.0189, Train: 100.00%, Valid: 77.00%, Test: 78.60%, Best Valid: 80.20%, Best Test: 81.00%
Epoch: 200, Loss: 0.0154, Train: 100.00%, Valid: 76.40%, Test: 79.00%, Best Valid: 80.20%, Best Test: 81.00%
Epoch: 300, Loss: 0.0093, Train: 100.00%, Valid: 76.00%, Test: 78.30%, Best Valid: 80.20%, Best Test: 81.00%
Epoch: 400, Loss: 0.0138, Train: 100.00%, Valid: 74.40%, Test: 78.40%, Best Valid: 80.20%, Best Test: 81.00%
Run 05:
Highest Train: 100.00
Highest Valid: 80.20
Highest Test: 82.70
Chosen epoch: 21
Final Train: 100.00
Final Test: 81.00
All runs:
Highest Train: 100.00 ± 0.00
Highest Test: 81.76 ± 0.79
Highest Valid: 79.92 ± 0.33
  Final Train: 99.67 ± 0.75
   Final Test: 80.90 ± 0.76
Saving results to results/pubmed/MPNN_gcn.csv

Running with Pre-trained MLP Regularization (lambda=1.0)...
Namespace(bn=False, cpu=False, data_dir='./data/', dataset='pubmed', device=0, display_step=100, dropout=0.7, epochs=500, gnn='gcn', hidden_channels=256, jk=False, label_num_per_class=20, lambda_val=1.0, ln=False, local_layers=2, lr=0.005, metric='acc', mlp_epochs=500, mlp_reg=True, model='MPNN', model_dir='./model/', num_heads=1, pre_linear=False, pre_ln=False, rand_split=False, rand_split_class=True, reg_start_epoch=10, reg_update_freq=5, res=False, runs=5, save_model=False, seed=123, test_num=1000, train_prop=0.5, use_reg=True, valid_num=500, valid_prop=0.25, weight_decay=0.0005)
pubmed
Num nodes: 19717
train:torch.Size([60]), valid:torch.Size([500]), test:torch.Size([1000])
dataset pubmed | num nodes 19717 | num edge 88648 | num node feats 500 | num classes 3
MODEL: MPNNs(
  (h_lins): ModuleList()
  (local_convs): ModuleList(
    (0): GCNConv(500, 256)
    (1): GCNConv(256, 256)
  )
  (lins): ModuleList(
    (0): Linear(in_features=500, out_features=256, bias=True)
    (1): Linear(in_features=256, out_features=256, bias=True)
  )
  (lns): ModuleList(
    (0): LayerNorm((256,), eps=1e-05, elementwise_affine=True)
    (1): LayerNorm((256,), eps=1e-05, elementwise_affine=True)
  )
  (bns): ModuleList(
    (0): BatchNorm1d(256, eps=1e-05, momentum=0.1, affine=True, track_running_stats=True)
    (1): BatchNorm1d(256, eps=1e-05, momentum=0.1, affine=True, track_running_stats=True)
  )
  (lin_in): Linear(in_features=500, out_features=256, bias=True)
  (pred_local): Linear(in_features=256, out_features=3, bias=True)
)
Pre-training MLP for 500 epochs to generate co-occurrence matrix...
MLP pre-training complete. Penalty matrix frozen.
Epoch: 00, Loss: 2.1970, Train: 33.33%, Valid: 25.80%, Test: 23.70%, Best Valid: 25.80%, Best Test: 23.70%
Epoch: 100, Loss: 0.0415, Train: 100.00%, Valid: 79.40%, Test: 79.50%, Best Valid: 80.80%, Best Test: 80.10%
Epoch: 200, Loss: 0.0303, Train: 100.00%, Valid: 75.60%, Test: 77.50%, Best Valid: 80.80%, Best Test: 80.10%
Epoch: 300, Loss: 0.0224, Train: 100.00%, Valid: 76.40%, Test: 78.30%, Best Valid: 80.80%, Best Test: 80.10%
Epoch: 400, Loss: 0.0192, Train: 100.00%, Valid: 74.20%, Test: 76.70%, Best Valid: 80.80%, Best Test: 80.10%
Run 01:
Highest Train: 100.00
Highest Valid: 80.80
Highest Test: 81.20
Chosen epoch: 74
Final Train: 100.00
Final Test: 80.10
Pre-training MLP for 500 epochs to generate co-occurrence matrix...
MLP pre-training complete. Penalty matrix frozen.
Epoch: 00, Loss: 2.1976, Train: 33.33%, Valid: 36.00%, Test: 40.60%, Best Valid: 36.00%, Best Test: 40.60%
Epoch: 100, Loss: 0.0569, Train: 100.00%, Valid: 78.00%, Test: 79.40%, Best Valid: 80.20%, Best Test: 80.20%
Epoch: 200, Loss: 0.0243, Train: 100.00%, Valid: 74.80%, Test: 78.10%, Best Valid: 80.20%, Best Test: 80.20%
Epoch: 300, Loss: 0.0250, Train: 100.00%, Valid: 76.80%, Test: 77.70%, Best Valid: 80.20%, Best Test: 80.20%
Epoch: 400, Loss: 0.0237, Train: 100.00%, Valid: 75.20%, Test: 78.80%, Best Valid: 80.20%, Best Test: 80.20%
Run 02:
Highest Train: 100.00
Highest Valid: 80.20
Highest Test: 80.90
Chosen epoch: 42
Final Train: 100.00
Final Test: 80.20
Pre-training MLP for 500 epochs to generate co-occurrence matrix...
MLP pre-training complete. Penalty matrix frozen.
Epoch: 00, Loss: 2.1980, Train: 50.00%, Valid: 53.20%, Test: 47.90%, Best Valid: 53.20%, Best Test: 47.90%
Epoch: 100, Loss: 0.0448, Train: 100.00%, Valid: 78.40%, Test: 79.70%, Best Valid: 81.00%, Best Test: 80.10%
Epoch: 200, Loss: 0.0292, Train: 100.00%, Valid: 77.00%, Test: 78.90%, Best Valid: 81.00%, Best Test: 80.10%
Epoch: 300, Loss: 0.0229, Train: 100.00%, Valid: 76.80%, Test: 78.10%, Best Valid: 81.00%, Best Test: 80.10%
Epoch: 400, Loss: 0.0190, Train: 100.00%, Valid: 76.20%, Test: 78.30%, Best Valid: 81.00%, Best Test: 80.10%
Run 03:
Highest Train: 100.00
Highest Valid: 81.00
Highest Test: 80.70
Chosen epoch: 84
Final Train: 100.00
Final Test: 80.10
Pre-training MLP for 500 epochs to generate co-occurrence matrix...
MLP pre-training complete. Penalty matrix frozen.
Epoch: 00, Loss: 2.1999, Train: 58.33%, Valid: 48.20%, Test: 54.50%, Best Valid: 48.20%, Best Test: 54.50%
Epoch: 100, Loss: 0.0620, Train: 100.00%, Valid: 78.60%, Test: 80.00%, Best Valid: 80.80%, Best Test: 80.10%
Epoch: 200, Loss: 0.0309, Train: 100.00%, Valid: 75.60%, Test: 77.70%, Best Valid: 80.80%, Best Test: 80.10%
Epoch: 300, Loss: 0.0199, Train: 100.00%, Valid: 75.20%, Test: 79.00%, Best Valid: 80.80%, Best Test: 80.10%
Epoch: 400, Loss: 0.0341, Train: 100.00%, Valid: 72.60%, Test: 75.00%, Best Valid: 80.80%, Best Test: 80.10%
Run 04:
Highest Train: 100.00
Highest Valid: 80.80
Highest Test: 81.00
Chosen epoch: 88
Final Train: 100.00
Final Test: 80.10
Pre-training MLP for 500 epochs to generate co-occurrence matrix...
MLP pre-training complete. Penalty matrix frozen.
Epoch: 00, Loss: 2.1988, Train: 33.33%, Valid: 41.80%, Test: 38.80%, Best Valid: 41.80%, Best Test: 38.80%
Epoch: 100, Loss: 0.0450, Train: 100.00%, Valid: 78.80%, Test: 79.80%, Best Valid: 81.20%, Best Test: 80.10%
Epoch: 200, Loss: 0.0230, Train: 100.00%, Valid: 77.20%, Test: 79.70%, Best Valid: 81.20%, Best Test: 80.10%
Epoch: 300, Loss: 0.0201, Train: 100.00%, Valid: 74.40%, Test: 78.50%, Best Valid: 81.20%, Best Test: 80.10%
Epoch: 400, Loss: 0.0233, Train: 100.00%, Valid: 74.40%, Test: 78.50%, Best Valid: 81.20%, Best Test: 80.10%
Run 05:
Highest Train: 100.00
Highest Valid: 81.20
Highest Test: 82.50
Chosen epoch: 56
Final Train: 100.00
Final Test: 80.10
All runs:
Highest Train: 100.00 ± 0.00
Highest Test: 81.26 ± 0.72
Highest Valid: 80.80 ± 0.37
  Final Train: 100.00 ± 0.00
   Final Test: 80.12 ± 0.04
Saving results to results/pubmed/MPNN_gcn.csv

Homophilic sweep completed!
==========================================================
Starting Homophilic MLP-Reg Sweep for:
python main.py --gnn sage --dataset pubmed --hidden_channels 512 --lr 0.005 --runs 5 --local_layers 4 --weight_decay 5e-4 --dropout 0.7 --rand_split_class --valid_num 500 --test_num 1000 --seed 123 --device 0
==========================================================
Running Baseline (REG: False)...
Namespace(bn=False, cpu=False, data_dir='./data/', dataset='pubmed', device=0, display_step=100, dropout=0.7, epochs=500, gnn='sage', hidden_channels=512, jk=False, label_num_per_class=20, lambda_val=0.5, ln=False, local_layers=4, lr=0.005, metric='acc', mlp_epochs=500, mlp_reg=False, model='MPNN', model_dir='./model/', num_heads=1, pre_linear=False, pre_ln=False, rand_split=False, rand_split_class=True, reg_start_epoch=10, reg_update_freq=5, res=False, runs=5, save_model=False, seed=123, test_num=1000, train_prop=0.5, use_reg=False, valid_num=500, valid_prop=0.25, weight_decay=0.0005)
pubmed
Num nodes: 19717
train:torch.Size([60]), valid:torch.Size([500]), test:torch.Size([1000])
dataset pubmed | num nodes 19717 | num edge 88648 | num node feats 500 | num classes 3
MODEL: MPNNs(
  (h_lins): ModuleList()
  (local_convs): ModuleList(
    (0): SAGEConv(500, 512, aggr=mean)
    (1): SAGEConv(512, 512, aggr=mean)
    (2): SAGEConv(512, 512, aggr=mean)
    (3): SAGEConv(512, 512, aggr=mean)
  )
  (lins): ModuleList(
    (0): Linear(in_features=500, out_features=512, bias=True)
    (1): Linear(in_features=512, out_features=512, bias=True)
    (2): Linear(in_features=512, out_features=512, bias=True)
    (3): Linear(in_features=512, out_features=512, bias=True)
  )
  (lns): ModuleList(
    (0): LayerNorm((512,), eps=1e-05, elementwise_affine=True)
    (1): LayerNorm((512,), eps=1e-05, elementwise_affine=True)
    (2): LayerNorm((512,), eps=1e-05, elementwise_affine=True)
    (3): LayerNorm((512,), eps=1e-05, elementwise_affine=True)
  )
  (bns): ModuleList(
    (0): BatchNorm1d(512, eps=1e-05, momentum=0.1, affine=True, track_running_stats=True)
    (1): BatchNorm1d(512, eps=1e-05, momentum=0.1, affine=True, track_running_stats=True)
    (2): BatchNorm1d(512, eps=1e-05, momentum=0.1, affine=True, track_running_stats=True)
    (3): BatchNorm1d(512, eps=1e-05, momentum=0.1, affine=True, track_running_stats=True)
  )
  (lin_in): Linear(in_features=500, out_features=512, bias=True)
  (pred_local): Linear(in_features=512, out_features=3, bias=True)
)
Epoch: 00, Loss: 1.1016, Train: 33.33%, Valid: 41.80%, Test: 38.80%, Best Valid: 41.80%, Best Test: 38.80%
Epoch: 100, Loss: 0.0003, Train: 100.00%, Valid: 76.60%, Test: 77.50%, Best Valid: 78.20%, Best Test: 78.30%
Epoch: 200, Loss: 0.0004, Train: 100.00%, Valid: 75.60%, Test: 75.50%, Best Valid: 78.20%, Best Test: 78.30%
Epoch: 300, Loss: 0.0007, Train: 100.00%, Valid: 74.60%, Test: 75.90%, Best Valid: 78.20%, Best Test: 78.30%
Epoch: 400, Loss: 0.0007, Train: 100.00%, Valid: 74.60%, Test: 75.30%, Best Valid: 78.20%, Best Test: 78.30%
Run 01:
Highest Train: 100.00
Highest Valid: 78.20
Highest Test: 78.30
Chosen epoch: 22
Final Train: 100.00
Final Test: 78.30
Epoch: 00, Loss: 1.0996, Train: 33.33%, Valid: 41.80%, Test: 38.80%, Best Valid: 41.80%, Best Test: 38.80%
Epoch: 100, Loss: 0.0001, Train: 100.00%, Valid: 72.60%, Test: 73.50%, Best Valid: 81.80%, Best Test: 79.90%
Epoch: 200, Loss: 0.0098, Train: 100.00%, Valid: 76.40%, Test: 74.00%, Best Valid: 81.80%, Best Test: 79.90%
Epoch: 300, Loss: 0.0003, Train: 100.00%, Valid: 73.00%, Test: 73.90%, Best Valid: 81.80%, Best Test: 79.90%
Epoch: 400, Loss: 0.0006, Train: 100.00%, Valid: 75.80%, Test: 74.40%, Best Valid: 81.80%, Best Test: 79.90%
Run 02:
Highest Train: 100.00
Highest Valid: 81.80
Highest Test: 80.60
Chosen epoch: 10
Final Train: 93.33
Final Test: 79.90
Epoch: 00, Loss: 1.1014, Train: 33.33%, Valid: 41.80%, Test: 38.80%, Best Valid: 41.80%, Best Test: 38.80%
Epoch: 100, Loss: 0.0001, Train: 100.00%, Valid: 76.00%, Test: 77.60%, Best Valid: 77.60%, Best Test: 78.50%
Epoch: 200, Loss: 0.0001, Train: 100.00%, Valid: 76.20%, Test: 76.70%, Best Valid: 77.60%, Best Test: 78.50%
Epoch: 300, Loss: 0.0001, Train: 100.00%, Valid: 74.20%, Test: 74.10%, Best Valid: 77.60%, Best Test: 78.50%
Epoch: 400, Loss: 0.0005, Train: 100.00%, Valid: 73.80%, Test: 74.00%, Best Valid: 77.60%, Best Test: 78.50%
Run 03:
Highest Train: 100.00
Highest Valid: 77.60
Highest Test: 78.50
Chosen epoch: 15
Final Train: 100.00
Final Test: 78.50
Epoch: 00, Loss: 1.0992, Train: 33.33%, Valid: 23.20%, Test: 21.50%, Best Valid: 23.20%, Best Test: 21.50%
Epoch: 100, Loss: 0.0001, Train: 100.00%, Valid: 77.40%, Test: 76.90%, Best Valid: 78.20%, Best Test: 78.10%
Epoch: 200, Loss: 0.0001, Train: 100.00%, Valid: 74.80%, Test: 76.40%, Best Valid: 78.20%, Best Test: 78.10%
Epoch: 300, Loss: 0.0024, Train: 100.00%, Valid: 74.00%, Test: 72.10%, Best Valid: 78.20%, Best Test: 78.10%
Epoch: 400, Loss: 0.0002, Train: 98.33%, Valid: 72.20%, Test: 71.90%, Best Valid: 78.60%, Best Test: 78.20%
Run 04:
Highest Train: 100.00
Highest Valid: 78.60
Highest Test: 79.00
Chosen epoch: 356
Final Train: 100.00
Final Test: 78.20
Epoch: 00, Loss: 1.1015, Train: 33.33%, Valid: 23.20%, Test: 21.50%, Best Valid: 23.20%, Best Test: 21.50%
Epoch: 100, Loss: 0.0122, Train: 100.00%, Valid: 72.20%, Test: 73.90%, Best Valid: 79.40%, Best Test: 78.10%
Epoch: 200, Loss: 0.0051, Train: 100.00%, Valid: 70.20%, Test: 73.50%, Best Valid: 79.40%, Best Test: 78.10%
Epoch: 300, Loss: 0.0022, Train: 100.00%, Valid: 73.60%, Test: 75.10%, Best Valid: 79.40%, Best Test: 78.10%
Epoch: 400, Loss: 0.0017, Train: 100.00%, Valid: 73.80%, Test: 74.70%, Best Valid: 79.40%, Best Test: 78.10%
Run 05:
Highest Train: 100.00
Highest Valid: 79.40
Highest Test: 79.60
Chosen epoch: 20
Final Train: 100.00
Final Test: 78.10
All runs:
Highest Train: 100.00 ± 0.00
Highest Test: 79.20 ± 0.93
Highest Valid: 79.12 ± 1.63
  Final Train: 98.67 ± 2.98
   Final Test: 78.60 ± 0.74
Saving results to results/pubmed/MPNN_sage.csv

Running with Pre-trained MLP Regularization (lambda=0.01)...
Namespace(bn=False, cpu=False, data_dir='./data/', dataset='pubmed', device=0, display_step=100, dropout=0.7, epochs=500, gnn='sage', hidden_channels=512, jk=False, label_num_per_class=20, lambda_val=0.01, ln=False, local_layers=4, lr=0.005, metric='acc', mlp_epochs=500, mlp_reg=True, model='MPNN', model_dir='./model/', num_heads=1, pre_linear=False, pre_ln=False, rand_split=False, rand_split_class=True, reg_start_epoch=10, reg_update_freq=5, res=False, runs=5, save_model=False, seed=123, test_num=1000, train_prop=0.5, use_reg=True, valid_num=500, valid_prop=0.25, weight_decay=0.0005)
pubmed
Num nodes: 19717
train:torch.Size([60]), valid:torch.Size([500]), test:torch.Size([1000])
dataset pubmed | num nodes 19717 | num edge 88648 | num node feats 500 | num classes 3
MODEL: MPNNs(
  (h_lins): ModuleList()
  (local_convs): ModuleList(
    (0): SAGEConv(500, 512, aggr=mean)
    (1): SAGEConv(512, 512, aggr=mean)
    (2): SAGEConv(512, 512, aggr=mean)
    (3): SAGEConv(512, 512, aggr=mean)
  )
  (lins): ModuleList(
    (0): Linear(in_features=500, out_features=512, bias=True)
    (1): Linear(in_features=512, out_features=512, bias=True)
    (2): Linear(in_features=512, out_features=512, bias=True)
    (3): Linear(in_features=512, out_features=512, bias=True)
  )
  (lns): ModuleList(
    (0): LayerNorm((512,), eps=1e-05, elementwise_affine=True)
    (1): LayerNorm((512,), eps=1e-05, elementwise_affine=True)
    (2): LayerNorm((512,), eps=1e-05, elementwise_affine=True)
    (3): LayerNorm((512,), eps=1e-05, elementwise_affine=True)
  )
  (bns): ModuleList(
    (0): BatchNorm1d(512, eps=1e-05, momentum=0.1, affine=True, track_running_stats=True)
    (1): BatchNorm1d(512, eps=1e-05, momentum=0.1, affine=True, track_running_stats=True)
    (2): BatchNorm1d(512, eps=1e-05, momentum=0.1, affine=True, track_running_stats=True)
    (3): BatchNorm1d(512, eps=1e-05, momentum=0.1, affine=True, track_running_stats=True)
  )
  (lin_in): Linear(in_features=500, out_features=512, bias=True)
  (pred_local): Linear(in_features=512, out_features=3, bias=True)
)
Pre-training MLP for 500 epochs to generate co-occurrence matrix...
MLP pre-training complete. Penalty matrix frozen.
Epoch: 00, Loss: 1.1146, Train: 33.33%, Valid: 41.80%, Test: 38.80%, Best Valid: 41.80%, Best Test: 38.80%
Epoch: 100, Loss: 0.0006, Train: 100.00%, Valid: 73.20%, Test: 74.90%, Best Valid: 78.60%, Best Test: 79.80%
Epoch: 200, Loss: 0.0004, Train: 100.00%, Valid: 74.80%, Test: 75.70%, Best Valid: 78.60%, Best Test: 79.80%
Epoch: 300, Loss: 0.0010, Train: 100.00%, Valid: 71.40%, Test: 71.70%, Best Valid: 78.60%, Best Test: 79.80%
Epoch: 400, Loss: 0.0584, Train: 100.00%, Valid: 70.60%, Test: 72.00%, Best Valid: 78.60%, Best Test: 79.80%
Run 01:
Highest Train: 100.00
Highest Valid: 78.60
Highest Test: 79.80
Chosen epoch: 16
Final Train: 100.00
Final Test: 79.80
Pre-training MLP for 500 epochs to generate co-occurrence matrix...
MLP pre-training complete. Penalty matrix frozen.
Epoch: 00, Loss: 1.1141, Train: 33.33%, Valid: 42.40%, Test: 38.80%, Best Valid: 42.40%, Best Test: 38.80%
Epoch: 100, Loss: 0.0002, Train: 100.00%, Valid: 73.20%, Test: 76.40%, Best Valid: 78.60%, Best Test: 78.80%
Epoch: 200, Loss: 0.0206, Train: 100.00%, Valid: 77.00%, Test: 76.70%, Best Valid: 78.60%, Best Test: 78.80%
Epoch: 300, Loss: 0.0020, Train: 100.00%, Valid: 75.60%, Test: 77.10%, Best Valid: 78.60%, Best Test: 78.80%
Epoch: 400, Loss: 0.0032, Train: 100.00%, Valid: 66.00%, Test: 66.60%, Best Valid: 78.60%, Best Test: 78.80%
Run 02:
Highest Train: 100.00
Highest Valid: 78.60
Highest Test: 78.80
Chosen epoch: 19
Final Train: 100.00
Final Test: 78.80
Pre-training MLP for 500 epochs to generate co-occurrence matrix...
MLP pre-training complete. Penalty matrix frozen.
Epoch: 00, Loss: 1.1120, Train: 33.33%, Valid: 35.00%, Test: 39.70%, Best Valid: 35.00%, Best Test: 39.70%
Epoch: 100, Loss: 0.0004, Train: 100.00%, Valid: 74.80%, Test: 78.50%, Best Valid: 80.60%, Best Test: 80.00%
Epoch: 200, Loss: 0.0003, Train: 100.00%, Valid: 73.80%, Test: 74.60%, Best Valid: 80.60%, Best Test: 80.00%
Epoch: 300, Loss: 0.0019, Train: 100.00%, Valid: 75.60%, Test: 74.10%, Best Valid: 80.60%, Best Test: 80.00%
Epoch: 400, Loss: 0.0017, Train: 100.00%, Valid: 73.20%, Test: 76.80%, Best Valid: 80.60%, Best Test: 80.00%
Run 03:
Highest Train: 100.00
Highest Valid: 80.60
Highest Test: 80.00
Chosen epoch: 14
Final Train: 100.00
Final Test: 80.00
Pre-training MLP for 500 epochs to generate co-occurrence matrix...
MLP pre-training complete. Penalty matrix frozen.
Epoch: 00, Loss: 1.1123, Train: 36.67%, Valid: 37.80%, Test: 42.60%, Best Valid: 37.80%, Best Test: 42.60%
Epoch: 100, Loss: 0.0020, Train: 100.00%, Valid: 69.80%, Test: 67.80%, Best Valid: 81.00%, Best Test: 80.10%
Epoch: 200, Loss: 0.0006, Train: 100.00%, Valid: 74.60%, Test: 76.90%, Best Valid: 81.00%, Best Test: 80.10%
Epoch: 300, Loss: 0.0003, Train: 100.00%, Valid: 73.20%, Test: 74.70%, Best Valid: 81.00%, Best Test: 80.10%
Epoch: 400, Loss: 0.0076, Train: 100.00%, Valid: 72.60%, Test: 70.70%, Best Valid: 81.00%, Best Test: 80.10%
Run 04:
Highest Train: 100.00
Highest Valid: 81.00
Highest Test: 80.10
Chosen epoch: 7
Final Train: 93.33
Final Test: 80.10
Pre-training MLP for 500 epochs to generate co-occurrence matrix...
MLP pre-training complete. Penalty matrix frozen.
Epoch: 00, Loss: 1.1082, Train: 33.33%, Valid: 23.20%, Test: 21.50%, Best Valid: 23.20%, Best Test: 21.50%
Epoch: 100, Loss: 0.0008, Train: 100.00%, Valid: 74.20%, Test: 77.00%, Best Valid: 79.20%, Best Test: 78.50%
Epoch: 200, Loss: 0.0002, Train: 100.00%, Valid: 73.60%, Test: 75.90%, Best Valid: 79.20%, Best Test: 78.50%
Epoch: 300, Loss: 0.0003, Train: 100.00%, Valid: 74.40%, Test: 74.60%, Best Valid: 79.20%, Best Test: 78.50%
Epoch: 400, Loss: 0.1186, Train: 100.00%, Valid: 75.20%, Test: 75.00%, Best Valid: 79.20%, Best Test: 78.50%
Run 05:
Highest Train: 100.00
Highest Valid: 79.20
Highest Test: 79.50
Chosen epoch: 17
Final Train: 96.67
Final Test: 78.50
All runs:
Highest Train: 100.00 ± 0.00
Highest Test: 79.64 ± 0.52
Highest Valid: 79.60 ± 1.13
  Final Train: 98.00 ± 2.98
   Final Test: 79.44 ± 0.74
Saving results to results/pubmed/MPNN_sage.csv

Running with Pre-trained MLP Regularization (lambda=0.1)...
Namespace(bn=False, cpu=False, data_dir='./data/', dataset='pubmed', device=0, display_step=100, dropout=0.7, epochs=500, gnn='sage', hidden_channels=512, jk=False, label_num_per_class=20, lambda_val=0.1, ln=False, local_layers=4, lr=0.005, metric='acc', mlp_epochs=500, mlp_reg=True, model='MPNN', model_dir='./model/', num_heads=1, pre_linear=False, pre_ln=False, rand_split=False, rand_split_class=True, reg_start_epoch=10, reg_update_freq=5, res=False, runs=5, save_model=False, seed=123, test_num=1000, train_prop=0.5, use_reg=True, valid_num=500, valid_prop=0.25, weight_decay=0.0005)
pubmed
Num nodes: 19717
train:torch.Size([60]), valid:torch.Size([500]), test:torch.Size([1000])
dataset pubmed | num nodes 19717 | num edge 88648 | num node feats 500 | num classes 3
MODEL: MPNNs(
  (h_lins): ModuleList()
  (local_convs): ModuleList(
    (0): SAGEConv(500, 512, aggr=mean)
    (1): SAGEConv(512, 512, aggr=mean)
    (2): SAGEConv(512, 512, aggr=mean)
    (3): SAGEConv(512, 512, aggr=mean)
  )
  (lins): ModuleList(
    (0): Linear(in_features=500, out_features=512, bias=True)
    (1): Linear(in_features=512, out_features=512, bias=True)
    (2): Linear(in_features=512, out_features=512, bias=True)
    (3): Linear(in_features=512, out_features=512, bias=True)
  )
  (lns): ModuleList(
    (0): LayerNorm((512,), eps=1e-05, elementwise_affine=True)
    (1): LayerNorm((512,), eps=1e-05, elementwise_affine=True)
    (2): LayerNorm((512,), eps=1e-05, elementwise_affine=True)
    (3): LayerNorm((512,), eps=1e-05, elementwise_affine=True)
  )
  (bns): ModuleList(
    (0): BatchNorm1d(512, eps=1e-05, momentum=0.1, affine=True, track_running_stats=True)
    (1): BatchNorm1d(512, eps=1e-05, momentum=0.1, affine=True, track_running_stats=True)
    (2): BatchNorm1d(512, eps=1e-05, momentum=0.1, affine=True, track_running_stats=True)
    (3): BatchNorm1d(512, eps=1e-05, momentum=0.1, affine=True, track_running_stats=True)
  )
  (lin_in): Linear(in_features=500, out_features=512, bias=True)
  (pred_local): Linear(in_features=512, out_features=3, bias=True)
)
Pre-training MLP for 500 epochs to generate co-occurrence matrix...
MLP pre-training complete. Penalty matrix frozen.
Epoch: 00, Loss: 1.2139, Train: 33.33%, Valid: 41.80%, Test: 38.80%, Best Valid: 41.80%, Best Test: 38.80%
Epoch: 100, Loss: 0.0040, Train: 100.00%, Valid: 76.60%, Test: 77.80%, Best Valid: 78.20%, Best Test: 77.50%
Epoch: 200, Loss: 0.0019, Train: 100.00%, Valid: 72.40%, Test: 74.00%, Best Valid: 78.20%, Best Test: 77.50%
Epoch: 300, Loss: 0.0065, Train: 100.00%, Valid: 75.00%, Test: 76.90%, Best Valid: 78.20%, Best Test: 77.50%
Epoch: 400, Loss: 0.0071, Train: 100.00%, Valid: 74.20%, Test: 73.10%, Best Valid: 78.20%, Best Test: 77.50%
Run 01:
Highest Train: 100.00
Highest Valid: 78.20
Highest Test: 79.70
Chosen epoch: 17
Final Train: 98.33
Final Test: 77.50
Pre-training MLP for 500 epochs to generate co-occurrence matrix...
MLP pre-training complete. Penalty matrix frozen.
Epoch: 00, Loss: 1.2134, Train: 33.33%, Valid: 35.00%, Test: 39.70%, Best Valid: 35.00%, Best Test: 39.70%
Epoch: 100, Loss: 0.0036, Train: 100.00%, Valid: 71.60%, Test: 71.90%, Best Valid: 77.40%, Best Test: 78.80%
Epoch: 200, Loss: 0.0011, Train: 100.00%, Valid: 76.40%, Test: 77.20%, Best Valid: 77.80%, Best Test: 77.80%
Epoch: 300, Loss: 0.0005, Train: 100.00%, Valid: 74.60%, Test: 75.20%, Best Valid: 77.80%, Best Test: 77.80%
Epoch: 400, Loss: 0.0009, Train: 100.00%, Valid: 75.40%, Test: 75.40%, Best Valid: 77.80%, Best Test: 77.80%
Run 02:
Highest Train: 100.00
Highest Valid: 77.80
Highest Test: 78.80
Chosen epoch: 132
Final Train: 100.00
Final Test: 77.80
Pre-training MLP for 500 epochs to generate co-occurrence matrix...
MLP pre-training complete. Penalty matrix frozen.
Epoch: 00, Loss: 1.2110, Train: 33.33%, Valid: 35.00%, Test: 39.70%, Best Valid: 35.00%, Best Test: 39.70%
Epoch: 100, Loss: 0.0028, Train: 100.00%, Valid: 74.40%, Test: 75.90%, Best Valid: 81.00%, Best Test: 80.60%
Epoch: 200, Loss: 0.0007, Train: 100.00%, Valid: 74.00%, Test: 75.40%, Best Valid: 81.00%, Best Test: 80.60%
Epoch: 300, Loss: 0.0030, Train: 100.00%, Valid: 74.40%, Test: 75.70%, Best Valid: 81.00%, Best Test: 80.60%
Epoch: 400, Loss: 0.0012, Train: 100.00%, Valid: 74.00%, Test: 74.50%, Best Valid: 81.00%, Best Test: 80.60%
Run 03:
Highest Train: 100.00
Highest Valid: 81.00
Highest Test: 80.60
Chosen epoch: 13
Final Train: 98.33
Final Test: 80.60
Pre-training MLP for 500 epochs to generate co-occurrence matrix...
MLP pre-training complete. Penalty matrix frozen.
Epoch: 00, Loss: 1.2114, Train: 33.33%, Valid: 35.00%, Test: 39.70%, Best Valid: 35.00%, Best Test: 39.70%
Epoch: 100, Loss: 0.0015, Train: 100.00%, Valid: 75.80%, Test: 76.00%, Best Valid: 79.80%, Best Test: 78.30%
Epoch: 200, Loss: 0.0007, Train: 100.00%, Valid: 75.20%, Test: 76.40%, Best Valid: 79.80%, Best Test: 78.30%
Epoch: 300, Loss: 0.0014, Train: 100.00%, Valid: 75.40%, Test: 76.20%, Best Valid: 79.80%, Best Test: 78.30%
Epoch: 400, Loss: 0.0028, Train: 100.00%, Valid: 75.00%, Test: 77.00%, Best Valid: 79.80%, Best Test: 78.30%
Run 04:
Highest Train: 100.00
Highest Valid: 79.80
Highest Test: 79.80
Chosen epoch: 11
Final Train: 95.00
Final Test: 78.30
Pre-training MLP for 500 epochs to generate co-occurrence matrix...
MLP pre-training complete. Penalty matrix frozen.
Epoch: 00, Loss: 1.2070, Train: 33.33%, Valid: 23.20%, Test: 21.50%, Best Valid: 23.20%, Best Test: 21.50%
Epoch: 100, Loss: 0.0130, Train: 100.00%, Valid: 76.20%, Test: 77.70%, Best Valid: 79.00%, Best Test: 78.10%
Epoch: 200, Loss: 0.0006, Train: 100.00%, Valid: 73.60%, Test: 75.60%, Best Valid: 79.00%, Best Test: 78.10%
Epoch: 300, Loss: 0.0027, Train: 100.00%, Valid: 75.60%, Test: 77.50%, Best Valid: 79.00%, Best Test: 78.10%
Epoch: 400, Loss: 0.0111, Train: 100.00%, Valid: 75.00%, Test: 75.30%, Best Valid: 79.00%, Best Test: 78.10%
Run 05:
Highest Train: 100.00
Highest Valid: 79.00
Highest Test: 79.30
Chosen epoch: 18
Final Train: 96.67
Final Test: 78.10
All runs:
Highest Train: 100.00 ± 0.00
Highest Test: 79.64 ± 0.67
Highest Valid: 79.16 ± 1.28
  Final Train: 97.67 ± 1.90
   Final Test: 78.46 ± 1.23
Saving results to results/pubmed/MPNN_sage.csv

Running with Pre-trained MLP Regularization (lambda=1.0)...
Namespace(bn=False, cpu=False, data_dir='./data/', dataset='pubmed', device=0, display_step=100, dropout=0.7, epochs=500, gnn='sage', hidden_channels=512, jk=False, label_num_per_class=20, lambda_val=1.0, ln=False, local_layers=4, lr=0.005, metric='acc', mlp_epochs=500, mlp_reg=True, model='MPNN', model_dir='./model/', num_heads=1, pre_linear=False, pre_ln=False, rand_split=False, rand_split_class=True, reg_start_epoch=10, reg_update_freq=5, res=False, runs=5, save_model=False, seed=123, test_num=1000, train_prop=0.5, use_reg=True, valid_num=500, valid_prop=0.25, weight_decay=0.0005)
pubmed
Num nodes: 19717
train:torch.Size([60]), valid:torch.Size([500]), test:torch.Size([1000])
dataset pubmed | num nodes 19717 | num edge 88648 | num node feats 500 | num classes 3
MODEL: MPNNs(
  (h_lins): ModuleList()
  (local_convs): ModuleList(
    (0): SAGEConv(500, 512, aggr=mean)
    (1): SAGEConv(512, 512, aggr=mean)
    (2): SAGEConv(512, 512, aggr=mean)
    (3): SAGEConv(512, 512, aggr=mean)
  )
  (lins): ModuleList(
    (0): Linear(in_features=500, out_features=512, bias=True)
    (1): Linear(in_features=512, out_features=512, bias=True)
    (2): Linear(in_features=512, out_features=512, bias=True)
    (3): Linear(in_features=512, out_features=512, bias=True)
  )
  (lns): ModuleList(
    (0): LayerNorm((512,), eps=1e-05, elementwise_affine=True)
    (1): LayerNorm((512,), eps=1e-05, elementwise_affine=True)
    (2): LayerNorm((512,), eps=1e-05, elementwise_affine=True)
    (3): LayerNorm((512,), eps=1e-05, elementwise_affine=True)
  )
  (bns): ModuleList(
    (0): BatchNorm1d(512, eps=1e-05, momentum=0.1, affine=True, track_running_stats=True)
    (1): BatchNorm1d(512, eps=1e-05, momentum=0.1, affine=True, track_running_stats=True)
    (2): BatchNorm1d(512, eps=1e-05, momentum=0.1, affine=True, track_running_stats=True)
    (3): BatchNorm1d(512, eps=1e-05, momentum=0.1, affine=True, track_running_stats=True)
  )
  (lin_in): Linear(in_features=500, out_features=512, bias=True)
  (pred_local): Linear(in_features=512, out_features=3, bias=True)
)
Pre-training MLP for 500 epochs to generate co-occurrence matrix...
MLP pre-training complete. Penalty matrix frozen.
Epoch: 00, Loss: 2.2071, Train: 33.33%, Valid: 35.00%, Test: 39.70%, Best Valid: 35.00%, Best Test: 39.70%
Epoch: 100, Loss: 0.0328, Train: 100.00%, Valid: 66.20%, Test: 68.70%, Best Valid: 73.60%, Best Test: 73.10%
Epoch: 200, Loss: 0.0129, Train: 100.00%, Valid: 72.60%, Test: 73.40%, Best Valid: 76.00%, Best Test: 75.00%
Epoch: 300, Loss: 0.0403, Train: 100.00%, Valid: 76.00%, Test: 74.80%, Best Valid: 78.80%, Best Test: 76.30%
Epoch: 400, Loss: 0.0227, Train: 100.00%, Valid: 74.20%, Test: 75.90%, Best Valid: 78.80%, Best Test: 76.30%
Run 01:
Highest Train: 100.00
Highest Valid: 78.80
Highest Test: 78.00
Chosen epoch: 281
Final Train: 100.00
Final Test: 76.30
Pre-training MLP for 500 epochs to generate co-occurrence matrix...
MLP pre-training complete. Penalty matrix frozen.
Epoch: 00, Loss: 2.2062, Train: 33.33%, Valid: 35.00%, Test: 39.70%, Best Valid: 35.00%, Best Test: 39.70%
Epoch: 100, Loss: 0.0467, Train: 100.00%, Valid: 74.20%, Test: 76.10%, Best Valid: 77.40%, Best Test: 75.70%
Epoch: 200, Loss: 0.0020, Train: 100.00%, Valid: 75.40%, Test: 73.60%, Best Valid: 79.60%, Best Test: 75.80%
Epoch: 300, Loss: 0.0033, Train: 100.00%, Valid: 75.40%, Test: 72.10%, Best Valid: 79.60%, Best Test: 75.80%
Epoch: 400, Loss: 0.0023, Train: 100.00%, Valid: 75.00%, Test: 75.50%, Best Valid: 79.60%, Best Test: 75.80%
Run 02:
Highest Train: 100.00
Highest Valid: 79.60
Highest Test: 77.10
Chosen epoch: 128
Final Train: 100.00
Final Test: 75.80
Pre-training MLP for 500 epochs to generate co-occurrence matrix...
MLP pre-training complete. Penalty matrix frozen.
Epoch: 00, Loss: 2.2019, Train: 33.33%, Valid: 35.00%, Test: 39.70%, Best Valid: 35.00%, Best Test: 39.70%
Epoch: 100, Loss: 0.0370, Train: 100.00%, Valid: 74.40%, Test: 76.70%, Best Valid: 76.20%, Best Test: 76.40%
Epoch: 200, Loss: 0.0024, Train: 100.00%, Valid: 75.20%, Test: 76.00%, Best Valid: 77.40%, Best Test: 78.10%
Epoch: 300, Loss: 0.0044, Train: 100.00%, Valid: 76.00%, Test: 76.30%, Best Valid: 77.60%, Best Test: 78.30%
Epoch: 400, Loss: 0.0079, Train: 100.00%, Valid: 75.20%, Test: 74.20%, Best Valid: 77.60%, Best Test: 78.30%
Run 03:
Highest Train: 100.00
Highest Valid: 79.00
Highest Test: 79.50
Chosen epoch: 462
Final Train: 100.00
Final Test: 77.90
Pre-training MLP for 500 epochs to generate co-occurrence matrix...
MLP pre-training complete. Penalty matrix frozen.
Epoch: 00, Loss: 2.2025, Train: 33.33%, Valid: 35.00%, Test: 39.70%, Best Valid: 35.00%, Best Test: 39.70%
Epoch: 100, Loss: 0.0283, Train: 100.00%, Valid: 75.80%, Test: 77.70%, Best Valid: 77.20%, Best Test: 78.70%
Epoch: 200, Loss: 0.0013, Train: 100.00%, Valid: 75.80%, Test: 76.40%, Best Valid: 77.20%, Best Test: 78.70%
Epoch: 300, Loss: 0.0023, Train: 100.00%, Valid: 74.80%, Test: 74.10%, Best Valid: 77.20%, Best Test: 78.70%
Epoch: 400, Loss: 0.0033, Train: 100.00%, Valid: 75.00%, Test: 76.90%, Best Valid: 77.20%, Best Test: 78.70%
Run 04:
Highest Train: 100.00
Highest Valid: 77.20
Highest Test: 78.70
Chosen epoch: 20
Final Train: 96.67
Final Test: 78.70
Pre-training MLP for 500 epochs to generate co-occurrence matrix...
MLP pre-training complete. Penalty matrix frozen.
Epoch: 00, Loss: 2.1945, Train: 33.33%, Valid: 35.00%, Test: 39.70%, Best Valid: 35.00%, Best Test: 39.70%
Epoch: 100, Loss: 0.0383, Train: 100.00%, Valid: 73.80%, Test: 75.70%, Best Valid: 74.00%, Best Test: 73.00%
Epoch: 200, Loss: 0.0434, Train: 100.00%, Valid: 75.00%, Test: 73.90%, Best Valid: 76.60%, Best Test: 77.20%
Epoch: 300, Loss: 0.0058, Train: 100.00%, Valid: 74.80%, Test: 75.10%, Best Valid: 77.20%, Best Test: 75.80%
Epoch: 400, Loss: 0.0024, Train: 100.00%, Valid: 73.80%, Test: 74.10%, Best Valid: 77.20%, Best Test: 75.80%
Run 05:
Highest Train: 100.00
Highest Valid: 77.60
Highest Test: 78.00
Chosen epoch: 467
Final Train: 100.00
Final Test: 76.40
All runs:
Highest Train: 100.00 ± 0.00
Highest Test: 78.26 ± 0.90
Highest Valid: 78.44 ± 1.00
  Final Train: 99.33 ± 1.49
   Final Test: 77.02 ± 1.22
Saving results to results/pubmed/MPNN_sage.csv

Homophilic sweep completed!
==========================================================
Starting Homophilic MLP-Reg Sweep for:
python main.py --gnn gat  --dataset pubmed --hidden_channels 512 --lr 0.01  --runs 5 --local_layers 2 --weight_decay 5e-4 --dropout 0.5 --rand_split_class --valid_num 500 --test_num 1000 --seed 123 --device 0
==========================================================
Running Baseline (REG: False)...
Namespace(bn=False, cpu=False, data_dir='./data/', dataset='pubmed', device=0, display_step=100, dropout=0.5, epochs=500, gnn='gat', hidden_channels=512, jk=False, label_num_per_class=20, lambda_val=0.5, ln=False, local_layers=2, lr=0.01, metric='acc', mlp_epochs=500, mlp_reg=False, model='MPNN', model_dir='./model/', num_heads=1, pre_linear=False, pre_ln=False, rand_split=False, rand_split_class=True, reg_start_epoch=10, reg_update_freq=5, res=False, runs=5, save_model=False, seed=123, test_num=1000, train_prop=0.5, use_reg=False, valid_num=500, valid_prop=0.25, weight_decay=0.0005)
pubmed
Num nodes: 19717
train:torch.Size([60]), valid:torch.Size([500]), test:torch.Size([1000])
dataset pubmed | num nodes 19717 | num edge 88648 | num node feats 500 | num classes 3
MODEL: MPNNs(
  (h_lins): ModuleList()
  (local_convs): ModuleList(
    (0): GATConv(500, 512, heads=1)
    (1): GATConv(512, 512, heads=1)
  )
  (lins): ModuleList(
    (0): Linear(in_features=500, out_features=512, bias=True)
    (1): Linear(in_features=512, out_features=512, bias=True)
  )
  (lns): ModuleList(
    (0): LayerNorm((512,), eps=1e-05, elementwise_affine=True)
    (1): LayerNorm((512,), eps=1e-05, elementwise_affine=True)
  )
  (bns): ModuleList(
    (0): BatchNorm1d(512, eps=1e-05, momentum=0.1, affine=True, track_running_stats=True)
    (1): BatchNorm1d(512, eps=1e-05, momentum=0.1, affine=True, track_running_stats=True)
  )
  (lin_in): Linear(in_features=500, out_features=512, bias=True)
  (pred_local): Linear(in_features=512, out_features=3, bias=True)
)
Epoch: 00, Loss: 1.0982, Train: 63.33%, Valid: 42.60%, Test: 39.50%, Best Valid: 42.60%, Best Test: 39.50%
Epoch: 100, Loss: 0.0061, Train: 100.00%, Valid: 73.20%, Test: 74.50%, Best Valid: 80.00%, Best Test: 80.50%
Epoch: 200, Loss: 0.0046, Train: 100.00%, Valid: 69.00%, Test: 71.80%, Best Valid: 80.00%, Best Test: 80.50%
Epoch: 300, Loss: 0.0068, Train: 100.00%, Valid: 74.40%, Test: 74.40%, Best Valid: 80.00%, Best Test: 80.50%
Epoch: 400, Loss: 0.0053, Train: 100.00%, Valid: 70.40%, Test: 74.20%, Best Valid: 80.00%, Best Test: 80.50%
Run 01:
Highest Train: 100.00
Highest Valid: 80.00
Highest Test: 80.50
Chosen epoch: 5
Final Train: 96.67
Final Test: 80.50
Epoch: 00, Loss: 1.0991, Train: 66.67%, Valid: 53.40%, Test: 49.50%, Best Valid: 53.40%, Best Test: 49.50%
Epoch: 100, Loss: 0.0065, Train: 100.00%, Valid: 72.00%, Test: 74.20%, Best Valid: 79.20%, Best Test: 79.40%
Epoch: 200, Loss: 0.0044, Train: 98.33%, Valid: 68.40%, Test: 68.70%, Best Valid: 79.20%, Best Test: 79.40%
Epoch: 300, Loss: 0.0052, Train: 100.00%, Valid: 70.40%, Test: 74.30%, Best Valid: 79.20%, Best Test: 79.40%
Epoch: 400, Loss: 0.0045, Train: 100.00%, Valid: 70.80%, Test: 73.10%, Best Valid: 79.20%, Best Test: 79.40%
Run 02:
Highest Train: 100.00
Highest Valid: 79.20
Highest Test: 79.70
Chosen epoch: 5
Final Train: 95.00
Final Test: 79.40
Epoch: 00, Loss: 1.0979, Train: 66.67%, Valid: 43.20%, Test: 41.20%, Best Valid: 43.20%, Best Test: 41.20%
Epoch: 100, Loss: 0.0053, Train: 100.00%, Valid: 74.20%, Test: 75.60%, Best Valid: 78.40%, Best Test: 80.50%
Epoch: 200, Loss: 0.0039, Train: 100.00%, Valid: 73.00%, Test: 74.60%, Best Valid: 78.40%, Best Test: 80.50%
Epoch: 300, Loss: 0.0054, Train: 100.00%, Valid: 72.80%, Test: 74.20%, Best Valid: 78.40%, Best Test: 80.50%
Epoch: 400, Loss: 0.0049, Train: 100.00%, Valid: 72.60%, Test: 74.10%, Best Valid: 78.40%, Best Test: 80.50%
Run 03:
Highest Train: 100.00
Highest Valid: 78.40
Highest Test: 80.50
Chosen epoch: 5
Final Train: 96.67
Final Test: 80.50
Epoch: 00, Loss: 1.0995, Train: 61.67%, Valid: 52.40%, Test: 54.70%, Best Valid: 52.40%, Best Test: 54.70%
Epoch: 100, Loss: 0.0058, Train: 100.00%, Valid: 73.00%, Test: 74.90%, Best Valid: 79.80%, Best Test: 80.30%
Epoch: 200, Loss: 0.0049, Train: 100.00%, Valid: 73.60%, Test: 74.60%, Best Valid: 79.80%, Best Test: 80.30%
Epoch: 300, Loss: 0.0058, Train: 100.00%, Valid: 73.60%, Test: 73.50%, Best Valid: 79.80%, Best Test: 80.30%
Epoch: 400, Loss: 0.0035, Train: 100.00%, Valid: 72.80%, Test: 72.90%, Best Valid: 79.80%, Best Test: 80.30%
Run 04:
Highest Train: 100.00
Highest Valid: 79.80
Highest Test: 80.60
Chosen epoch: 5
Final Train: 95.00
Final Test: 80.30
Epoch: 00, Loss: 1.0990, Train: 71.67%, Valid: 56.40%, Test: 52.40%, Best Valid: 56.40%, Best Test: 52.40%
Epoch: 100, Loss: 0.0057, Train: 100.00%, Valid: 72.20%, Test: 75.10%, Best Valid: 79.00%, Best Test: 80.30%
Epoch: 200, Loss: 0.0055, Train: 100.00%, Valid: 71.20%, Test: 74.70%, Best Valid: 79.00%, Best Test: 80.30%
Epoch: 300, Loss: 0.0073, Train: 100.00%, Valid: 70.80%, Test: 73.40%, Best Valid: 79.00%, Best Test: 80.30%
Epoch: 400, Loss: 0.0046, Train: 100.00%, Valid: 68.40%, Test: 70.70%, Best Valid: 79.00%, Best Test: 80.30%
Run 05:
Highest Train: 100.00
Highest Valid: 79.00
Highest Test: 80.70
Chosen epoch: 5
Final Train: 95.00
Final Test: 80.30
All runs:
Highest Train: 100.00 ± 0.00
Highest Test: 80.40 ± 0.40
Highest Valid: 79.28 ± 0.64
  Final Train: 95.67 ± 0.91
   Final Test: 80.20 ± 0.46
Saving results to results/pubmed/MPNN_gat.csv

Running with Pre-trained MLP Regularization (lambda=0.01)...
Namespace(bn=False, cpu=False, data_dir='./data/', dataset='pubmed', device=0, display_step=100, dropout=0.5, epochs=500, gnn='gat', hidden_channels=512, jk=False, label_num_per_class=20, lambda_val=0.01, ln=False, local_layers=2, lr=0.01, metric='acc', mlp_epochs=500, mlp_reg=True, model='MPNN', model_dir='./model/', num_heads=1, pre_linear=False, pre_ln=False, rand_split=False, rand_split_class=True, reg_start_epoch=10, reg_update_freq=5, res=False, runs=5, save_model=False, seed=123, test_num=1000, train_prop=0.5, use_reg=True, valid_num=500, valid_prop=0.25, weight_decay=0.0005)
pubmed
Num nodes: 19717
train:torch.Size([60]), valid:torch.Size([500]), test:torch.Size([1000])
dataset pubmed | num nodes 19717 | num edge 88648 | num node feats 500 | num classes 3
MODEL: MPNNs(
  (h_lins): ModuleList()
  (local_convs): ModuleList(
    (0): GATConv(500, 512, heads=1)
    (1): GATConv(512, 512, heads=1)
  )
  (lins): ModuleList(
    (0): Linear(in_features=500, out_features=512, bias=True)
    (1): Linear(in_features=512, out_features=512, bias=True)
  )
  (lns): ModuleList(
    (0): LayerNorm((512,), eps=1e-05, elementwise_affine=True)
    (1): LayerNorm((512,), eps=1e-05, elementwise_affine=True)
  )
  (bns): ModuleList(
    (0): BatchNorm1d(512, eps=1e-05, momentum=0.1, affine=True, track_running_stats=True)
    (1): BatchNorm1d(512, eps=1e-05, momentum=0.1, affine=True, track_running_stats=True)
  )
  (lin_in): Linear(in_features=500, out_features=512, bias=True)
  (pred_local): Linear(in_features=512, out_features=3, bias=True)
)
Pre-training MLP for 500 epochs to generate co-occurrence matrix...
MLP pre-training complete. Penalty matrix frozen.
Epoch: 00, Loss: 1.1098, Train: 68.33%, Valid: 56.60%, Test: 53.30%, Best Valid: 56.60%, Best Test: 53.30%
Epoch: 100, Loss: 0.0067, Train: 100.00%, Valid: 73.00%, Test: 74.00%, Best Valid: 79.80%, Best Test: 80.70%
Epoch: 200, Loss: 0.0083, Train: 100.00%, Valid: 73.40%, Test: 74.20%, Best Valid: 79.80%, Best Test: 80.70%
Epoch: 300, Loss: 0.0060, Train: 100.00%, Valid: 74.60%, Test: 74.70%, Best Valid: 79.80%, Best Test: 80.70%
Epoch: 400, Loss: 0.0059, Train: 100.00%, Valid: 74.00%, Test: 74.40%, Best Valid: 79.80%, Best Test: 80.70%
Run 01:
Highest Train: 100.00
Highest Valid: 79.80
Highest Test: 80.70
Chosen epoch: 5
Final Train: 95.00
Final Test: 80.70
Pre-training MLP for 500 epochs to generate co-occurrence matrix...
MLP pre-training complete. Penalty matrix frozen.
Epoch: 00, Loss: 1.1090, Train: 65.00%, Valid: 57.40%, Test: 53.80%, Best Valid: 57.40%, Best Test: 53.80%
Epoch: 100, Loss: 0.0069, Train: 100.00%, Valid: 72.80%, Test: 75.50%, Best Valid: 79.40%, Best Test: 79.40%
Epoch: 200, Loss: 0.0050, Train: 100.00%, Valid: 72.00%, Test: 74.80%, Best Valid: 79.40%, Best Test: 79.40%
Epoch: 300, Loss: 0.0049, Train: 100.00%, Valid: 73.40%, Test: 74.50%, Best Valid: 79.40%, Best Test: 79.40%
Epoch: 400, Loss: 0.0075, Train: 100.00%, Valid: 71.80%, Test: 74.80%, Best Valid: 79.40%, Best Test: 79.40%
Run 02:
Highest Train: 100.00
Highest Valid: 79.40
Highest Test: 80.90
Chosen epoch: 4
Final Train: 93.33
Final Test: 79.40
Pre-training MLP for 500 epochs to generate co-occurrence matrix...
MLP pre-training complete. Penalty matrix frozen.
Epoch: 00, Loss: 1.1097, Train: 73.33%, Valid: 46.20%, Test: 43.40%, Best Valid: 46.20%, Best Test: 43.40%
Epoch: 100, Loss: 0.0077, Train: 100.00%, Valid: 73.00%, Test: 75.10%, Best Valid: 79.60%, Best Test: 77.70%
Epoch: 200, Loss: 0.0063, Train: 100.00%, Valid: 73.40%, Test: 75.00%, Best Valid: 79.60%, Best Test: 77.70%
Epoch: 300, Loss: 0.0083, Train: 100.00%, Valid: 72.80%, Test: 74.80%, Best Valid: 79.60%, Best Test: 77.70%
Epoch: 400, Loss: 0.0051, Train: 100.00%, Valid: 74.60%, Test: 74.80%, Best Valid: 79.60%, Best Test: 77.70%
Run 03:
Highest Train: 100.00
Highest Valid: 79.60
Highest Test: 80.20
Chosen epoch: 4
Final Train: 91.67
Final Test: 77.70
Pre-training MLP for 500 epochs to generate co-occurrence matrix...
MLP pre-training complete. Penalty matrix frozen.
Epoch: 00, Loss: 1.1094, Train: 65.00%, Valid: 50.20%, Test: 47.00%, Best Valid: 50.20%, Best Test: 47.00%
Epoch: 100, Loss: 0.0065, Train: 100.00%, Valid: 73.80%, Test: 75.60%, Best Valid: 79.20%, Best Test: 80.30%
Epoch: 200, Loss: 0.0057, Train: 100.00%, Valid: 73.20%, Test: 75.30%, Best Valid: 79.20%, Best Test: 80.30%
Epoch: 300, Loss: 0.0031, Train: 100.00%, Valid: 74.00%, Test: 72.20%, Best Valid: 79.20%, Best Test: 80.30%
Epoch: 400, Loss: 0.0045, Train: 100.00%, Valid: 72.40%, Test: 75.50%, Best Valid: 79.20%, Best Test: 80.30%
Run 04:
Highest Train: 100.00
Highest Valid: 79.20
Highest Test: 80.30
Chosen epoch: 5
Final Train: 96.67
Final Test: 80.30
Pre-training MLP for 500 epochs to generate co-occurrence matrix...
MLP pre-training complete. Penalty matrix frozen.
Epoch: 00, Loss: 1.1106, Train: 38.33%, Valid: 25.20%, Test: 22.30%, Best Valid: 25.20%, Best Test: 22.30%
Epoch: 100, Loss: 0.0053, Train: 100.00%, Valid: 73.20%, Test: 75.40%, Best Valid: 78.80%, Best Test: 80.50%
Epoch: 200, Loss: 0.0051, Train: 100.00%, Valid: 72.80%, Test: 74.50%, Best Valid: 78.80%, Best Test: 80.50%
Epoch: 300, Loss: 0.0052, Train: 100.00%, Valid: 71.40%, Test: 75.30%, Best Valid: 78.80%, Best Test: 80.50%
Epoch: 400, Loss: 0.0031, Train: 100.00%, Valid: 72.00%, Test: 74.70%, Best Valid: 78.80%, Best Test: 80.50%
Run 05:
Highest Train: 100.00
Highest Valid: 78.80
Highest Test: 80.50
Chosen epoch: 5
Final Train: 95.00
Final Test: 80.50
All runs:
Highest Train: 100.00 ± 0.00
Highest Test: 80.52 ± 0.29
Highest Valid: 79.36 ± 0.38
  Final Train: 94.33 ± 1.90
   Final Test: 79.72 ± 1.23
Saving results to results/pubmed/MPNN_gat.csv

Running with Pre-trained MLP Regularization (lambda=0.1)...
Namespace(bn=False, cpu=False, data_dir='./data/', dataset='pubmed', device=0, display_step=100, dropout=0.5, epochs=500, gnn='gat', hidden_channels=512, jk=False, label_num_per_class=20, lambda_val=0.1, ln=False, local_layers=2, lr=0.01, metric='acc', mlp_epochs=500, mlp_reg=True, model='MPNN', model_dir='./model/', num_heads=1, pre_linear=False, pre_ln=False, rand_split=False, rand_split_class=True, reg_start_epoch=10, reg_update_freq=5, res=False, runs=5, save_model=False, seed=123, test_num=1000, train_prop=0.5, use_reg=True, valid_num=500, valid_prop=0.25, weight_decay=0.0005)
pubmed
Num nodes: 19717
train:torch.Size([60]), valid:torch.Size([500]), test:torch.Size([1000])
dataset pubmed | num nodes 19717 | num edge 88648 | num node feats 500 | num classes 3
MODEL: MPNNs(
  (h_lins): ModuleList()
  (local_convs): ModuleList(
    (0): GATConv(500, 512, heads=1)
    (1): GATConv(512, 512, heads=1)
  )
  (lins): ModuleList(
    (0): Linear(in_features=500, out_features=512, bias=True)
    (1): Linear(in_features=512, out_features=512, bias=True)
  )
  (lns): ModuleList(
    (0): LayerNorm((512,), eps=1e-05, elementwise_affine=True)
    (1): LayerNorm((512,), eps=1e-05, elementwise_affine=True)
  )
  (bns): ModuleList(
    (0): BatchNorm1d(512, eps=1e-05, momentum=0.1, affine=True, track_running_stats=True)
    (1): BatchNorm1d(512, eps=1e-05, momentum=0.1, affine=True, track_running_stats=True)
  )
  (lin_in): Linear(in_features=500, out_features=512, bias=True)
  (pred_local): Linear(in_features=512, out_features=3, bias=True)
)
Pre-training MLP for 500 epochs to generate co-occurrence matrix...
MLP pre-training complete. Penalty matrix frozen.
Epoch: 00, Loss: 1.2087, Train: 93.33%, Valid: 76.00%, Test: 75.00%, Best Valid: 76.00%, Best Test: 75.00%
Epoch: 100, Loss: 0.0099, Train: 100.00%, Valid: 74.80%, Test: 75.90%, Best Valid: 80.20%, Best Test: 80.60%
Epoch: 200, Loss: 0.0111, Train: 100.00%, Valid: 74.80%, Test: 75.90%, Best Valid: 80.20%, Best Test: 80.60%
Epoch: 300, Loss: 0.0057, Train: 100.00%, Valid: 74.00%, Test: 74.90%, Best Valid: 80.20%, Best Test: 80.60%
Epoch: 400, Loss: 0.0046, Train: 100.00%, Valid: 74.00%, Test: 75.70%, Best Valid: 80.20%, Best Test: 80.60%
Run 01:
Highest Train: 100.00
Highest Valid: 80.20
Highest Test: 80.60
Chosen epoch: 5
Final Train: 95.00
Final Test: 80.60
Pre-training MLP for 500 epochs to generate co-occurrence matrix...
MLP pre-training complete. Penalty matrix frozen.
Epoch: 00, Loss: 1.2079, Train: 65.00%, Valid: 57.20%, Test: 54.40%, Best Valid: 57.20%, Best Test: 54.40%
Epoch: 100, Loss: 0.0070, Train: 100.00%, Valid: 74.20%, Test: 75.70%, Best Valid: 79.80%, Best Test: 79.70%
Epoch: 200, Loss: 0.0083, Train: 100.00%, Valid: 73.40%, Test: 74.80%, Best Valid: 79.80%, Best Test: 79.70%
Epoch: 300, Loss: 0.0069, Train: 100.00%, Valid: 73.00%, Test: 75.80%, Best Valid: 79.80%, Best Test: 79.70%
Epoch: 400, Loss: 0.0068, Train: 100.00%, Valid: 72.20%, Test: 73.70%, Best Valid: 79.80%, Best Test: 79.70%
Run 02:
Highest Train: 100.00
Highest Valid: 79.80
Highest Test: 80.90
Chosen epoch: 4
Final Train: 93.33
Final Test: 79.70
Pre-training MLP for 500 epochs to generate co-occurrence matrix...
MLP pre-training complete. Penalty matrix frozen.
Epoch: 00, Loss: 1.2086, Train: 70.00%, Valid: 55.20%, Test: 52.10%, Best Valid: 55.20%, Best Test: 52.10%
Epoch: 100, Loss: 0.0084, Train: 100.00%, Valid: 72.00%, Test: 74.60%, Best Valid: 79.80%, Best Test: 77.80%
Epoch: 200, Loss: 0.0061, Train: 100.00%, Valid: 73.40%, Test: 75.60%, Best Valid: 79.80%, Best Test: 77.80%
Epoch: 300, Loss: 0.0228, Train: 100.00%, Valid: 70.00%, Test: 71.60%, Best Valid: 79.80%, Best Test: 77.80%
Epoch: 400, Loss: 0.0047, Train: 100.00%, Valid: 72.60%, Test: 74.90%, Best Valid: 79.80%, Best Test: 77.80%
Run 03:
Highest Train: 100.00
Highest Valid: 79.80
Highest Test: 80.30
Chosen epoch: 4
Final Train: 91.67
Final Test: 77.80
Pre-training MLP for 500 epochs to generate co-occurrence matrix...
MLP pre-training complete. Penalty matrix frozen.
Epoch: 00, Loss: 1.2083, Train: 90.00%, Valid: 73.20%, Test: 71.20%, Best Valid: 73.20%, Best Test: 71.20%
Epoch: 100, Loss: 0.0075, Train: 100.00%, Valid: 73.20%, Test: 74.50%, Best Valid: 79.40%, Best Test: 80.40%
Epoch: 200, Loss: 0.0041, Train: 100.00%, Valid: 74.40%, Test: 75.90%, Best Valid: 79.40%, Best Test: 80.40%
Epoch: 300, Loss: 0.0050, Train: 100.00%, Valid: 72.40%, Test: 74.40%, Best Valid: 79.40%, Best Test: 80.40%
Epoch: 400, Loss: 0.0042, Train: 100.00%, Valid: 71.80%, Test: 75.60%, Best Valid: 79.40%, Best Test: 80.40%
Run 04:
Highest Train: 100.00
Highest Valid: 79.40
Highest Test: 80.40
Chosen epoch: 5
Final Train: 96.67
Final Test: 80.40
Pre-training MLP for 500 epochs to generate co-occurrence matrix...
MLP pre-training complete. Penalty matrix frozen.
Epoch: 00, Loss: 1.2095, Train: 40.00%, Valid: 26.60%, Test: 23.40%, Best Valid: 26.60%, Best Test: 23.40%
Epoch: 100, Loss: 0.0071, Train: 100.00%, Valid: 72.20%, Test: 75.80%, Best Valid: 79.60%, Best Test: 80.40%
Epoch: 200, Loss: 0.0050, Train: 100.00%, Valid: 72.40%, Test: 74.70%, Best Valid: 79.60%, Best Test: 80.40%
Epoch: 300, Loss: 0.0062, Train: 100.00%, Valid: 71.40%, Test: 74.40%, Best Valid: 79.60%, Best Test: 80.40%
Epoch: 400, Loss: 0.0041, Train: 100.00%, Valid: 73.00%, Test: 74.30%, Best Valid: 79.60%, Best Test: 80.40%
Run 05:
Highest Train: 100.00
Highest Valid: 79.60
Highest Test: 80.40
Chosen epoch: 5
Final Train: 95.00
Final Test: 80.40
All runs:
Highest Train: 100.00 ± 0.00
Highest Test: 80.52 ± 0.24
Highest Valid: 79.76 ± 0.30
  Final Train: 94.33 ± 1.90
   Final Test: 79.78 ± 1.16
Saving results to results/pubmed/MPNN_gat.csv

Running with Pre-trained MLP Regularization (lambda=1.0)...
Namespace(bn=False, cpu=False, data_dir='./data/', dataset='pubmed', device=0, display_step=100, dropout=0.5, epochs=500, gnn='gat', hidden_channels=512, jk=False, label_num_per_class=20, lambda_val=1.0, ln=False, local_layers=2, lr=0.01, metric='acc', mlp_epochs=500, mlp_reg=True, model='MPNN', model_dir='./model/', num_heads=1, pre_linear=False, pre_ln=False, rand_split=False, rand_split_class=True, reg_start_epoch=10, reg_update_freq=5, res=False, runs=5, save_model=False, seed=123, test_num=1000, train_prop=0.5, use_reg=True, valid_num=500, valid_prop=0.25, weight_decay=0.0005)
pubmed
Num nodes: 19717
train:torch.Size([60]), valid:torch.Size([500]), test:torch.Size([1000])
dataset pubmed | num nodes 19717 | num edge 88648 | num node feats 500 | num classes 3
MODEL: MPNNs(
  (h_lins): ModuleList()
  (local_convs): ModuleList(
    (0): GATConv(500, 512, heads=1)
    (1): GATConv(512, 512, heads=1)
  )
  (lins): ModuleList(
    (0): Linear(in_features=500, out_features=512, bias=True)
    (1): Linear(in_features=512, out_features=512, bias=True)
  )
  (lns): ModuleList(
    (0): LayerNorm((512,), eps=1e-05, elementwise_affine=True)
    (1): LayerNorm((512,), eps=1e-05, elementwise_affine=True)
  )
  (bns): ModuleList(
    (0): BatchNorm1d(512, eps=1e-05, momentum=0.1, affine=True, track_running_stats=True)
    (1): BatchNorm1d(512, eps=1e-05, momentum=0.1, affine=True, track_running_stats=True)
  )
  (lin_in): Linear(in_features=500, out_features=512, bias=True)
  (pred_local): Linear(in_features=512, out_features=3, bias=True)
)
Pre-training MLP for 500 epochs to generate co-occurrence matrix...
MLP pre-training complete. Penalty matrix frozen.
Epoch: 00, Loss: 2.1976, Train: 66.67%, Valid: 58.80%, Test: 57.60%, Best Valid: 58.80%, Best Test: 57.60%
Epoch: 100, Loss: 0.0182, Train: 100.00%, Valid: 75.80%, Test: 77.10%, Best Valid: 80.20%, Best Test: 78.50%
Epoch: 200, Loss: 0.0123, Train: 100.00%, Valid: 74.60%, Test: 75.60%, Best Valid: 80.20%, Best Test: 78.50%
Epoch: 300, Loss: 0.0144, Train: 100.00%, Valid: 71.00%, Test: 73.20%, Best Valid: 80.20%, Best Test: 78.50%
Epoch: 400, Loss: 0.0130, Train: 100.00%, Valid: 72.80%, Test: 74.70%, Best Valid: 80.20%, Best Test: 78.50%
Run 01:
Highest Train: 100.00
Highest Valid: 80.20
Highest Test: 80.50
Chosen epoch: 5
Final Train: 95.00
Final Test: 78.50
Pre-training MLP for 500 epochs to generate co-occurrence matrix...
MLP pre-training complete. Penalty matrix frozen.
Epoch: 00, Loss: 2.1961, Train: 33.33%, Valid: 41.80%, Test: 38.80%, Best Valid: 41.80%, Best Test: 38.80%
Epoch: 100, Loss: 0.0175, Train: 100.00%, Valid: 75.80%, Test: 77.70%, Best Valid: 80.40%, Best Test: 78.90%
Epoch: 200, Loss: 0.0112, Train: 100.00%, Valid: 76.00%, Test: 76.40%, Best Valid: 80.40%, Best Test: 78.90%
Epoch: 300, Loss: 0.0085, Train: 100.00%, Valid: 73.40%, Test: 74.50%, Best Valid: 80.40%, Best Test: 78.90%
Epoch: 400, Loss: 0.0097, Train: 100.00%, Valid: 73.20%, Test: 75.30%, Best Valid: 80.40%, Best Test: 78.90%
Run 02:
Highest Train: 100.00
Highest Valid: 80.40
Highest Test: 80.00
Chosen epoch: 37
Final Train: 100.00
Final Test: 78.90
Pre-training MLP for 500 epochs to generate co-occurrence matrix...
MLP pre-training complete. Penalty matrix frozen.
Epoch: 00, Loss: 2.1974, Train: 55.00%, Valid: 49.40%, Test: 45.40%, Best Valid: 49.40%, Best Test: 45.40%
Epoch: 100, Loss: 0.0217, Train: 100.00%, Valid: 76.40%, Test: 77.50%, Best Valid: 79.60%, Best Test: 79.70%
Epoch: 200, Loss: 0.0122, Train: 100.00%, Valid: 74.40%, Test: 76.00%, Best Valid: 79.60%, Best Test: 79.70%
Epoch: 300, Loss: 0.0111, Train: 100.00%, Valid: 75.00%, Test: 76.00%, Best Valid: 79.60%, Best Test: 79.70%
Epoch: 400, Loss: 0.0100, Train: 100.00%, Valid: 73.00%, Test: 74.50%, Best Valid: 79.60%, Best Test: 79.70%
Run 03:
Highest Train: 100.00
Highest Valid: 79.60
Highest Test: 79.80
Chosen epoch: 5
Final Train: 95.00
Final Test: 79.70
Pre-training MLP for 500 epochs to generate co-occurrence matrix...
MLP pre-training complete. Penalty matrix frozen.
Epoch: 00, Loss: 2.1969, Train: 60.00%, Valid: 49.80%, Test: 47.80%, Best Valid: 49.80%, Best Test: 47.80%
Epoch: 100, Loss: 0.0192, Train: 100.00%, Valid: 75.40%, Test: 76.10%, Best Valid: 78.60%, Best Test: 80.80%
Epoch: 200, Loss: 0.0098, Train: 100.00%, Valid: 75.40%, Test: 75.50%, Best Valid: 78.60%, Best Test: 80.80%
Epoch: 300, Loss: 0.0108, Train: 100.00%, Valid: 74.00%, Test: 76.60%, Best Valid: 78.60%, Best Test: 80.80%
Epoch: 400, Loss: 0.0102, Train: 100.00%, Valid: 74.60%, Test: 75.40%, Best Valid: 78.60%, Best Test: 80.80%
Run 04:
Highest Train: 100.00
Highest Valid: 78.60
Highest Test: 80.80
Chosen epoch: 5
Final Train: 93.33
Final Test: 80.80
Pre-training MLP for 500 epochs to generate co-occurrence matrix...
MLP pre-training complete. Penalty matrix frozen.
Epoch: 00, Loss: 2.1991, Train: 65.00%, Valid: 55.60%, Test: 52.90%, Best Valid: 55.60%, Best Test: 52.90%
Epoch: 100, Loss: 0.0180, Train: 100.00%, Valid: 75.00%, Test: 77.60%, Best Valid: 78.40%, Best Test: 78.80%
Epoch: 200, Loss: 0.0108, Train: 100.00%, Valid: 74.20%, Test: 76.40%, Best Valid: 78.40%, Best Test: 78.80%
Epoch: 300, Loss: 0.0087, Train: 100.00%, Valid: 70.40%, Test: 73.90%, Best Valid: 78.40%, Best Test: 78.80%
Epoch: 400, Loss: 0.0391, Train: 100.00%, Valid: 73.00%, Test: 74.30%, Best Valid: 78.40%, Best Test: 78.80%
Run 05:
Highest Train: 100.00
Highest Valid: 78.40
Highest Test: 78.80
Chosen epoch: 6
Final Train: 93.33
Final Test: 78.80
All runs:
Highest Train: 100.00 ± 0.00
Highest Test: 79.98 ± 0.77
Highest Valid: 79.44 ± 0.91
  Final Train: 95.33 ± 2.74
   Final Test: 79.34 ± 0.93
Saving results to results/pubmed/MPNN_gat.csv

Homophilic sweep completed!
==========================================================
Sweep for pubmed completed at: Sun Apr 26 01:22:09 AM EDT 2026
==========================================================
