==========================================================
Heterophilic MLP-Reg GNN Sweep — Dataset: questions
Array task: 3 / Job: 983325
Date: Fri Apr 24 03:55:17 PM EDT 2026 | Host: n0001
==========================================================
Fri Apr 24 15:55:23 2026       
+-----------------------------------------------------------------------------------------+
| NVIDIA-SMI 570.211.01             Driver Version: 570.211.01     CUDA Version: 12.8     |
|-----------------------------------------+------------------------+----------------------+
| GPU  Name                 Persistence-M | Bus-Id          Disp.A | Volatile Uncorr. ECC |
| Fan  Temp   Perf          Pwr:Usage/Cap |           Memory-Usage | GPU-Util  Compute M. |
|                                         |                        |               MIG M. |
|=========================================+========================+======================|
|   0  NVIDIA A100-SXM4-80GB          On  |   00000000:01:00.0 Off |                   On |
| N/A   28C    P0             52W /  500W |     185MiB /  81920MiB |     N/A      Default |
|                                         |                        |              Enabled |
+-----------------------------------------+------------------------+----------------------+
|   1  NVIDIA A100-SXM4-80GB          On  |   00000000:41:00.0 Off |                   On |
| N/A   39C    P0            198W /  500W |   31789MiB /  81920MiB |     N/A      Default |
|                                         |                        |              Enabled |
+-----------------------------------------+------------------------+----------------------+
|   2  NVIDIA A100-SXM4-80GB          On  |   00000000:81:00.0 Off |                   On |
| N/A   44C    P0            213W /  500W |   31789MiB /  81920MiB |     N/A      Default |
|                                         |                        |              Enabled |
+-----------------------------------------+------------------------+----------------------+
|   3  NVIDIA A100-SXM4-80GB          On  |   00000000:C1:00.0 Off |                   On |
| N/A   28C    P0             76W /  500W |     563MiB /  81920MiB |     N/A      Default |
|                                         |                        |              Enabled |
+-----------------------------------------+------------------------+----------------------+

+-----------------------------------------------------------------------------------------+
| MIG devices:                                                                            |
+------------------+----------------------------------+-----------+-----------------------+
| GPU  GI  CI  MIG |                     Memory-Usage |        Vol|        Shared         |
|      ID  ID  Dev |                       BAR1-Usage | SM     Unc| CE ENC  DEC  OFA  JPG |
|                  |                                  |        ECC|                       |
|==================+==================================+===========+=======================|
|  1   14   0   0  |              27MiB /  9728MiB    | 14      0 |  1   0    0    0    0 |
|                  |                 0MiB / 16383MiB  |           |                       |
+------------------+----------------------------------+-----------+-----------------------+
                                                                                         
+-----------------------------------------------------------------------------------------+
| Processes:                                                                              |
|  GPU   GI   CI              PID   Type   Process name                        GPU Memory |
|        ID   ID                                                               Usage      |
|=========================================================================================|
|    2    2    0            98799      C   ...hz54/envs/dist/bin/python3.10      31598MiB |
|    3    1    0           101016      C   ...conda3/envs/unimol/bin/python        372MiB |
+-----------------------------------------------------------------------------------------+
1.12.1
True
NVIDIA A100-SXM4-80GB MIG 1g.10gb
==========================================================
Starting MLP-Based Inference Sweep for Baseline Command:
python main.py --gnn gcn  --dataset questions --pre_linear --hidden_channels 512 --epochs 1500 --lr 3e-5 --runs 3 --local_layers 10 --weight_decay 0.0 --dropout 0.3 --metric rocauc --device 0 --res
==========================================================
Running Baseline (REG: False)...
Namespace(bn=False, cpu=False, data_dir='./data/', dataset='questions', device=0, display_step=100, dropout=0.3, epochs=1500, gnn='gcn', hidden_channels=512, jk=False, label_num_per_class=20, lambda_val=0.5, ln=False, local_layers=10, lr=3e-05, metric='rocauc', mlp_epochs=500, mlp_reg=False, model='MPNN', model_dir='./model/', num_heads=1, pre_linear=True, pre_ln=False, rand_split=False, rand_split_class=False, reg_start_epoch=10, reg_update_freq=5, res=True, runs=3, save_model=False, seed=42, test_num=1000, train_prop=0.5, use_reg=False, valid_num=500, valid_prop=0.25, weight_decay=0.0)
questions
dataset questions | num nodes 48921 | num edge 153540 | num node feats 301 | num classes 2
MODEL: MPNNs(
  (h_lins): ModuleList()
  (local_convs): ModuleList(
    (0): GCNConv(512, 512)
    (1): GCNConv(512, 512)
    (2): GCNConv(512, 512)
    (3): GCNConv(512, 512)
    (4): GCNConv(512, 512)
    (5): GCNConv(512, 512)
    (6): GCNConv(512, 512)
    (7): GCNConv(512, 512)
    (8): GCNConv(512, 512)
    (9): GCNConv(512, 512)
  )
  (lins): ModuleList(
    (0): Linear(in_features=512, out_features=512, bias=True)
    (1): Linear(in_features=512, out_features=512, bias=True)
    (2): Linear(in_features=512, out_features=512, bias=True)
    (3): Linear(in_features=512, out_features=512, bias=True)
    (4): Linear(in_features=512, out_features=512, bias=True)
    (5): Linear(in_features=512, out_features=512, bias=True)
    (6): Linear(in_features=512, out_features=512, bias=True)
    (7): Linear(in_features=512, out_features=512, bias=True)
    (8): Linear(in_features=512, out_features=512, bias=True)
    (9): Linear(in_features=512, out_features=512, bias=True)
  )
  (lns): ModuleList(
    (0): LayerNorm((512,), eps=1e-05, elementwise_affine=True)
    (1): LayerNorm((512,), eps=1e-05, elementwise_affine=True)
    (2): LayerNorm((512,), eps=1e-05, elementwise_affine=True)
    (3): LayerNorm((512,), eps=1e-05, elementwise_affine=True)
    (4): LayerNorm((512,), eps=1e-05, elementwise_affine=True)
    (5): LayerNorm((512,), eps=1e-05, elementwise_affine=True)
    (6): LayerNorm((512,), eps=1e-05, elementwise_affine=True)
    (7): LayerNorm((512,), eps=1e-05, elementwise_affine=True)
    (8): LayerNorm((512,), eps=1e-05, elementwise_affine=True)
    (9): LayerNorm((512,), eps=1e-05, elementwise_affine=True)
  )
  (bns): ModuleList(
    (0): BatchNorm1d(512, eps=1e-05, momentum=0.1, affine=True, track_running_stats=True)
    (1): BatchNorm1d(512, eps=1e-05, momentum=0.1, affine=True, track_running_stats=True)
    (2): BatchNorm1d(512, eps=1e-05, momentum=0.1, affine=True, track_running_stats=True)
    (3): BatchNorm1d(512, eps=1e-05, momentum=0.1, affine=True, track_running_stats=True)
    (4): BatchNorm1d(512, eps=1e-05, momentum=0.1, affine=True, track_running_stats=True)
    (5): BatchNorm1d(512, eps=1e-05, momentum=0.1, affine=True, track_running_stats=True)
    (6): BatchNorm1d(512, eps=1e-05, momentum=0.1, affine=True, track_running_stats=True)
    (7): BatchNorm1d(512, eps=1e-05, momentum=0.1, affine=True, track_running_stats=True)
    (8): BatchNorm1d(512, eps=1e-05, momentum=0.1, affine=True, track_running_stats=True)
    (9): BatchNorm1d(512, eps=1e-05, momentum=0.1, affine=True, track_running_stats=True)
  )
  (lin_in): Linear(in_features=301, out_features=512, bias=True)
  (pred_local): Linear(in_features=512, out_features=2, bias=True)
)
Epoch: 00, Loss: 0.6987, Train: 39.32%, Valid: 40.92%, Test: 37.53%, Best Valid: 40.92%, Best Test: 37.53%
Epoch: 100, Loss: 0.1998, Train: 38.26%, Valid: 39.64%, Test: 35.97%, Best Valid: 40.92%, Best Test: 37.53%
Epoch: 200, Loss: 0.1470, Train: 65.43%, Valid: 66.60%, Test: 64.02%, Best Valid: 66.60%, Best Test: 64.02%
Epoch: 300, Loss: 0.1201, Train: 79.15%, Valid: 75.69%, Test: 76.46%, Best Valid: 75.70%, Best Test: 76.34%
Epoch: 400, Loss: 0.1151, Train: 81.97%, Valid: 76.77%, Test: 77.95%, Best Valid: 76.79%, Best Test: 77.85%
Epoch: 500, Loss: 0.1104, Train: 84.08%, Valid: 77.63%, Test: 78.73%, Best Valid: 77.63%, Best Test: 78.73%
Epoch: 600, Loss: 0.1085, Train: 85.29%, Valid: 78.10%, Test: 78.84%, Best Valid: 78.12%, Best Test: 78.79%
Epoch: 700, Loss: 0.1058, Train: 86.39%, Valid: 78.41%, Test: 78.85%, Best Valid: 78.41%, Best Test: 78.84%
Epoch: 800, Loss: 0.1026, Train: 87.43%, Valid: 78.52%, Test: 78.67%, Best Valid: 78.54%, Best Test: 78.67%
Epoch: 900, Loss: 0.1003, Train: 88.41%, Valid: 78.50%, Test: 78.38%, Best Valid: 78.54%, Best Test: 78.55%
Epoch: 1000, Loss: 0.0969, Train: 89.43%, Valid: 78.33%, Test: 78.05%, Best Valid: 78.54%, Best Test: 78.55%
Epoch: 1100, Loss: 0.0942, Train: 90.51%, Valid: 77.95%, Test: 77.61%, Best Valid: 78.54%, Best Test: 78.55%
Epoch: 1200, Loss: 0.0908, Train: 91.44%, Valid: 77.57%, Test: 77.17%, Best Valid: 78.54%, Best Test: 78.55%
Epoch: 1300, Loss: 0.0894, Train: 92.57%, Valid: 77.13%, Test: 76.60%, Best Valid: 78.54%, Best Test: 78.55%
Epoch: 1400, Loss: 0.0855, Train: 93.53%, Valid: 76.64%, Test: 76.09%, Best Valid: 78.54%, Best Test: 78.55%
Run 01:
Highest Train: 94.63
Highest Valid: 78.54
Highest Test: 78.88
Chosen epoch: 816
Final Train: 87.63
Final Test: 78.55
Epoch: 00, Loss: 0.6778, Train: 41.50%, Valid: 40.25%, Test: 40.37%, Best Valid: 40.25%, Best Test: 40.37%
Epoch: 100, Loss: 0.1962, Train: 38.16%, Valid: 39.45%, Test: 37.33%, Best Valid: 40.25%, Best Test: 40.37%
Epoch: 200, Loss: 0.1411, Train: 66.69%, Valid: 68.18%, Test: 63.85%, Best Valid: 68.18%, Best Test: 63.85%
Epoch: 300, Loss: 0.1223, Train: 77.72%, Valid: 77.42%, Test: 75.92%, Best Valid: 77.42%, Best Test: 75.92%
Epoch: 400, Loss: 0.1176, Train: 80.43%, Valid: 77.84%, Test: 76.22%, Best Valid: 77.93%, Best Test: 76.32%
Epoch: 500, Loss: 0.1143, Train: 82.01%, Valid: 78.31%, Test: 77.02%, Best Valid: 78.31%, Best Test: 77.02%
Epoch: 600, Loss: 0.1124, Train: 83.36%, Valid: 78.64%, Test: 77.81%, Best Valid: 78.64%, Best Test: 77.81%
Epoch: 700, Loss: 0.1106, Train: 84.52%, Valid: 78.78%, Test: 78.29%, Best Valid: 78.78%, Best Test: 78.28%
Epoch: 800, Loss: 0.1085, Train: 85.69%, Valid: 78.78%, Test: 78.61%, Best Valid: 78.87%, Best Test: 78.58%
Epoch: 900, Loss: 0.1064, Train: 86.77%, Valid: 78.80%, Test: 78.71%, Best Valid: 78.90%, Best Test: 78.77%
Epoch: 1000, Loss: 0.1027, Train: 87.90%, Valid: 78.61%, Test: 78.63%, Best Valid: 78.90%, Best Test: 78.77%
Epoch: 1100, Loss: 0.1005, Train: 89.16%, Valid: 78.18%, Test: 78.42%, Best Valid: 78.90%, Best Test: 78.77%
Epoch: 1200, Loss: 0.0975, Train: 90.41%, Valid: 77.52%, Test: 77.78%, Best Valid: 78.90%, Best Test: 78.77%
Epoch: 1300, Loss: 0.0936, Train: 91.47%, Valid: 77.28%, Test: 77.52%, Best Valid: 78.90%, Best Test: 78.77%
Epoch: 1400, Loss: 0.0911, Train: 92.69%, Valid: 76.57%, Test: 76.67%, Best Valid: 78.90%, Best Test: 78.77%
Run 02:
Highest Train: 93.92
Highest Valid: 78.90
Highest Test: 78.80
Chosen epoch: 886
Final Train: 86.49
Final Test: 78.77
Epoch: 00, Loss: 0.6802, Train: 39.76%, Valid: 41.07%, Test: 39.58%, Best Valid: 41.07%, Best Test: 39.58%
Epoch: 100, Loss: 0.1988, Train: 37.85%, Valid: 37.98%, Test: 37.86%, Best Valid: 41.07%, Best Test: 39.58%
Epoch: 200, Loss: 0.1450, Train: 64.85%, Valid: 66.04%, Test: 64.51%, Best Valid: 66.04%, Best Test: 64.51%
Epoch: 300, Loss: 0.1197, Train: 78.61%, Valid: 76.62%, Test: 75.14%, Best Valid: 76.62%, Best Test: 75.14%
Epoch: 400, Loss: 0.1143, Train: 82.11%, Valid: 78.14%, Test: 76.78%, Best Valid: 78.14%, Best Test: 76.78%
Epoch: 500, Loss: 0.1096, Train: 84.43%, Valid: 78.76%, Test: 77.65%, Best Valid: 78.76%, Best Test: 77.65%
Epoch: 600, Loss: 0.1070, Train: 86.00%, Valid: 79.04%, Test: 78.01%, Best Valid: 79.09%, Best Test: 77.98%
Epoch: 700, Loss: 0.1040, Train: 87.22%, Valid: 79.00%, Test: 78.05%, Best Valid: 79.10%, Best Test: 78.08%
Epoch: 800, Loss: 0.1014, Train: 88.26%, Valid: 78.85%, Test: 77.94%, Best Valid: 79.10%, Best Test: 78.08%
Epoch: 900, Loss: 0.0983, Train: 89.39%, Valid: 78.37%, Test: 77.73%, Best Valid: 79.10%, Best Test: 78.08%
Epoch: 1000, Loss: 0.0947, Train: 90.13%, Valid: 78.35%, Test: 77.48%, Best Valid: 79.10%, Best Test: 78.08%
Epoch: 1100, Loss: 0.0949, Train: 91.20%, Valid: 77.87%, Test: 77.26%, Best Valid: 79.10%, Best Test: 78.08%
Epoch: 1200, Loss: 0.0901, Train: 92.26%, Valid: 77.49%, Test: 76.98%, Best Valid: 79.10%, Best Test: 78.08%
Epoch: 1300, Loss: 0.0870, Train: 93.32%, Valid: 76.92%, Test: 76.63%, Best Valid: 79.10%, Best Test: 78.08%
Epoch: 1400, Loss: 0.0822, Train: 94.18%, Valid: 76.36%, Test: 76.24%, Best Valid: 79.10%, Best Test: 78.08%
Run 03:
Highest Train: 95.25
Highest Valid: 79.10
Highest Test: 78.11
Chosen epoch: 644
Final Train: 86.56
Final Test: 78.08
All runs:
Highest Train: 94.60 ± 0.67
Highest Test: 78.60 ± 0.42
Highest Valid: 78.85 ± 0.28
  Final Train: 86.90 ± 0.64
   Final Test: 78.46 ± 0.35
Saving results to results/questions/MPNN_gcn.csv

Running with Pre-trained MLP Regularization (lambda=0.01)...
