/project/ikoutis/conda_env/co-occurrence/lib/python3.8/site-packages/torch_geometric/datasets/wikics.py:38: UserWarning: The WikiCS dataset now returns an undirected graph by default. Please explicitly specify 'is_undirected=False' to restore the old behavior.
  warnings.warn(
Downloading https://github.com/pmernyei/wiki-cs-dataset/raw/master/dataset/data.json
Processing...
Done!
/project/ikoutis/conda_env/co-occurrence/lib/python3.8/site-packages/torch_geometric/datasets/wikics.py:38: UserWarning: The WikiCS dataset now returns an undirected graph by default. Please explicitly specify 'is_undirected=False' to restore the old behavior.
  warnings.warn(
/project/ikoutis/conda_env/co-occurrence/lib/python3.8/site-packages/torch_geometric/datasets/wikics.py:38: UserWarning: The WikiCS dataset now returns an undirected graph by default. Please explicitly specify 'is_undirected=False' to restore the old behavior.
  warnings.warn(
/project/ikoutis/conda_env/co-occurrence/lib/python3.8/site-packages/torch_geometric/datasets/wikics.py:38: UserWarning: The WikiCS dataset now returns an undirected graph by default. Please explicitly specify 'is_undirected=False' to restore the old behavior.
  warnings.warn(
/project/ikoutis/conda_env/co-occurrence/lib/python3.8/site-packages/torch_geometric/datasets/wikics.py:38: UserWarning: The WikiCS dataset now returns an undirected graph by default. Please explicitly specify 'is_undirected=False' to restore the old behavior.
  warnings.warn(
/project/ikoutis/conda_env/co-occurrence/lib/python3.8/site-packages/torch_geometric/datasets/wikics.py:38: UserWarning: The WikiCS dataset now returns an undirected graph by default. Please explicitly specify 'is_undirected=False' to restore the old behavior.
  warnings.warn(
/project/ikoutis/conda_env/co-occurrence/lib/python3.8/site-packages/torch_geometric/datasets/wikics.py:38: UserWarning: The WikiCS dataset now returns an undirected graph by default. Please explicitly specify 'is_undirected=False' to restore the old behavior.
  warnings.warn(
/project/ikoutis/conda_env/co-occurrence/lib/python3.8/site-packages/torch_geometric/datasets/wikics.py:38: UserWarning: The WikiCS dataset now returns an undirected graph by default. Please explicitly specify 'is_undirected=False' to restore the old behavior.
  warnings.warn(
/project/ikoutis/conda_env/co-occurrence/lib/python3.8/site-packages/torch_geometric/datasets/wikics.py:38: UserWarning: The WikiCS dataset now returns an undirected graph by default. Please explicitly specify 'is_undirected=False' to restore the old behavior.
  warnings.warn(
/project/ikoutis/conda_env/co-occurrence/lib/python3.8/site-packages/torch_geometric/datasets/wikics.py:38: UserWarning: The WikiCS dataset now returns an undirected graph by default. Please explicitly specify 'is_undirected=False' to restore the old behavior.
  warnings.warn(
/project/ikoutis/conda_env/co-occurrence/lib/python3.8/site-packages/torch_geometric/datasets/wikics.py:38: UserWarning: The WikiCS dataset now returns an undirected graph by default. Please explicitly specify 'is_undirected=False' to restore the old behavior.
  warnings.warn(
/project/ikoutis/conda_env/co-occurrence/lib/python3.8/site-packages/torch_geometric/datasets/wikics.py:38: UserWarning: The WikiCS dataset now returns an undirected graph by default. Please explicitly specify 'is_undirected=False' to restore the old behavior.
  warnings.warn(
