==========================================================
Heterophilic MLP-Reg GNN Sweep — Dataset: roman-empire
Array task: 2 / Job: 983325
Date: Fri Apr 24 03:55:17 PM EDT 2026 | Host: n0001
==========================================================
Fri Apr 24 15:55:23 2026       
+-----------------------------------------------------------------------------------------+
| NVIDIA-SMI 570.211.01             Driver Version: 570.211.01     CUDA Version: 12.8     |
|-----------------------------------------+------------------------+----------------------+
| GPU  Name                 Persistence-M | Bus-Id          Disp.A | Volatile Uncorr. ECC |
| Fan  Temp   Perf          Pwr:Usage/Cap |           Memory-Usage | GPU-Util  Compute M. |
|                                         |                        |               MIG M. |
|=========================================+========================+======================|
|   0  NVIDIA A100-SXM4-80GB          On  |   00000000:01:00.0 Off |                   On |
| N/A   28C    P0             52W /  500W |     185MiB /  81920MiB |     N/A      Default |
|                                         |                        |              Enabled |
+-----------------------------------------+------------------------+----------------------+
|   1  NVIDIA A100-SXM4-80GB          On  |   00000000:41:00.0 Off |                   On |
| N/A   39C    P0            198W /  500W |   31789MiB /  81920MiB |     N/A      Default |
|                                         |                        |              Enabled |
+-----------------------------------------+------------------------+----------------------+
|   2  NVIDIA A100-SXM4-80GB          On  |   00000000:81:00.0 Off |                   On |
| N/A   44C    P0            213W /  500W |   31789MiB /  81920MiB |     N/A      Default |
|                                         |                        |              Enabled |
+-----------------------------------------+------------------------+----------------------+
|   3  NVIDIA A100-SXM4-80GB          On  |   00000000:C1:00.0 Off |                   On |
| N/A   28C    P0             76W /  500W |     563MiB /  81920MiB |     N/A      Default |
|                                         |                        |              Enabled |
+-----------------------------------------+------------------------+----------------------+

+-----------------------------------------------------------------------------------------+
| MIG devices:                                                                            |
+------------------+----------------------------------+-----------+-----------------------+
| GPU  GI  CI  MIG |                     Memory-Usage |        Vol|        Shared         |
|      ID  ID  Dev |                       BAR1-Usage | SM     Unc| CE ENC  DEC  OFA  JPG |
|                  |                                  |        ECC|                       |
|==================+==================================+===========+=======================|
|  1   13   0   0  |              27MiB /  9728MiB    | 14      0 |  1   0    0    0    0 |
|                  |                 0MiB / 16383MiB  |           |                       |
+------------------+----------------------------------+-----------+-----------------------+
                                                                                         
+-----------------------------------------------------------------------------------------+
| Processes:                                                                              |
|  GPU   GI   CI              PID   Type   Process name                        GPU Memory |
|        ID   ID                                                               Usage      |
|=========================================================================================|
|    2    2    0            98799      C   ...hz54/envs/dist/bin/python3.10      31598MiB |
|    3    1    0           101016      C   ...conda3/envs/unimol/bin/python        372MiB |
+-----------------------------------------------------------------------------------------+
1.12.1
True
NVIDIA A100-SXM4-80GB MIG 1g.10gb
==========================================================
Starting MLP-Based Inference Sweep for Baseline Command:
python main.py --gnn gcn  --dataset roman-empire --pre_linear --hidden_channels 512 --epochs 2500 --lr 0.001 --runs 3 --local_layers 9  --weight_decay 0.0 --dropout 0.5 --device 0 --bn --res
==========================================================
Running Baseline (REG: False)...
Namespace(bn=True, cpu=False, data_dir='./data/', dataset='roman-empire', device=0, display_step=100, dropout=0.5, epochs=2500, gnn='gcn', hidden_channels=512, jk=False, label_num_per_class=20, lambda_val=0.5, ln=False, local_layers=9, lr=0.001, metric='acc', mlp_epochs=500, mlp_reg=False, model='MPNN', model_dir='./model/', num_heads=1, pre_linear=True, pre_ln=False, rand_split=False, rand_split_class=False, reg_start_epoch=10, reg_update_freq=5, res=True, runs=3, save_model=False, seed=42, test_num=1000, train_prop=0.5, use_reg=False, valid_num=500, valid_prop=0.25, weight_decay=0.0)
roman-empire
dataset roman-empire | num nodes 22662 | num edge 32927 | num node feats 300 | num classes 18
MODEL: MPNNs(
  (h_lins): ModuleList()
  (local_convs): ModuleList(
    (0): GCNConv(512, 512)
    (1): GCNConv(512, 512)
    (2): GCNConv(512, 512)
    (3): GCNConv(512, 512)
    (4): GCNConv(512, 512)
    (5): GCNConv(512, 512)
    (6): GCNConv(512, 512)
    (7): GCNConv(512, 512)
    (8): GCNConv(512, 512)
  )
  (lins): ModuleList(
    (0): Linear(in_features=512, out_features=512, bias=True)
    (1): Linear(in_features=512, out_features=512, bias=True)
    (2): Linear(in_features=512, out_features=512, bias=True)
    (3): Linear(in_features=512, out_features=512, bias=True)
    (4): Linear(in_features=512, out_features=512, bias=True)
    (5): Linear(in_features=512, out_features=512, bias=True)
    (6): Linear(in_features=512, out_features=512, bias=True)
    (7): Linear(in_features=512, out_features=512, bias=True)
    (8): Linear(in_features=512, out_features=512, bias=True)
  )
  (lns): ModuleList(
    (0): LayerNorm((512,), eps=1e-05, elementwise_affine=True)
    (1): LayerNorm((512,), eps=1e-05, elementwise_affine=True)
    (2): LayerNorm((512,), eps=1e-05, elementwise_affine=True)
    (3): LayerNorm((512,), eps=1e-05, elementwise_affine=True)
    (4): LayerNorm((512,), eps=1e-05, elementwise_affine=True)
    (5): LayerNorm((512,), eps=1e-05, elementwise_affine=True)
    (6): LayerNorm((512,), eps=1e-05, elementwise_affine=True)
    (7): LayerNorm((512,), eps=1e-05, elementwise_affine=True)
    (8): LayerNorm((512,), eps=1e-05, elementwise_affine=True)
  )
  (bns): ModuleList(
    (0): BatchNorm1d(512, eps=1e-05, momentum=0.1, affine=True, track_running_stats=True)
    (1): BatchNorm1d(512, eps=1e-05, momentum=0.1, affine=True, track_running_stats=True)
    (2): BatchNorm1d(512, eps=1e-05, momentum=0.1, affine=True, track_running_stats=True)
    (3): BatchNorm1d(512, eps=1e-05, momentum=0.1, affine=True, track_running_stats=True)
    (4): BatchNorm1d(512, eps=1e-05, momentum=0.1, affine=True, track_running_stats=True)
    (5): BatchNorm1d(512, eps=1e-05, momentum=0.1, affine=True, track_running_stats=True)
    (6): BatchNorm1d(512, eps=1e-05, momentum=0.1, affine=True, track_running_stats=True)
    (7): BatchNorm1d(512, eps=1e-05, momentum=0.1, affine=True, track_running_stats=True)
    (8): BatchNorm1d(512, eps=1e-05, momentum=0.1, affine=True, track_running_stats=True)
  )
  (lin_in): Linear(in_features=300, out_features=512, bias=True)
  (pred_local): Linear(in_features=512, out_features=18, bias=True)
)
Epoch: 00, Loss: 3.0150, Train: 13.95%, Valid: 13.96%, Test: 13.96%, Best Valid: 13.96%, Best Test: 13.96%
Epoch: 100, Loss: 0.8498, Train: 73.28%, Valid: 71.28%, Test: 70.38%, Best Valid: 71.28%, Best Test: 70.38%
Epoch: 200, Loss: 0.4841, Train: 89.06%, Valid: 83.23%, Test: 83.16%, Best Valid: 83.48%, Best Test: 83.13%
Epoch: 300, Loss: 0.3217, Train: 94.00%, Valid: 86.14%, Test: 86.69%, Best Valid: 86.53%, Best Test: 86.45%
Epoch: 400, Loss: 0.2315, Train: 96.75%, Valid: 88.03%, Test: 88.48%, Best Valid: 88.23%, Best Test: 88.62%
Epoch: 500, Loss: 0.1745, Train: 98.19%, Valid: 88.93%, Test: 88.95%, Best Valid: 89.04%, Best Test: 88.85%
Epoch: 600, Loss: 0.1415, Train: 98.99%, Valid: 89.18%, Test: 89.64%, Best Valid: 89.44%, Best Test: 88.95%
Epoch: 700, Loss: 0.1072, Train: 99.57%, Valid: 89.69%, Test: 89.99%, Best Valid: 90.15%, Best Test: 89.96%
Epoch: 800, Loss: 0.0926, Train: 99.76%, Valid: 90.06%, Test: 90.24%, Best Valid: 90.20%, Best Test: 90.15%
Epoch: 900, Loss: 0.0765, Train: 99.88%, Valid: 90.08%, Test: 90.36%, Best Valid: 90.20%, Best Test: 90.15%
Epoch: 1000, Loss: 0.0630, Train: 99.90%, Valid: 90.19%, Test: 90.79%, Best Valid: 90.36%, Best Test: 90.33%
Epoch: 1100, Loss: 0.0540, Train: 99.95%, Valid: 90.19%, Test: 90.40%, Best Valid: 90.45%, Best Test: 90.80%
Epoch: 1200, Loss: 0.0482, Train: 99.97%, Valid: 90.24%, Test: 90.89%, Best Valid: 90.59%, Best Test: 90.63%
Epoch: 1300, Loss: 0.0478, Train: 99.97%, Valid: 90.45%, Test: 90.82%, Best Valid: 90.59%, Best Test: 90.63%
Epoch: 1400, Loss: 0.0411, Train: 99.99%, Valid: 90.33%, Test: 90.84%, Best Valid: 90.64%, Best Test: 90.91%
Epoch: 1500, Loss: 0.0335, Train: 99.99%, Valid: 90.50%, Test: 90.89%, Best Valid: 90.64%, Best Test: 90.91%
Epoch: 1600, Loss: 0.0322, Train: 99.98%, Valid: 90.75%, Test: 90.84%, Best Valid: 90.79%, Best Test: 90.79%
Epoch: 1700, Loss: 0.0285, Train: 99.98%, Valid: 90.36%, Test: 90.96%, Best Valid: 90.84%, Best Test: 90.91%
Epoch: 1800, Loss: 0.0279, Train: 100.00%, Valid: 90.49%, Test: 90.93%, Best Valid: 90.87%, Best Test: 91.10%
Epoch: 1900, Loss: 0.0266, Train: 99.99%, Valid: 90.73%, Test: 90.93%, Best Valid: 91.05%, Best Test: 90.80%
Epoch: 2000, Loss: 0.0252, Train: 99.99%, Valid: 90.49%, Test: 91.05%, Best Valid: 91.05%, Best Test: 90.80%
Epoch: 2100, Loss: 0.0200, Train: 99.98%, Valid: 90.54%, Test: 91.02%, Best Valid: 91.05%, Best Test: 90.80%
Epoch: 2200, Loss: 0.0225, Train: 100.00%, Valid: 90.63%, Test: 91.35%, Best Valid: 91.05%, Best Test: 90.80%
Epoch: 2300, Loss: 0.0219, Train: 100.00%, Valid: 90.79%, Test: 91.21%, Best Valid: 91.05%, Best Test: 90.80%
Epoch: 2400, Loss: 0.0249, Train: 100.00%, Valid: 90.66%, Test: 91.09%, Best Valid: 91.07%, Best Test: 91.18%
Run 01:
Highest Train: 100.00
Highest Valid: 91.07
Highest Test: 91.44
Chosen epoch: 2353
Final Train: 99.98
Final Test: 91.18
Epoch: 00, Loss: 3.0186, Train: 9.46%, Valid: 9.43%, Test: 9.64%, Best Valid: 9.43%, Best Test: 9.64%
Epoch: 100, Loss: 0.9098, Train: 72.07%, Valid: 69.07%, Test: 69.75%, Best Valid: 69.07%, Best Test: 69.75%
Epoch: 200, Loss: 0.4797, Train: 88.69%, Valid: 83.21%, Test: 83.59%, Best Valid: 83.58%, Best Test: 83.50%
Epoch: 300, Loss: 0.3176, Train: 94.50%, Valid: 86.88%, Test: 87.20%, Best Valid: 86.95%, Best Test: 87.12%
Epoch: 400, Loss: 0.2327, Train: 96.92%, Valid: 88.26%, Test: 88.56%, Best Valid: 88.35%, Best Test: 88.37%
Epoch: 500, Loss: 0.1636, Train: 98.26%, Valid: 89.23%, Test: 89.55%, Best Valid: 89.30%, Best Test: 89.25%
Epoch: 600, Loss: 0.1338, Train: 99.06%, Valid: 89.48%, Test: 89.59%, Best Valid: 89.71%, Best Test: 89.66%
Epoch: 700, Loss: 0.1099, Train: 99.52%, Valid: 89.81%, Test: 89.89%, Best Valid: 89.89%, Best Test: 89.90%
Epoch: 800, Loss: 0.0887, Train: 99.73%, Valid: 90.11%, Test: 90.17%, Best Valid: 90.27%, Best Test: 90.20%
Epoch: 900, Loss: 0.0830, Train: 99.88%, Valid: 90.01%, Test: 90.36%, Best Valid: 90.27%, Best Test: 90.20%
Epoch: 1000, Loss: 0.0679, Train: 99.93%, Valid: 90.08%, Test: 90.35%, Best Valid: 90.52%, Best Test: 90.38%
Epoch: 1100, Loss: 0.0583, Train: 99.96%, Valid: 90.43%, Test: 90.61%, Best Valid: 90.66%, Best Test: 90.77%
Epoch: 1200, Loss: 0.0499, Train: 99.99%, Valid: 90.59%, Test: 90.73%, Best Valid: 90.87%, Best Test: 90.68%
Epoch: 1300, Loss: 0.0485, Train: 100.00%, Valid: 90.71%, Test: 90.96%, Best Valid: 90.87%, Best Test: 90.68%
Epoch: 1400, Loss: 0.0380, Train: 100.00%, Valid: 90.73%, Test: 91.05%, Best Valid: 90.94%, Best Test: 90.77%
Epoch: 1500, Loss: 0.0349, Train: 100.00%, Valid: 90.84%, Test: 90.72%, Best Valid: 91.09%, Best Test: 90.84%
Epoch: 1600, Loss: 0.0315, Train: 100.00%, Valid: 90.64%, Test: 90.88%, Best Valid: 91.09%, Best Test: 90.84%
Epoch: 1700, Loss: 0.0304, Train: 100.00%, Valid: 90.93%, Test: 90.86%, Best Valid: 91.09%, Best Test: 90.84%
Epoch: 1800, Loss: 0.0277, Train: 100.00%, Valid: 91.16%, Test: 91.18%, Best Valid: 91.16%, Best Test: 91.05%
Epoch: 1900, Loss: 0.0272, Train: 100.00%, Valid: 90.59%, Test: 91.14%, Best Valid: 91.24%, Best Test: 91.02%
Epoch: 2000, Loss: 0.0257, Train: 100.00%, Valid: 90.89%, Test: 91.44%, Best Valid: 91.24%, Best Test: 91.02%
Epoch: 2100, Loss: 0.0202, Train: 100.00%, Valid: 91.09%, Test: 91.10%, Best Valid: 91.24%, Best Test: 91.02%
Epoch: 2200, Loss: 0.0236, Train: 100.00%, Valid: 91.03%, Test: 91.28%, Best Valid: 91.42%, Best Test: 91.09%
Epoch: 2300, Loss: 0.0177, Train: 100.00%, Valid: 91.09%, Test: 91.23%, Best Valid: 91.42%, Best Test: 91.09%
Epoch: 2400, Loss: 0.0239, Train: 100.00%, Valid: 91.10%, Test: 91.40%, Best Valid: 91.42%, Best Test: 91.09%
Run 02:
Highest Train: 100.00
Highest Valid: 91.42
Highest Test: 91.63
Chosen epoch: 2108
Final Train: 100.00
Final Test: 91.09
Epoch: 00, Loss: 3.0182, Train: 1.40%, Valid: 1.41%, Test: 1.41%, Best Valid: 1.41%, Best Test: 1.41%
Epoch: 100, Loss: 0.9020, Train: 73.02%, Valid: 70.80%, Test: 70.60%, Best Valid: 70.80%, Best Test: 70.60%
Epoch: 200, Loss: 0.4673, Train: 89.34%, Valid: 83.20%, Test: 83.52%, Best Valid: 83.20%, Best Test: 83.52%
Epoch: 300, Loss: 0.3180, Train: 94.13%, Valid: 86.27%, Test: 87.20%, Best Valid: 86.39%, Best Test: 86.87%
Epoch: 400, Loss: 0.2260, Train: 96.88%, Valid: 88.19%, Test: 88.58%, Best Valid: 88.37%, Best Test: 88.69%
Epoch: 500, Loss: 0.1699, Train: 98.15%, Valid: 88.61%, Test: 89.16%, Best Valid: 89.02%, Best Test: 89.25%
Epoch: 600, Loss: 0.1337, Train: 99.07%, Valid: 89.23%, Test: 89.76%, Best Valid: 89.41%, Best Test: 89.76%
Epoch: 700, Loss: 0.1013, Train: 99.61%, Valid: 89.39%, Test: 89.96%, Best Valid: 89.50%, Best Test: 89.90%
Epoch: 800, Loss: 0.0875, Train: 99.76%, Valid: 89.30%, Test: 89.99%, Best Valid: 89.64%, Best Test: 90.12%
Epoch: 900, Loss: 0.0696, Train: 99.92%, Valid: 89.44%, Test: 90.26%, Best Valid: 89.89%, Best Test: 89.78%
Epoch: 1000, Loss: 0.0548, Train: 99.96%, Valid: 89.74%, Test: 90.26%, Best Valid: 90.03%, Best Test: 90.28%
Epoch: 1100, Loss: 0.0531, Train: 99.97%, Valid: 89.78%, Test: 90.35%, Best Valid: 90.03%, Best Test: 90.28%
Epoch: 1200, Loss: 0.0484, Train: 99.97%, Valid: 89.78%, Test: 90.43%, Best Valid: 90.15%, Best Test: 90.33%
Epoch: 1300, Loss: 0.0365, Train: 99.99%, Valid: 90.11%, Test: 90.40%, Best Valid: 90.24%, Best Test: 90.54%
Epoch: 1400, Loss: 0.0399, Train: 99.99%, Valid: 90.08%, Test: 90.63%, Best Valid: 90.26%, Best Test: 90.45%
Epoch: 1500, Loss: 0.0318, Train: 99.99%, Valid: 90.17%, Test: 90.40%, Best Valid: 90.31%, Best Test: 90.35%
Epoch: 1600, Loss: 0.0308, Train: 100.00%, Valid: 89.81%, Test: 90.47%, Best Valid: 90.31%, Best Test: 90.35%
Epoch: 1700, Loss: 0.0303, Train: 100.00%, Valid: 89.99%, Test: 90.58%, Best Valid: 90.33%, Best Test: 90.58%
Epoch: 1800, Loss: 0.0231, Train: 100.00%, Valid: 90.22%, Test: 90.56%, Best Valid: 90.50%, Best Test: 90.59%
Epoch: 1900, Loss: 0.0222, Train: 100.00%, Valid: 90.19%, Test: 90.98%, Best Valid: 90.50%, Best Test: 90.59%
Epoch: 2000, Loss: 0.0250, Train: 100.00%, Valid: 90.10%, Test: 90.56%, Best Valid: 90.50%, Best Test: 90.59%
Epoch: 2100, Loss: 0.0217, Train: 100.00%, Valid: 90.17%, Test: 90.80%, Best Valid: 90.50%, Best Test: 90.59%
Epoch: 2200, Loss: 0.0200, Train: 100.00%, Valid: 90.08%, Test: 90.91%, Best Valid: 90.50%, Best Test: 90.59%
Epoch: 2300, Loss: 0.0237, Train: 100.00%, Valid: 90.20%, Test: 90.73%, Best Valid: 90.50%, Best Test: 90.59%
Epoch: 2400, Loss: 0.0191, Train: 100.00%, Valid: 90.49%, Test: 90.89%, Best Valid: 90.56%, Best Test: 90.84%
Run 03:
Highest Train: 100.00
Highest Valid: 90.61
Highest Test: 91.25
Chosen epoch: 2488
Final Train: 100.00
Final Test: 91.10
All runs:
Highest Train: 100.00 ± 0.00
Highest Test: 91.44 ± 0.19
Highest Valid: 91.03 ± 0.41
  Final Train: 99.99 ± 0.01
   Final Test: 91.12 ± 0.05
Saving results to results/roman-empire/MPNN_gcn.csv

Running with Pre-trained MLP Regularization (lambda=0.01)...
Namespace(bn=True, cpu=False, data_dir='./data/', dataset='roman-empire', device=0, display_step=100, dropout=0.5, epochs=2500, gnn='gcn', hidden_channels=512, jk=False, label_num_per_class=20, lambda_val=0.01, ln=False, local_layers=9, lr=0.001, metric='acc', mlp_epochs=500, mlp_reg=True, model='MPNN', model_dir='./model/', num_heads=1, pre_linear=True, pre_ln=False, rand_split=False, rand_split_class=False, reg_start_epoch=10, reg_update_freq=5, res=True, runs=3, save_model=False, seed=42, test_num=1000, train_prop=0.5, use_reg=True, valid_num=500, valid_prop=0.25, weight_decay=0.0)
roman-empire
dataset roman-empire | num nodes 22662 | num edge 32927 | num node feats 300 | num classes 18
MODEL: MPNNs(
  (h_lins): ModuleList()
  (local_convs): ModuleList(
    (0): GCNConv(512, 512)
    (1): GCNConv(512, 512)
    (2): GCNConv(512, 512)
    (3): GCNConv(512, 512)
    (4): GCNConv(512, 512)
    (5): GCNConv(512, 512)
    (6): GCNConv(512, 512)
    (7): GCNConv(512, 512)
    (8): GCNConv(512, 512)
  )
  (lins): ModuleList(
    (0): Linear(in_features=512, out_features=512, bias=True)
    (1): Linear(in_features=512, out_features=512, bias=True)
    (2): Linear(in_features=512, out_features=512, bias=True)
    (3): Linear(in_features=512, out_features=512, bias=True)
    (4): Linear(in_features=512, out_features=512, bias=True)
    (5): Linear(in_features=512, out_features=512, bias=True)
    (6): Linear(in_features=512, out_features=512, bias=True)
    (7): Linear(in_features=512, out_features=512, bias=True)
    (8): Linear(in_features=512, out_features=512, bias=True)
  )
  (lns): ModuleList(
    (0): LayerNorm((512,), eps=1e-05, elementwise_affine=True)
    (1): LayerNorm((512,), eps=1e-05, elementwise_affine=True)
    (2): LayerNorm((512,), eps=1e-05, elementwise_affine=True)
    (3): LayerNorm((512,), eps=1e-05, elementwise_affine=True)
    (4): LayerNorm((512,), eps=1e-05, elementwise_affine=True)
    (5): LayerNorm((512,), eps=1e-05, elementwise_affine=True)
    (6): LayerNorm((512,), eps=1e-05, elementwise_affine=True)
    (7): LayerNorm((512,), eps=1e-05, elementwise_affine=True)
    (8): LayerNorm((512,), eps=1e-05, elementwise_affine=True)
  )
  (bns): ModuleList(
    (0): BatchNorm1d(512, eps=1e-05, momentum=0.1, affine=True, track_running_stats=True)
    (1): BatchNorm1d(512, eps=1e-05, momentum=0.1, affine=True, track_running_stats=True)
    (2): BatchNorm1d(512, eps=1e-05, momentum=0.1, affine=True, track_running_stats=True)
    (3): BatchNorm1d(512, eps=1e-05, momentum=0.1, affine=True, track_running_stats=True)
    (4): BatchNorm1d(512, eps=1e-05, momentum=0.1, affine=True, track_running_stats=True)
    (5): BatchNorm1d(512, eps=1e-05, momentum=0.1, affine=True, track_running_stats=True)
    (6): BatchNorm1d(512, eps=1e-05, momentum=0.1, affine=True, track_running_stats=True)
    (7): BatchNorm1d(512, eps=1e-05, momentum=0.1, affine=True, track_running_stats=True)
    (8): BatchNorm1d(512, eps=1e-05, momentum=0.1, affine=True, track_running_stats=True)
  )
  (lin_in): Linear(in_features=300, out_features=512, bias=True)
  (pred_local): Linear(in_features=512, out_features=18, bias=True)
)
Pre-training MLP for 500 epochs to generate co-occurrence matrix...
MLP pre-training complete. Penalty matrix frozen.
Epoch: 00, Loss: 3.0361, Train: 13.95%, Valid: 13.96%, Test: 13.96%, Best Valid: 13.96%, Best Test: 13.96%
Epoch: 100, Loss: 0.8541, Train: 73.55%, Valid: 72.02%, Test: 70.93%, Best Valid: 72.02%, Best Test: 70.93%
Epoch: 200, Loss: 0.4844, Train: 89.22%, Valid: 83.41%, Test: 83.29%, Best Valid: 83.41%, Best Test: 83.29%
Epoch: 300, Loss: 0.3208, Train: 94.09%, Valid: 86.30%, Test: 86.59%, Best Valid: 86.30%, Best Test: 86.59%
Epoch: 400, Loss: 0.2327, Train: 96.67%, Valid: 87.52%, Test: 87.70%, Best Valid: 88.05%, Best Test: 87.95%
Epoch: 500, Loss: 0.1768, Train: 98.15%, Valid: 88.60%, Test: 88.70%, Best Valid: 88.90%, Best Test: 88.88%
Epoch: 600, Loss: 0.1412, Train: 98.95%, Valid: 88.88%, Test: 89.22%, Best Valid: 89.34%, Best Test: 89.16%
Epoch: 700, Loss: 0.1095, Train: 99.45%, Valid: 89.27%, Test: 89.59%, Best Valid: 89.66%, Best Test: 89.38%
Epoch: 800, Loss: 0.0925, Train: 99.78%, Valid: 89.83%, Test: 89.87%, Best Valid: 89.96%, Best Test: 90.10%
Epoch: 900, Loss: 0.0770, Train: 99.85%, Valid: 89.81%, Test: 89.80%, Best Valid: 90.03%, Best Test: 90.03%
Epoch: 1000, Loss: 0.0620, Train: 99.91%, Valid: 89.83%, Test: 90.15%, Best Valid: 90.10%, Best Test: 89.94%
Epoch: 1100, Loss: 0.0515, Train: 99.95%, Valid: 90.04%, Test: 90.31%, Best Valid: 90.43%, Best Test: 90.31%
Epoch: 1200, Loss: 0.0448, Train: 99.96%, Valid: 90.22%, Test: 90.65%, Best Valid: 90.45%, Best Test: 90.40%
Epoch: 1300, Loss: 0.0430, Train: 99.97%, Valid: 90.03%, Test: 90.40%, Best Valid: 90.52%, Best Test: 90.56%
Epoch: 1400, Loss: 0.0446, Train: 99.98%, Valid: 90.43%, Test: 90.70%, Best Valid: 90.59%, Best Test: 90.61%
Epoch: 1500, Loss: 0.0331, Train: 99.99%, Valid: 90.26%, Test: 90.47%, Best Valid: 90.64%, Best Test: 90.56%
Epoch: 1600, Loss: 0.0295, Train: 99.99%, Valid: 90.38%, Test: 90.47%, Best Valid: 90.66%, Best Test: 90.65%
Epoch: 1700, Loss: 0.0300, Train: 99.99%, Valid: 90.75%, Test: 90.63%, Best Valid: 90.80%, Best Test: 90.86%
Epoch: 1800, Loss: 0.0268, Train: 100.00%, Valid: 90.49%, Test: 90.86%, Best Valid: 90.82%, Best Test: 90.65%
Epoch: 1900, Loss: 0.0294, Train: 100.00%, Valid: 90.66%, Test: 90.91%, Best Valid: 90.82%, Best Test: 90.65%
Epoch: 2000, Loss: 0.0255, Train: 99.99%, Valid: 90.68%, Test: 90.77%, Best Valid: 90.98%, Best Test: 91.07%
Epoch: 2100, Loss: 0.0275, Train: 99.99%, Valid: 90.89%, Test: 90.68%, Best Valid: 91.05%, Best Test: 90.86%
Epoch: 2200, Loss: 0.0187, Train: 100.00%, Valid: 90.63%, Test: 91.05%, Best Valid: 91.05%, Best Test: 90.86%
Epoch: 2300, Loss: 0.0210, Train: 99.99%, Valid: 90.77%, Test: 91.02%, Best Valid: 91.16%, Best Test: 91.12%
Epoch: 2400, Loss: 0.0188, Train: 99.99%, Valid: 90.54%, Test: 91.14%, Best Valid: 91.16%, Best Test: 91.12%
Run 01:
Highest Train: 100.00
Highest Valid: 91.16
Highest Test: 91.30
Chosen epoch: 2244
Final Train: 100.00
Final Test: 91.12
Pre-training MLP for 500 epochs to generate co-occurrence matrix...
MLP pre-training complete. Penalty matrix frozen.
Epoch: 00, Loss: 3.0768, Train: 13.95%, Valid: 13.96%, Test: 13.96%, Best Valid: 13.96%, Best Test: 13.96%
Epoch: 100, Loss: 0.9060, Train: 73.06%, Valid: 70.52%, Test: 70.79%, Best Valid: 70.52%, Best Test: 70.79%
Epoch: 200, Loss: 0.4867, Train: 89.33%, Valid: 84.06%, Test: 84.72%, Best Valid: 84.06%, Best Test: 84.72%
Epoch: 300, Loss: 0.3202, Train: 95.06%, Valid: 87.08%, Test: 87.43%, Best Valid: 87.31%, Best Test: 87.36%
Epoch: 400, Loss: 0.2267, Train: 96.96%, Valid: 88.86%, Test: 88.78%, Best Valid: 88.95%, Best Test: 88.67%
Epoch: 500, Loss: 0.1846, Train: 98.34%, Valid: 89.29%, Test: 88.83%, Best Valid: 89.32%, Best Test: 89.02%
Epoch: 600, Loss: 0.1332, Train: 99.18%, Valid: 89.87%, Test: 89.71%, Best Valid: 89.90%, Best Test: 89.66%
Epoch: 700, Loss: 0.1076, Train: 99.49%, Valid: 90.01%, Test: 89.92%, Best Valid: 90.19%, Best Test: 89.75%
Epoch: 800, Loss: 0.0900, Train: 99.82%, Valid: 90.06%, Test: 89.80%, Best Valid: 90.24%, Best Test: 90.10%
Epoch: 900, Loss: 0.0770, Train: 99.91%, Valid: 90.11%, Test: 90.03%, Best Valid: 90.40%, Best Test: 90.24%
Epoch: 1000, Loss: 0.0669, Train: 99.93%, Valid: 90.40%, Test: 90.50%, Best Valid: 90.57%, Best Test: 90.20%
Epoch: 1100, Loss: 0.0604, Train: 99.97%, Valid: 90.41%, Test: 90.72%, Best Valid: 90.59%, Best Test: 90.47%
Epoch: 1200, Loss: 0.0508, Train: 99.97%, Valid: 90.59%, Test: 90.72%, Best Valid: 90.96%, Best Test: 90.66%
Epoch: 1300, Loss: 0.0390, Train: 100.00%, Valid: 90.54%, Test: 90.84%, Best Valid: 90.96%, Best Test: 90.66%
Epoch: 1400, Loss: 0.0409, Train: 100.00%, Valid: 90.52%, Test: 91.03%, Best Valid: 91.02%, Best Test: 90.88%
Epoch: 1500, Loss: 0.0398, Train: 100.00%, Valid: 90.94%, Test: 90.93%, Best Valid: 91.07%, Best Test: 91.09%
Epoch: 1600, Loss: 0.0378, Train: 100.00%, Valid: 90.96%, Test: 90.89%, Best Valid: 91.07%, Best Test: 91.09%
Epoch: 1700, Loss: 0.0290, Train: 100.00%, Valid: 90.89%, Test: 91.09%, Best Valid: 91.17%, Best Test: 91.02%
Epoch: 1800, Loss: 0.0290, Train: 100.00%, Valid: 90.89%, Test: 91.10%, Best Valid: 91.21%, Best Test: 91.03%
Epoch: 1900, Loss: 0.0259, Train: 100.00%, Valid: 90.98%, Test: 91.33%, Best Valid: 91.21%, Best Test: 91.03%
Epoch: 2000, Loss: 0.0233, Train: 100.00%, Valid: 90.93%, Test: 91.40%, Best Valid: 91.21%, Best Test: 91.03%
Epoch: 2100, Loss: 0.0219, Train: 100.00%, Valid: 91.12%, Test: 91.16%, Best Valid: 91.21%, Best Test: 91.03%
Epoch: 2200, Loss: 0.0235, Train: 100.00%, Valid: 91.02%, Test: 91.32%, Best Valid: 91.24%, Best Test: 91.37%
Epoch: 2300, Loss: 0.0204, Train: 100.00%, Valid: 90.91%, Test: 91.25%, Best Valid: 91.28%, Best Test: 91.16%
Epoch: 2400, Loss: 0.0212, Train: 100.00%, Valid: 91.10%, Test: 91.32%, Best Valid: 91.28%, Best Test: 91.16%
Run 02:
Highest Train: 100.00
Highest Valid: 91.28
Highest Test: 91.62
Chosen epoch: 2269
Final Train: 100.00
Final Test: 91.16
Pre-training MLP for 500 epochs to generate co-occurrence matrix...
MLP pre-training complete. Penalty matrix frozen.
Epoch: 00, Loss: 3.0685, Train: 13.83%, Valid: 13.82%, Test: 13.82%, Best Valid: 13.82%, Best Test: 13.82%
Epoch: 100, Loss: 0.8500, Train: 75.37%, Valid: 72.85%, Test: 72.75%, Best Valid: 72.85%, Best Test: 72.75%
Epoch: 200, Loss: 0.4706, Train: 89.56%, Valid: 83.28%, Test: 83.92%, Best Valid: 83.28%, Best Test: 83.92%
Epoch: 300, Loss: 0.3132, Train: 94.27%, Valid: 85.98%, Test: 87.10%, Best Valid: 86.21%, Best Test: 86.94%
Epoch: 400, Loss: 0.2209, Train: 96.67%, Valid: 87.71%, Test: 88.37%, Best Valid: 88.01%, Best Test: 88.60%
Epoch: 500, Loss: 0.1654, Train: 98.26%, Valid: 88.70%, Test: 89.15%, Best Valid: 88.74%, Best Test: 89.08%
Epoch: 600, Loss: 0.1307, Train: 99.28%, Valid: 89.25%, Test: 89.34%, Best Valid: 89.25%, Best Test: 89.34%
Epoch: 700, Loss: 0.1052, Train: 99.51%, Valid: 89.11%, Test: 89.75%, Best Valid: 89.51%, Best Test: 89.69%
Epoch: 800, Loss: 0.0887, Train: 99.78%, Valid: 89.39%, Test: 90.35%, Best Valid: 89.71%, Best Test: 89.82%
Epoch: 900, Loss: 0.0799, Train: 99.95%, Valid: 89.62%, Test: 90.28%, Best Valid: 89.80%, Best Test: 90.12%
Epoch: 1000, Loss: 0.0606, Train: 99.97%, Valid: 89.71%, Test: 90.42%, Best Valid: 89.99%, Best Test: 90.42%
Epoch: 1100, Loss: 0.0536, Train: 99.97%, Valid: 89.97%, Test: 90.43%, Best Valid: 89.99%, Best Test: 90.42%
Epoch: 1200, Loss: 0.0523, Train: 99.96%, Valid: 89.66%, Test: 90.47%, Best Valid: 90.11%, Best Test: 90.42%
Epoch: 1300, Loss: 0.0461, Train: 99.98%, Valid: 90.03%, Test: 90.33%, Best Valid: 90.17%, Best Test: 90.56%
Epoch: 1400, Loss: 0.0392, Train: 99.98%, Valid: 89.83%, Test: 90.79%, Best Valid: 90.17%, Best Test: 90.56%
Epoch: 1500, Loss: 0.0314, Train: 99.99%, Valid: 89.92%, Test: 90.72%, Best Valid: 90.31%, Best Test: 90.75%
Epoch: 1600, Loss: 0.0280, Train: 99.99%, Valid: 90.08%, Test: 90.75%, Best Valid: 90.31%, Best Test: 90.75%
Epoch: 1700, Loss: 0.0264, Train: 99.99%, Valid: 89.92%, Test: 90.79%, Best Valid: 90.31%, Best Test: 90.75%
Epoch: 1800, Loss: 0.0242, Train: 99.99%, Valid: 90.03%, Test: 90.91%, Best Valid: 90.31%, Best Test: 90.75%
Epoch: 1900, Loss: 0.0301, Train: 99.99%, Valid: 89.94%, Test: 91.10%, Best Valid: 90.31%, Best Test: 90.75%
Epoch: 2000, Loss: 0.0230, Train: 100.00%, Valid: 90.17%, Test: 90.95%, Best Valid: 90.31%, Best Test: 90.75%
Epoch: 2100, Loss: 0.0219, Train: 99.99%, Valid: 90.29%, Test: 90.96%, Best Valid: 90.36%, Best Test: 91.02%
Epoch: 2200, Loss: 0.0230, Train: 100.00%, Valid: 90.38%, Test: 91.28%, Best Valid: 90.54%, Best Test: 91.00%
Epoch: 2300, Loss: 0.0229, Train: 99.99%, Valid: 90.27%, Test: 90.98%, Best Valid: 90.54%, Best Test: 91.00%
Epoch: 2400, Loss: 0.0199, Train: 100.00%, Valid: 90.36%, Test: 91.09%, Best Valid: 90.54%, Best Test: 91.00%
Run 03:
Highest Train: 100.00
Highest Valid: 90.56
Highest Test: 91.44
Chosen epoch: 2464
Final Train: 100.00
Final Test: 91.10
All runs:
Highest Train: 100.00 ± 0.00
Highest Test: 91.45 ± 0.16
Highest Valid: 91.00 ± 0.39
  Final Train: 100.00 ± 0.00
   Final Test: 91.13 ± 0.03
Saving results to results/roman-empire/MPNN_gcn.csv

Running with Pre-trained MLP Regularization (lambda=0.05)...
