Downloading https://github.com/kimiyoung/planetoid/raw/master/data/ind.cora.x
Downloading https://github.com/kimiyoung/planetoid/raw/master/data/ind.cora.tx
Downloading https://github.com/kimiyoung/planetoid/raw/master/data/ind.cora.allx
Downloading https://github.com/kimiyoung/planetoid/raw/master/data/ind.cora.y
Downloading https://github.com/kimiyoung/planetoid/raw/master/data/ind.cora.ty
Downloading https://github.com/kimiyoung/planetoid/raw/master/data/ind.cora.ally
Downloading https://github.com/kimiyoung/planetoid/raw/master/data/ind.cora.graph
Downloading https://github.com/kimiyoung/planetoid/raw/master/data/ind.cora.test.index
Traceback (most recent call last):
  File "main.py", line 40, in <module>
    dataset = load_dataset(args.data_dir, args.dataset)
  File "/mmfs1/project/ikoutis/github/co-occurrence-regularization/medium_graph/dataset.py", line 91, in load_dataset
    dataset = load_planetoid_dataset(data_dir, dataname)
  File "/mmfs1/project/ikoutis/github/co-occurrence-regularization/medium_graph/dataset.py", line 105, in load_planetoid_dataset
    torch_dataset = Planetoid(root=f'{data_dir}/Planetoid', name=name)
  File "/project/ikoutis/conda_env/co-occurrence/lib/python3.8/site-packages/torch_geometric/datasets/planetoid.py", line 92, in __init__
    super().__init__(root, transform, pre_transform)
  File "/project/ikoutis/conda_env/co-occurrence/lib/python3.8/site-packages/torch_geometric/data/in_memory_dataset.py", line 57, in __init__
    super().__init__(root, transform, pre_transform, pre_filter, log)
  File "/project/ikoutis/conda_env/co-occurrence/lib/python3.8/site-packages/torch_geometric/data/dataset.py", line 94, in __init__
    self._download()
  File "/project/ikoutis/conda_env/co-occurrence/lib/python3.8/site-packages/torch_geometric/data/dataset.py", line 199, in _download
    self.download()
  File "/project/ikoutis/conda_env/co-occurrence/lib/python3.8/site-packages/torch_geometric/datasets/planetoid.py", line 143, in download
    download_url(f'{self.url}/{name}', self.raw_dir)
  File "/project/ikoutis/conda_env/co-occurrence/lib/python3.8/site-packages/torch_geometric/data/download.py", line 38, in download_url
    data = urllib.request.urlopen(url, context=context)
  File "/project/ikoutis/conda_env/co-occurrence/lib/python3.8/urllib/request.py", line 222, in urlopen
    return opener.open(url, data, timeout)
  File "/project/ikoutis/conda_env/co-occurrence/lib/python3.8/urllib/request.py", line 531, in open
    response = meth(req, response)
  File "/project/ikoutis/conda_env/co-occurrence/lib/python3.8/urllib/request.py", line 640, in http_response
    response = self.parent.error(
  File "/project/ikoutis/conda_env/co-occurrence/lib/python3.8/urllib/request.py", line 569, in error
    return self._call_chain(*args)
  File "/project/ikoutis/conda_env/co-occurrence/lib/python3.8/urllib/request.py", line 502, in _call_chain
    result = func(*args)
  File "/project/ikoutis/conda_env/co-occurrence/lib/python3.8/urllib/request.py", line 649, in http_error_default
    raise HTTPError(req.full_url, code, msg, hdrs, fp)
urllib.error.HTTPError: HTTP Error 502: Bad Gateway or Proxy Error
Using existing file ind.cora.x
Using existing file ind.cora.tx
Using existing file ind.cora.allx
Using existing file ind.cora.y
Using existing file ind.cora.ty
Using existing file ind.cora.ally
Using existing file ind.cora.graph
Downloading https://github.com/kimiyoung/planetoid/raw/master/data/ind.cora.test.index
Processing...
Done!
