==========================================================
Heterophilic MLP-Reg GNN Sweep — Dataset: minesweeper
Array task: 1 / Job: 983325
Date: Fri Apr 24 03:55:17 PM EDT 2026 | Host: n0001
==========================================================
Fri Apr 24 15:55:23 2026       
+-----------------------------------------------------------------------------------------+
| NVIDIA-SMI 570.211.01             Driver Version: 570.211.01     CUDA Version: 12.8     |
|-----------------------------------------+------------------------+----------------------+
| GPU  Name                 Persistence-M | Bus-Id          Disp.A | Volatile Uncorr. ECC |
| Fan  Temp   Perf          Pwr:Usage/Cap |           Memory-Usage | GPU-Util  Compute M. |
|                                         |                        |               MIG M. |
|=========================================+========================+======================|
|   0  NVIDIA A100-SXM4-80GB          On  |   00000000:01:00.0 Off |                   On |
| N/A   28C    P0             52W /  500W |     185MiB /  81920MiB |     N/A      Default |
|                                         |                        |              Enabled |
+-----------------------------------------+------------------------+----------------------+
|   1  NVIDIA A100-SXM4-80GB          On  |   00000000:41:00.0 Off |                   On |
| N/A   39C    P0            198W /  500W |   31789MiB /  81920MiB |     N/A      Default |
|                                         |                        |              Enabled |
+-----------------------------------------+------------------------+----------------------+
|   2  NVIDIA A100-SXM4-80GB          On  |   00000000:81:00.0 Off |                   On |
| N/A   44C    P0            213W /  500W |   31789MiB /  81920MiB |     N/A      Default |
|                                         |                        |              Enabled |
+-----------------------------------------+------------------------+----------------------+
|   3  NVIDIA A100-SXM4-80GB          On  |   00000000:C1:00.0 Off |                   On |
| N/A   28C    P0             76W /  500W |     563MiB /  81920MiB |     N/A      Default |
|                                         |                        |              Enabled |
+-----------------------------------------+------------------------+----------------------+

+-----------------------------------------------------------------------------------------+
| MIG devices:                                                                            |
+------------------+----------------------------------+-----------+-----------------------+
| GPU  GI  CI  MIG |                     Memory-Usage |        Vol|        Shared         |
|      ID  ID  Dev |                       BAR1-Usage | SM     Unc| CE ENC  DEC  OFA  JPG |
|                  |                                  |        ECC|                       |
|==================+==================================+===========+=======================|
|  0   14   0   0  |              27MiB /  9728MiB    | 14      0 |  1   0    0    0    0 |
|                  |                 0MiB / 16383MiB  |           |                       |
+------------------+----------------------------------+-----------+-----------------------+
                                                                                         
+-----------------------------------------------------------------------------------------+
| Processes:                                                                              |
|  GPU   GI   CI              PID   Type   Process name                        GPU Memory |
|        ID   ID                                                               Usage      |
|=========================================================================================|
|    1    1    0            98798      C   ...hz54/envs/dist/bin/python3.10      31598MiB |
|    2    2    0            98799      C   ...hz54/envs/dist/bin/python3.10      31598MiB |
|    3    1    0           101016      C   ...conda3/envs/unimol/bin/python        372MiB |
+-----------------------------------------------------------------------------------------+
1.12.1
True
NVIDIA A100-SXM4-80GB MIG 1g.10gb
==========================================================
Starting MLP-Based Inference Sweep for Baseline Command:
python main.py --gnn gcn  --dataset minesweeper --hidden_channels 64 --epochs 2000 --lr 0.01 --runs 3 --local_layers 12 --weight_decay 0.0 --dropout 0.2 --metric rocauc --device 0 --bn --res
==========================================================
Running Baseline (REG: False)...
Namespace(bn=True, cpu=False, data_dir='./data/', dataset='minesweeper', device=0, display_step=100, dropout=0.2, epochs=2000, gnn='gcn', hidden_channels=64, jk=False, label_num_per_class=20, lambda_val=0.5, ln=False, local_layers=12, lr=0.01, metric='rocauc', mlp_epochs=500, mlp_reg=False, model='MPNN', model_dir='./model/', num_heads=1, pre_linear=False, pre_ln=False, rand_split=False, rand_split_class=False, reg_start_epoch=10, reg_update_freq=5, res=True, runs=3, save_model=False, seed=42, test_num=1000, train_prop=0.5, use_reg=False, valid_num=500, valid_prop=0.25, weight_decay=0.0)
minesweeper
dataset minesweeper | num nodes 10000 | num edge 39402 | num node feats 7 | num classes 2
MODEL: MPNNs(
  (h_lins): ModuleList()
  (local_convs): ModuleList(
    (0): GCNConv(7, 64)
    (1): GCNConv(64, 64)
    (2): GCNConv(64, 64)
    (3): GCNConv(64, 64)
    (4): GCNConv(64, 64)
    (5): GCNConv(64, 64)
    (6): GCNConv(64, 64)
    (7): GCNConv(64, 64)
    (8): GCNConv(64, 64)
    (9): GCNConv(64, 64)
    (10): GCNConv(64, 64)
    (11): GCNConv(64, 64)
  )
  (lins): ModuleList(
    (0): Linear(in_features=7, out_features=64, bias=True)
    (1): Linear(in_features=64, out_features=64, bias=True)
    (2): Linear(in_features=64, out_features=64, bias=True)
    (3): Linear(in_features=64, out_features=64, bias=True)
    (4): Linear(in_features=64, out_features=64, bias=True)
    (5): Linear(in_features=64, out_features=64, bias=True)
    (6): Linear(in_features=64, out_features=64, bias=True)
    (7): Linear(in_features=64, out_features=64, bias=True)
    (8): Linear(in_features=64, out_features=64, bias=True)
    (9): Linear(in_features=64, out_features=64, bias=True)
    (10): Linear(in_features=64, out_features=64, bias=True)
    (11): Linear(in_features=64, out_features=64, bias=True)
  )
  (lns): ModuleList(
    (0): LayerNorm((64,), eps=1e-05, elementwise_affine=True)
    (1): LayerNorm((64,), eps=1e-05, elementwise_affine=True)
    (2): LayerNorm((64,), eps=1e-05, elementwise_affine=True)
    (3): LayerNorm((64,), eps=1e-05, elementwise_affine=True)
    (4): LayerNorm((64,), eps=1e-05, elementwise_affine=True)
    (5): LayerNorm((64,), eps=1e-05, elementwise_affine=True)
    (6): LayerNorm((64,), eps=1e-05, elementwise_affine=True)
    (7): LayerNorm((64,), eps=1e-05, elementwise_affine=True)
    (8): LayerNorm((64,), eps=1e-05, elementwise_affine=True)
    (9): LayerNorm((64,), eps=1e-05, elementwise_affine=True)
    (10): LayerNorm((64,), eps=1e-05, elementwise_affine=True)
    (11): LayerNorm((64,), eps=1e-05, elementwise_affine=True)
  )
  (bns): ModuleList(
    (0): BatchNorm1d(64, eps=1e-05, momentum=0.1, affine=True, track_running_stats=True)
    (1): BatchNorm1d(64, eps=1e-05, momentum=0.1, affine=True, track_running_stats=True)
    (2): BatchNorm1d(64, eps=1e-05, momentum=0.1, affine=True, track_running_stats=True)
    (3): BatchNorm1d(64, eps=1e-05, momentum=0.1, affine=True, track_running_stats=True)
    (4): BatchNorm1d(64, eps=1e-05, momentum=0.1, affine=True, track_running_stats=True)
    (5): BatchNorm1d(64, eps=1e-05, momentum=0.1, affine=True, track_running_stats=True)
    (6): BatchNorm1d(64, eps=1e-05, momentum=0.1, affine=True, track_running_stats=True)
    (7): BatchNorm1d(64, eps=1e-05, momentum=0.1, affine=True, track_running_stats=True)
    (8): BatchNorm1d(64, eps=1e-05, momentum=0.1, affine=True, track_running_stats=True)
    (9): BatchNorm1d(64, eps=1e-05, momentum=0.1, affine=True, track_running_stats=True)
    (10): BatchNorm1d(64, eps=1e-05, momentum=0.1, affine=True, track_running_stats=True)
    (11): BatchNorm1d(64, eps=1e-05, momentum=0.1, affine=True, track_running_stats=True)
  )
  (lin_in): Linear(in_features=7, out_features=64, bias=True)
  (pred_local): Linear(in_features=64, out_features=2, bias=True)
)
Epoch: 00, Loss: 0.8787, Train: 45.84%, Valid: 44.68%, Test: 47.47%, Best Valid: 44.68%, Best Test: 47.47%
Epoch: 100, Loss: 0.2486, Train: 95.32%, Valid: 92.39%, Test: 93.55%, Best Valid: 92.40%, Best Test: 93.38%
Epoch: 200, Loss: 0.1869, Train: 98.57%, Valid: 94.72%, Test: 95.55%, Best Valid: 94.72%, Best Test: 95.55%
Epoch: 300, Loss: 0.1457, Train: 99.41%, Valid: 94.88%, Test: 95.91%, Best Valid: 94.97%, Best Test: 95.74%
Epoch: 400, Loss: 0.1163, Train: 99.92%, Valid: 95.61%, Test: 96.20%, Best Valid: 95.61%, Best Test: 96.20%
Epoch: 500, Loss: 0.0948, Train: 99.98%, Valid: 95.72%, Test: 96.43%, Best Valid: 96.03%, Best Test: 96.78%
Epoch: 600, Loss: 0.0781, Train: 99.99%, Valid: 95.96%, Test: 96.74%, Best Valid: 96.44%, Best Test: 96.74%
Epoch: 700, Loss: 0.0760, Train: 100.00%, Valid: 96.38%, Test: 97.20%, Best Valid: 96.51%, Best Test: 97.03%
Epoch: 800, Loss: 0.0639, Train: 100.00%, Valid: 96.63%, Test: 97.06%, Best Valid: 96.63%, Best Test: 97.06%
Epoch: 900, Loss: 0.0522, Train: 100.00%, Valid: 96.34%, Test: 97.15%, Best Valid: 96.68%, Best Test: 97.09%
Epoch: 1000, Loss: 0.0435, Train: 100.00%, Valid: 96.29%, Test: 97.03%, Best Valid: 96.80%, Best Test: 97.43%
Epoch: 1100, Loss: 0.0396, Train: 100.00%, Valid: 96.46%, Test: 97.25%, Best Valid: 96.80%, Best Test: 97.43%
Epoch: 1200, Loss: 0.0402, Train: 100.00%, Valid: 96.70%, Test: 97.27%, Best Valid: 96.84%, Best Test: 97.40%
Epoch: 1300, Loss: 0.0486, Train: 100.00%, Valid: 96.70%, Test: 97.51%, Best Valid: 97.07%, Best Test: 97.56%
Epoch: 1400, Loss: 0.0404, Train: 100.00%, Valid: 96.80%, Test: 97.38%, Best Valid: 97.07%, Best Test: 97.56%
Epoch: 1500, Loss: 0.0391, Train: 100.00%, Valid: 96.95%, Test: 97.62%, Best Valid: 97.19%, Best Test: 97.66%
Epoch: 1600, Loss: 0.0367, Train: 100.00%, Valid: 96.87%, Test: 97.65%, Best Valid: 97.19%, Best Test: 97.66%
Epoch: 1700, Loss: 0.0286, Train: 100.00%, Valid: 96.83%, Test: 97.28%, Best Valid: 97.19%, Best Test: 97.66%
Epoch: 1800, Loss: 0.0296, Train: 100.00%, Valid: 96.58%, Test: 97.38%, Best Valid: 97.30%, Best Test: 97.82%
Epoch: 1900, Loss: 0.0298, Train: 100.00%, Valid: 96.91%, Test: 97.74%, Best Valid: 97.30%, Best Test: 97.82%
Run 01:
Highest Train: 100.00
Highest Valid: 97.30
Highest Test: 97.82
Chosen epoch: 1754
Final Train: 100.00
Final Test: 97.82
Epoch: 00, Loss: 0.8869, Train: 57.33%, Valid: 56.92%, Test: 61.82%, Best Valid: 56.92%, Best Test: 61.82%
Epoch: 100, Loss: 0.2650, Train: 94.23%, Valid: 93.73%, Test: 93.29%, Best Valid: 93.73%, Best Test: 93.29%
Epoch: 200, Loss: 0.1822, Train: 98.74%, Valid: 95.72%, Test: 95.42%, Best Valid: 95.84%, Best Test: 95.63%
Epoch: 300, Loss: 0.1456, Train: 99.59%, Valid: 95.77%, Test: 95.93%, Best Valid: 96.13%, Best Test: 95.87%
Epoch: 400, Loss: 0.1120, Train: 99.91%, Valid: 95.72%, Test: 95.82%, Best Valid: 96.54%, Best Test: 96.17%
Epoch: 500, Loss: 0.0839, Train: 99.99%, Valid: 96.34%, Test: 96.11%, Best Valid: 96.54%, Best Test: 96.17%
Epoch: 600, Loss: 0.0782, Train: 100.00%, Valid: 96.54%, Test: 96.48%, Best Valid: 96.79%, Best Test: 96.75%
Epoch: 700, Loss: 0.0642, Train: 100.00%, Valid: 96.73%, Test: 96.71%, Best Valid: 96.79%, Best Test: 96.75%
Epoch: 800, Loss: 0.0646, Train: 100.00%, Valid: 96.42%, Test: 96.62%, Best Valid: 96.94%, Best Test: 96.86%
Epoch: 900, Loss: 0.0508, Train: 100.00%, Valid: 96.65%, Test: 96.34%, Best Valid: 97.01%, Best Test: 96.71%
Epoch: 1000, Loss: 0.0560, Train: 100.00%, Valid: 96.80%, Test: 96.67%, Best Valid: 97.01%, Best Test: 96.71%
Epoch: 1100, Loss: 0.0456, Train: 100.00%, Valid: 96.93%, Test: 96.87%, Best Valid: 97.19%, Best Test: 97.04%
Epoch: 1200, Loss: 0.0391, Train: 100.00%, Valid: 96.64%, Test: 96.78%, Best Valid: 97.25%, Best Test: 97.16%
Epoch: 1300, Loss: 0.0325, Train: 100.00%, Valid: 96.83%, Test: 96.61%, Best Valid: 97.25%, Best Test: 97.16%
Epoch: 1400, Loss: 0.0292, Train: 100.00%, Valid: 97.13%, Test: 96.99%, Best Valid: 97.25%, Best Test: 97.16%
Epoch: 1500, Loss: 0.0379, Train: 100.00%, Valid: 97.13%, Test: 96.86%, Best Valid: 97.25%, Best Test: 97.16%
Epoch: 1600, Loss: 0.0310, Train: 100.00%, Valid: 96.82%, Test: 96.73%, Best Valid: 97.25%, Best Test: 97.03%
Epoch: 1700, Loss: 0.0282, Train: 100.00%, Valid: 97.38%, Test: 97.13%, Best Valid: 97.38%, Best Test: 97.13%
Epoch: 1800, Loss: 0.0286, Train: 100.00%, Valid: 97.10%, Test: 96.74%, Best Valid: 97.38%, Best Test: 97.13%
Epoch: 1900, Loss: 0.0326, Train: 100.00%, Valid: 97.26%, Test: 96.97%, Best Valid: 97.38%, Best Test: 97.13%
Run 02:
Highest Train: 100.00
Highest Valid: 97.43
Highest Test: 97.19
Chosen epoch: 1999
Final Train: 100.00
Final Test: 97.10
Epoch: 00, Loss: 0.8097, Train: 37.62%, Valid: 38.55%, Test: 37.35%, Best Valid: 38.55%, Best Test: 37.35%
Epoch: 100, Loss: 0.2467, Train: 95.87%, Valid: 93.58%, Test: 93.70%, Best Valid: 93.58%, Best Test: 93.70%
Epoch: 200, Loss: 0.1767, Train: 98.52%, Valid: 95.25%, Test: 95.35%, Best Valid: 95.25%, Best Test: 95.47%
Epoch: 300, Loss: 0.1355, Train: 99.71%, Valid: 95.77%, Test: 96.81%, Best Valid: 96.06%, Best Test: 96.56%
Epoch: 400, Loss: 0.1014, Train: 99.95%, Valid: 96.08%, Test: 96.68%, Best Valid: 96.69%, Best Test: 96.91%
Epoch: 500, Loss: 0.0861, Train: 99.98%, Valid: 96.77%, Test: 97.21%, Best Valid: 96.83%, Best Test: 97.23%
Epoch: 600, Loss: 0.0694, Train: 100.00%, Valid: 96.47%, Test: 97.30%, Best Valid: 96.84%, Best Test: 97.19%
Epoch: 700, Loss: 0.0590, Train: 100.00%, Valid: 96.99%, Test: 97.32%, Best Valid: 97.10%, Best Test: 97.43%
Epoch: 800, Loss: 0.0532, Train: 100.00%, Valid: 96.92%, Test: 97.77%, Best Valid: 97.10%, Best Test: 97.43%
Epoch: 900, Loss: 0.0537, Train: 100.00%, Valid: 96.87%, Test: 97.63%, Best Valid: 97.29%, Best Test: 97.83%
Epoch: 1000, Loss: 0.0442, Train: 100.00%, Valid: 97.01%, Test: 97.53%, Best Valid: 97.29%, Best Test: 97.83%
Epoch: 1100, Loss: 0.0451, Train: 100.00%, Valid: 97.24%, Test: 97.66%, Best Valid: 97.35%, Best Test: 97.73%
Epoch: 1200, Loss: 0.0389, Train: 100.00%, Valid: 97.14%, Test: 97.72%, Best Valid: 97.65%, Best Test: 98.11%
Epoch: 1300, Loss: 0.0403, Train: 100.00%, Valid: 97.16%, Test: 97.68%, Best Valid: 97.65%, Best Test: 98.11%
Epoch: 1400, Loss: 0.0389, Train: 100.00%, Valid: 97.52%, Test: 97.91%, Best Valid: 97.65%, Best Test: 98.11%
Epoch: 1500, Loss: 0.0328, Train: 100.00%, Valid: 97.31%, Test: 97.71%, Best Valid: 97.65%, Best Test: 98.11%
Epoch: 1600, Loss: 0.0375, Train: 100.00%, Valid: 97.46%, Test: 97.90%, Best Valid: 97.65%, Best Test: 98.11%
Epoch: 1700, Loss: 0.0287, Train: 100.00%, Valid: 97.60%, Test: 97.86%, Best Valid: 97.76%, Best Test: 98.20%
Epoch: 1800, Loss: 0.0351, Train: 100.00%, Valid: 97.67%, Test: 97.94%, Best Valid: 97.81%, Best Test: 98.03%
Epoch: 1900, Loss: 0.0360, Train: 100.00%, Valid: 97.48%, Test: 97.89%, Best Valid: 97.81%, Best Test: 98.11%
Run 03:
Highest Train: 100.00
Highest Valid: 97.84
Highest Test: 98.22
Chosen epoch: 1999
Final Train: 100.00
Final Test: 98.01
All runs:
Highest Train: 100.00 ± 0.00
Highest Test: 97.75 ± 0.52
Highest Valid: 97.52 ± 0.28
  Final Train: 100.00 ± 0.00
   Final Test: 97.64 ± 0.48
Saving results to results/minesweeper/MPNN_gcn.csv

Running with Pre-trained MLP Regularization (lambda=0.01)...
Namespace(bn=True, cpu=False, data_dir='./data/', dataset='minesweeper', device=0, display_step=100, dropout=0.2, epochs=2000, gnn='gcn', hidden_channels=64, jk=False, label_num_per_class=20, lambda_val=0.01, ln=False, local_layers=12, lr=0.01, metric='rocauc', mlp_epochs=500, mlp_reg=True, model='MPNN', model_dir='./model/', num_heads=1, pre_linear=False, pre_ln=False, rand_split=False, rand_split_class=False, reg_start_epoch=10, reg_update_freq=5, res=True, runs=3, save_model=False, seed=42, test_num=1000, train_prop=0.5, use_reg=True, valid_num=500, valid_prop=0.25, weight_decay=0.0)
minesweeper
dataset minesweeper | num nodes 10000 | num edge 39402 | num node feats 7 | num classes 2
MODEL: MPNNs(
  (h_lins): ModuleList()
  (local_convs): ModuleList(
    (0): GCNConv(7, 64)
    (1): GCNConv(64, 64)
    (2): GCNConv(64, 64)
    (3): GCNConv(64, 64)
    (4): GCNConv(64, 64)
    (5): GCNConv(64, 64)
    (6): GCNConv(64, 64)
    (7): GCNConv(64, 64)
    (8): GCNConv(64, 64)
    (9): GCNConv(64, 64)
    (10): GCNConv(64, 64)
    (11): GCNConv(64, 64)
  )
  (lins): ModuleList(
    (0): Linear(in_features=7, out_features=64, bias=True)
    (1): Linear(in_features=64, out_features=64, bias=True)
    (2): Linear(in_features=64, out_features=64, bias=True)
    (3): Linear(in_features=64, out_features=64, bias=True)
    (4): Linear(in_features=64, out_features=64, bias=True)
    (5): Linear(in_features=64, out_features=64, bias=True)
    (6): Linear(in_features=64, out_features=64, bias=True)
    (7): Linear(in_features=64, out_features=64, bias=True)
    (8): Linear(in_features=64, out_features=64, bias=True)
    (9): Linear(in_features=64, out_features=64, bias=True)
    (10): Linear(in_features=64, out_features=64, bias=True)
    (11): Linear(in_features=64, out_features=64, bias=True)
  )
  (lns): ModuleList(
    (0): LayerNorm((64,), eps=1e-05, elementwise_affine=True)
    (1): LayerNorm((64,), eps=1e-05, elementwise_affine=True)
    (2): LayerNorm((64,), eps=1e-05, elementwise_affine=True)
    (3): LayerNorm((64,), eps=1e-05, elementwise_affine=True)
    (4): LayerNorm((64,), eps=1e-05, elementwise_affine=True)
    (5): LayerNorm((64,), eps=1e-05, elementwise_affine=True)
    (6): LayerNorm((64,), eps=1e-05, elementwise_affine=True)
    (7): LayerNorm((64,), eps=1e-05, elementwise_affine=True)
    (8): LayerNorm((64,), eps=1e-05, elementwise_affine=True)
    (9): LayerNorm((64,), eps=1e-05, elementwise_affine=True)
    (10): LayerNorm((64,), eps=1e-05, elementwise_affine=True)
    (11): LayerNorm((64,), eps=1e-05, elementwise_affine=True)
  )
  (bns): ModuleList(
    (0): BatchNorm1d(64, eps=1e-05, momentum=0.1, affine=True, track_running_stats=True)
    (1): BatchNorm1d(64, eps=1e-05, momentum=0.1, affine=True, track_running_stats=True)
    (2): BatchNorm1d(64, eps=1e-05, momentum=0.1, affine=True, track_running_stats=True)
    (3): BatchNorm1d(64, eps=1e-05, momentum=0.1, affine=True, track_running_stats=True)
    (4): BatchNorm1d(64, eps=1e-05, momentum=0.1, affine=True, track_running_stats=True)
    (5): BatchNorm1d(64, eps=1e-05, momentum=0.1, affine=True, track_running_stats=True)
    (6): BatchNorm1d(64, eps=1e-05, momentum=0.1, affine=True, track_running_stats=True)
    (7): BatchNorm1d(64, eps=1e-05, momentum=0.1, affine=True, track_running_stats=True)
    (8): BatchNorm1d(64, eps=1e-05, momentum=0.1, affine=True, track_running_stats=True)
    (9): BatchNorm1d(64, eps=1e-05, momentum=0.1, affine=True, track_running_stats=True)
    (10): BatchNorm1d(64, eps=1e-05, momentum=0.1, affine=True, track_running_stats=True)
    (11): BatchNorm1d(64, eps=1e-05, momentum=0.1, affine=True, track_running_stats=True)
  )
  (lin_in): Linear(in_features=7, out_features=64, bias=True)
  (pred_local): Linear(in_features=64, out_features=2, bias=True)
)
Pre-training MLP for 500 epochs to generate co-occurrence matrix...
MLP pre-training complete. Penalty matrix frozen.
Epoch: 00, Loss: 0.8898, Train: 59.77%, Valid: 58.70%, Test: 58.35%, Best Valid: 58.70%, Best Test: 58.35%
Epoch: 100, Loss: 0.2556, Train: 94.82%, Valid: 92.30%, Test: 93.13%, Best Valid: 92.30%, Best Test: 93.13%
Epoch: 200, Loss: 0.1791, Train: 98.32%, Valid: 95.84%, Test: 96.53%, Best Valid: 95.97%, Best Test: 96.52%
Epoch: 300, Loss: 0.1517, Train: 99.29%, Valid: 95.88%, Test: 96.58%, Best Valid: 96.36%, Best Test: 96.93%
Epoch: 400, Loss: 0.1168, Train: 99.80%, Valid: 96.49%, Test: 96.89%, Best Valid: 96.49%, Best Test: 96.89%
Epoch: 500, Loss: 0.1049, Train: 99.93%, Valid: 96.16%, Test: 97.01%, Best Valid: 96.71%, Best Test: 97.18%
Epoch: 600, Loss: 0.0924, Train: 99.98%, Valid: 96.68%, Test: 97.11%, Best Valid: 96.83%, Best Test: 97.44%
Epoch: 700, Loss: 0.0731, Train: 100.00%, Valid: 96.54%, Test: 97.32%, Best Valid: 96.83%, Best Test: 97.44%
Epoch: 800, Loss: 0.0657, Train: 100.00%, Valid: 96.57%, Test: 97.50%, Best Valid: 96.88%, Best Test: 97.33%
Epoch: 900, Loss: 0.0621, Train: 100.00%, Valid: 96.75%, Test: 97.33%, Best Valid: 97.04%, Best Test: 97.50%
Epoch: 1000, Loss: 0.0555, Train: 100.00%, Valid: 96.83%, Test: 97.62%, Best Valid: 97.08%, Best Test: 97.54%
Epoch: 1100, Loss: 0.0465, Train: 100.00%, Valid: 97.02%, Test: 97.50%, Best Valid: 97.17%, Best Test: 97.57%
Epoch: 1200, Loss: 0.0378, Train: 100.00%, Valid: 96.38%, Test: 97.21%, Best Valid: 97.17%, Best Test: 97.57%
Epoch: 1300, Loss: 0.0370, Train: 100.00%, Valid: 96.49%, Test: 97.31%, Best Valid: 97.20%, Best Test: 97.48%
Epoch: 1400, Loss: 0.0412, Train: 100.00%, Valid: 96.99%, Test: 97.40%, Best Valid: 97.20%, Best Test: 97.48%
Epoch: 1500, Loss: 0.0321, Train: 100.00%, Valid: 96.71%, Test: 97.59%, Best Valid: 97.20%, Best Test: 97.48%
Epoch: 1600, Loss: 0.0365, Train: 100.00%, Valid: 96.98%, Test: 97.55%, Best Valid: 97.20%, Best Test: 97.48%
Epoch: 1700, Loss: 0.0315, Train: 100.00%, Valid: 96.68%, Test: 97.32%, Best Valid: 97.23%, Best Test: 97.75%
Epoch: 1800, Loss: 0.0288, Train: 100.00%, Valid: 96.85%, Test: 97.26%, Best Valid: 97.23%, Best Test: 97.75%
Epoch: 1900, Loss: 0.0376, Train: 100.00%, Valid: 96.95%, Test: 97.68%, Best Valid: 97.23%, Best Test: 97.75%
Run 01:
Highest Train: 100.00
Highest Valid: 97.23
Highest Test: 97.80
Chosen epoch: 1676
Final Train: 100.00
Final Test: 97.75
Pre-training MLP for 500 epochs to generate co-occurrence matrix...
MLP pre-training complete. Penalty matrix frozen.
Epoch: 00, Loss: 0.9218, Train: 54.45%, Valid: 57.36%, Test: 58.01%, Best Valid: 57.36%, Best Test: 58.01%
Epoch: 100, Loss: 0.2649, Train: 95.11%, Valid: 94.24%, Test: 93.77%, Best Valid: 94.26%, Best Test: 93.77%
Epoch: 200, Loss: 0.1928, Train: 98.51%, Valid: 95.91%, Test: 95.67%, Best Valid: 95.91%, Best Test: 95.67%
Epoch: 300, Loss: 0.1462, Train: 99.58%, Valid: 96.18%, Test: 96.03%, Best Valid: 96.42%, Best Test: 96.07%
Epoch: 400, Loss: 0.1123, Train: 99.93%, Valid: 96.00%, Test: 96.12%, Best Valid: 96.48%, Best Test: 96.25%
Epoch: 500, Loss: 0.0859, Train: 99.98%, Valid: 96.52%, Test: 96.44%, Best Valid: 96.62%, Best Test: 96.59%
Epoch: 600, Loss: 0.0802, Train: 99.99%, Valid: 96.36%, Test: 96.80%, Best Valid: 96.97%, Best Test: 96.90%
Epoch: 700, Loss: 0.0658, Train: 100.00%, Valid: 96.64%, Test: 96.83%, Best Valid: 97.06%, Best Test: 96.94%
Epoch: 800, Loss: 0.0546, Train: 100.00%, Valid: 96.76%, Test: 96.88%, Best Valid: 97.15%, Best Test: 97.16%
Epoch: 900, Loss: 0.0487, Train: 100.00%, Valid: 96.80%, Test: 96.69%, Best Valid: 97.22%, Best Test: 97.16%
Epoch: 1000, Loss: 0.0512, Train: 100.00%, Valid: 97.07%, Test: 97.08%, Best Valid: 97.59%, Best Test: 97.41%
Epoch: 1100, Loss: 0.0433, Train: 100.00%, Valid: 97.02%, Test: 96.94%, Best Valid: 97.59%, Best Test: 97.41%
Epoch: 1200, Loss: 0.0417, Train: 100.00%, Valid: 97.06%, Test: 96.95%, Best Valid: 97.59%, Best Test: 97.41%
Epoch: 1300, Loss: 0.0370, Train: 100.00%, Valid: 97.32%, Test: 97.26%, Best Valid: 97.59%, Best Test: 97.41%
Epoch: 1400, Loss: 0.0333, Train: 100.00%, Valid: 97.23%, Test: 97.23%, Best Valid: 97.59%, Best Test: 97.41%
Epoch: 1500, Loss: 0.0397, Train: 100.00%, Valid: 97.44%, Test: 97.35%, Best Valid: 97.59%, Best Test: 97.41%
Epoch: 1600, Loss: 0.0310, Train: 100.00%, Valid: 97.56%, Test: 97.25%, Best Valid: 97.59%, Best Test: 97.41%
Epoch: 1700, Loss: 0.0342, Train: 100.00%, Valid: 97.71%, Test: 97.54%, Best Valid: 97.71%, Best Test: 97.54%
Epoch: 1800, Loss: 0.0323, Train: 100.00%, Valid: 97.42%, Test: 97.34%, Best Valid: 97.71%, Best Test: 97.54%
Epoch: 1900, Loss: 0.0362, Train: 100.00%, Valid: 96.80%, Test: 96.81%, Best Valid: 97.71%, Best Test: 97.54%
Run 02:
Highest Train: 100.00
Highest Valid: 97.71
Highest Test: 97.54
Chosen epoch: 1700
Final Train: 100.00
Final Test: 97.54
Pre-training MLP for 500 epochs to generate co-occurrence matrix...
MLP pre-training complete. Penalty matrix frozen.
Epoch: 00, Loss: 0.5912, Train: 43.01%, Valid: 43.83%, Test: 42.86%, Best Valid: 43.83%, Best Test: 42.86%
Epoch: 100, Loss: 0.2568, Train: 95.49%, Valid: 93.65%, Test: 94.15%, Best Valid: 93.65%, Best Test: 94.15%
Epoch: 200, Loss: 0.1782, Train: 98.69%, Valid: 95.77%, Test: 96.14%, Best Valid: 95.77%, Best Test: 96.14%
Epoch: 300, Loss: 0.1371, Train: 99.68%, Valid: 95.46%, Test: 96.21%, Best Valid: 96.27%, Best Test: 96.33%
Epoch: 400, Loss: 0.1125, Train: 99.90%, Valid: 95.94%, Test: 96.47%, Best Valid: 96.27%, Best Test: 96.70%
Epoch: 500, Loss: 0.0899, Train: 99.98%, Valid: 96.03%, Test: 96.63%, Best Valid: 96.46%, Best Test: 96.84%
Epoch: 600, Loss: 0.0797, Train: 100.00%, Valid: 96.36%, Test: 96.93%, Best Valid: 96.78%, Best Test: 97.03%
Epoch: 700, Loss: 0.0620, Train: 100.00%, Valid: 96.40%, Test: 97.06%, Best Valid: 96.78%, Best Test: 97.03%
Epoch: 800, Loss: 0.0601, Train: 100.00%, Valid: 96.46%, Test: 97.00%, Best Valid: 96.90%, Best Test: 97.36%
Epoch: 900, Loss: 0.0553, Train: 100.00%, Valid: 96.15%, Test: 97.12%, Best Valid: 96.90%, Best Test: 97.36%
Epoch: 1000, Loss: 0.0420, Train: 100.00%, Valid: 96.49%, Test: 97.33%, Best Valid: 96.90%, Best Test: 97.36%
Epoch: 1100, Loss: 0.0401, Train: 100.00%, Valid: 96.39%, Test: 97.15%, Best Valid: 97.03%, Best Test: 97.48%
Epoch: 1200, Loss: 0.0384, Train: 100.00%, Valid: 96.57%, Test: 97.38%, Best Valid: 97.08%, Best Test: 97.52%
Epoch: 1300, Loss: 0.0405, Train: 100.00%, Valid: 96.78%, Test: 97.33%, Best Valid: 97.08%, Best Test: 97.52%
Epoch: 1400, Loss: 0.0317, Train: 100.00%, Valid: 96.55%, Test: 97.21%, Best Valid: 97.08%, Best Test: 97.52%
Epoch: 1500, Loss: 0.0328, Train: 100.00%, Valid: 96.67%, Test: 97.45%, Best Valid: 97.08%, Best Test: 97.52%
Epoch: 1600, Loss: 0.0317, Train: 100.00%, Valid: 96.73%, Test: 97.37%, Best Valid: 97.08%, Best Test: 97.52%
Epoch: 1700, Loss: 0.0278, Train: 100.00%, Valid: 96.54%, Test: 97.43%, Best Valid: 97.08%, Best Test: 97.52%
Epoch: 1800, Loss: 0.0319, Train: 100.00%, Valid: 96.48%, Test: 97.34%, Best Valid: 97.10%, Best Test: 97.60%
Epoch: 1900, Loss: 0.0244, Train: 100.00%, Valid: 96.87%, Test: 97.66%, Best Valid: 97.10%, Best Test: 97.67%
Run 03:
Highest Train: 100.00
Highest Valid: 97.10
Highest Test: 97.78
Chosen epoch: 1881
Final Train: 100.00
Final Test: 97.67
All runs:
Highest Train: 100.00 ± 0.00
Highest Test: 97.71 ± 0.14
Highest Valid: 97.35 ± 0.32
  Final Train: 100.00 ± 0.00
   Final Test: 97.65 ± 0.11
Saving results to results/minesweeper/MPNN_gcn.csv

Running with Pre-trained MLP Regularization (lambda=0.05)...
