==========================================================
MLP-GNN Rerun Task 4
Job: 1010689 | Date: Mon Apr 27 11:33:10 AM EDT 2026 | Host: n0089
==========================================================
Mon Apr 27 11:33:15 2026       
+-----------------------------------------------------------------------------------------+
| NVIDIA-SMI 570.211.01             Driver Version: 570.211.01     CUDA Version: 12.8     |
|-----------------------------------------+------------------------+----------------------+
| GPU  Name                 Persistence-M | Bus-Id          Disp.A | Volatile Uncorr. ECC |
| Fan  Temp   Perf          Pwr:Usage/Cap |           Memory-Usage | GPU-Util  Compute M. |
|                                         |                        |               MIG M. |
|=========================================+========================+======================|
|   0  NVIDIA A100-SXM4-80GB          On  |   00000000:01:00.0 Off |                   On |
| N/A   27C    P0             52W /  500W |     185MiB /  81920MiB |     N/A      Default |
|                                         |                        |              Enabled |
+-----------------------------------------+------------------------+----------------------+
|   1  NVIDIA A100-SXM4-80GB          On  |   00000000:41:00.0 Off |                   On |
| N/A   36C    P0            145W /  500W |   36855MiB /  81920MiB |     N/A      Default |
|                                         |                        |              Enabled |
+-----------------------------------------+------------------------+----------------------+
|   2  NVIDIA A100-SXM4-80GB          On  |   00000000:81:00.0 Off |                   On |
| N/A   30C    P0             50W /  500W |     185MiB /  81920MiB |     N/A      Default |
|                                         |                        |              Enabled |
+-----------------------------------------+------------------------+----------------------+
|   3  NVIDIA A100-SXM4-80GB          On  |   00000000:C1:00.0 Off |                   On |
| N/A   25C    P0             51W /  500W |     185MiB /  81920MiB |     N/A      Default |
|                                         |                        |              Enabled |
+-----------------------------------------+------------------------+----------------------+

+-----------------------------------------------------------------------------------------+
| MIG devices:                                                                            |
+------------------+----------------------------------+-----------+-----------------------+
| GPU  GI  CI  MIG |                     Memory-Usage |        Vol|        Shared         |
|      ID  ID  Dev |                       BAR1-Usage | SM     Unc| CE ENC  DEC  OFA  JPG |
|                  |                                  |        ECC|                       |
|==================+==================================+===========+=======================|
|  2    9   0   0  |              27MiB /  9728MiB    | 14      0 |  1   0    0    0    0 |
|                  |                 0MiB / 16383MiB  |           |                       |
+------------------+----------------------------------+-----------+-----------------------+
                                                                                         
+-----------------------------------------------------------------------------------------+
| Processes:                                                                              |
|  GPU   GI   CI              PID   Type   Process name                        GPU Memory |
|        ID   ID                                                               Usage      |
|=========================================================================================|
|    1    2    0          1492879      C   ...strained-crl/.venv/bin/python      36664MiB |
+-----------------------------------------------------------------------------------------+
1.12.1
True
NVIDIA A100-SXM4-80GB MIG 1g.10gb
Namespace(bn=False, cpu=False, data_dir='./data/', dataset='chameleon', device=0, display_step=100, dropout=0.2, epochs=1000, gnn='gcn', hidden_channels=512, jk=False, label_num_per_class=20, lambda_val=0.5, ln=False, local_layers=4, lr=0.005, metric='acc', mlp_epochs=500, mlp_reg=False, model='MLP', model_dir='./model/', num_heads=1, pre_linear=False, pre_ln=False, rand_split=False, rand_split_class=False, reg_start_epoch=10, reg_update_freq=5, res=False, result_dir='results/mlp_gnn', runs=5, save_model=False, seed=42, test_num=1000, train_prop=0.5, use_reg=False, valid_num=500, valid_prop=0.25, weight_decay=0.0005)
chameleon
