==========================================================
MLP-GNN Rerun Task 8
Job: 1010689 | Date: Mon Apr 27 11:33:10 AM EDT 2026 | Host: n0001
==========================================================
Mon Apr 27 11:33:15 2026       
+-----------------------------------------------------------------------------------------+
| NVIDIA-SMI 570.211.01             Driver Version: 570.211.01     CUDA Version: 12.8     |
|-----------------------------------------+------------------------+----------------------+
| GPU  Name                 Persistence-M | Bus-Id          Disp.A | Volatile Uncorr. ECC |
| Fan  Temp   Perf          Pwr:Usage/Cap |           Memory-Usage | GPU-Util  Compute M. |
|                                         |                        |               MIG M. |
|=========================================+========================+======================|
|   0  NVIDIA A100-SXM4-80GB          On  |   00000000:01:00.0 Off |                   On |
| N/A   29C    P0             51W /  500W |     185MiB /  81920MiB |     N/A      Default |
|                                         |                        |              Enabled |
+-----------------------------------------+------------------------+----------------------+
|   1  NVIDIA A100-SXM4-80GB          On  |   00000000:41:00.0 Off |                   On |
| N/A   41C    P0            195W /  500W |   16973MiB /  81920MiB |     N/A      Default |
|                                         |                        |              Enabled |
+-----------------------------------------+------------------------+----------------------+
|   2  NVIDIA A100-SXM4-80GB          On  |   00000000:81:00.0 Off |                   On |
| N/A   45C    P0            190W /  500W |   16973MiB /  81920MiB |     N/A      Default |
|                                         |                        |              Enabled |
+-----------------------------------------+------------------------+----------------------+
|   3  NVIDIA A100-SXM4-80GB          On  |   00000000:C1:00.0 Off |                   On |
| N/A   24C    P0             49W /  500W |     185MiB /  81920MiB |     N/A      Default |
|                                         |                        |              Enabled |
+-----------------------------------------+------------------------+----------------------+

+-----------------------------------------------------------------------------------------+
| MIG devices:                                                                            |
+------------------+----------------------------------+-----------+-----------------------+
| GPU  GI  CI  MIG |                     Memory-Usage |        Vol|        Shared         |
|      ID  ID  Dev |                       BAR1-Usage | SM     Unc| CE ENC  DEC  OFA  JPG |
|                  |                                  |        ECC|                       |
|==================+==================================+===========+=======================|
|  0   13   0   0  |              27MiB /  9728MiB    | 14      0 |  1   0    0    0    0 |
|                  |                 0MiB / 16383MiB  |           |                       |
+------------------+----------------------------------+-----------+-----------------------+
                                                                                         
+-----------------------------------------------------------------------------------------+
| Processes:                                                                              |
|  GPU   GI   CI              PID   Type   Process name                        GPU Memory |
|        ID   ID                                                               Usage      |
|=========================================================================================|
|    1    1    0            38673      C   ...hz54/envs/dist/bin/python3.10      16782MiB |
|    2    2    0            38674      C   ...hz54/envs/dist/bin/python3.10      16782MiB |
+-----------------------------------------------------------------------------------------+
1.12.1
True
NVIDIA A100-SXM4-80GB MIG 1g.10gb
==========================================================
Starting mlp_gnn GNN Sweep for:
python main.py --gnn sage --dataset coauthor-physics --hidden_channels 64         --epochs 1500 --lr 0.001 --runs 5 --local_layers 2 --weight_decay 5e-4         --dropout 0.7 --device 0 --bn
==========================================================
Running GNN Baseline (no reg)...
Namespace(bn=True, cpu=False, data_dir='./data/', dataset='coauthor-physics', device=0, display_step=100, dropout=0.7, epochs=1500, gnn='sage', hidden_channels=64, jk=False, label_num_per_class=20, lambda_val=0.5, ln=False, local_layers=2, lr=0.001, metric='acc', mlp_epochs=500, mlp_reg=False, model='MPNN', model_dir='./model/', num_heads=1, pre_linear=False, pre_ln=False, rand_split=False, rand_split_class=False, reg_start_epoch=10, reg_update_freq=5, res=False, result_dir='results/mlp_gnn', runs=5, save_model=False, seed=42, test_num=1000, train_prop=0.5, use_reg=False, valid_num=500, valid_prop=0.25, weight_decay=0.0005)
coauthor-physics
dataset coauthor-physics | num nodes 34493 | num edge 495924 | num node feats 8415 | num classes 5
MODEL: MPNNs(
  (h_lins): ModuleList()
  (local_convs): ModuleList(
    (0): SAGEConv(8415, 64, aggr=mean)
    (1): SAGEConv(64, 64, aggr=mean)
  )
  (lins): ModuleList(
    (0): Linear(in_features=8415, out_features=64, bias=True)
    (1): Linear(in_features=64, out_features=64, bias=True)
  )
  (lns): ModuleList(
    (0): LayerNorm((64,), eps=1e-05, elementwise_affine=True)
    (1): LayerNorm((64,), eps=1e-05, elementwise_affine=True)
  )
  (bns): ModuleList(
    (0): BatchNorm1d(64, eps=1e-05, momentum=0.1, affine=True, track_running_stats=True)
    (1): BatchNorm1d(64, eps=1e-05, momentum=0.1, affine=True, track_running_stats=True)
  )
  (lin_in): Linear(in_features=8415, out_features=64, bias=True)
  (pred_local): Linear(in_features=64, out_features=5, bias=True)
)

Running with MLP-GNN Regularization (lambda=0.01)...
Namespace(bn=True, cpu=False, data_dir='./data/', dataset='coauthor-physics', device=0, display_step=100, dropout=0.7, epochs=1500, gnn='sage', hidden_channels=64, jk=False, label_num_per_class=20, lambda_val=0.01, ln=False, local_layers=2, lr=0.001, metric='acc', mlp_epochs=500, mlp_reg=True, model='MPNN', model_dir='./model/', num_heads=1, pre_linear=False, pre_ln=False, rand_split=False, rand_split_class=False, reg_start_epoch=10, reg_update_freq=5, res=False, result_dir='results/mlp_gnn', runs=5, save_model=False, seed=42, test_num=1000, train_prop=0.5, use_reg=True, valid_num=500, valid_prop=0.25, weight_decay=0.0005)
coauthor-physics
dataset coauthor-physics | num nodes 34493 | num edge 495924 | num node feats 8415 | num classes 5
MODEL: MPNNs(
  (h_lins): ModuleList()
  (local_convs): ModuleList(
    (0): SAGEConv(8415, 64, aggr=mean)
    (1): SAGEConv(64, 64, aggr=mean)
  )
  (lins): ModuleList(
    (0): Linear(in_features=8415, out_features=64, bias=True)
    (1): Linear(in_features=64, out_features=64, bias=True)
  )
  (lns): ModuleList(
    (0): LayerNorm((64,), eps=1e-05, elementwise_affine=True)
    (1): LayerNorm((64,), eps=1e-05, elementwise_affine=True)
  )
  (bns): ModuleList(
    (0): BatchNorm1d(64, eps=1e-05, momentum=0.1, affine=True, track_running_stats=True)
    (1): BatchNorm1d(64, eps=1e-05, momentum=0.1, affine=True, track_running_stats=True)
  )
  (lin_in): Linear(in_features=8415, out_features=64, bias=True)
  (pred_local): Linear(in_features=64, out_features=5, bias=True)
)
Pre-training MLP for 500 epochs to generate co-occurrence matrix...
MLP pre-training complete. Penalty matrix frozen.

Running with MLP-GNN Regularization (lambda=0.1)...
Namespace(bn=True, cpu=False, data_dir='./data/', dataset='coauthor-physics', device=0, display_step=100, dropout=0.7, epochs=1500, gnn='sage', hidden_channels=64, jk=False, label_num_per_class=20, lambda_val=0.1, ln=False, local_layers=2, lr=0.001, metric='acc', mlp_epochs=500, mlp_reg=True, model='MPNN', model_dir='./model/', num_heads=1, pre_linear=False, pre_ln=False, rand_split=False, rand_split_class=False, reg_start_epoch=10, reg_update_freq=5, res=False, result_dir='results/mlp_gnn', runs=5, save_model=False, seed=42, test_num=1000, train_prop=0.5, use_reg=True, valid_num=500, valid_prop=0.25, weight_decay=0.0005)
coauthor-physics
dataset coauthor-physics | num nodes 34493 | num edge 495924 | num node feats 8415 | num classes 5
MODEL: MPNNs(
  (h_lins): ModuleList()
  (local_convs): ModuleList(
    (0): SAGEConv(8415, 64, aggr=mean)
    (1): SAGEConv(64, 64, aggr=mean)
  )
  (lins): ModuleList(
    (0): Linear(in_features=8415, out_features=64, bias=True)
    (1): Linear(in_features=64, out_features=64, bias=True)
  )
  (lns): ModuleList(
    (0): LayerNorm((64,), eps=1e-05, elementwise_affine=True)
    (1): LayerNorm((64,), eps=1e-05, elementwise_affine=True)
  )
  (bns): ModuleList(
    (0): BatchNorm1d(64, eps=1e-05, momentum=0.1, affine=True, track_running_stats=True)
    (1): BatchNorm1d(64, eps=1e-05, momentum=0.1, affine=True, track_running_stats=True)
  )
  (lin_in): Linear(in_features=8415, out_features=64, bias=True)
  (pred_local): Linear(in_features=64, out_features=5, bias=True)
)
Pre-training MLP for 500 epochs to generate co-occurrence matrix...
MLP pre-training complete. Penalty matrix frozen.

Running with MLP-GNN Regularization (lambda=0.2)...
Namespace(bn=True, cpu=False, data_dir='./data/', dataset='coauthor-physics', device=0, display_step=100, dropout=0.7, epochs=1500, gnn='sage', hidden_channels=64, jk=False, label_num_per_class=20, lambda_val=0.2, ln=False, local_layers=2, lr=0.001, metric='acc', mlp_epochs=500, mlp_reg=True, model='MPNN', model_dir='./model/', num_heads=1, pre_linear=False, pre_ln=False, rand_split=False, rand_split_class=False, reg_start_epoch=10, reg_update_freq=5, res=False, result_dir='results/mlp_gnn', runs=5, save_model=False, seed=42, test_num=1000, train_prop=0.5, use_reg=True, valid_num=500, valid_prop=0.25, weight_decay=0.0005)
coauthor-physics
dataset coauthor-physics | num nodes 34493 | num edge 495924 | num node feats 8415 | num classes 5
MODEL: MPNNs(
  (h_lins): ModuleList()
  (local_convs): ModuleList(
    (0): SAGEConv(8415, 64, aggr=mean)
    (1): SAGEConv(64, 64, aggr=mean)
  )
  (lins): ModuleList(
    (0): Linear(in_features=8415, out_features=64, bias=True)
    (1): Linear(in_features=64, out_features=64, bias=True)
  )
  (lns): ModuleList(
    (0): LayerNorm((64,), eps=1e-05, elementwise_affine=True)
    (1): LayerNorm((64,), eps=1e-05, elementwise_affine=True)
  )
  (bns): ModuleList(
    (0): BatchNorm1d(64, eps=1e-05, momentum=0.1, affine=True, track_running_stats=True)
    (1): BatchNorm1d(64, eps=1e-05, momentum=0.1, affine=True, track_running_stats=True)
  )
  (lin_in): Linear(in_features=8415, out_features=64, bias=True)
  (pred_local): Linear(in_features=64, out_features=5, bias=True)
)
Pre-training MLP for 500 epochs to generate co-occurrence matrix...
MLP pre-training complete. Penalty matrix frozen.

Running with MLP-GNN Regularization (lambda=0.4)...
Namespace(bn=True, cpu=False, data_dir='./data/', dataset='coauthor-physics', device=0, display_step=100, dropout=0.7, epochs=1500, gnn='sage', hidden_channels=64, jk=False, label_num_per_class=20, lambda_val=0.4, ln=False, local_layers=2, lr=0.001, metric='acc', mlp_epochs=500, mlp_reg=True, model='MPNN', model_dir='./model/', num_heads=1, pre_linear=False, pre_ln=False, rand_split=False, rand_split_class=False, reg_start_epoch=10, reg_update_freq=5, res=False, result_dir='results/mlp_gnn', runs=5, save_model=False, seed=42, test_num=1000, train_prop=0.5, use_reg=True, valid_num=500, valid_prop=0.25, weight_decay=0.0005)
coauthor-physics
dataset coauthor-physics | num nodes 34493 | num edge 495924 | num node feats 8415 | num classes 5
MODEL: MPNNs(
  (h_lins): ModuleList()
  (local_convs): ModuleList(
    (0): SAGEConv(8415, 64, aggr=mean)
    (1): SAGEConv(64, 64, aggr=mean)
  )
  (lins): ModuleList(
    (0): Linear(in_features=8415, out_features=64, bias=True)
    (1): Linear(in_features=64, out_features=64, bias=True)
  )
  (lns): ModuleList(
    (0): LayerNorm((64,), eps=1e-05, elementwise_affine=True)
    (1): LayerNorm((64,), eps=1e-05, elementwise_affine=True)
  )
  (bns): ModuleList(
    (0): BatchNorm1d(64, eps=1e-05, momentum=0.1, affine=True, track_running_stats=True)
    (1): BatchNorm1d(64, eps=1e-05, momentum=0.1, affine=True, track_running_stats=True)
  )
  (lin_in): Linear(in_features=8415, out_features=64, bias=True)
  (pred_local): Linear(in_features=64, out_features=5, bias=True)
)
Pre-training MLP for 500 epochs to generate co-occurrence matrix...
MLP pre-training complete. Penalty matrix frozen.

GNN sweep completed!
==========================================================
Rerun task 8 completed at: Mon Apr 27 11:35:37 AM EDT 2026
==========================================================
