Traceback (most recent call last):
  File "main.py", line 152, in <module>
    out = model(dataset.graph['node_feat'], dataset.graph['edge_index'])
  File "/project/ikoutis/conda_env/co-occurrence/lib/python3.8/site-packages/torch/nn/modules/module.py", line 1130, in _call_impl
    return forward_call(*input, **kwargs)
  File "/mmfs1/project/ikoutis/github/co-occurrence-regularization/medium_graph/model.py", line 92, in forward
    x = local_conv(x, edge_index)
  File "/project/ikoutis/conda_env/co-occurrence/lib/python3.8/site-packages/torch/nn/modules/module.py", line 1130, in _call_impl
    return forward_call(*input, **kwargs)
  File "/project/ikoutis/conda_env/co-occurrence/lib/python3.8/site-packages/torch_geometric/nn/conv/sage_conv.py", line 131, in forward
    out = self.propagate(edge_index, x=x, size=size)
  File "/project/ikoutis/conda_env/co-occurrence/lib/python3.8/site-packages/torch_geometric/nn/conv/message_passing.py", line 459, in propagate
    coll_dict = self._collect(self._user_args, edge_index, size,
  File "/project/ikoutis/conda_env/co-occurrence/lib/python3.8/site-packages/torch_geometric/nn/conv/message_passing.py", line 336, in _collect
    data = self._lift(data, edge_index, dim)
  File "/project/ikoutis/conda_env/co-occurrence/lib/python3.8/site-packages/torch_geometric/nn/conv/message_passing.py", line 282, in _lift
    raise e
  File "/project/ikoutis/conda_env/co-occurrence/lib/python3.8/site-packages/torch_geometric/nn/conv/message_passing.py", line 272, in _lift
    return src.index_select(self.node_dim, index)
RuntimeError: CUDA out of memory. Tried to allocate 16.63 GiB (GPU 0; 9.50 GiB total capacity; 1.10 GiB already allocated; 7.94 GiB free; 1.10 GiB reserved in total by PyTorch) If reserved memory is >> allocated memory try setting max_split_size_mb to avoid fragmentation.  See documentation for Memory Management and PYTORCH_CUDA_ALLOC_CONF
Traceback (most recent call last):
  File "main.py", line 152, in <module>
    out = model(dataset.graph['node_feat'], dataset.graph['edge_index'])
  File "/project/ikoutis/conda_env/co-occurrence/lib/python3.8/site-packages/torch/nn/modules/module.py", line 1130, in _call_impl
    return forward_call(*input, **kwargs)
  File "/mmfs1/project/ikoutis/github/co-occurrence-regularization/medium_graph/model.py", line 92, in forward
    x = local_conv(x, edge_index)
  File "/project/ikoutis/conda_env/co-occurrence/lib/python3.8/site-packages/torch/nn/modules/module.py", line 1130, in _call_impl
    return forward_call(*input, **kwargs)
  File "/project/ikoutis/conda_env/co-occurrence/lib/python3.8/site-packages/torch_geometric/nn/conv/sage_conv.py", line 131, in forward
    out = self.propagate(edge_index, x=x, size=size)
  File "/project/ikoutis/conda_env/co-occurrence/lib/python3.8/site-packages/torch_geometric/nn/conv/message_passing.py", line 459, in propagate
    coll_dict = self._collect(self._user_args, edge_index, size,
  File "/project/ikoutis/conda_env/co-occurrence/lib/python3.8/site-packages/torch_geometric/nn/conv/message_passing.py", line 336, in _collect
    data = self._lift(data, edge_index, dim)
  File "/project/ikoutis/conda_env/co-occurrence/lib/python3.8/site-packages/torch_geometric/nn/conv/message_passing.py", line 282, in _lift
    raise e
  File "/project/ikoutis/conda_env/co-occurrence/lib/python3.8/site-packages/torch_geometric/nn/conv/message_passing.py", line 272, in _lift
    return src.index_select(self.node_dim, index)
RuntimeError: CUDA out of memory. Tried to allocate 16.63 GiB (GPU 0; 9.50 GiB total capacity; 1.11 GiB already allocated; 7.57 GiB free; 1.12 GiB reserved in total by PyTorch) If reserved memory is >> allocated memory try setting max_split_size_mb to avoid fragmentation.  See documentation for Memory Management and PYTORCH_CUDA_ALLOC_CONF
Traceback (most recent call last):
  File "main.py", line 152, in <module>
    out = model(dataset.graph['node_feat'], dataset.graph['edge_index'])
  File "/project/ikoutis/conda_env/co-occurrence/lib/python3.8/site-packages/torch/nn/modules/module.py", line 1130, in _call_impl
    return forward_call(*input, **kwargs)
  File "/mmfs1/project/ikoutis/github/co-occurrence-regularization/medium_graph/model.py", line 92, in forward
    x = local_conv(x, edge_index)
  File "/project/ikoutis/conda_env/co-occurrence/lib/python3.8/site-packages/torch/nn/modules/module.py", line 1130, in _call_impl
    return forward_call(*input, **kwargs)
  File "/project/ikoutis/conda_env/co-occurrence/lib/python3.8/site-packages/torch_geometric/nn/conv/sage_conv.py", line 131, in forward
    out = self.propagate(edge_index, x=x, size=size)
  File "/project/ikoutis/conda_env/co-occurrence/lib/python3.8/site-packages/torch_geometric/nn/conv/message_passing.py", line 459, in propagate
    coll_dict = self._collect(self._user_args, edge_index, size,
  File "/project/ikoutis/conda_env/co-occurrence/lib/python3.8/site-packages/torch_geometric/nn/conv/message_passing.py", line 336, in _collect
    data = self._lift(data, edge_index, dim)
  File "/project/ikoutis/conda_env/co-occurrence/lib/python3.8/site-packages/torch_geometric/nn/conv/message_passing.py", line 282, in _lift
    raise e
  File "/project/ikoutis/conda_env/co-occurrence/lib/python3.8/site-packages/torch_geometric/nn/conv/message_passing.py", line 272, in _lift
    return src.index_select(self.node_dim, index)
RuntimeError: CUDA out of memory. Tried to allocate 16.63 GiB (GPU 0; 9.50 GiB total capacity; 1.11 GiB already allocated; 7.57 GiB free; 1.12 GiB reserved in total by PyTorch) If reserved memory is >> allocated memory try setting max_split_size_mb to avoid fragmentation.  See documentation for Memory Management and PYTORCH_CUDA_ALLOC_CONF
Traceback (most recent call last):
  File "main.py", line 152, in <module>
    out = model(dataset.graph['node_feat'], dataset.graph['edge_index'])
  File "/project/ikoutis/conda_env/co-occurrence/lib/python3.8/site-packages/torch/nn/modules/module.py", line 1130, in _call_impl
    return forward_call(*input, **kwargs)
  File "/mmfs1/project/ikoutis/github/co-occurrence-regularization/medium_graph/model.py", line 92, in forward
    x = local_conv(x, edge_index)
  File "/project/ikoutis/conda_env/co-occurrence/lib/python3.8/site-packages/torch/nn/modules/module.py", line 1130, in _call_impl
    return forward_call(*input, **kwargs)
  File "/project/ikoutis/conda_env/co-occurrence/lib/python3.8/site-packages/torch_geometric/nn/conv/sage_conv.py", line 131, in forward
    out = self.propagate(edge_index, x=x, size=size)
  File "/project/ikoutis/conda_env/co-occurrence/lib/python3.8/site-packages/torch_geometric/nn/conv/message_passing.py", line 459, in propagate
    coll_dict = self._collect(self._user_args, edge_index, size,
  File "/project/ikoutis/conda_env/co-occurrence/lib/python3.8/site-packages/torch_geometric/nn/conv/message_passing.py", line 336, in _collect
    data = self._lift(data, edge_index, dim)
  File "/project/ikoutis/conda_env/co-occurrence/lib/python3.8/site-packages/torch_geometric/nn/conv/message_passing.py", line 282, in _lift
    raise e
  File "/project/ikoutis/conda_env/co-occurrence/lib/python3.8/site-packages/torch_geometric/nn/conv/message_passing.py", line 272, in _lift
    return src.index_select(self.node_dim, index)
RuntimeError: CUDA out of memory. Tried to allocate 16.63 GiB (GPU 0; 9.50 GiB total capacity; 1.11 GiB already allocated; 7.57 GiB free; 1.12 GiB reserved in total by PyTorch) If reserved memory is >> allocated memory try setting max_split_size_mb to avoid fragmentation.  See documentation for Memory Management and PYTORCH_CUDA_ALLOC_CONF
Traceback (most recent call last):
  File "main.py", line 152, in <module>
    out = model(dataset.graph['node_feat'], dataset.graph['edge_index'])
  File "/project/ikoutis/conda_env/co-occurrence/lib/python3.8/site-packages/torch/nn/modules/module.py", line 1130, in _call_impl
    return forward_call(*input, **kwargs)
  File "/mmfs1/project/ikoutis/github/co-occurrence-regularization/medium_graph/model.py", line 92, in forward
    x = local_conv(x, edge_index)
  File "/project/ikoutis/conda_env/co-occurrence/lib/python3.8/site-packages/torch/nn/modules/module.py", line 1130, in _call_impl
    return forward_call(*input, **kwargs)
  File "/project/ikoutis/conda_env/co-occurrence/lib/python3.8/site-packages/torch_geometric/nn/conv/sage_conv.py", line 131, in forward
    out = self.propagate(edge_index, x=x, size=size)
  File "/project/ikoutis/conda_env/co-occurrence/lib/python3.8/site-packages/torch_geometric/nn/conv/message_passing.py", line 459, in propagate
    coll_dict = self._collect(self._user_args, edge_index, size,
  File "/project/ikoutis/conda_env/co-occurrence/lib/python3.8/site-packages/torch_geometric/nn/conv/message_passing.py", line 336, in _collect
    data = self._lift(data, edge_index, dim)
  File "/project/ikoutis/conda_env/co-occurrence/lib/python3.8/site-packages/torch_geometric/nn/conv/message_passing.py", line 282, in _lift
    raise e
  File "/project/ikoutis/conda_env/co-occurrence/lib/python3.8/site-packages/torch_geometric/nn/conv/message_passing.py", line 272, in _lift
    return src.index_select(self.node_dim, index)
RuntimeError: CUDA out of memory. Tried to allocate 16.63 GiB (GPU 0; 9.50 GiB total capacity; 1.11 GiB already allocated; 7.57 GiB free; 1.12 GiB reserved in total by PyTorch) If reserved memory is >> allocated memory try setting max_split_size_mb to avoid fragmentation.  See documentation for Memory Management and PYTORCH_CUDA_ALLOC_CONF
