==========================================================
roman-empire / GAT rerun | Task 1
Job: 1013168 | Date: Tue Apr 28 02:04:36 PM EDT 2026 | Host: n0002
==========================================================
Tue Apr 28 14:04:40 2026       
+-----------------------------------------------------------------------------------------+
| NVIDIA-SMI 570.211.01             Driver Version: 570.211.01     CUDA Version: 12.8     |
|-----------------------------------------+------------------------+----------------------+
| GPU  Name                 Persistence-M | Bus-Id          Disp.A | Volatile Uncorr. ECC |
| Fan  Temp   Perf          Pwr:Usage/Cap |           Memory-Usage | GPU-Util  Compute M. |
|                                         |                        |               MIG M. |
|=========================================+========================+======================|
|   0  NVIDIA A100-SXM4-80GB          On  |   00000000:01:00.0 Off |                   On |
| N/A   40C    P0            148W /  500W |    6237MiB /  81920MiB |     N/A      Default |
|                                         |                        |              Enabled |
+-----------------------------------------+------------------------+----------------------+
|   1  NVIDIA A100-SXM4-80GB          On  |   00000000:41:00.0 Off |                   On |
| N/A   28C    P0             49W /  500W |     185MiB /  81920MiB |     N/A      Default |
|                                         |                        |              Enabled |
+-----------------------------------------+------------------------+----------------------+
|   2  NVIDIA A100-SXM4-80GB          On  |   00000000:81:00.0 Off |                   On |
| N/A   32C    P0             51W /  500W |     185MiB /  81920MiB |     N/A      Default |
|                                         |                        |              Enabled |
+-----------------------------------------+------------------------+----------------------+
|   3  NVIDIA A100-SXM4-80GB          On  |   00000000:C1:00.0 Off |                   On |
| N/A   29C    P0             84W /  500W |     765MiB /  81920MiB |     N/A      Default |
|                                         |                        |              Enabled |
+-----------------------------------------+------------------------+----------------------+

+-----------------------------------------------------------------------------------------+
| MIG devices:                                                                            |
+------------------+----------------------------------+-----------+-----------------------+
| GPU  GI  CI  MIG |                     Memory-Usage |        Vol|        Shared         |
|      ID  ID  Dev |                       BAR1-Usage | SM     Unc| CE ENC  DEC  OFA  JPG |
|                  |                                  |        ECC|                       |
|==================+==================================+===========+=======================|
|  1    9   0   0  |              27MiB /  9728MiB    | 14      0 |  1   0    0    0    0 |
|                  |                 0MiB / 16383MiB  |           |                       |
+------------------+----------------------------------+-----------+-----------------------+
                                                                                         
+-----------------------------------------------------------------------------------------+
| Processes:                                                                              |
|  GPU   GI   CI              PID   Type   Process name                        GPU Memory |
|        ID   ID                                                               Usage      |
|=========================================================================================|
|    0    1    0          3345975      C   python                                 6046MiB |
|    3    1    0          3346367      C   python                                  574MiB |
+-----------------------------------------------------------------------------------------+
1.12.1
True
NVIDIA A100-SXM4-80GB MIG 1g.10gb
==========================================================
Starting mlp_gnn GNN Sweep for:
python main.py --gnn gat --dataset roman-empire     --hidden_channels 512 --epochs 1000 --lr 0.001 --runs 5     --local_layers 10 --weight_decay 5e-4 --dropout 0.3     --bn --res --device 0
==========================================================
Running GNN Baseline (no reg)...
Namespace(bn=True, cpu=False, data_dir='./data/', dataset='roman-empire', device=0, display_step=100, dropout=0.3, epochs=1000, gnn='gat', hidden_channels=512, jk=False, label_num_per_class=20, lambda_val=0.5, ln=False, local_layers=10, lr=0.001, metric='acc', mlp_epochs=500, mlp_reg=False, model='MPNN', model_dir='./model/', num_heads=1, oracle_reg=False, pre_linear=False, pre_ln=False, rand_split=False, rand_split_class=False, reg_start_epoch=10, reg_update_freq=5, res=True, result_dir='results/mlp_gnn', runs=5, save_model=False, seed=42, test_num=1000, train_prop=0.5, use_reg=False, valid_num=500, valid_prop=0.25, weight_decay=0.0005)
roman-empire
dataset roman-empire | num nodes 22662 | num edge 32927 | num node feats 300 | num classes 18
MODEL: MPNNs(
  (h_lins): ModuleList()
  (local_convs): ModuleList(
    (0): GATConv(300, 512, heads=1)
    (1): GATConv(512, 512, heads=1)
    (2): GATConv(512, 512, heads=1)
    (3): GATConv(512, 512, heads=1)
    (4): GATConv(512, 512, heads=1)
    (5): GATConv(512, 512, heads=1)
    (6): GATConv(512, 512, heads=1)
    (7): GATConv(512, 512, heads=1)
    (8): GATConv(512, 512, heads=1)
    (9): GATConv(512, 512, heads=1)
  )
  (lins): ModuleList(
    (0): Linear(in_features=300, out_features=512, bias=True)
    (1): Linear(in_features=512, out_features=512, bias=True)
    (2): Linear(in_features=512, out_features=512, bias=True)
    (3): Linear(in_features=512, out_features=512, bias=True)
    (4): Linear(in_features=512, out_features=512, bias=True)
    (5): Linear(in_features=512, out_features=512, bias=True)
    (6): Linear(in_features=512, out_features=512, bias=True)
    (7): Linear(in_features=512, out_features=512, bias=True)
    (8): Linear(in_features=512, out_features=512, bias=True)
    (9): Linear(in_features=512, out_features=512, bias=True)
  )
  (lns): ModuleList(
    (0): LayerNorm((512,), eps=1e-05, elementwise_affine=True)
    (1): LayerNorm((512,), eps=1e-05, elementwise_affine=True)
    (2): LayerNorm((512,), eps=1e-05, elementwise_affine=True)
    (3): LayerNorm((512,), eps=1e-05, elementwise_affine=True)
    (4): LayerNorm((512,), eps=1e-05, elementwise_affine=True)
    (5): LayerNorm((512,), eps=1e-05, elementwise_affine=True)
    (6): LayerNorm((512,), eps=1e-05, elementwise_affine=True)
    (7): LayerNorm((512,), eps=1e-05, elementwise_affine=True)
    (8): LayerNorm((512,), eps=1e-05, elementwise_affine=True)
    (9): LayerNorm((512,), eps=1e-05, elementwise_affine=True)
  )
  (bns): ModuleList(
    (0): BatchNorm1d(512, eps=1e-05, momentum=0.1, affine=True, track_running_stats=True)
    (1): BatchNorm1d(512, eps=1e-05, momentum=0.1, affine=True, track_running_stats=True)
    (2): BatchNorm1d(512, eps=1e-05, momentum=0.1, affine=True, track_running_stats=True)
    (3): BatchNorm1d(512, eps=1e-05, momentum=0.1, affine=True, track_running_stats=True)
    (4): BatchNorm1d(512, eps=1e-05, momentum=0.1, affine=True, track_running_stats=True)
    (5): BatchNorm1d(512, eps=1e-05, momentum=0.1, affine=True, track_running_stats=True)
    (6): BatchNorm1d(512, eps=1e-05, momentum=0.1, affine=True, track_running_stats=True)
    (7): BatchNorm1d(512, eps=1e-05, momentum=0.1, affine=True, track_running_stats=True)
    (8): BatchNorm1d(512, eps=1e-05, momentum=0.1, affine=True, track_running_stats=True)
    (9): BatchNorm1d(512, eps=1e-05, momentum=0.1, affine=True, track_running_stats=True)
  )
  (lin_in): Linear(in_features=300, out_features=512, bias=True)
  (pred_local): Linear(in_features=512, out_features=18, bias=True)
)
Epoch: 00, Loss: 3.0176, Train: 13.83%, Valid: 13.82%, Test: 13.82%, Best Valid: 13.82%, Best Test: 13.82%
Epoch: 100, Loss: 0.2461, Train: 95.20%, Valid: 80.14%, Test: 79.84%, Best Valid: 80.35%, Best Test: 79.86%
Epoch: 200, Loss: 0.0428, Train: 99.88%, Valid: 84.98%, Test: 84.47%, Best Valid: 85.67%, Best Test: 85.30%
Epoch: 300, Loss: 0.0223, Train: 99.97%, Valid: 86.76%, Test: 85.81%, Best Valid: 86.97%, Best Test: 85.77%
Epoch: 400, Loss: 0.0242, Train: 99.96%, Valid: 86.73%, Test: 86.04%, Best Valid: 87.18%, Best Test: 86.48%
Epoch: 500, Loss: 0.0210, Train: 99.98%, Valid: 87.47%, Test: 87.26%, Best Valid: 87.54%, Best Test: 87.47%
Epoch: 600, Loss: 0.0206, Train: 99.99%, Valid: 87.64%, Test: 87.50%, Best Valid: 88.12%, Best Test: 87.22%
Epoch: 700, Loss: 0.0153, Train: 99.96%, Valid: 86.85%, Test: 86.66%, Best Valid: 88.12%, Best Test: 87.22%
Epoch: 800, Loss: 0.0140, Train: 99.94%, Valid: 87.98%, Test: 87.63%, Best Valid: 88.26%, Best Test: 87.56%
Epoch: 900, Loss: 0.0172, Train: 99.99%, Valid: 87.33%, Test: 87.26%, Best Valid: 88.26%, Best Test: 87.56%
Run 01:
Highest Train: 100.00
Highest Valid: 88.46
Highest Test: 88.03
Chosen epoch: 932
Final Train: 100.00
Final Test: 87.58
Epoch: 00, Loss: 2.9905, Train: 13.83%, Valid: 13.82%, Test: 13.84%, Best Valid: 13.82%, Best Test: 13.84%
Epoch: 100, Loss: 0.2446, Train: 95.88%, Valid: 81.18%, Test: 81.49%, Best Valid: 81.52%, Best Test: 81.45%
Epoch: 200, Loss: 0.0437, Train: 99.93%, Valid: 86.21%, Test: 85.67%, Best Valid: 86.51%, Best Test: 86.27%
Epoch: 300, Loss: 0.0258, Train: 99.98%, Valid: 87.31%, Test: 87.13%, Best Valid: 87.73%, Best Test: 86.57%
Epoch: 400, Loss: 0.0180, Train: 99.99%, Valid: 88.65%, Test: 88.07%, Best Valid: 88.76%, Best Test: 88.37%
Epoch: 500, Loss: 0.0192, Train: 99.96%, Valid: 87.86%, Test: 87.43%, Best Valid: 88.86%, Best Test: 88.23%
Epoch: 600, Loss: 0.0175, Train: 99.99%, Valid: 88.00%, Test: 87.93%, Best Valid: 88.93%, Best Test: 88.14%
Epoch: 700, Loss: 0.0169, Train: 99.95%, Valid: 87.86%, Test: 87.63%, Best Valid: 88.97%, Best Test: 88.78%
Epoch: 800, Loss: 0.0201, Train: 99.96%, Valid: 87.89%, Test: 87.61%, Best Valid: 88.97%, Best Test: 88.78%
Epoch: 900, Loss: 0.0180, Train: 100.00%, Valid: 88.38%, Test: 88.49%, Best Valid: 88.97%, Best Test: 88.78%
Run 02:
Highest Train: 100.00
Highest Valid: 89.04
Highest Test: 88.95
Chosen epoch: 929
Final Train: 99.97
Final Test: 88.23
Epoch: 00, Loss: 2.9880, Train: 5.99%, Valid: 6.00%, Test: 6.00%, Best Valid: 6.00%, Best Test: 6.00%
Epoch: 100, Loss: 0.3534, Train: 92.22%, Valid: 79.86%, Test: 80.92%, Best Valid: 79.96%, Best Test: 80.73%
Epoch: 200, Loss: 0.0590, Train: 99.85%, Valid: 85.47%, Test: 86.13%, Best Valid: 85.61%, Best Test: 86.13%
Epoch: 300, Loss: 0.0266, Train: 100.00%, Valid: 85.98%, Test: 86.73%, Best Valid: 87.08%, Best Test: 87.61%
Epoch: 400, Loss: 0.0239, Train: 100.00%, Valid: 87.13%, Test: 87.49%, Best Valid: 87.31%, Best Test: 87.19%
Epoch: 500, Loss: 0.0178, Train: 99.99%, Valid: 86.80%, Test: 87.96%, Best Valid: 87.52%, Best Test: 88.16%
Epoch: 600, Loss: 0.0208, Train: 99.99%, Valid: 87.40%, Test: 87.91%, Best Valid: 87.64%, Best Test: 88.48%
Epoch: 700, Loss: 0.0151, Train: 100.00%, Valid: 87.36%, Test: 88.02%, Best Valid: 87.94%, Best Test: 88.40%
Epoch: 800, Loss: 0.0187, Train: 99.99%, Valid: 87.41%, Test: 87.79%, Best Valid: 87.94%, Best Test: 88.40%
Epoch: 900, Loss: 0.0196, Train: 99.99%, Valid: 87.08%, Test: 88.49%, Best Valid: 87.94%, Best Test: 88.40%
Run 03:
Highest Train: 100.00
Highest Valid: 88.28
Highest Test: 88.60
Chosen epoch: 943
Final Train: 100.00
Final Test: 88.10
Epoch: 00, Loss: 2.9935, Train: 1.46%, Valid: 1.45%, Test: 1.45%, Best Valid: 1.45%, Best Test: 1.45%
Epoch: 100, Loss: 0.3276, Train: 93.24%, Valid: 82.29%, Test: 81.57%, Best Valid: 82.29%, Best Test: 81.57%
Epoch: 200, Loss: 0.0559, Train: 99.89%, Valid: 85.91%, Test: 86.36%, Best Valid: 86.87%, Best Test: 87.10%
Epoch: 300, Loss: 0.0309, Train: 99.99%, Valid: 87.87%, Test: 87.19%, Best Valid: 87.87%, Best Test: 87.19%
Epoch: 400, Loss: 0.0201, Train: 99.99%, Valid: 87.94%, Test: 87.89%, Best Valid: 88.70%, Best Test: 87.89%
Epoch: 500, Loss: 0.0278, Train: 99.99%, Valid: 88.17%, Test: 88.14%, Best Valid: 88.70%, Best Test: 87.89%
Epoch: 600, Loss: 0.0221, Train: 99.98%, Valid: 88.79%, Test: 88.25%, Best Valid: 88.95%, Best Test: 88.40%
Epoch: 700, Loss: 0.0190, Train: 100.00%, Valid: 88.74%, Test: 87.75%, Best Valid: 89.04%, Best Test: 88.09%
Epoch: 800, Loss: 0.0200, Train: 99.97%, Valid: 88.01%, Test: 87.61%, Best Valid: 89.13%, Best Test: 88.19%
Epoch: 900, Loss: 0.0135, Train: 99.98%, Valid: 88.83%, Test: 88.02%, Best Valid: 89.13%, Best Test: 88.19%
Run 04:
Highest Train: 100.00
Highest Valid: 89.13
Highest Test: 88.76
Chosen epoch: 706
Final Train: 100.00
Final Test: 88.19
Epoch: 00, Loss: 2.9715, Train: 13.74%, Valid: 14.05%, Test: 13.77%, Best Valid: 14.05%, Best Test: 13.77%
Epoch: 100, Loss: 0.2257, Train: 96.61%, Valid: 80.37%, Test: 79.97%, Best Valid: 80.37%, Best Test: 79.97%
Epoch: 200, Loss: 0.0373, Train: 99.95%, Valid: 84.80%, Test: 84.50%, Best Valid: 85.44%, Best Test: 85.23%
Epoch: 300, Loss: 0.0239, Train: 99.98%, Valid: 86.04%, Test: 85.42%, Best Valid: 86.35%, Best Test: 86.30%
Epoch: 400, Loss: 0.0200, Train: 100.00%, Valid: 86.32%, Test: 86.52%, Best Valid: 86.92%, Best Test: 86.71%
Epoch: 500, Loss: 0.0195, Train: 99.99%, Valid: 86.53%, Test: 86.59%, Best Valid: 87.10%, Best Test: 86.67%
Epoch: 600, Loss: 0.0175, Train: 99.97%, Valid: 86.83%, Test: 87.10%, Best Valid: 87.13%, Best Test: 87.12%
Epoch: 700, Loss: 0.0158, Train: 99.97%, Valid: 86.11%, Test: 86.23%, Best Valid: 87.13%, Best Test: 87.12%
Epoch: 800, Loss: 0.0182, Train: 99.98%, Valid: 86.50%, Test: 86.97%, Best Valid: 87.31%, Best Test: 86.71%
Epoch: 900, Loss: 0.0158, Train: 99.95%, Valid: 86.41%, Test: 86.90%, Best Valid: 87.31%, Best Test: 86.71%
Run 05:
Highest Train: 100.00
Highest Valid: 87.43
Highest Test: 87.84
Chosen epoch: 913
Final Train: 100.00
Final Test: 87.84
All runs:
Highest Train: 100.00 ± 0.00
Highest Test: 88.44 ± 0.48
Highest Valid: 88.47 ± 0.68
  Final Train: 99.99 ± 0.01
   Final Test: 87.99 ± 0.28
Saving results to results/mlp_gnn/roman-empire/MPNN_gat.csv

Running with MLP-GNN Regularization (lambda=0.01)...
Namespace(bn=True, cpu=False, data_dir='./data/', dataset='roman-empire', device=0, display_step=100, dropout=0.3, epochs=1000, gnn='gat', hidden_channels=512, jk=False, label_num_per_class=20, lambda_val=0.01, ln=False, local_layers=10, lr=0.001, metric='acc', mlp_epochs=500, mlp_reg=True, model='MPNN', model_dir='./model/', num_heads=1, oracle_reg=False, pre_linear=False, pre_ln=False, rand_split=False, rand_split_class=False, reg_start_epoch=10, reg_update_freq=5, res=True, result_dir='results/mlp_gnn', runs=5, save_model=False, seed=42, test_num=1000, train_prop=0.5, use_reg=True, valid_num=500, valid_prop=0.25, weight_decay=0.0005)
roman-empire
dataset roman-empire | num nodes 22662 | num edge 32927 | num node feats 300 | num classes 18
MODEL: MPNNs(
  (h_lins): ModuleList()
  (local_convs): ModuleList(
    (0): GATConv(300, 512, heads=1)
    (1): GATConv(512, 512, heads=1)
    (2): GATConv(512, 512, heads=1)
    (3): GATConv(512, 512, heads=1)
    (4): GATConv(512, 512, heads=1)
    (5): GATConv(512, 512, heads=1)
    (6): GATConv(512, 512, heads=1)
    (7): GATConv(512, 512, heads=1)
    (8): GATConv(512, 512, heads=1)
    (9): GATConv(512, 512, heads=1)
  )
  (lins): ModuleList(
    (0): Linear(in_features=300, out_features=512, bias=True)
    (1): Linear(in_features=512, out_features=512, bias=True)
    (2): Linear(in_features=512, out_features=512, bias=True)
    (3): Linear(in_features=512, out_features=512, bias=True)
    (4): Linear(in_features=512, out_features=512, bias=True)
    (5): Linear(in_features=512, out_features=512, bias=True)
    (6): Linear(in_features=512, out_features=512, bias=True)
    (7): Linear(in_features=512, out_features=512, bias=True)
    (8): Linear(in_features=512, out_features=512, bias=True)
    (9): Linear(in_features=512, out_features=512, bias=True)
  )
  (lns): ModuleList(
    (0): LayerNorm((512,), eps=1e-05, elementwise_affine=True)
    (1): LayerNorm((512,), eps=1e-05, elementwise_affine=True)
    (2): LayerNorm((512,), eps=1e-05, elementwise_affine=True)
    (3): LayerNorm((512,), eps=1e-05, elementwise_affine=True)
    (4): LayerNorm((512,), eps=1e-05, elementwise_affine=True)
    (5): LayerNorm((512,), eps=1e-05, elementwise_affine=True)
    (6): LayerNorm((512,), eps=1e-05, elementwise_affine=True)
    (7): LayerNorm((512,), eps=1e-05, elementwise_affine=True)
    (8): LayerNorm((512,), eps=1e-05, elementwise_affine=True)
    (9): LayerNorm((512,), eps=1e-05, elementwise_affine=True)
  )
  (bns): ModuleList(
    (0): BatchNorm1d(512, eps=1e-05, momentum=0.1, affine=True, track_running_stats=True)
    (1): BatchNorm1d(512, eps=1e-05, momentum=0.1, affine=True, track_running_stats=True)
    (2): BatchNorm1d(512, eps=1e-05, momentum=0.1, affine=True, track_running_stats=True)
    (3): BatchNorm1d(512, eps=1e-05, momentum=0.1, affine=True, track_running_stats=True)
    (4): BatchNorm1d(512, eps=1e-05, momentum=0.1, affine=True, track_running_stats=True)
    (5): BatchNorm1d(512, eps=1e-05, momentum=0.1, affine=True, track_running_stats=True)
    (6): BatchNorm1d(512, eps=1e-05, momentum=0.1, affine=True, track_running_stats=True)
    (7): BatchNorm1d(512, eps=1e-05, momentum=0.1, affine=True, track_running_stats=True)
    (8): BatchNorm1d(512, eps=1e-05, momentum=0.1, affine=True, track_running_stats=True)
    (9): BatchNorm1d(512, eps=1e-05, momentum=0.1, affine=True, track_running_stats=True)
  )
  (lin_in): Linear(in_features=300, out_features=512, bias=True)
  (pred_local): Linear(in_features=512, out_features=18, bias=True)
)
Pre-training MLP for 500 epochs to generate co-occurrence matrix...
MLP pre-training complete. Penalty matrix frozen.
Epoch: 00, Loss: 3.0490, Train: 13.83%, Valid: 13.82%, Test: 13.82%, Best Valid: 13.82%, Best Test: 13.82%
Epoch: 100, Loss: 0.2741, Train: 95.24%, Valid: 80.55%, Test: 79.97%, Best Valid: 80.95%, Best Test: 79.69%
Epoch: 200, Loss: 0.0431, Train: 99.84%, Valid: 84.59%, Test: 84.54%, Best Valid: 85.26%, Best Test: 84.79%
Epoch: 300, Loss: 0.0285, Train: 99.97%, Valid: 85.45%, Test: 85.88%, Best Valid: 86.60%, Best Test: 86.32%
Epoch: 400, Loss: 0.0194, Train: 99.98%, Valid: 86.95%, Test: 85.92%, Best Valid: 86.95%, Best Test: 85.92%
Epoch: 500, Loss: 0.0164, Train: 99.99%, Valid: 87.47%, Test: 86.89%, Best Valid: 87.48%, Best Test: 86.22%
Epoch: 600, Loss: 0.0176, Train: 99.99%, Valid: 87.11%, Test: 86.76%, Best Valid: 87.61%, Best Test: 86.73%
Epoch: 700, Loss: 0.0131, Train: 99.94%, Valid: 86.88%, Test: 86.75%, Best Valid: 87.71%, Best Test: 86.64%
Epoch: 800, Loss: 0.0192, Train: 99.98%, Valid: 86.57%, Test: 86.99%, Best Valid: 88.16%, Best Test: 86.99%
Epoch: 900, Loss: 0.0131, Train: 99.91%, Valid: 86.76%, Test: 86.53%, Best Valid: 88.16%, Best Test: 86.99%
Run 01:
Highest Train: 100.00
Highest Valid: 88.16
Highest Test: 87.58
Chosen epoch: 741
Final Train: 99.99
Final Test: 86.99
Pre-training MLP for 500 epochs to generate co-occurrence matrix...
MLP pre-training complete. Penalty matrix frozen.
Epoch: 00, Loss: 3.0215, Train: 5.51%, Valid: 5.49%, Test: 5.49%, Best Valid: 5.49%, Best Test: 5.49%
Epoch: 100, Loss: 0.3372, Train: 93.01%, Valid: 82.05%, Test: 81.45%, Best Valid: 82.33%, Best Test: 82.23%
Epoch: 200, Loss: 0.0574, Train: 99.94%, Valid: 87.10%, Test: 87.24%, Best Valid: 87.29%, Best Test: 86.92%
Epoch: 300, Loss: 0.0289, Train: 100.00%, Valid: 87.89%, Test: 87.75%, Best Valid: 88.23%, Best Test: 87.84%
Epoch: 400, Loss: 0.0231, Train: 100.00%, Valid: 88.28%, Test: 88.40%, Best Valid: 88.49%, Best Test: 88.00%
Epoch: 500, Loss: 0.0186, Train: 99.97%, Valid: 88.77%, Test: 88.48%, Best Valid: 88.91%, Best Test: 88.55%
Epoch: 600, Loss: 0.0187, Train: 99.99%, Valid: 88.76%, Test: 88.69%, Best Valid: 88.91%, Best Test: 88.55%
Epoch: 700, Loss: 0.0182, Train: 100.00%, Valid: 88.67%, Test: 88.00%, Best Valid: 88.91%, Best Test: 88.55%
Epoch: 800, Loss: 0.0187, Train: 99.98%, Valid: 88.07%, Test: 88.09%, Best Valid: 89.02%, Best Test: 88.32%
Epoch: 900, Loss: 0.0160, Train: 99.99%, Valid: 87.94%, Test: 87.82%, Best Valid: 89.02%, Best Test: 88.32%
Run 02:
Highest Train: 100.00
Highest Valid: 89.09
Highest Test: 89.22
Chosen epoch: 959
Final Train: 100.00
Final Test: 88.23
Pre-training MLP for 500 epochs to generate co-occurrence matrix...
MLP pre-training complete. Penalty matrix frozen.
Epoch: 00, Loss: 3.0328, Train: 13.95%, Valid: 13.96%, Test: 13.96%, Best Valid: 13.96%, Best Test: 13.96%
Epoch: 100, Loss: 0.3699, Train: 91.29%, Valid: 80.49%, Test: 80.78%, Best Valid: 80.49%, Best Test: 80.78%
Epoch: 200, Loss: 0.0581, Train: 99.57%, Valid: 84.01%, Test: 85.67%, Best Valid: 85.84%, Best Test: 86.73%
Epoch: 300, Loss: 0.0320, Train: 99.96%, Valid: 85.86%, Test: 86.83%, Best Valid: 86.97%, Best Test: 87.33%
Epoch: 400, Loss: 0.0215, Train: 99.97%, Valid: 86.43%, Test: 87.47%, Best Valid: 87.27%, Best Test: 87.95%
Epoch: 500, Loss: 0.0208, Train: 100.00%, Valid: 87.71%, Test: 88.16%, Best Valid: 87.78%, Best Test: 88.25%
Epoch: 600, Loss: 0.0173, Train: 99.96%, Valid: 86.69%, Test: 87.73%, Best Valid: 88.17%, Best Test: 88.32%
Epoch: 700, Loss: 0.0206, Train: 99.97%, Valid: 87.27%, Test: 88.25%, Best Valid: 88.17%, Best Test: 88.32%
Epoch: 800, Loss: 0.0185, Train: 99.98%, Valid: 86.55%, Test: 88.03%, Best Valid: 88.17%, Best Test: 88.32%
Epoch: 900, Loss: 0.0191, Train: 99.95%, Valid: 86.65%, Test: 88.33%, Best Valid: 88.17%, Best Test: 88.32%
Run 03:
Highest Train: 100.00
Highest Valid: 88.19
Highest Test: 88.97
Chosen epoch: 942
Final Train: 100.00
Final Test: 88.37
Pre-training MLP for 500 epochs to generate co-occurrence matrix...
MLP pre-training complete. Penalty matrix frozen.
Epoch: 00, Loss: 2.9995, Train: 13.82%, Valid: 13.82%, Test: 13.84%, Best Valid: 13.82%, Best Test: 13.84%
Epoch: 100, Loss: 0.2889, Train: 94.87%, Valid: 82.31%, Test: 81.49%, Best Valid: 82.31%, Best Test: 81.49%
Epoch: 200, Loss: 0.0409, Train: 99.92%, Valid: 87.11%, Test: 86.02%, Best Valid: 87.11%, Best Test: 86.02%
Epoch: 300, Loss: 0.0305, Train: 100.00%, Valid: 87.91%, Test: 87.24%, Best Valid: 87.98%, Best Test: 87.45%
Epoch: 400, Loss: 0.0218, Train: 99.99%, Valid: 87.75%, Test: 87.33%, Best Valid: 88.49%, Best Test: 87.58%
Epoch: 500, Loss: 0.0203, Train: 100.00%, Valid: 88.05%, Test: 87.72%, Best Valid: 88.76%, Best Test: 87.77%
Epoch: 600, Loss: 0.0190, Train: 99.99%, Valid: 88.67%, Test: 87.70%, Best Valid: 89.21%, Best Test: 87.88%
Epoch: 700, Loss: 0.0190, Train: 100.00%, Valid: 88.35%, Test: 88.18%, Best Valid: 89.21%, Best Test: 87.88%
Epoch: 800, Loss: 0.0172, Train: 100.00%, Valid: 87.96%, Test: 87.24%, Best Valid: 89.21%, Best Test: 87.88%
Epoch: 900, Loss: 0.0147, Train: 100.00%, Valid: 87.68%, Test: 88.02%, Best Valid: 89.21%, Best Test: 87.88%
Run 04:
Highest Train: 100.00
Highest Valid: 89.21
Highest Test: 88.53
Chosen epoch: 582
Final Train: 99.96
Final Test: 87.88
Pre-training MLP for 500 epochs to generate co-occurrence matrix...
MLP pre-training complete. Penalty matrix frozen.
Epoch: 00, Loss: 3.0177, Train: 13.75%, Valid: 13.87%, Test: 13.78%, Best Valid: 13.87%, Best Test: 13.78%
Epoch: 100, Loss: 0.2599, Train: 94.61%, Valid: 80.32%, Test: 79.76%, Best Valid: 80.44%, Best Test: 79.23%
Epoch: 200, Loss: 0.0457, Train: 99.94%, Valid: 85.58%, Test: 85.00%, Best Valid: 85.58%, Best Test: 85.00%
Epoch: 300, Loss: 0.0278, Train: 99.96%, Valid: 86.39%, Test: 85.85%, Best Valid: 86.55%, Best Test: 85.63%
Epoch: 400, Loss: 0.0281, Train: 100.00%, Valid: 86.51%, Test: 86.53%, Best Valid: 87.08%, Best Test: 86.32%
Epoch: 500, Loss: 0.0193, Train: 99.98%, Valid: 86.95%, Test: 86.96%, Best Valid: 87.20%, Best Test: 86.69%
Epoch: 600, Loss: 0.0215, Train: 99.97%, Valid: 87.36%, Test: 87.03%, Best Valid: 87.43%, Best Test: 86.82%
Epoch: 700, Loss: 0.0175, Train: 99.95%, Valid: 87.22%, Test: 86.36%, Best Valid: 87.66%, Best Test: 87.31%
Epoch: 800, Loss: 0.0199, Train: 99.96%, Valid: 86.95%, Test: 86.60%, Best Valid: 87.87%, Best Test: 87.54%
Epoch: 900, Loss: 0.0146, Train: 99.99%, Valid: 86.92%, Test: 86.96%, Best Valid: 87.87%, Best Test: 87.54%
Run 05:
Highest Train: 100.00
Highest Valid: 87.87
Highest Test: 87.91
Chosen epoch: 792
Final Train: 100.00
Final Test: 87.54
All runs:
Highest Train: 100.00 ± 0.00
Highest Test: 88.44 ± 0.69
Highest Valid: 88.50 ± 0.61
  Final Train: 99.99 ± 0.02
   Final Test: 87.80 ± 0.56
Saving results to results/mlp_gnn/roman-empire/MPNN_gat.csv

Running with MLP-GNN Regularization (lambda=0.1)...
Namespace(bn=True, cpu=False, data_dir='./data/', dataset='roman-empire', device=0, display_step=100, dropout=0.3, epochs=1000, gnn='gat', hidden_channels=512, jk=False, label_num_per_class=20, lambda_val=0.1, ln=False, local_layers=10, lr=0.001, metric='acc', mlp_epochs=500, mlp_reg=True, model='MPNN', model_dir='./model/', num_heads=1, oracle_reg=False, pre_linear=False, pre_ln=False, rand_split=False, rand_split_class=False, reg_start_epoch=10, reg_update_freq=5, res=True, result_dir='results/mlp_gnn', runs=5, save_model=False, seed=42, test_num=1000, train_prop=0.5, use_reg=True, valid_num=500, valid_prop=0.25, weight_decay=0.0005)
roman-empire
dataset roman-empire | num nodes 22662 | num edge 32927 | num node feats 300 | num classes 18
MODEL: MPNNs(
  (h_lins): ModuleList()
  (local_convs): ModuleList(
    (0): GATConv(300, 512, heads=1)
    (1): GATConv(512, 512, heads=1)
    (2): GATConv(512, 512, heads=1)
    (3): GATConv(512, 512, heads=1)
    (4): GATConv(512, 512, heads=1)
    (5): GATConv(512, 512, heads=1)
    (6): GATConv(512, 512, heads=1)
    (7): GATConv(512, 512, heads=1)
    (8): GATConv(512, 512, heads=1)
    (9): GATConv(512, 512, heads=1)
  )
  (lins): ModuleList(
    (0): Linear(in_features=300, out_features=512, bias=True)
    (1): Linear(in_features=512, out_features=512, bias=True)
    (2): Linear(in_features=512, out_features=512, bias=True)
    (3): Linear(in_features=512, out_features=512, bias=True)
    (4): Linear(in_features=512, out_features=512, bias=True)
    (5): Linear(in_features=512, out_features=512, bias=True)
    (6): Linear(in_features=512, out_features=512, bias=True)
    (7): Linear(in_features=512, out_features=512, bias=True)
    (8): Linear(in_features=512, out_features=512, bias=True)
    (9): Linear(in_features=512, out_features=512, bias=True)
  )
  (lns): ModuleList(
    (0): LayerNorm((512,), eps=1e-05, elementwise_affine=True)
    (1): LayerNorm((512,), eps=1e-05, elementwise_affine=True)
    (2): LayerNorm((512,), eps=1e-05, elementwise_affine=True)
    (3): LayerNorm((512,), eps=1e-05, elementwise_affine=True)
    (4): LayerNorm((512,), eps=1e-05, elementwise_affine=True)
    (5): LayerNorm((512,), eps=1e-05, elementwise_affine=True)
    (6): LayerNorm((512,), eps=1e-05, elementwise_affine=True)
    (7): LayerNorm((512,), eps=1e-05, elementwise_affine=True)
    (8): LayerNorm((512,), eps=1e-05, elementwise_affine=True)
    (9): LayerNorm((512,), eps=1e-05, elementwise_affine=True)
  )
  (bns): ModuleList(
    (0): BatchNorm1d(512, eps=1e-05, momentum=0.1, affine=True, track_running_stats=True)
    (1): BatchNorm1d(512, eps=1e-05, momentum=0.1, affine=True, track_running_stats=True)
    (2): BatchNorm1d(512, eps=1e-05, momentum=0.1, affine=True, track_running_stats=True)
    (3): BatchNorm1d(512, eps=1e-05, momentum=0.1, affine=True, track_running_stats=True)
    (4): BatchNorm1d(512, eps=1e-05, momentum=0.1, affine=True, track_running_stats=True)
    (5): BatchNorm1d(512, eps=1e-05, momentum=0.1, affine=True, track_running_stats=True)
    (6): BatchNorm1d(512, eps=1e-05, momentum=0.1, affine=True, track_running_stats=True)
    (7): BatchNorm1d(512, eps=1e-05, momentum=0.1, affine=True, track_running_stats=True)
    (8): BatchNorm1d(512, eps=1e-05, momentum=0.1, affine=True, track_running_stats=True)
    (9): BatchNorm1d(512, eps=1e-05, momentum=0.1, affine=True, track_running_stats=True)
  )
  (lin_in): Linear(in_features=300, out_features=512, bias=True)
  (pred_local): Linear(in_features=512, out_features=18, bias=True)
)
Pre-training MLP for 500 epochs to generate co-occurrence matrix...
MLP pre-training complete. Penalty matrix frozen.
Epoch: 00, Loss: 3.3207, Train: 13.83%, Valid: 13.82%, Test: 13.82%, Best Valid: 13.82%, Best Test: 13.82%
Epoch: 100, Loss: 0.3034, Train: 95.03%, Valid: 80.97%, Test: 80.32%, Best Valid: 81.20%, Best Test: 80.55%
Epoch: 200, Loss: 0.0474, Train: 99.96%, Valid: 85.63%, Test: 85.02%, Best Valid: 85.63%, Best Test: 84.98%
Epoch: 300, Loss: 0.0295, Train: 99.98%, Valid: 87.31%, Test: 86.48%, Best Valid: 87.45%, Best Test: 86.45%
Epoch: 400, Loss: 0.0267, Train: 99.98%, Valid: 87.01%, Test: 86.67%, Best Valid: 87.45%, Best Test: 86.45%
Epoch: 500, Loss: 0.0221, Train: 99.96%, Valid: 87.27%, Test: 87.03%, Best Valid: 87.61%, Best Test: 86.96%
Epoch: 600, Loss: 0.0210, Train: 99.95%, Valid: 86.50%, Test: 86.71%, Best Valid: 87.87%, Best Test: 87.52%
Epoch: 700, Loss: 0.0219, Train: 99.95%, Valid: 87.10%, Test: 86.82%, Best Valid: 87.93%, Best Test: 87.58%
Epoch: 800, Loss: 0.0181, Train: 99.99%, Valid: 87.13%, Test: 87.79%, Best Valid: 87.93%, Best Test: 87.58%
Epoch: 900, Loss: 0.0190, Train: 99.96%, Valid: 87.10%, Test: 86.97%, Best Valid: 88.03%, Best Test: 87.35%
Run 01:
Highest Train: 100.00
Highest Valid: 88.03
Highest Test: 87.95
Chosen epoch: 805
Final Train: 100.00
Final Test: 87.35
Pre-training MLP for 500 epochs to generate co-occurrence matrix...
MLP pre-training complete. Penalty matrix frozen.
Epoch: 00, Loss: 3.2908, Train: 5.50%, Valid: 5.49%, Test: 5.49%, Best Valid: 5.49%, Best Test: 5.49%
Epoch: 100, Loss: 0.3642, Train: 93.49%, Valid: 82.40%, Test: 82.16%, Best Valid: 82.42%, Best Test: 82.05%
Epoch: 200, Loss: 0.0633, Train: 99.90%, Valid: 86.81%, Test: 86.20%, Best Valid: 86.92%, Best Test: 86.43%
Epoch: 300, Loss: 0.0321, Train: 99.98%, Valid: 87.89%, Test: 87.91%, Best Valid: 88.24%, Best Test: 87.98%
Epoch: 400, Loss: 0.0249, Train: 99.98%, Valid: 87.64%, Test: 88.60%, Best Valid: 88.88%, Best Test: 88.37%
Epoch: 500, Loss: 0.0220, Train: 99.99%, Valid: 88.00%, Test: 88.05%, Best Valid: 88.88%, Best Test: 88.37%
Epoch: 600, Loss: 0.0207, Train: 99.98%, Valid: 88.05%, Test: 88.03%, Best Valid: 89.32%, Best Test: 88.44%
Epoch: 700, Loss: 0.0227, Train: 99.99%, Valid: 88.37%, Test: 88.40%, Best Valid: 89.32%, Best Test: 88.44%
Epoch: 800, Loss: 0.0204, Train: 99.98%, Valid: 87.94%, Test: 88.05%, Best Valid: 89.36%, Best Test: 89.11%
Epoch: 900, Loss: 0.0221, Train: 99.99%, Valid: 88.67%, Test: 88.58%, Best Valid: 89.36%, Best Test: 89.11%
Run 02:
Highest Train: 100.00
Highest Valid: 89.36
Highest Test: 89.11
Chosen epoch: 758
Final Train: 100.00
Final Test: 89.11
Pre-training MLP for 500 epochs to generate co-occurrence matrix...
MLP pre-training complete. Penalty matrix frozen.
Epoch: 00, Loss: 3.3030, Train: 13.95%, Valid: 13.96%, Test: 13.96%, Best Valid: 13.96%, Best Test: 13.96%
Epoch: 100, Loss: 0.3772, Train: 92.27%, Valid: 80.39%, Test: 81.52%, Best Valid: 80.72%, Best Test: 81.42%
Epoch: 200, Loss: 0.0634, Train: 99.85%, Valid: 85.61%, Test: 86.53%, Best Valid: 86.00%, Best Test: 87.06%
Epoch: 300, Loss: 0.0314, Train: 99.97%, Valid: 86.14%, Test: 87.12%, Best Valid: 86.88%, Best Test: 87.66%
Epoch: 400, Loss: 0.0222, Train: 100.00%, Valid: 86.85%, Test: 87.47%, Best Valid: 87.36%, Best Test: 88.10%
Epoch: 500, Loss: 0.0228, Train: 99.97%, Valid: 87.01%, Test: 87.88%, Best Valid: 88.17%, Best Test: 88.23%
Epoch: 600, Loss: 0.0198, Train: 100.00%, Valid: 87.33%, Test: 88.44%, Best Valid: 88.17%, Best Test: 88.23%
Epoch: 700, Loss: 0.0197, Train: 99.98%, Valid: 87.31%, Test: 88.14%, Best Valid: 88.17%, Best Test: 88.23%
Epoch: 800, Loss: 0.0242, Train: 99.96%, Valid: 87.43%, Test: 87.75%, Best Valid: 88.17%, Best Test: 88.23%
Epoch: 900, Loss: 0.0131, Train: 99.98%, Valid: 87.22%, Test: 87.91%, Best Valid: 88.17%, Best Test: 88.23%
Run 03:
Highest Train: 100.00
Highest Valid: 88.21
Highest Test: 89.00
Chosen epoch: 981
Final Train: 100.00
Final Test: 88.40
Pre-training MLP for 500 epochs to generate co-occurrence matrix...
MLP pre-training complete. Penalty matrix frozen.
Epoch: 00, Loss: 3.2667, Train: 13.82%, Valid: 13.82%, Test: 13.84%, Best Valid: 13.82%, Best Test: 13.84%
Epoch: 100, Loss: 0.3404, Train: 93.25%, Valid: 81.24%, Test: 80.53%, Best Valid: 81.24%, Best Test: 80.53%
Epoch: 200, Loss: 0.0521, Train: 99.80%, Valid: 86.04%, Test: 85.77%, Best Valid: 86.04%, Best Test: 85.77%
Epoch: 300, Loss: 0.0304, Train: 99.97%, Valid: 86.99%, Test: 86.80%, Best Valid: 87.43%, Best Test: 87.20%
Epoch: 400, Loss: 0.0274, Train: 100.00%, Valid: 87.71%, Test: 87.80%, Best Valid: 88.16%, Best Test: 87.98%
Epoch: 500, Loss: 0.0210, Train: 99.98%, Valid: 87.75%, Test: 87.17%, Best Valid: 88.28%, Best Test: 88.05%
Epoch: 600, Loss: 0.0222, Train: 99.99%, Valid: 88.19%, Test: 88.00%, Best Valid: 88.60%, Best Test: 88.23%
Epoch: 700, Loss: 0.0234, Train: 100.00%, Valid: 87.98%, Test: 87.88%, Best Valid: 88.74%, Best Test: 87.93%
Epoch: 800, Loss: 0.0177, Train: 100.00%, Valid: 88.33%, Test: 88.07%, Best Valid: 88.74%, Best Test: 87.93%
Epoch: 900, Loss: 0.0187, Train: 100.00%, Valid: 89.07%, Test: 87.93%, Best Valid: 89.09%, Best Test: 88.14%
Run 04:
Highest Train: 100.00
Highest Valid: 89.09
Highest Test: 88.65
Chosen epoch: 899
Final Train: 100.00
Final Test: 88.14
Pre-training MLP for 500 epochs to generate co-occurrence matrix...
MLP pre-training complete. Penalty matrix frozen.
Epoch: 00, Loss: 3.2866, Train: 13.79%, Valid: 13.86%, Test: 13.77%, Best Valid: 13.86%, Best Test: 13.77%
Epoch: 100, Loss: 0.3097, Train: 93.34%, Valid: 81.22%, Test: 80.04%, Best Valid: 81.22%, Best Test: 80.04%
Epoch: 200, Loss: 0.0523, Train: 99.93%, Valid: 85.61%, Test: 86.00%, Best Valid: 86.02%, Best Test: 85.86%
Epoch: 300, Loss: 0.0309, Train: 99.98%, Valid: 86.16%, Test: 86.20%, Best Valid: 86.64%, Best Test: 86.32%
Epoch: 400, Loss: 0.0250, Train: 99.98%, Valid: 86.97%, Test: 86.89%, Best Valid: 87.63%, Best Test: 87.50%
Epoch: 500, Loss: 0.0252, Train: 99.97%, Valid: 86.67%, Test: 87.12%, Best Valid: 87.63%, Best Test: 87.50%
Epoch: 600, Loss: 0.0184, Train: 100.00%, Valid: 87.52%, Test: 87.29%, Best Valid: 87.96%, Best Test: 87.50%
Epoch: 700, Loss: 0.0183, Train: 99.99%, Valid: 87.04%, Test: 87.10%, Best Valid: 87.96%, Best Test: 87.50%
Epoch: 800, Loss: 0.0151, Train: 99.99%, Valid: 86.90%, Test: 87.26%, Best Valid: 87.96%, Best Test: 87.50%
Epoch: 900, Loss: 0.0179, Train: 100.00%, Valid: 86.90%, Test: 86.90%, Best Valid: 87.96%, Best Test: 87.50%
Run 05:
Highest Train: 100.00
Highest Valid: 87.96
Highest Test: 88.10
Chosen epoch: 568
Final Train: 99.99
Final Test: 87.50
All runs:
Highest Train: 100.00 ± 0.00
Highest Test: 88.56 ± 0.52
Highest Valid: 88.53 ± 0.65
  Final Train: 100.00 ± 0.00
   Final Test: 88.10 ± 0.71
Saving results to results/mlp_gnn/roman-empire/MPNN_gat.csv

Running with MLP-GNN Regularization (lambda=0.2)...
Namespace(bn=True, cpu=False, data_dir='./data/', dataset='roman-empire', device=0, display_step=100, dropout=0.3, epochs=1000, gnn='gat', hidden_channels=512, jk=False, label_num_per_class=20, lambda_val=0.2, ln=False, local_layers=10, lr=0.001, metric='acc', mlp_epochs=500, mlp_reg=True, model='MPNN', model_dir='./model/', num_heads=1, oracle_reg=False, pre_linear=False, pre_ln=False, rand_split=False, rand_split_class=False, reg_start_epoch=10, reg_update_freq=5, res=True, result_dir='results/mlp_gnn', runs=5, save_model=False, seed=42, test_num=1000, train_prop=0.5, use_reg=True, valid_num=500, valid_prop=0.25, weight_decay=0.0005)
roman-empire
dataset roman-empire | num nodes 22662 | num edge 32927 | num node feats 300 | num classes 18
MODEL: MPNNs(
  (h_lins): ModuleList()
  (local_convs): ModuleList(
    (0): GATConv(300, 512, heads=1)
    (1): GATConv(512, 512, heads=1)
    (2): GATConv(512, 512, heads=1)
    (3): GATConv(512, 512, heads=1)
    (4): GATConv(512, 512, heads=1)
    (5): GATConv(512, 512, heads=1)
    (6): GATConv(512, 512, heads=1)
    (7): GATConv(512, 512, heads=1)
    (8): GATConv(512, 512, heads=1)
    (9): GATConv(512, 512, heads=1)
  )
  (lins): ModuleList(
    (0): Linear(in_features=300, out_features=512, bias=True)
    (1): Linear(in_features=512, out_features=512, bias=True)
    (2): Linear(in_features=512, out_features=512, bias=True)
    (3): Linear(in_features=512, out_features=512, bias=True)
    (4): Linear(in_features=512, out_features=512, bias=True)
    (5): Linear(in_features=512, out_features=512, bias=True)
    (6): Linear(in_features=512, out_features=512, bias=True)
    (7): Linear(in_features=512, out_features=512, bias=True)
    (8): Linear(in_features=512, out_features=512, bias=True)
    (9): Linear(in_features=512, out_features=512, bias=True)
  )
  (lns): ModuleList(
    (0): LayerNorm((512,), eps=1e-05, elementwise_affine=True)
    (1): LayerNorm((512,), eps=1e-05, elementwise_affine=True)
    (2): LayerNorm((512,), eps=1e-05, elementwise_affine=True)
    (3): LayerNorm((512,), eps=1e-05, elementwise_affine=True)
    (4): LayerNorm((512,), eps=1e-05, elementwise_affine=True)
    (5): LayerNorm((512,), eps=1e-05, elementwise_affine=True)
    (6): LayerNorm((512,), eps=1e-05, elementwise_affine=True)
    (7): LayerNorm((512,), eps=1e-05, elementwise_affine=True)
    (8): LayerNorm((512,), eps=1e-05, elementwise_affine=True)
    (9): LayerNorm((512,), eps=1e-05, elementwise_affine=True)
  )
  (bns): ModuleList(
    (0): BatchNorm1d(512, eps=1e-05, momentum=0.1, affine=True, track_running_stats=True)
    (1): BatchNorm1d(512, eps=1e-05, momentum=0.1, affine=True, track_running_stats=True)
    (2): BatchNorm1d(512, eps=1e-05, momentum=0.1, affine=True, track_running_stats=True)
    (3): BatchNorm1d(512, eps=1e-05, momentum=0.1, affine=True, track_running_stats=True)
    (4): BatchNorm1d(512, eps=1e-05, momentum=0.1, affine=True, track_running_stats=True)
    (5): BatchNorm1d(512, eps=1e-05, momentum=0.1, affine=True, track_running_stats=True)
    (6): BatchNorm1d(512, eps=1e-05, momentum=0.1, affine=True, track_running_stats=True)
    (7): BatchNorm1d(512, eps=1e-05, momentum=0.1, affine=True, track_running_stats=True)
    (8): BatchNorm1d(512, eps=1e-05, momentum=0.1, affine=True, track_running_stats=True)
    (9): BatchNorm1d(512, eps=1e-05, momentum=0.1, affine=True, track_running_stats=True)
  )
  (lin_in): Linear(in_features=300, out_features=512, bias=True)
  (pred_local): Linear(in_features=512, out_features=18, bias=True)
)
Pre-training MLP for 500 epochs to generate co-occurrence matrix...
MLP pre-training complete. Penalty matrix frozen.
Epoch: 00, Loss: 3.6226, Train: 13.83%, Valid: 13.82%, Test: 13.82%, Best Valid: 13.82%, Best Test: 13.82%
Epoch: 100, Loss: 0.3528, Train: 94.56%, Valid: 80.99%, Test: 80.76%, Best Valid: 81.20%, Best Test: 80.46%
Epoch: 200, Loss: 0.0610, Train: 99.93%, Valid: 85.42%, Test: 84.82%, Best Valid: 85.42%, Best Test: 84.82%
Epoch: 300, Loss: 0.0310, Train: 99.96%, Valid: 86.57%, Test: 85.95%, Best Valid: 86.76%, Best Test: 86.25%
Epoch: 400, Loss: 0.0312, Train: 99.96%, Valid: 86.07%, Test: 86.20%, Best Valid: 87.26%, Best Test: 86.78%
Epoch: 500, Loss: 0.0216, Train: 100.00%, Valid: 87.41%, Test: 86.80%, Best Valid: 87.70%, Best Test: 86.57%
Epoch: 600, Loss: 0.0201, Train: 99.96%, Valid: 87.41%, Test: 87.49%, Best Valid: 88.07%, Best Test: 87.31%
Epoch: 700, Loss: 0.0241, Train: 99.98%, Valid: 87.66%, Test: 87.13%, Best Valid: 88.07%, Best Test: 87.31%
Epoch: 800, Loss: 0.0172, Train: 99.99%, Valid: 87.57%, Test: 87.31%, Best Valid: 88.28%, Best Test: 87.08%
Epoch: 900, Loss: 0.0211, Train: 100.00%, Valid: 86.78%, Test: 87.08%, Best Valid: 88.28%, Best Test: 87.08%
Run 01:
Highest Train: 100.00
Highest Valid: 88.28
Highest Test: 87.89
Chosen epoch: 797
Final Train: 99.96
Final Test: 87.08
Pre-training MLP for 500 epochs to generate co-occurrence matrix...
MLP pre-training complete. Penalty matrix frozen.
Epoch: 00, Loss: 3.5899, Train: 5.49%, Valid: 5.49%, Test: 5.49%, Best Valid: 5.49%, Best Test: 5.49%
Epoch: 100, Loss: 0.4197, Train: 92.75%, Valid: 82.05%, Test: 81.49%, Best Valid: 82.05%, Best Test: 81.49%
Epoch: 200, Loss: 0.0753, Train: 99.83%, Valid: 86.18%, Test: 85.86%, Best Valid: 86.81%, Best Test: 87.12%
Epoch: 300, Loss: 0.0342, Train: 99.94%, Valid: 87.59%, Test: 87.38%, Best Valid: 88.05%, Best Test: 87.54%
Epoch: 400, Loss: 0.0301, Train: 99.97%, Valid: 88.03%, Test: 88.16%, Best Valid: 88.31%, Best Test: 87.95%
Epoch: 500, Loss: 0.0274, Train: 100.00%, Valid: 87.94%, Test: 88.49%, Best Valid: 88.65%, Best Test: 88.60%
Epoch: 600, Loss: 0.0197, Train: 99.99%, Valid: 88.08%, Test: 88.48%, Best Valid: 88.83%, Best Test: 88.26%
Epoch: 700, Loss: 0.0236, Train: 99.96%, Valid: 87.40%, Test: 87.88%, Best Valid: 88.83%, Best Test: 88.26%
Epoch: 800, Loss: 0.0212, Train: 99.99%, Valid: 88.44%, Test: 88.19%, Best Valid: 88.93%, Best Test: 88.93%
Epoch: 900, Loss: 0.0178, Train: 100.00%, Valid: 88.67%, Test: 88.65%, Best Valid: 89.16%, Best Test: 88.70%
Run 02:
Highest Train: 100.00
Highest Valid: 89.16
Highest Test: 89.15
Chosen epoch: 832
Final Train: 99.99
Final Test: 88.70
Pre-training MLP for 500 epochs to generate co-occurrence matrix...
MLP pre-training complete. Penalty matrix frozen.
Epoch: 00, Loss: 3.6033, Train: 13.95%, Valid: 13.96%, Test: 13.96%, Best Valid: 13.96%, Best Test: 13.96%
Epoch: 100, Loss: 0.4048, Train: 91.48%, Valid: 79.95%, Test: 80.43%, Best Valid: 80.39%, Best Test: 80.85%
Epoch: 200, Loss: 0.0642, Train: 99.92%, Valid: 85.58%, Test: 86.32%, Best Valid: 85.97%, Best Test: 86.29%
Epoch: 300, Loss: 0.0331, Train: 99.98%, Valid: 86.09%, Test: 86.85%, Best Valid: 87.08%, Best Test: 87.31%
Epoch: 400, Loss: 0.0262, Train: 100.00%, Valid: 86.87%, Test: 87.84%, Best Valid: 87.56%, Best Test: 87.79%
Epoch: 500, Loss: 0.0240, Train: 99.99%, Valid: 87.15%, Test: 87.58%, Best Valid: 87.56%, Best Test: 87.79%
Epoch: 600, Loss: 0.0251, Train: 99.98%, Valid: 86.51%, Test: 87.33%, Best Valid: 87.75%, Best Test: 88.37%
Epoch: 700, Loss: 0.0208, Train: 100.00%, Valid: 87.75%, Test: 88.44%, Best Valid: 87.91%, Best Test: 88.28%
Epoch: 800, Loss: 0.0367, Train: 99.95%, Valid: 86.94%, Test: 87.82%, Best Valid: 87.91%, Best Test: 88.28%
Epoch: 900, Loss: 0.0195, Train: 99.96%, Valid: 87.08%, Test: 87.77%, Best Valid: 87.91%, Best Test: 88.28%
Run 03:
Highest Train: 100.00
Highest Valid: 87.91
Highest Test: 88.74
Chosen epoch: 665
Final Train: 99.99
Final Test: 88.28
Pre-training MLP for 500 epochs to generate co-occurrence matrix...
MLP pre-training complete. Penalty matrix frozen.
Epoch: 00, Loss: 3.5637, Train: 13.82%, Valid: 13.82%, Test: 13.84%, Best Valid: 13.82%, Best Test: 13.84%
Epoch: 100, Loss: 0.3643, Train: 93.71%, Valid: 80.97%, Test: 80.82%, Best Valid: 80.97%, Best Test: 80.82%
Epoch: 200, Loss: 0.0582, Train: 99.86%, Valid: 85.84%, Test: 85.14%, Best Valid: 86.48%, Best Test: 85.74%
Epoch: 300, Loss: 0.0363, Train: 99.99%, Valid: 87.31%, Test: 86.67%, Best Valid: 87.66%, Best Test: 86.85%
Epoch: 400, Loss: 0.0286, Train: 99.99%, Valid: 87.61%, Test: 86.34%, Best Valid: 87.93%, Best Test: 87.20%
Epoch: 500, Loss: 0.0234, Train: 99.95%, Valid: 87.64%, Test: 87.15%, Best Valid: 88.24%, Best Test: 87.73%
Epoch: 600, Loss: 0.0246, Train: 99.99%, Valid: 87.64%, Test: 87.50%, Best Valid: 88.84%, Best Test: 88.03%
Epoch: 700, Loss: 0.0158, Train: 99.95%, Valid: 87.45%, Test: 86.43%, Best Valid: 88.84%, Best Test: 88.03%
Epoch: 800, Loss: 0.0228, Train: 100.00%, Valid: 87.48%, Test: 86.90%, Best Valid: 88.95%, Best Test: 88.40%
Epoch: 900, Loss: 0.0186, Train: 100.00%, Valid: 88.35%, Test: 87.68%, Best Valid: 88.95%, Best Test: 88.40%
Run 04:
Highest Train: 100.00
Highest Valid: 88.95
Highest Test: 88.46
Chosen epoch: 782
Final Train: 100.00
Final Test: 88.40
Pre-training MLP for 500 epochs to generate co-occurrence matrix...
MLP pre-training complete. Penalty matrix frozen.
Epoch: 00, Loss: 3.5854, Train: 13.55%, Valid: 13.68%, Test: 13.59%, Best Valid: 13.68%, Best Test: 13.59%
Epoch: 100, Loss: 0.3645, Train: 93.71%, Valid: 81.68%, Test: 81.24%, Best Valid: 81.68%, Best Test: 81.24%
Epoch: 200, Loss: 0.0576, Train: 99.95%, Valid: 86.28%, Test: 86.22%, Best Valid: 86.73%, Best Test: 86.06%
Epoch: 300, Loss: 0.0329, Train: 99.97%, Valid: 86.81%, Test: 86.66%, Best Valid: 87.57%, Best Test: 87.03%
Epoch: 400, Loss: 0.0282, Train: 100.00%, Valid: 87.31%, Test: 86.66%, Best Valid: 87.93%, Best Test: 87.31%
Epoch: 500, Loss: 0.0225, Train: 99.98%, Valid: 87.98%, Test: 87.54%, Best Valid: 88.08%, Best Test: 87.65%
Epoch: 600, Loss: 0.0223, Train: 99.98%, Valid: 87.47%, Test: 87.59%, Best Valid: 88.19%, Best Test: 87.84%
Epoch: 700, Loss: 0.0188, Train: 100.00%, Valid: 87.94%, Test: 87.65%, Best Valid: 88.19%, Best Test: 87.84%
Epoch: 800, Loss: 0.0215, Train: 99.98%, Valid: 87.15%, Test: 87.61%, Best Valid: 88.19%, Best Test: 87.84%
Epoch: 900, Loss: 0.0268, Train: 99.99%, Valid: 87.29%, Test: 87.13%, Best Valid: 88.31%, Best Test: 87.56%
Run 05:
Highest Train: 100.00
Highest Valid: 88.31
Highest Test: 88.32
Chosen epoch: 813
Final Train: 99.99
Final Test: 87.56
All runs:
Highest Train: 100.00 ± 0.00
Highest Test: 88.51 ± 0.47
Highest Valid: 88.52 ± 0.52
  Final Train: 99.99 ± 0.02
   Final Test: 88.01 ± 0.67
Saving results to results/mlp_gnn/roman-empire/MPNN_gat.csv

Running with MLP-GNN Regularization (lambda=0.4)...
Namespace(bn=True, cpu=False, data_dir='./data/', dataset='roman-empire', device=0, display_step=100, dropout=0.3, epochs=1000, gnn='gat', hidden_channels=512, jk=False, label_num_per_class=20, lambda_val=0.4, ln=False, local_layers=10, lr=0.001, metric='acc', mlp_epochs=500, mlp_reg=True, model='MPNN', model_dir='./model/', num_heads=1, oracle_reg=False, pre_linear=False, pre_ln=False, rand_split=False, rand_split_class=False, reg_start_epoch=10, reg_update_freq=5, res=True, result_dir='results/mlp_gnn', runs=5, save_model=False, seed=42, test_num=1000, train_prop=0.5, use_reg=True, valid_num=500, valid_prop=0.25, weight_decay=0.0005)
roman-empire
dataset roman-empire | num nodes 22662 | num edge 32927 | num node feats 300 | num classes 18
MODEL: MPNNs(
  (h_lins): ModuleList()
  (local_convs): ModuleList(
    (0): GATConv(300, 512, heads=1)
    (1): GATConv(512, 512, heads=1)
    (2): GATConv(512, 512, heads=1)
    (3): GATConv(512, 512, heads=1)
    (4): GATConv(512, 512, heads=1)
    (5): GATConv(512, 512, heads=1)
    (6): GATConv(512, 512, heads=1)
    (7): GATConv(512, 512, heads=1)
    (8): GATConv(512, 512, heads=1)
    (9): GATConv(512, 512, heads=1)
  )
  (lins): ModuleList(
    (0): Linear(in_features=300, out_features=512, bias=True)
    (1): Linear(in_features=512, out_features=512, bias=True)
    (2): Linear(in_features=512, out_features=512, bias=True)
    (3): Linear(in_features=512, out_features=512, bias=True)
    (4): Linear(in_features=512, out_features=512, bias=True)
    (5): Linear(in_features=512, out_features=512, bias=True)
    (6): Linear(in_features=512, out_features=512, bias=True)
    (7): Linear(in_features=512, out_features=512, bias=True)
    (8): Linear(in_features=512, out_features=512, bias=True)
    (9): Linear(in_features=512, out_features=512, bias=True)
  )
  (lns): ModuleList(
    (0): LayerNorm((512,), eps=1e-05, elementwise_affine=True)
    (1): LayerNorm((512,), eps=1e-05, elementwise_affine=True)
    (2): LayerNorm((512,), eps=1e-05, elementwise_affine=True)
    (3): LayerNorm((512,), eps=1e-05, elementwise_affine=True)
    (4): LayerNorm((512,), eps=1e-05, elementwise_affine=True)
    (5): LayerNorm((512,), eps=1e-05, elementwise_affine=True)
    (6): LayerNorm((512,), eps=1e-05, elementwise_affine=True)
    (7): LayerNorm((512,), eps=1e-05, elementwise_affine=True)
    (8): LayerNorm((512,), eps=1e-05, elementwise_affine=True)
    (9): LayerNorm((512,), eps=1e-05, elementwise_affine=True)
  )
  (bns): ModuleList(
    (0): BatchNorm1d(512, eps=1e-05, momentum=0.1, affine=True, track_running_stats=True)
    (1): BatchNorm1d(512, eps=1e-05, momentum=0.1, affine=True, track_running_stats=True)
    (2): BatchNorm1d(512, eps=1e-05, momentum=0.1, affine=True, track_running_stats=True)
    (3): BatchNorm1d(512, eps=1e-05, momentum=0.1, affine=True, track_running_stats=True)
    (4): BatchNorm1d(512, eps=1e-05, momentum=0.1, affine=True, track_running_stats=True)
    (5): BatchNorm1d(512, eps=1e-05, momentum=0.1, affine=True, track_running_stats=True)
    (6): BatchNorm1d(512, eps=1e-05, momentum=0.1, affine=True, track_running_stats=True)
    (7): BatchNorm1d(512, eps=1e-05, momentum=0.1, affine=True, track_running_stats=True)
    (8): BatchNorm1d(512, eps=1e-05, momentum=0.1, affine=True, track_running_stats=True)
    (9): BatchNorm1d(512, eps=1e-05, momentum=0.1, affine=True, track_running_stats=True)
  )
  (lin_in): Linear(in_features=300, out_features=512, bias=True)
  (pred_local): Linear(in_features=512, out_features=18, bias=True)
)
Pre-training MLP for 500 epochs to generate co-occurrence matrix...
MLP pre-training complete. Penalty matrix frozen.
Epoch: 00, Loss: 4.2264, Train: 13.83%, Valid: 13.82%, Test: 13.82%, Best Valid: 13.82%, Best Test: 13.82%
Epoch: 100, Loss: 0.3945, Train: 94.86%, Valid: 80.34%, Test: 80.02%, Best Valid: 80.53%, Best Test: 80.29%
Epoch: 200, Loss: 0.0695, Train: 99.95%, Valid: 85.61%, Test: 84.87%, Best Valid: 85.72%, Best Test: 84.79%
Epoch: 300, Loss: 0.0364, Train: 99.99%, Valid: 86.32%, Test: 86.20%, Best Valid: 86.71%, Best Test: 85.90%
Epoch: 400, Loss: 0.0317, Train: 99.91%, Valid: 86.74%, Test: 85.88%, Best Valid: 87.29%, Best Test: 86.45%
Epoch: 500, Loss: 0.0243, Train: 100.00%, Valid: 87.56%, Test: 87.17%, Best Valid: 87.82%, Best Test: 86.90%
Epoch: 600, Loss: 0.0267, Train: 99.97%, Valid: 86.41%, Test: 86.62%, Best Valid: 87.82%, Best Test: 86.90%
Epoch: 700, Loss: 0.0225, Train: 99.99%, Valid: 87.54%, Test: 87.20%, Best Valid: 87.93%, Best Test: 87.20%
Epoch: 800, Loss: 0.0293, Train: 100.00%, Valid: 87.59%, Test: 87.29%, Best Valid: 88.40%, Best Test: 87.08%
Epoch: 900, Loss: 0.0210, Train: 99.96%, Valid: 87.47%, Test: 87.31%, Best Valid: 88.40%, Best Test: 87.08%
Run 01:
Highest Train: 100.00
Highest Valid: 88.40
Highest Test: 87.89
Chosen epoch: 777
Final Train: 99.98
Final Test: 87.08
Pre-training MLP for 500 epochs to generate co-occurrence matrix...
MLP pre-training complete. Penalty matrix frozen.
Epoch: 00, Loss: 4.1883, Train: 5.49%, Valid: 5.49%, Test: 5.49%, Best Valid: 5.49%, Best Test: 5.49%
Epoch: 100, Loss: 0.4749, Train: 92.92%, Valid: 82.29%, Test: 81.43%, Best Valid: 82.38%, Best Test: 81.84%
Epoch: 200, Loss: 0.0793, Train: 99.88%, Valid: 86.67%, Test: 86.59%, Best Valid: 87.08%, Best Test: 86.50%
Epoch: 300, Loss: 0.0380, Train: 99.98%, Valid: 87.77%, Test: 88.05%, Best Valid: 87.94%, Best Test: 87.66%
Epoch: 400, Loss: 0.0366, Train: 99.96%, Valid: 87.52%, Test: 87.73%, Best Valid: 88.72%, Best Test: 87.86%
Epoch: 500, Loss: 0.0316, Train: 99.99%, Valid: 88.30%, Test: 88.63%, Best Valid: 88.83%, Best Test: 88.07%
Epoch: 600, Loss: 0.0221, Train: 100.00%, Valid: 88.42%, Test: 89.04%, Best Valid: 89.00%, Best Test: 88.48%
Epoch: 700, Loss: 0.0212, Train: 99.99%, Valid: 88.54%, Test: 88.46%, Best Valid: 89.30%, Best Test: 88.53%
Epoch: 800, Loss: 0.0249, Train: 99.99%, Valid: 88.72%, Test: 88.79%, Best Valid: 89.34%, Best Test: 88.48%
Epoch: 900, Loss: 0.0251, Train: 99.98%, Valid: 88.68%, Test: 88.07%, Best Valid: 89.34%, Best Test: 88.48%
Run 02:
Highest Train: 100.00
Highest Valid: 89.34
Highest Test: 89.13
Chosen epoch: 788
Final Train: 99.99
Final Test: 88.48
Pre-training MLP for 500 epochs to generate co-occurrence matrix...
MLP pre-training complete. Penalty matrix frozen.
Epoch: 00, Loss: 4.2038, Train: 13.95%, Valid: 13.96%, Test: 13.96%, Best Valid: 13.96%, Best Test: 13.96%
Epoch: 100, Loss: 0.5902, Train: 87.16%, Valid: 77.71%, Test: 77.52%, Best Valid: 77.71%, Best Test: 77.52%
Epoch: 200, Loss: 0.0986, Train: 99.62%, Valid: 85.33%, Test: 86.52%, Best Valid: 85.33%, Best Test: 86.52%
Epoch: 300, Loss: 0.0446, Train: 99.96%, Valid: 86.04%, Test: 87.27%, Best Valid: 86.83%, Best Test: 87.63%
Epoch: 400, Loss: 0.0334, Train: 99.98%, Valid: 86.21%, Test: 87.29%, Best Valid: 87.48%, Best Test: 87.80%
Epoch: 500, Loss: 0.0298, Train: 100.00%, Valid: 86.97%, Test: 87.63%, Best Valid: 87.48%, Best Test: 87.80%
Epoch: 600, Loss: 0.0243, Train: 100.00%, Valid: 86.71%, Test: 87.47%, Best Valid: 87.48%, Best Test: 87.80%
Epoch: 700, Loss: 0.0232, Train: 99.99%, Valid: 87.27%, Test: 88.09%, Best Valid: 87.52%, Best Test: 88.12%
Epoch: 800, Loss: 0.0269, Train: 99.98%, Valid: 86.67%, Test: 87.59%, Best Valid: 87.57%, Best Test: 88.12%
Epoch: 900, Loss: 0.0262, Train: 99.93%, Valid: 86.81%, Test: 88.05%, Best Valid: 87.82%, Best Test: 88.53%
Run 03:
Highest Train: 100.00
Highest Valid: 87.82
Highest Test: 88.76
Chosen epoch: 838
Final Train: 100.00
Final Test: 88.53
Pre-training MLP for 500 epochs to generate co-occurrence matrix...
MLP pre-training complete. Penalty matrix frozen.
Epoch: 00, Loss: 4.1577, Train: 13.82%, Valid: 13.82%, Test: 13.84%, Best Valid: 13.82%, Best Test: 13.84%
Epoch: 100, Loss: 0.4329, Train: 93.16%, Valid: 80.48%, Test: 79.21%, Best Valid: 80.48%, Best Test: 79.21%
Epoch: 200, Loss: 0.0639, Train: 99.89%, Valid: 85.88%, Test: 84.57%, Best Valid: 86.14%, Best Test: 84.89%
Epoch: 300, Loss: 0.0390, Train: 99.98%, Valid: 86.48%, Test: 86.43%, Best Valid: 87.38%, Best Test: 86.57%
Epoch: 400, Loss: 0.0286, Train: 99.98%, Valid: 87.66%, Test: 86.85%, Best Valid: 87.68%, Best Test: 86.90%
Epoch: 500, Loss: 0.0268, Train: 99.98%, Valid: 87.38%, Test: 86.97%, Best Valid: 88.31%, Best Test: 87.63%
Epoch: 600, Loss: 0.0351, Train: 99.98%, Valid: 87.93%, Test: 87.61%, Best Valid: 88.31%, Best Test: 87.63%
Epoch: 700, Loss: 0.0215, Train: 100.00%, Valid: 87.24%, Test: 86.60%, Best Valid: 88.31%, Best Test: 87.63%
Epoch: 800, Loss: 0.0259, Train: 100.00%, Valid: 87.86%, Test: 87.43%, Best Valid: 88.47%, Best Test: 87.54%
Epoch: 900, Loss: 0.0260, Train: 100.00%, Valid: 87.98%, Test: 87.54%, Best Valid: 88.47%, Best Test: 87.54%
Run 04:
Highest Train: 100.00
Highest Valid: 88.47
Highest Test: 88.19
Chosen epoch: 747
Final Train: 100.00
Final Test: 87.54
Pre-training MLP for 500 epochs to generate co-occurrence matrix...
MLP pre-training complete. Penalty matrix frozen.
Epoch: 00, Loss: 4.1829, Train: 13.41%, Valid: 13.66%, Test: 13.52%, Best Valid: 13.66%, Best Test: 13.52%
Epoch: 100, Loss: 0.3973, Train: 94.32%, Valid: 80.90%, Test: 80.97%, Best Valid: 80.90%, Best Test: 80.97%
Epoch: 200, Loss: 0.0645, Train: 99.94%, Valid: 85.81%, Test: 85.33%, Best Valid: 86.00%, Best Test: 86.18%
Epoch: 300, Loss: 0.0342, Train: 99.99%, Valid: 86.39%, Test: 86.20%, Best Valid: 86.99%, Best Test: 86.60%
Epoch: 400, Loss: 0.0334, Train: 99.98%, Valid: 87.10%, Test: 86.82%, Best Valid: 87.52%, Best Test: 87.29%
Epoch: 500, Loss: 0.0280, Train: 99.99%, Valid: 87.03%, Test: 87.15%, Best Valid: 87.86%, Best Test: 87.65%
Epoch: 600, Loss: 0.0291, Train: 99.97%, Valid: 87.24%, Test: 87.31%, Best Valid: 87.86%, Best Test: 87.65%
Epoch: 700, Loss: 0.0269, Train: 99.99%, Valid: 87.33%, Test: 87.31%, Best Valid: 87.98%, Best Test: 87.47%
Epoch: 800, Loss: 0.0212, Train: 99.97%, Valid: 87.64%, Test: 87.20%, Best Valid: 87.98%, Best Test: 87.47%
Epoch: 900, Loss: 0.0231, Train: 100.00%, Valid: 87.04%, Test: 86.73%, Best Valid: 88.26%, Best Test: 87.95%
Run 05:
Highest Train: 100.00
Highest Valid: 88.26
Highest Test: 88.05
Chosen epoch: 807
Final Train: 99.85
Final Test: 87.95
All runs:
Highest Train: 100.00 ± 0.00
Highest Test: 88.40 ± 0.52
Highest Valid: 88.46 ± 0.55
  Final Train: 99.96 ± 0.06
   Final Test: 87.91 ± 0.62
Saving results to results/mlp_gnn/roman-empire/MPNN_gat.csv

GNN sweep completed!
==========================================================
Task 1 completed at: Tue Apr 28 08:02:52 PM EDT 2026
==========================================================
