==========================================================
roman-empire / GAT rerun | Task 1
Job: 1013330 | Date: Tue Apr 28 04:18:22 PM EDT 2026 | Host: n0002
==========================================================
Tue Apr 28 16:18:26 2026       
+-----------------------------------------------------------------------------------------+
| NVIDIA-SMI 570.211.01             Driver Version: 570.211.01     CUDA Version: 12.8     |
|-----------------------------------------+------------------------+----------------------+
| GPU  Name                 Persistence-M | Bus-Id          Disp.A | Volatile Uncorr. ECC |
| Fan  Temp   Perf          Pwr:Usage/Cap |           Memory-Usage | GPU-Util  Compute M. |
|                                         |                        |               MIG M. |
|=========================================+========================+======================|
|   0  NVIDIA A100-SXM4-80GB          On  |   00000000:01:00.0 Off |                   On |
| N/A   43C    P0            199W /  500W |   11695MiB /  81920MiB |     N/A      Default |
|                                         |                        |              Enabled |
+-----------------------------------------+------------------------+----------------------+
|   1  NVIDIA A100-SXM4-80GB          On  |   00000000:41:00.0 Off |                   On |
| N/A   42C    P0            206W /  500W |   31209MiB /  81920MiB |     N/A      Default |
|                                         |                        |              Enabled |
+-----------------------------------------+------------------------+----------------------+
|   2  NVIDIA A100-SXM4-80GB          On  |   00000000:81:00.0 Off |                   On |
| N/A   42C    P0            142W /  500W |   20553MiB /  81920MiB |     N/A      Default |
|                                         |                        |              Enabled |
+-----------------------------------------+------------------------+----------------------+
|   3  NVIDIA A100-SXM4-80GB          On  |   00000000:C1:00.0 Off |                   On |
| N/A   29C    P0             86W /  500W |     765MiB /  81920MiB |     N/A      Default |
|                                         |                        |              Enabled |
+-----------------------------------------+------------------------+----------------------+

+-----------------------------------------------------------------------------------------+
| MIG devices:                                                                            |
+------------------+----------------------------------+-----------+-----------------------+
| GPU  GI  CI  MIG |                     Memory-Usage |        Vol|        Shared         |
|      ID  ID  Dev |                       BAR1-Usage | SM     Unc| CE ENC  DEC  OFA  JPG |
|                  |                                  |        ECC|                       |
|==================+==================================+===========+=======================|
|  2    9   0   0  |              27MiB /  9728MiB    | 14      0 |  1   0    0    0    0 |
|                  |                 0MiB / 16383MiB  |           |                       |
+------------------+----------------------------------+-----------+-----------------------+
                                                                                         
+-----------------------------------------------------------------------------------------+
| Processes:                                                                              |
|  GPU   GI   CI              PID   Type   Process name                        GPU Memory |
|        ID   ID                                                               Usage      |
|=========================================================================================|
|    0    1    0          3401451      C   python                                 6046MiB |
|    0   14    0          3403701      C   python                                 5454MiB |
|    1    2    0          3352786      C   ...hz54/envs/dist/bin/python3.10      20364MiB |
|    1    9    0          3369612      C   python                                 5192MiB |
|    1   10    0          3403506      C   python                                 5454MiB |
|    3    1    0          3402054      C   python                                  574MiB |
+-----------------------------------------------------------------------------------------+
1.12.1
True
NVIDIA A100-SXM4-80GB MIG 1g.10gb
==========================================================
Starting mlp_gnn GNN Sweep for:
python main.py --gnn gat --dataset roman-empire     --hidden_channels 512 --epochs 1000 --lr 0.001 --runs 5     --local_layers 10 --weight_decay 5e-4 --dropout 0.3     --bn --res --device 0
==========================================================
Running GNN Baseline (no reg)...
Namespace(bn=True, cpu=False, data_dir='./data/', dataset='roman-empire', device=0, display_step=100, dropout=0.3, epochs=1000, gnn='gat', hidden_channels=512, jk=False, label_num_per_class=20, lambda_val=0.5, ln=False, local_layers=10, lr=0.001, metric='acc', mlp_epochs=500, mlp_reg=False, model='MPNN', model_dir='./model/', num_heads=1, oracle_reg=False, pre_linear=False, pre_ln=False, rand_split=False, rand_split_class=False, reg_start_epoch=10, reg_update_freq=5, res=True, result_dir='results/mlp_gnn', runs=5, save_model=False, seed=42, test_num=1000, train_prop=0.5, use_reg=False, valid_num=500, valid_prop=0.25, weight_decay=0.0005)
roman-empire
dataset roman-empire | num nodes 22662 | num edge 32927 | num node feats 300 | num classes 18
MODEL: MPNNs(
  (h_lins): ModuleList()
  (local_convs): ModuleList(
    (0): GATConv(300, 512, heads=1)
    (1): GATConv(512, 512, heads=1)
    (2): GATConv(512, 512, heads=1)
    (3): GATConv(512, 512, heads=1)
    (4): GATConv(512, 512, heads=1)
    (5): GATConv(512, 512, heads=1)
    (6): GATConv(512, 512, heads=1)
    (7): GATConv(512, 512, heads=1)
    (8): GATConv(512, 512, heads=1)
    (9): GATConv(512, 512, heads=1)
  )
  (lins): ModuleList(
    (0): Linear(in_features=300, out_features=512, bias=True)
    (1): Linear(in_features=512, out_features=512, bias=True)
    (2): Linear(in_features=512, out_features=512, bias=True)
    (3): Linear(in_features=512, out_features=512, bias=True)
    (4): Linear(in_features=512, out_features=512, bias=True)
    (5): Linear(in_features=512, out_features=512, bias=True)
    (6): Linear(in_features=512, out_features=512, bias=True)
    (7): Linear(in_features=512, out_features=512, bias=True)
    (8): Linear(in_features=512, out_features=512, bias=True)
    (9): Linear(in_features=512, out_features=512, bias=True)
  )
  (lns): ModuleList(
    (0): LayerNorm((512,), eps=1e-05, elementwise_affine=True)
    (1): LayerNorm((512,), eps=1e-05, elementwise_affine=True)
    (2): LayerNorm((512,), eps=1e-05, elementwise_affine=True)
    (3): LayerNorm((512,), eps=1e-05, elementwise_affine=True)
    (4): LayerNorm((512,), eps=1e-05, elementwise_affine=True)
    (5): LayerNorm((512,), eps=1e-05, elementwise_affine=True)
    (6): LayerNorm((512,), eps=1e-05, elementwise_affine=True)
    (7): LayerNorm((512,), eps=1e-05, elementwise_affine=True)
    (8): LayerNorm((512,), eps=1e-05, elementwise_affine=True)
    (9): LayerNorm((512,), eps=1e-05, elementwise_affine=True)
  )
  (bns): ModuleList(
    (0): BatchNorm1d(512, eps=1e-05, momentum=0.1, affine=True, track_running_stats=True)
    (1): BatchNorm1d(512, eps=1e-05, momentum=0.1, affine=True, track_running_stats=True)
    (2): BatchNorm1d(512, eps=1e-05, momentum=0.1, affine=True, track_running_stats=True)
    (3): BatchNorm1d(512, eps=1e-05, momentum=0.1, affine=True, track_running_stats=True)
    (4): BatchNorm1d(512, eps=1e-05, momentum=0.1, affine=True, track_running_stats=True)
    (5): BatchNorm1d(512, eps=1e-05, momentum=0.1, affine=True, track_running_stats=True)
    (6): BatchNorm1d(512, eps=1e-05, momentum=0.1, affine=True, track_running_stats=True)
    (7): BatchNorm1d(512, eps=1e-05, momentum=0.1, affine=True, track_running_stats=True)
    (8): BatchNorm1d(512, eps=1e-05, momentum=0.1, affine=True, track_running_stats=True)
    (9): BatchNorm1d(512, eps=1e-05, momentum=0.1, affine=True, track_running_stats=True)
  )
  (lin_in): Linear(in_features=300, out_features=512, bias=True)
  (pred_local): Linear(in_features=512, out_features=18, bias=True)
)
Epoch: 00, Loss: 3.0176, Train: 13.83%, Valid: 13.82%, Test: 13.82%, Best Valid: 13.82%, Best Test: 13.82%
Epoch: 100, Loss: 0.2418, Train: 95.51%, Valid: 80.81%, Test: 80.55%, Best Valid: 80.81%, Best Test: 80.55%
Epoch: 200, Loss: 0.0420, Train: 99.89%, Valid: 85.63%, Test: 85.37%, Best Valid: 85.72%, Best Test: 85.02%
Epoch: 300, Loss: 0.0255, Train: 99.98%, Valid: 86.37%, Test: 86.52%, Best Valid: 86.81%, Best Test: 86.23%
Epoch: 400, Loss: 0.0166, Train: 99.97%, Valid: 87.17%, Test: 87.15%, Best Valid: 87.70%, Best Test: 86.73%
Epoch: 500, Loss: 0.0179, Train: 100.00%, Valid: 86.78%, Test: 86.55%, Best Valid: 87.70%, Best Test: 86.73%
Epoch: 600, Loss: 0.0190, Train: 99.98%, Valid: 87.27%, Test: 86.67%, Best Valid: 87.84%, Best Test: 86.83%
Epoch: 700, Loss: 0.0172, Train: 99.97%, Valid: 87.18%, Test: 86.85%, Best Valid: 87.84%, Best Test: 86.83%
Epoch: 800, Loss: 0.0192, Train: 100.00%, Valid: 87.36%, Test: 86.85%, Best Valid: 88.08%, Best Test: 87.24%
Epoch: 900, Loss: 0.0148, Train: 99.96%, Valid: 87.45%, Test: 87.27%, Best Valid: 88.12%, Best Test: 87.52%
Run 01:
Highest Train: 100.00
Highest Valid: 88.12
Highest Test: 88.10
Chosen epoch: 882
Final Train: 99.97
Final Test: 87.52
Epoch: 00, Loss: 2.9905, Train: 13.83%, Valid: 13.84%, Test: 13.84%, Best Valid: 13.84%, Best Test: 13.84%
Epoch: 100, Loss: 0.2520, Train: 95.67%, Valid: 81.22%, Test: 81.22%, Best Valid: 81.25%, Best Test: 81.22%
Epoch: 200, Loss: 0.0418, Train: 99.96%, Valid: 86.69%, Test: 86.02%, Best Valid: 86.81%, Best Test: 86.07%
Epoch: 300, Loss: 0.0304, Train: 99.98%, Valid: 87.48%, Test: 87.05%, Best Valid: 87.87%, Best Test: 87.03%
Epoch: 400, Loss: 0.0212, Train: 99.98%, Valid: 87.10%, Test: 87.58%, Best Valid: 88.46%, Best Test: 88.21%
Epoch: 500, Loss: 0.0241, Train: 99.97%, Valid: 87.98%, Test: 88.23%, Best Valid: 88.63%, Best Test: 88.02%
Epoch: 600, Loss: 0.0182, Train: 100.00%, Valid: 87.94%, Test: 88.14%, Best Valid: 88.81%, Best Test: 88.58%
Epoch: 700, Loss: 0.0174, Train: 99.99%, Valid: 88.63%, Test: 88.42%, Best Valid: 89.18%, Best Test: 88.67%
Epoch: 800, Loss: 0.0194, Train: 99.98%, Valid: 88.54%, Test: 88.35%, Best Valid: 89.18%, Best Test: 88.67%
Epoch: 900, Loss: 0.0188, Train: 100.00%, Valid: 88.31%, Test: 88.02%, Best Valid: 89.23%, Best Test: 88.62%
Run 02:
Highest Train: 100.00
Highest Valid: 89.23
Highest Test: 89.13
Chosen epoch: 863
Final Train: 100.00
Final Test: 88.62
Epoch: 00, Loss: 2.9880, Train: 5.99%, Valid: 6.00%, Test: 6.00%, Best Valid: 6.00%, Best Test: 6.00%
Epoch: 100, Loss: 0.3084, Train: 94.22%, Valid: 80.09%, Test: 80.66%, Best Valid: 80.09%, Best Test: 80.66%
Epoch: 200, Loss: 0.0554, Train: 99.82%, Valid: 84.59%, Test: 85.70%, Best Valid: 85.08%, Best Test: 85.56%
Epoch: 300, Loss: 0.0273, Train: 100.00%, Valid: 85.40%, Test: 86.32%, Best Valid: 86.14%, Best Test: 86.90%
Epoch: 400, Loss: 0.0262, Train: 99.97%, Valid: 86.65%, Test: 86.99%, Best Valid: 87.24%, Best Test: 87.20%
Epoch: 500, Loss: 0.0191, Train: 100.00%, Valid: 86.58%, Test: 87.49%, Best Valid: 87.24%, Best Test: 87.20%
Epoch: 600, Loss: 0.0240, Train: 99.96%, Valid: 86.44%, Test: 87.38%, Best Valid: 87.24%, Best Test: 87.20%
Epoch: 700, Loss: 0.0157, Train: 100.00%, Valid: 86.50%, Test: 87.15%, Best Valid: 87.33%, Best Test: 87.63%
Epoch: 800, Loss: 0.0179, Train: 99.97%, Valid: 86.55%, Test: 87.73%, Best Valid: 87.33%, Best Test: 87.63%
Epoch: 900, Loss: 0.0204, Train: 100.00%, Valid: 86.53%, Test: 87.36%, Best Valid: 87.33%, Best Test: 87.63%
Run 03:
Highest Train: 100.00
Highest Valid: 87.57
Highest Test: 88.40
Chosen epoch: 922
Final Train: 99.99
Final Test: 87.84
Epoch: 00, Loss: 2.9935, Train: 1.46%, Valid: 1.45%, Test: 1.45%, Best Valid: 1.45%, Best Test: 1.45%
Epoch: 100, Loss: 0.3324, Train: 93.52%, Valid: 82.38%, Test: 81.43%, Best Valid: 82.38%, Best Test: 81.43%
Epoch: 200, Loss: 0.0611, Train: 99.89%, Valid: 86.14%, Test: 86.30%, Best Valid: 86.51%, Best Test: 85.83%
Epoch: 300, Loss: 0.0312, Train: 99.98%, Valid: 87.50%, Test: 87.27%, Best Valid: 87.75%, Best Test: 87.38%
Epoch: 400, Loss: 0.0220, Train: 99.95%, Valid: 87.47%, Test: 87.27%, Best Valid: 88.21%, Best Test: 87.72%
Epoch: 500, Loss: 0.0242, Train: 99.99%, Valid: 88.08%, Test: 88.28%, Best Valid: 88.53%, Best Test: 87.89%
Epoch: 600, Loss: 0.0241, Train: 99.99%, Valid: 88.37%, Test: 87.27%, Best Valid: 88.97%, Best Test: 88.37%
Epoch: 700, Loss: 0.0206, Train: 99.99%, Valid: 88.21%, Test: 87.43%, Best Valid: 88.97%, Best Test: 88.37%
Epoch: 800, Loss: 0.0148, Train: 99.99%, Valid: 88.60%, Test: 87.95%, Best Valid: 88.97%, Best Test: 88.37%
Epoch: 900, Loss: 0.0140, Train: 99.96%, Valid: 87.40%, Test: 86.39%, Best Valid: 89.09%, Best Test: 88.30%
Run 04:
Highest Train: 100.00
Highest Valid: 89.09
Highest Test: 88.44
Chosen epoch: 841
Final Train: 100.00
Final Test: 88.30
Epoch: 00, Loss: 2.9715, Train: 13.74%, Valid: 14.05%, Test: 13.75%, Best Valid: 14.05%, Best Test: 13.75%
Epoch: 100, Loss: 0.2282, Train: 96.92%, Valid: 81.43%, Test: 81.13%, Best Valid: 81.54%, Best Test: 81.04%
Epoch: 200, Loss: 0.0363, Train: 99.87%, Valid: 84.34%, Test: 84.38%, Best Valid: 85.14%, Best Test: 85.00%
Epoch: 300, Loss: 0.0260, Train: 99.99%, Valid: 85.72%, Test: 85.90%, Best Valid: 86.05%, Best Test: 86.41%
Epoch: 400, Loss: 0.0214, Train: 99.96%, Valid: 86.02%, Test: 86.13%, Best Valid: 86.85%, Best Test: 86.78%
Epoch: 500, Loss: 0.0191, Train: 99.99%, Valid: 86.41%, Test: 86.82%, Best Valid: 87.01%, Best Test: 86.64%
Epoch: 600, Loss: 0.0165, Train: 100.00%, Valid: 86.39%, Test: 86.57%, Best Valid: 87.01%, Best Test: 86.64%
Epoch: 700, Loss: 0.0157, Train: 99.99%, Valid: 87.06%, Test: 87.10%, Best Valid: 87.20%, Best Test: 87.15%
Epoch: 800, Loss: 0.0169, Train: 100.00%, Valid: 87.36%, Test: 87.36%, Best Valid: 87.70%, Best Test: 87.33%
Epoch: 900, Loss: 0.0137, Train: 99.99%, Valid: 87.03%, Test: 86.89%, Best Valid: 87.70%, Best Test: 87.33%
Run 05:
Highest Train: 100.00
Highest Valid: 87.70
Highest Test: 87.66
Chosen epoch: 792
Final Train: 99.99
Final Test: 87.33
All runs:
Highest Train: 100.00 ± 0.00
Highest Test: 88.35 ± 0.54
Highest Valid: 88.34 ± 0.78
  Final Train: 99.99 ± 0.01
   Final Test: 87.92 ± 0.53
Saving results to results/mlp_gnn/roman-empire/MPNN_gat.csv

Running with MLP-GNN Regularization (lambda=0.01)...
Namespace(bn=True, cpu=False, data_dir='./data/', dataset='roman-empire', device=0, display_step=100, dropout=0.3, epochs=1000, gnn='gat', hidden_channels=512, jk=False, label_num_per_class=20, lambda_val=0.01, ln=False, local_layers=10, lr=0.001, metric='acc', mlp_epochs=500, mlp_reg=True, model='MPNN', model_dir='./model/', num_heads=1, oracle_reg=False, pre_linear=False, pre_ln=False, rand_split=False, rand_split_class=False, reg_start_epoch=10, reg_update_freq=5, res=True, result_dir='results/mlp_gnn', runs=5, save_model=False, seed=42, test_num=1000, train_prop=0.5, use_reg=True, valid_num=500, valid_prop=0.25, weight_decay=0.0005)
roman-empire
dataset roman-empire | num nodes 22662 | num edge 32927 | num node feats 300 | num classes 18
MODEL: MPNNs(
  (h_lins): ModuleList()
  (local_convs): ModuleList(
    (0): GATConv(300, 512, heads=1)
    (1): GATConv(512, 512, heads=1)
    (2): GATConv(512, 512, heads=1)
    (3): GATConv(512, 512, heads=1)
    (4): GATConv(512, 512, heads=1)
    (5): GATConv(512, 512, heads=1)
    (6): GATConv(512, 512, heads=1)
    (7): GATConv(512, 512, heads=1)
    (8): GATConv(512, 512, heads=1)
    (9): GATConv(512, 512, heads=1)
  )
  (lins): ModuleList(
    (0): Linear(in_features=300, out_features=512, bias=True)
    (1): Linear(in_features=512, out_features=512, bias=True)
    (2): Linear(in_features=512, out_features=512, bias=True)
    (3): Linear(in_features=512, out_features=512, bias=True)
    (4): Linear(in_features=512, out_features=512, bias=True)
    (5): Linear(in_features=512, out_features=512, bias=True)
    (6): Linear(in_features=512, out_features=512, bias=True)
    (7): Linear(in_features=512, out_features=512, bias=True)
    (8): Linear(in_features=512, out_features=512, bias=True)
    (9): Linear(in_features=512, out_features=512, bias=True)
  )
  (lns): ModuleList(
    (0): LayerNorm((512,), eps=1e-05, elementwise_affine=True)
    (1): LayerNorm((512,), eps=1e-05, elementwise_affine=True)
    (2): LayerNorm((512,), eps=1e-05, elementwise_affine=True)
    (3): LayerNorm((512,), eps=1e-05, elementwise_affine=True)
    (4): LayerNorm((512,), eps=1e-05, elementwise_affine=True)
    (5): LayerNorm((512,), eps=1e-05, elementwise_affine=True)
    (6): LayerNorm((512,), eps=1e-05, elementwise_affine=True)
    (7): LayerNorm((512,), eps=1e-05, elementwise_affine=True)
    (8): LayerNorm((512,), eps=1e-05, elementwise_affine=True)
    (9): LayerNorm((512,), eps=1e-05, elementwise_affine=True)
  )
  (bns): ModuleList(
    (0): BatchNorm1d(512, eps=1e-05, momentum=0.1, affine=True, track_running_stats=True)
    (1): BatchNorm1d(512, eps=1e-05, momentum=0.1, affine=True, track_running_stats=True)
    (2): BatchNorm1d(512, eps=1e-05, momentum=0.1, affine=True, track_running_stats=True)
    (3): BatchNorm1d(512, eps=1e-05, momentum=0.1, affine=True, track_running_stats=True)
    (4): BatchNorm1d(512, eps=1e-05, momentum=0.1, affine=True, track_running_stats=True)
    (5): BatchNorm1d(512, eps=1e-05, momentum=0.1, affine=True, track_running_stats=True)
    (6): BatchNorm1d(512, eps=1e-05, momentum=0.1, affine=True, track_running_stats=True)
    (7): BatchNorm1d(512, eps=1e-05, momentum=0.1, affine=True, track_running_stats=True)
    (8): BatchNorm1d(512, eps=1e-05, momentum=0.1, affine=True, track_running_stats=True)
    (9): BatchNorm1d(512, eps=1e-05, momentum=0.1, affine=True, track_running_stats=True)
  )
  (lin_in): Linear(in_features=300, out_features=512, bias=True)
  (pred_local): Linear(in_features=512, out_features=18, bias=True)
)
Pre-training MLP for 500 epochs to generate co-occurrence matrix...
MLP pre-training complete. Penalty matrix frozen.
Epoch: 00, Loss: 3.0490, Train: 13.83%, Valid: 13.82%, Test: 13.82%, Best Valid: 13.82%, Best Test: 13.82%
Epoch: 100, Loss: 0.2715, Train: 95.20%, Valid: 81.20%, Test: 80.14%, Best Valid: 81.73%, Best Test: 80.34%
Epoch: 200, Loss: 0.0432, Train: 99.94%, Valid: 85.79%, Test: 85.00%, Best Valid: 85.79%, Best Test: 85.00%
Epoch: 300, Loss: 0.0283, Train: 99.97%, Valid: 86.32%, Test: 85.99%, Best Valid: 86.62%, Best Test: 85.67%
Epoch: 400, Loss: 0.0291, Train: 99.97%, Valid: 87.06%, Test: 86.76%, Best Valid: 87.56%, Best Test: 86.80%
Epoch: 500, Loss: 0.0167, Train: 99.98%, Valid: 87.10%, Test: 86.71%, Best Valid: 87.56%, Best Test: 86.80%
Epoch: 600, Loss: 0.0220, Train: 99.92%, Valid: 86.81%, Test: 86.69%, Best Valid: 87.59%, Best Test: 87.15%
Epoch: 700, Loss: 0.0162, Train: 100.00%, Valid: 86.88%, Test: 86.78%, Best Valid: 87.86%, Best Test: 87.27%
Epoch: 800, Loss: 0.0157, Train: 100.00%, Valid: 87.64%, Test: 87.35%, Best Valid: 87.86%, Best Test: 87.27%
Epoch: 900, Loss: 0.0182, Train: 99.97%, Valid: 87.01%, Test: 87.06%, Best Valid: 87.86%, Best Test: 87.27%
Run 01:
Highest Train: 100.00
Highest Valid: 87.89
Highest Test: 87.98
Chosen epoch: 920
Final Train: 99.99
Final Test: 87.31
Pre-training MLP for 500 epochs to generate co-occurrence matrix...
MLP pre-training complete. Penalty matrix frozen.
Epoch: 00, Loss: 3.0215, Train: 5.53%, Valid: 5.51%, Test: 5.49%, Best Valid: 5.51%, Best Test: 5.49%
Epoch: 100, Loss: 0.3632, Train: 91.95%, Valid: 81.77%, Test: 82.23%, Best Valid: 81.96%, Best Test: 82.16%
Epoch: 200, Loss: 0.0648, Train: 99.83%, Valid: 86.87%, Test: 86.92%, Best Valid: 87.11%, Best Test: 87.36%
Epoch: 300, Loss: 0.0304, Train: 99.95%, Valid: 87.77%, Test: 87.89%, Best Valid: 88.19%, Best Test: 88.05%
Epoch: 400, Loss: 0.0246, Train: 99.95%, Valid: 88.26%, Test: 88.40%, Best Valid: 88.83%, Best Test: 88.33%
Epoch: 500, Loss: 0.0214, Train: 99.96%, Valid: 87.87%, Test: 87.98%, Best Valid: 88.83%, Best Test: 88.33%
Epoch: 600, Loss: 0.0249, Train: 99.98%, Valid: 87.93%, Test: 88.02%, Best Valid: 88.84%, Best Test: 88.25%
Epoch: 700, Loss: 0.0181, Train: 99.99%, Valid: 88.72%, Test: 88.30%, Best Valid: 88.98%, Best Test: 88.97%
Epoch: 800, Loss: 0.0186, Train: 100.00%, Valid: 87.47%, Test: 88.21%, Best Valid: 89.07%, Best Test: 88.37%
Epoch: 900, Loss: 0.0206, Train: 99.99%, Valid: 88.30%, Test: 88.07%, Best Valid: 89.07%, Best Test: 88.37%
Run 02:
Highest Train: 100.00
Highest Valid: 89.07
Highest Test: 89.09
Chosen epoch: 732
Final Train: 100.00
Final Test: 88.37
Pre-training MLP for 500 epochs to generate co-occurrence matrix...
MLP pre-training complete. Penalty matrix frozen.
Epoch: 00, Loss: 3.0328, Train: 13.95%, Valid: 13.96%, Test: 13.96%, Best Valid: 13.96%, Best Test: 13.96%
Epoch: 100, Loss: 0.3787, Train: 91.22%, Valid: 80.88%, Test: 80.96%, Best Valid: 80.88%, Best Test: 80.96%
Epoch: 200, Loss: 0.0532, Train: 99.66%, Valid: 83.85%, Test: 85.23%, Best Valid: 85.61%, Best Test: 86.75%
Epoch: 300, Loss: 0.0266, Train: 99.97%, Valid: 86.28%, Test: 87.59%, Best Valid: 86.67%, Best Test: 87.72%
Epoch: 400, Loss: 0.0245, Train: 99.98%, Valid: 86.95%, Test: 88.49%, Best Valid: 87.29%, Best Test: 88.09%
Epoch: 500, Loss: 0.0169, Train: 99.99%, Valid: 86.55%, Test: 87.49%, Best Valid: 87.36%, Best Test: 87.96%
Epoch: 600, Loss: 0.0187, Train: 99.98%, Valid: 86.78%, Test: 87.56%, Best Valid: 87.66%, Best Test: 88.18%
Epoch: 700, Loss: 0.0149, Train: 100.00%, Valid: 86.81%, Test: 88.28%, Best Valid: 87.86%, Best Test: 88.58%
Epoch: 800, Loss: 0.0157, Train: 99.97%, Valid: 87.47%, Test: 88.26%, Best Valid: 87.86%, Best Test: 88.58%
Epoch: 900, Loss: 0.0148, Train: 100.00%, Valid: 87.08%, Test: 88.21%, Best Valid: 87.98%, Best Test: 88.51%
Run 03:
Highest Train: 100.00
Highest Valid: 87.98
Highest Test: 88.90
Chosen epoch: 835
Final Train: 99.99
Final Test: 88.51
Pre-training MLP for 500 epochs to generate co-occurrence matrix...
MLP pre-training complete. Penalty matrix frozen.
Epoch: 00, Loss: 2.9995, Train: 13.82%, Valid: 13.82%, Test: 13.84%, Best Valid: 13.82%, Best Test: 13.84%
Epoch: 100, Loss: 0.2814, Train: 94.34%, Valid: 81.61%, Test: 80.71%, Best Valid: 81.80%, Best Test: 81.01%
Epoch: 200, Loss: 0.0451, Train: 99.91%, Valid: 86.44%, Test: 86.30%, Best Valid: 86.78%, Best Test: 86.27%
Epoch: 300, Loss: 0.0244, Train: 99.96%, Valid: 87.31%, Test: 87.40%, Best Valid: 87.94%, Best Test: 87.17%
Epoch: 400, Loss: 0.0225, Train: 99.98%, Valid: 87.94%, Test: 87.95%, Best Valid: 88.40%, Best Test: 87.59%
Epoch: 500, Loss: 0.0171, Train: 100.00%, Valid: 88.70%, Test: 87.61%, Best Valid: 88.70%, Best Test: 87.61%
Epoch: 600, Loss: 0.0161, Train: 99.98%, Valid: 88.47%, Test: 87.77%, Best Valid: 88.98%, Best Test: 88.16%
Epoch: 700, Loss: 0.0185, Train: 100.00%, Valid: 88.26%, Test: 88.07%, Best Valid: 88.98%, Best Test: 88.16%
Epoch: 800, Loss: 0.0177, Train: 100.00%, Valid: 88.10%, Test: 87.70%, Best Valid: 88.98%, Best Test: 88.16%
Epoch: 900, Loss: 0.0205, Train: 100.00%, Valid: 88.31%, Test: 88.00%, Best Valid: 88.98%, Best Test: 88.16%
Run 04:
Highest Train: 100.00
Highest Valid: 88.98
Highest Test: 88.79
Chosen epoch: 575
Final Train: 100.00
Final Test: 88.16
Pre-training MLP for 500 epochs to generate co-occurrence matrix...
MLP pre-training complete. Penalty matrix frozen.
Epoch: 00, Loss: 3.0177, Train: 13.75%, Valid: 13.89%, Test: 13.78%, Best Valid: 13.89%, Best Test: 13.78%
Epoch: 100, Loss: 0.2926, Train: 92.98%, Valid: 80.11%, Test: 79.70%, Best Valid: 80.39%, Best Test: 79.93%
Epoch: 200, Loss: 0.0444, Train: 99.85%, Valid: 85.24%, Test: 85.44%, Best Valid: 85.98%, Best Test: 85.72%
Epoch: 300, Loss: 0.0277, Train: 99.99%, Valid: 86.44%, Test: 86.25%, Best Valid: 87.15%, Best Test: 86.53%
Epoch: 400, Loss: 0.0222, Train: 100.00%, Valid: 87.63%, Test: 87.01%, Best Valid: 87.63%, Best Test: 87.01%
Epoch: 500, Loss: 0.0199, Train: 99.99%, Valid: 87.54%, Test: 87.35%, Best Valid: 87.63%, Best Test: 87.01%
Epoch: 600, Loss: 0.0171, Train: 99.99%, Valid: 87.63%, Test: 87.54%, Best Valid: 87.94%, Best Test: 87.42%
Epoch: 700, Loss: 0.0162, Train: 99.99%, Valid: 87.73%, Test: 87.49%, Best Valid: 87.94%, Best Test: 87.42%
Epoch: 800, Loss: 0.0177, Train: 100.00%, Valid: 87.40%, Test: 87.27%, Best Valid: 88.00%, Best Test: 88.07%
Epoch: 900, Loss: 0.0145, Train: 99.97%, Valid: 87.33%, Test: 87.56%, Best Valid: 88.00%, Best Test: 88.07%
Run 05:
Highest Train: 100.00
Highest Valid: 88.00
Highest Test: 88.37
Chosen epoch: 710
Final Train: 100.00
Final Test: 88.07
All runs:
Highest Train: 100.00 ± 0.00
Highest Test: 88.63 ± 0.45
Highest Valid: 88.38 ± 0.59
  Final Train: 100.00 ± 0.00
   Final Test: 88.08 ± 0.47
Saving results to results/mlp_gnn/roman-empire/MPNN_gat.csv

Running with MLP-GNN Regularization (lambda=0.1)...
Namespace(bn=True, cpu=False, data_dir='./data/', dataset='roman-empire', device=0, display_step=100, dropout=0.3, epochs=1000, gnn='gat', hidden_channels=512, jk=False, label_num_per_class=20, lambda_val=0.1, ln=False, local_layers=10, lr=0.001, metric='acc', mlp_epochs=500, mlp_reg=True, model='MPNN', model_dir='./model/', num_heads=1, oracle_reg=False, pre_linear=False, pre_ln=False, rand_split=False, rand_split_class=False, reg_start_epoch=10, reg_update_freq=5, res=True, result_dir='results/mlp_gnn', runs=5, save_model=False, seed=42, test_num=1000, train_prop=0.5, use_reg=True, valid_num=500, valid_prop=0.25, weight_decay=0.0005)
roman-empire
dataset roman-empire | num nodes 22662 | num edge 32927 | num node feats 300 | num classes 18
MODEL: MPNNs(
  (h_lins): ModuleList()
  (local_convs): ModuleList(
    (0): GATConv(300, 512, heads=1)
    (1): GATConv(512, 512, heads=1)
    (2): GATConv(512, 512, heads=1)
    (3): GATConv(512, 512, heads=1)
    (4): GATConv(512, 512, heads=1)
    (5): GATConv(512, 512, heads=1)
    (6): GATConv(512, 512, heads=1)
    (7): GATConv(512, 512, heads=1)
    (8): GATConv(512, 512, heads=1)
    (9): GATConv(512, 512, heads=1)
  )
  (lins): ModuleList(
    (0): Linear(in_features=300, out_features=512, bias=True)
    (1): Linear(in_features=512, out_features=512, bias=True)
    (2): Linear(in_features=512, out_features=512, bias=True)
    (3): Linear(in_features=512, out_features=512, bias=True)
    (4): Linear(in_features=512, out_features=512, bias=True)
    (5): Linear(in_features=512, out_features=512, bias=True)
    (6): Linear(in_features=512, out_features=512, bias=True)
    (7): Linear(in_features=512, out_features=512, bias=True)
    (8): Linear(in_features=512, out_features=512, bias=True)
    (9): Linear(in_features=512, out_features=512, bias=True)
  )
  (lns): ModuleList(
    (0): LayerNorm((512,), eps=1e-05, elementwise_affine=True)
    (1): LayerNorm((512,), eps=1e-05, elementwise_affine=True)
    (2): LayerNorm((512,), eps=1e-05, elementwise_affine=True)
    (3): LayerNorm((512,), eps=1e-05, elementwise_affine=True)
    (4): LayerNorm((512,), eps=1e-05, elementwise_affine=True)
    (5): LayerNorm((512,), eps=1e-05, elementwise_affine=True)
    (6): LayerNorm((512,), eps=1e-05, elementwise_affine=True)
    (7): LayerNorm((512,), eps=1e-05, elementwise_affine=True)
    (8): LayerNorm((512,), eps=1e-05, elementwise_affine=True)
    (9): LayerNorm((512,), eps=1e-05, elementwise_affine=True)
  )
  (bns): ModuleList(
    (0): BatchNorm1d(512, eps=1e-05, momentum=0.1, affine=True, track_running_stats=True)
    (1): BatchNorm1d(512, eps=1e-05, momentum=0.1, affine=True, track_running_stats=True)
    (2): BatchNorm1d(512, eps=1e-05, momentum=0.1, affine=True, track_running_stats=True)
    (3): BatchNorm1d(512, eps=1e-05, momentum=0.1, affine=True, track_running_stats=True)
    (4): BatchNorm1d(512, eps=1e-05, momentum=0.1, affine=True, track_running_stats=True)
    (5): BatchNorm1d(512, eps=1e-05, momentum=0.1, affine=True, track_running_stats=True)
    (6): BatchNorm1d(512, eps=1e-05, momentum=0.1, affine=True, track_running_stats=True)
    (7): BatchNorm1d(512, eps=1e-05, momentum=0.1, affine=True, track_running_stats=True)
    (8): BatchNorm1d(512, eps=1e-05, momentum=0.1, affine=True, track_running_stats=True)
    (9): BatchNorm1d(512, eps=1e-05, momentum=0.1, affine=True, track_running_stats=True)
  )
  (lin_in): Linear(in_features=300, out_features=512, bias=True)
  (pred_local): Linear(in_features=512, out_features=18, bias=True)
)
Pre-training MLP for 500 epochs to generate co-occurrence matrix...
MLP pre-training complete. Penalty matrix frozen.
Epoch: 00, Loss: 3.3207, Train: 13.83%, Valid: 13.82%, Test: 13.82%, Best Valid: 13.82%, Best Test: 13.82%
Epoch: 100, Loss: 0.3161, Train: 94.23%, Valid: 80.90%, Test: 80.13%, Best Valid: 80.94%, Best Test: 79.84%
Epoch: 200, Loss: 0.0545, Train: 99.95%, Valid: 85.37%, Test: 84.61%, Best Valid: 85.37%, Best Test: 84.61%
Epoch: 300, Loss: 0.0336, Train: 99.97%, Valid: 86.28%, Test: 85.65%, Best Valid: 86.37%, Best Test: 85.49%
Epoch: 400, Loss: 0.0288, Train: 99.96%, Valid: 86.37%, Test: 85.86%, Best Valid: 87.15%, Best Test: 86.45%
Epoch: 500, Loss: 0.0162, Train: 99.95%, Valid: 86.73%, Test: 86.11%, Best Valid: 87.50%, Best Test: 86.02%
Epoch: 600, Loss: 0.0204, Train: 99.98%, Valid: 86.76%, Test: 86.90%, Best Valid: 87.50%, Best Test: 86.02%
Epoch: 700, Loss: 0.0166, Train: 99.97%, Valid: 86.88%, Test: 86.83%, Best Valid: 87.77%, Best Test: 86.78%
Epoch: 800, Loss: 0.0234, Train: 99.98%, Valid: 87.40%, Test: 87.27%, Best Valid: 87.87%, Best Test: 87.15%
Epoch: 900, Loss: 0.0176, Train: 99.99%, Valid: 87.20%, Test: 87.20%, Best Valid: 87.87%, Best Test: 87.15%
Run 01:
Highest Train: 100.00
Highest Valid: 87.87
Highest Test: 87.93
Chosen epoch: 736
Final Train: 100.00
Final Test: 87.15
Pre-training MLP for 500 epochs to generate co-occurrence matrix...
MLP pre-training complete. Penalty matrix frozen.
Epoch: 00, Loss: 3.2908, Train: 5.50%, Valid: 5.49%, Test: 5.49%, Best Valid: 5.49%, Best Test: 5.49%
Epoch: 100, Loss: 0.3609, Train: 92.87%, Valid: 82.01%, Test: 80.94%, Best Valid: 82.14%, Best Test: 81.52%
Epoch: 200, Loss: 0.0638, Train: 99.84%, Valid: 86.53%, Test: 85.81%, Best Valid: 87.38%, Best Test: 86.62%
Epoch: 300, Loss: 0.0314, Train: 99.96%, Valid: 88.10%, Test: 87.63%, Best Valid: 88.54%, Best Test: 87.75%
Epoch: 400, Loss: 0.0259, Train: 99.99%, Valid: 88.12%, Test: 88.35%, Best Valid: 88.70%, Best Test: 88.00%
Epoch: 500, Loss: 0.0229, Train: 99.99%, Valid: 88.54%, Test: 87.61%, Best Valid: 88.88%, Best Test: 87.96%
Epoch: 600, Loss: 0.0252, Train: 100.00%, Valid: 88.30%, Test: 88.42%, Best Valid: 89.11%, Best Test: 88.30%
Epoch: 700, Loss: 0.0150, Train: 100.00%, Valid: 88.79%, Test: 88.37%, Best Valid: 89.25%, Best Test: 88.63%
Epoch: 800, Loss: 0.0181, Train: 99.97%, Valid: 87.89%, Test: 88.32%, Best Valid: 89.25%, Best Test: 88.63%
Epoch: 900, Loss: 0.0153, Train: 99.99%, Valid: 88.65%, Test: 87.88%, Best Valid: 89.25%, Best Test: 88.63%
Run 02:
Highest Train: 100.00
Highest Valid: 89.25
Highest Test: 88.92
Chosen epoch: 674
Final Train: 99.99
Final Test: 88.63
Pre-training MLP for 500 epochs to generate co-occurrence matrix...
MLP pre-training complete. Penalty matrix frozen.
Epoch: 00, Loss: 3.3030, Train: 13.95%, Valid: 13.96%, Test: 13.96%, Best Valid: 13.96%, Best Test: 13.96%
Epoch: 100, Loss: 0.3799, Train: 91.91%, Valid: 80.25%, Test: 80.53%, Best Valid: 80.53%, Best Test: 80.55%
Epoch: 200, Loss: 0.0617, Train: 99.70%, Valid: 84.48%, Test: 85.32%, Best Valid: 85.61%, Best Test: 86.57%
Epoch: 300, Loss: 0.0296, Train: 100.00%, Valid: 86.62%, Test: 86.97%, Best Valid: 87.27%, Best Test: 87.43%
Epoch: 400, Loss: 0.0251, Train: 99.99%, Valid: 87.06%, Test: 87.91%, Best Valid: 87.52%, Best Test: 87.68%
Epoch: 500, Loss: 0.0227, Train: 100.00%, Valid: 87.06%, Test: 87.77%, Best Valid: 87.98%, Best Test: 88.42%
Epoch: 600, Loss: 0.0152, Train: 99.97%, Valid: 87.80%, Test: 88.23%, Best Valid: 88.01%, Best Test: 88.42%
Epoch: 700, Loss: 0.0151, Train: 99.98%, Valid: 86.99%, Test: 88.21%, Best Valid: 88.01%, Best Test: 88.42%
Epoch: 800, Loss: 0.0203, Train: 100.00%, Valid: 87.17%, Test: 88.30%, Best Valid: 88.12%, Best Test: 88.74%
Epoch: 900, Loss: 0.0175, Train: 99.99%, Valid: 87.10%, Test: 88.58%, Best Valid: 88.14%, Best Test: 88.67%
Run 03:
Highest Train: 100.00
Highest Valid: 88.14
Highest Test: 88.88
Chosen epoch: 852
Final Train: 100.00
Final Test: 88.67
Pre-training MLP for 500 epochs to generate co-occurrence matrix...
MLP pre-training complete. Penalty matrix frozen.
Epoch: 00, Loss: 3.2667, Train: 13.82%, Valid: 13.82%, Test: 13.84%, Best Valid: 13.82%, Best Test: 13.84%
Epoch: 100, Loss: 0.3421, Train: 93.78%, Valid: 81.29%, Test: 81.10%, Best Valid: 81.57%, Best Test: 80.20%
Epoch: 200, Loss: 0.0472, Train: 99.89%, Valid: 85.98%, Test: 85.37%, Best Valid: 85.98%, Best Test: 85.14%
Epoch: 300, Loss: 0.0345, Train: 99.96%, Valid: 87.18%, Test: 86.55%, Best Valid: 87.43%, Best Test: 86.94%
Epoch: 400, Loss: 0.0244, Train: 99.97%, Valid: 87.22%, Test: 86.45%, Best Valid: 87.71%, Best Test: 87.05%
Epoch: 500, Loss: 0.0221, Train: 100.00%, Valid: 87.63%, Test: 87.22%, Best Valid: 88.23%, Best Test: 87.66%
Epoch: 600, Loss: 0.0185, Train: 100.00%, Valid: 87.64%, Test: 87.84%, Best Valid: 88.37%, Best Test: 87.59%
Epoch: 700, Loss: 0.0221, Train: 99.98%, Valid: 87.91%, Test: 87.79%, Best Valid: 88.37%, Best Test: 87.59%
Epoch: 800, Loss: 0.0213, Train: 100.00%, Valid: 88.21%, Test: 87.77%, Best Valid: 88.65%, Best Test: 87.27%
Epoch: 900, Loss: 0.0162, Train: 99.90%, Valid: 87.34%, Test: 86.75%, Best Valid: 88.67%, Best Test: 87.86%
Run 04:
Highest Train: 100.00
Highest Valid: 88.67
Highest Test: 88.26
Chosen epoch: 848
Final Train: 99.99
Final Test: 87.86
Pre-training MLP for 500 epochs to generate co-occurrence matrix...
MLP pre-training complete. Penalty matrix frozen.
Epoch: 00, Loss: 3.2866, Train: 13.79%, Valid: 13.86%, Test: 13.77%, Best Valid: 13.86%, Best Test: 13.77%
Epoch: 100, Loss: 0.3384, Train: 94.10%, Valid: 82.05%, Test: 81.49%, Best Valid: 82.05%, Best Test: 81.49%
Epoch: 200, Loss: 0.0567, Train: 99.91%, Valid: 86.28%, Test: 85.63%, Best Valid: 86.73%, Best Test: 85.92%
Epoch: 300, Loss: 0.0304, Train: 99.99%, Valid: 87.38%, Test: 87.05%, Best Valid: 87.38%, Best Test: 87.05%
Epoch: 400, Loss: 0.0272, Train: 100.00%, Valid: 86.88%, Test: 87.05%, Best Valid: 87.52%, Best Test: 86.64%
Epoch: 500, Loss: 0.0211, Train: 99.98%, Valid: 87.54%, Test: 87.35%, Best Valid: 87.87%, Best Test: 87.08%
Epoch: 600, Loss: 0.0197, Train: 99.98%, Valid: 87.75%, Test: 88.02%, Best Valid: 88.01%, Best Test: 87.70%
Epoch: 700, Loss: 0.0186, Train: 100.00%, Valid: 87.11%, Test: 87.38%, Best Valid: 88.05%, Best Test: 88.07%
Epoch: 800, Loss: 0.0194, Train: 100.00%, Valid: 87.33%, Test: 88.18%, Best Valid: 88.05%, Best Test: 88.07%
Epoch: 900, Loss: 0.0158, Train: 100.00%, Valid: 87.40%, Test: 87.63%, Best Valid: 88.05%, Best Test: 88.07%
Run 05:
Highest Train: 100.00
Highest Valid: 88.05
Highest Test: 88.21
Chosen epoch: 601
Final Train: 99.96
Final Test: 88.07
All runs:
Highest Train: 100.00 ± 0.00
Highest Test: 88.44 ± 0.44
Highest Valid: 88.40 ± 0.56
  Final Train: 99.99 ± 0.01
   Final Test: 88.08 ± 0.63
Saving results to results/mlp_gnn/roman-empire/MPNN_gat.csv

Running with MLP-GNN Regularization (lambda=0.2)...
Namespace(bn=True, cpu=False, data_dir='./data/', dataset='roman-empire', device=0, display_step=100, dropout=0.3, epochs=1000, gnn='gat', hidden_channels=512, jk=False, label_num_per_class=20, lambda_val=0.2, ln=False, local_layers=10, lr=0.001, metric='acc', mlp_epochs=500, mlp_reg=True, model='MPNN', model_dir='./model/', num_heads=1, oracle_reg=False, pre_linear=False, pre_ln=False, rand_split=False, rand_split_class=False, reg_start_epoch=10, reg_update_freq=5, res=True, result_dir='results/mlp_gnn', runs=5, save_model=False, seed=42, test_num=1000, train_prop=0.5, use_reg=True, valid_num=500, valid_prop=0.25, weight_decay=0.0005)
roman-empire
dataset roman-empire | num nodes 22662 | num edge 32927 | num node feats 300 | num classes 18
MODEL: MPNNs(
  (h_lins): ModuleList()
  (local_convs): ModuleList(
    (0): GATConv(300, 512, heads=1)
    (1): GATConv(512, 512, heads=1)
    (2): GATConv(512, 512, heads=1)
    (3): GATConv(512, 512, heads=1)
    (4): GATConv(512, 512, heads=1)
    (5): GATConv(512, 512, heads=1)
    (6): GATConv(512, 512, heads=1)
    (7): GATConv(512, 512, heads=1)
    (8): GATConv(512, 512, heads=1)
    (9): GATConv(512, 512, heads=1)
  )
  (lins): ModuleList(
    (0): Linear(in_features=300, out_features=512, bias=True)
    (1): Linear(in_features=512, out_features=512, bias=True)
    (2): Linear(in_features=512, out_features=512, bias=True)
    (3): Linear(in_features=512, out_features=512, bias=True)
    (4): Linear(in_features=512, out_features=512, bias=True)
    (5): Linear(in_features=512, out_features=512, bias=True)
    (6): Linear(in_features=512, out_features=512, bias=True)
    (7): Linear(in_features=512, out_features=512, bias=True)
    (8): Linear(in_features=512, out_features=512, bias=True)
    (9): Linear(in_features=512, out_features=512, bias=True)
  )
  (lns): ModuleList(
    (0): LayerNorm((512,), eps=1e-05, elementwise_affine=True)
    (1): LayerNorm((512,), eps=1e-05, elementwise_affine=True)
    (2): LayerNorm((512,), eps=1e-05, elementwise_affine=True)
    (3): LayerNorm((512,), eps=1e-05, elementwise_affine=True)
    (4): LayerNorm((512,), eps=1e-05, elementwise_affine=True)
    (5): LayerNorm((512,), eps=1e-05, elementwise_affine=True)
    (6): LayerNorm((512,), eps=1e-05, elementwise_affine=True)
    (7): LayerNorm((512,), eps=1e-05, elementwise_affine=True)
    (8): LayerNorm((512,), eps=1e-05, elementwise_affine=True)
    (9): LayerNorm((512,), eps=1e-05, elementwise_affine=True)
  )
  (bns): ModuleList(
    (0): BatchNorm1d(512, eps=1e-05, momentum=0.1, affine=True, track_running_stats=True)
    (1): BatchNorm1d(512, eps=1e-05, momentum=0.1, affine=True, track_running_stats=True)
    (2): BatchNorm1d(512, eps=1e-05, momentum=0.1, affine=True, track_running_stats=True)
    (3): BatchNorm1d(512, eps=1e-05, momentum=0.1, affine=True, track_running_stats=True)
    (4): BatchNorm1d(512, eps=1e-05, momentum=0.1, affine=True, track_running_stats=True)
    (5): BatchNorm1d(512, eps=1e-05, momentum=0.1, affine=True, track_running_stats=True)
    (6): BatchNorm1d(512, eps=1e-05, momentum=0.1, affine=True, track_running_stats=True)
    (7): BatchNorm1d(512, eps=1e-05, momentum=0.1, affine=True, track_running_stats=True)
    (8): BatchNorm1d(512, eps=1e-05, momentum=0.1, affine=True, track_running_stats=True)
    (9): BatchNorm1d(512, eps=1e-05, momentum=0.1, affine=True, track_running_stats=True)
  )
  (lin_in): Linear(in_features=300, out_features=512, bias=True)
  (pred_local): Linear(in_features=512, out_features=18, bias=True)
)
Pre-training MLP for 500 epochs to generate co-occurrence matrix...
MLP pre-training complete. Penalty matrix frozen.
Epoch: 00, Loss: 3.6226, Train: 13.83%, Valid: 13.82%, Test: 13.82%, Best Valid: 13.82%, Best Test: 13.82%
Epoch: 100, Loss: 0.3432, Train: 94.58%, Valid: 80.90%, Test: 80.29%, Best Valid: 81.09%, Best Test: 80.20%
Epoch: 200, Loss: 0.0564, Train: 99.85%, Valid: 84.96%, Test: 84.35%, Best Valid: 85.24%, Best Test: 84.84%
Epoch: 300, Loss: 0.0366, Train: 99.93%, Valid: 86.30%, Test: 85.69%, Best Valid: 86.43%, Best Test: 85.90%
Epoch: 400, Loss: 0.0233, Train: 99.99%, Valid: 86.69%, Test: 86.39%, Best Valid: 87.10%, Best Test: 87.31%
Epoch: 500, Loss: 0.0247, Train: 99.99%, Valid: 87.04%, Test: 86.97%, Best Valid: 87.64%, Best Test: 87.15%
Epoch: 600, Loss: 0.0270, Train: 99.96%, Valid: 87.01%, Test: 87.03%, Best Valid: 87.94%, Best Test: 87.66%
Epoch: 700, Loss: 0.0193, Train: 99.98%, Valid: 86.94%, Test: 87.42%, Best Valid: 87.94%, Best Test: 87.66%
Epoch: 800, Loss: 0.0190, Train: 100.00%, Valid: 87.68%, Test: 87.77%, Best Valid: 87.94%, Best Test: 87.66%
Epoch: 900, Loss: 0.0185, Train: 100.00%, Valid: 87.22%, Test: 87.13%, Best Valid: 88.03%, Best Test: 87.13%
Run 01:
Highest Train: 100.00
Highest Valid: 88.03
Highest Test: 88.05
Chosen epoch: 840
Final Train: 99.98
Final Test: 87.13
Pre-training MLP for 500 epochs to generate co-occurrence matrix...
MLP pre-training complete. Penalty matrix frozen.
Epoch: 00, Loss: 3.5899, Train: 5.49%, Valid: 5.49%, Test: 5.49%, Best Valid: 5.49%, Best Test: 5.49%
Epoch: 100, Loss: 0.5018, Train: 89.67%, Valid: 80.83%, Test: 81.36%, Best Valid: 80.83%, Best Test: 81.36%
Epoch: 200, Loss: 0.0843, Train: 99.76%, Valid: 86.81%, Test: 87.03%, Best Valid: 87.20%, Best Test: 86.41%
Epoch: 300, Loss: 0.0335, Train: 99.97%, Valid: 87.98%, Test: 87.86%, Best Valid: 88.44%, Best Test: 87.91%
Epoch: 400, Loss: 0.0321, Train: 99.99%, Valid: 88.54%, Test: 88.14%, Best Valid: 88.76%, Best Test: 88.46%
Epoch: 500, Loss: 0.0227, Train: 99.99%, Valid: 88.23%, Test: 87.96%, Best Valid: 88.84%, Best Test: 88.79%
Epoch: 600, Loss: 0.0205, Train: 99.97%, Valid: 88.35%, Test: 88.39%, Best Valid: 89.16%, Best Test: 88.99%
Epoch: 700, Loss: 0.0187, Train: 100.00%, Valid: 87.96%, Test: 87.98%, Best Valid: 89.16%, Best Test: 88.99%
Epoch: 800, Loss: 0.0178, Train: 100.00%, Valid: 88.30%, Test: 88.40%, Best Valid: 89.16%, Best Test: 88.99%
Epoch: 900, Loss: 0.0244, Train: 99.96%, Valid: 88.31%, Test: 88.09%, Best Valid: 89.16%, Best Test: 88.99%
Run 02:
Highest Train: 100.00
Highest Valid: 89.21
Highest Test: 89.30
Chosen epoch: 959
Final Train: 99.99
Final Test: 88.46
Pre-training MLP for 500 epochs to generate co-occurrence matrix...
MLP pre-training complete. Penalty matrix frozen.
Epoch: 00, Loss: 3.6033, Train: 13.95%, Valid: 13.96%, Test: 13.96%, Best Valid: 13.96%, Best Test: 13.96%
Epoch: 100, Loss: 0.4009, Train: 92.34%, Valid: 80.67%, Test: 81.34%, Best Valid: 80.67%, Best Test: 81.34%
Epoch: 200, Loss: 0.0679, Train: 99.83%, Valid: 85.68%, Test: 86.67%, Best Valid: 85.98%, Best Test: 86.78%
Epoch: 300, Loss: 0.0327, Train: 99.97%, Valid: 86.76%, Test: 87.38%, Best Valid: 87.15%, Best Test: 87.77%
Epoch: 400, Loss: 0.0283, Train: 99.98%, Valid: 86.73%, Test: 87.70%, Best Valid: 87.59%, Best Test: 88.05%
Epoch: 500, Loss: 0.0237, Train: 99.98%, Valid: 87.27%, Test: 88.21%, Best Valid: 87.66%, Best Test: 88.03%
Epoch: 600, Loss: 0.0199, Train: 99.99%, Valid: 87.17%, Test: 88.39%, Best Valid: 88.01%, Best Test: 88.90%
Epoch: 700, Loss: 0.0238, Train: 99.97%, Valid: 86.94%, Test: 88.07%, Best Valid: 88.14%, Best Test: 88.39%
Epoch: 800, Loss: 0.0243, Train: 99.97%, Valid: 87.22%, Test: 88.26%, Best Valid: 88.16%, Best Test: 88.81%
Epoch: 900, Loss: 0.0229, Train: 99.96%, Valid: 87.34%, Test: 87.98%, Best Valid: 88.16%, Best Test: 88.81%
Run 03:
Highest Train: 100.00
Highest Valid: 88.16
Highest Test: 89.13
Chosen epoch: 712
Final Train: 100.00
Final Test: 88.81
Pre-training MLP for 500 epochs to generate co-occurrence matrix...
MLP pre-training complete. Penalty matrix frozen.
Epoch: 00, Loss: 3.5637, Train: 13.82%, Valid: 13.82%, Test: 13.84%, Best Valid: 13.82%, Best Test: 13.84%
Epoch: 100, Loss: 0.3486, Train: 94.35%, Valid: 81.85%, Test: 81.36%, Best Valid: 81.85%, Best Test: 81.36%
Epoch: 200, Loss: 0.0531, Train: 99.84%, Valid: 85.86%, Test: 85.74%, Best Valid: 85.98%, Best Test: 85.85%
Epoch: 300, Loss: 0.0329, Train: 99.90%, Valid: 86.62%, Test: 86.71%, Best Valid: 87.18%, Best Test: 86.99%
Epoch: 400, Loss: 0.0301, Train: 99.99%, Valid: 87.15%, Test: 87.13%, Best Valid: 87.71%, Best Test: 87.33%
Epoch: 500, Loss: 0.0258, Train: 99.95%, Valid: 87.17%, Test: 86.97%, Best Valid: 88.01%, Best Test: 87.66%
Epoch: 600, Loss: 0.0241, Train: 99.99%, Valid: 87.73%, Test: 87.38%, Best Valid: 88.28%, Best Test: 87.56%
Epoch: 700, Loss: 0.0235, Train: 99.95%, Valid: 87.98%, Test: 87.06%, Best Valid: 88.68%, Best Test: 87.70%
Epoch: 800, Loss: 0.0209, Train: 99.98%, Valid: 87.91%, Test: 87.73%, Best Valid: 88.77%, Best Test: 87.63%
Epoch: 900, Loss: 0.0241, Train: 99.99%, Valid: 87.78%, Test: 87.70%, Best Valid: 88.77%, Best Test: 87.63%
Run 04:
Highest Train: 100.00
Highest Valid: 88.77
Highest Test: 88.25
Chosen epoch: 764
Final Train: 99.96
Final Test: 87.63
Pre-training MLP for 500 epochs to generate co-occurrence matrix...
MLP pre-training complete. Penalty matrix frozen.
Epoch: 00, Loss: 3.5854, Train: 13.55%, Valid: 13.68%, Test: 13.57%, Best Valid: 13.68%, Best Test: 13.57%
Epoch: 100, Loss: 0.4054, Train: 91.97%, Valid: 81.15%, Test: 80.94%, Best Valid: 81.15%, Best Test: 80.94%
Epoch: 200, Loss: 0.0662, Train: 99.87%, Valid: 86.65%, Test: 86.32%, Best Valid: 86.94%, Best Test: 86.18%
Epoch: 300, Loss: 0.0325, Train: 99.97%, Valid: 87.38%, Test: 86.76%, Best Valid: 87.87%, Best Test: 87.19%
Epoch: 400, Loss: 0.0327, Train: 99.99%, Valid: 88.21%, Test: 87.63%, Best Valid: 88.49%, Best Test: 87.91%
Epoch: 500, Loss: 0.0240, Train: 99.97%, Valid: 87.57%, Test: 87.59%, Best Valid: 88.49%, Best Test: 87.91%
Epoch: 600, Loss: 0.0234, Train: 100.00%, Valid: 87.71%, Test: 87.73%, Best Valid: 88.54%, Best Test: 88.21%
Epoch: 700, Loss: 0.0240, Train: 99.97%, Valid: 87.94%, Test: 87.49%, Best Valid: 88.54%, Best Test: 88.21%
Epoch: 800, Loss: 0.0249, Train: 99.97%, Valid: 87.40%, Test: 87.38%, Best Valid: 88.54%, Best Test: 88.21%
Epoch: 900, Loss: 0.0183, Train: 99.97%, Valid: 87.68%, Test: 87.63%, Best Valid: 88.68%, Best Test: 87.86%
Run 05:
Highest Train: 100.00
Highest Valid: 88.68
Highest Test: 88.62
Chosen epoch: 869
Final Train: 99.98
Final Test: 87.86
All runs:
Highest Train: 100.00 ± 0.00
Highest Test: 88.67 ± 0.54
Highest Valid: 88.57 ± 0.48
  Final Train: 99.98 ± 0.02
   Final Test: 87.98 ± 0.67
Saving results to results/mlp_gnn/roman-empire/MPNN_gat.csv

Running with MLP-GNN Regularization (lambda=0.4)...
