==========================================================
roman-empire / GAT rerun | Task 2
Job: 1013330 | Date: Tue Apr 28 04:18:22 PM EDT 2026 | Host: n0002
==========================================================
Tue Apr 28 16:18:26 2026       
+-----------------------------------------------------------------------------------------+
| NVIDIA-SMI 570.211.01             Driver Version: 570.211.01     CUDA Version: 12.8     |
|-----------------------------------------+------------------------+----------------------+
| GPU  Name                 Persistence-M | Bus-Id          Disp.A | Volatile Uncorr. ECC |
| Fan  Temp   Perf          Pwr:Usage/Cap |           Memory-Usage | GPU-Util  Compute M. |
|                                         |                        |               MIG M. |
|=========================================+========================+======================|
|   0  NVIDIA A100-SXM4-80GB          On  |   00000000:01:00.0 Off |                   On |
| N/A   43C    P0            199W /  500W |   11695MiB /  81920MiB |     N/A      Default |
|                                         |                        |              Enabled |
+-----------------------------------------+------------------------+----------------------+
|   1  NVIDIA A100-SXM4-80GB          On  |   00000000:41:00.0 Off |                   On |
| N/A   42C    P0            206W /  500W |   31209MiB /  81920MiB |     N/A      Default |
|                                         |                        |              Enabled |
+-----------------------------------------+------------------------+----------------------+
|   2  NVIDIA A100-SXM4-80GB          On  |   00000000:81:00.0 Off |                   On |
| N/A   42C    P0            142W /  500W |   20553MiB /  81920MiB |     N/A      Default |
|                                         |                        |              Enabled |
+-----------------------------------------+------------------------+----------------------+
|   3  NVIDIA A100-SXM4-80GB          On  |   00000000:C1:00.0 Off |                   On |
| N/A   29C    P0             86W /  500W |     765MiB /  81920MiB |     N/A      Default |
|                                         |                        |              Enabled |
+-----------------------------------------+------------------------+----------------------+

+-----------------------------------------------------------------------------------------+
| MIG devices:                                                                            |
+------------------+----------------------------------+-----------+-----------------------+
| GPU  GI  CI  MIG |                     Memory-Usage |        Vol|        Shared         |
|      ID  ID  Dev |                       BAR1-Usage | SM     Unc| CE ENC  DEC  OFA  JPG |
|                  |                                  |        ECC|                       |
|==================+==================================+===========+=======================|
|  2   10   0   0  |              27MiB /  9728MiB    | 14      0 |  1   0    0    0    0 |
|                  |                 0MiB / 16383MiB  |           |                       |
+------------------+----------------------------------+-----------+-----------------------+
                                                                                         
+-----------------------------------------------------------------------------------------+
| Processes:                                                                              |
|  GPU   GI   CI              PID   Type   Process name                        GPU Memory |
|        ID   ID                                                               Usage      |
|=========================================================================================|
|    0    1    0          3401451      C   python                                 6046MiB |
|    0   14    0          3403701      C   python                                 5454MiB |
|    1    2    0          3352786      C   ...hz54/envs/dist/bin/python3.10      20364MiB |
|    1    9    0          3369612      C   python                                 5192MiB |
|    1   10    0          3403506      C   python                                 5454MiB |
|    3    1    0          3402054      C   python                                  574MiB |
+-----------------------------------------------------------------------------------------+
1.12.1
True
NVIDIA A100-SXM4-80GB MIG 1g.10gb
==========================================================
Starting oracle_gnn Sweep for:
python main.py --gnn gat --dataset roman-empire     --hidden_channels 512 --epochs 1000 --lr 0.001 --runs 5     --local_layers 10 --weight_decay 5e-4 --dropout 0.3     --bn --res --device 0
==========================================================
Running Baseline (no reg)...
Namespace(bn=True, cpu=False, data_dir='./data/', dataset='roman-empire', device=0, display_step=100, dropout=0.3, epochs=1000, gnn='gat', hidden_channels=512, jk=False, label_num_per_class=20, lambda_val=0.5, ln=False, local_layers=10, lr=0.001, metric='acc', mlp_epochs=500, mlp_reg=False, model='MPNN', model_dir='./model/', num_heads=1, oracle_reg=False, pre_linear=False, pre_ln=False, rand_split=False, rand_split_class=False, reg_start_epoch=10, reg_update_freq=5, res=True, result_dir='results/oracle_gnn', runs=5, save_model=False, seed=42, test_num=1000, train_prop=0.5, use_reg=False, valid_num=500, valid_prop=0.25, weight_decay=0.0005)
roman-empire
dataset roman-empire | num nodes 22662 | num edge 32927 | num node feats 300 | num classes 18
MODEL: MPNNs(
  (h_lins): ModuleList()
  (local_convs): ModuleList(
    (0): GATConv(300, 512, heads=1)
    (1): GATConv(512, 512, heads=1)
    (2): GATConv(512, 512, heads=1)
    (3): GATConv(512, 512, heads=1)
    (4): GATConv(512, 512, heads=1)
    (5): GATConv(512, 512, heads=1)
    (6): GATConv(512, 512, heads=1)
    (7): GATConv(512, 512, heads=1)
    (8): GATConv(512, 512, heads=1)
    (9): GATConv(512, 512, heads=1)
  )
  (lins): ModuleList(
    (0): Linear(in_features=300, out_features=512, bias=True)
    (1): Linear(in_features=512, out_features=512, bias=True)
    (2): Linear(in_features=512, out_features=512, bias=True)
    (3): Linear(in_features=512, out_features=512, bias=True)
    (4): Linear(in_features=512, out_features=512, bias=True)
    (5): Linear(in_features=512, out_features=512, bias=True)
    (6): Linear(in_features=512, out_features=512, bias=True)
    (7): Linear(in_features=512, out_features=512, bias=True)
    (8): Linear(in_features=512, out_features=512, bias=True)
    (9): Linear(in_features=512, out_features=512, bias=True)
  )
  (lns): ModuleList(
    (0): LayerNorm((512,), eps=1e-05, elementwise_affine=True)
    (1): LayerNorm((512,), eps=1e-05, elementwise_affine=True)
    (2): LayerNorm((512,), eps=1e-05, elementwise_affine=True)
    (3): LayerNorm((512,), eps=1e-05, elementwise_affine=True)
    (4): LayerNorm((512,), eps=1e-05, elementwise_affine=True)
    (5): LayerNorm((512,), eps=1e-05, elementwise_affine=True)
    (6): LayerNorm((512,), eps=1e-05, elementwise_affine=True)
    (7): LayerNorm((512,), eps=1e-05, elementwise_affine=True)
    (8): LayerNorm((512,), eps=1e-05, elementwise_affine=True)
    (9): LayerNorm((512,), eps=1e-05, elementwise_affine=True)
  )
  (bns): ModuleList(
    (0): BatchNorm1d(512, eps=1e-05, momentum=0.1, affine=True, track_running_stats=True)
    (1): BatchNorm1d(512, eps=1e-05, momentum=0.1, affine=True, track_running_stats=True)
    (2): BatchNorm1d(512, eps=1e-05, momentum=0.1, affine=True, track_running_stats=True)
    (3): BatchNorm1d(512, eps=1e-05, momentum=0.1, affine=True, track_running_stats=True)
    (4): BatchNorm1d(512, eps=1e-05, momentum=0.1, affine=True, track_running_stats=True)
    (5): BatchNorm1d(512, eps=1e-05, momentum=0.1, affine=True, track_running_stats=True)
    (6): BatchNorm1d(512, eps=1e-05, momentum=0.1, affine=True, track_running_stats=True)
    (7): BatchNorm1d(512, eps=1e-05, momentum=0.1, affine=True, track_running_stats=True)
    (8): BatchNorm1d(512, eps=1e-05, momentum=0.1, affine=True, track_running_stats=True)
    (9): BatchNorm1d(512, eps=1e-05, momentum=0.1, affine=True, track_running_stats=True)
  )
  (lin_in): Linear(in_features=300, out_features=512, bias=True)
  (pred_local): Linear(in_features=512, out_features=18, bias=True)
)
Epoch: 00, Loss: 3.0176, Train: 13.83%, Valid: 13.82%, Test: 13.82%, Best Valid: 13.82%, Best Test: 13.82%
Epoch: 100, Loss: 0.2370, Train: 95.08%, Valid: 80.71%, Test: 80.09%, Best Valid: 81.08%, Best Test: 79.86%
Epoch: 200, Loss: 0.0468, Train: 99.89%, Valid: 84.91%, Test: 85.05%, Best Valid: 85.33%, Best Test: 84.96%
Epoch: 300, Loss: 0.0271, Train: 99.96%, Valid: 86.30%, Test: 85.79%, Best Valid: 86.57%, Best Test: 86.36%
Epoch: 400, Loss: 0.0202, Train: 99.99%, Valid: 86.55%, Test: 86.57%, Best Valid: 87.24%, Best Test: 86.82%
Epoch: 500, Loss: 0.0239, Train: 99.98%, Valid: 86.92%, Test: 86.59%, Best Valid: 87.61%, Best Test: 87.05%
Epoch: 600, Loss: 0.0210, Train: 99.96%, Valid: 87.15%, Test: 87.36%, Best Valid: 87.68%, Best Test: 86.67%
Epoch: 700, Loss: 0.0155, Train: 100.00%, Valid: 86.69%, Test: 86.99%, Best Valid: 87.68%, Best Test: 86.67%
Epoch: 800, Loss: 0.0197, Train: 99.99%, Valid: 86.48%, Test: 86.71%, Best Valid: 87.68%, Best Test: 86.67%
Epoch: 900, Loss: 0.0176, Train: 99.99%, Valid: 87.08%, Test: 87.45%, Best Valid: 87.91%, Best Test: 87.56%
Run 01:
Highest Train: 100.00
Highest Valid: 87.91
Highest Test: 87.93
Chosen epoch: 873
Final Train: 100.00
Final Test: 87.56
Epoch: 00, Loss: 2.9905, Train: 13.83%, Valid: 13.82%, Test: 13.84%, Best Valid: 13.82%, Best Test: 13.84%
Epoch: 100, Loss: 0.2484, Train: 95.99%, Valid: 81.39%, Test: 81.42%, Best Valid: 81.64%, Best Test: 81.56%
Epoch: 200, Loss: 0.0412, Train: 99.93%, Valid: 86.20%, Test: 85.86%, Best Valid: 86.64%, Best Test: 86.04%
Epoch: 300, Loss: 0.0254, Train: 99.99%, Valid: 87.34%, Test: 86.96%, Best Valid: 87.57%, Best Test: 87.22%
Epoch: 400, Loss: 0.0236, Train: 99.98%, Valid: 87.75%, Test: 87.93%, Best Valid: 88.37%, Best Test: 87.93%
Epoch: 500, Loss: 0.0158, Train: 99.99%, Valid: 88.07%, Test: 88.30%, Best Valid: 88.95%, Best Test: 88.49%
Epoch: 600, Loss: 0.0224, Train: 99.99%, Valid: 88.72%, Test: 88.69%, Best Valid: 88.97%, Best Test: 88.65%
Epoch: 700, Loss: 0.0181, Train: 100.00%, Valid: 88.65%, Test: 88.48%, Best Valid: 89.00%, Best Test: 88.49%
Epoch: 800, Loss: 0.0223, Train: 99.98%, Valid: 88.90%, Test: 88.69%, Best Valid: 89.13%, Best Test: 88.49%
Epoch: 900, Loss: 0.0198, Train: 100.00%, Valid: 88.38%, Test: 88.48%, Best Valid: 89.25%, Best Test: 88.97%
Run 02:
Highest Train: 100.00
Highest Valid: 89.25
Highest Test: 89.04
Chosen epoch: 818
Final Train: 99.98
Final Test: 88.97
Epoch: 00, Loss: 2.9880, Train: 5.99%, Valid: 6.00%, Test: 6.00%, Best Valid: 6.00%, Best Test: 6.00%
Epoch: 100, Loss: 0.3576, Train: 91.62%, Valid: 79.52%, Test: 79.95%, Best Valid: 79.52%, Best Test: 79.95%
Epoch: 200, Loss: 0.0592, Train: 99.75%, Valid: 84.59%, Test: 85.25%, Best Valid: 85.42%, Best Test: 85.79%
Epoch: 300, Loss: 0.0314, Train: 99.99%, Valid: 85.97%, Test: 86.69%, Best Valid: 86.99%, Best Test: 87.08%
Epoch: 400, Loss: 0.0235, Train: 99.99%, Valid: 87.18%, Test: 87.54%, Best Valid: 87.43%, Best Test: 87.65%
Epoch: 500, Loss: 0.0203, Train: 100.00%, Valid: 86.51%, Test: 87.80%, Best Valid: 87.50%, Best Test: 87.82%
Epoch: 600, Loss: 0.0188, Train: 100.00%, Valid: 87.33%, Test: 88.05%, Best Valid: 87.73%, Best Test: 87.91%
Epoch: 700, Loss: 0.0179, Train: 99.89%, Valid: 86.11%, Test: 87.15%, Best Valid: 87.73%, Best Test: 87.91%
Epoch: 800, Loss: 0.0178, Train: 99.99%, Valid: 87.36%, Test: 87.50%, Best Valid: 87.73%, Best Test: 87.91%
Epoch: 900, Loss: 0.0166, Train: 100.00%, Valid: 86.65%, Test: 87.86%, Best Valid: 87.89%, Best Test: 88.33%
Run 03:
Highest Train: 100.00
Highest Valid: 87.89
Highest Test: 88.44
Chosen epoch: 840
Final Train: 100.00
Final Test: 88.33
Epoch: 00, Loss: 2.9935, Train: 1.46%, Valid: 1.45%, Test: 1.45%, Best Valid: 1.45%, Best Test: 1.45%
Epoch: 100, Loss: 0.3441, Train: 93.32%, Valid: 82.45%, Test: 81.80%, Best Valid: 82.45%, Best Test: 81.80%
Epoch: 200, Loss: 0.0563, Train: 99.87%, Valid: 86.51%, Test: 86.66%, Best Valid: 86.81%, Best Test: 86.45%
Epoch: 300, Loss: 0.0357, Train: 99.98%, Valid: 87.45%, Test: 87.12%, Best Valid: 88.30%, Best Test: 87.59%
Epoch: 400, Loss: 0.0223, Train: 99.93%, Valid: 87.57%, Test: 87.19%, Best Valid: 88.63%, Best Test: 88.00%
Epoch: 500, Loss: 0.0318, Train: 99.94%, Valid: 88.08%, Test: 87.49%, Best Valid: 88.63%, Best Test: 88.00%
Epoch: 600, Loss: 0.0154, Train: 99.98%, Valid: 88.42%, Test: 88.26%, Best Valid: 88.90%, Best Test: 88.18%
Epoch: 700, Loss: 0.0174, Train: 99.89%, Valid: 87.96%, Test: 87.84%, Best Valid: 89.13%, Best Test: 88.51%
Epoch: 800, Loss: 0.0192, Train: 99.97%, Valid: 88.61%, Test: 87.65%, Best Valid: 89.16%, Best Test: 88.58%
Epoch: 900, Loss: 0.0161, Train: 99.96%, Valid: 87.89%, Test: 87.42%, Best Valid: 89.16%, Best Test: 88.58%
Run 04:
Highest Train: 100.00
Highest Valid: 89.16
Highest Test: 88.85
Chosen epoch: 751
Final Train: 99.98
Final Test: 88.58
Epoch: 00, Loss: 2.9715, Train: 13.74%, Valid: 14.05%, Test: 13.77%, Best Valid: 14.05%, Best Test: 13.77%
Epoch: 100, Loss: 0.2273, Train: 96.76%, Valid: 80.74%, Test: 80.99%, Best Valid: 81.11%, Best Test: 81.15%
Epoch: 200, Loss: 0.0391, Train: 99.97%, Valid: 85.42%, Test: 85.25%, Best Valid: 85.42%, Best Test: 85.25%
Epoch: 300, Loss: 0.0246, Train: 99.99%, Valid: 86.23%, Test: 85.55%, Best Valid: 86.58%, Best Test: 85.97%
Epoch: 400, Loss: 0.0241, Train: 99.98%, Valid: 86.62%, Test: 86.02%, Best Valid: 86.94%, Best Test: 86.02%
Epoch: 500, Loss: 0.0195, Train: 99.99%, Valid: 86.28%, Test: 87.08%, Best Valid: 86.95%, Best Test: 87.05%
Epoch: 600, Loss: 0.0205, Train: 99.99%, Valid: 86.39%, Test: 86.97%, Best Valid: 87.43%, Best Test: 87.13%
Epoch: 700, Loss: 0.0164, Train: 99.99%, Valid: 86.21%, Test: 86.69%, Best Valid: 87.43%, Best Test: 87.13%
Epoch: 800, Loss: 0.0160, Train: 100.00%, Valid: 86.81%, Test: 86.85%, Best Valid: 87.43%, Best Test: 87.13%
Epoch: 900, Loss: 0.0156, Train: 99.97%, Valid: 86.21%, Test: 86.52%, Best Valid: 87.50%, Best Test: 87.36%
Run 05:
Highest Train: 100.00
Highest Valid: 87.50
Highest Test: 87.82
Chosen epoch: 828
Final Train: 100.00
Final Test: 87.36
All runs:
Highest Train: 100.00 ± 0.00
Highest Test: 88.42 ± 0.54
Highest Valid: 88.34 ± 0.81
  Final Train: 99.99 ± 0.01
   Final Test: 88.16 ± 0.68
Saving results to results/oracle_gnn/roman-empire/MPNN_gat.csv

Running with Oracle Regularization (lambda=0.01)...
Namespace(bn=True, cpu=False, data_dir='./data/', dataset='roman-empire', device=0, display_step=100, dropout=0.3, epochs=1000, gnn='gat', hidden_channels=512, jk=False, label_num_per_class=20, lambda_val=0.01, ln=False, local_layers=10, lr=0.001, metric='acc', mlp_epochs=500, mlp_reg=False, model='MPNN', model_dir='./model/', num_heads=1, oracle_reg=True, pre_linear=False, pre_ln=False, rand_split=False, rand_split_class=False, reg_start_epoch=10, reg_update_freq=5, res=True, result_dir='results/oracle_gnn', runs=5, save_model=False, seed=42, test_num=1000, train_prop=0.5, use_reg=True, valid_num=500, valid_prop=0.25, weight_decay=0.0005)
roman-empire
dataset roman-empire | num nodes 22662 | num edge 32927 | num node feats 300 | num classes 18
MODEL: MPNNs(
  (h_lins): ModuleList()
  (local_convs): ModuleList(
    (0): GATConv(300, 512, heads=1)
    (1): GATConv(512, 512, heads=1)
    (2): GATConv(512, 512, heads=1)
    (3): GATConv(512, 512, heads=1)
    (4): GATConv(512, 512, heads=1)
    (5): GATConv(512, 512, heads=1)
    (6): GATConv(512, 512, heads=1)
    (7): GATConv(512, 512, heads=1)
    (8): GATConv(512, 512, heads=1)
    (9): GATConv(512, 512, heads=1)
  )
  (lins): ModuleList(
    (0): Linear(in_features=300, out_features=512, bias=True)
    (1): Linear(in_features=512, out_features=512, bias=True)
    (2): Linear(in_features=512, out_features=512, bias=True)
    (3): Linear(in_features=512, out_features=512, bias=True)
    (4): Linear(in_features=512, out_features=512, bias=True)
    (5): Linear(in_features=512, out_features=512, bias=True)
    (6): Linear(in_features=512, out_features=512, bias=True)
    (7): Linear(in_features=512, out_features=512, bias=True)
    (8): Linear(in_features=512, out_features=512, bias=True)
    (9): Linear(in_features=512, out_features=512, bias=True)
  )
  (lns): ModuleList(
    (0): LayerNorm((512,), eps=1e-05, elementwise_affine=True)
    (1): LayerNorm((512,), eps=1e-05, elementwise_affine=True)
    (2): LayerNorm((512,), eps=1e-05, elementwise_affine=True)
    (3): LayerNorm((512,), eps=1e-05, elementwise_affine=True)
    (4): LayerNorm((512,), eps=1e-05, elementwise_affine=True)
    (5): LayerNorm((512,), eps=1e-05, elementwise_affine=True)
    (6): LayerNorm((512,), eps=1e-05, elementwise_affine=True)
    (7): LayerNorm((512,), eps=1e-05, elementwise_affine=True)
    (8): LayerNorm((512,), eps=1e-05, elementwise_affine=True)
    (9): LayerNorm((512,), eps=1e-05, elementwise_affine=True)
  )
  (bns): ModuleList(
    (0): BatchNorm1d(512, eps=1e-05, momentum=0.1, affine=True, track_running_stats=True)
    (1): BatchNorm1d(512, eps=1e-05, momentum=0.1, affine=True, track_running_stats=True)
    (2): BatchNorm1d(512, eps=1e-05, momentum=0.1, affine=True, track_running_stats=True)
    (3): BatchNorm1d(512, eps=1e-05, momentum=0.1, affine=True, track_running_stats=True)
    (4): BatchNorm1d(512, eps=1e-05, momentum=0.1, affine=True, track_running_stats=True)
    (5): BatchNorm1d(512, eps=1e-05, momentum=0.1, affine=True, track_running_stats=True)
    (6): BatchNorm1d(512, eps=1e-05, momentum=0.1, affine=True, track_running_stats=True)
    (7): BatchNorm1d(512, eps=1e-05, momentum=0.1, affine=True, track_running_stats=True)
    (8): BatchNorm1d(512, eps=1e-05, momentum=0.1, affine=True, track_running_stats=True)
    (9): BatchNorm1d(512, eps=1e-05, momentum=0.1, affine=True, track_running_stats=True)
  )
  (lin_in): Linear(in_features=300, out_features=512, bias=True)
  (pred_local): Linear(in_features=512, out_features=18, bias=True)
)
Computing oracle penalty matrix from true labels...
Oracle penalty matrix frozen.
Epoch: 00, Loss: 3.0478, Train: 13.83%, Valid: 13.82%, Test: 13.82%, Best Valid: 13.82%, Best Test: 13.82%
Epoch: 100, Loss: 0.2426, Train: 95.33%, Valid: 80.00%, Test: 80.13%, Best Valid: 80.49%, Best Test: 80.39%
Epoch: 200, Loss: 0.0437, Train: 99.87%, Valid: 84.85%, Test: 83.85%, Best Valid: 85.37%, Best Test: 84.47%
Epoch: 300, Loss: 0.0285, Train: 99.96%, Valid: 86.73%, Test: 86.69%, Best Valid: 86.78%, Best Test: 85.69%
Epoch: 400, Loss: 0.0224, Train: 99.99%, Valid: 86.04%, Test: 86.39%, Best Valid: 87.40%, Best Test: 86.80%
Epoch: 500, Loss: 0.0205, Train: 99.97%, Valid: 86.09%, Test: 86.76%, Best Valid: 87.47%, Best Test: 86.37%
Epoch: 600, Loss: 0.0167, Train: 99.99%, Valid: 86.85%, Test: 87.27%, Best Valid: 87.89%, Best Test: 87.33%
Epoch: 700, Loss: 0.0188, Train: 100.00%, Valid: 87.36%, Test: 86.75%, Best Valid: 87.93%, Best Test: 87.26%
Epoch: 800, Loss: 0.0171, Train: 99.97%, Valid: 87.31%, Test: 87.12%, Best Valid: 87.93%, Best Test: 87.26%
Epoch: 900, Loss: 0.0186, Train: 100.00%, Valid: 87.38%, Test: 87.31%, Best Valid: 87.93%, Best Test: 87.26%
Run 01:
Highest Train: 100.00
Highest Valid: 88.03
Highest Test: 88.00
Chosen epoch: 951
Final Train: 99.97
Final Test: 87.26
Computing oracle penalty matrix from true labels...
Oracle penalty matrix frozen.
Epoch: 00, Loss: 3.0204, Train: 13.83%, Valid: 13.84%, Test: 13.84%, Best Valid: 13.84%, Best Test: 13.84%
Epoch: 100, Loss: 0.2540, Train: 95.55%, Valid: 81.47%, Test: 81.47%, Best Valid: 81.62%, Best Test: 81.80%
Epoch: 200, Loss: 0.0411, Train: 99.91%, Valid: 86.25%, Test: 86.13%, Best Valid: 86.73%, Best Test: 86.02%
Epoch: 300, Loss: 0.0266, Train: 99.99%, Valid: 87.31%, Test: 87.38%, Best Valid: 88.12%, Best Test: 87.56%
Epoch: 400, Loss: 0.0259, Train: 99.99%, Valid: 87.48%, Test: 87.49%, Best Valid: 88.56%, Best Test: 88.19%
Epoch: 500, Loss: 0.0188, Train: 99.99%, Valid: 88.56%, Test: 88.33%, Best Valid: 88.68%, Best Test: 88.23%
Epoch: 600, Loss: 0.0245, Train: 99.98%, Valid: 88.76%, Test: 88.32%, Best Valid: 89.06%, Best Test: 88.32%
Epoch: 700, Loss: 0.0148, Train: 99.99%, Valid: 88.40%, Test: 87.98%, Best Valid: 89.09%, Best Test: 88.88%
Epoch: 800, Loss: 0.0173, Train: 100.00%, Valid: 88.24%, Test: 88.33%, Best Valid: 89.14%, Best Test: 88.42%
Epoch: 900, Loss: 0.0177, Train: 99.94%, Valid: 88.10%, Test: 87.84%, Best Valid: 89.14%, Best Test: 88.42%
Run 02:
Highest Train: 100.00
Highest Valid: 89.14
Highest Test: 89.08
Chosen epoch: 732
Final Train: 99.98
Final Test: 88.42
Computing oracle penalty matrix from true labels...
Oracle penalty matrix frozen.
Epoch: 00, Loss: 3.0179, Train: 5.99%, Valid: 6.00%, Test: 6.00%, Best Valid: 6.00%, Best Test: 6.00%
Epoch: 100, Loss: 0.3440, Train: 93.30%, Valid: 79.68%, Test: 80.90%, Best Valid: 79.68%, Best Test: 80.90%
Epoch: 200, Loss: 0.0632, Train: 99.93%, Valid: 84.64%, Test: 85.86%, Best Valid: 84.96%, Best Test: 85.97%
Epoch: 300, Loss: 0.0314, Train: 99.98%, Valid: 86.13%, Test: 86.83%, Best Valid: 86.39%, Best Test: 86.75%
Epoch: 400, Loss: 0.0253, Train: 99.97%, Valid: 86.20%, Test: 86.67%, Best Valid: 86.74%, Best Test: 87.19%
Epoch: 500, Loss: 0.0218, Train: 99.96%, Valid: 86.25%, Test: 87.22%, Best Valid: 87.11%, Best Test: 87.65%
Epoch: 600, Loss: 0.0160, Train: 100.00%, Valid: 86.69%, Test: 87.38%, Best Valid: 87.13%, Best Test: 87.77%
Epoch: 700, Loss: 0.0148, Train: 99.99%, Valid: 86.60%, Test: 87.59%, Best Valid: 87.57%, Best Test: 87.89%
Epoch: 800, Loss: 0.0166, Train: 100.00%, Valid: 87.36%, Test: 87.86%, Best Valid: 87.73%, Best Test: 88.26%
Epoch: 900, Loss: 0.0194, Train: 100.00%, Valid: 86.71%, Test: 87.12%, Best Valid: 87.73%, Best Test: 88.26%
Run 03:
Highest Train: 100.00
Highest Valid: 87.73
Highest Test: 88.42
Chosen epoch: 799
Final Train: 100.00
Final Test: 88.26
Computing oracle penalty matrix from true labels...
Oracle penalty matrix frozen.
Epoch: 00, Loss: 3.0234, Train: 1.46%, Valid: 1.45%, Test: 1.45%, Best Valid: 1.45%, Best Test: 1.45%
Epoch: 100, Loss: 0.3261, Train: 93.62%, Valid: 82.51%, Test: 81.57%, Best Valid: 82.51%, Best Test: 81.57%
Epoch: 200, Loss: 0.0522, Train: 99.81%, Valid: 86.25%, Test: 85.95%, Best Valid: 86.48%, Best Test: 86.34%
Epoch: 300, Loss: 0.0309, Train: 99.97%, Valid: 86.74%, Test: 86.83%, Best Valid: 87.82%, Best Test: 86.97%
Epoch: 400, Loss: 0.0226, Train: 99.97%, Valid: 87.41%, Test: 87.12%, Best Valid: 88.38%, Best Test: 88.00%
Epoch: 500, Loss: 0.0198, Train: 100.00%, Valid: 88.03%, Test: 87.70%, Best Valid: 88.84%, Best Test: 88.19%
Epoch: 600, Loss: 0.0162, Train: 99.96%, Valid: 87.96%, Test: 87.50%, Best Valid: 89.16%, Best Test: 88.28%
Epoch: 700, Loss: 0.0186, Train: 99.98%, Valid: 88.23%, Test: 87.77%, Best Valid: 89.16%, Best Test: 88.28%
Epoch: 800, Loss: 0.0177, Train: 99.97%, Valid: 88.00%, Test: 87.38%, Best Valid: 89.16%, Best Test: 88.28%
Epoch: 900, Loss: 0.0160, Train: 99.98%, Valid: 88.86%, Test: 88.09%, Best Valid: 89.16%, Best Test: 88.28%
Run 04:
Highest Train: 100.00
Highest Valid: 89.16
Highest Test: 88.60
Chosen epoch: 560
Final Train: 100.00
Final Test: 88.28
Computing oracle penalty matrix from true labels...
Oracle penalty matrix frozen.
Epoch: 00, Loss: 3.0012, Train: 13.74%, Valid: 14.05%, Test: 13.77%, Best Valid: 14.05%, Best Test: 13.77%
Epoch: 100, Loss: 0.2253, Train: 96.84%, Valid: 81.01%, Test: 80.34%, Best Valid: 81.01%, Best Test: 80.34%
Epoch: 200, Loss: 0.0360, Train: 99.98%, Valid: 85.10%, Test: 84.77%, Best Valid: 85.49%, Best Test: 84.77%
Epoch: 300, Loss: 0.0299, Train: 99.96%, Valid: 85.44%, Test: 85.63%, Best Valid: 86.30%, Best Test: 86.23%
Epoch: 400, Loss: 0.0200, Train: 100.00%, Valid: 86.58%, Test: 86.52%, Best Valid: 86.73%, Best Test: 86.50%
Epoch: 500, Loss: 0.0199, Train: 99.99%, Valid: 86.80%, Test: 86.82%, Best Valid: 86.80%, Best Test: 86.82%
Epoch: 600, Loss: 0.0214, Train: 100.00%, Valid: 86.34%, Test: 86.89%, Best Valid: 87.64%, Best Test: 86.92%
Epoch: 700, Loss: 0.0178, Train: 100.00%, Valid: 86.73%, Test: 86.85%, Best Valid: 87.64%, Best Test: 86.92%
Epoch: 800, Loss: 0.0169, Train: 99.99%, Valid: 86.37%, Test: 86.97%, Best Valid: 87.64%, Best Test: 86.92%
Epoch: 900, Loss: 0.0146, Train: 100.00%, Valid: 86.53%, Test: 86.45%, Best Valid: 87.64%, Best Test: 86.92%
Run 05:
Highest Train: 100.00
Highest Valid: 87.64
Highest Test: 87.73
Chosen epoch: 577
Final Train: 99.99
Final Test: 86.92
All runs:
Highest Train: 100.00 ± 0.00
Highest Test: 88.37 ± 0.52
Highest Valid: 88.34 ± 0.75
  Final Train: 99.99 ± 0.01
   Final Test: 87.83 ± 0.69
Saving results to results/oracle_gnn/roman-empire/MPNN_gat.csv

Running with Oracle Regularization (lambda=0.1)...
Namespace(bn=True, cpu=False, data_dir='./data/', dataset='roman-empire', device=0, display_step=100, dropout=0.3, epochs=1000, gnn='gat', hidden_channels=512, jk=False, label_num_per_class=20, lambda_val=0.1, ln=False, local_layers=10, lr=0.001, metric='acc', mlp_epochs=500, mlp_reg=False, model='MPNN', model_dir='./model/', num_heads=1, oracle_reg=True, pre_linear=False, pre_ln=False, rand_split=False, rand_split_class=False, reg_start_epoch=10, reg_update_freq=5, res=True, result_dir='results/oracle_gnn', runs=5, save_model=False, seed=42, test_num=1000, train_prop=0.5, use_reg=True, valid_num=500, valid_prop=0.25, weight_decay=0.0005)
roman-empire
dataset roman-empire | num nodes 22662 | num edge 32927 | num node feats 300 | num classes 18
MODEL: MPNNs(
  (h_lins): ModuleList()
  (local_convs): ModuleList(
    (0): GATConv(300, 512, heads=1)
    (1): GATConv(512, 512, heads=1)
    (2): GATConv(512, 512, heads=1)
    (3): GATConv(512, 512, heads=1)
    (4): GATConv(512, 512, heads=1)
    (5): GATConv(512, 512, heads=1)
    (6): GATConv(512, 512, heads=1)
    (7): GATConv(512, 512, heads=1)
    (8): GATConv(512, 512, heads=1)
    (9): GATConv(512, 512, heads=1)
  )
  (lins): ModuleList(
    (0): Linear(in_features=300, out_features=512, bias=True)
    (1): Linear(in_features=512, out_features=512, bias=True)
    (2): Linear(in_features=512, out_features=512, bias=True)
    (3): Linear(in_features=512, out_features=512, bias=True)
    (4): Linear(in_features=512, out_features=512, bias=True)
    (5): Linear(in_features=512, out_features=512, bias=True)
    (6): Linear(in_features=512, out_features=512, bias=True)
    (7): Linear(in_features=512, out_features=512, bias=True)
    (8): Linear(in_features=512, out_features=512, bias=True)
    (9): Linear(in_features=512, out_features=512, bias=True)
  )
  (lns): ModuleList(
    (0): LayerNorm((512,), eps=1e-05, elementwise_affine=True)
    (1): LayerNorm((512,), eps=1e-05, elementwise_affine=True)
    (2): LayerNorm((512,), eps=1e-05, elementwise_affine=True)
    (3): LayerNorm((512,), eps=1e-05, elementwise_affine=True)
    (4): LayerNorm((512,), eps=1e-05, elementwise_affine=True)
    (5): LayerNorm((512,), eps=1e-05, elementwise_affine=True)
    (6): LayerNorm((512,), eps=1e-05, elementwise_affine=True)
    (7): LayerNorm((512,), eps=1e-05, elementwise_affine=True)
    (8): LayerNorm((512,), eps=1e-05, elementwise_affine=True)
    (9): LayerNorm((512,), eps=1e-05, elementwise_affine=True)
  )
  (bns): ModuleList(
    (0): BatchNorm1d(512, eps=1e-05, momentum=0.1, affine=True, track_running_stats=True)
    (1): BatchNorm1d(512, eps=1e-05, momentum=0.1, affine=True, track_running_stats=True)
    (2): BatchNorm1d(512, eps=1e-05, momentum=0.1, affine=True, track_running_stats=True)
    (3): BatchNorm1d(512, eps=1e-05, momentum=0.1, affine=True, track_running_stats=True)
    (4): BatchNorm1d(512, eps=1e-05, momentum=0.1, affine=True, track_running_stats=True)
    (5): BatchNorm1d(512, eps=1e-05, momentum=0.1, affine=True, track_running_stats=True)
    (6): BatchNorm1d(512, eps=1e-05, momentum=0.1, affine=True, track_running_stats=True)
    (7): BatchNorm1d(512, eps=1e-05, momentum=0.1, affine=True, track_running_stats=True)
    (8): BatchNorm1d(512, eps=1e-05, momentum=0.1, affine=True, track_running_stats=True)
    (9): BatchNorm1d(512, eps=1e-05, momentum=0.1, affine=True, track_running_stats=True)
  )
  (lin_in): Linear(in_features=300, out_features=512, bias=True)
  (pred_local): Linear(in_features=512, out_features=18, bias=True)
)
Computing oracle penalty matrix from true labels...
Oracle penalty matrix frozen.
Epoch: 00, Loss: 3.3194, Train: 13.83%, Valid: 13.82%, Test: 13.82%, Best Valid: 13.82%, Best Test: 13.82%
Epoch: 100, Loss: 0.2835, Train: 95.57%, Valid: 81.77%, Test: 80.74%, Best Valid: 81.77%, Best Test: 80.74%
Epoch: 200, Loss: 0.0496, Train: 99.91%, Valid: 85.45%, Test: 85.10%, Best Valid: 85.70%, Best Test: 85.17%
Epoch: 300, Loss: 0.0271, Train: 99.99%, Valid: 86.87%, Test: 86.15%, Best Valid: 87.13%, Best Test: 86.29%
Epoch: 400, Loss: 0.0271, Train: 99.99%, Valid: 87.01%, Test: 86.48%, Best Valid: 87.56%, Best Test: 86.36%
Epoch: 500, Loss: 0.0285, Train: 99.98%, Valid: 87.57%, Test: 87.50%, Best Valid: 88.33%, Best Test: 87.35%
Epoch: 600, Loss: 0.0227, Train: 99.99%, Valid: 87.29%, Test: 87.63%, Best Valid: 88.33%, Best Test: 87.35%
Epoch: 700, Loss: 0.0169, Train: 100.00%, Valid: 87.80%, Test: 87.49%, Best Valid: 88.33%, Best Test: 87.35%
Epoch: 800, Loss: 0.0201, Train: 100.00%, Valid: 87.78%, Test: 87.06%, Best Valid: 88.67%, Best Test: 87.70%
Epoch: 900, Loss: 0.0170, Train: 99.96%, Valid: 87.98%, Test: 87.80%, Best Valid: 88.67%, Best Test: 87.70%
Run 01:
Highest Train: 100.00
Highest Valid: 88.67
Highest Test: 88.21
Chosen epoch: 768
Final Train: 99.99
Final Test: 87.70
Computing oracle penalty matrix from true labels...
Oracle penalty matrix frozen.
Epoch: 00, Loss: 3.2895, Train: 13.83%, Valid: 13.84%, Test: 13.84%, Best Valid: 13.84%, Best Test: 13.84%
Epoch: 100, Loss: 0.2535, Train: 95.98%, Valid: 80.46%, Test: 81.33%, Best Valid: 81.11%, Best Test: 81.01%
Epoch: 200, Loss: 0.0452, Train: 99.95%, Valid: 86.44%, Test: 86.52%, Best Valid: 86.67%, Best Test: 86.36%
Epoch: 300, Loss: 0.0309, Train: 99.98%, Valid: 87.31%, Test: 87.31%, Best Valid: 88.00%, Best Test: 87.65%
Epoch: 400, Loss: 0.0213, Train: 99.99%, Valid: 87.75%, Test: 87.45%, Best Valid: 88.83%, Best Test: 87.84%
Epoch: 500, Loss: 0.0207, Train: 100.00%, Valid: 88.58%, Test: 88.60%, Best Valid: 88.93%, Best Test: 88.37%
Epoch: 600, Loss: 0.0177, Train: 100.00%, Valid: 88.49%, Test: 87.73%, Best Valid: 89.11%, Best Test: 88.72%
Epoch: 700, Loss: 0.0205, Train: 99.98%, Valid: 88.28%, Test: 87.93%, Best Valid: 89.11%, Best Test: 88.72%
Epoch: 800, Loss: 0.0182, Train: 99.96%, Valid: 88.42%, Test: 87.96%, Best Valid: 89.30%, Best Test: 88.69%
Epoch: 900, Loss: 0.0167, Train: 99.98%, Valid: 88.93%, Test: 88.42%, Best Valid: 89.30%, Best Test: 88.69%
Run 02:
Highest Train: 100.00
Highest Valid: 89.30
Highest Test: 88.95
Chosen epoch: 766
Final Train: 99.99
Final Test: 88.69
Computing oracle penalty matrix from true labels...
Oracle penalty matrix frozen.
Epoch: 00, Loss: 3.2868, Train: 5.99%, Valid: 6.00%, Test: 6.00%, Best Valid: 6.00%, Best Test: 6.00%
Epoch: 100, Loss: 0.3702, Train: 93.21%, Valid: 80.23%, Test: 81.22%, Best Valid: 80.23%, Best Test: 81.22%
Epoch: 200, Loss: 0.0612, Train: 99.76%, Valid: 84.41%, Test: 85.79%, Best Valid: 85.19%, Best Test: 85.51%
Epoch: 300, Loss: 0.0323, Train: 99.99%, Valid: 85.77%, Test: 86.85%, Best Valid: 86.39%, Best Test: 86.90%
Epoch: 400, Loss: 0.0270, Train: 99.98%, Valid: 86.74%, Test: 87.22%, Best Valid: 87.18%, Best Test: 87.38%
Epoch: 500, Loss: 0.0200, Train: 99.98%, Valid: 86.94%, Test: 87.59%, Best Valid: 87.20%, Best Test: 87.59%
Epoch: 600, Loss: 0.0207, Train: 99.98%, Valid: 86.85%, Test: 87.56%, Best Valid: 87.68%, Best Test: 87.79%
Epoch: 700, Loss: 0.0212, Train: 99.93%, Valid: 86.76%, Test: 87.10%, Best Valid: 87.75%, Best Test: 87.45%
Epoch: 800, Loss: 0.0220, Train: 100.00%, Valid: 86.55%, Test: 87.05%, Best Valid: 87.87%, Best Test: 88.23%
Epoch: 900, Loss: 0.0223, Train: 99.99%, Valid: 87.40%, Test: 87.80%, Best Valid: 87.94%, Best Test: 88.10%
Run 03:
Highest Train: 100.00
Highest Valid: 87.94
Highest Test: 88.60
Chosen epoch: 853
Final Train: 100.00
Final Test: 88.10
Computing oracle penalty matrix from true labels...
Oracle penalty matrix frozen.
Epoch: 00, Loss: 3.2928, Train: 1.46%, Valid: 1.45%, Test: 1.45%, Best Valid: 1.45%, Best Test: 1.45%
Epoch: 100, Loss: 0.3244, Train: 94.51%, Valid: 81.85%, Test: 81.12%, Best Valid: 81.85%, Best Test: 81.12%
Epoch: 200, Loss: 0.0531, Train: 99.89%, Valid: 85.86%, Test: 85.53%, Best Valid: 85.95%, Best Test: 85.55%
Epoch: 300, Loss: 0.0344, Train: 99.97%, Valid: 86.85%, Test: 86.20%, Best Valid: 87.45%, Best Test: 87.33%
Epoch: 400, Loss: 0.0255, Train: 100.00%, Valid: 87.59%, Test: 86.73%, Best Valid: 88.12%, Best Test: 87.63%
Epoch: 500, Loss: 0.0242, Train: 99.98%, Valid: 87.77%, Test: 87.08%, Best Valid: 88.42%, Best Test: 87.12%
Epoch: 600, Loss: 0.0194, Train: 99.99%, Valid: 88.42%, Test: 87.72%, Best Valid: 88.77%, Best Test: 87.79%
Epoch: 700, Loss: 0.0207, Train: 99.97%, Valid: 88.23%, Test: 87.79%, Best Valid: 88.77%, Best Test: 87.79%
Epoch: 800, Loss: 0.0184, Train: 100.00%, Valid: 88.12%, Test: 87.33%, Best Valid: 88.77%, Best Test: 87.79%
Epoch: 900, Loss: 0.0182, Train: 100.00%, Valid: 88.77%, Test: 88.10%, Best Valid: 89.00%, Best Test: 88.07%
Run 04:
Highest Train: 100.00
Highest Valid: 89.04
Highest Test: 88.40
Chosen epoch: 904
Final Train: 100.00
Final Test: 87.95
Computing oracle penalty matrix from true labels...
Oracle penalty matrix frozen.
Epoch: 00, Loss: 3.2686, Train: 12.99%, Valid: 13.27%, Test: 12.85%, Best Valid: 13.27%, Best Test: 12.85%
Epoch: 100, Loss: 0.2559, Train: 96.07%, Valid: 79.29%, Test: 79.92%, Best Valid: 79.56%, Best Test: 80.16%
Epoch: 200, Loss: 0.0406, Train: 99.88%, Valid: 84.06%, Test: 84.13%, Best Valid: 84.87%, Best Test: 84.35%
Epoch: 300, Loss: 0.0296, Train: 100.00%, Valid: 85.68%, Test: 85.72%, Best Valid: 86.11%, Best Test: 86.11%
Epoch: 400, Loss: 0.0268, Train: 99.98%, Valid: 85.51%, Test: 85.56%, Best Valid: 86.76%, Best Test: 86.27%
Epoch: 500, Loss: 0.0206, Train: 99.97%, Valid: 86.13%, Test: 86.57%, Best Valid: 86.76%, Best Test: 86.27%
Epoch: 600, Loss: 0.0180, Train: 100.00%, Valid: 86.58%, Test: 87.06%, Best Valid: 87.10%, Best Test: 87.03%
Epoch: 700, Loss: 0.0196, Train: 99.99%, Valid: 86.02%, Test: 86.48%, Best Valid: 87.13%, Best Test: 86.96%
Epoch: 800, Loss: 0.0198, Train: 99.97%, Valid: 86.55%, Test: 87.38%, Best Valid: 87.18%, Best Test: 87.05%
Epoch: 900, Loss: 0.0224, Train: 100.00%, Valid: 86.88%, Test: 86.52%, Best Valid: 87.33%, Best Test: 86.29%
Run 05:
Highest Train: 100.00
Highest Valid: 87.33
Highest Test: 87.47
Chosen epoch: 858
Final Train: 100.00
Final Test: 86.29
All runs:
Highest Train: 100.00 ± 0.00
Highest Test: 88.33 ± 0.55
Highest Valid: 88.46 ± 0.81
  Final Train: 100.00 ± 0.00
   Final Test: 87.74 ± 0.89
Saving results to results/oracle_gnn/roman-empire/MPNN_gat.csv

Running with Oracle Regularization (lambda=0.2)...
Namespace(bn=True, cpu=False, data_dir='./data/', dataset='roman-empire', device=0, display_step=100, dropout=0.3, epochs=1000, gnn='gat', hidden_channels=512, jk=False, label_num_per_class=20, lambda_val=0.2, ln=False, local_layers=10, lr=0.001, metric='acc', mlp_epochs=500, mlp_reg=False, model='MPNN', model_dir='./model/', num_heads=1, oracle_reg=True, pre_linear=False, pre_ln=False, rand_split=False, rand_split_class=False, reg_start_epoch=10, reg_update_freq=5, res=True, result_dir='results/oracle_gnn', runs=5, save_model=False, seed=42, test_num=1000, train_prop=0.5, use_reg=True, valid_num=500, valid_prop=0.25, weight_decay=0.0005)
roman-empire
dataset roman-empire | num nodes 22662 | num edge 32927 | num node feats 300 | num classes 18
MODEL: MPNNs(
  (h_lins): ModuleList()
  (local_convs): ModuleList(
    (0): GATConv(300, 512, heads=1)
    (1): GATConv(512, 512, heads=1)
    (2): GATConv(512, 512, heads=1)
    (3): GATConv(512, 512, heads=1)
    (4): GATConv(512, 512, heads=1)
    (5): GATConv(512, 512, heads=1)
    (6): GATConv(512, 512, heads=1)
    (7): GATConv(512, 512, heads=1)
    (8): GATConv(512, 512, heads=1)
    (9): GATConv(512, 512, heads=1)
  )
  (lins): ModuleList(
    (0): Linear(in_features=300, out_features=512, bias=True)
    (1): Linear(in_features=512, out_features=512, bias=True)
    (2): Linear(in_features=512, out_features=512, bias=True)
    (3): Linear(in_features=512, out_features=512, bias=True)
    (4): Linear(in_features=512, out_features=512, bias=True)
    (5): Linear(in_features=512, out_features=512, bias=True)
    (6): Linear(in_features=512, out_features=512, bias=True)
    (7): Linear(in_features=512, out_features=512, bias=True)
    (8): Linear(in_features=512, out_features=512, bias=True)
    (9): Linear(in_features=512, out_features=512, bias=True)
  )
  (lns): ModuleList(
    (0): LayerNorm((512,), eps=1e-05, elementwise_affine=True)
    (1): LayerNorm((512,), eps=1e-05, elementwise_affine=True)
    (2): LayerNorm((512,), eps=1e-05, elementwise_affine=True)
    (3): LayerNorm((512,), eps=1e-05, elementwise_affine=True)
    (4): LayerNorm((512,), eps=1e-05, elementwise_affine=True)
    (5): LayerNorm((512,), eps=1e-05, elementwise_affine=True)
    (6): LayerNorm((512,), eps=1e-05, elementwise_affine=True)
    (7): LayerNorm((512,), eps=1e-05, elementwise_affine=True)
    (8): LayerNorm((512,), eps=1e-05, elementwise_affine=True)
    (9): LayerNorm((512,), eps=1e-05, elementwise_affine=True)
  )
  (bns): ModuleList(
    (0): BatchNorm1d(512, eps=1e-05, momentum=0.1, affine=True, track_running_stats=True)
    (1): BatchNorm1d(512, eps=1e-05, momentum=0.1, affine=True, track_running_stats=True)
    (2): BatchNorm1d(512, eps=1e-05, momentum=0.1, affine=True, track_running_stats=True)
    (3): BatchNorm1d(512, eps=1e-05, momentum=0.1, affine=True, track_running_stats=True)
    (4): BatchNorm1d(512, eps=1e-05, momentum=0.1, affine=True, track_running_stats=True)
    (5): BatchNorm1d(512, eps=1e-05, momentum=0.1, affine=True, track_running_stats=True)
    (6): BatchNorm1d(512, eps=1e-05, momentum=0.1, affine=True, track_running_stats=True)
    (7): BatchNorm1d(512, eps=1e-05, momentum=0.1, affine=True, track_running_stats=True)
    (8): BatchNorm1d(512, eps=1e-05, momentum=0.1, affine=True, track_running_stats=True)
    (9): BatchNorm1d(512, eps=1e-05, momentum=0.1, affine=True, track_running_stats=True)
  )
  (lin_in): Linear(in_features=300, out_features=512, bias=True)
  (pred_local): Linear(in_features=512, out_features=18, bias=True)
)
Computing oracle penalty matrix from true labels...
Oracle penalty matrix frozen.
Epoch: 00, Loss: 3.6211, Train: 13.83%, Valid: 13.82%, Test: 13.82%, Best Valid: 13.82%, Best Test: 13.82%
Epoch: 100, Loss: 0.3201, Train: 95.15%, Valid: 80.92%, Test: 80.69%, Best Valid: 81.04%, Best Test: 80.32%
Epoch: 200, Loss: 0.0524, Train: 99.93%, Valid: 85.88%, Test: 85.56%, Best Valid: 85.97%, Best Test: 85.16%
Epoch: 300, Loss: 0.0384, Train: 99.98%, Valid: 86.74%, Test: 85.69%, Best Valid: 86.74%, Best Test: 85.69%
Epoch: 400, Loss: 0.0261, Train: 99.96%, Valid: 86.95%, Test: 86.39%, Best Valid: 87.34%, Best Test: 86.45%
Epoch: 500, Loss: 0.0280, Train: 99.96%, Valid: 87.20%, Test: 87.01%, Best Valid: 87.77%, Best Test: 87.05%
Epoch: 600, Loss: 0.0214, Train: 99.95%, Valid: 87.22%, Test: 87.01%, Best Valid: 87.78%, Best Test: 87.05%
Epoch: 700, Loss: 0.0161, Train: 99.98%, Valid: 87.77%, Test: 87.24%, Best Valid: 87.98%, Best Test: 87.72%
Epoch: 800, Loss: 0.0175, Train: 99.96%, Valid: 87.34%, Test: 87.45%, Best Valid: 88.23%, Best Test: 87.61%
Epoch: 900, Loss: 0.0181, Train: 99.97%, Valid: 87.80%, Test: 87.15%, Best Valid: 88.23%, Best Test: 87.61%
Run 01:
Highest Train: 100.00
Highest Valid: 88.35
Highest Test: 88.10
Chosen epoch: 989
Final Train: 100.00
Final Test: 87.65
Computing oracle penalty matrix from true labels...
Oracle penalty matrix frozen.
Epoch: 00, Loss: 3.5886, Train: 13.84%, Valid: 13.82%, Test: 13.84%, Best Valid: 13.82%, Best Test: 13.84%
Epoch: 100, Loss: 0.2924, Train: 95.98%, Valid: 81.34%, Test: 81.06%, Best Valid: 81.64%, Best Test: 81.01%
Epoch: 200, Loss: 0.0562, Train: 99.97%, Valid: 87.06%, Test: 86.34%, Best Valid: 87.06%, Best Test: 86.34%
Epoch: 300, Loss: 0.0307, Train: 99.98%, Valid: 87.66%, Test: 87.49%, Best Valid: 87.89%, Best Test: 87.12%
Epoch: 400, Loss: 0.0293, Train: 99.96%, Valid: 87.63%, Test: 87.77%, Best Valid: 88.30%, Best Test: 87.42%
Epoch: 500, Loss: 0.0224, Train: 99.99%, Valid: 87.63%, Test: 88.10%, Best Valid: 88.76%, Best Test: 88.00%
Epoch: 600, Loss: 0.0249, Train: 99.96%, Valid: 88.79%, Test: 88.63%, Best Valid: 88.90%, Best Test: 88.30%
Epoch: 700, Loss: 0.0201, Train: 100.00%, Valid: 88.56%, Test: 88.35%, Best Valid: 89.02%, Best Test: 88.65%
Epoch: 800, Loss: 0.0224, Train: 99.92%, Valid: 87.43%, Test: 87.95%, Best Valid: 89.14%, Best Test: 88.69%
Epoch: 900, Loss: 0.0215, Train: 99.99%, Valid: 88.14%, Test: 88.60%, Best Valid: 89.14%, Best Test: 88.69%
Run 02:
Highest Train: 100.00
Highest Valid: 89.14
Highest Test: 89.16
Chosen epoch: 752
Final Train: 99.98
Final Test: 88.69
Computing oracle penalty matrix from true labels...
Oracle penalty matrix frozen.
Epoch: 00, Loss: 3.5856, Train: 5.99%, Valid: 6.00%, Test: 6.00%, Best Valid: 6.00%, Best Test: 6.00%
Epoch: 100, Loss: 0.3763, Train: 93.93%, Valid: 80.88%, Test: 81.45%, Best Valid: 80.88%, Best Test: 81.45%
Epoch: 200, Loss: 0.0700, Train: 99.94%, Valid: 85.07%, Test: 86.36%, Best Valid: 85.90%, Best Test: 86.29%
Epoch: 300, Loss: 0.0345, Train: 100.00%, Valid: 85.90%, Test: 86.73%, Best Valid: 86.60%, Best Test: 87.95%
Epoch: 400, Loss: 0.0275, Train: 99.99%, Valid: 86.57%, Test: 87.31%, Best Valid: 86.99%, Best Test: 87.63%
Epoch: 500, Loss: 0.0270, Train: 99.99%, Valid: 86.53%, Test: 87.42%, Best Valid: 87.24%, Best Test: 87.84%
Epoch: 600, Loss: 0.0307, Train: 100.00%, Valid: 86.88%, Test: 87.26%, Best Valid: 87.29%, Best Test: 87.49%
Epoch: 700, Loss: 0.0248, Train: 99.98%, Valid: 87.11%, Test: 87.49%, Best Valid: 87.40%, Best Test: 87.66%
Epoch: 800, Loss: 0.0273, Train: 100.00%, Valid: 87.04%, Test: 87.68%, Best Valid: 87.50%, Best Test: 87.86%
Epoch: 900, Loss: 0.0228, Train: 100.00%, Valid: 87.31%, Test: 87.42%, Best Valid: 88.07%, Best Test: 87.61%
Run 03:
Highest Train: 100.00
Highest Valid: 88.07
Highest Test: 88.28
Chosen epoch: 845
Final Train: 99.98
Final Test: 87.61
Computing oracle penalty matrix from true labels...
Oracle penalty matrix frozen.
Epoch: 00, Loss: 3.5922, Train: 1.46%, Valid: 1.45%, Test: 1.45%, Best Valid: 1.45%, Best Test: 1.45%
Epoch: 100, Loss: 0.4015, Train: 93.77%, Valid: 82.26%, Test: 81.82%, Best Valid: 82.26%, Best Test: 81.82%
Epoch: 200, Loss: 0.0682, Train: 99.83%, Valid: 86.28%, Test: 85.81%, Best Valid: 86.69%, Best Test: 86.30%
Epoch: 300, Loss: 0.0320, Train: 99.93%, Valid: 87.38%, Test: 87.13%, Best Valid: 87.71%, Best Test: 87.43%
Epoch: 400, Loss: 0.0347, Train: 100.00%, Valid: 87.50%, Test: 87.56%, Best Valid: 88.30%, Best Test: 87.75%
Epoch: 500, Loss: 0.0229, Train: 99.96%, Valid: 87.96%, Test: 87.29%, Best Valid: 88.84%, Best Test: 87.49%
Epoch: 600, Loss: 0.0220, Train: 99.91%, Valid: 87.61%, Test: 87.42%, Best Valid: 88.90%, Best Test: 88.09%
Epoch: 700, Loss: 0.0259, Train: 99.96%, Valid: 88.65%, Test: 87.93%, Best Valid: 88.90%, Best Test: 88.09%
Epoch: 800, Loss: 0.0179, Train: 99.99%, Valid: 88.61%, Test: 87.58%, Best Valid: 88.97%, Best Test: 88.09%
Epoch: 900, Loss: 0.0177, Train: 99.96%, Valid: 88.47%, Test: 87.79%, Best Valid: 89.36%, Best Test: 88.21%
Run 04:
Highest Train: 100.00
Highest Valid: 89.36
Highest Test: 88.60
Chosen epoch: 838
Final Train: 100.00
Final Test: 88.21
Computing oracle penalty matrix from true labels...
Oracle penalty matrix frozen.
Epoch: 00, Loss: 3.5657, Train: 9.74%, Valid: 10.15%, Test: 9.51%, Best Valid: 10.15%, Best Test: 9.51%
Epoch: 100, Loss: 0.2748, Train: 96.21%, Valid: 79.56%, Test: 79.39%, Best Valid: 79.59%, Best Test: 79.77%
Epoch: 200, Loss: 0.0499, Train: 99.94%, Valid: 84.57%, Test: 84.65%, Best Valid: 85.19%, Best Test: 84.75%
Epoch: 300, Loss: 0.0321, Train: 99.98%, Valid: 85.97%, Test: 85.47%, Best Valid: 86.48%, Best Test: 86.53%
Epoch: 400, Loss: 0.0277, Train: 99.98%, Valid: 86.74%, Test: 86.96%, Best Valid: 87.01%, Best Test: 87.17%
Epoch: 500, Loss: 0.0230, Train: 100.00%, Valid: 86.64%, Test: 87.35%, Best Valid: 87.77%, Best Test: 87.42%
Epoch: 600, Loss: 0.0235, Train: 99.99%, Valid: 86.83%, Test: 87.19%, Best Valid: 87.77%, Best Test: 87.42%
Epoch: 700, Loss: 0.0218, Train: 100.00%, Valid: 86.95%, Test: 86.62%, Best Valid: 87.80%, Best Test: 86.87%
Epoch: 800, Loss: 0.0217, Train: 99.96%, Valid: 87.54%, Test: 87.22%, Best Valid: 87.80%, Best Test: 86.87%
Epoch: 900, Loss: 0.0206, Train: 100.00%, Valid: 87.08%, Test: 87.06%, Best Valid: 87.80%, Best Test: 86.87%
Run 05:
Highest Train: 100.00
Highest Valid: 87.80
Highest Test: 87.96
Chosen epoch: 685
Final Train: 100.00
Final Test: 86.87
All runs:
Highest Train: 100.00 ± 0.00
Highest Test: 88.42 ± 0.48
Highest Valid: 88.54 ± 0.68
  Final Train: 99.99 ± 0.01
   Final Test: 87.80 ± 0.69
Saving results to results/oracle_gnn/roman-empire/MPNN_gat.csv

Running with Oracle Regularization (lambda=0.4)...
Namespace(bn=True, cpu=False, data_dir='./data/', dataset='roman-empire', device=0, display_step=100, dropout=0.3, epochs=1000, gnn='gat', hidden_channels=512, jk=False, label_num_per_class=20, lambda_val=0.4, ln=False, local_layers=10, lr=0.001, metric='acc', mlp_epochs=500, mlp_reg=False, model='MPNN', model_dir='./model/', num_heads=1, oracle_reg=True, pre_linear=False, pre_ln=False, rand_split=False, rand_split_class=False, reg_start_epoch=10, reg_update_freq=5, res=True, result_dir='results/oracle_gnn', runs=5, save_model=False, seed=42, test_num=1000, train_prop=0.5, use_reg=True, valid_num=500, valid_prop=0.25, weight_decay=0.0005)
roman-empire
dataset roman-empire | num nodes 22662 | num edge 32927 | num node feats 300 | num classes 18
MODEL: MPNNs(
  (h_lins): ModuleList()
  (local_convs): ModuleList(
    (0): GATConv(300, 512, heads=1)
    (1): GATConv(512, 512, heads=1)
    (2): GATConv(512, 512, heads=1)
    (3): GATConv(512, 512, heads=1)
    (4): GATConv(512, 512, heads=1)
    (5): GATConv(512, 512, heads=1)
    (6): GATConv(512, 512, heads=1)
    (7): GATConv(512, 512, heads=1)
    (8): GATConv(512, 512, heads=1)
    (9): GATConv(512, 512, heads=1)
  )
  (lins): ModuleList(
    (0): Linear(in_features=300, out_features=512, bias=True)
    (1): Linear(in_features=512, out_features=512, bias=True)
    (2): Linear(in_features=512, out_features=512, bias=True)
    (3): Linear(in_features=512, out_features=512, bias=True)
    (4): Linear(in_features=512, out_features=512, bias=True)
    (5): Linear(in_features=512, out_features=512, bias=True)
    (6): Linear(in_features=512, out_features=512, bias=True)
    (7): Linear(in_features=512, out_features=512, bias=True)
    (8): Linear(in_features=512, out_features=512, bias=True)
    (9): Linear(in_features=512, out_features=512, bias=True)
  )
  (lns): ModuleList(
    (0): LayerNorm((512,), eps=1e-05, elementwise_affine=True)
    (1): LayerNorm((512,), eps=1e-05, elementwise_affine=True)
    (2): LayerNorm((512,), eps=1e-05, elementwise_affine=True)
    (3): LayerNorm((512,), eps=1e-05, elementwise_affine=True)
    (4): LayerNorm((512,), eps=1e-05, elementwise_affine=True)
    (5): LayerNorm((512,), eps=1e-05, elementwise_affine=True)
    (6): LayerNorm((512,), eps=1e-05, elementwise_affine=True)
    (7): LayerNorm((512,), eps=1e-05, elementwise_affine=True)
    (8): LayerNorm((512,), eps=1e-05, elementwise_affine=True)
    (9): LayerNorm((512,), eps=1e-05, elementwise_affine=True)
  )
  (bns): ModuleList(
    (0): BatchNorm1d(512, eps=1e-05, momentum=0.1, affine=True, track_running_stats=True)
    (1): BatchNorm1d(512, eps=1e-05, momentum=0.1, affine=True, track_running_stats=True)
    (2): BatchNorm1d(512, eps=1e-05, momentum=0.1, affine=True, track_running_stats=True)
    (3): BatchNorm1d(512, eps=1e-05, momentum=0.1, affine=True, track_running_stats=True)
    (4): BatchNorm1d(512, eps=1e-05, momentum=0.1, affine=True, track_running_stats=True)
    (5): BatchNorm1d(512, eps=1e-05, momentum=0.1, affine=True, track_running_stats=True)
    (6): BatchNorm1d(512, eps=1e-05, momentum=0.1, affine=True, track_running_stats=True)
    (7): BatchNorm1d(512, eps=1e-05, momentum=0.1, affine=True, track_running_stats=True)
    (8): BatchNorm1d(512, eps=1e-05, momentum=0.1, affine=True, track_running_stats=True)
    (9): BatchNorm1d(512, eps=1e-05, momentum=0.1, affine=True, track_running_stats=True)
  )
  (lin_in): Linear(in_features=300, out_features=512, bias=True)
  (pred_local): Linear(in_features=512, out_features=18, bias=True)
)
Computing oracle penalty matrix from true labels...
Oracle penalty matrix frozen.
Epoch: 00, Loss: 4.2246, Train: 13.78%, Valid: 13.77%, Test: 13.80%, Best Valid: 13.77%, Best Test: 13.80%
Epoch: 100, Loss: 0.3764, Train: 95.18%, Valid: 81.06%, Test: 80.25%, Best Valid: 81.06%, Best Test: 80.25%
Epoch: 200, Loss: 0.0597, Train: 99.91%, Valid: 85.79%, Test: 85.02%, Best Valid: 85.97%, Best Test: 84.95%
Epoch: 300, Loss: 0.0355, Train: 99.96%, Valid: 86.69%, Test: 86.41%, Best Valid: 87.13%, Best Test: 86.45%
Epoch: 400, Loss: 0.0280, Train: 99.97%, Valid: 87.11%, Test: 86.67%, Best Valid: 87.40%, Best Test: 86.75%
Epoch: 500, Loss: 0.0302, Train: 99.99%, Valid: 87.66%, Test: 87.68%, Best Valid: 87.66%, Best Test: 87.68%
Epoch: 600, Loss: 0.0335, Train: 99.90%, Valid: 87.17%, Test: 86.96%, Best Valid: 88.60%, Best Test: 88.21%
Epoch: 700, Loss: 0.0229, Train: 99.97%, Valid: 87.01%, Test: 87.29%, Best Valid: 88.60%, Best Test: 88.21%
Epoch: 800, Loss: 0.0187, Train: 100.00%, Valid: 87.59%, Test: 87.12%, Best Valid: 88.60%, Best Test: 88.21%
Epoch: 900, Loss: 0.0183, Train: 99.95%, Valid: 87.56%, Test: 87.08%, Best Valid: 88.60%, Best Test: 88.21%
Run 01:
Highest Train: 100.00
Highest Valid: 88.60
Highest Test: 88.26
Chosen epoch: 584
Final Train: 99.99
Final Test: 88.21
Computing oracle penalty matrix from true labels...
Oracle penalty matrix frozen.
Epoch: 00, Loss: 4.1867, Train: 13.84%, Valid: 13.87%, Test: 13.91%, Best Valid: 13.87%, Best Test: 13.91%
Epoch: 100, Loss: 0.3264, Train: 96.51%, Valid: 80.28%, Test: 80.66%, Best Valid: 81.09%, Best Test: 80.90%
Epoch: 200, Loss: 0.0612, Train: 99.96%, Valid: 86.09%, Test: 86.07%, Best Valid: 86.28%, Best Test: 86.20%
Epoch: 300, Loss: 0.0414, Train: 100.00%, Valid: 86.92%, Test: 87.08%, Best Valid: 87.45%, Best Test: 87.35%
Epoch: 400, Loss: 0.0291, Train: 99.98%, Valid: 87.26%, Test: 87.45%, Best Valid: 88.46%, Best Test: 87.59%
Epoch: 500, Loss: 0.0296, Train: 100.00%, Valid: 87.63%, Test: 88.05%, Best Valid: 88.49%, Best Test: 87.61%
Epoch: 600, Loss: 0.0349, Train: 99.97%, Valid: 88.05%, Test: 87.56%, Best Valid: 89.04%, Best Test: 88.69%
Epoch: 700, Loss: 0.0327, Train: 99.97%, Valid: 88.72%, Test: 88.67%, Best Valid: 89.11%, Best Test: 88.51%
Epoch: 800, Loss: 0.0201, Train: 100.00%, Valid: 88.40%, Test: 88.74%, Best Valid: 89.11%, Best Test: 88.51%
Epoch: 900, Loss: 0.0223, Train: 99.99%, Valid: 88.28%, Test: 88.30%, Best Valid: 89.11%, Best Test: 88.51%
Run 02:
Highest Train: 100.00
Highest Valid: 89.11
Highest Test: 89.00
Chosen epoch: 613
Final Train: 99.99
Final Test: 88.51
Computing oracle penalty matrix from true labels...
Oracle penalty matrix frozen.
Epoch: 00, Loss: 4.1832, Train: 5.99%, Valid: 6.00%, Test: 6.00%, Best Valid: 6.00%, Best Test: 6.00%
Epoch: 100, Loss: 0.4550, Train: 93.50%, Valid: 80.79%, Test: 81.52%, Best Valid: 80.86%, Best Test: 81.33%
Epoch: 200, Loss: 0.0736, Train: 99.90%, Valid: 84.92%, Test: 86.15%, Best Valid: 85.67%, Best Test: 86.37%
Epoch: 300, Loss: 0.0386, Train: 99.99%, Valid: 86.60%, Test: 87.15%, Best Valid: 86.94%, Best Test: 87.54%
Epoch: 400, Loss: 0.0310, Train: 99.98%, Valid: 87.36%, Test: 87.89%, Best Valid: 87.36%, Best Test: 87.89%
Epoch: 500, Loss: 0.0247, Train: 99.99%, Valid: 87.10%, Test: 87.56%, Best Valid: 87.70%, Best Test: 87.88%
Epoch: 600, Loss: 0.0274, Train: 100.00%, Valid: 87.66%, Test: 88.51%, Best Valid: 88.00%, Best Test: 88.02%
Epoch: 700, Loss: 0.0279, Train: 99.99%, Valid: 86.88%, Test: 87.75%, Best Valid: 88.00%, Best Test: 88.02%
Epoch: 800, Loss: 0.0211, Train: 99.99%, Valid: 87.22%, Test: 87.73%, Best Valid: 88.10%, Best Test: 88.69%
Epoch: 900, Loss: 0.0264, Train: 99.98%, Valid: 86.88%, Test: 87.84%, Best Valid: 88.10%, Best Test: 88.69%
Run 03:
Highest Train: 100.00
Highest Valid: 88.10
Highest Test: 88.69
Chosen epoch: 792
Final Train: 99.99
Final Test: 88.69
Computing oracle penalty matrix from true labels...
Oracle penalty matrix frozen.
Epoch: 00, Loss: 4.1908, Train: 1.46%, Valid: 1.45%, Test: 1.45%, Best Valid: 1.45%, Best Test: 1.45%
Epoch: 100, Loss: 0.4734, Train: 93.43%, Valid: 82.19%, Test: 81.29%, Best Valid: 82.19%, Best Test: 81.29%
Epoch: 200, Loss: 0.0821, Train: 99.76%, Valid: 86.41%, Test: 86.15%, Best Valid: 86.74%, Best Test: 86.45%
Epoch: 300, Loss: 0.0393, Train: 100.00%, Valid: 87.96%, Test: 87.13%, Best Valid: 87.96%, Best Test: 87.13%
Epoch: 400, Loss: 0.0380, Train: 99.98%, Valid: 87.98%, Test: 87.40%, Best Valid: 88.51%, Best Test: 88.21%
Epoch: 500, Loss: 0.0372, Train: 99.94%, Valid: 87.70%, Test: 87.33%, Best Valid: 88.51%, Best Test: 88.21%
Epoch: 600, Loss: 0.0248, Train: 99.98%, Valid: 88.37%, Test: 87.70%, Best Valid: 88.68%, Best Test: 87.77%
Epoch: 700, Loss: 0.0249, Train: 99.96%, Valid: 88.03%, Test: 87.43%, Best Valid: 88.93%, Best Test: 88.26%
Epoch: 800, Loss: 0.0259, Train: 99.97%, Valid: 87.66%, Test: 87.45%, Best Valid: 88.93%, Best Test: 88.26%
Epoch: 900, Loss: 0.0232, Train: 100.00%, Valid: 88.38%, Test: 88.12%, Best Valid: 88.93%, Best Test: 88.26%
Run 04:
Highest Train: 100.00
Highest Valid: 88.93
Highest Test: 88.53
Chosen epoch: 670
Final Train: 100.00
Final Test: 88.26
Computing oracle penalty matrix from true labels...
Oracle penalty matrix frozen.
Epoch: 00, Loss: 4.1600, Train: 2.20%, Valid: 2.24%, Test: 2.19%, Best Valid: 2.24%, Best Test: 2.19%
Epoch: 100, Loss: 0.3187, Train: 96.88%, Valid: 79.88%, Test: 79.70%, Best Valid: 79.88%, Best Test: 79.70%
Epoch: 200, Loss: 0.0582, Train: 99.96%, Valid: 83.74%, Test: 83.36%, Best Valid: 85.00%, Best Test: 84.33%
Epoch: 300, Loss: 0.0351, Train: 99.96%, Valid: 85.58%, Test: 85.00%, Best Valid: 85.91%, Best Test: 85.76%
Epoch: 400, Loss: 0.0331, Train: 99.98%, Valid: 86.20%, Test: 86.23%, Best Valid: 86.43%, Best Test: 85.86%
Epoch: 500, Loss: 0.0311, Train: 99.99%, Valid: 86.62%, Test: 86.62%, Best Valid: 86.80%, Best Test: 86.71%
Epoch: 600, Loss: 0.0249, Train: 100.00%, Valid: 86.50%, Test: 86.69%, Best Valid: 86.94%, Best Test: 86.76%
Epoch: 700, Loss: 0.0206, Train: 100.00%, Valid: 86.62%, Test: 86.07%, Best Valid: 87.20%, Best Test: 87.63%
Epoch: 800, Loss: 0.0251, Train: 100.00%, Valid: 86.65%, Test: 86.37%, Best Valid: 87.40%, Best Test: 86.89%
Epoch: 900, Loss: 0.0236, Train: 99.99%, Valid: 86.58%, Test: 86.60%, Best Valid: 87.40%, Best Test: 86.89%
Run 05:
Highest Train: 100.00
Highest Valid: 87.50
Highest Test: 87.63
Chosen epoch: 984
Final Train: 100.00
Final Test: 87.38
All runs:
Highest Train: 100.00 ± 0.00
Highest Test: 88.42 ± 0.52
Highest Valid: 88.45 ± 0.65
  Final Train: 99.99 ± 0.00
   Final Test: 88.21 ± 0.50
Saving results to results/oracle_gnn/roman-empire/MPNN_gat.csv

Oracle sweep completed!
==========================================================
Task 2 completed at: Tue Apr 28 09:48:16 PM EDT 2026
==========================================================
