==========================================================
roman-empire / GAT rerun | Task 2
Job: 1013168 | Date: Tue Apr 28 02:04:36 PM EDT 2026 | Host: n0002
==========================================================
Tue Apr 28 14:04:40 2026       
+-----------------------------------------------------------------------------------------+
| NVIDIA-SMI 570.211.01             Driver Version: 570.211.01     CUDA Version: 12.8     |
|-----------------------------------------+------------------------+----------------------+
| GPU  Name                 Persistence-M | Bus-Id          Disp.A | Volatile Uncorr. ECC |
| Fan  Temp   Perf          Pwr:Usage/Cap |           Memory-Usage | GPU-Util  Compute M. |
|                                         |                        |               MIG M. |
|=========================================+========================+======================|
|   0  NVIDIA A100-SXM4-80GB          On  |   00000000:01:00.0 Off |                   On |
| N/A   39C    P0            148W /  500W |    6237MiB /  81920MiB |     N/A      Default |
|                                         |                        |              Enabled |
+-----------------------------------------+------------------------+----------------------+
|   1  NVIDIA A100-SXM4-80GB          On  |   00000000:41:00.0 Off |                   On |
| N/A   28C    P0             49W /  500W |     185MiB /  81920MiB |     N/A      Default |
|                                         |                        |              Enabled |
+-----------------------------------------+------------------------+----------------------+
|   2  NVIDIA A100-SXM4-80GB          On  |   00000000:81:00.0 Off |                   On |
| N/A   32C    P0             51W /  500W |     185MiB /  81920MiB |     N/A      Default |
|                                         |                        |              Enabled |
+-----------------------------------------+------------------------+----------------------+
|   3  NVIDIA A100-SXM4-80GB          On  |   00000000:C1:00.0 Off |                   On |
| N/A   29C    P0             85W /  500W |     765MiB /  81920MiB |     N/A      Default |
|                                         |                        |              Enabled |
+-----------------------------------------+------------------------+----------------------+

+-----------------------------------------------------------------------------------------+
| MIG devices:                                                                            |
+------------------+----------------------------------+-----------+-----------------------+
| GPU  GI  CI  MIG |                     Memory-Usage |        Vol|        Shared         |
|      ID  ID  Dev |                       BAR1-Usage | SM     Unc| CE ENC  DEC  OFA  JPG |
|                  |                                  |        ECC|                       |
|==================+==================================+===========+=======================|
|  1   10   0   0  |              27MiB /  9728MiB    | 14      0 |  1   0    0    0    0 |
|                  |                 0MiB / 16383MiB  |           |                       |
+------------------+----------------------------------+-----------+-----------------------+
                                                                                         
+-----------------------------------------------------------------------------------------+
| Processes:                                                                              |
|  GPU   GI   CI              PID   Type   Process name                        GPU Memory |
|        ID   ID                                                               Usage      |
|=========================================================================================|
|    0    1    0          3345975      C   python                                 6046MiB |
|    3    1    0          3346367      C   python                                  574MiB |
+-----------------------------------------------------------------------------------------+
1.12.1
True
NVIDIA A100-SXM4-80GB MIG 1g.10gb
==========================================================
Starting oracle_gnn Sweep for:
python main.py --gnn gat --dataset roman-empire     --hidden_channels 512 --epochs 1000 --lr 0.001 --runs 5     --local_layers 10 --weight_decay 5e-4 --dropout 0.3     --bn --res --device 0
==========================================================
Running Baseline (no reg)...
Namespace(bn=True, cpu=False, data_dir='./data/', dataset='roman-empire', device=0, display_step=100, dropout=0.3, epochs=1000, gnn='gat', hidden_channels=512, jk=False, label_num_per_class=20, lambda_val=0.5, ln=False, local_layers=10, lr=0.001, metric='acc', mlp_epochs=500, mlp_reg=False, model='MPNN', model_dir='./model/', num_heads=1, oracle_reg=False, pre_linear=False, pre_ln=False, rand_split=False, rand_split_class=False, reg_start_epoch=10, reg_update_freq=5, res=True, result_dir='results/oracle_gnn', runs=5, save_model=False, seed=42, test_num=1000, train_prop=0.5, use_reg=False, valid_num=500, valid_prop=0.25, weight_decay=0.0005)
roman-empire
dataset roman-empire | num nodes 22662 | num edge 32927 | num node feats 300 | num classes 18
MODEL: MPNNs(
  (h_lins): ModuleList()
  (local_convs): ModuleList(
    (0): GATConv(300, 512, heads=1)
    (1): GATConv(512, 512, heads=1)
    (2): GATConv(512, 512, heads=1)
    (3): GATConv(512, 512, heads=1)
    (4): GATConv(512, 512, heads=1)
    (5): GATConv(512, 512, heads=1)
    (6): GATConv(512, 512, heads=1)
    (7): GATConv(512, 512, heads=1)
    (8): GATConv(512, 512, heads=1)
    (9): GATConv(512, 512, heads=1)
  )
  (lins): ModuleList(
    (0): Linear(in_features=300, out_features=512, bias=True)
    (1): Linear(in_features=512, out_features=512, bias=True)
    (2): Linear(in_features=512, out_features=512, bias=True)
    (3): Linear(in_features=512, out_features=512, bias=True)
    (4): Linear(in_features=512, out_features=512, bias=True)
    (5): Linear(in_features=512, out_features=512, bias=True)
    (6): Linear(in_features=512, out_features=512, bias=True)
    (7): Linear(in_features=512, out_features=512, bias=True)
    (8): Linear(in_features=512, out_features=512, bias=True)
    (9): Linear(in_features=512, out_features=512, bias=True)
  )
  (lns): ModuleList(
    (0): LayerNorm((512,), eps=1e-05, elementwise_affine=True)
    (1): LayerNorm((512,), eps=1e-05, elementwise_affine=True)
    (2): LayerNorm((512,), eps=1e-05, elementwise_affine=True)
    (3): LayerNorm((512,), eps=1e-05, elementwise_affine=True)
    (4): LayerNorm((512,), eps=1e-05, elementwise_affine=True)
    (5): LayerNorm((512,), eps=1e-05, elementwise_affine=True)
    (6): LayerNorm((512,), eps=1e-05, elementwise_affine=True)
    (7): LayerNorm((512,), eps=1e-05, elementwise_affine=True)
    (8): LayerNorm((512,), eps=1e-05, elementwise_affine=True)
    (9): LayerNorm((512,), eps=1e-05, elementwise_affine=True)
  )
  (bns): ModuleList(
    (0): BatchNorm1d(512, eps=1e-05, momentum=0.1, affine=True, track_running_stats=True)
    (1): BatchNorm1d(512, eps=1e-05, momentum=0.1, affine=True, track_running_stats=True)
    (2): BatchNorm1d(512, eps=1e-05, momentum=0.1, affine=True, track_running_stats=True)
    (3): BatchNorm1d(512, eps=1e-05, momentum=0.1, affine=True, track_running_stats=True)
    (4): BatchNorm1d(512, eps=1e-05, momentum=0.1, affine=True, track_running_stats=True)
    (5): BatchNorm1d(512, eps=1e-05, momentum=0.1, affine=True, track_running_stats=True)
    (6): BatchNorm1d(512, eps=1e-05, momentum=0.1, affine=True, track_running_stats=True)
    (7): BatchNorm1d(512, eps=1e-05, momentum=0.1, affine=True, track_running_stats=True)
    (8): BatchNorm1d(512, eps=1e-05, momentum=0.1, affine=True, track_running_stats=True)
    (9): BatchNorm1d(512, eps=1e-05, momentum=0.1, affine=True, track_running_stats=True)
  )
  (lin_in): Linear(in_features=300, out_features=512, bias=True)
  (pred_local): Linear(in_features=512, out_features=18, bias=True)
)
Epoch: 00, Loss: 3.0176, Train: 13.83%, Valid: 13.82%, Test: 13.82%, Best Valid: 13.82%, Best Test: 13.82%
Epoch: 100, Loss: 0.2495, Train: 95.38%, Valid: 80.39%, Test: 80.36%, Best Valid: 80.51%, Best Test: 79.76%
Epoch: 200, Loss: 0.0424, Train: 99.88%, Valid: 85.90%, Test: 85.02%, Best Valid: 85.90%, Best Test: 85.02%
Epoch: 300, Loss: 0.0286, Train: 99.95%, Valid: 86.20%, Test: 85.56%, Best Valid: 86.95%, Best Test: 86.16%
Epoch: 400, Loss: 0.0207, Train: 99.97%, Valid: 87.22%, Test: 85.99%, Best Valid: 87.45%, Best Test: 87.01%
Epoch: 500, Loss: 0.0200, Train: 99.97%, Valid: 87.11%, Test: 86.82%, Best Valid: 87.80%, Best Test: 87.31%
Epoch: 600, Loss: 0.0183, Train: 99.98%, Valid: 87.59%, Test: 87.58%, Best Valid: 87.91%, Best Test: 87.98%
Epoch: 700, Loss: 0.0224, Train: 99.99%, Valid: 87.26%, Test: 86.94%, Best Valid: 88.05%, Best Test: 86.96%
Epoch: 800, Loss: 0.0168, Train: 99.98%, Valid: 87.22%, Test: 86.80%, Best Valid: 88.30%, Best Test: 87.95%
Epoch: 900, Loss: 0.0158, Train: 99.98%, Valid: 87.45%, Test: 87.31%, Best Valid: 88.30%, Best Test: 87.95%
Run 01:
Highest Train: 100.00
Highest Valid: 88.30
Highest Test: 88.14
Chosen epoch: 760
Final Train: 100.00
Final Test: 87.95
Epoch: 00, Loss: 2.9905, Train: 13.83%, Valid: 13.82%, Test: 13.84%, Best Valid: 13.82%, Best Test: 13.84%
Epoch: 100, Loss: 0.2449, Train: 95.76%, Valid: 80.99%, Test: 81.47%, Best Valid: 81.25%, Best Test: 81.27%
Epoch: 200, Loss: 0.0428, Train: 99.99%, Valid: 86.37%, Test: 86.22%, Best Valid: 86.37%, Best Test: 86.22%
Epoch: 300, Loss: 0.0309, Train: 100.00%, Valid: 86.97%, Test: 86.71%, Best Valid: 87.54%, Best Test: 87.08%
Epoch: 400, Loss: 0.0201, Train: 99.99%, Valid: 87.71%, Test: 88.00%, Best Valid: 88.70%, Best Test: 87.88%
Epoch: 500, Loss: 0.0227, Train: 99.97%, Valid: 88.31%, Test: 87.68%, Best Valid: 88.79%, Best Test: 87.98%
Epoch: 600, Loss: 0.0164, Train: 99.98%, Valid: 88.61%, Test: 87.79%, Best Valid: 88.86%, Best Test: 88.58%
Epoch: 700, Loss: 0.0205, Train: 100.00%, Valid: 87.91%, Test: 88.26%, Best Valid: 89.34%, Best Test: 88.44%
Epoch: 800, Loss: 0.0181, Train: 100.00%, Valid: 88.47%, Test: 88.86%, Best Valid: 89.34%, Best Test: 88.44%
Epoch: 900, Loss: 0.0149, Train: 99.95%, Valid: 88.42%, Test: 87.86%, Best Valid: 89.34%, Best Test: 88.44%
Run 02:
Highest Train: 100.00
Highest Valid: 89.34
Highest Test: 89.25
Chosen epoch: 632
Final Train: 100.00
Final Test: 88.44
Epoch: 00, Loss: 2.9880, Train: 5.99%, Valid: 6.00%, Test: 6.00%, Best Valid: 6.00%, Best Test: 6.00%
Epoch: 100, Loss: 0.3373, Train: 92.30%, Valid: 79.88%, Test: 80.48%, Best Valid: 79.88%, Best Test: 80.48%
Epoch: 200, Loss: 0.0584, Train: 99.88%, Valid: 85.19%, Test: 85.93%, Best Valid: 86.05%, Best Test: 87.06%
Epoch: 300, Loss: 0.0324, Train: 100.00%, Valid: 86.65%, Test: 87.36%, Best Valid: 86.99%, Best Test: 87.54%
Epoch: 400, Loss: 0.0212, Train: 99.99%, Valid: 87.29%, Test: 87.77%, Best Valid: 87.45%, Best Test: 88.32%
Epoch: 500, Loss: 0.0173, Train: 100.00%, Valid: 87.20%, Test: 87.88%, Best Valid: 87.64%, Best Test: 88.30%
Epoch: 600, Loss: 0.0205, Train: 100.00%, Valid: 87.66%, Test: 88.30%, Best Valid: 87.98%, Best Test: 88.49%
Epoch: 700, Loss: 0.0184, Train: 100.00%, Valid: 87.17%, Test: 87.42%, Best Valid: 88.14%, Best Test: 88.07%
Epoch: 800, Loss: 0.0182, Train: 100.00%, Valid: 87.33%, Test: 88.23%, Best Valid: 88.14%, Best Test: 88.07%
Epoch: 900, Loss: 0.0155, Train: 100.00%, Valid: 87.36%, Test: 88.14%, Best Valid: 88.14%, Best Test: 88.07%
Run 03:
Highest Train: 100.00
Highest Valid: 88.14
Highest Test: 88.72
Chosen epoch: 613
Final Train: 100.00
Final Test: 88.07
Epoch: 00, Loss: 2.9935, Train: 1.46%, Valid: 1.45%, Test: 1.45%, Best Valid: 1.45%, Best Test: 1.45%
Epoch: 100, Loss: 0.3298, Train: 93.93%, Valid: 82.95%, Test: 82.09%, Best Valid: 82.95%, Best Test: 82.09%
Epoch: 200, Loss: 0.0549, Train: 99.90%, Valid: 86.23%, Test: 86.29%, Best Valid: 86.92%, Best Test: 87.05%
Epoch: 300, Loss: 0.0270, Train: 99.99%, Valid: 88.30%, Test: 87.72%, Best Valid: 88.44%, Best Test: 87.40%
Epoch: 400, Loss: 0.0247, Train: 99.99%, Valid: 88.91%, Test: 87.95%, Best Valid: 88.91%, Best Test: 87.95%
Epoch: 500, Loss: 0.0203, Train: 99.93%, Valid: 88.21%, Test: 87.75%, Best Valid: 88.98%, Best Test: 88.46%
Epoch: 600, Loss: 0.0200, Train: 99.98%, Valid: 88.47%, Test: 87.95%, Best Valid: 89.21%, Best Test: 88.30%
Epoch: 700, Loss: 0.0177, Train: 100.00%, Valid: 87.98%, Test: 87.72%, Best Valid: 89.21%, Best Test: 88.30%
Epoch: 800, Loss: 0.0158, Train: 99.96%, Valid: 88.61%, Test: 88.18%, Best Valid: 89.23%, Best Test: 88.62%
Epoch: 900, Loss: 0.0166, Train: 99.98%, Valid: 88.91%, Test: 87.63%, Best Valid: 89.27%, Best Test: 87.75%
Run 04:
Highest Train: 100.00
Highest Valid: 89.27
Highest Test: 88.93
Chosen epoch: 853
Final Train: 99.99
Final Test: 87.75
Epoch: 00, Loss: 2.9715, Train: 13.74%, Valid: 14.05%, Test: 13.77%, Best Valid: 14.05%, Best Test: 13.77%
Epoch: 100, Loss: 0.2306, Train: 96.66%, Valid: 81.29%, Test: 80.87%, Best Valid: 81.29%, Best Test: 80.87%
Epoch: 200, Loss: 0.0340, Train: 99.96%, Valid: 85.17%, Test: 85.49%, Best Valid: 85.31%, Best Test: 85.03%
Epoch: 300, Loss: 0.0255, Train: 99.96%, Valid: 85.51%, Test: 85.33%, Best Valid: 86.58%, Best Test: 86.18%
Epoch: 400, Loss: 0.0282, Train: 99.98%, Valid: 86.46%, Test: 86.36%, Best Valid: 86.97%, Best Test: 87.05%
Epoch: 500, Loss: 0.0202, Train: 99.96%, Valid: 86.20%, Test: 86.71%, Best Valid: 86.97%, Best Test: 87.05%
Epoch: 600, Loss: 0.0195, Train: 99.99%, Valid: 87.04%, Test: 87.19%, Best Valid: 87.31%, Best Test: 87.45%
Epoch: 700, Loss: 0.0170, Train: 99.98%, Valid: 86.60%, Test: 86.99%, Best Valid: 87.41%, Best Test: 86.94%
Epoch: 800, Loss: 0.0185, Train: 99.97%, Valid: 86.46%, Test: 86.27%, Best Valid: 87.41%, Best Test: 86.94%
Epoch: 900, Loss: 0.0184, Train: 99.96%, Valid: 86.71%, Test: 86.87%, Best Valid: 87.41%, Best Test: 86.94%
Run 05:
Highest Train: 100.00
Highest Valid: 87.41
Highest Test: 87.66
Chosen epoch: 604
Final Train: 99.99
Final Test: 86.94
All runs:
Highest Train: 100.00 ± 0.00
Highest Test: 88.54 ± 0.64
Highest Valid: 88.49 ± 0.81
  Final Train: 100.00 ± 0.00
   Final Test: 87.83 ± 0.56
Saving results to results/oracle_gnn/roman-empire/MPNN_gat.csv

Running with Oracle Regularization (lambda=0.01)...
Namespace(bn=True, cpu=False, data_dir='./data/', dataset='roman-empire', device=0, display_step=100, dropout=0.3, epochs=1000, gnn='gat', hidden_channels=512, jk=False, label_num_per_class=20, lambda_val=0.01, ln=False, local_layers=10, lr=0.001, metric='acc', mlp_epochs=500, mlp_reg=False, model='MPNN', model_dir='./model/', num_heads=1, oracle_reg=True, pre_linear=False, pre_ln=False, rand_split=False, rand_split_class=False, reg_start_epoch=10, reg_update_freq=5, res=True, result_dir='results/oracle_gnn', runs=5, save_model=False, seed=42, test_num=1000, train_prop=0.5, use_reg=True, valid_num=500, valid_prop=0.25, weight_decay=0.0005)
roman-empire
dataset roman-empire | num nodes 22662 | num edge 32927 | num node feats 300 | num classes 18
MODEL: MPNNs(
  (h_lins): ModuleList()
  (local_convs): ModuleList(
    (0): GATConv(300, 512, heads=1)
    (1): GATConv(512, 512, heads=1)
    (2): GATConv(512, 512, heads=1)
    (3): GATConv(512, 512, heads=1)
    (4): GATConv(512, 512, heads=1)
    (5): GATConv(512, 512, heads=1)
    (6): GATConv(512, 512, heads=1)
    (7): GATConv(512, 512, heads=1)
    (8): GATConv(512, 512, heads=1)
    (9): GATConv(512, 512, heads=1)
  )
  (lins): ModuleList(
    (0): Linear(in_features=300, out_features=512, bias=True)
    (1): Linear(in_features=512, out_features=512, bias=True)
    (2): Linear(in_features=512, out_features=512, bias=True)
    (3): Linear(in_features=512, out_features=512, bias=True)
    (4): Linear(in_features=512, out_features=512, bias=True)
    (5): Linear(in_features=512, out_features=512, bias=True)
    (6): Linear(in_features=512, out_features=512, bias=True)
    (7): Linear(in_features=512, out_features=512, bias=True)
    (8): Linear(in_features=512, out_features=512, bias=True)
    (9): Linear(in_features=512, out_features=512, bias=True)
  )
  (lns): ModuleList(
    (0): LayerNorm((512,), eps=1e-05, elementwise_affine=True)
    (1): LayerNorm((512,), eps=1e-05, elementwise_affine=True)
    (2): LayerNorm((512,), eps=1e-05, elementwise_affine=True)
    (3): LayerNorm((512,), eps=1e-05, elementwise_affine=True)
    (4): LayerNorm((512,), eps=1e-05, elementwise_affine=True)
    (5): LayerNorm((512,), eps=1e-05, elementwise_affine=True)
    (6): LayerNorm((512,), eps=1e-05, elementwise_affine=True)
    (7): LayerNorm((512,), eps=1e-05, elementwise_affine=True)
    (8): LayerNorm((512,), eps=1e-05, elementwise_affine=True)
    (9): LayerNorm((512,), eps=1e-05, elementwise_affine=True)
  )
  (bns): ModuleList(
    (0): BatchNorm1d(512, eps=1e-05, momentum=0.1, affine=True, track_running_stats=True)
    (1): BatchNorm1d(512, eps=1e-05, momentum=0.1, affine=True, track_running_stats=True)
    (2): BatchNorm1d(512, eps=1e-05, momentum=0.1, affine=True, track_running_stats=True)
    (3): BatchNorm1d(512, eps=1e-05, momentum=0.1, affine=True, track_running_stats=True)
    (4): BatchNorm1d(512, eps=1e-05, momentum=0.1, affine=True, track_running_stats=True)
    (5): BatchNorm1d(512, eps=1e-05, momentum=0.1, affine=True, track_running_stats=True)
    (6): BatchNorm1d(512, eps=1e-05, momentum=0.1, affine=True, track_running_stats=True)
    (7): BatchNorm1d(512, eps=1e-05, momentum=0.1, affine=True, track_running_stats=True)
    (8): BatchNorm1d(512, eps=1e-05, momentum=0.1, affine=True, track_running_stats=True)
    (9): BatchNorm1d(512, eps=1e-05, momentum=0.1, affine=True, track_running_stats=True)
  )
  (lin_in): Linear(in_features=300, out_features=512, bias=True)
  (pred_local): Linear(in_features=512, out_features=18, bias=True)
)
Computing oracle penalty matrix from true labels...
Oracle penalty matrix frozen.
Epoch: 00, Loss: 3.0478, Train: 13.83%, Valid: 13.82%, Test: 13.82%, Best Valid: 13.82%, Best Test: 13.82%
Epoch: 100, Loss: 0.2502, Train: 95.68%, Valid: 80.86%, Test: 80.97%, Best Valid: 80.86%, Best Test: 80.97%
Epoch: 200, Loss: 0.0442, Train: 99.89%, Valid: 85.81%, Test: 84.86%, Best Valid: 85.81%, Best Test: 84.86%
Epoch: 300, Loss: 0.0279, Train: 99.96%, Valid: 86.13%, Test: 85.95%, Best Valid: 86.73%, Best Test: 86.34%
Epoch: 400, Loss: 0.0231, Train: 99.97%, Valid: 87.13%, Test: 86.57%, Best Valid: 87.20%, Best Test: 86.96%
Epoch: 500, Loss: 0.0191, Train: 100.00%, Valid: 87.18%, Test: 85.95%, Best Valid: 87.41%, Best Test: 87.24%
Epoch: 600, Loss: 0.0147, Train: 99.97%, Valid: 87.50%, Test: 87.12%, Best Valid: 87.78%, Best Test: 87.03%
Epoch: 700, Loss: 0.0168, Train: 99.99%, Valid: 87.59%, Test: 87.33%, Best Valid: 88.00%, Best Test: 87.40%
Epoch: 800, Loss: 0.0119, Train: 99.94%, Valid: 87.20%, Test: 87.13%, Best Valid: 88.40%, Best Test: 87.27%
Epoch: 900, Loss: 0.0141, Train: 99.99%, Valid: 87.68%, Test: 86.92%, Best Valid: 88.40%, Best Test: 87.27%
Run 01:
Highest Train: 100.00
Highest Valid: 88.40
Highest Test: 88.05
Chosen epoch: 741
Final Train: 99.99
Final Test: 87.27
Computing oracle penalty matrix from true labels...
Oracle penalty matrix frozen.
Epoch: 00, Loss: 3.0204, Train: 13.83%, Valid: 13.84%, Test: 13.84%, Best Valid: 13.84%, Best Test: 13.84%
Epoch: 100, Loss: 0.2530, Train: 96.13%, Valid: 81.62%, Test: 81.87%, Best Valid: 81.99%, Best Test: 81.77%
Epoch: 200, Loss: 0.0457, Train: 99.91%, Valid: 86.65%, Test: 86.11%, Best Valid: 86.78%, Best Test: 86.09%
Epoch: 300, Loss: 0.0282, Train: 99.98%, Valid: 87.20%, Test: 86.92%, Best Valid: 87.87%, Best Test: 87.75%
Epoch: 400, Loss: 0.0215, Train: 99.99%, Valid: 87.18%, Test: 87.45%, Best Valid: 88.56%, Best Test: 87.84%
Epoch: 500, Loss: 0.0196, Train: 99.96%, Valid: 87.57%, Test: 87.36%, Best Valid: 88.72%, Best Test: 88.26%
Epoch: 600, Loss: 0.0197, Train: 99.96%, Valid: 88.21%, Test: 87.68%, Best Valid: 88.81%, Best Test: 88.74%
Epoch: 700, Loss: 0.0202, Train: 100.00%, Valid: 88.49%, Test: 88.32%, Best Valid: 89.07%, Best Test: 88.46%
Epoch: 800, Loss: 0.0186, Train: 99.97%, Valid: 88.61%, Test: 88.63%, Best Valid: 89.07%, Best Test: 88.46%
Epoch: 900, Loss: 0.0184, Train: 100.00%, Valid: 88.51%, Test: 88.55%, Best Valid: 89.25%, Best Test: 88.67%
Run 02:
Highest Train: 100.00
Highest Valid: 89.25
Highest Test: 89.09
Chosen epoch: 816
Final Train: 100.00
Final Test: 88.67
Computing oracle penalty matrix from true labels...
Oracle penalty matrix frozen.
Epoch: 00, Loss: 3.0179, Train: 5.99%, Valid: 6.00%, Test: 6.00%, Best Valid: 6.00%, Best Test: 6.00%
Epoch: 100, Loss: 0.3528, Train: 92.90%, Valid: 80.44%, Test: 81.36%, Best Valid: 80.44%, Best Test: 81.36%
Epoch: 200, Loss: 0.0623, Train: 99.81%, Valid: 85.84%, Test: 85.93%, Best Valid: 86.09%, Best Test: 86.48%
Epoch: 300, Loss: 0.0327, Train: 99.96%, Valid: 86.83%, Test: 87.10%, Best Valid: 87.18%, Best Test: 87.22%
Epoch: 400, Loss: 0.0226, Train: 99.99%, Valid: 87.59%, Test: 87.72%, Best Valid: 87.66%, Best Test: 87.82%
Epoch: 500, Loss: 0.0198, Train: 99.99%, Valid: 87.38%, Test: 88.02%, Best Valid: 88.19%, Best Test: 87.68%
Epoch: 600, Loss: 0.0222, Train: 99.99%, Valid: 87.71%, Test: 88.02%, Best Valid: 88.26%, Best Test: 88.28%
Epoch: 700, Loss: 0.0247, Train: 99.97%, Valid: 87.45%, Test: 87.66%, Best Valid: 88.26%, Best Test: 88.28%
Epoch: 800, Loss: 0.0194, Train: 100.00%, Valid: 87.40%, Test: 88.03%, Best Valid: 88.26%, Best Test: 88.28%
Epoch: 900, Loss: 0.0174, Train: 99.98%, Valid: 87.29%, Test: 87.56%, Best Valid: 88.26%, Best Test: 88.28%
Run 03:
Highest Train: 100.00
Highest Valid: 88.26
Highest Test: 88.72
Chosen epoch: 556
Final Train: 100.00
Final Test: 88.28
Computing oracle penalty matrix from true labels...
Oracle penalty matrix frozen.
Epoch: 00, Loss: 3.0234, Train: 1.46%, Valid: 1.45%, Test: 1.45%, Best Valid: 1.45%, Best Test: 1.45%
Epoch: 100, Loss: 0.3405, Train: 93.65%, Valid: 82.75%, Test: 82.02%, Best Valid: 82.75%, Best Test: 82.02%
Epoch: 200, Loss: 0.0568, Train: 99.83%, Valid: 86.18%, Test: 86.48%, Best Valid: 86.67%, Best Test: 86.27%
Epoch: 300, Loss: 0.0280, Train: 99.98%, Valid: 87.34%, Test: 86.57%, Best Valid: 87.84%, Best Test: 87.27%
Epoch: 400, Loss: 0.0253, Train: 99.98%, Valid: 88.26%, Test: 87.86%, Best Valid: 88.26%, Best Test: 87.86%
Epoch: 500, Loss: 0.0228, Train: 99.98%, Valid: 87.75%, Test: 87.56%, Best Valid: 88.67%, Best Test: 87.93%
Epoch: 600, Loss: 0.0171, Train: 99.99%, Valid: 88.60%, Test: 87.82%, Best Valid: 89.27%, Best Test: 88.10%
Epoch: 700, Loss: 0.0194, Train: 99.96%, Valid: 88.68%, Test: 88.39%, Best Valid: 89.27%, Best Test: 88.10%
Epoch: 800, Loss: 0.0141, Train: 99.97%, Valid: 88.37%, Test: 87.38%, Best Valid: 89.27%, Best Test: 88.10%
Epoch: 900, Loss: 0.0131, Train: 99.96%, Valid: 88.33%, Test: 87.86%, Best Valid: 89.27%, Best Test: 88.10%
Run 04:
Highest Train: 100.00
Highest Valid: 89.27
Highest Test: 88.81
Chosen epoch: 581
Final Train: 99.99
Final Test: 88.10
Computing oracle penalty matrix from true labels...
Oracle penalty matrix frozen.
Epoch: 00, Loss: 3.0012, Train: 13.71%, Valid: 14.05%, Test: 13.75%, Best Valid: 14.05%, Best Test: 13.75%
Epoch: 100, Loss: 0.2427, Train: 96.22%, Valid: 81.36%, Test: 80.90%, Best Valid: 81.36%, Best Test: 80.90%
Epoch: 200, Loss: 0.0439, Train: 99.90%, Valid: 84.87%, Test: 84.38%, Best Valid: 85.56%, Best Test: 85.37%
Epoch: 300, Loss: 0.0237, Train: 99.96%, Valid: 85.49%, Test: 85.58%, Best Valid: 86.11%, Best Test: 85.51%
Epoch: 400, Loss: 0.0231, Train: 99.97%, Valid: 86.11%, Test: 86.41%, Best Valid: 86.80%, Best Test: 86.41%
Epoch: 500, Loss: 0.0177, Train: 99.97%, Valid: 86.43%, Test: 86.75%, Best Valid: 86.95%, Best Test: 86.90%
Epoch: 600, Loss: 0.0196, Train: 99.98%, Valid: 86.39%, Test: 86.46%, Best Valid: 87.41%, Best Test: 87.33%
Epoch: 700, Loss: 0.0183, Train: 99.96%, Valid: 86.64%, Test: 87.06%, Best Valid: 87.41%, Best Test: 87.33%
Epoch: 800, Loss: 0.0165, Train: 99.99%, Valid: 86.99%, Test: 87.24%, Best Valid: 87.41%, Best Test: 87.33%
Epoch: 900, Loss: 0.0173, Train: 99.99%, Valid: 86.60%, Test: 86.87%, Best Valid: 87.41%, Best Test: 87.33%
Run 05:
Highest Train: 100.00
Highest Valid: 87.41
Highest Test: 87.56
Chosen epoch: 581
Final Train: 100.00
Final Test: 87.33
All runs:
Highest Train: 100.00 ± 0.00
Highest Test: 88.45 ± 0.63
Highest Valid: 88.52 ± 0.77
  Final Train: 100.00 ± 0.00
   Final Test: 87.93 ± 0.61
Saving results to results/oracle_gnn/roman-empire/MPNN_gat.csv

Running with Oracle Regularization (lambda=0.1)...
Namespace(bn=True, cpu=False, data_dir='./data/', dataset='roman-empire', device=0, display_step=100, dropout=0.3, epochs=1000, gnn='gat', hidden_channels=512, jk=False, label_num_per_class=20, lambda_val=0.1, ln=False, local_layers=10, lr=0.001, metric='acc', mlp_epochs=500, mlp_reg=False, model='MPNN', model_dir='./model/', num_heads=1, oracle_reg=True, pre_linear=False, pre_ln=False, rand_split=False, rand_split_class=False, reg_start_epoch=10, reg_update_freq=5, res=True, result_dir='results/oracle_gnn', runs=5, save_model=False, seed=42, test_num=1000, train_prop=0.5, use_reg=True, valid_num=500, valid_prop=0.25, weight_decay=0.0005)
roman-empire
dataset roman-empire | num nodes 22662 | num edge 32927 | num node feats 300 | num classes 18
MODEL: MPNNs(
  (h_lins): ModuleList()
  (local_convs): ModuleList(
    (0): GATConv(300, 512, heads=1)
    (1): GATConv(512, 512, heads=1)
    (2): GATConv(512, 512, heads=1)
    (3): GATConv(512, 512, heads=1)
    (4): GATConv(512, 512, heads=1)
    (5): GATConv(512, 512, heads=1)
    (6): GATConv(512, 512, heads=1)
    (7): GATConv(512, 512, heads=1)
    (8): GATConv(512, 512, heads=1)
    (9): GATConv(512, 512, heads=1)
  )
  (lins): ModuleList(
    (0): Linear(in_features=300, out_features=512, bias=True)
    (1): Linear(in_features=512, out_features=512, bias=True)
    (2): Linear(in_features=512, out_features=512, bias=True)
    (3): Linear(in_features=512, out_features=512, bias=True)
    (4): Linear(in_features=512, out_features=512, bias=True)
    (5): Linear(in_features=512, out_features=512, bias=True)
    (6): Linear(in_features=512, out_features=512, bias=True)
    (7): Linear(in_features=512, out_features=512, bias=True)
    (8): Linear(in_features=512, out_features=512, bias=True)
    (9): Linear(in_features=512, out_features=512, bias=True)
  )
  (lns): ModuleList(
    (0): LayerNorm((512,), eps=1e-05, elementwise_affine=True)
    (1): LayerNorm((512,), eps=1e-05, elementwise_affine=True)
    (2): LayerNorm((512,), eps=1e-05, elementwise_affine=True)
    (3): LayerNorm((512,), eps=1e-05, elementwise_affine=True)
    (4): LayerNorm((512,), eps=1e-05, elementwise_affine=True)
    (5): LayerNorm((512,), eps=1e-05, elementwise_affine=True)
    (6): LayerNorm((512,), eps=1e-05, elementwise_affine=True)
    (7): LayerNorm((512,), eps=1e-05, elementwise_affine=True)
    (8): LayerNorm((512,), eps=1e-05, elementwise_affine=True)
    (9): LayerNorm((512,), eps=1e-05, elementwise_affine=True)
  )
  (bns): ModuleList(
    (0): BatchNorm1d(512, eps=1e-05, momentum=0.1, affine=True, track_running_stats=True)
    (1): BatchNorm1d(512, eps=1e-05, momentum=0.1, affine=True, track_running_stats=True)
    (2): BatchNorm1d(512, eps=1e-05, momentum=0.1, affine=True, track_running_stats=True)
    (3): BatchNorm1d(512, eps=1e-05, momentum=0.1, affine=True, track_running_stats=True)
    (4): BatchNorm1d(512, eps=1e-05, momentum=0.1, affine=True, track_running_stats=True)
    (5): BatchNorm1d(512, eps=1e-05, momentum=0.1, affine=True, track_running_stats=True)
    (6): BatchNorm1d(512, eps=1e-05, momentum=0.1, affine=True, track_running_stats=True)
    (7): BatchNorm1d(512, eps=1e-05, momentum=0.1, affine=True, track_running_stats=True)
    (8): BatchNorm1d(512, eps=1e-05, momentum=0.1, affine=True, track_running_stats=True)
    (9): BatchNorm1d(512, eps=1e-05, momentum=0.1, affine=True, track_running_stats=True)
  )
  (lin_in): Linear(in_features=300, out_features=512, bias=True)
  (pred_local): Linear(in_features=512, out_features=18, bias=True)
)
Computing oracle penalty matrix from true labels...
Oracle penalty matrix frozen.
Epoch: 00, Loss: 3.3194, Train: 13.83%, Valid: 13.82%, Test: 13.82%, Best Valid: 13.82%, Best Test: 13.82%
Epoch: 100, Loss: 0.2845, Train: 95.20%, Valid: 80.48%, Test: 80.02%, Best Valid: 80.65%, Best Test: 79.77%
Epoch: 200, Loss: 0.0453, Train: 99.90%, Valid: 85.53%, Test: 84.84%, Best Valid: 85.83%, Best Test: 84.86%
Epoch: 300, Loss: 0.0254, Train: 99.97%, Valid: 85.86%, Test: 85.17%, Best Valid: 87.03%, Best Test: 86.23%
Epoch: 400, Loss: 0.0221, Train: 99.99%, Valid: 87.36%, Test: 86.18%, Best Valid: 87.78%, Best Test: 86.75%
Epoch: 500, Loss: 0.0219, Train: 99.96%, Valid: 87.31%, Test: 86.83%, Best Valid: 87.78%, Best Test: 86.75%
Epoch: 600, Loss: 0.0207, Train: 99.97%, Valid: 87.75%, Test: 87.45%, Best Valid: 88.35%, Best Test: 87.80%
Epoch: 700, Loss: 0.0198, Train: 100.00%, Valid: 88.00%, Test: 87.63%, Best Valid: 88.35%, Best Test: 87.80%
Epoch: 800, Loss: 0.0208, Train: 99.97%, Valid: 87.56%, Test: 87.63%, Best Valid: 88.38%, Best Test: 87.72%
Epoch: 900, Loss: 0.0258, Train: 99.90%, Valid: 86.94%, Test: 86.55%, Best Valid: 88.38%, Best Test: 87.72%
Run 01:
Highest Train: 100.00
Highest Valid: 88.38
Highest Test: 88.14
Chosen epoch: 717
Final Train: 100.00
Final Test: 87.72
Computing oracle penalty matrix from true labels...
Oracle penalty matrix frozen.
Epoch: 00, Loss: 3.2895, Train: 13.83%, Valid: 13.84%, Test: 13.84%, Best Valid: 13.84%, Best Test: 13.84%
Epoch: 100, Loss: 0.2595, Train: 96.10%, Valid: 81.38%, Test: 81.38%, Best Valid: 81.38%, Best Test: 81.33%
Epoch: 200, Loss: 0.0439, Train: 99.91%, Valid: 86.81%, Test: 86.32%, Best Valid: 87.06%, Best Test: 86.34%
Epoch: 300, Loss: 0.0279, Train: 99.97%, Valid: 87.40%, Test: 86.76%, Best Valid: 88.16%, Best Test: 87.47%
Epoch: 400, Loss: 0.0276, Train: 99.97%, Valid: 88.30%, Test: 88.03%, Best Valid: 88.63%, Best Test: 87.72%
Epoch: 500, Loss: 0.0183, Train: 99.97%, Valid: 87.78%, Test: 87.84%, Best Valid: 88.90%, Best Test: 88.72%
Epoch: 600, Loss: 0.0173, Train: 99.98%, Valid: 88.31%, Test: 88.40%, Best Valid: 89.00%, Best Test: 88.55%
Epoch: 700, Loss: 0.0204, Train: 100.00%, Valid: 89.02%, Test: 88.72%, Best Valid: 89.02%, Best Test: 88.72%
Epoch: 800, Loss: 0.0177, Train: 99.96%, Valid: 88.12%, Test: 88.10%, Best Valid: 89.06%, Best Test: 87.98%
Epoch: 900, Loss: 0.0170, Train: 100.00%, Valid: 88.28%, Test: 88.33%, Best Valid: 89.06%, Best Test: 87.98%
Run 02:
Highest Train: 100.00
Highest Valid: 89.06
Highest Test: 89.13
Chosen epoch: 733
Final Train: 99.99
Final Test: 87.98
Computing oracle penalty matrix from true labels...
Oracle penalty matrix frozen.
Epoch: 00, Loss: 3.2868, Train: 5.99%, Valid: 6.00%, Test: 6.00%, Best Valid: 6.00%, Best Test: 6.00%
Epoch: 100, Loss: 0.3479, Train: 93.30%, Valid: 80.28%, Test: 81.04%, Best Valid: 80.28%, Best Test: 81.04%
Epoch: 200, Loss: 0.0596, Train: 99.78%, Valid: 85.54%, Test: 86.07%, Best Valid: 85.54%, Best Test: 86.07%
Epoch: 300, Loss: 0.0311, Train: 100.00%, Valid: 86.23%, Test: 86.55%, Best Valid: 86.87%, Best Test: 86.94%
Epoch: 400, Loss: 0.0224, Train: 99.98%, Valid: 87.17%, Test: 87.35%, Best Valid: 87.43%, Best Test: 87.73%
Epoch: 500, Loss: 0.0214, Train: 99.99%, Valid: 86.74%, Test: 87.13%, Best Valid: 87.70%, Best Test: 88.07%
Epoch: 600, Loss: 0.0223, Train: 99.99%, Valid: 87.54%, Test: 88.37%, Best Valid: 87.80%, Best Test: 87.38%
Epoch: 700, Loss: 0.0165, Train: 100.00%, Valid: 87.18%, Test: 88.02%, Best Valid: 88.38%, Best Test: 88.63%
Epoch: 800, Loss: 0.0198, Train: 99.98%, Valid: 87.22%, Test: 87.95%, Best Valid: 88.38%, Best Test: 88.63%
Epoch: 900, Loss: 0.0159, Train: 100.00%, Valid: 87.68%, Test: 87.93%, Best Valid: 88.38%, Best Test: 88.63%
Run 03:
Highest Train: 100.00
Highest Valid: 88.38
Highest Test: 88.83
Chosen epoch: 697
Final Train: 100.00
Final Test: 88.63
Computing oracle penalty matrix from true labels...
Oracle penalty matrix frozen.
Epoch: 00, Loss: 3.2928, Train: 1.46%, Valid: 1.45%, Test: 1.45%, Best Valid: 1.45%, Best Test: 1.45%
Epoch: 100, Loss: 0.4051, Train: 91.95%, Valid: 81.80%, Test: 80.69%, Best Valid: 81.80%, Best Test: 80.69%
Epoch: 200, Loss: 0.0702, Train: 99.82%, Valid: 86.07%, Test: 85.65%, Best Valid: 86.44%, Best Test: 85.86%
Epoch: 300, Loss: 0.0305, Train: 99.99%, Valid: 87.56%, Test: 87.29%, Best Valid: 87.80%, Best Test: 87.43%
Epoch: 400, Loss: 0.0251, Train: 100.00%, Valid: 87.86%, Test: 87.79%, Best Valid: 88.35%, Best Test: 87.40%
Epoch: 500, Loss: 0.0204, Train: 99.98%, Valid: 88.12%, Test: 87.89%, Best Valid: 88.72%, Best Test: 88.05%
Epoch: 600, Loss: 0.0173, Train: 99.98%, Valid: 88.37%, Test: 88.21%, Best Valid: 88.74%, Best Test: 87.75%
Epoch: 700, Loss: 0.0203, Train: 99.98%, Valid: 88.49%, Test: 87.95%, Best Valid: 88.88%, Best Test: 87.98%
Epoch: 800, Loss: 0.0208, Train: 99.95%, Valid: 88.47%, Test: 87.88%, Best Valid: 88.98%, Best Test: 88.33%
Epoch: 900, Loss: 0.0152, Train: 99.99%, Valid: 88.42%, Test: 87.45%, Best Valid: 88.98%, Best Test: 88.33%
Run 04:
Highest Train: 100.00
Highest Valid: 88.98
Highest Test: 88.63
Chosen epoch: 758
Final Train: 99.99
Final Test: 88.33
Computing oracle penalty matrix from true labels...
Oracle penalty matrix frozen.
Epoch: 00, Loss: 3.2686, Train: 12.98%, Valid: 13.27%, Test: 12.85%, Best Valid: 13.27%, Best Test: 12.85%
Epoch: 100, Loss: 0.2581, Train: 96.59%, Valid: 81.20%, Test: 80.52%, Best Valid: 81.29%, Best Test: 80.85%
Epoch: 200, Loss: 0.0441, Train: 99.97%, Valid: 85.28%, Test: 85.26%, Best Valid: 85.72%, Best Test: 84.70%
Epoch: 300, Loss: 0.0346, Train: 99.99%, Valid: 85.67%, Test: 85.58%, Best Valid: 86.32%, Best Test: 85.92%
Epoch: 400, Loss: 0.0272, Train: 99.99%, Valid: 85.97%, Test: 86.15%, Best Valid: 86.74%, Best Test: 86.90%
Epoch: 500, Loss: 0.0194, Train: 99.97%, Valid: 85.98%, Test: 86.92%, Best Valid: 87.13%, Best Test: 87.06%
Epoch: 600, Loss: 0.0221, Train: 99.97%, Valid: 86.14%, Test: 86.48%, Best Valid: 87.24%, Best Test: 87.54%
Epoch: 700, Loss: 0.0216, Train: 99.96%, Valid: 86.78%, Test: 86.89%, Best Valid: 87.61%, Best Test: 87.80%
Epoch: 800, Loss: 0.0179, Train: 100.00%, Valid: 86.55%, Test: 87.33%, Best Valid: 87.61%, Best Test: 87.80%
Epoch: 900, Loss: 0.0238, Train: 99.98%, Valid: 86.43%, Test: 86.69%, Best Valid: 87.61%, Best Test: 87.80%
Run 05:
Highest Train: 100.00
Highest Valid: 87.61
Highest Test: 88.07
Chosen epoch: 625
Final Train: 100.00
Final Test: 87.80
All runs:
Highest Train: 100.00 ± 0.00
Highest Test: 88.56 ± 0.45
Highest Valid: 88.48 ± 0.58
  Final Train: 100.00 ± 0.00
   Final Test: 88.09 ± 0.38
Saving results to results/oracle_gnn/roman-empire/MPNN_gat.csv

Running with Oracle Regularization (lambda=0.2)...
Namespace(bn=True, cpu=False, data_dir='./data/', dataset='roman-empire', device=0, display_step=100, dropout=0.3, epochs=1000, gnn='gat', hidden_channels=512, jk=False, label_num_per_class=20, lambda_val=0.2, ln=False, local_layers=10, lr=0.001, metric='acc', mlp_epochs=500, mlp_reg=False, model='MPNN', model_dir='./model/', num_heads=1, oracle_reg=True, pre_linear=False, pre_ln=False, rand_split=False, rand_split_class=False, reg_start_epoch=10, reg_update_freq=5, res=True, result_dir='results/oracle_gnn', runs=5, save_model=False, seed=42, test_num=1000, train_prop=0.5, use_reg=True, valid_num=500, valid_prop=0.25, weight_decay=0.0005)
roman-empire
dataset roman-empire | num nodes 22662 | num edge 32927 | num node feats 300 | num classes 18
MODEL: MPNNs(
  (h_lins): ModuleList()
  (local_convs): ModuleList(
    (0): GATConv(300, 512, heads=1)
    (1): GATConv(512, 512, heads=1)
    (2): GATConv(512, 512, heads=1)
    (3): GATConv(512, 512, heads=1)
    (4): GATConv(512, 512, heads=1)
    (5): GATConv(512, 512, heads=1)
    (6): GATConv(512, 512, heads=1)
    (7): GATConv(512, 512, heads=1)
    (8): GATConv(512, 512, heads=1)
    (9): GATConv(512, 512, heads=1)
  )
  (lins): ModuleList(
    (0): Linear(in_features=300, out_features=512, bias=True)
    (1): Linear(in_features=512, out_features=512, bias=True)
    (2): Linear(in_features=512, out_features=512, bias=True)
    (3): Linear(in_features=512, out_features=512, bias=True)
    (4): Linear(in_features=512, out_features=512, bias=True)
    (5): Linear(in_features=512, out_features=512, bias=True)
    (6): Linear(in_features=512, out_features=512, bias=True)
    (7): Linear(in_features=512, out_features=512, bias=True)
    (8): Linear(in_features=512, out_features=512, bias=True)
    (9): Linear(in_features=512, out_features=512, bias=True)
  )
  (lns): ModuleList(
    (0): LayerNorm((512,), eps=1e-05, elementwise_affine=True)
    (1): LayerNorm((512,), eps=1e-05, elementwise_affine=True)
    (2): LayerNorm((512,), eps=1e-05, elementwise_affine=True)
    (3): LayerNorm((512,), eps=1e-05, elementwise_affine=True)
    (4): LayerNorm((512,), eps=1e-05, elementwise_affine=True)
    (5): LayerNorm((512,), eps=1e-05, elementwise_affine=True)
    (6): LayerNorm((512,), eps=1e-05, elementwise_affine=True)
    (7): LayerNorm((512,), eps=1e-05, elementwise_affine=True)
    (8): LayerNorm((512,), eps=1e-05, elementwise_affine=True)
    (9): LayerNorm((512,), eps=1e-05, elementwise_affine=True)
  )
  (bns): ModuleList(
    (0): BatchNorm1d(512, eps=1e-05, momentum=0.1, affine=True, track_running_stats=True)
    (1): BatchNorm1d(512, eps=1e-05, momentum=0.1, affine=True, track_running_stats=True)
    (2): BatchNorm1d(512, eps=1e-05, momentum=0.1, affine=True, track_running_stats=True)
    (3): BatchNorm1d(512, eps=1e-05, momentum=0.1, affine=True, track_running_stats=True)
    (4): BatchNorm1d(512, eps=1e-05, momentum=0.1, affine=True, track_running_stats=True)
    (5): BatchNorm1d(512, eps=1e-05, momentum=0.1, affine=True, track_running_stats=True)
    (6): BatchNorm1d(512, eps=1e-05, momentum=0.1, affine=True, track_running_stats=True)
    (7): BatchNorm1d(512, eps=1e-05, momentum=0.1, affine=True, track_running_stats=True)
    (8): BatchNorm1d(512, eps=1e-05, momentum=0.1, affine=True, track_running_stats=True)
    (9): BatchNorm1d(512, eps=1e-05, momentum=0.1, affine=True, track_running_stats=True)
  )
  (lin_in): Linear(in_features=300, out_features=512, bias=True)
  (pred_local): Linear(in_features=512, out_features=18, bias=True)
)
Computing oracle penalty matrix from true labels...
Oracle penalty matrix frozen.
Epoch: 00, Loss: 3.6211, Train: 13.83%, Valid: 13.82%, Test: 13.82%, Best Valid: 13.82%, Best Test: 13.82%
Epoch: 100, Loss: 0.3285, Train: 94.62%, Valid: 80.72%, Test: 79.93%, Best Valid: 80.95%, Best Test: 79.58%
Epoch: 200, Loss: 0.0534, Train: 99.80%, Valid: 85.65%, Test: 85.07%, Best Valid: 85.88%, Best Test: 84.63%
Epoch: 300, Loss: 0.0272, Train: 99.96%, Valid: 86.48%, Test: 86.22%, Best Valid: 87.08%, Best Test: 85.77%
Epoch: 400, Loss: 0.0259, Train: 99.98%, Valid: 86.80%, Test: 86.06%, Best Valid: 87.29%, Best Test: 86.18%
Epoch: 500, Loss: 0.0281, Train: 99.98%, Valid: 87.56%, Test: 86.76%, Best Valid: 87.77%, Best Test: 86.64%
Epoch: 600, Loss: 0.0199, Train: 99.97%, Valid: 87.20%, Test: 86.96%, Best Valid: 87.77%, Best Test: 86.64%
Epoch: 700, Loss: 0.0221, Train: 99.99%, Valid: 87.20%, Test: 87.10%, Best Valid: 87.77%, Best Test: 86.64%
Epoch: 800, Loss: 0.0173, Train: 99.99%, Valid: 87.29%, Test: 86.59%, Best Valid: 88.03%, Best Test: 86.90%
Epoch: 900, Loss: 0.0220, Train: 99.96%, Valid: 86.55%, Test: 86.41%, Best Valid: 88.03%, Best Test: 86.90%
Run 01:
Highest Train: 100.00
Highest Valid: 88.03
Highest Test: 87.65
Chosen epoch: 713
Final Train: 100.00
Final Test: 86.90
Computing oracle penalty matrix from true labels...
Oracle penalty matrix frozen.
Epoch: 00, Loss: 3.5886, Train: 13.84%, Valid: 13.82%, Test: 13.84%, Best Valid: 13.82%, Best Test: 13.84%
Epoch: 100, Loss: 0.2942, Train: 95.93%, Valid: 80.92%, Test: 81.13%, Best Valid: 81.06%, Best Test: 81.08%
Epoch: 200, Loss: 0.0523, Train: 99.93%, Valid: 86.27%, Test: 85.81%, Best Valid: 86.94%, Best Test: 86.36%
Epoch: 300, Loss: 0.0341, Train: 99.98%, Valid: 87.50%, Test: 87.13%, Best Valid: 88.23%, Best Test: 87.45%
Epoch: 400, Loss: 0.0264, Train: 99.98%, Valid: 87.78%, Test: 88.02%, Best Valid: 88.40%, Best Test: 87.82%
Epoch: 500, Loss: 0.0258, Train: 100.00%, Valid: 88.49%, Test: 88.40%, Best Valid: 88.61%, Best Test: 88.67%
Epoch: 600, Loss: 0.0254, Train: 100.00%, Valid: 88.53%, Test: 88.81%, Best Valid: 89.14%, Best Test: 88.55%
Epoch: 700, Loss: 0.0213, Train: 99.97%, Valid: 88.35%, Test: 88.21%, Best Valid: 89.14%, Best Test: 88.55%
Epoch: 800, Loss: 0.0185, Train: 99.99%, Valid: 88.28%, Test: 88.46%, Best Valid: 89.14%, Best Test: 88.55%
Epoch: 900, Loss: 0.0173, Train: 99.97%, Valid: 89.23%, Test: 88.48%, Best Valid: 89.23%, Best Test: 88.48%
Run 02:
Highest Train: 100.00
Highest Valid: 89.23
Highest Test: 89.20
Chosen epoch: 900
Final Train: 99.97
Final Test: 88.48
Computing oracle penalty matrix from true labels...
Oracle penalty matrix frozen.
Epoch: 00, Loss: 3.5856, Train: 5.99%, Valid: 6.00%, Test: 6.00%, Best Valid: 6.00%, Best Test: 6.00%
Epoch: 100, Loss: 0.4048, Train: 93.53%, Valid: 80.37%, Test: 81.15%, Best Valid: 80.42%, Best Test: 80.89%
Epoch: 200, Loss: 0.0705, Train: 99.86%, Valid: 84.36%, Test: 85.14%, Best Valid: 85.37%, Best Test: 86.30%
Epoch: 300, Loss: 0.0452, Train: 99.98%, Valid: 86.95%, Test: 87.20%, Best Valid: 86.95%, Best Test: 87.20%
Epoch: 400, Loss: 0.0279, Train: 99.98%, Valid: 86.37%, Test: 87.73%, Best Valid: 87.06%, Best Test: 87.84%
Epoch: 500, Loss: 0.0247, Train: 99.96%, Valid: 86.80%, Test: 87.05%, Best Valid: 87.47%, Best Test: 87.56%
Epoch: 600, Loss: 0.0249, Train: 100.00%, Valid: 87.73%, Test: 87.98%, Best Valid: 87.73%, Best Test: 87.98%
Epoch: 700, Loss: 0.0187, Train: 100.00%, Valid: 87.20%, Test: 87.68%, Best Valid: 87.73%, Best Test: 87.98%
Epoch: 800, Loss: 0.0185, Train: 100.00%, Valid: 87.20%, Test: 88.00%, Best Valid: 87.73%, Best Test: 87.98%
Epoch: 900, Loss: 0.0155, Train: 99.99%, Valid: 87.47%, Test: 88.09%, Best Valid: 87.73%, Best Test: 87.98%
Run 03:
Highest Train: 100.00
Highest Valid: 87.73
Highest Test: 88.44
Chosen epoch: 600
Final Train: 100.00
Final Test: 87.98
Computing oracle penalty matrix from true labels...
Oracle penalty matrix frozen.
Epoch: 00, Loss: 3.5922, Train: 1.46%, Valid: 1.45%, Test: 1.45%, Best Valid: 1.45%, Best Test: 1.45%
Epoch: 100, Loss: 0.4020, Train: 93.86%, Valid: 82.54%, Test: 82.47%, Best Valid: 82.54%, Best Test: 82.47%
Epoch: 200, Loss: 0.0680, Train: 99.93%, Valid: 86.37%, Test: 86.34%, Best Valid: 86.90%, Best Test: 86.60%
Epoch: 300, Loss: 0.0317, Train: 99.96%, Valid: 87.34%, Test: 87.26%, Best Valid: 88.01%, Best Test: 87.54%
Epoch: 400, Loss: 0.0231, Train: 99.97%, Valid: 87.66%, Test: 87.27%, Best Valid: 88.51%, Best Test: 88.09%
Epoch: 500, Loss: 0.0229, Train: 99.98%, Valid: 88.33%, Test: 87.84%, Best Valid: 88.63%, Best Test: 87.54%
Epoch: 600, Loss: 0.0282, Train: 100.00%, Valid: 87.78%, Test: 88.14%, Best Valid: 88.91%, Best Test: 87.77%
Epoch: 700, Loss: 0.0201, Train: 100.00%, Valid: 88.42%, Test: 88.14%, Best Valid: 89.14%, Best Test: 88.37%
Epoch: 800, Loss: 0.0224, Train: 99.99%, Valid: 88.42%, Test: 87.75%, Best Valid: 89.14%, Best Test: 88.37%
Epoch: 900, Loss: 0.0198, Train: 100.00%, Valid: 88.58%, Test: 87.89%, Best Valid: 89.14%, Best Test: 88.37%
Run 04:
Highest Train: 100.00
Highest Valid: 89.14
Highest Test: 88.60
Chosen epoch: 698
Final Train: 100.00
Final Test: 88.37
Computing oracle penalty matrix from true labels...
Oracle penalty matrix frozen.
Epoch: 00, Loss: 3.5657, Train: 9.73%, Valid: 10.13%, Test: 9.50%, Best Valid: 10.13%, Best Test: 9.50%
Epoch: 100, Loss: 0.2740, Train: 95.97%, Valid: 79.77%, Test: 79.67%, Best Valid: 79.98%, Best Test: 79.95%
Epoch: 200, Loss: 0.0525, Train: 99.96%, Valid: 85.03%, Test: 84.63%, Best Valid: 85.74%, Best Test: 85.14%
Epoch: 300, Loss: 0.0318, Train: 99.98%, Valid: 86.23%, Test: 85.88%, Best Valid: 86.23%, Best Test: 85.88%
Epoch: 400, Loss: 0.0278, Train: 99.97%, Valid: 86.09%, Test: 85.99%, Best Valid: 86.83%, Best Test: 86.85%
Epoch: 500, Loss: 0.0254, Train: 99.99%, Valid: 86.76%, Test: 86.53%, Best Valid: 87.52%, Best Test: 87.06%
Epoch: 600, Loss: 0.0234, Train: 99.90%, Valid: 87.04%, Test: 86.73%, Best Valid: 87.52%, Best Test: 87.06%
Epoch: 700, Loss: 0.0220, Train: 99.99%, Valid: 86.46%, Test: 86.76%, Best Valid: 87.52%, Best Test: 87.06%
Epoch: 800, Loss: 0.0172, Train: 100.00%, Valid: 87.56%, Test: 86.48%, Best Valid: 88.14%, Best Test: 86.96%
Epoch: 900, Loss: 0.0198, Train: 99.98%, Valid: 86.76%, Test: 86.55%, Best Valid: 88.14%, Best Test: 86.96%
Run 05:
Highest Train: 100.00
Highest Valid: 88.14
Highest Test: 87.70
Chosen epoch: 754
Final Train: 99.99
Final Test: 86.96
All runs:
Highest Train: 100.00 ± 0.00
Highest Test: 88.32 ± 0.65
Highest Valid: 88.46 ± 0.69
  Final Train: 99.99 ± 0.01
   Final Test: 87.74 ± 0.76
Saving results to results/oracle_gnn/roman-empire/MPNN_gat.csv

Running with Oracle Regularization (lambda=0.4)...
Namespace(bn=True, cpu=False, data_dir='./data/', dataset='roman-empire', device=0, display_step=100, dropout=0.3, epochs=1000, gnn='gat', hidden_channels=512, jk=False, label_num_per_class=20, lambda_val=0.4, ln=False, local_layers=10, lr=0.001, metric='acc', mlp_epochs=500, mlp_reg=False, model='MPNN', model_dir='./model/', num_heads=1, oracle_reg=True, pre_linear=False, pre_ln=False, rand_split=False, rand_split_class=False, reg_start_epoch=10, reg_update_freq=5, res=True, result_dir='results/oracle_gnn', runs=5, save_model=False, seed=42, test_num=1000, train_prop=0.5, use_reg=True, valid_num=500, valid_prop=0.25, weight_decay=0.0005)
roman-empire
dataset roman-empire | num nodes 22662 | num edge 32927 | num node feats 300 | num classes 18
MODEL: MPNNs(
  (h_lins): ModuleList()
  (local_convs): ModuleList(
    (0): GATConv(300, 512, heads=1)
    (1): GATConv(512, 512, heads=1)
    (2): GATConv(512, 512, heads=1)
    (3): GATConv(512, 512, heads=1)
    (4): GATConv(512, 512, heads=1)
    (5): GATConv(512, 512, heads=1)
    (6): GATConv(512, 512, heads=1)
    (7): GATConv(512, 512, heads=1)
    (8): GATConv(512, 512, heads=1)
    (9): GATConv(512, 512, heads=1)
  )
  (lins): ModuleList(
    (0): Linear(in_features=300, out_features=512, bias=True)
    (1): Linear(in_features=512, out_features=512, bias=True)
    (2): Linear(in_features=512, out_features=512, bias=True)
    (3): Linear(in_features=512, out_features=512, bias=True)
    (4): Linear(in_features=512, out_features=512, bias=True)
    (5): Linear(in_features=512, out_features=512, bias=True)
    (6): Linear(in_features=512, out_features=512, bias=True)
    (7): Linear(in_features=512, out_features=512, bias=True)
    (8): Linear(in_features=512, out_features=512, bias=True)
    (9): Linear(in_features=512, out_features=512, bias=True)
  )
  (lns): ModuleList(
    (0): LayerNorm((512,), eps=1e-05, elementwise_affine=True)
    (1): LayerNorm((512,), eps=1e-05, elementwise_affine=True)
    (2): LayerNorm((512,), eps=1e-05, elementwise_affine=True)
    (3): LayerNorm((512,), eps=1e-05, elementwise_affine=True)
    (4): LayerNorm((512,), eps=1e-05, elementwise_affine=True)
    (5): LayerNorm((512,), eps=1e-05, elementwise_affine=True)
    (6): LayerNorm((512,), eps=1e-05, elementwise_affine=True)
    (7): LayerNorm((512,), eps=1e-05, elementwise_affine=True)
    (8): LayerNorm((512,), eps=1e-05, elementwise_affine=True)
    (9): LayerNorm((512,), eps=1e-05, elementwise_affine=True)
  )
  (bns): ModuleList(
    (0): BatchNorm1d(512, eps=1e-05, momentum=0.1, affine=True, track_running_stats=True)
    (1): BatchNorm1d(512, eps=1e-05, momentum=0.1, affine=True, track_running_stats=True)
    (2): BatchNorm1d(512, eps=1e-05, momentum=0.1, affine=True, track_running_stats=True)
    (3): BatchNorm1d(512, eps=1e-05, momentum=0.1, affine=True, track_running_stats=True)
    (4): BatchNorm1d(512, eps=1e-05, momentum=0.1, affine=True, track_running_stats=True)
    (5): BatchNorm1d(512, eps=1e-05, momentum=0.1, affine=True, track_running_stats=True)
    (6): BatchNorm1d(512, eps=1e-05, momentum=0.1, affine=True, track_running_stats=True)
    (7): BatchNorm1d(512, eps=1e-05, momentum=0.1, affine=True, track_running_stats=True)
    (8): BatchNorm1d(512, eps=1e-05, momentum=0.1, affine=True, track_running_stats=True)
    (9): BatchNorm1d(512, eps=1e-05, momentum=0.1, affine=True, track_running_stats=True)
  )
  (lin_in): Linear(in_features=300, out_features=512, bias=True)
  (pred_local): Linear(in_features=512, out_features=18, bias=True)
)
Computing oracle penalty matrix from true labels...
Oracle penalty matrix frozen.
Epoch: 00, Loss: 4.2246, Train: 13.78%, Valid: 13.77%, Test: 13.80%, Best Valid: 13.77%, Best Test: 13.80%
Epoch: 100, Loss: 0.3722, Train: 95.23%, Valid: 80.95%, Test: 79.93%, Best Valid: 80.95%, Best Test: 79.93%
Epoch: 200, Loss: 0.0629, Train: 99.89%, Valid: 85.63%, Test: 84.95%, Best Valid: 85.63%, Best Test: 84.95%
Epoch: 300, Loss: 0.0368, Train: 99.97%, Valid: 85.84%, Test: 86.00%, Best Valid: 86.57%, Best Test: 85.47%
Epoch: 400, Loss: 0.0323, Train: 99.98%, Valid: 86.85%, Test: 86.02%, Best Valid: 87.52%, Best Test: 86.46%
Epoch: 500, Loss: 0.0276, Train: 100.00%, Valid: 87.52%, Test: 87.89%, Best Valid: 87.89%, Best Test: 88.00%
Epoch: 600, Loss: 0.0286, Train: 99.92%, Valid: 87.75%, Test: 87.89%, Best Valid: 88.17%, Best Test: 87.82%
Epoch: 700, Loss: 0.0236, Train: 99.98%, Valid: 87.48%, Test: 87.54%, Best Valid: 88.31%, Best Test: 87.35%
Epoch: 800, Loss: 0.0306, Train: 99.94%, Valid: 87.64%, Test: 87.42%, Best Valid: 88.60%, Best Test: 88.09%
Epoch: 900, Loss: 0.0235, Train: 99.97%, Valid: 87.36%, Test: 87.86%, Best Valid: 88.60%, Best Test: 88.09%
Run 01:
Highest Train: 100.00
Highest Valid: 88.60
Highest Test: 88.48
Chosen epoch: 791
Final Train: 99.97
Final Test: 88.09
Computing oracle penalty matrix from true labels...
Oracle penalty matrix frozen.
Epoch: 00, Loss: 4.1867, Train: 13.84%, Valid: 13.87%, Test: 13.89%, Best Valid: 13.87%, Best Test: 13.89%
Epoch: 100, Loss: 0.3239, Train: 96.80%, Valid: 81.31%, Test: 81.10%, Best Valid: 81.47%, Best Test: 80.67%
Epoch: 200, Loss: 0.0633, Train: 99.96%, Valid: 86.64%, Test: 86.32%, Best Valid: 86.64%, Best Test: 86.32%
Epoch: 300, Loss: 0.0339, Train: 99.99%, Valid: 87.29%, Test: 87.05%, Best Valid: 87.57%, Best Test: 87.05%
Epoch: 400, Loss: 0.0346, Train: 99.99%, Valid: 87.26%, Test: 87.61%, Best Valid: 88.21%, Best Test: 87.79%
Epoch: 500, Loss: 0.0338, Train: 99.96%, Valid: 87.54%, Test: 87.91%, Best Valid: 88.51%, Best Test: 88.00%
Epoch: 600, Loss: 0.0272, Train: 100.00%, Valid: 88.61%, Test: 88.05%, Best Valid: 89.06%, Best Test: 88.21%
Epoch: 700, Loss: 0.0301, Train: 100.00%, Valid: 88.79%, Test: 88.63%, Best Valid: 89.06%, Best Test: 88.21%
Epoch: 800, Loss: 0.0279, Train: 99.98%, Valid: 88.47%, Test: 88.03%, Best Valid: 89.11%, Best Test: 88.32%
Epoch: 900, Loss: 0.0219, Train: 99.98%, Valid: 88.76%, Test: 88.60%, Best Valid: 89.11%, Best Test: 88.32%
Run 02:
Highest Train: 100.00
Highest Valid: 89.11
Highest Test: 88.92
Chosen epoch: 777
Final Train: 100.00
Final Test: 88.32
Computing oracle penalty matrix from true labels...
Oracle penalty matrix frozen.
Epoch: 00, Loss: 4.1832, Train: 5.99%, Valid: 6.00%, Test: 6.00%, Best Valid: 6.00%, Best Test: 6.00%
Epoch: 100, Loss: 0.4565, Train: 93.64%, Valid: 81.27%, Test: 81.89%, Best Valid: 81.27%, Best Test: 81.89%
Epoch: 200, Loss: 0.0747, Train: 99.72%, Valid: 84.55%, Test: 86.02%, Best Valid: 85.47%, Best Test: 86.16%
Epoch: 300, Loss: 0.0364, Train: 99.97%, Valid: 86.23%, Test: 86.96%, Best Valid: 86.76%, Best Test: 87.42%
Epoch: 400, Loss: 0.0318, Train: 99.99%, Valid: 87.20%, Test: 87.68%, Best Valid: 87.31%, Best Test: 87.88%
Epoch: 500, Loss: 0.0326, Train: 99.95%, Valid: 86.69%, Test: 87.33%, Best Valid: 87.57%, Best Test: 88.25%
Epoch: 600, Loss: 0.0274, Train: 99.99%, Valid: 87.01%, Test: 87.47%, Best Valid: 88.19%, Best Test: 88.58%
Epoch: 700, Loss: 0.0247, Train: 99.98%, Valid: 86.73%, Test: 87.80%, Best Valid: 88.38%, Best Test: 88.56%
Epoch: 800, Loss: 0.0240, Train: 99.99%, Valid: 87.38%, Test: 87.61%, Best Valid: 88.38%, Best Test: 88.56%
Epoch: 900, Loss: 0.0245, Train: 99.98%, Valid: 87.08%, Test: 87.66%, Best Valid: 88.38%, Best Test: 88.56%
Run 03:
Highest Train: 100.00
Highest Valid: 88.38
Highest Test: 89.02
Chosen epoch: 655
Final Train: 100.00
Final Test: 88.56
Computing oracle penalty matrix from true labels...
Oracle penalty matrix frozen.
Epoch: 00, Loss: 4.1908, Train: 1.46%, Valid: 1.45%, Test: 1.45%, Best Valid: 1.45%, Best Test: 1.45%
Epoch: 100, Loss: 0.4739, Train: 93.25%, Valid: 81.94%, Test: 81.26%, Best Valid: 81.94%, Best Test: 81.26%
Epoch: 200, Loss: 0.0767, Train: 99.86%, Valid: 86.02%, Test: 86.15%, Best Valid: 86.46%, Best Test: 86.16%
Epoch: 300, Loss: 0.0390, Train: 99.97%, Valid: 86.95%, Test: 86.45%, Best Valid: 87.89%, Best Test: 86.92%
Epoch: 400, Loss: 0.0394, Train: 99.99%, Valid: 88.49%, Test: 87.22%, Best Valid: 88.49%, Best Test: 87.22%
Epoch: 500, Loss: 0.0253, Train: 99.95%, Valid: 88.49%, Test: 87.95%, Best Valid: 88.60%, Best Test: 87.26%
Epoch: 600, Loss: 0.0266, Train: 99.95%, Valid: 88.07%, Test: 87.77%, Best Valid: 88.90%, Best Test: 87.82%
Epoch: 700, Loss: 0.0260, Train: 99.99%, Valid: 88.30%, Test: 87.80%, Best Valid: 88.90%, Best Test: 87.82%
Epoch: 800, Loss: 0.0256, Train: 100.00%, Valid: 88.51%, Test: 87.63%, Best Valid: 89.23%, Best Test: 87.77%
Epoch: 900, Loss: 0.0200, Train: 100.00%, Valid: 89.00%, Test: 87.82%, Best Valid: 89.23%, Best Test: 87.77%
Run 04:
Highest Train: 100.00
Highest Valid: 89.25
Highest Test: 88.46
Chosen epoch: 920
Final Train: 100.00
Final Test: 88.09
Computing oracle penalty matrix from true labels...
Oracle penalty matrix frozen.
Epoch: 00, Loss: 4.1600, Train: 2.21%, Valid: 2.24%, Test: 2.19%, Best Valid: 2.24%, Best Test: 2.19%
Epoch: 100, Loss: 0.3171, Train: 96.65%, Valid: 80.60%, Test: 79.99%, Best Valid: 80.60%, Best Test: 79.99%
Epoch: 200, Loss: 0.0580, Train: 99.98%, Valid: 85.56%, Test: 85.40%, Best Valid: 85.67%, Best Test: 85.53%
Epoch: 300, Loss: 0.0449, Train: 99.97%, Valid: 85.35%, Test: 85.39%, Best Valid: 85.91%, Best Test: 86.18%
Epoch: 400, Loss: 0.0347, Train: 99.98%, Valid: 86.04%, Test: 86.53%, Best Valid: 86.80%, Best Test: 86.32%
Epoch: 500, Loss: 0.0266, Train: 99.99%, Valid: 87.03%, Test: 86.71%, Best Valid: 87.41%, Best Test: 86.82%
Epoch: 600, Loss: 0.0263, Train: 100.00%, Valid: 87.01%, Test: 86.85%, Best Valid: 87.41%, Best Test: 86.82%
Epoch: 700, Loss: 0.0230, Train: 99.98%, Valid: 86.18%, Test: 86.29%, Best Valid: 87.47%, Best Test: 87.17%
Epoch: 800, Loss: 0.0269, Train: 99.99%, Valid: 86.88%, Test: 86.85%, Best Valid: 87.73%, Best Test: 87.73%
Epoch: 900, Loss: 0.0288, Train: 99.99%, Valid: 87.10%, Test: 86.73%, Best Valid: 87.78%, Best Test: 87.47%
Run 05:
Highest Train: 100.00
Highest Valid: 87.78
Highest Test: 87.86
Chosen epoch: 878
Final Train: 99.97
Final Test: 87.47
All runs:
Highest Train: 100.00 ± 0.00
Highest Test: 88.55 ± 0.46
Highest Valid: 88.62 ± 0.59
  Final Train: 99.99 ± 0.01
   Final Test: 88.10 ± 0.41
Saving results to results/oracle_gnn/roman-empire/MPNN_gat.csv

Oracle sweep completed!
==========================================================
Task 2 completed at: Tue Apr 28 07:35:15 PM EDT 2026
==========================================================
