==========================================================
roman-empire / GAT rerun | Task 0
Job: 1013330 | Date: Tue Apr 28 04:18:22 PM EDT 2026 | Host: n0002
==========================================================
Tue Apr 28 16:18:26 2026       
+-----------------------------------------------------------------------------------------+
| NVIDIA-SMI 570.211.01             Driver Version: 570.211.01     CUDA Version: 12.8     |
|-----------------------------------------+------------------------+----------------------+
| GPU  Name                 Persistence-M | Bus-Id          Disp.A | Volatile Uncorr. ECC |
| Fan  Temp   Perf          Pwr:Usage/Cap |           Memory-Usage | GPU-Util  Compute M. |
|                                         |                        |               MIG M. |
|=========================================+========================+======================|
|   0  NVIDIA A100-SXM4-80GB          On  |   00000000:01:00.0 Off |                   On |
| N/A   43C    P0            199W /  500W |   11695MiB /  81920MiB |     N/A      Default |
|                                         |                        |              Enabled |
+-----------------------------------------+------------------------+----------------------+
|   1  NVIDIA A100-SXM4-80GB          On  |   00000000:41:00.0 Off |                   On |
| N/A   42C    P0            206W /  500W |   31209MiB /  81920MiB |     N/A      Default |
|                                         |                        |              Enabled |
+-----------------------------------------+------------------------+----------------------+
|   2  NVIDIA A100-SXM4-80GB          On  |   00000000:81:00.0 Off |                   On |
| N/A   42C    P0            142W /  500W |   20553MiB /  81920MiB |     N/A      Default |
|                                         |                        |              Enabled |
+-----------------------------------------+------------------------+----------------------+
|   3  NVIDIA A100-SXM4-80GB          On  |   00000000:C1:00.0 Off |                   On |
| N/A   29C    P0             81W /  500W |     765MiB /  81920MiB |     N/A      Default |
|                                         |                        |              Enabled |
+-----------------------------------------+------------------------+----------------------+

+-----------------------------------------------------------------------------------------+
| MIG devices:                                                                            |
+------------------+----------------------------------+-----------+-----------------------+
| GPU  GI  CI  MIG |                     Memory-Usage |        Vol|        Shared         |
|      ID  ID  Dev |                       BAR1-Usage | SM     Unc| CE ENC  DEC  OFA  JPG |
|                  |                                  |        ECC|                       |
|==================+==================================+===========+=======================|
|  0   13   0   0  |              27MiB /  9728MiB    | 14      0 |  1   0    0    0    0 |
|                  |                 0MiB / 16383MiB  |           |                       |
+------------------+----------------------------------+-----------+-----------------------+
                                                                                         
+-----------------------------------------------------------------------------------------+
| Processes:                                                                              |
|  GPU   GI   CI              PID   Type   Process name                        GPU Memory |
|        ID   ID                                                               Usage      |
|=========================================================================================|
|    1    2    0          3352786      C   ...hz54/envs/dist/bin/python3.10      20364MiB |
|    1    9    0          3369612      C   python                                 5192MiB |
|    1   10    0          3403506      C   python                                 5454MiB |
|    2    2    0          3352787      C   ...hz54/envs/dist/bin/python3.10      20362MiB |
|    3    1    0          3402054      C   python                                  574MiB |
+-----------------------------------------------------------------------------------------+
1.12.1
True
NVIDIA A100-SXM4-80GB MIG 1g.10gb
==========================================================
Starting gnn_gnn (dynamic) Sweep for:
python main.py --gnn gat --dataset roman-empire     --hidden_channels 512 --epochs 1000 --lr 0.001 --runs 5     --local_layers 10 --weight_decay 5e-4 --dropout 0.3     --bn --res --device 0
==========================================================
Running GNN Baseline (no reg)...
Namespace(bn=True, cpu=False, data_dir='./data/', dataset='roman-empire', device=0, display_step=100, dropout=0.3, epochs=1000, gnn='gat', hidden_channels=512, jk=False, label_num_per_class=20, lambda_val=0.5, ln=False, local_layers=10, lr=0.001, metric='acc', mlp_epochs=500, mlp_reg=False, model='MPNN', model_dir='./model/', num_heads=1, oracle_reg=False, pre_linear=False, pre_ln=False, rand_split=False, rand_split_class=False, reg_start_epoch=10, reg_update_freq=5, res=True, result_dir='results/gnn_gnn', runs=5, save_model=False, seed=42, test_num=1000, train_prop=0.5, use_reg=False, valid_num=500, valid_prop=0.25, weight_decay=0.0005)
roman-empire
dataset roman-empire | num nodes 22662 | num edge 32927 | num node feats 300 | num classes 18
MODEL: MPNNs(
  (h_lins): ModuleList()
  (local_convs): ModuleList(
    (0): GATConv(300, 512, heads=1)
    (1): GATConv(512, 512, heads=1)
    (2): GATConv(512, 512, heads=1)
    (3): GATConv(512, 512, heads=1)
    (4): GATConv(512, 512, heads=1)
    (5): GATConv(512, 512, heads=1)
    (6): GATConv(512, 512, heads=1)
    (7): GATConv(512, 512, heads=1)
    (8): GATConv(512, 512, heads=1)
    (9): GATConv(512, 512, heads=1)
  )
  (lins): ModuleList(
    (0): Linear(in_features=300, out_features=512, bias=True)
    (1): Linear(in_features=512, out_features=512, bias=True)
    (2): Linear(in_features=512, out_features=512, bias=True)
    (3): Linear(in_features=512, out_features=512, bias=True)
    (4): Linear(in_features=512, out_features=512, bias=True)
    (5): Linear(in_features=512, out_features=512, bias=True)
    (6): Linear(in_features=512, out_features=512, bias=True)
    (7): Linear(in_features=512, out_features=512, bias=True)
    (8): Linear(in_features=512, out_features=512, bias=True)
    (9): Linear(in_features=512, out_features=512, bias=True)
  )
  (lns): ModuleList(
    (0): LayerNorm((512,), eps=1e-05, elementwise_affine=True)
    (1): LayerNorm((512,), eps=1e-05, elementwise_affine=True)
    (2): LayerNorm((512,), eps=1e-05, elementwise_affine=True)
    (3): LayerNorm((512,), eps=1e-05, elementwise_affine=True)
    (4): LayerNorm((512,), eps=1e-05, elementwise_affine=True)
    (5): LayerNorm((512,), eps=1e-05, elementwise_affine=True)
    (6): LayerNorm((512,), eps=1e-05, elementwise_affine=True)
    (7): LayerNorm((512,), eps=1e-05, elementwise_affine=True)
    (8): LayerNorm((512,), eps=1e-05, elementwise_affine=True)
    (9): LayerNorm((512,), eps=1e-05, elementwise_affine=True)
  )
  (bns): ModuleList(
    (0): BatchNorm1d(512, eps=1e-05, momentum=0.1, affine=True, track_running_stats=True)
    (1): BatchNorm1d(512, eps=1e-05, momentum=0.1, affine=True, track_running_stats=True)
    (2): BatchNorm1d(512, eps=1e-05, momentum=0.1, affine=True, track_running_stats=True)
    (3): BatchNorm1d(512, eps=1e-05, momentum=0.1, affine=True, track_running_stats=True)
    (4): BatchNorm1d(512, eps=1e-05, momentum=0.1, affine=True, track_running_stats=True)
    (5): BatchNorm1d(512, eps=1e-05, momentum=0.1, affine=True, track_running_stats=True)
    (6): BatchNorm1d(512, eps=1e-05, momentum=0.1, affine=True, track_running_stats=True)
    (7): BatchNorm1d(512, eps=1e-05, momentum=0.1, affine=True, track_running_stats=True)
    (8): BatchNorm1d(512, eps=1e-05, momentum=0.1, affine=True, track_running_stats=True)
    (9): BatchNorm1d(512, eps=1e-05, momentum=0.1, affine=True, track_running_stats=True)
  )
  (lin_in): Linear(in_features=300, out_features=512, bias=True)
  (pred_local): Linear(in_features=512, out_features=18, bias=True)
)
Epoch: 00, Loss: 3.0176, Train: 13.83%, Valid: 13.82%, Test: 13.82%, Best Valid: 13.82%, Best Test: 13.82%
Epoch: 100, Loss: 0.2396, Train: 95.64%, Valid: 80.41%, Test: 79.39%, Best Valid: 81.08%, Best Test: 80.41%
Epoch: 200, Loss: 0.0421, Train: 99.94%, Valid: 85.19%, Test: 84.50%, Best Valid: 85.56%, Best Test: 84.59%
Epoch: 300, Loss: 0.0266, Train: 99.97%, Valid: 86.18%, Test: 85.88%, Best Valid: 86.76%, Best Test: 85.46%
Epoch: 400, Loss: 0.0228, Train: 100.00%, Valid: 86.67%, Test: 86.11%, Best Valid: 87.01%, Best Test: 86.39%
Epoch: 500, Loss: 0.0229, Train: 99.99%, Valid: 86.80%, Test: 86.82%, Best Valid: 87.34%, Best Test: 86.96%
Epoch: 600, Loss: 0.0243, Train: 99.91%, Valid: 86.51%, Test: 86.83%, Best Valid: 87.45%, Best Test: 86.34%
Epoch: 700, Loss: 0.0151, Train: 99.98%, Valid: 87.20%, Test: 86.83%, Best Valid: 88.08%, Best Test: 86.80%
Epoch: 800, Loss: 0.0140, Train: 100.00%, Valid: 87.03%, Test: 87.05%, Best Valid: 88.21%, Best Test: 87.35%
Epoch: 900, Loss: 0.0202, Train: 99.93%, Valid: 86.81%, Test: 86.60%, Best Valid: 88.21%, Best Test: 87.35%
Run 01:
Highest Train: 100.00
Highest Valid: 88.21
Highest Test: 87.65
Chosen epoch: 794
Final Train: 100.00
Final Test: 87.35
Epoch: 00, Loss: 2.9905, Train: 13.83%, Valid: 13.82%, Test: 13.84%, Best Valid: 13.82%, Best Test: 13.84%
Epoch: 100, Loss: 0.2386, Train: 95.58%, Valid: 80.56%, Test: 80.48%, Best Valid: 81.15%, Best Test: 81.03%
Epoch: 200, Loss: 0.0412, Train: 99.96%, Valid: 86.41%, Test: 86.64%, Best Valid: 86.76%, Best Test: 86.62%
Epoch: 300, Loss: 0.0248, Train: 99.97%, Valid: 87.70%, Test: 87.73%, Best Valid: 87.93%, Best Test: 87.75%
Epoch: 400, Loss: 0.0234, Train: 99.97%, Valid: 87.94%, Test: 87.89%, Best Valid: 88.53%, Best Test: 88.23%
Epoch: 500, Loss: 0.0184, Train: 99.99%, Valid: 88.19%, Test: 88.05%, Best Valid: 88.93%, Best Test: 88.39%
Epoch: 600, Loss: 0.0176, Train: 99.96%, Valid: 87.73%, Test: 87.95%, Best Valid: 89.18%, Best Test: 88.51%
Epoch: 700, Loss: 0.0186, Train: 99.99%, Valid: 88.37%, Test: 88.33%, Best Valid: 89.18%, Best Test: 88.51%
Epoch: 800, Loss: 0.0146, Train: 99.95%, Valid: 87.93%, Test: 88.55%, Best Valid: 89.18%, Best Test: 88.51%
Epoch: 900, Loss: 0.0174, Train: 99.98%, Valid: 88.58%, Test: 87.88%, Best Valid: 89.18%, Best Test: 88.51%
Run 02:
Highest Train: 100.00
Highest Valid: 89.18
Highest Test: 89.06
Chosen epoch: 558
Final Train: 99.99
Final Test: 88.51
Epoch: 00, Loss: 2.9880, Train: 5.99%, Valid: 6.00%, Test: 6.00%, Best Valid: 6.00%, Best Test: 6.00%
Epoch: 100, Loss: 0.2966, Train: 94.22%, Valid: 80.16%, Test: 81.70%, Best Valid: 80.16%, Best Test: 81.70%
Epoch: 200, Loss: 0.0489, Train: 99.86%, Valid: 85.54%, Test: 86.11%, Best Valid: 85.54%, Best Test: 86.11%
Epoch: 300, Loss: 0.0278, Train: 99.97%, Valid: 86.02%, Test: 86.30%, Best Valid: 86.30%, Best Test: 87.01%
Epoch: 400, Loss: 0.0200, Train: 99.94%, Valid: 86.23%, Test: 86.78%, Best Valid: 86.95%, Best Test: 87.35%
Epoch: 500, Loss: 0.0179, Train: 99.99%, Valid: 86.83%, Test: 87.36%, Best Valid: 87.36%, Best Test: 87.24%
Epoch: 600, Loss: 0.0179, Train: 100.00%, Valid: 86.85%, Test: 87.88%, Best Valid: 87.47%, Best Test: 88.00%
Epoch: 700, Loss: 0.0213, Train: 99.99%, Valid: 87.43%, Test: 87.68%, Best Valid: 87.54%, Best Test: 87.77%
Epoch: 800, Loss: 0.0180, Train: 99.96%, Valid: 86.73%, Test: 87.49%, Best Valid: 87.61%, Best Test: 87.70%
Epoch: 900, Loss: 0.0156, Train: 99.98%, Valid: 86.67%, Test: 87.54%, Best Valid: 87.61%, Best Test: 87.70%
Run 03:
Highest Train: 100.00
Highest Valid: 87.61
Highest Test: 88.37
Chosen epoch: 715
Final Train: 100.00
Final Test: 87.70
Epoch: 00, Loss: 2.9935, Train: 1.46%, Valid: 1.45%, Test: 1.45%, Best Valid: 1.45%, Best Test: 1.45%
Epoch: 100, Loss: 0.3258, Train: 94.22%, Valid: 82.56%, Test: 82.28%, Best Valid: 82.56%, Best Test: 82.28%
Epoch: 200, Loss: 0.0538, Train: 99.91%, Valid: 86.13%, Test: 86.16%, Best Valid: 86.39%, Best Test: 86.34%
Epoch: 300, Loss: 0.0313, Train: 99.95%, Valid: 87.10%, Test: 87.19%, Best Valid: 87.86%, Best Test: 87.52%
Epoch: 400, Loss: 0.0254, Train: 99.99%, Valid: 87.86%, Test: 87.68%, Best Valid: 88.24%, Best Test: 88.03%
Epoch: 500, Loss: 0.0224, Train: 99.98%, Valid: 88.01%, Test: 88.14%, Best Valid: 88.46%, Best Test: 88.10%
Epoch: 600, Loss: 0.0162, Train: 99.99%, Valid: 87.87%, Test: 87.56%, Best Valid: 88.79%, Best Test: 88.26%
Epoch: 700, Loss: 0.0163, Train: 99.99%, Valid: 87.71%, Test: 87.54%, Best Valid: 88.79%, Best Test: 88.26%
Epoch: 800, Loss: 0.0236, Train: 100.00%, Valid: 88.83%, Test: 87.96%, Best Valid: 88.84%, Best Test: 88.26%
Epoch: 900, Loss: 0.0160, Train: 99.97%, Valid: 87.71%, Test: 87.24%, Best Valid: 88.90%, Best Test: 87.84%
Run 04:
Highest Train: 100.00
Highest Valid: 88.90
Highest Test: 88.56
Chosen epoch: 839
Final Train: 99.98
Final Test: 87.84
Epoch: 00, Loss: 2.9715, Train: 13.74%, Valid: 14.05%, Test: 13.77%, Best Valid: 14.05%, Best Test: 13.77%
Epoch: 100, Loss: 0.2363, Train: 96.45%, Valid: 81.04%, Test: 80.71%, Best Valid: 81.04%, Best Test: 80.71%
Epoch: 200, Loss: 0.0392, Train: 99.94%, Valid: 85.37%, Test: 85.14%, Best Valid: 85.67%, Best Test: 85.12%
Epoch: 300, Loss: 0.0256, Train: 99.97%, Valid: 86.23%, Test: 86.34%, Best Valid: 86.55%, Best Test: 86.37%
Epoch: 400, Loss: 0.0223, Train: 99.97%, Valid: 86.00%, Test: 85.88%, Best Valid: 87.06%, Best Test: 86.53%
Epoch: 500, Loss: 0.0221, Train: 99.99%, Valid: 86.57%, Test: 86.82%, Best Valid: 87.22%, Best Test: 86.87%
Epoch: 600, Loss: 0.0182, Train: 100.00%, Valid: 85.98%, Test: 86.45%, Best Valid: 87.52%, Best Test: 87.15%
Epoch: 700, Loss: 0.0190, Train: 99.99%, Valid: 86.65%, Test: 87.24%, Best Valid: 87.52%, Best Test: 87.15%
Epoch: 800, Loss: 0.0155, Train: 100.00%, Valid: 86.57%, Test: 87.08%, Best Valid: 87.52%, Best Test: 87.15%
Epoch: 900, Loss: 0.0165, Train: 99.99%, Valid: 87.27%, Test: 86.71%, Best Valid: 87.52%, Best Test: 87.15%
Run 05:
Highest Train: 100.00
Highest Valid: 87.52
Highest Test: 87.68
Chosen epoch: 596
Final Train: 99.99
Final Test: 87.15
All runs:
Highest Train: 100.00 ± 0.00
Highest Test: 88.26 ± 0.60
Highest Valid: 88.28 ± 0.75
  Final Train: 99.99 ± 0.01
   Final Test: 87.71 ± 0.52
Saving results to results/gnn_gnn/roman-empire/MPNN_gat.csv

Running with GNN-GNN Regularization (lambda=0.01, freq=50)...
Namespace(bn=True, cpu=False, data_dir='./data/', dataset='roman-empire', device=0, display_step=100, dropout=0.3, epochs=1000, gnn='gat', hidden_channels=512, jk=False, label_num_per_class=20, lambda_val=0.01, ln=False, local_layers=10, lr=0.001, metric='acc', mlp_epochs=500, mlp_reg=False, model='MPNN', model_dir='./model/', num_heads=1, oracle_reg=False, pre_linear=False, pre_ln=False, rand_split=False, rand_split_class=False, reg_start_epoch=10, reg_update_freq=50, res=True, result_dir='results/gnn_gnn', runs=5, save_model=False, seed=42, test_num=1000, train_prop=0.5, use_reg=True, valid_num=500, valid_prop=0.25, weight_decay=0.0005)
roman-empire
dataset roman-empire | num nodes 22662 | num edge 32927 | num node feats 300 | num classes 18
MODEL: MPNNs(
  (h_lins): ModuleList()
  (local_convs): ModuleList(
    (0): GATConv(300, 512, heads=1)
    (1): GATConv(512, 512, heads=1)
    (2): GATConv(512, 512, heads=1)
    (3): GATConv(512, 512, heads=1)
    (4): GATConv(512, 512, heads=1)
    (5): GATConv(512, 512, heads=1)
    (6): GATConv(512, 512, heads=1)
    (7): GATConv(512, 512, heads=1)
    (8): GATConv(512, 512, heads=1)
    (9): GATConv(512, 512, heads=1)
  )
  (lins): ModuleList(
    (0): Linear(in_features=300, out_features=512, bias=True)
    (1): Linear(in_features=512, out_features=512, bias=True)
    (2): Linear(in_features=512, out_features=512, bias=True)
    (3): Linear(in_features=512, out_features=512, bias=True)
    (4): Linear(in_features=512, out_features=512, bias=True)
    (5): Linear(in_features=512, out_features=512, bias=True)
    (6): Linear(in_features=512, out_features=512, bias=True)
    (7): Linear(in_features=512, out_features=512, bias=True)
    (8): Linear(in_features=512, out_features=512, bias=True)
    (9): Linear(in_features=512, out_features=512, bias=True)
  )
  (lns): ModuleList(
    (0): LayerNorm((512,), eps=1e-05, elementwise_affine=True)
    (1): LayerNorm((512,), eps=1e-05, elementwise_affine=True)
    (2): LayerNorm((512,), eps=1e-05, elementwise_affine=True)
    (3): LayerNorm((512,), eps=1e-05, elementwise_affine=True)
    (4): LayerNorm((512,), eps=1e-05, elementwise_affine=True)
    (5): LayerNorm((512,), eps=1e-05, elementwise_affine=True)
    (6): LayerNorm((512,), eps=1e-05, elementwise_affine=True)
    (7): LayerNorm((512,), eps=1e-05, elementwise_affine=True)
    (8): LayerNorm((512,), eps=1e-05, elementwise_affine=True)
    (9): LayerNorm((512,), eps=1e-05, elementwise_affine=True)
  )
  (bns): ModuleList(
    (0): BatchNorm1d(512, eps=1e-05, momentum=0.1, affine=True, track_running_stats=True)
    (1): BatchNorm1d(512, eps=1e-05, momentum=0.1, affine=True, track_running_stats=True)
    (2): BatchNorm1d(512, eps=1e-05, momentum=0.1, affine=True, track_running_stats=True)
    (3): BatchNorm1d(512, eps=1e-05, momentum=0.1, affine=True, track_running_stats=True)
    (4): BatchNorm1d(512, eps=1e-05, momentum=0.1, affine=True, track_running_stats=True)
    (5): BatchNorm1d(512, eps=1e-05, momentum=0.1, affine=True, track_running_stats=True)
    (6): BatchNorm1d(512, eps=1e-05, momentum=0.1, affine=True, track_running_stats=True)
    (7): BatchNorm1d(512, eps=1e-05, momentum=0.1, affine=True, track_running_stats=True)
    (8): BatchNorm1d(512, eps=1e-05, momentum=0.1, affine=True, track_running_stats=True)
    (9): BatchNorm1d(512, eps=1e-05, momentum=0.1, affine=True, track_running_stats=True)
  )
  (lin_in): Linear(in_features=300, out_features=512, bias=True)
  (pred_local): Linear(in_features=512, out_features=18, bias=True)
)
Epoch: 00, Loss: 3.0176, Train: 13.83%, Valid: 13.82%, Test: 13.82%, Best Valid: 13.82%, Best Test: 13.82%
Epoch: 100, Loss: 0.2538, Train: 95.80%, Valid: 81.31%, Test: 80.16%, Best Valid: 81.31%, Best Test: 80.16%
Epoch: 200, Loss: 0.0470, Train: 99.94%, Valid: 85.49%, Test: 85.00%, Best Valid: 85.79%, Best Test: 84.98%
Epoch: 300, Loss: 0.0264, Train: 99.98%, Valid: 86.97%, Test: 86.89%, Best Valid: 86.99%, Best Test: 86.39%
Epoch: 400, Loss: 0.0241, Train: 99.99%, Valid: 87.06%, Test: 86.90%, Best Valid: 87.31%, Best Test: 87.06%
Epoch: 500, Loss: 0.0206, Train: 99.99%, Valid: 88.01%, Test: 87.33%, Best Valid: 88.01%, Best Test: 87.33%
Epoch: 600, Loss: 0.0163, Train: 99.97%, Valid: 87.43%, Test: 87.66%, Best Valid: 88.01%, Best Test: 87.33%
Epoch: 700, Loss: 0.0188, Train: 99.98%, Valid: 87.08%, Test: 87.17%, Best Valid: 88.33%, Best Test: 87.54%
Epoch: 800, Loss: 0.0161, Train: 99.99%, Valid: 87.43%, Test: 86.46%, Best Valid: 88.33%, Best Test: 87.54%
Epoch: 900, Loss: 0.0147, Train: 100.00%, Valid: 87.56%, Test: 87.54%, Best Valid: 88.33%, Best Test: 87.54%
Run 01:
Highest Train: 100.00
Highest Valid: 88.33
Highest Test: 88.05
Chosen epoch: 660
Final Train: 100.00
Final Test: 87.54
Epoch: 00, Loss: 2.9905, Train: 13.83%, Valid: 13.84%, Test: 13.84%, Best Valid: 13.84%, Best Test: 13.84%
Epoch: 100, Loss: 0.2512, Train: 96.35%, Valid: 82.67%, Test: 82.49%, Best Valid: 82.70%, Best Test: 82.12%
Epoch: 200, Loss: 0.0432, Train: 99.85%, Valid: 85.56%, Test: 85.63%, Best Valid: 86.57%, Best Test: 85.83%
Epoch: 300, Loss: 0.0243, Train: 99.98%, Valid: 87.38%, Test: 87.06%, Best Valid: 88.05%, Best Test: 87.42%
Epoch: 400, Loss: 0.0203, Train: 100.00%, Valid: 88.47%, Test: 88.60%, Best Valid: 88.47%, Best Test: 88.60%
Epoch: 500, Loss: 0.0193, Train: 99.99%, Valid: 87.48%, Test: 87.50%, Best Valid: 88.76%, Best Test: 88.44%
Epoch: 600, Loss: 0.0206, Train: 99.96%, Valid: 87.89%, Test: 87.68%, Best Valid: 88.88%, Best Test: 88.78%
Epoch: 700, Loss: 0.0198, Train: 100.00%, Valid: 88.72%, Test: 88.53%, Best Valid: 89.21%, Best Test: 88.26%
Epoch: 800, Loss: 0.0190, Train: 100.00%, Valid: 88.12%, Test: 88.00%, Best Valid: 89.21%, Best Test: 88.26%
Epoch: 900, Loss: 0.0188, Train: 99.98%, Valid: 88.35%, Test: 88.23%, Best Valid: 89.48%, Best Test: 88.51%
Run 02:
Highest Train: 100.00
Highest Valid: 89.48
Highest Test: 89.18
Chosen epoch: 833
Final Train: 100.00
Final Test: 88.51
Epoch: 00, Loss: 2.9880, Train: 5.99%, Valid: 6.00%, Test: 6.00%, Best Valid: 6.00%, Best Test: 6.00%
Epoch: 100, Loss: 0.3227, Train: 93.61%, Valid: 79.28%, Test: 80.53%, Best Valid: 79.28%, Best Test: 80.53%
Epoch: 200, Loss: 0.0538, Train: 99.96%, Valid: 84.54%, Test: 85.47%, Best Valid: 84.64%, Best Test: 85.30%
Epoch: 300, Loss: 0.0262, Train: 99.95%, Valid: 85.37%, Test: 86.67%, Best Valid: 86.34%, Best Test: 86.46%
Epoch: 400, Loss: 0.0283, Train: 99.99%, Valid: 85.84%, Test: 86.62%, Best Valid: 87.08%, Best Test: 87.47%
Epoch: 500, Loss: 0.0212, Train: 100.00%, Valid: 86.44%, Test: 87.29%, Best Valid: 87.33%, Best Test: 87.06%
Epoch: 600, Loss: 0.0202, Train: 100.00%, Valid: 85.93%, Test: 86.82%, Best Valid: 87.43%, Best Test: 87.70%
Epoch: 700, Loss: 0.0259, Train: 99.98%, Valid: 86.71%, Test: 87.66%, Best Valid: 87.47%, Best Test: 88.30%
Epoch: 800, Loss: 0.0149, Train: 99.99%, Valid: 86.76%, Test: 87.66%, Best Valid: 87.47%, Best Test: 88.30%
Epoch: 900, Loss: 0.0205, Train: 99.99%, Valid: 86.11%, Test: 87.45%, Best Valid: 87.47%, Best Test: 88.30%
Run 03:
Highest Train: 100.00
Highest Valid: 87.47
Highest Test: 88.39
Chosen epoch: 655
Final Train: 100.00
Final Test: 88.30
Epoch: 00, Loss: 2.9935, Train: 1.46%, Valid: 1.45%, Test: 1.45%, Best Valid: 1.45%, Best Test: 1.45%
Epoch: 100, Loss: 0.3270, Train: 93.84%, Valid: 82.77%, Test: 82.47%, Best Valid: 82.77%, Best Test: 82.47%
Epoch: 200, Loss: 0.0534, Train: 99.95%, Valid: 86.35%, Test: 86.41%, Best Valid: 86.65%, Best Test: 86.16%
Epoch: 300, Loss: 0.0285, Train: 99.97%, Valid: 87.43%, Test: 87.43%, Best Valid: 87.66%, Best Test: 87.26%
Epoch: 400, Loss: 0.0208, Train: 100.00%, Valid: 87.78%, Test: 87.93%, Best Valid: 88.30%, Best Test: 88.02%
Epoch: 500, Loss: 0.0273, Train: 100.00%, Valid: 87.75%, Test: 87.52%, Best Valid: 88.58%, Best Test: 87.68%
Epoch: 600, Loss: 0.0179, Train: 99.97%, Valid: 87.64%, Test: 87.80%, Best Valid: 88.79%, Best Test: 88.26%
Epoch: 700, Loss: 0.0232, Train: 100.00%, Valid: 88.40%, Test: 87.52%, Best Valid: 88.79%, Best Test: 88.26%
Epoch: 800, Loss: 0.0163, Train: 99.99%, Valid: 88.70%, Test: 88.25%, Best Valid: 88.84%, Best Test: 87.82%
Epoch: 900, Loss: 0.0142, Train: 99.99%, Valid: 88.77%, Test: 87.27%, Best Valid: 89.51%, Best Test: 88.03%
Run 04:
Highest Train: 100.00
Highest Valid: 89.51
Highest Test: 88.63
Chosen epoch: 840
Final Train: 99.99
Final Test: 88.03
Epoch: 00, Loss: 2.9715, Train: 13.74%, Valid: 14.05%, Test: 13.77%, Best Valid: 14.05%, Best Test: 13.77%
Epoch: 100, Loss: 0.2386, Train: 96.31%, Valid: 81.24%, Test: 80.23%, Best Valid: 81.24%, Best Test: 80.23%
Epoch: 200, Loss: 0.0400, Train: 99.96%, Valid: 84.77%, Test: 84.63%, Best Valid: 85.81%, Best Test: 85.67%
Epoch: 300, Loss: 0.0274, Train: 100.00%, Valid: 85.83%, Test: 85.58%, Best Valid: 86.74%, Best Test: 86.36%
Epoch: 400, Loss: 0.0295, Train: 99.98%, Valid: 85.77%, Test: 86.30%, Best Valid: 86.92%, Best Test: 86.62%
Epoch: 500, Loss: 0.0198, Train: 99.98%, Valid: 86.27%, Test: 86.82%, Best Valid: 87.50%, Best Test: 86.76%
Epoch: 600, Loss: 0.0210, Train: 100.00%, Valid: 86.87%, Test: 86.59%, Best Valid: 87.50%, Best Test: 86.76%
Epoch: 700, Loss: 0.0210, Train: 99.98%, Valid: 87.27%, Test: 86.96%, Best Valid: 87.50%, Best Test: 86.76%
Epoch: 800, Loss: 0.0166, Train: 99.99%, Valid: 86.74%, Test: 86.73%, Best Valid: 87.50%, Best Test: 86.76%
Epoch: 900, Loss: 0.0175, Train: 99.97%, Valid: 86.88%, Test: 86.62%, Best Valid: 87.56%, Best Test: 87.43%
Run 05:
Highest Train: 100.00
Highest Valid: 87.56
Highest Test: 87.75
Chosen epoch: 890
Final Train: 99.99
Final Test: 87.43
All runs:
Highest Train: 100.00 ± 0.00
Highest Test: 88.40 ± 0.55
Highest Valid: 88.47 ± 1.00
  Final Train: 100.00 ± 0.00
   Final Test: 87.96 ± 0.47
Saving results to results/gnn_gnn/roman-empire/MPNN_gat.csv

Running with GNN-GNN Regularization (lambda=0.1, freq=50)...
Namespace(bn=True, cpu=False, data_dir='./data/', dataset='roman-empire', device=0, display_step=100, dropout=0.3, epochs=1000, gnn='gat', hidden_channels=512, jk=False, label_num_per_class=20, lambda_val=0.1, ln=False, local_layers=10, lr=0.001, metric='acc', mlp_epochs=500, mlp_reg=False, model='MPNN', model_dir='./model/', num_heads=1, oracle_reg=False, pre_linear=False, pre_ln=False, rand_split=False, rand_split_class=False, reg_start_epoch=10, reg_update_freq=50, res=True, result_dir='results/gnn_gnn', runs=5, save_model=False, seed=42, test_num=1000, train_prop=0.5, use_reg=True, valid_num=500, valid_prop=0.25, weight_decay=0.0005)
roman-empire
dataset roman-empire | num nodes 22662 | num edge 32927 | num node feats 300 | num classes 18
MODEL: MPNNs(
  (h_lins): ModuleList()
  (local_convs): ModuleList(
    (0): GATConv(300, 512, heads=1)
    (1): GATConv(512, 512, heads=1)
    (2): GATConv(512, 512, heads=1)
    (3): GATConv(512, 512, heads=1)
    (4): GATConv(512, 512, heads=1)
    (5): GATConv(512, 512, heads=1)
    (6): GATConv(512, 512, heads=1)
    (7): GATConv(512, 512, heads=1)
    (8): GATConv(512, 512, heads=1)
    (9): GATConv(512, 512, heads=1)
  )
  (lins): ModuleList(
    (0): Linear(in_features=300, out_features=512, bias=True)
    (1): Linear(in_features=512, out_features=512, bias=True)
    (2): Linear(in_features=512, out_features=512, bias=True)
    (3): Linear(in_features=512, out_features=512, bias=True)
    (4): Linear(in_features=512, out_features=512, bias=True)
    (5): Linear(in_features=512, out_features=512, bias=True)
    (6): Linear(in_features=512, out_features=512, bias=True)
    (7): Linear(in_features=512, out_features=512, bias=True)
    (8): Linear(in_features=512, out_features=512, bias=True)
    (9): Linear(in_features=512, out_features=512, bias=True)
  )
  (lns): ModuleList(
    (0): LayerNorm((512,), eps=1e-05, elementwise_affine=True)
    (1): LayerNorm((512,), eps=1e-05, elementwise_affine=True)
    (2): LayerNorm((512,), eps=1e-05, elementwise_affine=True)
    (3): LayerNorm((512,), eps=1e-05, elementwise_affine=True)
    (4): LayerNorm((512,), eps=1e-05, elementwise_affine=True)
    (5): LayerNorm((512,), eps=1e-05, elementwise_affine=True)
    (6): LayerNorm((512,), eps=1e-05, elementwise_affine=True)
    (7): LayerNorm((512,), eps=1e-05, elementwise_affine=True)
    (8): LayerNorm((512,), eps=1e-05, elementwise_affine=True)
    (9): LayerNorm((512,), eps=1e-05, elementwise_affine=True)
  )
  (bns): ModuleList(
    (0): BatchNorm1d(512, eps=1e-05, momentum=0.1, affine=True, track_running_stats=True)
    (1): BatchNorm1d(512, eps=1e-05, momentum=0.1, affine=True, track_running_stats=True)
    (2): BatchNorm1d(512, eps=1e-05, momentum=0.1, affine=True, track_running_stats=True)
    (3): BatchNorm1d(512, eps=1e-05, momentum=0.1, affine=True, track_running_stats=True)
    (4): BatchNorm1d(512, eps=1e-05, momentum=0.1, affine=True, track_running_stats=True)
    (5): BatchNorm1d(512, eps=1e-05, momentum=0.1, affine=True, track_running_stats=True)
    (6): BatchNorm1d(512, eps=1e-05, momentum=0.1, affine=True, track_running_stats=True)
    (7): BatchNorm1d(512, eps=1e-05, momentum=0.1, affine=True, track_running_stats=True)
    (8): BatchNorm1d(512, eps=1e-05, momentum=0.1, affine=True, track_running_stats=True)
    (9): BatchNorm1d(512, eps=1e-05, momentum=0.1, affine=True, track_running_stats=True)
  )
  (lin_in): Linear(in_features=300, out_features=512, bias=True)
  (pred_local): Linear(in_features=512, out_features=18, bias=True)
)
Epoch: 00, Loss: 3.0176, Train: 13.83%, Valid: 13.82%, Test: 13.82%, Best Valid: 13.82%, Best Test: 13.82%
Epoch: 100, Loss: 0.2966, Train: 95.21%, Valid: 80.92%, Test: 80.52%, Best Valid: 80.92%, Best Test: 80.52%
Epoch: 200, Loss: 0.0500, Train: 99.95%, Valid: 85.17%, Test: 84.84%, Best Valid: 85.17%, Best Test: 84.84%
Epoch: 300, Loss: 0.0274, Train: 99.98%, Valid: 86.41%, Test: 85.42%, Best Valid: 86.41%, Best Test: 85.42%
Epoch: 400, Loss: 0.0241, Train: 99.95%, Valid: 86.71%, Test: 85.83%, Best Valid: 86.88%, Best Test: 86.55%
Epoch: 500, Loss: 0.0237, Train: 99.98%, Valid: 87.01%, Test: 87.22%, Best Valid: 87.50%, Best Test: 86.82%
Epoch: 600, Loss: 0.0249, Train: 100.00%, Valid: 87.22%, Test: 87.49%, Best Valid: 87.54%, Best Test: 86.67%
Epoch: 700, Loss: 0.0269, Train: 99.95%, Valid: 87.24%, Test: 86.87%, Best Valid: 87.82%, Best Test: 86.99%
Epoch: 800, Loss: 0.0227, Train: 99.99%, Valid: 87.41%, Test: 87.06%, Best Valid: 87.82%, Best Test: 86.99%
Epoch: 900, Loss: 0.0188, Train: 99.98%, Valid: 87.04%, Test: 87.01%, Best Valid: 87.87%, Best Test: 87.40%
Run 01:
Highest Train: 100.00
Highest Valid: 87.87
Highest Test: 87.75
Chosen epoch: 851
Final Train: 100.00
Final Test: 87.40
Epoch: 00, Loss: 2.9905, Train: 13.83%, Valid: 13.84%, Test: 13.84%, Best Valid: 13.84%, Best Test: 13.84%
Epoch: 100, Loss: 0.2678, Train: 96.17%, Valid: 81.96%, Test: 81.57%, Best Valid: 82.08%, Best Test: 81.59%
Epoch: 200, Loss: 0.0453, Train: 99.94%, Valid: 87.01%, Test: 86.34%, Best Valid: 87.15%, Best Test: 86.59%
Epoch: 300, Loss: 0.0298, Train: 99.98%, Valid: 87.54%, Test: 87.22%, Best Valid: 87.98%, Best Test: 87.86%
Epoch: 400, Loss: 0.0260, Train: 99.96%, Valid: 87.26%, Test: 87.36%, Best Valid: 88.88%, Best Test: 88.28%
Epoch: 500, Loss: 0.0272, Train: 99.98%, Valid: 88.05%, Test: 88.25%, Best Valid: 88.88%, Best Test: 88.28%
Epoch: 600, Loss: 0.0203, Train: 99.96%, Valid: 88.23%, Test: 87.88%, Best Valid: 89.06%, Best Test: 88.63%
Epoch: 700, Loss: 0.0245, Train: 99.97%, Valid: 88.37%, Test: 87.73%, Best Valid: 89.06%, Best Test: 88.63%
Epoch: 800, Loss: 0.0151, Train: 99.99%, Valid: 88.47%, Test: 88.42%, Best Valid: 89.20%, Best Test: 88.65%
Epoch: 900, Loss: 0.0173, Train: 99.99%, Valid: 88.81%, Test: 88.55%, Best Valid: 89.20%, Best Test: 88.65%
Run 02:
Highest Train: 100.00
Highest Valid: 89.48
Highest Test: 89.04
Chosen epoch: 942
Final Train: 99.99
Final Test: 88.85
Epoch: 00, Loss: 2.9880, Train: 5.99%, Valid: 6.00%, Test: 6.00%, Best Valid: 6.00%, Best Test: 6.00%
Epoch: 100, Loss: 0.4466, Train: 90.60%, Valid: 78.80%, Test: 79.39%, Best Valid: 78.80%, Best Test: 79.42%
Epoch: 200, Loss: 0.0788, Train: 99.53%, Valid: 84.64%, Test: 85.76%, Best Valid: 84.94%, Best Test: 86.02%
Epoch: 300, Loss: 0.0318, Train: 100.00%, Valid: 85.75%, Test: 86.34%, Best Valid: 86.11%, Best Test: 86.50%
Epoch: 400, Loss: 0.0241, Train: 100.00%, Valid: 86.48%, Test: 87.01%, Best Valid: 86.90%, Best Test: 87.12%
Epoch: 500, Loss: 0.0210, Train: 99.97%, Valid: 85.90%, Test: 86.52%, Best Valid: 86.90%, Best Test: 87.12%
Epoch: 600, Loss: 0.0265, Train: 99.98%, Valid: 86.16%, Test: 86.83%, Best Valid: 86.90%, Best Test: 87.12%
Epoch: 700, Loss: 0.0197, Train: 99.98%, Valid: 86.55%, Test: 87.65%, Best Valid: 87.17%, Best Test: 87.77%
Epoch: 800, Loss: 0.0171, Train: 100.00%, Valid: 86.94%, Test: 87.59%, Best Valid: 87.40%, Best Test: 88.26%
Epoch: 900, Loss: 0.0229, Train: 99.97%, Valid: 87.11%, Test: 87.91%, Best Valid: 87.66%, Best Test: 88.03%
Run 03:
Highest Train: 100.00
Highest Valid: 87.66
Highest Test: 88.37
Chosen epoch: 894
Final Train: 99.98
Final Test: 88.03
Epoch: 00, Loss: 2.9935, Train: 1.46%, Valid: 1.45%, Test: 1.45%, Best Valid: 1.45%, Best Test: 1.45%
Epoch: 100, Loss: 0.3676, Train: 93.44%, Valid: 82.88%, Test: 82.14%, Best Valid: 82.88%, Best Test: 82.14%
Epoch: 200, Loss: 0.0608, Train: 99.92%, Valid: 86.90%, Test: 86.50%, Best Valid: 87.24%, Best Test: 87.08%
Epoch: 300, Loss: 0.0353, Train: 99.98%, Valid: 86.99%, Test: 86.89%, Best Valid: 87.98%, Best Test: 87.40%
Epoch: 400, Loss: 0.0267, Train: 99.96%, Valid: 88.00%, Test: 87.56%, Best Valid: 88.68%, Best Test: 88.32%
Epoch: 500, Loss: 0.0269, Train: 99.98%, Valid: 88.19%, Test: 87.86%, Best Valid: 88.88%, Best Test: 88.18%
Epoch: 600, Loss: 0.0173, Train: 99.99%, Valid: 88.74%, Test: 87.65%, Best Valid: 89.18%, Best Test: 88.63%
Epoch: 700, Loss: 0.0175, Train: 100.00%, Valid: 88.19%, Test: 87.68%, Best Valid: 89.37%, Best Test: 88.79%
Epoch: 800, Loss: 0.0220, Train: 100.00%, Valid: 88.88%, Test: 88.12%, Best Valid: 89.37%, Best Test: 88.79%
Epoch: 900, Loss: 0.0148, Train: 100.00%, Valid: 88.72%, Test: 87.75%, Best Valid: 89.37%, Best Test: 88.79%
Run 04:
Highest Train: 100.00
Highest Valid: 89.46
Highest Test: 88.79
Chosen epoch: 993
Final Train: 99.99
Final Test: 87.84
Epoch: 00, Loss: 2.9715, Train: 13.75%, Valid: 14.05%, Test: 13.78%, Best Valid: 14.05%, Best Test: 13.78%
Epoch: 100, Loss: 0.2551, Train: 96.58%, Valid: 81.34%, Test: 80.90%, Best Valid: 81.34%, Best Test: 80.90%
Epoch: 200, Loss: 0.0421, Train: 99.97%, Valid: 85.42%, Test: 85.02%, Best Valid: 85.63%, Best Test: 84.95%
Epoch: 300, Loss: 0.0302, Train: 99.98%, Valid: 86.18%, Test: 86.20%, Best Valid: 86.67%, Best Test: 86.22%
Epoch: 400, Loss: 0.0311, Train: 99.96%, Valid: 86.41%, Test: 86.23%, Best Valid: 87.22%, Best Test: 87.05%
Epoch: 500, Loss: 0.0253, Train: 99.99%, Valid: 86.51%, Test: 86.52%, Best Valid: 87.22%, Best Test: 87.05%
Epoch: 600, Loss: 0.0217, Train: 100.00%, Valid: 86.97%, Test: 87.38%, Best Valid: 87.45%, Best Test: 87.19%
Epoch: 700, Loss: 0.0182, Train: 100.00%, Valid: 86.94%, Test: 86.67%, Best Valid: 87.45%, Best Test: 87.19%
Epoch: 800, Loss: 0.0194, Train: 99.98%, Valid: 86.88%, Test: 87.36%, Best Valid: 87.45%, Best Test: 87.19%
Epoch: 900, Loss: 0.0167, Train: 100.00%, Valid: 86.83%, Test: 87.10%, Best Valid: 87.45%, Best Test: 87.19%
Run 05:
Highest Train: 100.00
Highest Valid: 87.66
Highest Test: 88.00
Chosen epoch: 907
Final Train: 100.00
Final Test: 87.59
All runs:
Highest Train: 100.00 ± 0.00
Highest Test: 88.39 ± 0.54
Highest Valid: 88.43 ± 0.96
  Final Train: 99.99 ± 0.01
   Final Test: 87.94 ± 0.56
Saving results to results/gnn_gnn/roman-empire/MPNN_gat.csv

Running with GNN-GNN Regularization (lambda=0.2, freq=50)...
Namespace(bn=True, cpu=False, data_dir='./data/', dataset='roman-empire', device=0, display_step=100, dropout=0.3, epochs=1000, gnn='gat', hidden_channels=512, jk=False, label_num_per_class=20, lambda_val=0.2, ln=False, local_layers=10, lr=0.001, metric='acc', mlp_epochs=500, mlp_reg=False, model='MPNN', model_dir='./model/', num_heads=1, oracle_reg=False, pre_linear=False, pre_ln=False, rand_split=False, rand_split_class=False, reg_start_epoch=10, reg_update_freq=50, res=True, result_dir='results/gnn_gnn', runs=5, save_model=False, seed=42, test_num=1000, train_prop=0.5, use_reg=True, valid_num=500, valid_prop=0.25, weight_decay=0.0005)
roman-empire
dataset roman-empire | num nodes 22662 | num edge 32927 | num node feats 300 | num classes 18
MODEL: MPNNs(
  (h_lins): ModuleList()
  (local_convs): ModuleList(
    (0): GATConv(300, 512, heads=1)
    (1): GATConv(512, 512, heads=1)
    (2): GATConv(512, 512, heads=1)
    (3): GATConv(512, 512, heads=1)
    (4): GATConv(512, 512, heads=1)
    (5): GATConv(512, 512, heads=1)
    (6): GATConv(512, 512, heads=1)
    (7): GATConv(512, 512, heads=1)
    (8): GATConv(512, 512, heads=1)
    (9): GATConv(512, 512, heads=1)
  )
  (lins): ModuleList(
    (0): Linear(in_features=300, out_features=512, bias=True)
    (1): Linear(in_features=512, out_features=512, bias=True)
    (2): Linear(in_features=512, out_features=512, bias=True)
    (3): Linear(in_features=512, out_features=512, bias=True)
    (4): Linear(in_features=512, out_features=512, bias=True)
    (5): Linear(in_features=512, out_features=512, bias=True)
    (6): Linear(in_features=512, out_features=512, bias=True)
    (7): Linear(in_features=512, out_features=512, bias=True)
    (8): Linear(in_features=512, out_features=512, bias=True)
    (9): Linear(in_features=512, out_features=512, bias=True)
  )
  (lns): ModuleList(
    (0): LayerNorm((512,), eps=1e-05, elementwise_affine=True)
    (1): LayerNorm((512,), eps=1e-05, elementwise_affine=True)
    (2): LayerNorm((512,), eps=1e-05, elementwise_affine=True)
    (3): LayerNorm((512,), eps=1e-05, elementwise_affine=True)
    (4): LayerNorm((512,), eps=1e-05, elementwise_affine=True)
    (5): LayerNorm((512,), eps=1e-05, elementwise_affine=True)
    (6): LayerNorm((512,), eps=1e-05, elementwise_affine=True)
    (7): LayerNorm((512,), eps=1e-05, elementwise_affine=True)
    (8): LayerNorm((512,), eps=1e-05, elementwise_affine=True)
    (9): LayerNorm((512,), eps=1e-05, elementwise_affine=True)
  )
  (bns): ModuleList(
    (0): BatchNorm1d(512, eps=1e-05, momentum=0.1, affine=True, track_running_stats=True)
    (1): BatchNorm1d(512, eps=1e-05, momentum=0.1, affine=True, track_running_stats=True)
    (2): BatchNorm1d(512, eps=1e-05, momentum=0.1, affine=True, track_running_stats=True)
    (3): BatchNorm1d(512, eps=1e-05, momentum=0.1, affine=True, track_running_stats=True)
    (4): BatchNorm1d(512, eps=1e-05, momentum=0.1, affine=True, track_running_stats=True)
    (5): BatchNorm1d(512, eps=1e-05, momentum=0.1, affine=True, track_running_stats=True)
    (6): BatchNorm1d(512, eps=1e-05, momentum=0.1, affine=True, track_running_stats=True)
    (7): BatchNorm1d(512, eps=1e-05, momentum=0.1, affine=True, track_running_stats=True)
    (8): BatchNorm1d(512, eps=1e-05, momentum=0.1, affine=True, track_running_stats=True)
    (9): BatchNorm1d(512, eps=1e-05, momentum=0.1, affine=True, track_running_stats=True)
  )
  (lin_in): Linear(in_features=300, out_features=512, bias=True)
  (pred_local): Linear(in_features=512, out_features=18, bias=True)
)
Epoch: 00, Loss: 3.0176, Train: 13.83%, Valid: 13.82%, Test: 13.82%, Best Valid: 13.82%, Best Test: 13.82%
Epoch: 100, Loss: 0.2914, Train: 95.63%, Valid: 80.44%, Test: 80.76%, Best Valid: 80.46%, Best Test: 80.64%
Epoch: 200, Loss: 0.0465, Train: 99.91%, Valid: 84.68%, Test: 84.38%, Best Valid: 85.51%, Best Test: 85.00%
Epoch: 300, Loss: 0.0304, Train: 99.99%, Valid: 86.16%, Test: 85.92%, Best Valid: 86.37%, Best Test: 85.67%
Epoch: 400, Loss: 0.0246, Train: 99.94%, Valid: 85.72%, Test: 85.77%, Best Valid: 87.20%, Best Test: 86.66%
Epoch: 500, Loss: 0.0209, Train: 99.99%, Valid: 87.08%, Test: 87.03%, Best Valid: 87.38%, Best Test: 86.52%
Epoch: 600, Loss: 0.0233, Train: 99.96%, Valid: 86.28%, Test: 86.50%, Best Valid: 87.45%, Best Test: 87.45%
Epoch: 700, Loss: 0.0160, Train: 99.99%, Valid: 87.04%, Test: 86.97%, Best Valid: 87.93%, Best Test: 87.63%
Epoch: 800, Loss: 0.0222, Train: 99.98%, Valid: 87.29%, Test: 87.52%, Best Valid: 87.93%, Best Test: 87.63%
Epoch: 900, Loss: 0.0175, Train: 99.98%, Valid: 86.78%, Test: 87.26%, Best Valid: 88.01%, Best Test: 87.80%
Run 01:
Highest Train: 100.00
Highest Valid: 88.05
Highest Test: 87.84
Chosen epoch: 944
Final Train: 99.99
Final Test: 87.54
Epoch: 00, Loss: 2.9905, Train: 13.83%, Valid: 13.84%, Test: 13.84%, Best Valid: 13.84%, Best Test: 13.84%
Epoch: 100, Loss: 0.2905, Train: 95.67%, Valid: 80.79%, Test: 81.13%, Best Valid: 81.24%, Best Test: 81.40%
Epoch: 200, Loss: 0.0581, Train: 99.98%, Valid: 86.62%, Test: 86.45%, Best Valid: 86.94%, Best Test: 86.25%
Epoch: 300, Loss: 0.0304, Train: 99.98%, Valid: 87.38%, Test: 87.38%, Best Valid: 87.94%, Best Test: 87.54%
Epoch: 400, Loss: 0.0235, Train: 99.99%, Valid: 87.68%, Test: 87.88%, Best Valid: 88.67%, Best Test: 87.91%
Epoch: 500, Loss: 0.0220, Train: 99.98%, Valid: 88.26%, Test: 88.09%, Best Valid: 88.70%, Best Test: 88.55%
Epoch: 600, Loss: 0.0200, Train: 99.96%, Valid: 88.56%, Test: 88.16%, Best Valid: 88.98%, Best Test: 88.49%
Epoch: 700, Loss: 0.0206, Train: 100.00%, Valid: 88.28%, Test: 88.42%, Best Valid: 89.13%, Best Test: 88.79%
Epoch: 800, Loss: 0.0189, Train: 99.99%, Valid: 87.96%, Test: 87.84%, Best Valid: 89.25%, Best Test: 89.02%
Epoch: 900, Loss: 0.0208, Train: 100.00%, Valid: 89.11%, Test: 88.55%, Best Valid: 89.25%, Best Test: 89.02%
Run 02:
Highest Train: 100.00
Highest Valid: 89.25
Highest Test: 89.25
Chosen epoch: 703
Final Train: 100.00
Final Test: 89.02
Epoch: 00, Loss: 2.9880, Train: 5.99%, Valid: 6.00%, Test: 6.00%, Best Valid: 6.00%, Best Test: 6.00%
Epoch: 100, Loss: 0.4791, Train: 90.49%, Valid: 78.64%, Test: 79.51%, Best Valid: 78.71%, Best Test: 79.24%
Epoch: 200, Loss: 0.0909, Train: 99.77%, Valid: 85.84%, Test: 86.30%, Best Valid: 85.95%, Best Test: 86.45%
Epoch: 300, Loss: 0.0387, Train: 99.99%, Valid: 86.51%, Test: 87.20%, Best Valid: 86.87%, Best Test: 87.43%
Epoch: 400, Loss: 0.0282, Train: 100.00%, Valid: 86.71%, Test: 88.05%, Best Valid: 87.54%, Best Test: 88.03%
Epoch: 500, Loss: 0.0240, Train: 99.99%, Valid: 87.33%, Test: 88.12%, Best Valid: 87.68%, Best Test: 88.35%
Epoch: 600, Loss: 0.0197, Train: 100.00%, Valid: 87.87%, Test: 88.81%, Best Valid: 87.96%, Best Test: 88.67%
Epoch: 700, Loss: 0.0206, Train: 99.99%, Valid: 87.01%, Test: 88.07%, Best Valid: 87.96%, Best Test: 88.67%
Epoch: 800, Loss: 0.0245, Train: 99.98%, Valid: 86.73%, Test: 87.70%, Best Valid: 88.01%, Best Test: 88.93%
Epoch: 900, Loss: 0.0183, Train: 99.98%, Valid: 86.46%, Test: 87.79%, Best Valid: 88.01%, Best Test: 88.93%
Run 03:
Highest Train: 100.00
Highest Valid: 88.03
Highest Test: 88.93
Chosen epoch: 938
Final Train: 100.00
Final Test: 88.56
Epoch: 00, Loss: 2.9935, Train: 1.46%, Valid: 1.45%, Test: 1.45%, Best Valid: 1.45%, Best Test: 1.45%
Epoch: 100, Loss: 0.4020, Train: 93.72%, Valid: 82.82%, Test: 82.14%, Best Valid: 82.82%, Best Test: 82.14%
Epoch: 200, Loss: 0.0634, Train: 99.89%, Valid: 86.39%, Test: 86.25%, Best Valid: 86.74%, Best Test: 86.16%
Epoch: 300, Loss: 0.0368, Train: 99.98%, Valid: 87.01%, Test: 86.45%, Best Valid: 87.82%, Best Test: 87.17%
Epoch: 400, Loss: 0.0226, Train: 99.96%, Valid: 87.94%, Test: 87.58%, Best Valid: 88.61%, Best Test: 87.91%
Epoch: 500, Loss: 0.0293, Train: 100.00%, Valid: 88.47%, Test: 88.23%, Best Valid: 88.74%, Best Test: 87.96%
Epoch: 600, Loss: 0.0251, Train: 99.98%, Valid: 88.53%, Test: 87.91%, Best Valid: 89.25%, Best Test: 88.18%
Epoch: 700, Loss: 0.0219, Train: 99.99%, Valid: 88.38%, Test: 88.18%, Best Valid: 89.30%, Best Test: 87.70%
Epoch: 800, Loss: 0.0200, Train: 99.98%, Valid: 88.77%, Test: 88.23%, Best Valid: 89.64%, Best Test: 88.42%
Epoch: 900, Loss: 0.0173, Train: 99.99%, Valid: 88.49%, Test: 87.89%, Best Valid: 89.64%, Best Test: 88.42%
Run 04:
Highest Train: 100.00
Highest Valid: 89.64
Highest Test: 88.69
Chosen epoch: 730
Final Train: 100.00
Final Test: 88.42
Epoch: 00, Loss: 2.9715, Train: 13.74%, Valid: 14.05%, Test: 13.77%, Best Valid: 14.05%, Best Test: 13.77%
Epoch: 100, Loss: 0.2773, Train: 96.75%, Valid: 81.04%, Test: 80.82%, Best Valid: 81.04%, Best Test: 80.82%
Epoch: 200, Loss: 0.0467, Train: 99.96%, Valid: 85.00%, Test: 84.93%, Best Valid: 85.58%, Best Test: 84.95%
Epoch: 300, Loss: 0.0343, Train: 100.00%, Valid: 86.16%, Test: 85.99%, Best Valid: 86.37%, Best Test: 85.72%
Epoch: 400, Loss: 0.0285, Train: 99.98%, Valid: 85.90%, Test: 86.29%, Best Valid: 87.11%, Best Test: 86.52%
Epoch: 500, Loss: 0.0241, Train: 99.97%, Valid: 86.80%, Test: 87.01%, Best Valid: 87.31%, Best Test: 87.22%
Epoch: 600, Loss: 0.0235, Train: 99.99%, Valid: 87.03%, Test: 87.43%, Best Valid: 87.47%, Best Test: 86.82%
Epoch: 700, Loss: 0.0236, Train: 100.00%, Valid: 86.48%, Test: 86.06%, Best Valid: 87.68%, Best Test: 87.35%
Epoch: 800, Loss: 0.0186, Train: 100.00%, Valid: 86.39%, Test: 86.90%, Best Valid: 87.68%, Best Test: 87.35%
Epoch: 900, Loss: 0.0181, Train: 100.00%, Valid: 86.99%, Test: 87.29%, Best Valid: 87.68%, Best Test: 87.35%
Run 05:
Highest Train: 100.00
Highest Valid: 87.68
Highest Test: 87.89
Chosen epoch: 624
Final Train: 99.99
Final Test: 87.35
All runs:
Highest Train: 100.00 ± 0.00
Highest Test: 88.52 ± 0.63
Highest Valid: 88.53 ± 0.86
  Final Train: 100.00 ± 0.00
   Final Test: 88.18 ± 0.71
Saving results to results/gnn_gnn/roman-empire/MPNN_gat.csv

Running with GNN-GNN Regularization (lambda=0.4, freq=50)...
Namespace(bn=True, cpu=False, data_dir='./data/', dataset='roman-empire', device=0, display_step=100, dropout=0.3, epochs=1000, gnn='gat', hidden_channels=512, jk=False, label_num_per_class=20, lambda_val=0.4, ln=False, local_layers=10, lr=0.001, metric='acc', mlp_epochs=500, mlp_reg=False, model='MPNN', model_dir='./model/', num_heads=1, oracle_reg=False, pre_linear=False, pre_ln=False, rand_split=False, rand_split_class=False, reg_start_epoch=10, reg_update_freq=50, res=True, result_dir='results/gnn_gnn', runs=5, save_model=False, seed=42, test_num=1000, train_prop=0.5, use_reg=True, valid_num=500, valid_prop=0.25, weight_decay=0.0005)
roman-empire
dataset roman-empire | num nodes 22662 | num edge 32927 | num node feats 300 | num classes 18
MODEL: MPNNs(
  (h_lins): ModuleList()
  (local_convs): ModuleList(
    (0): GATConv(300, 512, heads=1)
    (1): GATConv(512, 512, heads=1)
    (2): GATConv(512, 512, heads=1)
    (3): GATConv(512, 512, heads=1)
    (4): GATConv(512, 512, heads=1)
    (5): GATConv(512, 512, heads=1)
    (6): GATConv(512, 512, heads=1)
    (7): GATConv(512, 512, heads=1)
    (8): GATConv(512, 512, heads=1)
    (9): GATConv(512, 512, heads=1)
  )
  (lins): ModuleList(
    (0): Linear(in_features=300, out_features=512, bias=True)
    (1): Linear(in_features=512, out_features=512, bias=True)
    (2): Linear(in_features=512, out_features=512, bias=True)
    (3): Linear(in_features=512, out_features=512, bias=True)
    (4): Linear(in_features=512, out_features=512, bias=True)
    (5): Linear(in_features=512, out_features=512, bias=True)
    (6): Linear(in_features=512, out_features=512, bias=True)
    (7): Linear(in_features=512, out_features=512, bias=True)
    (8): Linear(in_features=512, out_features=512, bias=True)
    (9): Linear(in_features=512, out_features=512, bias=True)
  )
  (lns): ModuleList(
    (0): LayerNorm((512,), eps=1e-05, elementwise_affine=True)
    (1): LayerNorm((512,), eps=1e-05, elementwise_affine=True)
    (2): LayerNorm((512,), eps=1e-05, elementwise_affine=True)
    (3): LayerNorm((512,), eps=1e-05, elementwise_affine=True)
    (4): LayerNorm((512,), eps=1e-05, elementwise_affine=True)
    (5): LayerNorm((512,), eps=1e-05, elementwise_affine=True)
    (6): LayerNorm((512,), eps=1e-05, elementwise_affine=True)
    (7): LayerNorm((512,), eps=1e-05, elementwise_affine=True)
    (8): LayerNorm((512,), eps=1e-05, elementwise_affine=True)
    (9): LayerNorm((512,), eps=1e-05, elementwise_affine=True)
  )
  (bns): ModuleList(
    (0): BatchNorm1d(512, eps=1e-05, momentum=0.1, affine=True, track_running_stats=True)
    (1): BatchNorm1d(512, eps=1e-05, momentum=0.1, affine=True, track_running_stats=True)
    (2): BatchNorm1d(512, eps=1e-05, momentum=0.1, affine=True, track_running_stats=True)
    (3): BatchNorm1d(512, eps=1e-05, momentum=0.1, affine=True, track_running_stats=True)
    (4): BatchNorm1d(512, eps=1e-05, momentum=0.1, affine=True, track_running_stats=True)
    (5): BatchNorm1d(512, eps=1e-05, momentum=0.1, affine=True, track_running_stats=True)
    (6): BatchNorm1d(512, eps=1e-05, momentum=0.1, affine=True, track_running_stats=True)
    (7): BatchNorm1d(512, eps=1e-05, momentum=0.1, affine=True, track_running_stats=True)
    (8): BatchNorm1d(512, eps=1e-05, momentum=0.1, affine=True, track_running_stats=True)
    (9): BatchNorm1d(512, eps=1e-05, momentum=0.1, affine=True, track_running_stats=True)
  )
  (lin_in): Linear(in_features=300, out_features=512, bias=True)
  (pred_local): Linear(in_features=512, out_features=18, bias=True)
)
Epoch: 00, Loss: 3.0176, Train: 13.83%, Valid: 13.82%, Test: 13.82%, Best Valid: 13.82%, Best Test: 13.82%
Epoch: 100, Loss: 0.3291, Train: 95.38%, Valid: 80.67%, Test: 79.88%, Best Valid: 80.67%, Best Test: 79.88%
Epoch: 200, Loss: 0.0599, Train: 99.92%, Valid: 85.70%, Test: 85.03%, Best Valid: 85.74%, Best Test: 84.87%
Epoch: 300, Loss: 0.0355, Train: 99.98%, Valid: 86.35%, Test: 85.86%, Best Valid: 86.58%, Best Test: 85.60%
Epoch: 400, Loss: 0.0342, Train: 99.95%, Valid: 86.83%, Test: 86.27%, Best Valid: 87.27%, Best Test: 85.76%
Epoch: 500, Loss: 0.0264, Train: 99.96%, Valid: 87.04%, Test: 86.69%, Best Valid: 87.68%, Best Test: 86.85%
Epoch: 600, Loss: 0.0240, Train: 99.97%, Valid: 87.68%, Test: 87.24%, Best Valid: 87.89%, Best Test: 86.82%
Epoch: 700, Loss: 0.0219, Train: 99.96%, Valid: 87.08%, Test: 86.99%, Best Valid: 87.94%, Best Test: 87.35%
Epoch: 800, Loss: 0.0203, Train: 99.98%, Valid: 87.17%, Test: 86.53%, Best Valid: 88.16%, Best Test: 87.19%
Epoch: 900, Loss: 0.0257, Train: 99.96%, Valid: 87.13%, Test: 87.22%, Best Valid: 88.16%, Best Test: 87.19%
Run 01:
Highest Train: 100.00
Highest Valid: 88.16
Highest Test: 87.79
Chosen epoch: 788
Final Train: 99.99
Final Test: 87.19
Epoch: 00, Loss: 2.9905, Train: 13.83%, Valid: 13.84%, Test: 13.84%, Best Valid: 13.84%, Best Test: 13.84%
Epoch: 100, Loss: 0.3387, Train: 95.19%, Valid: 81.04%, Test: 80.85%, Best Valid: 81.38%, Best Test: 80.71%
Epoch: 200, Loss: 0.0567, Train: 99.96%, Valid: 86.74%, Test: 85.92%, Best Valid: 86.94%, Best Test: 86.15%
Epoch: 300, Loss: 0.0418, Train: 100.00%, Valid: 87.33%, Test: 86.94%, Best Valid: 87.71%, Best Test: 87.13%
Epoch: 400, Loss: 0.0356, Train: 99.98%, Valid: 88.01%, Test: 87.86%, Best Valid: 88.33%, Best Test: 87.91%
Epoch: 500, Loss: 0.0251, Train: 100.00%, Valid: 88.24%, Test: 88.25%, Best Valid: 88.90%, Best Test: 88.05%
Epoch: 600, Loss: 0.0247, Train: 99.99%, Valid: 88.24%, Test: 87.66%, Best Valid: 89.02%, Best Test: 88.25%
Epoch: 700, Loss: 0.0217, Train: 99.99%, Valid: 88.40%, Test: 88.62%, Best Valid: 89.02%, Best Test: 88.25%
Epoch: 800, Loss: 0.0255, Train: 99.96%, Valid: 88.07%, Test: 88.00%, Best Valid: 89.02%, Best Test: 88.25%
Epoch: 900, Loss: 0.0211, Train: 100.00%, Valid: 87.96%, Test: 88.09%, Best Valid: 89.02%, Best Test: 88.25%
Run 02:
Highest Train: 100.00
Highest Valid: 89.02
Highest Test: 89.06
Chosen epoch: 561
Final Train: 99.97
Final Test: 88.25
Epoch: 00, Loss: 2.9880, Train: 5.99%, Valid: 6.00%, Test: 6.00%, Best Valid: 6.00%, Best Test: 6.00%
Epoch: 100, Loss: 0.4744, Train: 92.78%, Valid: 79.52%, Test: 80.43%, Best Valid: 79.63%, Best Test: 80.34%
Epoch: 200, Loss: 0.0874, Train: 99.72%, Valid: 85.44%, Test: 86.04%, Best Valid: 85.44%, Best Test: 86.04%
Epoch: 300, Loss: 0.0432, Train: 100.00%, Valid: 86.39%, Test: 86.62%, Best Valid: 86.60%, Best Test: 87.50%
Epoch: 400, Loss: 0.0389, Train: 99.99%, Valid: 87.29%, Test: 87.86%, Best Valid: 87.33%, Best Test: 87.63%
Epoch: 500, Loss: 0.0431, Train: 99.99%, Valid: 86.53%, Test: 87.38%, Best Valid: 87.41%, Best Test: 87.79%
Epoch: 600, Loss: 0.0259, Train: 100.00%, Valid: 87.91%, Test: 87.91%, Best Valid: 88.01%, Best Test: 87.75%
Epoch: 700, Loss: 0.0274, Train: 100.00%, Valid: 87.13%, Test: 87.93%, Best Valid: 88.01%, Best Test: 87.75%
Epoch: 800, Loss: 0.0272, Train: 99.97%, Valid: 87.36%, Test: 87.88%, Best Valid: 88.01%, Best Test: 87.75%
Epoch: 900, Loss: 0.0253, Train: 100.00%, Valid: 87.48%, Test: 88.21%, Best Valid: 88.01%, Best Test: 87.75%
Run 03:
Highest Train: 100.00
Highest Valid: 88.01
Highest Test: 88.40
Chosen epoch: 599
Final Train: 100.00
Final Test: 87.75
Epoch: 00, Loss: 2.9935, Train: 1.46%, Valid: 1.45%, Test: 1.45%, Best Valid: 1.45%, Best Test: 1.45%
Epoch: 100, Loss: 0.4669, Train: 93.35%, Valid: 82.58%, Test: 81.84%, Best Valid: 82.58%, Best Test: 81.84%
Epoch: 200, Loss: 0.0824, Train: 99.91%, Valid: 85.98%, Test: 86.41%, Best Valid: 86.41%, Best Test: 86.06%
Epoch: 300, Loss: 0.0404, Train: 99.99%, Valid: 87.38%, Test: 87.27%, Best Valid: 87.80%, Best Test: 87.22%
Epoch: 400, Loss: 0.0303, Train: 99.98%, Valid: 87.98%, Test: 87.61%, Best Valid: 88.72%, Best Test: 88.03%
Epoch: 500, Loss: 0.0321, Train: 99.97%, Valid: 87.96%, Test: 87.96%, Best Valid: 89.00%, Best Test: 88.21%
Epoch: 600, Loss: 0.0263, Train: 99.95%, Valid: 87.24%, Test: 87.27%, Best Valid: 89.00%, Best Test: 88.21%
Epoch: 700, Loss: 0.0237, Train: 99.98%, Valid: 87.91%, Test: 88.03%, Best Valid: 89.00%, Best Test: 88.21%
Epoch: 800, Loss: 0.0222, Train: 99.96%, Valid: 88.00%, Test: 87.98%, Best Valid: 89.00%, Best Test: 88.21%
Epoch: 900, Loss: 0.0198, Train: 99.99%, Valid: 88.14%, Test: 87.59%, Best Valid: 89.00%, Best Test: 88.21%
Run 04:
Highest Train: 100.00
Highest Valid: 89.00
Highest Test: 88.74
Chosen epoch: 479
Final Train: 99.99
Final Test: 88.21
Epoch: 00, Loss: 2.9715, Train: 13.75%, Valid: 14.07%, Test: 13.77%, Best Valid: 14.07%, Best Test: 13.77%
Epoch: 100, Loss: 0.3207, Train: 96.54%, Valid: 80.97%, Test: 80.67%, Best Valid: 80.97%, Best Test: 80.67%
Epoch: 200, Loss: 0.0495, Train: 99.91%, Valid: 84.80%, Test: 84.84%, Best Valid: 85.77%, Best Test: 85.12%
Epoch: 300, Loss: 0.0403, Train: 99.96%, Valid: 86.16%, Test: 85.93%, Best Valid: 86.34%, Best Test: 85.92%
Epoch: 400, Loss: 0.0318, Train: 99.98%, Valid: 85.93%, Test: 85.83%, Best Valid: 87.10%, Best Test: 86.73%
Epoch: 500, Loss: 0.0308, Train: 100.00%, Valid: 86.55%, Test: 87.26%, Best Valid: 87.10%, Best Test: 86.73%
Epoch: 600, Loss: 0.0297, Train: 99.98%, Valid: 86.37%, Test: 87.12%, Best Valid: 87.43%, Best Test: 87.06%
Epoch: 700, Loss: 0.0297, Train: 99.98%, Valid: 87.03%, Test: 86.43%, Best Valid: 87.43%, Best Test: 87.06%
Epoch: 800, Loss: 0.0316, Train: 99.97%, Valid: 86.46%, Test: 86.90%, Best Valid: 87.43%, Best Test: 87.06%
Epoch: 900, Loss: 0.0232, Train: 99.97%, Valid: 86.67%, Test: 87.36%, Best Valid: 87.43%, Best Test: 87.06%
Run 05:
Highest Train: 100.00
Highest Valid: 87.54
Highest Test: 87.86
Chosen epoch: 955
Final Train: 99.98
Final Test: 87.52
All runs:
Highest Train: 100.00 ± 0.00
Highest Test: 88.37 ± 0.55
Highest Valid: 88.35 ± 0.65
  Final Train: 99.99 ± 0.01
   Final Test: 87.78 ± 0.45
Saving results to results/gnn_gnn/roman-empire/MPNN_gat.csv

GNN-GNN sweep completed!
==========================================================
Task 0 completed at: Tue Apr 28 09:51:16 PM EDT 2026
==========================================================
