==========================================================
roman-empire / GAT rerun | Task 0
Job: 1013168 | Date: Tue Apr 28 02:04:36 PM EDT 2026 | Host: n0002
==========================================================
Tue Apr 28 14:04:40 2026       
+-----------------------------------------------------------------------------------------+
| NVIDIA-SMI 570.211.01             Driver Version: 570.211.01     CUDA Version: 12.8     |
|-----------------------------------------+------------------------+----------------------+
| GPU  Name                 Persistence-M | Bus-Id          Disp.A | Volatile Uncorr. ECC |
| Fan  Temp   Perf          Pwr:Usage/Cap |           Memory-Usage | GPU-Util  Compute M. |
|                                         |                        |               MIG M. |
|=========================================+========================+======================|
|   0  NVIDIA A100-SXM4-80GB          On  |   00000000:01:00.0 Off |                   On |
| N/A   40C    P0            148W /  500W |    6237MiB /  81920MiB |     N/A      Default |
|                                         |                        |              Enabled |
+-----------------------------------------+------------------------+----------------------+
|   1  NVIDIA A100-SXM4-80GB          On  |   00000000:41:00.0 Off |                   On |
| N/A   28C    P0             49W /  500W |     185MiB /  81920MiB |     N/A      Default |
|                                         |                        |              Enabled |
+-----------------------------------------+------------------------+----------------------+
|   2  NVIDIA A100-SXM4-80GB          On  |   00000000:81:00.0 Off |                   On |
| N/A   32C    P0             51W /  500W |     185MiB /  81920MiB |     N/A      Default |
|                                         |                        |              Enabled |
+-----------------------------------------+------------------------+----------------------+
|   3  NVIDIA A100-SXM4-80GB          On  |   00000000:C1:00.0 Off |                   On |
| N/A   29C    P0             84W /  500W |     765MiB /  81920MiB |     N/A      Default |
|                                         |                        |              Enabled |
+-----------------------------------------+------------------------+----------------------+

+-----------------------------------------------------------------------------------------+
| MIG devices:                                                                            |
+------------------+----------------------------------+-----------+-----------------------+
| GPU  GI  CI  MIG |                     Memory-Usage |        Vol|        Shared         |
|      ID  ID  Dev |                       BAR1-Usage | SM     Unc| CE ENC  DEC  OFA  JPG |
|                  |                                  |        ECC|                       |
|==================+==================================+===========+=======================|
|  0   14   0   0  |              27MiB /  9728MiB    | 14      0 |  1   0    0    0    0 |
|                  |                 0MiB / 16383MiB  |           |                       |
+------------------+----------------------------------+-----------+-----------------------+
                                                                                         
+-----------------------------------------------------------------------------------------+
| Processes:                                                                              |
|  GPU   GI   CI              PID   Type   Process name                        GPU Memory |
|        ID   ID                                                               Usage      |
|=========================================================================================|
|    3    1    0          3346367      C   python                                  574MiB |
+-----------------------------------------------------------------------------------------+
1.12.1
True
NVIDIA A100-SXM4-80GB MIG 1g.10gb
==========================================================
Starting gnn_gnn (dynamic) Sweep for:
python main.py --gnn gat --dataset roman-empire     --hidden_channels 512 --epochs 1000 --lr 0.001 --runs 5     --local_layers 10 --weight_decay 5e-4 --dropout 0.3     --bn --res --device 0
==========================================================
Running GNN Baseline (no reg)...
Namespace(bn=True, cpu=False, data_dir='./data/', dataset='roman-empire', device=0, display_step=100, dropout=0.3, epochs=1000, gnn='gat', hidden_channels=512, jk=False, label_num_per_class=20, lambda_val=0.5, ln=False, local_layers=10, lr=0.001, metric='acc', mlp_epochs=500, mlp_reg=False, model='MPNN', model_dir='./model/', num_heads=1, oracle_reg=False, pre_linear=False, pre_ln=False, rand_split=False, rand_split_class=False, reg_start_epoch=10, reg_update_freq=5, res=True, result_dir='results/gnn_gnn', runs=5, save_model=False, seed=42, test_num=1000, train_prop=0.5, use_reg=False, valid_num=500, valid_prop=0.25, weight_decay=0.0005)
roman-empire
dataset roman-empire | num nodes 22662 | num edge 32927 | num node feats 300 | num classes 18
MODEL: MPNNs(
  (h_lins): ModuleList()
  (local_convs): ModuleList(
    (0): GATConv(300, 512, heads=1)
    (1): GATConv(512, 512, heads=1)
    (2): GATConv(512, 512, heads=1)
    (3): GATConv(512, 512, heads=1)
    (4): GATConv(512, 512, heads=1)
    (5): GATConv(512, 512, heads=1)
    (6): GATConv(512, 512, heads=1)
    (7): GATConv(512, 512, heads=1)
    (8): GATConv(512, 512, heads=1)
    (9): GATConv(512, 512, heads=1)
  )
  (lins): ModuleList(
    (0): Linear(in_features=300, out_features=512, bias=True)
    (1): Linear(in_features=512, out_features=512, bias=True)
    (2): Linear(in_features=512, out_features=512, bias=True)
    (3): Linear(in_features=512, out_features=512, bias=True)
    (4): Linear(in_features=512, out_features=512, bias=True)
    (5): Linear(in_features=512, out_features=512, bias=True)
    (6): Linear(in_features=512, out_features=512, bias=True)
    (7): Linear(in_features=512, out_features=512, bias=True)
    (8): Linear(in_features=512, out_features=512, bias=True)
    (9): Linear(in_features=512, out_features=512, bias=True)
  )
  (lns): ModuleList(
    (0): LayerNorm((512,), eps=1e-05, elementwise_affine=True)
    (1): LayerNorm((512,), eps=1e-05, elementwise_affine=True)
    (2): LayerNorm((512,), eps=1e-05, elementwise_affine=True)
    (3): LayerNorm((512,), eps=1e-05, elementwise_affine=True)
    (4): LayerNorm((512,), eps=1e-05, elementwise_affine=True)
    (5): LayerNorm((512,), eps=1e-05, elementwise_affine=True)
    (6): LayerNorm((512,), eps=1e-05, elementwise_affine=True)
    (7): LayerNorm((512,), eps=1e-05, elementwise_affine=True)
    (8): LayerNorm((512,), eps=1e-05, elementwise_affine=True)
    (9): LayerNorm((512,), eps=1e-05, elementwise_affine=True)
  )
  (bns): ModuleList(
    (0): BatchNorm1d(512, eps=1e-05, momentum=0.1, affine=True, track_running_stats=True)
    (1): BatchNorm1d(512, eps=1e-05, momentum=0.1, affine=True, track_running_stats=True)
    (2): BatchNorm1d(512, eps=1e-05, momentum=0.1, affine=True, track_running_stats=True)
    (3): BatchNorm1d(512, eps=1e-05, momentum=0.1, affine=True, track_running_stats=True)
    (4): BatchNorm1d(512, eps=1e-05, momentum=0.1, affine=True, track_running_stats=True)
    (5): BatchNorm1d(512, eps=1e-05, momentum=0.1, affine=True, track_running_stats=True)
    (6): BatchNorm1d(512, eps=1e-05, momentum=0.1, affine=True, track_running_stats=True)
    (7): BatchNorm1d(512, eps=1e-05, momentum=0.1, affine=True, track_running_stats=True)
    (8): BatchNorm1d(512, eps=1e-05, momentum=0.1, affine=True, track_running_stats=True)
    (9): BatchNorm1d(512, eps=1e-05, momentum=0.1, affine=True, track_running_stats=True)
  )
  (lin_in): Linear(in_features=300, out_features=512, bias=True)
  (pred_local): Linear(in_features=512, out_features=18, bias=True)
)
Epoch: 00, Loss: 3.0176, Train: 13.83%, Valid: 13.82%, Test: 13.82%, Best Valid: 13.82%, Best Test: 13.82%
Epoch: 100, Loss: 0.2351, Train: 95.40%, Valid: 80.46%, Test: 80.09%, Best Valid: 80.76%, Best Test: 79.77%
Epoch: 200, Loss: 0.0468, Train: 99.87%, Valid: 84.89%, Test: 84.50%, Best Valid: 85.40%, Best Test: 84.79%
Epoch: 300, Loss: 0.0225, Train: 99.98%, Valid: 86.43%, Test: 86.22%, Best Valid: 86.81%, Best Test: 86.29%
Epoch: 400, Loss: 0.0228, Train: 99.98%, Valid: 86.76%, Test: 86.71%, Best Valid: 87.68%, Best Test: 87.10%
Epoch: 500, Loss: 0.0194, Train: 99.96%, Valid: 87.41%, Test: 86.76%, Best Valid: 87.98%, Best Test: 87.22%
Epoch: 600, Loss: 0.0187, Train: 100.00%, Valid: 87.34%, Test: 87.52%, Best Valid: 88.07%, Best Test: 87.27%
Epoch: 700, Loss: 0.0145, Train: 99.99%, Valid: 87.61%, Test: 86.75%, Best Valid: 88.07%, Best Test: 87.27%
Epoch: 800, Loss: 0.0144, Train: 100.00%, Valid: 87.75%, Test: 87.45%, Best Valid: 88.07%, Best Test: 87.27%
Epoch: 900, Loss: 0.0159, Train: 100.00%, Valid: 87.31%, Test: 86.96%, Best Valid: 88.08%, Best Test: 87.52%
Run 01:
Highest Train: 100.00
Highest Valid: 88.30
Highest Test: 87.96
Chosen epoch: 927
Final Train: 100.00
Final Test: 87.20
Epoch: 00, Loss: 2.9905, Train: 13.83%, Valid: 13.82%, Test: 13.84%, Best Valid: 13.82%, Best Test: 13.84%
Epoch: 100, Loss: 0.2432, Train: 95.64%, Valid: 81.06%, Test: 81.19%, Best Valid: 81.61%, Best Test: 81.54%
Epoch: 200, Loss: 0.0435, Train: 99.97%, Valid: 86.37%, Test: 85.65%, Best Valid: 87.03%, Best Test: 86.43%
Epoch: 300, Loss: 0.0230, Train: 99.98%, Valid: 87.66%, Test: 87.33%, Best Valid: 87.94%, Best Test: 87.01%
Epoch: 400, Loss: 0.0279, Train: 99.98%, Valid: 88.23%, Test: 88.14%, Best Valid: 88.46%, Best Test: 88.10%
Epoch: 500, Loss: 0.0182, Train: 100.00%, Valid: 88.76%, Test: 88.37%, Best Valid: 88.81%, Best Test: 88.28%
Epoch: 600, Loss: 0.0201, Train: 99.99%, Valid: 88.49%, Test: 87.98%, Best Valid: 89.20%, Best Test: 88.40%
Epoch: 700, Loss: 0.0189, Train: 99.98%, Valid: 88.88%, Test: 88.42%, Best Valid: 89.20%, Best Test: 88.40%
Epoch: 800, Loss: 0.0171, Train: 99.95%, Valid: 88.01%, Test: 87.82%, Best Valid: 89.25%, Best Test: 88.55%
Epoch: 900, Loss: 0.0166, Train: 99.99%, Valid: 88.40%, Test: 88.25%, Best Valid: 89.25%, Best Test: 88.55%
Run 02:
Highest Train: 100.00
Highest Valid: 89.25
Highest Test: 89.08
Chosen epoch: 747
Final Train: 100.00
Final Test: 88.55
Epoch: 00, Loss: 2.9880, Train: 5.99%, Valid: 6.00%, Test: 6.00%, Best Valid: 6.00%, Best Test: 6.00%
Epoch: 100, Loss: 0.4373, Train: 89.58%, Valid: 78.87%, Test: 79.88%, Best Valid: 78.87%, Best Test: 79.88%
Epoch: 200, Loss: 0.0853, Train: 99.45%, Valid: 84.94%, Test: 86.15%, Best Valid: 85.33%, Best Test: 85.76%
Epoch: 300, Loss: 0.0355, Train: 100.00%, Valid: 86.14%, Test: 86.75%, Best Valid: 86.71%, Best Test: 86.96%
Epoch: 400, Loss: 0.0215, Train: 100.00%, Valid: 86.92%, Test: 88.02%, Best Valid: 87.11%, Best Test: 87.52%
Epoch: 500, Loss: 0.0220, Train: 99.99%, Valid: 86.95%, Test: 88.23%, Best Valid: 87.29%, Best Test: 87.75%
Epoch: 600, Loss: 0.0177, Train: 100.00%, Valid: 86.85%, Test: 87.79%, Best Valid: 87.66%, Best Test: 88.02%
Epoch: 700, Loss: 0.0140, Train: 100.00%, Valid: 87.08%, Test: 87.89%, Best Valid: 87.73%, Best Test: 87.72%
Epoch: 800, Loss: 0.0151, Train: 99.99%, Valid: 87.20%, Test: 87.89%, Best Valid: 87.75%, Best Test: 88.86%
Epoch: 900, Loss: 0.0229, Train: 99.99%, Valid: 87.45%, Test: 88.09%, Best Valid: 87.75%, Best Test: 88.86%
Run 03:
Highest Train: 100.00
Highest Valid: 87.82
Highest Test: 88.97
Chosen epoch: 909
Final Train: 99.99
Final Test: 88.69
Epoch: 00, Loss: 2.9935, Train: 1.46%, Valid: 1.45%, Test: 1.45%, Best Valid: 1.45%, Best Test: 1.45%
Epoch: 100, Loss: 0.3266, Train: 93.41%, Valid: 82.26%, Test: 81.66%, Best Valid: 82.29%, Best Test: 81.03%
Epoch: 200, Loss: 0.0547, Train: 99.92%, Valid: 85.81%, Test: 85.97%, Best Valid: 86.57%, Best Test: 86.18%
Epoch: 300, Loss: 0.0263, Train: 99.97%, Valid: 86.88%, Test: 86.62%, Best Valid: 87.93%, Best Test: 87.19%
Epoch: 400, Loss: 0.0299, Train: 99.97%, Valid: 88.10%, Test: 87.59%, Best Valid: 88.30%, Best Test: 87.82%
Epoch: 500, Loss: 0.0209, Train: 99.98%, Valid: 87.71%, Test: 87.56%, Best Valid: 88.81%, Best Test: 87.79%
Epoch: 600, Loss: 0.0194, Train: 99.91%, Valid: 88.08%, Test: 87.75%, Best Valid: 88.81%, Best Test: 87.79%
Epoch: 700, Loss: 0.0150, Train: 100.00%, Valid: 88.30%, Test: 87.98%, Best Valid: 88.91%, Best Test: 87.95%
Epoch: 800, Loss: 0.0172, Train: 99.98%, Valid: 88.30%, Test: 87.35%, Best Valid: 89.06%, Best Test: 87.54%
Epoch: 900, Loss: 0.0146, Train: 100.00%, Valid: 88.26%, Test: 87.45%, Best Valid: 89.06%, Best Test: 87.54%
Run 04:
Highest Train: 100.00
Highest Valid: 89.25
Highest Test: 88.53
Chosen epoch: 903
Final Train: 100.00
Final Test: 87.93
Epoch: 00, Loss: 2.9715, Train: 13.75%, Valid: 14.05%, Test: 13.77%, Best Valid: 14.05%, Best Test: 13.77%
Epoch: 100, Loss: 0.2528, Train: 95.79%, Valid: 80.88%, Test: 80.36%, Best Valid: 80.90%, Best Test: 80.23%
Epoch: 200, Loss: 0.0409, Train: 99.93%, Valid: 85.70%, Test: 85.86%, Best Valid: 85.93%, Best Test: 85.35%
Epoch: 300, Loss: 0.0295, Train: 99.98%, Valid: 85.95%, Test: 85.74%, Best Valid: 86.97%, Best Test: 86.37%
Epoch: 400, Loss: 0.0231, Train: 99.98%, Valid: 86.43%, Test: 86.41%, Best Valid: 87.15%, Best Test: 86.71%
Epoch: 500, Loss: 0.0250, Train: 99.98%, Valid: 86.78%, Test: 86.92%, Best Valid: 87.47%, Best Test: 87.80%
Epoch: 600, Loss: 0.0177, Train: 99.99%, Valid: 86.80%, Test: 86.34%, Best Valid: 87.47%, Best Test: 87.80%
Epoch: 700, Loss: 0.0210, Train: 100.00%, Valid: 86.71%, Test: 86.55%, Best Valid: 87.54%, Best Test: 87.50%
Epoch: 800, Loss: 0.0233, Train: 99.97%, Valid: 87.31%, Test: 86.80%, Best Valid: 87.82%, Best Test: 86.87%
Epoch: 900, Loss: 0.0169, Train: 100.00%, Valid: 87.13%, Test: 87.12%, Best Valid: 87.82%, Best Test: 86.87%
Run 05:
Highest Train: 100.00
Highest Valid: 87.82
Highest Test: 87.93
Chosen epoch: 751
Final Train: 100.00
Final Test: 86.87
All runs:
Highest Train: 100.00 ± 0.00
Highest Test: 88.49 ± 0.54
Highest Valid: 88.49 ± 0.72
  Final Train: 100.00 ± 0.00
   Final Test: 87.85 ± 0.80
Saving results to results/gnn_gnn/roman-empire/MPNN_gat.csv

Running with GNN-GNN Regularization (lambda=0.01, freq=50)...
Namespace(bn=True, cpu=False, data_dir='./data/', dataset='roman-empire', device=0, display_step=100, dropout=0.3, epochs=1000, gnn='gat', hidden_channels=512, jk=False, label_num_per_class=20, lambda_val=0.01, ln=False, local_layers=10, lr=0.001, metric='acc', mlp_epochs=500, mlp_reg=False, model='MPNN', model_dir='./model/', num_heads=1, oracle_reg=False, pre_linear=False, pre_ln=False, rand_split=False, rand_split_class=False, reg_start_epoch=10, reg_update_freq=50, res=True, result_dir='results/gnn_gnn', runs=5, save_model=False, seed=42, test_num=1000, train_prop=0.5, use_reg=True, valid_num=500, valid_prop=0.25, weight_decay=0.0005)
roman-empire
dataset roman-empire | num nodes 22662 | num edge 32927 | num node feats 300 | num classes 18
MODEL: MPNNs(
  (h_lins): ModuleList()
  (local_convs): ModuleList(
    (0): GATConv(300, 512, heads=1)
    (1): GATConv(512, 512, heads=1)
    (2): GATConv(512, 512, heads=1)
    (3): GATConv(512, 512, heads=1)
    (4): GATConv(512, 512, heads=1)
    (5): GATConv(512, 512, heads=1)
    (6): GATConv(512, 512, heads=1)
    (7): GATConv(512, 512, heads=1)
    (8): GATConv(512, 512, heads=1)
    (9): GATConv(512, 512, heads=1)
  )
  (lins): ModuleList(
    (0): Linear(in_features=300, out_features=512, bias=True)
    (1): Linear(in_features=512, out_features=512, bias=True)
    (2): Linear(in_features=512, out_features=512, bias=True)
    (3): Linear(in_features=512, out_features=512, bias=True)
    (4): Linear(in_features=512, out_features=512, bias=True)
    (5): Linear(in_features=512, out_features=512, bias=True)
    (6): Linear(in_features=512, out_features=512, bias=True)
    (7): Linear(in_features=512, out_features=512, bias=True)
    (8): Linear(in_features=512, out_features=512, bias=True)
    (9): Linear(in_features=512, out_features=512, bias=True)
  )
  (lns): ModuleList(
    (0): LayerNorm((512,), eps=1e-05, elementwise_affine=True)
    (1): LayerNorm((512,), eps=1e-05, elementwise_affine=True)
    (2): LayerNorm((512,), eps=1e-05, elementwise_affine=True)
    (3): LayerNorm((512,), eps=1e-05, elementwise_affine=True)
    (4): LayerNorm((512,), eps=1e-05, elementwise_affine=True)
    (5): LayerNorm((512,), eps=1e-05, elementwise_affine=True)
    (6): LayerNorm((512,), eps=1e-05, elementwise_affine=True)
    (7): LayerNorm((512,), eps=1e-05, elementwise_affine=True)
    (8): LayerNorm((512,), eps=1e-05, elementwise_affine=True)
    (9): LayerNorm((512,), eps=1e-05, elementwise_affine=True)
  )
  (bns): ModuleList(
    (0): BatchNorm1d(512, eps=1e-05, momentum=0.1, affine=True, track_running_stats=True)
    (1): BatchNorm1d(512, eps=1e-05, momentum=0.1, affine=True, track_running_stats=True)
    (2): BatchNorm1d(512, eps=1e-05, momentum=0.1, affine=True, track_running_stats=True)
    (3): BatchNorm1d(512, eps=1e-05, momentum=0.1, affine=True, track_running_stats=True)
    (4): BatchNorm1d(512, eps=1e-05, momentum=0.1, affine=True, track_running_stats=True)
    (5): BatchNorm1d(512, eps=1e-05, momentum=0.1, affine=True, track_running_stats=True)
    (6): BatchNorm1d(512, eps=1e-05, momentum=0.1, affine=True, track_running_stats=True)
    (7): BatchNorm1d(512, eps=1e-05, momentum=0.1, affine=True, track_running_stats=True)
    (8): BatchNorm1d(512, eps=1e-05, momentum=0.1, affine=True, track_running_stats=True)
    (9): BatchNorm1d(512, eps=1e-05, momentum=0.1, affine=True, track_running_stats=True)
  )
  (lin_in): Linear(in_features=300, out_features=512, bias=True)
  (pred_local): Linear(in_features=512, out_features=18, bias=True)
)
Epoch: 00, Loss: 3.0176, Train: 13.83%, Valid: 13.82%, Test: 13.82%, Best Valid: 13.82%, Best Test: 13.82%
Epoch: 100, Loss: 0.2504, Train: 95.24%, Valid: 80.39%, Test: 79.81%, Best Valid: 80.39%, Best Test: 79.81%
Epoch: 200, Loss: 0.0430, Train: 99.90%, Valid: 85.05%, Test: 84.68%, Best Valid: 85.77%, Best Test: 84.36%
Epoch: 300, Loss: 0.0272, Train: 99.96%, Valid: 86.09%, Test: 86.23%, Best Valid: 86.60%, Best Test: 86.06%
Epoch: 400, Loss: 0.0215, Train: 99.98%, Valid: 86.58%, Test: 86.18%, Best Valid: 87.54%, Best Test: 87.06%
Epoch: 500, Loss: 0.0159, Train: 99.99%, Valid: 87.47%, Test: 86.96%, Best Valid: 87.73%, Best Test: 86.92%
Epoch: 600, Loss: 0.0187, Train: 100.00%, Valid: 86.69%, Test: 85.90%, Best Valid: 87.75%, Best Test: 87.15%
Epoch: 700, Loss: 0.0195, Train: 100.00%, Valid: 86.99%, Test: 87.35%, Best Valid: 88.05%, Best Test: 87.42%
Epoch: 800, Loss: 0.0263, Train: 99.96%, Valid: 86.76%, Test: 86.76%, Best Valid: 88.05%, Best Test: 87.42%
Epoch: 900, Loss: 0.0198, Train: 99.96%, Valid: 87.40%, Test: 87.50%, Best Valid: 88.05%, Best Test: 87.42%
Run 01:
Highest Train: 100.00
Highest Valid: 88.05
Highest Test: 87.79
Chosen epoch: 649
Final Train: 100.00
Final Test: 87.42
Epoch: 00, Loss: 2.9905, Train: 13.83%, Valid: 13.84%, Test: 13.84%, Best Valid: 13.84%, Best Test: 13.84%
Epoch: 100, Loss: 0.2465, Train: 96.02%, Valid: 81.06%, Test: 82.10%, Best Valid: 81.08%, Best Test: 81.64%
Epoch: 200, Loss: 0.0407, Train: 99.96%, Valid: 86.85%, Test: 86.41%, Best Valid: 86.88%, Best Test: 86.30%
Epoch: 300, Loss: 0.0245, Train: 99.96%, Valid: 87.08%, Test: 87.31%, Best Valid: 88.03%, Best Test: 87.52%
Epoch: 400, Loss: 0.0239, Train: 99.99%, Valid: 87.93%, Test: 88.10%, Best Valid: 88.68%, Best Test: 88.55%
Epoch: 500, Loss: 0.0176, Train: 100.00%, Valid: 88.10%, Test: 88.79%, Best Valid: 88.91%, Best Test: 88.67%
Epoch: 600, Loss: 0.0199, Train: 100.00%, Valid: 88.37%, Test: 88.72%, Best Valid: 88.91%, Best Test: 88.67%
Epoch: 700, Loss: 0.0176, Train: 99.99%, Valid: 88.28%, Test: 88.62%, Best Valid: 89.02%, Best Test: 88.78%
Epoch: 800, Loss: 0.0191, Train: 100.00%, Valid: 88.61%, Test: 88.40%, Best Valid: 89.02%, Best Test: 88.78%
Epoch: 900, Loss: 0.0148, Train: 100.00%, Valid: 88.16%, Test: 88.62%, Best Valid: 89.02%, Best Test: 88.78%
Run 02:
Highest Train: 100.00
Highest Valid: 89.02
Highest Test: 89.13
Chosen epoch: 622
Final Train: 100.00
Final Test: 88.78
Epoch: 00, Loss: 2.9880, Train: 5.99%, Valid: 6.00%, Test: 6.00%, Best Valid: 6.00%, Best Test: 6.00%
Epoch: 100, Loss: 0.4066, Train: 90.36%, Valid: 79.14%, Test: 79.65%, Best Valid: 79.14%, Best Test: 79.65%
Epoch: 200, Loss: 0.0763, Train: 99.69%, Valid: 84.92%, Test: 86.53%, Best Valid: 85.51%, Best Test: 85.55%
Epoch: 300, Loss: 0.0327, Train: 99.99%, Valid: 86.64%, Test: 87.26%, Best Valid: 86.64%, Best Test: 87.26%
Epoch: 400, Loss: 0.0245, Train: 100.00%, Valid: 86.65%, Test: 87.96%, Best Valid: 87.20%, Best Test: 87.63%
Epoch: 500, Loss: 0.0192, Train: 99.99%, Valid: 87.45%, Test: 87.79%, Best Valid: 87.78%, Best Test: 87.63%
Epoch: 600, Loss: 0.0226, Train: 99.98%, Valid: 86.95%, Test: 88.03%, Best Valid: 87.78%, Best Test: 87.63%
Epoch: 700, Loss: 0.0178, Train: 99.99%, Valid: 87.08%, Test: 87.70%, Best Valid: 88.00%, Best Test: 87.80%
Epoch: 800, Loss: 0.0147, Train: 99.95%, Valid: 87.15%, Test: 87.43%, Best Valid: 88.00%, Best Test: 87.80%
Epoch: 900, Loss: 0.0158, Train: 99.90%, Valid: 87.18%, Test: 87.45%, Best Valid: 88.01%, Best Test: 87.86%
Run 03:
Highest Train: 100.00
Highest Valid: 88.10
Highest Test: 88.58
Chosen epoch: 904
Final Train: 99.99
Final Test: 87.88
Epoch: 00, Loss: 2.9935, Train: 1.46%, Valid: 1.45%, Test: 1.45%, Best Valid: 1.45%, Best Test: 1.45%
Epoch: 100, Loss: 0.3349, Train: 93.43%, Valid: 82.89%, Test: 81.19%, Best Valid: 82.89%, Best Test: 81.19%
Epoch: 200, Loss: 0.0554, Train: 99.90%, Valid: 86.44%, Test: 86.60%, Best Valid: 86.85%, Best Test: 86.69%
Epoch: 300, Loss: 0.0362, Train: 99.94%, Valid: 87.61%, Test: 87.29%, Best Valid: 87.73%, Best Test: 86.94%
Epoch: 400, Loss: 0.0208, Train: 99.99%, Valid: 88.54%, Test: 87.75%, Best Valid: 88.60%, Best Test: 87.52%
Epoch: 500, Loss: 0.0219, Train: 99.97%, Valid: 87.77%, Test: 87.73%, Best Valid: 89.13%, Best Test: 88.39%
Epoch: 600, Loss: 0.0202, Train: 99.96%, Valid: 88.33%, Test: 87.84%, Best Valid: 89.13%, Best Test: 88.39%
Epoch: 700, Loss: 0.0168, Train: 99.98%, Valid: 88.76%, Test: 88.23%, Best Valid: 89.29%, Best Test: 88.86%
Epoch: 800, Loss: 0.0147, Train: 99.96%, Valid: 88.74%, Test: 88.21%, Best Valid: 89.29%, Best Test: 88.86%
Epoch: 900, Loss: 0.0197, Train: 99.98%, Valid: 88.86%, Test: 88.14%, Best Valid: 89.29%, Best Test: 88.86%
Run 04:
Highest Train: 100.00
Highest Valid: 89.55
Highest Test: 89.04
Chosen epoch: 937
Final Train: 99.98
Final Test: 88.35
Epoch: 00, Loss: 2.9715, Train: 13.75%, Valid: 14.03%, Test: 13.75%, Best Valid: 14.03%, Best Test: 13.75%
Epoch: 100, Loss: 0.2307, Train: 96.43%, Valid: 80.34%, Test: 80.52%, Best Valid: 80.37%, Best Test: 80.44%
Epoch: 200, Loss: 0.0387, Train: 99.95%, Valid: 84.98%, Test: 84.86%, Best Valid: 85.53%, Best Test: 84.98%
Epoch: 300, Loss: 0.0292, Train: 99.98%, Valid: 86.14%, Test: 86.67%, Best Valid: 86.55%, Best Test: 85.93%
Epoch: 400, Loss: 0.0228, Train: 99.97%, Valid: 86.04%, Test: 86.30%, Best Valid: 86.80%, Best Test: 86.32%
Epoch: 500, Loss: 0.0218, Train: 99.97%, Valid: 86.02%, Test: 86.11%, Best Valid: 87.31%, Best Test: 86.78%
Epoch: 600, Loss: 0.0162, Train: 99.97%, Valid: 86.21%, Test: 86.25%, Best Valid: 87.33%, Best Test: 87.12%
Epoch: 700, Loss: 0.0145, Train: 100.00%, Valid: 86.58%, Test: 86.73%, Best Valid: 87.33%, Best Test: 87.12%
Epoch: 800, Loss: 0.0172, Train: 99.99%, Valid: 86.94%, Test: 87.36%, Best Valid: 87.33%, Best Test: 87.12%
Epoch: 900, Loss: 0.0143, Train: 99.98%, Valid: 86.55%, Test: 87.08%, Best Valid: 87.33%, Best Test: 87.12%
Run 05:
Highest Train: 100.00
Highest Valid: 87.33
Highest Test: 87.63
Chosen epoch: 579
Final Train: 99.99
Final Test: 87.12
All runs:
Highest Train: 100.00 ± 0.00
Highest Test: 88.43 ± 0.70
Highest Valid: 88.41 ± 0.88
  Final Train: 99.99 ± 0.01
   Final Test: 87.91 ± 0.67
Saving results to results/gnn_gnn/roman-empire/MPNN_gat.csv

Running with GNN-GNN Regularization (lambda=0.1, freq=50)...
Namespace(bn=True, cpu=False, data_dir='./data/', dataset='roman-empire', device=0, display_step=100, dropout=0.3, epochs=1000, gnn='gat', hidden_channels=512, jk=False, label_num_per_class=20, lambda_val=0.1, ln=False, local_layers=10, lr=0.001, metric='acc', mlp_epochs=500, mlp_reg=False, model='MPNN', model_dir='./model/', num_heads=1, oracle_reg=False, pre_linear=False, pre_ln=False, rand_split=False, rand_split_class=False, reg_start_epoch=10, reg_update_freq=50, res=True, result_dir='results/gnn_gnn', runs=5, save_model=False, seed=42, test_num=1000, train_prop=0.5, use_reg=True, valid_num=500, valid_prop=0.25, weight_decay=0.0005)
roman-empire
dataset roman-empire | num nodes 22662 | num edge 32927 | num node feats 300 | num classes 18
MODEL: MPNNs(
  (h_lins): ModuleList()
  (local_convs): ModuleList(
    (0): GATConv(300, 512, heads=1)
    (1): GATConv(512, 512, heads=1)
    (2): GATConv(512, 512, heads=1)
    (3): GATConv(512, 512, heads=1)
    (4): GATConv(512, 512, heads=1)
    (5): GATConv(512, 512, heads=1)
    (6): GATConv(512, 512, heads=1)
    (7): GATConv(512, 512, heads=1)
    (8): GATConv(512, 512, heads=1)
    (9): GATConv(512, 512, heads=1)
  )
  (lins): ModuleList(
    (0): Linear(in_features=300, out_features=512, bias=True)
    (1): Linear(in_features=512, out_features=512, bias=True)
    (2): Linear(in_features=512, out_features=512, bias=True)
    (3): Linear(in_features=512, out_features=512, bias=True)
    (4): Linear(in_features=512, out_features=512, bias=True)
    (5): Linear(in_features=512, out_features=512, bias=True)
    (6): Linear(in_features=512, out_features=512, bias=True)
    (7): Linear(in_features=512, out_features=512, bias=True)
    (8): Linear(in_features=512, out_features=512, bias=True)
    (9): Linear(in_features=512, out_features=512, bias=True)
  )
  (lns): ModuleList(
    (0): LayerNorm((512,), eps=1e-05, elementwise_affine=True)
    (1): LayerNorm((512,), eps=1e-05, elementwise_affine=True)
    (2): LayerNorm((512,), eps=1e-05, elementwise_affine=True)
    (3): LayerNorm((512,), eps=1e-05, elementwise_affine=True)
    (4): LayerNorm((512,), eps=1e-05, elementwise_affine=True)
    (5): LayerNorm((512,), eps=1e-05, elementwise_affine=True)
    (6): LayerNorm((512,), eps=1e-05, elementwise_affine=True)
    (7): LayerNorm((512,), eps=1e-05, elementwise_affine=True)
    (8): LayerNorm((512,), eps=1e-05, elementwise_affine=True)
    (9): LayerNorm((512,), eps=1e-05, elementwise_affine=True)
  )
  (bns): ModuleList(
    (0): BatchNorm1d(512, eps=1e-05, momentum=0.1, affine=True, track_running_stats=True)
    (1): BatchNorm1d(512, eps=1e-05, momentum=0.1, affine=True, track_running_stats=True)
    (2): BatchNorm1d(512, eps=1e-05, momentum=0.1, affine=True, track_running_stats=True)
    (3): BatchNorm1d(512, eps=1e-05, momentum=0.1, affine=True, track_running_stats=True)
    (4): BatchNorm1d(512, eps=1e-05, momentum=0.1, affine=True, track_running_stats=True)
    (5): BatchNorm1d(512, eps=1e-05, momentum=0.1, affine=True, track_running_stats=True)
    (6): BatchNorm1d(512, eps=1e-05, momentum=0.1, affine=True, track_running_stats=True)
    (7): BatchNorm1d(512, eps=1e-05, momentum=0.1, affine=True, track_running_stats=True)
    (8): BatchNorm1d(512, eps=1e-05, momentum=0.1, affine=True, track_running_stats=True)
    (9): BatchNorm1d(512, eps=1e-05, momentum=0.1, affine=True, track_running_stats=True)
  )
  (lin_in): Linear(in_features=300, out_features=512, bias=True)
  (pred_local): Linear(in_features=512, out_features=18, bias=True)
)
Epoch: 00, Loss: 3.0176, Train: 13.83%, Valid: 13.82%, Test: 13.82%, Best Valid: 13.82%, Best Test: 13.82%
Epoch: 100, Loss: 0.2651, Train: 95.61%, Valid: 80.81%, Test: 80.13%, Best Valid: 81.36%, Best Test: 80.04%
Epoch: 200, Loss: 0.0444, Train: 99.94%, Valid: 85.61%, Test: 85.23%, Best Valid: 85.61%, Best Test: 85.23%
Epoch: 300, Loss: 0.0274, Train: 99.98%, Valid: 86.28%, Test: 86.29%, Best Valid: 86.58%, Best Test: 85.76%
Epoch: 400, Loss: 0.0222, Train: 99.98%, Valid: 86.50%, Test: 86.23%, Best Valid: 87.11%, Best Test: 86.78%
Epoch: 500, Loss: 0.0190, Train: 99.99%, Valid: 86.78%, Test: 87.40%, Best Valid: 87.96%, Best Test: 86.89%
Epoch: 600, Loss: 0.0229, Train: 99.99%, Valid: 87.68%, Test: 87.49%, Best Valid: 88.31%, Best Test: 87.38%
Epoch: 700, Loss: 0.0160, Train: 99.99%, Valid: 87.22%, Test: 86.78%, Best Valid: 88.31%, Best Test: 87.38%
Epoch: 800, Loss: 0.0183, Train: 99.97%, Valid: 87.43%, Test: 87.33%, Best Valid: 88.31%, Best Test: 87.38%
Epoch: 900, Loss: 0.0176, Train: 100.00%, Valid: 87.96%, Test: 87.36%, Best Valid: 88.31%, Best Test: 87.38%
Run 01:
Highest Train: 100.00
Highest Valid: 88.31
Highest Test: 87.95
Chosen epoch: 591
Final Train: 100.00
Final Test: 87.38
Epoch: 00, Loss: 2.9905, Train: 13.83%, Valid: 13.84%, Test: 13.84%, Best Valid: 13.84%, Best Test: 13.84%
Epoch: 100, Loss: 0.2777, Train: 95.79%, Valid: 81.27%, Test: 81.31%, Best Valid: 81.85%, Best Test: 81.93%
Epoch: 200, Loss: 0.0460, Train: 99.95%, Valid: 86.50%, Test: 85.55%, Best Valid: 86.74%, Best Test: 85.49%
Epoch: 300, Loss: 0.0324, Train: 99.96%, Valid: 86.53%, Test: 85.74%, Best Valid: 87.96%, Best Test: 87.05%
Epoch: 400, Loss: 0.0252, Train: 99.97%, Valid: 87.48%, Test: 87.84%, Best Valid: 88.37%, Best Test: 87.93%
Epoch: 500, Loss: 0.0180, Train: 99.94%, Valid: 87.40%, Test: 87.98%, Best Valid: 88.91%, Best Test: 87.96%
Epoch: 600, Loss: 0.0200, Train: 99.99%, Valid: 87.93%, Test: 87.95%, Best Valid: 88.91%, Best Test: 87.96%
Epoch: 700, Loss: 0.0192, Train: 99.92%, Valid: 88.23%, Test: 87.84%, Best Valid: 88.91%, Best Test: 87.96%
Epoch: 800, Loss: 0.0194, Train: 99.99%, Valid: 88.10%, Test: 87.66%, Best Valid: 89.02%, Best Test: 89.22%
Epoch: 900, Loss: 0.0187, Train: 99.99%, Valid: 88.44%, Test: 87.89%, Best Valid: 89.02%, Best Test: 89.22%
Run 02:
Highest Train: 100.00
Highest Valid: 89.02
Highest Test: 89.22
Chosen epoch: 768
Final Train: 99.99
Final Test: 89.22
Epoch: 00, Loss: 2.9880, Train: 5.99%, Valid: 6.00%, Test: 6.00%, Best Valid: 6.00%, Best Test: 6.00%
Epoch: 100, Loss: 0.3641, Train: 92.79%, Valid: 79.91%, Test: 81.13%, Best Valid: 79.91%, Best Test: 81.13%
Epoch: 200, Loss: 0.0538, Train: 99.90%, Valid: 85.42%, Test: 85.92%, Best Valid: 85.58%, Best Test: 86.20%
Epoch: 300, Loss: 0.0338, Train: 99.99%, Valid: 86.67%, Test: 86.99%, Best Valid: 87.08%, Best Test: 87.03%
Epoch: 400, Loss: 0.0282, Train: 100.00%, Valid: 86.64%, Test: 87.42%, Best Valid: 87.43%, Best Test: 87.89%
Epoch: 500, Loss: 0.0206, Train: 100.00%, Valid: 87.10%, Test: 87.31%, Best Valid: 87.50%, Best Test: 87.65%
Epoch: 600, Loss: 0.0254, Train: 100.00%, Valid: 87.47%, Test: 88.44%, Best Valid: 87.61%, Best Test: 87.95%
Epoch: 700, Loss: 0.0177, Train: 99.99%, Valid: 87.52%, Test: 87.80%, Best Valid: 87.71%, Best Test: 87.79%
Epoch: 800, Loss: 0.0208, Train: 100.00%, Valid: 86.85%, Test: 87.66%, Best Valid: 87.77%, Best Test: 88.28%
Epoch: 900, Loss: 0.0168, Train: 100.00%, Valid: 86.85%, Test: 87.95%, Best Valid: 87.77%, Best Test: 88.28%
Run 03:
Highest Train: 100.00
Highest Valid: 87.77
Highest Test: 88.48
Chosen epoch: 763
Final Train: 100.00
Final Test: 88.28
Epoch: 00, Loss: 2.9935, Train: 1.46%, Valid: 1.45%, Test: 1.45%, Best Valid: 1.45%, Best Test: 1.45%
Epoch: 100, Loss: 0.3692, Train: 93.41%, Valid: 82.88%, Test: 82.03%, Best Valid: 82.88%, Best Test: 82.03%
Epoch: 200, Loss: 0.0568, Train: 99.92%, Valid: 86.71%, Test: 86.60%, Best Valid: 86.71%, Best Test: 86.60%
Epoch: 300, Loss: 0.0349, Train: 99.97%, Valid: 87.20%, Test: 87.45%, Best Valid: 88.30%, Best Test: 88.00%
Epoch: 400, Loss: 0.0215, Train: 99.93%, Valid: 87.93%, Test: 87.72%, Best Valid: 88.30%, Best Test: 88.00%
Epoch: 500, Loss: 0.0238, Train: 100.00%, Valid: 88.12%, Test: 88.40%, Best Valid: 88.86%, Best Test: 88.85%
Epoch: 600, Loss: 0.0196, Train: 99.97%, Valid: 88.65%, Test: 87.98%, Best Valid: 89.13%, Best Test: 88.07%
Epoch: 700, Loss: 0.0222, Train: 100.00%, Valid: 88.60%, Test: 88.21%, Best Valid: 89.16%, Best Test: 88.42%
Epoch: 800, Loss: 0.0187, Train: 100.00%, Valid: 88.91%, Test: 87.80%, Best Valid: 89.60%, Best Test: 88.33%
Epoch: 900, Loss: 0.0168, Train: 99.98%, Valid: 87.80%, Test: 87.35%, Best Valid: 89.60%, Best Test: 88.33%
Run 04:
Highest Train: 100.00
Highest Valid: 89.60
Highest Test: 88.90
Chosen epoch: 780
Final Train: 99.98
Final Test: 88.33
Epoch: 00, Loss: 2.9715, Train: 13.74%, Valid: 14.05%, Test: 13.75%, Best Valid: 14.05%, Best Test: 13.75%
Epoch: 100, Loss: 0.2462, Train: 96.48%, Valid: 80.95%, Test: 80.41%, Best Valid: 80.95%, Best Test: 80.41%
Epoch: 200, Loss: 0.0423, Train: 99.97%, Valid: 85.12%, Test: 85.02%, Best Valid: 85.37%, Best Test: 84.77%
Epoch: 300, Loss: 0.0308, Train: 100.00%, Valid: 86.07%, Test: 85.63%, Best Valid: 86.41%, Best Test: 85.88%
Epoch: 400, Loss: 0.0209, Train: 99.91%, Valid: 86.20%, Test: 86.50%, Best Valid: 87.10%, Best Test: 86.48%
Epoch: 500, Loss: 0.0243, Train: 99.95%, Valid: 85.98%, Test: 86.48%, Best Valid: 87.45%, Best Test: 87.13%
Epoch: 600, Loss: 0.0203, Train: 100.00%, Valid: 86.25%, Test: 86.25%, Best Valid: 87.45%, Best Test: 87.13%
Epoch: 700, Loss: 0.0201, Train: 100.00%, Valid: 87.13%, Test: 87.08%, Best Valid: 87.45%, Best Test: 87.13%
Epoch: 800, Loss: 0.0157, Train: 99.99%, Valid: 86.60%, Test: 86.71%, Best Valid: 87.66%, Best Test: 86.96%
Epoch: 900, Loss: 0.0156, Train: 99.99%, Valid: 86.65%, Test: 87.35%, Best Valid: 87.66%, Best Test: 86.96%
Run 05:
Highest Train: 100.00
Highest Valid: 87.66
Highest Test: 87.63
Chosen epoch: 783
Final Train: 99.98
Final Test: 86.96
All runs:
Highest Train: 100.00 ± 0.00
Highest Test: 88.43 ± 0.66
Highest Valid: 88.47 ± 0.83
  Final Train: 99.99 ± 0.01
   Final Test: 88.03 ± 0.89
Saving results to results/gnn_gnn/roman-empire/MPNN_gat.csv

Running with GNN-GNN Regularization (lambda=0.2, freq=50)...
Namespace(bn=True, cpu=False, data_dir='./data/', dataset='roman-empire', device=0, display_step=100, dropout=0.3, epochs=1000, gnn='gat', hidden_channels=512, jk=False, label_num_per_class=20, lambda_val=0.2, ln=False, local_layers=10, lr=0.001, metric='acc', mlp_epochs=500, mlp_reg=False, model='MPNN', model_dir='./model/', num_heads=1, oracle_reg=False, pre_linear=False, pre_ln=False, rand_split=False, rand_split_class=False, reg_start_epoch=10, reg_update_freq=50, res=True, result_dir='results/gnn_gnn', runs=5, save_model=False, seed=42, test_num=1000, train_prop=0.5, use_reg=True, valid_num=500, valid_prop=0.25, weight_decay=0.0005)
roman-empire
dataset roman-empire | num nodes 22662 | num edge 32927 | num node feats 300 | num classes 18
MODEL: MPNNs(
  (h_lins): ModuleList()
  (local_convs): ModuleList(
    (0): GATConv(300, 512, heads=1)
    (1): GATConv(512, 512, heads=1)
    (2): GATConv(512, 512, heads=1)
    (3): GATConv(512, 512, heads=1)
    (4): GATConv(512, 512, heads=1)
    (5): GATConv(512, 512, heads=1)
    (6): GATConv(512, 512, heads=1)
    (7): GATConv(512, 512, heads=1)
    (8): GATConv(512, 512, heads=1)
    (9): GATConv(512, 512, heads=1)
  )
  (lins): ModuleList(
    (0): Linear(in_features=300, out_features=512, bias=True)
    (1): Linear(in_features=512, out_features=512, bias=True)
    (2): Linear(in_features=512, out_features=512, bias=True)
    (3): Linear(in_features=512, out_features=512, bias=True)
    (4): Linear(in_features=512, out_features=512, bias=True)
    (5): Linear(in_features=512, out_features=512, bias=True)
    (6): Linear(in_features=512, out_features=512, bias=True)
    (7): Linear(in_features=512, out_features=512, bias=True)
    (8): Linear(in_features=512, out_features=512, bias=True)
    (9): Linear(in_features=512, out_features=512, bias=True)
  )
  (lns): ModuleList(
    (0): LayerNorm((512,), eps=1e-05, elementwise_affine=True)
    (1): LayerNorm((512,), eps=1e-05, elementwise_affine=True)
    (2): LayerNorm((512,), eps=1e-05, elementwise_affine=True)
    (3): LayerNorm((512,), eps=1e-05, elementwise_affine=True)
    (4): LayerNorm((512,), eps=1e-05, elementwise_affine=True)
    (5): LayerNorm((512,), eps=1e-05, elementwise_affine=True)
    (6): LayerNorm((512,), eps=1e-05, elementwise_affine=True)
    (7): LayerNorm((512,), eps=1e-05, elementwise_affine=True)
    (8): LayerNorm((512,), eps=1e-05, elementwise_affine=True)
    (9): LayerNorm((512,), eps=1e-05, elementwise_affine=True)
  )
  (bns): ModuleList(
    (0): BatchNorm1d(512, eps=1e-05, momentum=0.1, affine=True, track_running_stats=True)
    (1): BatchNorm1d(512, eps=1e-05, momentum=0.1, affine=True, track_running_stats=True)
    (2): BatchNorm1d(512, eps=1e-05, momentum=0.1, affine=True, track_running_stats=True)
    (3): BatchNorm1d(512, eps=1e-05, momentum=0.1, affine=True, track_running_stats=True)
    (4): BatchNorm1d(512, eps=1e-05, momentum=0.1, affine=True, track_running_stats=True)
    (5): BatchNorm1d(512, eps=1e-05, momentum=0.1, affine=True, track_running_stats=True)
    (6): BatchNorm1d(512, eps=1e-05, momentum=0.1, affine=True, track_running_stats=True)
    (7): BatchNorm1d(512, eps=1e-05, momentum=0.1, affine=True, track_running_stats=True)
    (8): BatchNorm1d(512, eps=1e-05, momentum=0.1, affine=True, track_running_stats=True)
    (9): BatchNorm1d(512, eps=1e-05, momentum=0.1, affine=True, track_running_stats=True)
  )
  (lin_in): Linear(in_features=300, out_features=512, bias=True)
  (pred_local): Linear(in_features=512, out_features=18, bias=True)
)
Epoch: 00, Loss: 3.0176, Train: 13.83%, Valid: 13.82%, Test: 13.82%, Best Valid: 13.82%, Best Test: 13.82%
Epoch: 100, Loss: 0.2905, Train: 95.54%, Valid: 80.94%, Test: 80.53%, Best Valid: 80.99%, Best Test: 80.41%
Epoch: 200, Loss: 0.0519, Train: 99.91%, Valid: 85.49%, Test: 85.02%, Best Valid: 85.49%, Best Test: 85.02%
Epoch: 300, Loss: 0.0329, Train: 99.97%, Valid: 86.37%, Test: 85.49%, Best Valid: 86.37%, Best Test: 85.37%
Epoch: 400, Loss: 0.0196, Train: 99.98%, Valid: 86.32%, Test: 85.67%, Best Valid: 86.90%, Best Test: 86.69%
Epoch: 500, Loss: 0.0312, Train: 99.96%, Valid: 86.85%, Test: 86.45%, Best Valid: 87.27%, Best Test: 86.25%
Epoch: 600, Loss: 0.0220, Train: 99.96%, Valid: 86.87%, Test: 87.05%, Best Valid: 87.87%, Best Test: 86.85%
Epoch: 700, Loss: 0.0209, Train: 100.00%, Valid: 87.73%, Test: 87.49%, Best Valid: 88.10%, Best Test: 86.66%
Epoch: 800, Loss: 0.0223, Train: 100.00%, Valid: 87.01%, Test: 86.34%, Best Valid: 88.10%, Best Test: 86.66%
Epoch: 900, Loss: 0.0159, Train: 100.00%, Valid: 87.82%, Test: 87.63%, Best Valid: 88.10%, Best Test: 86.66%
Run 01:
Highest Train: 100.00
Highest Valid: 88.10
Highest Test: 87.93
Chosen epoch: 690
Final Train: 99.98
Final Test: 86.66
Epoch: 00, Loss: 2.9905, Train: 13.83%, Valid: 13.84%, Test: 13.84%, Best Valid: 13.84%, Best Test: 13.84%
Epoch: 100, Loss: 0.2857, Train: 96.06%, Valid: 81.62%, Test: 81.66%, Best Valid: 82.01%, Best Test: 81.73%
Epoch: 200, Loss: 0.0487, Train: 99.99%, Valid: 86.92%, Test: 86.13%, Best Valid: 87.11%, Best Test: 86.46%
Epoch: 300, Loss: 0.0345, Train: 99.99%, Valid: 87.31%, Test: 87.24%, Best Valid: 87.84%, Best Test: 87.03%
Epoch: 400, Loss: 0.0277, Train: 99.99%, Valid: 87.80%, Test: 87.91%, Best Valid: 88.38%, Best Test: 87.88%
Epoch: 500, Loss: 0.0266, Train: 99.93%, Valid: 88.05%, Test: 87.96%, Best Valid: 88.88%, Best Test: 88.46%
Epoch: 600, Loss: 0.0246, Train: 99.99%, Valid: 88.08%, Test: 88.19%, Best Valid: 88.95%, Best Test: 88.40%
Epoch: 700, Loss: 0.0241, Train: 99.98%, Valid: 88.12%, Test: 88.00%, Best Valid: 88.97%, Best Test: 88.33%
Epoch: 800, Loss: 0.0184, Train: 100.00%, Valid: 88.51%, Test: 88.78%, Best Valid: 89.06%, Best Test: 88.49%
Epoch: 900, Loss: 0.0248, Train: 99.99%, Valid: 88.37%, Test: 87.72%, Best Valid: 89.11%, Best Test: 88.30%
Run 02:
Highest Train: 100.00
Highest Valid: 89.11
Highest Test: 89.04
Chosen epoch: 879
Final Train: 100.00
Final Test: 88.30
Epoch: 00, Loss: 2.9880, Train: 5.99%, Valid: 6.00%, Test: 6.00%, Best Valid: 6.00%, Best Test: 6.00%
Epoch: 100, Loss: 0.4413, Train: 92.25%, Valid: 79.52%, Test: 80.09%, Best Valid: 79.75%, Best Test: 80.16%
Epoch: 200, Loss: 0.0769, Train: 99.86%, Valid: 84.91%, Test: 85.74%, Best Valid: 85.35%, Best Test: 85.83%
Epoch: 300, Loss: 0.0364, Train: 99.98%, Valid: 86.13%, Test: 87.10%, Best Valid: 86.65%, Best Test: 86.94%
Epoch: 400, Loss: 0.0317, Train: 100.00%, Valid: 86.55%, Test: 87.26%, Best Valid: 86.85%, Best Test: 86.94%
Epoch: 500, Loss: 0.0275, Train: 100.00%, Valid: 86.74%, Test: 87.33%, Best Valid: 87.04%, Best Test: 87.61%
Epoch: 600, Loss: 0.0286, Train: 99.99%, Valid: 86.94%, Test: 88.02%, Best Valid: 87.15%, Best Test: 87.93%
Epoch: 700, Loss: 0.0187, Train: 99.94%, Valid: 85.97%, Test: 87.24%, Best Valid: 87.68%, Best Test: 88.28%
Epoch: 800, Loss: 0.0163, Train: 99.99%, Valid: 86.30%, Test: 87.66%, Best Valid: 87.68%, Best Test: 88.28%
Epoch: 900, Loss: 0.0230, Train: 100.00%, Valid: 87.13%, Test: 88.86%, Best Valid: 87.68%, Best Test: 88.28%
Run 03:
Highest Train: 100.00
Highest Valid: 87.70
Highest Test: 88.86
Chosen epoch: 971
Final Train: 100.00
Final Test: 87.88
Epoch: 00, Loss: 2.9935, Train: 1.46%, Valid: 1.45%, Test: 1.45%, Best Valid: 1.45%, Best Test: 1.45%
Epoch: 100, Loss: 0.3954, Train: 93.45%, Valid: 82.70%, Test: 81.73%, Best Valid: 82.70%, Best Test: 81.73%
Epoch: 200, Loss: 0.0667, Train: 99.91%, Valid: 86.00%, Test: 85.97%, Best Valid: 86.30%, Best Test: 86.18%
Epoch: 300, Loss: 0.0366, Train: 99.95%, Valid: 87.01%, Test: 87.17%, Best Valid: 88.07%, Best Test: 87.84%
Epoch: 400, Loss: 0.0362, Train: 100.00%, Valid: 87.66%, Test: 88.19%, Best Valid: 88.24%, Best Test: 87.93%
Epoch: 500, Loss: 0.0264, Train: 99.99%, Valid: 87.94%, Test: 87.98%, Best Valid: 88.74%, Best Test: 88.40%
Epoch: 600, Loss: 0.0200, Train: 100.00%, Valid: 88.54%, Test: 87.91%, Best Valid: 89.04%, Best Test: 88.32%
Epoch: 700, Loss: 0.0206, Train: 100.00%, Valid: 88.40%, Test: 88.09%, Best Valid: 89.04%, Best Test: 88.32%
Epoch: 800, Loss: 0.0189, Train: 99.99%, Valid: 88.58%, Test: 88.09%, Best Valid: 89.04%, Best Test: 88.32%
Epoch: 900, Loss: 0.0213, Train: 99.96%, Valid: 88.33%, Test: 87.79%, Best Valid: 89.16%, Best Test: 88.21%
Run 04:
Highest Train: 100.00
Highest Valid: 89.18
Highest Test: 88.69
Chosen epoch: 977
Final Train: 99.98
Final Test: 88.35
Epoch: 00, Loss: 2.9715, Train: 13.74%, Valid: 14.05%, Test: 13.77%, Best Valid: 14.05%, Best Test: 13.77%
Epoch: 100, Loss: 0.2788, Train: 96.36%, Valid: 80.55%, Test: 79.83%, Best Valid: 80.55%, Best Test: 79.83%
Epoch: 200, Loss: 0.0471, Train: 99.96%, Valid: 84.11%, Test: 84.35%, Best Valid: 85.12%, Best Test: 84.36%
Epoch: 300, Loss: 0.0340, Train: 99.99%, Valid: 85.65%, Test: 85.65%, Best Valid: 86.18%, Best Test: 86.13%
Epoch: 400, Loss: 0.0279, Train: 99.96%, Valid: 85.93%, Test: 85.76%, Best Valid: 87.04%, Best Test: 86.69%
Epoch: 500, Loss: 0.0276, Train: 100.00%, Valid: 86.16%, Test: 86.55%, Best Valid: 87.04%, Best Test: 86.69%
Epoch: 600, Loss: 0.0208, Train: 99.99%, Valid: 86.83%, Test: 86.36%, Best Valid: 87.36%, Best Test: 87.29%
Epoch: 700, Loss: 0.0207, Train: 99.99%, Valid: 86.95%, Test: 86.69%, Best Valid: 87.36%, Best Test: 87.29%
Epoch: 800, Loss: 0.0198, Train: 99.99%, Valid: 86.60%, Test: 87.06%, Best Valid: 87.36%, Best Test: 87.29%
Epoch: 900, Loss: 0.0216, Train: 99.98%, Valid: 86.69%, Test: 87.03%, Best Valid: 87.36%, Best Test: 87.29%
Run 05:
Highest Train: 100.00
Highest Valid: 87.36
Highest Test: 87.66
Chosen epoch: 577
Final Train: 99.98
Final Test: 87.29
All runs:
Highest Train: 100.00 ± 0.00
Highest Test: 88.44 ± 0.61
Highest Valid: 88.29 ± 0.82
  Final Train: 99.99 ± 0.01
   Final Test: 87.70 ± 0.72
Saving results to results/gnn_gnn/roman-empire/MPNN_gat.csv

Running with GNN-GNN Regularization (lambda=0.4, freq=50)...
Namespace(bn=True, cpu=False, data_dir='./data/', dataset='roman-empire', device=0, display_step=100, dropout=0.3, epochs=1000, gnn='gat', hidden_channels=512, jk=False, label_num_per_class=20, lambda_val=0.4, ln=False, local_layers=10, lr=0.001, metric='acc', mlp_epochs=500, mlp_reg=False, model='MPNN', model_dir='./model/', num_heads=1, oracle_reg=False, pre_linear=False, pre_ln=False, rand_split=False, rand_split_class=False, reg_start_epoch=10, reg_update_freq=50, res=True, result_dir='results/gnn_gnn', runs=5, save_model=False, seed=42, test_num=1000, train_prop=0.5, use_reg=True, valid_num=500, valid_prop=0.25, weight_decay=0.0005)
roman-empire
dataset roman-empire | num nodes 22662 | num edge 32927 | num node feats 300 | num classes 18
MODEL: MPNNs(
  (h_lins): ModuleList()
  (local_convs): ModuleList(
    (0): GATConv(300, 512, heads=1)
    (1): GATConv(512, 512, heads=1)
    (2): GATConv(512, 512, heads=1)
    (3): GATConv(512, 512, heads=1)
    (4): GATConv(512, 512, heads=1)
    (5): GATConv(512, 512, heads=1)
    (6): GATConv(512, 512, heads=1)
    (7): GATConv(512, 512, heads=1)
    (8): GATConv(512, 512, heads=1)
    (9): GATConv(512, 512, heads=1)
  )
  (lins): ModuleList(
    (0): Linear(in_features=300, out_features=512, bias=True)
    (1): Linear(in_features=512, out_features=512, bias=True)
    (2): Linear(in_features=512, out_features=512, bias=True)
    (3): Linear(in_features=512, out_features=512, bias=True)
    (4): Linear(in_features=512, out_features=512, bias=True)
    (5): Linear(in_features=512, out_features=512, bias=True)
    (6): Linear(in_features=512, out_features=512, bias=True)
    (7): Linear(in_features=512, out_features=512, bias=True)
    (8): Linear(in_features=512, out_features=512, bias=True)
    (9): Linear(in_features=512, out_features=512, bias=True)
  )
  (lns): ModuleList(
    (0): LayerNorm((512,), eps=1e-05, elementwise_affine=True)
    (1): LayerNorm((512,), eps=1e-05, elementwise_affine=True)
    (2): LayerNorm((512,), eps=1e-05, elementwise_affine=True)
    (3): LayerNorm((512,), eps=1e-05, elementwise_affine=True)
    (4): LayerNorm((512,), eps=1e-05, elementwise_affine=True)
    (5): LayerNorm((512,), eps=1e-05, elementwise_affine=True)
    (6): LayerNorm((512,), eps=1e-05, elementwise_affine=True)
    (7): LayerNorm((512,), eps=1e-05, elementwise_affine=True)
    (8): LayerNorm((512,), eps=1e-05, elementwise_affine=True)
    (9): LayerNorm((512,), eps=1e-05, elementwise_affine=True)
  )
  (bns): ModuleList(
    (0): BatchNorm1d(512, eps=1e-05, momentum=0.1, affine=True, track_running_stats=True)
    (1): BatchNorm1d(512, eps=1e-05, momentum=0.1, affine=True, track_running_stats=True)
    (2): BatchNorm1d(512, eps=1e-05, momentum=0.1, affine=True, track_running_stats=True)
    (3): BatchNorm1d(512, eps=1e-05, momentum=0.1, affine=True, track_running_stats=True)
    (4): BatchNorm1d(512, eps=1e-05, momentum=0.1, affine=True, track_running_stats=True)
    (5): BatchNorm1d(512, eps=1e-05, momentum=0.1, affine=True, track_running_stats=True)
    (6): BatchNorm1d(512, eps=1e-05, momentum=0.1, affine=True, track_running_stats=True)
    (7): BatchNorm1d(512, eps=1e-05, momentum=0.1, affine=True, track_running_stats=True)
    (8): BatchNorm1d(512, eps=1e-05, momentum=0.1, affine=True, track_running_stats=True)
    (9): BatchNorm1d(512, eps=1e-05, momentum=0.1, affine=True, track_running_stats=True)
  )
  (lin_in): Linear(in_features=300, out_features=512, bias=True)
  (pred_local): Linear(in_features=512, out_features=18, bias=True)
)
Epoch: 00, Loss: 3.0176, Train: 13.83%, Valid: 13.82%, Test: 13.82%, Best Valid: 13.82%, Best Test: 13.82%
Epoch: 100, Loss: 0.3698, Train: 95.18%, Valid: 80.85%, Test: 80.39%, Best Valid: 81.06%, Best Test: 79.88%
Epoch: 200, Loss: 0.0600, Train: 99.87%, Valid: 85.93%, Test: 85.55%, Best Valid: 85.93%, Best Test: 85.55%
Epoch: 300, Loss: 0.0442, Train: 99.97%, Valid: 86.67%, Test: 86.07%, Best Valid: 86.80%, Best Test: 85.44%
Epoch: 400, Loss: 0.0329, Train: 99.97%, Valid: 86.11%, Test: 85.99%, Best Valid: 87.17%, Best Test: 86.71%
Epoch: 500, Loss: 0.0360, Train: 99.99%, Valid: 86.87%, Test: 86.66%, Best Valid: 87.68%, Best Test: 87.22%
Epoch: 600, Loss: 0.0221, Train: 99.98%, Valid: 87.56%, Test: 87.08%, Best Valid: 87.71%, Best Test: 86.94%
Epoch: 700, Loss: 0.0294, Train: 100.00%, Valid: 87.68%, Test: 87.15%, Best Valid: 88.07%, Best Test: 87.70%
Epoch: 800, Loss: 0.0229, Train: 99.96%, Valid: 86.58%, Test: 86.53%, Best Valid: 88.07%, Best Test: 87.70%
Epoch: 900, Loss: 0.0168, Train: 99.96%, Valid: 87.52%, Test: 87.05%, Best Valid: 88.07%, Best Test: 87.70%
Run 01:
Highest Train: 100.00
Highest Valid: 88.16
Highest Test: 88.09
Chosen epoch: 969
Final Train: 99.96
Final Test: 87.66
Epoch: 00, Loss: 2.9905, Train: 13.83%, Valid: 13.84%, Test: 13.84%, Best Valid: 13.84%, Best Test: 13.84%
Epoch: 100, Loss: 0.3342, Train: 95.79%, Valid: 80.94%, Test: 80.78%, Best Valid: 81.34%, Best Test: 81.26%
Epoch: 200, Loss: 0.0602, Train: 99.96%, Valid: 86.85%, Test: 85.97%, Best Valid: 87.11%, Best Test: 86.22%
Epoch: 300, Loss: 0.0329, Train: 100.00%, Valid: 87.68%, Test: 86.97%, Best Valid: 87.70%, Best Test: 87.24%
Epoch: 400, Loss: 0.0260, Train: 99.99%, Valid: 87.89%, Test: 87.93%, Best Valid: 88.58%, Best Test: 87.82%
Epoch: 500, Loss: 0.0289, Train: 99.98%, Valid: 88.30%, Test: 87.95%, Best Valid: 89.02%, Best Test: 88.35%
Epoch: 600, Loss: 0.0252, Train: 99.99%, Valid: 89.02%, Test: 88.32%, Best Valid: 89.20%, Best Test: 88.25%
Epoch: 700, Loss: 0.0213, Train: 99.99%, Valid: 88.40%, Test: 87.89%, Best Valid: 89.20%, Best Test: 88.25%
Epoch: 800, Loss: 0.0309, Train: 100.00%, Valid: 88.65%, Test: 88.16%, Best Valid: 89.29%, Best Test: 88.39%
Epoch: 900, Loss: 0.0272, Train: 99.96%, Valid: 88.23%, Test: 88.02%, Best Valid: 89.29%, Best Test: 88.39%
Run 02:
Highest Train: 100.00
Highest Valid: 89.29
Highest Test: 89.29
Chosen epoch: 759
Final Train: 99.98
Final Test: 88.39
Epoch: 00, Loss: 2.9880, Train: 5.99%, Valid: 6.00%, Test: 6.00%, Best Valid: 6.00%, Best Test: 6.00%
Epoch: 100, Loss: 0.6388, Train: 88.29%, Valid: 78.38%, Test: 79.44%, Best Valid: 78.38%, Best Test: 79.44%
Epoch: 200, Loss: 0.1359, Train: 99.52%, Valid: 84.71%, Test: 85.90%, Best Valid: 85.33%, Best Test: 85.79%
Epoch: 300, Loss: 0.0520, Train: 99.98%, Valid: 86.07%, Test: 87.52%, Best Valid: 86.78%, Best Test: 87.42%
Epoch: 400, Loss: 0.0417, Train: 100.00%, Valid: 87.04%, Test: 88.16%, Best Valid: 87.41%, Best Test: 87.91%
Epoch: 500, Loss: 0.0279, Train: 99.99%, Valid: 86.94%, Test: 87.47%, Best Valid: 87.56%, Best Test: 88.26%
Epoch: 600, Loss: 0.0279, Train: 99.97%, Valid: 87.63%, Test: 88.19%, Best Valid: 87.63%, Best Test: 88.19%
Epoch: 700, Loss: 0.0228, Train: 99.98%, Valid: 87.54%, Test: 88.39%, Best Valid: 87.75%, Best Test: 87.95%
Epoch: 800, Loss: 0.0252, Train: 100.00%, Valid: 86.55%, Test: 87.40%, Best Valid: 88.01%, Best Test: 88.39%
Epoch: 900, Loss: 0.0239, Train: 100.00%, Valid: 87.61%, Test: 88.33%, Best Valid: 88.01%, Best Test: 88.39%
Run 03:
Highest Train: 100.00
Highest Valid: 88.19
Highest Test: 88.92
Chosen epoch: 954
Final Train: 99.99
Final Test: 88.19
Epoch: 00, Loss: 2.9935, Train: 1.46%, Valid: 1.45%, Test: 1.45%, Best Valid: 1.45%, Best Test: 1.45%
Epoch: 100, Loss: 0.4621, Train: 93.96%, Valid: 82.88%, Test: 82.21%, Best Valid: 82.88%, Best Test: 82.21%
Epoch: 200, Loss: 0.0765, Train: 99.95%, Valid: 86.74%, Test: 86.41%, Best Valid: 86.74%, Best Test: 86.41%
Epoch: 300, Loss: 0.0367, Train: 99.92%, Valid: 86.76%, Test: 86.60%, Best Valid: 88.24%, Best Test: 87.40%
Epoch: 400, Loss: 0.0363, Train: 99.98%, Valid: 88.01%, Test: 87.59%, Best Valid: 88.79%, Best Test: 87.49%
Epoch: 500, Loss: 0.0270, Train: 99.99%, Valid: 88.47%, Test: 87.66%, Best Valid: 88.81%, Best Test: 87.88%
Epoch: 600, Loss: 0.0312, Train: 99.97%, Valid: 88.79%, Test: 88.18%, Best Valid: 88.90%, Best Test: 87.77%
Epoch: 700, Loss: 0.0389, Train: 99.94%, Valid: 87.78%, Test: 87.24%, Best Valid: 88.90%, Best Test: 87.77%
Epoch: 800, Loss: 0.0224, Train: 99.98%, Valid: 88.77%, Test: 88.67%, Best Valid: 89.16%, Best Test: 88.10%
Epoch: 900, Loss: 0.0194, Train: 99.98%, Valid: 88.33%, Test: 87.63%, Best Valid: 89.36%, Best Test: 87.89%
Run 04:
Highest Train: 100.00
Highest Valid: 89.36
Highest Test: 88.69
Chosen epoch: 817
Final Train: 99.99
Final Test: 87.89
Epoch: 00, Loss: 2.9715, Train: 13.75%, Valid: 14.05%, Test: 13.78%, Best Valid: 14.05%, Best Test: 13.78%
Epoch: 100, Loss: 0.3331, Train: 96.07%, Valid: 80.83%, Test: 80.22%, Best Valid: 81.27%, Best Test: 80.30%
Epoch: 200, Loss: 0.0542, Train: 99.90%, Valid: 84.84%, Test: 84.70%, Best Valid: 85.77%, Best Test: 85.25%
Epoch: 300, Loss: 0.0368, Train: 99.99%, Valid: 86.23%, Test: 86.23%, Best Valid: 86.50%, Best Test: 86.16%
Epoch: 400, Loss: 0.0321, Train: 99.97%, Valid: 85.97%, Test: 86.43%, Best Valid: 86.95%, Best Test: 87.01%
Epoch: 500, Loss: 0.0329, Train: 99.97%, Valid: 86.67%, Test: 87.12%, Best Valid: 87.20%, Best Test: 86.90%
Epoch: 600, Loss: 0.0251, Train: 100.00%, Valid: 87.26%, Test: 87.47%, Best Valid: 87.57%, Best Test: 86.94%
Epoch: 700, Loss: 0.0197, Train: 99.99%, Valid: 86.50%, Test: 87.06%, Best Valid: 87.77%, Best Test: 87.58%
Epoch: 800, Loss: 0.0221, Train: 99.96%, Valid: 87.22%, Test: 86.99%, Best Valid: 87.77%, Best Test: 87.58%
Epoch: 900, Loss: 0.0183, Train: 100.00%, Valid: 87.18%, Test: 87.45%, Best Valid: 88.05%, Best Test: 87.22%
Run 05:
Highest Train: 100.00
Highest Valid: 88.05
Highest Test: 88.02
Chosen epoch: 820
Final Train: 99.98
Final Test: 87.22
All runs:
Highest Train: 100.00 ± 0.00
Highest Test: 88.60 ± 0.54
Highest Valid: 88.61 ± 0.65
  Final Train: 99.98 ± 0.01
   Final Test: 87.87 ± 0.46
Saving results to results/gnn_gnn/roman-empire/MPNN_gat.csv

GNN-GNN sweep completed!
==========================================================
Task 0 completed at: Tue Apr 28 07:36:36 PM EDT 2026
==========================================================
